06-10-17 at 11:35:58:357 Инициализация считана из файла
06-10-17 at 11:35:58:359 Чек загружен
06-10-17 at 11:35:58:359 total calculated
06-10-17 at 11:35:58:360 now show on display
06-10-17 at 11:35:58:360                     Всего:          0.00
06-10-17 at 11:35:58:360 now open port for display
06-10-17 at 11:35:58:361 Com port opened
06-10-17 at 11:35:58:361 now clear port error ...
06-10-17 at 11:35:58:361 now write to port ...
06-10-17 at 11:35:58:495 ... done
06-10-17 at 11:35:58:495 Чек сжат
06-10-17 at 11:35:58:495 Сумма чека посчитана
06-10-17 at 11:35:58:496 Кардридер создан
06-10-17 at 11:35:58:496 Задание запуска модулей создано
06-10-17 at 11:35:58:496 Сканер создан
06-10-17 at 11:35:58:497 Регистратор создан
06-10-17 at 11:35:58:497 Часы созданы
06-10-17 at 11:35:58:497 Регистратор запущен
06-10-17 at 11:35:58:497 Сканер запущен
06-10-17 at 11:35:58:498 Часы запущены
06-10-17 at 11:35:58:498 Кардридер запущен
06-10-17 at 11:35:58:499 Передача данных запущена
06-10-17 at 11:35:58:499 Вход в FRInit
06-10-17 at 11:35:58:514 Send 05 
06-10-17 at 11:35:58:529 Recived 15 
06-10-17 at 11:35:58:529 Send 06 
06-10-17 at 11:35:58:544 Send 02 05 11 1E 00 00 00 0A 
06-10-17 at 11:35:58:559 Recived 06 02 30 11 00 1E 43 31 6C 9E 0E 07 11 01 0C 00 B0 02 04 00 00 4E 41 00 00 01 01 10 06 0A 11 0B 23 3A 00 2E 5D 00 00 54 00 00 00 00 00 D2 E9 1E 42 01 00 4D 
06-10-17 at 11:35:58:574 Send 06 
06-10-17 at 11:35:58:579 KKMStatus 
06-10-17 at 11:35:58:589 Send 05 
06-10-17 at 11:35:58:604 Recived 15 
06-10-17 at 11:35:58:604 Send 06 
06-10-17 at 11:35:58:619 Send 02 05 11 1E 00 00 00 0A 
06-10-17 at 11:35:58:634 Recived 06 02 30 11 00 1E 43 31 6C 9E 0E 07 11 01 0C 00 B0 02 04 00 00 4E 41 00 00 01 01 10 06 0A 11 0B 23 3A 00 2E 5D 00 00 54 00 00 00 00 00 D2 E9 1E 42 01 00 4D 
06-10-17 at 11:35:58:649 Send 06 
06-10-17 at 11:35:58:649 KKMStatus 0400
06-10-17 at 11:35:58:649 Номер ФР считан
06-10-17 at 11:35:58:785 СУБД подключена
06-10-17 at 11:35:58:800 Send 05 
06-10-17 at 11:35:58:815 Recived 15 
06-10-17 at 11:35:58:815 Send 06 
06-10-17 at 11:35:58:830 Send 02 0B 1E 1E 00 00 00 06 01 00 01 00 00 0D 
06-10-17 at 11:35:58:845 Recived 06 02 02 1E 00 1C 
06-10-17 at 11:35:58:860 Send 06 
06-10-17 at 11:35:58:875 Send 05 
06-10-17 at 11:35:58:890 Recived 15 
06-10-17 at 11:35:58:890 Send 06 
06-10-17 at 11:35:58:905 Send 02 10 1E 1E 00 00 00 06 01 00 02 C1 E5 E7 20 CD C4 D1 2E 
06-10-17 at 11:35:58:921 Recived 06 02 02 1E 00 1C 
06-10-17 at 11:35:58:936 Send 06 
06-10-17 at 11:35:58:951 Send 05 
06-10-17 at 11:35:58:966 Recived 15 
06-10-17 at 11:35:58:966 Send 06 
06-10-17 at 11:35:58:981 Send 02 0B 1E 1E 00 00 00 06 02 00 01 E8 03 E5 
06-10-17 at 11:35:58:996 Recived 06 02 02 1E 00 1C 
06-10-17 at 11:35:59:011 Send 06 
06-10-17 at 11:35:59:026 Send 05 
06-10-17 at 11:35:59:041 Recived 15 
06-10-17 at 11:35:59:041 Send 06 
06-10-17 at 11:35:59:056 Send 02 10 1E 1E 00 00 00 06 02 00 02 CD C4 D1 20 31 30 25 CA 
06-10-17 at 11:35:59:072 Recived 06 02 02 1E 00 1C 
06-10-17 at 11:35:59:087 Send 06 
06-10-17 at 11:35:59:102 Send 05 
06-10-17 at 11:35:59:117 Recived 15 
06-10-17 at 11:35:59:117 Send 06 
06-10-17 at 11:35:59:132 Send 02 0B 1E 1E 00 00 00 06 03 00 01 08 07 00 
06-10-17 at 11:35:59:147 Recived 06 02 02 1E 00 1C 
06-10-17 at 11:35:59:162 Send 06 
06-10-17 at 11:35:59:177 Send 05 
06-10-17 at 11:35:59:192 Recived 15 
06-10-17 at 11:35:59:192 Send 06 
06-10-17 at 11:35:59:207 Send 02 10 1E 1E 00 00 00 06 03 00 02 CD C4 D1 20 31 38 25 C3 
06-10-17 at 11:35:59:223 Recived 06 02 02 1E 00 1C 
06-10-17 at 11:35:59:238 Send 06 
06-10-17 at 11:35:59:253 Send 05 
06-10-17 at 11:35:59:268 Recived 15 
06-10-17 at 11:35:59:268 Send 06 
06-10-17 at 11:35:59:283 Send 02 0A 1E 1E 00 00 00 01 01 00 01 01 0A 
06-10-17 at 11:35:59:298 Recived 06 02 02 1E 00 1C 
06-10-17 at 11:35:59:313 Send 06 
06-10-17 at 11:35:59:328 Send 05 
06-10-17 at 11:35:59:343 Recived 15 
06-10-17 at 11:35:59:343 Send 06 
06-10-17 at 11:35:59:358 Send 02 0A 1E 1E 00 00 00 01 01 00 05 02 0D 
06-10-17 at 11:35:59:373 Recived 06 02 02 1E 00 1C 
06-10-17 at 11:35:59:388 Send 06 
06-10-17 at 11:35:59:403 Send 05 
06-10-17 at 11:35:59:418 Recived 15 
06-10-17 at 11:35:59:418 Send 06 
06-10-17 at 11:35:59:433 Send 02 0A 1E 1E 00 00 00 01 01 00 23 01 28 
06-10-17 at 11:35:59:448 Recived 06 02 02 1E 00 1C 
06-10-17 at 11:35:59:463 Send 06 
06-10-17 at 11:35:59:478 Send 05 
06-10-17 at 11:35:59:493 Recived 15 
06-10-17 at 11:35:59:493 Send 06 
06-10-17 at 11:35:59:508 Send 02 0A 1E 1E 00 00 00 01 01 00 06 00 0C 
06-10-17 at 11:35:59:523 Recived 06 02 02 1E 00 1C 
06-10-17 at 11:35:59:538 Send 06 
06-10-17 at 11:35:59:553 Send 05 
06-10-17 at 11:35:59:568 Recived 15 
06-10-17 at 11:35:59:568 Send 06 
06-10-17 at 11:35:59:583 Send 02 0A 1E 1E 00 00 00 01 01 00 07 01 0C 
06-10-17 at 11:35:59:598 Recived 06 02 02 1E 00 1C 
06-10-17 at 11:35:59:613 Send 06 
06-10-17 at 11:35:59:628 Send 05 
06-10-17 at 11:35:59:643 Recived 15 
06-10-17 at 11:35:59:643 Send 06 
06-10-17 at 11:35:59:658 Send 02 0A 1E 1E 00 00 00 01 01 00 14 01 1F 
06-10-17 at 11:35:59:673 Recived 06 02 02 1E 00 1C 
06-10-17 at 11:35:59:688 Send 06 
06-10-17 at 11:35:59:703 Send 05 
06-10-17 at 11:35:59:718 Recived 15 
06-10-17 at 11:35:59:718 Send 06 
06-10-17 at 11:35:59:733 Send 02 0A 1E 1E 00 00 00 01 01 00 15 01 1E 
06-10-17 at 11:35:59:748 Recived 06 02 02 1E 00 1C 
06-10-17 at 11:35:59:763 Send 06 
06-10-17 at 11:35:59:778 Send 05 
06-10-17 at 11:35:59:793 Recived 15 
06-10-17 at 11:35:59:793 Send 06 
06-10-17 at 11:35:59:808 Send 02 0A 1E 1E 00 00 00 01 01 00 0F 00 05 
06-10-17 at 11:35:59:823 Recived 06 02 02 1E 00 1C 
06-10-17 at 11:35:59:838 Send 06 
06-10-17 at 11:35:59:853 Send 05 
06-10-17 at 11:35:59:868 Recived 15 
06-10-17 at 11:35:59:868 Send 06 
06-10-17 at 11:35:59:883 Send 02 0A 1E 1E 00 00 00 01 01 00 11 00 1B 
06-10-17 at 11:35:59:898 Recived 06 02 02 1E 00 1C 
06-10-17 at 11:35:59:913 Send 06 
06-10-17 at 11:35:59:928 Send 05 
06-10-17 at 11:35:59:943 Recived 15 
06-10-17 at 11:35:59:943 Send 06 
06-10-17 at 11:35:59:958 Send 02 0A 1E 1E 00 00 00 11 01 00 03 02 1B 
06-10-17 at 11:35:59:973 Recived 06 02 02 1E 00 1C 
06-10-17 at 11:35:59:988 Send 06 
06-10-17 at 11:36:00:003 Send 05 
06-10-17 at 11:36:00:018 Recived 15 
06-10-17 at 11:36:00:018 Send 06 
06-10-17 at 11:36:00:033 Send 02 0A 1E 1E 00 00 00 01 01 00 29 01 22 
06-10-17 at 11:36:00:048 Recived 06 02 02 1E 00 1C 
06-10-17 at 11:36:00:063 Send 06 
06-10-17 at 11:36:00:078 Send 05 
06-10-17 at 11:36:00:093 Recived 15 
06-10-17 at 11:36:00:093 Send 06 
06-10-17 at 11:36:00:108 Send 02 26 1E 1E 00 00 00 04 0C 00 01 20 20 20 20 20 20 20 20 20 20 20 C4 CE C1 D0 CE 20 CF CE C6 C0 CB CE C2 C0 D2 DC 21 00 D5 
06-10-17 at 11:36:00:126 Recived 06 02 02 1E 00 1C 
06-10-17 at 11:36:00:141 Send 06 
06-10-17 at 11:36:00:156 Send 05 
06-10-17 at 11:36:00:171 Recived 15 
06-10-17 at 11:36:00:171 Send 06 
06-10-17 at 11:36:00:186 Send 02 29 1E 1E 00 00 00 04 0D 00 01 20 20 20 20 20 20 20 20 CE CE CE 20 CA EE EC EF E0 ED E8 FF 20 27 CA CE CB CE D0 CB CE CD 27 00 CB 
06-10-17 at 11:36:00:204 Recived 06 02 02 1E 00 1C 
06-10-17 at 11:36:00:219 Send 06 
06-10-17 at 11:36:00:234 Send 05 
06-10-17 at 11:36:00:249 Recived 15 
06-10-17 at 11:36:00:249 Send 06 
06-10-17 at 11:36:00:264 Send 02 2D 1E 1E 00 00 00 04 0E 00 01 20 20 20 20 20 CC E0 E3 E0 E7 E8 ED 20 27 C2 F1 E5 20 F2 EE E2 E0 F0 FB 20 E4 EB FF 20 E4 EE EC E0 27 20 00 DE 
06-10-17 at 11:36:00:282 Recived 06 02 02 1E 00 1C 
06-10-17 at 11:36:00:297 Send 06 
06-10-17 at 11:36:00:384 now clear port error ...
06-10-17 at 11:36:00:384 now write to port ...
06-10-17 at 11:36:00:518 ... done
06-10-17 at 11:36:00:553 Send 05 
06-10-17 at 11:36:00:568 Recived 15 
06-10-17 at 11:36:00:568 Send 06 
06-10-17 at 11:36:00:583 Send 02 06 1A 1E 00 00 00 79 7B 
06-10-17 at 11:36:00:598 Recived 06 02 09 1A 00 1E 00 00 00 00 00 00 0D 
06-10-17 at 11:36:00:613 Send 06 
06-10-17 at 11:36:02:763 Cardreader  Антонов Сергей 
06-10-17 at 11:36:02:775 Send 05 
06-10-17 at 11:36:02:791 Recived 15 
06-10-17 at 11:36:02:791 Send 06 
06-10-17 at 11:36:02:806 Send 02 20 1E 1E 00 00 00 02 1E 00 02 CA E0 F1 F1 E8 F0 20 C0 ED F2 EE ED EE E2 20 D1 E5 F0 E3 E5 E9 20 00 D7 
06-10-17 at 11:36:02:824 Recived 06 02 02 1E 00 1C 
06-10-17 at 11:36:02:839 Send 06 
06-10-17 at 11:36:02:843 now clear port error ...
06-10-17 at 11:36:02:843 now write to port ...
06-10-17 at 11:36:02:977 ... done
06-10-17 at 11:36:03:769 Send 05 
06-10-17 at 11:36:03:784 Recived 15 
06-10-17 at 11:36:03:784 Send 06 
06-10-17 at 11:36:03:799 Send 02 06 FF 39 1E 00 00 00 DE 
06-10-17 at 11:36:03:814 Recived 06 02 10 FF 39 00 00 00 00 00 00 00 00 00 00 00 00 00 00 D6 
06-10-17 at 11:36:03:829 Send 06 
06-10-17 at 11:36:06:945 total calculated
06-10-17 at 11:36:06:945 now show on display
06-10-17 at 11:36:06:945                     Всего:          0.00
06-10-17 at 11:36:06:945 now clear port error ...
06-10-17 at 11:36:06:946 now write to port ...
06-10-17 at 11:36:07:079 ... done
06-10-17 at 11:36:07:080 total calculated
06-10-17 at 11:36:07:080 now show on display
06-10-17 at 11:36:07:080                     Всего:          0.00
06-10-17 at 11:36:07:080 now clear port error ...
06-10-17 at 11:36:07:081 now write to port ...
06-10-17 at 11:36:07:251 ... done
06-10-17 at 11:36:07:253 111
