01-12-17 at 09:26:29:210 Запуск программы. Инициализация считана из файла
01-12-17 at 09:26:29:210 Чек загружен.
01-12-17 at 09:26:29:211 Платежи по картам восстановлены
01-12-17 at 09:26:29:212 total calculated
01-12-17 at 09:26:29:212 now show on display
01-12-17 at 09:26:29:212                     Всего:        385.00
01-12-17 at 09:26:29:212 now open port for display
01-12-17 at 09:26:29:213 Com port opened
01-12-17 at 09:26:29:213 now clear port error ...
01-12-17 at 09:26:29:213 now write to port ...
01-12-17 at 09:26:29:347 ... done
01-12-17 at 09:26:29:347 Чек сжат
01-12-17 at 09:26:29:347 Сумма чека посчитана
01-12-17 at 09:26:29:348 Кардридер создан
01-12-17 at 09:26:29:349 Задание запуска модулей создано
01-12-17 at 09:26:29:349 Сканер создан
01-12-17 at 09:26:29:349 Регистратор создан
01-12-17 at 09:26:29:350 Часы созданы
01-12-17 at 09:26:29:350 Регистратор запущен
01-12-17 at 09:26:29:351 Сканер запущен
01-12-17 at 09:26:29:351 Часы запущены
01-12-17 at 09:26:29:351 Кардридер запущен
01-12-17 at 09:26:29:351 Передача данных запущена
01-12-17 at 09:26:29:352 Вход в FRInit
01-12-17 at 09:26:29:353 Вход в GetStatus
01-12-17 at 09:26:29:370 Send 05 
01-12-17 at 09:26:29:385 Recived 15 
01-12-17 at 09:26:29:385 Send 06 
01-12-17 at 09:26:29:400 Send 02 05 11 1E 00 00 00 0A 
01-12-17 at 09:26:29:415 Recived 06 02 30 11 00 1E 43 31 6C 9E 0E 07 11 01 01 00 B2 02 04 00 00 4E 41 00 00 01 01 10 01 0C 11 09 1A 1D 00 2E 5D 00 00 00 00 00 00 00 00 EF 95 10 42 01 00 44 
01-12-17 at 09:26:29:431 Send 06 
01-12-17 at 09:26:29:441 KKMStatus 0000
01-12-17 at 09:26:29:446 Send 05 
01-12-17 at 09:26:29:461 Recived 15 
01-12-17 at 09:26:29:461 Send 06 
01-12-17 at 09:26:29:476 Send 02 05 11 1E 00 00 00 0A 
01-12-17 at 09:26:29:491 Recived 06 02 30 11 00 1E 43 31 6C 9E 0E 07 11 01 01 00 B2 02 04 00 00 4E 41 00 00 01 01 10 01 0C 11 09 1A 1D 00 2E 5D 00 00 00 00 00 00 00 00 EF 95 10 42 01 00 44 
01-12-17 at 09:26:29:506 Send 06 
01-12-17 at 09:26:29:516 KKMStatus 0400
01-12-17 at 09:26:29:516 Номер ФР считан
01-12-17 at 09:26:29:683 СУБД подключена
01-12-17 at 09:26:29:704 Send 05 
01-12-17 at 09:26:29:719 Recived 15 
01-12-17 at 09:26:29:719 Send 06 
01-12-17 at 09:26:29:734 Send 02 0B 1E 1E 00 00 00 06 03 00 01 00 00 0F 
01-12-17 at 09:26:29:749 Recived 06 02 02 1E 00 1C 
01-12-17 at 09:26:29:764 Send 06 
01-12-17 at 09:26:29:779 Send 05 
01-12-17 at 09:26:29:794 Recived 15 
01-12-17 at 09:26:29:794 Send 06 
01-12-17 at 09:26:29:809 Send 02 10 1E 1E 00 00 00 06 03 00 02 CD C4 D1 20 30 25 00 FA 
01-12-17 at 09:26:29:825 Recived 06 02 02 1E 00 1C 
01-12-17 at 09:26:29:841 Send 06 
01-12-17 at 09:26:29:856 Send 05 
01-12-17 at 09:26:29:871 Recived 15 
01-12-17 at 09:26:29:871 Send 06 
01-12-17 at 09:26:29:886 Send 02 0B 1E 1E 00 00 00 06 02 00 01 E8 03 E5 
01-12-17 at 09:26:29:901 Recived 06 02 02 1E 00 1C 
01-12-17 at 09:26:29:916 Send 06 
01-12-17 at 09:26:29:931 Send 05 
01-12-17 at 09:26:29:946 Recived 15 
01-12-17 at 09:26:29:946 Send 06 
01-12-17 at 09:26:29:961 Send 02 10 1E 1E 00 00 00 06 02 00 02 CD C4 D1 20 31 30 25 CA 
01-12-17 at 09:26:29:977 Recived 06 02 02 1E 00 1C 
01-12-17 at 09:26:29:992 Send 06 
01-12-17 at 09:26:30:007 Send 05 
01-12-17 at 09:26:30:022 Recived 15 
01-12-17 at 09:26:30:022 Send 06 
01-12-17 at 09:26:30:037 Send 02 0B 1E 1E 00 00 00 06 01 00 01 08 07 02 
01-12-17 at 09:26:30:052 Recived 06 02 02 1E 00 1C 
01-12-17 at 09:26:30:067 Send 06 
01-12-17 at 09:26:30:082 Send 05 
01-12-17 at 09:26:30:097 Recived 15 
01-12-17 at 09:26:30:097 Send 06 
01-12-17 at 09:26:30:112 Send 02 10 1E 1E 00 00 00 06 01 00 02 CD C4 D1 20 31 38 25 C1 
01-12-17 at 09:26:30:128 Recived 06 02 02 1E 00 1C 
01-12-17 at 09:26:30:143 Send 06 
01-12-17 at 09:26:30:158 Send 05 
01-12-17 at 09:26:30:173 Recived 15 
01-12-17 at 09:26:30:173 Send 06 
01-12-17 at 09:26:30:188 Send 02 0A 1E 1E 00 00 00 01 01 00 01 01 0A 
01-12-17 at 09:26:30:203 Recived 06 02 02 1E 00 1C 
01-12-17 at 09:26:30:218 Send 06 
01-12-17 at 09:26:30:233 Send 05 
01-12-17 at 09:26:30:248 Recived 15 
01-12-17 at 09:26:30:248 Send 06 
01-12-17 at 09:26:30:264 Send 02 0A 1E 1E 00 00 00 01 01 00 05 02 0D 
01-12-17 at 09:26:30:279 Recived 06 02 02 1E 00 1C 
01-12-17 at 09:26:30:294 Send 06 
01-12-17 at 09:26:30:309 Send 05 
01-12-17 at 09:26:30:324 Recived 15 
01-12-17 at 09:26:30:324 Send 06 
01-12-17 at 09:26:30:339 Send 02 0A 1E 1E 00 00 00 01 01 00 23 01 28 
01-12-17 at 09:26:30:354 Recived 06 02 02 1E 00 1C 
01-12-17 at 09:26:30:369 Send 06 
01-12-17 at 09:26:30:384 Send 05 
01-12-17 at 09:26:30:399 Recived 15 
01-12-17 at 09:26:30:399 Send 06 
01-12-17 at 09:26:30:414 Send 02 0A 1E 1E 00 00 00 01 01 00 06 00 0C 
01-12-17 at 09:26:30:429 Recived 06 02 02 1E 00 1C 
01-12-17 at 09:26:30:444 Send 06 
01-12-17 at 09:26:30:459 Send 05 
01-12-17 at 09:26:30:474 Recived 15 
01-12-17 at 09:26:30:474 Send 06 
01-12-17 at 09:26:30:489 Send 02 0A 1E 1E 00 00 00 01 01 00 07 01 0C 
01-12-17 at 09:26:30:504 Recived 06 02 02 1E 00 1C 
01-12-17 at 09:26:30:519 Send 06 
01-12-17 at 09:26:30:534 Send 05 
01-12-17 at 09:26:30:549 Recived 15 
01-12-17 at 09:26:30:549 Send 06 
01-12-17 at 09:26:30:564 Send 02 0A 1E 1E 00 00 00 01 01 00 14 01 1F 
01-12-17 at 09:26:30:579 Recived 06 02 02 1E 00 1C 
01-12-17 at 09:26:30:594 Send 06 
01-12-17 at 09:26:30:609 Send 05 
01-12-17 at 09:26:30:624 Recived 15 
01-12-17 at 09:26:30:624 Send 06 
01-12-17 at 09:26:30:639 Send 02 0A 1E 1E 00 00 00 01 01 00 15 01 1E 
01-12-17 at 09:26:30:654 Recived 06 02 02 1E 00 1C 
01-12-17 at 09:26:30:669 Send 06 
01-12-17 at 09:26:30:685 Send 05 
01-12-17 at 09:26:30:700 Recived 15 
01-12-17 at 09:26:30:700 Send 06 
01-12-17 at 09:26:30:715 Send 02 0A 1E 1E 00 00 00 01 01 00 0F 00 05 
01-12-17 at 09:26:30:730 Recived 06 02 02 1E 00 1C 
01-12-17 at 09:26:30:745 Send 06 
01-12-17 at 09:26:30:760 Send 05 
01-12-17 at 09:26:30:775 Recived 15 
01-12-17 at 09:26:30:775 Send 06 
01-12-17 at 09:26:30:790 Send 02 0A 1E 1E 00 00 00 01 01 00 11 00 1B 
01-12-17 at 09:26:30:805 Recived 06 02 02 1E 00 1C 
01-12-17 at 09:26:30:820 Send 06 
01-12-17 at 09:26:30:835 Send 05 
01-12-17 at 09:26:30:850 Recived 15 
01-12-17 at 09:26:30:850 Send 06 
01-12-17 at 09:26:30:865 Send 02 0A 1E 1E 00 00 00 11 01 00 03 02 1B 
01-12-17 at 09:26:30:880 Recived 06 02 02 1E 00 1C 
01-12-17 at 09:26:30:895 Send 06 
01-12-17 at 09:26:30:910 Send 05 
01-12-17 at 09:26:30:925 Recived 15 
01-12-17 at 09:26:30:925 Send 06 
01-12-17 at 09:26:30:940 Send 02 0A 1E 1E 00 00 00 01 01 00 29 01 22 
01-12-17 at 09:26:30:955 Recived 06 02 02 1E 00 1C 
01-12-17 at 09:26:30:970 Send 06 
01-12-17 at 09:26:30:985 Send 05 
01-12-17 at 09:26:31:000 Recived 15 
01-12-17 at 09:26:31:000 Send 06 
01-12-17 at 09:26:31:015 Send 02 26 1E 1E 00 00 00 04 0C 00 01 20 20 20 20 20 20 20 20 20 20 20 C4 CE C1 D0 CE 20 CF CE C6 C0 CB CE C2 C0 D2 DC 21 00 D5 
01-12-17 at 09:26:31:033 Recived 06 02 02 1E 00 1C 
01-12-17 at 09:26:31:048 Send 06 
01-12-17 at 09:26:31:063 Send 05 
01-12-17 at 09:26:31:078 Recived 15 
01-12-17 at 09:26:31:078 Send 06 
01-12-17 at 09:26:31:094 Send 02 29 1E 1E 00 00 00 04 0D 00 01 20 20 20 20 20 20 20 20 CE CE CE 20 CA EE EC EF E0 ED E8 FF 20 27 CA CE CB CE D0 CB CE CD 27 00 CB 
01-12-17 at 09:26:31:112 Recived 06 02 02 1E 00 1C 
01-12-17 at 09:26:31:127 Send 06 
01-12-17 at 09:26:31:142 Send 05 
01-12-17 at 09:26:31:157 Recived 15 
01-12-17 at 09:26:31:157 Send 06 
01-12-17 at 09:26:31:172 Send 02 2D 1E 1E 00 00 00 04 0E 00 01 20 20 20 20 20 CC E0 E3 E0 E7 E8 ED 20 27 C2 F1 E5 20 F2 EE E2 E0 F0 FB 20 E4 EB FF 20 E4 EE EC E0 27 20 00 DE 
01-12-17 at 09:26:31:190 Recived 06 02 02 1E 00 1C 
01-12-17 at 09:26:31:205 Send 06 
01-12-17 at 09:26:31:334 now clear port error ...
01-12-17 at 09:26:31:334 now write to port ...
01-12-17 at 09:26:31:468 ... done
01-12-17 at 09:26:31:505 Send 05 
01-12-17 at 09:26:31:521 Recived 15 
01-12-17 at 09:26:31:521 Send 06 
01-12-17 at 09:26:31:536 Send 02 06 1A 1E 00 00 00 79 7B 
01-12-17 at 09:26:31:551 Recived 06 02 09 1A 00 1E 00 00 00 00 00 00 0D 
01-12-17 at 09:26:31:566 Send 06 
01-12-17 at 09:26:33:820 Cardreader  Антонов Сергей 
01-12-17 at 09:26:33:826 Send 05 
01-12-17 at 09:26:33:842 Recived 15 
01-12-17 at 09:26:33:843 Send 06 
01-12-17 at 09:26:33:858 Send 02 20 1E 1E 00 00 00 02 1E 00 02 CA E0 F1 F1 E8 F0 20 C0 ED F2 EE ED EE E2 20 D1 E5 F0 E3 E5 E9 20 00 D7 
01-12-17 at 09:26:33:876 Recived 06 02 02 1E 00 1C 
01-12-17 at 09:26:33:891 Send 06 
01-12-17 at 09:26:33:895 now clear port error ...
01-12-17 at 09:26:33:895 now write to port ...
01-12-17 at 09:26:34:029 ... done
01-12-17 at 09:26:34:823 Send 05 
01-12-17 at 09:26:34:838 Recived 15 
01-12-17 at 09:26:34:838 Send 06 
01-12-17 at 09:26:34:854 Send 02 06 FF 39 1E 00 00 00 DE 
01-12-17 at 09:26:34:869 Recived 06 02 10 FF 39 00 00 00 00 00 00 00 00 00 00 00 00 00 00 D6 
01-12-17 at 09:26:34:884 Send 06 
01-12-17 at 09:26:49:438 Send 05 
01-12-17 at 09:26:49:455 Recived 15 
01-12-17 at 09:26:49:455 Send 06 
01-12-17 at 09:26:49:471 Send 02 08 21 1E 00 00 00 09 1A 31 15 
01-12-17 at 09:26:49:486 Recived 06 02 02 21 00 23 
01-12-17 at 09:26:49:501 Send 06 
01-12-17 at 09:26:49:502 Вход в GetStatus
01-12-17 at 09:26:49:516 Send 05 
01-12-17 at 09:26:49:531 Recived 15 
01-12-17 at 09:26:49:531 Send 06 
01-12-17 at 09:26:49:546 Send 02 05 11 1E 00 00 00 0A 
01-12-17 at 09:26:49:561 Recived 06 02 30 11 00 1E 43 31 6C 9E 0E 07 11 01 01 00 B2 02 04 00 00 4E 41 00 00 01 01 10 01 0C 11 09 1A 31 00 2E 5D 00 00 00 00 00 00 00 00 EF 95 10 42 01 00 68 
01-12-17 at 09:26:49:576 Send 06 
01-12-17 at 09:26:49:577 KKMStatus 0000
01-12-17 at 09:26:49:591 Send 05 
01-12-17 at 09:26:49:606 Recived 15 
01-12-17 at 09:26:49:606 Send 06 
01-12-17 at 09:26:49:621 Send 02 05 E0 1E 00 00 00 FB 
01-12-17 at 09:26:49:636 Recived 06 
01-12-17 at 09:26:51:049 Recived 02 03 E0 00 1E FD 
01-12-17 at 09:26:51:064 Send 06 
01-12-17 at 09:27:59:129 total calculated
01-12-17 at 09:27:59:129 now show on display
01-12-17 at 09:27:59:129                     Всего:        385.00
01-12-17 at 09:27:59:129 now clear port error ...
01-12-17 at 09:27:59:129 now write to port ...
01-12-17 at 09:27:59:264 ... done
01-12-17 at 09:27:59:266 111
01-12-17 at 09:27:59:267 Выход из программы
