25-10-17 at 09:21:48:917 Запуск программы. Инициализация считана из файла
25-10-17 at 09:21:48:918 Чек загружен.
25-10-17 at 09:21:48:919 Платежи по картам восстановлены
25-10-17 at 09:21:48:920 total calculated
25-10-17 at 09:21:48:920 now show on display
25-10-17 at 09:21:48:920                     Всего:         55.00
25-10-17 at 09:21:48:920 now open port for display
25-10-17 at 09:21:48:921 Com port opened
25-10-17 at 09:21:48:922 now clear port error ...
25-10-17 at 09:21:48:922 now write to port ...
25-10-17 at 09:21:49:056 ... done
25-10-17 at 09:21:49:056 Чек сжат
25-10-17 at 09:21:49:056 Сумма чека посчитана
25-10-17 at 09:21:49:057 Кардридер создан
25-10-17 at 09:21:49:058 Задание запуска модулей создано
25-10-17 at 09:21:49:058 Сканер создан
25-10-17 at 09:21:49:058 Регистратор создан
25-10-17 at 09:21:49:058 Часы созданы
25-10-17 at 09:21:49:059 Регистратор запущен
25-10-17 at 09:21:49:060 Сканер запущен
25-10-17 at 09:21:49:060 Часы запущены
25-10-17 at 09:21:49:060 Кардридер запущен
25-10-17 at 09:21:49:061 Передача данных запущена
25-10-17 at 09:21:49:061 Вход в FRInit
25-10-17 at 09:21:49:075 Send 05 
25-10-17 at 09:21:49:090 Recived 15 
25-10-17 at 09:21:49:090 Send 06 
25-10-17 at 09:21:49:105 Send 02 05 11 1E 00 00 00 0A 
25-10-17 at 09:21:49:120 Recived 06 02 30 11 00 1E 43 31 6C 9E 0E 07 11 01 1C 00 B0 02 03 00 00 4E 41 00 00 01 01 10 19 0A 11 09 15 2E 00 2E 5D 00 00 57 00 00 00 00 00 D2 E9 1E 42 01 00 66 
25-10-17 at 09:21:49:135 Send 06 
25-10-17 at 09:21:49:141 KKMStatus 
25-10-17 at 09:21:49:150 Send 05 
25-10-17 at 09:21:49:165 Recived 15 
25-10-17 at 09:21:49:165 Send 06 
25-10-17 at 09:21:49:180 Send 02 05 11 1E 00 00 00 0A 
25-10-17 at 09:21:49:195 Recived 06 02 30 11 00 1E 43 31 6C 9E 0E 07 11 01 1C 00 B0 02 03 00 00 4E 41 00 00 01 01 10 19 0A 11 09 15 2E 00 2E 5D 00 00 57 00 00 00 00 00 D2 E9 1E 42 01 00 66 
25-10-17 at 09:21:49:210 Send 06 
25-10-17 at 09:21:49:211 KKMStatus 0300
25-10-17 at 09:21:49:211 Номер ФР считан
25-10-17 at 09:21:49:352 СУБД подключена
25-10-17 at 09:21:49:365 Send 05 
25-10-17 at 09:21:49:380 Recived 15 
25-10-17 at 09:21:49:380 Send 06 
25-10-17 at 09:21:49:395 Send 02 0A 1E 1E 00 00 00 01 01 00 01 01 0A 
25-10-17 at 09:21:49:410 Recived 06 02 02 1E 00 1C 
25-10-17 at 09:21:49:425 Send 06 
25-10-17 at 09:21:49:440 Send 05 
25-10-17 at 09:21:49:455 Recived 15 
25-10-17 at 09:21:49:455 Send 06 
25-10-17 at 09:21:49:470 Send 02 0A 1E 1E 00 00 00 01 01 00 05 02 0D 
25-10-17 at 09:21:49:485 Recived 06 02 02 1E 00 1C 
25-10-17 at 09:21:49:500 Send 06 
25-10-17 at 09:21:49:515 Send 05 
25-10-17 at 09:21:49:530 Recived 15 
25-10-17 at 09:21:49:530 Send 06 
25-10-17 at 09:21:49:545 Send 02 0A 1E 1E 00 00 00 01 01 00 23 01 28 
25-10-17 at 09:21:49:560 Recived 06 02 02 1E 00 1C 
25-10-17 at 09:21:49:575 Send 06 
25-10-17 at 09:21:49:590 Send 05 
25-10-17 at 09:21:49:605 Recived 15 
25-10-17 at 09:21:49:605 Send 06 
25-10-17 at 09:21:49:620 Send 02 0A 1E 1E 00 00 00 01 01 00 06 00 0C 
25-10-17 at 09:21:49:635 Recived 06 02 02 1E 00 1C 
25-10-17 at 09:21:49:650 Send 06 
25-10-17 at 09:21:49:665 Send 05 
25-10-17 at 09:21:49:680 Recived 15 
25-10-17 at 09:21:49:680 Send 06 
25-10-17 at 09:21:49:695 Send 02 0A 1E 1E 00 00 00 01 01 00 07 01 0C 
25-10-17 at 09:21:49:710 Recived 06 02 02 1E 00 1C 
25-10-17 at 09:21:49:725 Send 06 
25-10-17 at 09:21:49:740 Send 05 
25-10-17 at 09:21:49:755 Recived 15 
25-10-17 at 09:21:49:755 Send 06 
25-10-17 at 09:21:49:770 Send 02 0A 1E 1E 00 00 00 01 01 00 14 01 1F 
25-10-17 at 09:21:49:785 Recived 06 02 02 1E 00 1C 
25-10-17 at 09:21:49:800 Send 06 
25-10-17 at 09:21:49:815 Send 05 
25-10-17 at 09:21:49:830 Recived 15 
25-10-17 at 09:21:49:830 Send 06 
25-10-17 at 09:21:49:845 Send 02 0A 1E 1E 00 00 00 01 01 00 15 01 1E 
25-10-17 at 09:21:49:860 Recived 06 02 02 1E 00 1C 
25-10-17 at 09:21:49:875 Send 06 
25-10-17 at 09:21:49:890 Send 05 
25-10-17 at 09:21:49:905 Recived 15 
25-10-17 at 09:21:49:905 Send 06 
25-10-17 at 09:21:49:920 Send 02 0A 1E 1E 00 00 00 01 01 00 0F 00 05 
25-10-17 at 09:21:49:935 Recived 06 02 02 1E 00 1C 
25-10-17 at 09:21:49:950 Send 06 
25-10-17 at 09:21:49:965 Send 05 
25-10-17 at 09:21:49:980 Recived 15 
25-10-17 at 09:21:49:980 Send 06 
25-10-17 at 09:21:49:995 Send 02 0A 1E 1E 00 00 00 01 01 00 11 00 1B 
25-10-17 at 09:21:50:010 Recived 06 02 02 1E 00 1C 
25-10-17 at 09:21:50:025 Send 06 
25-10-17 at 09:21:50:040 Send 05 
25-10-17 at 09:21:50:055 Recived 15 
25-10-17 at 09:21:50:055 Send 06 
25-10-17 at 09:21:50:070 Send 02 0A 1E 1E 00 00 00 11 01 00 03 02 1B 
25-10-17 at 09:21:50:085 Recived 06 02 02 1E 00 1C 
25-10-17 at 09:21:50:100 Send 06 
25-10-17 at 09:21:50:115 Send 05 
25-10-17 at 09:21:50:130 Recived 15 
25-10-17 at 09:21:50:130 Send 06 
25-10-17 at 09:21:50:145 Send 02 0A 1E 1E 00 00 00 01 01 00 29 01 22 
25-10-17 at 09:21:50:160 Recived 06 02 02 1E 00 1C 
25-10-17 at 09:21:50:175 Send 06 
25-10-17 at 09:21:50:190 Send 05 
25-10-17 at 09:21:50:205 Recived 15 
25-10-17 at 09:21:50:205 Send 06 
25-10-17 at 09:21:50:220 Send 02 26 1E 1E 00 00 00 04 0C 00 01 20 20 20 20 20 20 20 20 20 20 20 C4 CE C1 D0 CE 20 CF CE C6 C0 CB CE C2 C0 D2 DC 21 00 D5 
25-10-17 at 09:21:50:238 Recived 06 02 02 1E 00 1C 
25-10-17 at 09:21:50:253 Send 06 
25-10-17 at 09:21:50:268 Send 05 
25-10-17 at 09:21:50:283 Recived 15 
25-10-17 at 09:21:50:283 Send 06 
25-10-17 at 09:21:50:298 Send 02 29 1E 1E 00 00 00 04 0D 00 01 20 20 20 20 20 20 20 20 CE CE CE 20 CA EE EC EF E0 ED E8 FF 20 27 CA CE CB CE D0 CB CE CD 27 00 CB 
25-10-17 at 09:21:50:316 Recived 06 02 02 1E 00 1C 
25-10-17 at 09:21:50:331 Send 06 
25-10-17 at 09:21:50:346 Send 05 
25-10-17 at 09:21:50:361 Recived 15 
25-10-17 at 09:21:50:361 Send 06 
25-10-17 at 09:21:50:376 Send 02 2D 1E 1E 00 00 00 04 0E 00 01 20 20 20 20 20 CC E0 E3 E0 E7 E8 ED 20 27 C2 F1 E5 20 F2 EE E2 E0 F0 FB 20 E4 EB FF 20 E4 EE EC E0 27 20 00 DE 
25-10-17 at 09:21:50:393 Recived 06 02 02 1E 00 1C 
25-10-17 at 09:21:50:408 Send 06 
25-10-17 at 09:21:50:417 now clear port error ...
25-10-17 at 09:21:50:418 now write to port ...
25-10-17 at 09:21:50:551 ... done
25-10-17 at 09:21:50:573 Send 05 
25-10-17 at 09:21:50:588 Recived 15 
25-10-17 at 09:21:50:588 Send 06 
25-10-17 at 09:21:50:603 Send 02 06 1A 1E 00 00 00 79 7B 
25-10-17 at 09:21:50:618 Recived 06 02 09 1A 00 1E 60 61 02 00 00 00 0E 
25-10-17 at 09:21:50:633 Send 06 
25-10-17 at 09:21:52:990 Cardreader  Антонов Сергей 
25-10-17 at 09:21:52:998 Send 05 
25-10-17 at 09:21:53:013 Recived 15 
25-10-17 at 09:21:53:015 Send 06 
25-10-17 at 09:21:53:030 Send 02 20 1E 1E 00 00 00 02 1E 00 02 CA E0 F1 F1 E8 F0 20 C0 ED F2 EE ED EE E2 20 D1 E5 F0 E3 E5 E9 20 00 D7 
25-10-17 at 09:21:53:048 Recived 06 02 02 1E 00 1C 
25-10-17 at 09:21:53:063 Send 06 
25-10-17 at 09:21:53:070 now clear port error ...
25-10-17 at 09:21:53:070 now write to port ...
25-10-17 at 09:21:53:204 ... done
25-10-17 at 09:21:53:993 Send 05 
25-10-17 at 09:21:54:008 Recived 15 
25-10-17 at 09:21:54:008 Send 06 
25-10-17 at 09:21:54:023 Send 02 06 FF 39 1E 00 00 00 DE 
25-10-17 at 09:21:54:038 Recived 06 02 10 FF 39 00 00 00 00 00 00 00 00 00 00 00 00 00 00 D6 
25-10-17 at 09:21:54:053 Send 06 
25-10-17 at 09:21:55:268 Send 05 
25-10-17 at 09:21:55:283 Recived 15 
25-10-17 at 09:21:55:283 Send 06 
25-10-17 at 09:21:55:298 Send 02 2E 17 1E 00 00 00 03 20 20 CF EE E4 E0 F0 EE F7 ED FB E5 20 EA E0 F0 F2 FB 20 ED E5 20 EF F0 EE E4 E0 E2 E0 EB E8 F1 FC 00 00 00 00 00 00 00 39 
25-10-17 at 09:21:55:317 Recived 06 02 03 17 00 1E 0A 
25-10-17 at 09:21:55:332 Send 06 
25-10-17 at 09:21:55:347 Send 05 
25-10-17 at 09:21:55:362 Recived 15 
25-10-17 at 09:21:55:362 Send 06 
25-10-17 at 09:21:55:377 Send 02 2E 17 1E 00 00 00 03 2D 2D 2D 2D 2D 2D 2D 2D 2D 2D 2D 2D 2D 2D 2D 2D 2D 2D 2D 2D 2D 2D 2D 2D 2D 2D 2D 2D 2D 2D 2D 2D 2D 2D 2D 2D 2D 2D 2D 2D 24 
25-10-17 at 09:21:55:396 Recived 06 02 03 17 00 1E 0A 
25-10-17 at 09:21:55:411 Send 06 
25-10-17 at 09:21:56:492 Send 05 
25-10-17 at 09:21:56:507 Recived 15 
25-10-17 at 09:21:56:507 Send 06 
25-10-17 at 09:21:56:522 Send 02 2E 17 1E 00 00 00 03 20 20 CF EE E4 E0 F0 EE F7 ED FB E5 20 EA E0 F0 F2 FB 20 ED E5 20 EF F0 EE E4 E0 E2 E0 EB E8 F1 FC 00 00 00 00 00 00 00 39 
25-10-17 at 09:21:56:541 Recived 06 02 03 17 00 1E 0A 
25-10-17 at 09:21:56:556 Send 06 
25-10-17 at 09:21:56:571 Send 05 
25-10-17 at 09:21:56:586 Recived 15 
25-10-17 at 09:21:56:586 Send 06 
25-10-17 at 09:21:56:601 Send 02 2E 17 1E 00 00 00 03 2D 2D 2D 2D 2D 2D 2D 2D 2D 2D 2D 2D 2D 2D 2D 2D 2D 2D 2D 2D 2D 2D 2D 2D 2D 2D 2D 2D 2D 2D 2D 2D 2D 2D 2D 2D 2D 2D 2D 2D 24 
25-10-17 at 09:21:56:620 Recived 06 02 03 17 00 1E 0A 
25-10-17 at 09:21:56:635 Send 06 
25-10-17 at 09:21:56:650 Send 05 
25-10-17 at 09:21:56:665 Recived 15 
25-10-17 at 09:21:56:665 Send 06 
25-10-17 at 09:21:56:680 Send 02 2E 17 1E 00 00 00 03 20 20 CF EE E4 E0 F0 EE F7 ED FB E5 20 EA E0 F0 F2 FB 20 ED E5 20 EF F0 EE E4 E0 E2 E0 EB E8 F1 FC 00 00 00 00 00 00 00 39 
25-10-17 at 09:21:56:699 Recived 06 02 03 17 00 1E 0A 
25-10-17 at 09:21:56:714 Send 06 
25-10-17 at 09:21:56:729 Send 05 
25-10-17 at 09:21:56:744 Recived 15 
25-10-17 at 09:21:56:744 Send 06 
25-10-17 at 09:21:56:759 Send 02 2E 17 1E 00 00 00 03 2D 2D 2D 2D 2D 2D 2D 2D 2D 2D 2D 2D 2D 2D 2D 2D 2D 2D 2D 2D 2D 2D 2D 2D 2D 2D 2D 2D 2D 2D 2D 2D 2D 2D 2D 2D 2D 2D 2D 2D 24 
25-10-17 at 09:21:56:778 Recived 06 02 03 17 00 1E 0A 
25-10-17 at 09:21:56:793 Send 06 
25-10-17 at 09:21:56:823 Send 05 
25-10-17 at 09:21:56:838 Recived 15 
25-10-17 at 09:21:56:838 Send 06 
25-10-17 at 09:21:56:853 Send 02 2E 17 1E 00 00 00 03 20 20 CF EE E4 E0 F0 EE F7 ED FB E5 20 EA E0 F0 F2 FB 20 ED E5 20 EF F0 EE E4 E0 E2 E0 EB E8 F1 FC 00 00 00 00 00 00 00 39 
25-10-17 at 09:21:56:872 Recived 06 02 03 17 00 1E 0A 
25-10-17 at 09:21:56:887 Send 06 
25-10-17 at 09:21:56:902 Send 05 
25-10-17 at 09:21:56:917 Recived 15 
25-10-17 at 09:21:56:917 Send 06 
25-10-17 at 09:21:56:932 Send 02 2E 17 1E 00 00 00 03 2D 2D 2D 2D 2D 2D 2D 2D 2D 2D 2D 2D 2D 2D 2D 2D 2D 2D 2D 2D 2D 2D 2D 2D 2D 2D 2D 2D 2D 2D 2D 2D 2D 2D 2D 2D 2D 2D 2D 2D 24 
25-10-17 at 09:21:56:951 Recived 06 02 03 17 00 1E 0A 
25-10-17 at 09:21:56:966 Send 06 
25-10-17 at 09:21:56:981 Send 05 
25-10-17 at 09:21:56:996 Recived 15 
25-10-17 at 09:21:56:996 Send 06 
25-10-17 at 09:21:57:011 Send 02 2E 17 1E 00 00 00 03 20 20 CF EE E4 E0 F0 EE F7 ED FB E5 20 EA E0 F0 F2 FB 20 ED E5 20 EF F0 EE E4 E0 E2 E0 EB E8 F1 FC 00 00 00 00 00 00 00 39 
25-10-17 at 09:21:57:030 Recived 06 02 03 17 00 1E 0A 
25-10-17 at 09:21:57:045 Send 06 
25-10-17 at 09:21:57:060 Send 05 
25-10-17 at 09:21:57:075 Recived 15 
25-10-17 at 09:21:57:075 Send 06 
25-10-17 at 09:21:57:090 Send 02 2E 17 1E 00 00 00 03 2D 2D 2D 2D 2D 2D 2D 2D 2D 2D 2D 2D 2D 2D 2D 2D 2D 2D 2D 2D 2D 2D 2D 2D 2D 2D 2D 2D 2D 2D 2D 2D 2D 2D 2D 2D 2D 2D 2D 2D 24 
25-10-17 at 09:21:57:109 Recived 06 02 03 17 00 1E 0A 
25-10-17 at 09:21:57:124 Send 06 
25-10-17 at 09:21:57:139 Send 05 
25-10-17 at 09:21:57:154 Recived 15 
25-10-17 at 09:21:57:154 Send 06 
25-10-17 at 09:21:57:169 Send 02 2E 17 1E 00 00 00 03 20 20 CF EE E4 E0 F0 EE F7 ED FB E5 20 EA E0 F0 F2 FB 20 ED E5 20 EF F0 EE E4 E0 E2 E0 EB E8 F1 FC 00 00 00 00 00 00 00 39 
25-10-17 at 09:21:57:188 Recived 06 02 03 17 00 1E 0A 
25-10-17 at 09:21:57:203 Send 06 
25-10-17 at 09:21:57:218 Send 05 
25-10-17 at 09:21:57:233 Recived 15 
25-10-17 at 09:21:57:233 Send 06 
25-10-17 at 09:21:57:248 Send 02 2E 17 1E 00 00 00 03 2D 2D 2D 2D 2D 2D 2D 2D 2D 2D 2D 2D 2D 2D 2D 2D 2D 2D 2D 2D 2D 2D 2D 2D 2D 2D 2D 2D 2D 2D 2D 2D 2D 2D 2D 2D 2D 2D 2D 2D 24 
25-10-17 at 09:21:57:267 Recived 06 02 03 17 00 1E 0A 
25-10-17 at 09:21:57:282 Send 06 
25-10-17 at 09:21:57:312 Send 05 
25-10-17 at 09:21:57:327 Recived 15 
25-10-17 at 09:21:57:327 Send 06 
25-10-17 at 09:21:57:342 Send 02 2E 17 1E 00 00 00 03 20 20 CF EE E4 E0 F0 EE F7 ED FB E5 20 EA E0 F0 F2 FB 20 ED E5 20 EF F0 EE E4 E0 E2 E0 EB E8 F1 FC 00 00 00 00 00 00 00 39 
25-10-17 at 09:21:57:361 Recived 06 02 03 17 00 1E 0A 
25-10-17 at 09:21:57:376 Send 06 
25-10-17 at 09:21:57:391 Send 05 
25-10-17 at 09:21:57:406 Recived 15 
25-10-17 at 09:21:57:406 Send 06 
25-10-17 at 09:21:57:421 Send 02 2E 17 1E 00 00 00 03 2D 2D 2D 2D 2D 2D 2D 2D 2D 2D 2D 2D 2D 2D 2D 2D 2D 2D 2D 2D 2D 2D 2D 2D 2D 2D 2D 2D 2D 2D 2D 2D 2D 2D 2D 2D 2D 2D 2D 2D 24 
25-10-17 at 09:21:57:440 Recived 06 02 03 17 00 1E 0A 
25-10-17 at 09:21:57:455 Send 06 
25-10-17 at 09:21:57:860 Send 05 
25-10-17 at 09:21:57:875 Recived 15 
25-10-17 at 09:21:57:875 Send 06 
25-10-17 at 09:21:57:890 Send 02 2E 17 1E 00 00 00 03 20 20 CF EE E4 E0 F0 EE F7 ED FB E5 20 EA E0 F0 F2 FB 20 ED E5 20 EF F0 EE E4 E0 E2 E0 EB E8 F1 FC 00 00 00 00 00 00 00 39 
25-10-17 at 09:21:57:909 Recived 06 02 03 17 00 1E 0A 
25-10-17 at 09:21:57:924 Send 06 
25-10-17 at 09:21:57:939 Send 05 
25-10-17 at 09:21:57:954 Recived 15 
25-10-17 at 09:21:57:954 Send 06 
25-10-17 at 09:21:57:969 Send 02 2E 17 1E 00 00 00 03 2D 2D 2D 2D 2D 2D 2D 2D 2D 2D 2D 2D 2D 2D 2D 2D 2D 2D 2D 2D 2D 2D 2D 2D 2D 2D 2D 2D 2D 2D 2D 2D 2D 2D 2D 2D 2D 2D 2D 2D 24 
25-10-17 at 09:21:57:988 Recived 06 02 03 17 00 1E 0A 
25-10-17 at 09:21:58:003 Send 06 
25-10-17 at 09:21:58:018 Send 05 
25-10-17 at 09:21:58:033 Recived 15 
25-10-17 at 09:21:58:033 Send 06 
25-10-17 at 09:21:58:048 Send 02 2E 17 1E 00 00 00 03 20 20 CF EE E4 E0 F0 EE F7 ED FB E5 20 EA E0 F0 F2 FB 20 ED E5 20 EF F0 EE E4 E0 E2 E0 EB E8 F1 FC 00 00 00 00 00 00 00 39 
25-10-17 at 09:21:58:067 Recived 06 02 03 17 00 1E 0A 
25-10-17 at 09:21:58:082 Send 06 
25-10-17 at 09:21:58:097 Send 05 
25-10-17 at 09:21:58:112 Recived 15 
25-10-17 at 09:21:58:112 Send 06 
25-10-17 at 09:21:58:127 Send 02 2E 17 1E 00 00 00 03 2D 2D 2D 2D 2D 2D 2D 2D 2D 2D 2D 2D 2D 2D 2D 2D 2D 2D 2D 2D 2D 2D 2D 2D 2D 2D 2D 2D 2D 2D 2D 2D 2D 2D 2D 2D 2D 2D 2D 2D 24 
25-10-17 at 09:21:58:146 Recived 06 02 03 17 00 1E 0A 
25-10-17 at 09:21:58:161 Send 06 
25-10-17 at 09:21:58:176 Send 05 
25-10-17 at 09:21:58:191 Recived 15 
25-10-17 at 09:21:58:191 Send 06 
25-10-17 at 09:21:58:206 Send 02 2E 17 1E 00 00 00 03 20 20 CF EE E4 E0 F0 EE F7 ED FB E5 20 EA E0 F0 F2 FB 20 ED E5 20 EF F0 EE E4 E0 E2 E0 EB E8 F1 FC 00 00 00 00 00 00 00 39 
25-10-17 at 09:21:58:225 Recived 06 02 03 17 00 1E 0A 
25-10-17 at 09:21:58:240 Send 06 
25-10-17 at 09:21:58:255 Send 05 
25-10-17 at 09:21:58:270 Recived 15 
25-10-17 at 09:21:58:270 Send 06 
25-10-17 at 09:21:58:285 Send 02 2E 17 1E 00 00 00 03 2D 2D 2D 2D 2D 2D 2D 2D 2D 2D 2D 2D 2D 2D 2D 2D 2D 2D 2D 2D 2D 2D 2D 2D 2D 2D 2D 2D 2D 2D 2D 2D 2D 2D 2D 2D 2D 2D 2D 2D 24 
25-10-17 at 09:21:58:304 Recived 06 02 03 17 00 1E 0A 
25-10-17 at 09:21:58:319 Send 06 
25-10-17 at 09:22:14:281 total calculated
25-10-17 at 09:22:14:282 now show on display
25-10-17 at 09:22:14:282                     Всего:         55.00
25-10-17 at 09:22:14:282 now clear port error ...
25-10-17 at 09:22:14:282 now write to port ...
25-10-17 at 09:22:14:416 ... done
25-10-17 at 09:22:14:417 total calculated
25-10-17 at 09:22:14:417 now show on display
25-10-17 at 09:22:14:417                     Всего:         55.00
25-10-17 at 09:22:14:418 now clear port error ...
25-10-17 at 09:22:14:418 now write to port ...
25-10-17 at 09:22:14:588 ... done
25-10-17 at 09:22:14:589 111
25-10-17 at 16:45:08:588 Запуск программы. Инициализация считана из файла
25-10-17 at 16:45:08:588 Чек загружен.
25-10-17 at 16:45:08:589 Платежи по картам восстановлены
25-10-17 at 16:45:08:590 total calculated
25-10-17 at 16:45:08:590 now show on display
25-10-17 at 16:45:08:590                     Всего:         55.00
25-10-17 at 16:45:08:590 now open port for display
25-10-17 at 16:45:08:591 Com port opened
25-10-17 at 16:45:08:591 now clear port error ...
25-10-17 at 16:45:08:591 now write to port ...
25-10-17 at 16:45:08:725 ... done
25-10-17 at 16:45:08:725 Чек сжат
25-10-17 at 16:45:08:725 Сумма чека посчитана
25-10-17 at 16:45:08:725 Кардридер создан
25-10-17 at 16:45:08:726 Задание запуска модулей создано
25-10-17 at 16:45:08:726 Сканер создан
25-10-17 at 16:45:08:726 Регистратор создан
25-10-17 at 16:45:08:726 Часы созданы
25-10-17 at 16:45:08:727 Регистратор запущен
25-10-17 at 16:45:08:727 Сканер запущен
25-10-17 at 16:45:08:728 Часы запущены
25-10-17 at 16:45:08:728 Кардридер запущен
25-10-17 at 16:45:08:728 Передача данных запущена
25-10-17 at 16:45:08:728 Вход в FRInit
25-10-17 at 16:45:08:743 Send 05 
25-10-17 at 16:45:08:758 Recived 15 
25-10-17 at 16:45:08:758 Send 06 
25-10-17 at 16:45:08:773 Send 02 05 11 1E 00 00 00 0A 
25-10-17 at 16:45:08:788 Recived 06 02 30 11 00 1E 43 31 6C 9E 0E 07 11 01 1C 00 B0 02 03 00 00 4E 41 00 00 01 01 10 19 0A 11 10 2D 08 00 2E 5D 00 00 57 00 00 00 00 00 D2 E9 1E 42 01 00 61 
25-10-17 at 16:45:08:803 Send 06 
25-10-17 at 16:45:08:809 KKMStatus 
25-10-17 at 16:45:08:818 Send 05 
25-10-17 at 16:45:08:833 Recived 15 
25-10-17 at 16:45:08:833 Send 06 
25-10-17 at 16:45:08:848 Send 02 05 11 1E 00 00 00 0A 
25-10-17 at 16:45:08:863 Recived 06 02 30 11 00 1E 43 31 6C 9E 0E 07 11 01 1C 00 B0 02 03 00 00 4E 41 00 00 01 01 10 19 0A 11 10 2D 08 00 2E 5D 00 00 57 00 00 00 00 00 D2 E9 1E 42 01 00 61 
25-10-17 at 16:45:08:878 Send 06 
25-10-17 at 16:45:08:879 KKMStatus 0300
25-10-17 at 16:45:08:879 Номер ФР считан
25-10-17 at 16:45:09:171 СУБД подключена
25-10-17 at 16:45:09:195 Send 05 
25-10-17 at 16:45:09:210 Recived 15 
25-10-17 at 16:45:09:210 Send 06 
25-10-17 at 16:45:09:225 Send 02 0A 1E 1E 00 00 00 01 01 00 01 01 0A 
25-10-17 at 16:45:09:240 Recived 06 02 02 1E 00 1C 
25-10-17 at 16:45:09:255 Send 06 
25-10-17 at 16:45:09:270 Send 05 
25-10-17 at 16:45:09:285 Recived 15 
25-10-17 at 16:45:09:285 Send 06 
25-10-17 at 16:45:09:300 Send 02 0A 1E 1E 00 00 00 01 01 00 05 02 0D 
25-10-17 at 16:45:09:315 Recived 06 02 02 1E 00 1C 
25-10-17 at 16:45:09:330 Send 06 
25-10-17 at 16:45:09:345 Send 05 
25-10-17 at 16:45:09:360 Recived 15 
25-10-17 at 16:45:09:360 Send 06 
25-10-17 at 16:45:09:375 Send 02 0A 1E 1E 00 00 00 01 01 00 23 01 28 
25-10-17 at 16:45:09:390 Recived 06 02 02 1E 00 1C 
25-10-17 at 16:45:09:405 Send 06 
25-10-17 at 16:45:09:420 Send 05 
25-10-17 at 16:45:09:435 Recived 15 
25-10-17 at 16:45:09:435 Send 06 
25-10-17 at 16:45:09:450 Send 02 0A 1E 1E 00 00 00 01 01 00 06 00 0C 
25-10-17 at 16:45:09:465 Recived 06 02 02 1E 00 1C 
25-10-17 at 16:45:09:480 Send 06 
25-10-17 at 16:45:09:495 Send 05 
25-10-17 at 16:45:09:510 Recived 15 
25-10-17 at 16:45:09:510 Send 06 
25-10-17 at 16:45:09:525 Send 02 0A 1E 1E 00 00 00 01 01 00 07 01 0C 
25-10-17 at 16:45:09:540 Recived 06 02 02 1E 00 1C 
25-10-17 at 16:45:09:555 Send 06 
25-10-17 at 16:45:09:570 Send 05 
25-10-17 at 16:45:09:585 Recived 15 
25-10-17 at 16:45:09:585 Send 06 
25-10-17 at 16:45:09:600 Send 02 0A 1E 1E 00 00 00 01 01 00 14 01 1F 
25-10-17 at 16:45:09:615 Recived 06 02 02 1E 00 1C 
25-10-17 at 16:45:09:630 Send 06 
25-10-17 at 16:45:09:645 Send 05 
25-10-17 at 16:45:09:660 Recived 15 
25-10-17 at 16:45:09:660 Send 06 
25-10-17 at 16:45:09:675 Send 02 0A 1E 1E 00 00 00 01 01 00 15 01 1E 
25-10-17 at 16:45:09:690 Recived 06 02 02 1E 00 1C 
25-10-17 at 16:45:09:705 Send 06 
25-10-17 at 16:45:09:720 Send 05 
25-10-17 at 16:45:09:735 Recived 15 
25-10-17 at 16:45:09:735 Send 06 
25-10-17 at 16:45:09:750 Send 02 0A 1E 1E 00 00 00 01 01 00 0F 00 05 
25-10-17 at 16:45:09:765 Recived 06 02 02 1E 00 1C 
25-10-17 at 16:45:09:780 Send 06 
25-10-17 at 16:45:09:795 Send 05 
25-10-17 at 16:45:09:810 Recived 15 
25-10-17 at 16:45:09:810 Send 06 
25-10-17 at 16:45:09:825 Send 02 0A 1E 1E 00 00 00 01 01 00 11 00 1B 
25-10-17 at 16:45:09:840 Recived 06 02 02 1E 00 1C 
25-10-17 at 16:45:09:855 Send 06 
25-10-17 at 16:45:09:870 Send 05 
25-10-17 at 16:45:09:885 Recived 15 
25-10-17 at 16:45:09:885 Send 06 
25-10-17 at 16:45:09:900 Send 02 0A 1E 1E 00 00 00 11 01 00 03 02 1B 
25-10-17 at 16:45:09:915 Recived 06 02 02 1E 00 1C 
25-10-17 at 16:45:09:930 Send 06 
25-10-17 at 16:45:09:945 Send 05 
25-10-17 at 16:45:09:960 Recived 15 
25-10-17 at 16:45:09:960 Send 06 
25-10-17 at 16:45:09:975 Send 02 0A 1E 1E 00 00 00 01 01 00 29 01 22 
25-10-17 at 16:45:09:990 Recived 06 02 02 1E 00 1C 
25-10-17 at 16:45:10:005 Send 06 
25-10-17 at 16:45:10:020 Send 05 
25-10-17 at 16:45:10:035 Recived 15 
25-10-17 at 16:45:10:035 Send 06 
25-10-17 at 16:45:10:050 Send 02 26 1E 1E 00 00 00 04 0C 00 01 20 20 20 20 20 20 20 20 20 20 20 C4 CE C1 D0 CE 20 CF CE C6 C0 CB CE C2 C0 D2 DC 21 00 D5 
25-10-17 at 16:45:10:068 Recived 06 02 02 1E 00 1C 
25-10-17 at 16:45:10:083 Send 06 
25-10-17 at 16:45:10:098 Send 05 
25-10-17 at 16:45:10:113 Recived 15 
25-10-17 at 16:45:10:113 Send 06 
25-10-17 at 16:45:10:128 Send 02 29 1E 1E 00 00 00 04 0D 00 01 20 20 20 20 20 20 20 20 CE CE CE 20 CA EE EC EF E0 ED E8 FF 20 27 CA CE CB CE D0 CB CE CD 27 00 CB 
25-10-17 at 16:45:10:146 Recived 06 02 02 1E 00 1C 
25-10-17 at 16:45:10:161 Send 06 
25-10-17 at 16:45:10:176 Send 05 
25-10-17 at 16:45:10:191 Recived 15 
25-10-17 at 16:45:10:191 Send 06 
25-10-17 at 16:45:10:206 Send 02 2D 1E 1E 00 00 00 04 0E 00 01 20 20 20 20 20 CC E0 E3 E0 E7 E8 ED 20 27 C2 F1 E5 20 F2 EE E2 E0 F0 FB 20 E4 EB FF 20 E4 EE EC E0 27 20 00 DE 
25-10-17 at 16:45:10:224 Recived 06 02 02 1E 00 1C 
25-10-17 at 16:45:10:239 Send 06 
25-10-17 at 16:45:10:310 now clear port error ...
25-10-17 at 16:45:10:310 now write to port ...
25-10-17 at 16:45:10:444 ... done
25-10-17 at 16:45:10:464 Send 05 
25-10-17 at 16:45:10:479 Recived 15 
25-10-17 at 16:45:10:479 Send 06 
25-10-17 at 16:45:10:494 Send 02 06 1A 1E 00 00 00 79 7B 
25-10-17 at 16:45:10:509 Recived 06 02 09 1A 00 1E 60 61 02 00 00 00 0E 
25-10-17 at 16:45:10:524 Send 06 
25-10-17 at 16:45:12:826 Cardreader  Антонов Сергей 
25-10-17 at 16:45:12:835 Send 05 
25-10-17 at 16:45:12:851 Recived 15 
25-10-17 at 16:45:12:851 Send 06 
25-10-17 at 16:45:12:867 Send 02 20 1E 1E 00 00 00 02 1E 00 02 CA E0 F1 F1 E8 F0 20 C0 ED F2 EE ED EE E2 20 D1 E5 F0 E3 E5 E9 20 00 D7 
25-10-17 at 16:45:12:885 Recived 06 02 02 1E 00 1C 
25-10-17 at 16:45:12:900 Send 06 
25-10-17 at 16:45:12:907 now clear port error ...
25-10-17 at 16:45:12:907 now write to port ...
25-10-17 at 16:45:13:041 ... done
25-10-17 at 16:45:13:830 Send 05 
25-10-17 at 16:45:13:845 Recived 15 
25-10-17 at 16:45:13:845 Send 06 
25-10-17 at 16:45:13:860 Send 02 06 FF 39 1E 00 00 00 DE 
25-10-17 at 16:45:13:875 Recived 06 02 10 FF 39 00 00 00 00 00 00 00 00 00 00 00 00 00 00 D6 
25-10-17 at 16:45:13:890 Send 06 
25-10-17 at 16:45:15:915 Send 05 
25-10-17 at 16:45:15:930 Recived 15 
25-10-17 at 16:45:15:930 Send 06 
25-10-17 at 16:45:15:945 Send 02 2E 17 1E 00 00 00 03 20 20 CF EE E4 E0 F0 EE F7 ED FB E5 20 EA E0 F0 F2 FB 20 ED E5 20 EF F0 EE E4 E0 E2 E0 EB E8 F1 FC 00 00 00 00 00 00 00 39 
25-10-17 at 16:45:15:964 Recived 06 02 03 17 00 1E 0A 
25-10-17 at 16:45:15:979 Send 06 
25-10-17 at 16:45:15:994 Send 05 
25-10-17 at 16:45:16:009 Recived 15 
25-10-17 at 16:45:16:009 Send 06 
25-10-17 at 16:45:16:024 Send 02 2E 17 1E 00 00 00 03 2D 2D 2D 2D 2D 2D 2D 2D 2D 2D 2D 2D 2D 2D 2D 2D 2D 2D 2D 2D 2D 2D 2D 2D 2D 2D 2D 2D 2D 2D 2D 2D 2D 2D 2D 2D 2D 2D 2D 2D 24 
25-10-17 at 16:45:16:043 Recived 06 02 03 17 00 1E 0A 
25-10-17 at 16:45:16:058 Send 06 
25-10-17 at 16:45:16:073 Send 05 
25-10-17 at 16:45:16:088 Recived 15 
25-10-17 at 16:45:16:088 Send 06 
25-10-17 at 16:45:16:103 Send 02 05 41 1E 00 00 00 5A 
25-10-17 at 16:45:16:118 Recived 06 
25-10-17 at 16:45:16:478 Recived 02 03 41 00 00 42 
25-10-17 at 16:45:16:493 Send 06 
25-10-17 at 16:45:35:963 Send 05 
25-10-17 at 16:45:35:978 Recived 15 
25-10-17 at 16:45:35:978 Send 06 
25-10-17 at 16:45:35:993 Send 02 08 21 1E 00 00 00 10 2D 23 29 
25-10-17 at 16:45:36:008 Recived 06 02 02 21 00 23 
25-10-17 at 16:45:36:023 Send 06 
25-10-17 at 16:45:36:038 Send 05 
25-10-17 at 16:45:36:053 Recived 15 
25-10-17 at 16:45:36:053 Send 06 
25-10-17 at 16:45:36:068 Send 02 05 11 1E 00 00 00 0A 
25-10-17 at 16:45:36:083 Recived 06 02 30 11 00 1E 43 31 6C 9E 0E 07 11 01 1D 00 B0 02 04 00 00 4E 41 00 00 01 01 10 19 0A 11 10 2D 23 00 2E 5D 00 00 58 00 00 00 00 00 D2 E9 1E 42 01 00 43 
25-10-17 at 16:45:36:098 Send 06 
25-10-17 at 16:45:36:104 KKMStatus 
25-10-17 at 16:45:36:113 Send 05 
25-10-17 at 16:45:36:128 Recived 15 
25-10-17 at 16:45:36:128 Send 06 
25-10-17 at 16:45:36:143 Send 02 05 E0 1E 00 00 00 FB 
25-10-17 at 16:45:36:158 Recived 06 
25-10-17 at 16:45:37:163 Send 05 
25-10-17 at 16:45:37:313 Recived 02 03 E0 00 1E FD 
25-10-17 at 16:45:37:328 Send 06 
25-10-17 at 16:45:40:461  Нажата клавиша F10.
25-10-17 at 16:45:40:462 114
25-10-17 at 16:45:40:462 014
25-10-17 at 16:45:40:462 115
25-10-17 at 16:45:40:462 015
25-10-17 at 16:45:40:464 total calculated
25-10-17 at 16:45:40:464 now show on display
25-10-17 at 16:45:40:464                     Всего:         55.00
25-10-17 at 16:45:40:464 now clear port error ...
25-10-17 at 16:45:40:465 now write to port ...
25-10-17 at 16:45:40:598 ... done
25-10-17 at 16:45:40:650 now clear port error ...
25-10-17 at 16:45:40:651 now write to port ...
25-10-17 at 16:45:40:784 ... done
25-10-17 at 16:45:41:491 now clear port error ...
25-10-17 at 16:45:41:491 now write to port ...
25-10-17 at 16:45:41:624 ... done
25-10-17 at 16:45:41:625 Вход в FRInit
25-10-17 at 16:45:41:633 Send 05 
25-10-17 at 16:45:41:648 Recived 15 
25-10-17 at 16:45:41:648 Send 06 
25-10-17 at 16:45:41:663 Send 02 05 11 1E 00 00 00 0A 
25-10-17 at 16:45:41:678 Recived 06 02 30 11 00 1E 43 31 6C 9E 0E 07 11 01 1E 00 B0 02 02 00 00 4E 41 00 00 01 01 10 19 0A 11 10 2D 29 00 2E 5D 00 00 58 00 00 00 00 00 D2 E9 1E 42 01 00 4C 
25-10-17 at 16:45:41:693 Send 06 
25-10-17 at 16:45:41:695 KKMStatus 
25-10-17 at 16:45:41:708 Send 05 
25-10-17 at 16:45:41:723 Recived 15 
25-10-17 at 16:45:41:723 Send 06 
25-10-17 at 16:45:41:738 Send 02 06 28 1E 00 00 00 00 30 
25-10-17 at 16:45:41:753 Recived 06 02 03 28 00 1E 35 
25-10-17 at 16:45:41:768 Send 06 
25-10-17 at 16:45:41:783 Send 05 
25-10-17 at 16:45:41:798 Recived 15 
25-10-17 at 16:45:41:798 Send 06 
25-10-17 at 16:45:41:813 Send 02 06 8D 1E 00 00 00 00 95 
25-10-17 at 16:45:41:828 Recived 06 
25-10-17 at 16:45:41:843 Recived 02 03 8D 00 1E 90 
25-10-17 at 16:45:41:858 Send 06 
25-10-17 at 16:45:41:873 Send 05 
25-10-17 at 16:45:41:888 Recived 15 
25-10-17 at 16:45:41:888 Send 06 
25-10-17 at 16:45:41:903 Send 02 0A C2 1E 00 00 00 B5 6F BB 83 15 21 
25-10-17 at 16:45:41:918 Recived 06 02 03 C2 00 1E DF 
25-10-17 at 16:45:41:933 Send 06 
25-10-17 at 16:45:41:948 Send 05 
25-10-17 at 16:45:41:963 Recived 15 
25-10-17 at 16:45:41:963 Send 06 
25-10-17 at 16:45:41:978 Send 02 2E 17 1E 00 00 00 03 3D 3D 3D 3D 3D 3D 3D 3D 3D 3D 3D 3D 3D 3D 3D 3D 3D 3D 3D 3D 3D 3D 3D 3D 3D 3D 3D 3D 3D 3D 3D 3D 3D 3D 3D 3D 3D 3D 3D 3D 24 
25-10-17 at 16:45:41:997 Recived 06 02 03 17 00 1E 0A 
25-10-17 at 16:45:42:012 Send 06 
25-10-17 at 16:45:42:027 Send 05 
25-10-17 at 16:45:42:042 Recived 15 
25-10-17 at 16:45:42:042 Send 06 
25-10-17 at 16:45:42:057 Send 02 2E 17 1E 00 00 00 03 20 20 20 20 20 20 20 D7 C5 CA 20 30 32 2D 33 38 35 34 2D 31 37 31 30 2D 32 35 31 36 2D 34 35 34 31 00 00 00 00 00 00 00 F7 
25-10-17 at 16:45:42:076 Recived 06 02 03 17 00 1E 0A 
25-10-17 at 16:45:42:091 Send 06 
25-10-17 at 16:45:42:106 Send 05 
25-10-17 at 16:45:42:121 Recived 15 
25-10-17 at 16:45:42:121 Send 06 
25-10-17 at 16:45:42:136 Send 02 2E 17 1E 00 00 00 03 3D 3D 3D 3D 3D 3D 3D 3D 3D 3D 3D 3D 3D 3D 3D 3D 3D 3D 3D 3D 3D 3D 3D 3D 3D 3D 3D 3D 3D 3D 3D 3D 3D 3D 3D 3D 3D 3D 3D 3D 24 
25-10-17 at 16:45:42:155 Recived 06 02 03 17 00 1E 0A 
25-10-17 at 16:45:42:170 Send 06 
25-10-17 at 16:45:42:185 Send 05 
25-10-17 at 16:45:42:200 Recived 15 
25-10-17 at 16:45:42:200 Send 06 
25-10-17 at 16:45:42:215 Send 02 3C 80 1E 00 00 00 E8 03 00 00 00 7C 15 00 00 00 00 03 00 00 00 2F 2F 32 38 35 36 30 32 38 31 35 30 33 38 20 38 30 D2 E4 35 E3 F0 5F 31 38 34 39 20 D2 E5 F2 F0 E0 E4 FC 20 E4 E2 EE 00 69 
25-10-17 at 16:45:42:234 Recived 06 02 03 80 00 1E 9D 
25-10-17 at 16:45:42:249 Send 06 
25-10-17 at 16:45:42:264 Send 05 
25-10-17 at 16:45:42:279 Recived 15 
25-10-17 at 16:45:42:279 Send 06 
25-10-17 at 16:45:42:294 Send 02 2E 17 1E 00 00 00 03 32 38 35 36 30 32 38 31 35 30 33 38 20 38 30 D2 E4 35 E3 F0 5F 31 38 34 39 20 D2 E5 F2 F0 E0 E4 FC 20 00 00 00 00 00 00 86 
25-10-17 at 16:45:42:313 Recived 06 02 03 17 00 1E 0A 
25-10-17 at 16:45:42:328 Send 06 
25-10-17 at 16:45:42:343 Send 05 
25-10-17 at 16:45:42:358 Recived 15 
25-10-17 at 16:45:42:358 Send 06 
25-10-17 at 16:45:42:373 Send 02 2E 17 1E 00 00 00 03 E4 E2 EE E9 ED E0 FF 20 38 30 EB 2E C0 35 F4 2E 22 ED E0 20 E3 F0 E5 E1 ED E5 22 20 F1 20 F2 E2 2E 20 00 00 00 00 00 00 C8 
25-10-17 at 16:45:42:392 Recived 06 02 03 17 00 1E 0A 
25-10-17 at 16:45:42:407 Send 06 
25-10-17 at 16:45:42:422 Send 05 
25-10-17 at 16:45:42:437 Recived 15 
25-10-17 at 16:45:42:437 Send 06 
25-10-17 at 16:45:42:452 Send 02 2E 17 1E 00 00 00 03 EE E1 EB 2E 20 D1 EE E1 E0 EA E0 2D CA EE F2 20 20 20 20 20 20 20 20 20 20 20 20 20 20 20 20 20 20 20 20 20 28 F8 F2 29 2A 
25-10-17 at 16:45:42:471 Recived 06 02 03 17 00 1E 0A 
25-10-17 at 16:45:42:486 Send 06 
25-10-17 at 16:45:42:501 Send 05 
25-10-17 at 16:45:42:516 Recived 15 
25-10-17 at 16:45:42:516 Send 06 
25-10-17 at 16:45:42:531 Send 02 2E 17 1E 00 00 00 03 20 20 20 20 20 20 20 20 20 20 20 20 20 20 20 20 20 20 20 20 20 20 20 20 20 20 20 31 2E 30 30 30 20 58 20 35 35 2E 30 30 5D 
25-10-17 at 16:45:42:550 Recived 06 02 03 17 00 1E 0A 
25-10-17 at 16:45:42:565 Send 06 
25-10-17 at 16:45:42:580 Send 05 
25-10-17 at 16:45:42:595 Recived 15 
25-10-17 at 16:45:42:595 Send 06 
25-10-17 at 16:45:42:610 Send 02 2E 17 1E 00 00 00 03 D1 F3 EC EC E0 2C E2 20 F2 2E F7 2E CD C4 D1 20 31 38 25 20 20 20 20 20 20 20 20 20 20 20 20 20 20 3D 20 35 35 2E 30 30 EA 
25-10-17 at 16:45:42:629 Recived 06 02 03 17 00 1E 0A 
25-10-17 at 16:45:42:644 Send 06 
25-10-17 at 16:45:42:659 Send 05 
25-10-17 at 16:45:42:674 Recived 15 
25-10-17 at 16:45:42:674 Send 06 
25-10-17 at 16:45:42:689 Send 02 05 89 1E 00 00 00 92 
25-10-17 at 16:45:42:704 Recived 06 02 08 89 00 1E 7C 15 00 00 00 F6 
25-10-17 at 16:45:42:719 Send 06 
25-10-17 at 16:45:42:734 Send 05 
25-10-17 at 16:45:42:749 Recived 15 
25-10-17 at 16:45:42:749 Send 06 
25-10-17 at 16:45:42:764 Send 02 2E 17 1E 00 00 00 03 3D 3D 3D 3D 3D 3D 3D 3D 3D 3D 3D 3D 3D 3D 3D 3D 3D 3D 3D 3D 3D 3D 3D 3D 3D 3D 3D 3D 3D 3D 3D 3D 3D 3D 3D 3D 3D 3D 3D 3D 24 
25-10-17 at 16:45:42:783 Recived 06 02 03 17 00 1E 0A 
25-10-17 at 16:45:42:798 Send 06 
25-10-17 at 16:45:42:813 Send 05 
25-10-17 at 16:45:42:828 Recived 15 
25-10-17 at 16:45:42:828 Send 06 
25-10-17 at 16:45:42:843 Send 02 2E 17 1E 00 00 00 03 20 00 00 00 00 00 00 00 00 00 00 00 00 00 00 00 00 00 00 00 00 00 00 00 00 00 00 00 00 00 00 00 00 00 00 00 00 00 00 00 04 
25-10-17 at 16:45:42:862 Recived 06 02 03 17 00 1E 0A 
25-10-17 at 16:45:42:877 Send 06 
25-10-17 at 16:45:42:892 Send 05 
25-10-17 at 16:45:42:907 Recived 15 
25-10-17 at 16:45:42:907 Send 06 
25-10-17 at 16:45:42:922 Send 02 2E 17 1E 00 00 00 03 20 20 20 20 CE EF EB E0 F2 E0 20 EF F0 E8 ED FF F2 E0 20 F1 20 E1 EB E0 E3 EE E4 E0 F0 ED EE F1 F2 FC FE 00 00 00 00 00 2B 
25-10-17 at 16:45:42:941 Recived 06 02 03 17 00 1E 0A 
25-10-17 at 16:45:42:956 Send 06 
25-10-17 at 16:45:42:971 Send 05 
25-10-17 at 16:45:42:986 Recived 15 
25-10-17 at 16:45:42:986 Send 06 
25-10-17 at 16:45:43:001 Send 02 2E 17 1E 00 00 00 03 20 20 C6 E4 E5 EC 20 E2 E0 F1 20 E5 E6 E5 E4 ED E5 E2 ED EE 20 F1 20 39 2E 30 30 20 E4 EE 20 32 32 2E 30 30 00 00 00 00 D5 
25-10-17 at 16:45:43:020 Recived 06 02 03 17 00 1E 0A 
25-10-17 at 16:45:43:035 Send 06 
25-10-17 at 16:45:43:050 Send 05 
25-10-17 at 16:45:43:065 Recived 15 
25-10-17 at 16:45:43:065 Send 06 
25-10-17 at 16:45:43:080 Send 02 2E 17 1E 00 00 00 03 20 20 20 20 EF EE 20 E0 E4 F0 E5 F1 F3 3A 36 33 30 30 32 37 2C E3 2E CD EE E2 EE F1 E8 E1 E8 F0 F1 EA 2C 00 00 00 00 00 35 
25-10-17 at 16:45:43:099 Recived 06 02 03 17 00 1E 0A 
25-10-17 at 16:45:43:114 Send 06 
25-10-17 at 16:45:43:129 Send 05 
25-10-17 at 16:45:43:144 Recived 15 
25-10-17 at 16:45:43:144 Send 06 
25-10-17 at 16:45:43:159 Send 02 2E 17 1E 00 00 00 03 F3 EB 2E D2 EE EB EC E0 F7 E5 E2 F1 EA E0 FF 2C 20 31 39 E0 20 EA 2E 32 2C 20 F2 E5 EB 2E 3A 33 36 33 2D 30 35 2D 30 35 DD 
25-10-17 at 16:45:43:178 Recived 06 02 03 17 00 1E 0A 
25-10-17 at 16:45:43:193 Send 06 
25-10-17 at 16:45:43:208 Send 05 
25-10-17 at 16:45:43:223 Recived 15 
25-10-17 at 16:45:43:223 Send 06 
25-10-17 at 16:45:43:238 Send 02 47 85 1E 00 00 00 7C 15 00 00 00 00 00 00 00 00 00 00 00 00 00 00 00 00 00 00 00 00 00 00 00 00 20 00 00 00 00 00 00 00 00 00 00 00 00 00 00 00 00 00 00 00 00 00 00 00 00 00 00 00 00 00 00 00 00 00 00 00 00 00 00 00 95 
25-10-17 at 16:45:43:259 Recived 06 
25-10-17 at 16:45:43:439 Recived 02 08 85 00 1E 00 00 00 00 00 93 
25-10-17 at 16:45:43:454 Send 06 
25-10-17 at 16:45:43:455 WAIT_OBJECT_0
25-10-17 at 16:45:43:465 WritePresent
25-10-17 at 16:45:43:466 UpdateCentralCounts
25-10-17 at 16:45:43:508 UpdateCentralCounts
25-10-17 at 16:45:43:508 ActivateGiftCards(PresentGrid)
25-10-17 at 16:45:43:508 ActivateGiftCards(Grid)
25-10-17 at 16:45:43:509 GiftCardDoPayments
25-10-17 at 16:45:43:509 GiftCardClearPayments
25-10-17 at 16:45:43:509 Попытка очистки таблицы
25-10-17 at 16:45:43:509 Попытка очистки успешна
25-10-17 at 16:45:43:509 Попытка очистки таблицы
25-10-17 at 16:45:43:509 Попытка очистки успешна
25-10-17 at 16:45:43:510 total calculated
25-10-17 at 16:45:43:510 now show on display
25-10-17 at 16:45:43:510                     Всего:          0.00
25-10-17 at 16:45:43:510 now clear port error ...
25-10-17 at 16:45:43:511 now write to port ...
25-10-17 at 16:45:43:644 ... done
25-10-17 at 16:45:43:644 now clear port error ...
25-10-17 at 16:45:43:645 now write to port ...
25-10-17 at 16:45:43:816 ... done
25-10-17 at 16:45:43:816 116
25-10-17 at 16:45:43:816 016
25-10-17 at 16:47:16:919 Send 05 
25-10-17 at 16:47:16:934 Recived 15 
25-10-17 at 16:47:16:934 Send 06 
25-10-17 at 16:47:16:949 Send 02 06 FF 39 1E 00 00 00 DE 
25-10-17 at 16:47:16:964 Recived 06 02 10 FF 39 00 00 00 00 00 00 00 00 00 00 00 00 00 00 D6 
25-10-17 at 16:47:16:979 Send 06 
25-10-17 at 16:49:18:104 Send 05 
25-10-17 at 16:49:18:119 Recived 15 
25-10-17 at 16:49:18:119 Send 06 
25-10-17 at 16:49:18:134 Send 02 06 FF 39 1E 00 00 00 DE 
25-10-17 at 16:49:18:149 Recived 06 02 10 FF 39 00 00 00 00 00 00 00 00 00 00 00 00 00 00 D6 
25-10-17 at 16:49:18:164 Send 06 
25-10-17 at 16:49:26:927 total calculated
25-10-17 at 16:49:26:927 now show on display
25-10-17 at 16:49:26:927                     Всего:          0.00
25-10-17 at 16:49:26:928 now clear port error ...
25-10-17 at 16:49:26:928 now write to port ...
25-10-17 at 16:49:27:061 ... done
25-10-17 at 16:49:27:062 total calculated
25-10-17 at 16:49:27:062 now show on display
25-10-17 at 16:49:27:062                     Всего:          0.00
25-10-17 at 16:49:27:062 now clear port error ...
25-10-17 at 16:49:27:063 now write to port ...
25-10-17 at 16:49:27:233 ... done
25-10-17 at 16:49:27:235 111
