24-11-17 at 14:45:12:781 Запуск программы. Инициализация считана из файла
24-11-17 at 14:45:12:781 Чек загружен.
24-11-17 at 14:45:12:782 Платежи по картам восстановлены
24-11-17 at 14:45:12:783 total calculated
24-11-17 at 14:45:12:783 now show on display
24-11-17 at 14:45:12:783                     Всего:      31358.40
24-11-17 at 14:45:12:783 now open port for display
24-11-17 at 14:45:12:784 Com port opened
24-11-17 at 14:45:12:784 now clear port error ...
24-11-17 at 14:45:12:784 now write to port ...
24-11-17 at 14:45:12:918 ... done
24-11-17 at 14:45:12:918 Чек сжат
24-11-17 at 14:45:12:918 Сумма чека посчитана
24-11-17 at 14:45:12:919 Кардридер создан
24-11-17 at 14:45:12:919 Задание запуска модулей создано
24-11-17 at 14:45:12:919 Сканер создан
24-11-17 at 14:45:12:919 Регистратор создан
24-11-17 at 14:45:12:919 Часы созданы
24-11-17 at 14:45:12:920 Регистратор запущен
24-11-17 at 14:45:12:920 Сканер запущен
24-11-17 at 14:45:12:920 Часы запущены
24-11-17 at 14:45:12:920 Кардридер запущен
24-11-17 at 14:45:12:920 Передача данных запущена
24-11-17 at 14:45:12:920 Вход в FRInit
24-11-17 at 14:45:12:920 Вход в GetStatus
24-11-17 at 14:45:12:935 Send 05 
24-11-17 at 14:45:12:950 Recived 06 02 30 11 00 1E 43 31 6C 9E 0E 07 11 01 0C 00 B2 02 02 00 00 4E 41 00 00 01 01 10 18 0B 11 0D 19 38 00 2E 5D 00 00 63 00 00 00 00 00 D2 E9 1E 42 01 00 5F 
24-11-17 at 14:45:12:950 Send 06 
24-11-17 at 14:45:12:965 Send 02 05 11 1E 00 00 00 0A 
24-11-17 at 14:45:12:980 Recived 06 02 30 11 00 1E 43 31 6C 9E 0E 07 11 01 0C 00 B2 02 02 00 00 4E 41 00 00 01 01 10 18 0B 11 0E 2D 08 00 2E 5D 00 00 63 00 00 00 00 00 D2 E9 1E 42 01 00 58 
24-11-17 at 14:45:12:995 Send 06 
24-11-17 at 14:45:13:005 KKMStatus 0000
24-11-17 at 14:45:13:010 Send 05 
24-11-17 at 14:45:13:025 Recived 15 
24-11-17 at 14:45:13:025 Send 06 
24-11-17 at 14:45:13:040 Send 02 05 11 1E 00 00 00 0A 
24-11-17 at 14:45:13:055 Recived 06 02 30 11 00 1E 43 31 6C 9E 0E 07 11 01 0C 00 B2 02 02 00 00 4E 41 00 00 01 01 10 18 0B 11 0E 2D 08 00 2E 5D 00 00 63 00 00 00 00 00 D2 E9 1E 42 01 00 58 
24-11-17 at 14:45:13:070 Send 06 
24-11-17 at 14:45:13:080 KKMStatus 0200
24-11-17 at 14:45:13:080 Номер ФР считан
24-11-17 at 14:45:13:129 СУБД подключена
24-11-17 at 14:45:13:145 Send 05 
24-11-17 at 14:45:13:160 Recived 15 
24-11-17 at 14:45:13:160 Send 06 
24-11-17 at 14:45:13:175 Send 02 0A 1E 1E 00 00 00 01 01 00 01 01 0A 
24-11-17 at 14:45:13:190 Recived 06 02 02 1E 00 1C 
24-11-17 at 14:45:13:205 Send 06 
24-11-17 at 14:45:13:220 Send 05 
24-11-17 at 14:45:13:235 Recived 15 
24-11-17 at 14:45:13:235 Send 06 
24-11-17 at 14:45:13:250 Send 02 0A 1E 1E 00 00 00 01 01 00 05 02 0D 
24-11-17 at 14:45:13:265 Recived 06 02 02 1E 00 1C 
24-11-17 at 14:45:13:280 Send 06 
24-11-17 at 14:45:13:295 Send 05 
24-11-17 at 14:45:13:310 Recived 15 
24-11-17 at 14:45:13:310 Send 06 
24-11-17 at 14:45:13:325 Send 02 0A 1E 1E 00 00 00 01 01 00 23 01 28 
24-11-17 at 14:45:13:340 Recived 06 02 02 1E 00 1C 
24-11-17 at 14:45:13:355 Send 06 
24-11-17 at 14:45:13:370 Send 05 
24-11-17 at 14:45:13:385 Recived 15 
24-11-17 at 14:45:13:385 Send 06 
24-11-17 at 14:45:13:400 Send 02 0A 1E 1E 00 00 00 01 01 00 06 00 0C 
24-11-17 at 14:45:13:415 Recived 06 02 02 1E 00 1C 
24-11-17 at 14:45:13:430 Send 06 
24-11-17 at 14:45:13:445 Send 05 
24-11-17 at 14:45:13:460 Recived 15 
24-11-17 at 14:45:13:460 Send 06 
24-11-17 at 14:45:13:475 Send 02 0A 1E 1E 00 00 00 01 01 00 07 01 0C 
24-11-17 at 14:45:13:490 Recived 06 02 02 1E 00 1C 
24-11-17 at 14:45:13:505 Send 06 
24-11-17 at 14:45:13:520 Send 05 
24-11-17 at 14:45:13:535 Recived 15 
24-11-17 at 14:45:13:535 Send 06 
24-11-17 at 14:45:13:550 Send 02 0A 1E 1E 00 00 00 01 01 00 14 01 1F 
24-11-17 at 14:45:13:565 Recived 06 02 02 1E 00 1C 
24-11-17 at 14:45:13:580 Send 06 
24-11-17 at 14:45:13:595 Send 05 
24-11-17 at 14:45:13:610 Recived 15 
24-11-17 at 14:45:13:610 Send 06 
24-11-17 at 14:45:13:625 Send 02 0A 1E 1E 00 00 00 01 01 00 15 01 1E 
24-11-17 at 14:45:13:640 Recived 06 02 02 1E 00 1C 
24-11-17 at 14:45:13:655 Send 06 
24-11-17 at 14:45:13:670 Send 05 
24-11-17 at 14:45:13:685 Recived 15 
24-11-17 at 14:45:13:685 Send 06 
24-11-17 at 14:45:13:700 Send 02 0A 1E 1E 00 00 00 01 01 00 0F 00 05 
24-11-17 at 14:45:13:715 Recived 06 02 02 1E 00 1C 
24-11-17 at 14:45:13:730 Send 06 
24-11-17 at 14:45:13:745 Send 05 
24-11-17 at 14:45:13:760 Recived 15 
24-11-17 at 14:45:13:760 Send 06 
24-11-17 at 14:45:13:775 Send 02 0A 1E 1E 00 00 00 01 01 00 11 00 1B 
24-11-17 at 14:45:13:790 Recived 06 02 02 1E 00 1C 
24-11-17 at 14:45:13:805 Send 06 
24-11-17 at 14:45:13:820 Send 05 
24-11-17 at 14:45:13:835 Recived 15 
24-11-17 at 14:45:13:835 Send 06 
24-11-17 at 14:45:13:850 Send 02 0A 1E 1E 00 00 00 11 01 00 03 02 1B 
24-11-17 at 14:45:13:865 Recived 06 02 02 1E 00 1C 
24-11-17 at 14:45:13:880 Send 06 
24-11-17 at 14:45:13:895 Send 05 
24-11-17 at 14:45:13:910 Recived 15 
24-11-17 at 14:45:13:910 Send 06 
24-11-17 at 14:45:13:925 Send 02 0A 1E 1E 00 00 00 01 01 00 29 01 22 
24-11-17 at 14:45:13:940 Recived 06 02 02 1E 00 1C 
24-11-17 at 14:45:13:955 Send 06 
24-11-17 at 14:45:13:970 Send 05 
24-11-17 at 14:45:13:985 Recived 15 
24-11-17 at 14:45:13:985 Send 06 
24-11-17 at 14:45:14:000 Send 02 26 1E 1E 00 00 00 04 0C 00 01 20 20 20 20 20 20 20 20 20 20 20 C4 CE C1 D0 CE 20 CF CE C6 C0 CB CE C2 C0 D2 DC 21 00 D5 
24-11-17 at 14:45:14:017 Recived 06 02 02 1E 00 1C 
24-11-17 at 14:45:14:032 Send 06 
24-11-17 at 14:45:14:047 Send 05 
24-11-17 at 14:45:14:062 Recived 15 
24-11-17 at 14:45:14:062 Send 06 
24-11-17 at 14:45:14:078 Send 02 29 1E 1E 00 00 00 04 0D 00 01 20 20 20 20 20 20 20 20 CE CE CE 20 CA EE EC EF E0 ED E8 FF 20 27 CA CE CB CE D0 CB CE CD 27 00 CB 
24-11-17 at 14:45:14:096 Recived 06 02 02 1E 00 1C 
24-11-17 at 14:45:14:111 Send 06 
24-11-17 at 14:45:14:126 Send 05 
24-11-17 at 14:45:14:141 Recived 15 
24-11-17 at 14:45:14:141 Send 06 
24-11-17 at 14:45:14:156 Send 02 2D 1E 1E 00 00 00 04 0E 00 01 20 20 20 20 20 CC E0 E3 E0 E7 E8 ED 20 27 C2 F1 E5 20 F2 EE E2 E0 F0 FB 20 E4 EB FF 20 E4 EE EC E0 27 20 00 DE 
24-11-17 at 14:45:14:173 Recived 06 02 02 1E 00 1C 
24-11-17 at 14:45:14:188 Send 06 
24-11-17 at 14:45:14:196 now clear port error ...
24-11-17 at 14:45:14:196 now write to port ...
24-11-17 at 14:45:14:330 ... done
24-11-17 at 14:45:14:338 Send 05 
24-11-17 at 14:45:14:353 Recived 15 
24-11-17 at 14:45:14:353 Send 06 
24-11-17 at 14:45:14:368 Send 02 06 1A 1E 00 00 00 79 7B 
24-11-17 at 14:45:14:383 Recived 06 02 09 1A 00 1E F0 55 00 00 00 00 A8 
24-11-17 at 14:45:14:398 Send 06 
24-11-17 at 14:45:16:597 Cardreader  Антонов Сергей 
24-11-17 at 14:45:16:603 Send 05 
24-11-17 at 14:45:16:618 Recived 15 
24-11-17 at 14:45:16:618 Send 06 
24-11-17 at 14:45:16:633 Send 02 20 1E 1E 00 00 00 02 1E 00 02 CA E0 F1 F1 E8 F0 20 C0 ED F2 EE ED EE E2 20 D1 E5 F0 E3 E5 E9 20 00 D7 
24-11-17 at 14:45:16:651 Recived 06 02 02 1E 00 1C 
24-11-17 at 14:45:16:666 Send 06 
24-11-17 at 14:45:16:673 now clear port error ...
24-11-17 at 14:45:16:673 now write to port ...
24-11-17 at 14:45:16:806 ... done
24-11-17 at 14:45:17:611 Send 05 
24-11-17 at 14:45:17:626 Recived 15 
24-11-17 at 14:45:17:626 Send 06 
24-11-17 at 14:45:17:641 Send 02 06 FF 39 1E 00 00 00 DE 
24-11-17 at 14:45:17:656 Recived 06 02 10 FF 39 00 00 00 00 00 00 00 00 00 00 00 00 00 00 D6 
24-11-17 at 14:45:17:671 Send 06 
24-11-17 at 14:45:19:675  Нажата клавиша F10.
24-11-17 at 14:45:19:675 114
24-11-17 at 14:45:19:675 014
24-11-17 at 14:45:19:676 115
24-11-17 at 14:45:19:676 015
24-11-17 at 14:45:19:677 total calculated
24-11-17 at 14:45:19:677 now show on display
24-11-17 at 14:45:19:677                     Всего:      31358.40
24-11-17 at 14:45:19:678 now clear port error ...
24-11-17 at 14:45:19:678 now write to port ...
24-11-17 at 14:45:19:811 ... done
24-11-17 at 14:45:19:872 Попытка очистки таблицы
24-11-17 at 14:45:19:873 Попытка очистки успешна
24-11-17 at 14:45:20:061 101
24-11-17 at 14:45:20:062 001
24-11-17 at 14:45:20:062 101
24-11-17 at 14:45:20:062 001
24-11-17 at 14:45:20:062 101
24-11-17 at 14:45:20:062 001
24-11-17 at 14:45:20:062 101
24-11-17 at 14:45:20:062 001
24-11-17 at 14:45:20:063 101
24-11-17 at 14:45:20:063 001
24-11-17 at 14:45:20:063 101
24-11-17 at 14:45:20:063 001
24-11-17 at 14:45:20:063 101
24-11-17 at 14:45:20:063 001
24-11-17 at 14:45:20:070 116
24-11-17 at 14:45:20:070 016
24-11-17 at 14:45:20:071 116
24-11-17 at 14:45:20:071 016
24-11-17 at 14:47:19:213 Send 05 
24-11-17 at 14:47:19:228 Recived 15 
24-11-17 at 14:47:19:228 Send 06 
24-11-17 at 14:47:19:243 Send 02 06 FF 39 1E 00 00 00 DE 
24-11-17 at 14:47:19:258 Recived 06 02 10 FF 39 00 00 00 00 00 00 00 00 00 00 00 00 00 00 D6 
24-11-17 at 14:47:19:273 Send 06 
24-11-17 at 14:49:20:425 Send 05 
24-11-17 at 14:49:20:440 Recived 15 
24-11-17 at 14:49:20:440 Send 06 
24-11-17 at 14:49:20:455 Send 02 06 FF 39 1E 00 00 00 DE 
24-11-17 at 14:49:20:470 Recived 06 02 10 FF 39 00 00 00 00 00 00 00 00 00 00 00 00 00 00 D6 
24-11-17 at 14:49:20:485 Send 06 
24-11-17 at 14:51:21:637 Send 05 
24-11-17 at 14:51:21:652 Recived 15 
24-11-17 at 14:51:21:652 Send 06 
24-11-17 at 14:51:21:667 Send 02 06 FF 39 1E 00 00 00 DE 
24-11-17 at 14:51:21:682 Recived 06 02 10 FF 39 00 00 00 00 00 00 00 00 00 00 00 00 00 00 D6 
24-11-17 at 14:51:21:697 Send 06 
24-11-17 at 14:53:22:849 Send 05 
24-11-17 at 14:53:22:864 Recived 15 
24-11-17 at 14:53:22:864 Send 06 
24-11-17 at 14:53:22:879 Send 02 06 FF 39 1E 00 00 00 DE 
24-11-17 at 14:53:22:894 Recived 06 02 10 FF 39 00 00 00 00 00 00 00 00 00 00 00 00 00 00 D6 
24-11-17 at 14:53:22:909 Send 06 
24-11-17 at 14:53:42:992 114
24-11-17 at 14:53:42:992 014
24-11-17 at 14:53:42:993 Попытка очистки таблицы
24-11-17 at 14:53:42:994 Попытка очистки успешна
24-11-17 at 14:53:43:973 total calculated
24-11-17 at 14:53:43:973 now show on display
24-11-17 at 14:53:43:973                     Всего:      31358.40
24-11-17 at 14:53:43:974 now clear port error ...
24-11-17 at 14:53:43:974 now write to port ...
24-11-17 at 14:53:44:107 ... done
24-11-17 at 14:53:44:109 total calculated
24-11-17 at 14:53:44:109 now show on display
24-11-17 at 14:53:44:109                     Всего:      31358.40
24-11-17 at 14:53:44:109 now clear port error ...
24-11-17 at 14:53:44:109 now write to port ...
24-11-17 at 14:53:44:280 ... done
24-11-17 at 14:53:44:281 111
24-11-17 at 14:53:44:281 Выход из программы
