05-10-17 at 18:33:37:096 Инициализация считана из файла
05-10-17 at 18:33:37:097 Чек загружен
05-10-17 at 18:33:37:097 total calculated
05-10-17 at 18:33:37:097 now show on display
05-10-17 at 18:33:37:098                     Всего:          0.00
05-10-17 at 18:33:37:098 now open port for display
05-10-17 at 18:33:37:099 Com port opened
05-10-17 at 18:33:37:099 now clear port error ...
05-10-17 at 18:33:37:099 now write to port ...
05-10-17 at 18:33:37:233 ... done
05-10-17 at 18:33:37:233 Чек сжат
05-10-17 at 18:33:37:233 Сумма чека посчитана
05-10-17 at 18:33:37:233 Кардридер создан
05-10-17 at 18:33:37:234 Задание запуска модулей создано
05-10-17 at 18:33:37:234 Сканер создан
05-10-17 at 18:33:37:234 Регистратор создан
05-10-17 at 18:33:37:234 Часы созданы
05-10-17 at 18:33:37:235 Регистратор запущен
05-10-17 at 18:33:37:235 Сканер запущен
05-10-17 at 18:33:37:235 Часы запущены
05-10-17 at 18:33:37:235 Кардридер запущен
05-10-17 at 18:33:37:236 Передача данных запущена
05-10-17 at 18:33:37:236 Вход в FRInit
05-10-17 at 18:33:37:251 Send 05 
05-10-17 at 18:33:37:266 Recived 15 
05-10-17 at 18:33:37:266 Send 06 
05-10-17 at 18:33:37:281 Send 02 05 11 1E 00 00 00 0A 
05-10-17 at 18:33:37:296 Recived 06 02 30 11 00 1E 43 31 6C 9E 0E 07 11 01 0A 00 B0 02 04 00 00 4E 41 00 00 01 01 10 05 0A 11 12 21 28 00 2E 5D 00 00 53 00 00 00 00 00 D2 E9 1E 42 01 00 46 
05-10-17 at 18:33:37:311 Send 06 
05-10-17 at 18:33:37:316 KKMStatus 
05-10-17 at 18:33:37:326 Send 05 
05-10-17 at 18:33:37:341 Recived 15 
05-10-17 at 18:33:37:341 Send 06 
05-10-17 at 18:33:37:356 Send 02 05 11 1E 00 00 00 0A 
05-10-17 at 18:33:37:371 Recived 06 02 30 11 00 1E 43 31 6C 9E 0E 07 11 01 0A 00 B0 02 04 00 00 4E 41 00 00 01 01 10 05 0A 11 12 21 28 00 2E 5D 00 00 53 00 00 00 00 00 D2 E9 1E 42 01 00 46 
05-10-17 at 18:33:37:386 Send 06 
05-10-17 at 18:33:37:396 KKMStatus 0400
05-10-17 at 18:33:37:396 Номер ФР считан
05-10-17 at 18:33:37:674 СУБД подключена
05-10-17 at 18:33:37:701 Send 05 
05-10-17 at 18:33:37:716 Recived 15 
05-10-17 at 18:33:37:716 Send 06 
05-10-17 at 18:33:37:731 Send 02 0B 1E 1E 00 00 00 06 01 00 01 00 00 0D 
05-10-17 at 18:33:37:746 Recived 06 02 02 1E 00 1C 
05-10-17 at 18:33:37:761 Send 06 
05-10-17 at 18:33:37:776 Send 05 
05-10-17 at 18:33:37:791 Recived 15 
05-10-17 at 18:33:37:791 Send 06 
05-10-17 at 18:33:37:806 Send 02 10 1E 1E 00 00 00 06 01 00 02 C1 E5 E7 20 CD C4 D1 2E 
05-10-17 at 18:33:37:822 Recived 06 02 02 1E 00 1C 
05-10-17 at 18:33:37:837 Send 06 
05-10-17 at 18:33:37:852 Send 05 
05-10-17 at 18:33:37:867 Recived 15 
05-10-17 at 18:33:37:867 Send 06 
05-10-17 at 18:33:37:882 Send 02 0B 1E 1E 00 00 00 06 02 00 01 E8 03 E5 
05-10-17 at 18:33:37:897 Recived 06 02 02 1E 00 1C 
05-10-17 at 18:33:37:912 Send 06 
05-10-17 at 18:33:37:927 Send 05 
05-10-17 at 18:33:37:942 Recived 15 
05-10-17 at 18:33:37:942 Send 06 
05-10-17 at 18:33:37:957 Send 02 10 1E 1E 00 00 00 06 02 00 02 CD C4 D1 20 31 30 25 CA 
05-10-17 at 18:33:37:973 Recived 06 02 02 1E 00 1C 
05-10-17 at 18:33:37:988 Send 06 
05-10-17 at 18:33:38:004 Send 05 
05-10-17 at 18:33:38:019 Recived 15 
05-10-17 at 18:33:38:019 Send 06 
05-10-17 at 18:33:38:034 Send 02 0B 1E 1E 00 00 00 06 03 00 01 08 07 00 
05-10-17 at 18:33:38:049 Recived 06 02 02 1E 00 1C 
05-10-17 at 18:33:38:064 Send 06 
05-10-17 at 18:33:38:079 Send 05 
05-10-17 at 18:33:38:094 Recived 15 
05-10-17 at 18:33:38:094 Send 06 
05-10-17 at 18:33:38:109 Send 02 10 1E 1E 00 00 00 06 03 00 02 CD C4 D1 20 31 38 25 C3 
05-10-17 at 18:33:38:125 Recived 06 02 02 1E 00 1C 
05-10-17 at 18:33:38:140 Send 06 
05-10-17 at 18:33:38:155 Send 05 
05-10-17 at 18:33:38:170 Recived 15 
05-10-17 at 18:33:38:170 Send 06 
05-10-17 at 18:33:38:185 Send 02 0A 1E 1E 00 00 00 01 01 00 01 01 0A 
05-10-17 at 18:33:38:200 Recived 06 02 02 1E 00 1C 
05-10-17 at 18:33:38:215 Send 06 
05-10-17 at 18:33:38:230 Send 05 
05-10-17 at 18:33:38:245 Recived 15 
05-10-17 at 18:33:38:245 Send 06 
05-10-17 at 18:33:38:260 Send 02 0A 1E 1E 00 00 00 01 01 00 05 02 0D 
05-10-17 at 18:33:38:275 Recived 06 02 02 1E 00 1C 
05-10-17 at 18:33:38:290 Send 06 
05-10-17 at 18:33:38:305 Send 05 
05-10-17 at 18:33:38:320 Recived 15 
05-10-17 at 18:33:38:320 Send 06 
05-10-17 at 18:33:38:335 Send 02 0A 1E 1E 00 00 00 01 01 00 23 01 28 
05-10-17 at 18:33:38:350 Recived 06 02 02 1E 00 1C 
05-10-17 at 18:33:38:365 Send 06 
05-10-17 at 18:33:38:380 Send 05 
05-10-17 at 18:33:38:395 Recived 15 
05-10-17 at 18:33:38:395 Send 06 
05-10-17 at 18:33:38:410 Send 02 0A 1E 1E 00 00 00 01 01 00 06 00 0C 
05-10-17 at 18:33:38:425 Recived 06 02 02 1E 00 1C 
05-10-17 at 18:33:38:440 Send 06 
05-10-17 at 18:33:38:455 Send 05 
05-10-17 at 18:33:38:470 Recived 15 
05-10-17 at 18:33:38:470 Send 06 
05-10-17 at 18:33:38:485 Send 02 0A 1E 1E 00 00 00 01 01 00 07 01 0C 
05-10-17 at 18:33:38:500 Recived 06 02 02 1E 00 1C 
05-10-17 at 18:33:38:515 Send 06 
05-10-17 at 18:33:38:530 Send 05 
05-10-17 at 18:33:38:545 Recived 15 
05-10-17 at 18:33:38:545 Send 06 
05-10-17 at 18:33:38:560 Send 02 0A 1E 1E 00 00 00 01 01 00 14 01 1F 
05-10-17 at 18:33:38:575 Recived 06 02 02 1E 00 1C 
05-10-17 at 18:33:38:590 Send 06 
05-10-17 at 18:33:38:605 Send 05 
05-10-17 at 18:33:38:620 Recived 15 
05-10-17 at 18:33:38:620 Send 06 
05-10-17 at 18:33:38:635 Send 02 0A 1E 1E 00 00 00 01 01 00 15 01 1E 
05-10-17 at 18:33:38:650 Recived 06 02 02 1E 00 1C 
05-10-17 at 18:33:38:665 Send 06 
05-10-17 at 18:33:38:680 Send 05 
05-10-17 at 18:33:38:695 Recived 15 
05-10-17 at 18:33:38:695 Send 06 
05-10-17 at 18:33:38:710 Send 02 0A 1E 1E 00 00 00 01 01 00 0F 00 05 
05-10-17 at 18:33:38:725 Recived 06 02 02 1E 00 1C 
05-10-17 at 18:33:38:740 Send 06 
05-10-17 at 18:33:38:755 Send 05 
05-10-17 at 18:33:38:770 Recived 15 
05-10-17 at 18:33:38:770 Send 06 
05-10-17 at 18:33:38:785 Send 02 0A 1E 1E 00 00 00 01 01 00 11 00 1B 
05-10-17 at 18:33:38:800 Recived 06 02 02 1E 00 1C 
05-10-17 at 18:33:38:815 Send 06 
05-10-17 at 18:33:38:830 Send 05 
05-10-17 at 18:33:38:845 Recived 15 
05-10-17 at 18:33:38:845 Send 06 
05-10-17 at 18:33:38:860 Send 02 0A 1E 1E 00 00 00 11 01 00 03 02 1B 
05-10-17 at 18:33:38:875 Recived 06 02 02 1E 00 1C 
05-10-17 at 18:33:38:890 Send 06 
05-10-17 at 18:33:38:905 Send 05 
05-10-17 at 18:33:38:920 Recived 15 
05-10-17 at 18:33:38:920 Send 06 
05-10-17 at 18:33:38:935 Send 02 0A 1E 1E 00 00 00 01 01 00 29 01 22 
05-10-17 at 18:33:38:950 Recived 06 02 02 1E 00 1C 
05-10-17 at 18:33:38:965 Send 06 
05-10-17 at 18:33:38:980 Send 05 
05-10-17 at 18:33:38:995 Recived 15 
05-10-17 at 18:33:38:995 Send 06 
05-10-17 at 18:33:39:010 Send 02 26 1E 1E 00 00 00 04 0C 00 01 20 20 20 20 20 20 20 20 20 20 20 C4 CE C1 D0 CE 20 CF CE C6 C0 CB CE C2 C0 D2 DC 21 00 D5 
05-10-17 at 18:33:39:028 Recived 06 02 02 1E 00 1C 
05-10-17 at 18:33:39:043 Send 06 
05-10-17 at 18:33:39:058 Send 05 
05-10-17 at 18:33:39:073 Recived 15 
05-10-17 at 18:33:39:073 Send 06 
05-10-17 at 18:33:39:088 Send 02 29 1E 1E 00 00 00 04 0D 00 01 20 20 20 20 20 20 20 20 CE CE CE 20 CA EE EC EF E0 ED E8 FF 20 27 CA CE CB CE D0 CB CE CD 27 00 CB 
05-10-17 at 18:33:39:106 Recived 06 02 02 1E 00 1C 
05-10-17 at 18:33:39:121 Send 06 
05-10-17 at 18:33:39:136 Send 05 
05-10-17 at 18:33:39:151 Recived 15 
05-10-17 at 18:33:39:151 Send 06 
05-10-17 at 18:33:39:166 Send 02 2D 1E 1E 00 00 00 04 0E 00 01 20 20 20 20 20 CC E0 E3 E0 E7 E8 ED 20 27 C2 F1 E5 20 F2 EE E2 E0 F0 FB 20 E4 EB FF 20 E4 EE EC E0 27 20 00 DE 
05-10-17 at 18:33:39:184 Recived 06 02 02 1E 00 1C 
05-10-17 at 18:33:39:199 Send 06 
05-10-17 at 18:33:39:332 now clear port error ...
05-10-17 at 18:33:39:333 now write to port ...
05-10-17 at 18:33:39:466 ... done
05-10-17 at 18:33:39:499 Send 05 
05-10-17 at 18:33:39:514 Recived 15 
05-10-17 at 18:33:39:514 Send 06 
05-10-17 at 18:33:39:529 Send 02 06 1A 1E 00 00 00 79 7B 
05-10-17 at 18:33:39:544 Recived 06 02 09 1A 00 1E 00 00 00 00 00 00 0D 
05-10-17 at 18:33:39:559 Send 06 
05-10-17 at 18:33:41:795 Cardreader  Антонов Сергей 
05-10-17 at 18:33:41:809 Send 05 
05-10-17 at 18:33:41:827 Recived 15 
05-10-17 at 18:33:41:827 Send 06 
05-10-17 at 18:33:41:843 Send 02 20 1E 1E 00 00 00 02 1E 00 02 CA E0 F1 F1 E8 F0 20 C0 ED F2 EE ED EE E2 20 D1 E5 F0 E3 E5 E9 20 00 D7 
05-10-17 at 18:33:41:861 Recived 06 02 02 1E 00 1C 
05-10-17 at 18:33:41:876 Send 06 
05-10-17 at 18:33:41:880 now clear port error ...
05-10-17 at 18:33:41:880 now write to port ...
05-10-17 at 18:33:42:013 ... done
05-10-17 at 18:33:42:806 Send 05 
05-10-17 at 18:33:42:821 Recived 15 
05-10-17 at 18:33:42:821 Send 06 
05-10-17 at 18:33:42:836 Send 02 06 FF 39 1E 00 00 00 DE 
05-10-17 at 18:33:42:851 Recived 06 02 10 FF 39 00 00 00 00 00 00 00 00 00 00 00 00 00 00 D6 
05-10-17 at 18:33:42:866 Send 06 
05-10-17 at 18:33:49:692 Send 05 
05-10-17 at 18:33:49:707 Recived 15 
05-10-17 at 18:33:49:707 Send 06 
05-10-17 at 18:33:49:722 Send 02 2E 17 1E 00 00 00 03 20 20 CF EE E4 E0 F0 EE F7 ED FB E5 20 EA E0 F0 F2 FB 20 ED E5 20 EF F0 EE E4 E0 E2 E0 EB E8 F1 FC 00 00 00 00 00 00 00 39 
05-10-17 at 18:33:49:741 Recived 06 02 03 17 00 1E 0A 
05-10-17 at 18:33:49:756 Send 06 
05-10-17 at 18:33:49:771 Send 05 
05-10-17 at 18:33:49:786 Recived 15 
05-10-17 at 18:33:49:786 Send 06 
05-10-17 at 18:33:49:801 Send 02 2E 17 1E 00 00 00 03 2D 2D 2D 2D 2D 2D 2D 2D 2D 2D 2D 2D 2D 2D 2D 2D 2D 2D 2D 2D 2D 2D 2D 2D 2D 2D 2D 2D 2D 2D 2D 2D 2D 2D 2D 2D 2D 2D 2D 2D 24 
05-10-17 at 18:33:49:820 Recived 06 02 03 17 00 1E 0A 
05-10-17 at 18:33:49:835 Send 06 
05-10-17 at 18:33:49:850 Send 05 
05-10-17 at 18:33:49:865 Recived 15 
05-10-17 at 18:33:49:865 Send 06 
05-10-17 at 18:33:49:880 Send 02 05 41 1E 00 00 00 5A 
05-10-17 at 18:33:49:895 Recived 06 02 02 41 73 30 
05-10-17 at 18:33:49:910 Send 06 
05-10-17 at 18:33:49:922 111
05-10-17 at 18:33:49:939 111
05-10-17 at 18:33:54:890 Send 05 
05-10-17 at 18:33:54:905 Recived 15 
05-10-17 at 18:33:54:905 Send 06 
05-10-17 at 18:33:54:920 Send 02 08 21 1E 00 00 00 12 21 36 32 
05-10-17 at 18:33:54:935 Recived 06 02 02 21 00 23 
05-10-17 at 18:33:54:950 Send 06 
05-10-17 at 18:33:54:965 Send 05 
05-10-17 at 18:33:54:980 Recived 15 
05-10-17 at 18:33:54:980 Send 06 
05-10-17 at 18:33:54:995 Send 02 05 11 1E 00 00 00 0A 
05-10-17 at 18:33:55:010 Recived 06 02 30 11 00 1E 43 31 6C 9E 0E 07 11 01 0A 00 B0 02 04 00 00 4E 41 00 00 01 01 10 05 0A 11 12 21 36 00 2E 5D 00 00 53 00 00 00 00 00 D2 E9 1E 42 01 00 58 
05-10-17 at 18:33:55:025 Send 06 
05-10-17 at 18:33:55:035 KKMStatus 
05-10-17 at 18:33:55:040 Send 05 
05-10-17 at 18:33:55:055 Recived 15 
05-10-17 at 18:33:55:055 Send 06 
05-10-17 at 18:33:55:070 Send 02 05 E0 1E 00 00 00 FB 
05-10-17 at 18:33:55:085 Recived 06 
05-10-17 at 18:33:56:090 Send 05 
05-10-17 at 18:33:56:240 Recived 02 03 E0 00 1E FD 
05-10-17 at 18:33:56:255 Send 06 
05-10-17 at 18:34:01:836 Send 05 
05-10-17 at 18:34:01:851 Recived 15 
05-10-17 at 18:34:01:851 Send 06 
05-10-17 at 18:34:01:866 Send 02 2E 17 1E 00 00 00 03 20 20 CF EE E4 E0 F0 EE F7 ED FB E5 20 EA E0 F0 F2 FB 20 ED E5 20 EF F0 EE E4 E0 E2 E0 EB E8 F1 FC 00 00 00 00 00 00 00 39 
05-10-17 at 18:34:01:885 Recived 06 02 03 17 00 1E 0A 
05-10-17 at 18:34:01:900 Send 06 
05-10-17 at 18:34:01:915 Send 05 
05-10-17 at 18:34:01:930 Recived 15 
05-10-17 at 18:34:01:930 Send 06 
05-10-17 at 18:34:01:945 Send 02 2E 17 1E 00 00 00 03 2D 2D 2D 2D 2D 2D 2D 2D 2D 2D 2D 2D 2D 2D 2D 2D 2D 2D 2D 2D 2D 2D 2D 2D 2D 2D 2D 2D 2D 2D 2D 2D 2D 2D 2D 2D 2D 2D 2D 2D 24 
05-10-17 at 18:34:01:964 Recived 06 02 03 17 00 1E 0A 
05-10-17 at 18:34:01:979 Send 06 
05-10-17 at 18:34:01:994 Send 05 
05-10-17 at 18:34:02:009 Recived 15 
05-10-17 at 18:34:02:009 Send 06 
05-10-17 at 18:34:02:024 Send 02 05 41 1E 00 00 00 5A 
05-10-17 at 18:34:02:039 Recived 06 
05-10-17 at 18:34:02:399 Recived 02 03 41 00 00 42 
05-10-17 at 18:34:02:414 Send 06 
05-10-17 at 18:34:02:423 111
05-10-17 at 18:34:05:326 total calculated
05-10-17 at 18:34:05:326 now show on display
05-10-17 at 18:34:05:326                     Всего:          0.00
05-10-17 at 18:34:05:327 now clear port error ...
05-10-17 at 18:34:05:327 now write to port ...
05-10-17 at 18:34:05:460 ... done
05-10-17 at 18:34:05:461 total calculated
05-10-17 at 18:34:05:461 now show on display
05-10-17 at 18:34:05:461                     Всего:          0.00
05-10-17 at 18:34:05:462 now clear port error ...
05-10-17 at 18:34:05:462 now write to port ...
05-10-17 at 18:34:05:632 ... done
05-10-17 at 18:34:05:634 111
