15-11-17 at 14:46:10:744 Запуск программы. Инициализация считана из файла
15-11-17 at 14:46:10:745 Чек загружен.
15-11-17 at 14:46:10:745 Платежи по картам восстановлены
15-11-17 at 14:46:10:746 total calculated
15-11-17 at 14:46:10:746 now show on display
15-11-17 at 14:46:10:746                     Всего:       3810.00
15-11-17 at 14:46:10:747 now open port for display
15-11-17 at 14:46:10:748 Com port opened
15-11-17 at 14:46:10:748 now clear port error ...
15-11-17 at 14:46:10:748 now write to port ...
15-11-17 at 14:46:10:881 ... done
15-11-17 at 14:46:10:882 Чек сжат
15-11-17 at 14:46:10:882 Сумма чека посчитана
15-11-17 at 14:46:10:882 Кардридер создан
15-11-17 at 14:46:10:882 Задание запуска модулей создано
15-11-17 at 14:46:10:883 Сканер создан
15-11-17 at 14:46:10:883 Регистратор создан
15-11-17 at 14:46:10:883 Часы созданы
15-11-17 at 14:46:10:883 Регистратор запущен
15-11-17 at 14:46:10:883 Сканер запущен
15-11-17 at 14:46:10:884 Часы запущены
15-11-17 at 14:46:10:884 Кардридер запущен
15-11-17 at 14:46:10:884 Передача данных запущена
15-11-17 at 14:46:10:884 Вход в FRInit
15-11-17 at 14:46:10:885 Вход в GetStatus
15-11-17 at 14:46:10:899 Send 05 
15-11-17 at 14:46:10:914 Recived 15 
15-11-17 at 14:46:10:914 Send 06 
15-11-17 at 14:46:10:929 Send 02 05 11 1E 00 00 00 0A 
15-11-17 at 14:46:10:944 Recived 06 02 30 11 00 1E 43 31 6C 9E 0E 07 11 01 42 00 B2 02 04 00 00 4E 41 00 00 01 01 10 0F 0B 11 0E 2E 0B 00 2E 5D 00 00 60 00 00 00 00 00 D2 E9 1E 42 01 00 04 
15-11-17 at 14:46:10:959 Send 06 
15-11-17 at 14:46:10:965 KKMStatus 0000
15-11-17 at 14:46:10:974 Send 05 
15-11-17 at 14:46:10:989 Recived 15 
15-11-17 at 14:46:10:989 Send 06 
15-11-17 at 14:46:11:004 Send 02 05 11 1E 00 00 00 0A 
15-11-17 at 14:46:11:019 Recived 06 02 30 11 00 1E 43 31 6C 9E 0E 07 11 01 42 00 B2 02 04 00 00 4E 41 00 00 01 01 10 0F 0B 11 0E 2E 0B 00 2E 5D 00 00 60 00 00 00 00 00 D2 E9 1E 42 01 00 04 
15-11-17 at 14:46:11:034 Send 06 
15-11-17 at 14:46:11:035 KKMStatus 0400
15-11-17 at 14:46:11:035 Номер ФР считан
15-11-17 at 14:46:11:207 СУБД подключена
15-11-17 at 14:46:11:221 Send 05 
15-11-17 at 14:46:11:236 Recived 15 
15-11-17 at 14:46:11:236 Send 06 
15-11-17 at 14:46:11:251 Send 02 0B 1E 1E 00 00 00 06 03 00 01 00 00 0F 
15-11-17 at 14:46:11:266 Recived 06 02 02 1E 00 1C 
15-11-17 at 14:46:11:281 Send 06 
15-11-17 at 14:46:11:296 Send 05 
15-11-17 at 14:46:11:311 Recived 15 
15-11-17 at 14:46:11:311 Send 06 
15-11-17 at 14:46:11:326 Send 02 10 1E 1E 00 00 00 06 03 00 02 CD C4 D1 20 30 25 00 FA 
15-11-17 at 14:46:11:342 Recived 06 02 02 1E 00 1C 
15-11-17 at 14:46:11:357 Send 06 
15-11-17 at 14:46:11:372 Send 05 
15-11-17 at 14:46:11:387 Recived 15 
15-11-17 at 14:46:11:387 Send 06 
15-11-17 at 14:46:11:402 Send 02 0B 1E 1E 00 00 00 06 03 00 01 E8 03 E4 
15-11-17 at 14:46:11:417 Recived 06 02 02 1E 00 1C 
15-11-17 at 14:46:11:432 Send 06 
15-11-17 at 14:46:11:447 Send 05 
15-11-17 at 14:46:11:462 Recived 15 
15-11-17 at 14:46:11:462 Send 06 
15-11-17 at 14:46:11:477 Send 02 10 1E 1E 00 00 00 06 02 00 02 CD C4 D1 20 31 30 25 CA 
15-11-17 at 14:46:11:493 Recived 06 02 02 1E 00 1C 
15-11-17 at 14:46:11:508 Send 06 
15-11-17 at 14:46:11:523 Send 05 
15-11-17 at 14:46:11:538 Recived 15 
15-11-17 at 14:46:11:538 Send 06 
15-11-17 at 14:46:11:553 Send 02 0B 1E 1E 00 00 00 06 01 00 01 08 07 02 
15-11-17 at 14:46:11:568 Recived 06 02 02 1E 00 1C 
15-11-17 at 14:46:11:583 Send 06 
15-11-17 at 14:46:11:598 Send 05 
15-11-17 at 14:46:11:613 Recived 15 
15-11-17 at 14:46:11:613 Send 06 
15-11-17 at 14:46:11:628 Send 02 10 1E 1E 00 00 00 06 01 00 02 CD C4 D1 20 31 38 25 C1 
15-11-17 at 14:46:11:644 Recived 06 02 02 1E 00 1C 
15-11-17 at 14:46:11:659 Send 06 
15-11-17 at 14:46:11:674 Send 05 
15-11-17 at 14:46:11:689 Recived 15 
15-11-17 at 14:46:11:689 Send 06 
15-11-17 at 14:46:11:704 Send 02 0A 1E 1E 00 00 00 01 01 00 01 01 0A 
15-11-17 at 14:46:11:719 Recived 06 02 02 1E 00 1C 
15-11-17 at 14:46:11:734 Send 06 
15-11-17 at 14:46:11:749 Send 05 
15-11-17 at 14:46:11:764 Recived 15 
15-11-17 at 14:46:11:764 Send 06 
15-11-17 at 14:46:11:779 Send 02 0A 1E 1E 00 00 00 01 01 00 05 02 0D 
15-11-17 at 14:46:11:794 Recived 06 02 02 1E 00 1C 
15-11-17 at 14:46:11:809 Send 06 
15-11-17 at 14:46:11:824 Send 05 
15-11-17 at 14:46:11:839 Recived 15 
15-11-17 at 14:46:11:839 Send 06 
15-11-17 at 14:46:11:854 Send 02 0A 1E 1E 00 00 00 01 01 00 23 01 28 
15-11-17 at 14:46:11:869 Recived 06 02 02 1E 00 1C 
15-11-17 at 14:46:11:884 Send 06 
15-11-17 at 14:46:11:899 Send 05 
15-11-17 at 14:46:11:914 Recived 15 
15-11-17 at 14:46:11:914 Send 06 
15-11-17 at 14:46:11:929 Send 02 0A 1E 1E 00 00 00 01 01 00 06 00 0C 
15-11-17 at 14:46:11:944 Recived 06 02 02 1E 00 1C 
15-11-17 at 14:46:11:959 Send 06 
15-11-17 at 14:46:11:974 Send 05 
15-11-17 at 14:46:11:989 Recived 15 
15-11-17 at 14:46:11:989 Send 06 
15-11-17 at 14:46:12:004 Send 02 0A 1E 1E 00 00 00 01 01 00 07 01 0C 
15-11-17 at 14:46:12:019 Recived 06 02 02 1E 00 1C 
15-11-17 at 14:46:12:034 Send 06 
15-11-17 at 14:46:12:049 Send 05 
15-11-17 at 14:46:12:064 Recived 15 
15-11-17 at 14:46:12:064 Send 06 
15-11-17 at 14:46:12:079 Send 02 0A 1E 1E 00 00 00 01 01 00 14 01 1F 
15-11-17 at 14:46:12:094 Recived 06 02 02 1E 00 1C 
15-11-17 at 14:46:12:109 Send 06 
15-11-17 at 14:46:12:124 Send 05 
15-11-17 at 14:46:12:139 Recived 15 
15-11-17 at 14:46:12:139 Send 06 
15-11-17 at 14:46:12:154 Send 02 0A 1E 1E 00 00 00 01 01 00 15 01 1E 
15-11-17 at 14:46:12:169 Recived 06 02 02 1E 00 1C 
15-11-17 at 14:46:12:184 Send 06 
15-11-17 at 14:46:12:199 Send 05 
15-11-17 at 14:46:12:214 Recived 15 
15-11-17 at 14:46:12:214 Send 06 
15-11-17 at 14:46:12:229 Send 02 0A 1E 1E 00 00 00 01 01 00 0F 00 05 
15-11-17 at 14:46:12:244 Recived 06 02 02 1E 00 1C 
15-11-17 at 14:46:12:259 Send 06 
15-11-17 at 14:46:12:274 Send 05 
15-11-17 at 14:46:12:289 Recived 15 
15-11-17 at 14:46:12:289 Send 06 
15-11-17 at 14:46:12:304 Send 02 0A 1E 1E 00 00 00 01 01 00 11 00 1B 
15-11-17 at 14:46:12:319 Recived 06 02 02 1E 00 1C 
15-11-17 at 14:46:12:334 Send 06 
15-11-17 at 14:46:12:349 Send 05 
15-11-17 at 14:46:12:364 Recived 15 
15-11-17 at 14:46:12:364 Send 06 
15-11-17 at 14:46:12:379 Send 02 0A 1E 1E 00 00 00 11 01 00 03 02 1B 
15-11-17 at 14:46:12:394 Recived 06 02 02 1E 00 1C 
15-11-17 at 14:46:12:409 Send 06 
15-11-17 at 14:46:12:424 Send 05 
15-11-17 at 14:46:12:439 Recived 15 
15-11-17 at 14:46:12:439 Send 06 
15-11-17 at 14:46:12:454 Send 02 0A 1E 1E 00 00 00 01 01 00 29 01 22 
15-11-17 at 14:46:12:469 Recived 06 02 02 1E 00 1C 
15-11-17 at 14:46:12:484 Send 06 
15-11-17 at 14:46:12:499 Send 05 
15-11-17 at 14:46:12:514 Recived 15 
15-11-17 at 14:46:12:514 Send 06 
15-11-17 at 14:46:12:529 Send 02 26 1E 1E 00 00 00 04 0C 00 01 20 20 20 20 20 20 20 20 20 20 20 C4 CE C1 D0 CE 20 CF CE C6 C0 CB CE C2 C0 D2 DC 21 00 D5 
15-11-17 at 14:46:12:547 Recived 06 02 02 1E 00 1C 
15-11-17 at 14:46:12:562 Send 06 
15-11-17 at 14:46:12:577 Send 05 
15-11-17 at 14:46:12:592 Recived 15 
15-11-17 at 14:46:12:592 Send 06 
15-11-17 at 14:46:12:607 Send 02 29 1E 1E 00 00 00 04 0D 00 01 20 20 20 20 20 20 20 20 CE CE CE 20 CA EE EC EF E0 ED E8 FF 20 27 CA CE CB CE D0 CB CE CD 27 00 CB 
15-11-17 at 14:46:12:625 Recived 06 02 02 1E 00 1C 
15-11-17 at 14:46:12:640 Send 06 
15-11-17 at 14:46:12:655 Send 05 
15-11-17 at 14:46:12:670 Recived 15 
15-11-17 at 14:46:12:670 Send 06 
15-11-17 at 14:46:12:685 Send 02 2D 1E 1E 00 00 00 04 0E 00 01 20 20 20 20 20 CC E0 E3 E0 E7 E8 ED 20 27 C2 F1 E5 20 F2 EE E2 E0 F0 FB 20 E4 EB FF 20 E4 EE EC E0 27 20 00 DE 
15-11-17 at 14:46:12:703 Recived 06 02 02 1E 00 1C 
15-11-17 at 14:46:12:718 Send 06 
15-11-17 at 14:46:12:818 now clear port error ...
15-11-17 at 14:46:12:818 now write to port ...
15-11-17 at 14:46:12:952 ... done
15-11-17 at 14:46:12:973 Send 05 
15-11-17 at 14:46:12:988 Recived 15 
15-11-17 at 14:46:12:988 Send 06 
15-11-17 at 14:46:13:003 Send 02 06 1A 1E 00 00 00 79 7B 
15-11-17 at 14:46:13:018 Recived 06 02 09 1A 00 1E 00 00 00 00 00 00 0D 
15-11-17 at 14:46:13:033 Send 06 
15-11-17 at 14:46:15:479 Cardreader  Антонов Сергей 
15-11-17 at 14:46:15:494 Send 05 
15-11-17 at 14:46:15:509 Recived 15 
15-11-17 at 14:46:15:509 Send 06 
15-11-17 at 14:46:15:524 Send 02 20 1E 1E 00 00 00 02 1E 00 02 CA E0 F1 F1 E8 F0 20 C0 ED F2 EE ED EE E2 20 D1 E5 F0 E3 E5 E9 20 00 D7 
15-11-17 at 14:46:15:542 Recived 06 02 02 1E 00 1C 
15-11-17 at 14:46:15:557 Send 06 
15-11-17 at 14:46:15:560 now clear port error ...
15-11-17 at 14:46:15:560 now write to port ...
15-11-17 at 14:46:15:694 ... done
15-11-17 at 14:46:16:487 Send 05 
15-11-17 at 14:46:16:502 Recived 15 
15-11-17 at 14:46:16:502 Send 06 
15-11-17 at 14:46:16:517 Send 02 06 FF 39 1E 00 00 00 DE 
15-11-17 at 14:46:16:532 Recived 06 02 10 FF 39 00 00 00 00 00 00 00 00 00 00 00 00 00 00 D6 
15-11-17 at 14:46:16:547 Send 06 
15-11-17 at 14:46:17:782 total calculated
15-11-17 at 14:46:17:782 now show on display
15-11-17 at 14:46:17:782                     Всего:       3810.00
15-11-17 at 14:46:17:782 now clear port error ...
15-11-17 at 14:46:17:783 now write to port ...
15-11-17 at 14:46:17:916 ... done
15-11-17 at 14:46:17:917 total calculated
15-11-17 at 14:46:17:918 now show on display
15-11-17 at 14:46:17:918                     Всего:       3810.00
15-11-17 at 14:46:17:918 now clear port error ...
15-11-17 at 14:46:17:918 now write to port ...
15-11-17 at 14:46:18:088 ... done
15-11-17 at 14:46:18:090 111
15-11-17 at 14:46:18:090 Выход из программы
15-11-17 at 14:46:25:236 Запуск программы. Инициализация считана из файла
15-11-17 at 14:46:25:236 Чек загружен.
15-11-17 at 14:46:25:237 Платежи по картам восстановлены
15-11-17 at 14:46:25:237 total calculated
15-11-17 at 14:46:25:238 now show on display
15-11-17 at 14:46:25:238                     Всего:       3810.00
15-11-17 at 14:46:25:238 now open port for display
15-11-17 at 14:46:25:239 Com port opened
15-11-17 at 14:46:25:239 now clear port error ...
15-11-17 at 14:46:25:239 now write to port ...
15-11-17 at 14:46:25:372 ... done
15-11-17 at 14:46:25:373 Чек сжат
15-11-17 at 14:46:25:373 Сумма чека посчитана
15-11-17 at 14:46:25:374 Кардридер создан
15-11-17 at 14:46:25:374 Задание запуска модулей создано
15-11-17 at 14:46:25:374 Сканер создан
15-11-17 at 14:46:25:375 Регистратор создан
15-11-17 at 14:46:25:375 Часы созданы
15-11-17 at 14:46:25:376 Регистратор запущен
15-11-17 at 14:46:25:376 Сканер запущен
15-11-17 at 14:46:25:376 Часы запущены
15-11-17 at 14:46:25:377 Кардридер запущен
15-11-17 at 14:46:25:378 Передача данных запущена
15-11-17 at 14:46:25:379 Вход в FRInit
15-11-17 at 14:46:25:379 Вход в GetStatus
15-11-17 at 14:46:25:392 Send 05 
15-11-17 at 14:46:25:407 Recived 15 
15-11-17 at 14:46:25:407 Send 06 
15-11-17 at 14:46:25:422 Send 02 05 11 1E 00 00 00 0A 
15-11-17 at 14:46:25:437 Recived 06 02 30 11 00 1E 43 31 6C 9E 0E 07 11 01 42 00 B2 02 04 00 00 4E 41 00 00 01 01 10 0F 0B 11 0E 2E 1A 00 2E 5D 00 00 60 00 00 00 00 00 D2 E9 1E 42 01 00 15 
15-11-17 at 14:46:25:452 Send 06 
15-11-17 at 14:46:25:459 KKMStatus 0000
15-11-17 at 14:46:25:467 Send 05 
15-11-17 at 14:46:25:482 Recived 15 
15-11-17 at 14:46:25:482 Send 06 
15-11-17 at 14:46:25:497 Send 02 05 11 1E 00 00 00 0A 
15-11-17 at 14:46:25:512 Recived 06 02 30 11 00 1E 43 31 6C 9E 0E 07 11 01 42 00 B2 02 04 00 00 4E 41 00 00 01 01 10 0F 0B 11 0E 2E 1A 00 2E 5D 00 00 60 00 00 00 00 00 D2 E9 1E 42 01 00 15 
15-11-17 at 14:46:25:527 Send 06 
15-11-17 at 14:46:25:529 KKMStatus 0400
15-11-17 at 14:46:25:529 Номер ФР считан
15-11-17 at 14:46:25:692 СУБД подключена
15-11-17 at 14:46:25:714 Send 05 
15-11-17 at 14:46:25:729 Recived 15 
15-11-17 at 14:46:25:729 Send 06 
15-11-17 at 14:46:25:744 Send 02 0B 1E 1E 00 00 00 06 03 00 01 00 00 0F 
15-11-17 at 14:46:25:759 Recived 06 02 02 1E 00 1C 
15-11-17 at 14:46:25:774 Send 06 
15-11-17 at 14:46:25:789 Send 05 
15-11-17 at 14:46:25:804 Recived 15 
15-11-17 at 14:46:25:804 Send 06 
15-11-17 at 14:46:25:819 Send 02 10 1E 1E 00 00 00 06 03 00 02 CD C4 D1 20 30 25 00 FA 
15-11-17 at 14:46:25:835 Recived 06 02 02 1E 00 1C 
15-11-17 at 14:46:25:850 Send 06 
15-11-17 at 14:46:25:865 Send 05 
15-11-17 at 14:46:25:880 Recived 15 
15-11-17 at 14:46:25:880 Send 06 
15-11-17 at 14:46:25:895 Send 02 0B 1E 1E 00 00 00 06 03 00 01 E8 03 E4 
15-11-17 at 14:46:25:910 Recived 06 02 02 1E 00 1C 
15-11-17 at 14:46:25:925 Send 06 
15-11-17 at 14:46:25:940 Send 05 
15-11-17 at 14:46:25:955 Recived 15 
15-11-17 at 14:46:25:955 Send 06 
15-11-17 at 14:46:25:970 Send 02 10 1E 1E 00 00 00 06 02 00 02 CD C4 D1 20 31 30 25 CA 
15-11-17 at 14:46:25:986 Recived 06 02 02 1E 00 1C 
15-11-17 at 14:46:26:001 Send 06 
15-11-17 at 14:46:26:016 Send 05 
15-11-17 at 14:46:26:031 Recived 15 
15-11-17 at 14:46:26:031 Send 06 
15-11-17 at 14:46:26:046 Send 02 0B 1E 1E 00 00 00 06 01 00 01 08 07 02 
15-11-17 at 14:46:26:061 Recived 06 02 02 1E 00 1C 
15-11-17 at 14:46:26:076 Send 06 
15-11-17 at 14:46:26:091 Send 05 
15-11-17 at 14:46:26:106 Recived 15 
15-11-17 at 14:46:26:106 Send 06 
15-11-17 at 14:46:26:121 Send 02 10 1E 1E 00 00 00 06 01 00 02 CD C4 D1 20 31 38 25 C1 
15-11-17 at 14:46:26:137 Recived 06 02 02 1E 00 1C 
15-11-17 at 14:46:26:152 Send 06 
15-11-17 at 14:46:26:167 Send 05 
15-11-17 at 14:46:26:182 Recived 15 
15-11-17 at 14:46:26:182 Send 06 
15-11-17 at 14:46:26:197 Send 02 0A 1E 1E 00 00 00 01 01 00 01 01 0A 
15-11-17 at 14:46:26:212 Recived 06 02 02 1E 00 1C 
15-11-17 at 14:46:26:227 Send 06 
15-11-17 at 14:46:26:242 Send 05 
15-11-17 at 14:46:26:257 Recived 15 
15-11-17 at 14:46:26:257 Send 06 
15-11-17 at 14:46:26:272 Send 02 0A 1E 1E 00 00 00 01 01 00 05 02 0D 
15-11-17 at 14:46:26:287 Recived 06 02 02 1E 00 1C 
15-11-17 at 14:46:26:302 Send 06 
15-11-17 at 14:46:26:317 Send 05 
15-11-17 at 14:46:26:332 Recived 15 
15-11-17 at 14:46:26:332 Send 06 
15-11-17 at 14:46:26:347 Send 02 0A 1E 1E 00 00 00 01 01 00 23 01 28 
15-11-17 at 14:46:26:362 Recived 06 02 02 1E 00 1C 
15-11-17 at 14:46:26:377 Send 06 
15-11-17 at 14:46:26:392 Send 05 
15-11-17 at 14:46:26:407 Recived 15 
15-11-17 at 14:46:26:407 Send 06 
15-11-17 at 14:46:26:422 Send 02 0A 1E 1E 00 00 00 01 01 00 06 00 0C 
15-11-17 at 14:46:26:437 Recived 06 02 02 1E 00 1C 
15-11-17 at 14:46:26:452 Send 06 
15-11-17 at 14:46:26:467 Send 05 
15-11-17 at 14:46:26:482 Recived 15 
15-11-17 at 14:46:26:482 Send 06 
15-11-17 at 14:46:26:497 Send 02 0A 1E 1E 00 00 00 01 01 00 07 01 0C 
15-11-17 at 14:46:26:512 Recived 06 02 02 1E 00 1C 
15-11-17 at 14:46:26:527 Send 06 
15-11-17 at 14:46:26:542 Send 05 
15-11-17 at 14:46:26:557 Recived 15 
15-11-17 at 14:46:26:557 Send 06 
15-11-17 at 14:46:26:572 Send 02 0A 1E 1E 00 00 00 01 01 00 14 01 1F 
15-11-17 at 14:46:26:587 Recived 06 02 02 1E 00 1C 
15-11-17 at 14:46:26:602 Send 06 
15-11-17 at 14:46:26:617 Send 05 
15-11-17 at 14:46:26:633 Recived 15 
15-11-17 at 14:46:26:633 Send 06 
15-11-17 at 14:46:26:648 Send 02 0A 1E 1E 00 00 00 01 01 00 15 01 1E 
15-11-17 at 14:46:26:663 Recived 06 02 02 1E 00 1C 
15-11-17 at 14:46:26:678 Send 06 
15-11-17 at 14:46:26:693 Send 05 
15-11-17 at 14:46:26:708 Recived 15 
15-11-17 at 14:46:26:708 Send 06 
15-11-17 at 14:46:26:723 Send 02 0A 1E 1E 00 00 00 01 01 00 0F 00 05 
15-11-17 at 14:46:26:738 Recived 06 02 02 1E 00 1C 
15-11-17 at 14:46:26:753 Send 06 
15-11-17 at 14:46:26:768 Send 05 
15-11-17 at 14:46:26:783 Recived 15 
15-11-17 at 14:46:26:783 Send 06 
15-11-17 at 14:46:26:798 Send 02 0A 1E 1E 00 00 00 01 01 00 11 00 1B 
15-11-17 at 14:46:26:813 Recived 06 02 02 1E 00 1C 
15-11-17 at 14:46:26:828 Send 06 
15-11-17 at 14:46:26:843 Send 05 
15-11-17 at 14:46:26:858 Recived 15 
15-11-17 at 14:46:26:858 Send 06 
15-11-17 at 14:46:26:873 Send 02 0A 1E 1E 00 00 00 11 01 00 03 02 1B 
15-11-17 at 14:46:26:888 Recived 06 02 02 1E 00 1C 
15-11-17 at 14:46:26:903 Send 06 
15-11-17 at 14:46:26:918 Send 05 
15-11-17 at 14:46:26:933 Recived 15 
15-11-17 at 14:46:26:933 Send 06 
15-11-17 at 14:46:26:948 Send 02 0A 1E 1E 00 00 00 01 01 00 29 01 22 
15-11-17 at 14:46:26:963 Recived 06 02 02 1E 00 1C 
15-11-17 at 14:46:26:978 Send 06 
15-11-17 at 14:46:26:993 Send 05 
15-11-17 at 14:46:27:008 Recived 15 
15-11-17 at 14:46:27:008 Send 06 
15-11-17 at 14:46:27:023 Send 02 26 1E 1E 00 00 00 04 0C 00 01 20 20 20 20 20 20 20 20 20 20 20 C4 CE C1 D0 CE 20 CF CE C6 C0 CB CE C2 C0 D2 DC 21 00 D5 
15-11-17 at 14:46:27:041 Recived 06 02 02 1E 00 1C 
15-11-17 at 14:46:27:056 Send 06 
15-11-17 at 14:46:27:071 Send 05 
15-11-17 at 14:46:27:086 Recived 15 
15-11-17 at 14:46:27:086 Send 06 
15-11-17 at 14:46:27:101 Send 02 29 1E 1E 00 00 00 04 0D 00 01 20 20 20 20 20 20 20 20 CE CE CE 20 CA EE EC EF E0 ED E8 FF 20 27 CA CE CB CE D0 CB CE CD 27 00 CB 
15-11-17 at 14:46:27:119 Recived 06 02 02 1E 00 1C 
15-11-17 at 14:46:27:134 Send 06 
15-11-17 at 14:46:27:149 Send 05 
15-11-17 at 14:46:27:164 Recived 15 
15-11-17 at 14:46:27:164 Send 06 
15-11-17 at 14:46:27:179 Send 02 2D 1E 1E 00 00 00 04 0E 00 01 20 20 20 20 20 CC E0 E3 E0 E7 E8 ED 20 27 C2 F1 E5 20 F2 EE E2 E0 F0 FB 20 E4 EB FF 20 E4 EE EC E0 27 20 00 DE 
15-11-17 at 14:46:27:197 Recived 06 02 02 1E 00 1C 
15-11-17 at 14:46:27:212 Send 06 
15-11-17 at 14:46:27:308 now clear port error ...
15-11-17 at 14:46:27:308 now write to port ...
15-11-17 at 14:46:27:442 ... done
15-11-17 at 14:46:27:467 Send 05 
15-11-17 at 14:46:27:482 Recived 15 
15-11-17 at 14:46:27:482 Send 06 
15-11-17 at 14:46:27:497 Send 02 06 1A 1E 00 00 00 79 7B 
15-11-17 at 14:46:27:512 Recived 06 02 09 1A 00 1E 00 00 00 00 00 00 0D 
15-11-17 at 14:46:27:527 Send 06 
15-11-17 at 14:46:29:688 Cardreader  Антонов Сергей 
15-11-17 at 14:46:29:702 Send 05 
15-11-17 at 14:46:29:719 Recived 15 
15-11-17 at 14:46:29:719 Send 06 
15-11-17 at 14:46:29:734 Send 02 20 1E 1E 00 00 00 02 1E 00 02 CA E0 F1 F1 E8 F0 20 C0 ED F2 EE ED EE E2 20 D1 E5 F0 E3 E5 E9 20 00 D7 
15-11-17 at 14:46:29:752 Recived 06 02 02 1E 00 1C 
15-11-17 at 14:46:29:767 Send 06 
15-11-17 at 14:46:29:769 now clear port error ...
15-11-17 at 14:46:29:769 now write to port ...
15-11-17 at 14:46:29:902 ... done
15-11-17 at 14:46:30:697 Send 05 
15-11-17 at 14:46:30:712 Recived 15 
15-11-17 at 14:46:30:712 Send 06 
15-11-17 at 14:46:30:727 Send 02 06 FF 39 1E 00 00 00 DE 
15-11-17 at 14:46:30:742 Recived 06 02 10 FF 39 00 00 00 00 00 00 00 00 00 00 00 00 00 00 D6 
15-11-17 at 14:46:30:757 Send 06 
15-11-17 at 14:46:31:077 total calculated
15-11-17 at 14:46:31:077 now show on display
15-11-17 at 14:46:31:077                     Всего:       3810.00
15-11-17 at 14:46:31:077 now clear port error ...
15-11-17 at 14:46:31:077 now write to port ...
15-11-17 at 14:46:31:211 ... done
15-11-17 at 14:46:31:212 total calculated
15-11-17 at 14:46:31:212 now show on display
15-11-17 at 14:46:31:213                     Всего:       3810.00
15-11-17 at 14:46:31:213 now clear port error ...
15-11-17 at 14:46:31:213 now write to port ...
15-11-17 at 14:46:31:383 ... done
15-11-17 at 14:46:31:385 111
15-11-17 at 14:46:31:385 Выход из программы
15-11-17 at 14:46:35:715 Запуск программы. Инициализация считана из файла
15-11-17 at 14:46:35:715 Чек загружен.
15-11-17 at 14:46:35:716 Платежи по картам восстановлены
15-11-17 at 14:46:35:716 total calculated
15-11-17 at 14:46:35:716 now show on display
15-11-17 at 14:46:35:716                     Всего:       3810.00
15-11-17 at 14:46:35:717 now open port for display
15-11-17 at 14:46:35:717 Com port opened
15-11-17 at 14:46:35:718 now clear port error ...
15-11-17 at 14:46:35:718 now write to port ...
15-11-17 at 14:46:35:851 ... done
15-11-17 at 14:46:35:852 Чек сжат
15-11-17 at 14:46:35:852 Сумма чека посчитана
15-11-17 at 14:46:35:852 Кардридер создан
15-11-17 at 14:46:35:853 Задание запуска модулей создано
15-11-17 at 14:46:35:853 Сканер создан
15-11-17 at 14:46:35:853 Регистратор создан
15-11-17 at 14:46:35:854 Часы созданы
15-11-17 at 14:46:35:854 Регистратор запущен
15-11-17 at 14:46:35:855 Сканер запущен
15-11-17 at 14:46:35:855 Часы запущены
15-11-17 at 14:46:35:855 Кардридер запущен
15-11-17 at 14:46:35:855 Передача данных запущена
15-11-17 at 14:46:35:856 Вход в FRInit
15-11-17 at 14:46:35:857 Вход в GetStatus
15-11-17 at 14:46:35:870 Send 05 
15-11-17 at 14:46:35:885 Recived 15 
15-11-17 at 14:46:35:885 Send 06 
15-11-17 at 14:46:35:900 Send 02 05 11 1E 00 00 00 0A 
15-11-17 at 14:46:35:915 Recived 06 02 30 11 00 1E 43 31 6C 9E 0E 07 11 01 42 00 B2 02 04 00 00 4E 41 00 00 01 01 10 0F 0B 11 0E 2E 24 00 2E 5D 00 00 60 00 00 00 00 00 D2 E9 1E 42 01 00 2B 
15-11-17 at 14:46:35:930 Send 06 
15-11-17 at 14:46:35:938 KKMStatus 0000
15-11-17 at 14:46:35:945 Send 05 
15-11-17 at 14:46:35:960 Recived 15 
15-11-17 at 14:46:35:960 Send 06 
15-11-17 at 14:46:35:975 Send 02 05 11 1E 00 00 00 0A 
15-11-17 at 14:46:35:990 Recived 06 02 30 11 00 1E 43 31 6C 9E 0E 07 11 01 42 00 B2 02 04 00 00 4E 41 00 00 01 01 10 0F 0B 11 0E 2E 24 00 2E 5D 00 00 60 00 00 00 00 00 D2 E9 1E 42 01 00 2B 
15-11-17 at 14:46:36:005 Send 06 
15-11-17 at 14:46:36:008 KKMStatus 0400
15-11-17 at 14:46:36:008 Номер ФР считан
15-11-17 at 14:46:36:190 СУБД подключена
15-11-17 at 14:46:36:218 Send 05 
15-11-17 at 14:46:36:233 Recived 15 
15-11-17 at 14:46:36:233 Send 06 
15-11-17 at 14:46:36:248 Send 02 0B 1E 1E 00 00 00 06 03 00 01 00 00 0F 
15-11-17 at 14:46:36:263 Recived 06 02 02 1E 00 1C 
15-11-17 at 14:46:36:278 Send 06 
15-11-17 at 14:46:36:293 Send 05 
15-11-17 at 14:46:36:308 Recived 15 
15-11-17 at 14:46:36:308 Send 06 
15-11-17 at 14:46:36:323 Send 02 10 1E 1E 00 00 00 06 03 00 02 CD C4 D1 20 30 25 00 FA 
15-11-17 at 14:46:36:339 Recived 06 02 02 1E 00 1C 
15-11-17 at 14:46:36:354 Send 06 
15-11-17 at 14:46:36:369 Send 05 
15-11-17 at 14:46:36:384 Recived 15 
15-11-17 at 14:46:36:384 Send 06 
15-11-17 at 14:46:36:399 Send 02 0B 1E 1E 00 00 00 06 03 00 01 E8 03 E4 
15-11-17 at 14:46:36:414 Recived 06 02 02 1E 00 1C 
15-11-17 at 14:46:36:429 Send 06 
15-11-17 at 14:46:36:444 Send 05 
15-11-17 at 14:46:36:459 Recived 15 
15-11-17 at 14:46:36:459 Send 06 
15-11-17 at 14:46:36:474 Send 02 10 1E 1E 00 00 00 06 02 00 02 CD C4 D1 20 31 30 25 CA 
15-11-17 at 14:46:36:490 Recived 06 02 02 1E 00 1C 
15-11-17 at 14:46:36:505 Send 06 
15-11-17 at 14:46:36:520 Send 05 
15-11-17 at 14:46:36:535 Recived 15 
15-11-17 at 14:46:36:535 Send 06 
15-11-17 at 14:46:36:550 Send 02 0B 1E 1E 00 00 00 06 01 00 01 08 07 02 
15-11-17 at 14:46:36:565 Recived 06 02 02 1E 00 1C 
15-11-17 at 14:46:36:580 Send 06 
15-11-17 at 14:46:36:595 Send 05 
15-11-17 at 14:46:36:610 Recived 15 
15-11-17 at 14:46:36:610 Send 06 
15-11-17 at 14:46:36:625 Send 02 10 1E 1E 00 00 00 06 01 00 02 CD C4 D1 20 31 38 25 C1 
15-11-17 at 14:46:36:641 Recived 06 02 02 1E 00 1C 
15-11-17 at 14:46:36:656 Send 06 
15-11-17 at 14:46:36:671 Send 05 
15-11-17 at 14:46:36:686 Recived 15 
15-11-17 at 14:46:36:686 Send 06 
15-11-17 at 14:46:36:701 Send 02 0A 1E 1E 00 00 00 01 01 00 01 01 0A 
15-11-17 at 14:46:36:716 Recived 06 02 02 1E 00 1C 
15-11-17 at 14:46:36:731 Send 06 
15-11-17 at 14:46:36:746 Send 05 
15-11-17 at 14:46:36:761 Recived 15 
15-11-17 at 14:46:36:761 Send 06 
15-11-17 at 14:46:36:776 Send 02 0A 1E 1E 00 00 00 01 01 00 05 02 0D 
15-11-17 at 14:46:36:791 Recived 06 02 02 1E 00 1C 
15-11-17 at 14:46:36:806 Send 06 
15-11-17 at 14:46:36:821 Send 05 
15-11-17 at 14:46:36:836 Recived 15 
15-11-17 at 14:46:36:836 Send 06 
15-11-17 at 14:46:36:851 Send 02 0A 1E 1E 00 00 00 01 01 00 23 01 28 
15-11-17 at 14:46:36:866 Recived 06 02 02 1E 00 1C 
15-11-17 at 14:46:36:881 Send 06 
15-11-17 at 14:46:36:896 Send 05 
15-11-17 at 14:46:36:911 Recived 15 
15-11-17 at 14:46:36:911 Send 06 
15-11-17 at 14:46:36:926 Send 02 0A 1E 1E 00 00 00 01 01 00 06 00 0C 
15-11-17 at 14:46:36:941 Recived 06 02 02 1E 00 1C 
15-11-17 at 14:46:36:956 Send 06 
15-11-17 at 14:46:36:971 Send 05 
15-11-17 at 14:46:36:986 Recived 15 
15-11-17 at 14:46:36:986 Send 06 
15-11-17 at 14:46:37:001 Send 02 0A 1E 1E 00 00 00 01 01 00 07 01 0C 
15-11-17 at 14:46:37:016 Recived 06 02 02 1E 00 1C 
15-11-17 at 14:46:37:031 Send 06 
15-11-17 at 14:46:37:046 Send 05 
15-11-17 at 14:46:37:061 Recived 15 
15-11-17 at 14:46:37:061 Send 06 
15-11-17 at 14:46:37:076 Send 02 0A 1E 1E 00 00 00 01 01 00 14 01 1F 
15-11-17 at 14:46:37:091 Recived 06 02 02 1E 00 1C 
15-11-17 at 14:46:37:106 Send 06 
15-11-17 at 14:46:37:121 Send 05 
15-11-17 at 14:46:37:136 Recived 15 
15-11-17 at 14:46:37:136 Send 06 
15-11-17 at 14:46:37:151 Send 02 0A 1E 1E 00 00 00 01 01 00 15 01 1E 
15-11-17 at 14:46:37:166 Recived 06 02 02 1E 00 1C 
15-11-17 at 14:46:37:181 Send 06 
15-11-17 at 14:46:37:196 Send 05 
15-11-17 at 14:46:37:211 Recived 15 
15-11-17 at 14:46:37:211 Send 06 
15-11-17 at 14:46:37:226 Send 02 0A 1E 1E 00 00 00 01 01 00 0F 00 05 
15-11-17 at 14:46:37:241 Recived 06 02 02 1E 00 1C 
15-11-17 at 14:46:37:256 Send 06 
15-11-17 at 14:46:37:271 Send 05 
15-11-17 at 14:46:37:286 Recived 15 
15-11-17 at 14:46:37:286 Send 06 
15-11-17 at 14:46:37:301 Send 02 0A 1E 1E 00 00 00 01 01 00 11 00 1B 
15-11-17 at 14:46:37:316 Recived 06 02 02 1E 00 1C 
15-11-17 at 14:46:37:331 Send 06 
15-11-17 at 14:46:37:346 Send 05 
15-11-17 at 14:46:37:361 Recived 15 
15-11-17 at 14:46:37:361 Send 06 
15-11-17 at 14:46:37:376 Send 02 0A 1E 1E 00 00 00 11 01 00 03 02 1B 
15-11-17 at 14:46:37:391 Recived 06 02 02 1E 00 1C 
15-11-17 at 14:46:37:406 Send 06 
15-11-17 at 14:46:37:421 Send 05 
15-11-17 at 14:46:37:436 Recived 15 
15-11-17 at 14:46:37:436 Send 06 
15-11-17 at 14:46:37:451 Send 02 0A 1E 1E 00 00 00 01 01 00 29 01 22 
15-11-17 at 14:46:37:466 Recived 06 02 02 1E 00 1C 
15-11-17 at 14:46:37:481 Send 06 
15-11-17 at 14:46:37:496 Send 05 
15-11-17 at 14:46:37:511 Recived 15 
15-11-17 at 14:46:37:511 Send 06 
15-11-17 at 14:46:37:526 Send 02 26 1E 1E 00 00 00 04 0C 00 01 20 20 20 20 20 20 20 20 20 20 20 C4 CE C1 D0 CE 20 CF CE C6 C0 CB CE C2 C0 D2 DC 21 00 D5 
15-11-17 at 14:46:37:544 Recived 06 02 02 1E 00 1C 
15-11-17 at 14:46:37:559 Send 06 
15-11-17 at 14:46:37:574 Send 05 
15-11-17 at 14:46:37:589 Recived 15 
15-11-17 at 14:46:37:589 Send 06 
15-11-17 at 14:46:37:604 Send 02 29 1E 1E 00 00 00 04 0D 00 01 20 20 20 20 20 20 20 20 CE CE CE 20 CA EE EC EF E0 ED E8 FF 20 27 CA CE CB CE D0 CB CE CD 27 00 CB 
15-11-17 at 14:46:37:622 Recived 06 02 02 1E 00 1C 
15-11-17 at 14:46:37:637 Send 06 
15-11-17 at 14:46:37:652 Send 05 
15-11-17 at 14:46:37:667 Recived 15 
15-11-17 at 14:46:37:667 Send 06 
15-11-17 at 14:46:37:682 Send 02 2D 1E 1E 00 00 00 04 0E 00 01 20 20 20 20 20 CC E0 E3 E0 E7 E8 ED 20 27 C2 F1 E5 20 F2 EE E2 E0 F0 FB 20 E4 EB FF 20 E4 EE EC E0 27 20 00 DE 
15-11-17 at 14:46:37:700 Recived 06 02 02 1E 00 1C 
15-11-17 at 14:46:37:715 Send 06 
15-11-17 at 14:46:37:827 now clear port error ...
15-11-17 at 14:46:37:827 now write to port ...
15-11-17 at 14:46:37:960 ... done
15-11-17 at 14:46:37:985 Send 05 
15-11-17 at 14:46:38:000 Recived 15 
15-11-17 at 14:46:38:000 Send 06 
15-11-17 at 14:46:38:015 Send 02 06 1A 1E 00 00 00 79 7B 
15-11-17 at 14:46:38:030 Recived 06 02 09 1A 00 1E 00 00 00 00 00 00 0D 
15-11-17 at 14:46:38:045 Send 06 
15-11-17 at 14:46:40:200 Cardreader  Антонов Сергей 
15-11-17 at 14:46:40:208 Send 05 
15-11-17 at 14:46:40:224 Recived 15 
15-11-17 at 14:46:40:224 Send 06 
15-11-17 at 14:46:40:239 Send 02 20 1E 1E 00 00 00 02 1E 00 02 CA E0 F1 F1 E8 F0 20 C0 ED F2 EE ED EE E2 20 D1 E5 F0 E3 E5 E9 20 00 D7 
15-11-17 at 14:46:40:257 Recived 06 02 02 1E 00 1C 
15-11-17 at 14:46:40:272 Send 06 
15-11-17 at 14:46:40:280 now clear port error ...
15-11-17 at 14:46:40:280 now write to port ...
15-11-17 at 14:46:40:413 ... done
15-11-17 at 14:46:41:202 Send 05 
15-11-17 at 14:46:41:217 Recived 15 
15-11-17 at 14:46:41:217 Send 06 
15-11-17 at 14:46:41:232 Send 02 06 FF 39 1E 00 00 00 DE 
15-11-17 at 14:46:41:247 Recived 06 02 10 FF 39 00 00 00 00 00 00 00 00 00 00 00 00 00 00 D6 
15-11-17 at 14:46:41:262 Send 06 
15-11-17 at 14:46:42:356 total calculated
15-11-17 at 14:46:42:356 now show on display
15-11-17 at 14:46:42:356                     Всего:       3810.00
15-11-17 at 14:46:42:356 now clear port error ...
15-11-17 at 14:46:42:356 now write to port ...
15-11-17 at 14:46:42:490 ... done
15-11-17 at 14:46:42:491 total calculated
15-11-17 at 14:46:42:491 now show on display
15-11-17 at 14:46:42:492                     Всего:       3810.00
15-11-17 at 14:46:42:492 now clear port error ...
15-11-17 at 14:46:42:492 now write to port ...
15-11-17 at 14:46:42:662 ... done
15-11-17 at 14:46:42:663 111
15-11-17 at 14:46:42:664 Выход из программы
