20-11-17 at 00:01:38:284 Send 05 
20-11-17 at 00:01:38:299 Recived 15 
20-11-17 at 00:01:38:299 Send 06 
20-11-17 at 00:01:38:314 Send 02 06 FF 39 1E 00 00 00 DE 
20-11-17 at 00:01:38:329 Recived 06 02 10 FF 39 00 00 00 00 00 00 00 00 00 00 00 00 00 00 D6 
20-11-17 at 00:01:38:344 Send 06 
20-11-17 at 00:03:39:484 Send 05 
20-11-17 at 00:03:39:499 Recived 15 
20-11-17 at 00:03:39:499 Send 06 
20-11-17 at 00:03:39:514 Send 02 06 FF 39 1E 00 00 00 DE 
20-11-17 at 00:03:39:529 Recived 06 02 10 FF 39 00 00 00 00 00 00 00 00 00 00 00 00 00 00 D6 
20-11-17 at 00:03:39:544 Send 06 
20-11-17 at 00:05:40:684 Send 05 
20-11-17 at 00:05:40:699 Recived 15 
20-11-17 at 00:05:40:699 Send 06 
20-11-17 at 00:05:40:714 Send 02 06 FF 39 1E 00 00 00 DE 
20-11-17 at 00:05:40:729 Recived 06 02 10 FF 39 00 00 00 00 00 00 00 00 00 00 00 00 00 00 D6 
20-11-17 at 00:05:40:744 Send 06 
20-11-17 at 00:07:41:884 Send 05 
20-11-17 at 00:07:41:899 Recived 15 
20-11-17 at 00:07:41:899 Send 06 
20-11-17 at 00:07:41:914 Send 02 06 FF 39 1E 00 00 00 DE 
20-11-17 at 00:07:41:929 Recived 06 02 10 FF 39 00 00 00 00 00 00 00 00 00 00 00 00 00 00 D6 
20-11-17 at 00:07:41:944 Send 06 
20-11-17 at 00:09:43:084 Send 05 
20-11-17 at 00:09:43:099 Recived 15 
20-11-17 at 00:09:43:099 Send 06 
20-11-17 at 00:09:43:114 Send 02 06 FF 39 1E 00 00 00 DE 
20-11-17 at 00:09:43:129 Recived 06 02 10 FF 39 00 00 00 00 00 00 00 00 00 00 00 00 00 00 D6 
20-11-17 at 00:09:43:144 Send 06 
20-11-17 at 00:11:44:284 Send 05 
20-11-17 at 00:11:44:299 Recived 15 
20-11-17 at 00:11:44:299 Send 06 
20-11-17 at 00:11:44:314 Send 02 06 FF 39 1E 00 00 00 DE 
20-11-17 at 00:11:44:329 Recived 06 02 10 FF 39 00 00 00 00 00 00 00 00 00 00 00 00 00 00 D6 
20-11-17 at 00:11:44:344 Send 06 
20-11-17 at 00:13:45:484 Send 05 
20-11-17 at 00:13:45:499 Recived 15 
20-11-17 at 00:13:45:499 Send 06 
20-11-17 at 00:13:45:514 Send 02 06 FF 39 1E 00 00 00 DE 
20-11-17 at 00:13:45:529 Recived 06 02 10 FF 39 00 00 00 00 00 00 00 00 00 00 00 00 00 00 D6 
20-11-17 at 00:13:45:544 Send 06 
20-11-17 at 00:15:46:684 Send 05 
20-11-17 at 00:15:46:699 Recived 15 
20-11-17 at 00:15:46:699 Send 06 
20-11-17 at 00:15:46:714 Send 02 06 FF 39 1E 00 00 00 DE 
20-11-17 at 00:15:46:729 Recived 06 02 10 FF 39 00 00 00 00 00 00 00 00 00 00 00 00 00 00 D6 
20-11-17 at 00:15:46:744 Send 06 
20-11-17 at 00:17:47:884 Send 05 
20-11-17 at 00:17:47:899 Recived 15 
20-11-17 at 00:17:47:899 Send 06 
20-11-17 at 00:17:47:914 Send 02 06 FF 39 1E 00 00 00 DE 
20-11-17 at 00:17:47:929 Recived 06 02 10 FF 39 00 00 00 00 00 00 00 00 00 00 00 00 00 00 D6 
20-11-17 at 00:17:47:944 Send 06 
20-11-17 at 00:19:49:084 Send 05 
20-11-17 at 00:19:49:099 Recived 15 
20-11-17 at 00:19:49:099 Send 06 
20-11-17 at 00:19:49:114 Send 02 06 FF 39 1E 00 00 00 DE 
20-11-17 at 00:19:49:129 Recived 06 02 10 FF 39 00 00 00 00 00 00 00 00 00 00 00 00 00 00 D6 
20-11-17 at 00:19:49:144 Send 06 
20-11-17 at 00:21:50:284 Send 05 
20-11-17 at 00:21:50:299 Recived 15 
20-11-17 at 00:21:50:299 Send 06 
20-11-17 at 00:21:50:314 Send 02 06 FF 39 1E 00 00 00 DE 
20-11-17 at 00:21:50:329 Recived 06 02 10 FF 39 00 00 00 00 00 00 00 00 00 00 00 00 00 00 D6 
20-11-17 at 00:21:50:344 Send 06 
20-11-17 at 00:23:51:484 Send 05 
20-11-17 at 00:23:51:499 Recived 15 
20-11-17 at 00:23:51:499 Send 06 
20-11-17 at 00:23:51:514 Send 02 06 FF 39 1E 00 00 00 DE 
20-11-17 at 00:23:51:529 Recived 06 02 10 FF 39 00 00 00 00 00 00 00 00 00 00 00 00 00 00 D6 
20-11-17 at 00:23:51:544 Send 06 
20-11-17 at 00:25:52:684 Send 05 
20-11-17 at 00:25:52:699 Recived 15 
20-11-17 at 00:25:52:699 Send 06 
20-11-17 at 00:25:52:714 Send 02 06 FF 39 1E 00 00 00 DE 
20-11-17 at 00:25:52:729 Recived 06 02 10 FF 39 00 00 00 00 00 00 00 00 00 00 00 00 00 00 D6 
20-11-17 at 00:25:52:744 Send 06 
20-11-17 at 00:27:53:884 Send 05 
20-11-17 at 00:27:53:899 Recived 15 
20-11-17 at 00:27:53:899 Send 06 
20-11-17 at 00:27:53:914 Send 02 06 FF 39 1E 00 00 00 DE 
20-11-17 at 00:27:53:929 Recived 06 02 10 FF 39 00 00 00 00 00 00 00 00 00 00 00 00 00 00 D6 
20-11-17 at 00:27:53:944 Send 06 
20-11-17 at 00:29:55:084 Send 05 
20-11-17 at 00:29:55:099 Recived 15 
20-11-17 at 00:29:55:099 Send 06 
20-11-17 at 00:29:55:114 Send 02 06 FF 39 1E 00 00 00 DE 
20-11-17 at 00:29:55:129 Recived 06 02 10 FF 39 00 00 00 00 00 00 00 00 00 00 00 00 00 00 D6 
20-11-17 at 00:29:55:144 Send 06 
20-11-17 at 00:31:56:284 Send 05 
20-11-17 at 00:31:56:299 Recived 15 
20-11-17 at 00:31:56:299 Send 06 
20-11-17 at 00:31:56:314 Send 02 06 FF 39 1E 00 00 00 DE 
20-11-17 at 00:31:56:329 Recived 06 02 10 FF 39 00 00 00 00 00 00 00 00 00 00 00 00 00 00 D6 
20-11-17 at 00:31:56:344 Send 06 
20-11-17 at 00:33:57:484 Send 05 
20-11-17 at 00:33:57:499 Recived 15 
20-11-17 at 00:33:57:499 Send 06 
20-11-17 at 00:33:57:514 Send 02 06 FF 39 1E 00 00 00 DE 
20-11-17 at 00:33:57:529 Recived 06 02 10 FF 39 00 00 00 00 00 00 00 00 00 00 00 00 00 00 D6 
20-11-17 at 00:33:57:544 Send 06 
20-11-17 at 00:35:58:684 Send 05 
20-11-17 at 00:35:58:699 Recived 15 
20-11-17 at 00:35:58:699 Send 06 
20-11-17 at 00:35:58:714 Send 02 06 FF 39 1E 00 00 00 DE 
20-11-17 at 00:35:58:729 Recived 06 02 10 FF 39 00 00 00 00 00 00 00 00 00 00 00 00 00 00 D6 
20-11-17 at 00:35:58:744 Send 06 
20-11-17 at 00:37:59:884 Send 05 
20-11-17 at 00:37:59:899 Recived 15 
20-11-17 at 00:37:59:899 Send 06 
20-11-17 at 00:37:59:914 Send 02 06 FF 39 1E 00 00 00 DE 
20-11-17 at 00:37:59:929 Recived 06 02 10 FF 39 00 00 00 00 00 00 00 00 00 00 00 00 00 00 D6 
20-11-17 at 00:37:59:944 Send 06 
20-11-17 at 00:40:01:084 Send 05 
20-11-17 at 00:40:01:099 Recived 15 
20-11-17 at 00:40:01:099 Send 06 
20-11-17 at 00:40:01:114 Send 02 06 FF 39 1E 00 00 00 DE 
20-11-17 at 00:40:01:129 Recived 06 02 10 FF 39 00 00 00 00 00 00 00 00 00 00 00 00 00 00 D6 
20-11-17 at 00:40:01:144 Send 06 
20-11-17 at 00:42:02:284 Send 05 
20-11-17 at 00:42:02:299 Recived 15 
20-11-17 at 00:42:02:299 Send 06 
20-11-17 at 00:42:02:314 Send 02 06 FF 39 1E 00 00 00 DE 
20-11-17 at 00:42:02:329 Recived 06 02 10 FF 39 00 00 00 00 00 00 00 00 00 00 00 00 00 00 D6 
20-11-17 at 00:42:02:344 Send 06 
20-11-17 at 00:44:03:484 Send 05 
20-11-17 at 00:44:03:499 Recived 15 
20-11-17 at 00:44:03:499 Send 06 
20-11-17 at 00:44:03:514 Send 02 06 FF 39 1E 00 00 00 DE 
20-11-17 at 00:44:03:529 Recived 06 02 10 FF 39 00 00 00 00 00 00 00 00 00 00 00 00 00 00 D6 
20-11-17 at 00:44:03:544 Send 06 
20-11-17 at 00:46:04:684 Send 05 
20-11-17 at 00:46:04:699 Recived 15 
20-11-17 at 00:46:04:699 Send 06 
20-11-17 at 00:46:04:714 Send 02 06 FF 39 1E 00 00 00 DE 
20-11-17 at 00:46:04:729 Recived 06 02 10 FF 39 00 00 00 00 00 00 00 00 00 00 00 00 00 00 D6 
20-11-17 at 00:46:04:744 Send 06 
20-11-17 at 00:48:05:884 Send 05 
20-11-17 at 00:48:05:899 Recived 15 
20-11-17 at 00:48:05:899 Send 06 
20-11-17 at 00:48:05:914 Send 02 06 FF 39 1E 00 00 00 DE 
20-11-17 at 00:48:05:929 Recived 06 02 10 FF 39 00 00 00 00 00 00 00 00 00 00 00 00 00 00 D6 
20-11-17 at 00:48:05:944 Send 06 
20-11-17 at 00:50:07:084 Send 05 
20-11-17 at 00:50:07:099 Recived 15 
20-11-17 at 00:50:07:099 Send 06 
20-11-17 at 00:50:07:114 Send 02 06 FF 39 1E 00 00 00 DE 
20-11-17 at 00:50:07:129 Recived 06 02 10 FF 39 00 00 00 00 00 00 00 00 00 00 00 00 00 00 D6 
20-11-17 at 00:50:07:144 Send 06 
20-11-17 at 00:52:08:284 Send 05 
20-11-17 at 00:52:08:299 Recived 15 
20-11-17 at 00:52:08:299 Send 06 
20-11-17 at 00:52:08:314 Send 02 06 FF 39 1E 00 00 00 DE 
20-11-17 at 00:52:08:329 Recived 06 02 10 FF 39 00 00 00 00 00 00 00 00 00 00 00 00 00 00 D6 
20-11-17 at 00:52:08:344 Send 06 
20-11-17 at 00:54:09:484 Send 05 
20-11-17 at 00:54:09:499 Recived 15 
20-11-17 at 00:54:09:499 Send 06 
20-11-17 at 00:54:09:514 Send 02 06 FF 39 1E 00 00 00 DE 
20-11-17 at 00:54:09:529 Recived 06 02 10 FF 39 00 00 00 00 00 00 00 00 00 00 00 00 00 00 D6 
20-11-17 at 00:54:09:544 Send 06 
20-11-17 at 00:56:10:684 Send 05 
20-11-17 at 00:56:10:699 Recived 15 
20-11-17 at 00:56:10:699 Send 06 
20-11-17 at 00:56:10:714 Send 02 06 FF 39 1E 00 00 00 DE 
20-11-17 at 00:56:10:729 Recived 06 02 10 FF 39 00 00 00 00 00 00 00 00 00 00 00 00 00 00 D6 
20-11-17 at 00:56:10:744 Send 06 
20-11-17 at 00:58:11:884 Send 05 
20-11-17 at 00:58:11:899 Recived 15 
20-11-17 at 00:58:11:899 Send 06 
20-11-17 at 00:58:11:914 Send 02 06 FF 39 1E 00 00 00 DE 
20-11-17 at 00:58:11:929 Recived 06 02 10 FF 39 00 00 00 00 00 00 00 00 00 00 00 00 00 00 D6 
20-11-17 at 00:58:11:944 Send 06 
20-11-17 at 01:00:13:084 Send 05 
20-11-17 at 01:00:13:099 Recived 15 
20-11-17 at 01:00:13:099 Send 06 
20-11-17 at 01:00:13:114 Send 02 06 FF 39 1E 00 00 00 DE 
20-11-17 at 01:00:13:129 Recived 06 02 10 FF 39 00 00 00 00 00 00 00 00 00 00 00 00 00 00 D6 
20-11-17 at 01:00:13:144 Send 06 
20-11-17 at 01:02:14:284 Send 05 
20-11-17 at 01:02:14:299 Recived 15 
20-11-17 at 01:02:14:299 Send 06 
20-11-17 at 01:02:14:314 Send 02 06 FF 39 1E 00 00 00 DE 
20-11-17 at 01:02:14:329 Recived 06 02 10 FF 39 00 00 00 00 00 00 00 00 00 00 00 00 00 00 D6 
20-11-17 at 01:02:14:344 Send 06 
20-11-17 at 01:04:15:484 Send 05 
20-11-17 at 01:04:15:499 Recived 15 
20-11-17 at 01:04:15:499 Send 06 
20-11-17 at 01:04:15:514 Send 02 06 FF 39 1E 00 00 00 DE 
20-11-17 at 01:04:15:529 Recived 06 02 10 FF 39 00 00 00 00 00 00 00 00 00 00 00 00 00 00 D6 
20-11-17 at 01:04:15:544 Send 06 
20-11-17 at 01:06:16:684 Send 05 
20-11-17 at 01:06:16:699 Recived 15 
20-11-17 at 01:06:16:699 Send 06 
20-11-17 at 01:06:16:714 Send 02 06 FF 39 1E 00 00 00 DE 
20-11-17 at 01:06:16:729 Recived 06 02 10 FF 39 00 00 00 00 00 00 00 00 00 00 00 00 00 00 D6 
20-11-17 at 01:06:16:744 Send 06 
20-11-17 at 01:08:17:884 Send 05 
20-11-17 at 01:08:17:899 Recived 15 
20-11-17 at 01:08:17:899 Send 06 
20-11-17 at 01:08:17:914 Send 02 06 FF 39 1E 00 00 00 DE 
20-11-17 at 01:08:17:929 Recived 06 02 10 FF 39 00 00 00 00 00 00 00 00 00 00 00 00 00 00 D6 
20-11-17 at 01:08:17:944 Send 06 
20-11-17 at 01:10:19:084 Send 05 
20-11-17 at 01:10:19:099 Recived 15 
20-11-17 at 01:10:19:099 Send 06 
20-11-17 at 01:10:19:114 Send 02 06 FF 39 1E 00 00 00 DE 
20-11-17 at 01:10:19:129 Recived 06 02 10 FF 39 00 00 00 00 00 00 00 00 00 00 00 00 00 00 D6 
20-11-17 at 01:10:19:144 Send 06 
20-11-17 at 01:12:20:284 Send 05 
20-11-17 at 01:12:20:299 Recived 15 
20-11-17 at 01:12:20:299 Send 06 
20-11-17 at 01:12:20:314 Send 02 06 FF 39 1E 00 00 00 DE 
20-11-17 at 01:12:20:329 Recived 06 02 10 FF 39 00 00 00 00 00 00 00 00 00 00 00 00 00 00 D6 
20-11-17 at 01:12:20:344 Send 06 
20-11-17 at 01:14:21:484 Send 05 
20-11-17 at 01:14:21:499 Recived 15 
20-11-17 at 01:14:21:499 Send 06 
20-11-17 at 01:14:21:514 Send 02 06 FF 39 1E 00 00 00 DE 
20-11-17 at 01:14:21:529 Recived 06 02 10 FF 39 00 00 00 00 00 00 00 00 00 00 00 00 00 00 D6 
20-11-17 at 01:14:21:544 Send 06 
20-11-17 at 01:16:22:684 Send 05 
20-11-17 at 01:16:22:699 Recived 15 
20-11-17 at 01:16:22:699 Send 06 
20-11-17 at 01:16:22:714 Send 02 06 FF 39 1E 00 00 00 DE 
20-11-17 at 01:16:22:729 Recived 06 02 10 FF 39 00 00 00 00 00 00 00 00 00 00 00 00 00 00 D6 
20-11-17 at 01:16:22:744 Send 06 
20-11-17 at 01:18:23:884 Send 05 
20-11-17 at 01:18:23:899 Recived 15 
20-11-17 at 01:18:23:899 Send 06 
20-11-17 at 01:18:23:914 Send 02 06 FF 39 1E 00 00 00 DE 
20-11-17 at 01:18:23:929 Recived 06 02 10 FF 39 00 00 00 00 00 00 00 00 00 00 00 00 00 00 D6 
20-11-17 at 01:18:23:944 Send 06 
20-11-17 at 01:20:25:084 Send 05 
20-11-17 at 01:20:25:099 Recived 15 
20-11-17 at 01:20:25:099 Send 06 
20-11-17 at 01:20:25:114 Send 02 06 FF 39 1E 00 00 00 DE 
20-11-17 at 01:20:25:129 Recived 06 02 10 FF 39 00 00 00 00 00 00 00 00 00 00 00 00 00 00 D6 
20-11-17 at 01:20:25:144 Send 06 
20-11-17 at 01:22:26:284 Send 05 
20-11-17 at 01:22:26:299 Recived 15 
20-11-17 at 01:22:26:299 Send 06 
20-11-17 at 01:22:26:314 Send 02 06 FF 39 1E 00 00 00 DE 
20-11-17 at 01:22:26:329 Recived 06 02 10 FF 39 00 00 00 00 00 00 00 00 00 00 00 00 00 00 D6 
20-11-17 at 01:22:26:344 Send 06 
20-11-17 at 01:24:27:484 Send 05 
20-11-17 at 01:24:27:499 Recived 15 
20-11-17 at 01:24:27:499 Send 06 
20-11-17 at 01:24:27:514 Send 02 06 FF 39 1E 00 00 00 DE 
20-11-17 at 01:24:27:529 Recived 06 02 10 FF 39 00 00 00 00 00 00 00 00 00 00 00 00 00 00 D6 
20-11-17 at 01:24:27:544 Send 06 
20-11-17 at 01:26:28:684 Send 05 
20-11-17 at 01:26:28:699 Recived 15 
20-11-17 at 01:26:28:699 Send 06 
20-11-17 at 01:26:28:714 Send 02 06 FF 39 1E 00 00 00 DE 
20-11-17 at 01:26:28:729 Recived 06 02 10 FF 39 00 00 00 00 00 00 00 00 00 00 00 00 00 00 D6 
20-11-17 at 01:26:28:744 Send 06 
20-11-17 at 01:28:29:884 Send 05 
20-11-17 at 01:28:29:899 Recived 15 
20-11-17 at 01:28:29:899 Send 06 
20-11-17 at 01:28:29:914 Send 02 06 FF 39 1E 00 00 00 DE 
20-11-17 at 01:28:29:929 Recived 06 02 10 FF 39 00 00 00 00 00 00 00 00 00 00 00 00 00 00 D6 
20-11-17 at 01:28:29:944 Send 06 
20-11-17 at 01:30:31:084 Send 05 
20-11-17 at 01:30:31:099 Recived 15 
20-11-17 at 01:30:31:099 Send 06 
20-11-17 at 01:30:31:114 Send 02 06 FF 39 1E 00 00 00 DE 
20-11-17 at 01:30:31:129 Recived 06 02 10 FF 39 00 00 00 00 00 00 00 00 00 00 00 00 00 00 D6 
20-11-17 at 01:30:31:144 Send 06 
20-11-17 at 01:32:32:284 Send 05 
20-11-17 at 01:32:32:299 Recived 15 
20-11-17 at 01:32:32:299 Send 06 
20-11-17 at 01:32:32:314 Send 02 06 FF 39 1E 00 00 00 DE 
20-11-17 at 01:32:32:329 Recived 06 02 10 FF 39 00 00 00 00 00 00 00 00 00 00 00 00 00 00 D6 
20-11-17 at 01:32:32:344 Send 06 
20-11-17 at 01:34:33:484 Send 05 
20-11-17 at 01:34:33:499 Recived 15 
20-11-17 at 01:34:33:499 Send 06 
20-11-17 at 01:34:33:514 Send 02 06 FF 39 1E 00 00 00 DE 
20-11-17 at 01:34:33:529 Recived 06 02 10 FF 39 00 00 00 00 00 00 00 00 00 00 00 00 00 00 D6 
20-11-17 at 01:34:33:544 Send 06 
20-11-17 at 01:36:34:684 Send 05 
20-11-17 at 01:36:34:699 Recived 15 
20-11-17 at 01:36:34:699 Send 06 
20-11-17 at 01:36:34:714 Send 02 06 FF 39 1E 00 00 00 DE 
20-11-17 at 01:36:34:729 Recived 06 02 10 FF 39 00 00 00 00 00 00 00 00 00 00 00 00 00 00 D6 
20-11-17 at 01:36:34:744 Send 06 
20-11-17 at 01:38:35:884 Send 05 
20-11-17 at 01:38:35:899 Recived 15 
20-11-17 at 01:38:35:899 Send 06 
20-11-17 at 01:38:35:914 Send 02 06 FF 39 1E 00 00 00 DE 
20-11-17 at 01:38:35:929 Recived 06 02 10 FF 39 00 00 00 00 00 00 00 00 00 00 00 00 00 00 D6 
20-11-17 at 01:38:35:944 Send 06 
20-11-17 at 01:40:37:084 Send 05 
20-11-17 at 01:40:37:099 Recived 15 
20-11-17 at 01:40:37:099 Send 06 
20-11-17 at 01:40:37:114 Send 02 06 FF 39 1E 00 00 00 DE 
20-11-17 at 01:40:37:129 Recived 06 02 10 FF 39 00 00 00 00 00 00 00 00 00 00 00 00 00 00 D6 
20-11-17 at 01:40:37:144 Send 06 
20-11-17 at 01:42:38:284 Send 05 
20-11-17 at 01:42:38:299 Recived 15 
20-11-17 at 01:42:38:299 Send 06 
20-11-17 at 01:42:38:314 Send 02 06 FF 39 1E 00 00 00 DE 
20-11-17 at 01:42:38:329 Recived 06 02 10 FF 39 00 00 00 00 00 00 00 00 00 00 00 00 00 00 D6 
20-11-17 at 01:42:38:344 Send 06 
20-11-17 at 01:44:39:484 Send 05 
20-11-17 at 01:44:39:499 Recived 15 
20-11-17 at 01:44:39:499 Send 06 
20-11-17 at 01:44:39:514 Send 02 06 FF 39 1E 00 00 00 DE 
20-11-17 at 01:44:39:529 Recived 06 02 10 FF 39 00 00 00 00 00 00 00 00 00 00 00 00 00 00 D6 
20-11-17 at 01:44:39:544 Send 06 
20-11-17 at 01:46:40:684 Send 05 
20-11-17 at 01:46:40:699 Recived 15 
20-11-17 at 01:46:40:699 Send 06 
20-11-17 at 01:46:40:714 Send 02 06 FF 39 1E 00 00 00 DE 
20-11-17 at 01:46:40:729 Recived 06 02 10 FF 39 00 00 00 00 00 00 00 00 00 00 00 00 00 00 D6 
20-11-17 at 01:46:40:744 Send 06 
20-11-17 at 01:48:41:884 Send 05 
20-11-17 at 01:48:41:899 Recived 15 
20-11-17 at 01:48:41:899 Send 06 
20-11-17 at 01:48:41:914 Send 02 06 FF 39 1E 00 00 00 DE 
20-11-17 at 01:48:41:929 Recived 06 02 10 FF 39 00 00 00 00 00 00 00 00 00 00 00 00 00 00 D6 
20-11-17 at 01:48:41:944 Send 06 
20-11-17 at 01:50:43:084 Send 05 
20-11-17 at 01:50:43:099 Recived 15 
20-11-17 at 01:50:43:099 Send 06 
20-11-17 at 01:50:43:114 Send 02 06 FF 39 1E 00 00 00 DE 
20-11-17 at 01:50:43:129 Recived 06 02 10 FF 39 00 00 00 00 00 00 00 00 00 00 00 00 00 00 D6 
20-11-17 at 01:50:43:144 Send 06 
20-11-17 at 01:52:44:284 Send 05 
20-11-17 at 01:52:44:299 Recived 15 
20-11-17 at 01:52:44:299 Send 06 
20-11-17 at 01:52:44:314 Send 02 06 FF 39 1E 00 00 00 DE 
20-11-17 at 01:52:44:329 Recived 06 02 10 FF 39 00 00 00 00 00 00 00 00 00 00 00 00 00 00 D6 
20-11-17 at 01:52:44:344 Send 06 
20-11-17 at 01:54:45:484 Send 05 
20-11-17 at 01:54:45:499 Recived 15 
20-11-17 at 01:54:45:499 Send 06 
20-11-17 at 01:54:45:514 Send 02 06 FF 39 1E 00 00 00 DE 
20-11-17 at 01:54:45:529 Recived 06 02 10 FF 39 00 00 00 00 00 00 00 00 00 00 00 00 00 00 D6 
20-11-17 at 01:54:45:544 Send 06 
20-11-17 at 01:56:46:684 Send 05 
20-11-17 at 01:56:46:699 Recived 15 
20-11-17 at 01:56:46:699 Send 06 
20-11-17 at 01:56:46:714 Send 02 06 FF 39 1E 00 00 00 DE 
20-11-17 at 01:56:46:729 Recived 06 02 10 FF 39 00 00 00 00 00 00 00 00 00 00 00 00 00 00 D6 
20-11-17 at 01:56:46:744 Send 06 
20-11-17 at 01:58:47:884 Send 05 
20-11-17 at 01:58:47:899 Recived 15 
20-11-17 at 01:58:47:899 Send 06 
20-11-17 at 01:58:47:914 Send 02 06 FF 39 1E 00 00 00 DE 
20-11-17 at 01:58:47:929 Recived 06 02 10 FF 39 00 00 00 00 00 00 00 00 00 00 00 00 00 00 D6 
20-11-17 at 01:58:47:944 Send 06 
20-11-17 at 02:00:49:084 Send 05 
20-11-17 at 02:00:49:099 Recived 15 
20-11-17 at 02:00:49:099 Send 06 
20-11-17 at 02:00:49:114 Send 02 06 FF 39 1E 00 00 00 DE 
20-11-17 at 02:00:49:129 Recived 06 
20-11-17 at 02:00:49:144 Recived 02 10 FF 39 00 00 00 00 00 00 00 00 00 00 00 00 00 00 D6 
20-11-17 at 02:00:49:159 Send 06 
20-11-17 at 02:02:50:284 Send 05 
20-11-17 at 02:02:50:299 Recived 15 
20-11-17 at 02:02:50:299 Send 06 
20-11-17 at 02:02:50:314 Send 02 06 FF 39 1E 00 00 00 DE 
20-11-17 at 02:02:50:329 Recived 06 02 10 FF 39 00 00 00 00 00 00 00 00 00 00 00 00 00 00 D6 
20-11-17 at 02:02:50:344 Send 06 
20-11-17 at 02:04:51:484 Send 05 
20-11-17 at 02:04:51:499 Recived 15 
20-11-17 at 02:04:51:499 Send 06 
20-11-17 at 02:04:51:514 Send 02 06 FF 39 1E 00 00 00 DE 
20-11-17 at 02:04:51:529 Recived 06 02 10 FF 39 00 00 00 00 00 00 00 00 00 00 00 00 00 00 D6 
20-11-17 at 02:04:51:544 Send 06 
20-11-17 at 02:06:52:684 Send 05 
20-11-17 at 02:06:52:699 Recived 15 
20-11-17 at 02:06:52:699 Send 06 
20-11-17 at 02:06:52:714 Send 02 06 FF 39 1E 00 00 00 DE 
20-11-17 at 02:06:52:729 Recived 06 02 10 FF 39 00 00 00 00 00 00 00 00 00 00 00 00 00 00 D6 
20-11-17 at 02:06:52:744 Send 06 
20-11-17 at 02:08:53:884 Send 05 
20-11-17 at 02:08:53:899 Recived 15 
20-11-17 at 02:08:53:899 Send 06 
20-11-17 at 02:08:53:914 Send 02 06 FF 39 1E 00 00 00 DE 
20-11-17 at 02:08:53:929 Recived 06 02 10 FF 39 00 00 00 00 00 00 00 00 00 00 00 00 00 00 D6 
20-11-17 at 02:08:53:944 Send 06 
20-11-17 at 02:10:55:084 Send 05 
20-11-17 at 02:10:55:099 Recived 15 
20-11-17 at 02:10:55:099 Send 06 
20-11-17 at 02:10:55:114 Send 02 06 FF 39 1E 00 00 00 DE 
20-11-17 at 02:10:55:129 Recived 06 02 10 FF 39 00 00 00 00 00 00 00 00 00 00 00 00 00 00 D6 
20-11-17 at 02:10:55:144 Send 06 
20-11-17 at 02:12:56:284 Send 05 
20-11-17 at 02:12:56:299 Recived 15 
20-11-17 at 02:12:56:299 Send 06 
20-11-17 at 02:12:56:314 Send 02 06 FF 39 1E 00 00 00 DE 
20-11-17 at 02:12:56:329 Recived 06 02 10 FF 39 00 00 00 00 00 00 00 00 00 00 00 00 00 00 D6 
20-11-17 at 02:12:56:344 Send 06 
20-11-17 at 02:14:57:484 Send 05 
20-11-17 at 02:14:57:499 Recived 15 
20-11-17 at 02:14:57:499 Send 06 
20-11-17 at 02:14:57:514 Send 02 06 FF 39 1E 00 00 00 DE 
20-11-17 at 02:14:57:529 Recived 06 02 10 FF 39 00 00 00 00 00 00 00 00 00 00 00 00 00 00 D6 
20-11-17 at 02:14:57:544 Send 06 
20-11-17 at 02:16:58:684 Send 05 
20-11-17 at 02:16:58:699 Recived 15 
20-11-17 at 02:16:58:699 Send 06 
20-11-17 at 02:16:58:714 Send 02 06 FF 39 1E 00 00 00 DE 
20-11-17 at 02:16:58:729 Recived 06 02 10 FF 39 00 00 00 00 00 00 00 00 00 00 00 00 00 00 D6 
20-11-17 at 02:16:58:744 Send 06 
20-11-17 at 02:18:59:884 Send 05 
20-11-17 at 02:18:59:899 Recived 15 
20-11-17 at 02:18:59:899 Send 06 
20-11-17 at 02:18:59:914 Send 02 06 FF 39 1E 00 00 00 DE 
20-11-17 at 02:18:59:929 Recived 06 02 10 FF 39 00 00 00 00 00 00 00 00 00 00 00 00 00 00 D6 
20-11-17 at 02:18:59:944 Send 06 
20-11-17 at 02:21:01:084 Send 05 
20-11-17 at 02:21:01:099 Recived 15 
20-11-17 at 02:21:01:099 Send 06 
20-11-17 at 02:21:01:114 Send 02 06 FF 39 1E 00 00 00 DE 
20-11-17 at 02:21:01:129 Recived 06 02 10 FF 39 00 00 00 00 00 00 00 00 00 00 00 00 00 00 D6 
20-11-17 at 02:21:01:144 Send 06 
20-11-17 at 02:23:02:284 Send 05 
20-11-17 at 02:23:02:299 Recived 15 
20-11-17 at 02:23:02:299 Send 06 
20-11-17 at 02:23:02:314 Send 02 06 FF 39 1E 00 00 00 DE 
20-11-17 at 02:23:02:329 Recived 06 02 10 FF 39 00 00 00 00 00 00 00 00 00 00 00 00 00 00 D6 
20-11-17 at 02:23:02:344 Send 06 
20-11-17 at 02:25:03:484 Send 05 
20-11-17 at 02:25:03:499 Recived 15 
20-11-17 at 02:25:03:499 Send 06 
20-11-17 at 02:25:03:514 Send 02 06 FF 39 1E 00 00 00 DE 
20-11-17 at 02:25:03:529 Recived 06 02 10 FF 39 00 00 00 00 00 00 00 00 00 00 00 00 00 00 D6 
20-11-17 at 02:25:03:544 Send 06 
20-11-17 at 02:27:04:684 Send 05 
20-11-17 at 02:27:04:699 Recived 15 
20-11-17 at 02:27:04:699 Send 06 
20-11-17 at 02:27:04:714 Send 02 06 FF 39 1E 00 00 00 DE 
20-11-17 at 02:27:04:729 Recived 06 02 10 FF 39 00 00 00 00 00 00 00 00 00 00 00 00 00 00 D6 
20-11-17 at 02:27:04:744 Send 06 
20-11-17 at 02:29:05:884 Send 05 
20-11-17 at 02:29:05:899 Recived 15 
20-11-17 at 02:29:05:899 Send 06 
20-11-17 at 02:29:05:914 Send 02 06 FF 39 1E 00 00 00 DE 
20-11-17 at 02:29:05:929 Recived 06 02 10 FF 39 00 00 00 00 00 00 00 00 00 00 00 00 00 00 D6 
20-11-17 at 02:29:05:944 Send 06 
20-11-17 at 02:31:07:084 Send 05 
20-11-17 at 02:31:07:099 Recived 15 
20-11-17 at 02:31:07:099 Send 06 
20-11-17 at 02:31:07:114 Send 02 06 FF 39 1E 00 00 00 DE 
20-11-17 at 02:31:07:129 Recived 06 02 10 FF 39 00 00 00 00 00 00 00 00 00 00 00 00 00 00 D6 
20-11-17 at 02:31:07:144 Send 06 
20-11-17 at 02:33:08:284 Send 05 
20-11-17 at 02:33:08:299 Recived 15 
20-11-17 at 02:33:08:299 Send 06 
20-11-17 at 02:33:08:314 Send 02 06 FF 39 1E 00 00 00 DE 
20-11-17 at 02:33:08:329 Recived 06 02 10 FF 39 00 00 00 00 00 00 00 00 00 00 00 00 00 00 D6 
20-11-17 at 02:33:08:344 Send 06 
20-11-17 at 02:35:09:484 Send 05 
20-11-17 at 02:35:09:499 Recived 15 
20-11-17 at 02:35:09:499 Send 06 
20-11-17 at 02:35:09:514 Send 02 06 FF 39 1E 00 00 00 DE 
20-11-17 at 02:35:09:529 Recived 06 02 10 FF 39 00 00 00 00 00 00 00 00 00 00 00 00 00 00 D6 
20-11-17 at 02:35:09:544 Send 06 
20-11-17 at 02:37:10:684 Send 05 
20-11-17 at 02:37:10:699 Recived 15 
20-11-17 at 02:37:10:699 Send 06 
20-11-17 at 02:37:10:714 Send 02 06 FF 39 1E 00 00 00 DE 
20-11-17 at 02:37:10:729 Recived 06 02 10 FF 39 00 00 00 00 00 00 00 00 00 00 00 00 00 00 D6 
20-11-17 at 02:37:10:744 Send 06 
20-11-17 at 02:39:11:884 Send 05 
20-11-17 at 02:39:11:899 Recived 15 
20-11-17 at 02:39:11:899 Send 06 
20-11-17 at 02:39:11:914 Send 02 06 FF 39 1E 00 00 00 DE 
20-11-17 at 02:39:11:929 Recived 06 02 10 FF 39 00 00 00 00 00 00 00 00 00 00 00 00 00 00 D6 
20-11-17 at 02:39:11:944 Send 06 
20-11-17 at 02:41:13:084 Send 05 
20-11-17 at 02:41:13:099 Recived 15 
20-11-17 at 02:41:13:099 Send 06 
20-11-17 at 02:41:13:114 Send 02 06 FF 39 1E 00 00 00 DE 
20-11-17 at 02:41:13:129 Recived 06 02 10 FF 39 00 00 00 00 00 00 00 00 00 00 00 00 00 00 D6 
20-11-17 at 02:41:13:144 Send 06 
20-11-17 at 02:43:14:284 Send 05 
20-11-17 at 02:43:14:299 Recived 15 
20-11-17 at 02:43:14:299 Send 06 
20-11-17 at 02:43:14:314 Send 02 06 FF 39 1E 00 00 00 DE 
20-11-17 at 02:43:14:329 Recived 06 02 10 FF 39 00 00 00 00 00 00 00 00 00 00 00 00 00 00 D6 
20-11-17 at 02:43:14:344 Send 06 
20-11-17 at 02:45:15:484 Send 05 
20-11-17 at 02:45:15:499 Recived 15 
20-11-17 at 02:45:15:499 Send 06 
20-11-17 at 02:45:15:514 Send 02 06 FF 39 1E 00 00 00 DE 
20-11-17 at 02:45:15:529 Recived 06 02 10 FF 39 00 00 00 00 00 00 00 00 00 00 00 00 00 00 D6 
20-11-17 at 02:45:15:544 Send 06 
20-11-17 at 02:47:16:684 Send 05 
20-11-17 at 02:47:16:699 Recived 15 
20-11-17 at 02:47:16:699 Send 06 
20-11-17 at 02:47:16:714 Send 02 06 FF 39 1E 00 00 00 DE 
20-11-17 at 02:47:16:729 Recived 06 02 10 FF 39 00 00 00 00 00 00 00 00 00 00 00 00 00 00 D6 
20-11-17 at 02:47:16:744 Send 06 
20-11-17 at 02:49:17:884 Send 05 
20-11-17 at 02:49:17:899 Recived 15 
20-11-17 at 02:49:17:899 Send 06 
20-11-17 at 02:49:17:914 Send 02 06 FF 39 1E 00 00 00 DE 
20-11-17 at 02:49:17:929 Recived 06 02 10 FF 39 00 00 00 00 00 00 00 00 00 00 00 00 00 00 D6 
20-11-17 at 02:49:17:944 Send 06 
20-11-17 at 02:51:19:084 Send 05 
20-11-17 at 02:51:19:099 Recived 15 
20-11-17 at 02:51:19:099 Send 06 
20-11-17 at 02:51:19:114 Send 02 06 FF 39 1E 00 00 00 DE 
20-11-17 at 02:51:19:129 Recived 06 02 10 FF 39 00 00 00 00 00 00 00 00 00 00 00 00 00 00 D6 
20-11-17 at 02:51:19:144 Send 06 
20-11-17 at 02:53:20:284 Send 05 
20-11-17 at 02:53:20:299 Recived 15 
20-11-17 at 02:53:20:299 Send 06 
20-11-17 at 02:53:20:314 Send 02 06 FF 39 1E 00 00 00 DE 
20-11-17 at 02:53:20:329 Recived 06 02 10 FF 39 00 00 00 00 00 00 00 00 00 00 00 00 00 00 D6 
20-11-17 at 02:53:20:344 Send 06 
20-11-17 at 02:55:21:484 Send 05 
20-11-17 at 02:55:21:499 Recived 15 
20-11-17 at 02:55:21:499 Send 06 
20-11-17 at 02:55:21:514 Send 02 06 FF 39 1E 00 00 00 DE 
20-11-17 at 02:55:21:529 Recived 06 02 10 FF 39 00 00 00 00 00 00 00 00 00 00 00 00 00 00 D6 
20-11-17 at 02:55:21:544 Send 06 
20-11-17 at 02:57:22:684 Send 05 
20-11-17 at 02:57:22:699 Recived 15 
20-11-17 at 02:57:22:699 Send 06 
20-11-17 at 02:57:22:714 Send 02 06 FF 39 1E 00 00 00 DE 
20-11-17 at 02:57:22:729 Recived 06 02 10 FF 39 00 00 00 00 00 00 00 00 00 00 00 00 00 00 D6 
20-11-17 at 02:57:22:744 Send 06 
20-11-17 at 02:59:23:884 Send 05 
20-11-17 at 02:59:23:899 Recived 15 
20-11-17 at 02:59:23:899 Send 06 
20-11-17 at 02:59:23:914 Send 02 06 FF 39 1E 00 00 00 DE 
20-11-17 at 02:59:23:929 Recived 06 02 10 FF 39 00 00 00 00 00 00 00 00 00 00 00 00 00 00 D6 
20-11-17 at 02:59:23:944 Send 06 
20-11-17 at 03:01:25:084 Send 05 
20-11-17 at 03:01:25:099 Recived 15 
20-11-17 at 03:01:25:099 Send 06 
20-11-17 at 03:01:25:114 Send 02 06 FF 39 1E 00 00 00 DE 
20-11-17 at 03:01:25:129 Recived 06 02 10 FF 39 00 00 00 00 00 00 00 00 00 00 00 00 00 00 D6 
20-11-17 at 03:01:25:144 Send 06 
20-11-17 at 03:03:26:284 Send 05 
20-11-17 at 03:03:26:299 Recived 15 
20-11-17 at 03:03:26:299 Send 06 
20-11-17 at 03:03:26:314 Send 02 06 FF 39 1E 00 00 00 DE 
20-11-17 at 03:03:26:329 Recived 06 02 10 FF 39 00 00 00 00 00 00 00 00 00 00 00 00 00 00 D6 
20-11-17 at 03:03:26:344 Send 06 
20-11-17 at 03:05:27:484 Send 05 
20-11-17 at 03:05:27:499 Recived 15 
20-11-17 at 03:05:27:499 Send 06 
20-11-17 at 03:05:27:514 Send 02 06 FF 39 1E 00 00 00 DE 
20-11-17 at 03:05:27:529 Recived 06 02 10 FF 39 00 00 00 00 00 00 00 00 00 00 00 00 00 00 D6 
20-11-17 at 03:05:27:544 Send 06 
20-11-17 at 03:07:28:684 Send 05 
20-11-17 at 03:07:28:699 Recived 15 
20-11-17 at 03:07:28:699 Send 06 
20-11-17 at 03:07:28:714 Send 02 06 FF 39 1E 00 00 00 DE 
20-11-17 at 03:07:28:729 Recived 06 02 10 FF 39 00 00 00 00 00 00 00 00 00 00 00 00 00 00 D6 
20-11-17 at 03:07:28:744 Send 06 
20-11-17 at 03:09:29:884 Send 05 
20-11-17 at 03:09:29:899 Recived 15 
20-11-17 at 03:09:29:899 Send 06 
20-11-17 at 03:09:29:914 Send 02 06 FF 39 1E 00 00 00 DE 
20-11-17 at 03:09:29:929 Recived 06 02 10 FF 39 00 00 00 00 00 00 00 00 00 00 00 00 00 00 D6 
20-11-17 at 03:09:29:944 Send 06 
20-11-17 at 03:11:31:084 Send 05 
20-11-17 at 03:11:31:099 Recived 15 
20-11-17 at 03:11:31:099 Send 06 
20-11-17 at 03:11:31:114 Send 02 06 FF 39 1E 00 00 00 DE 
20-11-17 at 03:11:31:129 Recived 06 02 10 FF 39 00 00 00 00 00 00 00 00 00 00 00 00 00 00 D6 
20-11-17 at 03:11:31:144 Send 06 
20-11-17 at 03:13:32:284 Send 05 
20-11-17 at 03:13:32:299 Recived 15 
20-11-17 at 03:13:32:299 Send 06 
20-11-17 at 03:13:32:314 Send 02 06 FF 39 1E 00 00 00 DE 
20-11-17 at 03:13:32:329 Recived 06 02 10 FF 39 00 00 00 00 00 00 00 00 00 00 00 00 00 00 D6 
20-11-17 at 03:13:32:344 Send 06 
20-11-17 at 03:15:33:484 Send 05 
20-11-17 at 03:15:33:499 Recived 15 
20-11-17 at 03:15:33:499 Send 06 
20-11-17 at 03:15:33:514 Send 02 06 FF 39 1E 00 00 00 DE 
20-11-17 at 03:15:33:529 Recived 06 02 10 FF 39 00 00 00 00 00 00 00 00 00 00 00 00 00 00 D6 
20-11-17 at 03:15:33:544 Send 06 
20-11-17 at 03:17:34:684 Send 05 
20-11-17 at 03:17:34:699 Recived 15 
20-11-17 at 03:17:34:699 Send 06 
20-11-17 at 03:17:34:714 Send 02 06 FF 39 1E 00 00 00 DE 
20-11-17 at 03:17:34:729 Recived 06 02 10 FF 39 00 00 00 00 00 00 00 00 00 00 00 00 00 00 D6 
20-11-17 at 03:17:34:744 Send 06 
20-11-17 at 03:19:35:884 Send 05 
20-11-17 at 03:19:35:899 Recived 15 
20-11-17 at 03:19:35:899 Send 06 
20-11-17 at 03:19:35:914 Send 02 06 FF 39 1E 00 00 00 DE 
20-11-17 at 03:19:35:929 Recived 06 02 10 FF 39 00 00 00 00 00 00 00 00 00 00 00 00 00 00 D6 
20-11-17 at 03:19:35:944 Send 06 
20-11-17 at 03:21:37:084 Send 05 
20-11-17 at 03:21:37:099 Recived 15 
20-11-17 at 03:21:37:099 Send 06 
20-11-17 at 03:21:37:114 Send 02 06 FF 39 1E 00 00 00 DE 
20-11-17 at 03:21:37:129 Recived 06 02 10 FF 39 00 00 00 00 00 00 00 00 00 00 00 00 00 00 D6 
20-11-17 at 03:21:37:144 Send 06 
20-11-17 at 03:23:38:284 Send 05 
20-11-17 at 03:23:38:299 Recived 15 
20-11-17 at 03:23:38:299 Send 06 
20-11-17 at 03:23:38:314 Send 02 06 FF 39 1E 00 00 00 DE 
20-11-17 at 03:23:38:329 Recived 06 02 10 FF 39 00 00 00 00 00 00 00 00 00 00 00 00 00 00 D6 
20-11-17 at 03:23:38:344 Send 06 
20-11-17 at 03:25:39:484 Send 05 
20-11-17 at 03:25:39:499 Recived 15 
20-11-17 at 03:25:39:499 Send 06 
20-11-17 at 03:25:39:514 Send 02 06 FF 39 1E 00 00 00 DE 
20-11-17 at 03:25:39:529 Recived 06 02 10 FF 39 00 00 00 00 00 00 00 00 00 00 00 00 00 00 D6 
20-11-17 at 03:25:39:544 Send 06 
20-11-17 at 03:27:40:684 Send 05 
20-11-17 at 03:27:40:699 Recived 15 
20-11-17 at 03:27:40:699 Send 06 
20-11-17 at 03:27:40:714 Send 02 06 FF 39 1E 00 00 00 DE 
20-11-17 at 03:27:40:729 Recived 06 02 10 FF 39 00 00 00 00 00 00 00 00 00 00 00 00 00 00 D6 
20-11-17 at 03:27:40:744 Send 06 
20-11-17 at 03:29:41:884 Send 05 
20-11-17 at 03:29:41:899 Recived 15 
20-11-17 at 03:29:41:899 Send 06 
20-11-17 at 03:29:41:914 Send 02 06 FF 39 1E 00 00 00 DE 
20-11-17 at 03:29:41:929 Recived 06 02 10 FF 39 00 00 00 00 00 00 00 00 00 00 00 00 00 00 D6 
20-11-17 at 03:29:41:944 Send 06 
20-11-17 at 03:31:43:084 Send 05 
20-11-17 at 03:31:43:099 Recived 15 
20-11-17 at 03:31:43:099 Send 06 
20-11-17 at 03:31:43:114 Send 02 06 FF 39 1E 00 00 00 DE 
20-11-17 at 03:31:43:129 Recived 06 02 10 FF 39 00 00 00 00 00 00 00 00 00 00 00 00 00 00 D6 
20-11-17 at 03:31:43:144 Send 06 
20-11-17 at 03:33:44:284 Send 05 
20-11-17 at 03:33:44:299 Recived 15 
20-11-17 at 03:33:44:299 Send 06 
20-11-17 at 03:33:44:314 Send 02 06 FF 39 1E 00 00 00 DE 
20-11-17 at 03:33:44:329 Recived 06 02 10 FF 39 00 00 00 00 00 00 00 00 00 00 00 00 00 00 D6 
20-11-17 at 03:33:44:344 Send 06 
20-11-17 at 03:35:45:484 Send 05 
20-11-17 at 03:35:45:499 Recived 15 
20-11-17 at 03:35:45:499 Send 06 
20-11-17 at 03:35:45:514 Send 02 06 FF 39 1E 00 00 00 DE 
20-11-17 at 03:35:45:529 Recived 06 02 10 FF 39 00 00 00 00 00 00 00 00 00 00 00 00 00 00 D6 
20-11-17 at 03:35:45:544 Send 06 
20-11-17 at 03:37:46:684 Send 05 
20-11-17 at 03:37:46:699 Recived 15 
20-11-17 at 03:37:46:699 Send 06 
20-11-17 at 03:37:46:714 Send 02 06 FF 39 1E 00 00 00 DE 
20-11-17 at 03:37:46:729 Recived 06 02 10 FF 39 00 00 00 00 00 00 00 00 00 00 00 00 00 00 D6 
20-11-17 at 03:37:46:744 Send 06 
20-11-17 at 03:39:47:884 Send 05 
20-11-17 at 03:39:47:899 Recived 15 
20-11-17 at 03:39:47:899 Send 06 
20-11-17 at 03:39:47:914 Send 02 06 FF 39 1E 00 00 00 DE 
20-11-17 at 03:39:47:929 Recived 06 02 10 FF 39 00 00 00 00 00 00 00 00 00 00 00 00 00 00 D6 
20-11-17 at 03:39:47:944 Send 06 
20-11-17 at 03:41:49:084 Send 05 
20-11-17 at 03:41:49:099 Recived 15 
20-11-17 at 03:41:49:099 Send 06 
20-11-17 at 03:41:49:114 Send 02 06 FF 39 1E 00 00 00 DE 
20-11-17 at 03:41:49:129 Recived 06 02 10 FF 39 00 00 00 00 00 00 00 00 00 00 00 00 00 00 D6 
20-11-17 at 03:41:49:144 Send 06 
20-11-17 at 03:43:50:284 Send 05 
20-11-17 at 03:43:50:299 Recived 15 
20-11-17 at 03:43:50:299 Send 06 
20-11-17 at 03:43:50:314 Send 02 06 FF 39 1E 00 00 00 DE 
20-11-17 at 03:43:50:329 Recived 06 02 10 FF 39 00 00 00 00 00 00 00 00 00 00 00 00 00 00 D6 
20-11-17 at 03:43:50:344 Send 06 
20-11-17 at 03:45:51:484 Send 05 
20-11-17 at 03:45:51:499 Recived 15 
20-11-17 at 03:45:51:499 Send 06 
20-11-17 at 03:45:51:514 Send 02 06 FF 39 1E 00 00 00 DE 
20-11-17 at 03:45:51:529 Recived 06 02 10 FF 39 00 00 00 00 00 00 00 00 00 00 00 00 00 00 D6 
20-11-17 at 03:45:51:544 Send 06 
20-11-17 at 03:47:52:684 Send 05 
20-11-17 at 03:47:52:699 Recived 15 
20-11-17 at 03:47:52:699 Send 06 
20-11-17 at 03:47:52:714 Send 02 06 FF 39 1E 00 00 00 DE 
20-11-17 at 03:47:52:729 Recived 06 02 10 FF 39 00 00 00 00 00 00 00 00 00 00 00 00 00 00 D6 
20-11-17 at 03:47:52:744 Send 06 
20-11-17 at 03:49:53:884 Send 05 
20-11-17 at 03:49:53:899 Recived 15 
20-11-17 at 03:49:53:899 Send 06 
20-11-17 at 03:49:53:914 Send 02 06 FF 39 1E 00 00 00 DE 
20-11-17 at 03:49:53:929 Recived 06 02 10 FF 39 00 00 00 00 00 00 00 00 00 00 00 00 00 00 D6 
20-11-17 at 03:49:53:944 Send 06 
20-11-17 at 03:51:55:084 Send 05 
20-11-17 at 03:51:55:099 Recived 15 
20-11-17 at 03:51:55:099 Send 06 
20-11-17 at 03:51:55:114 Send 02 06 FF 39 1E 00 00 00 DE 
20-11-17 at 03:51:55:129 Recived 06 02 10 FF 39 00 00 00 00 00 00 00 00 00 00 00 00 00 00 D6 
20-11-17 at 03:51:55:144 Send 06 
20-11-17 at 03:53:56:284 Send 05 
20-11-17 at 03:53:56:299 Recived 15 
20-11-17 at 03:53:56:299 Send 06 
20-11-17 at 03:53:56:314 Send 02 06 FF 39 1E 00 00 00 DE 
20-11-17 at 03:53:56:329 Recived 06 02 10 FF 39 00 00 00 00 00 00 00 00 00 00 00 00 00 00 D6 
20-11-17 at 03:53:56:344 Send 06 
20-11-17 at 03:55:57:484 Send 05 
20-11-17 at 03:55:57:499 Recived 15 
20-11-17 at 03:55:57:499 Send 06 
20-11-17 at 03:55:57:514 Send 02 06 FF 39 1E 00 00 00 DE 
20-11-17 at 03:55:57:529 Recived 06 02 10 FF 39 00 00 00 00 00 00 00 00 00 00 00 00 00 00 D6 
20-11-17 at 03:55:57:544 Send 06 
20-11-17 at 03:57:58:684 Send 05 
20-11-17 at 03:57:58:699 Recived 15 
20-11-17 at 03:57:58:699 Send 06 
20-11-17 at 03:57:58:714 Send 02 06 FF 39 1E 00 00 00 DE 
20-11-17 at 03:57:58:729 Recived 06 02 10 FF 39 00 00 00 00 00 00 00 00 00 00 00 00 00 00 D6 
20-11-17 at 03:57:58:744 Send 06 
20-11-17 at 03:59:59:884 Send 05 
20-11-17 at 03:59:59:899 Recived 15 
20-11-17 at 03:59:59:899 Send 06 
20-11-17 at 03:59:59:914 Send 02 06 FF 39 1E 00 00 00 DE 
20-11-17 at 03:59:59:929 Recived 06 02 10 FF 39 00 00 00 00 00 00 00 00 00 00 00 00 00 00 D6 
20-11-17 at 03:59:59:944 Send 06 
20-11-17 at 04:02:01:084 Send 05 
20-11-17 at 04:02:01:099 Recived 15 
20-11-17 at 04:02:01:099 Send 06 
20-11-17 at 04:02:01:114 Send 02 06 FF 39 1E 00 00 00 DE 
20-11-17 at 04:02:01:129 Recived 06 02 10 FF 39 00 00 00 00 00 00 00 00 00 00 00 00 00 00 D6 
20-11-17 at 04:02:01:144 Send 06 
20-11-17 at 04:04:02:284 Send 05 
20-11-17 at 04:04:02:299 Recived 15 
20-11-17 at 04:04:02:299 Send 06 
20-11-17 at 04:04:02:314 Send 02 06 FF 39 1E 00 00 00 DE 
20-11-17 at 04:04:02:329 Recived 06 02 10 FF 39 00 00 00 00 00 00 00 00 00 00 00 00 00 00 D6 
20-11-17 at 04:04:02:344 Send 06 
20-11-17 at 04:06:03:484 Send 05 
20-11-17 at 04:06:03:499 Recived 15 
20-11-17 at 04:06:03:499 Send 06 
20-11-17 at 04:06:03:514 Send 02 06 FF 39 1E 00 00 00 DE 
20-11-17 at 04:06:03:529 Recived 06 02 10 FF 39 00 00 00 00 00 00 00 00 00 00 00 00 00 00 D6 
20-11-17 at 04:06:03:544 Send 06 
20-11-17 at 04:08:04:684 Send 05 
20-11-17 at 04:08:04:699 Recived 15 
20-11-17 at 04:08:04:699 Send 06 
20-11-17 at 04:08:04:714 Send 02 06 FF 39 1E 00 00 00 DE 
20-11-17 at 04:08:04:729 Recived 06 02 10 FF 39 00 00 00 00 00 00 00 00 00 00 00 00 00 00 D6 
20-11-17 at 04:08:04:744 Send 06 
20-11-17 at 04:10:05:884 Send 05 
20-11-17 at 04:10:05:899 Recived 15 
20-11-17 at 04:10:05:899 Send 06 
20-11-17 at 04:10:05:914 Send 02 06 FF 39 1E 00 00 00 DE 
20-11-17 at 04:10:05:929 Recived 06 02 10 FF 39 00 00 00 00 00 00 00 00 00 00 00 00 00 00 D6 
20-11-17 at 04:10:05:944 Send 06 
20-11-17 at 04:12:07:084 Send 05 
20-11-17 at 04:12:07:099 Recived 15 
20-11-17 at 04:12:07:099 Send 06 
20-11-17 at 04:12:07:114 Send 02 06 FF 39 1E 00 00 00 DE 
20-11-17 at 04:12:07:129 Recived 06 02 10 FF 39 00 00 00 00 00 00 00 00 00 00 00 00 00 00 D6 
20-11-17 at 04:12:07:144 Send 06 
20-11-17 at 04:14:08:284 Send 05 
20-11-17 at 04:14:08:299 Recived 15 
20-11-17 at 04:14:08:299 Send 06 
20-11-17 at 04:14:08:314 Send 02 06 FF 39 1E 00 00 00 DE 
20-11-17 at 04:14:08:329 Recived 06 02 10 FF 39 00 00 00 00 00 00 00 00 00 00 00 00 00 00 D6 
20-11-17 at 04:14:08:344 Send 06 
20-11-17 at 04:16:09:484 Send 05 
20-11-17 at 04:16:09:499 Recived 15 
20-11-17 at 04:16:09:499 Send 06 
20-11-17 at 04:16:09:514 Send 02 06 FF 39 1E 00 00 00 DE 
20-11-17 at 04:16:09:529 Recived 06 02 10 FF 39 00 00 00 00 00 00 00 00 00 00 00 00 00 00 D6 
20-11-17 at 04:16:09:544 Send 06 
20-11-17 at 04:18:10:684 Send 05 
20-11-17 at 04:18:10:699 Recived 15 
20-11-17 at 04:18:10:699 Send 06 
20-11-17 at 04:18:10:714 Send 02 06 FF 39 1E 00 00 00 DE 
20-11-17 at 04:18:10:729 Recived 06 02 10 FF 39 00 00 00 00 00 00 00 00 00 00 00 00 00 00 D6 
20-11-17 at 04:18:10:744 Send 06 
20-11-17 at 04:20:11:884 Send 05 
20-11-17 at 04:20:11:899 Recived 15 
20-11-17 at 04:20:11:899 Send 06 
20-11-17 at 04:20:11:914 Send 02 06 FF 39 1E 00 00 00 DE 
20-11-17 at 04:20:11:929 Recived 06 02 10 FF 39 00 00 00 00 00 00 00 00 00 00 00 00 00 00 D6 
20-11-17 at 04:20:11:944 Send 06 
20-11-17 at 04:22:13:084 Send 05 
20-11-17 at 04:22:13:099 Recived 15 
20-11-17 at 04:22:13:099 Send 06 
20-11-17 at 04:22:13:114 Send 02 06 FF 39 1E 00 00 00 DE 
20-11-17 at 04:22:13:129 Recived 06 02 10 FF 39 00 00 00 00 00 00 00 00 00 00 00 00 00 00 D6 
20-11-17 at 04:22:13:144 Send 06 
20-11-17 at 04:24:14:284 Send 05 
20-11-17 at 04:24:14:299 Recived 15 
20-11-17 at 04:24:14:299 Send 06 
20-11-17 at 04:24:14:314 Send 02 06 FF 39 1E 00 00 00 DE 
20-11-17 at 04:24:14:329 Recived 06 02 10 FF 39 00 00 00 00 00 00 00 00 00 00 00 00 00 00 D6 
20-11-17 at 04:24:14:344 Send 06 
20-11-17 at 04:26:15:484 Send 05 
20-11-17 at 04:26:15:499 Recived 15 
20-11-17 at 04:26:15:499 Send 06 
20-11-17 at 04:26:15:514 Send 02 06 FF 39 1E 00 00 00 DE 
20-11-17 at 04:26:15:529 Recived 06 02 10 FF 39 00 00 00 00 00 00 00 00 00 00 00 00 00 00 D6 
20-11-17 at 04:26:15:544 Send 06 
20-11-17 at 04:28:16:684 Send 05 
20-11-17 at 04:28:16:699 Recived 15 
20-11-17 at 04:28:16:699 Send 06 
20-11-17 at 04:28:16:714 Send 02 06 FF 39 1E 00 00 00 DE 
20-11-17 at 04:28:16:729 Recived 06 02 10 FF 39 00 00 00 00 00 00 00 00 00 00 00 00 00 00 D6 
20-11-17 at 04:28:16:744 Send 06 
20-11-17 at 04:30:17:884 Send 05 
20-11-17 at 04:30:17:899 Recived 15 
20-11-17 at 04:30:17:899 Send 06 
20-11-17 at 04:30:17:914 Send 02 06 FF 39 1E 00 00 00 DE 
20-11-17 at 04:30:17:929 Recived 06 02 10 FF 39 00 00 00 00 00 00 00 00 00 00 00 00 00 00 D6 
20-11-17 at 04:30:17:944 Send 06 
20-11-17 at 04:32:19:084 Send 05 
20-11-17 at 04:32:19:099 Recived 15 
20-11-17 at 04:32:19:099 Send 06 
20-11-17 at 04:32:19:114 Send 02 06 FF 39 1E 00 00 00 DE 
20-11-17 at 04:32:19:129 Recived 06 02 10 FF 39 00 00 00 00 00 00 00 00 00 00 00 00 00 00 D6 
20-11-17 at 04:32:19:144 Send 06 
20-11-17 at 04:34:20:284 Send 05 
20-11-17 at 04:34:20:299 Recived 15 
20-11-17 at 04:34:20:299 Send 06 
20-11-17 at 04:34:20:314 Send 02 06 FF 39 1E 00 00 00 DE 
20-11-17 at 04:34:20:329 Recived 06 02 10 FF 39 00 00 00 00 00 00 00 00 00 00 00 00 00 00 D6 
20-11-17 at 04:34:20:344 Send 06 
20-11-17 at 04:36:21:484 Send 05 
20-11-17 at 04:36:21:499 Recived 15 
20-11-17 at 04:36:21:499 Send 06 
20-11-17 at 04:36:21:514 Send 02 06 FF 39 1E 00 00 00 DE 
20-11-17 at 04:36:21:529 Recived 06 02 10 FF 39 00 00 00 00 00 00 00 00 00 00 00 00 00 00 D6 
20-11-17 at 04:36:21:544 Send 06 
20-11-17 at 04:38:22:684 Send 05 
20-11-17 at 04:38:22:699 Recived 15 
20-11-17 at 04:38:22:699 Send 06 
20-11-17 at 04:38:22:714 Send 02 06 FF 39 1E 00 00 00 DE 
20-11-17 at 04:38:22:729 Recived 06 02 10 FF 39 00 00 00 00 00 00 00 00 00 00 00 00 00 00 D6 
20-11-17 at 04:38:22:744 Send 06 
20-11-17 at 04:40:23:884 Send 05 
20-11-17 at 04:40:23:899 Recived 15 
20-11-17 at 04:40:23:899 Send 06 
20-11-17 at 04:40:23:914 Send 02 06 FF 39 1E 00 00 00 DE 
20-11-17 at 04:40:23:929 Recived 06 02 10 FF 39 00 00 00 00 00 00 00 00 00 00 00 00 00 00 D6 
20-11-17 at 04:40:23:944 Send 06 
20-11-17 at 04:42:25:084 Send 05 
20-11-17 at 04:42:25:099 Recived 15 
20-11-17 at 04:42:25:099 Send 06 
20-11-17 at 04:42:25:114 Send 02 06 FF 39 1E 00 00 00 DE 
20-11-17 at 04:42:25:129 Recived 06 02 10 FF 39 00 00 00 00 00 00 00 00 00 00 00 00 00 00 D6 
20-11-17 at 04:42:25:144 Send 06 
20-11-17 at 04:44:26:284 Send 05 
20-11-17 at 04:44:26:299 Recived 15 
20-11-17 at 04:44:26:299 Send 06 
20-11-17 at 04:44:26:314 Send 02 06 FF 39 1E 00 00 00 DE 
20-11-17 at 04:44:26:329 Recived 06 02 10 FF 39 00 00 00 00 00 00 00 00 00 00 00 00 00 00 D6 
20-11-17 at 04:44:26:344 Send 06 
20-11-17 at 04:46:27:484 Send 05 
20-11-17 at 04:46:27:499 Recived 15 
20-11-17 at 04:46:27:499 Send 06 
20-11-17 at 04:46:27:514 Send 02 06 FF 39 1E 00 00 00 DE 
20-11-17 at 04:46:27:529 Recived 06 02 10 FF 39 00 00 00 00 00 00 00 00 00 00 00 00 00 00 D6 
20-11-17 at 04:46:27:544 Send 06 
20-11-17 at 04:48:28:684 Send 05 
20-11-17 at 04:48:28:699 Recived 15 
20-11-17 at 04:48:28:699 Send 06 
20-11-17 at 04:48:28:714 Send 02 06 FF 39 1E 00 00 00 DE 
20-11-17 at 04:48:28:729 Recived 06 02 10 FF 39 00 00 00 00 00 00 00 00 00 00 00 00 00 00 D6 
20-11-17 at 04:48:28:744 Send 06 
20-11-17 at 04:50:29:884 Send 05 
20-11-17 at 04:50:29:899 Recived 15 
20-11-17 at 04:50:29:899 Send 06 
20-11-17 at 04:50:29:914 Send 02 06 FF 39 1E 00 00 00 DE 
20-11-17 at 04:50:29:929 Recived 06 02 10 FF 39 00 00 00 00 00 00 00 00 00 00 00 00 00 00 D6 
20-11-17 at 04:50:29:944 Send 06 
20-11-17 at 04:52:31:084 Send 05 
20-11-17 at 04:52:31:099 Recived 15 
20-11-17 at 04:52:31:099 Send 06 
20-11-17 at 04:52:31:114 Send 02 06 FF 39 1E 00 00 00 DE 
20-11-17 at 04:52:31:129 Recived 06 02 10 FF 39 00 00 00 00 00 00 00 00 00 00 00 00 00 00 D6 
20-11-17 at 04:52:31:144 Send 06 
20-11-17 at 04:54:32:284 Send 05 
20-11-17 at 04:54:32:299 Recived 15 
20-11-17 at 04:54:32:299 Send 06 
20-11-17 at 04:54:32:314 Send 02 06 FF 39 1E 00 00 00 DE 
20-11-17 at 04:54:32:329 Recived 06 02 10 FF 39 00 00 00 00 00 00 00 00 00 00 00 00 00 00 D6 
20-11-17 at 04:54:32:344 Send 06 
20-11-17 at 04:56:33:484 Send 05 
20-11-17 at 04:56:33:499 Recived 15 
20-11-17 at 04:56:33:499 Send 06 
20-11-17 at 04:56:33:514 Send 02 06 FF 39 1E 00 00 00 DE 
20-11-17 at 04:56:33:529 Recived 06 02 10 FF 39 00 00 00 00 00 00 00 00 00 00 00 00 00 00 D6 
20-11-17 at 04:56:33:544 Send 06 
20-11-17 at 04:58:34:684 Send 05 
20-11-17 at 04:58:34:699 Recived 15 
20-11-17 at 04:58:34:699 Send 06 
20-11-17 at 04:58:34:714 Send 02 06 FF 39 1E 00 00 00 DE 
20-11-17 at 04:58:34:729 Recived 06 02 10 FF 39 00 00 00 00 00 00 00 00 00 00 00 00 00 00 D6 
20-11-17 at 04:58:34:744 Send 06 
20-11-17 at 05:00:35:884 Send 05 
20-11-17 at 05:00:35:899 Recived 15 
20-11-17 at 05:00:35:899 Send 06 
20-11-17 at 05:00:35:914 Send 02 06 FF 39 1E 00 00 00 DE 
20-11-17 at 05:00:35:929 Recived 06 02 10 FF 39 00 00 00 00 00 00 00 00 00 00 00 00 00 00 D6 
20-11-17 at 05:00:35:944 Send 06 
20-11-17 at 05:02:37:084 Send 05 
20-11-17 at 05:02:37:099 Recived 15 
20-11-17 at 05:02:37:099 Send 06 
20-11-17 at 05:02:37:114 Send 02 06 FF 39 1E 00 00 00 DE 
20-11-17 at 05:02:37:129 Recived 06 02 10 FF 39 00 00 00 00 00 00 00 00 00 00 00 00 00 00 D6 
20-11-17 at 05:02:37:144 Send 06 
20-11-17 at 05:04:38:284 Send 05 
20-11-17 at 05:04:38:299 Recived 15 
20-11-17 at 05:04:38:299 Send 06 
20-11-17 at 05:04:38:314 Send 02 06 FF 39 1E 00 00 00 DE 
20-11-17 at 05:04:38:329 Recived 06 02 10 FF 39 00 00 00 00 00 00 00 00 00 00 00 00 00 00 D6 
20-11-17 at 05:04:38:344 Send 06 
20-11-17 at 05:06:39:484 Send 05 
20-11-17 at 05:06:39:499 Recived 15 
20-11-17 at 05:06:39:499 Send 06 
20-11-17 at 05:06:39:514 Send 02 06 FF 39 1E 00 00 00 DE 
20-11-17 at 05:06:39:529 Recived 06 02 10 FF 39 00 00 00 00 00 00 00 00 00 00 00 00 00 00 D6 
20-11-17 at 05:06:39:544 Send 06 
20-11-17 at 05:08:40:684 Send 05 
20-11-17 at 05:08:40:699 Recived 15 
20-11-17 at 05:08:40:699 Send 06 
20-11-17 at 05:08:40:714 Send 02 06 FF 39 1E 00 00 00 DE 
20-11-17 at 05:08:40:729 Recived 06 02 10 FF 39 00 00 00 00 00 00 00 00 00 00 00 00 00 00 D6 
20-11-17 at 05:08:40:744 Send 06 
20-11-17 at 05:10:41:884 Send 05 
20-11-17 at 05:10:41:899 Recived 15 
20-11-17 at 05:10:41:899 Send 06 
20-11-17 at 05:10:41:914 Send 02 06 FF 39 1E 00 00 00 DE 
20-11-17 at 05:10:41:929 Recived 06 02 10 FF 39 00 00 00 00 00 00 00 00 00 00 00 00 00 00 D6 
20-11-17 at 05:10:41:944 Send 06 
20-11-17 at 05:12:43:084 Send 05 
20-11-17 at 05:12:43:099 Recived 15 
20-11-17 at 05:12:43:099 Send 06 
20-11-17 at 05:12:43:114 Send 02 06 FF 39 1E 00 00 00 DE 
20-11-17 at 05:12:43:129 Recived 06 02 10 FF 39 00 00 00 00 00 00 00 00 00 00 00 00 00 00 D6 
20-11-17 at 05:12:43:144 Send 06 
20-11-17 at 05:14:44:284 Send 05 
20-11-17 at 05:14:44:299 Recived 15 
20-11-17 at 05:14:44:299 Send 06 
20-11-17 at 05:14:44:314 Send 02 06 FF 39 1E 00 00 00 DE 
20-11-17 at 05:14:44:329 Recived 06 02 10 FF 39 00 00 00 00 00 00 00 00 00 00 00 00 00 00 D6 
20-11-17 at 05:14:44:344 Send 06 
20-11-17 at 05:16:45:484 Send 05 
20-11-17 at 05:16:45:499 Recived 15 
20-11-17 at 05:16:45:499 Send 06 
20-11-17 at 05:16:45:514 Send 02 06 FF 39 1E 00 00 00 DE 
20-11-17 at 05:16:45:529 Recived 06 02 10 FF 39 00 00 00 00 00 00 00 00 00 00 00 00 00 00 D6 
20-11-17 at 05:16:45:544 Send 06 
20-11-17 at 05:18:46:684 Send 05 
20-11-17 at 05:18:46:699 Recived 15 
20-11-17 at 05:18:46:699 Send 06 
20-11-17 at 05:18:46:714 Send 02 06 FF 39 1E 00 00 00 DE 
20-11-17 at 05:18:46:729 Recived 06 02 10 FF 39 00 00 00 00 00 00 00 00 00 00 00 00 00 00 D6 
20-11-17 at 05:18:46:744 Send 06 
20-11-17 at 05:20:47:884 Send 05 
20-11-17 at 05:20:47:899 Recived 15 
20-11-17 at 05:20:47:899 Send 06 
20-11-17 at 05:20:47:914 Send 02 06 FF 39 1E 00 00 00 DE 
20-11-17 at 05:20:47:929 Recived 06 02 10 FF 39 00 00 00 00 00 00 00 00 00 00 00 00 00 00 D6 
20-11-17 at 05:20:47:944 Send 06 
20-11-17 at 05:22:49:084 Send 05 
20-11-17 at 05:22:49:099 Recived 15 
20-11-17 at 05:22:49:099 Send 06 
20-11-17 at 05:22:49:114 Send 02 06 FF 39 1E 00 00 00 DE 
20-11-17 at 05:22:49:129 Recived 06 02 10 FF 39 00 00 00 00 00 00 00 00 00 00 00 00 00 00 D6 
20-11-17 at 05:22:49:144 Send 06 
20-11-17 at 05:24:50:284 Send 05 
20-11-17 at 05:24:50:299 Recived 15 
20-11-17 at 05:24:50:299 Send 06 
20-11-17 at 05:24:50:314 Send 02 06 FF 39 1E 00 00 00 DE 
20-11-17 at 05:24:50:329 Recived 06 02 10 FF 39 00 00 00 00 00 00 00 00 00 00 00 00 00 00 D6 
20-11-17 at 05:24:50:344 Send 06 
20-11-17 at 05:26:51:484 Send 05 
20-11-17 at 05:26:51:499 Recived 15 
20-11-17 at 05:26:51:499 Send 06 
20-11-17 at 05:26:51:514 Send 02 06 FF 39 1E 00 00 00 DE 
20-11-17 at 05:26:51:529 Recived 06 02 10 FF 39 00 00 00 00 00 00 00 00 00 00 00 00 00 00 D6 
20-11-17 at 05:26:51:544 Send 06 
20-11-17 at 05:28:52:684 Send 05 
20-11-17 at 05:28:52:699 Recived 15 
20-11-17 at 05:28:52:699 Send 06 
20-11-17 at 05:28:52:714 Send 02 06 FF 39 1E 00 00 00 DE 
20-11-17 at 05:28:52:729 Recived 06 02 10 FF 39 00 00 00 00 00 00 00 00 00 00 00 00 00 00 D6 
20-11-17 at 05:28:52:744 Send 06 
20-11-17 at 05:30:53:884 Send 05 
20-11-17 at 05:30:53:899 Recived 15 
20-11-17 at 05:30:53:899 Send 06 
20-11-17 at 05:30:53:914 Send 02 06 FF 39 1E 00 00 00 DE 
20-11-17 at 05:30:53:929 Recived 06 02 10 FF 39 00 00 00 00 00 00 00 00 00 00 00 00 00 00 D6 
20-11-17 at 05:30:53:944 Send 06 
20-11-17 at 05:32:55:084 Send 05 
20-11-17 at 05:32:55:099 Recived 15 
20-11-17 at 05:32:55:099 Send 06 
20-11-17 at 05:32:55:114 Send 02 06 FF 39 1E 00 00 00 DE 
20-11-17 at 05:32:55:129 Recived 06 02 10 FF 39 00 00 00 00 00 00 00 00 00 00 00 00 00 00 D6 
20-11-17 at 05:32:55:144 Send 06 
20-11-17 at 05:34:56:284 Send 05 
20-11-17 at 05:34:56:299 Recived 15 
20-11-17 at 05:34:56:299 Send 06 
20-11-17 at 05:34:56:314 Send 02 06 FF 39 1E 00 00 00 DE 
20-11-17 at 05:34:56:329 Recived 06 02 10 FF 39 00 00 00 00 00 00 00 00 00 00 00 00 00 00 D6 
20-11-17 at 05:34:56:344 Send 06 
20-11-17 at 05:36:57:484 Send 05 
20-11-17 at 05:36:57:499 Recived 15 
20-11-17 at 05:36:57:499 Send 06 
20-11-17 at 05:36:57:514 Send 02 06 FF 39 1E 00 00 00 DE 
20-11-17 at 05:36:57:529 Recived 06 02 10 FF 39 00 00 00 00 00 00 00 00 00 00 00 00 00 00 D6 
20-11-17 at 05:36:57:544 Send 06 
20-11-17 at 05:38:58:684 Send 05 
20-11-17 at 05:38:58:699 Recived 15 
20-11-17 at 05:38:58:699 Send 06 
20-11-17 at 05:38:58:714 Send 02 06 FF 39 1E 00 00 00 DE 
20-11-17 at 05:38:58:729 Recived 06 02 10 FF 39 00 00 00 00 00 00 00 00 00 00 00 00 00 00 D6 
20-11-17 at 05:38:58:744 Send 06 
20-11-17 at 05:40:59:884 Send 05 
20-11-17 at 05:40:59:899 Recived 15 
20-11-17 at 05:40:59:899 Send 06 
20-11-17 at 05:40:59:914 Send 02 06 FF 39 1E 00 00 00 DE 
20-11-17 at 05:40:59:929 Recived 06 
20-11-17 at 05:40:59:944 Recived 02 10 FF 39 00 00 00 00 00 00 00 00 00 00 00 00 00 00 D6 
20-11-17 at 05:40:59:959 Send 06 
20-11-17 at 05:43:01:084 Send 05 
20-11-17 at 05:43:01:099 Recived 15 
20-11-17 at 05:43:01:099 Send 06 
20-11-17 at 05:43:01:114 Send 02 06 FF 39 1E 00 00 00 DE 
20-11-17 at 05:43:01:129 Recived 06 02 10 FF 39 00 00 00 00 00 00 00 00 00 00 00 00 00 00 D6 
20-11-17 at 05:43:01:144 Send 06 
20-11-17 at 05:45:02:284 Send 05 
20-11-17 at 05:45:02:299 Recived 15 
20-11-17 at 05:45:02:299 Send 06 
20-11-17 at 05:45:02:314 Send 02 06 FF 39 1E 00 00 00 DE 
20-11-17 at 05:45:02:329 Recived 06 02 10 FF 39 00 00 00 00 00 00 00 00 00 00 00 00 00 00 D6 
20-11-17 at 05:45:02:344 Send 06 
20-11-17 at 05:47:03:484 Send 05 
20-11-17 at 05:47:03:499 Recived 15 
20-11-17 at 05:47:03:499 Send 06 
20-11-17 at 05:47:03:514 Send 02 06 FF 39 1E 00 00 00 DE 
20-11-17 at 05:47:03:529 Recived 06 02 10 FF 39 00 00 00 00 00 00 00 00 00 00 00 00 00 00 D6 
20-11-17 at 05:47:03:544 Send 06 
20-11-17 at 05:49:04:684 Send 05 
20-11-17 at 05:49:04:699 Recived 15 
20-11-17 at 05:49:04:699 Send 06 
20-11-17 at 05:49:04:714 Send 02 06 FF 39 1E 00 00 00 DE 
20-11-17 at 05:49:04:729 Recived 06 02 10 FF 39 00 00 00 00 00 00 00 00 00 00 00 00 00 00 D6 
20-11-17 at 05:49:04:744 Send 06 
20-11-17 at 05:51:05:884 Send 05 
20-11-17 at 05:51:05:899 Recived 15 
20-11-17 at 05:51:05:899 Send 06 
20-11-17 at 05:51:05:914 Send 02 06 FF 39 1E 00 00 00 DE 
20-11-17 at 05:51:05:929 Recived 06 02 10 FF 39 00 00 00 00 00 00 00 00 00 00 00 00 00 00 D6 
20-11-17 at 05:51:05:944 Send 06 
20-11-17 at 05:53:07:084 Send 05 
20-11-17 at 05:53:07:099 Recived 15 
20-11-17 at 05:53:07:099 Send 06 
20-11-17 at 05:53:07:114 Send 02 06 FF 39 1E 00 00 00 DE 
20-11-17 at 05:53:07:129 Recived 06 02 10 FF 39 00 00 00 00 00 00 00 00 00 00 00 00 00 00 D6 
20-11-17 at 05:53:07:144 Send 06 
20-11-17 at 05:55:08:284 Send 05 
20-11-17 at 05:55:08:299 Recived 15 
20-11-17 at 05:55:08:299 Send 06 
20-11-17 at 05:55:08:314 Send 02 06 FF 39 1E 00 00 00 DE 
20-11-17 at 05:55:08:329 Recived 06 02 10 FF 39 00 00 00 00 00 00 00 00 00 00 00 00 00 00 D6 
20-11-17 at 05:55:08:344 Send 06 
20-11-17 at 05:57:09:484 Send 05 
20-11-17 at 05:57:09:499 Recived 15 
20-11-17 at 05:57:09:499 Send 06 
20-11-17 at 05:57:09:514 Send 02 06 FF 39 1E 00 00 00 DE 
20-11-17 at 05:57:09:529 Recived 06 02 10 FF 39 00 00 00 00 00 00 00 00 00 00 00 00 00 00 D6 
20-11-17 at 05:57:09:544 Send 06 
20-11-17 at 05:59:10:684 Send 05 
20-11-17 at 05:59:10:699 Recived 15 
20-11-17 at 05:59:10:699 Send 06 
20-11-17 at 05:59:10:714 Send 02 06 FF 39 1E 00 00 00 DE 
20-11-17 at 05:59:10:729 Recived 06 02 10 FF 39 00 00 00 00 00 00 00 00 00 00 00 00 00 00 D6 
20-11-17 at 05:59:10:744 Send 06 
20-11-17 at 06:01:11:884 Send 05 
20-11-17 at 06:01:11:899 Recived 15 
20-11-17 at 06:01:11:899 Send 06 
20-11-17 at 06:01:11:914 Send 02 06 FF 39 1E 00 00 00 DE 
20-11-17 at 06:01:11:929 Recived 06 02 10 FF 39 00 00 00 00 00 00 00 00 00 00 00 00 00 00 D6 
20-11-17 at 06:01:11:944 Send 06 
20-11-17 at 06:03:13:084 Send 05 
20-11-17 at 06:03:13:099 Recived 15 
20-11-17 at 06:03:13:099 Send 06 
20-11-17 at 06:03:13:114 Send 02 06 FF 39 1E 00 00 00 DE 
20-11-17 at 06:03:13:129 Recived 06 02 10 FF 39 00 00 00 00 00 00 00 00 00 00 00 00 00 00 D6 
20-11-17 at 06:03:13:144 Send 06 
20-11-17 at 06:05:14:284 Send 05 
20-11-17 at 06:05:14:299 Recived 15 
20-11-17 at 06:05:14:299 Send 06 
20-11-17 at 06:05:14:314 Send 02 06 FF 39 1E 00 00 00 DE 
20-11-17 at 06:05:14:329 Recived 06 02 10 FF 39 00 00 00 00 00 00 00 00 00 00 00 00 00 00 D6 
20-11-17 at 06:05:14:344 Send 06 
20-11-17 at 06:07:15:484 Send 05 
20-11-17 at 06:07:15:499 Recived 15 
20-11-17 at 06:07:15:499 Send 06 
20-11-17 at 06:07:15:514 Send 02 06 FF 39 1E 00 00 00 DE 
20-11-17 at 06:07:15:529 Recived 06 02 10 FF 39 00 00 00 00 00 00 00 00 00 00 00 00 00 00 D6 
20-11-17 at 06:07:15:544 Send 06 
20-11-17 at 06:09:16:684 Send 05 
20-11-17 at 06:09:16:699 Recived 15 
20-11-17 at 06:09:16:699 Send 06 
20-11-17 at 06:09:16:714 Send 02 06 FF 39 1E 00 00 00 DE 
20-11-17 at 06:09:16:729 Recived 06 02 10 FF 39 00 00 00 00 00 00 00 00 00 00 00 00 00 00 D6 
20-11-17 at 06:09:16:744 Send 06 
20-11-17 at 06:11:17:884 Send 05 
20-11-17 at 06:11:17:899 Recived 15 
20-11-17 at 06:11:17:899 Send 06 
20-11-17 at 06:11:17:914 Send 02 06 FF 39 1E 00 00 00 DE 
20-11-17 at 06:11:17:929 Recived 06 02 10 FF 39 00 00 00 00 00 00 00 00 00 00 00 00 00 00 D6 
20-11-17 at 06:11:17:944 Send 06 
20-11-17 at 06:13:19:084 Send 05 
20-11-17 at 06:13:19:099 Recived 15 
20-11-17 at 06:13:19:099 Send 06 
20-11-17 at 06:13:19:114 Send 02 06 FF 39 1E 00 00 00 DE 
20-11-17 at 06:13:19:129 Recived 06 02 10 FF 39 00 00 00 00 00 00 00 00 00 00 00 00 00 00 D6 
20-11-17 at 06:13:19:144 Send 06 
20-11-17 at 06:15:20:284 Send 05 
20-11-17 at 06:15:20:299 Recived 15 
20-11-17 at 06:15:20:299 Send 06 
20-11-17 at 06:15:20:314 Send 02 06 FF 39 1E 00 00 00 DE 
20-11-17 at 06:15:20:329 Recived 06 02 10 FF 39 00 00 00 00 00 00 00 00 00 00 00 00 00 00 D6 
20-11-17 at 06:15:20:344 Send 06 
20-11-17 at 06:17:21:484 Send 05 
20-11-17 at 06:17:21:499 Recived 15 
20-11-17 at 06:17:21:499 Send 06 
20-11-17 at 06:17:21:514 Send 02 06 FF 39 1E 00 00 00 DE 
20-11-17 at 06:17:21:529 Recived 06 02 10 FF 39 00 00 00 00 00 00 00 00 00 00 00 00 00 00 D6 
20-11-17 at 06:17:21:544 Send 06 
20-11-17 at 06:19:22:684 Send 05 
20-11-17 at 06:19:22:699 Recived 15 
20-11-17 at 06:19:22:699 Send 06 
20-11-17 at 06:19:22:714 Send 02 06 FF 39 1E 00 00 00 DE 
20-11-17 at 06:19:22:729 Recived 06 02 10 FF 39 00 00 00 00 00 00 00 00 00 00 00 00 00 00 D6 
20-11-17 at 06:19:22:744 Send 06 
20-11-17 at 06:21:23:884 Send 05 
20-11-17 at 06:21:23:899 Recived 15 
20-11-17 at 06:21:23:899 Send 06 
20-11-17 at 06:21:23:914 Send 02 06 FF 39 1E 00 00 00 DE 
20-11-17 at 06:21:23:929 Recived 06 02 10 FF 39 00 00 00 00 00 00 00 00 00 00 00 00 00 00 D6 
20-11-17 at 06:21:23:944 Send 06 
20-11-17 at 06:23:25:084 Send 05 
20-11-17 at 06:23:25:099 Recived 15 
20-11-17 at 06:23:25:099 Send 06 
20-11-17 at 06:23:25:114 Send 02 06 FF 39 1E 00 00 00 DE 
20-11-17 at 06:23:25:129 Recived 06 02 10 FF 39 00 00 00 00 00 00 00 00 00 00 00 00 00 00 D6 
20-11-17 at 06:23:25:144 Send 06 
20-11-17 at 06:25:26:284 Send 05 
20-11-17 at 06:25:26:299 Recived 15 
20-11-17 at 06:25:26:299 Send 06 
20-11-17 at 06:25:26:314 Send 02 06 FF 39 1E 00 00 00 DE 
20-11-17 at 06:25:26:329 Recived 06 02 10 FF 39 00 00 00 00 00 00 00 00 00 00 00 00 00 00 D6 
20-11-17 at 06:25:26:344 Send 06 
20-11-17 at 06:27:27:484 Send 05 
20-11-17 at 06:27:27:499 Recived 15 
20-11-17 at 06:27:27:499 Send 06 
20-11-17 at 06:27:27:514 Send 02 06 FF 39 1E 00 00 00 DE 
20-11-17 at 06:27:27:529 Recived 06 02 10 FF 39 00 00 00 00 00 00 00 00 00 00 00 00 00 00 D6 
20-11-17 at 06:27:27:544 Send 06 
20-11-17 at 06:29:28:684 Send 05 
20-11-17 at 06:29:28:699 Recived 15 
20-11-17 at 06:29:28:699 Send 06 
20-11-17 at 06:29:28:714 Send 02 06 FF 39 1E 00 00 00 DE 
20-11-17 at 06:29:28:729 Recived 06 02 10 FF 39 00 00 00 00 00 00 00 00 00 00 00 00 00 00 D6 
20-11-17 at 06:29:28:744 Send 06 
20-11-17 at 06:31:29:884 Send 05 
20-11-17 at 06:31:29:899 Recived 15 
20-11-17 at 06:31:29:899 Send 06 
20-11-17 at 06:31:29:914 Send 02 06 FF 39 1E 00 00 00 DE 
20-11-17 at 06:31:29:929 Recived 06 02 10 FF 39 00 00 00 00 00 00 00 00 00 00 00 00 00 00 D6 
20-11-17 at 06:31:29:944 Send 06 
20-11-17 at 06:33:31:084 Send 05 
20-11-17 at 06:33:31:099 Recived 15 
20-11-17 at 06:33:31:099 Send 06 
20-11-17 at 06:33:31:114 Send 02 06 FF 39 1E 00 00 00 DE 
20-11-17 at 06:33:31:129 Recived 06 02 10 FF 39 00 00 00 00 00 00 00 00 00 00 00 00 00 00 D6 
20-11-17 at 06:33:31:144 Send 06 
20-11-17 at 06:35:32:284 Send 05 
20-11-17 at 06:35:32:299 Recived 15 
20-11-17 at 06:35:32:299 Send 06 
20-11-17 at 06:35:32:314 Send 02 06 FF 39 1E 00 00 00 DE 
20-11-17 at 06:35:32:329 Recived 06 02 10 FF 39 00 00 00 00 00 00 00 00 00 00 00 00 00 00 D6 
20-11-17 at 06:35:32:344 Send 06 
20-11-17 at 06:37:33:484 Send 05 
20-11-17 at 06:37:33:499 Recived 15 
20-11-17 at 06:37:33:499 Send 06 
20-11-17 at 06:37:33:514 Send 02 06 FF 39 1E 00 00 00 DE 
20-11-17 at 06:37:33:529 Recived 06 02 10 FF 39 00 00 00 00 00 00 00 00 00 00 00 00 00 00 D6 
20-11-17 at 06:37:33:544 Send 06 
20-11-17 at 06:39:34:684 Send 05 
20-11-17 at 06:39:34:699 Recived 15 
20-11-17 at 06:39:34:699 Send 06 
20-11-17 at 06:39:34:714 Send 02 06 FF 39 1E 00 00 00 DE 
20-11-17 at 06:39:34:729 Recived 06 02 10 FF 39 00 00 00 00 00 00 00 00 00 00 00 00 00 00 D6 
20-11-17 at 06:39:34:744 Send 06 
20-11-17 at 06:41:35:884 Send 05 
20-11-17 at 06:41:35:899 Recived 15 
20-11-17 at 06:41:35:899 Send 06 
20-11-17 at 06:41:35:914 Send 02 06 FF 39 1E 00 00 00 DE 
20-11-17 at 06:41:35:929 Recived 06 02 10 FF 39 00 00 00 00 00 00 00 00 00 00 00 00 00 00 D6 
20-11-17 at 06:41:35:944 Send 06 
20-11-17 at 06:43:37:084 Send 05 
20-11-17 at 06:43:37:099 Recived 15 
20-11-17 at 06:43:37:099 Send 06 
20-11-17 at 06:43:37:114 Send 02 06 FF 39 1E 00 00 00 DE 
20-11-17 at 06:43:37:129 Recived 06 02 10 FF 39 00 00 00 00 00 00 00 00 00 00 00 00 00 00 D6 
20-11-17 at 06:43:37:144 Send 06 
20-11-17 at 06:45:38:284 Send 05 
20-11-17 at 06:45:38:299 Recived 15 
20-11-17 at 06:45:38:299 Send 06 
20-11-17 at 06:45:38:314 Send 02 06 FF 39 1E 00 00 00 DE 
20-11-17 at 06:45:38:329 Recived 06 02 10 FF 39 00 00 00 00 00 00 00 00 00 00 00 00 00 00 D6 
20-11-17 at 06:45:38:344 Send 06 
20-11-17 at 06:47:39:484 Send 05 
20-11-17 at 06:47:39:499 Recived 15 
20-11-17 at 06:47:39:499 Send 06 
20-11-17 at 06:47:39:514 Send 02 06 FF 39 1E 00 00 00 DE 
20-11-17 at 06:47:39:529 Recived 06 02 10 FF 39 00 00 00 00 00 00 00 00 00 00 00 00 00 00 D6 
20-11-17 at 06:47:39:544 Send 06 
20-11-17 at 06:49:40:684 Send 05 
20-11-17 at 06:49:40:699 Recived 15 
20-11-17 at 06:49:40:699 Send 06 
20-11-17 at 06:49:40:714 Send 02 06 FF 39 1E 00 00 00 DE 
20-11-17 at 06:49:40:729 Recived 06 02 10 FF 39 00 00 00 00 00 00 00 00 00 00 00 00 00 00 D6 
20-11-17 at 06:49:40:744 Send 06 
20-11-17 at 06:51:41:884 Send 05 
20-11-17 at 06:51:41:899 Recived 15 
20-11-17 at 06:51:41:899 Send 06 
20-11-17 at 06:51:41:914 Send 02 06 FF 39 1E 00 00 00 DE 
20-11-17 at 06:51:41:929 Recived 06 02 10 FF 39 00 00 00 00 00 00 00 00 00 00 00 00 00 00 D6 
20-11-17 at 06:51:41:944 Send 06 
20-11-17 at 06:53:43:084 Send 05 
20-11-17 at 06:53:43:099 Recived 15 
20-11-17 at 06:53:43:099 Send 06 
20-11-17 at 06:53:43:114 Send 02 06 FF 39 1E 00 00 00 DE 
20-11-17 at 06:53:43:129 Recived 06 02 10 FF 39 00 00 00 00 00 00 00 00 00 00 00 00 00 00 D6 
20-11-17 at 06:53:43:144 Send 06 
20-11-17 at 06:55:44:284 Send 05 
20-11-17 at 06:55:44:299 Recived 15 
20-11-17 at 06:55:44:299 Send 06 
20-11-17 at 06:55:44:314 Send 02 06 FF 39 1E 00 00 00 DE 
20-11-17 at 06:55:44:329 Recived 06 02 10 FF 39 00 00 00 00 00 00 00 00 00 00 00 00 00 00 D6 
20-11-17 at 06:55:44:344 Send 06 
20-11-17 at 06:57:45:484 Send 05 
20-11-17 at 06:57:45:499 Recived 15 
20-11-17 at 06:57:45:499 Send 06 
20-11-17 at 06:57:45:514 Send 02 06 FF 39 1E 00 00 00 DE 
20-11-17 at 06:57:45:529 Recived 06 02 10 FF 39 00 00 00 00 00 00 00 00 00 00 00 00 00 00 D6 
20-11-17 at 06:57:45:544 Send 06 
20-11-17 at 06:59:46:685 Send 05 
20-11-17 at 06:59:46:700 Recived 15 
20-11-17 at 06:59:46:700 Send 06 
20-11-17 at 06:59:46:715 Send 02 06 FF 39 1E 00 00 00 DE 
20-11-17 at 06:59:46:730 Recived 06 02 10 FF 39 00 00 00 00 00 00 00 00 00 00 00 00 00 00 D6 
20-11-17 at 06:59:46:745 Send 06 
20-11-17 at 07:01:47:885 Send 05 
20-11-17 at 07:01:47:900 Recived 15 
20-11-17 at 07:01:47:900 Send 06 
20-11-17 at 07:01:47:915 Send 02 06 FF 39 1E 00 00 00 DE 
20-11-17 at 07:01:47:930 Recived 06 02 10 FF 39 00 00 00 00 00 00 00 00 00 00 00 00 00 00 D6 
20-11-17 at 07:01:47:945 Send 06 
20-11-17 at 07:03:49:085 Send 05 
20-11-17 at 07:03:49:100 Recived 15 
20-11-17 at 07:03:49:100 Send 06 
20-11-17 at 07:03:49:115 Send 02 06 FF 39 1E 00 00 00 DE 
20-11-17 at 07:03:49:130 Recived 06 02 10 FF 39 00 00 00 00 00 00 00 00 00 00 00 00 00 00 D6 
20-11-17 at 07:03:49:145 Send 06 
20-11-17 at 07:05:50:285 Send 05 
20-11-17 at 07:05:50:300 Recived 15 
20-11-17 at 07:05:50:300 Send 06 
20-11-17 at 07:05:50:315 Send 02 06 FF 39 1E 00 00 00 DE 
20-11-17 at 07:05:50:330 Recived 06 02 10 FF 39 00 00 00 00 00 00 00 00 00 00 00 00 00 00 D6 
20-11-17 at 07:05:50:345 Send 06 
20-11-17 at 07:07:51:485 Send 05 
20-11-17 at 07:07:51:500 Recived 15 
20-11-17 at 07:07:51:500 Send 06 
20-11-17 at 07:07:51:515 Send 02 06 FF 39 1E 00 00 00 DE 
20-11-17 at 07:07:51:530 Recived 06 02 10 FF 39 00 00 00 00 00 00 00 00 00 00 00 00 00 00 D6 
20-11-17 at 07:07:51:545 Send 06 
20-11-17 at 07:09:52:685 Send 05 
20-11-17 at 07:09:52:700 Recived 15 
20-11-17 at 07:09:52:700 Send 06 
20-11-17 at 07:09:52:715 Send 02 06 FF 39 1E 00 00 00 DE 
20-11-17 at 07:09:52:730 Recived 06 02 10 FF 39 00 00 00 00 00 00 00 00 00 00 00 00 00 00 D6 
20-11-17 at 07:09:52:745 Send 06 
20-11-17 at 07:11:53:885 Send 05 
20-11-17 at 07:11:53:900 Recived 15 
20-11-17 at 07:11:53:900 Send 06 
20-11-17 at 07:11:53:915 Send 02 06 FF 39 1E 00 00 00 DE 
20-11-17 at 07:11:53:930 Recived 06 02 10 FF 39 00 00 00 00 00 00 00 00 00 00 00 00 00 00 D6 
20-11-17 at 07:11:53:945 Send 06 
20-11-17 at 07:13:55:085 Send 05 
20-11-17 at 07:13:55:100 Recived 15 
20-11-17 at 07:13:55:100 Send 06 
20-11-17 at 07:13:55:115 Send 02 06 FF 39 1E 00 00 00 DE 
20-11-17 at 07:13:55:130 Recived 06 02 10 FF 39 00 00 00 00 00 00 00 00 00 00 00 00 00 00 D6 
20-11-17 at 07:13:55:145 Send 06 
20-11-17 at 07:15:56:285 Send 05 
20-11-17 at 07:15:56:300 Recived 15 
20-11-17 at 07:15:56:300 Send 06 
20-11-17 at 07:15:56:315 Send 02 06 FF 39 1E 00 00 00 DE 
20-11-17 at 07:15:56:330 Recived 06 02 10 FF 39 00 00 00 00 00 00 00 00 00 00 00 00 00 00 D6 
20-11-17 at 07:15:56:345 Send 06 
20-11-17 at 07:17:57:485 Send 05 
20-11-17 at 07:17:57:500 Recived 15 
20-11-17 at 07:17:57:500 Send 06 
20-11-17 at 07:17:57:515 Send 02 06 FF 39 1E 00 00 00 DE 
20-11-17 at 07:17:57:530 Recived 06 02 10 FF 39 00 00 00 00 00 00 00 00 00 00 00 00 00 00 D6 
20-11-17 at 07:17:57:545 Send 06 
20-11-17 at 07:19:58:685 Send 05 
20-11-17 at 07:19:58:700 Recived 15 
20-11-17 at 07:19:58:700 Send 06 
20-11-17 at 07:19:58:715 Send 02 06 FF 39 1E 00 00 00 DE 
20-11-17 at 07:19:58:730 Recived 06 02 10 FF 39 00 00 00 00 00 00 00 00 00 00 00 00 00 00 D6 
20-11-17 at 07:19:58:745 Send 06 
20-11-17 at 07:21:59:885 Send 05 
20-11-17 at 07:21:59:900 Recived 15 
20-11-17 at 07:21:59:900 Send 06 
20-11-17 at 07:21:59:915 Send 02 06 FF 39 1E 00 00 00 DE 
20-11-17 at 07:21:59:930 Recived 06 02 10 FF 39 00 00 00 00 00 00 00 00 00 00 00 00 00 00 D6 
20-11-17 at 07:21:59:945 Send 06 
20-11-17 at 07:24:01:085 Send 05 
20-11-17 at 07:24:01:100 Recived 15 
20-11-17 at 07:24:01:100 Send 06 
20-11-17 at 07:24:01:115 Send 02 06 FF 39 1E 00 00 00 DE 
20-11-17 at 07:24:01:130 Recived 06 02 10 FF 39 00 00 00 00 00 00 00 00 00 00 00 00 00 00 D6 
20-11-17 at 07:24:01:145 Send 06 
20-11-17 at 07:26:02:285 Send 05 
20-11-17 at 07:26:02:300 Recived 15 
20-11-17 at 07:26:02:300 Send 06 
20-11-17 at 07:26:02:315 Send 02 06 FF 39 1E 00 00 00 DE 
20-11-17 at 07:26:02:330 Recived 06 02 10 FF 39 00 00 00 00 00 00 00 00 00 00 00 00 00 00 D6 
20-11-17 at 07:26:02:345 Send 06 
20-11-17 at 07:28:03:485 Send 05 
20-11-17 at 07:28:03:500 Recived 15 
20-11-17 at 07:28:03:500 Send 06 
20-11-17 at 07:28:03:515 Send 02 06 FF 39 1E 00 00 00 DE 
20-11-17 at 07:28:03:530 Recived 06 02 10 FF 39 00 00 00 00 00 00 00 00 00 00 00 00 00 00 D6 
20-11-17 at 07:28:03:545 Send 06 
20-11-17 at 07:30:04:685 Send 05 
20-11-17 at 07:30:04:700 Recived 15 
20-11-17 at 07:30:04:700 Send 06 
20-11-17 at 07:30:04:715 Send 02 06 FF 39 1E 00 00 00 DE 
20-11-17 at 07:30:04:730 Recived 06 02 10 FF 39 00 00 00 00 00 00 00 00 00 00 00 00 00 00 D6 
20-11-17 at 07:30:04:745 Send 06 
20-11-17 at 07:32:05:885 Send 05 
20-11-17 at 07:32:05:900 Recived 15 
20-11-17 at 07:32:05:900 Send 06 
20-11-17 at 07:32:05:915 Send 02 06 FF 39 1E 00 00 00 DE 
20-11-17 at 07:32:05:930 Recived 06 02 10 FF 39 00 00 00 00 00 00 00 00 00 00 00 00 00 00 D6 
20-11-17 at 07:32:05:945 Send 06 
20-11-17 at 07:34:07:085 Send 05 
20-11-17 at 07:34:07:100 Recived 15 
20-11-17 at 07:34:07:100 Send 06 
20-11-17 at 07:34:07:115 Send 02 06 FF 39 1E 00 00 00 DE 
20-11-17 at 07:34:07:130 Recived 06 02 10 FF 39 00 00 00 00 00 00 00 00 00 00 00 00 00 00 D6 
20-11-17 at 07:34:07:145 Send 06 
20-11-17 at 07:36:08:285 Send 05 
20-11-17 at 07:36:08:300 Recived 15 
20-11-17 at 07:36:08:300 Send 06 
20-11-17 at 07:36:08:315 Send 02 06 FF 39 1E 00 00 00 DE 
20-11-17 at 07:36:08:330 Recived 06 02 10 FF 39 00 00 00 00 00 00 00 00 00 00 00 00 00 00 D6 
20-11-17 at 07:36:08:345 Send 06 
20-11-17 at 07:38:09:485 Send 05 
20-11-17 at 07:38:09:500 Recived 15 
20-11-17 at 07:38:09:500 Send 06 
20-11-17 at 07:38:09:515 Send 02 06 FF 39 1E 00 00 00 DE 
20-11-17 at 07:38:09:530 Recived 06 02 10 FF 39 00 00 00 00 00 00 00 00 00 00 00 00 00 00 D6 
20-11-17 at 07:38:09:545 Send 06 
20-11-17 at 07:40:10:685 Send 05 
20-11-17 at 07:40:10:700 Recived 15 
20-11-17 at 07:40:10:700 Send 06 
20-11-17 at 07:40:10:715 Send 02 06 FF 39 1E 00 00 00 DE 
20-11-17 at 07:40:10:730 Recived 06 02 10 FF 39 00 00 00 00 00 00 00 00 00 00 00 00 00 00 D6 
20-11-17 at 07:40:10:745 Send 06 
20-11-17 at 07:42:11:885 Send 05 
20-11-17 at 07:42:11:900 Recived 15 
20-11-17 at 07:42:11:900 Send 06 
20-11-17 at 07:42:11:915 Send 02 06 FF 39 1E 00 00 00 DE 
20-11-17 at 07:42:11:930 Recived 06 02 10 FF 39 00 00 00 00 00 00 00 00 00 00 00 00 00 00 D6 
20-11-17 at 07:42:11:945 Send 06 
20-11-17 at 07:44:13:085 Send 05 
20-11-17 at 07:44:13:100 Recived 15 
20-11-17 at 07:44:13:100 Send 06 
20-11-17 at 07:44:13:115 Send 02 06 FF 39 1E 00 00 00 DE 
20-11-17 at 07:44:13:130 Recived 06 02 10 FF 39 00 00 00 00 00 00 00 00 00 00 00 00 00 00 D6 
20-11-17 at 07:44:13:145 Send 06 
20-11-17 at 07:46:14:285 Send 05 
20-11-17 at 07:46:14:300 Recived 15 
20-11-17 at 07:46:14:300 Send 06 
20-11-17 at 07:46:14:315 Send 02 06 FF 39 1E 00 00 00 DE 
20-11-17 at 07:46:14:330 Recived 06 02 10 FF 39 00 00 00 00 00 00 00 00 00 00 00 00 00 00 D6 
20-11-17 at 07:46:14:345 Send 06 
20-11-17 at 07:48:15:485 Send 05 
20-11-17 at 07:48:15:500 Recived 15 
20-11-17 at 07:48:15:500 Send 06 
20-11-17 at 07:48:15:515 Send 02 06 FF 39 1E 00 00 00 DE 
20-11-17 at 07:48:15:530 Recived 06 02 10 FF 39 00 00 00 00 00 00 00 00 00 00 00 00 00 00 D6 
20-11-17 at 07:48:15:545 Send 06 
20-11-17 at 07:50:16:685 Send 05 
20-11-17 at 07:50:16:700 Recived 15 
20-11-17 at 07:50:16:700 Send 06 
20-11-17 at 07:50:16:715 Send 02 06 FF 39 1E 00 00 00 DE 
20-11-17 at 07:50:16:730 Recived 06 02 10 FF 39 00 00 00 00 00 00 00 00 00 00 00 00 00 00 D6 
20-11-17 at 07:50:16:745 Send 06 
20-11-17 at 07:52:17:885 Send 05 
20-11-17 at 07:52:17:900 Recived 15 
20-11-17 at 07:52:17:900 Send 06 
20-11-17 at 07:52:17:915 Send 02 06 FF 39 1E 00 00 00 DE 
20-11-17 at 07:52:17:930 Recived 06 02 10 FF 39 00 00 00 00 00 00 00 00 00 00 00 00 00 00 D6 
20-11-17 at 07:52:17:945 Send 06 
20-11-17 at 07:54:19:085 Send 05 
20-11-17 at 07:54:19:100 Recived 15 
20-11-17 at 07:54:19:100 Send 06 
20-11-17 at 07:54:19:115 Send 02 06 FF 39 1E 00 00 00 DE 
20-11-17 at 07:54:19:130 Recived 06 02 10 FF 39 00 00 00 00 00 00 00 00 00 00 00 00 00 00 D6 
20-11-17 at 07:54:19:145 Send 06 
20-11-17 at 07:56:20:285 Send 05 
20-11-17 at 07:56:20:300 Recived 15 
20-11-17 at 07:56:20:300 Send 06 
20-11-17 at 07:56:20:315 Send 02 06 FF 39 1E 00 00 00 DE 
20-11-17 at 07:56:20:330 Recived 06 02 10 FF 39 00 00 00 00 00 00 00 00 00 00 00 00 00 00 D6 
20-11-17 at 07:56:20:345 Send 06 
20-11-17 at 07:58:21:485 Send 05 
20-11-17 at 07:58:21:500 Recived 15 
20-11-17 at 07:58:21:500 Send 06 
20-11-17 at 07:58:21:515 Send 02 06 FF 39 1E 00 00 00 DE 
20-11-17 at 07:58:21:530 Recived 06 02 10 FF 39 00 00 00 00 00 00 00 00 00 00 00 00 00 00 D6 
20-11-17 at 07:58:21:545 Send 06 
20-11-17 at 08:00:22:685 Send 05 
20-11-17 at 08:00:22:700 Recived 15 
20-11-17 at 08:00:22:700 Send 06 
20-11-17 at 08:00:22:715 Send 02 06 FF 39 1E 00 00 00 DE 
20-11-17 at 08:00:22:730 Recived 06 02 10 FF 39 00 00 00 00 00 00 00 00 00 00 00 00 00 00 D6 
20-11-17 at 08:00:22:745 Send 06 
20-11-17 at 08:02:23:885 Send 05 
20-11-17 at 08:02:23:900 Recived 15 
20-11-17 at 08:02:23:900 Send 06 
20-11-17 at 08:02:23:915 Send 02 06 FF 39 1E 00 00 00 DE 
20-11-17 at 08:02:23:930 Recived 06 
20-11-17 at 08:02:23:945 Recived 02 10 FF 39 00 00 00 00 00 00 00 00 00 00 00 00 00 00 D6 
20-11-17 at 08:02:23:960 Send 06 
20-11-17 at 08:04:25:085 Send 05 
20-11-17 at 08:04:25:100 Recived 15 
20-11-17 at 08:04:25:100 Send 06 
20-11-17 at 08:04:25:115 Send 02 06 FF 39 1E 00 00 00 DE 
20-11-17 at 08:04:25:130 Recived 06 02 10 FF 39 00 00 00 00 00 00 00 00 00 00 00 00 00 00 D6 
20-11-17 at 08:04:25:145 Send 06 
20-11-17 at 08:06:26:285 Send 05 
20-11-17 at 08:06:26:300 Recived 15 
20-11-17 at 08:06:26:300 Send 06 
20-11-17 at 08:06:26:315 Send 02 06 FF 39 1E 00 00 00 DE 
20-11-17 at 08:06:26:330 Recived 06 02 10 FF 39 00 00 00 00 00 00 00 00 00 00 00 00 00 00 D6 
20-11-17 at 08:06:26:345 Send 06 
20-11-17 at 08:08:27:485 Send 05 
20-11-17 at 08:08:27:500 Recived 15 
20-11-17 at 08:08:27:500 Send 06 
20-11-17 at 08:08:27:515 Send 02 06 FF 39 1E 00 00 00 DE 
20-11-17 at 08:08:27:530 Recived 06 02 10 FF 39 00 00 00 00 00 00 00 00 00 00 00 00 00 00 D6 
20-11-17 at 08:08:27:545 Send 06 
20-11-17 at 08:10:28:685 Send 05 
20-11-17 at 08:10:28:700 Recived 15 
20-11-17 at 08:10:28:700 Send 06 
20-11-17 at 08:10:28:715 Send 02 06 FF 39 1E 00 00 00 DE 
20-11-17 at 08:10:28:730 Recived 06 02 10 FF 39 00 00 00 00 00 00 00 00 00 00 00 00 00 00 D6 
20-11-17 at 08:10:28:745 Send 06 
20-11-17 at 08:12:29:885 Send 05 
20-11-17 at 08:12:29:900 Recived 15 
20-11-17 at 08:12:29:900 Send 06 
20-11-17 at 08:12:29:915 Send 02 06 FF 39 1E 00 00 00 DE 
20-11-17 at 08:12:29:930 Recived 06 02 10 FF 39 00 00 00 00 00 00 00 00 00 00 00 00 00 00 D6 
20-11-17 at 08:12:29:945 Send 06 
20-11-17 at 08:14:31:085 Send 05 
20-11-17 at 08:14:31:100 Recived 15 
20-11-17 at 08:14:31:100 Send 06 
20-11-17 at 08:14:31:115 Send 02 06 FF 39 1E 00 00 00 DE 
20-11-17 at 08:14:31:130 Recived 06 02 10 FF 39 00 00 00 00 00 00 00 00 00 00 00 00 00 00 D6 
20-11-17 at 08:14:31:145 Send 06 
20-11-17 at 08:16:32:285 Send 05 
20-11-17 at 08:16:32:300 Recived 15 
20-11-17 at 08:16:32:300 Send 06 
20-11-17 at 08:16:32:315 Send 02 06 FF 39 1E 00 00 00 DE 
20-11-17 at 08:16:32:330 Recived 06 02 10 FF 39 00 00 00 00 00 00 00 00 00 00 00 00 00 00 D6 
20-11-17 at 08:16:32:345 Send 06 
20-11-17 at 08:18:33:485 Send 05 
20-11-17 at 08:18:33:500 Recived 15 
20-11-17 at 08:18:33:500 Send 06 
20-11-17 at 08:18:33:515 Send 02 06 FF 39 1E 00 00 00 DE 
20-11-17 at 08:18:33:530 Recived 06 02 10 FF 39 00 00 00 00 00 00 00 00 00 00 00 00 00 00 D6 
20-11-17 at 08:18:33:545 Send 06 
20-11-17 at 08:20:34:685 Send 05 
20-11-17 at 08:20:34:700 Recived 15 
20-11-17 at 08:20:34:700 Send 06 
20-11-17 at 08:20:34:715 Send 02 06 FF 39 1E 00 00 00 DE 
20-11-17 at 08:20:34:730 Recived 06 02 10 FF 39 00 00 00 00 00 00 00 00 00 00 00 00 00 00 D6 
20-11-17 at 08:20:34:745 Send 06 
20-11-17 at 08:22:35:885 Send 05 
20-11-17 at 08:22:35:900 Recived 15 
20-11-17 at 08:22:35:900 Send 06 
20-11-17 at 08:22:35:915 Send 02 06 FF 39 1E 00 00 00 DE 
20-11-17 at 08:22:35:930 Recived 06 02 10 FF 39 00 00 00 00 00 00 00 00 00 00 00 00 00 00 D6 
20-11-17 at 08:22:35:945 Send 06 
20-11-17 at 08:24:37:085 Send 05 
20-11-17 at 08:24:37:100 Recived 15 
20-11-17 at 08:24:37:100 Send 06 
20-11-17 at 08:24:37:115 Send 02 06 FF 39 1E 00 00 00 DE 
20-11-17 at 08:24:37:130 Recived 06 02 10 FF 39 00 00 00 00 00 00 00 00 00 00 00 00 00 00 D6 
20-11-17 at 08:24:37:145 Send 06 
20-11-17 at 08:26:38:285 Send 05 
20-11-17 at 08:26:38:302 Recived 15 
20-11-17 at 08:26:38:302 Send 06 
20-11-17 at 08:26:38:317 Send 02 06 FF 39 1E 00 00 00 DE 
20-11-17 at 08:26:38:332 Recived 06 02 10 FF 39 00 00 00 00 00 00 00 00 00 00 00 00 00 00 D6 
20-11-17 at 08:26:38:347 Send 06 
20-11-17 at 08:28:39:865 Send 05 
20-11-17 at 08:28:39:880 Recived 15 
20-11-17 at 08:28:39:880 Send 06 
20-11-17 at 08:28:39:895 Send 02 06 FF 39 1E 00 00 00 DE 
20-11-17 at 08:28:39:910 Recived 06 02 10 FF 39 00 00 00 00 00 00 00 00 00 00 00 00 00 00 D6 
20-11-17 at 08:28:39:925 Send 06 
20-11-17 at 08:30:41:477 Send 05 
20-11-17 at 08:30:41:492 Recived 15 
20-11-17 at 08:30:41:492 Send 06 
20-11-17 at 08:30:41:507 Send 02 06 FF 39 1E 00 00 00 DE 
20-11-17 at 08:30:41:522 Recived 06 02 10 FF 39 00 00 00 00 00 00 00 00 00 00 00 00 00 00 D6 
20-11-17 at 08:30:41:537 Send 06 
20-11-17 at 08:32:42:971 Send 05 
20-11-17 at 08:32:42:986 Recived 15 
20-11-17 at 08:32:42:986 Send 06 
20-11-17 at 08:32:43:001 Send 02 06 FF 39 1E 00 00 00 DE 
20-11-17 at 08:32:43:016 Recived 06 02 10 FF 39 00 00 00 00 00 00 00 00 00 00 00 00 00 00 D6 
20-11-17 at 08:32:43:031 Send 06 
20-11-17 at 08:34:44:317 Send 05 
20-11-17 at 08:34:44:332 Recived 15 
20-11-17 at 08:34:44:332 Send 06 
20-11-17 at 08:34:44:347 Send 02 06 FF 39 1E 00 00 00 DE 
20-11-17 at 08:34:44:362 Recived 06 02 10 FF 39 00 00 00 00 00 00 00 00 00 00 00 00 00 00 D6 
20-11-17 at 08:34:44:377 Send 06 
20-11-17 at 08:36:45:662 Send 05 
20-11-17 at 08:36:45:677 Recived 15 
20-11-17 at 08:36:45:677 Send 06 
20-11-17 at 08:36:45:692 Send 02 06 FF 39 1E 00 00 00 DE 
20-11-17 at 08:36:45:707 Recived 06 02 10 FF 39 00 00 00 00 00 00 00 00 00 00 00 00 00 00 D6 
20-11-17 at 08:36:45:722 Send 06 
20-11-17 at 08:38:46:926 Send 05 
20-11-17 at 08:38:46:941 Recived 15 
20-11-17 at 08:38:46:941 Send 06 
20-11-17 at 08:38:46:956 Send 02 06 FF 39 1E 00 00 00 DE 
20-11-17 at 08:38:46:971 Recived 06 02 10 FF 39 00 00 00 00 00 00 00 00 00 00 00 00 00 00 D6 
20-11-17 at 08:38:46:986 Send 06 
20-11-17 at 08:40:48:186 Send 05 
20-11-17 at 08:40:48:201 Recived 15 
20-11-17 at 08:40:48:201 Send 06 
20-11-17 at 08:40:48:216 Send 02 06 FF 39 1E 00 00 00 DE 
20-11-17 at 08:40:48:231 Recived 06 02 10 FF 39 00 00 00 00 00 00 00 00 00 00 00 00 00 00 D6 
20-11-17 at 08:40:48:246 Send 06 
20-11-17 at 08:42:49:429 Send 05 
20-11-17 at 08:42:49:444 Recived 15 
20-11-17 at 08:42:49:444 Send 06 
20-11-17 at 08:42:49:459 Send 02 06 FF 39 1E 00 00 00 DE 
20-11-17 at 08:42:49:474 Recived 06 02 10 FF 39 00 00 00 00 00 00 00 00 00 00 00 00 00 00 D6 
20-11-17 at 08:42:49:489 Send 06 
20-11-17 at 08:44:50:653 Send 05 
20-11-17 at 08:44:50:668 Recived 15 
20-11-17 at 08:44:50:668 Send 06 
20-11-17 at 08:44:50:683 Send 02 06 FF 39 1E 00 00 00 DE 
20-11-17 at 08:44:50:698 Recived 06 02 10 FF 39 00 00 00 00 00 00 00 00 00 00 00 00 00 00 D6 
20-11-17 at 08:44:50:713 Send 06 
20-11-17 at 08:46:51:877 Send 05 
20-11-17 at 08:46:51:892 Recived 15 
20-11-17 at 08:46:51:892 Send 06 
20-11-17 at 08:46:51:907 Send 02 06 FF 39 1E 00 00 00 DE 
20-11-17 at 08:46:51:922 Recived 06 02 10 FF 39 00 00 00 00 00 00 00 00 00 00 00 00 00 00 D6 
20-11-17 at 08:46:51:937 Send 06 
20-11-17 at 08:48:53:089 Send 05 
20-11-17 at 08:48:53:104 Recived 15 
20-11-17 at 08:48:53:104 Send 06 
20-11-17 at 08:48:53:119 Send 02 06 FF 39 1E 00 00 00 DE 
20-11-17 at 08:48:53:134 Recived 06 02 10 FF 39 00 00 00 00 00 00 00 00 00 00 00 00 00 00 D6 
20-11-17 at 08:48:53:149 Send 06 
20-11-17 at 08:50:54:301 Send 05 
20-11-17 at 08:50:54:316 Recived 15 
20-11-17 at 08:50:54:316 Send 06 
20-11-17 at 08:50:54:331 Send 02 06 FF 39 1E 00 00 00 DE 
20-11-17 at 08:50:54:346 Recived 06 02 10 FF 39 00 00 00 00 00 00 00 00 00 00 00 00 00 00 D6 
20-11-17 at 08:50:54:361 Send 06 
20-11-17 at 08:52:55:514 Send 05 
20-11-17 at 08:52:55:529 Recived 15 
20-11-17 at 08:52:55:529 Send 06 
20-11-17 at 08:52:55:544 Send 02 06 FF 39 1E 00 00 00 DE 
20-11-17 at 08:52:55:559 Recived 06 02 10 FF 39 00 00 00 00 00 00 00 00 00 00 00 00 00 00 D6 
20-11-17 at 08:52:55:574 Send 06 
20-11-17 at 08:54:56:726 Send 05 
20-11-17 at 08:54:56:741 Recived 15 
20-11-17 at 08:54:56:741 Send 06 
20-11-17 at 08:54:56:756 Send 02 06 FF 39 1E 00 00 00 DE 
20-11-17 at 08:54:56:771 Recived 06 02 10 FF 39 00 00 00 00 00 00 00 00 00 00 00 00 00 00 D6 
20-11-17 at 08:54:56:786 Send 06 
20-11-17 at 08:56:57:938 Send 05 
20-11-17 at 08:56:57:953 Recived 15 
20-11-17 at 08:56:57:953 Send 06 
20-11-17 at 08:56:57:968 Send 02 06 FF 39 1E 00 00 00 DE 
20-11-17 at 08:56:57:983 Recived 06 02 10 FF 39 00 00 00 00 00 00 00 00 00 00 00 00 00 00 D6 
20-11-17 at 08:56:57:998 Send 06 
20-11-17 at 08:58:59:150 Send 05 
20-11-17 at 08:58:59:165 Recived 15 
20-11-17 at 08:58:59:165 Send 06 
20-11-17 at 08:58:59:180 Send 02 06 FF 39 1E 00 00 00 DE 
20-11-17 at 08:58:59:195 Recived 06 02 10 FF 39 00 00 00 00 00 00 00 00 00 00 00 00 00 00 D6 
20-11-17 at 08:58:59:210 Send 06 
20-11-17 at 09:01:00:362 Send 05 
20-11-17 at 09:01:00:377 Recived 15 
20-11-17 at 09:01:00:377 Send 06 
20-11-17 at 09:01:00:392 Send 02 06 FF 39 1E 00 00 00 DE 
20-11-17 at 09:01:00:407 Recived 06 02 10 FF 39 00 00 00 00 00 00 00 00 00 00 00 00 00 00 D6 
20-11-17 at 09:01:00:422 Send 06 
20-11-17 at 09:03:01:574 Send 05 
20-11-17 at 09:03:01:589 Recived 15 
20-11-17 at 09:03:01:589 Send 06 
20-11-17 at 09:03:01:604 Send 02 06 FF 39 1E 00 00 00 DE 
20-11-17 at 09:03:01:619 Recived 06 02 10 FF 39 00 00 00 00 00 00 00 00 00 00 00 00 00 00 D6 
20-11-17 at 09:03:01:634 Send 06 
20-11-17 at 09:05:02:786 Send 05 
20-11-17 at 09:05:02:801 Recived 15 
20-11-17 at 09:05:02:801 Send 06 
20-11-17 at 09:05:02:816 Send 02 06 FF 39 1E 00 00 00 DE 
20-11-17 at 09:05:02:831 Recived 06 02 10 FF 39 00 00 00 00 00 00 00 00 00 00 00 00 00 00 D6 
20-11-17 at 09:05:02:846 Send 06 
20-11-17 at 09:07:03:998 Send 05 
20-11-17 at 09:07:04:013 Recived 15 
20-11-17 at 09:07:04:013 Send 06 
20-11-17 at 09:07:04:028 Send 02 06 FF 39 1E 00 00 00 DE 
20-11-17 at 09:07:04:043 Recived 06 02 10 FF 39 00 00 00 00 00 00 00 00 00 00 00 00 00 00 D6 
20-11-17 at 09:07:04:058 Send 06 
20-11-17 at 09:09:05:211 Send 05 
20-11-17 at 09:09:05:226 Recived 15 
20-11-17 at 09:09:05:226 Send 06 
20-11-17 at 09:09:05:241 Send 02 06 FF 39 1E 00 00 00 DE 
20-11-17 at 09:09:05:256 Recived 06 02 10 FF 39 00 00 00 00 00 00 00 00 00 00 00 00 00 00 D6 
20-11-17 at 09:09:05:271 Send 06 
20-11-17 at 09:11:06:423 Send 05 
20-11-17 at 09:11:06:438 Recived 15 
20-11-17 at 09:11:06:438 Send 06 
20-11-17 at 09:11:06:453 Send 02 06 FF 39 1E 00 00 00 DE 
20-11-17 at 09:11:06:468 Recived 06 02 10 FF 39 00 00 00 00 00 00 00 00 00 00 00 00 00 00 D6 
20-11-17 at 09:11:06:483 Send 06 
20-11-17 at 09:13:07:635 Send 05 
20-11-17 at 09:13:07:650 Recived 15 
20-11-17 at 09:13:07:650 Send 06 
20-11-17 at 09:13:07:665 Send 02 06 FF 39 1E 00 00 00 DE 
20-11-17 at 09:13:07:680 Recived 06 02 10 FF 39 00 00 00 00 00 00 00 00 00 00 00 00 00 00 D6 
20-11-17 at 09:13:07:695 Send 06 
20-11-17 at 09:15:08:847 Send 05 
20-11-17 at 09:15:08:862 Recived 15 
20-11-17 at 09:15:08:862 Send 06 
20-11-17 at 09:15:08:877 Send 02 06 FF 39 1E 00 00 00 DE 
20-11-17 at 09:15:08:892 Recived 06 02 10 FF 39 00 00 00 00 00 00 00 00 00 00 00 00 00 00 D6 
20-11-17 at 09:15:08:907 Send 06 
20-11-17 at 09:17:10:059 Send 05 
20-11-17 at 09:17:10:074 Recived 15 
20-11-17 at 09:17:10:074 Send 06 
20-11-17 at 09:17:10:089 Send 02 06 FF 39 1E 00 00 00 DE 
20-11-17 at 09:17:10:104 Recived 06 02 10 FF 39 00 00 00 00 00 00 00 00 00 00 00 00 00 00 D6 
20-11-17 at 09:17:10:119 Send 06 
20-11-17 at 09:19:11:271 Send 05 
20-11-17 at 09:19:11:286 Recived 15 
20-11-17 at 09:19:11:286 Send 06 
20-11-17 at 09:19:11:301 Send 02 06 FF 39 1E 00 00 00 DE 
20-11-17 at 09:19:11:316 Recived 06 02 10 FF 39 00 00 00 00 00 00 00 00 00 00 00 00 00 00 D6 
20-11-17 at 09:19:11:331 Send 06 
20-11-17 at 09:21:12:483 Send 05 
20-11-17 at 09:21:12:498 Recived 15 
20-11-17 at 09:21:12:498 Send 06 
20-11-17 at 09:21:12:513 Send 02 06 FF 39 1E 00 00 00 DE 
20-11-17 at 09:21:12:528 Recived 06 02 10 FF 39 00 00 00 00 00 00 00 00 00 00 00 00 00 00 D6 
20-11-17 at 09:21:12:543 Send 06 
20-11-17 at 09:23:13:695 Send 05 
20-11-17 at 09:23:13:710 Recived 15 
20-11-17 at 09:23:13:710 Send 06 
20-11-17 at 09:23:13:725 Send 02 06 FF 39 1E 00 00 00 DE 
20-11-17 at 09:23:13:740 Recived 06 02 10 FF 39 00 00 00 00 00 00 00 00 00 00 00 00 00 00 D6 
20-11-17 at 09:23:13:755 Send 06 
20-11-17 at 09:25:14:908 Send 05 
20-11-17 at 09:25:14:923 Recived 15 
20-11-17 at 09:25:14:923 Send 06 
20-11-17 at 09:25:14:938 Send 02 06 FF 39 1E 00 00 00 DE 
20-11-17 at 09:25:14:953 Recived 06 02 10 FF 39 00 00 00 00 00 00 00 00 00 00 00 00 00 00 D6 
20-11-17 at 09:25:14:968 Send 06 
20-11-17 at 09:27:16:225 Send 05 
20-11-17 at 09:27:16:240 Recived 15 
20-11-17 at 09:27:16:240 Send 06 
20-11-17 at 09:27:16:255 Send 02 06 FF 39 1E 00 00 00 DE 
20-11-17 at 09:27:16:270 Recived 06 02 10 FF 39 00 00 00 00 00 00 00 00 00 00 00 00 00 00 D6 
20-11-17 at 09:27:16:285 Send 06 
20-11-17 at 09:29:17:437 Send 05 
20-11-17 at 09:29:17:452 Recived 15 
20-11-17 at 09:29:17:452 Send 06 
20-11-17 at 09:29:17:467 Send 02 06 FF 39 1E 00 00 00 DE 
20-11-17 at 09:29:17:482 Recived 06 02 10 FF 39 00 00 00 00 00 00 00 00 00 00 00 00 00 00 D6 
20-11-17 at 09:29:17:497 Send 06 
20-11-17 at 09:31:18:649 Send 05 
20-11-17 at 09:31:18:664 Recived 15 
20-11-17 at 09:31:18:664 Send 06 
20-11-17 at 09:31:18:679 Send 02 06 FF 39 1E 00 00 00 DE 
20-11-17 at 09:31:18:694 Recived 06 02 10 FF 39 00 00 00 00 00 00 00 00 00 00 00 00 00 00 D6 
20-11-17 at 09:31:18:709 Send 06 
20-11-17 at 09:33:19:861 Send 05 
20-11-17 at 09:33:19:876 Recived 15 
20-11-17 at 09:33:19:876 Send 06 
20-11-17 at 09:33:19:891 Send 02 06 FF 39 1E 00 00 00 DE 
20-11-17 at 09:33:19:906 Recived 06 02 10 FF 39 00 00 00 00 00 00 00 00 00 00 00 00 00 00 D6 
20-11-17 at 09:33:19:921 Send 06 
20-11-17 at 09:35:21:073 Send 05 
20-11-17 at 09:35:21:088 Recived 15 
20-11-17 at 09:35:21:088 Send 06 
20-11-17 at 09:35:21:103 Send 02 06 FF 39 1E 00 00 00 DE 
20-11-17 at 09:35:21:118 Recived 06 02 10 FF 39 00 00 00 00 00 00 00 00 00 00 00 00 00 00 D6 
20-11-17 at 09:35:21:133 Send 06 
20-11-17 at 09:37:22:285 Send 05 
20-11-17 at 09:37:22:300 Recived 15 
20-11-17 at 09:37:22:300 Send 06 
20-11-17 at 09:37:22:315 Send 02 06 FF 39 1E 00 00 00 DE 
20-11-17 at 09:37:22:330 Recived 06 02 10 FF 39 00 00 00 00 00 00 00 00 00 00 00 00 00 00 D6 
20-11-17 at 09:37:22:345 Send 06 
20-11-17 at 09:39:23:497 Send 05 
20-11-17 at 09:39:23:512 Recived 15 
20-11-17 at 09:39:23:512 Send 06 
20-11-17 at 09:39:23:527 Send 02 06 FF 39 1E 00 00 00 DE 
20-11-17 at 09:39:23:542 Recived 06 02 10 FF 39 00 00 00 00 00 00 00 00 00 00 00 00 00 00 D6 
20-11-17 at 09:39:23:557 Send 06 
20-11-17 at 09:40:13:530 total calculated
20-11-17 at 09:40:13:531 now show on display
20-11-17 at 09:40:13:531  8200   290:       3645.78
20-11-17 at 09:40:13:531 now clear port error ...
20-11-17 at 09:40:13:531 now write to port ...
20-11-17 at 09:40:13:665 ... done
20-11-17 at 09:40:13:666 total calculated
20-11-17 at 09:40:13:667 now show on display
20-11-17 at 09:40:13:667  8200   290:       3645.78
20-11-17 at 09:40:13:667 now clear port error ...
20-11-17 at 09:40:13:667 now write to port ...
20-11-17 at 09:40:13:837 ... done
20-11-17 at 09:40:13:839 111
20-11-17 at 09:40:13:839   
20-11-17 at 19:54:18:695  .    
20-11-17 at 19:54:18:696  .
20-11-17 at 19:54:18:697    
20-11-17 at 19:54:18:697 total calculated
20-11-17 at 19:54:18:698 now show on display
20-11-17 at 19:54:18:698                     :       3645.78
20-11-17 at 19:54:18:698 now open port for display
20-11-17 at 19:54:18:699 Com port opened
20-11-17 at 19:54:18:699 now clear port error ...
20-11-17 at 19:54:18:699 now write to port ...
20-11-17 at 19:54:18:833 ... done
20-11-17 at 19:54:18:833  
20-11-17 at 19:54:18:833   
20-11-17 at 19:54:18:833  
20-11-17 at 19:54:18:834    
20-11-17 at 19:54:18:834  
20-11-17 at 19:54:18:834  
20-11-17 at 19:54:18:834  
20-11-17 at 19:54:18:834  
20-11-17 at 19:54:18:835  
20-11-17 at 19:54:18:835  
20-11-17 at 19:54:18:835  
20-11-17 at 19:54:18:835   
20-11-17 at 19:54:18:835   FRInit
20-11-17 at 19:54:18:836   GetStatus
20-11-17 at 19:54:18:850 Send 05 
20-11-17 at 19:54:18:865 Recived 15 
20-11-17 at 19:54:18:865 Send 06 
20-11-17 at 19:54:18:880 Send 02 05 11 1E 00 00 00 0A 
20-11-17 at 19:54:18:895 Recived 06 02 30 11 00 1E 43 31 6C 9E 0E 07 11 01 00 00 B2 02 04 00 00 4E 41 00 00 01 01 10 14 0B 11 13 36 15 00 2E 5D 00 00 60 00 00 00 00 00 D2 E9 1E 42 01 00 46 
20-11-17 at 19:54:18:910 Send 06 
20-11-17 at 19:54:18:911 KKMStatus 0000
20-11-17 at 19:54:18:925 Send 05 
20-11-17 at 19:54:18:940 Recived 15 
20-11-17 at 19:54:18:940 Send 06 
20-11-17 at 19:54:18:955 Send 02 05 11 1E 00 00 00 0A 
20-11-17 at 19:54:18:970 Recived 06 02 30 11 00 1E 43 31 6C 9E 0E 07 11 01 00 00 B2 02 04 00 00 4E 41 00 00 01 01 10 14 0B 11 13 36 15 00 2E 5D 00 00 60 00 00 00 00 00 D2 E9 1E 42 01 00 46 
20-11-17 at 19:54:18:985 Send 06 
20-11-17 at 19:54:18:986 KKMStatus 0400
20-11-17 at 19:54:18:986   
20-11-17 at 19:54:19:125  
20-11-17 at 19:54:19:140 Send 05 
20-11-17 at 19:54:19:155 Recived 15 
20-11-17 at 19:54:19:155 Send 06 
20-11-17 at 19:54:19:170 Send 02 0B 1E 1E 00 00 00 06 03 00 01 00 00 0F 
20-11-17 at 19:54:19:185 Recived 06 02 02 1E 00 1C 
20-11-17 at 19:54:19:200 Send 06 
20-11-17 at 19:54:19:215 Send 05 
20-11-17 at 19:54:19:230 Recived 15 
20-11-17 at 19:54:19:230 Send 06 
20-11-17 at 19:54:19:245 Send 02 10 1E 1E 00 00 00 06 03 00 02 CD C4 D1 20 30 25 00 FA 
20-11-17 at 19:54:19:261 Recived 06 02 02 1E 00 1C 
20-11-17 at 19:54:19:276 Send 06 
20-11-17 at 19:54:19:291 Send 05 
20-11-17 at 19:54:19:306 Recived 15 
20-11-17 at 19:54:19:306 Send 06 
20-11-17 at 19:54:19:321 Send 02 0B 1E 1E 00 00 00 06 03 00 01 E8 03 E4 
20-11-17 at 19:54:19:336 Recived 06 02 02 1E 00 1C 
20-11-17 at 19:54:19:351 Send 06 
20-11-17 at 19:54:19:366 Send 05 
20-11-17 at 19:54:19:381 Recived 15 
20-11-17 at 19:54:19:381 Send 06 
20-11-17 at 19:54:19:396 Send 02 10 1E 1E 00 00 00 06 02 00 02 CD C4 D1 20 31 30 25 CA 
20-11-17 at 19:54:19:412 Recived 06 02 02 1E 00 1C 
20-11-17 at 19:54:19:427 Send 06 
20-11-17 at 19:54:19:442 Send 05 
20-11-17 at 19:54:19:457 Recived 15 
20-11-17 at 19:54:19:457 Send 06 
20-11-17 at 19:54:19:472 Send 02 0B 1E 1E 00 00 00 06 01 00 01 08 07 02 
20-11-17 at 19:54:19:487 Recived 06 02 02 1E 00 1C 
20-11-17 at 19:54:19:502 Send 06 
20-11-17 at 19:54:19:517 Send 05 
20-11-17 at 19:54:19:532 Recived 15 
20-11-17 at 19:54:19:532 Send 06 
20-11-17 at 19:54:19:547 Send 02 10 1E 1E 00 00 00 06 01 00 02 CD C4 D1 20 31 38 25 C1 
20-11-17 at 19:54:19:563 Recived 06 02 02 1E 00 1C 
20-11-17 at 19:54:19:578 Send 06 
20-11-17 at 19:54:19:593 Send 05 
20-11-17 at 19:54:19:608 Recived 15 
20-11-17 at 19:54:19:608 Send 06 
20-11-17 at 19:54:19:623 Send 02 0A 1E 1E 00 00 00 01 01 00 01 01 0A 
20-11-17 at 19:54:19:638 Recived 06 02 02 1E 00 1C 
20-11-17 at 19:54:19:653 Send 06 
20-11-17 at 19:54:19:668 Send 05 
20-11-17 at 19:54:19:683 Recived 15 
20-11-17 at 19:54:19:683 Send 06 
20-11-17 at 19:54:19:698 Send 02 0A 1E 1E 00 00 00 01 01 00 05 02 0D 
20-11-17 at 19:54:19:713 Recived 06 02 02 1E 00 1C 
20-11-17 at 19:54:19:728 Send 06 
20-11-17 at 19:54:19:743 Send 05 
20-11-17 at 19:54:19:758 Recived 15 
20-11-17 at 19:54:19:758 Send 06 
20-11-17 at 19:54:19:773 Send 02 0A 1E 1E 00 00 00 01 01 00 23 01 28 
20-11-17 at 19:54:19:788 Recived 06 02 02 1E 00 1C 
20-11-17 at 19:54:19:803 Send 06 
20-11-17 at 19:54:19:818 Send 05 
20-11-17 at 19:54:19:833 Recived 15 
20-11-17 at 19:54:19:833 Send 06 
20-11-17 at 19:54:19:848 Send 02 0A 1E 1E 00 00 00 01 01 00 06 00 0C 
20-11-17 at 19:54:19:863 Recived 06 02 02 1E 00 1C 
20-11-17 at 19:54:19:878 Send 06 
20-11-17 at 19:54:19:893 Send 05 
20-11-17 at 19:54:19:908 Recived 15 
20-11-17 at 19:54:19:908 Send 06 
20-11-17 at 19:54:19:923 Send 02 0A 1E 1E 00 00 00 01 01 00 07 01 0C 
20-11-17 at 19:54:19:938 Recived 06 02 02 1E 00 1C 
20-11-17 at 19:54:19:953 Send 06 
20-11-17 at 19:54:19:968 Send 05 
20-11-17 at 19:54:19:983 Recived 15 
20-11-17 at 19:54:19:983 Send 06 
20-11-17 at 19:54:19:998 Send 02 0A 1E 1E 00 00 00 01 01 00 14 01 1F 
20-11-17 at 19:54:20:013 Recived 06 02 02 1E 00 1C 
20-11-17 at 19:54:20:028 Send 06 
20-11-17 at 19:54:20:043 Send 05 
20-11-17 at 19:54:20:058 Recived 15 
20-11-17 at 19:54:20:058 Send 06 
20-11-17 at 19:54:20:073 Send 02 0A 1E 1E 00 00 00 01 01 00 15 01 1E 
20-11-17 at 19:54:20:088 Recived 06 02 02 1E 00 1C 
20-11-17 at 19:54:20:103 Send 06 
20-11-17 at 19:54:20:118 Send 05 
20-11-17 at 19:54:20:133 Recived 15 
20-11-17 at 19:54:20:133 Send 06 
20-11-17 at 19:54:20:148 Send 02 0A 1E 1E 00 00 00 01 01 00 0F 00 05 
20-11-17 at 19:54:20:163 Recived 06 02 02 1E 00 1C 
20-11-17 at 19:54:20:178 Send 06 
20-11-17 at 19:54:20:193 Send 05 
20-11-17 at 19:54:20:208 Recived 15 
20-11-17 at 19:54:20:208 Send 06 
20-11-17 at 19:54:20:223 Send 02 0A 1E 1E 00 00 00 01 01 00 11 00 1B 
20-11-17 at 19:54:20:238 Recived 06 02 02 1E 00 1C 
20-11-17 at 19:54:20:253 Send 06 
20-11-17 at 19:54:20:268 Send 05 
20-11-17 at 19:54:20:283 Recived 15 
20-11-17 at 19:54:20:283 Send 06 
20-11-17 at 19:54:20:298 Send 02 0A 1E 1E 00 00 00 11 01 00 03 02 1B 
20-11-17 at 19:54:20:313 Recived 06 02 02 1E 00 1C 
20-11-17 at 19:54:20:328 Send 06 
20-11-17 at 19:54:20:343 Send 05 
20-11-17 at 19:54:20:358 Recived 15 
20-11-17 at 19:54:20:358 Send 06 
20-11-17 at 19:54:20:373 Send 02 0A 1E 1E 00 00 00 01 01 00 29 01 22 
20-11-17 at 19:54:20:388 Recived 06 02 02 1E 00 1C 
20-11-17 at 19:54:20:403 Send 06 
20-11-17 at 19:54:20:418 Send 05 
20-11-17 at 19:54:20:433 Recived 15 
20-11-17 at 19:54:20:433 Send 06 
20-11-17 at 19:54:20:448 Send 02 26 1E 1E 00 00 00 04 0C 00 01 20 20 20 20 20 20 20 20 20 20 20 C4 CE C1 D0 CE 20 CF CE C6 C0 CB CE C2 C0 D2 DC 21 00 D5 
20-11-17 at 19:54:20:466 Recived 06 02 02 1E 00 1C 
20-11-17 at 19:54:20:481 Send 06 
20-11-17 at 19:54:20:496 Send 05 
20-11-17 at 19:54:20:511 Recived 15 
20-11-17 at 19:54:20:511 Send 06 
20-11-17 at 19:54:20:526 Send 02 29 1E 1E 00 00 00 04 0D 00 01 20 20 20 20 20 20 20 20 CE CE CE 20 CA EE EC EF E0 ED E8 FF 20 27 CA CE CB CE D0 CB CE CD 27 00 CB 
20-11-17 at 19:54:20:544 Recived 06 02 02 1E 00 1C 
20-11-17 at 19:54:20:559 Send 06 
20-11-17 at 19:54:20:574 Send 05 
20-11-17 at 19:54:20:589 Recived 15 
20-11-17 at 19:54:20:589 Send 06 
20-11-17 at 19:54:20:604 Send 02 2D 1E 1E 00 00 00 04 0E 00 01 20 20 20 20 20 CC E0 E3 E0 E7 E8 ED 20 27 C2 F1 E5 20 F2 EE E2 E0 F0 FB 20 E4 EB FF 20 E4 EE EC E0 27 20 00 DE 
20-11-17 at 19:54:20:622 Recived 06 02 02 1E 00 1C 
20-11-17 at 19:54:20:637 Send 06 
20-11-17 at 19:54:20:777 now clear port error ...
20-11-17 at 19:54:20:777 now write to port ...
20-11-17 at 19:54:20:911 ... done
20-11-17 at 19:54:20:937 Send 05 
20-11-17 at 19:54:20:952 Recived 15 
20-11-17 at 19:54:20:952 Send 06 
20-11-17 at 19:54:20:967 Send 02 06 1A 1E 00 00 00 79 7B 
20-11-17 at 19:54:20:982 Recived 06 02 09 1A 00 1E 00 00 00 00 00 00 0D 
20-11-17 at 19:54:20:997 Send 06 
20-11-17 at 19:54:23:218 Cardreader    
20-11-17 at 19:54:23:219 Send 05 
20-11-17 at 19:54:23:245 Recived 15 
20-11-17 at 19:54:23:248 Send 06 
20-11-17 at 19:54:23:266 Send 02 20 1E 1E 00 00 00 02 1E 00 02 CA E0 F1 F1 E8 F0 20 C0 ED F2 EE ED EE E2 20 D1 E5 F0 E3 E5 E9 20 00 D7 
20-11-17 at 19:54:23:284 Recived 06 02 02 1E 00 1C 
20-11-17 at 19:54:23:299 Send 06 
20-11-17 at 19:54:23:301 now clear port error ...
20-11-17 at 19:54:23:301 now write to port ...
20-11-17 at 19:54:23:435 ... done
20-11-17 at 19:54:24:229 Send 05 
20-11-17 at 19:54:24:244 Recived 15 
20-11-17 at 19:54:24:244 Send 06 
20-11-17 at 19:54:24:259 Send 02 06 FF 39 1E 00 00 00 DE 
20-11-17 at 19:54:24:274 Recived 06 02 10 FF 39 00 00 00 00 00 00 00 00 00 00 00 00 00 00 D6 
20-11-17 at 19:54:24:289 Send 06 
20-11-17 at 19:54:33:136 total calculated
20-11-17 at 19:54:33:136 now show on display
20-11-17 at 19:54:33:137                     :       3645.78
20-11-17 at 19:54:33:137 now clear port error ...
20-11-17 at 19:54:33:137 now write to port ...
20-11-17 at 19:54:33:271 ... done
20-11-17 at 19:54:33:277   
20-11-17 at 19:54:33:279   
20-11-17 at 19:54:33:279   
20-11-17 at 19:54:33:279   
20-11-17 at 19:54:33:280 107
20-11-17 at 19:54:33:280 007
20-11-17 at 19:54:33:281 total calculated
20-11-17 at 19:54:33:281 now show on display
20-11-17 at 19:54:33:281                     :          0.00
20-11-17 at 19:54:33:281 now clear port error ...
20-11-17 at 19:54:33:282 now write to port ...
20-11-17 at 19:54:33:442 ... done
20-11-17 at 19:54:39:529 Send 05 
20-11-17 at 19:54:39:544 Recived 15 
20-11-17 at 19:54:39:544 Send 06 
20-11-17 at 19:54:39:559 Send 02 08 21 1E 00 00 00 13 36 27 35 
20-11-17 at 19:54:39:574 Recived 06 02 02 21 00 23 
20-11-17 at 19:54:39:589 Send 06 
20-11-17 at 19:54:39:593   GetStatus
20-11-17 at 19:54:39:604 Send 05 
20-11-17 at 19:54:39:619 Recived 15 
20-11-17 at 19:54:39:619 Send 06 
20-11-17 at 19:54:39:634 Send 02 05 11 1E 00 00 00 0A 
20-11-17 at 19:54:39:649 Recived 06 02 30 11 00 1E 43 31 6C 9E 0E 07 11 01 00 00 B2 02 04 00 00 4E 41 00 00 01 01 10 14 0B 11 13 36 27 00 2E 5D 00 00 60 00 00 00 00 00 D2 E9 1E 42 01 00 74 
20-11-17 at 19:54:39:664 Send 06 
20-11-17 at 19:54:39:668 KKMStatus 0000
20-11-17 at 19:54:39:679 Send 05 
20-11-17 at 19:54:39:694 Recived 15 
20-11-17 at 19:54:39:694 Send 06 
20-11-17 at 19:54:39:709 Send 02 05 E0 1E 00 00 00 FB 
20-11-17 at 19:54:39:724 Recived 06 
20-11-17 at 19:54:39:844 Recived 02 03 E0 00 1E FD 
20-11-17 at 19:54:39:859 Send 06 
20-11-17 at 19:54:42:929 114
20-11-17 at 19:54:42:930 014
20-11-17 at 19:54:42:930 total calculated
20-11-17 at 19:54:42:930 now show on display
20-11-17 at 19:54:42:930                     :          0.00
20-11-17 at 19:54:42:930 now clear port error ...
20-11-17 at 19:54:42:931 now write to port ...
20-11-17 at 19:54:43:064 ... done
20-11-17 at 19:54:43:183 114
20-11-17 at 19:54:43:184 014
20-11-17 at 19:54:43:500 114
20-11-17 at 19:54:43:500 014
20-11-17 at 19:54:45:402 114
20-11-17 at 19:54:45:402 014
20-11-17 at 19:54:45:753 114
20-11-17 at 19:54:45:753 014
20-11-17 at 19:54:46:133 114
20-11-17 at 19:54:46:133 014
20-11-17 at 19:54:48:351 114
20-11-17 at 19:54:48:352 014
20-11-17 at 19:54:48:594 114
20-11-17 at 19:54:48:594 014
20-11-17 at 19:54:48:972 114
20-11-17 at 19:54:48:972 014
20-11-17 at 19:54:49:204 114
20-11-17 at 19:54:49:204 014
20-11-17 at 19:54:49:551 114
20-11-17 at 19:54:49:552 014
20-11-17 at 19:54:49:552 114
20-11-17 at 19:54:49:552 014
20-11-17 at 19:54:51:829 total calculated
20-11-17 at 19:54:51:830 now show on display
20-11-17 at 19:54:51:830                     :          0.00
20-11-17 at 19:54:51:830 now clear port error ...
20-11-17 at 19:54:51:830 now write to port ...
20-11-17 at 19:54:51:964 ... done
20-11-17 at 19:54:52:239 114
20-11-17 at 19:54:52:239 014
20-11-17 at 19:54:52:240   
20-11-17 at 19:54:52:240   
20-11-17 at 19:55:10:078 114
20-11-17 at 19:55:10:078 014
20-11-17 at 19:55:10:079 total calculated
20-11-17 at 19:55:10:079 now show on display
20-11-17 at 19:55:10:080                     :          0.00
20-11-17 at 19:55:10:080 now clear port error ...
20-11-17 at 19:55:10:080 now write to port ...
20-11-17 at 19:55:10:214 ... done
20-11-17 at 19:55:10:539 114
20-11-17 at 19:55:10:539 014
20-11-17 at 19:55:10:859 114
20-11-17 at 19:55:10:859 014
20-11-17 at 19:55:13:275 114
20-11-17 at 19:55:13:275 014
20-11-17 at 19:55:13:624 114
20-11-17 at 19:55:13:624 014
20-11-17 at 19:55:14:006 114
20-11-17 at 19:55:14:007 014
20-11-17 at 19:55:16:136 114
20-11-17 at 19:55:16:136 014
20-11-17 at 19:55:16:597 114
20-11-17 at 19:55:16:598 014
20-11-17 at 19:55:16:628 114
20-11-17 at 19:55:16:628 014
20-11-17 at 19:55:16:658 114
20-11-17 at 19:55:16:658 014
20-11-17 at 19:55:16:688 114
20-11-17 at 19:55:16:688 014
20-11-17 at 19:55:16:718 114
20-11-17 at 19:55:16:718 014
20-11-17 at 19:55:16:748 114
20-11-17 at 19:55:16:749 014
20-11-17 at 19:55:16:779 114
20-11-17 at 19:55:16:779 014
20-11-17 at 19:55:16:809 114
20-11-17 at 19:55:16:809 014
20-11-17 at 19:55:16:839 114
20-11-17 at 19:55:16:839 014
20-11-17 at 19:55:16:870 114
20-11-17 at 19:55:16:870 014
20-11-17 at 19:55:16:899 114
20-11-17 at 19:55:16:900 014
20-11-17 at 19:55:16:929 114
20-11-17 at 19:55:16:930 014
20-11-17 at 19:55:16:960 114
20-11-17 at 19:55:16:960 014
20-11-17 at 19:55:16:990 114
20-11-17 at 19:55:16:991 014
20-11-17 at 19:55:17:020 114
20-11-17 at 19:55:17:021 014
20-11-17 at 19:55:17:051 114
20-11-17 at 19:55:17:051 014
20-11-17 at 19:55:17:081 114
20-11-17 at 19:55:17:081 014
20-11-17 at 19:55:17:111 114
20-11-17 at 19:55:17:111 014
20-11-17 at 19:55:17:141 114
20-11-17 at 19:55:17:141 014
20-11-17 at 19:55:18:535 114
20-11-17 at 19:55:18:535 014
20-11-17 at 19:55:18:863 114
20-11-17 at 19:55:18:863 014
20-11-17 at 19:55:19:226 114
20-11-17 at 19:55:19:226 014
20-11-17 at 19:55:22:509 114
20-11-17 at 19:55:22:509 014
20-11-17 at 19:55:22:780 114
20-11-17 at 19:55:22:781 014
20-11-17 at 19:55:23:049 114
20-11-17 at 19:55:23:049 014
20-11-17 at 19:55:24:885 114
20-11-17 at 19:55:24:885 014
20-11-17 at 19:55:25:113 114
20-11-17 at 19:55:25:113 014
20-11-17 at 19:55:25:374 114
20-11-17 at 19:55:25:374 014
20-11-17 at 19:55:26:119 114
20-11-17 at 19:55:26:119 014
20-11-17 at 19:55:26:714 114
20-11-17 at 19:55:26:715 014
20-11-17 at 19:55:27:005 114
20-11-17 at 19:55:27:005 014
20-11-17 at 19:55:27:643 114
20-11-17 at 19:55:27:643 014
20-11-17 at 19:55:31:993 114
20-11-17 at 19:55:31:994 014
20-11-17 at 19:55:31:994 total calculated
20-11-17 at 19:55:31:994 now show on display
20-11-17 at 19:55:31:995                     :          0.00
20-11-17 at 19:55:31:995 now clear port error ...
20-11-17 at 19:55:31:995 now write to port ...
20-11-17 at 19:55:32:129 ... done
20-11-17 at 19:55:33:109 114
20-11-17 at 19:55:33:109 014
20-11-17 at 19:55:33:245 114
20-11-17 at 19:55:33:245 014
20-11-17 at 19:55:33:371 114
20-11-17 at 19:55:33:371 014
20-11-17 at 19:56:25:564 Send 05 
20-11-17 at 19:56:25:579 Recived 15 
20-11-17 at 19:56:25:579 Send 06 
20-11-17 at 19:56:25:594 Send 02 06 FF 39 1E 00 00 00 DE 
20-11-17 at 19:56:25:609 Recived 06 02 10 FF 39 00 00 00 00 00 00 00 00 00 00 00 00 00 00 D6 
20-11-17 at 19:56:25:624 Send 06 
20-11-17 at 19:56:27:126 total calculated
20-11-17 at 19:56:27:126 now show on display
20-11-17 at 19:56:27:126                     :          0.00
20-11-17 at 19:56:27:127 now clear port error ...
20-11-17 at 19:56:27:127 now write to port ...
20-11-17 at 19:56:27:260 ... done
20-11-17 at 19:56:27:261 total calculated
20-11-17 at 19:56:27:261 now show on display
20-11-17 at 19:56:27:262                     :          0.00
20-11-17 at 19:56:27:262 now clear port error ...
20-11-17 at 19:56:27:262 now write to port ...
20-11-17 at 19:56:27:432 ... done
20-11-17 at 19:56:27:434 111
20-11-17 at 19:56:27:434   
