08-11-17 at 10:10:31:453 Запуск программы. Инициализация считана из файла
08-11-17 at 10:10:31:454 Платежи по картам восстановлены
08-11-17 at 10:10:31:455 total calculated
08-11-17 at 10:10:31:455 now show on display
08-11-17 at 10:10:31:455                     Всего:          0.00
08-11-17 at 10:10:31:455 now open port for display
08-11-17 at 10:10:31:456 Com port opened
08-11-17 at 10:10:31:457 now clear port error ...
08-11-17 at 10:10:31:457 now write to port ...
08-11-17 at 10:10:31:590 ... done
08-11-17 at 10:10:31:590 Чек сжат
08-11-17 at 10:10:31:591 Сумма чека посчитана
08-11-17 at 10:10:31:591 Кардридер создан
08-11-17 at 10:10:31:591 Задание запуска модулей создано
08-11-17 at 10:10:31:592 Сканер создан
08-11-17 at 10:10:31:592 Регистратор создан
08-11-17 at 10:10:31:592 Часы созданы
08-11-17 at 10:10:31:592 Регистратор запущен
08-11-17 at 10:10:31:593 Сканер запущен
08-11-17 at 10:10:31:594 Часы запущены
08-11-17 at 10:10:31:594 Кардридер запущен
08-11-17 at 10:10:31:594 Передача данных запущена
08-11-17 at 10:10:31:595 Вход в FRInit
08-11-17 at 10:10:31:595 Вход в GetStatus
08-11-17 at 10:10:31:608 Send 05 
08-11-17 at 10:10:31:623 Recived 15 
08-11-17 at 10:10:31:623 Send 06 
08-11-17 at 10:10:31:638 Send 02 05 11 1E 00 00 00 0A 
08-11-17 at 10:10:31:653 Recived 06 02 30 11 00 1E 43 31 6C 9E 0E 07 11 01 37 00 B2 02 03 00 00 4E 41 00 00 01 01 10 08 0B 11 0A 0A 21 00 2E 5D 00 00 5C 00 00 00 00 00 D2 E9 1E 42 01 00 47 
08-11-17 at 10:10:31:668 Send 06 
08-11-17 at 10:10:31:675 KKMStatus 0000
08-11-17 at 10:10:31:683 Send 05 
08-11-17 at 10:10:31:698 Recived 15 
08-11-17 at 10:10:31:698 Send 06 
08-11-17 at 10:10:31:713 Send 02 05 11 1E 00 00 00 0A 
08-11-17 at 10:10:31:728 Recived 06 02 30 11 00 1E 43 31 6C 9E 0E 07 11 01 37 00 B2 02 03 00 00 4E 41 00 00 01 01 10 08 0B 11 0A 0A 21 00 2E 5D 00 00 5C 00 00 00 00 00 D2 E9 1E 42 01 00 47 
08-11-17 at 10:10:31:743 Send 06 
08-11-17 at 10:10:31:745 KKMStatus 0300
08-11-17 at 10:10:31:745 Номер ФР считан
08-11-17 at 10:10:32:059 СУБД подключена
08-11-17 at 10:10:32:077 Send 05 
08-11-17 at 10:10:32:092 Recived 15 
08-11-17 at 10:10:32:092 Send 06 
08-11-17 at 10:10:32:107 Send 02 0A 1E 1E 00 00 00 01 01 00 01 01 0A 
08-11-17 at 10:10:32:122 Recived 06 02 02 1E 00 1C 
08-11-17 at 10:10:32:137 Send 06 
08-11-17 at 10:10:32:152 Send 05 
08-11-17 at 10:10:32:167 Recived 15 
08-11-17 at 10:10:32:167 Send 06 
08-11-17 at 10:10:32:182 Send 02 0A 1E 1E 00 00 00 01 01 00 05 02 0D 
08-11-17 at 10:10:32:197 Recived 06 02 02 1E 00 1C 
08-11-17 at 10:10:32:212 Send 06 
08-11-17 at 10:10:32:227 Send 05 
08-11-17 at 10:10:32:242 Recived 15 
08-11-17 at 10:10:32:242 Send 06 
08-11-17 at 10:10:32:257 Send 02 0A 1E 1E 00 00 00 01 01 00 23 01 28 
08-11-17 at 10:10:32:272 Recived 06 02 02 1E 00 1C 
08-11-17 at 10:10:32:287 Send 06 
08-11-17 at 10:10:32:302 Send 05 
08-11-17 at 10:10:32:317 Recived 15 
08-11-17 at 10:10:32:317 Send 06 
08-11-17 at 10:10:32:332 Send 02 0A 1E 1E 00 00 00 01 01 00 06 00 0C 
08-11-17 at 10:10:32:347 Recived 06 02 02 1E 00 1C 
08-11-17 at 10:10:32:362 Send 06 
08-11-17 at 10:10:32:377 Send 05 
08-11-17 at 10:10:32:392 Recived 15 
08-11-17 at 10:10:32:392 Send 06 
08-11-17 at 10:10:32:407 Send 02 0A 1E 1E 00 00 00 01 01 00 07 01 0C 
08-11-17 at 10:10:32:422 Recived 06 02 02 1E 00 1C 
08-11-17 at 10:10:32:437 Send 06 
08-11-17 at 10:10:32:452 Send 05 
08-11-17 at 10:10:32:467 Recived 15 
08-11-17 at 10:10:32:467 Send 06 
08-11-17 at 10:10:32:482 Send 02 0A 1E 1E 00 00 00 01 01 00 14 01 1F 
08-11-17 at 10:10:32:497 Recived 06 02 02 1E 00 1C 
08-11-17 at 10:10:32:512 Send 06 
08-11-17 at 10:10:32:527 Send 05 
08-11-17 at 10:10:32:542 Recived 15 
08-11-17 at 10:10:32:542 Send 06 
08-11-17 at 10:10:32:557 Send 02 0A 1E 1E 00 00 00 01 01 00 15 01 1E 
08-11-17 at 10:10:32:572 Recived 06 02 02 1E 00 1C 
08-11-17 at 10:10:32:587 Send 06 
08-11-17 at 10:10:32:602 Send 05 
08-11-17 at 10:10:32:617 Recived 15 
08-11-17 at 10:10:32:617 Send 06 
08-11-17 at 10:10:32:632 Send 02 0A 1E 1E 00 00 00 01 01 00 0F 00 05 
08-11-17 at 10:10:32:647 Recived 06 02 02 1E 00 1C 
08-11-17 at 10:10:32:662 Send 06 
08-11-17 at 10:10:32:677 Send 05 
08-11-17 at 10:10:32:692 Recived 15 
08-11-17 at 10:10:32:692 Send 06 
08-11-17 at 10:10:32:707 Send 02 0A 1E 1E 00 00 00 01 01 00 11 00 1B 
08-11-17 at 10:10:32:722 Recived 06 02 02 1E 00 1C 
08-11-17 at 10:10:32:737 Send 06 
08-11-17 at 10:10:32:752 Send 05 
08-11-17 at 10:10:32:767 Recived 15 
08-11-17 at 10:10:32:767 Send 06 
08-11-17 at 10:10:32:782 Send 02 0A 1E 1E 00 00 00 11 01 00 03 02 1B 
08-11-17 at 10:10:32:797 Recived 06 02 02 1E 00 1C 
08-11-17 at 10:10:32:812 Send 06 
08-11-17 at 10:10:32:827 Send 05 
08-11-17 at 10:10:32:842 Recived 15 
08-11-17 at 10:10:32:842 Send 06 
08-11-17 at 10:10:32:857 Send 02 0A 1E 1E 00 00 00 01 01 00 29 01 22 
08-11-17 at 10:10:32:872 Recived 06 02 02 1E 00 1C 
08-11-17 at 10:10:32:887 Send 06 
08-11-17 at 10:10:32:902 Send 05 
08-11-17 at 10:10:32:917 Recived 15 
08-11-17 at 10:10:32:917 Send 06 
08-11-17 at 10:10:32:932 Send 02 26 1E 1E 00 00 00 04 0C 00 01 20 20 20 20 20 20 20 20 20 20 20 C4 CE C1 D0 CE 20 CF CE C6 C0 CB CE C2 C0 D2 DC 21 00 D5 
08-11-17 at 10:10:32:950 Recived 06 02 02 1E 00 1C 
08-11-17 at 10:10:32:965 Send 06 
08-11-17 at 10:10:32:980 Send 05 
08-11-17 at 10:10:32:995 Recived 15 
08-11-17 at 10:10:32:995 Send 06 
08-11-17 at 10:10:33:010 Send 02 29 1E 1E 00 00 00 04 0D 00 01 20 20 20 20 20 20 20 20 CE CE CE 20 CA EE EC EF E0 ED E8 FF 20 27 CA CE CB CE D0 CB CE CD 27 00 CB 
08-11-17 at 10:10:33:028 Recived 06 02 02 1E 00 1C 
08-11-17 at 10:10:33:043 Send 06 
08-11-17 at 10:10:33:058 Send 05 
08-11-17 at 10:10:33:073 Recived 15 
08-11-17 at 10:10:33:073 Send 06 
08-11-17 at 10:10:33:088 Send 02 2D 1E 1E 00 00 00 04 0E 00 01 20 20 20 20 20 CC E0 E3 E0 E7 E8 ED 20 27 C2 F1 E5 20 F2 EE E2 E0 F0 FB 20 E4 EB FF 20 E4 EE EC E0 27 20 00 DE 
08-11-17 at 10:10:33:106 Recived 06 02 02 1E 00 1C 
08-11-17 at 10:10:33:121 Send 06 
08-11-17 at 10:10:33:205 now clear port error ...
08-11-17 at 10:10:33:205 now write to port ...
08-11-17 at 10:10:33:339 ... done
08-11-17 at 10:10:33:361 Send 05 
08-11-17 at 10:10:33:376 Recived 15 
08-11-17 at 10:10:33:376 Send 06 
08-11-17 at 10:10:33:391 Send 02 06 1A 1E 00 00 00 79 7B 
08-11-17 at 10:10:33:406 Recived 06 02 09 1A 00 1E 7E C6 60 00 00 00 D5 
08-11-17 at 10:10:33:421 Send 06 
08-11-17 at 10:10:35:683 Cardreader  Антонов Сергей 
08-11-17 at 10:10:35:687 Send 05 
08-11-17 at 10:10:35:702 Recived 15 
08-11-17 at 10:10:35:702 Send 06 
08-11-17 at 10:10:35:717 Send 02 20 1E 1E 00 00 00 02 1E 00 02 CA E0 F1 F1 E8 F0 20 C0 ED F2 EE ED EE E2 20 D1 E5 F0 E3 E5 E9 20 00 D7 
08-11-17 at 10:10:35:735 Recived 06 02 02 1E 00 1C 
08-11-17 at 10:10:35:750 Send 06 
08-11-17 at 10:10:35:753 now clear port error ...
08-11-17 at 10:10:35:753 now write to port ...
08-11-17 at 10:10:35:887 ... done
08-11-17 at 10:10:36:695 Send 05 
08-11-17 at 10:10:36:710 Recived 15 
08-11-17 at 10:10:36:710 Send 06 
08-11-17 at 10:10:36:725 Send 02 06 FF 39 1E 00 00 00 DE 
08-11-17 at 10:10:36:740 Recived 06 02 10 FF 39 00 00 00 00 00 00 00 00 00 00 00 00 00 00 D6 
08-11-17 at 10:10:36:755 Send 06 
08-11-17 at 10:10:38:825 Send 05 
08-11-17 at 10:10:38:840 Recived 15 
08-11-17 at 10:10:38:840 Send 06 
08-11-17 at 10:10:38:855 Send 02 2E 17 1E 00 00 00 03 20 20 CF EE E4 E0 F0 EE F7 ED FB E5 20 EA E0 F0 F2 FB 20 ED E5 20 EF F0 EE E4 E0 E2 E0 EB E8 F1 FC 00 00 00 00 00 00 00 39 
08-11-17 at 10:10:38:874 Recived 06 02 03 17 00 1E 0A 
08-11-17 at 10:10:38:889 Send 06 
08-11-17 at 10:10:38:904 Send 05 
08-11-17 at 10:10:38:919 Recived 15 
08-11-17 at 10:10:38:919 Send 06 
08-11-17 at 10:10:38:934 Send 02 2E 17 1E 00 00 00 03 2D 2D 2D 2D 2D 2D 2D 2D 2D 2D 2D 2D 2D 2D 2D 2D 2D 2D 2D 2D 2D 2D 2D 2D 2D 2D 2D 2D 2D 2D 2D 2D 2D 2D 2D 2D 2D 2D 2D 2D 24 
08-11-17 at 10:10:38:953 Recived 06 02 03 17 00 1E 0A 
08-11-17 at 10:10:38:968 Send 06 
08-11-17 at 10:10:38:983 Send 05 
08-11-17 at 10:10:38:998 Recived 15 
08-11-17 at 10:10:38:998 Send 06 
08-11-17 at 10:10:39:013 Send 02 05 41 1E 00 00 00 5A 
08-11-17 at 10:10:39:028 Recived 06 
08-11-17 at 10:10:40:033 Send 05 
08-11-17 at 10:10:40:108 Recived 02 03 41 00 00 42 
08-11-17 at 10:10:40:123 Send 06 
08-11-17 at 10:10:40:124 111
08-11-17 at 10:10:44:294 Send 05 
08-11-17 at 10:10:44:309 Recived 15 
08-11-17 at 10:10:44:309 Send 06 
08-11-17 at 10:10:44:324 Send 02 08 21 1E 00 00 00 0A 0A 2C 1B 
08-11-17 at 10:10:44:339 Recived 06 02 02 21 00 23 
08-11-17 at 10:10:44:354 Send 06 
08-11-17 at 10:10:44:356 Вход в GetStatus
08-11-17 at 10:10:44:369 Send 05 
08-11-17 at 10:10:44:384 Recived 15 
08-11-17 at 10:10:44:384 Send 06 
08-11-17 at 10:10:44:399 Send 02 05 11 1E 00 00 00 0A 
08-11-17 at 10:10:44:414 Recived 06 02 30 11 00 1E 43 31 6C 9E 0E 07 11 01 38 00 B2 02 04 00 00 4E 41 00 00 01 01 10 08 0B 11 0A 0A 2D 00 2E 5D 00 00 5D 00 00 00 00 00 D2 E9 1E 42 01 00 42 
08-11-17 at 10:10:44:429 Send 06 
08-11-17 at 10:10:44:436 KKMStatus 0000
08-11-17 at 10:10:44:444 Send 05 
08-11-17 at 10:10:44:459 Recived 15 
08-11-17 at 10:10:44:459 Send 06 
08-11-17 at 10:10:44:474 Send 02 05 E0 1E 00 00 00 FB 
08-11-17 at 10:10:44:489 Recived 06 
08-11-17 at 10:10:45:494 Send 05 
08-11-17 at 10:10:45:929 Recived 02 03 E0 00 1E FD 
08-11-17 at 10:10:45:944 Send 06 
08-11-17 at 10:12:34:902 114
08-11-17 at 10:12:34:902 014
08-11-17 at 10:12:34:902 total calculated
08-11-17 at 10:12:34:903 now show on display
08-11-17 at 10:12:34:903                     Всего:          0.00
08-11-17 at 10:12:34:903 now clear port error ...
08-11-17 at 10:12:34:903 now write to port ...
08-11-17 at 10:12:35:037 ... done
08-11-17 at 10:12:35:166 114
08-11-17 at 10:12:35:166 014
08-11-17 at 10:12:35:342 114
08-11-17 at 10:12:35:342 014
08-11-17 at 10:12:37:734 114
08-11-17 at 10:12:37:734 014
08-11-17 at 10:12:37:949 114
08-11-17 at 10:12:37:950 014
08-11-17 at 10:12:38:245 114
08-11-17 at 10:12:38:246 014
08-11-17 at 10:12:39:085 Send 05 
08-11-17 at 10:12:39:100 Recived 15 
08-11-17 at 10:12:39:100 Send 06 
08-11-17 at 10:12:39:115 Send 02 06 FF 39 1E 00 00 00 DE 
08-11-17 at 10:12:39:130 Recived 06 02 10 FF 39 00 00 00 00 00 00 00 00 00 00 00 00 00 00 D6 
08-11-17 at 10:12:39:145 Send 06 
08-11-17 at 10:12:39:853 114
08-11-17 at 10:12:39:853 014
08-11-17 at 10:12:39:925 114
08-11-17 at 10:12:39:926 014
08-11-17 at 10:12:40:165 114
08-11-17 at 10:12:40:165 014
08-11-17 at 10:12:40:813 114
08-11-17 at 10:12:40:813 014
08-11-17 at 10:12:40:989 114
08-11-17 at 10:12:40:989 014
08-11-17 at 10:12:41:174 114
08-11-17 at 10:12:41:174 014
08-11-17 at 10:12:41:406 114
08-11-17 at 10:12:41:406 014
08-11-17 at 10:12:41:406 114
08-11-17 at 10:12:41:407 014
08-11-17 at 10:12:41:423 114
08-11-17 at 10:12:41:424 014
08-11-17 at 10:12:41:424 101
08-11-17 at 10:12:41:424 001
08-11-17 at 10:12:41:425 total calculated
08-11-17 at 10:12:41:426 now show on display
08-11-17 at 10:12:41:426 10775 шапочка тр  56Всего:         56.00
08-11-17 at 10:12:41:426 now clear port error ...
08-11-17 at 10:12:41:426 now write to port ...
08-11-17 at 10:12:41:560 ... done
08-11-17 at 10:12:50:341 114
08-11-17 at 10:12:50:342 014
08-11-17 at 10:12:50:343 total calculated
08-11-17 at 10:12:50:343 now show on display
08-11-17 at 10:12:50:343 10775 шапочка тр  56Всего:         56.00
08-11-17 at 10:12:50:344 now clear port error ...
08-11-17 at 10:12:50:344 now write to port ...
08-11-17 at 10:12:50:477 ... done
08-11-17 at 10:12:50:661 114
08-11-17 at 10:12:50:662 014
08-11-17 at 10:12:50:845 114
08-11-17 at 10:12:50:846 014
08-11-17 at 10:12:52:743 114
08-11-17 at 10:12:52:743 014
08-11-17 at 10:12:52:830 114
08-11-17 at 10:12:52:831 014
08-11-17 at 10:12:53:110 114
08-11-17 at 10:12:53:111 014
08-11-17 at 10:12:54:758 114
08-11-17 at 10:12:54:759 014
08-11-17 at 10:12:54:910 114
08-11-17 at 10:12:54:911 014
08-11-17 at 10:12:55:158 114
08-11-17 at 10:12:55:158 014
08-11-17 at 10:12:56:182 114
08-11-17 at 10:12:56:183 014
08-11-17 at 10:12:56:342 114
08-11-17 at 10:12:56:342 014
08-11-17 at 10:12:56:510 114
08-11-17 at 10:12:56:510 014
08-11-17 at 10:12:58:486 114
08-11-17 at 10:12:58:486 014
08-11-17 at 10:12:58:486 114
08-11-17 at 10:12:58:487 014
08-11-17 at 10:12:58:497 114
08-11-17 at 10:12:58:497 014
08-11-17 at 10:12:58:497 101
08-11-17 at 10:12:58:498 001
08-11-17 at 10:12:58:498 total calculated
08-11-17 at 10:12:58:499 now show on display
08-11-17 at 10:12:58:499 RU25194 ТЕТРАДЬ 1  7Всего:         63.00
08-11-17 at 10:12:58:500 now clear port error ...
08-11-17 at 10:12:58:500 now write to port ...
08-11-17 at 10:12:58:633 ... done
08-11-17 at 10:13:00:406  Нажата клавиша F10.
08-11-17 at 10:13:00:406 114
08-11-17 at 10:13:00:406 014
08-11-17 at 10:13:00:407 115
08-11-17 at 10:13:00:407 015
08-11-17 at 10:13:00:408 total calculated
08-11-17 at 10:13:00:408 now show on display
08-11-17 at 10:13:00:409 RU25194 ТЕТРАДЬ 1  7Всего:         63.00
08-11-17 at 10:13:00:409 now clear port error ...
08-11-17 at 10:13:00:409 now write to port ...
08-11-17 at 10:13:00:543 ... done
08-11-17 at 10:13:00:588 now clear port error ...
08-11-17 at 10:13:00:589 now write to port ...
08-11-17 at 10:13:00:722 ... done
08-11-17 at 10:13:01:907 116
08-11-17 at 10:13:01:907 016
08-11-17 at 10:13:01:907 Попытка очистки таблицы
08-11-17 at 10:13:01:907 Попытка очистки успешна
08-11-17 at 10:13:02:703  Нажата клавиша Ctrl+B
08-11-17 at 10:13:02:703 114
08-11-17 at 10:13:02:703 014
08-11-17 at 10:13:02:704 115
08-11-17 at 10:13:02:704 015
08-11-17 at 10:13:02:705 total calculated
08-11-17 at 10:13:02:705 now show on display
08-11-17 at 10:13:02:705 RU25194 ТЕТРАДЬ 1  7Всего:         63.00
08-11-17 at 10:13:02:706 now clear port error ...
08-11-17 at 10:13:02:706 now write to port ...
08-11-17 at 10:13:02:839 ... done
08-11-17 at 10:13:05:487 Нажата кнопка 'Международные карты'
08-11-17 at 10:13:05:493 ания банковского чека
08-11-17 at 10:13:05:493 116
08-11-17 at 10:13:05:493 016
08-11-17 at 10:13:05:494 116
08-11-17 at 10:13:05:494 016
08-11-17 at 10:13:09:286  Нажата клавиша F10.
08-11-17 at 10:13:09:287 114
08-11-17 at 10:13:09:287 014
08-11-17 at 10:13:09:287 115
08-11-17 at 10:13:09:287 015
08-11-17 at 10:13:09:288 total calculated
08-11-17 at 10:13:09:288 now show on display
08-11-17 at 10:13:09:289 RU25194 ТЕТРАДЬ 1  7Всего:         63.00
08-11-17 at 10:13:09:289 now clear port error ...
08-11-17 at 10:13:09:289 now write to port ...
08-11-17 at 10:13:09:423 ... done
08-11-17 at 10:13:09:433 now clear port error ...
08-11-17 at 10:13:09:434 now write to port ...
08-11-17 at 10:13:09:595 ... done
08-11-17 at 10:13:12:372 now clear port error ...
08-11-17 at 10:13:12:372 now write to port ...
08-11-17 at 10:13:12:506 ... done
08-11-17 at 10:13:12:506 Вход в FRInit
08-11-17 at 10:13:12:506 Вход в GetStatus
08-11-17 at 10:13:12:509 Send 05 
08-11-17 at 10:13:12:524 Recived 15 
08-11-17 at 10:13:12:524 Send 06 
08-11-17 at 10:13:12:539 Send 02 05 11 1E 00 00 00 0A 
08-11-17 at 10:13:12:554 Recived 06 02 30 11 00 1E 43 31 6C 9E 0E 07 11 01 39 00 B2 02 02 00 00 4E 41 00 00 01 01 10 08 0B 11 0A 0D 0D 00 2E 5D 00 00 5D 00 00 00 00 00 D2 E9 1E 42 01 00 62 
08-11-17 at 10:13:12:569 Send 06 
08-11-17 at 10:13:12:576 KKMStatus 0000
08-11-17 at 10:13:12:584 Send 05 
08-11-17 at 10:13:12:599 Recived 15 
08-11-17 at 10:13:12:599 Send 06 
08-11-17 at 10:13:12:614 Send 02 06 28 1E 00 00 00 00 30 
08-11-17 at 10:13:12:629 Recived 06 02 03 28 00 1E 35 
08-11-17 at 10:13:12:644 Send 06 
08-11-17 at 10:13:12:659 Send 05 
08-11-17 at 10:13:12:674 Recived 15 
08-11-17 at 10:13:12:674 Send 06 
08-11-17 at 10:13:12:689 Send 02 06 8D 1E 00 00 00 00 95 
08-11-17 at 10:13:12:704 Recived 06 
08-11-17 at 10:13:12:719 Recived 02 03 8D 00 1E 90 
08-11-17 at 10:13:12:734 Send 06 
08-11-17 at 10:13:12:749 Send 05 
08-11-17 at 10:13:12:764 Recived 15 
08-11-17 at 10:13:12:764 Send 06 
08-11-17 at 10:13:12:779 Send 02 0A C2 1E 00 00 00 B8 88 CD 83 15 BD 
08-11-17 at 10:13:12:794 Recived 06 02 03 C2 00 1E DF 
08-11-17 at 10:13:12:809 Send 06 
08-11-17 at 10:13:12:824 Send 05 
08-11-17 at 10:13:12:839 Recived 15 
08-11-17 at 10:13:12:839 Send 06 
08-11-17 at 10:13:12:854 Send 02 2E 17 1E 00 00 00 03 3D 3D 3D 3D 3D 3D 3D 3D 3D 3D 3D 3D 3D 3D 3D 3D 3D 3D 3D 3D 3D 3D 3D 3D 3D 3D 3D 3D 3D 3D 3D 3D 3D 3D 3D 3D 3D 3D 3D 3D 24 
08-11-17 at 10:13:12:873 Recived 06 02 03 17 00 1E 0A 
08-11-17 at 10:13:12:888 Send 06 
08-11-17 at 10:13:12:903 Send 05 
08-11-17 at 10:13:12:918 Recived 15 
08-11-17 at 10:13:12:918 Send 06 
08-11-17 at 10:13:12:933 Send 02 2E 17 1E 00 00 00 03 20 20 20 20 20 20 20 D7 C5 CA 20 30 32 2D 33 38 35 34 2D 31 37 31 31 2D 30 38 31 30 2D 31 33 31 32 00 00 00 00 00 00 00 FA 
08-11-17 at 10:13:12:952 Recived 06 02 03 17 00 1E 0A 
08-11-17 at 10:13:12:967 Send 06 
08-11-17 at 10:13:12:982 Send 05 
08-11-17 at 10:13:12:997 Recived 15 
08-11-17 at 10:13:12:997 Send 06 
08-11-17 at 10:13:13:012 Send 02 2E 17 1E 00 00 00 03 3D 3D 3D 3D 3D 3D 3D 3D 3D 3D 3D 3D 3D 3D 3D 3D 3D 3D 3D 3D 3D 3D 3D 3D 3D 3D 3D 3D 3D 3D 3D 3D 3D 3D 3D 3D 3D 3D 3D 3D 24 
08-11-17 at 10:13:13:031 Recived 06 02 03 17 00 1E 0A 
08-11-17 at 10:13:13:046 Send 06 
08-11-17 at 10:13:13:061 Send 05 
08-11-17 at 10:13:13:076 Recived 15 
08-11-17 at 10:13:13:076 Send 06 
08-11-17 at 10:13:13:091 Send 02 3C 80 1E 00 00 00 E8 03 00 00 00 E0 15 00 00 00 00 02 00 00 00 2F 2F 32 38 35 33 30 32 32 30 31 30 30 30 20 31 30 37 37 35 20 F8 E0 EF EE F7 EA E0 20 F2 F0 E8 EA EE F2 2E FF F1 E5 00 9A 
08-11-17 at 10:13:13:110 Recived 06 02 03 80 00 1E 9D 
08-11-17 at 10:13:13:125 Send 06 
08-11-17 at 10:13:13:140 Send 05 
08-11-17 at 10:13:13:155 Recived 15 
08-11-17 at 10:13:13:155 Send 06 
08-11-17 at 10:13:13:170 Send 02 3C 80 1E 00 00 00 E8 03 00 00 00 BC 02 00 00 00 00 02 00 00 00 2F 2F 32 38 35 36 30 32 38 30 34 31 34 31 20 52 55 32 35 31 39 34 20 D2 C5 D2 D0 C0 C4 DC 20 31 32 20 CB 2E 2C 20 CA 00 27 
08-11-17 at 10:13:13:189 Recived 06 02 03 80 00 1E 9D 
08-11-17 at 10:13:13:204 Send 06 
08-11-17 at 10:13:13:219 Send 05 
08-11-17 at 10:13:13:234 Recived 15 
08-11-17 at 10:13:13:234 Send 06 
08-11-17 at 10:13:13:249 Send 02 2E 17 1E 00 00 00 03 32 38 35 33 30 32 32 30 31 30 30 30 20 31 30 37 37 35 20 F8 E0 EF EE F7 EA E0 20 00 00 00 00 00 00 00 00 00 00 00 00 00 D9 
08-11-17 at 10:13:13:268 Recived 06 02 03 17 00 1E 0A 
08-11-17 at 10:13:13:283 Send 06 
08-11-17 at 10:13:13:298 Send 05 
08-11-17 at 10:13:13:313 Recived 15 
08-11-17 at 10:13:13:313 Send 06 
08-11-17 at 10:13:13:328 Send 02 2E 17 1E 00 00 00 03 F2 F0 E8 EA EE F2 2E FF F1 E5 EB FC ED E0 FF 20 30 2F 36 20 EC E5 F1 20 20 20 20 20 20 20 20 20 20 20 20 20 28 F8 F2 29 E2 
08-11-17 at 10:13:13:347 Recived 06 02 03 17 00 1E 0A 
08-11-17 at 10:13:13:362 Send 06 
08-11-17 at 10:13:13:377 Send 05 
08-11-17 at 10:13:13:392 Recived 15 
08-11-17 at 10:13:13:392 Send 06 
08-11-17 at 10:13:13:407 Send 02 2E 17 1E 00 00 00 03 20 20 20 20 20 20 20 20 20 20 20 20 20 20 20 20 20 20 20 20 20 20 20 20 20 20 20 31 2E 30 30 30 20 58 20 35 36 2E 30 30 5E 
08-11-17 at 10:13:13:426 Recived 06 02 03 17 00 1E 0A 
08-11-17 at 10:13:13:441 Send 06 
08-11-17 at 10:13:13:456 Send 05 
08-11-17 at 10:13:13:471 Recived 15 
08-11-17 at 10:13:13:471 Send 06 
08-11-17 at 10:13:13:486 Send 02 2E 17 1E 00 00 00 03 D1 F3 EC EC E0 2C E2 20 F2 2E F7 2E CD C4 D1 20 31 30 25 20 20 20 20 20 20 20 20 20 20 20 20 20 20 3D 20 35 36 2E 30 30 E1 
08-11-17 at 10:13:13:505 Recived 06 02 03 17 00 1E 0A 
08-11-17 at 10:13:13:520 Send 06 
08-11-17 at 10:13:13:535 Send 05 
08-11-17 at 10:13:13:550 Recived 15 
08-11-17 at 10:13:13:550 Send 06 
08-11-17 at 10:13:13:565 Send 02 2E 17 1E 00 00 00 03 32 38 35 36 30 32 38 30 34 31 34 31 20 52 55 32 35 31 39 34 20 D2 C5 D2 D0 C0 C4 DC 20 31 32 20 CB 2E 2C 20 00 00 00 00 3C 
08-11-17 at 10:13:13:584 Recived 06 02 03 17 00 1E 0A 
08-11-17 at 10:13:13:599 Send 06 
08-11-17 at 10:13:13:614 Send 05 
08-11-17 at 10:13:13:629 Recived 15 
08-11-17 at 10:13:13:629 Send 06 
08-11-17 at 10:13:13:644 Send 02 2E 17 1E 00 00 00 03 CA CB 2E 20 CF CE CB 2E 20 4D 49 43 4B 45 59 20 46 4F 4F 54 42 41 4C 4C 20 2F 32 35 2F 33 30 30 2F 20 20 20 28 F8 F2 29 DE 
08-11-17 at 10:13:13:663 Recived 06 02 03 17 00 1E 0A 
08-11-17 at 10:13:13:678 Send 06 
08-11-17 at 10:13:13:693 Send 05 
08-11-17 at 10:13:13:708 Recived 15 
08-11-17 at 10:13:13:708 Send 06 
08-11-17 at 10:13:13:723 Send 02 2E 17 1E 00 00 00 03 20 20 20 20 20 20 20 20 20 20 20 20 20 20 20 20 20 20 20 20 20 20 20 20 20 20 20 20 31 2E 30 30 30 20 58 20 37 2E 30 30 4A 
08-11-17 at 10:13:13:742 Recived 06 02 03 17 00 1E 0A 
08-11-17 at 10:13:13:757 Send 06 
08-11-17 at 10:13:13:772 Send 05 
08-11-17 at 10:13:13:787 Recived 15 
08-11-17 at 10:13:13:787 Send 06 
08-11-17 at 10:13:13:802 Send 02 2E 17 1E 00 00 00 03 D1 F3 EC EC E0 2C E2 20 F2 2E F7 2E CD C4 D1 20 31 30 25 20 20 20 20 20 20 20 20 20 20 20 20 20 20 20 3D 20 37 2E 30 30 F5 
08-11-17 at 10:13:13:821 Recived 06 02 03 17 00 1E 0A 
08-11-17 at 10:13:13:836 Send 06 
08-11-17 at 10:13:13:851 Send 05 
08-11-17 at 10:13:13:866 Recived 15 
08-11-17 at 10:13:13:866 Send 06 
08-11-17 at 10:13:13:881 Send 02 05 89 1E 00 00 00 92 
08-11-17 at 10:13:13:896 Recived 06 02 08 89 00 1E 9C 18 00 00 00 1B 
08-11-17 at 10:13:13:911 Send 06 
08-11-17 at 10:13:13:926 Send 05 
08-11-17 at 10:13:13:941 Recived 15 
08-11-17 at 10:13:13:941 Send 06 
08-11-17 at 10:13:13:956 Send 02 2E 17 1E 00 00 00 03 3D 3D 3D 3D 3D 3D 3D 3D 3D 3D 3D 3D 3D 3D 3D 3D 3D 3D 3D 3D 3D 3D 3D 3D 3D 3D 3D 3D 3D 3D 3D 3D 3D 3D 3D 3D 3D 3D 3D 3D 24 
08-11-17 at 10:13:13:975 Recived 06 02 03 17 00 1E 0A 
08-11-17 at 10:13:13:990 Send 06 
08-11-17 at 10:13:14:005 Send 05 
08-11-17 at 10:13:14:020 Recived 15 
08-11-17 at 10:13:14:020 Send 06 
08-11-17 at 10:13:14:035 Send 02 2E 17 1E 00 00 00 03 20 00 00 00 00 00 00 00 00 00 00 00 00 00 00 00 00 00 00 00 00 00 00 00 00 00 00 00 00 00 00 00 00 00 00 00 00 00 00 00 04 
08-11-17 at 10:13:14:054 Recived 06 02 03 17 00 1E 0A 
08-11-17 at 10:13:14:069 Send 06 
08-11-17 at 10:13:14:084 Send 05 
08-11-17 at 10:13:14:099 Recived 15 
08-11-17 at 10:13:14:099 Send 06 
08-11-17 at 10:13:14:114 Send 02 2E 17 1E 00 00 00 03 20 20 20 20 CE EF EB E0 F2 E0 20 EF F0 E8 ED FF F2 E0 20 F1 20 E1 EB E0 E3 EE E4 E0 F0 ED EE F1 F2 FC FE 00 00 00 00 00 2B 
08-11-17 at 10:13:14:133 Recived 06 02 03 17 00 1E 0A 
08-11-17 at 10:13:14:148 Send 06 
08-11-17 at 10:13:14:163 Send 05 
08-11-17 at 10:13:14:178 Recived 15 
08-11-17 at 10:13:14:178 Send 06 
08-11-17 at 10:13:14:193 Send 02 2E 17 1E 00 00 00 03 20 20 C6 E4 E5 EC 20 E2 E0 F1 20 E5 E6 E5 E4 ED E5 E2 ED EE 20 F1 20 39 2E 30 30 20 E4 EE 20 32 32 2E 30 30 00 00 00 00 D5 
08-11-17 at 10:13:14:212 Recived 06 02 03 17 00 1E 0A 
08-11-17 at 10:13:14:227 Send 06 
08-11-17 at 10:13:14:242 Send 05 
08-11-17 at 10:13:14:257 Recived 15 
08-11-17 at 10:13:14:257 Send 06 
08-11-17 at 10:13:14:272 Send 02 2E 17 1E 00 00 00 03 20 20 20 20 EF EE 20 E0 E4 F0 E5 F1 F3 3A 36 33 30 30 32 37 2C E3 2E CD EE E2 EE F1 E8 E1 E8 F0 F1 EA 2C 00 00 00 00 00 35 
08-11-17 at 10:13:14:291 Recived 06 02 03 17 00 1E 0A 
08-11-17 at 10:13:14:306 Send 06 
08-11-17 at 10:13:14:321 Send 05 
08-11-17 at 10:13:14:336 Recived 15 
08-11-17 at 10:13:14:336 Send 06 
08-11-17 at 10:13:14:351 Send 02 2E 17 1E 00 00 00 03 F3 EB 2E D2 EE EB EC E0 F7 E5 E2 F1 EA E0 FF 2C 20 31 39 E0 20 EA 2E 32 2C 20 F2 E5 EB 2E 3A 33 36 33 2D 30 35 2D 30 35 DD 
08-11-17 at 10:13:14:370 Recived 06 02 03 17 00 1E 0A 
08-11-17 at 10:13:14:385 Send 06 
08-11-17 at 10:13:14:400 Send 05 
08-11-17 at 10:13:14:415 Recived 15 
08-11-17 at 10:13:14:415 Send 06 
08-11-17 at 10:13:14:430 Send 02 47 85 1E 00 00 00 9C 18 00 00 00 00 00 00 00 00 00 00 00 00 00 00 00 00 00 00 00 00 00 00 00 00 20 00 00 00 00 00 00 00 00 00 00 00 00 00 00 00 00 00 00 00 00 00 00 00 00 00 00 00 00 00 00 00 00 00 00 00 00 00 00 00 78 
08-11-17 at 10:13:14:451 Recived 06 
08-11-17 at 10:13:14:646 Recived 02 08 85 00 1E 00 00 00 00 00 93 
08-11-17 at 10:13:14:661 Send 06 
08-11-17 at 10:13:14:666 WAIT_OBJECT_0
08-11-17 at 10:13:14:677 WritePresent
08-11-17 at 10:13:14:678 UpdateCentralCounts
08-11-17 at 10:13:14:794 UpdateCentralCounts
08-11-17 at 10:13:14:795 ActivateGiftCards(PresentGrid)
08-11-17 at 10:13:14:795 ActivateGiftCards(Grid)
08-11-17 at 10:13:14:795 GiftCardDoPayments
08-11-17 at 10:13:14:796 GiftCardClearPayments
08-11-17 at 10:13:14:796 Попытка очистки таблицы
08-11-17 at 10:13:14:796 Попытка очистки успешна
08-11-17 at 10:13:14:797 Попытка очистки таблицы
08-11-17 at 10:13:14:797 Попытка очистки успешна
08-11-17 at 10:13:14:797 total calculated
08-11-17 at 10:13:14:798 now show on display
08-11-17 at 10:13:14:798                     Всего:          0.00
08-11-17 at 10:13:14:798 now clear port error ...
08-11-17 at 10:13:14:798 now write to port ...
08-11-17 at 10:13:14:932 ... done
08-11-17 at 10:13:14:932 now clear port error ...
08-11-17 at 10:13:14:932 now write to port ...
08-11-17 at 10:13:15:104 ... done
08-11-17 at 10:13:15:104 116
08-11-17 at 10:13:15:104 016
08-11-17 at 10:14:42:210 Send 05 
08-11-17 at 10:14:42:225 Recived 15 
08-11-17 at 10:14:42:225 Send 06 
08-11-17 at 10:14:42:240 Send 02 06 FF 39 1E 00 00 00 DE 
08-11-17 at 10:14:42:255 Recived 06 02 10 FF 39 00 00 00 00 00 00 00 00 00 00 00 00 00 00 D6 
08-11-17 at 10:14:42:270 Send 06 
08-11-17 at 10:16:43:422 Send 05 
08-11-17 at 10:16:43:437 Recived 15 
08-11-17 at 10:16:43:437 Send 06 
08-11-17 at 10:16:43:452 Send 02 06 FF 39 1E 00 00 00 DE 
08-11-17 at 10:16:43:467 Recived 06 02 10 FF 39 00 00 00 00 00 00 00 00 00 00 00 00 00 00 D6 
08-11-17 at 10:16:43:482 Send 06 
08-11-17 at 10:18:18:809 total calculated
08-11-17 at 10:18:18:809 now show on display
08-11-17 at 10:18:18:809                     Всего:          0.00
08-11-17 at 10:18:18:810 now clear port error ...
08-11-17 at 10:18:18:810 now write to port ...
08-11-17 at 10:18:18:943 ... done
08-11-17 at 10:18:18:944 total calculated
08-11-17 at 10:18:18:944 now show on display
08-11-17 at 10:18:18:944                     Всего:          0.00
08-11-17 at 10:18:18:945 now clear port error ...
08-11-17 at 10:18:18:945 now write to port ...
08-11-17 at 10:18:19:115 ... done
08-11-17 at 10:18:19:117 111
08-11-17 at 10:18:19:117 Выход из программы
08-11-17 at 16:41:51:299 Запуск программы. Инициализация считана из файла
08-11-17 at 16:41:51:300 Платежи по картам восстановлены
08-11-17 at 16:41:51:301 total calculated
08-11-17 at 16:41:51:301 now show on display
08-11-17 at 16:41:51:301                     Всего:          0.00
08-11-17 at 16:41:51:301 now open port for display
08-11-17 at 16:41:51:302 Com port opened
08-11-17 at 16:41:51:302 now clear port error ...
08-11-17 at 16:41:51:302 now write to port ...
08-11-17 at 16:41:51:436 ... done
08-11-17 at 16:41:51:436 Чек сжат
08-11-17 at 16:41:51:436 Сумма чека посчитана
08-11-17 at 16:41:51:436 Кардридер создан
08-11-17 at 16:41:51:437 Задание запуска модулей создано
08-11-17 at 16:41:51:437 Сканер создан
08-11-17 at 16:41:51:437 Регистратор создан
08-11-17 at 16:41:51:437 Часы созданы
08-11-17 at 16:41:51:437 Регистратор запущен
08-11-17 at 16:41:51:438 Сканер запущен
08-11-17 at 16:41:51:438 Часы запущены
08-11-17 at 16:41:51:438 Кардридер запущен
08-11-17 at 16:41:51:438 Передача данных запущена
08-11-17 at 16:41:51:438 Вход в FRInit
08-11-17 at 16:41:51:439 Вход в GetStatus
08-11-17 at 16:41:51:453 Send 05 
08-11-17 at 16:41:51:468 Recived 15 
08-11-17 at 16:41:51:468 Send 06 
08-11-17 at 16:41:51:483 Send 02 05 11 1E 00 00 00 0A 
08-11-17 at 16:41:51:498 Recived 06 02 30 11 00 1E 43 31 6C 9E 0E 07 11 01 3A 00 B2 02 02 00 00 4E 41 00 00 01 01 10 08 0B 11 10 29 36 00 2E 5D 00 00 5D 00 00 00 00 00 D2 E9 1E 42 01 00 64 
08-11-17 at 16:41:51:513 Send 06 
08-11-17 at 16:41:51:519 KKMStatus 0000
08-11-17 at 16:41:51:528 Send 05 
08-11-17 at 16:41:51:543 Recived 15 
08-11-17 at 16:41:51:543 Send 06 
08-11-17 at 16:41:51:558 Send 02 05 11 1E 00 00 00 0A 
08-11-17 at 16:41:51:573 Recived 06 02 30 11 00 1E 43 31 6C 9E 0E 07 11 01 3A 00 B2 02 02 00 00 4E 41 00 00 01 01 10 08 0B 11 10 29 36 00 2E 5D 00 00 5D 00 00 00 00 00 D2 E9 1E 42 01 00 64 
08-11-17 at 16:41:51:588 Send 06 
08-11-17 at 16:41:51:589 KKMStatus 0200
08-11-17 at 16:41:51:589 Номер ФР считан
08-11-17 at 16:41:51:898 СУБД подключена
08-11-17 at 16:41:51:912 Send 05 
08-11-17 at 16:41:51:927 Recived 15 
08-11-17 at 16:41:51:927 Send 06 
08-11-17 at 16:41:51:942 Send 02 0A 1E 1E 00 00 00 01 01 00 01 01 0A 
08-11-17 at 16:41:51:957 Recived 06 02 02 1E 00 1C 
08-11-17 at 16:41:51:972 Send 06 
08-11-17 at 16:41:51:987 Send 05 
08-11-17 at 16:41:52:002 Recived 15 
08-11-17 at 16:41:52:002 Send 06 
08-11-17 at 16:41:52:017 Send 02 0A 1E 1E 00 00 00 01 01 00 05 02 0D 
08-11-17 at 16:41:52:032 Recived 06 02 02 1E 00 1C 
08-11-17 at 16:41:52:047 Send 06 
08-11-17 at 16:41:52:062 Send 05 
08-11-17 at 16:41:52:077 Recived 15 
08-11-17 at 16:41:52:077 Send 06 
08-11-17 at 16:41:52:092 Send 02 0A 1E 1E 00 00 00 01 01 00 23 01 28 
08-11-17 at 16:41:52:107 Recived 06 02 02 1E 00 1C 
08-11-17 at 16:41:52:122 Send 06 
08-11-17 at 16:41:52:137 Send 05 
08-11-17 at 16:41:52:152 Recived 15 
08-11-17 at 16:41:52:152 Send 06 
08-11-17 at 16:41:52:167 Send 02 0A 1E 1E 00 00 00 01 01 00 06 00 0C 
08-11-17 at 16:41:52:182 Recived 06 02 02 1E 00 1C 
08-11-17 at 16:41:52:197 Send 06 
08-11-17 at 16:41:52:212 Send 05 
08-11-17 at 16:41:52:227 Recived 15 
08-11-17 at 16:41:52:227 Send 06 
08-11-17 at 16:41:52:242 Send 02 0A 1E 1E 00 00 00 01 01 00 07 01 0C 
08-11-17 at 16:41:52:257 Recived 06 02 02 1E 00 1C 
08-11-17 at 16:41:52:272 Send 06 
08-11-17 at 16:41:52:287 Send 05 
08-11-17 at 16:41:52:302 Recived 15 
08-11-17 at 16:41:52:302 Send 06 
08-11-17 at 16:41:52:317 Send 02 0A 1E 1E 00 00 00 01 01 00 14 01 1F 
08-11-17 at 16:41:52:332 Recived 06 02 02 1E 00 1C 
08-11-17 at 16:41:52:347 Send 06 
08-11-17 at 16:41:52:362 Send 05 
08-11-17 at 16:41:52:377 Recived 15 
08-11-17 at 16:41:52:377 Send 06 
08-11-17 at 16:41:52:392 Send 02 0A 1E 1E 00 00 00 01 01 00 15 01 1E 
08-11-17 at 16:41:52:407 Recived 06 02 02 1E 00 1C 
08-11-17 at 16:41:52:422 Send 06 
08-11-17 at 16:41:52:437 Send 05 
08-11-17 at 16:41:52:452 Recived 15 
08-11-17 at 16:41:52:452 Send 06 
08-11-17 at 16:41:52:467 Send 02 0A 1E 1E 00 00 00 01 01 00 0F 00 05 
08-11-17 at 16:41:52:482 Recived 06 02 02 1E 00 1C 
08-11-17 at 16:41:52:497 Send 06 
08-11-17 at 16:41:52:512 Send 05 
08-11-17 at 16:41:52:527 Recived 15 
08-11-17 at 16:41:52:527 Send 06 
08-11-17 at 16:41:52:542 Send 02 0A 1E 1E 00 00 00 01 01 00 11 00 1B 
08-11-17 at 16:41:52:557 Recived 06 02 02 1E 00 1C 
08-11-17 at 16:41:52:572 Send 06 
08-11-17 at 16:41:52:587 Send 05 
08-11-17 at 16:41:52:602 Recived 15 
08-11-17 at 16:41:52:602 Send 06 
08-11-17 at 16:41:52:617 Send 02 0A 1E 1E 00 00 00 11 01 00 03 02 1B 
08-11-17 at 16:41:52:632 Recived 06 02 02 1E 00 1C 
08-11-17 at 16:41:52:647 Send 06 
08-11-17 at 16:41:52:662 Send 05 
08-11-17 at 16:41:52:677 Recived 15 
08-11-17 at 16:41:52:677 Send 06 
08-11-17 at 16:41:52:692 Send 02 0A 1E 1E 00 00 00 01 01 00 29 01 22 
08-11-17 at 16:41:52:707 Recived 06 02 02 1E 00 1C 
08-11-17 at 16:41:52:722 Send 06 
08-11-17 at 16:41:52:737 Send 05 
08-11-17 at 16:41:52:752 Recived 15 
08-11-17 at 16:41:52:752 Send 06 
08-11-17 at 16:41:52:767 Send 02 26 1E 1E 00 00 00 04 0C 00 01 20 20 20 20 20 20 20 20 20 20 20 C4 CE C1 D0 CE 20 CF CE C6 C0 CB CE C2 C0 D2 DC 21 00 D5 
08-11-17 at 16:41:52:785 Recived 06 02 02 1E 00 1C 
08-11-17 at 16:41:52:800 Send 06 
08-11-17 at 16:41:52:815 Send 05 
08-11-17 at 16:41:52:830 Recived 15 
08-11-17 at 16:41:52:830 Send 06 
08-11-17 at 16:41:52:845 Send 02 29 1E 1E 00 00 00 04 0D 00 01 20 20 20 20 20 20 20 20 CE CE CE 20 CA EE EC EF E0 ED E8 FF 20 27 CA CE CB CE D0 CB CE CD 27 00 CB 
08-11-17 at 16:41:52:863 Recived 06 02 02 1E 00 1C 
08-11-17 at 16:41:52:878 Send 06 
08-11-17 at 16:41:52:893 Send 05 
08-11-17 at 16:41:52:908 Recived 15 
08-11-17 at 16:41:52:908 Send 06 
08-11-17 at 16:41:52:923 Send 02 2D 1E 1E 00 00 00 04 0E 00 01 20 20 20 20 20 CC E0 E3 E0 E7 E8 ED 20 27 C2 F1 E5 20 F2 EE E2 E0 F0 FB 20 E4 EB FF 20 E4 EE EC E0 27 20 00 DE 
08-11-17 at 16:41:52:941 Recived 06 02 02 1E 00 1C 
08-11-17 at 16:41:52:956 Send 06 
08-11-17 at 16:41:53:041 now clear port error ...
08-11-17 at 16:41:53:042 now write to port ...
08-11-17 at 16:41:53:175 ... done
08-11-17 at 16:41:53:196 Send 05 
08-11-17 at 16:41:53:211 Recived 15 
08-11-17 at 16:41:53:211 Send 06 
08-11-17 at 16:41:53:226 Send 02 06 1A 1E 00 00 00 79 7B 
08-11-17 at 16:41:53:241 Recived 06 02 09 1A 00 1E 9C 18 00 00 00 00 89 
08-11-17 at 16:41:53:256 Send 06 
08-11-17 at 16:41:55:715 Cardreader  Антонов Сергей 
08-11-17 at 16:41:55:716 Send 05 
08-11-17 at 16:41:55:732 Recived 15 
08-11-17 at 16:41:55:732 Send 06 
08-11-17 at 16:41:55:748 Send 02 20 1E 1E 00 00 00 02 1E 00 02 CA E0 F1 F1 E8 F0 20 C0 ED F2 EE ED EE E2 20 D1 E5 F0 E3 E5 E9 20 00 D7 
08-11-17 at 16:41:55:766 Recived 06 02 02 1E 00 1C 
08-11-17 at 16:41:55:783 Send 06 
08-11-17 at 16:41:55:788 now clear port error ...
08-11-17 at 16:41:55:788 now write to port ...
08-11-17 at 16:41:55:922 ... done
08-11-17 at 16:41:56:728 Send 05 
08-11-17 at 16:41:56:743 Recived 15 
08-11-17 at 16:41:56:743 Send 06 
08-11-17 at 16:41:56:758 Send 02 06 FF 39 1E 00 00 00 DE 
08-11-17 at 16:41:56:773 Recived 06 02 10 FF 39 00 00 00 00 00 00 00 00 00 00 00 00 00 00 D6 
08-11-17 at 16:41:56:788 Send 06 
08-11-17 at 16:41:59:222 114
08-11-17 at 16:41:59:222 014
08-11-17 at 16:41:59:222 total calculated
08-11-17 at 16:41:59:223 now show on display
08-11-17 at 16:41:59:223                     Всего:          0.00
08-11-17 at 16:41:59:223 now clear port error ...
08-11-17 at 16:41:59:223 now write to port ...
08-11-17 at 16:41:59:357 ... done
08-11-17 at 16:41:59:493 114
08-11-17 at 16:41:59:494 014
08-11-17 at 16:41:59:725 114
08-11-17 at 16:41:59:725 014
08-11-17 at 16:42:01:261 114
08-11-17 at 16:42:01:262 014
08-11-17 at 16:42:01:637 114
08-11-17 at 16:42:01:638 014
08-11-17 at 16:42:02:021 114
08-11-17 at 16:42:02:021 014
08-11-17 at 16:42:03:749 114
08-11-17 at 16:42:03:750 014
08-11-17 at 16:42:04:061 114
08-11-17 at 16:42:04:061 014
08-11-17 at 16:42:04:229 114
08-11-17 at 16:42:04:229 014
08-11-17 at 16:42:04:846 114
08-11-17 at 16:42:04:847 014
08-11-17 at 16:42:05:285 114
08-11-17 at 16:42:05:285 014
08-11-17 at 16:42:05:509 114
08-11-17 at 16:42:05:509 014
08-11-17 at 16:42:05:909 114
08-11-17 at 16:42:05:910 014
08-11-17 at 16:42:05:910 114
08-11-17 at 16:42:05:910 014
08-11-17 at 16:42:05:931 114
08-11-17 at 16:42:05:931 014
08-11-17 at 16:42:05:931 101
08-11-17 at 16:42:05:932 001
08-11-17 at 16:42:05:932 total calculated
08-11-17 at 16:42:05:933 now show on display
08-11-17 at 16:42:05:933 Кабель нагрева  3810Всего:       3810.00
08-11-17 at 16:42:05:934 now clear port error ...
08-11-17 at 16:42:05:934 now write to port ...
08-11-17 at 16:42:06:067 ... done
08-11-17 at 16:42:07:389  Нажата клавиша F10.
08-11-17 at 16:42:07:389 114
08-11-17 at 16:42:07:389 014
08-11-17 at 16:42:07:390 115
08-11-17 at 16:42:07:390 015
08-11-17 at 16:42:07:391 total calculated
08-11-17 at 16:42:07:391 now show on display
08-11-17 at 16:42:07:391 Кабель нагрева  3810Всего:       3810.00
08-11-17 at 16:42:07:392 now clear port error ...
08-11-17 at 16:42:07:392 now write to port ...
08-11-17 at 16:42:07:525 ... done
08-11-17 at 16:42:07:577 now clear port error ...
08-11-17 at 16:42:07:577 now write to port ...
08-11-17 at 16:42:07:711 ... done
08-11-17 at 16:42:09:593 116
08-11-17 at 16:42:09:593 016
08-11-17 at 16:42:09:593 Попытка очистки таблицы
08-11-17 at 16:42:09:593 Попытка очистки успешна
08-11-17 at 16:42:10:389 114
08-11-17 at 16:42:10:389 014
08-11-17 at 16:42:10:389 Попытка очистки таблицы
08-11-17 at 16:42:10:390 Попытка очистки успешна
08-11-17 at 16:44:00:094 total calculated
08-11-17 at 16:44:00:095 now show on display
08-11-17 at 16:44:00:095 Кабель нагрева  3810Всего:       3810.00
08-11-17 at 16:44:00:095 now clear port error ...
08-11-17 at 16:44:00:095 now write to port ...
08-11-17 at 16:44:00:229 ... done
08-11-17 at 16:44:00:230 total calculated
08-11-17 at 16:44:00:230 now show on display
08-11-17 at 16:44:00:231 Кабель нагрева  3810Всего:       3810.00
08-11-17 at 16:44:00:231 now clear port error ...
08-11-17 at 16:44:00:231 now write to port ...
08-11-17 at 16:44:00:401 ... done
08-11-17 at 16:44:00:402 111
08-11-17 at 16:44:00:402 Выход из программы
08-11-17 at 16:44:26:648 Запуск программы. Инициализация считана из файла
08-11-17 at 16:44:26:649 Чек загружен.
08-11-17 at 16:44:26:649 Платежи по картам восстановлены
08-11-17 at 16:44:26:650 total calculated
08-11-17 at 16:44:26:650 now show on display
08-11-17 at 16:44:26:650                     Всего:       3810.00
08-11-17 at 16:44:26:650 now open port for display
08-11-17 at 16:44:26:651 Com port opened
08-11-17 at 16:44:26:651 now clear port error ...
08-11-17 at 16:44:26:651 now write to port ...
08-11-17 at 16:44:26:785 ... done
08-11-17 at 16:44:26:785 Чек сжат
08-11-17 at 16:44:26:785 Сумма чека посчитана
08-11-17 at 16:44:26:786 Кардридер создан
08-11-17 at 16:44:26:786 Задание запуска модулей создано
08-11-17 at 16:44:26:787 Сканер создан
08-11-17 at 16:44:26:787 Регистратор создан
08-11-17 at 16:44:26:787 Часы созданы
08-11-17 at 16:44:26:788 Регистратор запущен
08-11-17 at 16:44:26:788 Сканер запущен
08-11-17 at 16:44:26:788 Часы запущены
08-11-17 at 16:44:26:789 Кардридер запущен
08-11-17 at 16:44:26:789 Передача данных запущена
08-11-17 at 16:44:26:790 Вход в FRInit
08-11-17 at 16:44:26:790 Вход в GetStatus
08-11-17 at 16:44:26:804 Send 05 
08-11-17 at 16:44:26:819 Recived 15 
08-11-17 at 16:44:26:819 Send 06 
08-11-17 at 16:44:26:834 Send 02 05 11 1E 00 00 00 0A 
08-11-17 at 16:44:26:849 Recived 06 02 30 11 00 1E 43 31 6C 9E 0E 07 11 01 3A 00 B2 02 02 00 00 4E 41 00 00 01 01 10 08 0B 11 10 2C 1D 00 2E 5D 00 00 5D 00 00 00 00 00 D2 E9 1E 42 01 00 4A 
08-11-17 at 16:44:26:864 Send 06 
08-11-17 at 16:44:26:870 KKMStatus 0000
08-11-17 at 16:44:26:879 Send 05 
08-11-17 at 16:44:26:894 Recived 15 
08-11-17 at 16:44:26:894 Send 06 
08-11-17 at 16:44:26:909 Send 02 05 11 1E 00 00 00 0A 
08-11-17 at 16:44:26:924 Recived 06 02 30 11 00 1E 43 31 6C 9E 0E 07 11 01 3A 00 B2 02 02 00 00 4E 41 00 00 01 01 10 08 0B 11 10 2C 1D 00 2E 5D 00 00 5D 00 00 00 00 00 D2 E9 1E 42 01 00 4A 
08-11-17 at 16:44:26:939 Send 06 
08-11-17 at 16:44:26:940 KKMStatus 0200
08-11-17 at 16:44:26:940 Номер ФР считан
08-11-17 at 16:44:27:064 СУБД подключена
08-11-17 at 16:44:27:082 Send 05 
08-11-17 at 16:44:27:097 Recived 15 
08-11-17 at 16:44:27:097 Send 06 
08-11-17 at 16:44:27:112 Send 02 0A 1E 1E 00 00 00 01 01 00 01 01 0A 
08-11-17 at 16:44:27:127 Recived 06 02 02 1E 00 1C 
08-11-17 at 16:44:27:142 Send 06 
08-11-17 at 16:44:27:157 Send 05 
08-11-17 at 16:44:27:172 Recived 15 
08-11-17 at 16:44:27:172 Send 06 
08-11-17 at 16:44:27:187 Send 02 0A 1E 1E 00 00 00 01 01 00 05 02 0D 
08-11-17 at 16:44:27:202 Recived 06 02 02 1E 00 1C 
08-11-17 at 16:44:27:217 Send 06 
08-11-17 at 16:44:27:232 Send 05 
08-11-17 at 16:44:27:247 Recived 15 
08-11-17 at 16:44:27:247 Send 06 
08-11-17 at 16:44:27:262 Send 02 0A 1E 1E 00 00 00 01 01 00 23 01 28 
08-11-17 at 16:44:27:277 Recived 06 02 02 1E 00 1C 
08-11-17 at 16:44:27:292 Send 06 
08-11-17 at 16:44:27:307 Send 05 
08-11-17 at 16:44:27:322 Recived 15 
08-11-17 at 16:44:27:322 Send 06 
08-11-17 at 16:44:27:337 Send 02 0A 1E 1E 00 00 00 01 01 00 06 00 0C 
08-11-17 at 16:44:27:352 Recived 06 02 02 1E 00 1C 
08-11-17 at 16:44:27:367 Send 06 
08-11-17 at 16:44:27:382 Send 05 
08-11-17 at 16:44:27:397 Recived 15 
08-11-17 at 16:44:27:397 Send 06 
08-11-17 at 16:44:27:412 Send 02 0A 1E 1E 00 00 00 01 01 00 07 01 0C 
08-11-17 at 16:44:27:427 Recived 06 02 02 1E 00 1C 
08-11-17 at 16:44:27:442 Send 06 
08-11-17 at 16:44:27:457 Send 05 
08-11-17 at 16:44:27:472 Recived 15 
08-11-17 at 16:44:27:472 Send 06 
08-11-17 at 16:44:27:487 Send 02 0A 1E 1E 00 00 00 01 01 00 14 01 1F 
08-11-17 at 16:44:27:502 Recived 06 02 02 1E 00 1C 
08-11-17 at 16:44:27:517 Send 06 
08-11-17 at 16:44:27:532 Send 05 
08-11-17 at 16:44:27:547 Recived 15 
08-11-17 at 16:44:27:547 Send 06 
08-11-17 at 16:44:27:562 Send 02 0A 1E 1E 00 00 00 01 01 00 15 01 1E 
08-11-17 at 16:44:27:577 Recived 06 02 02 1E 00 1C 
08-11-17 at 16:44:27:592 Send 06 
08-11-17 at 16:44:27:607 Send 05 
08-11-17 at 16:44:27:622 Recived 15 
08-11-17 at 16:44:27:622 Send 06 
08-11-17 at 16:44:27:637 Send 02 0A 1E 1E 00 00 00 01 01 00 0F 00 05 
08-11-17 at 16:44:27:652 Recived 06 02 02 1E 00 1C 
08-11-17 at 16:44:27:667 Send 06 
08-11-17 at 16:44:27:682 Send 05 
08-11-17 at 16:44:27:697 Recived 15 
08-11-17 at 16:44:27:697 Send 06 
08-11-17 at 16:44:27:712 Send 02 0A 1E 1E 00 00 00 01 01 00 11 00 1B 
08-11-17 at 16:44:27:727 Recived 06 02 02 1E 00 1C 
08-11-17 at 16:44:27:742 Send 06 
08-11-17 at 16:44:27:757 Send 05 
08-11-17 at 16:44:27:772 Recived 15 
08-11-17 at 16:44:27:772 Send 06 
08-11-17 at 16:44:27:787 Send 02 0A 1E 1E 00 00 00 11 01 00 03 02 1B 
08-11-17 at 16:44:27:802 Recived 06 02 02 1E 00 1C 
08-11-17 at 16:44:27:817 Send 06 
08-11-17 at 16:44:27:832 Send 05 
08-11-17 at 16:44:27:847 Recived 15 
08-11-17 at 16:44:27:847 Send 06 
08-11-17 at 16:44:27:862 Send 02 0A 1E 1E 00 00 00 01 01 00 29 01 22 
08-11-17 at 16:44:27:877 Recived 06 02 02 1E 00 1C 
08-11-17 at 16:44:27:892 Send 06 
08-11-17 at 16:44:27:907 Send 05 
08-11-17 at 16:44:27:922 Recived 15 
08-11-17 at 16:44:27:922 Send 06 
08-11-17 at 16:44:27:937 Send 02 26 1E 1E 00 00 00 04 0C 00 01 20 20 20 20 20 20 20 20 20 20 20 C4 CE C1 D0 CE 20 CF CE C6 C0 CB CE C2 C0 D2 DC 21 00 D5 
08-11-17 at 16:44:27:955 Recived 06 02 02 1E 00 1C 
08-11-17 at 16:44:27:970 Send 06 
08-11-17 at 16:44:27:985 Send 05 
08-11-17 at 16:44:28:000 Recived 15 
08-11-17 at 16:44:28:000 Send 06 
08-11-17 at 16:44:28:015 Send 02 29 1E 1E 00 00 00 04 0D 00 01 20 20 20 20 20 20 20 20 CE CE CE 20 CA EE EC EF E0 ED E8 FF 20 27 CA CE CB CE D0 CB CE CD 27 00 CB 
08-11-17 at 16:44:28:033 Recived 06 02 02 1E 00 1C 
08-11-17 at 16:44:28:048 Send 06 
08-11-17 at 16:44:28:063 Send 05 
08-11-17 at 16:44:28:078 Recived 15 
08-11-17 at 16:44:28:078 Send 06 
08-11-17 at 16:44:28:093 Send 02 2D 1E 1E 00 00 00 04 0E 00 01 20 20 20 20 20 CC E0 E3 E0 E7 E8 ED 20 27 C2 F1 E5 20 F2 EE E2 E0 F0 FB 20 E4 EB FF 20 E4 EE EC E0 27 20 00 DE 
08-11-17 at 16:44:28:111 Recived 06 02 02 1E 00 1C 
08-11-17 at 16:44:28:126 Send 06 
08-11-17 at 16:44:28:147 now clear port error ...
08-11-17 at 16:44:28:147 now write to port ...
08-11-17 at 16:44:28:281 ... done
08-11-17 at 16:44:28:306 Send 05 
08-11-17 at 16:44:28:321 Recived 15 
08-11-17 at 16:44:28:321 Send 06 
08-11-17 at 16:44:28:336 Send 02 06 1A 1E 00 00 00 79 7B 
08-11-17 at 16:44:28:351 Recived 06 02 09 1A 00 1E 9C 18 00 00 00 00 89 
08-11-17 at 16:44:28:366 Send 06 
08-11-17 at 16:44:30:504 Cardreader  Антонов Сергей 
08-11-17 at 16:44:30:519 Send 05 
08-11-17 at 16:44:30:534 Recived 15 
08-11-17 at 16:44:30:534 Send 06 
08-11-17 at 16:44:30:549 Send 02 20 1E 1E 00 00 00 02 1E 00 02 CA E0 F1 F1 E8 F0 20 C0 ED F2 EE ED EE E2 20 D1 E5 F0 E3 E5 E9 20 00 D7 
08-11-17 at 16:44:30:567 Recived 06 02 02 1E 00 1C 
08-11-17 at 16:44:30:582 Send 06 
08-11-17 at 16:44:30:584 now clear port error ...
08-11-17 at 16:44:30:584 now write to port ...
08-11-17 at 16:44:30:717 ... done
08-11-17 at 16:44:31:512 Send 05 
08-11-17 at 16:44:31:527 Recived 15 
08-11-17 at 16:44:31:527 Send 06 
08-11-17 at 16:44:31:542 Send 02 06 FF 39 1E 00 00 00 DE 
08-11-17 at 16:44:31:557 Recived 06 02 10 FF 39 00 00 00 00 00 00 00 00 00 00 00 00 00 00 D6 
08-11-17 at 16:44:31:572 Send 06 
08-11-17 at 16:46:24:965 total calculated
08-11-17 at 16:46:24:965 now show on display
08-11-17 at 16:46:24:965                     Всего:       3810.00
08-11-17 at 16:46:24:965 now clear port error ...
08-11-17 at 16:46:24:965 now write to port ...
08-11-17 at 16:46:25:099 ... done
08-11-17 at 16:46:25:100 total calculated
08-11-17 at 16:46:25:100 now show on display
08-11-17 at 16:46:25:101                     Всего:       3810.00
08-11-17 at 16:46:25:101 now clear port error ...
08-11-17 at 16:46:25:101 now write to port ...
08-11-17 at 16:46:25:271 ... done
08-11-17 at 16:46:25:272 111
08-11-17 at 16:46:25:273 Выход из программы
08-11-17 at 16:46:27:333 Запуск программы. Инициализация считана из файла
08-11-17 at 16:46:27:333 Чек загружен.
08-11-17 at 16:46:27:333 Платежи по картам восстановлены
08-11-17 at 16:46:27:334 total calculated
08-11-17 at 16:46:27:334 now show on display
08-11-17 at 16:46:27:334                     Всего:       3810.00
08-11-17 at 16:46:27:334 now open port for display
08-11-17 at 16:46:27:335 Com port opened
08-11-17 at 16:46:27:335 now clear port error ...
08-11-17 at 16:46:27:336 now write to port ...
08-11-17 at 16:46:27:469 ... done
08-11-17 at 16:46:27:469 Чек сжат
08-11-17 at 16:46:27:470 Сумма чека посчитана
08-11-17 at 16:46:27:470 Кардридер создан
08-11-17 at 16:46:27:471 Задание запуска модулей создано
08-11-17 at 16:46:27:471 Сканер создан
08-11-17 at 16:46:27:471 Регистратор создан
08-11-17 at 16:46:27:472 Часы созданы
08-11-17 at 16:46:27:472 Регистратор запущен
08-11-17 at 16:46:27:473 Сканер запущен
08-11-17 at 16:46:27:473 Часы запущены
08-11-17 at 16:46:27:473 Кардридер запущен
08-11-17 at 16:46:27:475 Передача данных запущена
08-11-17 at 16:46:27:475 Вход в FRInit
08-11-17 at 16:46:27:475 Вход в GetStatus
08-11-17 at 16:46:27:488 Send 05 
08-11-17 at 16:46:27:503 Recived 15 
08-11-17 at 16:46:27:503 Send 06 
08-11-17 at 16:46:27:518 Send 02 05 11 1E 00 00 00 0A 
08-11-17 at 16:46:27:533 Recived 06 02 30 11 00 1E 43 31 6C 9E 0E 07 11 01 3A 00 B2 02 02 00 00 4E 41 00 00 01 01 10 08 0B 11 10 2E 1E 00 2E 5D 00 00 5D 00 00 00 00 00 D2 E9 1E 42 01 00 4B 
08-11-17 at 16:46:27:548 Send 06 
08-11-17 at 16:46:27:555 KKMStatus 0000
08-11-17 at 16:46:27:563 Send 05 
08-11-17 at 16:46:27:578 Recived 15 
08-11-17 at 16:46:27:578 Send 06 
08-11-17 at 16:46:27:593 Send 02 05 11 1E 00 00 00 0A 
08-11-17 at 16:46:27:608 Recived 06 02 30 11 00 1E 43 31 6C 9E 0E 07 11 01 3A 00 B2 02 02 00 00 4E 41 00 00 01 01 10 08 0B 11 10 2E 1E 00 2E 5D 00 00 5D 00 00 00 00 00 D2 E9 1E 42 01 00 4B 
08-11-17 at 16:46:27:623 Send 06 
08-11-17 at 16:46:27:625 KKMStatus 0200
08-11-17 at 16:46:27:625 Номер ФР считан
08-11-17 at 16:46:27:746 СУБД подключена
08-11-17 at 16:46:27:763 Send 05 
08-11-17 at 16:46:27:778 Recived 15 
08-11-17 at 16:46:27:778 Send 06 
08-11-17 at 16:46:27:793 Send 02 0A 1E 1E 00 00 00 01 01 00 01 01 0A 
08-11-17 at 16:46:27:808 Recived 06 02 02 1E 00 1C 
08-11-17 at 16:46:27:823 Send 06 
08-11-17 at 16:46:27:838 Send 05 
08-11-17 at 16:46:27:853 Recived 15 
08-11-17 at 16:46:27:853 Send 06 
08-11-17 at 16:46:27:868 Send 02 0A 1E 1E 00 00 00 01 01 00 05 02 0D 
08-11-17 at 16:46:27:883 Recived 06 02 02 1E 00 1C 
08-11-17 at 16:46:27:898 Send 06 
08-11-17 at 16:46:27:913 Send 05 
08-11-17 at 16:46:27:928 Recived 15 
08-11-17 at 16:46:27:928 Send 06 
08-11-17 at 16:46:27:943 Send 02 0A 1E 1E 00 00 00 01 01 00 23 01 28 
08-11-17 at 16:46:27:958 Recived 06 02 02 1E 00 1C 
08-11-17 at 16:46:27:973 Send 06 
08-11-17 at 16:46:27:988 Send 05 
08-11-17 at 16:46:28:003 Recived 15 
08-11-17 at 16:46:28:003 Send 06 
08-11-17 at 16:46:28:018 Send 02 0A 1E 1E 00 00 00 01 01 00 06 00 0C 
08-11-17 at 16:46:28:033 Recived 06 02 02 1E 00 1C 
08-11-17 at 16:46:28:048 Send 06 
08-11-17 at 16:46:28:063 Send 05 
08-11-17 at 16:46:28:078 Recived 15 
08-11-17 at 16:46:28:078 Send 06 
08-11-17 at 16:46:28:093 Send 02 0A 1E 1E 00 00 00 01 01 00 07 01 0C 
08-11-17 at 16:46:28:108 Recived 06 02 02 1E 00 1C 
08-11-17 at 16:46:28:123 Send 06 
08-11-17 at 16:46:28:138 Send 05 
08-11-17 at 16:46:28:153 Recived 15 
08-11-17 at 16:46:28:153 Send 06 
08-11-17 at 16:46:28:168 Send 02 0A 1E 1E 00 00 00 01 01 00 14 01 1F 
08-11-17 at 16:46:28:183 Recived 06 02 02 1E 00 1C 
08-11-17 at 16:46:28:198 Send 06 
08-11-17 at 16:46:28:213 Send 05 
08-11-17 at 16:46:28:228 Recived 15 
08-11-17 at 16:46:28:228 Send 06 
08-11-17 at 16:46:28:243 Send 02 0A 1E 1E 00 00 00 01 01 00 15 01 1E 
08-11-17 at 16:46:28:258 Recived 06 02 02 1E 00 1C 
08-11-17 at 16:46:28:273 Send 06 
08-11-17 at 16:46:28:288 Send 05 
08-11-17 at 16:46:28:303 Recived 15 
08-11-17 at 16:46:28:303 Send 06 
08-11-17 at 16:46:28:318 Send 02 0A 1E 1E 00 00 00 01 01 00 0F 00 05 
08-11-17 at 16:46:28:333 Recived 06 02 02 1E 00 1C 
08-11-17 at 16:46:28:348 Send 06 
08-11-17 at 16:46:28:363 Send 05 
08-11-17 at 16:46:28:378 Recived 15 
08-11-17 at 16:46:28:378 Send 06 
08-11-17 at 16:46:28:393 Send 02 0A 1E 1E 00 00 00 01 01 00 11 00 1B 
08-11-17 at 16:46:28:408 Recived 06 02 02 1E 00 1C 
08-11-17 at 16:46:28:423 Send 06 
08-11-17 at 16:46:28:438 Send 05 
08-11-17 at 16:46:28:453 Recived 15 
08-11-17 at 16:46:28:453 Send 06 
08-11-17 at 16:46:28:468 Send 02 0A 1E 1E 00 00 00 11 01 00 03 02 1B 
08-11-17 at 16:46:28:483 Recived 06 02 02 1E 00 1C 
08-11-17 at 16:46:28:498 Send 06 
08-11-17 at 16:46:28:513 Send 05 
08-11-17 at 16:46:28:528 Recived 15 
08-11-17 at 16:46:28:528 Send 06 
08-11-17 at 16:46:28:543 Send 02 0A 1E 1E 00 00 00 01 01 00 29 01 22 
08-11-17 at 16:46:28:558 Recived 06 02 02 1E 00 1C 
08-11-17 at 16:46:28:573 Send 06 
08-11-17 at 16:46:28:588 Send 05 
08-11-17 at 16:46:28:603 Recived 15 
08-11-17 at 16:46:28:603 Send 06 
08-11-17 at 16:46:28:618 Send 02 26 1E 1E 00 00 00 04 0C 00 01 20 20 20 20 20 20 20 20 20 20 20 C4 CE C1 D0 CE 20 CF CE C6 C0 CB CE C2 C0 D2 DC 21 00 D5 
08-11-17 at 16:46:28:636 Recived 06 02 02 1E 00 1C 
08-11-17 at 16:46:28:651 Send 06 
08-11-17 at 16:46:28:666 Send 05 
08-11-17 at 16:46:28:681 Recived 15 
08-11-17 at 16:46:28:681 Send 06 
08-11-17 at 16:46:28:696 Send 02 29 1E 1E 00 00 00 04 0D 00 01 20 20 20 20 20 20 20 20 CE CE CE 20 CA EE EC EF E0 ED E8 FF 20 27 CA CE CB CE D0 CB CE CD 27 00 CB 
08-11-17 at 16:46:28:714 Recived 06 02 02 1E 00 1C 
08-11-17 at 16:46:28:729 Send 06 
08-11-17 at 16:46:28:744 Send 05 
08-11-17 at 16:46:28:759 Recived 15 
08-11-17 at 16:46:28:759 Send 06 
08-11-17 at 16:46:28:774 Send 02 2D 1E 1E 00 00 00 04 0E 00 01 20 20 20 20 20 CC E0 E3 E0 E7 E8 ED 20 27 C2 F1 E5 20 F2 EE E2 E0 F0 FB 20 E4 EB FF 20 E4 EE EC E0 27 20 00 DE 
08-11-17 at 16:46:28:792 Recived 06 02 02 1E 00 1C 
08-11-17 at 16:46:28:807 Send 06 
08-11-17 at 16:46:28:829 now clear port error ...
08-11-17 at 16:46:28:829 now write to port ...
08-11-17 at 16:46:28:963 ... done
08-11-17 at 16:46:28:987 Send 05 
08-11-17 at 16:46:29:002 Recived 15 
08-11-17 at 16:46:29:002 Send 06 
08-11-17 at 16:46:29:017 Send 02 06 1A 1E 00 00 00 79 7B 
08-11-17 at 16:46:29:032 Recived 06 02 09 1A 00 1E 9C 18 00 00 00 00 89 
08-11-17 at 16:46:29:047 Send 06 
08-11-17 at 16:46:31:183 Cardreader  Антонов Сергей 
08-11-17 at 16:46:31:184 Send 05 
08-11-17 at 16:46:31:199 Recived 15 
08-11-17 at 16:46:31:199 Send 06 
08-11-17 at 16:46:31:214 Send 02 20 1E 1E 00 00 00 02 1E 00 02 CA E0 F1 F1 E8 F0 20 C0 ED F2 EE ED EE E2 20 D1 E5 F0 E3 E5 E9 20 00 D7 
08-11-17 at 16:46:31:232 Recived 06 02 02 1E 00 1C 
08-11-17 at 16:46:31:247 Send 06 
08-11-17 at 16:46:31:253 now clear port error ...
08-11-17 at 16:46:31:253 now write to port ...
08-11-17 at 16:46:31:386 ... done
08-11-17 at 16:46:32:192 Send 05 
08-11-17 at 16:46:32:207 Recived 15 
08-11-17 at 16:46:32:207 Send 06 
08-11-17 at 16:46:32:222 Send 02 06 FF 39 1E 00 00 00 DE 
08-11-17 at 16:46:32:237 Recived 06 02 10 FF 39 00 00 00 00 00 00 00 00 00 00 00 00 00 00 D6 
08-11-17 at 16:46:32:252 Send 06 
08-11-17 at 16:47:15:905  Нажата клавиша F10.
08-11-17 at 16:47:15:905 114
08-11-17 at 16:47:15:905 014
08-11-17 at 16:47:15:905 115
08-11-17 at 16:47:15:905 015
08-11-17 at 16:47:15:906 total calculated
08-11-17 at 16:47:15:907 now show on display
08-11-17 at 16:47:15:907                     Всего:       3810.00
08-11-17 at 16:47:15:907 now clear port error ...
08-11-17 at 16:47:15:907 now write to port ...
08-11-17 at 16:47:16:041 ... done
08-11-17 at 16:47:16:116 now clear port error ...
08-11-17 at 16:47:16:116 now write to port ...
08-11-17 at 16:47:16:250 ... done
08-11-17 at 16:47:17:101 116
08-11-17 at 16:47:17:101 016
08-11-17 at 16:47:17:101 Попытка очистки таблицы
08-11-17 at 16:47:17:101 Попытка очистки успешна
08-11-17 at 16:47:17:303 114
08-11-17 at 16:47:17:304 014
08-11-17 at 16:47:17:304 Попытка очистки таблицы
08-11-17 at 16:47:17:304 Попытка очистки успешна
08-11-17 at 16:47:17:464 114
08-11-17 at 16:47:17:465 014
08-11-17 at 16:47:17:465 Попытка очистки таблицы
08-11-17 at 16:47:17:465 Попытка очистки успешна
08-11-17 at 16:47:18:265 total calculated
08-11-17 at 16:47:18:266 now show on display
08-11-17 at 16:47:18:266                     Всего:       3810.00
08-11-17 at 16:47:18:266 now clear port error ...
08-11-17 at 16:47:18:266 now write to port ...
08-11-17 at 16:47:18:400 ... done
08-11-17 at 16:47:18:401 total calculated
08-11-17 at 16:47:18:401 now show on display
08-11-17 at 16:47:18:401                     Всего:       3810.00
08-11-17 at 16:47:18:402 now clear port error ...
08-11-17 at 16:47:18:402 now write to port ...
08-11-17 at 16:47:18:572 ... done
08-11-17 at 16:47:18:573 111
08-11-17 at 16:47:18:574 Выход из программы
08-11-17 at 16:47:20:531 Запуск программы. Инициализация считана из файла
08-11-17 at 16:47:20:531 Чек загружен.
08-11-17 at 16:47:20:531 Платежи по картам восстановлены
08-11-17 at 16:47:20:532 total calculated
08-11-17 at 16:47:20:532 now show on display
08-11-17 at 16:47:20:532                     Всего:       3810.00
08-11-17 at 16:47:20:532 now open port for display
08-11-17 at 16:47:20:533 Com port opened
08-11-17 at 16:47:20:533 now clear port error ...
08-11-17 at 16:47:20:533 now write to port ...
08-11-17 at 16:47:20:667 ... done
08-11-17 at 16:47:20:667 Чек сжат
08-11-17 at 16:47:20:667 Сумма чека посчитана
08-11-17 at 16:47:20:668 Кардридер создан
08-11-17 at 16:47:20:669 Задание запуска модулей создано
08-11-17 at 16:47:20:669 Сканер создан
08-11-17 at 16:47:20:669 Регистратор создан
08-11-17 at 16:47:20:670 Часы созданы
08-11-17 at 16:47:20:670 Регистратор запущен
08-11-17 at 16:47:20:671 Сканер запущен
08-11-17 at 16:47:20:671 Часы запущены
08-11-17 at 16:47:20:671 Кардридер запущен
08-11-17 at 16:47:20:672 Передача данных запущена
08-11-17 at 16:47:20:672 Вход в FRInit
08-11-17 at 16:47:20:673 Вход в GetStatus
08-11-17 at 16:47:20:687 Send 05 
08-11-17 at 16:47:20:702 Recived 15 
08-11-17 at 16:47:20:702 Send 06 
08-11-17 at 16:47:20:717 Send 02 05 11 1E 00 00 00 0A 
08-11-17 at 16:47:20:732 Recived 06 02 30 11 00 1E 43 31 6C 9E 0E 07 11 01 3A 00 B2 02 02 00 00 4E 41 00 00 01 01 10 08 0B 11 10 2F 17 00 2E 5D 00 00 5D 00 00 00 00 00 D2 E9 1E 42 01 00 43 
08-11-17 at 16:47:20:747 Send 06 
08-11-17 at 16:47:20:757 KKMStatus 0000
08-11-17 at 16:47:20:762 Send 05 
08-11-17 at 16:47:20:777 Recived 15 
08-11-17 at 16:47:20:777 Send 06 
08-11-17 at 16:47:20:792 Send 02 05 11 1E 00 00 00 0A 
08-11-17 at 16:47:20:807 Recived 06 02 30 11 00 1E 43 31 6C 9E 0E 07 11 01 3A 00 B2 02 02 00 00 4E 41 00 00 01 01 10 08 0B 11 10 2F 17 00 2E 5D 00 00 5D 00 00 00 00 00 D2 E9 1E 42 01 00 43 
08-11-17 at 16:47:20:822 Send 06 
08-11-17 at 16:47:20:827 KKMStatus 0200
08-11-17 at 16:47:20:827 Номер ФР считан
08-11-17 at 16:47:20:950 СУБД подключена
08-11-17 at 16:47:20:967 Send 05 
08-11-17 at 16:47:20:982 Recived 15 
08-11-17 at 16:47:20:982 Send 06 
08-11-17 at 16:47:20:997 Send 02 0A 1E 1E 00 00 00 01 01 00 01 01 0A 
08-11-17 at 16:47:21:012 Recived 06 02 02 1E 00 1C 
08-11-17 at 16:47:21:027 Send 06 
08-11-17 at 16:47:21:042 Send 05 
08-11-17 at 16:47:21:057 Recived 15 
08-11-17 at 16:47:21:057 Send 06 
08-11-17 at 16:47:21:072 Send 02 0A 1E 1E 00 00 00 01 01 00 05 02 0D 
08-11-17 at 16:47:21:087 Recived 06 02 02 1E 00 1C 
08-11-17 at 16:47:21:102 Send 06 
08-11-17 at 16:47:21:117 Send 05 
08-11-17 at 16:47:21:132 Recived 15 
08-11-17 at 16:47:21:132 Send 06 
08-11-17 at 16:47:21:147 Send 02 0A 1E 1E 00 00 00 01 01 00 23 01 28 
08-11-17 at 16:47:21:162 Recived 06 02 02 1E 00 1C 
08-11-17 at 16:47:21:177 Send 06 
08-11-17 at 16:47:21:192 Send 05 
08-11-17 at 16:47:21:207 Recived 15 
08-11-17 at 16:47:21:207 Send 06 
08-11-17 at 16:47:21:222 Send 02 0A 1E 1E 00 00 00 01 01 00 06 00 0C 
08-11-17 at 16:47:21:237 Recived 06 02 02 1E 00 1C 
08-11-17 at 16:47:21:252 Send 06 
08-11-17 at 16:47:21:267 Send 05 
08-11-17 at 16:47:21:282 Recived 15 
08-11-17 at 16:47:21:282 Send 06 
08-11-17 at 16:47:21:297 Send 02 0A 1E 1E 00 00 00 01 01 00 07 01 0C 
08-11-17 at 16:47:21:312 Recived 06 02 02 1E 00 1C 
08-11-17 at 16:47:21:327 Send 06 
08-11-17 at 16:47:21:342 Send 05 
08-11-17 at 16:47:21:357 Recived 15 
08-11-17 at 16:47:21:357 Send 06 
08-11-17 at 16:47:21:372 Send 02 0A 1E 1E 00 00 00 01 01 00 14 01 1F 
08-11-17 at 16:47:21:387 Recived 06 02 02 1E 00 1C 
08-11-17 at 16:47:21:402 Send 06 
08-11-17 at 16:47:21:417 Send 05 
08-11-17 at 16:47:21:432 Recived 15 
08-11-17 at 16:47:21:432 Send 06 
08-11-17 at 16:47:21:447 Send 02 0A 1E 1E 00 00 00 01 01 00 15 01 1E 
08-11-17 at 16:47:21:462 Recived 06 02 02 1E 00 1C 
08-11-17 at 16:47:21:477 Send 06 
08-11-17 at 16:47:21:492 Send 05 
08-11-17 at 16:47:21:507 Recived 15 
08-11-17 at 16:47:21:507 Send 06 
08-11-17 at 16:47:21:522 Send 02 0A 1E 1E 00 00 00 01 01 00 0F 00 05 
08-11-17 at 16:47:21:537 Recived 06 02 02 1E 00 1C 
08-11-17 at 16:47:21:552 Send 06 
08-11-17 at 16:47:21:567 Send 05 
08-11-17 at 16:47:21:582 Recived 15 
08-11-17 at 16:47:21:582 Send 06 
08-11-17 at 16:47:21:597 Send 02 0A 1E 1E 00 00 00 01 01 00 11 00 1B 
08-11-17 at 16:47:21:612 Recived 06 02 02 1E 00 1C 
08-11-17 at 16:47:21:627 Send 06 
08-11-17 at 16:47:21:642 Send 05 
08-11-17 at 16:47:21:657 Recived 15 
08-11-17 at 16:47:21:657 Send 06 
08-11-17 at 16:47:21:672 Send 02 0A 1E 1E 00 00 00 11 01 00 03 02 1B 
08-11-17 at 16:47:21:687 Recived 06 02 02 1E 00 1C 
08-11-17 at 16:47:21:702 Send 06 
08-11-17 at 16:47:21:717 Send 05 
08-11-17 at 16:47:21:732 Recived 15 
08-11-17 at 16:47:21:732 Send 06 
08-11-17 at 16:47:21:747 Send 02 0A 1E 1E 00 00 00 01 01 00 29 01 22 
08-11-17 at 16:47:21:762 Recived 06 02 02 1E 00 1C 
08-11-17 at 16:47:21:777 Send 06 
08-11-17 at 16:47:21:792 Send 05 
08-11-17 at 16:47:21:807 Recived 15 
08-11-17 at 16:47:21:807 Send 06 
08-11-17 at 16:47:21:822 Send 02 26 1E 1E 00 00 00 04 0C 00 01 20 20 20 20 20 20 20 20 20 20 20 C4 CE C1 D0 CE 20 CF CE C6 C0 CB CE C2 C0 D2 DC 21 00 D5 
08-11-17 at 16:47:21:840 Recived 06 02 02 1E 00 1C 
08-11-17 at 16:47:21:855 Send 06 
08-11-17 at 16:47:21:870 Send 05 
08-11-17 at 16:47:21:885 Recived 15 
08-11-17 at 16:47:21:885 Send 06 
08-11-17 at 16:47:21:900 Send 02 29 1E 1E 00 00 00 04 0D 00 01 20 20 20 20 20 20 20 20 CE CE CE 20 CA EE EC EF E0 ED E8 FF 20 27 CA CE CB CE D0 CB CE CD 27 00 CB 
08-11-17 at 16:47:21:918 Recived 06 02 02 1E 00 1C 
08-11-17 at 16:47:21:933 Send 06 
08-11-17 at 16:47:21:948 Send 05 
08-11-17 at 16:47:21:963 Recived 15 
08-11-17 at 16:47:21:963 Send 06 
08-11-17 at 16:47:21:978 Send 02 2D 1E 1E 00 00 00 04 0E 00 01 20 20 20 20 20 CC E0 E3 E0 E7 E8 ED 20 27 C2 F1 E5 20 F2 EE E2 E0 F0 FB 20 E4 EB FF 20 E4 EE EC E0 27 20 00 DE 
08-11-17 at 16:47:21:996 Recived 06 02 02 1E 00 1C 
08-11-17 at 16:47:22:011 Send 06 
08-11-17 at 16:47:22:032 now clear port error ...
08-11-17 at 16:47:22:033 now write to port ...
08-11-17 at 16:47:22:166 ... done
08-11-17 at 16:47:22:191 Send 05 
08-11-17 at 16:47:22:206 Recived 15 
08-11-17 at 16:47:22:206 Send 06 
08-11-17 at 16:47:22:221 Send 02 06 1A 1E 00 00 00 79 7B 
08-11-17 at 16:47:22:236 Recived 06 02 09 1A 00 1E 9C 18 00 00 00 00 89 
08-11-17 at 16:47:22:251 Send 06 
08-11-17 at 16:47:24:376 Cardreader  Антонов Сергей 
08-11-17 at 16:47:24:384 Send 05 
08-11-17 at 16:47:24:399 Recived 15 
08-11-17 at 16:47:24:401 Send 06 
08-11-17 at 16:47:24:416 Send 02 20 1E 1E 00 00 00 02 1E 00 02 CA E0 F1 F1 E8 F0 20 C0 ED F2 EE ED EE E2 20 D1 E5 F0 E3 E5 E9 20 00 D7 
08-11-17 at 16:47:24:434 Recived 06 02 02 1E 00 1C 
08-11-17 at 16:47:24:449 Send 06 
08-11-17 at 16:47:24:456 now clear port error ...
08-11-17 at 16:47:24:456 now write to port ...
08-11-17 at 16:47:24:589 ... done
08-11-17 at 16:47:25:379 Send 05 
08-11-17 at 16:47:25:394 Recived 15 
08-11-17 at 16:47:25:394 Send 06 
08-11-17 at 16:47:25:409 Send 02 06 FF 39 1E 00 00 00 DE 
08-11-17 at 16:47:25:424 Recived 06 02 10 FF 39 00 00 00 00 00 00 00 00 00 00 00 00 00 00 D6 
08-11-17 at 16:47:25:439 Send 06 
08-11-17 at 16:47:26:112  Нажата клавиша F10.
08-11-17 at 16:47:26:112 114
08-11-17 at 16:47:26:113 014
08-11-17 at 16:47:26:113 115
08-11-17 at 16:47:26:113 015
08-11-17 at 16:47:26:114 total calculated
08-11-17 at 16:47:26:114 now show on display
08-11-17 at 16:47:26:115                     Всего:       3810.00
08-11-17 at 16:47:26:115 now clear port error ...
08-11-17 at 16:47:26:115 now write to port ...
08-11-17 at 16:47:26:249 ... done
08-11-17 at 16:47:26:268 now clear port error ...
08-11-17 at 16:47:26:268 now write to port ...
08-11-17 at 16:47:26:420 ... done
08-11-17 at 16:49:26:579 Send 05 
08-11-17 at 16:49:26:594 Recived 15 
08-11-17 at 16:49:26:594 Send 06 
08-11-17 at 16:49:26:609 Send 02 06 FF 39 1E 00 00 00 DE 
08-11-17 at 16:49:26:624 Recived 06 02 10 FF 39 00 00 00 00 00 00 00 00 00 00 00 00 00 00 D6 
08-11-17 at 16:49:26:639 Send 06 
08-11-17 at 16:51:27:779 Send 05 
08-11-17 at 16:51:27:794 Recived 15 
08-11-17 at 16:51:27:794 Send 06 
08-11-17 at 16:51:27:809 Send 02 06 FF 39 1E 00 00 00 DE 
08-11-17 at 16:51:27:824 Recived 06 02 10 FF 39 00 00 00 00 00 00 00 00 00 00 00 00 00 00 D6 
08-11-17 at 16:51:27:839 Send 06 
08-11-17 at 16:53:28:979 Send 05 
08-11-17 at 16:53:28:994 Recived 15 
08-11-17 at 16:53:28:994 Send 06 
08-11-17 at 16:53:29:009 Send 02 06 FF 39 1E 00 00 00 DE 
08-11-17 at 16:53:29:024 Recived 06 02 10 FF 39 00 00 00 00 00 00 00 00 00 00 00 00 00 00 D6 
08-11-17 at 16:53:29:039 Send 06 
08-11-17 at 16:55:30:179 Send 05 
08-11-17 at 16:55:30:194 Recived 15 
08-11-17 at 16:55:30:194 Send 06 
08-11-17 at 16:55:30:209 Send 02 06 FF 39 1E 00 00 00 DE 
08-11-17 at 16:55:30:224 Recived 06 02 10 FF 39 00 00 00 00 00 00 00 00 00 00 00 00 00 00 D6 
08-11-17 at 16:55:30:239 Send 06 
08-11-17 at 16:57:31:379 Send 05 
08-11-17 at 16:57:31:394 Recived 15 
08-11-17 at 16:57:31:394 Send 06 
08-11-17 at 16:57:31:409 Send 02 06 FF 39 1E 00 00 00 DE 
08-11-17 at 16:57:31:424 Recived 06 02 10 FF 39 00 00 00 00 00 00 00 00 00 00 00 00 00 00 D6 
08-11-17 at 16:57:31:439 Send 06 
08-11-17 at 16:59:32:579 Send 05 
08-11-17 at 16:59:32:594 Recived 15 
08-11-17 at 16:59:32:594 Send 06 
08-11-17 at 16:59:32:609 Send 02 06 FF 39 1E 00 00 00 DE 
08-11-17 at 16:59:32:624 Recived 06 02 10 FF 39 00 00 00 00 00 00 00 00 00 00 00 00 00 00 D6 
08-11-17 at 16:59:32:639 Send 06 
08-11-17 at 17:01:33:779 Send 05 
08-11-17 at 17:01:33:794 Recived 15 
08-11-17 at 17:01:33:794 Send 06 
08-11-17 at 17:01:33:809 Send 02 06 FF 39 1E 00 00 00 DE 
08-11-17 at 17:01:33:824 Recived 06 02 10 FF 39 00 00 00 00 00 00 00 00 00 00 00 00 00 00 D6 
08-11-17 at 17:01:33:839 Send 06 
08-11-17 at 17:03:34:979 Send 05 
08-11-17 at 17:03:34:994 Recived 15 
08-11-17 at 17:03:34:994 Send 06 
08-11-17 at 17:03:35:009 Send 02 06 FF 39 1E 00 00 00 DE 
08-11-17 at 17:03:35:024 Recived 06 02 10 FF 39 00 00 00 00 00 00 00 00 00 00 00 00 00 00 D6 
08-11-17 at 17:03:35:039 Send 06 
08-11-17 at 17:05:36:179 Send 05 
08-11-17 at 17:05:36:194 Recived 15 
08-11-17 at 17:05:36:194 Send 06 
08-11-17 at 17:05:36:209 Send 02 06 FF 39 1E 00 00 00 DE 
08-11-17 at 17:05:36:224 Recived 06 02 10 FF 39 00 00 00 00 00 00 00 00 00 00 00 00 00 00 D6 
08-11-17 at 17:05:36:239 Send 06 
08-11-17 at 17:07:36:165 116
08-11-17 at 17:07:36:165 016
08-11-17 at 17:07:36:166 Попытка очистки таблицы
08-11-17 at 17:07:36:166 Попытка очистки успешна
08-11-17 at 17:07:37:058 total calculated
08-11-17 at 17:07:37:058 now show on display
08-11-17 at 17:07:37:059                     Всего:       3810.00
08-11-17 at 17:07:37:059 now clear port error ...
08-11-17 at 17:07:37:059 now write to port ...
08-11-17 at 17:07:37:193 ... done
08-11-17 at 17:07:37:194 total calculated
08-11-17 at 17:07:37:194 now show on display
08-11-17 at 17:07:37:194                     Всего:       3810.00
08-11-17 at 17:07:37:194 now clear port error ...
08-11-17 at 17:07:37:195 now write to port ...
08-11-17 at 17:07:37:364 ... done
08-11-17 at 17:07:37:367 111
08-11-17 at 17:07:37:367 Выход из программы
