21-12-17 at 00:00:49:474 Send 05 
21-12-17 at 00:00:49:490 Recived 15 
21-12-17 at 00:00:49:490 Send 06 
21-12-17 at 00:00:49:521 Send 02 06 FF 39 1E 00 00 00 DE 
21-12-17 at 00:00:49:536 Recived 06 02 10 FF 39 00 05 00 03 00 53 02 00 00 11 0C 14 09 2B AA 
21-12-17 at 00:00:49:568 Send 06 
21-12-17 at 00:02:54:165 Send 05 
21-12-17 at 00:02:54:180 Recived 15 
21-12-17 at 00:02:54:180 Send 06 
21-12-17 at 00:02:54:212 Send 02 06 FF 39 1E 00 00 00 DE 
21-12-17 at 00:02:54:227 Recived 06 02 10 FF 39 00 05 00 03 00 53 02 00 00 11 0C 14 09 2B AA 
21-12-17 at 00:02:54:258 Send 06 
21-12-17 at 00:04:58:856 Send 05 
21-12-17 at 00:04:58:871 Recived 15 
21-12-17 at 00:04:58:871 Send 06 
21-12-17 at 00:04:58:902 Send 02 06 FF 39 1E 00 00 00 DE 
21-12-17 at 00:04:58:918 Recived 06 02 10 FF 39 00 05 00 03 00 53 02 00 00 11 0C 14 09 2B AA 
21-12-17 at 00:04:58:949 Send 06 
21-12-17 at 00:07:03:546 Send 05 
21-12-17 at 00:07:03:562 Recived 15 
21-12-17 at 00:07:03:562 Send 06 
21-12-17 at 00:07:03:593 Send 02 06 FF 39 1E 00 00 00 DE 
21-12-17 at 00:07:03:609 Recived 06 02 10 FF 39 00 05 00 03 00 53 02 00 00 11 0C 14 09 2B AA 
21-12-17 at 00:07:03:640 Send 06 
21-12-17 at 00:09:08:237 Send 05 
21-12-17 at 00:09:08:253 Recived 15 
21-12-17 at 00:09:08:253 Send 06 
21-12-17 at 00:09:08:284 Send 02 06 FF 39 1E 00 00 00 DE 
21-12-17 at 00:09:08:300 Recived 06 02 10 FF 39 00 05 00 03 00 53 02 00 00 11 0C 14 09 2B AA 
21-12-17 at 00:09:08:315 Send 06 
21-12-17 at 00:11:12:912 Send 05 
21-12-17 at 00:11:12:928 Recived 15 
21-12-17 at 00:11:12:928 Send 06 
21-12-17 at 00:11:12:959 Send 02 06 FF 39 1E 00 00 00 DE 
21-12-17 at 00:11:12:975 Recived 06 02 10 FF 39 00 05 00 03 00 53 02 00 00 11 0C 14 09 2B AA 
21-12-17 at 00:11:13:006 Send 06 
21-12-17 at 00:13:17:603 Send 05 
21-12-17 at 00:13:17:619 Recived 15 
21-12-17 at 00:13:17:619 Send 06 
21-12-17 at 00:13:17:650 Send 02 06 FF 39 1E 00 00 00 DE 
21-12-17 at 00:13:17:666 Recived 06 02 10 FF 39 00 05 00 03 00 53 02 00 00 11 0C 14 09 2B AA 
21-12-17 at 00:13:17:697 Send 06 
21-12-17 at 00:15:22:294 Send 05 
21-12-17 at 00:15:22:310 Recived 15 
21-12-17 at 00:15:22:310 Send 06 
21-12-17 at 00:15:22:341 Send 02 06 FF 39 1E 00 00 00 DE 
21-12-17 at 00:15:22:356 Recived 06 02 10 FF 39 00 05 00 03 00 53 02 00 00 11 0C 14 09 2B AA 
21-12-17 at 00:15:22:388 Send 06 
21-12-17 at 00:17:26:985 Send 05 
21-12-17 at 00:17:27:000 Recived 15 
21-12-17 at 00:17:27:000 Send 06 
21-12-17 at 00:17:27:032 Send 02 06 FF 39 1E 00 00 00 DE 
21-12-17 at 00:17:27:047 Recived 06 02 10 FF 39 00 05 00 03 00 53 02 00 00 11 0C 14 09 2B AA 
21-12-17 at 00:17:27:078 Send 06 
21-12-17 at 00:19:31:676 Send 05 
21-12-17 at 00:19:31:691 Recived 15 
21-12-17 at 00:19:31:691 Send 06 
21-12-17 at 00:19:31:722 Send 02 06 FF 39 1E 00 00 00 DE 
21-12-17 at 00:19:31:738 Recived 06 02 10 FF 39 00 05 00 03 00 53 02 00 00 11 0C 14 09 2B AA 
21-12-17 at 00:19:31:769 Send 06 
21-12-17 at 00:21:36:366 Send 05 
21-12-17 at 00:21:36:382 Recived 15 
21-12-17 at 00:21:36:382 Send 06 
21-12-17 at 00:21:36:413 Send 02 06 FF 39 1E 00 00 00 DE 
21-12-17 at 00:21:36:429 Recived 06 02 10 FF 39 00 05 00 03 00 53 02 00 00 11 0C 14 09 2B AA 
21-12-17 at 00:21:36:460 Send 06 
21-12-17 at 00:23:41:057 Send 05 
21-12-17 at 00:23:41:073 Recived 15 
21-12-17 at 00:23:41:073 Send 06 
21-12-17 at 00:23:41:104 Send 02 06 FF 39 1E 00 00 00 DE 
21-12-17 at 00:23:41:120 Recived 06 02 10 FF 39 00 05 00 03 00 53 02 00 00 11 0C 14 09 2B AA 
21-12-17 at 00:23:41:151 Send 06 
21-12-17 at 00:25:45:748 Send 05 
21-12-17 at 00:25:45:764 Recived 15 
21-12-17 at 00:25:45:764 Send 06 
21-12-17 at 00:25:45:795 Send 02 06 FF 39 1E 00 00 00 DE 
21-12-17 at 00:25:45:810 Recived 06 02 10 FF 39 00 05 00 03 00 53 02 00 00 11 0C 14 09 2B AA 
21-12-17 at 00:25:45:842 Send 06 
21-12-17 at 00:27:50:439 Send 05 
21-12-17 at 00:27:50:454 Recived 15 
21-12-17 at 00:27:50:454 Send 06 
21-12-17 at 00:27:50:486 Send 02 06 FF 39 1E 00 00 00 DE 
21-12-17 at 00:27:50:501 Recived 06 02 10 FF 39 00 05 00 03 00 53 02 00 00 11 0C 14 09 2B AA 
21-12-17 at 00:27:50:532 Send 06 
21-12-17 at 00:29:55:130 Send 05 
21-12-17 at 00:29:55:145 Recived 15 
21-12-17 at 00:29:55:145 Send 06 
21-12-17 at 00:29:55:176 Send 02 06 FF 39 1E 00 00 00 DE 
21-12-17 at 00:29:55:192 Recived 06 02 10 FF 39 00 05 00 03 00 53 02 00 00 11 0C 14 09 2B AA 
21-12-17 at 00:29:55:223 Send 06 
21-12-17 at 00:31:59:820 Send 05 
21-12-17 at 00:31:59:836 Recived 15 
21-12-17 at 00:31:59:836 Send 06 
21-12-17 at 00:31:59:867 Send 02 06 FF 39 1E 00 00 00 DE 
21-12-17 at 00:31:59:883 Recived 06 02 10 FF 39 00 05 00 03 00 53 02 00 00 11 0C 14 09 2B AA 
21-12-17 at 00:31:59:914 Send 06 
21-12-17 at 00:34:04:511 Send 05 
21-12-17 at 00:34:04:527 Recived 15 
21-12-17 at 00:34:04:527 Send 06 
21-12-17 at 00:34:04:558 Send 02 06 FF 39 1E 00 00 00 DE 
21-12-17 at 00:34:04:574 Recived 06 02 10 FF 39 00 05 00 03 00 53 02 00 00 11 0C 14 09 2B AA 
21-12-17 at 00:34:04:605 Send 06 
21-12-17 at 00:36:09:202 Send 05 
21-12-17 at 00:36:09:218 Recived 15 
21-12-17 at 00:36:09:218 Send 06 
21-12-17 at 00:36:09:249 Send 02 06 FF 39 1E 00 00 00 DE 
21-12-17 at 00:36:09:264 Recived 06 02 10 FF 39 00 05 00 03 00 53 02 00 00 11 0C 14 09 2B AA 
21-12-17 at 00:36:09:296 Send 06 
21-12-17 at 00:38:13:893 Send 05 
21-12-17 at 00:38:13:908 Recived 15 
21-12-17 at 00:38:13:908 Send 06 
21-12-17 at 00:38:13:940 Send 02 06 FF 39 1E 00 00 00 DE 
21-12-17 at 00:38:13:955 Recived 06 02 10 FF 39 00 05 00 03 00 53 02 00 00 11 0C 14 09 2B AA 
21-12-17 at 00:38:13:986 Send 06 
21-12-17 at 00:40:18:584 Send 05 
21-12-17 at 00:40:18:599 Recived 15 
21-12-17 at 00:40:18:599 Send 06 
21-12-17 at 00:40:18:630 Send 02 06 FF 39 1E 00 00 00 DE 
21-12-17 at 00:40:18:646 Recived 06 02 10 FF 39 00 05 00 03 00 53 02 00 00 11 0C 14 09 2B AA 
21-12-17 at 00:40:18:677 Send 06 
21-12-17 at 00:42:23:274 Send 05 
21-12-17 at 00:42:23:290 Recived 15 
21-12-17 at 00:42:23:290 Send 06 
21-12-17 at 00:42:23:321 Send 02 06 FF 39 1E 00 00 00 DE 
21-12-17 at 00:42:23:337 Recived 06 02 10 FF 39 00 05 00 03 00 53 02 00 00 11 0C 14 09 2B AA 
21-12-17 at 00:42:23:368 Send 06 
21-12-17 at 00:44:27:965 Send 05 
21-12-17 at 00:44:27:981 Recived 15 
21-12-17 at 00:44:27:981 Send 06 
21-12-17 at 00:44:28:012 Send 02 06 FF 39 1E 00 00 00 DE 
21-12-17 at 00:44:28:028 Recived 06 02 10 FF 39 00 05 00 03 00 53 02 00 00 11 0C 14 09 2B AA 
21-12-17 at 00:44:28:059 Send 06 
21-12-17 at 00:46:32:656 Send 05 
21-12-17 at 00:46:32:672 Recived 15 
21-12-17 at 00:46:32:672 Send 06 
21-12-17 at 00:46:32:703 Send 02 06 FF 39 1E 00 00 00 DE 
21-12-17 at 00:46:32:718 Recived 06 02 10 FF 39 00 05 00 03 00 53 02 00 00 11 0C 14 09 2B AA 
21-12-17 at 00:46:32:750 Send 06 
21-12-17 at 00:48:37:347 Send 05 
21-12-17 at 00:48:37:362 Recived 15 
21-12-17 at 00:48:37:362 Send 06 
21-12-17 at 00:48:37:394 Send 02 06 FF 39 1E 00 00 00 DE 
21-12-17 at 00:48:37:409 Recived 06 02 10 FF 39 00 05 00 03 00 53 02 00 00 11 0C 14 09 2B AA 
21-12-17 at 00:48:37:440 Send 06 
21-12-17 at 00:50:42:038 Send 05 
21-12-17 at 00:50:42:053 Recived 15 
21-12-17 at 00:50:42:053 Send 06 
21-12-17 at 00:50:42:084 Send 02 06 FF 39 1E 00 00 00 DE 
21-12-17 at 00:50:42:100 Recived 06 02 10 FF 39 00 05 00 03 00 53 02 00 00 11 0C 14 09 2B AA 
21-12-17 at 00:50:42:131 Send 06 
21-12-17 at 00:52:46:728 Send 05 
21-12-17 at 00:52:46:744 Recived 15 
21-12-17 at 00:52:46:760 Send 06 
21-12-17 at 00:52:46:791 Send 02 06 FF 39 1E 00 00 00 DE 
21-12-17 at 00:52:46:806 Recived 06 02 10 FF 39 00 05 00 03 00 53 02 00 00 11 0C 14 09 2B AA 
21-12-17 at 00:52:46:838 Send 06 
21-12-17 at 00:54:51:435 Send 05 
21-12-17 at 00:54:51:450 Recived 15 
21-12-17 at 00:54:51:450 Send 06 
21-12-17 at 00:54:51:482 Send 02 06 FF 39 1E 00 00 00 DE 
21-12-17 at 00:54:51:497 Recived 06 02 10 FF 39 00 05 00 03 00 53 02 00 00 11 0C 14 09 2B AA 
21-12-17 at 00:54:51:528 Send 06 
21-12-17 at 00:56:56:126 Send 05 
21-12-17 at 00:56:56:141 Recived 15 
21-12-17 at 00:56:56:141 Send 06 
21-12-17 at 00:56:56:172 Send 02 06 FF 39 1E 00 00 00 DE 
21-12-17 at 00:56:56:188 Recived 06 02 10 FF 39 00 05 00 03 00 53 02 00 00 11 0C 14 09 2B AA 
21-12-17 at 00:56:56:219 Send 06 
21-12-17 at 00:59:00:816 Send 05 
21-12-17 at 00:59:00:832 Recived 15 
21-12-17 at 00:59:00:832 Send 06 
21-12-17 at 00:59:00:863 Send 02 06 FF 39 1E 00 00 00 DE 
21-12-17 at 00:59:00:879 Recived 06 02 10 FF 39 00 05 00 03 00 53 02 00 00 11 0C 14 09 2B AA 
21-12-17 at 00:59:00:910 Send 06 
21-12-17 at 01:01:05:507 Send 05 
21-12-17 at 01:01:05:523 Recived 15 
21-12-17 at 01:01:05:523 Send 06 
21-12-17 at 01:01:05:554 Send 02 06 FF 39 1E 00 00 00 DE 
21-12-17 at 01:01:05:570 Recived 06 02 10 FF 39 00 05 00 03 00 53 02 00 00 11 0C 14 09 2B AA 
21-12-17 at 01:01:05:601 Send 06 
21-12-17 at 01:03:10:198 Send 05 
21-12-17 at 01:03:10:214 Recived 15 
21-12-17 at 01:03:10:214 Send 06 
21-12-17 at 01:03:10:245 Send 02 06 FF 39 1E 00 00 00 DE 
21-12-17 at 01:03:10:260 Recived 06 02 10 FF 39 00 05 00 03 00 53 02 00 00 11 0C 14 09 2B AA 
21-12-17 at 01:03:10:292 Send 06 
21-12-17 at 01:05:14:889 Send 05 
21-12-17 at 01:05:14:904 Recived 15 
21-12-17 at 01:05:14:904 Send 06 
21-12-17 at 01:05:14:936 Send 02 06 FF 39 1E 00 00 00 DE 
21-12-17 at 01:05:14:951 Recived 06 02 10 FF 39 00 05 00 03 00 53 02 00 00 11 0C 14 09 2B AA 
21-12-17 at 01:05:14:982 Send 06 
21-12-17 at 01:07:19:580 Send 05 
21-12-17 at 01:07:19:595 Recived 15 
21-12-17 at 01:07:19:595 Send 06 
21-12-17 at 01:07:19:626 Send 02 06 FF 39 1E 00 00 00 DE 
21-12-17 at 01:07:19:642 Recived 06 02 10 FF 39 00 05 00 03 00 53 02 00 00 11 0C 14 09 2B AA 
21-12-17 at 01:07:19:673 Send 06 
21-12-17 at 01:09:24:270 Send 05 
21-12-17 at 01:09:24:286 Recived 15 
21-12-17 at 01:09:24:286 Send 06 
21-12-17 at 01:09:24:317 Send 02 06 FF 39 1E 00 00 00 DE 
21-12-17 at 01:09:24:333 Recived 06 02 10 FF 39 00 05 00 03 00 53 02 00 00 11 0C 14 09 2B AA 
21-12-17 at 01:09:24:364 Send 06 
21-12-17 at 01:11:28:961 Send 05 
21-12-17 at 01:11:28:977 Recived 15 
21-12-17 at 01:11:28:977 Send 06 
21-12-17 at 01:11:29:008 Send 02 06 FF 39 1E 00 00 00 DE 
21-12-17 at 01:11:29:024 Recived 06 02 10 FF 39 00 05 00 03 00 53 02 00 00 11 0C 14 09 2B AA 
21-12-17 at 01:11:29:055 Send 06 
21-12-17 at 01:13:33:652 Send 05 
21-12-17 at 01:13:33:668 Recived 15 
21-12-17 at 01:13:33:668 Send 06 
21-12-17 at 01:13:33:699 Send 02 06 FF 39 1E 00 00 00 DE 
21-12-17 at 01:13:33:714 Recived 06 02 10 FF 39 00 05 00 03 00 53 02 00 00 11 0C 14 09 2B AA 
21-12-17 at 01:13:33:746 Send 06 
21-12-17 at 01:15:38:343 Send 05 
21-12-17 at 01:15:38:358 Recived 15 
21-12-17 at 01:15:38:358 Send 06 
21-12-17 at 01:15:38:390 Send 02 06 FF 39 1E 00 00 00 DE 
21-12-17 at 01:15:38:405 Recived 06 02 10 FF 39 00 05 00 03 00 53 02 00 00 11 0C 14 09 2B AA 
21-12-17 at 01:15:38:421 Send 06 
21-12-17 at 01:17:43:018 Send 05 
21-12-17 at 01:17:43:034 Recived 15 
21-12-17 at 01:17:43:034 Send 06 
21-12-17 at 01:17:43:065 Send 02 06 FF 39 1E 00 00 00 DE 
21-12-17 at 01:17:43:080 Recived 06 02 10 FF 39 00 05 00 03 00 53 02 00 00 11 0C 14 09 2B AA 
21-12-17 at 01:17:43:112 Send 06 
21-12-17 at 01:19:47:709 Send 05 
21-12-17 at 01:19:47:724 Recived 15 
21-12-17 at 01:19:47:724 Send 06 
21-12-17 at 01:19:47:756 Send 02 06 FF 39 1E 00 00 00 DE 
21-12-17 at 01:19:47:771 Recived 06 02 10 FF 39 00 05 00 03 00 53 02 00 00 11 0C 14 09 2B AA 
21-12-17 at 01:19:47:802 Send 06 
21-12-17 at 01:21:52:400 Send 05 
21-12-17 at 01:21:52:415 Recived 15 
21-12-17 at 01:21:52:415 Send 06 
21-12-17 at 01:21:52:446 Send 02 06 FF 39 1E 00 00 00 DE 
21-12-17 at 01:21:52:462 Recived 06 02 10 FF 39 00 05 00 03 00 53 02 00 00 11 0C 14 09 2B AA 
21-12-17 at 01:21:52:478 Send 06 
21-12-17 at 01:23:57:075 Send 05 
21-12-17 at 01:23:57:090 Recived 15 
21-12-17 at 01:23:57:090 Send 06 
21-12-17 at 01:23:57:122 Send 02 06 FF 39 1E 00 00 00 DE 
21-12-17 at 01:23:57:137 Recived 06 02 10 FF 39 00 05 00 03 00 53 02 00 00 11 0C 14 09 2B AA 
21-12-17 at 01:23:57:168 Send 06 
21-12-17 at 01:26:01:766 Send 05 
21-12-17 at 01:26:01:781 Recived 15 
21-12-17 at 01:26:01:781 Send 06 
21-12-17 at 01:26:01:812 Send 02 06 FF 39 1E 00 00 00 DE 
21-12-17 at 01:26:01:828 Recived 06 02 10 FF 39 00 05 00 03 00 53 02 00 00 11 0C 14 09 2B AA 
21-12-17 at 01:26:01:859 Send 06 
21-12-17 at 01:28:06:456 Send 05 
21-12-17 at 01:28:06:472 Recived 15 
21-12-17 at 01:28:06:472 Send 06 
21-12-17 at 01:28:06:503 Send 02 06 FF 39 1E 00 00 00 DE 
21-12-17 at 01:28:06:519 Recived 06 02 10 FF 39 00 05 00 03 00 53 02 00 00 11 0C 14 09 2B AA 
21-12-17 at 01:28:06:550 Send 06 
21-12-17 at 01:30:11:147 Send 05 
21-12-17 at 01:30:11:163 Recived 15 
21-12-17 at 01:30:11:163 Send 06 
21-12-17 at 01:30:11:194 Send 02 06 FF 39 1E 00 00 00 DE 
21-12-17 at 01:30:11:210 Recived 06 02 10 FF 39 00 05 00 03 00 53 02 00 00 11 0C 14 09 2B AA 
21-12-17 at 01:30:11:241 Send 06 
21-12-17 at 01:32:15:838 Send 05 
21-12-17 at 01:32:15:854 Recived 15 
21-12-17 at 01:32:15:869 Send 06 
21-12-17 at 01:32:15:900 Send 02 06 FF 39 1E 00 00 00 DE 
21-12-17 at 01:32:15:916 Recived 06 02 10 FF 39 00 05 00 03 00 53 02 00 00 11 0C 14 09 2B AA 
21-12-17 at 01:32:15:947 Send 06 
21-12-17 at 01:34:20:544 Send 05 
21-12-17 at 01:34:20:560 Recived 15 
21-12-17 at 01:34:20:560 Send 06 
21-12-17 at 01:34:20:591 Send 02 06 FF 39 1E 00 00 00 DE 
21-12-17 at 01:34:20:607 Recived 06 02 10 FF 39 00 05 00 03 00 53 02 00 00 11 0C 14 09 2B AA 
21-12-17 at 01:34:20:638 Send 06 
21-12-17 at 01:36:25:235 Send 05 
21-12-17 at 01:36:25:251 Recived 15 
21-12-17 at 01:36:25:251 Send 06 
21-12-17 at 01:36:25:282 Send 02 06 FF 39 1E 00 00 00 DE 
21-12-17 at 01:36:25:298 Recived 06 02 10 FF 39 00 05 00 03 00 53 02 00 00 11 0C 14 09 2B AA 
21-12-17 at 01:36:25:329 Send 06 
21-12-17 at 01:38:29:926 Send 05 
21-12-17 at 01:38:29:942 Recived 15 
21-12-17 at 01:38:29:942 Send 06 
21-12-17 at 01:38:29:973 Send 02 06 FF 39 1E 00 00 00 DE 
21-12-17 at 01:38:29:988 Recived 06 02 10 FF 39 00 05 00 03 00 53 02 00 00 11 0C 14 09 2B AA 
21-12-17 at 01:38:30:020 Send 06 
21-12-17 at 01:40:34:617 Send 05 
21-12-17 at 01:40:34:632 Recived 15 
21-12-17 at 01:40:34:632 Send 06 
21-12-17 at 01:40:34:664 Send 02 06 FF 39 1E 00 00 00 DE 
21-12-17 at 01:40:34:679 Recived 06 02 10 FF 39 00 05 00 03 00 53 02 00 00 11 0C 14 09 2B AA 
21-12-17 at 01:40:34:710 Send 06 
21-12-17 at 01:42:39:308 Send 05 
21-12-17 at 01:42:39:323 Recived 15 
21-12-17 at 01:42:39:323 Send 06 
21-12-17 at 01:42:39:354 Send 02 06 FF 39 1E 00 00 00 DE 
21-12-17 at 01:42:39:370 Recived 06 02 10 FF 39 00 05 00 03 00 53 02 00 00 11 0C 14 09 2B AA 
21-12-17 at 01:42:39:401 Send 06 
21-12-17 at 01:44:43:998 Send 05 
21-12-17 at 01:44:44:014 Recived 15 
21-12-17 at 01:44:44:014 Send 06 
21-12-17 at 01:44:44:030 Send 02 06 FF 39 1E 00 00 00 DE 
21-12-17 at 01:44:44:045 Recived 06 02 10 FF 39 00 05 00 03 00 53 02 00 00 11 0C 14 09 2B AA 
21-12-17 at 01:44:44:076 Send 06 
21-12-17 at 01:46:48:674 Send 05 
21-12-17 at 01:46:48:689 Recived 15 
21-12-17 at 01:46:48:689 Send 06 
21-12-17 at 01:46:48:720 Send 02 06 FF 39 1E 00 00 00 DE 
21-12-17 at 01:46:48:736 Recived 06 02 10 FF 39 00 05 00 03 00 53 02 00 00 11 0C 14 09 2B AA 
21-12-17 at 01:46:48:767 Send 06 
21-12-17 at 01:48:53:364 Send 05 
21-12-17 at 01:48:53:380 Recived 15 
21-12-17 at 01:48:53:380 Send 06 
21-12-17 at 01:48:53:411 Send 02 06 FF 39 1E 00 00 00 DE 
21-12-17 at 01:48:53:427 Recived 06 02 10 FF 39 00 05 00 03 00 53 02 00 00 11 0C 14 09 2B AA 
21-12-17 at 01:48:53:458 Send 06 
21-12-17 at 01:50:58:055 Send 05 
21-12-17 at 01:50:58:071 Recived 15 
21-12-17 at 01:50:58:071 Send 06 
21-12-17 at 01:50:58:102 Send 02 06 FF 39 1E 00 00 00 DE 
21-12-17 at 01:50:58:118 Recived 06 02 10 FF 39 00 05 00 03 00 53 02 00 00 11 0C 14 09 2B AA 
21-12-17 at 01:50:58:133 Send 06 
21-12-17 at 01:53:02:730 Send 05 
21-12-17 at 01:53:02:746 Recived 15 
21-12-17 at 01:53:02:746 Send 06 
21-12-17 at 01:53:02:777 Send 02 06 FF 39 1E 00 00 00 DE 
21-12-17 at 01:53:02:793 Recived 06 02 10 FF 39 00 05 00 03 00 53 02 00 00 11 0C 14 09 2B AA 
21-12-17 at 01:53:02:824 Send 06 
21-12-17 at 01:55:07:421 Send 05 
21-12-17 at 01:55:07:437 Recived 15 
21-12-17 at 01:55:07:437 Send 06 
21-12-17 at 01:55:07:468 Send 02 06 FF 39 1E 00 00 00 DE 
21-12-17 at 01:55:07:484 Recived 06 02 10 FF 39 00 05 00 03 00 53 02 00 00 11 0C 14 09 2B AA 
21-12-17 at 01:55:07:515 Send 06 
21-12-17 at 01:57:12:112 Send 05 
21-12-17 at 01:57:12:128 Recived 15 
21-12-17 at 01:57:12:128 Send 06 
21-12-17 at 01:57:12:159 Send 02 06 FF 39 1E 00 00 00 DE 
21-12-17 at 01:57:12:174 Recived 06 02 10 FF 39 00 05 00 03 00 53 02 00 00 11 0C 14 09 2B AA 
21-12-17 at 01:57:12:206 Send 06 
21-12-17 at 01:59:16:803 Send 05 
21-12-17 at 01:59:16:818 Recived 15 
21-12-17 at 01:59:16:818 Send 06 
21-12-17 at 01:59:16:850 Send 02 06 FF 39 1E 00 00 00 DE 
21-12-17 at 01:59:16:865 Recived 06 02 10 FF 39 00 05 00 03 00 53 02 00 00 11 0C 14 09 2B AA 
21-12-17 at 01:59:16:896 Send 06 
21-12-17 at 02:01:21:494 Send 05 
21-12-17 at 02:01:21:509 Recived 15 
21-12-17 at 02:01:21:509 Send 06 
21-12-17 at 02:01:21:540 Send 02 06 FF 39 1E 00 00 00 DE 
21-12-17 at 02:01:21:556 Recived 06 02 10 FF 39 00 05 00 03 00 53 02 00 00 11 0C 14 09 2B AA 
21-12-17 at 02:01:21:587 Send 06 
21-12-17 at 02:03:26:184 Send 05 
21-12-17 at 02:03:26:200 Recived 15 
21-12-17 at 02:03:26:200 Send 06 
21-12-17 at 02:03:26:231 Send 02 06 FF 39 1E 00 00 00 DE 
21-12-17 at 02:03:26:247 Recived 06 02 10 FF 39 00 05 00 03 00 53 02 00 00 11 0C 14 09 2B AA 
21-12-17 at 02:03:26:278 Send 06 
21-12-17 at 02:05:30:875 Send 05 
21-12-17 at 02:05:30:891 Recived 15 
21-12-17 at 02:05:30:891 Send 06 
21-12-17 at 02:05:30:922 Send 02 06 FF 39 1E 00 00 00 DE 
21-12-17 at 02:05:30:938 Recived 06 02 10 FF 39 00 05 00 03 00 53 02 00 00 11 0C 14 09 2B AA 
21-12-17 at 02:05:30:969 Send 06 
21-12-17 at 02:07:35:566 Send 05 
21-12-17 at 02:07:35:582 Recived 15 
21-12-17 at 02:07:35:582 Send 06 
21-12-17 at 02:07:35:613 Send 02 06 FF 39 1E 00 00 00 DE 
21-12-17 at 02:07:35:628 Recived 06 02 10 FF 39 00 05 00 03 00 53 02 00 00 11 0C 14 09 2B AA 
21-12-17 at 02:07:35:660 Send 06 
21-12-17 at 02:09:40:257 Send 05 
21-12-17 at 02:09:40:272 Recived 15 
21-12-17 at 02:09:40:272 Send 06 
21-12-17 at 02:09:40:304 Send 02 06 FF 39 1E 00 00 00 DE 
21-12-17 at 02:09:40:319 Recived 06 02 10 FF 39 00 05 00 03 00 53 02 00 00 11 0C 14 09 2B AA 
21-12-17 at 02:09:40:350 Send 06 
21-12-17 at 02:11:44:948 Send 05 
21-12-17 at 02:11:44:963 Recived 15 
21-12-17 at 02:11:44:979 Send 06 
21-12-17 at 02:11:44:994 Send 02 06 FF 39 1E 00 00 00 DE 
21-12-17 at 02:11:45:010 Recived 06 02 10 FF 39 00 05 00 03 00 53 02 00 00 11 0C 14 09 2B AA 
21-12-17 at 02:11:45:041 Send 06 
21-12-17 at 02:13:49:638 Send 05 
21-12-17 at 02:13:49:654 Recived 15 
21-12-17 at 02:13:49:654 Send 06 
21-12-17 at 02:13:49:685 Send 02 06 FF 39 1E 00 00 00 DE 
21-12-17 at 02:13:49:701 Recived 06 02 10 FF 39 00 05 00 03 00 53 02 00 00 11 0C 14 09 2B AA 
21-12-17 at 02:13:49:732 Send 06 
21-12-17 at 02:15:54:329 Send 05 
21-12-17 at 02:15:54:345 Recived 15 
21-12-17 at 02:15:54:345 Send 06 
21-12-17 at 02:15:54:376 Send 02 06 FF 39 1E 00 00 00 DE 
21-12-17 at 02:15:54:392 Recived 06 02 10 FF 39 00 05 00 03 00 53 02 00 00 11 0C 14 09 2B AA 
21-12-17 at 02:15:54:407 Send 06 
21-12-17 at 02:17:59:004 Send 05 
21-12-17 at 02:17:59:020 Recived 15 
21-12-17 at 02:17:59:020 Send 06 
21-12-17 at 02:17:59:051 Send 02 06 FF 39 1E 00 00 00 DE 
21-12-17 at 02:17:59:067 Recived 06 02 10 FF 39 00 05 00 03 00 53 02 00 00 11 0C 14 09 2B AA 
21-12-17 at 02:17:59:098 Send 06 
21-12-17 at 02:20:03:680 Send 05 
21-12-17 at 02:20:03:695 Recived 15 
21-12-17 at 02:20:03:695 Send 06 
21-12-17 at 02:20:03:726 Send 02 06 FF 39 1E 00 00 00 DE 
21-12-17 at 02:20:03:742 Recived 06 02 10 FF 39 00 05 00 03 00 53 02 00 00 11 0C 14 09 2B AA 
21-12-17 at 02:20:03:773 Send 06 
21-12-17 at 02:22:08:370 Send 05 
21-12-17 at 02:22:08:386 Recived 15 
21-12-17 at 02:22:08:402 Send 06 
21-12-17 at 02:22:08:433 Send 02 06 FF 39 1E 00 00 00 DE 
21-12-17 at 02:22:08:448 Recived 06 02 10 FF 39 00 05 00 03 00 53 02 00 00 11 0C 14 09 2B AA 
21-12-17 at 02:22:08:480 Send 06 
21-12-17 at 02:24:13:077 Send 05 
21-12-17 at 02:24:13:092 Recived 15 
21-12-17 at 02:24:13:092 Send 06 
21-12-17 at 02:24:13:124 Send 02 06 FF 39 1E 00 00 00 DE 
21-12-17 at 02:24:13:139 Recived 06 02 10 FF 39 00 05 00 03 00 53 02 00 00 11 0C 14 09 2B AA 
21-12-17 at 02:24:13:170 Send 06 
21-12-17 at 02:26:17:768 Send 05 
21-12-17 at 02:26:17:783 Recived 15 
21-12-17 at 02:26:17:783 Send 06 
21-12-17 at 02:26:17:814 Send 02 06 FF 39 1E 00 00 00 DE 
21-12-17 at 02:26:17:830 Recived 06 02 10 FF 39 00 05 00 03 00 53 02 00 00 11 0C 14 09 2B AA 
21-12-17 at 02:26:17:861 Send 06 
21-12-17 at 02:28:22:458 Send 05 
21-12-17 at 02:28:22:474 Recived 15 
21-12-17 at 02:28:22:474 Send 06 
21-12-17 at 02:28:22:505 Send 02 06 FF 39 1E 00 00 00 DE 
21-12-17 at 02:28:22:521 Recived 06 02 10 FF 39 00 05 00 03 00 53 02 00 00 11 0C 14 09 2B AA 
21-12-17 at 02:28:22:552 Send 06 
21-12-17 at 02:30:27:149 Send 05 
21-12-17 at 02:30:27:165 Recived 15 
21-12-17 at 02:30:27:165 Send 06 
21-12-17 at 02:30:27:196 Send 02 06 FF 39 1E 00 00 00 DE 
21-12-17 at 02:30:27:212 Recived 06 02 10 FF 39 00 05 00 03 00 53 02 00 00 11 0C 14 09 2B AA 
21-12-17 at 02:30:27:243 Send 06 
21-12-17 at 02:32:31:840 Send 05 
21-12-17 at 02:32:31:856 Recived 15 
21-12-17 at 02:32:31:856 Send 06 
21-12-17 at 02:32:31:871 Send 02 06 FF 39 1E 00 00 00 DE 
21-12-17 at 02:32:31:887 Recived 06 02 10 FF 39 00 05 00 03 00 53 02 00 00 11 0C 14 09 2B AA 
21-12-17 at 02:32:31:902 Send 06 
21-12-17 at 02:34:36:500 Send 05 
21-12-17 at 02:34:36:515 Recived 15 
21-12-17 at 02:34:36:515 Send 06 
21-12-17 at 02:34:36:546 Send 02 06 FF 39 1E 00 00 00 DE 
21-12-17 at 02:34:36:562 Recived 06 02 10 FF 39 00 05 00 03 00 53 02 00 00 11 0C 14 09 2B AA 
21-12-17 at 02:34:36:593 Send 06 
21-12-17 at 02:36:41:190 Send 05 
21-12-17 at 02:36:41:206 Recived 15 
21-12-17 at 02:36:41:206 Send 06 
21-12-17 at 02:36:41:237 Send 02 06 FF 39 1E 00 00 00 DE 
21-12-17 at 02:36:41:253 Recived 06 02 10 FF 39 00 05 00 03 00 53 02 00 00 11 0C 14 09 2B AA 
21-12-17 at 02:36:41:284 Send 06 
21-12-17 at 02:38:45:881 Send 05 
21-12-17 at 02:38:45:897 Recived 15 
21-12-17 at 02:38:45:897 Send 06 
21-12-17 at 02:38:45:928 Send 02 06 FF 39 1E 00 00 00 DE 
21-12-17 at 02:38:45:944 Recived 06 02 10 FF 39 00 05 00 03 00 53 02 00 00 11 0C 14 09 2B AA 
21-12-17 at 02:38:45:975 Send 06 
21-12-17 at 02:40:50:572 Send 05 
21-12-17 at 02:40:50:588 Recived 15 
21-12-17 at 02:40:50:588 Send 06 
21-12-17 at 02:40:50:619 Send 02 06 FF 39 1E 00 00 00 DE 
21-12-17 at 02:40:50:634 Recived 06 02 10 FF 39 00 05 00 03 00 53 02 00 00 11 0C 14 09 2B AA 
21-12-17 at 02:40:50:666 Send 06 
21-12-17 at 02:42:55:263 Send 05 
21-12-17 at 02:42:55:278 Recived 15 
21-12-17 at 02:42:55:278 Send 06 
21-12-17 at 02:42:55:310 Send 02 06 FF 39 1E 00 00 00 DE 
21-12-17 at 02:42:55:325 Recived 06 02 10 FF 39 00 05 00 03 00 53 02 00 00 11 0C 14 09 2B AA 
21-12-17 at 02:42:55:356 Send 06 
21-12-17 at 02:44:59:954 Send 05 
21-12-17 at 02:44:59:969 Recived 15 
21-12-17 at 02:44:59:969 Send 06 
21-12-17 at 02:45:00:000 Send 02 06 FF 39 1E 00 00 00 DE 
21-12-17 at 02:45:00:016 Recived 06 02 10 FF 39 00 05 00 03 00 53 02 00 00 11 0C 14 09 2B AA 
21-12-17 at 02:45:00:047 Send 06 
21-12-17 at 02:47:04:644 Send 05 
21-12-17 at 02:47:04:660 Recived 15 
21-12-17 at 02:47:04:660 Send 06 
21-12-17 at 02:47:04:691 Send 02 06 FF 39 1E 00 00 00 DE 
21-12-17 at 02:47:04:707 Recived 06 02 10 FF 39 00 05 00 03 00 53 02 00 00 11 0C 14 09 2B AA 
21-12-17 at 02:47:04:738 Send 06 
21-12-17 at 02:49:09:335 Send 05 
21-12-17 at 02:49:09:351 Recived 15 
21-12-17 at 02:49:09:351 Send 06 
21-12-17 at 02:49:09:382 Send 02 06 FF 39 1E 00 00 00 DE 
21-12-17 at 02:49:09:398 Recived 06 02 10 FF 39 00 05 00 03 00 53 02 00 00 11 0C 14 09 2B AA 
21-12-17 at 02:49:09:429 Send 06 
21-12-17 at 02:51:14:026 Send 05 
21-12-17 at 02:51:14:042 Recived 15 
21-12-17 at 02:51:14:042 Send 06 
21-12-17 at 02:51:14:073 Send 02 06 FF 39 1E 00 00 00 DE 
21-12-17 at 02:51:14:088 Recived 06 02 10 FF 39 00 05 00 03 00 53 02 00 00 11 0C 14 09 2B AA 
21-12-17 at 02:51:14:120 Send 06 
21-12-17 at 02:53:18:717 Send 05 
21-12-17 at 02:53:18:732 Recived 15 
21-12-17 at 02:53:18:732 Send 06 
21-12-17 at 02:53:18:764 Send 02 06 FF 39 1E 00 00 00 DE 
21-12-17 at 02:53:18:779 Recived 06 02 10 FF 39 00 05 00 03 00 53 02 00 00 11 0C 14 09 2B AA 
21-12-17 at 02:53:18:810 Send 06 
21-12-17 at 02:55:23:408 Send 05 
21-12-17 at 02:55:23:423 Recived 15 
21-12-17 at 02:55:23:423 Send 06 
21-12-17 at 02:55:23:454 Send 02 06 FF 39 1E 00 00 00 DE 
21-12-17 at 02:55:23:470 Recived 06 02 10 FF 39 00 05 00 03 00 53 02 00 00 11 0C 14 09 2B AA 
21-12-17 at 02:55:23:501 Send 06 
21-12-17 at 02:57:28:098 Send 05 
21-12-17 at 02:57:28:114 Recived 15 
21-12-17 at 02:57:28:114 Send 06 
21-12-17 at 02:57:28:145 Send 02 06 FF 39 1E 00 00 00 DE 
21-12-17 at 02:57:28:161 Recived 06 02 10 FF 39 00 05 00 03 00 53 02 00 00 11 0C 14 09 2B AA 
21-12-17 at 02:57:28:192 Send 06 
21-12-17 at 02:59:32:789 Send 05 
21-12-17 at 02:59:32:805 Recived 15 
21-12-17 at 02:59:32:805 Send 06 
21-12-17 at 02:59:32:836 Send 02 06 FF 39 1E 00 00 00 DE 
21-12-17 at 02:59:32:852 Recived 06 02 10 FF 39 00 05 00 03 00 53 02 00 00 11 0C 14 09 2B AA 
21-12-17 at 02:59:32:883 Send 06 
21-12-17 at 03:01:37:480 Send 05 
21-12-17 at 03:01:37:496 Recived 15 
21-12-17 at 03:01:37:511 Send 06 
21-12-17 at 03:01:37:542 Send 02 06 FF 39 1E 00 00 00 DE 
21-12-17 at 03:01:37:558 Recived 06 02 10 FF 39 00 05 00 03 00 53 02 00 00 11 0C 14 09 2B AA 
21-12-17 at 03:01:37:574 Send 06 
21-12-17 at 03:03:42:171 Send 05 
21-12-17 at 03:03:42:186 Recived 15 
21-12-17 at 03:03:42:186 Send 06 
21-12-17 at 03:03:42:218 Send 02 06 FF 39 1E 00 00 00 DE 
21-12-17 at 03:03:42:233 Recived 06 02 10 FF 39 00 05 00 03 00 53 02 00 00 11 0C 14 09 2B AA 
21-12-17 at 03:03:42:264 Send 06 
21-12-17 at 03:05:46:862 Send 05 
21-12-17 at 03:05:46:877 Recived 15 
21-12-17 at 03:05:46:877 Send 06 
21-12-17 at 03:05:46:908 Send 02 06 FF 39 1E 00 00 00 DE 
21-12-17 at 03:05:46:924 Recived 06 02 10 FF 39 00 05 00 03 00 53 02 00 00 11 0C 14 09 2B AA 
21-12-17 at 03:05:46:955 Send 06 
21-12-17 at 03:07:51:552 Send 05 
21-12-17 at 03:07:51:568 Recived 15 
21-12-17 at 03:07:51:568 Send 06 
21-12-17 at 03:07:51:584 Send 02 06 FF 39 1E 00 00 00 DE 
21-12-17 at 03:07:51:599 Recived 06 02 10 FF 39 00 05 00 03 00 53 02 00 00 11 0C 14 09 2B AA 
21-12-17 at 03:07:51:630 Send 06 
21-12-17 at 03:09:56:228 Send 05 
21-12-17 at 03:09:56:243 Recived 15 
21-12-17 at 03:09:56:243 Send 06 
21-12-17 at 03:09:56:274 Send 02 06 FF 39 1E 00 00 00 DE 
21-12-17 at 03:09:56:290 Recived 06 02 10 FF 39 00 05 00 03 00 53 02 00 00 11 0C 14 09 2B AA 
21-12-17 at 03:09:56:321 Send 06 
21-12-17 at 03:12:00:918 Send 05 
21-12-17 at 03:12:00:934 Recived 15 
21-12-17 at 03:12:00:934 Send 06 
21-12-17 at 03:12:00:965 Send 02 06 FF 39 1E 00 00 00 DE 
21-12-17 at 03:12:00:981 Recived 06 02 10 FF 39 00 05 00 03 00 53 02 00 00 11 0C 14 09 2B AA 
21-12-17 at 03:12:01:012 Send 06 
21-12-17 at 03:14:05:609 Send 05 
21-12-17 at 03:14:05:625 Recived 15 
21-12-17 at 03:14:05:625 Send 06 
21-12-17 at 03:14:05:656 Send 02 06 FF 39 1E 00 00 00 DE 
21-12-17 at 03:14:05:672 Recived 06 02 10 FF 39 00 05 00 03 00 53 02 00 00 11 0C 14 09 2B AA 
21-12-17 at 03:14:05:703 Send 06 
21-12-17 at 03:16:10:300 Send 05 
21-12-17 at 03:16:10:316 Recived 15 
21-12-17 at 03:16:10:316 Send 06 
21-12-17 at 03:16:10:347 Send 02 06 FF 39 1E 00 00 00 DE 
21-12-17 at 03:16:10:362 Recived 06 02 10 FF 39 00 05 00 03 00 53 02 00 00 11 0C 14 09 2B AA 
21-12-17 at 03:16:10:394 Send 06 
21-12-17 at 03:18:14:991 Send 05 
21-12-17 at 03:18:15:006 Recived 15 
21-12-17 at 03:18:15:006 Send 06 
21-12-17 at 03:18:15:038 Send 02 06 FF 39 1E 00 00 00 DE 
21-12-17 at 03:18:15:053 Recived 06 02 10 FF 39 00 05 00 03 00 53 02 00 00 11 0C 14 09 2B AA 
21-12-17 at 03:18:15:084 Send 06 
21-12-17 at 03:20:19:627 Send 05 
21-12-17 at 03:20:19:642 Recived 15 
21-12-17 at 03:20:19:642 Send 06 
21-12-17 at 03:20:19:674 Send 02 06 FF 39 1E 00 00 00 DE 
21-12-17 at 03:20:19:689 Recived 06 02 10 FF 39 00 05 00 03 00 53 02 00 00 11 0C 14 09 2B AA 
21-12-17 at 03:20:19:720 Send 06 
21-12-17 at 03:22:24:318 Send 05 
21-12-17 at 03:22:24:333 Recived 15 
21-12-17 at 03:22:24:333 Send 06 
21-12-17 at 03:22:24:364 Send 02 06 FF 39 1E 00 00 00 DE 
21-12-17 at 03:22:24:380 Recived 06 02 10 FF 39 00 05 00 03 00 53 02 00 00 11 0C 14 09 2B AA 
21-12-17 at 03:22:24:396 Send 06 
21-12-17 at 03:24:28:993 Send 05 
21-12-17 at 03:24:29:008 Recived 15 
21-12-17 at 03:24:29:008 Send 06 
21-12-17 at 03:24:29:040 Send 02 06 FF 39 1E 00 00 00 DE 
21-12-17 at 03:24:29:055 Recived 06 02 10 FF 39 00 05 00 03 00 53 02 00 00 11 0C 14 09 2B AA 
21-12-17 at 03:24:29:086 Send 06 
21-12-17 at 03:26:33:684 Send 05 
21-12-17 at 03:26:33:699 Recived 15 
21-12-17 at 03:26:33:699 Send 06 
21-12-17 at 03:26:33:730 Send 02 06 FF 39 1E 00 00 00 DE 
21-12-17 at 03:26:33:746 Recived 06 02 10 FF 39 00 05 00 03 00 53 02 00 00 11 0C 14 09 2B AA 
21-12-17 at 03:26:33:777 Send 06 
21-12-17 at 03:28:38:374 Send 05 
21-12-17 at 03:28:38:390 Recived 15 
21-12-17 at 03:28:38:390 Send 06 
21-12-17 at 03:28:38:421 Send 02 06 FF 39 1E 00 00 00 DE 
21-12-17 at 03:28:38:437 Recived 06 02 10 FF 39 00 05 00 03 00 53 02 00 00 11 0C 14 09 2B AA 
21-12-17 at 03:28:38:468 Send 06 
21-12-17 at 03:30:43:036 Send 05 
21-12-17 at 03:30:43:051 Recived 15 
21-12-17 at 03:30:43:051 Send 06 
21-12-17 at 03:30:43:082 Send 02 06 FF 39 1E 00 00 00 DE 
21-12-17 at 03:30:43:098 Recived 06 02 10 FF 39 00 05 00 03 00 53 02 00 00 11 0C 14 09 2B AA 
21-12-17 at 03:30:43:129 Send 06 
21-12-17 at 03:32:47:726 Send 05 
21-12-17 at 03:32:47:742 Recived 15 
21-12-17 at 03:32:47:742 Send 06 
21-12-17 at 03:32:47:773 Send 02 06 FF 39 1E 00 00 00 DE 
21-12-17 at 03:32:47:789 Recived 06 02 10 FF 39 00 05 00 03 00 53 02 00 00 11 0C 14 09 2B AA 
21-12-17 at 03:32:47:820 Send 06 
21-12-17 at 03:34:52:417 Send 05 
21-12-17 at 03:34:52:433 Recived 15 
21-12-17 at 03:34:52:433 Send 06 
21-12-17 at 03:34:52:464 Send 02 06 FF 39 1E 00 00 00 DE 
21-12-17 at 03:34:52:480 Recived 06 02 10 FF 39 00 05 00 03 00 53 02 00 00 11 0C 14 09 2B AA 
21-12-17 at 03:34:52:511 Send 06 
21-12-17 at 03:36:57:108 Send 05 
21-12-17 at 03:36:57:124 Recived 15 
21-12-17 at 03:36:57:124 Send 06 
21-12-17 at 03:36:57:155 Send 02 06 FF 39 1E 00 00 00 DE 
21-12-17 at 03:36:57:170 Recived 06 02 10 FF 39 00 05 00 03 00 53 02 00 00 11 0C 14 09 2B AA 
21-12-17 at 03:36:57:202 Send 06 
21-12-17 at 03:39:01:799 Send 05 
21-12-17 at 03:39:01:814 Recived 15 
21-12-17 at 03:39:01:814 Send 06 
21-12-17 at 03:39:01:846 Send 02 06 FF 39 1E 00 00 00 DE 
21-12-17 at 03:39:01:861 Recived 06 02 10 FF 39 00 05 00 03 00 53 02 00 00 11 0C 14 09 2B AA 
21-12-17 at 03:39:01:892 Send 06 
21-12-17 at 03:41:06:490 Send 05 
21-12-17 at 03:41:06:505 Recived 15 
21-12-17 at 03:41:06:505 Send 06 
21-12-17 at 03:41:06:536 Send 02 06 FF 39 1E 00 00 00 DE 
21-12-17 at 03:41:06:552 Recived 06 02 10 FF 39 00 05 00 03 00 53 02 00 00 11 0C 14 09 2B AA 
21-12-17 at 03:41:06:568 Send 06 
21-12-17 at 03:43:11:165 Send 05 
21-12-17 at 03:43:11:180 Recived 15 
21-12-17 at 03:43:11:180 Send 06 
21-12-17 at 03:43:11:212 Send 02 06 FF 39 1E 00 00 00 DE 
21-12-17 at 03:43:11:227 Recived 06 02 10 FF 39 00 05 00 03 00 53 02 00 00 11 0C 14 09 2B AA 
21-12-17 at 03:43:11:258 Send 06 
21-12-17 at 03:45:15:856 Send 05 
21-12-17 at 03:45:15:871 Recived 15 
21-12-17 at 03:45:15:871 Send 06 
21-12-17 at 03:45:15:902 Send 02 06 FF 39 1E 00 00 00 DE 
21-12-17 at 03:45:15:918 Recived 06 02 10 FF 39 00 05 00 03 00 53 02 00 00 11 0C 14 09 2B AA 
21-12-17 at 03:45:15:949 Send 06 
21-12-17 at 03:47:20:546 Send 05 
21-12-17 at 03:47:20:562 Recived 15 
21-12-17 at 03:47:20:562 Send 06 
21-12-17 at 03:47:20:593 Send 02 06 FF 39 1E 00 00 00 DE 
21-12-17 at 03:47:20:609 Recived 06 02 10 FF 39 00 05 00 03 00 53 02 00 00 11 0C 14 09 2B AA 
21-12-17 at 03:47:20:640 Send 06 
21-12-17 at 03:49:25:237 Send 05 
21-12-17 at 03:49:25:253 Recived 15 
21-12-17 at 03:49:25:253 Send 06 
21-12-17 at 03:49:25:284 Send 02 06 FF 39 1E 00 00 00 DE 
21-12-17 at 03:49:25:300 Recived 06 02 10 FF 39 00 05 00 03 00 53 02 00 00 11 0C 14 09 2B AA 
21-12-17 at 03:49:25:331 Send 06 
21-12-17 at 03:51:29:928 Send 05 
21-12-17 at 03:51:29:944 Recived 15 
21-12-17 at 03:51:29:944 Send 06 
21-12-17 at 03:51:29:975 Send 02 06 FF 39 1E 00 00 00 DE 
21-12-17 at 03:51:29:990 Recived 06 02 10 FF 39 00 05 00 03 00 53 02 00 00 11 0C 14 09 2B AA 
21-12-17 at 03:51:30:022 Send 06 
21-12-17 at 03:53:34:594 Send 05 
21-12-17 at 03:53:34:609 Recived 15 
21-12-17 at 03:53:34:609 Send 06 
21-12-17 at 03:53:34:641 Send 02 06 FF 39 1E 00 00 00 DE 
21-12-17 at 03:53:34:656 Recived 06 02 10 FF 39 00 05 00 03 00 53 02 00 00 11 0C 14 09 2B AA 
21-12-17 at 03:53:34:687 Send 06 
21-12-17 at 03:55:39:233 Send 05 
21-12-17 at 03:55:39:248 Recived 15 
21-12-17 at 03:55:39:248 Send 06 
21-12-17 at 03:55:39:279 Send 02 06 FF 39 1E 00 00 00 DE 
21-12-17 at 03:55:39:295 Recived 06 02 10 FF 39 00 05 00 03 00 53 02 00 00 11 0C 14 09 2B AA 
21-12-17 at 03:55:39:326 Send 06 
21-12-17 at 03:57:43:874 Send 05 
21-12-17 at 03:57:43:890 Recived 15 
21-12-17 at 03:57:43:890 Send 06 
21-12-17 at 03:57:43:921 Send 02 06 FF 39 1E 00 00 00 DE 
21-12-17 at 03:57:43:936 Recived 06 02 10 FF 39 00 05 00 03 00 53 02 00 00 11 0C 14 09 2B AA 
21-12-17 at 03:57:43:968 Send 06 
21-12-17 at 03:59:48:546 Send 05 
21-12-17 at 03:59:48:562 Recived 15 
21-12-17 at 03:59:48:562 Send 06 
21-12-17 at 03:59:48:593 Send 02 06 FF 39 1E 00 00 00 DE 
21-12-17 at 03:59:48:609 Recived 06 02 10 FF 39 00 05 00 03 00 53 02 00 00 11 0C 14 09 2B AA 
21-12-17 at 03:59:48:640 Send 06 
21-12-17 at 04:01:53:219 Send 05 
21-12-17 at 04:01:53:234 Recived 15 
21-12-17 at 04:01:53:250 Send 06 
21-12-17 at 04:01:53:281 Send 02 06 FF 39 1E 00 00 00 DE 
21-12-17 at 04:01:53:297 Recived 06 02 10 FF 39 00 05 00 03 00 53 02 00 00 11 0C 14 09 2B AA 
21-12-17 at 04:01:53:328 Send 06 
21-12-17 at 04:03:57:915 Send 05 
21-12-17 at 04:03:57:931 Recived 15 
21-12-17 at 04:03:57:931 Send 06 
21-12-17 at 04:03:57:962 Send 02 06 FF 39 1E 00 00 00 DE 
21-12-17 at 04:03:57:978 Recived 06 02 10 FF 39 00 05 00 03 00 53 02 00 00 11 0C 14 09 2B AA 
21-12-17 at 04:03:58:009 Send 06 
21-12-17 at 04:06:02:601 Send 05 
21-12-17 at 04:06:02:616 Recived 15 
21-12-17 at 04:06:02:616 Send 06 
21-12-17 at 04:06:02:647 Send 02 06 FF 39 1E 00 00 00 DE 
21-12-17 at 04:06:02:663 Recived 06 02 10 FF 39 00 05 00 03 00 53 02 00 00 11 0C 14 09 2B AA 
21-12-17 at 04:06:02:694 Send 06 
21-12-17 at 04:08:07:287 Send 05 
21-12-17 at 04:08:07:302 Recived 15 
21-12-17 at 04:08:07:302 Send 06 
21-12-17 at 04:08:07:334 Send 02 06 FF 39 1E 00 00 00 DE 
21-12-17 at 04:08:07:349 Recived 06 02 10 FF 39 00 05 00 03 00 53 02 00 00 11 0C 14 09 2B AA 
21-12-17 at 04:08:07:380 Send 06 
21-12-17 at 04:10:11:976 Send 05 
21-12-17 at 04:10:11:992 Recived 15 
21-12-17 at 04:10:11:992 Send 06 
21-12-17 at 04:10:12:023 Send 02 06 FF 39 1E 00 00 00 DE 
21-12-17 at 04:10:12:038 Recived 06 02 10 FF 39 00 05 00 03 00 53 02 00 00 11 0C 14 09 2B AA 
21-12-17 at 04:10:12:054 Send 06 
21-12-17 at 04:12:16:650 Send 05 
21-12-17 at 04:12:16:665 Recived 15 
21-12-17 at 04:12:16:665 Send 06 
21-12-17 at 04:12:16:696 Send 02 06 FF 39 1E 00 00 00 DE 
21-12-17 at 04:12:16:712 Recived 06 02 10 FF 39 00 05 00 03 00 53 02 00 00 11 0C 14 09 2B AA 
21-12-17 at 04:12:16:743 Send 06 
21-12-17 at 04:14:21:340 Send 05 
21-12-17 at 04:14:21:356 Recived 15 
21-12-17 at 04:14:21:356 Send 06 
21-12-17 at 04:14:21:387 Send 02 06 FF 39 1E 00 00 00 DE 
21-12-17 at 04:14:21:403 Recived 06 02 10 FF 39 00 05 00 03 00 53 02 00 00 11 0C 14 09 2B AA 
21-12-17 at 04:14:21:434 Send 06 
21-12-17 at 04:16:26:031 Send 05 
21-12-17 at 04:16:26:047 Recived 15 
21-12-17 at 04:16:26:047 Send 06 
21-12-17 at 04:16:26:078 Send 02 06 FF 39 1E 00 00 00 DE 
21-12-17 at 04:16:26:093 Recived 06 02 10 FF 39 00 05 00 03 00 53 02 00 00 11 0C 14 09 2B AA 
21-12-17 at 04:16:26:125 Send 06 
21-12-17 at 04:18:30:722 Send 05 
21-12-17 at 04:18:30:737 Recived 15 
21-12-17 at 04:18:30:737 Send 06 
21-12-17 at 04:18:30:769 Send 02 06 FF 39 1E 00 00 00 DE 
21-12-17 at 04:18:30:784 Recived 06 02 10 FF 39 00 05 00 03 00 53 02 00 00 11 0C 14 09 2B AA 
21-12-17 at 04:18:30:815 Send 06 
21-12-17 at 04:20:35:413 Send 05 
21-12-17 at 04:20:35:428 Recived 15 
21-12-17 at 04:20:35:428 Send 06 
21-12-17 at 04:20:35:444 Send 02 06 FF 39 1E 00 00 00 DE 
21-12-17 at 04:20:35:459 Recived 06 02 10 FF 39 00 05 00 03 00 53 02 00 00 11 0C 14 09 2B AA 
21-12-17 at 04:20:35:491 Send 06 
21-12-17 at 04:22:40:088 Send 05 
21-12-17 at 04:22:40:103 Recived 15 
21-12-17 at 04:22:40:103 Send 06 
21-12-17 at 04:22:40:135 Send 02 06 FF 39 1E 00 00 00 DE 
21-12-17 at 04:22:40:150 Recived 06 02 10 FF 39 00 05 00 03 00 53 02 00 00 11 0C 14 09 2B AA 
21-12-17 at 04:22:40:181 Send 06 
21-12-17 at 04:24:44:779 Send 05 
21-12-17 at 04:24:44:794 Recived 15 
21-12-17 at 04:24:44:794 Send 06 
21-12-17 at 04:24:44:825 Send 02 06 FF 39 1E 00 00 00 DE 
21-12-17 at 04:24:44:841 Recived 06 02 10 FF 39 00 05 00 03 00 53 02 00 00 11 0C 14 09 2B AA 
21-12-17 at 04:24:44:872 Send 06 
21-12-17 at 04:26:49:469 Send 05 
21-12-17 at 04:26:49:485 Recived 15 
21-12-17 at 04:26:49:485 Send 06 
21-12-17 at 04:26:49:516 Send 02 06 FF 39 1E 00 00 00 DE 
21-12-17 at 04:26:49:532 Recived 06 02 10 FF 39 00 05 00 03 00 53 02 00 00 11 0C 14 09 2B AA 
21-12-17 at 04:26:49:563 Send 06 
21-12-17 at 04:28:54:160 Send 05 
21-12-17 at 04:28:54:176 Recived 15 
21-12-17 at 04:28:54:176 Send 06 
21-12-17 at 04:28:54:207 Send 02 06 FF 39 1E 00 00 00 DE 
21-12-17 at 04:28:54:223 Recived 06 02 10 FF 39 00 05 00 03 00 53 02 00 00 11 0C 14 09 2B AA 
21-12-17 at 04:28:54:254 Send 06 
21-12-17 at 04:30:58:851 Send 05 
21-12-17 at 04:30:58:867 Recived 15 
21-12-17 at 04:30:58:867 Send 06 
21-12-17 at 04:30:58:898 Send 02 06 FF 39 1E 00 00 00 DE 
21-12-17 at 04:30:58:913 Recived 06 02 10 FF 39 00 05 00 03 00 53 02 00 00 11 0C 14 09 2B AA 
21-12-17 at 04:30:58:945 Send 06 
21-12-17 at 04:33:03:542 Send 05 
21-12-17 at 04:33:03:557 Recived 15 
21-12-17 at 04:33:03:557 Send 06 
21-12-17 at 04:33:03:589 Send 02 06 FF 39 1E 00 00 00 DE 
21-12-17 at 04:33:03:604 Recived 06 02 10 FF 39 00 05 00 03 00 53 02 00 00 11 0C 14 09 2B AA 
21-12-17 at 04:33:03:635 Send 06 
21-12-17 at 04:35:08:233 Send 05 
21-12-17 at 04:35:08:248 Recived 15 
21-12-17 at 04:35:08:248 Send 06 
21-12-17 at 04:35:08:279 Send 02 06 FF 39 1E 00 00 00 DE 
21-12-17 at 04:35:08:295 Recived 06 02 10 FF 39 00 05 00 03 00 53 02 00 00 11 0C 14 09 2B AA 
21-12-17 at 04:35:08:326 Send 06 
21-12-17 at 04:37:12:923 Send 05 
21-12-17 at 04:37:12:939 Recived 15 
21-12-17 at 04:37:12:939 Send 06 
21-12-17 at 04:37:12:970 Send 02 06 FF 39 1E 00 00 00 DE 
21-12-17 at 04:37:12:986 Recived 06 02 10 FF 39 00 05 00 03 00 53 02 00 00 11 0C 14 09 2B AA 
21-12-17 at 04:37:13:017 Send 06 
21-12-17 at 04:39:17:614 Send 05 
21-12-17 at 04:39:17:630 Recived 15 
21-12-17 at 04:39:17:630 Send 06 
21-12-17 at 04:39:17:661 Send 02 06 FF 39 1E 00 00 00 DE 
21-12-17 at 04:39:17:677 Recived 06 02 10 FF 39 00 05 00 03 00 53 02 00 00 11 0C 14 09 2B AA 
21-12-17 at 04:39:17:708 Send 06 
21-12-17 at 04:41:22:305 Send 05 
21-12-17 at 04:41:22:321 Recived 15 
21-12-17 at 04:41:22:336 Send 06 
21-12-17 at 04:41:22:367 Send 02 06 FF 39 1E 00 00 00 DE 
21-12-17 at 04:41:22:383 Recived 06 02 10 FF 39 00 05 00 03 00 53 02 00 00 11 0C 14 09 2B AA 
21-12-17 at 04:41:22:414 Send 06 
21-12-17 at 04:43:27:011 Send 05 
21-12-17 at 04:43:27:027 Recived 15 
21-12-17 at 04:43:27:027 Send 06 
21-12-17 at 04:43:27:058 Send 02 06 FF 39 1E 00 00 00 DE 
21-12-17 at 04:43:27:074 Recived 06 02 10 FF 39 00 05 00 03 00 53 02 00 00 11 0C 14 09 2B AA 
21-12-17 at 04:43:27:105 Send 06 
21-12-17 at 04:45:31:702 Send 05 
21-12-17 at 04:45:31:718 Recived 15 
21-12-17 at 04:45:31:718 Send 06 
21-12-17 at 04:45:31:749 Send 02 06 FF 39 1E 00 00 00 DE 
21-12-17 at 04:45:31:765 Recived 06 02 10 FF 39 00 05 00 03 00 53 02 00 00 11 0C 14 09 2B AA 
21-12-17 at 04:45:31:796 Send 06 
21-12-17 at 04:47:36:393 Send 05 
21-12-17 at 04:47:36:409 Recived 15 
21-12-17 at 04:47:36:409 Send 06 
21-12-17 at 04:47:36:440 Send 02 06 FF 39 1E 00 00 00 DE 
21-12-17 at 04:47:36:455 Recived 06 02 10 FF 39 00 05 00 03 00 53 02 00 00 11 0C 14 09 2B AA 
21-12-17 at 04:47:36:471 Send 06 
21-12-17 at 04:49:41:068 Send 05 
21-12-17 at 04:49:41:084 Recived 15 
21-12-17 at 04:49:41:099 Send 06 
21-12-17 at 04:49:41:131 Send 02 06 FF 39 1E 00 00 00 DE 
21-12-17 at 04:49:41:146 Recived 06 02 10 FF 39 00 05 00 03 00 53 02 00 00 11 0C 14 09 2B AA 
21-12-17 at 04:49:41:177 Send 06 
21-12-17 at 04:51:45:775 Send 05 
21-12-17 at 04:51:45:790 Recived 15 
21-12-17 at 04:51:45:790 Send 06 
21-12-17 at 04:51:45:821 Send 02 06 FF 39 1E 00 00 00 DE 
21-12-17 at 04:51:45:837 Recived 06 02 10 FF 39 00 05 00 03 00 53 02 00 00 11 0C 14 09 2B AA 
21-12-17 at 04:51:45:868 Send 06 
21-12-17 at 04:53:50:465 Send 05 
21-12-17 at 04:53:50:481 Recived 15 
21-12-17 at 04:53:50:481 Send 06 
21-12-17 at 04:53:50:497 Send 02 06 FF 39 1E 00 00 00 DE 
21-12-17 at 04:53:50:512 Recived 06 02 10 FF 39 00 05 00 03 00 53 02 00 00 11 0C 14 09 2B AA 
21-12-17 at 04:53:50:543 Send 06 
21-12-17 at 04:55:55:141 Send 05 
21-12-17 at 04:55:55:156 Recived 15 
21-12-17 at 04:55:55:156 Send 06 
21-12-17 at 04:55:55:187 Send 02 06 FF 39 1E 00 00 00 DE 
21-12-17 at 04:55:55:203 Recived 06 02 10 FF 39 00 05 00 03 00 53 02 00 00 11 0C 14 09 2B AA 
21-12-17 at 04:55:55:234 Send 06 
21-12-17 at 04:57:59:831 Send 05 
21-12-17 at 04:57:59:847 Recived 15 
21-12-17 at 04:57:59:847 Send 06 
21-12-17 at 04:57:59:878 Send 02 06 FF 39 1E 00 00 00 DE 
21-12-17 at 04:57:59:894 Recived 06 02 10 FF 39 00 05 00 03 00 53 02 00 00 11 0C 14 09 2B AA 
21-12-17 at 04:57:59:925 Send 06 
21-12-17 at 05:00:04:522 Send 05 
21-12-17 at 05:00:04:538 Recived 15 
21-12-17 at 05:00:04:538 Send 06 
21-12-17 at 05:00:04:569 Send 02 06 FF 39 1E 00 00 00 DE 
21-12-17 at 05:00:04:585 Recived 06 02 10 FF 39 00 05 00 03 00 53 02 00 00 11 0C 14 09 2B AA 
21-12-17 at 05:00:04:600 Send 06 
21-12-17 at 05:02:09:197 Send 05 
21-12-17 at 05:02:09:213 Recived 15 
21-12-17 at 05:02:09:213 Send 06 
21-12-17 at 05:02:09:244 Send 02 06 FF 39 1E 00 00 00 DE 
21-12-17 at 05:02:09:260 Recived 06 02 10 FF 39 00 05 00 03 00 53 02 00 00 11 0C 14 09 2B AA 
21-12-17 at 05:02:09:291 Send 06 
21-12-17 at 05:04:13:888 Send 05 
21-12-17 at 05:04:13:904 Recived 15 
21-12-17 at 05:04:13:904 Send 06 
21-12-17 at 05:04:13:935 Send 02 06 FF 39 1E 00 00 00 DE 
21-12-17 at 05:04:13:951 Recived 06 02 10 FF 39 00 05 00 03 00 53 02 00 00 11 0C 14 09 2B AA 
21-12-17 at 05:04:13:982 Send 06 
21-12-17 at 05:06:18:579 Send 05 
21-12-17 at 05:06:18:595 Recived 15 
21-12-17 at 05:06:18:595 Send 06 
21-12-17 at 05:06:18:626 Send 02 06 FF 39 1E 00 00 00 DE 
21-12-17 at 05:06:18:641 Recived 06 02 10 FF 39 00 05 00 03 00 53 02 00 00 11 0C 14 09 2B AA 
21-12-17 at 05:06:18:673 Send 06 
21-12-17 at 05:08:23:270 Send 05 
21-12-17 at 05:08:23:285 Recived 15 
21-12-17 at 05:08:23:285 Send 06 
21-12-17 at 05:08:23:317 Send 02 06 FF 39 1E 00 00 00 DE 
21-12-17 at 05:08:23:332 Recived 06 02 10 FF 39 00 05 00 03 00 53 02 00 00 11 0C 14 09 2B AA 
21-12-17 at 05:08:23:363 Send 06 
21-12-17 at 05:10:27:961 Send 05 
21-12-17 at 05:10:27:976 Recived 15 
21-12-17 at 05:10:27:976 Send 06 
21-12-17 at 05:10:28:007 Send 02 06 FF 39 1E 00 00 00 DE 
21-12-17 at 05:10:28:023 Recived 06 02 10 FF 39 00 05 00 03 00 53 02 00 00 11 0C 14 09 2B AA 
21-12-17 at 05:10:28:054 Send 06 
21-12-17 at 05:12:32:651 Send 05 
21-12-17 at 05:12:32:667 Recived 15 
21-12-17 at 05:12:32:667 Send 06 
21-12-17 at 05:12:32:698 Send 02 06 FF 39 1E 00 00 00 DE 
21-12-17 at 05:12:32:714 Recived 06 02 10 FF 39 00 05 00 03 00 53 02 00 00 11 0C 14 09 2B AA 
21-12-17 at 05:12:32:745 Send 06 
21-12-17 at 05:14:37:342 Send 05 
21-12-17 at 05:14:37:358 Recived 15 
21-12-17 at 05:14:37:358 Send 06 
21-12-17 at 05:14:37:389 Send 02 06 FF 39 1E 00 00 00 DE 
21-12-17 at 05:14:37:405 Recived 06 02 10 FF 39 00 05 00 03 00 53 02 00 00 11 0C 14 09 2B AA 
21-12-17 at 05:14:37:436 Send 06 
21-12-17 at 05:16:42:033 Send 05 
21-12-17 at 05:16:42:049 Recived 15 
21-12-17 at 05:16:42:049 Send 06 
21-12-17 at 05:16:42:080 Send 02 06 FF 39 1E 00 00 00 DE 
21-12-17 at 05:16:42:095 Recived 06 02 10 FF 39 00 05 00 03 00 53 02 00 00 11 0C 14 09 2B AA 
21-12-17 at 05:16:42:127 Send 06 
21-12-17 at 05:18:46:724 Send 05 
21-12-17 at 05:18:46:739 Recived 15 
21-12-17 at 05:18:46:739 Send 06 
21-12-17 at 05:18:46:771 Send 02 06 FF 39 1E 00 00 00 DE 
21-12-17 at 05:18:46:786 Recived 06 02 10 FF 39 00 05 00 03 00 53 02 00 00 11 0C 14 09 2B AA 
21-12-17 at 05:18:46:817 Send 06 
21-12-17 at 05:20:51:415 Send 05 
21-12-17 at 05:20:51:430 Recived 15 
21-12-17 at 05:20:51:446 Send 06 
21-12-17 at 05:20:51:477 Send 02 06 FF 39 1E 00 00 00 DE 
21-12-17 at 05:20:51:493 Recived 06 02 10 FF 39 00 05 00 03 00 53 02 00 00 11 0C 14 09 2B AA 
21-12-17 at 05:20:51:524 Send 06 
21-12-17 at 05:22:56:121 Send 05 
21-12-17 at 05:22:56:137 Recived 15 
21-12-17 at 05:22:56:137 Send 06 
21-12-17 at 05:22:56:168 Send 02 06 FF 39 1E 00 00 00 DE 
21-12-17 at 05:22:56:183 Recived 06 02 10 FF 39 00 05 00 03 00 53 02 00 00 11 0C 14 09 2B AA 
21-12-17 at 05:22:56:215 Send 06 
21-12-17 at 05:25:00:812 Send 05 
21-12-17 at 05:25:00:827 Recived 15 
21-12-17 at 05:25:00:827 Send 06 
21-12-17 at 05:25:00:859 Send 02 06 FF 39 1E 00 00 00 DE 
21-12-17 at 05:25:00:874 Recived 06 02 10 FF 39 00 05 00 03 00 53 02 00 00 11 0C 14 09 2B AA 
21-12-17 at 05:25:00:905 Send 06 
21-12-17 at 05:27:05:503 Send 05 
21-12-17 at 05:27:05:518 Recived 15 
21-12-17 at 05:27:05:518 Send 06 
21-12-17 at 05:27:05:549 Send 02 06 FF 39 1E 00 00 00 DE 
21-12-17 at 05:27:05:565 Recived 06 02 10 FF 39 00 05 00 03 00 53 02 00 00 11 0C 14 09 2B AA 
21-12-17 at 05:27:05:596 Send 06 
21-12-17 at 05:29:10:193 Send 05 
21-12-17 at 05:29:10:209 Recived 15 
21-12-17 at 05:29:10:209 Send 06 
21-12-17 at 05:29:10:240 Send 02 06 FF 39 1E 00 00 00 DE 
21-12-17 at 05:29:10:256 Recived 06 02 10 FF 39 00 05 00 03 00 53 02 00 00 11 0C 14 09 2B AA 
21-12-17 at 05:29:10:287 Send 06 
21-12-17 at 05:31:14:884 Send 05 
21-12-17 at 05:31:14:900 Recived 15 
21-12-17 at 05:31:14:900 Send 06 
21-12-17 at 05:31:14:931 Send 02 06 FF 39 1E 00 00 00 DE 
21-12-17 at 05:31:14:947 Recived 06 02 10 FF 39 00 05 00 03 00 53 02 00 00 11 0C 14 09 2B AA 
21-12-17 at 05:31:14:962 Send 06 
21-12-17 at 05:33:19:559 Send 05 
21-12-17 at 05:33:19:575 Recived 15 
21-12-17 at 05:33:19:575 Send 06 
21-12-17 at 05:33:19:606 Send 02 06 FF 39 1E 00 00 00 DE 
21-12-17 at 05:33:19:622 Recived 06 02 10 FF 39 00 05 00 03 00 53 02 00 00 11 0C 14 09 2B AA 
21-12-17 at 05:33:19:653 Send 06 
21-12-17 at 05:35:24:250 Send 05 
21-12-17 at 05:35:24:266 Recived 15 
21-12-17 at 05:35:24:266 Send 06 
21-12-17 at 05:35:24:297 Send 02 06 FF 39 1E 00 00 00 DE 
21-12-17 at 05:35:24:313 Recived 06 02 10 FF 39 00 05 00 03 00 53 02 00 00 11 0C 14 09 2B AA 
21-12-17 at 05:35:24:328 Send 06 
21-12-17 at 05:37:28:925 Send 05 
21-12-17 at 05:37:28:941 Recived 15 
21-12-17 at 05:37:28:941 Send 06 
21-12-17 at 05:37:28:972 Send 02 06 FF 39 1E 00 00 00 DE 
21-12-17 at 05:37:28:988 Recived 06 02 10 FF 39 00 05 00 03 00 53 02 00 00 11 0C 14 09 2B AA 
21-12-17 at 05:37:29:019 Send 06 
21-12-17 at 05:39:33:616 Send 05 
21-12-17 at 05:39:33:632 Recived 15 
21-12-17 at 05:39:33:632 Send 06 
21-12-17 at 05:39:33:663 Send 02 06 FF 39 1E 00 00 00 DE 
21-12-17 at 05:39:33:679 Recived 06 02 10 FF 39 00 05 00 03 00 53 02 00 00 11 0C 14 09 2B AA 
21-12-17 at 05:39:33:710 Send 06 
21-12-17 at 05:41:38:307 Send 05 
21-12-17 at 05:41:38:323 Recived 15 
21-12-17 at 05:41:38:323 Send 06 
21-12-17 at 05:41:38:354 Send 02 06 FF 39 1E 00 00 00 DE 
21-12-17 at 05:41:38:369 Recived 06 02 10 FF 39 00 05 00 03 00 53 02 00 00 11 0C 14 09 2B AA 
21-12-17 at 05:41:38:385 Send 06 
21-12-17 at 05:43:42:982 Send 05 
21-12-17 at 05:43:42:998 Recived 15 
21-12-17 at 05:43:42:998 Send 06 
21-12-17 at 05:43:43:029 Send 02 06 FF 39 1E 00 00 00 DE 
21-12-17 at 05:43:43:045 Recived 06 02 10 FF 39 00 05 00 03 00 53 02 00 00 11 0C 14 09 2B AA 
21-12-17 at 05:43:43:076 Send 06 
21-12-17 at 05:45:47:673 Send 05 
21-12-17 at 05:45:47:689 Recived 15 
21-12-17 at 05:45:47:689 Send 06 
21-12-17 at 05:45:47:720 Send 02 06 FF 39 1E 00 00 00 DE 
21-12-17 at 05:45:47:735 Recived 06 02 10 FF 39 00 05 00 03 00 53 02 00 00 11 0C 14 09 2B AA 
21-12-17 at 05:45:47:767 Send 06 
21-12-17 at 05:47:52:364 Send 05 
21-12-17 at 05:47:52:379 Recived 15 
21-12-17 at 05:47:52:379 Send 06 
21-12-17 at 05:47:52:411 Send 02 06 FF 39 1E 00 00 00 DE 
21-12-17 at 05:47:52:426 Recived 06 02 10 FF 39 00 05 00 03 00 53 02 00 00 11 0C 14 09 2B AA 
21-12-17 at 05:47:52:457 Send 06 
21-12-17 at 05:49:57:055 Send 05 
21-12-17 at 05:49:57:070 Recived 15 
21-12-17 at 05:49:57:070 Send 06 
21-12-17 at 05:49:57:101 Send 02 06 FF 39 1E 00 00 00 DE 
21-12-17 at 05:49:57:117 Recived 06 02 10 FF 39 00 05 00 03 00 53 02 00 00 11 0C 14 09 2B AA 
21-12-17 at 05:49:57:133 Send 06 
21-12-17 at 05:52:01:730 Send 05 
21-12-17 at 05:52:01:745 Recived 15 
21-12-17 at 05:52:01:745 Send 06 
21-12-17 at 05:52:01:777 Send 02 06 FF 39 1E 00 00 00 DE 
21-12-17 at 05:52:01:792 Recived 06 02 10 FF 39 00 05 00 03 00 53 02 00 00 11 0C 14 09 2B AA 
21-12-17 at 05:52:01:823 Send 06 
21-12-17 at 05:54:06:421 Send 05 
21-12-17 at 05:54:06:436 Recived 15 
21-12-17 at 05:54:06:436 Send 06 
21-12-17 at 05:54:06:467 Send 02 06 FF 39 1E 00 00 00 DE 
21-12-17 at 05:54:06:483 Recived 06 02 10 FF 39 00 05 00 03 00 53 02 00 00 11 0C 14 09 2B AA 
21-12-17 at 05:54:06:514 Send 06 
21-12-17 at 05:56:11:111 Send 05 
21-12-17 at 05:56:11:127 Recived 15 
21-12-17 at 05:56:11:127 Send 06 
21-12-17 at 05:56:11:158 Send 02 06 FF 39 1E 00 00 00 DE 
21-12-17 at 05:56:11:174 Recived 06 02 10 FF 39 00 05 00 03 00 53 02 00 00 11 0C 14 09 2B AA 
21-12-17 at 05:56:11:205 Send 06 
21-12-17 at 05:58:15:802 Send 05 
21-12-17 at 05:58:15:818 Recived 15 
21-12-17 at 05:58:15:818 Send 06 
21-12-17 at 05:58:15:849 Send 02 06 FF 39 1E 00 00 00 DE 
21-12-17 at 05:58:15:865 Recived 06 02 10 FF 39 00 05 00 03 00 53 02 00 00 11 0C 14 09 2B AA 
21-12-17 at 05:58:15:896 Send 06 
21-12-17 at 06:00:20:493 Send 05 
21-12-17 at 06:00:20:509 Recived 15 
21-12-17 at 06:00:20:509 Send 06 
21-12-17 at 06:00:20:540 Send 02 06 FF 39 1E 00 00 00 DE 
21-12-17 at 06:00:20:555 Recived 06 02 10 FF 39 00 05 00 03 00 53 02 00 00 11 0C 14 09 2B AA 
21-12-17 at 06:00:20:587 Send 06 
21-12-17 at 06:02:25:184 Send 05 
21-12-17 at 06:02:25:199 Recived 15 
21-12-17 at 06:02:25:199 Send 06 
21-12-17 at 06:02:25:231 Send 02 06 FF 39 1E 00 00 00 DE 
21-12-17 at 06:02:25:246 Recived 06 02 10 FF 39 00 05 00 03 00 53 02 00 00 11 0C 14 09 2B AA 
21-12-17 at 06:02:25:277 Send 06 
21-12-17 at 06:04:29:875 Send 05 
21-12-17 at 06:04:29:890 Recived 15 
21-12-17 at 06:04:29:890 Send 06 
21-12-17 at 06:04:29:921 Send 02 06 FF 39 1E 00 00 00 DE 
21-12-17 at 06:04:29:937 Recived 06 02 10 FF 39 00 05 00 03 00 53 02 00 00 11 0C 14 09 2B AA 
21-12-17 at 06:04:29:968 Send 06 
21-12-17 at 06:06:34:565 Send 05 
21-12-17 at 06:06:34:581 Recived 15 
21-12-17 at 06:06:34:581 Send 06 
21-12-17 at 06:06:34:612 Send 02 06 FF 39 1E 00 00 00 DE 
21-12-17 at 06:06:34:628 Recived 06 02 10 FF 39 00 05 00 03 00 53 02 00 00 11 0C 14 09 2B AA 
21-12-17 at 06:06:34:659 Send 06 
21-12-17 at 06:08:39:256 Send 05 
21-12-17 at 06:08:39:272 Recived 15 
21-12-17 at 06:08:39:272 Send 06 
21-12-17 at 06:08:39:287 Send 02 06 FF 39 1E 00 00 00 DE 
21-12-17 at 06:08:39:303 Recived 06 02 10 FF 39 00 05 00 03 00 53 02 00 00 11 0C 14 09 2B AA 
21-12-17 at 06:08:39:319 Send 06 
21-12-17 at 06:10:43:916 Send 05 
21-12-17 at 06:10:43:931 Recived 15 
21-12-17 at 06:10:43:931 Send 06 
21-12-17 at 06:10:43:963 Send 02 06 FF 39 1E 00 00 00 DE 
21-12-17 at 06:10:43:978 Recived 06 02 10 FF 39 00 05 00 03 00 53 02 00 00 11 0C 14 09 2B AA 
21-12-17 at 06:10:44:009 Send 06 
21-12-17 at 06:12:48:607 Send 05 
21-12-17 at 06:12:48:622 Recived 15 
21-12-17 at 06:12:48:622 Send 06 
21-12-17 at 06:12:48:653 Send 02 06 FF 39 1E 00 00 00 DE 
21-12-17 at 06:12:48:669 Recived 06 02 10 FF 39 00 05 00 03 00 53 02 00 00 11 0C 14 09 2B AA 
21-12-17 at 06:12:48:700 Send 06 
21-12-17 at 06:14:53:297 Send 05 
21-12-17 at 06:14:53:313 Recived 15 
21-12-17 at 06:14:53:313 Send 06 
21-12-17 at 06:14:53:344 Send 02 06 FF 39 1E 00 00 00 DE 
21-12-17 at 06:14:53:360 Recived 06 02 10 FF 39 00 05 00 03 00 53 02 00 00 11 0C 14 09 2B AA 
21-12-17 at 06:14:53:375 Send 06 
21-12-17 at 06:16:57:973 Send 05 
21-12-17 at 06:16:57:988 Recived 15 
21-12-17 at 06:16:57:988 Send 06 
21-12-17 at 06:16:58:019 Send 02 06 FF 39 1E 00 00 00 DE 
21-12-17 at 06:16:58:035 Recived 06 02 10 FF 39 00 05 00 03 00 53 02 00 00 11 0C 14 09 2B AA 
21-12-17 at 06:16:58:066 Send 06 
21-12-17 at 06:19:02:663 Send 05 
21-12-17 at 06:19:02:679 Recived 15 
21-12-17 at 06:19:02:679 Send 06 
21-12-17 at 06:19:02:710 Send 02 06 FF 39 1E 00 00 00 DE 
21-12-17 at 06:19:02:726 Recived 06 02 10 FF 39 00 05 00 03 00 53 02 00 00 11 0C 14 09 2B AA 
21-12-17 at 06:19:02:757 Send 06 
21-12-17 at 06:21:07:354 Send 05 
21-12-17 at 06:21:07:370 Recived 15 
21-12-17 at 06:21:07:385 Send 06 
21-12-17 at 06:21:07:417 Send 02 06 FF 39 1E 00 00 00 DE 
21-12-17 at 06:21:07:432 Recived 06 02 10 FF 39 00 05 00 03 00 53 02 00 00 11 0C 14 09 2B AA 
21-12-17 at 06:21:07:463 Send 06 
21-12-17 at 06:23:12:061 Send 05 
21-12-17 at 06:23:12:076 Recived 15 
21-12-17 at 06:23:12:076 Send 06 
21-12-17 at 06:23:12:107 Send 02 06 FF 39 1E 00 00 00 DE 
21-12-17 at 06:23:12:123 Recived 06 02 10 FF 39 00 05 00 03 00 53 02 00 00 11 0C 14 09 2B AA 
21-12-17 at 06:23:12:154 Send 06 
21-12-17 at 06:25:16:751 Send 05 
21-12-17 at 06:25:16:767 Recived 15 
21-12-17 at 06:25:16:767 Send 06 
21-12-17 at 06:25:16:798 Send 02 06 FF 39 1E 00 00 00 DE 
21-12-17 at 06:25:16:814 Recived 06 02 10 FF 39 00 05 00 03 00 53 02 00 00 11 0C 14 09 2B AA 
21-12-17 at 06:25:16:829 Send 06 
21-12-17 at 06:27:21:427 Send 05 
21-12-17 at 06:27:21:442 Recived 15 
21-12-17 at 06:27:21:442 Send 06 
21-12-17 at 06:27:21:473 Send 02 06 FF 39 1E 00 00 00 DE 
21-12-17 at 06:27:21:489 Recived 06 02 10 FF 39 00 05 00 03 00 53 02 00 00 11 0C 14 09 2B AA 
21-12-17 at 06:27:21:520 Send 06 
21-12-17 at 06:29:26:117 Send 05 
21-12-17 at 06:29:26:133 Recived 15 
21-12-17 at 06:29:26:133 Send 06 
21-12-17 at 06:29:26:164 Send 02 06 FF 39 1E 00 00 00 DE 
21-12-17 at 06:29:26:180 Recived 06 02 10 FF 39 00 05 00 03 00 53 02 00 00 11 0C 14 09 2B AA 
21-12-17 at 06:29:26:211 Send 06 
21-12-17 at 06:31:30:808 Send 05 
21-12-17 at 06:31:30:824 Recived 15 
21-12-17 at 06:31:30:824 Send 06 
21-12-17 at 06:31:30:855 Send 02 06 FF 39 1E 00 00 00 DE 
21-12-17 at 06:31:30:871 Recived 06 02 10 FF 39 00 05 00 03 00 53 02 00 00 11 0C 14 09 2B AA 
21-12-17 at 06:31:30:902 Send 06 
21-12-17 at 06:33:35:499 Send 05 
21-12-17 at 06:33:35:515 Recived 15 
21-12-17 at 06:33:35:515 Send 06 
21-12-17 at 06:33:35:546 Send 02 06 FF 39 1E 00 00 00 DE 
21-12-17 at 06:33:35:561 Recived 06 02 10 FF 39 00 05 00 03 00 53 02 00 00 11 0C 14 09 2B AA 
21-12-17 at 06:33:35:593 Send 06 
21-12-17 at 06:35:40:190 Send 05 
21-12-17 at 06:35:40:205 Recived 15 
21-12-17 at 06:35:40:205 Send 06 
21-12-17 at 06:35:40:237 Send 02 06 FF 39 1E 00 00 00 DE 
21-12-17 at 06:35:40:252 Recived 06 02 10 FF 39 00 05 00 03 00 53 02 00 00 11 0C 14 09 2B AA 
21-12-17 at 06:35:40:283 Send 06 
21-12-17 at 06:37:44:881 Send 05 
21-12-17 at 06:37:44:896 Recived 15 
21-12-17 at 06:37:44:896 Send 06 
21-12-17 at 06:37:44:927 Send 02 06 FF 39 1E 00 00 00 DE 
21-12-17 at 06:37:44:943 Recived 06 02 10 FF 39 00 05 00 03 00 53 02 00 00 11 0C 14 09 2B AA 
21-12-17 at 06:37:44:974 Send 06 
21-12-17 at 06:39:49:571 Send 05 
21-12-17 at 06:39:49:587 Recived 15 
21-12-17 at 06:39:49:587 Send 06 
21-12-17 at 06:39:49:618 Send 02 06 FF 39 1E 00 00 00 DE 
21-12-17 at 06:39:49:634 Recived 06 02 10 FF 39 00 05 00 03 00 53 02 00 00 11 0C 14 09 2B AA 
21-12-17 at 06:39:49:665 Send 06 
21-12-17 at 06:41:54:262 Send 05 
21-12-17 at 06:41:54:278 Recived 15 
21-12-17 at 06:41:54:278 Send 06 
21-12-17 at 06:41:54:309 Send 02 06 FF 39 1E 00 00 00 DE 
21-12-17 at 06:41:54:325 Recived 06 02 10 FF 39 00 05 00 03 00 53 02 00 00 11 0C 14 09 2B AA 
21-12-17 at 06:41:54:356 Send 06 
21-12-17 at 06:43:58:953 Send 05 
21-12-17 at 06:43:58:969 Recived 15 
21-12-17 at 06:43:58:969 Send 06 
21-12-17 at 06:43:59:000 Send 02 06 FF 39 1E 00 00 00 DE 
21-12-17 at 06:43:59:015 Recived 06 02 10 FF 39 00 05 00 03 00 53 02 00 00 11 0C 14 09 2B AA 
21-12-17 at 06:43:59:047 Send 06 
21-12-17 at 06:46:03:644 Send 05 
21-12-17 at 06:46:03:659 Recived 15 
21-12-17 at 06:46:03:659 Send 06 
21-12-17 at 06:46:03:691 Send 02 06 FF 39 1E 00 00 00 DE 
21-12-17 at 06:46:03:706 Recived 06 02 10 FF 39 00 05 00 03 00 53 02 00 00 11 0C 14 09 2B AA 
21-12-17 at 06:46:03:737 Send 06 
21-12-17 at 06:48:08:335 Send 05 
21-12-17 at 06:48:08:350 Recived 15 
21-12-17 at 06:48:08:350 Send 06 
21-12-17 at 06:48:08:381 Send 02 06 FF 39 1E 00 00 00 DE 
21-12-17 at 06:48:08:397 Recived 06 02 10 FF 39 00 05 00 03 00 53 02 00 00 11 0C 14 09 2B AA 
21-12-17 at 06:48:08:428 Send 06 
21-12-17 at 06:50:13:025 Send 05 
21-12-17 at 06:50:13:041 Recived 15 
21-12-17 at 06:50:13:041 Send 06 
21-12-17 at 06:50:13:072 Send 02 06 FF 39 1E 00 00 00 DE 
21-12-17 at 06:50:13:088 Recived 06 02 10 FF 39 00 05 00 03 00 53 02 00 00 11 0C 14 09 2B AA 
21-12-17 at 06:50:13:119 Send 06 
21-12-17 at 06:52:17:716 Send 05 
21-12-17 at 06:52:17:732 Recived 15 
21-12-17 at 06:52:17:732 Send 06 
21-12-17 at 06:52:17:763 Send 02 06 FF 39 1E 00 00 00 DE 
21-12-17 at 06:52:17:779 Recived 06 02 10 FF 39 00 05 00 03 00 53 02 00 00 11 0C 14 09 2B AA 
21-12-17 at 06:52:17:810 Send 06 
21-12-17 at 06:54:22:407 Send 05 
21-12-17 at 06:54:22:423 Recived 15 
21-12-17 at 06:54:22:423 Send 06 
21-12-17 at 06:54:22:454 Send 02 06 FF 39 1E 00 00 00 DE 
21-12-17 at 06:54:22:469 Recived 06 02 10 FF 39 00 05 00 03 00 53 02 00 00 11 0C 14 09 2B AA 
21-12-17 at 06:54:22:485 Send 06 
21-12-17 at 06:56:27:082 Send 05 
21-12-17 at 06:56:27:098 Recived 15 
21-12-17 at 06:56:27:098 Send 06 
21-12-17 at 06:56:27:129 Send 02 06 FF 39 1E 00 00 00 DE 
21-12-17 at 06:56:27:145 Recived 06 02 10 FF 39 00 05 00 03 00 53 02 00 00 11 0C 14 09 2B AA 
21-12-17 at 06:56:27:160 Send 06 
21-12-17 at 06:58:31:757 Send 05 
21-12-17 at 06:58:31:773 Recived 15 
21-12-17 at 06:58:31:773 Send 06 
21-12-17 at 06:58:31:804 Send 02 06 FF 39 1E 00 00 00 DE 
21-12-17 at 06:58:31:820 Recived 06 02 10 FF 39 00 05 00 03 00 53 02 00 00 11 0C 14 09 2B AA 
21-12-17 at 06:58:31:835 Send 06 
21-12-17 at 07:00:36:433 Send 05 
21-12-17 at 07:00:36:448 Recived 15 
21-12-17 at 07:00:36:448 Send 06 
21-12-17 at 07:00:36:464 Send 02 06 FF 39 1E 00 00 00 DE 
21-12-17 at 07:00:36:479 Recived 06 02 10 FF 39 00 05 00 03 00 53 02 00 00 11 0C 14 09 2B AA 
21-12-17 at 07:00:36:511 Send 06 
21-12-17 at 07:02:41:108 Send 05 
21-12-17 at 07:02:41:123 Recived 15 
21-12-17 at 07:02:41:123 Send 06 
21-12-17 at 07:02:41:155 Send 02 06 FF 39 1E 00 00 00 DE 
21-12-17 at 07:02:41:170 Recived 06 02 10 FF 39 00 05 00 03 00 53 02 00 00 11 0C 14 09 2B AA 
21-12-17 at 07:02:41:201 Send 06 
21-12-17 at 07:04:45:799 Send 05 
21-12-17 at 07:04:45:814 Recived 15 
21-12-17 at 07:04:45:814 Send 06 
21-12-17 at 07:04:45:845 Send 02 06 FF 39 1E 00 00 00 DE 
21-12-17 at 07:04:45:861 Recived 06 02 10 FF 39 00 05 00 03 00 53 02 00 00 11 0C 14 09 2B AA 
21-12-17 at 07:04:45:892 Send 06 
21-12-17 at 07:06:50:489 Send 05 
21-12-17 at 07:06:50:505 Recived 15 
21-12-17 at 07:06:50:505 Send 06 
21-12-17 at 07:06:50:536 Send 02 06 FF 39 1E 00 00 00 DE 
21-12-17 at 07:06:50:552 Recived 06 02 10 FF 39 00 05 00 03 00 53 02 00 00 11 0C 14 09 2B AA 
21-12-17 at 07:06:50:583 Send 06 
21-12-17 at 07:08:55:180 Send 05 
21-12-17 at 07:08:55:196 Recived 15 
21-12-17 at 07:08:55:196 Send 06 
21-12-17 at 07:08:55:227 Send 02 06 FF 39 1E 00 00 00 DE 
21-12-17 at 07:08:55:243 Recived 06 02 10 FF 39 00 05 00 03 00 53 02 00 00 11 0C 14 09 2B AA 
21-12-17 at 07:08:55:274 Send 06 
21-12-17 at 07:10:59:871 Send 05 
21-12-17 at 07:10:59:887 Recived 15 
21-12-17 at 07:10:59:887 Send 06 
21-12-17 at 07:10:59:918 Send 02 06 FF 39 1E 00 00 00 DE 
21-12-17 at 07:10:59:933 Recived 06 02 10 FF 39 00 05 00 03 00 53 02 00 00 11 0C 14 09 2B AA 
21-12-17 at 07:10:59:965 Send 06 
21-12-17 at 07:13:04:562 Send 05 
21-12-17 at 07:13:04:577 Recived 15 
21-12-17 at 07:13:04:577 Send 06 
21-12-17 at 07:13:04:609 Send 02 06 FF 39 1E 00 00 00 DE 
21-12-17 at 07:13:04:624 Recived 06 02 10 FF 39 00 05 00 03 00 53 02 00 00 11 0C 14 09 2B AA 
21-12-17 at 07:13:04:655 Send 06 
21-12-17 at 07:15:09:253 Send 05 
21-12-17 at 07:15:09:268 Recived 15 
21-12-17 at 07:15:09:268 Send 06 
21-12-17 at 07:15:09:299 Send 02 06 FF 39 1E 00 00 00 DE 
21-12-17 at 07:15:09:315 Recived 06 02 10 FF 39 00 05 00 03 00 53 02 00 00 11 0C 14 09 2B AA 
21-12-17 at 07:15:09:346 Send 06 
21-12-17 at 07:17:13:943 Send 05 
21-12-17 at 07:17:13:959 Recived 15 
21-12-17 at 07:17:13:959 Send 06 
21-12-17 at 07:17:13:990 Send 02 06 FF 39 1E 00 00 00 DE 
21-12-17 at 07:17:14:006 Recived 06 02 10 FF 39 00 05 00 03 00 53 02 00 00 11 0C 14 09 2B AA 
21-12-17 at 07:17:14:037 Send 06 
21-12-17 at 07:19:18:634 Send 05 
21-12-17 at 07:19:18:650 Recived 15 
21-12-17 at 07:19:18:650 Send 06 
21-12-17 at 07:19:18:681 Send 02 06 FF 39 1E 00 00 00 DE 
21-12-17 at 07:19:18:697 Recived 06 02 10 FF 39 00 05 00 03 00 53 02 00 00 11 0C 14 09 2B AA 
21-12-17 at 07:19:18:728 Send 06 
21-12-17 at 07:21:23:325 Send 05 
21-12-17 at 07:21:23:341 Recived 15 
21-12-17 at 07:21:23:356 Send 06 
21-12-17 at 07:21:23:387 Send 02 06 FF 39 1E 00 00 00 DE 
21-12-17 at 07:21:23:403 Recived 06 02 10 FF 39 00 05 00 03 00 53 02 00 00 11 0C 14 09 2B AA 
21-12-17 at 07:21:23:434 Send 06 
21-12-17 at 07:23:28:031 Send 05 
21-12-17 at 07:23:28:047 Recived 15 
21-12-17 at 07:23:28:047 Send 06 
21-12-17 at 07:23:28:078 Send 02 06 FF 39 1E 00 00 00 DE 
21-12-17 at 07:23:28:094 Recived 06 02 10 FF 39 00 05 00 03 00 53 02 00 00 11 0C 14 09 2B AA 
21-12-17 at 07:23:28:125 Send 06 
21-12-17 at 07:25:32:722 Send 05 
21-12-17 at 07:25:32:738 Recived 15 
21-12-17 at 07:25:32:738 Send 06 
21-12-17 at 07:25:32:769 Send 02 06 FF 39 1E 00 00 00 DE 
21-12-17 at 07:25:32:785 Recived 06 02 10 FF 39 00 05 00 03 00 53 02 00 00 11 0C 14 09 2B AA 
21-12-17 at 07:25:32:816 Send 06 
21-12-17 at 07:27:37:413 Send 05 
21-12-17 at 07:27:37:429 Recived 15 
21-12-17 at 07:27:37:429 Send 06 
21-12-17 at 07:27:37:460 Send 02 06 FF 39 1E 00 00 00 DE 
21-12-17 at 07:27:37:475 Recived 06 02 10 FF 39 00 05 00 03 00 53 02 00 00 11 0C 14 09 2B AA 
21-12-17 at 07:27:37:507 Send 06 
21-12-17 at 07:29:42:104 Send 05 
21-12-17 at 07:29:42:119 Recived 15 
21-12-17 at 07:29:42:119 Send 06 
21-12-17 at 07:29:42:151 Send 02 06 FF 39 1E 00 00 00 DE 
21-12-17 at 07:29:42:166 Recived 06 02 10 FF 39 00 05 00 03 00 53 02 00 00 11 0C 14 09 2B AA 
21-12-17 at 07:29:42:197 Send 06 
21-12-17 at 07:31:46:795 Send 05 
21-12-17 at 07:31:46:810 Recived 15 
21-12-17 at 07:31:46:810 Send 06 
21-12-17 at 07:31:46:841 Send 02 06 FF 39 1E 00 00 00 DE 
21-12-17 at 07:31:46:857 Recived 06 02 10 FF 39 00 05 00 03 00 53 02 00 00 11 0C 14 09 2B AA 
21-12-17 at 07:31:46:888 Send 06 
21-12-17 at 07:33:51:485 Send 05 
21-12-17 at 07:33:51:501 Recived 15 
21-12-17 at 07:33:51:501 Send 06 
21-12-17 at 07:33:51:532 Send 02 06 FF 39 1E 00 00 00 DE 
21-12-17 at 07:33:51:548 Recived 06 02 10 FF 39 00 05 00 03 00 53 02 00 00 11 0C 14 09 2B AA 
21-12-17 at 07:33:51:579 Send 06 
21-12-17 at 07:35:56:176 Send 05 
21-12-17 at 07:35:56:192 Recived 15 
21-12-17 at 07:35:56:192 Send 06 
21-12-17 at 07:35:56:223 Send 02 06 FF 39 1E 00 00 00 DE 
21-12-17 at 07:35:56:239 Recived 06 02 10 FF 39 00 05 00 03 00 53 02 00 00 11 0C 14 09 2B AA 
21-12-17 at 07:35:56:270 Send 06 
21-12-17 at 07:38:00:867 Send 05 
21-12-17 at 07:38:00:883 Recived 15 
21-12-17 at 07:38:00:883 Send 06 
21-12-17 at 07:38:00:914 Send 02 06 FF 39 1E 00 00 00 DE 
21-12-17 at 07:38:00:929 Recived 06 02 10 FF 39 00 05 00 03 00 53 02 00 00 11 0C 14 09 2B AA 
21-12-17 at 07:38:00:961 Send 06 
21-12-17 at 07:40:05:558 Send 05 
21-12-17 at 07:40:05:573 Recived 15 
21-12-17 at 07:40:05:573 Send 06 
21-12-17 at 07:40:05:605 Send 02 06 FF 39 1E 00 00 00 DE 
21-12-17 at 07:40:05:620 Recived 06 02 10 FF 39 00 05 00 03 00 53 02 00 00 11 0C 14 09 2B AA 
21-12-17 at 07:40:05:651 Send 06 
21-12-17 at 07:42:10:249 Send 05 
21-12-17 at 07:42:10:264 Recived 15 
21-12-17 at 07:42:10:264 Send 06 
21-12-17 at 07:42:10:295 Send 02 06 FF 39 1E 00 00 00 DE 
21-12-17 at 07:42:10:311 Recived 06 02 10 FF 39 00 05 00 03 00 53 02 00 00 11 0C 14 09 2B AA 
21-12-17 at 07:42:10:342 Send 06 
21-12-17 at 07:44:14:939 Send 05 
21-12-17 at 07:44:14:955 Recived 15 
21-12-17 at 07:44:14:955 Send 06 
21-12-17 at 07:44:14:986 Send 02 06 FF 39 1E 00 00 00 DE 
21-12-17 at 07:44:15:002 Recived 06 02 10 FF 39 00 05 00 03 00 53 02 00 00 11 0C 14 09 2B AA 
21-12-17 at 07:44:15:033 Send 06 
21-12-17 at 07:46:19:630 Send 05 
21-12-17 at 07:46:19:646 Recived 15 
21-12-17 at 07:46:19:646 Send 06 
21-12-17 at 07:46:19:677 Send 02 06 FF 39 1E 00 00 00 DE 
21-12-17 at 07:46:19:693 Recived 06 02 10 FF 39 00 05 00 03 00 53 02 00 00 11 0C 14 09 2B AA 
21-12-17 at 07:46:19:724 Send 06 
21-12-17 at 07:48:24:321 Send 05 
21-12-17 at 07:48:24:337 Recived 15 
21-12-17 at 07:48:24:337 Send 06 
21-12-17 at 07:48:24:368 Send 02 06 FF 39 1E 00 00 00 DE 
21-12-17 at 07:48:24:383 Recived 06 02 10 FF 39 00 05 00 03 00 53 02 00 00 11 0C 14 09 2B AA 
21-12-17 at 07:48:24:415 Send 06 
21-12-17 at 07:50:29:012 Send 05 
21-12-17 at 07:50:29:027 Recived 15 
21-12-17 at 07:50:29:043 Send 06 
21-12-17 at 07:50:29:074 Send 02 06 FF 39 1E 00 00 00 DE 
21-12-17 at 07:50:29:090 Recived 06 02 10 FF 39 00 05 00 03 00 53 02 00 00 11 0C 14 09 2B AA 
21-12-17 at 07:50:29:121 Send 06 
21-12-17 at 07:52:33:718 Send 05 
21-12-17 at 07:52:33:734 Recived 15 
21-12-17 at 07:52:33:734 Send 06 
21-12-17 at 07:52:33:765 Send 02 06 FF 39 1E 00 00 00 DE 
21-12-17 at 07:52:33:781 Recived 06 02 10 FF 39 00 05 00 03 00 53 02 00 00 11 0C 14 09 2B AA 
21-12-17 at 07:52:33:812 Send 06 
21-12-17 at 07:54:38:409 Send 05 
21-12-17 at 07:54:38:425 Recived 15 
21-12-17 at 07:54:38:425 Send 06 
21-12-17 at 07:54:38:456 Send 02 06 FF 39 1E 00 00 00 DE 
21-12-17 at 07:54:38:471 Recived 06 02 10 FF 39 00 05 00 03 00 53 02 00 00 11 0C 14 09 2B AA 
21-12-17 at 07:54:38:503 Send 06 
21-12-17 at 07:56:43:100 Send 05 
21-12-17 at 07:56:43:115 Recived 15 
21-12-17 at 07:56:43:115 Send 06 
21-12-17 at 07:56:43:147 Send 02 06 FF 39 1E 00 00 00 DE 
21-12-17 at 07:56:43:162 Recived 06 02 10 FF 39 00 05 00 03 00 53 02 00 00 11 0C 14 09 2B AA 
21-12-17 at 07:56:43:193 Send 06 
21-12-17 at 07:58:47:791 Send 05 
21-12-17 at 07:58:47:806 Recived 15 
21-12-17 at 07:58:47:806 Send 06 
21-12-17 at 07:58:47:837 Send 02 06 FF 39 1E 00 00 00 DE 
21-12-17 at 07:58:47:853 Recived 06 02 10 FF 39 00 05 00 03 00 53 02 00 00 11 0C 14 09 2B AA 
21-12-17 at 07:58:47:884 Send 06 
21-12-17 at 08:00:52:481 Send 05 
21-12-17 at 08:00:52:497 Recived 15 
21-12-17 at 08:00:52:497 Send 06 
21-12-17 at 08:00:52:528 Send 02 06 FF 39 1E 00 00 00 DE 
21-12-17 at 08:00:52:544 Recived 06 02 10 FF 39 00 05 00 03 00 53 02 00 00 11 0C 14 09 2B AA 
21-12-17 at 08:00:52:575 Send 06 
21-12-17 at 08:02:57:172 Send 05 
21-12-17 at 08:02:57:188 Recived 15 
21-12-17 at 08:02:57:188 Send 06 
21-12-17 at 08:02:57:219 Send 02 06 FF 39 1E 00 00 00 DE 
21-12-17 at 08:02:57:235 Recived 06 02 10 FF 39 00 05 00 03 00 53 02 00 00 11 0C 14 09 2B AA 
21-12-17 at 08:02:57:266 Send 06 
21-12-17 at 08:05:01:863 Send 05 
21-12-17 at 08:05:01:879 Recived 15 
21-12-17 at 08:05:01:879 Send 06 
21-12-17 at 08:05:01:910 Send 02 06 FF 39 1E 00 00 00 DE 
21-12-17 at 08:05:01:925 Recived 06 02 10 FF 39 00 05 00 03 00 53 02 00 00 11 0C 14 09 2B AA 
21-12-17 at 08:05:01:941 Send 06 
21-12-17 at 08:07:06:538 Send 05 
21-12-17 at 08:07:06:554 Recived 15 
21-12-17 at 08:07:06:554 Send 06 
21-12-17 at 08:07:06:585 Send 02 06 FF 39 1E 00 00 00 DE 
21-12-17 at 08:07:06:601 Recived 06 02 10 FF 39 00 05 00 03 00 53 02 00 00 11 0C 14 09 2B AA 
21-12-17 at 08:07:06:632 Send 06 
21-12-17 at 08:09:11:229 Send 05 
21-12-17 at 08:09:11:245 Recived 15 
21-12-17 at 08:09:11:245 Send 06 
21-12-17 at 08:09:11:276 Send 02 06 FF 39 1E 00 00 00 DE 
21-12-17 at 08:09:11:291 Recived 06 02 10 FF 39 00 05 00 03 00 53 02 00 00 11 0C 14 09 2B AA 
21-12-17 at 08:09:11:307 Send 06 
21-12-17 at 08:11:15:904 Send 05 
21-12-17 at 08:11:15:920 Recived 15 
21-12-17 at 08:11:15:935 Send 06 
21-12-17 at 08:11:15:967 Send 02 06 FF 39 1E 00 00 00 DE 
21-12-17 at 08:11:15:982 Recived 06 02 10 FF 39 00 05 00 03 00 53 02 00 00 11 0C 14 09 2B AA 
21-12-17 at 08:11:15:998 Send 06 
21-12-17 at 08:13:20:595 Send 05 
21-12-17 at 08:13:20:611 Recived 15 
21-12-17 at 08:13:20:611 Send 06 
21-12-17 at 08:13:20:642 Send 02 06 FF 39 1E 00 00 00 DE 
21-12-17 at 08:13:20:657 Recived 06 02 10 FF 39 00 05 00 03 00 53 02 00 00 11 0C 14 09 2B AA 
21-12-17 at 08:13:20:689 Send 06 
21-12-17 at 08:15:25:286 Send 05 
21-12-17 at 08:15:25:301 Recived 15 
21-12-17 at 08:15:25:301 Send 06 
21-12-17 at 08:15:25:333 Send 02 06 FF 39 1E 00 00 00 DE 
21-12-17 at 08:15:25:348 Recived 06 02 10 FF 39 00 05 00 03 00 53 02 00 00 11 0C 14 09 2B AA 
21-12-17 at 08:15:25:379 Send 06 
21-12-17 at 08:17:29:977 Send 05 
21-12-17 at 08:17:29:992 Recived 15 
21-12-17 at 08:17:29:992 Send 06 
21-12-17 at 08:17:30:023 Send 02 06 FF 39 1E 00 00 00 DE 
21-12-17 at 08:17:30:039 Recived 06 02 10 FF 39 00 05 00 03 00 53 02 00 00 11 0C 14 09 2B AA 
21-12-17 at 08:17:30:070 Send 06 
21-12-17 at 08:19:34:667 Send 05 
21-12-17 at 08:19:34:683 Recived 15 
21-12-17 at 08:19:34:683 Send 06 
21-12-17 at 08:19:34:714 Send 02 06 FF 39 1E 00 00 00 DE 
21-12-17 at 08:19:34:730 Recived 06 02 10 FF 39 00 05 00 03 00 53 02 00 00 11 0C 14 09 2B AA 
21-12-17 at 08:19:34:761 Send 06 
21-12-17 at 08:21:39:358 Send 05 
21-12-17 at 08:21:39:374 Recived 15 
21-12-17 at 08:21:39:374 Send 06 
21-12-17 at 08:21:39:405 Send 02 06 FF 39 1E 00 00 00 DE 
21-12-17 at 08:21:39:421 Recived 06 02 10 FF 39 00 05 00 03 00 53 02 00 00 11 0C 14 09 2B AA 
21-12-17 at 08:21:39:452 Send 06 
21-12-17 at 08:23:44:049 Send 05 
21-12-17 at 08:23:44:065 Recived 15 
21-12-17 at 08:23:44:065 Send 06 
21-12-17 at 08:23:44:096 Send 02 06 FF 39 1E 00 00 00 DE 
21-12-17 at 08:23:44:111 Recived 06 02 10 FF 39 00 05 00 03 00 53 02 00 00 11 0C 14 09 2B AA 
21-12-17 at 08:23:44:143 Send 06 
21-12-17 at 08:25:48:740 Send 05 
21-12-17 at 08:25:48:755 Recived 15 
21-12-17 at 08:25:48:755 Send 06 
21-12-17 at 08:25:48:787 Send 02 06 FF 39 1E 00 00 00 DE 
21-12-17 at 08:25:48:802 Recived 06 02 10 FF 39 00 05 00 03 00 53 02 00 00 11 0C 14 09 2B AA 
21-12-17 at 08:25:48:833 Send 06 
21-12-17 at 08:27:53:431 Send 05 
21-12-17 at 08:27:53:446 Recived 15 
21-12-17 at 08:27:53:446 Send 06 
21-12-17 at 08:27:53:462 Send 02 06 FF 39 1E 00 00 00 DE 
21-12-17 at 08:27:53:477 Recived 06 02 10 FF 39 00 05 00 03 00 53 02 00 00 11 0C 14 09 2B AA 
21-12-17 at 08:27:53:509 Send 06 
21-12-17 at 08:29:58:090 Send 05 
21-12-17 at 08:29:58:106 Recived 15 
21-12-17 at 08:29:58:106 Send 06 
21-12-17 at 08:29:58:137 Send 02 06 FF 39 1E 00 00 00 DE 
21-12-17 at 08:29:58:153 Recived 06 02 10 FF 39 00 05 00 03 00 53 02 00 00 11 0C 14 09 2B AA 
21-12-17 at 08:29:58:168 Send 06 
21-12-17 at 08:32:02:751 Send 05 
21-12-17 at 08:32:02:767 Recived 15 
21-12-17 at 08:32:02:767 Send 06 
21-12-17 at 08:32:02:798 Send 02 06 FF 39 1E 00 00 00 DE 
21-12-17 at 08:32:02:814 Recived 06 02 10 FF 39 00 05 00 03 00 53 02 00 00 11 0C 14 09 2B AA 
21-12-17 at 08:32:02:845 Send 06 
21-12-17 at 08:34:07:442 Send 05 
21-12-17 at 08:34:07:458 Recived 15 
21-12-17 at 08:34:07:458 Send 06 
21-12-17 at 08:34:07:489 Send 02 06 FF 39 1E 00 00 00 DE 
21-12-17 at 08:34:07:505 Recived 06 02 10 FF 39 00 05 00 03 00 53 02 00 00 11 0C 14 09 2B AA 
21-12-17 at 08:34:07:536 Send 06 
21-12-17 at 08:36:12:133 Send 05 
21-12-17 at 08:36:12:149 Recived 15 
21-12-17 at 08:36:12:149 Send 06 
21-12-17 at 08:36:12:180 Send 02 06 FF 39 1E 00 00 00 DE 
21-12-17 at 08:36:12:195 Recived 06 02 10 FF 39 00 05 00 03 00 53 02 00 00 11 0C 14 09 2B AA 
21-12-17 at 08:36:12:227 Send 06 
21-12-17 at 08:38:16:604 Send 05 
21-12-17 at 08:38:16:619 Recived 15 
21-12-17 at 08:38:16:619 Send 06 
21-12-17 at 08:38:16:634 Send 02 06 FF 39 1E 00 00 00 DE 
21-12-17 at 08:38:16:649 Recived 06 02 10 FF 39 00 05 00 03 00 53 02 00 00 11 0C 14 09 2B AA 
21-12-17 at 08:38:16:664 Send 06 
21-12-17 at 08:40:17:804 Send 05 
21-12-17 at 08:40:17:819 Recived 15 
21-12-17 at 08:40:17:819 Send 06 
21-12-17 at 08:40:17:834 Send 02 06 FF 39 1E 00 00 00 DE 
21-12-17 at 08:40:17:849 Recived 06 02 10 FF 39 00 05 00 03 00 53 02 00 00 11 0C 14 09 2B AA 
21-12-17 at 08:40:17:864 Send 06 
21-12-17 at 08:42:19:004 Send 05 
21-12-17 at 08:42:19:019 Recived 15 
21-12-17 at 08:42:19:019 Send 06 
21-12-17 at 08:42:19:034 Send 02 06 FF 39 1E 00 00 00 DE 
21-12-17 at 08:42:19:049 Recived 06 02 10 FF 39 00 05 00 03 00 53 02 00 00 11 0C 14 09 2B AA 
21-12-17 at 08:42:19:064 Send 06 
21-12-17 at 08:44:20:204 Send 05 
21-12-17 at 08:44:20:219 Recived 15 
21-12-17 at 08:44:20:219 Send 06 
21-12-17 at 08:44:20:234 Send 02 06 FF 39 1E 00 00 00 DE 
21-12-17 at 08:44:20:249 Recived 06 02 10 FF 39 00 05 00 03 00 53 02 00 00 11 0C 14 09 2B AA 
21-12-17 at 08:44:20:264 Send 06 
21-12-17 at 08:46:21:629 Send 05 
21-12-17 at 08:46:21:644 Recived 15 
21-12-17 at 08:46:21:644 Send 06 
21-12-17 at 08:46:21:659 Send 02 06 FF 39 1E 00 00 00 DE 
21-12-17 at 08:46:21:674 Recived 06 02 10 FF 39 00 05 00 03 00 53 02 00 00 11 0C 14 09 2B AA 
21-12-17 at 08:46:21:689 Send 06 
21-12-17 at 08:48:22:829 Send 05 
21-12-17 at 08:48:22:844 Recived 15 
21-12-17 at 08:48:22:844 Send 06 
21-12-17 at 08:48:22:859 Send 02 06 FF 39 1E 00 00 00 DE 
21-12-17 at 08:48:22:874 Recived 06 02 10 FF 39 00 05 00 03 00 53 02 00 00 11 0C 14 09 2B AA 
21-12-17 at 08:48:22:889 Send 06 
21-12-17 at 08:50:24:014 Send 05 
21-12-17 at 08:50:24:029 Recived 15 
21-12-17 at 08:50:24:029 Send 06 
21-12-17 at 08:50:24:044 Send 02 06 FF 39 1E 00 00 00 DE 
21-12-17 at 08:50:24:059 Recived 06 02 10 FF 39 00 05 00 03 00 53 02 00 00 11 0C 14 09 2B AA 
21-12-17 at 08:50:24:074 Send 06 
21-12-17 at 08:52:25:199 Send 05 
21-12-17 at 08:52:25:214 Recived 15 
21-12-17 at 08:52:25:214 Send 06 
21-12-17 at 08:52:25:229 Send 02 06 FF 39 1E 00 00 00 DE 
21-12-17 at 08:52:25:244 Recived 06 02 10 FF 39 00 05 00 03 00 53 02 00 00 11 0C 14 09 2B AA 
21-12-17 at 08:52:25:259 Send 06 
21-12-17 at 08:54:26:384 Send 05 
21-12-17 at 08:54:26:399 Recived 15 
21-12-17 at 08:54:26:399 Send 06 
21-12-17 at 08:54:26:414 Send 02 06 FF 39 1E 00 00 00 DE 
21-12-17 at 08:54:26:429 Recived 06 02 10 FF 39 00 05 00 03 00 53 02 00 00 11 0C 14 09 2B AA 
21-12-17 at 08:54:26:444 Send 06 
21-12-17 at 08:56:27:569 Send 05 
21-12-17 at 08:56:27:584 Recived 15 
21-12-17 at 08:56:27:584 Send 06 
21-12-17 at 08:56:27:599 Send 02 06 FF 39 1E 00 00 00 DE 
21-12-17 at 08:56:27:614 Recived 06 02 10 FF 39 00 05 00 03 00 53 02 00 00 11 0C 14 09 2B AA 
21-12-17 at 08:56:27:629 Send 06 
21-12-17 at 08:58:28:754 Send 05 
21-12-17 at 08:58:28:769 Recived 15 
21-12-17 at 08:58:28:769 Send 06 
21-12-17 at 08:58:28:784 Send 02 06 FF 39 1E 00 00 00 DE 
21-12-17 at 08:58:28:799 Recived 06 02 10 FF 39 00 05 00 03 00 53 02 00 00 11 0C 14 09 2B AA 
21-12-17 at 08:58:28:814 Send 06 
21-12-17 at 09:00:29:939 Send 05 
21-12-17 at 09:00:29:954 Recived 15 
21-12-17 at 09:00:29:954 Send 06 
21-12-17 at 09:00:29:969 Send 02 06 FF 39 1E 00 00 00 DE 
21-12-17 at 09:00:29:984 Recived 06 02 10 FF 39 00 05 00 03 00 53 02 00 00 11 0C 14 09 2B AA 
21-12-17 at 09:00:29:999 Send 06 
21-12-17 at 09:02:31:124 Send 05 
21-12-17 at 09:02:31:139 Recived 15 
21-12-17 at 09:02:31:139 Send 06 
21-12-17 at 09:02:31:154 Send 02 06 FF 39 1E 00 00 00 DE 
21-12-17 at 09:02:31:169 Recived 06 02 10 FF 39 00 05 00 03 00 53 02 00 00 11 0C 14 09 2B AA 
21-12-17 at 09:02:31:184 Send 06 
21-12-17 at 09:04:32:309 Send 05 
21-12-17 at 09:04:32:324 Recived 15 
21-12-17 at 09:04:32:324 Send 06 
21-12-17 at 09:04:32:339 Send 02 06 FF 39 1E 00 00 00 DE 
21-12-17 at 09:04:32:354 Recived 06 02 10 FF 39 00 05 00 03 00 53 02 00 00 11 0C 14 09 2B AA 
21-12-17 at 09:04:32:369 Send 06 
21-12-17 at 09:06:33:494 Send 05 
21-12-17 at 09:06:33:509 Recived 15 
21-12-17 at 09:06:33:509 Send 06 
21-12-17 at 09:06:33:524 Send 02 06 FF 39 1E 00 00 00 DE 
21-12-17 at 09:06:33:539 Recived 06 02 10 FF 39 00 05 00 03 00 53 02 00 00 11 0C 14 09 2B AA 
21-12-17 at 09:06:33:554 Send 06 
21-12-17 at 09:08:34:679 Send 05 
21-12-17 at 09:08:34:694 Recived 15 
21-12-17 at 09:08:34:694 Send 06 
21-12-17 at 09:08:34:709 Send 02 06 FF 39 1E 00 00 00 DE 
21-12-17 at 09:08:34:724 Recived 06 02 10 FF 39 00 05 00 03 00 53 02 00 00 11 0C 14 09 2B AA 
21-12-17 at 09:08:34:739 Send 06 
21-12-17 at 09:10:35:864 Send 05 
21-12-17 at 09:10:35:879 Recived 15 
21-12-17 at 09:10:35:879 Send 06 
21-12-17 at 09:10:35:894 Send 02 06 FF 39 1E 00 00 00 DE 
21-12-17 at 09:10:35:909 Recived 06 02 10 FF 39 00 05 00 03 00 53 02 00 00 11 0C 14 09 2B AA 
21-12-17 at 09:10:35:924 Send 06 
21-12-17 at 09:12:37:049 Send 05 
21-12-17 at 09:12:37:064 Recived 15 
21-12-17 at 09:12:37:064 Send 06 
21-12-17 at 09:12:37:079 Send 02 06 FF 39 1E 00 00 00 DE 
21-12-17 at 09:12:37:094 Recived 06 02 10 FF 39 00 05 00 03 00 53 02 00 00 11 0C 14 09 2B AA 
21-12-17 at 09:12:37:109 Send 06 
21-12-17 at 09:14:38:234 Send 05 
21-12-17 at 09:14:38:249 Recived 15 
21-12-17 at 09:14:38:249 Send 06 
21-12-17 at 09:14:38:264 Send 02 06 FF 39 1E 00 00 00 DE 
21-12-17 at 09:14:38:279 Recived 06 02 10 FF 39 00 05 00 03 00 53 02 00 00 11 0C 14 09 2B AA 
21-12-17 at 09:14:38:294 Send 06 
21-12-17 at 09:16:39:419 Send 05 
21-12-17 at 09:16:39:434 Recived 15 
21-12-17 at 09:16:39:434 Send 06 
21-12-17 at 09:16:39:449 Send 02 06 FF 39 1E 00 00 00 DE 
21-12-17 at 09:16:39:464 Recived 06 02 10 FF 39 00 05 00 03 00 53 02 00 00 11 0C 14 09 2B AA 
21-12-17 at 09:16:39:479 Send 06 
21-12-17 at 09:18:40:664 Send 05 
21-12-17 at 09:18:40:679 Recived 15 
21-12-17 at 09:18:40:679 Send 06 
21-12-17 at 09:18:40:694 Send 02 06 FF 39 1E 00 00 00 DE 
21-12-17 at 09:18:40:709 Recived 06 02 10 FF 39 00 05 00 03 00 53 02 00 00 11 0C 14 09 2B AA 
21-12-17 at 09:18:40:724 Send 06 
21-12-17 at 09:20:24:002 total calculated
21-12-17 at 09:20:24:002 now show on display
21-12-17 at 09:20:24:003                     :          0.00
21-12-17 at 09:20:24:003 now clear port error ...
21-12-17 at 09:20:24:003 now write to port ...
21-12-17 at 09:20:24:137 ... done
21-12-17 at 09:20:24:137 total calculated
21-12-17 at 09:20:24:138 now show on display
21-12-17 at 09:20:24:138                     :          0.00
21-12-17 at 09:20:24:138 now clear port error ...
21-12-17 at 09:20:24:138 now write to port ...
21-12-17 at 09:20:24:309 ... done
21-12-17 at 09:20:24:311 111
21-12-17 at 09:20:24:311   
