27-09-17 at 11:04:07:527 Инициализация считана из файла
27-09-17 at 11:04:07:528 Чек загружен
27-09-17 at 11:04:07:529 total calculated
27-09-17 at 11:04:07:529 now show on display
27-09-17 at 11:04:07:529                     Всего:          0.00
27-09-17 at 11:04:07:529 now open port for display
27-09-17 at 11:04:07:530 Com port opened
27-09-17 at 11:04:07:530 now clear port error ...
27-09-17 at 11:04:07:530 now write to port ...
27-09-17 at 11:04:07:664 ... done
27-09-17 at 11:04:07:664 Чек сжат
27-09-17 at 11:04:07:664 Сумма чека посчитана
27-09-17 at 11:04:07:665 Кардридер создан
27-09-17 at 11:04:07:665 Задание запуска модулей создано
27-09-17 at 11:04:07:665 Сканер создан
27-09-17 at 11:04:07:665 Регистратор создан
27-09-17 at 11:04:07:666 Часы созданы
27-09-17 at 11:04:07:666 Регистратор запущен
27-09-17 at 11:04:07:666 Сканер запущен
27-09-17 at 11:04:07:666 Часы запущены
27-09-17 at 11:04:07:666 Кардридер запущен
27-09-17 at 11:04:07:667 Передача данных запущена
27-09-17 at 11:04:07:682 Send 05 
27-09-17 at 11:04:07:697 Recived 15 
27-09-17 at 11:04:07:697 Send 06 
27-09-17 at 11:04:07:712 Send 02 05 11 1E 00 00 00 0A 
27-09-17 at 11:04:07:727 Recived 06 02 30 11 00 1E 43 31 0E 93 13 04 11 01 08 01 B0 02 02 00 00 4E 41 00 00 01 01 10 1B 09 11 0B 04 0A 00 2E 5D 00 00 4E 00 00 00 00 00 D2 E9 1E 42 01 00 2C 
27-09-17 at 11:04:07:742 Send 06 
27-09-17 at 11:04:07:748 KKMStatus 
27-09-17 at 11:04:07:757 Send 05 
27-09-17 at 11:04:07:772 Recived 15 
27-09-17 at 11:04:07:772 Send 06 
27-09-17 at 11:04:07:787 Send 02 05 11 1E 00 00 00 0A 
27-09-17 at 11:04:07:802 Recived 06 02 30 11 00 1E 43 31 0E 93 13 04 11 01 08 01 B0 02 02 00 00 4E 41 00 00 01 01 10 1B 09 11 0B 04 0A 00 2E 5D 00 00 4E 00 00 00 00 00 D2 E9 1E 42 01 00 2C 
27-09-17 at 11:04:07:817 Send 06 
27-09-17 at 11:04:07:818 KKMStatus 0200
27-09-17 at 11:04:07:818 Номер ФР считан
27-09-17 at 11:04:08:160 СУБД подключена
27-09-17 at 11:04:08:187 Send 05 
27-09-17 at 11:04:08:202 Recived 15 
27-09-17 at 11:04:08:202 Send 06 
27-09-17 at 11:04:08:217 Send 02 0A 1E 1E 00 00 00 01 01 00 01 01 0A 
27-09-17 at 11:04:08:232 Recived 06 02 02 1E 00 1C 
27-09-17 at 11:04:08:247 Send 06 
27-09-17 at 11:04:08:262 Send 05 
27-09-17 at 11:04:08:277 Recived 15 
27-09-17 at 11:04:08:277 Send 06 
27-09-17 at 11:04:08:292 Send 02 0A 1E 1E 00 00 00 01 01 00 05 02 0D 
27-09-17 at 11:04:08:307 Recived 06 02 02 1E 00 1C 
27-09-17 at 11:04:08:322 Send 06 
27-09-17 at 11:04:08:337 Send 05 
27-09-17 at 11:04:08:352 Recived 15 
27-09-17 at 11:04:08:352 Send 06 
27-09-17 at 11:04:08:367 Send 02 0A 1E 1E 00 00 00 01 01 00 23 01 28 
27-09-17 at 11:04:08:382 Recived 06 02 02 1E 00 1C 
27-09-17 at 11:04:08:397 Send 06 
27-09-17 at 11:04:08:412 Send 05 
27-09-17 at 11:04:08:427 Recived 15 
27-09-17 at 11:04:08:427 Send 06 
27-09-17 at 11:04:08:442 Send 02 0A 1E 1E 00 00 00 01 01 00 06 00 0C 
27-09-17 at 11:04:08:457 Recived 06 02 02 1E 00 1C 
27-09-17 at 11:04:08:472 Send 06 
27-09-17 at 11:04:08:487 Send 05 
27-09-17 at 11:04:08:502 Recived 15 
27-09-17 at 11:04:08:502 Send 06 
27-09-17 at 11:04:08:517 Send 02 0A 1E 1E 00 00 00 01 01 00 07 01 0C 
27-09-17 at 11:04:08:532 Recived 06 02 02 1E 00 1C 
27-09-17 at 11:04:08:547 Send 06 
27-09-17 at 11:04:08:562 Send 05 
27-09-17 at 11:04:08:577 Recived 15 
27-09-17 at 11:04:08:577 Send 06 
27-09-17 at 11:04:08:592 Send 02 0A 1E 1E 00 00 00 01 01 00 14 01 1F 
27-09-17 at 11:04:08:607 Recived 06 02 02 1E 00 1C 
27-09-17 at 11:04:08:622 Send 06 
27-09-17 at 11:04:08:637 Send 05 
27-09-17 at 11:04:08:652 Recived 15 
27-09-17 at 11:04:08:652 Send 06 
27-09-17 at 11:04:08:667 Send 02 0A 1E 1E 00 00 00 01 01 00 15 01 1E 
27-09-17 at 11:04:08:682 Recived 06 02 02 1E 00 1C 
27-09-17 at 11:04:08:697 Send 06 
27-09-17 at 11:04:08:712 Send 05 
27-09-17 at 11:04:08:727 Recived 15 
27-09-17 at 11:04:08:727 Send 06 
27-09-17 at 11:04:08:742 Send 02 0A 1E 1E 00 00 00 01 01 00 0F 00 05 
27-09-17 at 11:04:08:757 Recived 06 02 02 1E 00 1C 
27-09-17 at 11:04:08:772 Send 06 
27-09-17 at 11:04:08:787 Send 05 
27-09-17 at 11:04:08:802 Recived 15 
27-09-17 at 11:04:08:802 Send 06 
27-09-17 at 11:04:08:817 Send 02 0A 1E 1E 00 00 00 01 01 00 11 00 1B 
27-09-17 at 11:04:08:832 Recived 06 02 02 1E 00 1C 
27-09-17 at 11:04:08:847 Send 06 
27-09-17 at 11:04:08:862 Send 05 
27-09-17 at 11:04:08:877 Recived 15 
27-09-17 at 11:04:08:877 Send 06 
27-09-17 at 11:04:08:892 Send 02 0A 1E 1E 00 00 00 11 01 00 03 02 1B 
27-09-17 at 11:04:08:907 Recived 06 02 02 1E 00 1C 
27-09-17 at 11:04:08:922 Send 06 
27-09-17 at 11:04:08:937 Send 05 
27-09-17 at 11:04:08:952 Recived 15 
27-09-17 at 11:04:08:952 Send 06 
27-09-17 at 11:04:08:967 Send 02 0A 1E 1E 00 00 00 01 01 00 29 01 22 
27-09-17 at 11:04:08:982 Recived 06 02 02 1E 00 1C 
27-09-17 at 11:04:08:997 Send 06 
27-09-17 at 11:04:09:012 Send 05 
27-09-17 at 11:04:09:027 Recived 15 
27-09-17 at 11:04:09:027 Send 06 
27-09-17 at 11:04:09:042 Send 02 26 1E 1E 00 00 00 04 0C 00 01 20 20 20 20 20 20 20 20 20 20 20 C4 CE C1 D0 CE 20 CF CE C6 C0 CB CE C2 C0 D2 DC 21 00 D5 
27-09-17 at 11:04:09:059 Recived 06 02 02 1E 00 1C 
27-09-17 at 11:04:09:074 Send 06 
27-09-17 at 11:04:09:089 Send 05 
27-09-17 at 11:04:09:104 Recived 15 
27-09-17 at 11:04:09:104 Send 06 
27-09-17 at 11:04:09:119 Send 02 29 1E 1E 00 00 00 04 0D 00 01 20 20 20 20 20 20 20 20 CE CE CE 20 CA EE EC EF E0 ED E8 FF 20 27 CA CE CB CE D0 CB CE CD 27 00 CB 
27-09-17 at 11:04:09:137 Recived 06 02 02 1E 00 1C 
27-09-17 at 11:04:09:152 Send 06 
27-09-17 at 11:04:09:167 Send 05 
27-09-17 at 11:04:09:182 Recived 15 
27-09-17 at 11:04:09:182 Send 06 
27-09-17 at 11:04:09:197 Send 02 2D 1E 1E 00 00 00 04 0E 00 01 20 20 20 20 20 CC E0 E3 E0 E7 E8 ED 20 27 C2 F1 E5 20 F2 EE E2 E0 F0 FB 20 E4 EB FF 20 E4 EE EC E0 27 20 00 DE 
27-09-17 at 11:04:09:215 Recived 06 02 02 1E 00 1C 
27-09-17 at 11:04:09:230 Send 06 
27-09-17 at 11:04:09:324 now clear port error ...
27-09-17 at 11:04:09:324 now write to port ...
27-09-17 at 11:04:09:458 ... done
27-09-17 at 11:04:09:500 Send 05 
27-09-17 at 11:04:09:515 Recived 15 
27-09-17 at 11:04:09:515 Send 06 
27-09-17 at 11:04:09:530 Send 02 06 1A 1E 00 00 00 79 7B 
27-09-17 at 11:04:09:545 Recived 06 02 09 1A 00 1E 2C 14 01 00 00 00 34 
27-09-17 at 11:04:09:560 Send 06 
27-09-17 at 11:04:12:735 Cardreader  Антонов Сергей 
27-09-17 at 11:04:12:740 Send 05 
27-09-17 at 11:04:12:757 Recived 15 
27-09-17 at 11:04:12:757 Send 06 
27-09-17 at 11:04:12:772 Send 02 20 1E 1E 00 00 00 02 1E 00 02 CA E0 F1 F1 E8 F0 20 C0 ED F2 EE ED EE E2 20 D1 E5 F0 E3 E5 E9 20 00 D7 
27-09-17 at 11:04:12:790 Recived 06 02 02 1E 00 1C 
27-09-17 at 11:04:12:805 Send 06 
27-09-17 at 11:04:12:806 now clear port error ...
27-09-17 at 11:04:12:806 now write to port ...
27-09-17 at 11:04:12:939 ... done
27-09-17 at 11:04:13:735 Send 05 
27-09-17 at 11:04:13:750 Recived 15 
27-09-17 at 11:04:13:750 Send 06 
27-09-17 at 11:04:13:765 Send 02 06 FF 39 1E 00 00 00 DE 
27-09-17 at 11:04:13:780 Recived 06 02 10 FF 39 00 00 00 00 00 00 00 00 00 00 00 00 00 00 D6 
27-09-17 at 11:04:13:795 Send 06 
27-09-17 at 11:04:14:270 total calculated
27-09-17 at 11:04:14:270 now show on display
27-09-17 at 11:04:14:270                     Всего:          0.00
27-09-17 at 11:04:14:270 now clear port error ...
27-09-17 at 11:04:14:271 now write to port ...
27-09-17 at 11:04:14:404 ... done
27-09-17 at 11:04:14:405 total calculated
27-09-17 at 11:04:14:405 now show on display
27-09-17 at 11:04:14:405                     Всего:          0.00
27-09-17 at 11:04:14:405 now clear port error ...
27-09-17 at 11:04:14:406 now write to port ...
27-09-17 at 11:04:14:576 ... done
27-09-17 at 11:04:14:578 111
27-09-17 at 13:23:04:036 Инициализация считана из файла
27-09-17 at 13:23:04:036 Чек загружен
27-09-17 at 13:23:04:037 total calculated
27-09-17 at 13:23:04:037 now show on display
27-09-17 at 13:23:04:037                     Всего:          0.00
27-09-17 at 13:23:04:037 now open port for display
27-09-17 at 13:23:04:038 Com port opened
27-09-17 at 13:23:04:039 now clear port error ...
27-09-17 at 13:23:04:039 now write to port ...
27-09-17 at 13:23:04:172 ... done
27-09-17 at 13:23:04:173 Чек сжат
27-09-17 at 13:23:04:173 Сумма чека посчитана
27-09-17 at 13:23:04:173 Кардридер создан
27-09-17 at 13:23:04:173 Задание запуска модулей создано
27-09-17 at 13:23:04:173 Сканер создан
27-09-17 at 13:23:04:174 Регистратор создан
27-09-17 at 13:23:04:174 Часы созданы
27-09-17 at 13:23:04:174 Регистратор запущен
27-09-17 at 13:23:04:174 Сканер запущен
27-09-17 at 13:23:04:174 Часы запущены
27-09-17 at 13:23:04:175 Кардридер запущен
27-09-17 at 13:23:04:175 Передача данных запущена
27-09-17 at 13:23:04:175 Send 05 
27-09-17 at 13:23:04:191 Recived 15 
27-09-17 at 13:23:04:191 Send 06 
27-09-17 at 13:23:04:206 Send 02 05 11 1E 00 00 00 0A 
27-09-17 at 13:23:04:221 Recived 06 02 30 11 00 1E 43 31 0E 93 13 04 11 01 08 01 B0 02 02 00 00 4E 41 00 00 01 01 10 1B 09 11 0D 17 07 00 2E 5D 00 00 4E 00 00 00 00 00 D2 E9 1E 42 01 00 34 
27-09-17 at 13:23:04:236 Send 06 
27-09-17 at 13:23:04:245 KKMStatus 
27-09-17 at 13:23:04:251 Send 05 
27-09-17 at 13:23:04:266 Recived 15 
27-09-17 at 13:23:04:266 Send 06 
27-09-17 at 13:23:04:281 Send 02 05 11 1E 00 00 00 0A 
27-09-17 at 13:23:04:296 Recived 06 02 30 11 00 1E 43 31 0E 93 13 04 11 01 08 01 B0 02 02 00 00 4E 41 00 00 01 01 10 1B 09 11 0D 17 07 00 2E 5D 00 00 4E 00 00 00 00 00 D2 E9 1E 42 01 00 34 
27-09-17 at 13:23:04:311 Send 06 
27-09-17 at 13:23:04:315 KKMStatus 0200
27-09-17 at 13:23:04:315 Номер ФР считан
27-09-17 at 13:23:04:641 СУБД подключена
27-09-17 at 13:23:04:665 Send 05 
27-09-17 at 13:23:04:680 Recived 15 
27-09-17 at 13:23:04:680 Send 06 
27-09-17 at 13:23:04:695 Send 02 0A 1E 1E 00 00 00 01 01 00 01 01 0A 
27-09-17 at 13:23:04:710 Recived 06 02 02 1E 00 1C 
27-09-17 at 13:23:04:725 Send 06 
27-09-17 at 13:23:04:740 Send 05 
27-09-17 at 13:23:04:755 Recived 15 
27-09-17 at 13:23:04:755 Send 06 
27-09-17 at 13:23:04:770 Send 02 0A 1E 1E 00 00 00 01 01 00 05 02 0D 
27-09-17 at 13:23:04:785 Recived 06 02 02 1E 00 1C 
27-09-17 at 13:23:04:800 Send 06 
27-09-17 at 13:23:04:815 Send 05 
27-09-17 at 13:23:04:830 Recived 15 
27-09-17 at 13:23:04:830 Send 06 
27-09-17 at 13:23:04:845 Send 02 0A 1E 1E 00 00 00 01 01 00 23 01 28 
27-09-17 at 13:23:04:860 Recived 06 02 02 1E 00 1C 
27-09-17 at 13:23:04:875 Send 06 
27-09-17 at 13:23:04:890 Send 05 
27-09-17 at 13:23:04:905 Recived 15 
27-09-17 at 13:23:04:905 Send 06 
27-09-17 at 13:23:04:920 Send 02 0A 1E 1E 00 00 00 01 01 00 06 00 0C 
27-09-17 at 13:23:04:935 Recived 06 02 02 1E 00 1C 
27-09-17 at 13:23:04:950 Send 06 
27-09-17 at 13:23:04:965 Send 05 
27-09-17 at 13:23:04:980 Recived 15 
27-09-17 at 13:23:04:980 Send 06 
27-09-17 at 13:23:04:995 Send 02 0A 1E 1E 00 00 00 01 01 00 07 01 0C 
27-09-17 at 13:23:05:010 Recived 06 02 02 1E 00 1C 
27-09-17 at 13:23:05:025 Send 06 
27-09-17 at 13:23:05:040 Send 05 
27-09-17 at 13:23:05:055 Recived 15 
27-09-17 at 13:23:05:055 Send 06 
27-09-17 at 13:23:05:070 Send 02 0A 1E 1E 00 00 00 01 01 00 14 01 1F 
27-09-17 at 13:23:05:085 Recived 06 02 02 1E 00 1C 
27-09-17 at 13:23:05:100 Send 06 
27-09-17 at 13:23:05:115 Send 05 
27-09-17 at 13:23:05:130 Recived 15 
27-09-17 at 13:23:05:130 Send 06 
27-09-17 at 13:23:05:145 Send 02 0A 1E 1E 00 00 00 01 01 00 15 01 1E 
27-09-17 at 13:23:05:160 Recived 06 02 02 1E 00 1C 
27-09-17 at 13:23:05:175 Send 06 
27-09-17 at 13:23:05:190 Send 05 
27-09-17 at 13:23:05:205 Recived 15 
27-09-17 at 13:23:05:205 Send 06 
27-09-17 at 13:23:05:220 Send 02 0A 1E 1E 00 00 00 01 01 00 0F 00 05 
27-09-17 at 13:23:05:235 Recived 06 02 02 1E 00 1C 
27-09-17 at 13:23:05:250 Send 06 
27-09-17 at 13:23:05:265 Send 05 
27-09-17 at 13:23:05:280 Recived 15 
27-09-17 at 13:23:05:280 Send 06 
27-09-17 at 13:23:05:295 Send 02 0A 1E 1E 00 00 00 01 01 00 11 00 1B 
27-09-17 at 13:23:05:310 Recived 06 02 02 1E 00 1C 
27-09-17 at 13:23:05:325 Send 06 
27-09-17 at 13:23:05:340 Send 05 
27-09-17 at 13:23:05:355 Recived 15 
27-09-17 at 13:23:05:355 Send 06 
27-09-17 at 13:23:05:370 Send 02 0A 1E 1E 00 00 00 11 01 00 03 02 1B 
27-09-17 at 13:23:05:385 Recived 06 02 02 1E 00 1C 
27-09-17 at 13:23:05:400 Send 06 
27-09-17 at 13:23:05:415 Send 05 
27-09-17 at 13:23:05:430 Recived 15 
27-09-17 at 13:23:05:430 Send 06 
27-09-17 at 13:23:05:445 Send 02 0A 1E 1E 00 00 00 01 01 00 29 01 22 
27-09-17 at 13:23:05:460 Recived 06 02 02 1E 00 1C 
27-09-17 at 13:23:05:475 Send 06 
27-09-17 at 13:23:05:490 Send 05 
27-09-17 at 13:23:05:505 Recived 15 
27-09-17 at 13:23:05:505 Send 06 
27-09-17 at 13:23:05:520 Send 02 26 1E 1E 00 00 00 04 0C 00 01 20 20 20 20 20 20 20 20 20 20 20 C4 CE C1 D0 CE 20 CF CE C6 C0 CB CE C2 C0 D2 DC 21 00 D5 
27-09-17 at 13:23:05:537 Recived 06 02 02 1E 00 1C 
27-09-17 at 13:23:05:552 Send 06 
27-09-17 at 13:23:05:567 Send 05 
27-09-17 at 13:23:05:582 Recived 15 
27-09-17 at 13:23:05:582 Send 06 
27-09-17 at 13:23:05:597 Send 02 29 1E 1E 00 00 00 04 0D 00 01 20 20 20 20 20 20 20 20 CE CE CE 20 CA EE EC EF E0 ED E8 FF 20 27 CA CE CB CE D0 CB CE CD 27 00 CB 
27-09-17 at 13:23:05:614 Recived 06 02 02 1E 00 1C 
27-09-17 at 13:23:05:629 Send 06 
27-09-17 at 13:23:05:644 Send 05 
27-09-17 at 13:23:05:659 Recived 15 
27-09-17 at 13:23:05:659 Send 06 
27-09-17 at 13:23:05:674 Send 02 2D 1E 1E 00 00 00 04 0E 00 01 20 20 20 20 20 CC E0 E3 E0 E7 E8 ED 20 27 C2 F1 E5 20 F2 EE E2 E0 F0 FB 20 E4 EB FF 20 E4 EE EC E0 27 20 00 DE 
27-09-17 at 13:23:05:692 Recived 06 02 02 1E 00 1C 
27-09-17 at 13:23:05:707 Send 06 
27-09-17 at 13:23:05:785 now clear port error ...
27-09-17 at 13:23:05:786 now write to port ...
27-09-17 at 13:23:05:919 ... done
27-09-17 at 13:23:05:949 Send 05 
27-09-17 at 13:23:05:964 Recived 15 
27-09-17 at 13:23:05:964 Send 06 
27-09-17 at 13:23:05:979 Send 02 06 1A 1E 00 00 00 79 7B 
27-09-17 at 13:23:05:994 Recived 06 02 09 1A 00 1E 2C 14 01 00 00 00 34 
27-09-17 at 13:23:06:009 Send 06 
27-09-17 at 13:23:09:180 Cardreader  Антонов Сергей 
27-09-17 at 13:23:09:190 Send 05 
27-09-17 at 13:23:09:206 Recived 15 
27-09-17 at 13:23:09:206 Send 06 
27-09-17 at 13:23:09:221 Send 02 20 1E 1E 00 00 00 02 1E 00 02 CA E0 F1 F1 E8 F0 20 C0 ED F2 EE ED EE E2 20 D1 E5 F0 E3 E5 E9 20 00 D7 
27-09-17 at 13:23:09:239 Recived 06 02 02 1E 00 1C 
27-09-17 at 13:23:09:254 Send 06 
27-09-17 at 13:23:09:261 now clear port error ...
27-09-17 at 13:23:09:261 now write to port ...
27-09-17 at 13:23:09:395 ... done
27-09-17 at 13:23:10:184 Send 05 
27-09-17 at 13:23:10:199 Recived 15 
27-09-17 at 13:23:10:199 Send 06 
27-09-17 at 13:23:10:214 Send 02 06 FF 39 1E 00 00 00 DE 
27-09-17 at 13:23:10:229 Recived 06 02 10 FF 39 00 00 00 00 00 00 00 00 00 00 00 00 00 00 D6 
27-09-17 at 13:23:10:244 Send 06 
27-09-17 at 13:23:15:615 total calculated
27-09-17 at 13:23:15:615 now show on display
27-09-17 at 13:23:15:615                     Всего:          0.00
27-09-17 at 13:23:15:615 now clear port error ...
27-09-17 at 13:23:15:616 now write to port ...
27-09-17 at 13:23:15:749 ... done
27-09-17 at 13:23:15:750 total calculated
27-09-17 at 13:23:15:750 now show on display
27-09-17 at 13:23:15:750                     Всего:          0.00
27-09-17 at 13:23:15:750 now clear port error ...
27-09-17 at 13:23:15:751 now write to port ...
27-09-17 at 13:23:15:921 ... done
27-09-17 at 13:23:15:923 111
27-09-17 at 13:24:42:007 Инициализация считана из файла
27-09-17 at 13:24:42:007 Чек загружен
27-09-17 at 13:24:42:008 total calculated
27-09-17 at 13:24:42:008 now show on display
27-09-17 at 13:24:42:008                     Всего:          0.00
27-09-17 at 13:24:42:008 now open port for display
27-09-17 at 13:24:42:009 Com port opened
27-09-17 at 13:24:42:009 now clear port error ...
27-09-17 at 13:24:42:009 now write to port ...
27-09-17 at 13:24:42:143 ... done
27-09-17 at 13:24:42:143 Чек сжат
27-09-17 at 13:24:42:143 Сумма чека посчитана
27-09-17 at 13:24:42:144 Кардридер создан
27-09-17 at 13:24:42:144 Задание запуска модулей создано
27-09-17 at 13:24:42:144 Сканер создан
27-09-17 at 13:24:42:144 Регистратор создан
27-09-17 at 13:24:42:144 Часы созданы
27-09-17 at 13:24:42:145 Регистратор запущен
27-09-17 at 13:24:42:145 Сканер запущен
27-09-17 at 13:24:42:146 Часы запущены
27-09-17 at 13:24:42:146 Кардридер запущен
27-09-17 at 13:24:42:146 Передача данных запущена
27-09-17 at 13:24:42:161 Send 05 
27-09-17 at 13:24:42:176 Recived 15 
27-09-17 at 13:24:42:176 Send 06 
27-09-17 at 13:24:42:191 Send 02 05 11 1E 00 00 00 0A 
27-09-17 at 13:24:42:206 Recived 06 02 30 11 00 1E 43 31 0E 93 13 04 11 01 08 01 B0 02 02 00 00 4E 41 00 00 01 01 10 1B 09 11 0D 18 2D 00 2E 5D 00 00 4E 00 00 00 00 00 D2 E9 1E 42 01 00 11 
27-09-17 at 13:24:42:221 Send 06 
27-09-17 at 13:24:42:226 KKMStatus 
27-09-17 at 13:24:42:236 Send 05 
27-09-17 at 13:24:42:251 Recived 15 
27-09-17 at 13:24:42:251 Send 06 
27-09-17 at 13:24:42:266 Send 02 05 11 1E 00 00 00 0A 
27-09-17 at 13:24:42:281 Recived 06 02 30 11 00 1E 43 31 0E 93 13 04 11 01 08 01 B0 02 02 00 00 4E 41 00 00 01 01 10 1B 09 11 0D 18 2D 00 2E 5D 00 00 4E 00 00 00 00 00 D2 E9 1E 42 01 00 11 
27-09-17 at 13:24:42:296 Send 06 
27-09-17 at 13:24:42:306 KKMStatus 0200
27-09-17 at 13:24:42:306 Номер ФР считан
27-09-17 at 13:24:42:589 СУБД подключена
27-09-17 at 13:24:42:614 Send 05 
27-09-17 at 13:24:42:629 Recived 15 
27-09-17 at 13:24:42:629 Send 06 
27-09-17 at 13:24:42:644 Send 02 0A 1E 1E 00 00 00 01 01 00 01 01 0A 
27-09-17 at 13:24:42:659 Recived 06 02 02 1E 00 1C 
27-09-17 at 13:24:42:674 Send 06 
27-09-17 at 13:24:42:689 Send 05 
27-09-17 at 13:24:42:704 Recived 15 
27-09-17 at 13:24:42:704 Send 06 
27-09-17 at 13:24:42:719 Send 02 0A 1E 1E 00 00 00 01 01 00 05 02 0D 
27-09-17 at 13:24:42:734 Recived 06 02 02 1E 00 1C 
27-09-17 at 13:24:42:749 Send 06 
27-09-17 at 13:24:42:764 Send 05 
27-09-17 at 13:24:42:779 Recived 15 
27-09-17 at 13:24:42:779 Send 06 
27-09-17 at 13:24:42:794 Send 02 0A 1E 1E 00 00 00 01 01 00 23 01 28 
27-09-17 at 13:24:42:809 Recived 06 02 02 1E 00 1C 
27-09-17 at 13:24:42:824 Send 06 
27-09-17 at 13:24:42:839 Send 05 
27-09-17 at 13:24:42:854 Recived 15 
27-09-17 at 13:24:42:854 Send 06 
27-09-17 at 13:24:42:869 Send 02 0A 1E 1E 00 00 00 01 01 00 06 00 0C 
27-09-17 at 13:24:42:884 Recived 06 02 02 1E 00 1C 
27-09-17 at 13:24:42:899 Send 06 
27-09-17 at 13:24:42:914 Send 05 
27-09-17 at 13:24:42:929 Recived 15 
27-09-17 at 13:24:42:929 Send 06 
27-09-17 at 13:24:42:944 Send 02 0A 1E 1E 00 00 00 01 01 00 07 01 0C 
27-09-17 at 13:24:42:959 Recived 06 02 02 1E 00 1C 
27-09-17 at 13:24:42:974 Send 06 
27-09-17 at 13:24:42:989 Send 05 
27-09-17 at 13:24:43:004 Recived 15 
27-09-17 at 13:24:43:004 Send 06 
27-09-17 at 13:24:43:019 Send 02 0A 1E 1E 00 00 00 01 01 00 14 01 1F 
27-09-17 at 13:24:43:034 Recived 06 02 02 1E 00 1C 
27-09-17 at 13:24:43:049 Send 06 
27-09-17 at 13:24:43:064 Send 05 
27-09-17 at 13:24:43:079 Recived 15 
27-09-17 at 13:24:43:079 Send 06 
27-09-17 at 13:24:43:094 Send 02 0A 1E 1E 00 00 00 01 01 00 15 01 1E 
27-09-17 at 13:24:43:109 Recived 06 02 02 1E 00 1C 
27-09-17 at 13:24:43:124 Send 06 
27-09-17 at 13:24:43:139 Send 05 
27-09-17 at 13:24:43:154 Recived 15 
27-09-17 at 13:24:43:154 Send 06 
27-09-17 at 13:24:43:169 Send 02 0A 1E 1E 00 00 00 01 01 00 0F 00 05 
27-09-17 at 13:24:43:184 Recived 06 02 02 1E 00 1C 
27-09-17 at 13:24:43:199 Send 06 
27-09-17 at 13:24:43:214 Send 05 
27-09-17 at 13:24:43:229 Recived 15 
27-09-17 at 13:24:43:229 Send 06 
27-09-17 at 13:24:43:244 Send 02 0A 1E 1E 00 00 00 01 01 00 11 00 1B 
27-09-17 at 13:24:43:259 Recived 06 02 02 1E 00 1C 
27-09-17 at 13:24:43:274 Send 06 
27-09-17 at 13:24:43:289 Send 05 
27-09-17 at 13:24:43:304 Recived 15 
27-09-17 at 13:24:43:304 Send 06 
27-09-17 at 13:24:43:319 Send 02 0A 1E 1E 00 00 00 11 01 00 03 02 1B 
27-09-17 at 13:24:43:334 Recived 06 02 02 1E 00 1C 
27-09-17 at 13:24:43:349 Send 06 
27-09-17 at 13:24:43:364 Send 05 
27-09-17 at 13:24:43:379 Recived 15 
27-09-17 at 13:24:43:379 Send 06 
27-09-17 at 13:24:43:394 Send 02 0A 1E 1E 00 00 00 01 01 00 29 01 22 
27-09-17 at 13:24:43:409 Recived 06 02 02 1E 00 1C 
27-09-17 at 13:24:43:424 Send 06 
27-09-17 at 13:24:43:439 Send 05 
27-09-17 at 13:24:43:454 Recived 15 
27-09-17 at 13:24:43:454 Send 06 
27-09-17 at 13:24:43:469 Send 02 26 1E 1E 00 00 00 04 0C 00 01 20 20 20 20 20 20 20 20 20 20 20 C4 CE C1 D0 CE 20 CF CE C6 C0 CB CE C2 C0 D2 DC 21 00 D5 
27-09-17 at 13:24:43:486 Recived 06 02 02 1E 00 1C 
27-09-17 at 13:24:43:501 Send 06 
27-09-17 at 13:24:43:516 Send 05 
27-09-17 at 13:24:43:531 Recived 15 
27-09-17 at 13:24:43:531 Send 06 
27-09-17 at 13:24:43:546 Send 02 29 1E 1E 00 00 00 04 0D 00 01 20 20 20 20 20 20 20 20 CE CE CE 20 CA EE EC EF E0 ED E8 FF 20 27 CA CE CB CE D0 CB CE CD 27 00 CB 
27-09-17 at 13:24:43:564 Recived 06 02 02 1E 00 1C 
27-09-17 at 13:24:43:579 Send 06 
27-09-17 at 13:24:43:594 Send 05 
27-09-17 at 13:24:43:609 Recived 15 
27-09-17 at 13:24:43:609 Send 06 
27-09-17 at 13:24:43:624 Send 02 2D 1E 1E 00 00 00 04 0E 00 01 20 20 20 20 20 CC E0 E3 E0 E7 E8 ED 20 27 C2 F1 E5 20 F2 EE E2 E0 F0 FB 20 E4 EB FF 20 E4 EE EC E0 27 20 00 DE 
27-09-17 at 13:24:43:642 Recived 06 02 02 1E 00 1C 
27-09-17 at 13:24:43:657 Send 06 
27-09-17 at 13:24:43:771 now clear port error ...
27-09-17 at 13:24:43:771 now write to port ...
27-09-17 at 13:24:43:905 ... done
27-09-17 at 13:24:43:927 Send 05 
27-09-17 at 13:24:43:942 Recived 15 
27-09-17 at 13:24:43:942 Send 06 
27-09-17 at 13:24:43:957 Send 02 06 1A 1E 00 00 00 79 7B 
27-09-17 at 13:24:43:972 Recived 06 02 09 1A 00 1E 2C 14 01 00 00 00 34 
27-09-17 at 13:24:43:987 Send 06 
27-09-17 at 13:24:46:134 Cardreader  Антонов Сергей 
27-09-17 at 13:24:46:147 Send 05 
27-09-17 at 13:24:46:162 Recived 15 
27-09-17 at 13:24:46:162 Send 06 
27-09-17 at 13:24:46:177 Send 02 20 1E 1E 00 00 00 02 1E 00 02 CA E0 F1 F1 E8 F0 20 C0 ED F2 EE ED EE E2 20 D1 E5 F0 E3 E5 E9 20 00 D7 
27-09-17 at 13:24:46:195 Recived 06 02 02 1E 00 1C 
27-09-17 at 13:24:46:210 Send 06 
27-09-17 at 13:24:46:214 now clear port error ...
27-09-17 at 13:24:46:214 now write to port ...
27-09-17 at 13:24:46:347 ... done
27-09-17 at 13:24:47:140 Send 05 
27-09-17 at 13:24:47:155 Recived 15 
27-09-17 at 13:24:47:155 Send 06 
27-09-17 at 13:24:47:170 Send 02 06 FF 39 1E 00 00 00 DE 
27-09-17 at 13:24:47:185 Recived 06 02 10 FF 39 00 00 00 00 00 00 00 00 00 00 00 00 00 00 D6 
27-09-17 at 13:24:47:200 Send 06 
27-09-17 at 13:24:48:865 total calculated
27-09-17 at 13:24:48:865 now show on display
27-09-17 at 13:24:48:866                     Всего:          0.00
27-09-17 at 13:24:48:866 now clear port error ...
27-09-17 at 13:24:48:866 now write to port ...
27-09-17 at 13:24:49:000 ... done
27-09-17 at 13:24:49:001 111
27-09-17 at 13:24:49:002  Нажата клавиша F10.
27-09-17 at 13:25:16:379 Инициализация считана из файла
27-09-17 at 13:25:16:380 Чек загружен
27-09-17 at 13:25:16:380 total calculated
27-09-17 at 13:25:16:380 now show on display
27-09-17 at 13:25:16:380                     Всего:          0.00
27-09-17 at 13:25:16:381 now open port for display
27-09-17 at 13:25:16:382 Com port opened
27-09-17 at 13:25:16:382 now clear port error ...
27-09-17 at 13:25:16:382 now write to port ...
27-09-17 at 13:25:16:515 ... done
27-09-17 at 13:25:16:516 Чек сжат
27-09-17 at 13:25:16:516 Сумма чека посчитана
27-09-17 at 13:25:16:517 Кардридер создан
27-09-17 at 13:25:16:517 Задание запуска модулей создано
27-09-17 at 13:25:16:517 Сканер создан
27-09-17 at 13:25:16:518 Регистратор создан
27-09-17 at 13:25:16:518 Часы созданы
27-09-17 at 13:25:16:519 Регистратор запущен
27-09-17 at 13:25:16:519 Сканер запущен
27-09-17 at 13:25:16:519 Часы запущены
27-09-17 at 13:25:16:519 Кардридер запущен
27-09-17 at 13:25:16:521 Передача данных запущена
27-09-17 at 13:25:16:538 Send 05 
27-09-17 at 13:25:16:553 Recived 15 
27-09-17 at 13:25:16:553 Send 06 
27-09-17 at 13:25:16:568 Send 02 05 11 1E 00 00 00 0A 
27-09-17 at 13:25:16:583 Recived 06 02 30 11 00 1E 43 31 0E 93 13 04 11 01 08 01 B0 02 02 00 00 4E 41 00 00 01 01 10 1B 09 11 0D 19 13 00 2E 5D 00 00 4E 00 00 00 00 00 D2 E9 1E 42 01 00 2E 
27-09-17 at 13:25:16:598 Send 06 
27-09-17 at 13:25:16:608 KKMStatus 
27-09-17 at 13:25:16:613 Send 05 
27-09-17 at 13:25:16:628 Recived 15 
27-09-17 at 13:25:16:628 Send 06 
27-09-17 at 13:25:16:643 Send 02 05 11 1E 00 00 00 0A 
27-09-17 at 13:25:16:658 Recived 06 02 30 11 00 1E 43 31 0E 93 13 04 11 01 08 01 B0 02 02 00 00 4E 41 00 00 01 01 10 1B 09 11 0D 19 13 00 2E 5D 00 00 4E 00 00 00 00 00 D2 E9 1E 42 01 00 2E 
27-09-17 at 13:25:16:673 Send 06 
27-09-17 at 13:25:16:678 KKMStatus 0200
27-09-17 at 13:25:16:678 Номер ФР считан
27-09-17 at 13:25:16:996 СУБД подключена
27-09-17 at 13:25:17:029 Send 05 
27-09-17 at 13:25:17:044 Recived 15 
27-09-17 at 13:25:17:044 Send 06 
27-09-17 at 13:25:17:059 Send 02 0A 1E 1E 00 00 00 01 01 00 01 01 0A 
27-09-17 at 13:25:17:074 Recived 06 02 02 1E 00 1C 
27-09-17 at 13:25:17:089 Send 06 
27-09-17 at 13:25:17:104 Send 05 
27-09-17 at 13:25:17:119 Recived 15 
27-09-17 at 13:25:17:119 Send 06 
27-09-17 at 13:25:17:134 Send 02 0A 1E 1E 00 00 00 01 01 00 05 02 0D 
27-09-17 at 13:25:17:149 Recived 06 02 02 1E 00 1C 
27-09-17 at 13:25:17:164 Send 06 
27-09-17 at 13:25:17:179 Send 05 
27-09-17 at 13:25:17:194 Recived 15 
27-09-17 at 13:25:17:194 Send 06 
27-09-17 at 13:25:17:209 Send 02 0A 1E 1E 00 00 00 01 01 00 23 01 28 
27-09-17 at 13:25:17:224 Recived 06 02 02 1E 00 1C 
27-09-17 at 13:25:17:239 Send 06 
27-09-17 at 13:25:17:254 Send 05 
27-09-17 at 13:25:17:269 Recived 15 
27-09-17 at 13:25:17:269 Send 06 
27-09-17 at 13:25:17:284 Send 02 0A 1E 1E 00 00 00 01 01 00 06 00 0C 
27-09-17 at 13:25:17:299 Recived 06 02 02 1E 00 1C 
27-09-17 at 13:25:17:314 Send 06 
27-09-17 at 13:25:17:329 Send 05 
27-09-17 at 13:25:17:344 Recived 15 
27-09-17 at 13:25:17:344 Send 06 
27-09-17 at 13:25:17:359 Send 02 0A 1E 1E 00 00 00 01 01 00 07 01 0C 
27-09-17 at 13:25:17:374 Recived 06 02 02 1E 00 1C 
27-09-17 at 13:25:17:389 Send 06 
27-09-17 at 13:25:17:404 Send 05 
27-09-17 at 13:25:17:419 Recived 15 
27-09-17 at 13:25:17:419 Send 06 
27-09-17 at 13:25:17:434 Send 02 0A 1E 1E 00 00 00 01 01 00 14 01 1F 
27-09-17 at 13:25:17:449 Recived 06 02 02 1E 00 1C 
27-09-17 at 13:25:17:464 Send 06 
27-09-17 at 13:25:17:479 Send 05 
27-09-17 at 13:25:17:494 Recived 15 
27-09-17 at 13:25:17:494 Send 06 
27-09-17 at 13:25:17:509 Send 02 0A 1E 1E 00 00 00 01 01 00 15 01 1E 
27-09-17 at 13:25:17:524 Recived 06 02 02 1E 00 1C 
27-09-17 at 13:25:17:539 Send 06 
27-09-17 at 13:25:17:554 Send 05 
27-09-17 at 13:25:17:569 Recived 15 
27-09-17 at 13:25:17:569 Send 06 
27-09-17 at 13:25:17:584 Send 02 0A 1E 1E 00 00 00 01 01 00 0F 00 05 
27-09-17 at 13:25:17:599 Recived 06 02 02 1E 00 1C 
27-09-17 at 13:25:17:614 Send 06 
27-09-17 at 13:25:17:629 Send 05 
27-09-17 at 13:25:17:644 Recived 15 
27-09-17 at 13:25:17:644 Send 06 
27-09-17 at 13:25:17:659 Send 02 0A 1E 1E 00 00 00 01 01 00 11 00 1B 
27-09-17 at 13:25:17:674 Recived 06 02 02 1E 00 1C 
27-09-17 at 13:25:17:689 Send 06 
27-09-17 at 13:25:17:704 Send 05 
27-09-17 at 13:25:17:719 Recived 15 
27-09-17 at 13:25:17:719 Send 06 
27-09-17 at 13:25:17:734 Send 02 0A 1E 1E 00 00 00 11 01 00 03 02 1B 
27-09-17 at 13:25:17:749 Recived 06 02 02 1E 00 1C 
27-09-17 at 13:25:17:764 Send 06 
27-09-17 at 13:25:17:779 Send 05 
27-09-17 at 13:25:17:794 Recived 15 
27-09-17 at 13:25:17:794 Send 06 
27-09-17 at 13:25:17:809 Send 02 0A 1E 1E 00 00 00 01 01 00 29 01 22 
27-09-17 at 13:25:17:824 Recived 06 02 02 1E 00 1C 
27-09-17 at 13:25:17:839 Send 06 
27-09-17 at 13:25:17:854 Send 05 
27-09-17 at 13:25:17:869 Recived 15 
27-09-17 at 13:25:17:869 Send 06 
27-09-17 at 13:25:17:884 Send 02 26 1E 1E 00 00 00 04 0C 00 01 20 20 20 20 20 20 20 20 20 20 20 C4 CE C1 D0 CE 20 CF CE C6 C0 CB CE C2 C0 D2 DC 21 00 D5 
27-09-17 at 13:25:17:902 Recived 06 02 02 1E 00 1C 
27-09-17 at 13:25:17:917 Send 06 
27-09-17 at 13:25:17:932 Send 05 
27-09-17 at 13:25:17:947 Recived 15 
27-09-17 at 13:25:17:947 Send 06 
27-09-17 at 13:25:17:962 Send 02 29 1E 1E 00 00 00 04 0D 00 01 20 20 20 20 20 20 20 20 CE CE CE 20 CA EE EC EF E0 ED E8 FF 20 27 CA CE CB CE D0 CB CE CD 27 00 CB 
27-09-17 at 13:25:17:980 Recived 06 02 02 1E 00 1C 
27-09-17 at 13:25:17:995 Send 06 
27-09-17 at 13:25:18:010 Send 05 
27-09-17 at 13:25:18:025 Recived 15 
27-09-17 at 13:25:18:025 Send 06 
27-09-17 at 13:25:18:040 Send 02 2D 1E 1E 00 00 00 04 0E 00 01 20 20 20 20 20 CC E0 E3 E0 E7 E8 ED 20 27 C2 F1 E5 20 F2 EE E2 E0 F0 FB 20 E4 EB FF 20 E4 EE EC E0 27 20 00 DE 
27-09-17 at 13:25:18:058 Recived 06 02 02 1E 00 1C 
27-09-17 at 13:25:18:073 Send 06 
27-09-17 at 13:25:18:200 now clear port error ...
27-09-17 at 13:25:18:201 now write to port ...
27-09-17 at 13:25:18:334 ... done
27-09-17 at 13:25:18:358 Send 05 
27-09-17 at 13:25:18:373 Recived 15 
27-09-17 at 13:25:18:373 Send 06 
27-09-17 at 13:25:18:388 Send 02 06 1A 1E 00 00 00 79 7B 
27-09-17 at 13:25:18:403 Recived 06 02 09 1A 00 1E 2C 14 01 00 00 00 34 
27-09-17 at 13:25:18:418 Send 06 
27-09-17 at 13:25:20:560 Cardreader  Антонов Сергей 
27-09-17 at 13:25:20:563 Send 05 
27-09-17 at 13:25:20:578 Recived 15 
27-09-17 at 13:25:20:578 Send 06 
27-09-17 at 13:25:20:594 Send 02 20 1E 1E 00 00 00 02 1E 00 02 CA E0 F1 F1 E8 F0 20 C0 ED F2 EE ED EE E2 20 D1 E5 F0 E3 E5 E9 20 00 D7 
27-09-17 at 13:25:20:612 Recived 06 02 02 1E 00 1C 
27-09-17 at 13:25:20:627 Send 06 
27-09-17 at 13:25:20:631 now clear port error ...
27-09-17 at 13:25:20:631 now write to port ...
27-09-17 at 13:25:20:764 ... done
27-09-17 at 13:25:21:572 Send 05 
27-09-17 at 13:25:21:587 Recived 15 
27-09-17 at 13:25:21:587 Send 06 
27-09-17 at 13:25:21:602 Send 02 06 FF 39 1E 00 00 00 DE 
27-09-17 at 13:25:21:617 Recived 06 02 10 FF 39 00 00 00 00 00 00 00 00 00 00 00 00 00 00 D6 
27-09-17 at 13:25:21:632 Send 06 
27-09-17 at 13:25:30:111 total calculated
27-09-17 at 13:25:30:111 now show on display
27-09-17 at 13:25:30:111                     Всего:          0.00
27-09-17 at 13:25:30:111 now clear port error ...
27-09-17 at 13:25:30:112 now write to port ...
27-09-17 at 13:25:30:245 ... done
27-09-17 at 13:25:30:248 111
27-09-17 at 13:25:30:248  Нажата клавиша F10.
27-09-17 at 13:26:21:796 Инициализация считана из файла
27-09-17 at 13:26:21:797 Чек загружен
27-09-17 at 13:26:21:798 total calculated
27-09-17 at 13:26:21:798 now show on display
27-09-17 at 13:26:21:798                     Всего:          0.00
27-09-17 at 13:26:21:798 now open port for display
27-09-17 at 13:26:21:799 Com port opened
27-09-17 at 13:26:21:799 now clear port error ...
27-09-17 at 13:26:21:800 now write to port ...
27-09-17 at 13:26:21:933 ... done
27-09-17 at 13:26:21:933 Чек сжат
27-09-17 at 13:26:21:933 Сумма чека посчитана
27-09-17 at 13:26:21:934 Кардридер создан
27-09-17 at 13:26:21:934 Задание запуска модулей создано
27-09-17 at 13:26:21:934 Сканер создан
27-09-17 at 13:26:21:934 Регистратор создан
27-09-17 at 13:26:21:935 Часы созданы
27-09-17 at 13:26:21:935 Регистратор запущен
27-09-17 at 13:26:21:935 Сканер запущен
27-09-17 at 13:26:21:935 Часы запущены
27-09-17 at 13:26:21:935 Кардридер запущен
27-09-17 at 13:26:21:936 Передача данных запущена
27-09-17 at 13:26:21:951 Send 05 
27-09-17 at 13:26:21:966 Recived 15 
27-09-17 at 13:26:21:966 Send 06 
27-09-17 at 13:26:21:981 Send 02 05 11 1E 00 00 00 0A 
27-09-17 at 13:26:21:996 Recived 06 02 30 11 00 1E 43 31 0E 93 13 04 11 01 08 01 B0 02 02 00 00 4E 41 00 00 01 01 10 1B 09 11 0D 1A 18 00 2E 5D 00 00 4E 00 00 00 00 00 D2 E9 1E 42 01 00 26 
27-09-17 at 13:26:22:011 Send 06 
27-09-17 at 13:26:22:016 KKMStatus 
27-09-17 at 13:26:22:026 Send 05 
27-09-17 at 13:26:22:041 Recived 15 
27-09-17 at 13:26:22:041 Send 06 
27-09-17 at 13:26:22:056 Send 02 05 11 1E 00 00 00 0A 
27-09-17 at 13:26:22:071 Recived 06 02 30 11 00 1E 43 31 0E 93 13 04 11 01 08 01 B0 02 02 00 00 4E 41 00 00 01 01 10 1B 09 11 0D 1A 19 00 2E 5D 00 00 4E 00 00 00 00 00 D2 E9 1E 42 01 00 27 
27-09-17 at 13:26:22:086 Send 06 
27-09-17 at 13:26:22:086 KKMStatus 0200
27-09-17 at 13:26:22:086 Номер ФР считан
27-09-17 at 13:26:22:365 СУБД подключена
27-09-17 at 13:26:22:391 Send 05 
27-09-17 at 13:26:22:406 Recived 15 
27-09-17 at 13:26:22:406 Send 06 
27-09-17 at 13:26:22:421 Send 02 0A 1E 1E 00 00 00 01 01 00 01 01 0A 
27-09-17 at 13:26:22:436 Recived 06 02 02 1E 00 1C 
27-09-17 at 13:26:22:451 Send 06 
27-09-17 at 13:26:22:466 Send 05 
27-09-17 at 13:26:22:481 Recived 15 
27-09-17 at 13:26:22:481 Send 06 
27-09-17 at 13:26:22:496 Send 02 0A 1E 1E 00 00 00 01 01 00 05 02 0D 
27-09-17 at 13:26:22:511 Recived 06 02 02 1E 00 1C 
27-09-17 at 13:26:22:526 Send 06 
27-09-17 at 13:26:22:541 Send 05 
27-09-17 at 13:26:22:556 Recived 15 
27-09-17 at 13:26:22:556 Send 06 
27-09-17 at 13:26:22:571 Send 02 0A 1E 1E 00 00 00 01 01 00 23 01 28 
27-09-17 at 13:26:22:586 Recived 06 02 02 1E 00 1C 
27-09-17 at 13:26:22:601 Send 06 
27-09-17 at 13:26:22:616 Send 05 
27-09-17 at 13:26:22:631 Recived 15 
27-09-17 at 13:26:22:631 Send 06 
27-09-17 at 13:26:22:646 Send 02 0A 1E 1E 00 00 00 01 01 00 06 00 0C 
27-09-17 at 13:26:22:661 Recived 06 02 02 1E 00 1C 
27-09-17 at 13:26:22:676 Send 06 
27-09-17 at 13:26:22:691 Send 05 
27-09-17 at 13:26:22:706 Recived 15 
27-09-17 at 13:26:22:706 Send 06 
27-09-17 at 13:26:22:721 Send 02 0A 1E 1E 00 00 00 01 01 00 07 01 0C 
27-09-17 at 13:26:22:736 Recived 06 02 02 1E 00 1C 
27-09-17 at 13:26:22:751 Send 06 
27-09-17 at 13:26:22:766 Send 05 
27-09-17 at 13:26:22:781 Recived 15 
27-09-17 at 13:26:22:781 Send 06 
27-09-17 at 13:26:22:796 Send 02 0A 1E 1E 00 00 00 01 01 00 14 01 1F 
27-09-17 at 13:26:22:811 Recived 06 02 02 1E 00 1C 
27-09-17 at 13:26:22:826 Send 06 
27-09-17 at 13:26:22:841 Send 05 
27-09-17 at 13:26:22:856 Recived 15 
27-09-17 at 13:26:22:856 Send 06 
27-09-17 at 13:26:22:871 Send 02 0A 1E 1E 00 00 00 01 01 00 15 01 1E 
27-09-17 at 13:26:22:886 Recived 06 02 02 1E 00 1C 
27-09-17 at 13:26:22:901 Send 06 
27-09-17 at 13:26:22:916 Send 05 
27-09-17 at 13:26:22:931 Recived 15 
27-09-17 at 13:26:22:931 Send 06 
27-09-17 at 13:26:22:946 Send 02 0A 1E 1E 00 00 00 01 01 00 0F 00 05 
27-09-17 at 13:26:22:961 Recived 06 02 02 1E 00 1C 
27-09-17 at 13:26:22:976 Send 06 
27-09-17 at 13:26:22:991 Send 05 
27-09-17 at 13:26:23:006 Recived 15 
27-09-17 at 13:26:23:006 Send 06 
27-09-17 at 13:26:23:021 Send 02 0A 1E 1E 00 00 00 01 01 00 11 00 1B 
27-09-17 at 13:26:23:036 Recived 06 02 02 1E 00 1C 
27-09-17 at 13:26:23:051 Send 06 
27-09-17 at 13:26:23:066 Send 05 
27-09-17 at 13:26:23:081 Recived 15 
27-09-17 at 13:26:23:081 Send 06 
27-09-17 at 13:26:23:096 Send 02 0A 1E 1E 00 00 00 11 01 00 03 02 1B 
27-09-17 at 13:26:23:111 Recived 06 02 02 1E 00 1C 
27-09-17 at 13:26:23:126 Send 06 
27-09-17 at 13:26:23:141 Send 05 
27-09-17 at 13:26:23:156 Recived 15 
27-09-17 at 13:26:23:156 Send 06 
27-09-17 at 13:26:23:171 Send 02 0A 1E 1E 00 00 00 01 01 00 29 01 22 
27-09-17 at 13:26:23:186 Recived 06 02 02 1E 00 1C 
27-09-17 at 13:26:23:201 Send 06 
27-09-17 at 13:26:23:216 Send 05 
27-09-17 at 13:26:23:231 Recived 15 
27-09-17 at 13:26:23:231 Send 06 
27-09-17 at 13:26:23:246 Send 02 26 1E 1E 00 00 00 04 0C 00 01 20 20 20 20 20 20 20 20 20 20 20 C4 CE C1 D0 CE 20 CF CE C6 C0 CB CE C2 C0 D2 DC 21 00 D5 
27-09-17 at 13:26:23:264 Recived 06 02 02 1E 00 1C 
27-09-17 at 13:26:23:279 Send 06 
27-09-17 at 13:26:23:294 Send 05 
27-09-17 at 13:26:23:309 Recived 15 
27-09-17 at 13:26:23:309 Send 06 
27-09-17 at 13:26:23:324 Send 02 29 1E 1E 00 00 00 04 0D 00 01 20 20 20 20 20 20 20 20 CE CE CE 20 CA EE EC EF E0 ED E8 FF 20 27 CA CE CB CE D0 CB CE CD 27 00 CB 
27-09-17 at 13:26:23:342 Recived 06 02 02 1E 00 1C 
27-09-17 at 13:26:23:357 Send 06 
27-09-17 at 13:26:23:372 Send 05 
27-09-17 at 13:26:23:387 Recived 15 
27-09-17 at 13:26:23:387 Send 06 
27-09-17 at 13:26:23:402 Send 02 2D 1E 1E 00 00 00 04 0E 00 01 20 20 20 20 20 CC E0 E3 E0 E7 E8 ED 20 27 C2 F1 E5 20 F2 EE E2 E0 F0 FB 20 E4 EB FF 20 E4 EE EC E0 27 20 00 DE 
27-09-17 at 13:26:23:420 Recived 06 02 02 1E 00 1C 
27-09-17 at 13:26:23:435 Send 06 
27-09-17 at 13:26:23:502 now clear port error ...
27-09-17 at 13:26:23:502 now write to port ...
27-09-17 at 13:26:23:636 ... done
27-09-17 at 13:26:23:660 Send 05 
27-09-17 at 13:26:23:675 Recived 15 
27-09-17 at 13:26:23:675 Send 06 
27-09-17 at 13:26:23:690 Send 02 06 1A 1E 00 00 00 79 7B 
27-09-17 at 13:26:23:705 Recived 06 02 09 1A 00 1E 2C 14 01 00 00 00 34 
27-09-17 at 13:26:23:720 Send 06 
27-09-17 at 13:26:25:855 Cardreader  Антонов Сергей 
27-09-17 at 13:26:25:865 Send 05 
27-09-17 at 13:26:25:881 Recived 15 
27-09-17 at 13:26:25:881 Send 06 
27-09-17 at 13:26:25:896 Send 02 20 1E 1E 00 00 00 02 1E 00 02 CA E0 F1 F1 E8 F0 20 C0 ED F2 EE ED EE E2 20 D1 E5 F0 E3 E5 E9 20 00 D7 
27-09-17 at 13:26:25:914 Recived 06 02 02 1E 00 1C 
27-09-17 at 13:26:25:929 Send 06 
27-09-17 at 13:26:25:936 now clear port error ...
27-09-17 at 13:26:25:936 now write to port ...
27-09-17 at 13:26:26:070 ... done
27-09-17 at 13:26:26:859 Send 05 
27-09-17 at 13:26:26:874 Recived 15 
27-09-17 at 13:26:26:874 Send 06 
27-09-17 at 13:26:26:889 Send 02 06 FF 39 1E 00 00 00 DE 
27-09-17 at 13:26:26:904 Recived 06 02 10 FF 39 00 00 00 00 00 00 00 00 00 00 00 00 00 00 D6 
27-09-17 at 13:26:26:919 Send 06 
27-09-17 at 13:26:30:786 114
27-09-17 at 13:26:30:786 014
27-09-17 at 13:26:30:787 total calculated
27-09-17 at 13:26:30:787 now show on display
27-09-17 at 13:26:30:787                     Всего:          0.00
27-09-17 at 13:26:30:788 now clear port error ...
27-09-17 at 13:26:30:788 now write to port ...
27-09-17 at 13:26:30:921 ... done
27-09-17 at 13:26:31:018 114
27-09-17 at 13:26:31:018 014
27-09-17 at 13:26:31:962 114
27-09-17 at 13:26:31:962 014
27-09-17 at 13:26:32:106 114
27-09-17 at 13:26:32:106 014
27-09-17 at 13:26:32:226 114
27-09-17 at 13:26:32:226 014
27-09-17 at 13:26:33:203 total calculated
27-09-17 at 13:26:33:203 now show on display
27-09-17 at 13:26:33:203                     Всего:          0.00
27-09-17 at 13:26:33:203 now clear port error ...
27-09-17 at 13:26:33:204 now write to port ...
27-09-17 at 13:26:33:337 ... done
27-09-17 at 13:26:33:339 111
27-09-17 at 13:26:33:339  Нажата клавиша F10.
