18-09-17 at 17:35:15:725 Инициализация считана из файла
18-09-17 at 17:35:15:726 Чек загружен
18-09-17 at 17:35:15:727 total calculated
18-09-17 at 17:35:15:727 now show on display
18-09-17 at 17:35:15:728                     Всего:          0.00
18-09-17 at 17:35:15:728 now open port for display
18-09-17 at 17:35:15:729 Com port opened
18-09-17 at 17:35:15:729 now clear port error ...
18-09-17 at 17:35:15:729 now write to port ...
18-09-17 at 17:35:15:863 ... done
18-09-17 at 17:35:15:863 Чек сжат
18-09-17 at 17:35:15:863 Сумма чека посчитана
18-09-17 at 17:35:15:863 Кардридер создан
18-09-17 at 17:35:15:864 Задание запуска модулей создано
18-09-17 at 17:35:15:864 Сканер создан
18-09-17 at 17:35:15:864 Регистратор создан
18-09-17 at 17:35:15:864 Часы созданы
18-09-17 at 17:35:15:865 Регистратор запущен
18-09-17 at 17:35:15:865 Сканер запущен
18-09-17 at 17:35:15:865 Часы запущены
18-09-17 at 17:35:15:865 Кардридер запущен
18-09-17 at 17:35:15:866 Передача данных запущена
18-09-17 at 17:35:15:936 KKMStatus 
18-09-17 at 17:35:15:986 Номер ФР считан
18-09-17 at 17:35:16:127 СУБД подключена
18-09-17 at 17:35:16:975 now clear port error ...
18-09-17 at 17:35:16:975 now write to port ...
18-09-17 at 17:35:17:109 ... done
18-09-17 at 17:35:19:255 now clear port error ...
18-09-17 at 17:35:19:255 now write to port ...
18-09-17 at 17:35:19:388 ... done
18-09-17 at 17:36:19:412 114
18-09-17 at 17:36:19:412 014
18-09-17 at 17:36:19:413 total calculated
18-09-17 at 17:36:19:413 now show on display
18-09-17 at 17:36:19:413                     Всего:          0.00
18-09-17 at 17:36:19:414 now clear port error ...
18-09-17 at 17:36:19:414 now write to port ...
18-09-17 at 17:36:19:547 ... done
18-09-17 at 17:36:19:692 114
18-09-17 at 17:36:19:692 014
18-09-17 at 17:36:19:822 114
18-09-17 at 17:36:19:823 014
18-09-17 at 17:36:21:484 114
18-09-17 at 17:36:21:484 014
18-09-17 at 17:36:21:836 114
18-09-17 at 17:36:21:836 014
18-09-17 at 17:36:21:948 114
18-09-17 at 17:36:21:948 014
18-09-17 at 17:36:23:988 114
18-09-17 at 17:36:23:988 014
18-09-17 at 17:36:24:044 114
18-09-17 at 17:36:24:044 014
18-09-17 at 17:36:24:300 114
18-09-17 at 17:36:24:300 014
18-09-17 at 17:36:25:356 114
18-09-17 at 17:36:25:356 014
18-09-17 at 17:36:25:684 114
18-09-17 at 17:36:25:684 014
18-09-17 at 17:36:25:916 114
18-09-17 at 17:36:25:916 014
18-09-17 at 17:36:26:188 114
18-09-17 at 17:36:26:188 014
18-09-17 at 17:36:26:188 114
18-09-17 at 17:36:26:188 014
18-09-17 at 17:36:26:198 114
18-09-17 at 17:36:26:199 014
18-09-17 at 17:36:26:199 101
18-09-17 at 17:36:26:199 001
18-09-17 at 17:36:26:200 total calculated
18-09-17 at 17:36:26:201 now show on display
18-09-17 at 17:36:26:201 * Обои Палитра   350Всего:        350.00
18-09-17 at 17:36:26:202 now clear port error ...
18-09-17 at 17:36:26:202 now write to port ...
18-09-17 at 17:36:26:335 ... done
18-09-17 at 17:36:27:204  Нажата клавиша F10.
18-09-17 at 17:36:27:204 114
18-09-17 at 17:36:27:204 014
18-09-17 at 17:36:27:204 115
18-09-17 at 17:36:27:205 015
18-09-17 at 17:36:27:206 total calculated
18-09-17 at 17:36:27:206 now show on display
18-09-17 at 17:36:27:206 * Обои Палитра   350Всего:        350.00
18-09-17 at 17:36:27:206 now clear port error ...
18-09-17 at 17:36:27:207 now write to port ...
18-09-17 at 17:36:27:340 ... done
18-09-17 at 17:36:27:362 now clear port error ...
18-09-17 at 17:36:27:362 now write to port ...
18-09-17 at 17:36:27:512 ... done
18-09-17 at 17:36:28:714 now clear port error ...
18-09-17 at 17:36:28:714 now write to port ...
18-09-17 at 17:36:28:848 ... done
18-09-17 at 17:36:28:918 KKMStatus 
18-09-17 at 17:36:30:228 KKMStatus 
18-09-17 at 17:36:30:528 KKMStatus 
18-09-17 at 17:36:30:888 KKMStatus 
18-09-17 at 17:36:31:188 KKMStatus 
18-09-17 at 17:36:31:698 KKMStatus 
18-09-17 at 17:36:32:748 KKMStatus 
18-09-17 at 17:36:32:798 KKMStatus 
18-09-17 at 17:36:32:798 WAIT_OBJECT_0
18-09-17 at 17:36:32:809 WritePresent
18-09-17 at 17:36:32:809 UpdateCentralCounts
18-09-17 at 17:36:34:121 UpdateCentralCounts
18-09-17 at 17:36:34:121 ActivateGiftCards(PresentGrid)
18-09-17 at 17:36:34:121 ActivateGiftCards(Grid)
18-09-17 at 17:36:34:121 GiftCardDoPayments
18-09-17 at 17:36:34:122 GiftCardClearPayments
18-09-17 at 17:36:34:122 Попытка очистки таблицы
18-09-17 at 17:36:34:123 Попытка очистки успешна
18-09-17 at 17:36:34:123 Попытка очистки таблицы
18-09-17 at 17:36:34:123 Попытка очистки успешна
18-09-17 at 17:36:34:124 total calculated
18-09-17 at 17:36:34:124 now show on display
18-09-17 at 17:36:34:124                     Всего:          0.00
18-09-17 at 17:36:34:124 now clear port error ...
18-09-17 at 17:36:34:124 now write to port ...
18-09-17 at 17:36:34:258 ... done
18-09-17 at 17:36:34:258 now clear port error ...
18-09-17 at 17:36:34:259 now write to port ...
18-09-17 at 17:36:34:430 ... done
18-09-17 at 17:36:34:430 116
18-09-17 at 17:36:34:430 016
18-09-17 at 17:39:08:634 total calculated
18-09-17 at 17:39:08:635 now show on display
18-09-17 at 17:39:08:635                     Всего:          0.00
18-09-17 at 17:39:08:635 now clear port error ...
18-09-17 at 17:39:08:635 now write to port ...
18-09-17 at 17:39:08:769 ... done
18-09-17 at 17:39:08:769 total calculated
18-09-17 at 17:39:08:770 now show on display
18-09-17 at 17:39:08:770                     Всего:          0.00
18-09-17 at 17:39:08:770 now clear port error ...
18-09-17 at 17:39:08:770 now write to port ...
18-09-17 at 17:39:08:941 ... done
18-09-17 at 17:39:08:942 111
18-09-17 at 17:45:38:512 Инициализация считана из файла
18-09-17 at 17:45:38:512 Чек загружен
18-09-17 at 17:45:38:513 total calculated
18-09-17 at 17:45:38:513 now show on display
18-09-17 at 17:45:38:513                     Всего:          0.00
18-09-17 at 17:45:38:513 now open port for display
18-09-17 at 17:45:38:514 Com port opened
18-09-17 at 17:45:38:514 now clear port error ...
18-09-17 at 17:45:38:514 now write to port ...
18-09-17 at 17:45:38:648 ... done
18-09-17 at 17:45:38:648 Чек сжат
18-09-17 at 17:45:38:648 Сумма чека посчитана
18-09-17 at 17:45:38:649 Кардридер создан
18-09-17 at 17:45:38:649 Задание запуска модулей создано
18-09-17 at 17:45:38:649 Сканер создан
18-09-17 at 17:45:38:650 Регистратор создан
18-09-17 at 17:45:38:650 Часы созданы
18-09-17 at 17:45:38:651 Регистратор запущен
18-09-17 at 17:45:38:651 Сканер запущен
18-09-17 at 17:45:38:651 Часы запущены
18-09-17 at 17:45:38:651 Кардридер запущен
18-09-17 at 17:45:38:651 Передача данных запущена
18-09-17 at 17:45:38:729 KKMStatus 
18-09-17 at 17:45:38:779 Номер ФР считан
18-09-17 at 17:45:38:931 СУБД подключена
18-09-17 at 17:45:39:673 now clear port error ...
18-09-17 at 17:45:39:673 now write to port ...
18-09-17 at 17:45:39:807 ... done
18-09-17 at 17:45:41:968 now clear port error ...
18-09-17 at 17:45:41:968 now write to port ...
18-09-17 at 17:45:42:101 ... done
18-09-17 at 17:45:56:384 114
18-09-17 at 17:45:56:384 014
18-09-17 at 17:45:56:384 total calculated
18-09-17 at 17:45:56:384 now show on display
18-09-17 at 17:45:56:385                     Всего:          0.00
18-09-17 at 17:45:56:385 now clear port error ...
18-09-17 at 17:45:56:385 now write to port ...
18-09-17 at 17:45:56:519 ... done
18-09-17 at 17:45:56:711 114
18-09-17 at 17:45:56:712 014
18-09-17 at 17:45:56:944 114
18-09-17 at 17:45:56:944 014
18-09-17 at 17:46:11:969 total calculated
18-09-17 at 17:46:11:970 now show on display
18-09-17 at 17:46:11:970                     Всего:          0.00
18-09-17 at 17:46:11:970 now clear port error ...
18-09-17 at 17:46:11:970 now write to port ...
18-09-17 at 17:46:12:104 ... done
18-09-17 at 17:46:12:104 total calculated
18-09-17 at 17:46:12:104 now show on display
18-09-17 at 17:46:12:105                     Всего:          0.00
18-09-17 at 17:46:12:105 now clear port error ...
18-09-17 at 17:46:12:105 now write to port ...
18-09-17 at 17:46:12:276 ... done
18-09-17 at 17:46:12:277 111
18-09-17 at 18:48:26:251 Инициализация считана из файла
18-09-17 at 18:48:26:252 Чек загружен
18-09-17 at 18:48:26:252 total calculated
18-09-17 at 18:48:26:252 now show on display
18-09-17 at 18:48:26:252                     Всего:          0.00
18-09-17 at 18:48:26:252 now open port for display
18-09-17 at 18:48:26:253 Com port opened
18-09-17 at 18:48:26:253 now clear port error ...
18-09-17 at 18:48:26:253 now write to port ...
18-09-17 at 18:48:26:387 ... done
18-09-17 at 18:48:26:387 Чек сжат
18-09-17 at 18:48:26:387 Сумма чека посчитана
18-09-17 at 18:48:26:388 Кардридер создан
18-09-17 at 18:48:26:388 Задание запуска модулей создано
18-09-17 at 18:48:26:388 Сканер создан
18-09-17 at 18:48:26:388 Регистратор создан
18-09-17 at 18:48:26:388 Часы созданы
18-09-17 at 18:48:26:388 Регистратор запущен
18-09-17 at 18:48:26:389 Сканер запущен
18-09-17 at 18:48:26:389 Часы запущены
18-09-17 at 18:48:26:389 Кардридер запущен
18-09-17 at 18:48:26:389 Передача данных запущена
18-09-17 at 18:48:26:439 KKMStatus 
18-09-17 at 18:48:26:489 Номер ФР считан
18-09-17 at 18:48:26:624 СУБД подключена
18-09-17 at 18:48:27:349 now clear port error ...
18-09-17 at 18:48:27:349 now write to port ...
18-09-17 at 18:48:27:482 ... done
18-09-17 at 18:48:29:557 Cardreader  Антонов Сергей 
18-09-17 at 18:48:29:628 now clear port error ...
18-09-17 at 18:48:29:628 now write to port ...
18-09-17 at 18:48:29:761 ... done
18-09-17 at 18:48:37:448 114
18-09-17 at 18:48:37:448 014
18-09-17 at 18:48:37:449 total calculated
18-09-17 at 18:48:37:449 now show on display
18-09-17 at 18:48:37:449                     Всего:          0.00
18-09-17 at 18:48:37:449 now clear port error ...
18-09-17 at 18:48:37:450 now write to port ...
18-09-17 at 18:48:37:583 ... done
18-09-17 at 18:48:37:752 114
18-09-17 at 18:48:37:752 014
18-09-17 at 18:48:37:984 114
18-09-17 at 18:48:37:984 014
18-09-17 at 18:48:41:312 114
18-09-17 at 18:48:41:312 014
18-09-17 at 18:48:41:696 114
18-09-17 at 18:48:41:697 014
18-09-17 at 18:48:42:000 114
18-09-17 at 18:48:42:000 014
18-09-17 at 18:48:43:256 114
18-09-17 at 18:48:43:256 014
18-09-17 at 18:48:43:496 114
18-09-17 at 18:48:43:496 014
18-09-17 at 18:48:43:768 114
18-09-17 at 18:48:43:768 014
18-09-17 at 18:48:44:336 114
18-09-17 at 18:48:44:336 014
18-09-17 at 18:48:44:608 114
18-09-17 at 18:48:44:608 014
18-09-17 at 18:48:44:848 114
18-09-17 at 18:48:44:848 014
18-09-17 at 18:48:44:848 114
18-09-17 at 18:48:44:848 014
18-09-17 at 18:48:44:860 total calculated
18-09-17 at 18:48:44:861 now show on display
18-09-17 at 18:48:44:861                     Всего:          0.00
18-09-17 at 18:48:44:861 now clear port error ...
18-09-17 at 18:48:44:861 now write to port ...
18-09-17 at 18:48:44:995 ... done
18-09-17 at 18:48:45:816 114
18-09-17 at 18:48:45:816 014
18-09-17 at 18:48:48:822 114
18-09-17 at 18:48:48:822 014
18-09-17 at 18:48:48:823 total calculated
18-09-17 at 18:48:48:823 now show on display
18-09-17 at 18:48:48:823                     Всего:          0.00
18-09-17 at 18:48:48:823 now clear port error ...
18-09-17 at 18:48:48:824 now write to port ...
18-09-17 at 18:48:48:957 ... done
18-09-17 at 18:48:49:142 114
18-09-17 at 18:48:49:143 014
18-09-17 at 18:48:49:463 114
18-09-17 at 18:48:49:463 014
18-09-17 at 18:48:50:654 114
18-09-17 at 18:48:50:654 014
18-09-17 at 18:48:51:262 114
18-09-17 at 18:48:51:263 014
18-09-17 at 18:48:51:790 114
18-09-17 at 18:48:51:790 014
18-09-17 at 18:48:54:054 114
18-09-17 at 18:48:54:054 014
18-09-17 at 18:48:54:710 114
18-09-17 at 18:48:54:710 014
18-09-17 at 18:48:54:950 114
18-09-17 at 18:48:54:950 014
18-09-17 at 18:48:55:214 114
18-09-17 at 18:48:55:214 014
18-09-17 at 18:48:55:670 114
18-09-17 at 18:48:55:670 014
18-09-17 at 18:48:55:942 114
18-09-17 at 18:48:55:942 014
18-09-17 at 18:48:56:214 114
18-09-17 at 18:48:56:214 014
18-09-17 at 18:48:56:214 114
18-09-17 at 18:48:56:215 014
18-09-17 at 18:48:56:229 114
18-09-17 at 18:48:56:229 014
18-09-17 at 18:48:56:229 101
18-09-17 at 18:48:56:229 001
18-09-17 at 18:48:56:230 total calculated
18-09-17 at 18:48:56:231 now show on display
18-09-17 at 18:48:56:231 Таз d=65 см 45   405Всего:        405.00
18-09-17 at 18:48:56:231 now clear port error ...
18-09-17 at 18:48:56:231 now write to port ...
18-09-17 at 18:48:56:365 ... done
18-09-17 at 18:48:58:925  Нажата клавиша F10.
18-09-17 at 18:48:58:925 114
18-09-17 at 18:48:58:925 014
18-09-17 at 18:48:58:925 115
18-09-17 at 18:48:58:925 015
18-09-17 at 18:48:58:927 total calculated
18-09-17 at 18:48:58:927 now show on display
18-09-17 at 18:48:58:927 Таз d=65 см 45   405Всего:        405.00
18-09-17 at 18:48:58:927 now clear port error ...
18-09-17 at 18:48:58:927 now write to port ...
18-09-17 at 18:48:59:061 ... done
18-09-17 at 18:48:59:084 now clear port error ...
18-09-17 at 18:48:59:084 now write to port ...
18-09-17 at 18:48:59:233 ... done
18-09-17 at 18:49:00:514 now clear port error ...
18-09-17 at 18:49:00:514 now write to port ...
18-09-17 at 18:49:00:648 ... done
18-09-17 at 18:49:00:698 KKMStatus 
18-09-17 at 18:49:02:048 KKMStatus 
18-09-17 at 18:49:02:348 KKMStatus 
18-09-17 at 18:49:02:648 KKMStatus 
18-09-17 at 18:49:02:948 KKMStatus 
18-09-17 at 18:49:03:028 KKMStatus 
18-09-17 at 18:49:04:288 KKMStatus 
18-09-17 at 18:49:04:358 KKMStatus 
18-09-17 at 18:49:04:358 WAIT_OBJECT_0
18-09-17 at 18:49:04:369 WritePresent
18-09-17 at 18:49:04:369 UpdateCentralCounts
18-09-17 at 18:49:05:544 UpdateCentralCounts
18-09-17 at 18:49:05:545 ActivateGiftCards(PresentGrid)
18-09-17 at 18:49:05:545 ActivateGiftCards(Grid)
18-09-17 at 18:49:05:545 GiftCardDoPayments
18-09-17 at 18:49:05:546 GiftCardClearPayments
18-09-17 at 18:49:05:546 Попытка очистки таблицы
18-09-17 at 18:49:05:546 Попытка очистки успешна
18-09-17 at 18:49:05:546 Попытка очистки таблицы
18-09-17 at 18:49:05:546 Попытка очистки успешна
18-09-17 at 18:49:05:547 total calculated
18-09-17 at 18:49:05:547 now show on display
18-09-17 at 18:49:05:548                     Всего:          0.00
18-09-17 at 18:49:05:548 now clear port error ...
18-09-17 at 18:49:05:548 now write to port ...
18-09-17 at 18:49:05:681 ... done
18-09-17 at 18:49:05:682 now clear port error ...
18-09-17 at 18:49:05:682 now write to port ...
18-09-17 at 18:49:05:853 ... done
18-09-17 at 18:49:05:853 116
18-09-17 at 18:49:05:854 016
18-09-17 at 18:49:08:204 total calculated
18-09-17 at 18:49:08:204 now show on display
18-09-17 at 18:49:08:204                     Всего:          0.00
18-09-17 at 18:49:08:204 now clear port error ...
18-09-17 at 18:49:08:204 now write to port ...
18-09-17 at 18:49:08:338 ... done
18-09-17 at 18:49:08:338 total calculated
18-09-17 at 18:49:08:339 now show on display
18-09-17 at 18:49:08:339                     Всего:          0.00
18-09-17 at 18:49:08:339 now clear port error ...
18-09-17 at 18:49:08:339 now write to port ...
18-09-17 at 18:49:08:510 ... done
18-09-17 at 18:49:08:511 111
