30-10-17 at 15:07:05:478 Запуск программы. Инициализация считана из файла
30-10-17 at 15:07:05:478 Платежи по картам восстановлены
30-10-17 at 15:07:05:479 total calculated
30-10-17 at 15:07:05:479 now show on display
30-10-17 at 15:07:05:479                     Всего:          0.00
30-10-17 at 15:07:05:479 now open port for display
30-10-17 at 15:07:05:480 Com port opened
30-10-17 at 15:07:05:480 now clear port error ...
30-10-17 at 15:07:05:480 now write to port ...
30-10-17 at 15:07:05:614 ... done
30-10-17 at 15:07:05:614 Чек сжат
30-10-17 at 15:07:05:614 Сумма чека посчитана
30-10-17 at 15:07:05:614 Кардридер создан
30-10-17 at 15:07:05:615 Задание запуска модулей создано
30-10-17 at 15:07:05:615 Сканер создан
30-10-17 at 15:07:05:615 Регистратор создан
30-10-17 at 15:07:05:615 Часы созданы
30-10-17 at 15:07:05:616 Регистратор запущен
30-10-17 at 15:07:05:616 Сканер запущен
30-10-17 at 15:07:05:617 Часы запущены
30-10-17 at 15:07:05:617 Кардридер запущен
30-10-17 at 15:07:05:617 Передача данных запущена
30-10-17 at 15:07:05:617 Вход в FRInit
30-10-17 at 15:07:05:631 Send 05 
30-10-17 at 15:07:05:646 Recived 15 
30-10-17 at 15:07:05:646 Send 06 
30-10-17 at 15:07:05:661 Send 02 05 11 1E 00 00 00 0A 
30-10-17 at 15:07:05:676 Recived 06 02 30 11 00 1E 43 31 6C 9E 0E 07 11 01 2B 00 B0 02 04 00 00 4E 41 00 00 01 01 10 1E 0A 11 0F 07 07 00 2E 5D 00 00 5A 00 00 00 00 00 D2 E9 1E 42 01 00 61 
30-10-17 at 15:07:05:691 Send 06 
30-10-17 at 15:07:05:697 KKMStatus 
30-10-17 at 15:07:05:706 Send 05 
30-10-17 at 15:07:05:721 Recived 15 
30-10-17 at 15:07:05:721 Send 06 
30-10-17 at 15:07:05:736 Send 02 05 11 1E 00 00 00 0A 
30-10-17 at 15:07:05:751 Recived 06 02 30 11 00 1E 43 31 6C 9E 0E 07 11 01 2B 00 B0 02 04 00 00 4E 41 00 00 01 01 10 1E 0A 11 0F 07 07 00 2E 5D 00 00 5A 00 00 00 00 00 D2 E9 1E 42 01 00 61 
30-10-17 at 15:07:05:766 Send 06 
30-10-17 at 15:07:05:767 KKMStatus 0400
30-10-17 at 15:07:05:767 Номер ФР считан
30-10-17 at 15:07:05:906 СУБД подключена
30-10-17 at 15:07:05:925 Send 05 
30-10-17 at 15:07:05:940 Recived 15 
30-10-17 at 15:07:05:940 Send 06 
30-10-17 at 15:07:05:955 Send 02 0B 1E 1E 00 00 00 06 01 00 01 00 00 0D 
30-10-17 at 15:07:05:970 Recived 06 02 02 1E 00 1C 
30-10-17 at 15:07:05:985 Send 06 
30-10-17 at 15:07:06:000 Send 05 
30-10-17 at 15:07:06:015 Recived 15 
30-10-17 at 15:07:06:015 Send 06 
30-10-17 at 15:07:06:030 Send 02 10 1E 1E 00 00 00 06 01 00 02 C1 E5 E7 20 CD C4 D1 2E 
30-10-17 at 15:07:06:046 Recived 06 02 02 1E 00 1C 
30-10-17 at 15:07:06:061 Send 06 
30-10-17 at 15:07:06:076 Send 05 
30-10-17 at 15:07:06:091 Recived 15 
30-10-17 at 15:07:06:091 Send 06 
30-10-17 at 15:07:06:106 Send 02 0B 1E 1E 00 00 00 06 02 00 01 E8 03 E5 
30-10-17 at 15:07:06:121 Recived 06 02 02 1E 00 1C 
30-10-17 at 15:07:06:136 Send 06 
30-10-17 at 15:07:06:151 Send 05 
30-10-17 at 15:07:06:166 Recived 15 
30-10-17 at 15:07:06:166 Send 06 
30-10-17 at 15:07:06:181 Send 02 10 1E 1E 00 00 00 06 02 00 02 CD C4 D1 20 31 30 25 CA 
30-10-17 at 15:07:06:197 Recived 06 02 02 1E 00 1C 
30-10-17 at 15:07:06:212 Send 06 
30-10-17 at 15:07:06:227 Send 05 
30-10-17 at 15:07:06:242 Recived 15 
30-10-17 at 15:07:06:242 Send 06 
30-10-17 at 15:07:06:257 Send 02 0B 1E 1E 00 00 00 06 03 00 01 08 07 00 
30-10-17 at 15:07:06:272 Recived 06 02 02 1E 00 1C 
30-10-17 at 15:07:06:287 Send 06 
30-10-17 at 15:07:06:302 Send 05 
30-10-17 at 15:07:06:317 Recived 15 
30-10-17 at 15:07:06:317 Send 06 
30-10-17 at 15:07:06:332 Send 02 10 1E 1E 00 00 00 06 03 00 02 CD C4 D1 20 31 38 25 C3 
30-10-17 at 15:07:06:348 Recived 06 02 02 1E 00 1C 
30-10-17 at 15:07:06:363 Send 06 
30-10-17 at 15:07:06:378 Send 05 
30-10-17 at 15:07:06:393 Recived 15 
30-10-17 at 15:07:06:393 Send 06 
30-10-17 at 15:07:06:408 Send 02 0A 1E 1E 00 00 00 01 01 00 01 01 0A 
30-10-17 at 15:07:06:423 Recived 06 02 02 1E 00 1C 
30-10-17 at 15:07:06:438 Send 06 
30-10-17 at 15:07:06:453 Send 05 
30-10-17 at 15:07:06:468 Recived 15 
30-10-17 at 15:07:06:468 Send 06 
30-10-17 at 15:07:06:483 Send 02 0A 1E 1E 00 00 00 01 01 00 05 02 0D 
30-10-17 at 15:07:06:498 Recived 06 02 02 1E 00 1C 
30-10-17 at 15:07:06:513 Send 06 
30-10-17 at 15:07:06:528 Send 05 
30-10-17 at 15:07:06:543 Recived 15 
30-10-17 at 15:07:06:543 Send 06 
30-10-17 at 15:07:06:558 Send 02 0A 1E 1E 00 00 00 01 01 00 23 01 28 
30-10-17 at 15:07:06:573 Recived 06 02 02 1E 00 1C 
30-10-17 at 15:07:06:588 Send 06 
30-10-17 at 15:07:06:603 Send 05 
30-10-17 at 15:07:06:618 Recived 15 
30-10-17 at 15:07:06:618 Send 06 
30-10-17 at 15:07:06:633 Send 02 0A 1E 1E 00 00 00 01 01 00 06 00 0C 
30-10-17 at 15:07:06:648 Recived 06 02 02 1E 00 1C 
30-10-17 at 15:07:06:663 Send 06 
30-10-17 at 15:07:06:678 Send 05 
30-10-17 at 15:07:06:693 Recived 15 
30-10-17 at 15:07:06:693 Send 06 
30-10-17 at 15:07:06:708 Send 02 0A 1E 1E 00 00 00 01 01 00 07 01 0C 
30-10-17 at 15:07:06:723 Recived 06 02 02 1E 00 1C 
30-10-17 at 15:07:06:738 Send 06 
30-10-17 at 15:07:06:753 Send 05 
30-10-17 at 15:07:06:768 Recived 15 
30-10-17 at 15:07:06:768 Send 06 
30-10-17 at 15:07:06:783 Send 02 0A 1E 1E 00 00 00 01 01 00 14 01 1F 
30-10-17 at 15:07:06:798 Recived 06 02 02 1E 00 1C 
30-10-17 at 15:07:06:813 Send 06 
30-10-17 at 15:07:06:828 Send 05 
30-10-17 at 15:07:06:843 Recived 15 
30-10-17 at 15:07:06:843 Send 06 
30-10-17 at 15:07:06:858 Send 02 0A 1E 1E 00 00 00 01 01 00 15 01 1E 
30-10-17 at 15:07:06:873 Recived 06 02 02 1E 00 1C 
30-10-17 at 15:07:06:888 Send 06 
30-10-17 at 15:07:06:903 Send 05 
30-10-17 at 15:07:06:918 Recived 15 
30-10-17 at 15:07:06:918 Send 06 
30-10-17 at 15:07:06:933 Send 02 0A 1E 1E 00 00 00 01 01 00 0F 00 05 
30-10-17 at 15:07:06:948 Recived 06 02 02 1E 00 1C 
30-10-17 at 15:07:06:963 Send 06 
30-10-17 at 15:07:06:978 Send 05 
30-10-17 at 15:07:06:993 Recived 15 
30-10-17 at 15:07:06:993 Send 06 
30-10-17 at 15:07:07:008 Send 02 0A 1E 1E 00 00 00 01 01 00 11 00 1B 
30-10-17 at 15:07:07:023 Recived 06 02 02 1E 00 1C 
30-10-17 at 15:07:07:038 Send 06 
30-10-17 at 15:07:07:053 Send 05 
30-10-17 at 15:07:07:068 Recived 15 
30-10-17 at 15:07:07:068 Send 06 
30-10-17 at 15:07:07:083 Send 02 0A 1E 1E 00 00 00 11 01 00 03 02 1B 
30-10-17 at 15:07:07:098 Recived 06 02 02 1E 00 1C 
30-10-17 at 15:07:07:113 Send 06 
30-10-17 at 15:07:07:128 Send 05 
30-10-17 at 15:07:07:143 Recived 15 
30-10-17 at 15:07:07:143 Send 06 
30-10-17 at 15:07:07:158 Send 02 0A 1E 1E 00 00 00 01 01 00 29 01 22 
30-10-17 at 15:07:07:173 Recived 06 02 02 1E 00 1C 
30-10-17 at 15:07:07:188 Send 06 
30-10-17 at 15:07:07:203 Send 05 
30-10-17 at 15:07:07:218 Recived 15 
30-10-17 at 15:07:07:218 Send 06 
30-10-17 at 15:07:07:233 Send 02 26 1E 1E 00 00 00 04 0C 00 01 20 20 20 20 20 20 20 20 20 20 20 C4 CE C1 D0 CE 20 CF CE C6 C0 CB CE C2 C0 D2 DC 21 00 D5 
30-10-17 at 15:07:07:251 Recived 06 02 02 1E 00 1C 
30-10-17 at 15:07:07:266 Send 06 
30-10-17 at 15:07:07:281 Send 05 
30-10-17 at 15:07:07:296 Recived 15 
30-10-17 at 15:07:07:296 Send 06 
30-10-17 at 15:07:07:311 Send 02 29 1E 1E 00 00 00 04 0D 00 01 20 20 20 20 20 20 20 20 CE CE CE 20 CA EE EC EF E0 ED E8 FF 20 27 CA CE CB CE D0 CB CE CD 27 00 CB 
30-10-17 at 15:07:07:329 Recived 06 02 02 1E 00 1C 
30-10-17 at 15:07:07:344 Send 06 
30-10-17 at 15:07:07:359 Send 05 
30-10-17 at 15:07:07:374 Recived 15 
30-10-17 at 15:07:07:374 Send 06 
30-10-17 at 15:07:07:389 Send 02 2D 1E 1E 00 00 00 04 0E 00 01 20 20 20 20 20 CC E0 E3 E0 E7 E8 ED 20 27 C2 F1 E5 20 F2 EE E2 E0 F0 FB 20 E4 EB FF 20 E4 EE EC E0 27 20 00 DE 
30-10-17 at 15:07:07:407 Recived 06 02 02 1E 00 1C 
30-10-17 at 15:07:07:422 Send 06 
30-10-17 at 15:07:07:439 now clear port error ...
30-10-17 at 15:07:07:439 now write to port ...
30-10-17 at 15:07:07:573 ... done
30-10-17 at 15:07:07:603 Send 05 
30-10-17 at 15:07:07:618 Recived 15 
30-10-17 at 15:07:07:618 Send 06 
30-10-17 at 15:07:07:633 Send 02 06 1A 1E 00 00 00 79 7B 
30-10-17 at 15:07:07:648 Recived 06 02 09 1A 00 1E 00 00 00 00 00 00 0D 
30-10-17 at 15:07:07:663 Send 06 
30-10-17 at 15:07:09:946 Cardreader  Антонов Сергей 
30-10-17 at 15:07:09:960 Send 05 
30-10-17 at 15:07:09:975 Recived 15 
30-10-17 at 15:07:09:975 Send 06 
30-10-17 at 15:07:09:990 Send 02 20 1E 1E 00 00 00 02 1E 00 02 CA E0 F1 F1 E8 F0 20 C0 ED F2 EE ED EE E2 20 D1 E5 F0 E3 E5 E9 20 00 D7 
30-10-17 at 15:07:10:008 Recived 06 02 02 1E 00 1C 
30-10-17 at 15:07:10:023 Send 06 
30-10-17 at 15:07:10:026 now clear port error ...
30-10-17 at 15:07:10:026 now write to port ...
30-10-17 at 15:07:10:160 ... done
30-10-17 at 15:07:10:953 Send 05 
30-10-17 at 15:07:10:968 Recived 15 
30-10-17 at 15:07:10:968 Send 06 
30-10-17 at 15:07:10:983 Send 02 06 FF 39 1E 00 00 00 DE 
30-10-17 at 15:07:10:998 Recived 06 02 10 FF 39 00 00 00 00 00 00 00 00 00 00 00 00 00 00 D6 
30-10-17 at 15:07:11:013 Send 06 
30-10-17 at 15:09:12:138 Send 05 
30-10-17 at 15:09:12:153 Recived 15 
30-10-17 at 15:09:12:153 Send 06 
30-10-17 at 15:09:12:168 Send 02 06 FF 39 1E 00 00 00 DE 
30-10-17 at 15:09:12:183 Recived 06 02 10 FF 39 00 00 00 00 00 00 00 00 00 00 00 00 00 00 D6 
30-10-17 at 15:09:12:198 Send 06 
30-10-17 at 15:11:13:338 Send 05 
30-10-17 at 15:11:13:353 Recived 15 
30-10-17 at 15:11:13:353 Send 06 
30-10-17 at 15:11:13:368 Send 02 06 FF 39 1E 00 00 00 DE 
30-10-17 at 15:11:13:383 Recived 06 02 10 FF 39 00 00 00 00 00 00 00 00 00 00 00 00 00 00 D6 
30-10-17 at 15:11:13:398 Send 06 
30-10-17 at 15:13:14:538 Send 05 
30-10-17 at 15:13:14:553 Recived 15 
30-10-17 at 15:13:14:553 Send 06 
30-10-17 at 15:13:14:568 Send 02 06 FF 39 1E 00 00 00 DE 
30-10-17 at 15:13:14:583 Recived 06 02 10 FF 39 00 00 00 00 00 00 00 00 00 00 00 00 00 00 D6 
30-10-17 at 15:13:14:598 Send 06 
30-10-17 at 15:15:15:738 Send 05 
30-10-17 at 15:15:15:753 Recived 15 
30-10-17 at 15:15:15:753 Send 06 
30-10-17 at 15:15:15:768 Send 02 06 FF 39 1E 00 00 00 DE 
30-10-17 at 15:15:15:783 Recived 06 02 10 FF 39 00 00 00 00 00 00 00 00 00 00 00 00 00 00 D6 
30-10-17 at 15:15:15:798 Send 06 
30-10-17 at 15:17:16:938 Send 05 
30-10-17 at 15:17:16:953 Recived 15 
30-10-17 at 15:17:16:953 Send 06 
30-10-17 at 15:17:16:968 Send 02 06 FF 39 1E 00 00 00 DE 
30-10-17 at 15:17:16:983 Recived 06 02 10 FF 39 00 00 00 00 00 00 00 00 00 00 00 00 00 00 D6 
30-10-17 at 15:17:16:998 Send 06 
30-10-17 at 15:17:23:103 Send 05 
30-10-17 at 15:17:23:118 Recived 15 
30-10-17 at 15:17:23:118 Send 06 
30-10-17 at 15:17:23:133 Send 02 08 21 1E 00 00 00 0F 11 17 3E 
30-10-17 at 15:17:23:148 Recived 06 02 02 21 00 23 
30-10-17 at 15:17:23:163 Send 06 
30-10-17 at 15:17:23:178 Send 05 
30-10-17 at 15:17:23:193 Recived 15 
30-10-17 at 15:17:23:193 Send 06 
30-10-17 at 15:17:23:208 Send 02 05 11 1E 00 00 00 0A 
30-10-17 at 15:17:23:223 Recived 06 02 30 11 00 1E 43 31 6C 9E 0E 07 11 01 2B 00 B0 02 04 00 00 4E 41 00 00 01 01 10 1E 0A 11 0F 11 17 00 2E 5D 00 00 5A 00 00 00 00 00 D2 E9 1E 42 01 00 67 
30-10-17 at 15:17:23:238 Send 06 
30-10-17 at 15:17:23:239 KKMStatus 
30-10-17 at 15:17:23:253 Send 05 
30-10-17 at 15:17:23:268 Recived 15 
30-10-17 at 15:17:23:268 Send 06 
30-10-17 at 15:17:23:283 Send 02 05 E0 1E 00 00 00 FB 
30-10-17 at 15:17:23:298 Recived 06 
30-10-17 at 15:17:24:303 Send 05 
30-10-17 at 15:17:24:468 Recived 02 03 E0 00 1E FD 
30-10-17 at 15:17:24:483 Send 06 
30-10-17 at 15:17:30:253 114
30-10-17 at 15:17:30:253 014
30-10-17 at 15:17:30:254 total calculated
30-10-17 at 15:17:30:254 now show on display
30-10-17 at 15:17:30:254                     Всего:          0.00
30-10-17 at 15:17:30:254 now clear port error ...
30-10-17 at 15:17:30:254 now write to port ...
30-10-17 at 15:17:30:388 ... done
30-10-17 at 15:17:30:524 114
30-10-17 at 15:17:30:525 014
30-10-17 at 15:17:30:684 114
30-10-17 at 15:17:30:684 014
30-10-17 at 15:17:34:412 114
30-10-17 at 15:17:34:412 014
30-10-17 at 15:17:34:556 114
30-10-17 at 15:17:34:556 014
30-10-17 at 15:17:34:924 114
30-10-17 at 15:17:34:925 014
30-10-17 at 15:17:38:788 114
30-10-17 at 15:17:38:788 014
30-10-17 at 15:17:39:092 114
30-10-17 at 15:17:39:092 014
30-10-17 at 15:17:39:283 114
30-10-17 at 15:17:39:284 014
30-10-17 at 15:17:42:011 114
30-10-17 at 15:17:42:012 014
30-10-17 at 15:17:42:259 114
30-10-17 at 15:17:42:260 014
30-10-17 at 15:17:42:565 114
30-10-17 at 15:17:42:565 014
30-10-17 at 15:17:46:667 114
30-10-17 at 15:17:46:667 014
30-10-17 at 15:17:46:668 114
30-10-17 at 15:17:46:668 014
30-10-17 at 15:17:46:680 114
30-10-17 at 15:17:46:680 014
30-10-17 at 15:17:46:680 101
30-10-17 at 15:17:46:680 001
30-10-17 at 15:17:46:681 total calculated
30-10-17 at 15:17:46:682 now show on display
30-10-17 at 15:17:46:682 80Тд5гр_1849 Тет  55Всего:         55.00
30-10-17 at 15:17:46:682 now clear port error ...
30-10-17 at 15:17:46:683 now write to port ...
30-10-17 at 15:17:46:816 ... done
30-10-17 at 15:18:24:265  Нажата клавиша F10.
30-10-17 at 15:18:24:265 114
30-10-17 at 15:18:24:265 014
30-10-17 at 15:18:24:266 115
30-10-17 at 15:18:24:266 015
30-10-17 at 15:18:24:267 total calculated
30-10-17 at 15:18:24:267 now show on display
30-10-17 at 15:18:24:267 80Тд5гр_1849 Тет  55Всего:         55.00
30-10-17 at 15:18:24:267 now clear port error ...
30-10-17 at 15:18:24:268 now write to port ...
30-10-17 at 15:18:24:401 ... done
30-10-17 at 15:18:24:449 now clear port error ...
30-10-17 at 15:18:24:449 now write to port ...
30-10-17 at 15:18:24:583 ... done
30-10-17 at 15:18:27:174 now clear port error ...
30-10-17 at 15:18:27:174 now write to port ...
30-10-17 at 15:18:27:308 ... done
30-10-17 at 15:18:27:308 Вход в FRInit
30-10-17 at 15:18:27:318 Send 05 
30-10-17 at 15:18:27:333 Recived 15 
30-10-17 at 15:18:27:333 Send 06 
30-10-17 at 15:18:27:348 Send 02 05 11 1E 00 00 00 0A 
30-10-17 at 15:18:27:363 Recived 06 02 30 11 00 1E 43 31 6C 9E 0E 07 11 01 2C 00 B0 02 02 00 00 4E 41 00 00 01 01 10 1E 0A 11 0F 12 1B 00 2E 5D 00 00 5A 00 00 00 00 00 D2 E9 1E 42 01 00 69 
30-10-17 at 15:18:27:378 Send 06 
30-10-17 at 15:18:27:388 KKMStatus 
30-10-17 at 15:18:27:393 Send 05 
30-10-17 at 15:18:27:408 Recived 15 
30-10-17 at 15:18:27:408 Send 06 
30-10-17 at 15:18:27:423 Send 02 06 28 1E 00 00 00 00 30 
30-10-17 at 15:18:27:438 Recived 06 02 03 28 00 1E 35 
30-10-17 at 15:18:27:453 Send 06 
30-10-17 at 15:18:27:468 Send 05 
30-10-17 at 15:18:27:483 Recived 15 
30-10-17 at 15:18:27:483 Send 06 
30-10-17 at 15:18:27:498 Send 02 06 8D 1E 00 00 00 00 95 
30-10-17 at 15:18:27:513 Recived 06 
30-10-17 at 15:18:27:528 Recived 02 03 8D 00 1E 90 
30-10-17 at 15:18:27:543 Send 06 
30-10-17 at 15:18:27:558 Send 05 
30-10-17 at 15:18:27:573 Recived 15 
30-10-17 at 15:18:27:573 Send 06 
30-10-17 at 15:18:27:588 Send 02 0A C2 1E 00 00 00 C3 F2 C1 83 15 B0 
30-10-17 at 15:18:27:603 Recived 06 02 03 C2 00 1E DF 
30-10-17 at 15:18:27:618 Send 06 
30-10-17 at 15:18:27:633 Send 05 
30-10-17 at 15:18:27:648 Recived 15 
30-10-17 at 15:18:27:648 Send 06 
30-10-17 at 15:18:27:663 Send 02 2E 17 1E 00 00 00 03 3D 3D 3D 3D 3D 3D 3D 3D 3D 3D 3D 3D 3D 3D 3D 3D 3D 3D 3D 3D 3D 3D 3D 3D 3D 3D 3D 3D 3D 3D 3D 3D 3D 3D 3D 3D 3D 3D 3D 3D 24 
30-10-17 at 15:18:27:682 Recived 06 02 03 17 00 1E 0A 
30-10-17 at 15:18:27:697 Send 06 
30-10-17 at 15:18:27:712 Send 05 
30-10-17 at 15:18:27:727 Recived 15 
30-10-17 at 15:18:27:727 Send 06 
30-10-17 at 15:18:27:742 Send 02 2E 17 1E 00 00 00 03 20 20 20 20 20 20 20 D7 C5 CA 20 30 32 2D 33 38 35 34 2D 31 37 31 30 2D 33 30 31 35 2D 31 38 32 37 00 00 00 00 00 00 00 F8 
30-10-17 at 15:18:27:761 Recived 06 02 03 17 00 1E 0A 
30-10-17 at 15:18:27:776 Send 06 
30-10-17 at 15:18:27:791 Send 05 
30-10-17 at 15:18:27:806 Recived 15 
30-10-17 at 15:18:27:806 Send 06 
30-10-17 at 15:18:27:821 Send 02 2E 17 1E 00 00 00 03 3D 3D 3D 3D 3D 3D 3D 3D 3D 3D 3D 3D 3D 3D 3D 3D 3D 3D 3D 3D 3D 3D 3D 3D 3D 3D 3D 3D 3D 3D 3D 3D 3D 3D 3D 3D 3D 3D 3D 3D 24 
30-10-17 at 15:18:27:840 Recived 06 02 03 17 00 1E 0A 
30-10-17 at 15:18:27:855 Send 06 
30-10-17 at 15:18:27:870 Send 05 
30-10-17 at 15:18:27:885 Recived 15 
30-10-17 at 15:18:27:885 Send 06 
30-10-17 at 15:18:27:900 Send 02 3C 80 1E 00 00 00 E8 03 00 00 00 7C 15 00 00 00 00 03 00 00 00 2F 2F 32 38 35 36 30 32 38 31 35 30 33 38 20 38 30 D2 E4 35 E3 F0 5F 31 38 34 39 20 D2 E5 F2 F0 E0 E4 FC 20 E4 E2 EE 00 69 
30-10-17 at 15:18:27:919 Recived 06 02 03 80 00 1E 9D 
30-10-17 at 15:18:27:934 Send 06 
30-10-17 at 15:18:27:949 Send 05 
30-10-17 at 15:18:27:964 Recived 15 
30-10-17 at 15:18:27:964 Send 06 
30-10-17 at 15:18:27:979 Send 02 2E 17 1E 00 00 00 03 32 38 35 36 30 32 38 31 35 30 33 38 20 38 30 D2 E4 35 E3 F0 5F 31 38 34 39 20 D2 E5 F2 F0 E0 E4 FC 20 00 00 00 00 00 00 86 
30-10-17 at 15:18:27:998 Recived 06 02 03 17 00 1E 0A 
30-10-17 at 15:18:28:013 Send 06 
30-10-17 at 15:18:28:028 Send 05 
30-10-17 at 15:18:28:043 Recived 15 
30-10-17 at 15:18:28:043 Send 06 
30-10-17 at 15:18:28:058 Send 02 2E 17 1E 00 00 00 03 E4 E2 EE E9 ED E0 FF 20 38 30 EB 2E C0 35 F4 2E 22 ED E0 20 E3 F0 E5 E1 ED E5 22 20 F1 20 F2 E2 2E 20 00 00 00 00 00 00 C8 
30-10-17 at 15:18:28:077 Recived 06 02 03 17 00 1E 0A 
30-10-17 at 15:18:28:092 Send 06 
30-10-17 at 15:18:28:107 Send 05 
30-10-17 at 15:18:28:122 Recived 15 
30-10-17 at 15:18:28:122 Send 06 
30-10-17 at 15:18:28:137 Send 02 2E 17 1E 00 00 00 03 EE E1 EB 2E 20 D1 EE E1 E0 EA E0 2D CA EE F2 20 20 20 20 20 20 20 20 20 20 20 20 20 20 20 20 20 20 20 20 20 28 F8 F2 29 2A 
30-10-17 at 15:18:28:156 Recived 06 02 03 17 00 1E 0A 
30-10-17 at 15:18:28:171 Send 06 
30-10-17 at 15:18:28:186 Send 05 
30-10-17 at 15:18:28:201 Recived 15 
30-10-17 at 15:18:28:201 Send 06 
30-10-17 at 15:18:28:216 Send 02 2E 17 1E 00 00 00 03 20 20 20 20 20 20 20 20 20 20 20 20 20 20 20 20 20 20 20 20 20 20 20 20 20 20 20 31 2E 30 30 30 20 58 20 35 35 2E 30 30 5D 
30-10-17 at 15:18:28:235 Recived 06 02 03 17 00 1E 0A 
30-10-17 at 15:18:28:250 Send 06 
30-10-17 at 15:18:28:265 Send 05 
30-10-17 at 15:18:28:280 Recived 15 
30-10-17 at 15:18:28:280 Send 06 
30-10-17 at 15:18:28:295 Send 02 2E 17 1E 00 00 00 03 D1 F3 EC EC E0 2C E2 20 F2 2E F7 2E CD C4 D1 20 31 38 25 20 20 20 20 20 20 20 20 20 20 20 20 20 20 3D 20 35 35 2E 30 30 EA 
30-10-17 at 15:18:28:314 Recived 06 02 03 17 00 1E 0A 
30-10-17 at 15:18:28:329 Send 06 
30-10-17 at 15:18:28:344 Send 05 
30-10-17 at 15:18:28:359 Recived 15 
30-10-17 at 15:18:28:359 Send 06 
30-10-17 at 15:18:28:374 Send 02 05 89 1E 00 00 00 92 
30-10-17 at 15:18:28:389 Recived 06 02 08 89 00 1E 7C 15 00 00 00 F6 
30-10-17 at 15:18:28:404 Send 06 
30-10-17 at 15:18:28:419 Send 05 
30-10-17 at 15:18:28:434 Recived 15 
30-10-17 at 15:18:28:434 Send 06 
30-10-17 at 15:18:28:449 Send 02 2E 17 1E 00 00 00 03 3D 3D 3D 3D 3D 3D 3D 3D 3D 3D 3D 3D 3D 3D 3D 3D 3D 3D 3D 3D 3D 3D 3D 3D 3D 3D 3D 3D 3D 3D 3D 3D 3D 3D 3D 3D 3D 3D 3D 3D 24 
30-10-17 at 15:18:28:468 Recived 06 02 03 17 00 1E 0A 
30-10-17 at 15:18:28:483 Send 06 
30-10-17 at 15:18:28:498 Send 05 
30-10-17 at 15:18:28:513 Recived 15 
30-10-17 at 15:18:28:513 Send 06 
30-10-17 at 15:18:28:528 Send 02 2E 17 1E 00 00 00 03 20 00 00 00 00 00 00 00 00 00 00 00 00 00 00 00 00 00 00 00 00 00 00 00 00 00 00 00 00 00 00 00 00 00 00 00 00 00 00 00 04 
30-10-17 at 15:18:28:547 Recived 06 02 03 17 00 1E 0A 
30-10-17 at 15:18:28:565 Send 06 
30-10-17 at 15:18:28:580 Send 05 
30-10-17 at 15:18:28:595 Recived 15 
30-10-17 at 15:18:28:595 Send 06 
30-10-17 at 15:18:28:610 Send 02 2E 17 1E 00 00 00 03 20 20 20 20 CE EF EB E0 F2 E0 20 EF F0 E8 ED FF F2 E0 20 F1 20 E1 EB E0 E3 EE E4 E0 F0 ED EE F1 F2 FC FE 00 00 00 00 00 2B 
30-10-17 at 15:18:28:629 Recived 06 02 03 17 00 1E 0A 
30-10-17 at 15:18:28:644 Send 06 
30-10-17 at 15:18:28:659 Send 05 
30-10-17 at 15:18:28:674 Recived 15 
30-10-17 at 15:18:28:674 Send 06 
30-10-17 at 15:18:28:689 Send 02 2E 17 1E 00 00 00 03 20 20 C6 E4 E5 EC 20 E2 E0 F1 20 E5 E6 E5 E4 ED E5 E2 ED EE 20 F1 20 39 2E 30 30 20 E4 EE 20 32 32 2E 30 30 00 00 00 00 D5 
30-10-17 at 15:18:28:708 Recived 06 02 03 17 00 1E 0A 
30-10-17 at 15:18:28:723 Send 06 
30-10-17 at 15:18:28:738 Send 05 
30-10-17 at 15:18:28:753 Recived 15 
30-10-17 at 15:18:28:753 Send 06 
30-10-17 at 15:18:28:768 Send 02 2E 17 1E 00 00 00 03 20 20 20 20 EF EE 20 E0 E4 F0 E5 F1 F3 3A 36 33 30 30 32 37 2C E3 2E CD EE E2 EE F1 E8 E1 E8 F0 F1 EA 2C 00 00 00 00 00 35 
30-10-17 at 15:18:28:787 Recived 06 02 03 17 00 1E 0A 
30-10-17 at 15:18:28:802 Send 06 
30-10-17 at 15:18:28:817 Send 05 
30-10-17 at 15:18:28:832 Recived 15 
30-10-17 at 15:18:28:832 Send 06 
30-10-17 at 15:18:28:847 Send 02 2E 17 1E 00 00 00 03 F3 EB 2E D2 EE EB EC E0 F7 E5 E2 F1 EA E0 FF 2C 20 31 39 E0 20 EA 2E 32 2C 20 F2 E5 EB 2E 3A 33 36 33 2D 30 35 2D 30 35 DD 
30-10-17 at 15:18:28:866 Recived 06 02 03 17 00 1E 0A 
30-10-17 at 15:18:28:881 Send 06 
30-10-17 at 15:18:28:896 Send 05 
30-10-17 at 15:18:28:911 Recived 15 
30-10-17 at 15:18:28:911 Send 06 
30-10-17 at 15:18:28:926 Send 02 47 85 1E 00 00 00 7C 15 00 00 00 00 00 00 00 00 00 00 00 00 00 00 00 00 00 00 00 00 00 00 00 00 20 00 00 00 00 00 00 00 00 00 00 00 00 00 00 00 00 00 00 00 00 00 00 00 00 00 00 00 00 00 00 00 00 00 00 00 00 00 00 00 95 
30-10-17 at 15:18:28:947 Recived 06 
30-10-17 at 15:18:29:127 Recived 02 08 85 00 1E 00 00 00 00 00 93 
30-10-17 at 15:18:29:142 Send 06 
30-10-17 at 15:18:29:148 WAIT_OBJECT_0
30-10-17 at 15:18:29:158 WritePresent
30-10-17 at 15:18:29:158 UpdateCentralCounts
30-10-17 at 15:18:29:217 UpdateCentralCounts
30-10-17 at 15:18:29:217 ActivateGiftCards(PresentGrid)
30-10-17 at 15:18:29:217 ActivateGiftCards(Grid)
30-10-17 at 15:18:29:217 GiftCardDoPayments
30-10-17 at 15:18:29:218 GiftCardClearPayments
30-10-17 at 15:18:29:218 Попытка очистки таблицы
30-10-17 at 15:18:29:218 Попытка очистки успешна
30-10-17 at 15:18:29:218 Попытка очистки таблицы
30-10-17 at 15:18:29:218 Попытка очистки успешна
30-10-17 at 15:18:29:219 total calculated
30-10-17 at 15:18:29:219 now show on display
30-10-17 at 15:18:29:219                     Всего:          0.00
30-10-17 at 15:18:29:219 now clear port error ...
30-10-17 at 15:18:29:219 now write to port ...
30-10-17 at 15:18:29:353 ... done
30-10-17 at 15:18:29:353 now clear port error ...
30-10-17 at 15:18:29:353 now write to port ...
30-10-17 at 15:18:29:524 ... done
30-10-17 at 15:18:29:525 116
30-10-17 at 15:18:29:525 016
30-10-17 at 15:18:47:160 total calculated
30-10-17 at 15:18:47:160 now show on display
30-10-17 at 15:18:47:160                     Всего:          0.00
30-10-17 at 15:18:47:160 now clear port error ...
30-10-17 at 15:18:47:160 now write to port ...
30-10-17 at 15:18:47:294 ... done
30-10-17 at 15:18:47:294 total calculated
30-10-17 at 15:18:47:295 now show on display
30-10-17 at 15:18:47:295                     Всего:          0.00
30-10-17 at 15:18:47:295 now clear port error ...
30-10-17 at 15:18:47:295 now write to port ...
30-10-17 at 15:18:47:466 ... done
30-10-17 at 15:18:47:468 111
30-10-17 at 15:18:47:468 Выход из программы
30-10-17 at 16:14:29:938 Запуск программы. Инициализация считана из файла
30-10-17 at 16:14:29:940 Платежи по картам восстановлены
30-10-17 at 16:14:29:940 total calculated
30-10-17 at 16:14:29:940 now show on display
30-10-17 at 16:14:29:941                     Всего:          0.00
30-10-17 at 16:14:29:941 now open port for display
30-10-17 at 16:14:29:942 Com port opened
30-10-17 at 16:14:29:942 now clear port error ...
30-10-17 at 16:14:29:942 now write to port ...
30-10-17 at 16:14:30:076 ... done
30-10-17 at 16:14:30:076 Чек сжат
30-10-17 at 16:14:30:076 Сумма чека посчитана
30-10-17 at 16:14:30:076 Кардридер создан
30-10-17 at 16:14:30:077 Задание запуска модулей создано
30-10-17 at 16:14:30:077 Сканер создан
30-10-17 at 16:14:30:077 Регистратор создан
30-10-17 at 16:14:30:077 Часы созданы
30-10-17 at 16:14:30:078 Регистратор запущен
30-10-17 at 16:14:30:078 Сканер запущен
30-10-17 at 16:14:30:078 Часы запущены
30-10-17 at 16:14:30:078 Кардридер запущен
30-10-17 at 16:14:30:078 Передача данных запущена
30-10-17 at 16:14:30:079 Вход в FRInit
30-10-17 at 16:14:30:093 Send 05 
30-10-17 at 16:14:30:108 Recived 15 
30-10-17 at 16:14:30:108 Send 06 
30-10-17 at 16:14:30:123 Send 02 05 11 1E 00 00 00 0A 
30-10-17 at 16:14:30:138 Recived 06 02 30 11 00 1E 43 31 6C 9E 0E 07 11 01 2D 00 B0 02 02 00 00 4E 41 00 00 01 01 10 1E 0A 11 10 0E 1E 00 2E 5D 00 00 5A 00 00 00 00 00 D2 E9 1E 42 01 00 6E 
30-10-17 at 16:14:30:153 Send 06 
30-10-17 at 16:14:30:159 KKMStatus 0000
30-10-17 at 16:14:30:168 Send 05 
30-10-17 at 16:14:30:183 Recived 15 
30-10-17 at 16:14:30:183 Send 06 
30-10-17 at 16:14:30:198 Send 02 05 11 1E 00 00 00 0A 
30-10-17 at 16:14:30:213 Recived 06 02 30 11 00 1E 43 31 6C 9E 0E 07 11 01 2D 00 B0 02 02 00 00 4E 41 00 00 01 01 10 1E 0A 11 10 0E 1E 00 2E 5D 00 00 5A 00 00 00 00 00 D2 E9 1E 42 01 00 6E 
30-10-17 at 16:14:30:228 Send 06 
30-10-17 at 16:14:30:229 KKMStatus 0200
30-10-17 at 16:14:30:229 Номер ФР считан
30-10-17 at 16:14:30:338 СУБД подключена
30-10-17 at 16:14:30:352 Send 05 
30-10-17 at 16:14:30:367 Recived 15 
30-10-17 at 16:14:30:367 Send 06 
30-10-17 at 16:14:30:382 Send 02 0A 1E 1E 00 00 00 01 01 00 01 01 0A 
30-10-17 at 16:14:30:397 Recived 06 02 02 1E 00 1C 
30-10-17 at 16:14:30:412 Send 06 
30-10-17 at 16:14:30:427 Send 05 
30-10-17 at 16:14:30:442 Recived 15 
30-10-17 at 16:14:30:442 Send 06 
30-10-17 at 16:14:30:457 Send 02 0A 1E 1E 00 00 00 01 01 00 05 02 0D 
30-10-17 at 16:14:30:472 Recived 06 02 02 1E 00 1C 
30-10-17 at 16:14:30:487 Send 06 
30-10-17 at 16:14:30:502 Send 05 
30-10-17 at 16:14:30:517 Recived 15 
30-10-17 at 16:14:30:517 Send 06 
30-10-17 at 16:14:30:532 Send 02 0A 1E 1E 00 00 00 01 01 00 23 01 28 
30-10-17 at 16:14:30:547 Recived 06 02 02 1E 00 1C 
30-10-17 at 16:14:30:562 Send 06 
30-10-17 at 16:14:30:577 Send 05 
30-10-17 at 16:14:30:592 Recived 15 
30-10-17 at 16:14:30:592 Send 06 
30-10-17 at 16:14:30:607 Send 02 0A 1E 1E 00 00 00 01 01 00 06 00 0C 
30-10-17 at 16:14:30:622 Recived 06 02 02 1E 00 1C 
30-10-17 at 16:14:30:637 Send 06 
30-10-17 at 16:14:30:652 Send 05 
30-10-17 at 16:14:30:667 Recived 15 
30-10-17 at 16:14:30:667 Send 06 
30-10-17 at 16:14:30:682 Send 02 0A 1E 1E 00 00 00 01 01 00 07 01 0C 
30-10-17 at 16:14:30:697 Recived 06 02 02 1E 00 1C 
30-10-17 at 16:14:30:712 Send 06 
30-10-17 at 16:14:30:727 Send 05 
30-10-17 at 16:14:30:742 Recived 15 
30-10-17 at 16:14:30:742 Send 06 
30-10-17 at 16:14:30:757 Send 02 0A 1E 1E 00 00 00 01 01 00 14 01 1F 
30-10-17 at 16:14:30:772 Recived 06 02 02 1E 00 1C 
30-10-17 at 16:14:30:787 Send 06 
30-10-17 at 16:14:30:802 Send 05 
30-10-17 at 16:14:30:817 Recived 15 
30-10-17 at 16:14:30:817 Send 06 
30-10-17 at 16:14:30:832 Send 02 0A 1E 1E 00 00 00 01 01 00 15 01 1E 
30-10-17 at 16:14:30:847 Recived 06 02 02 1E 00 1C 
30-10-17 at 16:14:30:862 Send 06 
30-10-17 at 16:14:30:877 Send 05 
30-10-17 at 16:14:30:892 Recived 15 
30-10-17 at 16:14:30:892 Send 06 
30-10-17 at 16:14:30:907 Send 02 0A 1E 1E 00 00 00 01 01 00 0F 00 05 
30-10-17 at 16:14:30:922 Recived 06 02 02 1E 00 1C 
30-10-17 at 16:14:30:937 Send 06 
30-10-17 at 16:14:30:952 Send 05 
30-10-17 at 16:14:30:967 Recived 15 
30-10-17 at 16:14:30:967 Send 06 
30-10-17 at 16:14:30:982 Send 02 0A 1E 1E 00 00 00 01 01 00 11 00 1B 
30-10-17 at 16:14:30:997 Recived 06 02 02 1E 00 1C 
30-10-17 at 16:14:31:012 Send 06 
30-10-17 at 16:14:31:027 Send 05 
30-10-17 at 16:14:31:042 Recived 15 
30-10-17 at 16:14:31:042 Send 06 
30-10-17 at 16:14:31:057 Send 02 0A 1E 1E 00 00 00 11 01 00 03 02 1B 
30-10-17 at 16:14:31:072 Recived 06 02 02 1E 00 1C 
30-10-17 at 16:14:31:087 Send 06 
30-10-17 at 16:14:31:102 Send 05 
30-10-17 at 16:14:31:117 Recived 15 
30-10-17 at 16:14:31:117 Send 06 
30-10-17 at 16:14:31:132 Send 02 0A 1E 1E 00 00 00 01 01 00 29 01 22 
30-10-17 at 16:14:31:147 Recived 06 02 02 1E 00 1C 
30-10-17 at 16:14:31:162 Send 06 
30-10-17 at 16:14:31:177 Send 05 
30-10-17 at 16:14:31:192 Recived 15 
30-10-17 at 16:14:31:192 Send 06 
30-10-17 at 16:14:31:207 Send 02 26 1E 1E 00 00 00 04 0C 00 01 20 20 20 20 20 20 20 20 20 20 20 C4 CE C1 D0 CE 20 CF CE C6 C0 CB CE C2 C0 D2 DC 21 00 D5 
30-10-17 at 16:14:31:225 Recived 06 02 02 1E 00 1C 
30-10-17 at 16:14:31:240 Send 06 
30-10-17 at 16:14:31:255 Send 05 
30-10-17 at 16:14:31:270 Recived 15 
30-10-17 at 16:14:31:270 Send 06 
30-10-17 at 16:14:31:285 Send 02 29 1E 1E 00 00 00 04 0D 00 01 20 20 20 20 20 20 20 20 CE CE CE 20 CA EE EC EF E0 ED E8 FF 20 27 CA CE CB CE D0 CB CE CD 27 00 CB 
30-10-17 at 16:14:31:303 Recived 06 02 02 1E 00 1C 
30-10-17 at 16:14:31:318 Send 06 
30-10-17 at 16:14:31:333 Send 05 
30-10-17 at 16:14:31:348 Recived 15 
30-10-17 at 16:14:31:348 Send 06 
30-10-17 at 16:14:31:363 Send 02 2D 1E 1E 00 00 00 04 0E 00 01 20 20 20 20 20 CC E0 E3 E0 E7 E8 ED 20 27 C2 F1 E5 20 F2 EE E2 E0 F0 FB 20 E4 EB FF 20 E4 EE EC E0 27 20 00 DE 
30-10-17 at 16:14:31:381 Recived 06 02 02 1E 00 1C 
30-10-17 at 16:14:31:396 Send 06 
30-10-17 at 16:14:31:404 now clear port error ...
30-10-17 at 16:14:31:404 now write to port ...
30-10-17 at 16:14:31:537 ... done
30-10-17 at 16:14:31:561 Send 05 
30-10-17 at 16:14:31:576 Recived 15 
30-10-17 at 16:14:31:576 Send 06 
30-10-17 at 16:14:31:591 Send 02 06 1A 1E 00 00 00 79 7B 
30-10-17 at 16:14:31:606 Recived 06 02 09 1A 00 1E 7C 15 00 00 00 00 64 
30-10-17 at 16:14:31:621 Send 06 
30-10-17 at 16:14:33:766 Cardreader  Антонов Сергей 
30-10-17 at 16:14:33:771 Send 05 
30-10-17 at 16:14:33:786 Recived 15 
30-10-17 at 16:14:33:786 Send 06 
30-10-17 at 16:14:33:801 Send 02 20 1E 1E 00 00 00 02 1E 00 02 CA E0 F1 F1 E8 F0 20 C0 ED F2 EE ED EE E2 20 D1 E5 F0 E3 E5 E9 20 00 D7 
30-10-17 at 16:14:33:819 Recived 06 02 02 1E 00 1C 
30-10-17 at 16:14:33:834 Send 06 
30-10-17 at 16:14:33:836 now clear port error ...
30-10-17 at 16:14:33:836 now write to port ...
30-10-17 at 16:14:33:969 ... done
30-10-17 at 16:14:34:779 Send 05 
30-10-17 at 16:14:34:794 Recived 15 
30-10-17 at 16:14:34:794 Send 06 
30-10-17 at 16:14:34:809 Send 02 06 FF 39 1E 00 00 00 DE 
30-10-17 at 16:14:34:824 Recived 06 02 10 FF 39 00 00 00 00 00 00 00 00 00 00 00 00 00 00 D6 
30-10-17 at 16:14:34:839 Send 06 
30-10-17 at 16:15:23:739 total calculated
30-10-17 at 16:15:23:739 now show on display
30-10-17 at 16:15:23:739                     Всего:          0.00
30-10-17 at 16:15:23:740 now clear port error ...
30-10-17 at 16:15:23:740 now write to port ...
30-10-17 at 16:15:23:874 ... done
30-10-17 at 16:15:23:874 total calculated
30-10-17 at 16:15:23:874 now show on display
30-10-17 at 16:15:23:875                     Всего:          0.00
30-10-17 at 16:15:23:875 now clear port error ...
30-10-17 at 16:15:23:875 now write to port ...
30-10-17 at 16:15:24:045 ... done
30-10-17 at 16:15:24:047 111
30-10-17 at 16:15:24:047 Выход из программы
30-10-17 at 16:35:16:309 Запуск программы. Инициализация считана из файла
30-10-17 at 16:35:16:310 Платежи по картам восстановлены
30-10-17 at 16:35:16:310 total calculated
30-10-17 at 16:35:16:311 now show on display
30-10-17 at 16:35:16:311                     Всего:          0.00
30-10-17 at 16:35:16:311 now open port for display
30-10-17 at 16:35:16:312 Com port opened
30-10-17 at 16:35:16:312 now clear port error ...
30-10-17 at 16:35:16:312 now write to port ...
30-10-17 at 16:35:16:445 ... done
30-10-17 at 16:35:16:446 Чек сжат
30-10-17 at 16:35:16:446 Сумма чека посчитана
30-10-17 at 16:35:16:446 Кардридер создан
30-10-17 at 16:35:16:447 Задание запуска модулей создано
30-10-17 at 16:35:16:447 Сканер создан
30-10-17 at 16:35:16:447 Регистратор создан
30-10-17 at 16:35:16:447 Часы созданы
30-10-17 at 16:35:16:448 Регистратор запущен
30-10-17 at 16:35:16:448 Сканер запущен
30-10-17 at 16:35:16:449 Часы запущены
30-10-17 at 16:35:16:449 Кардридер запущен
30-10-17 at 16:35:16:449 Передача данных запущена
30-10-17 at 16:35:16:450 Вход в FRInit
30-10-17 at 16:35:16:450 Вход в GetStatus
30-10-17 at 16:35:16:463 Send 05 
30-10-17 at 16:35:16:478 Recived 15 
30-10-17 at 16:35:16:478 Send 06 
30-10-17 at 16:35:16:493 Send 02 05 11 1E 00 00 00 0A 
30-10-17 at 16:35:16:508 Recived 06 02 30 11 00 1E 43 31 6C 9E 0E 07 11 01 2D 00 B0 02 02 00 00 4E 41 00 00 01 01 10 1E 0A 11 10 23 11 00 2E 5D 00 00 5A 00 00 00 00 00 D2 E9 1E 42 01 00 4C 
30-10-17 at 16:35:16:523 Send 06 
30-10-17 at 16:35:16:530 KKMStatus 0000
30-10-17 at 16:35:16:538 Send 05 
30-10-17 at 16:35:16:553 Recived 15 
30-10-17 at 16:35:16:553 Send 06 
30-10-17 at 16:35:16:568 Send 02 05 11 1E 00 00 00 0A 
30-10-17 at 16:35:16:583 Recived 06 02 30 11 00 1E 43 31 6C 9E 0E 07 11 01 2D 00 B0 02 02 00 00 4E 41 00 00 01 01 10 1E 0A 11 10 23 11 00 2E 5D 00 00 5A 00 00 00 00 00 D2 E9 1E 42 01 00 4C 
30-10-17 at 16:35:16:598 Send 06 
30-10-17 at 16:35:16:600 KKMStatus 0200
30-10-17 at 16:35:16:600 Номер ФР считан
30-10-17 at 16:35:16:712 СУБД подключена
30-10-17 at 16:35:16:725 Send 05 
30-10-17 at 16:35:16:740 Recived 15 
30-10-17 at 16:35:16:740 Send 06 
30-10-17 at 16:35:16:755 Send 02 0A 1E 1E 00 00 00 01 01 00 01 01 0A 
30-10-17 at 16:35:16:770 Recived 06 02 02 1E 00 1C 
30-10-17 at 16:35:16:785 Send 06 
30-10-17 at 16:35:16:800 Send 05 
30-10-17 at 16:35:16:815 Recived 15 
30-10-17 at 16:35:16:815 Send 06 
30-10-17 at 16:35:16:830 Send 02 0A 1E 1E 00 00 00 01 01 00 05 02 0D 
30-10-17 at 16:35:16:845 Recived 06 02 02 1E 00 1C 
30-10-17 at 16:35:16:860 Send 06 
30-10-17 at 16:35:16:875 Send 05 
30-10-17 at 16:35:16:890 Recived 15 
30-10-17 at 16:35:16:890 Send 06 
30-10-17 at 16:35:16:905 Send 02 0A 1E 1E 00 00 00 01 01 00 23 01 28 
30-10-17 at 16:35:16:920 Recived 06 02 02 1E 00 1C 
30-10-17 at 16:35:16:935 Send 06 
30-10-17 at 16:35:16:950 Send 05 
30-10-17 at 16:35:16:965 Recived 15 
30-10-17 at 16:35:16:965 Send 06 
30-10-17 at 16:35:16:980 Send 02 0A 1E 1E 00 00 00 01 01 00 06 00 0C 
30-10-17 at 16:35:16:995 Recived 06 02 02 1E 00 1C 
30-10-17 at 16:35:17:010 Send 06 
30-10-17 at 16:35:17:025 Send 05 
30-10-17 at 16:35:17:040 Recived 15 
30-10-17 at 16:35:17:040 Send 06 
30-10-17 at 16:35:17:055 Send 02 0A 1E 1E 00 00 00 01 01 00 07 01 0C 
30-10-17 at 16:35:17:070 Recived 06 02 02 1E 00 1C 
30-10-17 at 16:35:17:085 Send 06 
30-10-17 at 16:35:17:100 Send 05 
30-10-17 at 16:35:17:115 Recived 15 
30-10-17 at 16:35:17:115 Send 06 
30-10-17 at 16:35:17:130 Send 02 0A 1E 1E 00 00 00 01 01 00 14 01 1F 
30-10-17 at 16:35:17:145 Recived 06 02 02 1E 00 1C 
30-10-17 at 16:35:17:160 Send 06 
30-10-17 at 16:35:17:175 Send 05 
30-10-17 at 16:35:17:190 Recived 15 
30-10-17 at 16:35:17:190 Send 06 
30-10-17 at 16:35:17:205 Send 02 0A 1E 1E 00 00 00 01 01 00 15 01 1E 
30-10-17 at 16:35:17:220 Recived 06 02 02 1E 00 1C 
30-10-17 at 16:35:17:235 Send 06 
30-10-17 at 16:35:17:250 Send 05 
30-10-17 at 16:35:17:265 Recived 15 
30-10-17 at 16:35:17:265 Send 06 
30-10-17 at 16:35:17:280 Send 02 0A 1E 1E 00 00 00 01 01 00 0F 00 05 
30-10-17 at 16:35:17:295 Recived 06 02 02 1E 00 1C 
30-10-17 at 16:35:17:310 Send 06 
30-10-17 at 16:35:17:325 Send 05 
30-10-17 at 16:35:17:340 Recived 15 
30-10-17 at 16:35:17:340 Send 06 
30-10-17 at 16:35:17:355 Send 02 0A 1E 1E 00 00 00 01 01 00 11 00 1B 
30-10-17 at 16:35:17:370 Recived 06 02 02 1E 00 1C 
30-10-17 at 16:35:17:385 Send 06 
30-10-17 at 16:35:17:400 Send 05 
30-10-17 at 16:35:17:415 Recived 15 
30-10-17 at 16:35:17:415 Send 06 
30-10-17 at 16:35:17:430 Send 02 0A 1E 1E 00 00 00 11 01 00 03 02 1B 
30-10-17 at 16:35:17:445 Recived 06 02 02 1E 00 1C 
30-10-17 at 16:35:17:460 Send 06 
30-10-17 at 16:35:17:475 Send 05 
30-10-17 at 16:35:17:490 Recived 15 
30-10-17 at 16:35:17:490 Send 06 
30-10-17 at 16:35:17:505 Send 02 0A 1E 1E 00 00 00 01 01 00 29 01 22 
30-10-17 at 16:35:17:520 Recived 06 02 02 1E 00 1C 
30-10-17 at 16:35:17:535 Send 06 
30-10-17 at 16:35:17:550 Send 05 
30-10-17 at 16:35:17:565 Recived 15 
30-10-17 at 16:35:17:565 Send 06 
30-10-17 at 16:35:17:580 Send 02 26 1E 1E 00 00 00 04 0C 00 01 20 20 20 20 20 20 20 20 20 20 20 C4 CE C1 D0 CE 20 CF CE C6 C0 CB CE C2 C0 D2 DC 21 00 D5 
30-10-17 at 16:35:17:597 Recived 06 02 02 1E 00 1C 
30-10-17 at 16:35:17:612 Send 06 
30-10-17 at 16:35:17:627 Send 05 
30-10-17 at 16:35:17:642 Recived 15 
30-10-17 at 16:35:17:642 Send 06 
30-10-17 at 16:35:17:657 Send 02 29 1E 1E 00 00 00 04 0D 00 01 20 20 20 20 20 20 20 20 CE CE CE 20 CA EE EC EF E0 ED E8 FF 20 27 CA CE CB CE D0 CB CE CD 27 00 CB 
30-10-17 at 16:35:17:675 Recived 06 02 02 1E 00 1C 
30-10-17 at 16:35:17:690 Send 06 
30-10-17 at 16:35:17:705 Send 05 
30-10-17 at 16:35:17:720 Recived 15 
30-10-17 at 16:35:17:720 Send 06 
30-10-17 at 16:35:17:735 Send 02 2D 1E 1E 00 00 00 04 0E 00 01 20 20 20 20 20 CC E0 E3 E0 E7 E8 ED 20 27 C2 F1 E5 20 F2 EE E2 E0 F0 FB 20 E4 EB FF 20 E4 EE EC E0 27 20 00 DE 
30-10-17 at 16:35:17:753 Recived 06 02 02 1E 00 1C 
30-10-17 at 16:35:17:768 Send 06 
30-10-17 at 16:35:17:778 now clear port error ...
30-10-17 at 16:35:17:778 now write to port ...
30-10-17 at 16:35:17:911 ... done
30-10-17 at 16:35:17:933 Send 05 
30-10-17 at 16:35:17:948 Recived 15 
30-10-17 at 16:35:17:948 Send 06 
30-10-17 at 16:35:17:963 Send 02 06 1A 1E 00 00 00 79 7B 
30-10-17 at 16:35:17:978 Recived 06 02 09 1A 00 1E 7C 15 00 00 00 00 64 
30-10-17 at 16:35:17:993 Send 06 
30-10-17 at 16:35:20:241 Cardreader  Антонов Сергей 
30-10-17 at 16:35:20:251 Send 05 
30-10-17 at 16:35:20:266 Recived 15 
30-10-17 at 16:35:20:267 Send 06 
30-10-17 at 16:35:20:282 Send 02 20 1E 1E 00 00 00 02 1E 00 02 CA E0 F1 F1 E8 F0 20 C0 ED F2 EE ED EE E2 20 D1 E5 F0 E3 E5 E9 20 00 D7 
30-10-17 at 16:35:20:300 Recived 06 02 02 1E 00 1C 
30-10-17 at 16:35:20:315 Send 06 
30-10-17 at 16:35:20:322 now clear port error ...
30-10-17 at 16:35:20:322 now write to port ...
30-10-17 at 16:35:20:455 ... done
30-10-17 at 16:35:21:245 Send 05 
30-10-17 at 16:35:21:260 Recived 15 
30-10-17 at 16:35:21:260 Send 06 
30-10-17 at 16:35:21:275 Send 02 06 FF 39 1E 00 00 00 DE 
30-10-17 at 16:35:21:290 Recived 06 02 10 FF 39 00 00 00 00 00 00 00 00 00 00 00 00 00 00 D6 
30-10-17 at 16:35:21:305 Send 06 
30-10-17 at 16:35:28:588 114
30-10-17 at 16:35:28:588 014
30-10-17 at 16:35:28:589 total calculated
30-10-17 at 16:35:28:589 now show on display
30-10-17 at 16:35:28:589                     Всего:          0.00
30-10-17 at 16:35:28:589 now clear port error ...
30-10-17 at 16:35:28:590 now write to port ...
30-10-17 at 16:35:28:723 ... done
30-10-17 at 16:35:28:892 114
30-10-17 at 16:35:28:892 014
30-10-17 at 16:35:29:060 114
30-10-17 at 16:35:29:060 014
30-10-17 at 16:35:31:076 114
30-10-17 at 16:35:31:076 014
30-10-17 at 16:35:31:268 114
30-10-17 at 16:35:31:268 014
30-10-17 at 16:35:31:483 114
30-10-17 at 16:35:31:484 014
30-10-17 at 16:35:33:139 114
30-10-17 at 16:35:33:140 014
30-10-17 at 16:35:33:491 114
30-10-17 at 16:35:33:492 014
30-10-17 at 16:35:33:683 114
30-10-17 at 16:35:33:683 014
30-10-17 at 16:35:34:348 114
30-10-17 at 16:35:34:349 014
30-10-17 at 16:35:34:676 114
30-10-17 at 16:35:34:676 014
30-10-17 at 16:35:34:963 114
30-10-17 at 16:35:34:964 014
30-10-17 at 16:35:35:251 114
30-10-17 at 16:35:35:252 014
30-10-17 at 16:35:35:252 114
30-10-17 at 16:35:35:252 014
30-10-17 at 16:35:35:259 114
30-10-17 at 16:35:35:259 014
30-10-17 at 16:35:35:259 101
30-10-17 at 16:35:35:259 001
30-10-17 at 16:35:35:260 total calculated
30-10-17 at 16:35:35:261 now show on display
30-10-17 at 16:35:35:261 80Тд5гр_1849 Тет  55Всего:         55.00
30-10-17 at 16:35:35:262 now clear port error ...
30-10-17 at 16:35:35:262 now write to port ...
30-10-17 at 16:35:35:395 ... done
30-10-17 at 16:35:37:227  Нажата клавиша F10.
30-10-17 at 16:35:37:228 114
30-10-17 at 16:35:37:228 014
30-10-17 at 16:35:37:228 115
30-10-17 at 16:35:37:228 015
30-10-17 at 16:35:37:229 total calculated
30-10-17 at 16:35:37:230 now show on display
30-10-17 at 16:35:37:230 80Тд5гр_1849 Тет  55Всего:         55.00
30-10-17 at 16:35:37:230 now clear port error ...
30-10-17 at 16:35:37:230 now write to port ...
30-10-17 at 16:35:37:364 ... done
30-10-17 at 16:35:37:378 now clear port error ...
30-10-17 at 16:35:37:378 now write to port ...
30-10-17 at 16:35:37:536 ... done
30-10-17 at 16:35:38:616 now clear port error ...
30-10-17 at 16:35:38:616 now write to port ...
30-10-17 at 16:35:38:750 ... done
30-10-17 at 16:35:38:750 Вход в FRInit
30-10-17 at 16:35:38:750 Вход в GetStatus
30-10-17 at 16:35:38:765 Send 05 
30-10-17 at 16:35:38:780 Recived 15 
30-10-17 at 16:35:38:780 Send 06 
30-10-17 at 16:35:38:795 Send 02 05 11 1E 00 00 00 0A 
30-10-17 at 16:35:38:810 Recived 06 02 30 11 00 1E 43 31 6C 9E 0E 07 11 01 2D 00 B0 02 02 00 00 4E 41 00 00 01 01 10 1E 0A 11 10 23 27 00 2E 5D 00 00 5A 00 00 00 00 00 D2 E9 1E 42 01 00 7A 
30-10-17 at 16:35:38:825 Send 06 
30-10-17 at 16:35:38:831 KKMStatus 0000
30-10-17 at 16:35:38:840 Send 05 
30-10-17 at 16:35:38:855 Recived 15 
30-10-17 at 16:35:38:855 Send 06 
30-10-17 at 16:35:38:870 Send 02 06 28 1E 00 00 00 00 30 
30-10-17 at 16:35:38:885 Recived 06 02 03 28 00 1E 35 
30-10-17 at 16:35:38:900 Send 06 
30-10-17 at 16:35:38:915 Send 05 
30-10-17 at 16:35:38:930 Recived 15 
30-10-17 at 16:35:38:930 Send 06 
30-10-17 at 16:35:38:945 Send 02 06 8D 1E 00 00 00 00 95 
30-10-17 at 16:35:38:960 Recived 06 
30-10-17 at 16:35:38:975 Recived 02 03 8D 00 1E 90 
30-10-17 at 16:35:38:990 Send 06 
30-10-17 at 16:35:39:005 Send 05 
30-10-17 at 16:35:39:020 Recived 15 
30-10-17 at 16:35:39:020 Send 06 
30-10-17 at 16:35:39:035 Send 02 0A C2 1E 00 00 00 DA 04 C2 83 15 5C 
30-10-17 at 16:35:39:050 Recived 06 02 03 C2 00 1E DF 
30-10-17 at 16:35:39:065 Send 06 
30-10-17 at 16:35:39:080 Send 05 
30-10-17 at 16:35:39:095 Recived 15 
30-10-17 at 16:35:39:095 Send 06 
30-10-17 at 16:35:39:110 Send 02 2E 17 1E 00 00 00 03 3D 3D 3D 3D 3D 3D 3D 3D 3D 3D 3D 3D 3D 3D 3D 3D 3D 3D 3D 3D 3D 3D 3D 3D 3D 3D 3D 3D 3D 3D 3D 3D 3D 3D 3D 3D 3D 3D 3D 3D 24 
30-10-17 at 16:35:39:129 Recived 06 02 03 17 00 1E 0A 
30-10-17 at 16:35:39:144 Send 06 
30-10-17 at 16:35:39:159 Send 05 
30-10-17 at 16:35:39:174 Recived 15 
30-10-17 at 16:35:39:174 Send 06 
30-10-17 at 16:35:39:189 Send 02 2E 17 1E 00 00 00 03 20 20 20 20 20 20 20 D7 C5 CA 20 30 32 2D 33 38 35 34 2D 31 37 31 30 2D 33 30 31 36 2D 33 35 33 38 00 00 00 00 00 00 00 FA 
30-10-17 at 16:35:39:208 Recived 06 02 03 17 00 1E 0A 
30-10-17 at 16:35:39:223 Send 06 
30-10-17 at 16:35:39:238 Send 05 
30-10-17 at 16:35:39:253 Recived 15 
30-10-17 at 16:35:39:253 Send 06 
30-10-17 at 16:35:39:268 Send 02 2E 17 1E 00 00 00 03 3D 3D 3D 3D 3D 3D 3D 3D 3D 3D 3D 3D 3D 3D 3D 3D 3D 3D 3D 3D 3D 3D 3D 3D 3D 3D 3D 3D 3D 3D 3D 3D 3D 3D 3D 3D 3D 3D 3D 3D 24 
30-10-17 at 16:35:39:287 Recived 06 02 03 17 00 1E 0A 
30-10-17 at 16:35:39:302 Send 06 
30-10-17 at 16:35:39:317 Send 05 
30-10-17 at 16:35:39:332 Recived 15 
30-10-17 at 16:35:39:332 Send 06 
30-10-17 at 16:35:39:347 Send 02 3C 80 1E 00 00 00 E8 03 00 00 00 7C 15 00 00 00 00 03 00 00 00 2F 2F 32 38 35 36 30 32 38 31 35 30 33 38 20 38 30 D2 E4 35 E3 F0 5F 31 38 34 39 20 D2 E5 F2 F0 E0 E4 FC 20 E4 E2 EE 00 69 
30-10-17 at 16:35:39:366 Recived 06 02 03 80 00 1E 9D 
30-10-17 at 16:35:39:381 Send 06 
30-10-17 at 16:35:39:396 Send 05 
30-10-17 at 16:35:39:411 Recived 15 
30-10-17 at 16:35:39:411 Send 06 
30-10-17 at 16:35:39:426 Send 02 2E 17 1E 00 00 00 03 32 38 35 36 30 32 38 31 35 30 33 38 20 38 30 D2 E4 35 E3 F0 5F 31 38 34 39 20 D2 E5 F2 F0 E0 E4 FC 20 00 00 00 00 00 00 86 
30-10-17 at 16:35:39:445 Recived 06 02 03 17 00 1E 0A 
30-10-17 at 16:35:39:460 Send 06 
30-10-17 at 16:35:39:475 Send 05 
30-10-17 at 16:35:39:490 Recived 15 
30-10-17 at 16:35:39:490 Send 06 
30-10-17 at 16:35:39:505 Send 02 2E 17 1E 00 00 00 03 E4 E2 EE E9 ED E0 FF 20 38 30 EB 2E C0 35 F4 2E 22 ED E0 20 E3 F0 E5 E1 ED E5 22 20 F1 20 F2 E2 2E 20 00 00 00 00 00 00 C8 
30-10-17 at 16:35:39:524 Recived 06 02 03 17 00 1E 0A 
30-10-17 at 16:35:39:539 Send 06 
30-10-17 at 16:35:39:554 Send 05 
30-10-17 at 16:35:39:569 Recived 15 
30-10-17 at 16:35:39:569 Send 06 
30-10-17 at 16:35:39:584 Send 02 2E 17 1E 00 00 00 03 EE E1 EB 2E 20 D1 EE E1 E0 EA E0 2D CA EE F2 20 20 20 20 20 20 20 20 20 20 20 20 20 20 20 20 20 20 20 20 20 28 F8 F2 29 2A 
30-10-17 at 16:35:39:603 Recived 06 02 03 17 00 1E 0A 
30-10-17 at 16:35:39:618 Send 06 
30-10-17 at 16:35:39:633 Send 05 
30-10-17 at 16:35:39:648 Recived 15 
30-10-17 at 16:35:39:648 Send 06 
30-10-17 at 16:35:39:663 Send 02 2E 17 1E 00 00 00 03 20 20 20 20 20 20 20 20 20 20 20 20 20 20 20 20 20 20 20 20 20 20 20 20 20 20 20 31 2E 30 30 30 20 58 20 35 35 2E 30 30 5D 
30-10-17 at 16:35:39:682 Recived 06 02 03 17 00 1E 0A 
30-10-17 at 16:35:39:697 Send 06 
30-10-17 at 16:35:39:712 Send 05 
30-10-17 at 16:35:39:727 Recived 15 
30-10-17 at 16:35:39:727 Send 06 
30-10-17 at 16:35:39:742 Send 02 2E 17 1E 00 00 00 03 D1 F3 EC EC E0 2C E2 20 F2 2E F7 2E CD C4 D1 20 31 38 25 20 20 20 20 20 20 20 20 20 20 20 20 20 20 3D 20 35 35 2E 30 30 EA 
30-10-17 at 16:35:39:761 Recived 06 02 03 17 00 1E 0A 
30-10-17 at 16:35:39:776 Send 06 
30-10-17 at 16:35:39:791 Send 05 
30-10-17 at 16:35:39:806 Recived 15 
30-10-17 at 16:35:39:806 Send 06 
30-10-17 at 16:35:39:821 Send 02 05 89 1E 00 00 00 92 
30-10-17 at 16:35:39:836 Recived 06 02 08 89 00 1E 7C 15 00 00 00 F6 
30-10-17 at 16:35:39:851 Send 06 
30-10-17 at 16:35:39:866 Send 05 
30-10-17 at 16:35:39:881 Recived 15 
30-10-17 at 16:35:39:881 Send 06 
30-10-17 at 16:35:39:896 Send 02 2E 17 1E 00 00 00 03 3D 3D 3D 3D 3D 3D 3D 3D 3D 3D 3D 3D 3D 3D 3D 3D 3D 3D 3D 3D 3D 3D 3D 3D 3D 3D 3D 3D 3D 3D 3D 3D 3D 3D 3D 3D 3D 3D 3D 3D 24 
30-10-17 at 16:35:39:915 Recived 06 02 03 17 00 1E 0A 
30-10-17 at 16:35:39:930 Send 06 
30-10-17 at 16:35:39:945 Send 05 
30-10-17 at 16:35:39:960 Recived 15 
30-10-17 at 16:35:39:960 Send 06 
30-10-17 at 16:35:39:975 Send 02 2E 17 1E 00 00 00 03 20 00 00 00 00 00 00 00 00 00 00 00 00 00 00 00 00 00 00 00 00 00 00 00 00 00 00 00 00 00 00 00 00 00 00 00 00 00 00 00 04 
30-10-17 at 16:35:39:994 Recived 06 02 03 17 00 1E 0A 
30-10-17 at 16:35:40:009 Send 06 
30-10-17 at 16:35:40:024 Send 05 
30-10-17 at 16:35:40:039 Recived 15 
30-10-17 at 16:35:40:039 Send 06 
30-10-17 at 16:35:40:054 Send 02 2E 17 1E 00 00 00 03 20 20 20 20 CE EF EB E0 F2 E0 20 EF F0 E8 ED FF F2 E0 20 F1 20 E1 EB E0 E3 EE E4 E0 F0 ED EE F1 F2 FC FE 00 00 00 00 00 2B 
30-10-17 at 16:35:40:073 Recived 06 02 03 17 00 1E 0A 
30-10-17 at 16:35:40:088 Send 06 
30-10-17 at 16:35:40:103 Send 05 
30-10-17 at 16:35:40:118 Recived 15 
30-10-17 at 16:35:40:118 Send 06 
30-10-17 at 16:35:40:133 Send 02 2E 17 1E 00 00 00 03 20 20 C6 E4 E5 EC 20 E2 E0 F1 20 E5 E6 E5 E4 ED E5 E2 ED EE 20 F1 20 39 2E 30 30 20 E4 EE 20 32 32 2E 30 30 00 00 00 00 D5 
30-10-17 at 16:35:40:152 Recived 06 02 03 17 00 1E 0A 
30-10-17 at 16:35:40:167 Send 06 
30-10-17 at 16:35:40:182 Send 05 
30-10-17 at 16:35:40:197 Recived 15 
30-10-17 at 16:35:40:197 Send 06 
30-10-17 at 16:35:40:212 Send 02 2E 17 1E 00 00 00 03 20 20 20 20 EF EE 20 E0 E4 F0 E5 F1 F3 3A 36 33 30 30 32 37 2C E3 2E CD EE E2 EE F1 E8 E1 E8 F0 F1 EA 2C 00 00 00 00 00 35 
30-10-17 at 16:35:40:231 Recived 06 02 03 17 00 1E 0A 
30-10-17 at 16:35:40:246 Send 06 
30-10-17 at 16:35:40:261 Send 05 
30-10-17 at 16:35:40:276 Recived 15 
30-10-17 at 16:35:40:278 Send 06 
30-10-17 at 16:35:40:294 Send 02 2E 17 1E 00 00 00 03 F3 EB 2E D2 EE EB EC E0 F7 E5 E2 F1 EA E0 FF 2C 20 31 39 E0 20 EA 2E 32 2C 20 F2 E5 EB 2E 3A 33 36 33 2D 30 35 2D 30 35 DD 
30-10-17 at 16:35:40:313 Recived 06 02 03 17 00 1E 0A 
30-10-17 at 16:35:40:328 Send 06 
30-10-17 at 16:35:40:343 Send 05 
30-10-17 at 16:35:40:358 Recived 15 
30-10-17 at 16:35:40:358 Send 06 
30-10-17 at 16:35:40:373 Send 02 47 85 1E 00 00 00 7C 15 00 00 00 00 00 00 00 00 00 00 00 00 00 00 00 00 00 00 00 00 00 00 00 00 20 00 00 00 00 00 00 00 00 00 00 00 00 00 00 00 00 00 00 00 00 00 00 00 00 00 00 00 00 00 00 00 00 00 00 00 00 00 00 00 95 
30-10-17 at 16:35:40:394 Recived 06 
30-10-17 at 16:35:40:574 Recived 02 08 85 00 1E 00 00 00 00 00 93 
30-10-17 at 16:35:40:589 Send 06 
30-10-17 at 16:35:40:591 WAIT_OBJECT_0
30-10-17 at 16:35:40:602 WritePresent
30-10-17 at 16:35:40:602 UpdateCentralCounts
30-10-17 at 16:35:40:643 UpdateCentralCounts
30-10-17 at 16:35:40:643 ActivateGiftCards(PresentGrid)
30-10-17 at 16:35:40:643 ActivateGiftCards(Grid)
30-10-17 at 16:35:40:643 GiftCardDoPayments
30-10-17 at 16:35:40:644 GiftCardClearPayments
30-10-17 at 16:35:40:644 Попытка очистки таблицы
30-10-17 at 16:35:40:644 Попытка очистки успешна
30-10-17 at 16:35:40:644 Попытка очистки таблицы
30-10-17 at 16:35:40:644 Попытка очистки успешна
30-10-17 at 16:35:40:645 total calculated
30-10-17 at 16:35:40:645 now show on display
30-10-17 at 16:35:40:645                     Всего:          0.00
30-10-17 at 16:35:40:645 now clear port error ...
30-10-17 at 16:35:40:645 now write to port ...
30-10-17 at 16:35:40:779 ... done
30-10-17 at 16:35:40:779 now clear port error ...
30-10-17 at 16:35:40:779 now write to port ...
30-10-17 at 16:35:40:951 ... done
30-10-17 at 16:35:40:951 116
30-10-17 at 16:35:40:951 016
30-10-17 at 16:36:18:488 114
30-10-17 at 16:36:18:489 014
30-10-17 at 16:36:18:489 total calculated
30-10-17 at 16:36:18:490 now show on display
30-10-17 at 16:36:18:490                     Всего:          0.00
30-10-17 at 16:36:18:490 now clear port error ...
30-10-17 at 16:36:18:490 now write to port ...
30-10-17 at 16:36:18:624 ... done
30-10-17 at 16:36:18:720 114
30-10-17 at 16:36:18:721 014
30-10-17 at 16:36:18:888 114
30-10-17 at 16:36:18:889 014
30-10-17 at 16:36:19:968 114
30-10-17 at 16:36:19:969 014
30-10-17 at 16:36:20:128 114
30-10-17 at 16:36:20:128 014
30-10-17 at 16:36:20:392 114
30-10-17 at 16:36:20:393 014
30-10-17 at 16:36:21:953 114
30-10-17 at 16:36:21:953 014
30-10-17 at 16:36:22:360 114
30-10-17 at 16:36:22:361 014
30-10-17 at 16:36:22:552 114
30-10-17 at 16:36:22:553 014
30-10-17 at 16:36:23:384 114
30-10-17 at 16:36:23:384 014
30-10-17 at 16:36:23:696 114
30-10-17 at 16:36:23:696 014
30-10-17 at 16:36:23:976 114
30-10-17 at 16:36:23:976 014
30-10-17 at 16:36:24:272 114
30-10-17 at 16:36:24:272 014
30-10-17 at 16:36:24:273 114
30-10-17 at 16:36:24:273 014
30-10-17 at 16:36:24:273 114
30-10-17 at 16:36:24:274 014
30-10-17 at 16:36:24:274 101
30-10-17 at 16:36:24:274 001
30-10-17 at 16:36:24:277 total calculated
30-10-17 at 16:36:24:278 now show on display
30-10-17 at 16:36:24:278 80Тд5гр_1849 Тет  55Всего:         55.00
30-10-17 at 16:36:24:278 now clear port error ...
30-10-17 at 16:36:24:278 now write to port ...
30-10-17 at 16:36:24:412 ... done
30-10-17 at 16:36:25:568  Нажата клавиша F10.
30-10-17 at 16:36:25:568 114
30-10-17 at 16:36:25:568 014
30-10-17 at 16:36:25:569 115
30-10-17 at 16:36:25:569 015
30-10-17 at 16:36:25:570 total calculated
30-10-17 at 16:36:25:570 now show on display
30-10-17 at 16:36:25:570 80Тд5гр_1849 Тет  55Всего:         55.00
30-10-17 at 16:36:25:571 now clear port error ...
30-10-17 at 16:36:25:571 now write to port ...
30-10-17 at 16:36:25:704 ... done
30-10-17 at 16:36:25:735 now clear port error ...
30-10-17 at 16:36:25:735 now write to port ...
30-10-17 at 16:36:25:876 ... done
30-10-17 at 16:36:26:165 now clear port error ...
30-10-17 at 16:36:26:165 now write to port ...
30-10-17 at 16:36:26:298 ... done
30-10-17 at 16:36:26:299 Вход в FRInit
30-10-17 at 16:36:26:299 Вход в GetStatus
30-10-17 at 16:36:26:309 Send 05 
30-10-17 at 16:36:26:324 Recived 15 
30-10-17 at 16:36:26:324 Send 06 
30-10-17 at 16:36:26:339 Send 02 05 11 1E 00 00 00 0A 
30-10-17 at 16:36:26:354 Recived 06 02 30 11 00 1E 43 31 6C 9E 0E 07 11 01 2E 00 B0 02 02 00 00 4E 41 00 00 01 01 10 1E 0A 11 10 24 1A 00 2E 5D 00 00 5A 00 00 00 00 00 D2 E9 1E 42 01 00 43 
30-10-17 at 16:36:26:369 Send 06 
30-10-17 at 16:36:26:379 KKMStatus 0000
30-10-17 at 16:36:26:384 Send 05 
30-10-17 at 16:36:26:399 Recived 15 
30-10-17 at 16:36:26:399 Send 06 
30-10-17 at 16:36:26:414 Send 02 06 28 1E 00 00 00 00 30 
30-10-17 at 16:36:26:429 Recived 06 02 03 28 00 1E 35 
30-10-17 at 16:36:26:444 Send 06 
30-10-17 at 16:36:26:459 Send 05 
30-10-17 at 16:36:26:474 Recived 15 
30-10-17 at 16:36:26:474 Send 06 
30-10-17 at 16:36:26:489 Send 02 06 8D 1E 00 00 00 00 95 
30-10-17 at 16:36:26:504 Recived 06 
30-10-17 at 16:36:26:519 Recived 02 03 8D 00 1E 90 
30-10-17 at 16:36:26:534 Send 06 
