24-10-17 at 09:06:32:553 Запуск программы. Инициализация считана из файла
24-10-17 at 09:06:32:554 Платежи по картам восстановлены
24-10-17 at 09:06:32:555 total calculated
24-10-17 at 09:06:32:555 now show on display
24-10-17 at 09:06:32:555                     Всего:          0.00
24-10-17 at 09:06:32:555 now open port for display
24-10-17 at 09:06:32:556 Com port opened
24-10-17 at 09:06:32:556 now clear port error ...
24-10-17 at 09:06:32:556 now write to port ...
24-10-17 at 09:06:32:690 ... done
24-10-17 at 09:06:32:690 Чек сжат
24-10-17 at 09:06:32:690 Сумма чека посчитана
24-10-17 at 09:06:32:691 Кардридер создан
24-10-17 at 09:06:32:691 Задание запуска модулей создано
24-10-17 at 09:06:32:691 Сканер создан
24-10-17 at 09:06:32:691 Регистратор создан
24-10-17 at 09:06:32:692 Часы созданы
24-10-17 at 09:06:32:692 Регистратор запущен
24-10-17 at 09:06:32:692 Сканер запущен
24-10-17 at 09:06:32:692 Часы запущены
24-10-17 at 09:06:32:692 Кардридер запущен
24-10-17 at 09:06:32:693 Передача данных запущена
24-10-17 at 09:06:32:693 Вход в FRInit
24-10-17 at 09:06:32:708 Send 05 
24-10-17 at 09:06:32:723 Recived 15 
24-10-17 at 09:06:32:723 Send 06 
24-10-17 at 09:06:32:738 Send 02 05 11 1E 00 00 00 0A 
24-10-17 at 09:06:32:753 Recived 06 02 30 11 00 1E 43 31 6C 9E 0E 07 11 01 1C 00 B0 02 02 00 00 4E 41 00 00 01 01 10 18 0A 11 09 06 1F 00 2E 5D 00 00 57 00 00 00 00 00 D2 E9 1E 42 01 00 44 
24-10-17 at 09:06:32:768 Send 06 
24-10-17 at 09:06:32:773 KKMStatus 
24-10-17 at 09:06:32:783 Send 05 
24-10-17 at 09:06:32:798 Recived 15 
24-10-17 at 09:06:32:798 Send 06 
24-10-17 at 09:06:32:813 Send 02 05 11 1E 00 00 00 0A 
24-10-17 at 09:06:32:828 Recived 06 02 30 11 00 1E 43 31 6C 9E 0E 07 11 01 1C 00 B0 02 02 00 00 4E 41 00 00 01 01 10 18 0A 11 09 06 1F 00 2E 5D 00 00 57 00 00 00 00 00 D2 E9 1E 42 01 00 44 
24-10-17 at 09:06:32:843 Send 06 
24-10-17 at 09:06:32:853 KKMStatus 0200
24-10-17 at 09:06:32:853 Номер ФР считан
24-10-17 at 09:06:32:987 СУБД подключена
24-10-17 at 09:06:33:009 Send 05 
24-10-17 at 09:06:33:024 Recived 15 
24-10-17 at 09:06:33:024 Send 06 
24-10-17 at 09:06:33:039 Send 02 0A 1E 1E 00 00 00 01 01 00 01 01 0A 
24-10-17 at 09:06:33:054 Recived 06 02 02 1E 00 1C 
24-10-17 at 09:06:33:069 Send 06 
24-10-17 at 09:06:33:084 Send 05 
24-10-17 at 09:06:33:099 Recived 15 
24-10-17 at 09:06:33:099 Send 06 
24-10-17 at 09:06:33:114 Send 02 0A 1E 1E 00 00 00 01 01 00 05 02 0D 
24-10-17 at 09:06:33:129 Recived 06 02 02 1E 00 1C 
24-10-17 at 09:06:33:144 Send 06 
24-10-17 at 09:06:33:159 Send 05 
24-10-17 at 09:06:33:174 Recived 15 
24-10-17 at 09:06:33:174 Send 06 
24-10-17 at 09:06:33:189 Send 02 0A 1E 1E 00 00 00 01 01 00 23 01 28 
24-10-17 at 09:06:33:204 Recived 06 02 02 1E 00 1C 
24-10-17 at 09:06:33:219 Send 06 
24-10-17 at 09:06:33:234 Send 05 
24-10-17 at 09:06:33:249 Recived 15 
24-10-17 at 09:06:33:249 Send 06 
24-10-17 at 09:06:33:264 Send 02 0A 1E 1E 00 00 00 01 01 00 06 00 0C 
24-10-17 at 09:06:33:279 Recived 06 02 02 1E 00 1C 
24-10-17 at 09:06:33:294 Send 06 
24-10-17 at 09:06:33:309 Send 05 
24-10-17 at 09:06:33:324 Recived 15 
24-10-17 at 09:06:33:324 Send 06 
24-10-17 at 09:06:33:339 Send 02 0A 1E 1E 00 00 00 01 01 00 07 01 0C 
24-10-17 at 09:06:33:354 Recived 06 02 02 1E 00 1C 
24-10-17 at 09:06:33:369 Send 06 
24-10-17 at 09:06:33:384 Send 05 
24-10-17 at 09:06:33:399 Recived 15 
24-10-17 at 09:06:33:399 Send 06 
24-10-17 at 09:06:33:414 Send 02 0A 1E 1E 00 00 00 01 01 00 14 01 1F 
24-10-17 at 09:06:33:429 Recived 06 02 02 1E 00 1C 
24-10-17 at 09:06:33:444 Send 06 
24-10-17 at 09:06:33:459 Send 05 
24-10-17 at 09:06:33:474 Recived 15 
24-10-17 at 09:06:33:474 Send 06 
24-10-17 at 09:06:33:489 Send 02 0A 1E 1E 00 00 00 01 01 00 15 01 1E 
24-10-17 at 09:06:33:504 Recived 06 02 02 1E 00 1C 
24-10-17 at 09:06:33:519 Send 06 
24-10-17 at 09:06:33:534 Send 05 
24-10-17 at 09:06:33:549 Recived 15 
24-10-17 at 09:06:33:549 Send 06 
24-10-17 at 09:06:33:564 Send 02 0A 1E 1E 00 00 00 01 01 00 0F 00 05 
24-10-17 at 09:06:33:579 Recived 06 02 02 1E 00 1C 
24-10-17 at 09:06:33:602 Send 06 
24-10-17 at 09:06:33:617 Send 05 
24-10-17 at 09:06:33:632 Recived 15 
24-10-17 at 09:06:33:632 Send 06 
24-10-17 at 09:06:33:647 Send 02 0A 1E 1E 00 00 00 01 01 00 11 00 1B 
24-10-17 at 09:06:33:662 Recived 06 02 02 1E 00 1C 
24-10-17 at 09:06:33:677 Send 06 
24-10-17 at 09:06:33:692 Send 05 
24-10-17 at 09:06:33:707 Recived 15 
24-10-17 at 09:06:33:707 Send 06 
24-10-17 at 09:06:33:722 Send 02 0A 1E 1E 00 00 00 11 01 00 03 02 1B 
24-10-17 at 09:06:33:737 Recived 06 02 02 1E 00 1C 
24-10-17 at 09:06:33:752 Send 06 
24-10-17 at 09:06:33:767 Send 05 
24-10-17 at 09:06:33:782 Recived 15 
24-10-17 at 09:06:33:782 Send 06 
24-10-17 at 09:06:33:797 Send 02 0A 1E 1E 00 00 00 01 01 00 29 01 22 
24-10-17 at 09:06:33:812 Recived 06 02 02 1E 00 1C 
24-10-17 at 09:06:33:827 Send 06 
24-10-17 at 09:06:33:842 Send 05 
24-10-17 at 09:06:33:857 Recived 15 
24-10-17 at 09:06:33:857 Send 06 
24-10-17 at 09:06:33:872 Send 02 26 1E 1E 00 00 00 04 0C 00 01 20 20 20 20 20 20 20 20 20 20 20 C4 CE C1 D0 CE 20 CF CE C6 C0 CB CE C2 C0 D2 DC 21 00 D5 
24-10-17 at 09:06:33:890 Recived 06 02 02 1E 00 1C 
24-10-17 at 09:06:33:905 Send 06 
24-10-17 at 09:06:33:920 Send 05 
24-10-17 at 09:06:33:935 Recived 15 
24-10-17 at 09:06:33:935 Send 06 
24-10-17 at 09:06:33:950 Send 02 29 1E 1E 00 00 00 04 0D 00 01 20 20 20 20 20 20 20 20 CE CE CE 20 CA EE EC EF E0 ED E8 FF 20 27 CA CE CB CE D0 CB CE CD 27 00 CB 
24-10-17 at 09:06:33:968 Recived 06 02 02 1E 00 1C 
24-10-17 at 09:06:33:983 Send 06 
24-10-17 at 09:06:33:998 Send 05 
24-10-17 at 09:06:34:013 Recived 15 
24-10-17 at 09:06:34:013 Send 06 
24-10-17 at 09:06:34:028 Send 02 2D 1E 1E 00 00 00 04 0E 00 01 20 20 20 20 20 CC E0 E3 E0 E7 E8 ED 20 27 C2 F1 E5 20 F2 EE E2 E0 F0 FB 20 E4 EB FF 20 E4 EE EC E0 27 20 00 DE 
24-10-17 at 09:06:34:046 Recived 06 02 02 1E 00 1C 
24-10-17 at 09:06:34:061 Send 06 
24-10-17 at 09:06:34:072 now clear port error ...
24-10-17 at 09:06:34:073 now write to port ...
24-10-17 at 09:06:34:206 ... done
24-10-17 at 09:06:34:226 Send 05 
24-10-17 at 09:06:34:241 Recived 15 
24-10-17 at 09:06:34:241 Send 06 
24-10-17 at 09:06:34:256 Send 02 06 1A 1E 00 00 00 79 7B 
24-10-17 at 09:06:34:271 Recived 06 02 09 1A 00 1E 60 61 02 00 00 00 0E 
24-10-17 at 09:06:34:286 Send 06 
24-10-17 at 09:06:36:430 Cardreader  Антонов Сергей 
24-10-17 at 09:06:36:433 Send 05 
24-10-17 at 09:06:36:448 Recived 15 
24-10-17 at 09:06:36:448 Send 06 
24-10-17 at 09:06:36:463 Send 02 20 1E 1E 00 00 00 02 1E 00 02 CA E0 F1 F1 E8 F0 20 C0 ED F2 EE ED EE E2 20 D1 E5 F0 E3 E5 E9 20 00 D7 
24-10-17 at 09:06:36:481 Recived 06 02 02 1E 00 1C 
24-10-17 at 09:06:36:496 Send 06 
24-10-17 at 09:06:36:501 now clear port error ...
24-10-17 at 09:06:36:501 now write to port ...
24-10-17 at 09:06:36:634 ... done
24-10-17 at 09:06:37:441 Send 05 
24-10-17 at 09:06:37:456 Recived 15 
24-10-17 at 09:06:37:456 Send 06 
24-10-17 at 09:06:37:471 Send 02 06 FF 39 1E 00 00 00 DE 
24-10-17 at 09:06:37:486 Recived 06 02 10 FF 39 00 00 00 00 00 00 00 00 00 00 00 00 00 00 D6 
24-10-17 at 09:06:37:501 Send 06 
24-10-17 at 09:06:38:171  Нажата клавиша Ctrl+B
24-10-17 at 09:06:38:171 114
24-10-17 at 09:06:38:171 014
24-10-17 at 09:06:38:172 115
24-10-17 at 09:06:38:172 015
24-10-17 at 09:06:38:172 total calculated
24-10-17 at 09:06:38:172 now show on display
24-10-17 at 09:06:38:173                     Всего:          0.00
24-10-17 at 09:06:38:173 now clear port error ...
24-10-17 at 09:06:38:173 now write to port ...
24-10-17 at 09:06:38:307 ... done
24-10-17 at 09:06:39:492  Нажата кнопка 'Международные карты'
24-10-17 at 09:06:39:497 116
24-10-17 at 09:06:39:498 016
24-10-17 at 09:06:39:498 116
24-10-17 at 09:06:39:498 016
24-10-17 at 09:06:43:548 total calculated
24-10-17 at 09:06:43:548 now show on display
24-10-17 at 09:06:43:548                     Всего:          0.00
24-10-17 at 09:06:43:549 now clear port error ...
24-10-17 at 09:06:43:549 now write to port ...
24-10-17 at 09:06:43:682 ... done
24-10-17 at 09:06:43:683 total calculated
24-10-17 at 09:06:43:683 now show on display
24-10-17 at 09:06:43:683                     Всего:          0.00
24-10-17 at 09:06:43:684 now clear port error ...
24-10-17 at 09:06:43:684 now write to port ...
24-10-17 at 09:06:43:854 ... done
24-10-17 at 09:06:43:856 111
24-10-17 at 09:13:29:263 Запуск программы. Инициализация считана из файла
24-10-17 at 09:13:29:264 Платежи по картам восстановлены
24-10-17 at 09:13:29:264 total calculated
24-10-17 at 09:13:29:264 now show on display
24-10-17 at 09:13:29:264                     Всего:          0.00
24-10-17 at 09:13:29:264 now open port for display
24-10-17 at 09:13:29:265 Com port opened
24-10-17 at 09:13:29:265 now clear port error ...
24-10-17 at 09:13:29:266 now write to port ...
24-10-17 at 09:13:29:399 ... done
24-10-17 at 09:13:29:399 Чек сжат
24-10-17 at 09:13:29:399 Сумма чека посчитана
24-10-17 at 09:13:29:400 Кардридер создан
24-10-17 at 09:13:29:400 Задание запуска модулей создано
24-10-17 at 09:13:29:400 Сканер создан
24-10-17 at 09:13:29:400 Регистратор создан
24-10-17 at 09:13:29:401 Часы созданы
24-10-17 at 09:13:29:401 Регистратор запущен
24-10-17 at 09:13:29:401 Сканер запущен
24-10-17 at 09:13:29:402 Часы запущены
24-10-17 at 09:13:29:402 Кардридер запущен
24-10-17 at 09:13:29:403 Передача данных запущена
24-10-17 at 09:13:29:403 Вход в FRInit
24-10-17 at 09:13:29:417 Send 05 
24-10-17 at 09:13:29:432 Recived 15 
24-10-17 at 09:13:29:432 Send 06 
24-10-17 at 09:13:29:447 Send 02 05 11 1E 00 00 00 0A 
24-10-17 at 09:13:29:462 Recived 06 02 30 11 00 1E 43 31 6C 9E 0E 07 11 01 1C 00 B0 02 02 00 00 4E 41 00 00 01 01 10 18 0A 11 09 0D 1B 00 2E 5D 00 00 57 00 00 00 00 00 D2 E9 1E 42 01 00 4B 
24-10-17 at 09:13:29:477 Send 06 
24-10-17 at 09:13:29:483 KKMStatus 
24-10-17 at 09:13:29:492 Send 05 
24-10-17 at 09:13:29:507 Recived 15 
24-10-17 at 09:13:29:507 Send 06 
24-10-17 at 09:13:29:522 Send 02 05 11 1E 00 00 00 0A 
24-10-17 at 09:13:29:537 Recived 06 02 30 11 00 1E 43 31 6C 9E 0E 07 11 01 1C 00 B0 02 02 00 00 4E 41 00 00 01 01 10 18 0A 11 09 0D 1B 00 2E 5D 00 00 57 00 00 00 00 00 D2 E9 1E 42 01 00 4B 
24-10-17 at 09:13:29:552 Send 06 
24-10-17 at 09:13:29:553 KKMStatus 0200
24-10-17 at 09:13:29:553 Номер ФР считан
24-10-17 at 09:13:29:668 СУБД подключена
24-10-17 at 09:13:29:692 Send 05 
24-10-17 at 09:13:29:707 Recived 15 
24-10-17 at 09:13:29:707 Send 06 
24-10-17 at 09:13:29:722 Send 02 0A 1E 1E 00 00 00 01 01 00 01 01 0A 
24-10-17 at 09:13:29:737 Recived 06 02 02 1E 00 1C 
24-10-17 at 09:13:29:752 Send 06 
24-10-17 at 09:13:29:767 Send 05 
24-10-17 at 09:13:29:782 Recived 15 
24-10-17 at 09:13:29:782 Send 06 
24-10-17 at 09:13:29:797 Send 02 0A 1E 1E 00 00 00 01 01 00 05 02 0D 
24-10-17 at 09:13:29:812 Recived 06 02 02 1E 00 1C 
24-10-17 at 09:13:29:827 Send 06 
24-10-17 at 09:13:29:842 Send 05 
24-10-17 at 09:13:29:857 Recived 15 
24-10-17 at 09:13:29:857 Send 06 
24-10-17 at 09:13:29:872 Send 02 0A 1E 1E 00 00 00 01 01 00 23 01 28 
24-10-17 at 09:13:29:887 Recived 06 02 02 1E 00 1C 
24-10-17 at 09:13:29:902 Send 06 
24-10-17 at 09:13:29:917 Send 05 
24-10-17 at 09:13:29:932 Recived 15 
24-10-17 at 09:13:29:932 Send 06 
24-10-17 at 09:13:29:947 Send 02 0A 1E 1E 00 00 00 01 01 00 06 00 0C 
24-10-17 at 09:13:29:962 Recived 06 02 02 1E 00 1C 
24-10-17 at 09:13:29:977 Send 06 
24-10-17 at 09:13:29:992 Send 05 
24-10-17 at 09:13:30:007 Recived 15 
24-10-17 at 09:13:30:007 Send 06 
24-10-17 at 09:13:30:022 Send 02 0A 1E 1E 00 00 00 01 01 00 07 01 0C 
24-10-17 at 09:13:30:037 Recived 06 02 02 1E 00 1C 
24-10-17 at 09:13:30:052 Send 06 
24-10-17 at 09:13:30:067 Send 05 
24-10-17 at 09:13:30:082 Recived 15 
24-10-17 at 09:13:30:082 Send 06 
24-10-17 at 09:13:30:097 Send 02 0A 1E 1E 00 00 00 01 01 00 14 01 1F 
24-10-17 at 09:13:30:112 Recived 06 02 02 1E 00 1C 
24-10-17 at 09:13:30:127 Send 06 
24-10-17 at 09:13:30:142 Send 05 
24-10-17 at 09:13:30:157 Recived 15 
24-10-17 at 09:13:30:157 Send 06 
24-10-17 at 09:13:30:172 Send 02 0A 1E 1E 00 00 00 01 01 00 15 01 1E 
24-10-17 at 09:13:30:187 Recived 06 02 02 1E 00 1C 
24-10-17 at 09:13:30:202 Send 06 
24-10-17 at 09:13:30:217 Send 05 
24-10-17 at 09:13:30:232 Recived 15 
24-10-17 at 09:13:30:232 Send 06 
24-10-17 at 09:13:30:247 Send 02 0A 1E 1E 00 00 00 01 01 00 0F 00 05 
24-10-17 at 09:13:30:262 Recived 06 02 02 1E 00 1C 
24-10-17 at 09:13:30:277 Send 06 
24-10-17 at 09:13:30:292 Send 05 
24-10-17 at 09:13:30:307 Recived 15 
24-10-17 at 09:13:30:307 Send 06 
24-10-17 at 09:13:30:322 Send 02 0A 1E 1E 00 00 00 01 01 00 11 00 1B 
24-10-17 at 09:13:30:337 Recived 06 02 02 1E 00 1C 
24-10-17 at 09:13:30:352 Send 06 
24-10-17 at 09:13:30:367 Send 05 
24-10-17 at 09:13:30:382 Recived 15 
24-10-17 at 09:13:30:382 Send 06 
24-10-17 at 09:13:30:397 Send 02 0A 1E 1E 00 00 00 11 01 00 03 02 1B 
24-10-17 at 09:13:30:412 Recived 06 02 02 1E 00 1C 
24-10-17 at 09:13:30:427 Send 06 
24-10-17 at 09:13:30:442 Send 05 
24-10-17 at 09:13:30:457 Recived 15 
24-10-17 at 09:13:30:457 Send 06 
24-10-17 at 09:13:30:472 Send 02 0A 1E 1E 00 00 00 01 01 00 29 01 22 
24-10-17 at 09:13:30:487 Recived 06 02 02 1E 00 1C 
24-10-17 at 09:13:30:502 Send 06 
24-10-17 at 09:13:30:517 Send 05 
24-10-17 at 09:13:30:532 Recived 15 
24-10-17 at 09:13:30:532 Send 06 
24-10-17 at 09:13:30:547 Send 02 26 1E 1E 00 00 00 04 0C 00 01 20 20 20 20 20 20 20 20 20 20 20 C4 CE C1 D0 CE 20 CF CE C6 C0 CB CE C2 C0 D2 DC 21 00 D5 
24-10-17 at 09:13:30:565 Recived 06 02 02 1E 00 1C 
24-10-17 at 09:13:30:580 Send 06 
24-10-17 at 09:13:30:595 Send 05 
24-10-17 at 09:13:30:610 Recived 15 
24-10-17 at 09:13:30:610 Send 06 
24-10-17 at 09:13:30:625 Send 02 29 1E 1E 00 00 00 04 0D 00 01 20 20 20 20 20 20 20 20 CE CE CE 20 CA EE EC EF E0 ED E8 FF 20 27 CA CE CB CE D0 CB CE CD 27 00 CB 
24-10-17 at 09:13:30:643 Recived 06 02 02 1E 00 1C 
24-10-17 at 09:13:30:658 Send 06 
24-10-17 at 09:13:30:673 Send 05 
24-10-17 at 09:13:30:688 Recived 15 
24-10-17 at 09:13:30:688 Send 06 
24-10-17 at 09:13:30:703 Send 02 2D 1E 1E 00 00 00 04 0E 00 01 20 20 20 20 20 CC E0 E3 E0 E7 E8 ED 20 27 C2 F1 E5 20 F2 EE E2 E0 F0 FB 20 E4 EB FF 20 E4 EE EC E0 27 20 00 DE 
24-10-17 at 09:13:30:721 Recived 06 02 02 1E 00 1C 
24-10-17 at 09:13:30:736 Send 06 
24-10-17 at 09:13:30:744 now clear port error ...
24-10-17 at 09:13:30:744 now write to port ...
24-10-17 at 09:13:30:877 ... done
24-10-17 at 09:13:30:901 Send 05 
24-10-17 at 09:13:30:916 Recived 15 
24-10-17 at 09:13:30:916 Send 06 
24-10-17 at 09:13:30:931 Send 02 06 1A 1E 00 00 00 79 7B 
24-10-17 at 09:13:30:946 Recived 06 02 09 1A 00 1E 60 61 02 00 00 00 0E 
24-10-17 at 09:13:30:961 Send 06 
24-10-17 at 09:13:33:098 Cardreader  Антонов Сергей 
24-10-17 at 09:13:33:107 Send 05 
24-10-17 at 09:13:33:124 Recived 15 
24-10-17 at 09:13:33:124 Send 06 
24-10-17 at 09:13:33:139 Send 02 20 1E 1E 00 00 00 02 1E 00 02 CA E0 F1 F1 E8 F0 20 C0 ED F2 EE ED EE E2 20 D1 E5 F0 E3 E5 E9 20 00 D7 
24-10-17 at 09:13:33:157 Recived 06 02 02 1E 00 1C 
24-10-17 at 09:13:33:172 Send 06 
24-10-17 at 09:13:33:179 now clear port error ...
24-10-17 at 09:13:33:179 now write to port ...
24-10-17 at 09:13:33:313 ... done
24-10-17 at 09:13:34:102 Send 05 
24-10-17 at 09:13:34:117 Recived 15 
24-10-17 at 09:13:34:117 Send 06 
24-10-17 at 09:13:34:132 Send 02 06 FF 39 1E 00 00 00 DE 
24-10-17 at 09:13:34:147 Recived 06 02 10 FF 39 00 00 00 00 00 00 00 00 00 00 00 00 00 00 D6 
24-10-17 at 09:13:34:162 Send 06 
24-10-17 at 09:13:38:337  Нажата клавиша Ctrl+B
24-10-17 at 09:13:38:338 114
24-10-17 at 09:13:38:338 014
24-10-17 at 09:13:38:338 115
24-10-17 at 09:13:38:338 015
24-10-17 at 09:13:38:339 total calculated
24-10-17 at 09:13:38:339 now show on display
24-10-17 at 09:13:38:339                     Всего:          0.00
24-10-17 at 09:13:38:339 now clear port error ...
24-10-17 at 09:13:38:340 now write to port ...
24-10-17 at 09:13:38:473 ... done
24-10-17 at 09:13:39:121  Нажата кнопка 'Международные карты'
24-10-17 at 09:13:39:126 116
24-10-17 at 09:13:39:126 016
24-10-17 at 09:13:39:127 116
24-10-17 at 09:13:39:128 016
24-10-17 at 09:13:43:762 total calculated
24-10-17 at 09:13:43:763 now show on display
24-10-17 at 09:13:43:763                     Всего:          0.00
24-10-17 at 09:13:43:763 now clear port error ...
24-10-17 at 09:13:43:763 now write to port ...
24-10-17 at 09:13:43:897 ... done
24-10-17 at 09:13:43:897 total calculated
24-10-17 at 09:13:43:897 now show on display
24-10-17 at 09:13:43:898                     Всего:          0.00
24-10-17 at 09:13:43:898 now clear port error ...
24-10-17 at 09:13:43:898 now write to port ...
24-10-17 at 09:13:44:069 ... done
24-10-17 at 09:13:44:071 111
24-10-17 at 09:17:18:755 Запуск программы. Инициализация считана из файла
24-10-17 at 09:17:18:756 Платежи по картам восстановлены
24-10-17 at 09:17:18:756 total calculated
24-10-17 at 09:17:18:757 now show on display
24-10-17 at 09:17:18:757                     Всего:          0.00
24-10-17 at 09:17:18:757 now open port for display
24-10-17 at 09:17:18:758 Com port opened
24-10-17 at 09:17:18:758 now clear port error ...
24-10-17 at 09:17:18:758 now write to port ...
24-10-17 at 09:17:18:892 ... done
24-10-17 at 09:17:18:892 Чек сжат
24-10-17 at 09:17:18:892 Сумма чека посчитана
24-10-17 at 09:17:18:893 Кардридер создан
24-10-17 at 09:17:18:893 Задание запуска модулей создано
24-10-17 at 09:17:18:893 Сканер создан
24-10-17 at 09:17:18:893 Регистратор создан
24-10-17 at 09:17:18:893 Часы созданы
24-10-17 at 09:17:18:894 Регистратор запущен
24-10-17 at 09:17:18:894 Сканер запущен
24-10-17 at 09:17:18:894 Часы запущены
24-10-17 at 09:17:18:894 Кардридер запущен
24-10-17 at 09:17:18:895 Передача данных запущена
24-10-17 at 09:17:18:895 Вход в FRInit
24-10-17 at 09:17:18:910 Send 05 
24-10-17 at 09:17:18:925 Recived 15 
24-10-17 at 09:17:18:925 Send 06 
24-10-17 at 09:17:18:940 Send 02 05 11 1E 00 00 00 0A 
24-10-17 at 09:17:18:955 Recived 06 02 30 11 00 1E 43 31 6C 9E 0E 07 11 01 1C 00 B0 02 02 00 00 4E 41 00 00 01 01 10 18 0A 11 09 11 11 00 2E 5D 00 00 57 00 00 00 00 00 D2 E9 1E 42 01 00 5D 
24-10-17 at 09:17:18:970 Send 06 
24-10-17 at 09:17:18:975 KKMStatus 
24-10-17 at 09:17:18:985 Send 05 
24-10-17 at 09:17:19:000 Recived 15 
24-10-17 at 09:17:19:000 Send 06 
24-10-17 at 09:17:19:015 Send 02 05 11 1E 00 00 00 0A 
24-10-17 at 09:17:19:030 Recived 06 02 30 11 00 1E 43 31 6C 9E 0E 07 11 01 1C 00 B0 02 02 00 00 4E 41 00 00 01 01 10 18 0A 11 09 11 11 00 2E 5D 00 00 57 00 00 00 00 00 D2 E9 1E 42 01 00 5D 
24-10-17 at 09:17:19:045 Send 06 
24-10-17 at 09:17:19:055 KKMStatus 0200
24-10-17 at 09:17:19:055 Номер ФР считан
24-10-17 at 09:17:19:161 СУБД подключена
24-10-17 at 09:17:19:181 Send 05 
24-10-17 at 09:17:19:196 Recived 15 
24-10-17 at 09:17:19:196 Send 06 
24-10-17 at 09:17:19:211 Send 02 0A 1E 1E 00 00 00 01 01 00 01 01 0A 
24-10-17 at 09:17:19:226 Recived 06 02 02 1E 00 1C 
24-10-17 at 09:17:19:241 Send 06 
24-10-17 at 09:17:19:256 Send 05 
24-10-17 at 09:17:19:271 Recived 15 
24-10-17 at 09:17:19:271 Send 06 
24-10-17 at 09:17:19:286 Send 02 0A 1E 1E 00 00 00 01 01 00 05 02 0D 
24-10-17 at 09:17:19:301 Recived 06 02 02 1E 00 1C 
24-10-17 at 09:17:19:316 Send 06 
24-10-17 at 09:17:19:331 Send 05 
24-10-17 at 09:17:19:346 Recived 15 
24-10-17 at 09:17:19:346 Send 06 
24-10-17 at 09:17:19:361 Send 02 0A 1E 1E 00 00 00 01 01 00 23 01 28 
24-10-17 at 09:17:19:376 Recived 06 02 02 1E 00 1C 
24-10-17 at 09:17:19:391 Send 06 
24-10-17 at 09:17:19:406 Send 05 
24-10-17 at 09:17:19:421 Recived 15 
24-10-17 at 09:17:19:421 Send 06 
24-10-17 at 09:17:19:436 Send 02 0A 1E 1E 00 00 00 01 01 00 06 00 0C 
24-10-17 at 09:17:19:451 Recived 06 02 02 1E 00 1C 
24-10-17 at 09:17:19:466 Send 06 
24-10-17 at 09:17:19:481 Send 05 
24-10-17 at 09:17:19:496 Recived 15 
24-10-17 at 09:17:19:496 Send 06 
24-10-17 at 09:17:19:511 Send 02 0A 1E 1E 00 00 00 01 01 00 07 01 0C 
24-10-17 at 09:17:19:526 Recived 06 02 02 1E 00 1C 
24-10-17 at 09:17:19:541 Send 06 
24-10-17 at 09:17:19:556 Send 05 
24-10-17 at 09:17:19:571 Recived 15 
24-10-17 at 09:17:19:571 Send 06 
24-10-17 at 09:17:19:586 Send 02 0A 1E 1E 00 00 00 01 01 00 14 01 1F 
24-10-17 at 09:17:19:601 Recived 06 02 02 1E 00 1C 
24-10-17 at 09:17:19:616 Send 06 
24-10-17 at 09:17:19:631 Send 05 
24-10-17 at 09:17:19:646 Recived 15 
24-10-17 at 09:17:19:646 Send 06 
24-10-17 at 09:17:19:661 Send 02 0A 1E 1E 00 00 00 01 01 00 15 01 1E 
24-10-17 at 09:17:19:676 Recived 06 02 02 1E 00 1C 
24-10-17 at 09:17:19:691 Send 06 
24-10-17 at 09:17:19:706 Send 05 
24-10-17 at 09:17:19:721 Recived 15 
24-10-17 at 09:17:19:721 Send 06 
24-10-17 at 09:17:19:736 Send 02 0A 1E 1E 00 00 00 01 01 00 0F 00 05 
24-10-17 at 09:17:19:751 Recived 06 02 02 1E 00 1C 
24-10-17 at 09:17:19:766 Send 06 
24-10-17 at 09:17:19:781 Send 05 
24-10-17 at 09:17:19:796 Recived 15 
24-10-17 at 09:17:19:796 Send 06 
24-10-17 at 09:17:19:811 Send 02 0A 1E 1E 00 00 00 01 01 00 11 00 1B 
24-10-17 at 09:17:19:826 Recived 06 02 02 1E 00 1C 
24-10-17 at 09:17:19:841 Send 06 
24-10-17 at 09:17:19:856 Send 05 
24-10-17 at 09:17:19:871 Recived 15 
24-10-17 at 09:17:19:871 Send 06 
24-10-17 at 09:17:19:886 Send 02 0A 1E 1E 00 00 00 11 01 00 03 02 1B 
24-10-17 at 09:17:19:901 Recived 06 02 02 1E 00 1C 
24-10-17 at 09:17:19:916 Send 06 
24-10-17 at 09:17:19:931 Send 05 
24-10-17 at 09:17:19:946 Recived 15 
24-10-17 at 09:17:19:946 Send 06 
24-10-17 at 09:17:19:961 Send 02 0A 1E 1E 00 00 00 01 01 00 29 01 22 
24-10-17 at 09:17:19:976 Recived 06 02 02 1E 00 1C 
24-10-17 at 09:17:19:991 Send 06 
24-10-17 at 09:17:20:006 Send 05 
24-10-17 at 09:17:20:021 Recived 15 
24-10-17 at 09:17:20:021 Send 06 
24-10-17 at 09:17:20:036 Send 02 26 1E 1E 00 00 00 04 0C 00 01 20 20 20 20 20 20 20 20 20 20 20 C4 CE C1 D0 CE 20 CF CE C6 C0 CB CE C2 C0 D2 DC 21 00 D5 
24-10-17 at 09:17:20:054 Recived 06 02 02 1E 00 1C 
24-10-17 at 09:17:20:069 Send 06 
24-10-17 at 09:17:20:084 Send 05 
24-10-17 at 09:17:20:099 Recived 15 
24-10-17 at 09:17:20:099 Send 06 
24-10-17 at 09:17:20:114 Send 02 29 1E 1E 00 00 00 04 0D 00 01 20 20 20 20 20 20 20 20 CE CE CE 20 CA EE EC EF E0 ED E8 FF 20 27 CA CE CB CE D0 CB CE CD 27 00 CB 
24-10-17 at 09:17:20:132 Recived 06 02 02 1E 00 1C 
24-10-17 at 09:17:20:147 Send 06 
24-10-17 at 09:17:20:162 Send 05 
24-10-17 at 09:17:20:177 Recived 15 
24-10-17 at 09:17:20:177 Send 06 
24-10-17 at 09:17:20:192 Send 02 2D 1E 1E 00 00 00 04 0E 00 01 20 20 20 20 20 CC E0 E3 E0 E7 E8 ED 20 27 C2 F1 E5 20 F2 EE E2 E0 F0 FB 20 E4 EB FF 20 E4 EE EC E0 27 20 00 DE 
24-10-17 at 09:17:20:209 Recived 06 02 02 1E 00 1C 
24-10-17 at 09:17:20:224 Send 06 
24-10-17 at 09:17:20:237 now clear port error ...
24-10-17 at 09:17:20:237 now write to port ...
24-10-17 at 09:17:20:370 ... done
24-10-17 at 09:17:20:389 Send 05 
24-10-17 at 09:17:20:404 Recived 15 
24-10-17 at 09:17:20:404 Send 06 
24-10-17 at 09:17:20:419 Send 02 06 1A 1E 00 00 00 79 7B 
24-10-17 at 09:17:20:434 Recived 06 02 09 1A 00 1E 60 61 02 00 00 00 0E 
24-10-17 at 09:17:20:449 Send 06 
24-10-17 at 09:17:22:577 Cardreader  Антонов Сергей 
24-10-17 at 09:17:22:585 Send 05 
24-10-17 at 09:17:22:601 Recived 15 
24-10-17 at 09:17:22:602 Send 06 
24-10-17 at 09:17:22:617 Send 02 20 1E 1E 00 00 00 02 1E 00 02 CA E0 F1 F1 E8 F0 20 C0 ED F2 EE ED EE E2 20 D1 E5 F0 E3 E5 E9 20 00 D7 
24-10-17 at 09:17:22:635 Recived 06 02 02 1E 00 1C 
24-10-17 at 09:17:22:650 Send 06 
24-10-17 at 09:17:22:657 now clear port error ...
24-10-17 at 09:17:22:657 now write to port ...
24-10-17 at 09:17:22:790 ... done
24-10-17 at 09:17:23:580 Send 05 
24-10-17 at 09:17:23:595 Recived 15 
24-10-17 at 09:17:23:595 Send 06 
24-10-17 at 09:17:23:610 Send 02 06 FF 39 1E 00 00 00 DE 
24-10-17 at 09:17:23:625 Recived 06 02 10 FF 39 00 00 00 00 00 00 00 00 00 00 00 00 00 00 D6 
24-10-17 at 09:17:23:640 Send 06 
24-10-17 at 09:17:34:403 114
24-10-17 at 09:17:34:403 014
24-10-17 at 09:17:34:404 total calculated
24-10-17 at 09:17:34:404 now show on display
24-10-17 at 09:17:34:404                     Всего:          0.00
24-10-17 at 09:17:34:404 now clear port error ...
24-10-17 at 09:17:34:404 now write to port ...
24-10-17 at 09:17:34:538 ... done
24-10-17 at 09:17:34:658 114
24-10-17 at 09:17:34:659 014
24-10-17 at 09:17:34:818 114
24-10-17 at 09:17:34:818 014
24-10-17 at 09:17:36:050 114
24-10-17 at 09:17:36:051 014
24-10-17 at 09:17:36:114 114
24-10-17 at 09:17:36:114 014
24-10-17 at 09:17:36:394 114
24-10-17 at 09:17:36:394 014
24-10-17 at 09:17:38:410 114
24-10-17 at 09:17:38:410 014
24-10-17 at 09:17:38:698 114
24-10-17 at 09:17:38:698 014
24-10-17 at 09:17:38:842 114
24-10-17 at 09:17:38:842 014
24-10-17 at 09:17:39:514 114
24-10-17 at 09:17:39:514 014
24-10-17 at 09:17:40:114 114
24-10-17 at 09:17:40:114 014
24-10-17 at 09:17:40:369 114
24-10-17 at 09:17:40:370 014
24-10-17 at 09:17:40:634 114
24-10-17 at 09:17:40:634 014
24-10-17 at 09:17:40:634 114
24-10-17 at 09:17:40:634 014
24-10-17 at 09:17:40:641 114
24-10-17 at 09:17:40:641 014
24-10-17 at 09:17:40:641 101
24-10-17 at 09:17:40:641 001
24-10-17 at 09:17:40:642 total calculated
24-10-17 at 09:17:40:643 now show on display
24-10-17 at 09:17:40:643 80Тд5гр_1849 Тет  55Всего:         55.00
24-10-17 at 09:17:40:644 now clear port error ...
24-10-17 at 09:17:40:644 now write to port ...
24-10-17 at 09:17:40:777 ... done
24-10-17 at 09:17:54:596  Нажата клавиша Ctrl+B
24-10-17 at 09:17:55:953 114
24-10-17 at 09:17:55:954 014
24-10-17 at 09:17:58:339 115
24-10-17 at 09:17:58:339 015
24-10-17 at 09:17:59:402 total calculated
24-10-17 at 09:17:59:403 now show on display
24-10-17 at 09:17:59:403 80Тд5гр_1849 Тет  55Всего:         55.00
24-10-17 at 09:17:59:403 now clear port error ...
24-10-17 at 09:17:59:403 now write to port ...
24-10-17 at 09:17:59:537 ... done
24-10-17 at 09:19:06:654  Нажата кнопка 'Международные карты'
24-10-17 at 09:20:43:392 116
24-10-17 at 09:20:43:393 016
