20-07-18 at 10:50:14:580 Запуск программы. Инициализация считана из файла
20-07-18 at 10:50:14:580 Чек загружен.
20-07-18 at 10:50:14:581 total calculated
20-07-18 at 10:50:14:581 now show on display
20-07-18 at 10:50:14:581                     Всего:          0.00
20-07-18 at 10:50:14:581 now open port for display
20-07-18 at 10:50:14:582 Com port opened
20-07-18 at 10:50:14:582 now clear port error ...
20-07-18 at 10:50:14:582 now write to port ...
20-07-18 at 10:50:14:716 ... done
20-07-18 at 10:50:14:716 Чек сжат
20-07-18 at 10:50:14:716 Сумма чека посчитана
20-07-18 at 10:50:14:717 Кардридер создан
20-07-18 at 10:50:14:717 Задание запуска модулей создано
20-07-18 at 10:50:14:717 Сканер создан
20-07-18 at 10:50:14:717 Регистратор создан
20-07-18 at 10:50:14:717 Часы созданы
20-07-18 at 10:50:14:718 Регистратор запущен
20-07-18 at 10:50:14:718 Сканер запущен
20-07-18 at 10:50:14:718 Часы запущены
20-07-18 at 10:50:14:718 Кардридер запущен
20-07-18 at 10:50:14:719 Передача данных запущена
20-07-18 at 10:50:14:719 Вход в FRInit
20-07-18 at 10:50:14:719 Вход в GetStatus
20-07-18 at 10:50:14:734 Send 05 
20-07-18 at 10:50:14:749 Recived 15 
20-07-18 at 10:50:14:749 Send 06 
20-07-18 at 10:50:14:764 Send 02 05 11 1E 00 00 00 0A 
20-07-18 at 10:50:14:779 Recived 06 02 30 11 00 1E 43 31 1C B3 14 0C 11 01 F2 00 B2 02 04 00 00 4E 41 00 00 01 01 10 14 07 12 0A 32 0E 00 2E 5D 00 00 39 00 00 00 00 00 EF 95 10 42 01 00 E7 
20-07-18 at 10:50:14:794 Send 06 
20-07-18 at 10:50:14:796 KKMStatus 0000
20-07-18 at 10:50:14:809 Send 05 
20-07-18 at 10:50:14:824 Recived 15 
20-07-18 at 10:50:14:824 Send 06 
20-07-18 at 10:50:14:839 Send 02 05 11 1E 00 00 00 0A 
20-07-18 at 10:50:14:854 Recived 06 02 30 11 00 1E 43 31 1C B3 14 0C 11 01 F2 00 B2 02 04 00 00 4E 41 00 00 01 01 10 14 07 12 0A 32 0E 00 2E 5D 00 00 39 00 00 00 00 00 EF 95 10 42 01 00 E7 
20-07-18 at 10:50:14:869 Send 06 
20-07-18 at 10:50:14:871 KKMStatus 0400
20-07-18 at 10:50:14:871 Номер ФР считан
20-07-18 at 10:50:15:044 СУБД подключена
20-07-18 at 10:50:15:063 Send 05 
20-07-18 at 10:50:15:078 Recived 15 
20-07-18 at 10:50:15:078 Send 06 
20-07-18 at 10:50:15:093 Send 02 0B 1E 1E 00 00 00 06 03 00 01 00 00 0F 
20-07-18 at 10:50:15:108 Recived 06 02 02 1E 00 1C 
20-07-18 at 10:50:15:123 Send 06 
20-07-18 at 10:50:15:138 Send 05 
20-07-18 at 10:50:15:153 Recived 15 
20-07-18 at 10:50:15:153 Send 06 
20-07-18 at 10:50:15:168 Send 02 10 1E 1E 00 00 00 06 03 00 02 CD C4 D1 20 30 25 00 FA 
20-07-18 at 10:50:15:184 Recived 06 02 02 1E 00 1C 
20-07-18 at 10:50:15:199 Send 06 
20-07-18 at 10:50:15:214 Send 05 
20-07-18 at 10:50:15:229 Recived 15 
20-07-18 at 10:50:15:229 Send 06 
20-07-18 at 10:50:15:244 Send 02 0B 1E 1E 00 00 00 06 02 00 01 E8 03 E5 
20-07-18 at 10:50:15:259 Recived 06 02 02 1E 00 1C 
20-07-18 at 10:50:15:274 Send 06 
20-07-18 at 10:50:15:289 Send 05 
20-07-18 at 10:50:15:304 Recived 15 
20-07-18 at 10:50:15:304 Send 06 
20-07-18 at 10:50:15:319 Send 02 10 1E 1E 00 00 00 06 02 00 02 CD C4 D1 20 31 30 25 CA 
20-07-18 at 10:50:15:335 Recived 06 02 02 1E 00 1C 
20-07-18 at 10:50:15:350 Send 06 
20-07-18 at 10:50:15:365 Send 05 
20-07-18 at 10:50:15:380 Recived 15 
20-07-18 at 10:50:15:380 Send 06 
20-07-18 at 10:50:15:395 Send 02 0B 1E 1E 00 00 00 06 01 00 01 08 07 02 
20-07-18 at 10:50:15:410 Recived 06 02 02 1E 00 1C 
20-07-18 at 10:50:15:425 Send 06 
20-07-18 at 10:50:15:440 Send 05 
20-07-18 at 10:50:15:455 Recived 15 
20-07-18 at 10:50:15:455 Send 06 
20-07-18 at 10:50:15:470 Send 02 10 1E 1E 00 00 00 06 01 00 02 CD C4 D1 20 31 38 25 C1 
20-07-18 at 10:50:15:486 Recived 06 02 02 1E 00 1C 
20-07-18 at 10:50:15:501 Send 06 
20-07-18 at 10:50:15:516 Send 05 
20-07-18 at 10:50:15:531 Recived 15 
20-07-18 at 10:50:15:531 Send 06 
20-07-18 at 10:50:15:546 Send 02 17 1E 1E 00 00 00 05 03 00 01 CA 41 D0 D2 CE C9 20 56 49 53 41 2F 4D 43 92 
20-07-18 at 10:50:15:562 Recived 06 02 02 1E 00 1C 
20-07-18 at 10:50:15:577 Send 06 
20-07-18 at 10:50:15:592 Send 05 
20-07-18 at 10:50:15:607 Recived 15 
20-07-18 at 10:50:15:607 Send 06 
20-07-18 at 10:50:15:622 Send 02 18 1E 1E 00 00 00 05 04 00 01 C4 D0 D3 C3 C8 CC C8 20 CA C0 D0 D2 C0 CC C8 3C 
20-07-18 at 10:50:15:638 Recived 06 02 02 1E 00 1C 
20-07-18 at 10:50:15:653 Send 06 
20-07-18 at 10:50:15:668 Send 05 
20-07-18 at 10:50:15:683 Recived 15 
20-07-18 at 10:50:15:683 Send 06 
20-07-18 at 10:50:15:698 Send 02 0A 1E 1E 00 00 00 01 01 00 01 01 0A 
20-07-18 at 10:50:15:713 Recived 06 02 02 1E 00 1C 
20-07-18 at 10:50:15:728 Send 06 
20-07-18 at 10:50:15:743 Send 05 
20-07-18 at 10:50:15:758 Recived 15 
20-07-18 at 10:50:15:758 Send 06 
20-07-18 at 10:50:15:773 Send 02 0A 1E 1E 00 00 00 01 01 00 05 02 0D 
20-07-18 at 10:50:15:788 Recived 06 02 02 1E 00 1C 
20-07-18 at 10:50:15:803 Send 06 
20-07-18 at 10:50:15:818 Send 05 
20-07-18 at 10:50:15:833 Recived 15 
20-07-18 at 10:50:15:833 Send 06 
20-07-18 at 10:50:15:848 Send 02 0A 1E 1E 00 00 00 01 01 00 23 01 28 
20-07-18 at 10:50:15:863 Recived 06 02 02 1E 00 1C 
20-07-18 at 10:50:15:878 Send 06 
20-07-18 at 10:50:15:893 Send 05 
20-07-18 at 10:50:15:908 Recived 15 
20-07-18 at 10:50:15:908 Send 06 
20-07-18 at 10:50:15:923 Send 02 0A 1E 1E 00 00 00 01 01 00 06 00 0C 
20-07-18 at 10:50:15:938 Recived 06 02 02 1E 00 1C 
20-07-18 at 10:50:15:953 Send 06 
20-07-18 at 10:50:15:968 Send 05 
20-07-18 at 10:50:15:983 Recived 15 
20-07-18 at 10:50:15:983 Send 06 
20-07-18 at 10:50:15:998 Send 02 0A 1E 1E 00 00 00 01 01 00 07 01 0C 
20-07-18 at 10:50:16:013 Recived 06 02 02 1E 00 1C 
20-07-18 at 10:50:16:028 Send 06 
20-07-18 at 10:50:16:043 Send 05 
20-07-18 at 10:50:16:058 Recived 15 
20-07-18 at 10:50:16:058 Send 06 
20-07-18 at 10:50:16:073 Send 02 0A 1E 1E 00 00 00 01 01 00 14 01 1F 
20-07-18 at 10:50:16:088 Recived 06 02 02 1E 00 1C 
20-07-18 at 10:50:16:103 Send 06 
20-07-18 at 10:50:16:118 Send 05 
20-07-18 at 10:50:16:133 Recived 15 
20-07-18 at 10:50:16:133 Send 06 
20-07-18 at 10:50:16:148 Send 02 0A 1E 1E 00 00 00 01 01 00 15 01 1E 
20-07-18 at 10:50:16:163 Recived 06 02 02 1E 00 1C 
20-07-18 at 10:50:16:178 Send 06 
20-07-18 at 10:50:16:193 Send 05 
20-07-18 at 10:50:16:208 Recived 15 
20-07-18 at 10:50:16:208 Send 06 
20-07-18 at 10:50:16:223 Send 02 0A 1E 1E 00 00 00 01 01 00 0F 00 05 
20-07-18 at 10:50:16:238 Recived 06 02 02 1E 00 1C 
20-07-18 at 10:50:16:253 Send 06 
20-07-18 at 10:50:16:268 Send 05 
20-07-18 at 10:50:16:283 Recived 15 
20-07-18 at 10:50:16:283 Send 06 
20-07-18 at 10:50:16:298 Send 02 0A 1E 1E 00 00 00 01 01 00 11 00 1B 
20-07-18 at 10:50:16:313 Recived 06 02 02 1E 00 1C 
20-07-18 at 10:50:16:328 Send 06 
20-07-18 at 10:50:16:343 Send 05 
20-07-18 at 10:50:16:358 Recived 15 
20-07-18 at 10:50:16:358 Send 06 
20-07-18 at 10:50:16:373 Send 02 0A 1E 1E 00 00 00 11 01 00 03 02 1B 
20-07-18 at 10:50:16:388 Recived 06 02 02 1E 00 1C 
20-07-18 at 10:50:16:403 Send 06 
20-07-18 at 10:50:16:418 Send 05 
20-07-18 at 10:50:16:433 Recived 15 
20-07-18 at 10:50:16:433 Send 06 
20-07-18 at 10:50:16:448 Send 02 0A 1E 1E 00 00 00 01 01 00 29 01 22 
20-07-18 at 10:50:16:463 Recived 06 02 02 1E 00 1C 
20-07-18 at 10:50:16:478 Send 06 
20-07-18 at 10:50:16:493 Send 05 
20-07-18 at 10:50:16:508 Recived 15 
20-07-18 at 10:50:16:508 Send 06 
20-07-18 at 10:50:16:523 Send 02 26 1E 1E 00 00 00 04 0C 00 01 20 20 20 20 20 20 20 20 20 20 20 C4 CE C1 D0 CE 20 CF CE C6 C0 CB CE C2 C0 D2 DC 21 00 D5 
20-07-18 at 10:50:16:541 Recived 06 02 02 1E 00 1C 
20-07-18 at 10:50:16:556 Send 06 
20-07-18 at 10:50:16:571 Send 05 
20-07-18 at 10:50:16:586 Recived 15 
20-07-18 at 10:50:16:586 Send 06 
20-07-18 at 10:50:16:601 Send 02 29 1E 1E 00 00 00 04 0D 00 01 20 20 20 20 20 20 20 20 CE CE CE 20 CA EE EC EF E0 ED E8 FF 20 27 CA CE CB CE D0 CB CE CD 27 00 CB 
20-07-18 at 10:50:16:619 Recived 06 02 02 1E 00 1C 
20-07-18 at 10:50:16:634 Send 06 
20-07-18 at 10:50:16:649 Send 05 
20-07-18 at 10:50:16:664 Recived 15 
20-07-18 at 10:50:16:664 Send 06 
20-07-18 at 10:50:16:679 Send 02 2D 1E 1E 00 00 00 04 0E 00 01 20 20 20 20 20 CC E0 E3 E0 E7 E8 ED 20 27 C2 F1 E5 20 F2 EE E2 E0 F0 FB 20 E4 EB FF 20 E4 EE EC E0 27 20 00 DE 
20-07-18 at 10:50:16:697 Recived 06 02 02 1E 00 1C 
20-07-18 at 10:50:16:712 Send 06 
20-07-18 at 10:50:16:748 now clear port error ...
20-07-18 at 10:50:16:748 now write to port ...
20-07-18 at 10:50:16:882 ... done
20-07-18 at 10:50:16:922 Send 05 
20-07-18 at 10:50:16:937 Recived 15 
20-07-18 at 10:50:16:937 Send 06 
20-07-18 at 10:50:16:952 Send 02 06 1A 1E 00 00 00 79 7B 
20-07-18 at 10:50:16:967 Recived 06 02 09 1A 00 1E 00 00 00 00 00 00 0D 
20-07-18 at 10:50:16:982 Send 06 
20-07-18 at 10:50:19:387 Cardreader  Антонов Сергей 
20-07-18 at 10:50:19:402 Send 05 
20-07-18 at 10:50:19:417 Recived 15 
20-07-18 at 10:50:19:419 Send 06 
20-07-18 at 10:50:19:434 Send 02 20 1E 1E 00 00 00 02 1E 00 02 CA E0 F1 F1 E8 F0 20 C0 ED F2 EE ED EE E2 20 D1 E5 F0 E3 E5 E9 20 00 D7 
20-07-18 at 10:50:19:452 Recived 06 02 02 1E 00 1C 
20-07-18 at 10:50:19:467 Send 06 
20-07-18 at 10:50:19:475 now clear port error ...
20-07-18 at 10:50:19:475 now write to port ...
20-07-18 at 10:50:19:609 ... done
20-07-18 at 10:50:20:397 Send 05 
20-07-18 at 10:50:20:412 Recived 15 
20-07-18 at 10:50:20:412 Send 06 
20-07-18 at 10:50:20:427 Send 02 06 FF 39 1E 00 00 00 DE 
20-07-18 at 10:50:20:442 Recived 06 02 10 FF 39 00 00 00 00 00 00 00 00 00 00 00 00 00 00 D6 
20-07-18 at 10:50:20:457 Send 06 
20-07-18 at 10:50:21:153 total calculated
20-07-18 at 10:50:21:154 now show on display
20-07-18 at 10:50:21:154                     Всего:          0.00
20-07-18 at 10:50:21:154 now clear port error ...
20-07-18 at 10:50:21:154 now write to port ...
20-07-18 at 10:50:21:288 ... done
20-07-18 at 10:50:21:288 total calculated
20-07-18 at 10:50:21:289 now show on display
20-07-18 at 10:50:21:289                     Всего:          0.00
20-07-18 at 10:50:21:289 now clear port error ...
20-07-18 at 10:50:21:289 now write to port ...
20-07-18 at 10:50:21:460 ... done
20-07-18 at 10:50:21:462 111
20-07-18 at 10:50:21:463 Выход из программы
20-07-18 at 10:51:14:886 Запуск программы. Инициализация считана из файла
20-07-18 at 10:51:14:886 Чек загружен.
20-07-18 at 10:51:14:887 total calculated
20-07-18 at 10:51:14:887 now show on display
20-07-18 at 10:51:14:887                     Всего:          0.00
20-07-18 at 10:51:14:887 now open port for display
20-07-18 at 10:51:14:888 Com port opened
20-07-18 at 10:51:14:888 now clear port error ...
20-07-18 at 10:51:14:888 now write to port ...
20-07-18 at 10:51:15:022 ... done
20-07-18 at 10:51:15:022 Чек сжат
20-07-18 at 10:51:15:022 Сумма чека посчитана
20-07-18 at 10:51:15:022 Кардридер создан
20-07-18 at 10:51:15:023 Задание запуска модулей создано
20-07-18 at 10:51:15:023 Сканер создан
20-07-18 at 10:51:15:023 Регистратор создан
20-07-18 at 10:51:15:023 Часы созданы
20-07-18 at 10:51:15:024 Регистратор запущен
20-07-18 at 10:51:15:024 Сканер запущен
20-07-18 at 10:51:15:025 Часы запущены
20-07-18 at 10:51:15:025 Кардридер запущен
20-07-18 at 10:51:15:025 Передача данных запущена
20-07-18 at 10:51:15:025 Вход в FRInit
20-07-18 at 10:51:15:025 Вход в GetStatus
20-07-18 at 10:51:15:039 Send 05 
20-07-18 at 10:51:15:054 Recived 15 
20-07-18 at 10:51:15:054 Send 06 
20-07-18 at 10:51:15:069 Send 02 05 11 1E 00 00 00 0A 
20-07-18 at 10:51:15:084 Recived 06 02 30 11 00 1E 43 31 1C B3 14 0C 11 01 F2 00 B2 02 04 00 00 4E 41 00 00 01 01 10 14 07 12 0A 33 0F 00 2E 5D 00 00 39 00 00 00 00 00 EF 95 10 42 01 00 E7 
20-07-18 at 10:51:15:099 Send 06 
20-07-18 at 10:51:15:100 KKMStatus 0000
20-07-18 at 10:51:15:114 Send 05 
20-07-18 at 10:51:15:129 Recived 15 
20-07-18 at 10:51:15:129 Send 06 
20-07-18 at 10:51:15:144 Send 02 05 11 1E 00 00 00 0A 
20-07-18 at 10:51:15:159 Recived 06 02 30 11 00 1E 43 31 1C B3 14 0C 11 01 F2 00 B2 02 04 00 00 4E 41 00 00 01 01 10 14 07 12 0A 33 0F 00 2E 5D 00 00 39 00 00 00 00 00 EF 95 10 42 01 00 E7 
20-07-18 at 10:51:15:174 Send 06 
20-07-18 at 10:51:15:175 KKMStatus 0400
20-07-18 at 10:51:15:175 Номер ФР считан
20-07-18 at 10:51:15:310 СУБД подключена
20-07-18 at 10:51:15:330 Send 05 
20-07-18 at 10:51:15:345 Recived 15 
20-07-18 at 10:51:15:345 Send 06 
20-07-18 at 10:51:15:360 Send 02 0B 1E 1E 00 00 00 06 03 00 01 00 00 0F 
20-07-18 at 10:51:15:375 Recived 06 02 02 1E 00 1C 
20-07-18 at 10:51:15:390 Send 06 
20-07-18 at 10:51:15:405 Send 05 
20-07-18 at 10:51:15:420 Recived 15 
20-07-18 at 10:51:15:420 Send 06 
20-07-18 at 10:51:15:435 Send 02 10 1E 1E 00 00 00 06 03 00 02 CD C4 D1 20 30 25 00 FA 
20-07-18 at 10:51:15:451 Recived 06 02 02 1E 00 1C 
20-07-18 at 10:51:15:466 Send 06 
20-07-18 at 10:51:15:481 Send 05 
20-07-18 at 10:51:15:496 Recived 15 
20-07-18 at 10:51:15:496 Send 06 
20-07-18 at 10:51:15:511 Send 02 0B 1E 1E 00 00 00 06 02 00 01 E8 03 E5 
20-07-18 at 10:51:15:526 Recived 06 02 02 1E 00 1C 
20-07-18 at 10:51:15:541 Send 06 
20-07-18 at 10:51:15:556 Send 05 
20-07-18 at 10:51:15:571 Recived 15 
20-07-18 at 10:51:15:571 Send 06 
20-07-18 at 10:51:15:586 Send 02 10 1E 1E 00 00 00 06 02 00 02 CD C4 D1 20 31 30 25 CA 
20-07-18 at 10:51:15:602 Recived 06 02 02 1E 00 1C 
20-07-18 at 10:51:15:617 Send 06 
20-07-18 at 10:51:15:632 Send 05 
20-07-18 at 10:51:15:647 Recived 15 
20-07-18 at 10:51:15:647 Send 06 
20-07-18 at 10:51:15:662 Send 02 0B 1E 1E 00 00 00 06 01 00 01 08 07 02 
20-07-18 at 10:51:15:677 Recived 06 02 02 1E 00 1C 
20-07-18 at 10:51:15:692 Send 06 
20-07-18 at 10:51:15:707 Send 05 
20-07-18 at 10:51:15:722 Recived 15 
20-07-18 at 10:51:15:722 Send 06 
20-07-18 at 10:51:15:737 Send 02 10 1E 1E 00 00 00 06 01 00 02 CD C4 D1 20 31 38 25 C1 
20-07-18 at 10:51:15:753 Recived 06 02 02 1E 00 1C 
20-07-18 at 10:51:15:768 Send 06 
20-07-18 at 10:51:15:783 Send 05 
20-07-18 at 10:51:15:798 Recived 15 
20-07-18 at 10:51:15:798 Send 06 
20-07-18 at 10:51:15:813 Send 02 17 1E 1E 00 00 00 05 03 00 01 CA 41 D0 D2 CE C9 20 56 49 53 41 2F 4D 43 92 
20-07-18 at 10:51:15:829 Recived 06 02 02 1E 00 1C 
20-07-18 at 10:51:15:844 Send 06 
20-07-18 at 10:51:15:859 Send 05 
20-07-18 at 10:51:15:874 Recived 15 
20-07-18 at 10:51:15:874 Send 06 
20-07-18 at 10:51:15:889 Send 02 18 1E 1E 00 00 00 05 04 00 01 C4 D0 D3 C3 C8 CC C8 20 CA C0 D0 D2 C0 CC C8 3C 
20-07-18 at 10:51:15:905 Recived 06 02 02 1E 00 1C 
20-07-18 at 10:51:15:920 Send 06 
20-07-18 at 10:51:15:935 Send 05 
20-07-18 at 10:51:15:950 Recived 15 
20-07-18 at 10:51:15:950 Send 06 
20-07-18 at 10:51:15:965 Send 02 0A 1E 1E 00 00 00 01 01 00 01 01 0A 
20-07-18 at 10:51:15:980 Recived 06 02 02 1E 00 1C 
20-07-18 at 10:51:15:995 Send 06 
20-07-18 at 10:51:16:010 Send 05 
20-07-18 at 10:51:16:025 Recived 15 
20-07-18 at 10:51:16:025 Send 06 
20-07-18 at 10:51:16:040 Send 02 0A 1E 1E 00 00 00 01 01 00 05 02 0D 
20-07-18 at 10:51:16:055 Recived 06 02 02 1E 00 1C 
20-07-18 at 10:51:16:070 Send 06 
20-07-18 at 10:51:16:085 Send 05 
20-07-18 at 10:51:16:100 Recived 15 
20-07-18 at 10:51:16:100 Send 06 
20-07-18 at 10:51:16:115 Send 02 0A 1E 1E 00 00 00 01 01 00 23 01 28 
20-07-18 at 10:51:16:130 Recived 06 02 02 1E 00 1C 
20-07-18 at 10:51:16:145 Send 06 
20-07-18 at 10:51:16:160 Send 05 
20-07-18 at 10:51:16:175 Recived 15 
20-07-18 at 10:51:16:175 Send 06 
20-07-18 at 10:51:16:190 Send 02 0A 1E 1E 00 00 00 01 01 00 06 00 0C 
20-07-18 at 10:51:16:205 Recived 06 02 02 1E 00 1C 
20-07-18 at 10:51:16:220 Send 06 
20-07-18 at 10:51:16:235 Send 05 
20-07-18 at 10:51:16:250 Recived 15 
20-07-18 at 10:51:16:250 Send 06 
20-07-18 at 10:51:16:265 Send 02 0A 1E 1E 00 00 00 01 01 00 07 01 0C 
20-07-18 at 10:51:16:280 Recived 06 02 02 1E 00 1C 
20-07-18 at 10:51:16:295 Send 06 
20-07-18 at 10:51:16:310 Send 05 
20-07-18 at 10:51:16:325 Recived 15 
20-07-18 at 10:51:16:325 Send 06 
20-07-18 at 10:51:16:340 Send 02 0A 1E 1E 00 00 00 01 01 00 14 01 1F 
20-07-18 at 10:51:16:355 Recived 06 02 02 1E 00 1C 
20-07-18 at 10:51:16:370 Send 06 
20-07-18 at 10:51:16:385 Send 05 
20-07-18 at 10:51:16:400 Recived 15 
20-07-18 at 10:51:16:400 Send 06 
20-07-18 at 10:51:16:415 Send 02 0A 1E 1E 00 00 00 01 01 00 15 01 1E 
20-07-18 at 10:51:16:430 Recived 06 02 02 1E 00 1C 
20-07-18 at 10:51:16:445 Send 06 
20-07-18 at 10:51:16:460 Send 05 
20-07-18 at 10:51:16:475 Recived 15 
20-07-18 at 10:51:16:475 Send 06 
20-07-18 at 10:51:16:490 Send 02 0A 1E 1E 00 00 00 01 01 00 0F 00 05 
20-07-18 at 10:51:16:505 Recived 06 02 02 1E 00 1C 
20-07-18 at 10:51:16:520 Send 06 
20-07-18 at 10:51:16:535 Send 05 
20-07-18 at 10:51:16:550 Recived 15 
20-07-18 at 10:51:16:550 Send 06 
20-07-18 at 10:51:16:565 Send 02 0A 1E 1E 00 00 00 01 01 00 11 00 1B 
20-07-18 at 10:51:16:580 Recived 06 02 02 1E 00 1C 
20-07-18 at 10:51:16:595 Send 06 
20-07-18 at 10:51:16:610 Send 05 
20-07-18 at 10:51:16:625 Recived 15 
20-07-18 at 10:51:16:625 Send 06 
20-07-18 at 10:51:16:640 Send 02 0A 1E 1E 00 00 00 11 01 00 03 02 1B 
20-07-18 at 10:51:16:655 Recived 06 02 02 1E 00 1C 
20-07-18 at 10:51:16:670 Send 06 
20-07-18 at 10:51:16:685 Send 05 
20-07-18 at 10:51:16:700 Recived 15 
20-07-18 at 10:51:16:700 Send 06 
20-07-18 at 10:51:16:715 Send 02 0A 1E 1E 00 00 00 01 01 00 29 01 22 
20-07-18 at 10:51:16:730 Recived 06 02 02 1E 00 1C 
20-07-18 at 10:51:16:745 Send 06 
20-07-18 at 10:51:16:760 Send 05 
20-07-18 at 10:51:16:775 Recived 15 
20-07-18 at 10:51:16:775 Send 06 
20-07-18 at 10:51:16:790 Send 02 26 1E 1E 00 00 00 04 0C 00 01 20 20 20 20 20 20 20 20 20 20 20 C4 CE C1 D0 CE 20 CF CE C6 C0 CB CE C2 C0 D2 DC 21 00 D5 
20-07-18 at 10:51:16:808 Recived 06 02 02 1E 00 1C 
20-07-18 at 10:51:16:823 Send 06 
20-07-18 at 10:51:16:838 Send 05 
20-07-18 at 10:51:16:853 Recived 15 
20-07-18 at 10:51:16:853 Send 06 
20-07-18 at 10:51:16:868 Send 02 29 1E 1E 00 00 00 04 0D 00 01 20 20 20 20 20 20 20 20 CE CE CE 20 CA EE EC EF E0 ED E8 FF 20 27 CA CE CB CE D0 CB CE CD 27 00 CB 
20-07-18 at 10:51:16:886 Recived 06 02 02 1E 00 1C 
20-07-18 at 10:51:16:901 Send 06 
20-07-18 at 10:51:16:916 Send 05 
20-07-18 at 10:51:16:931 Recived 15 
20-07-18 at 10:51:16:931 Send 06 
20-07-18 at 10:51:16:946 Send 02 2D 1E 1E 00 00 00 04 0E 00 01 20 20 20 20 20 CC E0 E3 E0 E7 E8 ED 20 27 C2 F1 E5 20 F2 EE E2 E0 F0 FB 20 E4 EB FF 20 E4 EE EC E0 27 20 00 DE 
20-07-18 at 10:51:16:964 Recived 06 02 02 1E 00 1C 
20-07-18 at 10:51:16:979 Send 06 
20-07-18 at 10:51:17:013 now clear port error ...
20-07-18 at 10:51:17:014 now write to port ...
20-07-18 at 10:51:17:147 ... done
20-07-18 at 10:51:17:180 Send 05 
20-07-18 at 10:51:17:195 Recived 15 
20-07-18 at 10:51:17:195 Send 06 
20-07-18 at 10:51:17:210 Send 02 06 1A 1E 00 00 00 79 7B 
20-07-18 at 10:51:17:225 Recived 06 02 09 1A 00 1E 00 00 00 00 00 00 0D 
20-07-18 at 10:51:17:240 Send 06 
20-07-18 at 10:51:19:453 Cardreader  Антонов Сергей 
20-07-18 at 10:51:19:460 Send 05 
20-07-18 at 10:51:19:477 Recived 15 
20-07-18 at 10:51:19:477 Send 06 
20-07-18 at 10:51:19:493 Send 02 20 1E 1E 00 00 00 02 1E 00 02 CA E0 F1 F1 E8 F0 20 C0 ED F2 EE ED EE E2 20 D1 E5 F0 E3 E5 E9 20 00 D7 
20-07-18 at 10:51:19:511 Recived 06 02 02 1E 00 1C 
20-07-18 at 10:51:19:526 Send 06 
20-07-18 at 10:51:19:529 now clear port error ...
20-07-18 at 10:51:19:529 now write to port ...
20-07-18 at 10:51:19:662 ... done
20-07-18 at 10:51:20:456 Send 05 
20-07-18 at 10:51:20:471 Recived 15 
20-07-18 at 10:51:20:471 Send 06 
20-07-18 at 10:51:20:486 Send 02 06 FF 39 1E 00 00 00 DE 
20-07-18 at 10:51:20:501 Recived 06 02 10 FF 39 00 00 00 00 00 00 00 00 00 00 00 00 00 00 D6 
20-07-18 at 10:51:20:516 Send 06 
20-07-18 at 10:51:25:316 Send 05 
20-07-18 at 10:51:25:331 Recived 15 
20-07-18 at 10:51:25:331 Send 06 
20-07-18 at 10:51:25:346 Send 02 08 21 1E 00 00 00 0A 33 19 17 
20-07-18 at 10:51:25:361 Recived 06 02 02 21 00 23 
20-07-18 at 10:51:25:376 Send 06 
20-07-18 at 10:51:25:379 Вход в GetStatus
20-07-18 at 10:51:25:391 Send 05 
20-07-18 at 10:51:25:406 Recived 15 
20-07-18 at 10:51:25:406 Send 06 
20-07-18 at 10:51:25:421 Send 02 05 11 1E 00 00 00 0A 
20-07-18 at 10:51:25:436 Recived 06 02 30 11 00 1E 43 31 1C B3 14 0C 11 01 F2 00 B2 02 04 00 00 4E 41 00 00 01 01 10 14 07 12 0A 33 19 00 2E 5D 00 00 39 00 00 00 00 00 EF 95 10 42 01 00 F1 
20-07-18 at 10:51:25:451 Send 06 
20-07-18 at 10:51:25:454 KKMStatus 0000
20-07-18 at 10:51:25:466 Send 05 
20-07-18 at 10:51:25:481 Recived 15 
20-07-18 at 10:51:25:481 Send 06 
20-07-18 at 10:51:25:496 Send 02 05 E0 1E 00 00 00 FB 
20-07-18 at 10:51:25:511 Recived 06 
20-07-18 at 10:51:26:636 Recived 02 03 E0 00 1E FD 
20-07-18 at 10:51:26:651 Send 06 
20-07-18 at 10:53:22:784 Send 05 
20-07-18 at 10:53:22:799 Recived 15 
20-07-18 at 10:53:22:799 Send 06 
20-07-18 at 10:53:22:814 Send 02 06 FF 39 1E 00 00 00 DE 
20-07-18 at 10:53:22:829 Recived 06 02 10 FF 39 00 00 00 00 00 00 00 00 00 00 00 00 00 00 D6 
20-07-18 at 10:53:22:844 Send 06 
20-07-18 at 10:55:23:969 Send 05 
20-07-18 at 10:55:23:984 Recived 15 
20-07-18 at 10:55:23:984 Send 06 
20-07-18 at 10:55:23:999 Send 02 06 FF 39 1E 00 00 00 DE 
20-07-18 at 10:55:24:014 Recived 06 02 10 FF 39 00 00 00 00 00 00 00 00 00 00 00 00 00 00 D6 
20-07-18 at 10:55:24:029 Send 06 
20-07-18 at 10:57:25:156 Send 05 
20-07-18 at 10:57:25:171 Recived 15 
20-07-18 at 10:57:25:171 Send 06 
20-07-18 at 10:57:25:186 Send 02 06 FF 39 1E 00 00 00 DE 
20-07-18 at 10:57:25:201 Recived 06 02 10 FF 39 00 00 00 00 00 00 00 00 00 00 00 00 00 00 D6 
20-07-18 at 10:57:25:216 Send 06 
20-07-18 at 10:59:26:356 Send 05 
20-07-18 at 10:59:26:371 Recived 15 
20-07-18 at 10:59:26:371 Send 06 
20-07-18 at 10:59:26:386 Send 02 06 FF 39 1E 00 00 00 DE 
20-07-18 at 10:59:26:401 Recived 06 02 10 FF 39 00 00 00 00 00 00 00 00 00 00 00 00 00 00 D6 
20-07-18 at 10:59:26:416 Send 06 
20-07-18 at 11:01:27:541 Send 05 
20-07-18 at 11:01:27:556 Recived 15 
20-07-18 at 11:01:27:556 Send 06 
20-07-18 at 11:01:27:571 Send 02 06 FF 39 1E 00 00 00 DE 
20-07-18 at 11:01:27:586 Recived 06 02 10 FF 39 00 00 00 00 00 00 00 00 00 00 00 00 00 00 D6 
20-07-18 at 11:01:27:601 Send 06 
20-07-18 at 11:03:28:726 Send 05 
20-07-18 at 11:03:28:741 Recived 15 
20-07-18 at 11:03:28:741 Send 06 
20-07-18 at 11:03:28:756 Send 02 06 FF 39 1E 00 00 00 DE 
20-07-18 at 11:03:28:771 Recived 06 02 10 FF 39 00 00 00 00 00 00 00 00 00 00 00 00 00 00 D6 
20-07-18 at 11:03:28:786 Send 06 
20-07-18 at 11:05:29:911 Send 05 
20-07-18 at 11:05:29:926 Recived 15 
20-07-18 at 11:05:29:926 Send 06 
20-07-18 at 11:05:29:941 Send 02 06 FF 39 1E 00 00 00 DE 
20-07-18 at 11:05:29:956 Recived 06 02 10 FF 39 00 00 00 00 00 00 00 00 00 00 00 00 00 00 D6 
20-07-18 at 11:05:29:971 Send 06 
20-07-18 at 11:07:31:096 Send 05 
20-07-18 at 11:07:31:111 Recived 15 
20-07-18 at 11:07:31:111 Send 06 
20-07-18 at 11:07:31:126 Send 02 06 FF 39 1E 00 00 00 DE 
20-07-18 at 11:07:31:141 Recived 06 02 10 FF 39 00 00 00 00 00 00 00 00 00 00 00 00 00 00 D6 
20-07-18 at 11:07:31:156 Send 06 
20-07-18 at 11:09:32:281 Send 05 
20-07-18 at 11:09:32:296 Recived 15 
20-07-18 at 11:09:32:296 Send 06 
20-07-18 at 11:09:32:311 Send 02 06 FF 39 1E 00 00 00 DE 
20-07-18 at 11:09:32:326 Recived 06 02 10 FF 39 00 00 00 00 00 00 00 00 00 00 00 00 00 00 D6 
20-07-18 at 11:09:32:341 Send 06 
20-07-18 at 11:09:39:564 114
20-07-18 at 11:09:39:564 014
20-07-18 at 11:09:39:564 114
20-07-18 at 11:09:39:565 014
20-07-18 at 11:09:39:565 Попытка очистки таблицы
20-07-18 at 11:09:39:565 Попытка очистки успешна
20-07-18 at 11:09:39:566 total calculated
20-07-18 at 11:09:39:566 now show on display
20-07-18 at 11:09:39:566                     Всего:          0.00
20-07-18 at 11:09:39:566 now clear port error ...
20-07-18 at 11:09:39:566 now write to port ...
20-07-18 at 11:09:39:700 ... done
20-07-18 at 11:09:39:700 114
20-07-18 at 11:09:39:701 014
20-07-18 at 11:09:39:701 114
20-07-18 at 11:09:39:701 014
20-07-18 at 11:09:39:701 114
20-07-18 at 11:09:39:702 014
20-07-18 at 11:09:39:702 114
20-07-18 at 11:09:39:702 014
20-07-18 at 11:09:39:702 114
20-07-18 at 11:09:39:703 014
20-07-18 at 11:09:39:703 114
20-07-18 at 11:09:39:703 014
20-07-18 at 11:09:39:703 114
20-07-18 at 11:09:39:704 014
20-07-18 at 11:09:39:704 114
20-07-18 at 11:09:39:704 014
20-07-18 at 11:09:39:704 114
20-07-18 at 11:09:39:705 014
20-07-18 at 11:09:39:705 114
20-07-18 at 11:09:39:705 014
20-07-18 at 11:09:39:705 114
20-07-18 at 11:09:39:705 014
20-07-18 at 11:09:39:706 114
20-07-18 at 11:09:39:706 014
20-07-18 at 11:09:39:706 114
20-07-18 at 11:09:39:706 014
20-07-18 at 11:09:39:712 114
20-07-18 at 11:09:39:712 014
20-07-18 at 11:09:39:713 101
20-07-18 at 11:09:39:713 001
20-07-18 at 11:09:39:713 total calculated
20-07-18 at 11:09:39:728 now show on display
20-07-18 at 11:09:39:728 RU25194 ТЕТРАДЬ 1  7Всего:          7.00
20-07-18 at 11:09:39:729 now clear port error ...
20-07-18 at 11:09:39:729 now write to port ...
20-07-18 at 11:09:39:872 ... done
20-07-18 at 11:09:39:972 114
20-07-18 at 11:09:39:972 014
20-07-18 at 11:09:39:972 114
20-07-18 at 11:09:39:972 014
20-07-18 at 11:09:39:974 total calculated
20-07-18 at 11:09:39:977 now show on display
20-07-18 at 11:09:39:977 RU25194 ТЕТРАДЬ 1  7Всего:          7.00
20-07-18 at 11:09:39:977 now clear port error ...
20-07-18 at 11:09:39:978 now write to port ...
20-07-18 at 11:09:40:111 ... done
20-07-18 at 11:09:40:112 114
20-07-18 at 11:09:40:112 014
20-07-18 at 11:09:40:112 114
20-07-18 at 11:09:40:112 014
20-07-18 at 11:09:40:113 114
20-07-18 at 11:09:40:113 014
20-07-18 at 11:09:40:113 114
20-07-18 at 11:09:40:113 014
20-07-18 at 11:09:40:114 114
20-07-18 at 11:09:40:114 014
20-07-18 at 11:09:40:114 114
20-07-18 at 11:09:40:114 014
20-07-18 at 11:09:40:115 114
20-07-18 at 11:09:40:115 014
20-07-18 at 11:09:40:115 114
20-07-18 at 11:09:40:115 014
20-07-18 at 11:09:40:115 114
20-07-18 at 11:09:40:116 014
20-07-18 at 11:09:40:116 114
20-07-18 at 11:09:40:116 014
20-07-18 at 11:09:40:116 114
20-07-18 at 11:09:40:117 014
20-07-18 at 11:09:40:117 114
20-07-18 at 11:09:40:117 014
20-07-18 at 11:09:40:117 114
20-07-18 at 11:09:40:117 014
20-07-18 at 11:09:40:123 114
20-07-18 at 11:09:40:124 014
20-07-18 at 11:09:40:124 101
20-07-18 at 11:09:40:124 001
20-07-18 at 11:09:40:125 total calculated
20-07-18 at 11:09:40:133 now show on display
20-07-18 at 11:09:40:133 * Обои Палитра   350Всего:        357.00
20-07-18 at 11:09:40:133 now clear port error ...
20-07-18 at 11:09:40:133 now write to port ...
20-07-18 at 11:09:40:283 ... done
20-07-18 at 11:09:40:383 114
20-07-18 at 11:09:40:383 014
20-07-18 at 11:09:40:383 114
20-07-18 at 11:09:40:383 014
20-07-18 at 11:09:40:385 total calculated
20-07-18 at 11:09:40:388 now show on display
20-07-18 at 11:09:40:389 * Обои Палитра   350Всего:        357.00
20-07-18 at 11:09:40:389 now clear port error ...
20-07-18 at 11:09:40:389 now write to port ...
20-07-18 at 11:09:40:523 ... done
20-07-18 at 11:09:40:523 114
20-07-18 at 11:09:40:524 014
20-07-18 at 11:09:40:524 114
20-07-18 at 11:09:40:524 014
20-07-18 at 11:09:40:525 114
20-07-18 at 11:09:40:525 014
20-07-18 at 11:09:40:525 114
20-07-18 at 11:09:40:525 014
20-07-18 at 11:09:40:526 114
20-07-18 at 11:09:40:526 014
20-07-18 at 11:09:40:526 114
20-07-18 at 11:09:40:526 014
20-07-18 at 11:09:40:526 114
20-07-18 at 11:09:40:527 014
20-07-18 at 11:09:40:527 114
20-07-18 at 11:09:40:527 014
20-07-18 at 11:09:40:527 114
20-07-18 at 11:09:40:528 014
20-07-18 at 11:09:40:528 114
20-07-18 at 11:09:40:528 014
20-07-18 at 11:09:40:528 114
20-07-18 at 11:09:40:528 014
20-07-18 at 11:09:40:529 114
20-07-18 at 11:09:40:529 014
20-07-18 at 11:09:40:529 114
20-07-18 at 11:09:40:529 014
20-07-18 at 11:09:40:535 114
20-07-18 at 11:09:40:535 014
20-07-18 at 11:09:40:536 101
20-07-18 at 11:09:40:536 001
20-07-18 at 11:09:40:537 total calculated
20-07-18 at 11:09:40:544 now show on display
20-07-18 at 11:09:40:545 ШТОРА  01345-17  675Всего:       1032.00
20-07-18 at 11:09:40:545 now clear port error ...
20-07-18 at 11:09:40:545 now write to port ...
20-07-18 at 11:09:40:695 ... done
20-07-18 at 11:09:55:087 114
20-07-18 at 11:09:55:087 014
20-07-18 at 11:09:55:487 114
20-07-18 at 11:09:55:487 014
20-07-18 at 11:09:55:727 114
20-07-18 at 11:09:55:727 014
20-07-18 at 11:09:56:359 114
20-07-18 at 11:09:56:359 014
20-07-18 at 11:09:57:183 114
20-07-18 at 11:09:57:183 014
20-07-18 at 11:09:57:719 114
20-07-18 at 11:09:57:719 014
20-07-18 at 11:09:57:719 102
20-07-18 at 11:09:57:720 002
20-07-18 at 11:09:57:720 total calculated
20-07-18 at 11:09:57:725 now show on display
20-07-18 at 11:09:57:726 ШТОРА  01345  675.50Всего:       1032.50
20-07-18 at 11:09:57:726 now clear port error ...
20-07-18 at 11:09:57:726 now write to port ...
20-07-18 at 11:09:57:860 ... done
20-07-18 at 11:10:06:382  Нажата клавиша Ctrl+B
20-07-18 at 11:10:11:137 114
20-07-18 at 11:10:11:138 014
20-07-18 at 11:10:11:138 115
20-07-18 at 11:10:11:138 015
20-07-18 at 11:10:11:140 total calculated
20-07-18 at 11:10:11:142 now show on display
20-07-18 at 11:10:11:142 ШТОРА  01345  675.50Всего:       1032.50
20-07-18 at 11:10:11:142 now clear port error ...
20-07-18 at 11:10:11:142 now write to port ...
20-07-18 at 11:10:11:276 ... done
20-07-18 at 11:10:11:329 now clear port error ...
20-07-18 at 11:10:11:329 now write to port ...
20-07-18 at 11:10:11:462 ... done
20-07-18 at 11:10:11:463 now clear port error ...
20-07-18 at 11:10:11:463 now write to port ...
20-07-18 at 11:10:11:634 ... done
20-07-18 at 11:10:18:761 now clear port error ...
20-07-18 at 11:10:18:761 now write to port ...
20-07-18 at 11:10:18:895 ... done
20-07-18 at 11:10:18:896 116
20-07-18 at 11:10:18:896 016
20-07-18 at 11:10:26:613  Нажата клавиша F10.
20-07-18 at 11:10:28:165 114
20-07-18 at 11:10:28:166 014
20-07-18 at 11:10:29:310 115
20-07-18 at 11:10:29:311 015
20-07-18 at 11:10:30:637 total calculated
20-07-18 at 11:10:30:639 now show on display
20-07-18 at 11:10:30:640 ШТОРА  01345  675.50Всего:       1032.50
20-07-18 at 11:10:30:640 now clear port error ...
20-07-18 at 11:10:30:640 now write to port ...
20-07-18 at 11:10:30:774 ... done
20-07-18 at 11:10:40:788 now clear port error ...
20-07-18 at 11:10:40:789 now write to port ...
20-07-18 at 11:10:40:922 ... done
20-07-18 at 11:10:40:923 now clear port error ...
20-07-18 at 11:10:40:923 now write to port ...
20-07-18 at 11:10:41:094 ... done
20-07-18 at 11:11:50:317 now clear port error ...
20-07-18 at 11:11:50:318 now write to port ...
20-07-18 at 11:11:50:451 ... done
20-07-18 at 11:15:33:439 Запуск программы. Инициализация считана из файла
20-07-18 at 11:15:33:439 Чек загружен.
20-07-18 at 11:15:33:440 Чек загружен.
20-07-18 at 11:15:33:440 total calculated
20-07-18 at 11:15:33:441 now show on display
20-07-18 at 11:15:33:441                     Всего:       1032.50
20-07-18 at 11:15:33:441 now open port for display
20-07-18 at 11:15:33:442 Com port opened
20-07-18 at 11:15:33:442 now clear port error ...
20-07-18 at 11:15:33:442 now write to port ...
20-07-18 at 11:15:33:576 ... done
20-07-18 at 11:15:33:576 Чек сжат
20-07-18 at 11:15:33:576 Сумма чека посчитана
20-07-18 at 11:15:33:576 Кардридер создан
20-07-18 at 11:15:33:577 Задание запуска модулей создано
20-07-18 at 11:15:33:577 Сканер создан
20-07-18 at 11:15:33:577 Регистратор создан
20-07-18 at 11:15:33:577 Часы созданы
20-07-18 at 11:15:33:577 Регистратор запущен
20-07-18 at 11:15:33:578 Сканер запущен
20-07-18 at 11:15:33:578 Часы запущены
20-07-18 at 11:15:33:579 Кардридер запущен
20-07-18 at 11:15:33:579 Передача данных запущена
20-07-18 at 11:15:33:579 Вход в FRInit
20-07-18 at 11:15:33:579 Вход в GetStatus
20-07-18 at 11:15:33:593 Send 05 
20-07-18 at 11:15:33:608 Recived 15 
20-07-18 at 11:15:33:608 Send 06 
20-07-18 at 11:15:33:623 Send 02 05 11 1E 00 00 00 0A 
20-07-18 at 11:15:33:638 Recived 06 02 30 11 00 1E 43 31 1C B3 14 0C 11 01 F3 00 B2 02 02 00 00 4E 41 00 00 01 01 10 14 07 12 0B 0F 21 00 2E 5D 00 00 39 00 00 00 00 00 EF 95 10 42 01 00 F3 
20-07-18 at 11:15:33:653 Send 06 
20-07-18 at 11:15:33:656 KKMStatus 0000
20-07-18 at 11:15:33:668 Send 05 
20-07-18 at 11:15:33:683 Recived 15 
20-07-18 at 11:15:33:683 Send 06 
20-07-18 at 11:15:33:698 Send 02 05 11 1E 00 00 00 0A 
20-07-18 at 11:15:33:713 Recived 06 02 30 11 00 1E 43 31 1C B3 14 0C 11 01 F3 00 B2 02 02 00 00 4E 41 00 00 01 01 10 14 07 12 0B 0F 21 00 2E 5D 00 00 39 00 00 00 00 00 EF 95 10 42 01 00 F3 
20-07-18 at 11:15:33:728 Send 06 
20-07-18 at 11:15:33:731 KKMStatus 0200
20-07-18 at 11:15:33:731 Номер ФР считан
20-07-18 at 11:15:33:870 СУБД подключена
20-07-18 at 11:15:33:890 Send 05 
20-07-18 at 11:15:33:905 Recived 15 
20-07-18 at 11:15:33:905 Send 06 
20-07-18 at 11:15:33:920 Send 02 17 1E 1E 00 00 00 05 03 00 01 CA 41 D0 D2 CE C9 20 56 49 53 41 2F 4D 43 92 
20-07-18 at 11:15:33:936 Recived 06 02 02 1E 00 1C 
20-07-18 at 11:15:33:951 Send 06 
20-07-18 at 11:15:33:966 Send 05 
20-07-18 at 11:15:33:981 Recived 15 
20-07-18 at 11:15:33:981 Send 06 
20-07-18 at 11:15:33:996 Send 02 18 1E 1E 00 00 00 05 04 00 01 C4 D0 D3 C3 C8 CC C8 20 CA C0 D0 D2 C0 CC C8 3C 
20-07-18 at 11:15:34:012 Recived 06 02 02 1E 00 1C 
20-07-18 at 11:15:34:027 Send 06 
20-07-18 at 11:15:34:042 Send 05 
20-07-18 at 11:15:34:057 Recived 15 
20-07-18 at 11:15:34:057 Send 06 
20-07-18 at 11:15:34:072 Send 02 0A 1E 1E 00 00 00 01 01 00 01 01 0A 
20-07-18 at 11:15:34:087 Recived 06 02 02 1E 00 1C 
20-07-18 at 11:15:34:102 Send 06 
20-07-18 at 11:15:34:117 Send 05 
20-07-18 at 11:15:34:132 Recived 15 
20-07-18 at 11:15:34:132 Send 06 
20-07-18 at 11:15:34:147 Send 02 0A 1E 1E 00 00 00 01 01 00 05 02 0D 
20-07-18 at 11:15:34:162 Recived 06 02 02 1E 00 1C 
20-07-18 at 11:15:34:177 Send 06 
20-07-18 at 11:15:34:192 Send 05 
20-07-18 at 11:15:34:207 Recived 15 
20-07-18 at 11:15:34:207 Send 06 
20-07-18 at 11:15:34:222 Send 02 0A 1E 1E 00 00 00 01 01 00 23 01 28 
20-07-18 at 11:15:34:237 Recived 06 02 02 1E 00 1C 
20-07-18 at 11:15:34:252 Send 06 
20-07-18 at 11:15:34:267 Send 05 
20-07-18 at 11:15:34:282 Recived 15 
20-07-18 at 11:15:34:282 Send 06 
20-07-18 at 11:15:34:297 Send 02 0A 1E 1E 00 00 00 01 01 00 06 00 0C 
20-07-18 at 11:15:34:312 Recived 06 02 02 1E 00 1C 
20-07-18 at 11:15:34:327 Send 06 
20-07-18 at 11:15:34:342 Send 05 
20-07-18 at 11:15:34:357 Recived 15 
20-07-18 at 11:15:34:357 Send 06 
20-07-18 at 11:15:34:372 Send 02 0A 1E 1E 00 00 00 01 01 00 07 01 0C 
20-07-18 at 11:15:34:387 Recived 06 02 02 1E 00 1C 
20-07-18 at 11:15:34:402 Send 06 
20-07-18 at 11:15:34:417 Send 05 
20-07-18 at 11:15:34:432 Recived 15 
20-07-18 at 11:15:34:432 Send 06 
20-07-18 at 11:15:34:447 Send 02 0A 1E 1E 00 00 00 01 01 00 14 01 1F 
20-07-18 at 11:15:34:462 Recived 06 02 02 1E 00 1C 
20-07-18 at 11:15:34:477 Send 06 
20-07-18 at 11:15:34:492 Send 05 
20-07-18 at 11:15:34:507 Recived 15 
20-07-18 at 11:15:34:507 Send 06 
20-07-18 at 11:15:34:522 Send 02 0A 1E 1E 00 00 00 01 01 00 15 01 1E 
20-07-18 at 11:15:34:537 Recived 06 02 02 1E 00 1C 
20-07-18 at 11:15:34:552 Send 06 
20-07-18 at 11:15:34:567 Send 05 
20-07-18 at 11:15:34:582 Recived 15 
20-07-18 at 11:15:34:582 Send 06 
20-07-18 at 11:15:34:597 Send 02 0A 1E 1E 00 00 00 01 01 00 0F 00 05 
20-07-18 at 11:15:34:612 Recived 06 02 02 1E 00 1C 
20-07-18 at 11:15:34:627 Send 06 
20-07-18 at 11:15:34:642 Send 05 
20-07-18 at 11:15:34:657 Recived 15 
20-07-18 at 11:15:34:657 Send 06 
20-07-18 at 11:15:34:672 Send 02 0A 1E 1E 00 00 00 01 01 00 11 00 1B 
20-07-18 at 11:15:34:687 Recived 06 02 02 1E 00 1C 
20-07-18 at 11:15:34:702 Send 06 
20-07-18 at 11:15:34:717 Send 05 
20-07-18 at 11:15:34:732 Recived 15 
20-07-18 at 11:15:34:732 Send 06 
20-07-18 at 11:15:34:747 Send 02 0A 1E 1E 00 00 00 11 01 00 03 02 1B 
20-07-18 at 11:15:34:762 Recived 06 02 02 1E 00 1C 
20-07-18 at 11:15:34:777 Send 06 
20-07-18 at 11:15:34:792 Send 05 
20-07-18 at 11:15:34:807 Recived 15 
20-07-18 at 11:15:34:807 Send 06 
20-07-18 at 11:15:34:822 Send 02 0A 1E 1E 00 00 00 01 01 00 29 01 22 
20-07-18 at 11:15:34:837 Recived 06 02 02 1E 00 1C 
20-07-18 at 11:15:34:852 Send 06 
20-07-18 at 11:15:34:867 Send 05 
20-07-18 at 11:15:34:882 Recived 15 
20-07-18 at 11:15:34:882 Send 06 
20-07-18 at 11:15:34:897 Send 02 26 1E 1E 00 00 00 04 0C 00 01 20 20 20 20 20 20 20 20 20 20 20 C4 CE C1 D0 CE 20 CF CE C6 C0 CB CE C2 C0 D2 DC 21 00 D5 
20-07-18 at 11:15:34:915 Recived 06 02 02 1E 00 1C 
20-07-18 at 11:15:34:930 Send 06 
20-07-18 at 11:15:34:945 Send 05 
20-07-18 at 11:15:34:960 Recived 15 
20-07-18 at 11:15:34:960 Send 06 
20-07-18 at 11:15:34:975 Send 02 29 1E 1E 00 00 00 04 0D 00 01 20 20 20 20 20 20 20 20 CE CE CE 20 CA EE EC EF E0 ED E8 FF 20 27 CA CE CB CE D0 CB CE CD 27 00 CB 
20-07-18 at 11:15:34:992 Recived 06 02 02 1E 00 1C 
20-07-18 at 11:15:35:007 Send 06 
20-07-18 at 11:15:35:022 Send 05 
20-07-18 at 11:15:35:037 Recived 15 
20-07-18 at 11:15:35:037 Send 06 
20-07-18 at 11:15:35:052 Send 02 2D 1E 1E 00 00 00 04 0E 00 01 20 20 20 20 20 CC E0 E3 E0 E7 E8 ED 20 27 C2 F1 E5 20 F2 EE E2 E0 F0 FB 20 E4 EB FF 20 E4 EE EC E0 27 20 00 DE 
20-07-18 at 11:15:35:070 Recived 06 02 02 1E 00 1C 
20-07-18 at 11:15:35:085 Send 06 
20-07-18 at 11:15:35:109 now clear port error ...
20-07-18 at 11:15:35:109 now write to port ...
20-07-18 at 11:15:35:243 ... done
20-07-18 at 11:15:35:268 Send 05 
20-07-18 at 11:15:35:283 Recived 15 
20-07-18 at 11:15:35:283 Send 06 
20-07-18 at 11:15:35:298 Send 02 06 1A 1E 00 00 00 79 7B 
20-07-18 at 11:15:35:313 Recived 06 02 09 1A 00 1E 00 00 00 00 00 00 0D 
20-07-18 at 11:15:35:328 Send 06 
20-07-18 at 11:15:37:584 Cardreader  Антонов Сергей 
20-07-18 at 11:15:37:587 Send 05 
20-07-18 at 11:15:37:603 Recived 15 
20-07-18 at 11:15:37:603 Send 06 
20-07-18 at 11:15:37:618 Send 02 20 1E 1E 00 00 00 02 1E 00 02 CA E0 F1 F1 E8 F0 20 C0 ED F2 EE ED EE E2 20 D1 E5 F0 E3 E5 E9 20 00 D7 
20-07-18 at 11:15:37:636 Recived 06 02 02 1E 00 1C 
20-07-18 at 11:15:37:651 Send 06 
20-07-18 at 11:15:37:659 now clear port error ...
20-07-18 at 11:15:37:659 now write to port ...
20-07-18 at 11:15:37:792 ... done
20-07-18 at 11:15:38:596 Send 05 
20-07-18 at 11:15:38:611 Recived 15 
20-07-18 at 11:15:38:611 Send 06 
20-07-18 at 11:15:38:626 Send 02 06 FF 39 1E 00 00 00 DE 
20-07-18 at 11:15:38:641 Recived 06 02 10 FF 39 00 00 00 00 00 00 00 00 00 00 00 00 00 00 D6 
20-07-18 at 11:15:38:656 Send 06 
20-07-18 at 11:15:45:080  Нажата клавиша F10.
20-07-18 at 11:16:17:689 Запуск программы. Инициализация считана из файла
20-07-18 at 11:16:17:690 Чек загружен.
20-07-18 at 11:16:17:691 total calculated
20-07-18 at 11:16:17:691 now show on display
20-07-18 at 11:16:17:691                     Всего:       1032.50
20-07-18 at 11:16:17:691 now open port for display
20-07-18 at 11:16:17:692 Com port opened
20-07-18 at 11:16:17:692 now clear port error ...
20-07-18 at 11:16:17:692 now write to port ...
20-07-18 at 11:16:17:826 ... done
20-07-18 at 11:16:17:826 Чек сжат
20-07-18 at 11:16:17:826 Сумма чека посчитана
20-07-18 at 11:16:17:827 Кардридер создан
20-07-18 at 11:16:17:827 Задание запуска модулей создано
20-07-18 at 11:16:17:828 Сканер создан
20-07-18 at 11:16:17:829 Регистратор создан
20-07-18 at 11:16:17:829 Часы созданы
20-07-18 at 11:16:17:830 Регистратор запущен
20-07-18 at 11:16:17:830 Сканер запущен
20-07-18 at 11:16:17:830 Часы запущены
20-07-18 at 11:16:17:830 Кардридер запущен
20-07-18 at 11:16:17:831 Передача данных запущена
20-07-18 at 11:16:17:832 Вход в FRInit
20-07-18 at 11:16:17:833 Вход в GetStatus
20-07-18 at 11:16:17:853 Send 05 
20-07-18 at 11:16:17:868 Recived 15 
20-07-18 at 11:16:17:868 Send 06 
20-07-18 at 11:16:17:883 Send 02 05 11 1E 00 00 00 0A 
20-07-18 at 11:16:17:898 Recived 06 02 30 11 00 1E 43 31 1C B3 14 0C 11 01 F3 00 B2 02 02 00 00 4E 41 00 00 01 01 10 14 07 12 0B 10 12 00 2E 5D 00 00 39 00 00 00 00 00 EF 95 10 42 01 00 DF 
20-07-18 at 11:16:17:913 Send 06 
20-07-18 at 11:16:17:918 KKMStatus 0000
20-07-18 at 11:16:17:928 Send 05 
20-07-18 at 11:16:17:943 Recived 15 
20-07-18 at 11:16:17:943 Send 06 
20-07-18 at 11:16:17:958 Send 02 05 11 1E 00 00 00 0A 
20-07-18 at 11:16:17:973 Recived 06 02 30 11 00 1E 43 31 1C B3 14 0C 11 01 F3 00 B2 02 02 00 00 4E 41 00 00 01 01 10 14 07 12 0B 10 12 00 2E 5D 00 00 39 00 00 00 00 00 EF 95 10 42 01 00 DF 
20-07-18 at 11:16:17:988 Send 06 
20-07-18 at 11:16:17:993 KKMStatus 0200
20-07-18 at 11:16:17:993 Номер ФР считан
20-07-18 at 11:16:18:147 СУБД подключена
20-07-18 at 11:16:18:160 Send 05 
20-07-18 at 11:16:18:175 Recived 15 
20-07-18 at 11:16:18:175 Send 06 
20-07-18 at 11:16:18:190 Send 02 17 1E 1E 00 00 00 05 03 00 01 CA 41 D0 D2 CE C9 20 56 49 53 41 2F 4D 43 92 
20-07-18 at 11:16:18:206 Recived 06 02 02 1E 00 1C 
20-07-18 at 11:16:18:221 Send 06 
20-07-18 at 11:16:18:236 Send 05 
20-07-18 at 11:16:18:251 Recived 15 
20-07-18 at 11:16:18:251 Send 06 
20-07-18 at 11:16:18:266 Send 02 18 1E 1E 00 00 00 05 04 00 01 C4 D0 D3 C3 C8 CC C8 20 CA C0 D0 D2 C0 CC C8 3C 
20-07-18 at 11:16:18:282 Recived 06 02 02 1E 00 1C 
20-07-18 at 11:16:18:297 Send 06 
20-07-18 at 11:16:18:312 Send 05 
20-07-18 at 11:16:18:327 Recived 15 
20-07-18 at 11:16:18:327 Send 06 
20-07-18 at 11:16:18:342 Send 02 0A 1E 1E 00 00 00 01 01 00 01 01 0A 
20-07-18 at 11:16:18:357 Recived 06 02 02 1E 00 1C 
20-07-18 at 11:16:18:372 Send 06 
20-07-18 at 11:16:18:387 Send 05 
20-07-18 at 11:16:18:402 Recived 15 
20-07-18 at 11:16:18:402 Send 06 
20-07-18 at 11:16:18:417 Send 02 0A 1E 1E 00 00 00 01 01 00 05 02 0D 
20-07-18 at 11:16:18:432 Recived 06 02 02 1E 00 1C 
20-07-18 at 11:16:18:447 Send 06 
20-07-18 at 11:16:18:462 Send 05 
20-07-18 at 11:16:18:477 Recived 15 
20-07-18 at 11:16:18:477 Send 06 
20-07-18 at 11:16:18:492 Send 02 0A 1E 1E 00 00 00 01 01 00 23 01 28 
20-07-18 at 11:16:18:507 Recived 06 02 02 1E 00 1C 
20-07-18 at 11:16:18:522 Send 06 
20-07-18 at 11:16:18:537 Send 05 
20-07-18 at 11:16:18:552 Recived 15 
20-07-18 at 11:16:18:552 Send 06 
20-07-18 at 11:16:18:567 Send 02 0A 1E 1E 00 00 00 01 01 00 06 00 0C 
20-07-18 at 11:16:18:582 Recived 06 02 02 1E 00 1C 
20-07-18 at 11:16:18:597 Send 06 
20-07-18 at 11:16:18:612 Send 05 
20-07-18 at 11:16:18:627 Recived 15 
20-07-18 at 11:16:18:627 Send 06 
20-07-18 at 11:16:18:642 Send 02 0A 1E 1E 00 00 00 01 01 00 07 01 0C 
20-07-18 at 11:16:18:657 Recived 06 02 02 1E 00 1C 
20-07-18 at 11:16:18:672 Send 06 
20-07-18 at 11:16:18:687 Send 05 
20-07-18 at 11:16:18:702 Recived 15 
20-07-18 at 11:16:18:702 Send 06 
20-07-18 at 11:16:18:717 Send 02 0A 1E 1E 00 00 00 01 01 00 14 01 1F 
20-07-18 at 11:16:18:732 Recived 06 02 02 1E 00 1C 
20-07-18 at 11:16:18:747 Send 06 
20-07-18 at 11:16:18:762 Send 05 
20-07-18 at 11:16:18:777 Recived 15 
20-07-18 at 11:16:18:777 Send 06 
20-07-18 at 11:16:18:792 Send 02 0A 1E 1E 00 00 00 01 01 00 15 01 1E 
20-07-18 at 11:16:18:807 Recived 06 02 02 1E 00 1C 
20-07-18 at 11:16:18:822 Send 06 
20-07-18 at 11:16:18:837 Send 05 
20-07-18 at 11:16:18:852 Recived 15 
20-07-18 at 11:16:18:852 Send 06 
20-07-18 at 11:16:18:867 Send 02 0A 1E 1E 00 00 00 01 01 00 0F 00 05 
20-07-18 at 11:16:18:882 Recived 06 02 02 1E 00 1C 
20-07-18 at 11:16:18:897 Send 06 
20-07-18 at 11:16:18:912 Send 05 
20-07-18 at 11:16:18:927 Recived 15 
20-07-18 at 11:16:18:927 Send 06 
20-07-18 at 11:16:18:942 Send 02 0A 1E 1E 00 00 00 01 01 00 11 00 1B 
20-07-18 at 11:16:18:957 Recived 06 02 02 1E 00 1C 
20-07-18 at 11:16:18:972 Send 06 
20-07-18 at 11:16:18:987 Send 05 
20-07-18 at 11:16:19:002 Recived 15 
20-07-18 at 11:16:19:002 Send 06 
20-07-18 at 11:16:19:017 Send 02 0A 1E 1E 00 00 00 11 01 00 03 02 1B 
20-07-18 at 11:16:19:032 Recived 06 02 02 1E 00 1C 
20-07-18 at 11:16:19:047 Send 06 
20-07-18 at 11:16:19:062 Send 05 
20-07-18 at 11:16:19:077 Recived 15 
20-07-18 at 11:16:19:077 Send 06 
20-07-18 at 11:16:19:092 Send 02 0A 1E 1E 00 00 00 01 01 00 29 01 22 
20-07-18 at 11:16:19:107 Recived 06 02 02 1E 00 1C 
20-07-18 at 11:16:19:122 Send 06 
20-07-18 at 11:16:19:137 Send 05 
20-07-18 at 11:16:19:152 Recived 15 
20-07-18 at 11:16:19:152 Send 06 
20-07-18 at 11:16:19:167 Send 02 26 1E 1E 00 00 00 04 0C 00 01 20 20 20 20 20 20 20 20 20 20 20 C4 CE C1 D0 CE 20 CF CE C6 C0 CB CE C2 C0 D2 DC 21 00 D5 
20-07-18 at 11:16:19:185 Recived 06 02 02 1E 00 1C 
20-07-18 at 11:16:19:200 Send 06 
20-07-18 at 11:16:19:215 Send 05 
20-07-18 at 11:16:19:230 Recived 15 
20-07-18 at 11:16:19:230 Send 06 
20-07-18 at 11:16:19:245 Send 02 29 1E 1E 00 00 00 04 0D 00 01 20 20 20 20 20 20 20 20 CE CE CE 20 CA EE EC EF E0 ED E8 FF 20 27 CA CE CB CE D0 CB CE CD 27 00 CB 
20-07-18 at 11:16:19:263 Recived 06 02 02 1E 00 1C 
20-07-18 at 11:16:19:278 Send 06 
20-07-18 at 11:16:19:293 Send 05 
20-07-18 at 11:16:19:308 Recived 15 
20-07-18 at 11:16:19:308 Send 06 
20-07-18 at 11:16:19:323 Send 02 2D 1E 1E 00 00 00 04 0E 00 01 20 20 20 20 20 CC E0 E3 E0 E7 E8 ED 20 27 C2 F1 E5 20 F2 EE E2 E0 F0 FB 20 E4 EB FF 20 E4 EE EC E0 27 20 00 DE 
20-07-18 at 11:16:19:341 Recived 06 02 02 1E 00 1C 
20-07-18 at 11:16:19:356 Send 06 
20-07-18 at 11:16:19:389 now clear port error ...
20-07-18 at 11:16:19:390 now write to port ...
20-07-18 at 11:16:19:523 ... done
20-07-18 at 11:16:19:551 Send 05 
20-07-18 at 11:16:19:566 Recived 15 
20-07-18 at 11:16:19:566 Send 06 
20-07-18 at 11:16:19:581 Send 02 06 1A 1E 00 00 00 79 7B 
20-07-18 at 11:16:19:596 Recived 06 02 09 1A 00 1E 00 00 00 00 00 00 0D 
20-07-18 at 11:16:19:611 Send 06 
20-07-18 at 11:16:21:820 Cardreader  Антонов Сергей 
20-07-18 at 11:16:21:835 Send 05 
20-07-18 at 11:16:21:852 Recived 15 
20-07-18 at 11:16:21:852 Send 06 
20-07-18 at 11:16:21:867 Send 02 20 1E 1E 00 00 00 02 1E 00 02 CA E0 F1 F1 E8 F0 20 C0 ED F2 EE ED EE E2 20 D1 E5 F0 E3 E5 E9 20 00 D7 
20-07-18 at 11:16:21:885 Recived 06 02 02 1E 00 1C 
20-07-18 at 11:16:21:900 Send 06 
20-07-18 at 11:16:21:905 now clear port error ...
20-07-18 at 11:16:21:905 now write to port ...
20-07-18 at 11:16:22:038 ... done
20-07-18 at 11:16:22:830 Send 05 
20-07-18 at 11:16:22:845 Recived 15 
20-07-18 at 11:16:22:845 Send 06 
20-07-18 at 11:16:22:860 Send 02 06 FF 39 1E 00 00 00 DE 
20-07-18 at 11:16:22:875 Recived 06 02 10 FF 39 00 00 00 00 00 00 00 00 00 00 00 00 00 00 D6 
20-07-18 at 11:16:22:890 Send 06 
20-07-18 at 11:16:24:318  Нажата клавиша F10.
20-07-18 at 11:16:28:931 114
20-07-18 at 11:16:28:931 014
20-07-18 at 11:16:28:931 115
20-07-18 at 11:16:28:931 015
20-07-18 at 11:16:28:933 total calculated
20-07-18 at 11:16:28:934 now show on display
20-07-18 at 11:16:28:935                     Всего:       1032.50
20-07-18 at 11:16:28:935 now clear port error ...
20-07-18 at 11:16:28:935 now write to port ...
20-07-18 at 11:16:29:069 ... done
20-07-18 at 11:16:29:086 now clear port error ...
20-07-18 at 11:16:29:086 now write to port ...
20-07-18 at 11:16:29:241 ... done
20-07-18 at 11:16:29:241 now clear port error ...
20-07-18 at 11:16:29:241 now write to port ...
20-07-18 at 11:16:29:412 ... done
20-07-18 at 11:16:39:038 now clear port error ...
20-07-18 at 11:16:39:039 now write to port ...
20-07-18 at 11:16:39:172 ... done
20-07-18 at 11:16:39:173 116
20-07-18 at 11:16:39:174 016
20-07-18 at 11:17:22:738  Нажата клавиша Ctrl+B
20-07-18 at 11:17:22:739 114
20-07-18 at 11:17:22:739 014
20-07-18 at 11:17:22:739 115
20-07-18 at 11:17:22:740 015
20-07-18 at 11:17:22:741 total calculated
20-07-18 at 11:17:22:744 now show on display
20-07-18 at 11:17:22:745                     Всего:       1032.50
20-07-18 at 11:17:22:745 now clear port error ...
20-07-18 at 11:17:22:745 now write to port ...
20-07-18 at 11:17:22:879 ... done
20-07-18 at 11:17:22:890 now clear port error ...
20-07-18 at 11:17:22:891 now write to port ...
20-07-18 at 11:17:23:051 ... done
20-07-18 at 11:17:23:051 now clear port error ...
20-07-18 at 11:17:23:051 now write to port ...
20-07-18 at 11:17:23:222 ... done
20-07-18 at 11:19:47:570 now clear port error ...
20-07-18 at 11:19:47:570 now write to port ...
20-07-18 at 11:19:47:704 ... done
20-07-18 at 11:20:04:052 116
20-07-18 at 11:20:04:052 016
20-07-18 at 11:20:08:280  Нажата клавиша F10.
20-07-18 at 11:20:08:280 114
20-07-18 at 11:20:08:280 014
20-07-18 at 11:20:08:281 115
20-07-18 at 11:20:08:281 015
20-07-18 at 11:20:08:282 total calculated
20-07-18 at 11:20:08:285 now show on display
20-07-18 at 11:20:08:286                     Всего:       1032.50
20-07-18 at 11:20:08:286 now clear port error ...
20-07-18 at 11:20:08:286 now write to port ...
20-07-18 at 11:20:08:420 ... done
20-07-18 at 11:20:08:431 now clear port error ...
20-07-18 at 11:20:08:432 now write to port ...
20-07-18 at 11:20:08:592 ... done
20-07-18 at 11:20:08:592 now clear port error ...
20-07-18 at 11:20:08:592 now write to port ...
20-07-18 at 11:20:08:763 ... done
20-07-18 at 11:44:14:293 Запуск программы. Инициализация считана из файла
20-07-18 at 11:44:14:294 Чек загружен.
20-07-18 at 11:44:14:294 Чек загружен.
20-07-18 at 11:44:14:295 total calculated
20-07-18 at 11:44:14:296 now show on display
20-07-18 at 11:44:14:296                     Всего:       1032.50
20-07-18 at 11:44:14:296 now open port for display
20-07-18 at 11:44:14:297 Com port opened
20-07-18 at 11:44:14:297 now clear port error ...
20-07-18 at 11:44:14:297 now write to port ...
20-07-18 at 11:44:14:431 ... done
20-07-18 at 11:44:14:431 Чек сжат
20-07-18 at 11:44:14:431 Сумма чека посчитана
20-07-18 at 11:44:14:431 Кардридер создан
20-07-18 at 11:44:14:432 Задание запуска модулей создано
20-07-18 at 11:44:14:432 Сканер создан
20-07-18 at 11:44:14:432 Регистратор создан
20-07-18 at 11:44:14:432 Часы созданы
20-07-18 at 11:44:14:433 Регистратор запущен
20-07-18 at 11:44:14:433 Сканер запущен
20-07-18 at 11:44:14:434 Часы запущены
20-07-18 at 11:44:14:434 Кардридер запущен
20-07-18 at 11:44:14:434 Передача данных запущена
20-07-18 at 11:44:14:434 Вход в FRInit
20-07-18 at 11:44:14:434 Вход в GetStatus
20-07-18 at 11:44:14:449 Send 05 
20-07-18 at 11:44:14:464 Recived 15 
20-07-18 at 11:44:14:464 Send 06 
20-07-18 at 11:44:14:479 Send 02 05 11 1E 00 00 00 0A 
20-07-18 at 11:44:14:494 Recived 06 02 30 11 00 1E 43 31 1C B3 14 0C 11 01 F3 00 B2 02 02 00 00 4E 41 00 00 01 01 10 14 07 12 0B 2C 0E 00 2E 5D 00 00 39 00 00 00 00 00 EF 95 10 42 01 00 FF 
20-07-18 at 11:44:14:509 Send 06 
20-07-18 at 11:44:14:510 KKMStatus 0000
20-07-18 at 11:44:14:524 Send 05 
20-07-18 at 11:44:14:539 Recived 15 
20-07-18 at 11:44:14:539 Send 06 
20-07-18 at 11:44:14:554 Send 02 05 11 1E 00 00 00 0A 
20-07-18 at 11:44:14:569 Recived 06 02 30 11 00 1E 43 31 1C B3 14 0C 11 01 F3 00 B2 02 02 00 00 4E 41 00 00 01 01 10 14 07 12 0B 2C 0E 00 2E 5D 00 00 39 00 00 00 00 00 EF 95 10 42 01 00 FF 
20-07-18 at 11:44:14:584 Send 06 
20-07-18 at 11:44:14:585 KKMStatus 0200
20-07-18 at 11:44:14:585 Номер ФР считан
20-07-18 at 11:44:14:726 СУБД подключена
20-07-18 at 11:44:14:739 Send 05 
20-07-18 at 11:44:14:754 Recived 15 
20-07-18 at 11:44:14:754 Send 06 
20-07-18 at 11:44:14:769 Send 02 17 1E 1E 00 00 00 05 03 00 01 CA 41 D0 D2 CE C9 20 56 49 53 41 2F 4D 43 92 
20-07-18 at 11:44:14:785 Recived 06 02 02 1E 00 1C 
20-07-18 at 11:44:14:800 Send 06 
20-07-18 at 11:44:14:815 Send 05 
20-07-18 at 11:44:14:830 Recived 15 
20-07-18 at 11:44:14:830 Send 06 
20-07-18 at 11:44:14:845 Send 02 18 1E 1E 00 00 00 05 04 00 01 C4 D0 D3 C3 C8 CC C8 20 CA C0 D0 D2 C0 CC C8 3C 
20-07-18 at 11:44:14:861 Recived 06 02 02 1E 00 1C 
20-07-18 at 11:44:14:876 Send 06 
20-07-18 at 11:44:14:891 Send 05 
20-07-18 at 11:44:14:906 Recived 15 
20-07-18 at 11:44:14:906 Send 06 
20-07-18 at 11:44:14:921 Send 02 0A 1E 1E 00 00 00 01 01 00 01 01 0A 
20-07-18 at 11:44:14:936 Recived 06 02 02 1E 00 1C 
20-07-18 at 11:44:14:951 Send 06 
20-07-18 at 11:44:14:966 Send 05 
20-07-18 at 11:44:14:981 Recived 15 
20-07-18 at 11:44:14:981 Send 06 
20-07-18 at 11:44:14:996 Send 02 0A 1E 1E 00 00 00 01 01 00 05 02 0D 
20-07-18 at 11:44:15:011 Recived 06 02 02 1E 00 1C 
20-07-18 at 11:44:15:026 Send 06 
20-07-18 at 11:44:15:041 Send 05 
20-07-18 at 11:44:15:056 Recived 15 
20-07-18 at 11:44:15:056 Send 06 
20-07-18 at 11:44:15:071 Send 02 0A 1E 1E 00 00 00 01 01 00 23 01 28 
20-07-18 at 11:44:15:086 Recived 06 02 02 1E 00 1C 
20-07-18 at 11:44:15:101 Send 06 
20-07-18 at 11:44:15:116 Send 05 
20-07-18 at 11:44:15:131 Recived 15 
20-07-18 at 11:44:15:131 Send 06 
20-07-18 at 11:44:15:146 Send 02 0A 1E 1E 00 00 00 01 01 00 06 00 0C 
20-07-18 at 11:44:15:161 Recived 06 02 02 1E 00 1C 
20-07-18 at 11:44:15:176 Send 06 
20-07-18 at 11:44:15:191 Send 05 
20-07-18 at 11:44:15:206 Recived 15 
20-07-18 at 11:44:15:206 Send 06 
20-07-18 at 11:44:15:221 Send 02 0A 1E 1E 00 00 00 01 01 00 07 01 0C 
20-07-18 at 11:44:15:236 Recived 06 02 02 1E 00 1C 
20-07-18 at 11:44:15:251 Send 06 
20-07-18 at 11:44:15:266 Send 05 
20-07-18 at 11:44:15:281 Recived 15 
20-07-18 at 11:44:15:281 Send 06 
20-07-18 at 11:44:15:296 Send 02 0A 1E 1E 00 00 00 01 01 00 14 01 1F 
20-07-18 at 11:44:15:311 Recived 06 02 02 1E 00 1C 
20-07-18 at 11:44:15:326 Send 06 
20-07-18 at 11:44:15:341 Send 05 
20-07-18 at 11:44:15:356 Recived 15 
20-07-18 at 11:44:15:356 Send 06 
20-07-18 at 11:44:15:371 Send 02 0A 1E 1E 00 00 00 01 01 00 15 01 1E 
20-07-18 at 11:44:15:386 Recived 06 02 02 1E 00 1C 
20-07-18 at 11:44:15:401 Send 06 
20-07-18 at 11:44:15:416 Send 05 
20-07-18 at 11:44:15:431 Recived 15 
20-07-18 at 11:44:15:431 Send 06 
20-07-18 at 11:44:15:446 Send 02 0A 1E 1E 00 00 00 01 01 00 0F 00 05 
20-07-18 at 11:44:15:461 Recived 06 02 02 1E 00 1C 
20-07-18 at 11:44:15:476 Send 06 
20-07-18 at 11:44:15:491 Send 05 
20-07-18 at 11:44:15:506 Recived 15 
20-07-18 at 11:44:15:506 Send 06 
20-07-18 at 11:44:15:521 Send 02 0A 1E 1E 00 00 00 01 01 00 11 00 1B 
20-07-18 at 11:44:15:536 Recived 06 02 02 1E 00 1C 
20-07-18 at 11:44:15:551 Send 06 
20-07-18 at 11:44:15:566 Send 05 
20-07-18 at 11:44:15:581 Recived 15 
20-07-18 at 11:44:15:581 Send 06 
20-07-18 at 11:44:15:596 Send 02 0A 1E 1E 00 00 00 11 01 00 03 02 1B 
20-07-18 at 11:44:15:611 Recived 06 02 02 1E 00 1C 
20-07-18 at 11:44:15:626 Send 06 
20-07-18 at 11:44:15:641 Send 05 
20-07-18 at 11:44:15:656 Recived 15 
20-07-18 at 11:44:15:656 Send 06 
20-07-18 at 11:44:15:671 Send 02 0A 1E 1E 00 00 00 01 01 00 29 01 22 
20-07-18 at 11:44:15:686 Recived 06 02 02 1E 00 1C 
20-07-18 at 11:44:15:701 Send 06 
20-07-18 at 11:44:15:716 Send 05 
20-07-18 at 11:44:15:731 Recived 15 
20-07-18 at 11:44:15:731 Send 06 
20-07-18 at 11:44:15:746 Send 02 26 1E 1E 00 00 00 04 0C 00 01 20 20 20 20 20 20 20 20 20 20 20 C4 CE C1 D0 CE 20 CF CE C6 C0 CB CE C2 C0 D2 DC 21 00 D5 
20-07-18 at 11:44:15:764 Recived 06 02 02 1E 00 1C 
20-07-18 at 11:44:15:779 Send 06 
20-07-18 at 11:44:15:794 Send 05 
20-07-18 at 11:44:15:809 Recived 15 
20-07-18 at 11:44:15:809 Send 06 
20-07-18 at 11:44:15:824 Send 02 29 1E 1E 00 00 00 04 0D 00 01 20 20 20 20 20 20 20 20 CE CE CE 20 CA EE EC EF E0 ED E8 FF 20 27 CA CE CB CE D0 CB CE CD 27 00 CB 
20-07-18 at 11:44:15:842 Recived 06 02 02 1E 00 1C 
20-07-18 at 11:44:15:857 Send 06 
20-07-18 at 11:44:15:872 Send 05 
20-07-18 at 11:44:15:887 Recived 15 
20-07-18 at 11:44:15:887 Send 06 
20-07-18 at 11:44:15:902 Send 02 2D 1E 1E 00 00 00 04 0E 00 01 20 20 20 20 20 CC E0 E3 E0 E7 E8 ED 20 27 C2 F1 E5 20 F2 EE E2 E0 F0 FB 20 E4 EB FF 20 E4 EE EC E0 27 20 00 DE 
20-07-18 at 11:44:15:920 Recived 06 02 02 1E 00 1C 
20-07-18 at 11:44:15:935 Send 06 
20-07-18 at 11:44:15:954 now clear port error ...
20-07-18 at 11:44:15:954 now write to port ...
20-07-18 at 11:44:16:088 ... done
20-07-18 at 11:44:16:115 Send 05 
20-07-18 at 11:44:16:130 Recived 15 
20-07-18 at 11:44:16:130 Send 06 
20-07-18 at 11:44:16:145 Send 02 06 1A 1E 00 00 00 79 7B 
20-07-18 at 11:44:16:160 Recived 06 02 09 1A 00 1E 00 00 00 00 00 00 0D 
20-07-18 at 11:44:16:175 Send 06 
20-07-18 at 11:44:18:629 Cardreader  Антонов Сергей 
20-07-18 at 11:44:18:641 Send 05 
20-07-18 at 11:44:18:656 Recived 15 
20-07-18 at 11:44:18:656 Send 06 
20-07-18 at 11:44:18:672 Send 02 20 1E 1E 00 00 00 02 1E 00 02 CA E0 F1 F1 E8 F0 20 C0 ED F2 EE ED EE E2 20 D1 E5 F0 E3 E5 E9 20 00 D7 
20-07-18 at 11:44:18:689 Recived 06 02 02 1E 00 1C 
20-07-18 at 11:44:18:704 Send 06 
20-07-18 at 11:44:18:714 now clear port error ...
20-07-18 at 11:44:18:714 now write to port ...
20-07-18 at 11:44:18:847 ... done
20-07-18 at 11:44:19:634 Send 05 
20-07-18 at 11:44:19:649 Recived 15 
20-07-18 at 11:44:19:649 Send 06 
20-07-18 at 11:44:19:664 Send 02 06 FF 39 1E 00 00 00 DE 
20-07-18 at 11:44:19:679 Recived 06 02 10 FF 39 00 00 00 00 00 00 00 00 00 00 00 00 00 00 D6 
20-07-18 at 11:44:19:694 Send 06 
20-07-18 at 11:44:25:811  Нажата клавиша F10.
20-07-18 at 11:44:25:811 114
20-07-18 at 11:44:25:811 014
20-07-18 at 11:44:25:811 115
20-07-18 at 11:44:25:812 015
20-07-18 at 11:44:25:812 total calculated
20-07-18 at 11:44:25:816 now show on display
20-07-18 at 11:44:25:816                     Всего:       1032.50
20-07-18 at 11:44:25:816 now clear port error ...
20-07-18 at 11:44:25:817 now write to port ...
20-07-18 at 11:44:25:950 ... done
20-07-18 at 11:44:25:966 now clear port error ...
20-07-18 at 11:44:25:966 now write to port ...
20-07-18 at 11:44:26:122 ... done
20-07-18 at 11:44:26:123 now clear port error ...
20-07-18 at 11:44:26:123 now write to port ...
20-07-18 at 11:44:26:294 ... done
20-07-18 at 11:45:12:417 now clear port error ...
20-07-18 at 11:45:12:417 now write to port ...
20-07-18 at 11:45:12:552 ... done
20-07-18 at 11:45:12:567 Send 05 
20-07-18 at 11:45:12:582 Recived 15 
20-07-18 at 11:45:12:582 Send 06 
20-07-18 at 11:45:12:597 Send 02 06 28 1E 00 00 00 00 30 
20-07-18 at 11:45:12:612 Recived 06 02 03 28 00 1E 35 
20-07-18 at 11:45:12:627 Send 06 
20-07-18 at 11:45:12:628 Вход в FRInit
20-07-18 at 11:45:12:628 Вход в GetStatus
20-07-18 at 11:45:12:642 Send 05 
20-07-18 at 11:45:12:657 Recived 15 
20-07-18 at 11:45:12:657 Send 06 
20-07-18 at 11:45:12:672 Send 02 05 11 1E 00 00 00 0A 
20-07-18 at 11:45:12:687 Recived 06 02 30 11 00 1E 43 31 1C B3 14 0C 11 01 F3 00 B2 02 02 00 00 4E 41 00 00 01 01 10 14 07 12 0B 2D 0C 00 2E 5D 00 00 39 00 00 00 00 00 EF 95 10 42 01 00 FC 
20-07-18 at 11:45:12:702 Send 06 
20-07-18 at 11:45:12:703 KKMStatus 0000
20-07-18 at 11:45:12:717 Send 05 
20-07-18 at 11:45:12:732 Recived 15 
20-07-18 at 11:45:12:732 Send 06 
20-07-18 at 11:45:12:747 Send 02 06 8D 1E 00 00 00 00 95 
20-07-18 at 11:45:12:762 Recived 06 
20-07-18 at 11:45:12:777 Recived 02 03 8D 00 1E 90 
20-07-18 at 11:45:12:792 Send 06 
20-07-18 at 11:45:12:807 Send 05 
20-07-18 at 11:45:12:822 Recived 15 
20-07-18 at 11:45:12:822 Send 06 
20-07-18 at 11:45:12:837 Send 02 0A C2 1E 00 00 00 48 7B 1C 85 15 69 
20-07-18 at 11:45:12:852 Recived 06 02 03 C2 00 1E DF 
20-07-18 at 11:45:12:867 Send 06 
20-07-18 at 11:45:12:882 Send 05 
20-07-18 at 11:45:12:897 Recived 15 
20-07-18 at 11:45:12:897 Send 06 
20-07-18 at 11:45:12:912 Send 02 2E 17 1E 00 00 00 03 3D 3D 3D 3D 3D 3D 3D 3D 3D 3D 3D 3D 3D 3D 3D 3D 3D 3D 3D 3D 3D 3D 3D 3D 3D 3D 3D 3D 3D 3D 3D 3D 3D 3D 3D 3D 3D 3D 3D 3D 24 
20-07-18 at 11:45:12:931 Recived 06 02 03 17 00 1E 0A 
20-07-18 at 11:45:12:946 Send 06 
20-07-18 at 11:45:12:961 Send 05 
20-07-18 at 11:45:12:976 Recived 15 
20-07-18 at 11:45:12:976 Send 06 
20-07-18 at 11:45:12:991 Send 02 2E 17 1E 00 00 00 03 20 20 20 20 20 20 20 D7 C5 CA 20 30 32 2D 33 38 35 34 2D 31 38 30 37 2D 32 30 31 31 2D 34 35 31 32 00 00 00 00 00 00 00 FA 
20-07-18 at 11:45:13:010 Recived 06 02 03 17 00 1E 0A 
20-07-18 at 11:45:13:025 Send 06 
20-07-18 at 11:45:13:040 Send 05 
20-07-18 at 11:45:13:055 Recived 15 
20-07-18 at 11:45:13:055 Send 06 
20-07-18 at 11:45:13:070 Send 02 2E 17 1E 00 00 00 03 3D 3D 3D 3D 3D 3D 3D 3D 3D 3D 3D 3D 3D 3D 3D 3D 3D 3D 3D 3D 3D 3D 3D 3D 3D 3D 3D 3D 3D 3D 3D 3D 3D 3D 3D 3D 3D 3D 3D 3D 24 
20-07-18 at 11:45:13:089 Recived 06 02 03 17 00 1E 0A 
20-07-18 at 11:45:13:104 Send 06 
20-07-18 at 11:45:13:119 Send 05 
20-07-18 at 11:45:13:134 Recived 15 
20-07-18 at 11:45:13:134 Send 06 
20-07-18 at 11:45:13:149 Send 02 3C 80 1E 00 00 00 E8 03 00 00 00 BC 02 00 00 00 00 02 00 00 00 2F 2F 32 38 35 36 30 32 38 30 34 31 34 31 20 52 55 32 35 31 39 34 20 D2 C5 D2 D0 C0 C4 DC 20 31 32 20 CB 2E 2C 20 CA 00 27 
20-07-18 at 11:45:13:168 Recived 06 02 03 80 00 1E 9D 
20-07-18 at 11:45:13:183 Send 06 
20-07-18 at 11:45:13:198 Send 05 
20-07-18 at 11:45:13:213 Recived 15 
20-07-18 at 11:45:13:213 Send 06 
20-07-18 at 11:45:13:228 Send 02 3C 80 1E 00 00 00 E8 03 00 00 00 B8 88 00 00 00 00 01 00 00 00 2F 2F 32 38 30 37 31 30 33 30 32 30 31 38 20 2A 20 CE E1 EE E8 20 CF E0 EB E8 F2 F0 E0 20 36 30 36 33 2D 32 38 20 20 00 95 
20-07-18 at 11:45:13:247 Recived 06 02 03 80 00 1E 9D 
20-07-18 at 11:45:13:262 Send 06 
20-07-18 at 11:45:13:277 Send 05 
20-07-18 at 11:45:13:292 Recived 15 
20-07-18 at 11:45:13:292 Send 06 
20-07-18 at 11:45:13:307 Send 02 3C 80 1E 00 00 00 E8 03 00 00 00 DE 07 01 00 00 00 01 00 00 00 2F 2F 32 38 30 31 31 30 31 30 39 30 38 36 20 D8 D2 CE D0 C0 20 20 30 31 33 34 35 2D 31 37 37 20 4F 4E 20 4C 4F 4F 50 00 5A 
20-07-18 at 11:45:13:326 Recived 06 02 03 80 00 1E 9D 
20-07-18 at 11:45:13:341 Send 06 
20-07-18 at 11:45:13:356 Send 05 
20-07-18 at 11:45:13:371 Recived 15 
20-07-18 at 11:45:13:371 Send 06 
20-07-18 at 11:45:13:386 Send 02 2E 17 1E 00 00 00 03 32 38 35 36 30 32 38 30 34 31 34 31 20 52 55 32 35 31 39 34 20 D2 C5 D2 D0 C0 C4 DC 20 31 32 20 CB 2E 2C 20 00 00 00 00 3C 
20-07-18 at 11:45:13:405 Recived 06 02 03 17 00 1E 0A 
20-07-18 at 11:45:13:420 Send 06 
20-07-18 at 11:45:13:435 Send 05 
20-07-18 at 11:45:13:450 Recived 15 
20-07-18 at 11:45:13:450 Send 06 
20-07-18 at 11:45:13:465 Send 02 2E 17 1E 00 00 00 03 CA CB 2E 20 CF CE CB 2E 20 4D 49 43 4B 45 59 20 46 4F 4F 54 42 41 4C 4C 20 2F 32 35 2F 33 30 30 2F 20 20 20 28 F8 F2 29 DE 
20-07-18 at 11:45:13:484 Recived 06 02 03 17 00 1E 0A 
20-07-18 at 11:45:13:499 Send 06 
20-07-18 at 11:45:13:514 Send 05 
20-07-18 at 11:45:13:529 Recived 15 
20-07-18 at 11:45:13:529 Send 06 
20-07-18 at 11:45:13:544 Send 02 2E 17 1E 00 00 00 03 20 20 20 20 20 20 20 20 20 20 20 20 20 20 20 20 20 20 20 20 20 20 20 20 20 20 20 20 31 2E 30 30 30 20 58 20 37 2E 30 30 4A 
20-07-18 at 11:45:13:563 Recived 06 02 03 17 00 1E 0A 
20-07-18 at 11:45:13:578 Send 06 
20-07-18 at 11:45:13:593 Send 05 
20-07-18 at 11:45:13:608 Recived 15 
20-07-18 at 11:45:13:608 Send 06 
20-07-18 at 11:45:13:623 Send 02 2E 17 1E 00 00 00 03 D1 F3 EC EC E0 2C E2 20 F2 2E F7 2E CD C4 D1 20 31 30 25 20 20 20 20 20 20 20 20 20 20 20 20 20 20 20 3D 20 37 2E 30 30 F5 
20-07-18 at 11:45:13:642 Recived 06 02 03 17 00 1E 0A 
20-07-18 at 11:45:13:657 Send 06 
20-07-18 at 11:45:13:672 Send 05 
20-07-18 at 11:45:13:687 Recived 15 
20-07-18 at 11:45:13:687 Send 06 
20-07-18 at 11:45:13:702 Send 02 2E 17 1E 00 00 00 03 32 38 30 37 31 30 33 30 32 30 31 38 20 2A 20 CE E1 EE E8 20 CF E0 EB E8 F2 F0 E0 20 36 30 36 33 2D 32 38 20 00 00 00 00 E9 
20-07-18 at 11:45:13:721 Recived 06 02 03 17 00 1E 0A 
20-07-18 at 11:45:13:736 Send 06 
20-07-18 at 11:45:13:751 Send 05 
20-07-18 at 11:45:13:766 Recived 15 
20-07-18 at 11:45:13:766 Send 06 
20-07-18 at 11:45:13:781 Send 02 2E 17 1E 00 00 00 03 F5 31 32 20 E2 E8 ED E8 EB 20 30 2C 35 33 2A 31 30 2C 30 35 EC 20 20 20 20 20 20 20 20 20 20 20 20 20 20 20 28 F8 F2 29 E9 
20-07-18 at 11:45:13:800 Recived 06 02 03 17 00 1E 0A 
20-07-18 at 11:45:13:815 Send 06 
20-07-18 at 11:45:13:830 Send 05 
20-07-18 at 11:45:13:845 Recived 15 
20-07-18 at 11:45:13:845 Send 06 
20-07-18 at 11:45:13:860 Send 02 2E 17 1E 00 00 00 03 20 20 20 20 20 20 20 20 20 20 20 20 20 20 20 20 20 20 20 20 20 20 20 20 20 20 31 2E 30 30 30 20 58 20 33 35 30 2E 30 30 4B 
20-07-18 at 11:45:13:879 Recived 06 02 03 17 00 1E 0A 
20-07-18 at 11:45:13:894 Send 06 
20-07-18 at 11:45:13:909 Send 05 
20-07-18 at 11:45:13:924 Recived 15 
20-07-18 at 11:45:13:924 Send 06 
20-07-18 at 11:45:13:939 Send 02 2E 17 1E 00 00 00 03 D1 F3 EC EC E0 2C E2 20 F2 2E F7 2E CD C4 D1 20 31 38 25 20 20 20 20 20 20 20 20 20 20 20 20 20 3D 20 33 35 30 2E 30 30 FC 
20-07-18 at 11:45:13:958 Recived 06 02 03 17 00 1E 0A 
20-07-18 at 11:45:13:973 Send 06 
20-07-18 at 11:45:13:988 Send 05 
20-07-18 at 11:45:14:003 Recived 15 
20-07-18 at 11:45:14:003 Send 06 
20-07-18 at 11:45:14:018 Send 02 2E 17 1E 00 00 00 03 32 38 30 31 31 30 31 30 39 30 38 36 20 D8 D2 CE D0 C0 20 30 31 33 34 35 2D 31 37 37 20 4F 4E 20 4C 4F 4F 50 53 20 00 00 BD 
20-07-18 at 11:45:14:037 Recived 06 02 03 17 00 1E 0A 
20-07-18 at 11:45:14:052 Send 06 
20-07-18 at 11:45:14:067 Send 05 
20-07-18 at 11:45:14:082 Recived 15 
20-07-18 at 11:45:14:082 Send 06 
20-07-18 at 11:45:14:097 Send 02 2E 17 1E 00 00 00 03 31 34 35 2A 32 39 30 20 20 20 20 20 20 20 20 20 20 20 20 20 20 20 20 20 20 20 20 20 20 20 20 20 20 20 20 20 28 F8 F2 29 2E 
20-07-18 at 11:45:14:116 Recived 06 02 03 17 00 1E 0A 
20-07-18 at 11:45:14:131 Send 06 
20-07-18 at 11:45:14:146 Send 05 
20-07-18 at 11:45:14:161 Recived 15 
20-07-18 at 11:45:14:161 Send 06 
20-07-18 at 11:45:14:176 Send 02 2E 17 1E 00 00 00 03 20 20 20 20 20 20 20 20 20 20 20 20 20 20 20 20 20 20 20 20 20 20 20 20 20 20 31 2E 30 30 30 20 58 20 36 37 35 2E 35 30 4C 
20-07-18 at 11:45:14:195 Recived 06 02 03 17 00 1E 0A 
20-07-18 at 11:45:14:210 Send 06 
20-07-18 at 11:45:14:225 Send 05 
20-07-18 at 11:45:14:240 Recived 15 
20-07-18 at 11:45:14:240 Send 06 
20-07-18 at 11:45:14:255 Send 02 2E 17 1E 00 00 00 03 D1 F3 EC EC E0 2C E2 20 F2 2E F7 2E CD C4 D1 20 31 38 25 20 20 20 20 20 20 20 20 20 20 20 20 20 3D 20 36 37 35 2E 35 30 FB 
20-07-18 at 11:45:14:274 Recived 06 02 03 17 00 1E 0A 
20-07-18 at 11:45:14:289 Send 06 
20-07-18 at 11:45:14:304 Send 05 
20-07-18 at 11:45:14:319 Recived 15 
20-07-18 at 11:45:14:319 Send 06 
20-07-18 at 11:45:14:334 Send 02 2E 17 1E 00 00 00 03 00 00 00 00 00 00 00 00 00 00 00 00 00 00 00 00 00 00 00 00 00 00 00 00 00 00 00 00 00 00 00 00 00 00 00 00 00 00 00 00 24 
20-07-18 at 11:45:14:353 Recived 06 02 03 17 00 1E 0A 
20-07-18 at 11:45:14:368 Send 06 
20-07-18 at 11:45:14:383 Send 05 
20-07-18 at 11:45:14:398 Recived 15 
20-07-18 at 11:45:14:398 Send 06 
20-07-18 at 11:45:14:413 Send 02 2E 17 1E 00 00 00 03 3D 3D 3D 3D 3D 3D 3D 3D 3D 3D 3D 3D 3D 3D 3D 3D 3D 3D 3D 3D 3D 3D 3D 3D 3D 3D 3D 3D 3D 3D 3D 3D 3D 3D 3D 3D 3D 3D 3D 3D 24 
20-07-18 at 11:45:14:432 Recived 06 02 03 17 00 1E 0A 
20-07-18 at 11:45:14:447 Send 06 
20-07-18 at 11:45:14:462 Send 05 
20-07-18 at 11:45:14:477 Recived 15 
20-07-18 at 11:45:14:477 Send 06 
20-07-18 at 11:45:14:492 Send 02 2E 17 1E 00 00 00 03 20 00 00 00 00 00 00 00 00 00 00 00 00 00 00 00 00 00 00 00 00 00 00 00 00 00 00 00 00 00 00 00 00 00 00 00 00 00 00 00 04 
20-07-18 at 11:45:14:511 Recived 06 02 03 17 00 1E 0A 
20-07-18 at 11:45:14:526 Send 06 
20-07-18 at 11:45:14:541 Send 05 
20-07-18 at 11:45:14:556 Recived 15 
20-07-18 at 11:45:14:556 Send 06 
20-07-18 at 11:45:14:571 Send 02 2E 17 1E 00 00 00 03 20 20 20 20 CE EF EB E0 F2 E0 20 EF F0 E8 ED FF F2 E0 20 F1 20 E1 EB E0 E3 EE E4 E0 F0 ED EE F1 F2 FC FE 00 00 00 00 00 2B 
20-07-18 at 11:45:14:590 Recived 06 02 03 17 00 1E 0A 
20-07-18 at 11:45:14:605 Send 06 
20-07-18 at 11:45:14:620 Send 05 
20-07-18 at 11:45:14:635 Recived 15 
20-07-18 at 11:45:14:635 Send 06 
20-07-18 at 11:45:14:650 Send 02 2E 17 1E 00 00 00 03 20 20 C6 E4 E5 EC 20 E2 E0 F1 20 E5 E6 E5 E4 ED E5 E2 ED EE 20 F1 20 39 2E 30 30 20 E4 EE 20 32 32 2E 30 30 00 00 00 00 D5 
20-07-18 at 11:45:14:669 Recived 06 02 03 17 00 1E 0A 
20-07-18 at 11:45:14:684 Send 06 
20-07-18 at 11:45:14:699 Send 05 
20-07-18 at 11:45:14:714 Recived 15 
20-07-18 at 11:45:14:714 Send 06 
20-07-18 at 11:45:14:729 Send 02 2E 17 1E 00 00 00 03 20 20 20 20 EF EE 20 E0 E4 F0 E5 F1 F3 3A 36 33 30 30 32 37 2C E3 2E CD EE E2 EE F1 E8 E1 E8 F0 F1 EA 2C 00 00 00 00 00 35 
20-07-18 at 11:45:14:748 Recived 06 02 03 17 00 1E 0A 
20-07-18 at 11:45:14:763 Send 06 
20-07-18 at 11:45:14:778 Send 05 
20-07-18 at 11:45:14:793 Recived 15 
20-07-18 at 11:45:14:793 Send 06 
20-07-18 at 11:45:14:808 Send 02 2E 17 1E 00 00 00 03 F3 EB 2E D2 EE EB EC E0 F7 E5 E2 F1 EA E0 FF 2C 20 31 39 E0 20 EA 2E 32 2C 20 F2 E5 EB 2E 3A 33 36 33 2D 30 35 2D 30 35 DD 
20-07-18 at 11:45:14:827 Recived 06 02 03 17 00 1E 0A 
20-07-18 at 11:45:14:842 Send 06 
20-07-18 at 11:45:14:857 Send 05 
20-07-18 at 11:45:14:872 Recived 15 
20-07-18 at 11:45:14:872 Send 06 
20-07-18 at 11:45:14:887 Send 02 47 85 1E 00 00 00 32 00 00 00 00 00 00 00 00 00 00 00 00 00 00 20 93 01 00 00 32 00 00 00 00 00 20 00 00 00 00 00 00 00 00 00 00 00 00 00 00 00 00 00 00 00 00 00 00 00 00 00 00 00 00 00 00 00 00 00 00 00 00 00 00 00 4E 
20-07-18 at 11:45:14:908 Recived 06 
20-07-18 at 11:45:15:088 Recived 02 08 85 00 1E 32 00 00 00 00 A1 
20-07-18 at 11:45:15:103 Send 06 
20-07-18 at 11:45:15:108 WAIT_OBJECT_0
20-07-18 at 11:45:15:128 WritePresent
20-07-18 at 11:45:15:129 UpdateCentralCounts
20-07-18 at 11:45:15:213 UpdateCentralCounts
20-07-18 at 11:45:15:213 ActivateGiftCards(PresentGrid)
20-07-18 at 11:45:15:213 ActivateGiftCards(Grid)
20-07-18 at 11:45:15:213 GiftCardDoPayments
20-07-18 at 11:45:15:213 GiftCardClearPayments
20-07-18 at 11:45:15:214 Попытка очистки таблицы
20-07-18 at 11:45:15:214 Попытка очистки успешна
20-07-18 at 11:45:15:214 Попытка очистки таблицы
20-07-18 at 11:45:15:214 Попытка очистки успешна
20-07-18 at 11:45:15:214 total calculated
20-07-18 at 11:45:15:214 now show on display
20-07-18 at 11:45:15:214                     Всего:          0.00
20-07-18 at 11:45:15:215 now clear port error ...
20-07-18 at 11:45:15:215 now write to port ...
20-07-18 at 11:45:15:348 ... done
20-07-18 at 11:45:15:349 now clear port error ...
20-07-18 at 11:45:15:349 now write to port ...
20-07-18 at 11:45:15:520 ... done
20-07-18 at 11:45:15:521 116
20-07-18 at 11:45:15:521 016
20-07-18 at 11:45:50:661 total calculated
20-07-18 at 11:45:50:662 now show on display
20-07-18 at 11:45:50:662                     Всего:          0.00
20-07-18 at 11:45:50:662 now clear port error ...
20-07-18 at 11:45:50:662 now write to port ...
20-07-18 at 11:45:50:796 ... done
20-07-18 at 11:45:50:796 total calculated
20-07-18 at 11:45:50:796 now show on display
20-07-18 at 11:45:50:797                     Всего:          0.00
20-07-18 at 11:45:50:797 now clear port error ...
20-07-18 at 11:45:50:797 now write to port ...
20-07-18 at 11:45:50:968 ... done
20-07-18 at 11:45:50:970 111
20-07-18 at 11:45:50:970 Выход из программы
20-07-18 at 11:46:55:833 Запуск программы. Инициализация считана из файла
20-07-18 at 11:46:55:833 Чек загружен.
20-07-18 at 11:46:55:834 total calculated
20-07-18 at 11:46:55:834 now show on display
20-07-18 at 11:46:55:834                     Всего:          0.00
20-07-18 at 11:46:55:834 now open port for display
20-07-18 at 11:46:55:835 Com port opened
20-07-18 at 11:46:55:835 now clear port error ...
20-07-18 at 11:46:55:835 now write to port ...
20-07-18 at 11:46:55:968 ... done
20-07-18 at 11:46:55:969 Чек сжат
20-07-18 at 11:46:55:969 Сумма чека посчитана
20-07-18 at 11:46:55:969 Кардридер создан
20-07-18 at 11:46:55:969 Задание запуска модулей создано
20-07-18 at 11:46:55:969 Сканер создан
20-07-18 at 11:46:55:970 Регистратор создан
20-07-18 at 11:46:55:970 Часы созданы
20-07-18 at 11:46:55:970 Регистратор запущен
20-07-18 at 11:46:55:971 Сканер запущен
20-07-18 at 11:46:55:971 Часы запущены
20-07-18 at 11:46:55:971 Кардридер запущен
20-07-18 at 11:46:55:971 Передача данных запущена
20-07-18 at 11:46:55:972 Вход в FRInit
20-07-18 at 11:46:55:972 Вход в GetStatus
20-07-18 at 11:46:55:986 Send 05 
20-07-18 at 11:46:56:001 Recived 15 
20-07-18 at 11:46:56:001 Send 06 
20-07-18 at 11:46:56:016 Send 02 05 11 1E 00 00 00 0A 
20-07-18 at 11:46:56:031 Recived 06 02 30 11 00 1E 43 31 1C B3 14 0C 11 01 F4 00 B2 02 02 00 00 4E 41 00 00 01 01 10 14 07 12 0B 2E 38 00 2E 5D 00 00 39 00 00 00 00 00 EF 95 10 42 01 00 CC 
20-07-18 at 11:46:56:046 Send 06 
20-07-18 at 11:46:56:051 KKMStatus 0000
20-07-18 at 11:46:56:061 Send 05 
20-07-18 at 11:46:56:076 Recived 15 
20-07-18 at 11:46:56:076 Send 06 
20-07-18 at 11:46:56:091 Send 02 05 11 1E 00 00 00 0A 
20-07-18 at 11:46:56:106 Recived 06 02 30 11 00 1E 43 31 1C B3 14 0C 11 01 F4 00 B2 02 02 00 00 4E 41 00 00 01 01 10 14 07 12 0B 2E 38 00 2E 5D 00 00 39 00 00 00 00 00 EF 95 10 42 01 00 CC 
20-07-18 at 11:46:56:121 Send 06 
20-07-18 at 11:46:56:126 KKMStatus 0200
20-07-18 at 11:46:56:126 Номер ФР считан
20-07-18 at 11:46:56:279 СУБД подключена
20-07-18 at 11:46:56:294 Send 05 
20-07-18 at 11:46:56:309 Recived 15 
20-07-18 at 11:46:56:309 Send 06 
20-07-18 at 11:46:56:324 Send 02 17 1E 1E 00 00 00 05 03 00 01 CA 41 D0 D2 CE C9 20 56 49 53 41 2F 4D 43 92 
20-07-18 at 11:46:56:340 Recived 06 02 02 1E 00 1C 
20-07-18 at 11:46:56:355 Send 06 
20-07-18 at 11:46:56:370 Send 05 
20-07-18 at 11:46:56:385 Recived 15 
20-07-18 at 11:46:56:385 Send 06 
20-07-18 at 11:46:56:400 Send 02 18 1E 1E 00 00 00 05 04 00 01 C4 D0 D3 C3 C8 CC C8 20 CA C0 D0 D2 C0 CC C8 3C 
20-07-18 at 11:46:56:416 Recived 06 02 02 1E 00 1C 
20-07-18 at 11:46:56:431 Send 06 
20-07-18 at 11:46:56:446 Send 05 
20-07-18 at 11:46:56:461 Recived 15 
20-07-18 at 11:46:56:461 Send 06 
20-07-18 at 11:46:56:476 Send 02 0A 1E 1E 00 00 00 01 01 00 01 01 0A 
20-07-18 at 11:46:56:491 Recived 06 02 02 1E 00 1C 
20-07-18 at 11:46:56:506 Send 06 
20-07-18 at 11:46:56:521 Send 05 
20-07-18 at 11:46:56:536 Recived 15 
20-07-18 at 11:46:56:536 Send 06 
20-07-18 at 11:46:56:551 Send 02 0A 1E 1E 00 00 00 01 01 00 05 02 0D 
20-07-18 at 11:46:56:566 Recived 06 02 02 1E 00 1C 
20-07-18 at 11:46:56:581 Send 06 
20-07-18 at 11:46:56:596 Send 05 
20-07-18 at 11:46:56:611 Recived 15 
20-07-18 at 11:46:56:611 Send 06 
20-07-18 at 11:46:56:626 Send 02 0A 1E 1E 00 00 00 01 01 00 23 01 28 
20-07-18 at 11:46:56:641 Recived 06 02 02 1E 00 1C 
20-07-18 at 11:46:56:656 Send 06 
20-07-18 at 11:46:56:671 Send 05 
20-07-18 at 11:46:56:686 Recived 15 
20-07-18 at 11:46:56:686 Send 06 
20-07-18 at 11:46:56:701 Send 02 0A 1E 1E 00 00 00 01 01 00 06 00 0C 
20-07-18 at 11:46:56:716 Recived 06 02 02 1E 00 1C 
20-07-18 at 11:46:56:731 Send 06 
20-07-18 at 11:46:56:746 Send 05 
20-07-18 at 11:46:56:761 Recived 15 
20-07-18 at 11:46:56:761 Send 06 
20-07-18 at 11:46:56:776 Send 02 0A 1E 1E 00 00 00 01 01 00 07 01 0C 
20-07-18 at 11:46:56:791 Recived 06 02 02 1E 00 1C 
20-07-18 at 11:46:56:806 Send 06 
20-07-18 at 11:46:56:821 Send 05 
20-07-18 at 11:46:56:836 Recived 15 
20-07-18 at 11:46:56:836 Send 06 
20-07-18 at 11:46:56:851 Send 02 0A 1E 1E 00 00 00 01 01 00 14 01 1F 
20-07-18 at 11:46:56:866 Recived 06 02 02 1E 00 1C 
20-07-18 at 11:46:56:881 Send 06 
20-07-18 at 11:46:56:896 Send 05 
20-07-18 at 11:46:56:911 Recived 15 
20-07-18 at 11:46:56:911 Send 06 
20-07-18 at 11:46:56:926 Send 02 0A 1E 1E 00 00 00 01 01 00 15 01 1E 
20-07-18 at 11:46:56:941 Recived 06 02 02 1E 00 1C 
20-07-18 at 11:46:56:956 Send 06 
20-07-18 at 11:46:56:971 Send 05 
20-07-18 at 11:46:56:986 Recived 15 
20-07-18 at 11:46:56:986 Send 06 
20-07-18 at 11:46:57:001 Send 02 0A 1E 1E 00 00 00 01 01 00 0F 00 05 
20-07-18 at 11:46:57:016 Recived 06 02 02 1E 00 1C 
20-07-18 at 11:46:57:031 Send 06 
20-07-18 at 11:46:57:046 Send 05 
20-07-18 at 11:46:57:061 Recived 15 
20-07-18 at 11:46:57:061 Send 06 
20-07-18 at 11:46:57:076 Send 02 0A 1E 1E 00 00 00 01 01 00 11 00 1B 
20-07-18 at 11:46:57:091 Recived 06 02 02 1E 00 1C 
20-07-18 at 11:46:57:106 Send 06 
20-07-18 at 11:46:57:121 Send 05 
20-07-18 at 11:46:57:136 Recived 15 
20-07-18 at 11:46:57:136 Send 06 
20-07-18 at 11:46:57:151 Send 02 0A 1E 1E 00 00 00 11 01 00 03 02 1B 
20-07-18 at 11:46:57:166 Recived 06 02 02 1E 00 1C 
20-07-18 at 11:46:57:181 Send 06 
20-07-18 at 11:46:57:196 Send 05 
20-07-18 at 11:46:57:211 Recived 15 
20-07-18 at 11:46:57:211 Send 06 
20-07-18 at 11:46:57:226 Send 02 0A 1E 1E 00 00 00 01 01 00 29 01 22 
20-07-18 at 11:46:57:241 Recived 06 02 02 1E 00 1C 
20-07-18 at 11:46:57:256 Send 06 
20-07-18 at 11:46:57:271 Send 05 
20-07-18 at 11:46:57:286 Recived 15 
20-07-18 at 11:46:57:286 Send 06 
20-07-18 at 11:46:57:301 Send 02 26 1E 1E 00 00 00 04 0C 00 01 20 20 20 20 20 20 20 20 20 20 20 C4 CE C1 D0 CE 20 CF CE C6 C0 CB CE C2 C0 D2 DC 21 00 D5 
20-07-18 at 11:46:57:319 Recived 06 02 02 1E 00 1C 
20-07-18 at 11:46:57:334 Send 06 
20-07-18 at 11:46:57:349 Send 05 
20-07-18 at 11:46:57:364 Recived 15 
20-07-18 at 11:46:57:364 Send 06 
20-07-18 at 11:46:57:379 Send 02 29 1E 1E 00 00 00 04 0D 00 01 20 20 20 20 20 20 20 20 CE CE CE 20 CA EE EC EF E0 ED E8 FF 20 27 CA CE CB CE D0 CB CE CD 27 00 CB 
20-07-18 at 11:46:57:397 Recived 06 02 02 1E 00 1C 
20-07-18 at 11:46:57:412 Send 06 
20-07-18 at 11:46:57:427 Send 05 
20-07-18 at 11:46:57:442 Recived 15 
20-07-18 at 11:46:57:442 Send 06 
20-07-18 at 11:46:57:457 Send 02 2D 1E 1E 00 00 00 04 0E 00 01 20 20 20 20 20 CC E0 E3 E0 E7 E8 ED 20 27 C2 F1 E5 20 F2 EE E2 E0 F0 FB 20 E4 EB FF 20 E4 EE EC E0 27 20 00 DE 
20-07-18 at 11:46:57:475 Recived 06 02 02 1E 00 1C 
20-07-18 at 11:46:57:490 Send 06 
20-07-18 at 11:46:57:523 now clear port error ...
20-07-18 at 11:46:57:524 now write to port ...
20-07-18 at 11:46:57:657 ... done
20-07-18 at 11:46:57:685 Send 05 
20-07-18 at 11:46:57:700 Recived 15 
20-07-18 at 11:46:57:700 Send 06 
20-07-18 at 11:46:57:715 Send 02 06 1A 1E 00 00 00 79 7B 
20-07-18 at 11:46:57:730 Recived 06 02 09 1A 00 1E 52 93 01 00 00 00 CD 
20-07-18 at 11:46:57:745 Send 06 
20-07-18 at 11:47:00:067 Cardreader  Антонов Сергей 
20-07-18 at 11:47:00:080 Send 05 
20-07-18 at 11:47:00:100 Recived 15 
20-07-18 at 11:47:00:101 Send 06 
20-07-18 at 11:47:00:116 Send 02 20 1E 1E 00 00 00 02 1E 00 02 CA E0 F1 F1 E8 F0 20 C0 ED F2 EE ED EE E2 20 D1 E5 F0 E3 E5 E9 20 00 D7 
20-07-18 at 11:47:00:134 Recived 06 02 02 1E 00 1C 
20-07-18 at 11:47:00:149 Send 06 
20-07-18 at 11:47:00:158 now clear port error ...
20-07-18 at 11:47:00:158 now write to port ...
20-07-18 at 11:47:00:292 ... done
20-07-18 at 11:47:01:079 Send 05 
20-07-18 at 11:47:01:094 Recived 15 
20-07-18 at 11:47:01:094 Send 06 
20-07-18 at 11:47:01:109 Send 02 06 FF 39 1E 00 00 00 DE 
20-07-18 at 11:47:01:124 Recived 06 02 10 FF 39 00 00 00 00 00 00 00 00 00 00 00 00 00 00 D6 
20-07-18 at 11:47:01:139 Send 06 
20-07-18 at 11:47:15:084 114
20-07-18 at 11:47:15:084 014
20-07-18 at 11:47:15:084 114
20-07-18 at 11:47:15:085 014
20-07-18 at 11:47:15:085 Попытка очистки таблицы
20-07-18 at 11:47:15:085 Попытка очистки успешна
20-07-18 at 11:47:15:086 total calculated
20-07-18 at 11:47:15:086 now show on display
20-07-18 at 11:47:15:086                     Всего:          0.00
20-07-18 at 11:47:15:087 now clear port error ...
20-07-18 at 11:47:15:087 now write to port ...
20-07-18 at 11:47:15:220 ... done
20-07-18 at 11:47:15:221 114
20-07-18 at 11:47:15:221 014
20-07-18 at 11:47:15:221 114
20-07-18 at 11:47:15:221 014
20-07-18 at 11:47:15:222 114
20-07-18 at 11:47:15:222 014
20-07-18 at 11:47:15:222 114
20-07-18 at 11:47:15:223 014
20-07-18 at 11:47:15:223 114
20-07-18 at 11:47:15:223 014
20-07-18 at 11:47:15:223 114
20-07-18 at 11:47:15:223 014
20-07-18 at 11:47:15:224 114
20-07-18 at 11:47:15:224 014
20-07-18 at 11:47:15:224 114
20-07-18 at 11:47:15:224 014
20-07-18 at 11:47:15:225 114
20-07-18 at 11:47:15:225 014
20-07-18 at 11:47:15:225 114
20-07-18 at 11:47:15:225 014
20-07-18 at 11:47:15:226 114
20-07-18 at 11:47:15:226 014
20-07-18 at 11:47:15:226 114
20-07-18 at 11:47:15:226 014
20-07-18 at 11:47:15:227 114
20-07-18 at 11:47:15:227 014
20-07-18 at 11:47:15:235 114
20-07-18 at 11:47:15:235 014
20-07-18 at 11:47:15:235 101
20-07-18 at 11:47:15:236 001
20-07-18 at 11:47:15:236 total calculated
20-07-18 at 11:47:15:252 now show on display
20-07-18 at 11:47:15:252 RU25194 ТЕТРАДЬ 1  7Всего:          7.00
20-07-18 at 11:47:15:252 now clear port error ...
20-07-18 at 11:47:15:252 now write to port ...
20-07-18 at 11:47:15:392 ... done
20-07-18 at 11:47:15:493 114
20-07-18 at 11:47:15:493 014
20-07-18 at 11:47:15:493 114
20-07-18 at 11:47:15:493 014
20-07-18 at 11:47:15:495 total calculated
20-07-18 at 11:47:15:498 now show on display
20-07-18 at 11:47:15:498 RU25194 ТЕТРАДЬ 1  7Всего:          7.00
20-07-18 at 11:47:15:499 now clear port error ...
20-07-18 at 11:47:15:499 now write to port ...
20-07-18 at 11:47:15:632 ... done
20-07-18 at 11:47:15:633 114
20-07-18 at 11:47:15:633 014
20-07-18 at 11:47:15:633 114
20-07-18 at 11:47:15:633 014
20-07-18 at 11:47:15:633 114
20-07-18 at 11:47:15:633 014
20-07-18 at 11:47:15:633 114
20-07-18 at 11:47:15:633 014
20-07-18 at 11:47:15:634 114
20-07-18 at 11:47:15:634 014
20-07-18 at 11:47:15:634 114
20-07-18 at 11:47:15:634 014
20-07-18 at 11:47:15:634 114
20-07-18 at 11:47:15:634 014
20-07-18 at 11:47:15:634 114
20-07-18 at 11:47:15:634 014
20-07-18 at 11:47:15:634 114
20-07-18 at 11:47:15:635 014
20-07-18 at 11:47:15:635 114
20-07-18 at 11:47:15:635 014
20-07-18 at 11:47:15:635 114
20-07-18 at 11:47:15:635 014
20-07-18 at 11:47:15:635 114
20-07-18 at 11:47:15:635 014
20-07-18 at 11:47:15:635 114
20-07-18 at 11:47:15:635 014
20-07-18 at 11:47:15:639 114
20-07-18 at 11:47:15:639 014
20-07-18 at 11:47:15:639 101
20-07-18 at 11:47:15:639 001
20-07-18 at 11:47:15:639 total calculated
20-07-18 at 11:47:15:644 now show on display
20-07-18 at 11:47:15:644 * Обои Палитра   350Всего:        357.00
20-07-18 at 11:47:15:644 now clear port error ...
20-07-18 at 11:47:15:644 now write to port ...
20-07-18 at 11:47:15:804 ... done
20-07-18 at 11:47:15:905 114
20-07-18 at 11:47:15:905 014
20-07-18 at 11:47:15:905 114
20-07-18 at 11:47:15:905 014
20-07-18 at 11:47:15:907 total calculated
20-07-18 at 11:47:15:911 now show on display
20-07-18 at 11:47:15:911 * Обои Палитра   350Всего:        357.00
20-07-18 at 11:47:15:911 now clear port error ...
20-07-18 at 11:47:15:912 now write to port ...
20-07-18 at 11:47:16:045 ... done
20-07-18 at 11:47:16:046 114
20-07-18 at 11:47:16:046 014
20-07-18 at 11:47:16:046 114
20-07-18 at 11:47:16:046 014
20-07-18 at 11:47:16:047 114
20-07-18 at 11:47:16:047 014
20-07-18 at 11:47:16:047 114
20-07-18 at 11:47:16:047 014
20-07-18 at 11:47:16:048 114
20-07-18 at 11:47:16:048 014
20-07-18 at 11:47:16:048 114
20-07-18 at 11:47:16:048 014
20-07-18 at 11:47:16:049 114
20-07-18 at 11:47:16:049 014
20-07-18 at 11:47:16:049 114
20-07-18 at 11:47:16:049 014
20-07-18 at 11:47:16:050 114
20-07-18 at 11:47:16:050 014
20-07-18 at 11:47:16:050 114
20-07-18 at 11:47:16:050 014
20-07-18 at 11:47:16:051 114
20-07-18 at 11:47:16:051 014
20-07-18 at 11:47:16:051 114
20-07-18 at 11:47:16:051 014
20-07-18 at 11:47:16:052 114
20-07-18 at 11:47:16:052 014
20-07-18 at 11:47:16:058 114
20-07-18 at 11:47:16:059 014
20-07-18 at 11:47:16:059 101
20-07-18 at 11:47:16:059 001
20-07-18 at 11:47:16:060 total calculated
20-07-18 at 11:47:16:067 now show on display
20-07-18 at 11:47:16:067 10775 шапочка тр  56Всего:        413.00
20-07-18 at 11:47:16:068 now clear port error ...
20-07-18 at 11:47:16:068 now write to port ...
20-07-18 at 11:47:16:217 ... done
20-07-18 at 11:47:22:503 114
20-07-18 at 11:47:22:503 014
20-07-18 at 11:47:22:575 114
20-07-18 at 11:47:22:576 014
20-07-18 at 11:47:23:455 114
20-07-18 at 11:47:23:455 014
20-07-18 at 11:47:24:823 114
20-07-18 at 11:47:24:824 014
20-07-18 at 11:47:25:071 114
20-07-18 at 11:47:25:071 014
20-07-18 at 11:47:25:072 102
20-07-18 at 11:47:25:073 002
20-07-18 at 11:47:25:073 total calculated
20-07-18 at 11:47:25:078 now show on display
20-07-18 at 11:47:25:079 10775 шапочка  56.50Всего:        413.50
20-07-18 at 11:47:25:079 now clear port error ...
20-07-18 at 11:47:25:079 now write to port ...
20-07-18 at 11:47:25:213 ... done
20-07-18 at 11:47:28:327  Нажата клавиша Ctrl+B
20-07-18 at 11:47:28:327 114
20-07-18 at 11:47:28:327 014
20-07-18 at 11:47:28:328 115
20-07-18 at 11:47:28:328 015
20-07-18 at 11:47:28:329 total calculated
20-07-18 at 11:47:28:332 now show on display
20-07-18 at 11:47:28:332 10775 шапочка  56.50Всего:        413.50
20-07-18 at 11:47:28:332 now clear port error ...
20-07-18 at 11:47:28:333 now write to port ...
20-07-18 at 11:47:28:466 ... done
20-07-18 at 11:47:28:482 now clear port error ...
20-07-18 at 11:47:28:483 now write to port ...
20-07-18 at 11:47:28:638 ... done
20-07-18 at 11:47:28:638 now clear port error ...
20-07-18 at 11:47:28:639 now write to port ...
20-07-18 at 11:47:28:810 ... done
20-07-18 at 11:47:33:057 now clear port error ...
20-07-18 at 11:47:33:058 now write to port ...
20-07-18 at 11:47:33:191 ... done
20-07-18 at 11:47:33:192 116
20-07-18 at 11:47:33:192 016
20-07-18 at 11:47:35:462  Нажата клавиша F10.
20-07-18 at 11:47:35:463 114
20-07-18 at 11:47:35:463 014
20-07-18 at 11:47:35:463 115
20-07-18 at 11:47:35:463 015
20-07-18 at 11:47:35:464 total calculated
20-07-18 at 11:47:35:468 now show on display
20-07-18 at 11:47:35:468 10775 шапочка  56.50Всего:        413.50
20-07-18 at 11:47:35:468 now clear port error ...
20-07-18 at 11:47:35:469 now write to port ...
20-07-18 at 11:47:35:602 ... done
20-07-18 at 11:47:35:614 now clear port error ...
20-07-18 at 11:47:35:614 now write to port ...
20-07-18 at 11:47:35:774 ... done
20-07-18 at 11:47:35:774 now clear port error ...
20-07-18 at 11:47:35:774 now write to port ...
20-07-18 at 11:47:35:946 ... done
20-07-18 at 11:47:35:951 now clear port error ...
20-07-18 at 11:47:35:951 now write to port ...
20-07-18 at 11:47:36:118 ... done
20-07-18 at 11:47:36:134 Send 05 
20-07-18 at 11:47:36:149 Recived 15 
20-07-18 at 11:47:36:149 Send 06 
20-07-18 at 11:47:36:164 Send 02 06 28 1E 00 00 00 00 30 
20-07-18 at 11:47:36:179 Recived 06 02 03 28 00 1E 35 
20-07-18 at 11:47:36:194 Send 06 
20-07-18 at 11:47:36:204 Вход в FRInit
20-07-18 at 11:47:36:204 Вход в GetStatus
20-07-18 at 11:47:36:209 Send 05 
20-07-18 at 11:47:36:224 Recived 15 
20-07-18 at 11:47:36:224 Send 06 
20-07-18 at 11:47:36:239 Send 02 05 11 1E 00 00 00 0A 
20-07-18 at 11:47:36:254 Recived 06 02 30 11 00 1E 43 31 1C B3 14 0C 11 01 F4 00 B2 02 02 00 00 4E 41 00 00 01 01 10 14 07 12 0B 2F 24 00 2E 5D 00 00 39 00 00 00 00 00 EF 95 10 42 01 00 D1 
20-07-18 at 11:47:36:269 Send 06 
20-07-18 at 11:47:36:279 KKMStatus 0000
20-07-18 at 11:47:36:284 Send 05 
20-07-18 at 11:47:36:299 Recived 15 
20-07-18 at 11:47:36:299 Send 06 
20-07-18 at 11:47:36:314 Send 02 06 8D 1E 00 00 00 00 95 
20-07-18 at 11:47:36:329 Recived 06 
20-07-18 at 11:47:36:344 Recived 02 03 8D 00 1E 90 
20-07-18 at 11:47:36:359 Send 06 
20-07-18 at 11:47:36:374 Send 05 
20-07-18 at 11:47:36:389 Recived 15 
20-07-18 at 11:47:36:389 Send 06 
20-07-18 at 11:47:36:404 Send 02 0A C2 1E 00 00 00 D8 7B 1C 85 15 F9 
20-07-18 at 11:47:36:419 Recived 06 02 03 C2 00 1E DF 
20-07-18 at 11:47:36:434 Send 06 
20-07-18 at 11:47:36:449 Send 05 
20-07-18 at 11:47:36:464 Recived 15 
20-07-18 at 11:47:36:464 Send 06 
20-07-18 at 11:47:36:479 Send 02 2E 17 1E 00 00 00 03 3D 3D 3D 3D 3D 3D 3D 3D 3D 3D 3D 3D 3D 3D 3D 3D 3D 3D 3D 3D 3D 3D 3D 3D 3D 3D 3D 3D 3D 3D 3D 3D 3D 3D 3D 3D 3D 3D 3D 3D 24 
20-07-18 at 11:47:36:498 Recived 06 02 03 17 00 1E 0A 
20-07-18 at 11:47:36:513 Send 06 
20-07-18 at 11:47:36:528 Send 05 
20-07-18 at 11:47:36:543 Recived 15 
20-07-18 at 11:47:36:543 Send 06 
20-07-18 at 11:47:36:558 Send 02 2E 17 1E 00 00 00 03 20 20 20 20 20 20 20 D7 C5 CA 20 30 32 2D 33 38 35 34 2D 31 38 30 37 2D 32 30 31 31 2D 34 37 33 36 00 00 00 00 00 00 00 FE 
20-07-18 at 11:47:36:577 Recived 06 02 03 17 00 1E 0A 
20-07-18 at 11:47:36:592 Send 06 
20-07-18 at 11:47:36:607 Send 05 
20-07-18 at 11:47:36:622 Recived 15 
20-07-18 at 11:47:36:622 Send 06 
20-07-18 at 11:47:36:637 Send 02 2E 17 1E 00 00 00 03 3D 3D 3D 3D 3D 3D 3D 3D 3D 3D 3D 3D 3D 3D 3D 3D 3D 3D 3D 3D 3D 3D 3D 3D 3D 3D 3D 3D 3D 3D 3D 3D 3D 3D 3D 3D 3D 3D 3D 3D 24 
20-07-18 at 11:47:36:656 Recived 06 02 03 17 00 1E 0A 
20-07-18 at 11:47:36:671 Send 06 
20-07-18 at 11:47:36:686 Send 05 
20-07-18 at 11:47:36:701 Recived 15 
20-07-18 at 11:47:36:701 Send 06 
20-07-18 at 11:47:36:716 Send 02 3C 80 1E 00 00 00 E8 03 00 00 00 BC 02 00 00 00 00 02 00 00 00 2F 2F 32 38 35 36 30 32 38 30 34 31 34 31 20 52 55 32 35 31 39 34 20 D2 C5 D2 D0 C0 C4 DC 20 31 32 20 CB 2E 2C 20 CA 00 27 
20-07-18 at 11:47:36:735 Recived 06 02 03 80 00 1E 9D 
20-07-18 at 11:47:36:750 Send 06 
20-07-18 at 11:47:36:765 Send 05 
20-07-18 at 11:47:36:780 Recived 15 
20-07-18 at 11:47:36:780 Send 06 
20-07-18 at 11:47:36:795 Send 02 3C 80 1E 00 00 00 E8 03 00 00 00 B8 88 00 00 00 00 01 00 00 00 2F 2F 32 38 30 37 31 30 33 30 32 30 31 38 20 2A 20 CE E1 EE E8 20 CF E0 EB E8 F2 F0 E0 20 36 30 36 33 2D 32 38 20 20 00 95 
20-07-18 at 11:47:36:814 Recived 06 02 03 80 00 1E 9D 
20-07-18 at 11:47:36:829 Send 06 
20-07-18 at 11:47:36:844 Send 05 
20-07-18 at 11:47:36:859 Recived 15 
20-07-18 at 11:47:36:859 Send 06 
20-07-18 at 11:47:36:874 Send 02 3C 80 1E 00 00 00 E8 03 00 00 00 12 16 00 00 00 00 02 00 00 00 2F 2F 32 38 35 33 30 32 32 30 31 30 30 30 20 31 30 37 37 35 20 F8 E0 EF EE F7 EA E0 20 F2 F0 E8 EA EE F2 2E FF F1 E5 00 6B 
20-07-18 at 11:47:36:893 Recived 06 02 03 80 00 1E 9D 
20-07-18 at 11:47:36:908 Send 06 
20-07-18 at 11:47:36:923 Send 05 
20-07-18 at 11:47:36:938 Recived 15 
20-07-18 at 11:47:36:938 Send 06 
20-07-18 at 11:47:36:953 Send 02 2E 17 1E 00 00 00 03 32 38 35 36 30 32 38 30 34 31 34 31 20 52 55 32 35 31 39 34 20 D2 C5 D2 D0 C0 C4 DC 20 31 32 20 CB 2E 2C 20 00 00 00 00 3C 
20-07-18 at 11:47:36:972 Recived 06 02 03 17 00 1E 0A 
20-07-18 at 11:47:36:987 Send 06 
20-07-18 at 11:47:37:002 Send 05 
20-07-18 at 11:47:37:017 Recived 15 
20-07-18 at 11:47:37:017 Send 06 
20-07-18 at 11:47:37:032 Send 02 2E 17 1E 00 00 00 03 CA CB 2E 20 CF CE CB 2E 20 4D 49 43 4B 45 59 20 46 4F 4F 54 42 41 4C 4C 20 2F 32 35 2F 33 30 30 2F 20 20 20 28 F8 F2 29 DE 
20-07-18 at 11:47:37:051 Recived 06 02 03 17 00 1E 0A 
20-07-18 at 11:47:37:066 Send 06 
20-07-18 at 11:47:37:081 Send 05 
20-07-18 at 11:47:37:096 Recived 15 
20-07-18 at 11:47:37:096 Send 06 
20-07-18 at 11:47:37:111 Send 02 2E 17 1E 00 00 00 03 20 20 20 20 20 20 20 20 20 20 20 20 20 20 20 20 20 20 20 20 20 20 20 20 20 20 20 20 31 2E 30 30 30 20 58 20 37 2E 30 30 4A 
20-07-18 at 11:47:37:130 Recived 06 02 03 17 00 1E 0A 
20-07-18 at 11:47:37:145 Send 06 
20-07-18 at 11:47:37:160 Send 05 
20-07-18 at 11:47:37:175 Recived 15 
20-07-18 at 11:47:37:175 Send 06 
20-07-18 at 11:47:37:190 Send 02 2E 17 1E 00 00 00 03 D1 F3 EC EC E0 2C E2 20 F2 2E F7 2E CD C4 D1 20 31 30 25 20 20 20 20 20 20 20 20 20 20 20 20 20 20 20 3D 20 37 2E 30 30 F5 
20-07-18 at 11:47:37:209 Recived 06 02 03 17 00 1E 0A 
20-07-18 at 11:47:37:224 Send 06 
20-07-18 at 11:47:37:239 Send 05 
20-07-18 at 11:47:37:254 Recived 15 
20-07-18 at 11:47:37:254 Send 06 
20-07-18 at 11:47:37:269 Send 02 2E 17 1E 00 00 00 03 32 38 30 37 31 30 33 30 32 30 31 38 20 2A 20 CE E1 EE E8 20 CF E0 EB E8 F2 F0 E0 20 36 30 36 33 2D 32 38 20 00 00 00 00 E9 
20-07-18 at 11:47:37:288 Recived 06 02 03 17 00 1E 0A 
20-07-18 at 11:47:37:303 Send 06 
20-07-18 at 11:47:37:318 Send 05 
20-07-18 at 11:47:37:333 Recived 15 
20-07-18 at 11:47:37:333 Send 06 
20-07-18 at 11:47:37:348 Send 02 2E 17 1E 00 00 00 03 F5 31 32 20 E2 E8 ED E8 EB 20 30 2C 35 33 2A 31 30 2C 30 35 EC 20 20 20 20 20 20 20 20 20 20 20 20 20 20 20 28 F8 F2 29 E9 
20-07-18 at 11:47:37:367 Recived 06 02 03 17 00 1E 0A 
20-07-18 at 11:47:37:382 Send 06 
20-07-18 at 11:47:37:397 Send 05 
20-07-18 at 11:47:37:412 Recived 15 
20-07-18 at 11:47:37:412 Send 06 
20-07-18 at 11:47:37:427 Send 02 2E 17 1E 00 00 00 03 20 20 20 20 20 20 20 20 20 20 20 20 20 20 20 20 20 20 20 20 20 20 20 20 20 20 31 2E 30 30 30 20 58 20 33 35 30 2E 30 30 4B 
20-07-18 at 11:47:37:446 Recived 06 02 03 17 00 1E 0A 
20-07-18 at 11:47:37:461 Send 06 
20-07-18 at 11:47:37:476 Send 05 
20-07-18 at 11:47:37:491 Recived 15 
20-07-18 at 11:47:37:491 Send 06 
20-07-18 at 11:47:37:506 Send 02 2E 17 1E 00 00 00 03 D1 F3 EC EC E0 2C E2 20 F2 2E F7 2E CD C4 D1 20 31 38 25 20 20 20 20 20 20 20 20 20 20 20 20 20 3D 20 33 35 30 2E 30 30 FC 
20-07-18 at 11:47:37:525 Recived 06 02 03 17 00 1E 0A 
20-07-18 at 11:47:37:540 Send 06 
20-07-18 at 11:47:37:555 Send 05 
20-07-18 at 11:47:37:570 Recived 15 
20-07-18 at 11:47:37:570 Send 06 
20-07-18 at 11:47:37:585 Send 02 2E 17 1E 00 00 00 03 32 38 35 33 30 32 32 30 31 30 30 30 20 31 30 37 37 35 20 F8 E0 EF EE F7 EA E0 20 00 00 00 00 00 00 00 00 00 00 00 00 00 D9 
20-07-18 at 11:47:37:604 Recived 06 02 03 17 00 1E 0A 
20-07-18 at 11:47:37:619 Send 06 
20-07-18 at 11:47:37:634 Send 05 
20-07-18 at 11:47:37:649 Recived 15 
20-07-18 at 11:47:37:649 Send 06 
20-07-18 at 11:47:37:664 Send 02 2E 17 1E 00 00 00 03 F2 F0 E8 EA EE F2 2E FF F1 E5 EB FC ED E0 FF 20 30 2F 36 20 EC E5 F1 20 20 20 20 20 20 20 20 20 20 20 20 20 28 F8 F2 29 E2 
20-07-18 at 11:47:37:683 Recived 06 02 03 17 00 1E 0A 
20-07-18 at 11:47:37:698 Send 06 
20-07-18 at 11:47:37:713 Send 05 
20-07-18 at 11:47:37:728 Recived 15 
20-07-18 at 11:47:37:728 Send 06 
20-07-18 at 11:47:37:743 Send 02 2E 17 1E 00 00 00 03 20 20 20 20 20 20 20 20 20 20 20 20 20 20 20 20 20 20 20 20 20 20 20 20 20 20 20 31 2E 30 30 30 20 58 20 35 36 2E 35 30 5B 
20-07-18 at 11:47:37:762 Recived 06 02 03 17 00 1E 0A 
20-07-18 at 11:47:37:777 Send 06 
20-07-18 at 11:47:37:792 Send 05 
20-07-18 at 11:47:37:807 Recived 15 
20-07-18 at 11:47:37:807 Send 06 
20-07-18 at 11:47:37:822 Send 02 2E 17 1E 00 00 00 03 D1 F3 EC EC E0 2C E2 20 F2 2E F7 2E CD C4 D1 20 31 30 25 20 20 20 20 20 20 20 20 20 20 20 20 20 20 3D 20 35 36 2E 35 30 E4 
20-07-18 at 11:47:37:841 Recived 06 02 03 17 00 1E 0A 
20-07-18 at 11:47:37:856 Send 06 
20-07-18 at 11:47:37:871 Send 05 
20-07-18 at 11:47:37:886 Recived 15 
20-07-18 at 11:47:37:886 Send 06 
20-07-18 at 11:47:37:901 Send 02 2E 17 1E 00 00 00 03 00 00 00 00 00 00 00 00 00 00 00 00 00 00 00 00 00 00 00 00 00 00 00 00 00 00 00 00 00 00 00 00 00 00 00 00 00 00 00 00 24 
20-07-18 at 11:47:37:920 Recived 06 02 03 17 00 1E 0A 
20-07-18 at 11:47:37:935 Send 06 
20-07-18 at 11:47:37:950 Send 05 
20-07-18 at 11:47:37:965 Recived 15 
20-07-18 at 11:47:37:965 Send 06 
20-07-18 at 11:47:37:980 Send 02 2E 17 1E 00 00 00 03 3D 3D 3D 3D 3D 3D 3D 3D 3D 3D 3D 3D 3D 3D 3D 3D 3D 3D 3D 3D 3D 3D 3D 3D 3D 3D 3D 3D 3D 3D 3D 3D 3D 3D 3D 3D 3D 3D 3D 3D 24 
20-07-18 at 11:47:37:999 Recived 06 02 03 17 00 1E 0A 
20-07-18 at 11:47:38:014 Send 06 
20-07-18 at 11:47:38:029 Send 05 
20-07-18 at 11:47:38:044 Recived 15 
20-07-18 at 11:47:38:044 Send 06 
20-07-18 at 11:47:38:059 Send 02 2E 17 1E 00 00 00 03 20 00 00 00 00 00 00 00 00 00 00 00 00 00 00 00 00 00 00 00 00 00 00 00 00 00 00 00 00 00 00 00 00 00 00 00 00 00 00 00 04 
20-07-18 at 11:47:38:078 Recived 06 02 03 17 00 1E 0A 
20-07-18 at 11:47:38:093 Send 06 
20-07-18 at 11:47:38:108 Send 05 
20-07-18 at 11:47:38:123 Recived 15 
20-07-18 at 11:47:38:123 Send 06 
20-07-18 at 11:47:38:138 Send 02 2E 17 1E 00 00 00 03 20 20 20 20 CE EF EB E0 F2 E0 20 EF F0 E8 ED FF F2 E0 20 F1 20 E1 EB E0 E3 EE E4 E0 F0 ED EE F1 F2 FC FE 00 00 00 00 00 2B 
20-07-18 at 11:47:38:157 Recived 06 02 03 17 00 1E 0A 
20-07-18 at 11:47:38:172 Send 06 
20-07-18 at 11:47:38:187 Send 05 
20-07-18 at 11:47:38:202 Recived 15 
20-07-18 at 11:47:38:202 Send 06 
20-07-18 at 11:47:38:217 Send 02 2E 17 1E 00 00 00 03 20 20 C6 E4 E5 EC 20 E2 E0 F1 20 E5 E6 E5 E4 ED E5 E2 ED EE 20 F1 20 39 2E 30 30 20 E4 EE 20 32 32 2E 30 30 00 00 00 00 D5 
20-07-18 at 11:47:38:236 Recived 06 02 03 17 00 1E 0A 
20-07-18 at 11:47:38:251 Send 06 
20-07-18 at 11:47:38:266 Send 05 
20-07-18 at 11:47:38:281 Recived 15 
20-07-18 at 11:47:38:281 Send 06 
20-07-18 at 11:47:38:296 Send 02 2E 17 1E 00 00 00 03 20 20 20 20 EF EE 20 E0 E4 F0 E5 F1 F3 3A 36 33 30 30 32 37 2C E3 2E CD EE E2 EE F1 E8 E1 E8 F0 F1 EA 2C 00 00 00 00 00 35 
20-07-18 at 11:47:38:315 Recived 06 02 03 17 00 1E 0A 
20-07-18 at 11:47:38:330 Send 06 
20-07-18 at 11:47:38:345 Send 05 
20-07-18 at 11:47:38:360 Recived 15 
20-07-18 at 11:47:38:360 Send 06 
20-07-18 at 11:47:38:375 Send 02 2E 17 1E 00 00 00 03 F3 EB 2E D2 EE EB EC E0 F7 E5 E2 F1 EA E0 FF 2C 20 31 39 E0 20 EA 2E 32 2C 20 F2 E5 EB 2E 3A 33 36 33 2D 30 35 2D 30 35 DD 
20-07-18 at 11:47:38:394 Recived 06 02 03 17 00 1E 0A 
20-07-18 at 11:47:38:409 Send 06 
20-07-18 at 11:47:38:424 Send 05 
20-07-18 at 11:47:38:439 Recived 15 
20-07-18 at 11:47:38:439 Send 06 
20-07-18 at 11:47:38:454 Send 02 47 85 1E 00 00 00 00 00 00 00 00 00 00 00 00 00 00 00 00 00 00 54 A1 00 00 00 32 00 00 00 00 00 20 00 00 00 00 00 00 00 00 00 00 00 00 00 00 00 00 00 00 00 00 00 00 00 00 00 00 00 00 00 00 00 00 00 00 00 00 00 00 00 3B 
20-07-18 at 11:47:38:475 Recived 06 
20-07-18 at 11:47:38:910 Recived 02 08 85 00 1E 00 00 00 00 00 93 
20-07-18 at 11:47:38:925 Send 06 
20-07-18 at 11:47:38:929 WAIT_OBJECT_0
20-07-18 at 11:47:38:949 WritePresent
20-07-18 at 11:47:38:949 UpdateCentralCounts
20-07-18 at 11:47:39:038 UpdateCentralCounts
20-07-18 at 11:47:39:038 ActivateGiftCards(PresentGrid)
20-07-18 at 11:47:39:039 ActivateGiftCards(Grid)
20-07-18 at 11:47:39:039 GiftCardDoPayments
20-07-18 at 11:47:39:039 GiftCardClearPayments
20-07-18 at 11:47:39:039 Попытка очистки таблицы
20-07-18 at 11:47:39:040 Попытка очистки успешна
20-07-18 at 11:47:39:040 Попытка очистки таблицы
20-07-18 at 11:47:39:040 Попытка очистки успешна
20-07-18 at 11:47:39:040 total calculated
20-07-18 at 11:47:39:040 now show on display
20-07-18 at 11:47:39:041                     Всего:          0.00
20-07-18 at 11:47:39:041 now clear port error ...
20-07-18 at 11:47:39:041 now write to port ...
20-07-18 at 11:47:39:174 ... done
20-07-18 at 11:47:39:175 now clear port error ...
20-07-18 at 11:47:39:175 now write to port ...
20-07-18 at 11:47:39:346 ... done
20-07-18 at 11:47:39:352 116
20-07-18 at 11:47:39:352 016
20-07-18 at 11:49:06:450 Send 05 
20-07-18 at 11:49:06:465 Recived 15 
20-07-18 at 11:49:06:465 Send 06 
20-07-18 at 11:49:06:480 Send 02 06 FF 39 1E 00 00 00 DE 
20-07-18 at 11:49:06:495 Recived 06 02 10 FF 39 00 00 00 00 00 00 00 00 00 00 00 00 00 00 D6 
20-07-18 at 11:49:06:510 Send 06 
20-07-18 at 11:51:07:635 Send 05 
20-07-18 at 11:51:07:650 Recived 15 
20-07-18 at 11:51:07:650 Send 06 
20-07-18 at 11:51:07:665 Send 02 06 FF 39 1E 00 00 00 DE 
20-07-18 at 11:51:07:680 Recived 06 02 10 FF 39 00 00 00 00 00 00 00 00 00 00 00 00 00 00 D6 
20-07-18 at 11:51:07:695 Send 06 
20-07-18 at 11:51:52:758 total calculated
20-07-18 at 11:51:52:758 now show on display
20-07-18 at 11:51:52:759                     Всего:          0.00
20-07-18 at 11:51:52:759 now clear port error ...
20-07-18 at 11:51:52:759 now write to port ...
20-07-18 at 11:51:52:893 ... done
20-07-18 at 11:51:52:893 total calculated
20-07-18 at 11:51:52:893 now show on display
20-07-18 at 11:51:52:893                     Всего:          0.00
20-07-18 at 11:51:52:894 now clear port error ...
20-07-18 at 11:51:52:894 now write to port ...
20-07-18 at 11:51:53:065 ... done
20-07-18 at 11:51:53:067 111
20-07-18 at 11:51:53:067 Выход из программы
