04-07-18 at 12:56:04:164 Запуск программы. Инициализация считана из файла
04-07-18 at 12:56:04:164 Чек загружен.
04-07-18 at 12:56:04:165 total calculated
04-07-18 at 12:56:04:165 now show on display
04-07-18 at 12:56:04:165                     Всего:          0.00
04-07-18 at 12:56:04:166 now open port for display
04-07-18 at 12:56:04:167 Com port opened
04-07-18 at 12:56:04:167 now clear port error ...
04-07-18 at 12:56:04:167 now write to port ...
04-07-18 at 12:56:04:300 ... done
04-07-18 at 12:56:04:301 Чек сжат
04-07-18 at 12:56:04:301 Сумма чека посчитана
04-07-18 at 12:56:04:301 Кардридер создан
04-07-18 at 12:56:04:301 Задание запуска модулей создано
04-07-18 at 12:56:04:302 Сканер создан
04-07-18 at 12:56:04:302 Регистратор создан
04-07-18 at 12:56:04:302 Часы созданы
04-07-18 at 12:56:04:303 Регистратор запущен
04-07-18 at 12:56:04:303 Сканер запущен
04-07-18 at 12:56:04:304 Часы запущены
04-07-18 at 12:56:04:304 Кардридер запущен
04-07-18 at 12:56:04:304 Передача данных запущена
04-07-18 at 12:56:04:305 Вход в FRInit
04-07-18 at 12:56:04:305 Вход в GetStatus
04-07-18 at 12:56:04:318 Send 05 
04-07-18 at 12:56:04:333 Recived 15 
04-07-18 at 12:56:04:333 Send 06 
04-07-18 at 12:56:04:348 Send 02 05 11 1E 00 00 00 0A 
04-07-18 at 12:56:04:363 Recived 06 02 30 11 00 1E 43 31 1C B3 14 0C 11 01 D4 00 B2 02 02 00 00 4E 41 00 00 01 01 10 04 07 12 0C 38 05 00 2E 5D 00 00 32 00 00 00 00 00 EF 95 10 42 01 00 DB 
04-07-18 at 12:56:04:393 Send 06 
04-07-18 at 12:56:04:398 KKMStatus 0000
04-07-18 at 12:56:04:408 Send 05 
04-07-18 at 12:56:04:423 Recived 15 
04-07-18 at 12:56:04:423 Send 06 
04-07-18 at 12:56:04:438 Send 02 05 11 1E 00 00 00 0A 
04-07-18 at 12:56:04:453 Recived 06 02 30 11 00 1E 43 31 1C B3 14 0C 11 01 D4 00 B2 02 02 00 00 4E 41 00 00 01 01 10 04 07 12 0C 38 05 00 2E 5D 00 00 32 00 00 00 00 00 EF 95 10 42 01 00 DB 
04-07-18 at 12:56:04:468 Send 06 
04-07-18 at 12:56:04:473 KKMStatus 0200
04-07-18 at 12:56:04:473 Номер ФР считан
04-07-18 at 12:56:04:651 СУБД подключена
04-07-18 at 12:56:04:677 Send 05 
04-07-18 at 12:56:04:692 Recived 15 
04-07-18 at 12:56:04:692 Send 06 
04-07-18 at 12:56:04:707 Send 02 17 1E 1E 00 00 00 05 03 00 01 CA 41 D0 D2 CE C9 20 56 49 53 41 2F 4D 43 92 
04-07-18 at 12:56:04:723 Recived 06 02 02 1E 00 1C 
04-07-18 at 12:56:04:738 Send 06 
04-07-18 at 12:56:04:753 Send 05 
04-07-18 at 12:56:04:768 Recived 15 
04-07-18 at 12:56:04:768 Send 06 
04-07-18 at 12:56:04:783 Send 02 18 1E 1E 00 00 00 05 04 00 01 C4 D0 D3 C3 C8 CC C8 20 CA C0 D0 D2 C0 CC C8 3C 
04-07-18 at 12:56:04:799 Recived 06 02 02 1E 00 1C 
04-07-18 at 12:56:04:814 Send 06 
04-07-18 at 12:56:04:829 Send 05 
04-07-18 at 12:56:04:844 Recived 15 
04-07-18 at 12:56:04:844 Send 06 
04-07-18 at 12:56:04:859 Send 02 0A 1E 1E 00 00 00 01 01 00 01 01 0A 
04-07-18 at 12:56:04:874 Recived 06 02 02 1E 00 1C 
04-07-18 at 12:56:04:889 Send 06 
04-07-18 at 12:56:04:904 Send 05 
04-07-18 at 12:56:04:919 Recived 15 
04-07-18 at 12:56:04:919 Send 06 
04-07-18 at 12:56:04:934 Send 02 0A 1E 1E 00 00 00 01 01 00 05 02 0D 
04-07-18 at 12:56:04:949 Recived 06 02 02 1E 00 1C 
04-07-18 at 12:56:04:964 Send 06 
04-07-18 at 12:56:04:979 Send 05 
04-07-18 at 12:56:04:994 Recived 15 
04-07-18 at 12:56:04:994 Send 06 
04-07-18 at 12:56:05:009 Send 02 0A 1E 1E 00 00 00 01 01 00 23 01 28 
04-07-18 at 12:56:05:024 Recived 06 02 02 1E 00 1C 
04-07-18 at 12:56:05:039 Send 06 
04-07-18 at 12:56:05:054 Send 05 
04-07-18 at 12:56:05:069 Recived 15 
04-07-18 at 12:56:05:069 Send 06 
04-07-18 at 12:56:05:084 Send 02 0A 1E 1E 00 00 00 01 01 00 06 00 0C 
04-07-18 at 12:56:05:099 Recived 06 02 02 1E 00 1C 
04-07-18 at 12:56:05:114 Send 06 
04-07-18 at 12:56:05:129 Send 05 
04-07-18 at 12:56:05:144 Recived 15 
04-07-18 at 12:56:05:144 Send 06 
04-07-18 at 12:56:05:159 Send 02 0A 1E 1E 00 00 00 01 01 00 07 01 0C 
04-07-18 at 12:56:05:174 Recived 06 02 02 1E 00 1C 
04-07-18 at 12:56:05:189 Send 06 
04-07-18 at 12:56:05:204 Send 05 
04-07-18 at 12:56:05:219 Recived 15 
04-07-18 at 12:56:05:219 Send 06 
04-07-18 at 12:56:05:234 Send 02 0A 1E 1E 00 00 00 01 01 00 14 01 1F 
04-07-18 at 12:56:05:249 Recived 06 02 02 1E 00 1C 
04-07-18 at 12:56:05:264 Send 06 
04-07-18 at 12:56:05:279 Send 05 
04-07-18 at 12:56:05:294 Recived 15 
04-07-18 at 12:56:05:294 Send 06 
04-07-18 at 12:56:05:309 Send 02 0A 1E 1E 00 00 00 01 01 00 15 01 1E 
04-07-18 at 12:56:05:324 Recived 06 02 02 1E 00 1C 
04-07-18 at 12:56:05:339 Send 06 
04-07-18 at 12:56:05:354 Send 05 
04-07-18 at 12:56:05:369 Recived 15 
04-07-18 at 12:56:05:369 Send 06 
04-07-18 at 12:56:05:384 Send 02 0A 1E 1E 00 00 00 01 01 00 0F 00 05 
04-07-18 at 12:56:05:399 Recived 06 02 02 1E 00 1C 
04-07-18 at 12:56:05:414 Send 06 
04-07-18 at 12:56:05:429 Send 05 
04-07-18 at 12:56:05:444 Recived 15 
04-07-18 at 12:56:05:444 Send 06 
04-07-18 at 12:56:05:459 Send 02 0A 1E 1E 00 00 00 01 01 00 11 00 1B 
04-07-18 at 12:56:05:474 Recived 06 02 02 1E 00 1C 
04-07-18 at 12:56:05:489 Send 06 
04-07-18 at 12:56:05:504 Send 05 
04-07-18 at 12:56:05:519 Recived 15 
04-07-18 at 12:56:05:519 Send 06 
04-07-18 at 12:56:05:534 Send 02 0A 1E 1E 00 00 00 11 01 00 03 02 1B 
04-07-18 at 12:56:05:549 Recived 06 02 02 1E 00 1C 
04-07-18 at 12:56:05:564 Send 06 
04-07-18 at 12:56:05:579 Send 05 
04-07-18 at 12:56:05:594 Recived 15 
04-07-18 at 12:56:05:594 Send 06 
04-07-18 at 12:56:05:609 Send 02 0A 1E 1E 00 00 00 01 01 00 29 01 22 
04-07-18 at 12:56:05:624 Recived 06 02 02 1E 00 1C 
04-07-18 at 12:56:05:639 Send 06 
04-07-18 at 12:56:05:654 Send 05 
04-07-18 at 12:56:05:669 Recived 15 
04-07-18 at 12:56:05:669 Send 06 
04-07-18 at 12:56:05:684 Send 02 26 1E 1E 00 00 00 04 0C 00 01 20 20 20 20 20 20 20 20 20 20 20 C4 CE C1 D0 CE 20 CF CE C6 C0 CB CE C2 C0 D2 DC 21 00 D5 
04-07-18 at 12:56:05:702 Recived 06 02 02 1E 00 1C 
04-07-18 at 12:56:05:732 Send 06 
04-07-18 at 12:56:05:747 Send 05 
04-07-18 at 12:56:05:762 Recived 15 
04-07-18 at 12:56:05:762 Send 06 
04-07-18 at 12:56:05:777 Send 02 29 1E 1E 00 00 00 04 0D 00 01 20 20 20 20 20 20 20 20 CE CE CE 20 CA EE EC EF E0 ED E8 FF 20 27 CA CE CB CE D0 CB CE CD 27 00 CB 
04-07-18 at 12:56:05:795 Recived 06 02 02 1E 00 1C 
04-07-18 at 12:56:05:810 Send 06 
04-07-18 at 12:56:05:825 Send 05 
04-07-18 at 12:56:05:840 Recived 15 
04-07-18 at 12:56:05:840 Send 06 
04-07-18 at 12:56:05:855 Send 02 2D 1E 1E 00 00 00 04 0E 00 01 20 20 20 20 20 CC E0 E3 E0 E7 E8 ED 20 27 C2 F1 E5 20 F2 EE E2 E0 F0 FB 20 E4 EB FF 20 E4 EE EC E0 27 20 00 DE 
04-07-18 at 12:56:05:873 Recived 06 02 02 1E 00 1C 
04-07-18 at 12:56:05:888 Send 06 
04-07-18 at 12:56:05:930 now clear port error ...
04-07-18 at 12:56:05:930 now write to port ...
04-07-18 at 12:56:06:064 ... done
04-07-18 at 12:56:06:102 Send 05 
04-07-18 at 12:56:06:117 Recived 15 
04-07-18 at 12:56:06:117 Send 06 
04-07-18 at 12:56:06:132 Send 02 06 1A 1E 00 00 00 79 7B 
04-07-18 at 12:56:06:147 Recived 06 02 09 1A 00 1E BC 02 00 00 00 00 B3 
04-07-18 at 12:56:06:162 Send 06 
04-07-18 at 12:56:10:496 Cardreader  Антонов Сергей 
04-07-18 at 12:56:10:511 Send 05 
04-07-18 at 12:56:10:528 Recived 15 
04-07-18 at 12:56:10:529 Send 06 
04-07-18 at 12:56:10:544 Send 02 20 1E 1E 00 00 00 02 1E 00 02 CA E0 F1 F1 E8 F0 20 C0 ED F2 EE ED EE E2 20 D1 E5 F0 E3 E5 E9 20 00 D7 
04-07-18 at 12:56:10:562 Recived 06 02 02 1E 00 1C 
04-07-18 at 12:56:10:577 Send 06 
04-07-18 at 12:56:10:581 now clear port error ...
04-07-18 at 12:56:10:581 now write to port ...
04-07-18 at 12:56:10:715 ... done
04-07-18 at 12:56:11:507 Send 05 
04-07-18 at 12:56:11:522 Recived 15 
04-07-18 at 12:56:11:522 Send 06 
04-07-18 at 12:56:11:537 Send 02 06 FF 39 1E 00 00 00 DE 
04-07-18 at 12:56:11:552 Recived 06 02 10 FF 39 00 00 00 00 00 00 00 00 00 00 00 00 00 00 D6 
04-07-18 at 12:56:11:567 Send 06 
04-07-18 at 12:56:13:581 114
04-07-18 at 12:56:13:581 014
04-07-18 at 12:56:13:581 114
04-07-18 at 12:56:13:582 014
04-07-18 at 12:56:13:582 Попытка очистки таблицы
04-07-18 at 12:56:13:582 Попытка очистки успешна
04-07-18 at 12:56:13:583 total calculated
04-07-18 at 12:56:13:583 now show on display
04-07-18 at 12:56:13:583                     Всего:          0.00
04-07-18 at 12:56:13:583 now clear port error ...
04-07-18 at 12:56:13:584 now write to port ...
04-07-18 at 12:56:13:717 ... done
04-07-18 at 12:56:13:718 114
04-07-18 at 12:56:13:718 014
04-07-18 at 12:56:13:718 114
04-07-18 at 12:56:13:718 014
04-07-18 at 12:56:13:719 114
04-07-18 at 12:56:13:719 014
04-07-18 at 12:56:13:719 114
04-07-18 at 12:56:13:720 014
04-07-18 at 12:56:13:720 114
04-07-18 at 12:56:13:720 014
04-07-18 at 12:56:13:720 114
04-07-18 at 12:56:13:721 014
04-07-18 at 12:56:13:721 114
04-07-18 at 12:56:13:721 014
04-07-18 at 12:56:13:721 114
04-07-18 at 12:56:13:721 014
04-07-18 at 12:56:13:722 114
04-07-18 at 12:56:13:722 014
04-07-18 at 12:56:13:722 114
04-07-18 at 12:56:13:722 014
04-07-18 at 12:56:13:723 114
04-07-18 at 12:56:13:723 014
04-07-18 at 12:56:13:723 114
04-07-18 at 12:56:13:723 014
04-07-18 at 12:56:13:724 114
04-07-18 at 12:56:13:724 014
04-07-18 at 12:56:13:724 114
04-07-18 at 12:56:13:724 014
04-07-18 at 12:56:13:733 114
04-07-18 at 12:56:13:733 014
04-07-18 at 12:56:13:733 101
04-07-18 at 12:56:13:733 001
04-07-18 at 12:56:13:734 total calculated
04-07-18 at 12:56:13:752 now show on display
04-07-18 at 12:56:13:752 ШТОРА  01345-17  675Всего:        675.00
04-07-18 at 12:56:13:752 now clear port error ...
04-07-18 at 12:56:13:753 now write to port ...
04-07-18 at 12:56:13:889 ... done
04-07-18 at 12:56:13:989 114
04-07-18 at 12:56:13:989 014
04-07-18 at 12:56:13:989 114
04-07-18 at 12:56:13:990 014
04-07-18 at 12:56:13:991 total calculated
04-07-18 at 12:56:13:995 now show on display
04-07-18 at 12:56:13:995 ШТОРА  01345-17  675Всего:        675.00
04-07-18 at 12:56:13:995 now clear port error ...
04-07-18 at 12:56:13:995 now write to port ...
04-07-18 at 12:56:14:129 ... done
04-07-18 at 12:56:14:130 114
04-07-18 at 12:56:14:130 014
04-07-18 at 12:56:14:130 114
04-07-18 at 12:56:14:130 014
04-07-18 at 12:56:14:131 114
04-07-18 at 12:56:14:131 014
04-07-18 at 12:56:14:131 114
04-07-18 at 12:56:14:132 014
04-07-18 at 12:56:14:132 114
04-07-18 at 12:56:14:132 014
04-07-18 at 12:56:14:132 114
04-07-18 at 12:56:14:133 014
04-07-18 at 12:56:14:133 114
04-07-18 at 12:56:14:133 014
04-07-18 at 12:56:14:134 114
04-07-18 at 12:56:14:134 014
04-07-18 at 12:56:14:134 114
04-07-18 at 12:56:14:134 014
04-07-18 at 12:56:14:135 114
04-07-18 at 12:56:14:135 014
04-07-18 at 12:56:14:135 114
04-07-18 at 12:56:14:136 014
04-07-18 at 12:56:14:136 114
04-07-18 at 12:56:14:136 014
04-07-18 at 12:56:14:136 114
04-07-18 at 12:56:14:137 014
04-07-18 at 12:56:14:137 114
04-07-18 at 12:56:14:137 014
04-07-18 at 12:56:14:144 114
04-07-18 at 12:56:14:145 014
04-07-18 at 12:56:14:145 101
04-07-18 at 12:56:14:145 001
04-07-18 at 12:56:14:146 total calculated
04-07-18 at 12:56:14:155 now show on display
04-07-18 at 12:56:14:155 10775 шапочка тр  56Всего:        731.00
04-07-18 at 12:56:14:155 now clear port error ...
04-07-18 at 12:56:14:156 now write to port ...
04-07-18 at 12:56:14:301 ... done
04-07-18 at 12:56:14:401 114
04-07-18 at 12:56:14:401 014
04-07-18 at 12:56:14:401 114
04-07-18 at 12:56:14:401 014
04-07-18 at 12:56:14:403 total calculated
04-07-18 at 12:56:14:407 now show on display
04-07-18 at 12:56:14:407 10775 шапочка тр  56Всего:        731.00
04-07-18 at 12:56:14:407 now clear port error ...
04-07-18 at 12:56:14:408 now write to port ...
04-07-18 at 12:56:14:541 ... done
04-07-18 at 12:56:14:542 114
04-07-18 at 12:56:14:542 014
04-07-18 at 12:56:14:542 114
04-07-18 at 12:56:14:542 014
04-07-18 at 12:56:14:543 114
04-07-18 at 12:56:14:543 014
04-07-18 at 12:56:14:543 114
04-07-18 at 12:56:14:543 014
04-07-18 at 12:56:14:544 114
04-07-18 at 12:56:14:544 014
04-07-18 at 12:56:14:544 114
04-07-18 at 12:56:14:544 014
04-07-18 at 12:56:14:545 114
04-07-18 at 12:56:14:545 014
04-07-18 at 12:56:14:545 114
04-07-18 at 12:56:14:545 014
04-07-18 at 12:56:14:546 114
04-07-18 at 12:56:14:546 014
04-07-18 at 12:56:14:546 114
04-07-18 at 12:56:14:546 014
04-07-18 at 12:56:14:547 114
04-07-18 at 12:56:14:547 014
04-07-18 at 12:56:14:547 114
04-07-18 at 12:56:14:547 014
04-07-18 at 12:56:14:548 114
04-07-18 at 12:56:14:548 014
04-07-18 at 12:56:14:548 114
04-07-18 at 12:56:14:548 014
04-07-18 at 12:56:14:555 114
04-07-18 at 12:56:14:555 014
04-07-18 at 12:56:14:556 101
04-07-18 at 12:56:14:556 001
04-07-18 at 12:56:14:556 total calculated
04-07-18 at 12:56:14:565 now show on display
04-07-18 at 12:56:14:565 * Обои Палитра   350Всего:       1081.00
04-07-18 at 12:56:14:565 now clear port error ...
04-07-18 at 12:56:14:566 now write to port ...
04-07-18 at 12:56:14:713 ... done
04-07-18 at 12:56:19:243 114
04-07-18 at 12:56:19:243 014
04-07-18 at 12:56:19:243 115
04-07-18 at 12:56:19:244 015
04-07-18 at 12:56:19:245 total calculated
04-07-18 at 12:56:19:248 now show on display
04-07-18 at 12:56:19:248 * Обои Палитра   350Всего:       1081.00
04-07-18 at 12:56:19:248 now clear port error ...
04-07-18 at 12:56:19:248 now write to port ...
04-07-18 at 12:56:19:382 ... done
04-07-18 at 12:56:19:396 now clear port error ...
04-07-18 at 12:56:19:397 now write to port ...
04-07-18 at 12:56:19:554 ... done
04-07-18 at 12:56:19:554 now clear port error ...
04-07-18 at 12:56:19:555 now write to port ...
04-07-18 at 12:56:19:726 ... done
04-07-18 at 12:56:22:725 now clear port error ...
04-07-18 at 12:56:22:725 now write to port ...
04-07-18 at 12:56:22:859 ... done
04-07-18 at 12:56:22:860 116
04-07-18 at 12:56:22:860 016
04-07-18 at 12:56:29:075 114
04-07-18 at 12:56:29:075 014
04-07-18 at 12:56:29:076 115
04-07-18 at 12:56:29:076 015
04-07-18 at 12:56:29:077 total calculated
04-07-18 at 12:56:29:080 now show on display
04-07-18 at 12:56:29:080 * Обои Палитра   350Всего:       1081.00
04-07-18 at 12:56:29:080 now clear port error ...
04-07-18 at 12:56:29:081 now write to port ...
04-07-18 at 12:56:29:214 ... done
04-07-18 at 12:56:29:226 now clear port error ...
04-07-18 at 12:56:29:226 now write to port ...
04-07-18 at 12:56:29:386 ... done
04-07-18 at 12:56:29:386 now clear port error ...
04-07-18 at 12:56:29:387 now write to port ...
04-07-18 at 12:56:29:558 ... done
04-07-18 at 12:56:32:415 now clear port error ...
04-07-18 at 12:56:32:415 now write to port ...
04-07-18 at 12:56:32:549 ... done
04-07-18 at 12:56:32:554 Send 05 
04-07-18 at 12:56:32:569 Recived 15 
04-07-18 at 12:56:32:569 Send 06 
04-07-18 at 12:56:32:584 Send 02 06 28 1E 00 00 00 00 30 
04-07-18 at 12:56:32:599 Recived 06 02 03 28 00 1E 35 
04-07-18 at 12:56:32:614 Send 06 
04-07-18 at 12:56:32:616 Вход в FRInit
04-07-18 at 12:56:32:616 Вход в GetStatus
04-07-18 at 12:56:32:629 Send 05 
04-07-18 at 12:56:32:644 Recived 15 
04-07-18 at 12:56:32:644 Send 06 
04-07-18 at 12:56:32:659 Send 02 05 11 1E 00 00 00 0A 
04-07-18 at 12:56:32:674 Recived 06 02 30 11 00 1E 43 31 1C B3 14 0C 11 01 D4 00 B2 02 02 00 00 4E 41 00 00 01 01 10 04 07 12 0C 38 21 00 2E 5D 00 00 32 00 00 00 00 00 EF 95 10 42 01 00 FF 
04-07-18 at 12:56:32:689 Send 06 
04-07-18 at 12:56:32:691 KKMStatus 0000
04-07-18 at 12:56:32:704 Send 05 
04-07-18 at 12:56:32:719 Recived 15 
04-07-18 at 12:56:32:719 Send 06 
04-07-18 at 12:56:32:734 Send 02 06 8D 1E 00 00 00 00 95 
04-07-18 at 12:56:32:749 Recived 06 
04-07-18 at 12:56:32:764 Recived 02 03 8D 00 1E 90 
04-07-18 at 12:56:32:779 Send 06 
04-07-18 at 12:56:32:794 Send 05 
04-07-18 at 12:56:32:809 Recived 15 
04-07-18 at 12:56:32:809 Send 06 
04-07-18 at 12:56:32:824 Send 02 0A C2 1E 00 00 00 00 74 07 85 15 35 
04-07-18 at 12:56:32:839 Recived 06 02 03 C2 00 1E DF 
04-07-18 at 12:56:32:854 Send 06 
04-07-18 at 12:56:32:869 Send 05 
04-07-18 at 12:56:32:884 Recived 15 
04-07-18 at 12:56:32:884 Send 06 
04-07-18 at 12:56:32:899 Send 02 2E 17 1E 00 00 00 03 3D 3D 3D 3D 3D 3D 3D 3D 3D 3D 3D 3D 3D 3D 3D 3D 3D 3D 3D 3D 3D 3D 3D 3D 3D 3D 3D 3D 3D 3D 3D 3D 3D 3D 3D 3D 3D 3D 3D 3D 24 
04-07-18 at 12:56:32:918 Recived 06 02 03 17 00 1E 0A 
04-07-18 at 12:56:32:933 Send 06 
04-07-18 at 12:56:32:948 Send 05 
04-07-18 at 12:56:32:963 Recived 15 
04-07-18 at 12:56:32:963 Send 06 
04-07-18 at 12:56:32:978 Send 02 2E 17 1E 00 00 00 03 20 20 20 20 20 20 20 D7 C5 CA 20 30 32 2D 33 38 35 34 2D 31 38 30 37 2D 30 34 31 32 2D 35 36 33 32 00 00 00 00 00 00 00 FF 
04-07-18 at 12:56:32:997 Recived 06 02 03 17 00 1E 0A 
04-07-18 at 12:56:33:012 Send 06 
04-07-18 at 12:56:33:027 Send 05 
04-07-18 at 12:56:33:042 Recived 15 
04-07-18 at 12:56:33:042 Send 06 
04-07-18 at 12:56:33:057 Send 02 2E 17 1E 00 00 00 03 3D 3D 3D 3D 3D 3D 3D 3D 3D 3D 3D 3D 3D 3D 3D 3D 3D 3D 3D 3D 3D 3D 3D 3D 3D 3D 3D 3D 3D 3D 3D 3D 3D 3D 3D 3D 3D 3D 3D 3D 24 
04-07-18 at 12:56:33:076 Recived 06 02 03 17 00 1E 0A 
04-07-18 at 12:56:33:091 Send 06 
04-07-18 at 12:56:33:106 Send 05 
04-07-18 at 12:56:33:121 Recived 15 
04-07-18 at 12:56:33:121 Send 06 
04-07-18 at 12:56:33:136 Send 02 3C 80 1E 00 00 00 E8 03 00 00 00 AC 07 01 00 00 00 01 00 00 00 2F 2F 32 38 30 31 31 30 31 30 39 30 38 36 20 D8 D2 CE D0 C0 20 20 30 31 33 34 35 2D 31 37 37 20 4F 4E 20 4C 4F 4F 50 00 28 
04-07-18 at 12:56:33:155 Recived 06 02 03 80 00 1E 9D 
04-07-18 at 12:56:33:170 Send 06 
04-07-18 at 12:56:33:185 Send 05 
04-07-18 at 12:56:33:200 Recived 15 
04-07-18 at 12:56:33:200 Send 06 
04-07-18 at 12:56:33:215 Send 02 3C 80 1E 00 00 00 E8 03 00 00 00 E0 15 00 00 00 00 02 00 00 00 2F 2F 32 38 35 33 30 32 32 30 31 30 30 30 20 31 30 37 37 35 20 F8 E0 EF EE F7 EA E0 20 F2 F0 E8 EA EE F2 2E FF F1 E5 00 9A 
04-07-18 at 12:56:33:234 Recived 06 02 03 80 00 1E 9D 
04-07-18 at 12:56:33:249 Send 06 
04-07-18 at 12:56:33:264 Send 05 
04-07-18 at 12:56:33:279 Recived 15 
04-07-18 at 12:56:33:279 Send 06 
04-07-18 at 12:56:33:294 Send 02 3C 80 1E 00 00 00 E8 03 00 00 00 B8 88 00 00 00 00 01 00 00 00 2F 2F 32 38 30 37 31 30 33 30 32 30 31 38 20 2A 20 CE E1 EE E8 20 CF E0 EB E8 F2 F0 E0 20 36 30 36 33 2D 32 38 20 20 00 95 
04-07-18 at 12:56:33:313 Recived 06 02 03 80 00 1E 9D 
04-07-18 at 12:56:33:328 Send 06 
04-07-18 at 12:56:33:343 Send 05 
04-07-18 at 12:56:33:358 Recived 15 
04-07-18 at 12:56:33:358 Send 06 
04-07-18 at 12:56:33:373 Send 02 2E 17 1E 00 00 00 03 32 38 30 31 31 30 31 30 39 30 38 36 20 D8 D2 CE D0 C0 20 30 31 33 34 35 2D 31 37 37 20 4F 4E 20 4C 4F 4F 50 53 20 00 00 BD 
04-07-18 at 12:56:33:392 Recived 06 02 03 17 00 1E 0A 
04-07-18 at 12:56:33:407 Send 06 
04-07-18 at 12:56:33:422 Send 05 
04-07-18 at 12:56:33:437 Recived 15 
04-07-18 at 12:56:33:437 Send 06 
04-07-18 at 12:56:33:452 Send 02 2E 17 1E 00 00 00 03 31 34 35 2A 32 39 30 20 20 20 20 20 20 20 20 20 20 20 20 20 20 20 20 20 20 20 20 20 20 20 20 20 20 20 20 20 28 F8 F2 29 2E 
04-07-18 at 12:56:33:471 Recived 06 02 03 17 00 1E 0A 
04-07-18 at 12:56:33:486 Send 06 
04-07-18 at 12:56:33:501 Send 05 
04-07-18 at 12:56:33:516 Recived 15 
04-07-18 at 12:56:33:516 Send 06 
04-07-18 at 12:56:33:531 Send 02 2E 17 1E 00 00 00 03 20 20 20 20 20 20 20 20 20 20 20 20 20 20 20 20 20 20 20 20 20 20 20 20 20 20 31 2E 30 30 30 20 58 20 36 37 35 2E 30 30 49 
04-07-18 at 12:56:33:550 Recived 06 02 03 17 00 1E 0A 
04-07-18 at 12:56:33:565 Send 06 
04-07-18 at 12:56:33:580 Send 05 
04-07-18 at 12:56:33:595 Recived 15 
04-07-18 at 12:56:33:595 Send 06 
04-07-18 at 12:56:33:610 Send 02 2E 17 1E 00 00 00 03 D1 F3 EC EC E0 2C E2 20 F2 2E F7 2E CD C4 D1 20 31 38 25 20 20 20 20 20 20 20 20 20 20 20 20 20 3D 20 36 37 35 2E 30 30 FE 
04-07-18 at 12:56:33:629 Recived 06 02 03 17 00 1E 0A 
04-07-18 at 12:56:33:644 Send 06 
04-07-18 at 12:56:33:659 Send 05 
04-07-18 at 12:56:33:674 Recived 15 
04-07-18 at 12:56:33:674 Send 06 
04-07-18 at 12:56:33:689 Send 02 2E 17 1E 00 00 00 03 32 38 35 33 30 32 32 30 31 30 30 30 20 31 30 37 37 35 20 F8 E0 EF EE F7 EA E0 20 00 00 00 00 00 00 00 00 00 00 00 00 00 D9 
04-07-18 at 12:56:33:708 Recived 06 02 03 17 00 1E 0A 
04-07-18 at 12:56:33:723 Send 06 
04-07-18 at 12:56:33:738 Send 05 
04-07-18 at 12:56:33:753 Recived 15 
04-07-18 at 12:56:33:753 Send 06 
04-07-18 at 12:56:33:768 Send 02 2E 17 1E 00 00 00 03 F2 F0 E8 EA EE F2 2E FF F1 E5 EB FC ED E0 FF 20 30 2F 36 20 EC E5 F1 20 20 20 20 20 20 20 20 20 20 20 20 20 28 F8 F2 29 E2 
04-07-18 at 12:56:33:787 Recived 06 02 03 17 00 1E 0A 
04-07-18 at 12:56:33:802 Send 06 
04-07-18 at 12:56:33:817 Send 05 
04-07-18 at 12:56:33:832 Recived 15 
04-07-18 at 12:56:33:832 Send 06 
04-07-18 at 12:56:33:847 Send 02 2E 17 1E 00 00 00 03 20 20 20 20 20 20 20 20 20 20 20 20 20 20 20 20 20 20 20 20 20 20 20 20 20 20 20 31 2E 30 30 30 20 58 20 35 36 2E 30 30 5E 
04-07-18 at 12:56:33:866 Recived 06 02 03 17 00 1E 0A 
04-07-18 at 12:56:33:881 Send 06 
04-07-18 at 12:56:33:896 Send 05 
04-07-18 at 12:56:33:911 Recived 15 
04-07-18 at 12:56:33:911 Send 06 
04-07-18 at 12:56:33:926 Send 02 2E 17 1E 00 00 00 03 D1 F3 EC EC E0 2C E2 20 F2 2E F7 2E CD C4 D1 20 31 30 25 20 20 20 20 20 20 20 20 20 20 20 20 20 20 3D 20 35 36 2E 30 30 E1 
04-07-18 at 12:56:33:945 Recived 06 02 03 17 00 1E 0A 
04-07-18 at 12:56:33:960 Send 06 
04-07-18 at 12:56:33:975 Send 05 
04-07-18 at 12:56:33:990 Recived 15 
04-07-18 at 12:56:33:990 Send 06 
04-07-18 at 12:56:34:005 Send 02 2E 17 1E 00 00 00 03 32 38 30 37 31 30 33 30 32 30 31 38 20 2A 20 CE E1 EE E8 20 CF E0 EB E8 F2 F0 E0 20 36 30 36 33 2D 32 38 20 00 00 00 00 E9 
04-07-18 at 12:56:34:024 Recived 06 02 03 17 00 1E 0A 
04-07-18 at 12:56:34:039 Send 06 
04-07-18 at 12:56:34:054 Send 05 
04-07-18 at 12:56:34:069 Recived 15 
04-07-18 at 12:56:34:069 Send 06 
04-07-18 at 12:56:34:084 Send 02 2E 17 1E 00 00 00 03 F5 31 32 20 E2 E8 ED E8 EB 20 30 2C 35 33 2A 31 30 2C 30 35 EC 20 20 20 20 20 20 20 20 20 20 20 20 20 20 20 28 F8 F2 29 E9 
04-07-18 at 12:56:34:103 Recived 06 02 03 17 00 1E 0A 
04-07-18 at 12:56:34:118 Send 06 
04-07-18 at 12:56:34:133 Send 05 
04-07-18 at 12:56:34:148 Recived 15 
04-07-18 at 12:56:34:148 Send 06 
04-07-18 at 12:56:34:163 Send 02 2E 17 1E 00 00 00 03 20 20 20 20 20 20 20 20 20 20 20 20 20 20 20 20 20 20 20 20 20 20 20 20 20 20 31 2E 30 30 30 20 58 20 33 35 30 2E 30 30 4B 
04-07-18 at 12:56:34:182 Recived 06 02 03 17 00 1E 0A 
04-07-18 at 12:56:34:197 Send 06 
04-07-18 at 12:56:34:212 Send 05 
04-07-18 at 12:56:34:227 Recived 15 
04-07-18 at 12:56:34:227 Send 06 
04-07-18 at 12:56:34:242 Send 02 2E 17 1E 00 00 00 03 D1 F3 EC EC E0 2C E2 20 F2 2E F7 2E CD C4 D1 20 31 38 25 20 20 20 20 20 20 20 20 20 20 20 20 20 3D 20 33 35 30 2E 30 30 FC 
04-07-18 at 12:56:34:261 Recived 06 02 03 17 00 1E 0A 
04-07-18 at 12:56:34:276 Send 06 
04-07-18 at 12:56:34:291 Send 05 
04-07-18 at 12:56:34:306 Recived 15 
04-07-18 at 12:56:34:306 Send 06 
04-07-18 at 12:56:34:321 Send 02 2E 17 1E 00 00 00 03 3D 3D 3D 3D 3D 3D 3D 3D 3D 3D 3D 3D 3D 3D 3D 3D 3D 3D 3D 3D 3D 3D 3D 3D 3D 3D 3D 3D 3D 3D 3D 3D 3D 3D 3D 3D 3D 3D 3D 3D 24 
04-07-18 at 12:56:34:340 Recived 06 02 03 17 00 1E 0A 
04-07-18 at 12:56:34:355 Send 06 
04-07-18 at 12:56:34:370 Send 05 
04-07-18 at 12:56:34:385 Recived 15 
04-07-18 at 12:56:34:385 Send 06 
04-07-18 at 12:56:34:400 Send 02 2E 17 1E 00 00 00 03 20 00 00 00 00 00 00 00 00 00 00 00 00 00 00 00 00 00 00 00 00 00 00 00 00 00 00 00 00 00 00 00 00 00 00 00 00 00 00 00 04 
04-07-18 at 12:56:34:419 Recived 06 02 03 17 00 1E 0A 
04-07-18 at 12:56:34:434 Send 06 
04-07-18 at 12:56:34:449 Send 05 
04-07-18 at 12:56:34:464 Recived 15 
04-07-18 at 12:56:34:464 Send 06 
04-07-18 at 12:56:34:479 Send 02 2E 17 1E 00 00 00 03 20 20 20 20 CE EF EB E0 F2 E0 20 EF F0 E8 ED FF F2 E0 20 F1 20 E1 EB E0 E3 EE E4 E0 F0 ED EE F1 F2 FC FE 00 00 00 00 00 2B 
04-07-18 at 12:56:34:498 Recived 06 02 03 17 00 1E 0A 
04-07-18 at 12:56:34:513 Send 06 
04-07-18 at 12:56:34:528 Send 05 
04-07-18 at 12:56:34:543 Recived 15 
04-07-18 at 12:56:34:543 Send 06 
04-07-18 at 12:56:34:558 Send 02 2E 17 1E 00 00 00 03 20 20 C6 E4 E5 EC 20 E2 E0 F1 20 E5 E6 E5 E4 ED E5 E2 ED EE 20 F1 20 39 2E 30 30 20 E4 EE 20 32 32 2E 30 30 00 00 00 00 D5 
04-07-18 at 12:56:34:577 Recived 06 02 03 17 00 1E 0A 
04-07-18 at 12:56:34:592 Send 06 
04-07-18 at 12:56:34:607 Send 05 
04-07-18 at 12:56:34:622 Recived 15 
04-07-18 at 12:56:34:622 Send 06 
04-07-18 at 12:56:34:637 Send 02 2E 17 1E 00 00 00 03 20 20 20 20 EF EE 20 E0 E4 F0 E5 F1 F3 3A 36 33 30 30 32 37 2C E3 2E CD EE E2 EE F1 E8 E1 E8 F0 F1 EA 2C 00 00 00 00 00 35 
04-07-18 at 12:56:34:656 Recived 06 02 03 17 00 1E 0A 
04-07-18 at 12:56:34:671 Send 06 
04-07-18 at 12:56:34:686 Send 05 
04-07-18 at 12:56:34:701 Recived 15 
04-07-18 at 12:56:34:701 Send 06 
04-07-18 at 12:56:34:716 Send 02 2E 17 1E 00 00 00 03 F3 EB 2E D2 EE EB EC E0 F7 E5 E2 F1 EA E0 FF 2C 20 31 39 E0 20 EA 2E 32 2C 20 F2 E5 EB 2E 3A 33 36 33 2D 30 35 2D 30 35 DD 
04-07-18 at 12:56:34:735 Recived 06 02 03 17 00 1E 0A 
04-07-18 at 12:56:34:750 Send 06 
04-07-18 at 12:56:34:765 Send 05 
04-07-18 at 12:56:34:780 Recived 15 
04-07-18 at 12:56:34:780 Send 06 
04-07-18 at 12:56:34:795 Send 02 47 85 1E 00 00 00 44 A6 01 00 00 00 00 00 00 00 00 00 00 00 00 00 00 00 00 00 00 00 00 00 00 00 20 00 00 00 00 00 00 00 00 00 00 00 00 00 00 00 00 00 00 00 00 00 00 00 00 00 00 00 00 00 00 00 00 00 00 00 00 00 00 00 1F 
04-07-18 at 12:56:34:816 Recived 06 
04-07-18 at 12:56:35:266 Recived 02 08 85 00 1E 00 00 00 00 00 93 
04-07-18 at 12:56:35:281 Send 06 
04-07-18 at 12:56:35:291 WAIT_OBJECT_0
04-07-18 at 12:56:35:305 WritePresent
04-07-18 at 12:56:35:305 UpdateCentralCounts
04-07-18 at 12:56:35:552 UpdateCentralCounts
04-07-18 at 12:56:35:552 ActivateGiftCards(PresentGrid)
04-07-18 at 12:56:35:552 ActivateGiftCards(Grid)
04-07-18 at 12:56:35:552 GiftCardDoPayments
04-07-18 at 12:56:35:553 GiftCardClearPayments
04-07-18 at 12:56:35:553 Попытка очистки таблицы
04-07-18 at 12:56:35:553 Попытка очистки успешна
04-07-18 at 12:56:35:553 Попытка очистки таблицы
04-07-18 at 12:56:35:553 Попытка очистки успешна
04-07-18 at 12:56:35:554 total calculated
04-07-18 at 12:56:35:554 now show on display
04-07-18 at 12:56:35:554                     Всего:          0.00
04-07-18 at 12:56:35:554 now clear port error ...
04-07-18 at 12:56:35:554 now write to port ...
04-07-18 at 12:56:35:688 ... done
04-07-18 at 12:56:35:688 now clear port error ...
04-07-18 at 12:56:35:688 now write to port ...
04-07-18 at 12:56:35:860 ... done
04-07-18 at 12:56:35:862 116
04-07-18 at 12:56:35:862 016
04-07-18 at 12:58:15:986 Send 05 
04-07-18 at 12:58:16:001 Recived 15 
04-07-18 at 12:58:16:001 Send 06 
04-07-18 at 12:58:16:016 Send 02 06 FF 39 1E 00 00 00 DE 
04-07-18 at 12:58:16:031 Recived 06 02 10 FF 39 00 00 00 00 00 00 00 00 00 00 00 00 00 00 D6 
04-07-18 at 12:58:16:046 Send 06 
04-07-18 at 13:00:17:184 Send 05 
04-07-18 at 13:00:17:199 Recived 15 
04-07-18 at 13:00:17:199 Send 06 
04-07-18 at 13:00:17:214 Send 02 06 FF 39 1E 00 00 00 DE 
04-07-18 at 13:00:17:229 Recived 06 02 10 FF 39 00 00 00 00 00 00 00 00 00 00 00 00 00 00 D6 
04-07-18 at 13:00:17:244 Send 06 
04-07-18 at 13:02:18:381 Send 05 
04-07-18 at 13:02:18:396 Recived 15 
04-07-18 at 13:02:18:396 Send 06 
04-07-18 at 13:02:18:411 Send 02 06 FF 39 1E 00 00 00 DE 
04-07-18 at 13:02:18:426 Recived 06 02 10 FF 39 00 00 00 00 00 00 00 00 00 00 00 00 00 00 D6 
04-07-18 at 13:02:18:441 Send 06 
04-07-18 at 13:04:19:578 Send 05 
04-07-18 at 13:04:19:593 Recived 15 
04-07-18 at 13:04:19:593 Send 06 
04-07-18 at 13:04:19:608 Send 02 06 FF 39 1E 00 00 00 DE 
04-07-18 at 13:04:19:623 Recived 06 02 10 FF 39 00 00 00 00 00 00 00 00 00 00 00 00 00 00 D6 
04-07-18 at 13:04:19:638 Send 06 
04-07-18 at 13:06:20:775 Send 05 
04-07-18 at 13:06:20:790 Recived 15 
04-07-18 at 13:06:20:790 Send 06 
04-07-18 at 13:06:20:805 Send 02 06 FF 39 1E 00 00 00 DE 
04-07-18 at 13:06:20:820 Recived 06 02 10 FF 39 00 00 00 00 00 00 00 00 00 00 00 00 00 00 D6 
04-07-18 at 13:06:20:835 Send 06 
04-07-18 at 13:08:21:972 Send 05 
04-07-18 at 13:08:21:987 Recived 15 
04-07-18 at 13:08:21:987 Send 06 
04-07-18 at 13:08:22:002 Send 02 06 FF 39 1E 00 00 00 DE 
04-07-18 at 13:08:22:017 Recived 06 02 10 FF 39 00 00 00 00 00 00 00 00 00 00 00 00 00 00 D6 
04-07-18 at 13:08:22:032 Send 06 
04-07-18 at 13:10:23:169 Send 05 
04-07-18 at 13:10:23:184 Recived 15 
04-07-18 at 13:10:23:184 Send 06 
04-07-18 at 13:10:23:199 Send 02 06 FF 39 1E 00 00 00 DE 
04-07-18 at 13:10:23:214 Recived 06 02 10 FF 39 00 00 00 00 00 00 00 00 00 00 00 00 00 00 D6 
04-07-18 at 13:10:23:229 Send 06 
04-07-18 at 13:12:24:366 Send 05 
04-07-18 at 13:12:24:381 Recived 15 
04-07-18 at 13:12:24:381 Send 06 
04-07-18 at 13:12:24:396 Send 02 06 FF 39 1E 00 00 00 DE 
04-07-18 at 13:12:24:411 Recived 06 02 10 FF 39 00 00 00 00 00 00 00 00 00 00 00 00 00 00 D6 
04-07-18 at 13:12:24:426 Send 06 
04-07-18 at 13:14:25:563 Send 05 
04-07-18 at 13:14:25:578 Recived 15 
04-07-18 at 13:14:25:578 Send 06 
04-07-18 at 13:14:25:593 Send 02 06 FF 39 1E 00 00 00 DE 
04-07-18 at 13:14:25:608 Recived 06 02 10 FF 39 00 00 00 00 00 00 00 00 00 00 00 00 00 00 D6 
04-07-18 at 13:14:25:623 Send 06 
04-07-18 at 13:16:26:760 Send 05 
04-07-18 at 13:16:26:775 Recived 15 
04-07-18 at 13:16:26:775 Send 06 
04-07-18 at 13:16:26:790 Send 02 06 FF 39 1E 00 00 00 DE 
04-07-18 at 13:16:26:805 Recived 06 02 10 FF 39 00 00 00 00 00 00 00 00 00 00 00 00 00 00 D6 
04-07-18 at 13:16:26:820 Send 06 
04-07-18 at 13:18:27:958 Send 05 
04-07-18 at 13:18:27:973 Recived 15 
04-07-18 at 13:18:27:973 Send 06 
04-07-18 at 13:18:27:988 Send 02 06 FF 39 1E 00 00 00 DE 
04-07-18 at 13:18:28:003 Recived 06 02 10 FF 39 00 00 00 00 00 00 00 00 00 00 00 00 00 00 D6 
04-07-18 at 13:18:28:018 Send 06 
04-07-18 at 13:20:29:155 Send 05 
04-07-18 at 13:20:29:170 Recived 15 
04-07-18 at 13:20:29:170 Send 06 
04-07-18 at 13:20:29:185 Send 02 06 FF 39 1E 00 00 00 DE 
04-07-18 at 13:20:29:200 Recived 06 02 10 FF 39 00 00 00 00 00 00 00 00 00 00 00 00 00 00 D6 
04-07-18 at 13:20:29:215 Send 06 
04-07-18 at 13:22:30:352 Send 05 
04-07-18 at 13:22:30:367 Recived 15 
04-07-18 at 13:22:30:367 Send 06 
04-07-18 at 13:22:30:382 Send 02 06 FF 39 1E 00 00 00 DE 
04-07-18 at 13:22:30:397 Recived 06 02 10 FF 39 00 00 00 00 00 00 00 00 00 00 00 00 00 00 D6 
04-07-18 at 13:22:30:412 Send 06 
04-07-18 at 13:24:31:549 Send 05 
04-07-18 at 13:24:31:564 Recived 15 
04-07-18 at 13:24:31:564 Send 06 
04-07-18 at 13:24:31:579 Send 02 06 FF 39 1E 00 00 00 DE 
04-07-18 at 13:24:31:594 Recived 06 02 10 FF 39 00 00 00 00 00 00 00 00 00 00 00 00 00 00 D6 
04-07-18 at 13:24:31:609 Send 06 
04-07-18 at 13:26:32:746 Send 05 
04-07-18 at 13:26:32:761 Recived 15 
04-07-18 at 13:26:32:761 Send 06 
04-07-18 at 13:26:32:776 Send 02 06 FF 39 1E 00 00 00 DE 
04-07-18 at 13:26:32:791 Recived 06 02 10 FF 39 00 00 00 00 00 00 00 00 00 00 00 00 00 00 D6 
04-07-18 at 13:26:32:806 Send 06 
04-07-18 at 13:28:33:943 Send 05 
04-07-18 at 13:28:33:958 Recived 15 
04-07-18 at 13:28:33:958 Send 06 
04-07-18 at 13:28:33:973 Send 02 06 FF 39 1E 00 00 00 DE 
04-07-18 at 13:28:33:988 Recived 06 02 10 FF 39 00 00 00 00 00 00 00 00 00 00 00 00 00 00 D6 
04-07-18 at 13:28:34:003 Send 06 
04-07-18 at 13:30:35:140 Send 05 
04-07-18 at 13:30:35:155 Recived 15 
04-07-18 at 13:30:35:155 Send 06 
04-07-18 at 13:30:35:170 Send 02 06 FF 39 1E 00 00 00 DE 
04-07-18 at 13:30:35:185 Recived 06 02 10 FF 39 00 00 00 00 00 00 00 00 00 00 00 00 00 00 D6 
04-07-18 at 13:30:35:200 Send 06 
04-07-18 at 13:32:36:337 Send 05 
04-07-18 at 13:32:36:352 Recived 15 
04-07-18 at 13:32:36:352 Send 06 
04-07-18 at 13:32:36:367 Send 02 06 FF 39 1E 00 00 00 DE 
04-07-18 at 13:32:36:382 Recived 06 02 10 FF 39 00 00 00 00 00 00 00 00 00 00 00 00 00 00 D6 
04-07-18 at 13:32:36:397 Send 06 
04-07-18 at 13:34:37:535 Send 05 
04-07-18 at 13:34:37:550 Recived 15 
04-07-18 at 13:34:37:550 Send 06 
04-07-18 at 13:34:37:565 Send 02 06 FF 39 1E 00 00 00 DE 
04-07-18 at 13:34:37:580 Recived 06 02 10 FF 39 00 00 00 00 00 00 00 00 00 00 00 00 00 00 D6 
04-07-18 at 13:34:37:595 Send 06 
04-07-18 at 13:36:38:732 Send 05 
04-07-18 at 13:36:38:747 Recived 15 
04-07-18 at 13:36:38:747 Send 06 
04-07-18 at 13:36:38:762 Send 02 06 FF 39 1E 00 00 00 DE 
04-07-18 at 13:36:38:777 Recived 06 02 10 FF 39 00 00 00 00 00 00 00 00 00 00 00 00 00 00 D6 
04-07-18 at 13:36:38:792 Send 06 
04-07-18 at 13:38:39:929 Send 05 
04-07-18 at 13:38:39:944 Recived 15 
04-07-18 at 13:38:39:944 Send 06 
04-07-18 at 13:38:39:959 Send 02 06 FF 39 1E 00 00 00 DE 
04-07-18 at 13:38:39:974 Recived 06 02 10 FF 39 00 00 00 00 00 00 00 00 00 00 00 00 00 00 D6 
04-07-18 at 13:38:39:989 Send 06 
04-07-18 at 13:40:41:126 Send 05 
04-07-18 at 13:40:41:141 Recived 15 
04-07-18 at 13:40:41:141 Send 06 
04-07-18 at 13:40:41:156 Send 02 06 FF 39 1E 00 00 00 DE 
04-07-18 at 13:40:41:171 Recived 06 02 10 FF 39 00 00 00 00 00 00 00 00 00 00 00 00 00 00 D6 
04-07-18 at 13:40:41:186 Send 06 
04-07-18 at 13:42:42:323 Send 05 
04-07-18 at 13:42:42:338 Recived 15 
04-07-18 at 13:42:42:338 Send 06 
04-07-18 at 13:42:42:353 Send 02 06 FF 39 1E 00 00 00 DE 
04-07-18 at 13:42:42:368 Recived 06 02 10 FF 39 00 00 00 00 00 00 00 00 00 00 00 00 00 00 D6 
04-07-18 at 13:42:42:383 Send 06 
04-07-18 at 13:44:43:520 Send 05 
04-07-18 at 13:44:43:535 Recived 15 
04-07-18 at 13:44:43:535 Send 06 
04-07-18 at 13:44:43:550 Send 02 06 FF 39 1E 00 00 00 DE 
04-07-18 at 13:44:43:565 Recived 06 02 10 FF 39 00 00 00 00 00 00 00 00 00 00 00 00 00 00 D6 
04-07-18 at 13:44:43:580 Send 06 
04-07-18 at 13:46:44:717 Send 05 
04-07-18 at 13:46:44:732 Recived 15 
04-07-18 at 13:46:44:732 Send 06 
04-07-18 at 13:46:44:747 Send 02 06 FF 39 1E 00 00 00 DE 
04-07-18 at 13:46:44:762 Recived 06 02 10 FF 39 00 00 00 00 00 00 00 00 00 00 00 00 00 00 D6 
04-07-18 at 13:46:44:777 Send 06 
04-07-18 at 13:48:45:914 Send 05 
04-07-18 at 13:48:45:929 Recived 15 
04-07-18 at 13:48:45:929 Send 06 
04-07-18 at 13:48:45:944 Send 02 06 FF 39 1E 00 00 00 DE 
04-07-18 at 13:48:45:959 Recived 06 02 10 FF 39 00 00 00 00 00 00 00 00 00 00 00 00 00 00 D6 
04-07-18 at 13:48:45:974 Send 06 
04-07-18 at 13:50:47:111 Send 05 
04-07-18 at 13:50:47:126 Recived 15 
04-07-18 at 13:50:47:126 Send 06 
04-07-18 at 13:50:47:141 Send 02 06 FF 39 1E 00 00 00 DE 
04-07-18 at 13:50:47:156 Recived 06 02 10 FF 39 00 00 00 00 00 00 00 00 00 00 00 00 00 00 D6 
04-07-18 at 13:50:47:171 Send 06 
04-07-18 at 13:52:48:309 Send 05 
04-07-18 at 13:52:48:324 Recived 15 
04-07-18 at 13:52:48:324 Send 06 
04-07-18 at 13:52:48:339 Send 02 06 FF 39 1E 00 00 00 DE 
04-07-18 at 13:52:48:354 Recived 06 02 10 FF 39 00 00 00 00 00 00 00 00 00 00 00 00 00 00 D6 
04-07-18 at 13:52:48:369 Send 06 
04-07-18 at 13:54:49:506 Send 05 
04-07-18 at 13:54:49:521 Recived 15 
04-07-18 at 13:54:49:521 Send 06 
04-07-18 at 13:54:49:536 Send 02 06 FF 39 1E 00 00 00 DE 
04-07-18 at 13:54:49:551 Recived 06 02 10 FF 39 00 00 00 00 00 00 00 00 00 00 00 00 00 00 D6 
04-07-18 at 13:54:49:566 Send 06 
04-07-18 at 13:56:50:703 Send 05 
04-07-18 at 13:56:50:718 Recived 15 
04-07-18 at 13:56:50:718 Send 06 
04-07-18 at 13:56:50:733 Send 02 06 FF 39 1E 00 00 00 DE 
04-07-18 at 13:56:50:748 Recived 06 02 10 FF 39 00 00 00 00 00 00 00 00 00 00 00 00 00 00 D6 
04-07-18 at 13:56:50:763 Send 06 
04-07-18 at 13:58:51:900 Send 05 
04-07-18 at 13:58:51:915 Recived 15 
04-07-18 at 13:58:51:915 Send 06 
04-07-18 at 13:58:51:930 Send 02 06 FF 39 1E 00 00 00 DE 
04-07-18 at 13:58:51:945 Recived 06 02 10 FF 39 00 00 00 00 00 00 00 00 00 00 00 00 00 00 D6 
04-07-18 at 13:58:51:960 Send 06 
04-07-18 at 14:00:53:097 Send 05 
04-07-18 at 14:00:53:112 Recived 15 
04-07-18 at 14:00:53:112 Send 06 
04-07-18 at 14:00:53:127 Send 02 06 FF 39 1E 00 00 00 DE 
04-07-18 at 14:00:53:142 Recived 06 02 10 FF 39 00 00 00 00 00 00 00 00 00 00 00 00 00 00 D6 
04-07-18 at 14:00:53:157 Send 06 
04-07-18 at 14:02:54:294 Send 05 
04-07-18 at 14:02:54:309 Recived 15 
04-07-18 at 14:02:54:309 Send 06 
04-07-18 at 14:02:54:324 Send 02 06 FF 39 1E 00 00 00 DE 
04-07-18 at 14:02:54:339 Recived 06 02 10 FF 39 00 00 00 00 00 00 00 00 00 00 00 00 00 00 D6 
04-07-18 at 14:02:54:354 Send 06 
04-07-18 at 14:04:55:491 Send 05 
04-07-18 at 14:04:55:506 Recived 15 
04-07-18 at 14:04:55:506 Send 06 
04-07-18 at 14:04:55:521 Send 02 06 FF 39 1E 00 00 00 DE 
04-07-18 at 14:04:55:536 Recived 06 02 10 FF 39 00 00 00 00 00 00 00 00 00 00 00 00 00 00 D6 
04-07-18 at 14:04:55:551 Send 06 
04-07-18 at 14:06:56:688 Send 05 
04-07-18 at 14:06:56:703 Recived 15 
04-07-18 at 14:06:56:703 Send 06 
04-07-18 at 14:06:56:718 Send 02 06 FF 39 1E 00 00 00 DE 
04-07-18 at 14:06:56:733 Recived 06 02 10 FF 39 00 00 00 00 00 00 00 00 00 00 00 00 00 00 D6 
04-07-18 at 14:06:56:748 Send 06 
04-07-18 at 14:08:57:886 Send 05 
04-07-18 at 14:08:57:901 Recived 15 
04-07-18 at 14:08:57:901 Send 06 
04-07-18 at 14:08:57:916 Send 02 06 FF 39 1E 00 00 00 DE 
04-07-18 at 14:08:57:931 Recived 06 02 10 FF 39 00 00 00 00 00 00 00 00 00 00 00 00 00 00 D6 
04-07-18 at 14:08:57:946 Send 06 
04-07-18 at 14:10:59:083 Send 05 
04-07-18 at 14:10:59:098 Recived 15 
04-07-18 at 14:10:59:098 Send 06 
04-07-18 at 14:10:59:113 Send 02 06 FF 39 1E 00 00 00 DE 
04-07-18 at 14:10:59:128 Recived 06 02 10 FF 39 00 00 00 00 00 00 00 00 00 00 00 00 00 00 D6 
04-07-18 at 14:10:59:143 Send 06 
04-07-18 at 14:13:00:280 Send 05 
04-07-18 at 14:13:00:295 Recived 15 
04-07-18 at 14:13:00:295 Send 06 
04-07-18 at 14:13:00:310 Send 02 06 FF 39 1E 00 00 00 DE 
04-07-18 at 14:13:00:325 Recived 06 02 10 FF 39 00 00 00 00 00 00 00 00 00 00 00 00 00 00 D6 
04-07-18 at 14:13:00:340 Send 06 
04-07-18 at 14:15:01:477 Send 05 
04-07-18 at 14:15:01:492 Recived 15 
04-07-18 at 14:15:01:492 Send 06 
04-07-18 at 14:15:01:507 Send 02 06 FF 39 1E 00 00 00 DE 
04-07-18 at 14:15:01:522 Recived 06 02 10 FF 39 00 00 00 00 00 00 00 00 00 00 00 00 00 00 D6 
04-07-18 at 14:15:01:537 Send 06 
04-07-18 at 14:17:02:674 Send 05 
04-07-18 at 14:17:02:689 Recived 15 
04-07-18 at 14:17:02:689 Send 06 
04-07-18 at 14:17:02:704 Send 02 06 FF 39 1E 00 00 00 DE 
04-07-18 at 14:17:02:719 Recived 06 02 10 FF 39 00 00 00 00 00 00 00 00 00 00 00 00 00 00 D6 
04-07-18 at 14:17:02:734 Send 06 
04-07-18 at 14:19:03:871 Send 05 
04-07-18 at 14:19:03:886 Recived 15 
04-07-18 at 14:19:03:886 Send 06 
04-07-18 at 14:19:03:901 Send 02 06 FF 39 1E 00 00 00 DE 
04-07-18 at 14:19:03:916 Recived 06 02 10 FF 39 00 00 00 00 00 00 00 00 00 00 00 00 00 00 D6 
04-07-18 at 14:19:03:931 Send 06 
04-07-18 at 14:21:05:068 Send 05 
04-07-18 at 14:21:05:083 Recived 15 
04-07-18 at 14:21:05:083 Send 06 
04-07-18 at 14:21:05:098 Send 02 06 FF 39 1E 00 00 00 DE 
04-07-18 at 14:21:05:113 Recived 06 02 10 FF 39 00 00 00 00 00 00 00 00 00 00 00 00 00 00 D6 
04-07-18 at 14:21:05:128 Send 06 
04-07-18 at 14:23:06:265 Send 05 
04-07-18 at 14:23:06:280 Recived 15 
04-07-18 at 14:23:06:280 Send 06 
04-07-18 at 14:23:06:295 Send 02 06 FF 39 1E 00 00 00 DE 
04-07-18 at 14:23:06:310 Recived 06 02 10 FF 39 00 00 00 00 00 00 00 00 00 00 00 00 00 00 D6 
04-07-18 at 14:23:06:325 Send 06 
04-07-18 at 14:25:07:463 Send 05 
04-07-18 at 14:25:07:478 Recived 15 
04-07-18 at 14:25:07:478 Send 06 
04-07-18 at 14:25:07:493 Send 02 06 FF 39 1E 00 00 00 DE 
04-07-18 at 14:25:07:508 Recived 06 02 10 FF 39 00 00 00 00 00 00 00 00 00 00 00 00 00 00 D6 
04-07-18 at 14:25:07:523 Send 06 
04-07-18 at 14:27:08:660 Send 05 
04-07-18 at 14:27:08:675 Recived 15 
04-07-18 at 14:27:08:675 Send 06 
04-07-18 at 14:27:08:690 Send 02 06 FF 39 1E 00 00 00 DE 
04-07-18 at 14:27:08:705 Recived 06 02 10 FF 39 00 00 00 00 00 00 00 00 00 00 00 00 00 00 D6 
04-07-18 at 14:27:08:720 Send 06 
04-07-18 at 14:29:09:857 Send 05 
04-07-18 at 14:29:09:872 Recived 15 
04-07-18 at 14:29:09:872 Send 06 
04-07-18 at 14:29:09:887 Send 02 06 FF 39 1E 00 00 00 DE 
04-07-18 at 14:29:09:902 Recived 06 02 10 FF 39 00 00 00 00 00 00 00 00 00 00 00 00 00 00 D6 
04-07-18 at 14:29:09:917 Send 06 
04-07-18 at 14:31:11:054 Send 05 
04-07-18 at 14:31:11:069 Recived 15 
04-07-18 at 14:31:11:069 Send 06 
04-07-18 at 14:31:11:084 Send 02 06 FF 39 1E 00 00 00 DE 
04-07-18 at 14:31:11:099 Recived 06 02 10 FF 39 00 00 00 00 00 00 00 00 00 00 00 00 00 00 D6 
04-07-18 at 14:31:11:114 Send 06 
04-07-18 at 14:33:12:251 Send 05 
04-07-18 at 14:33:12:266 Recived 15 
04-07-18 at 14:33:12:266 Send 06 
04-07-18 at 14:33:12:281 Send 02 06 FF 39 1E 00 00 00 DE 
04-07-18 at 14:33:12:296 Recived 06 02 10 FF 39 00 00 00 00 00 00 00 00 00 00 00 00 00 00 D6 
04-07-18 at 14:33:12:311 Send 06 
04-07-18 at 14:35:13:448 Send 05 
04-07-18 at 14:35:13:463 Recived 15 
04-07-18 at 14:35:13:463 Send 06 
04-07-18 at 14:35:13:478 Send 02 06 FF 39 1E 00 00 00 DE 
04-07-18 at 14:35:13:493 Recived 06 02 10 FF 39 00 00 00 00 00 00 00 00 00 00 00 00 00 00 D6 
04-07-18 at 14:35:13:508 Send 06 
04-07-18 at 14:37:14:645 Send 05 
04-07-18 at 14:37:14:660 Recived 15 
04-07-18 at 14:37:14:660 Send 06 
04-07-18 at 14:37:14:675 Send 02 06 FF 39 1E 00 00 00 DE 
04-07-18 at 14:37:14:690 Recived 06 02 10 FF 39 00 00 00 00 00 00 00 00 00 00 00 00 00 00 D6 
04-07-18 at 14:37:14:705 Send 06 
04-07-18 at 14:39:15:618 Send 05 
04-07-18 at 14:39:15:633 Recived 15 
04-07-18 at 14:39:15:633 Send 06 
04-07-18 at 14:39:15:648 Send 02 06 FF 39 1E 00 00 00 DE 
04-07-18 at 14:39:15:663 Recived 06 02 10 FF 39 00 00 00 00 00 00 00 00 00 00 00 00 00 00 D6 
04-07-18 at 14:39:15:678 Send 06 
04-07-18 at 14:41:16:561 Send 05 
04-07-18 at 14:41:16:576 Recived 15 
04-07-18 at 14:41:16:576 Send 06 
04-07-18 at 14:41:16:591 Send 02 06 FF 39 1E 00 00 00 DE 
04-07-18 at 14:41:16:606 Recived 06 02 10 FF 39 00 00 00 00 00 00 00 00 00 00 00 00 00 00 D6 
04-07-18 at 14:41:16:621 Send 06 
04-07-18 at 14:43:17:567 Send 05 
04-07-18 at 14:43:17:582 Recived 15 
04-07-18 at 14:43:17:582 Send 06 
04-07-18 at 14:43:17:597 Send 02 06 FF 39 1E 00 00 00 DE 
04-07-18 at 14:43:17:612 Recived 06 02 10 FF 39 00 00 00 00 00 00 00 00 00 00 00 00 00 00 D6 
04-07-18 at 14:43:17:627 Send 06 
04-07-18 at 14:45:18:667 Send 05 
04-07-18 at 14:45:18:682 Recived 15 
04-07-18 at 14:45:18:682 Send 06 
04-07-18 at 14:45:18:697 Send 02 06 FF 39 1E 00 00 00 DE 
04-07-18 at 14:45:18:712 Recived 06 02 10 FF 39 00 00 00 00 00 00 00 00 00 00 00 00 00 00 D6 
04-07-18 at 14:45:18:727 Send 06 
04-07-18 at 14:47:19:768 Send 05 
04-07-18 at 14:47:19:783 Recived 15 
04-07-18 at 14:47:19:783 Send 06 
04-07-18 at 14:47:19:798 Send 02 06 FF 39 1E 00 00 00 DE 
04-07-18 at 14:47:19:813 Recived 06 02 10 FF 39 00 00 00 00 00 00 00 00 00 00 00 00 00 00 D6 
04-07-18 at 14:47:19:828 Send 06 
04-07-18 at 14:49:20:924 Send 05 
04-07-18 at 14:49:20:939 Recived 15 
04-07-18 at 14:49:20:939 Send 06 
04-07-18 at 14:49:20:954 Send 02 06 FF 39 1E 00 00 00 DE 
04-07-18 at 14:49:20:969 Recived 06 02 10 FF 39 00 00 00 00 00 00 00 00 00 00 00 00 00 00 D6 
04-07-18 at 14:49:20:984 Send 06 
04-07-18 at 14:51:22:085 Send 05 
04-07-18 at 14:51:22:100 Recived 15 
04-07-18 at 14:51:22:100 Send 06 
04-07-18 at 14:51:22:115 Send 02 06 FF 39 1E 00 00 00 DE 
04-07-18 at 14:51:22:130 Recived 06 02 10 FF 39 00 00 00 00 00 00 00 00 00 00 00 00 00 00 D6 
04-07-18 at 14:51:22:145 Send 06 
04-07-18 at 14:53:23:257 Send 05 
04-07-18 at 14:53:23:272 Recived 15 
04-07-18 at 14:53:23:272 Send 06 
04-07-18 at 14:53:23:287 Send 02 06 FF 39 1E 00 00 00 DE 
04-07-18 at 14:53:23:302 Recived 06 02 10 FF 39 00 00 00 00 00 00 00 00 00 00 00 00 00 00 D6 
04-07-18 at 14:53:23:317 Send 06 
04-07-18 at 14:55:24:442 Send 05 
04-07-18 at 14:55:24:457 Recived 15 
04-07-18 at 14:55:24:457 Send 06 
04-07-18 at 14:55:24:472 Send 02 06 FF 39 1E 00 00 00 DE 
04-07-18 at 14:55:24:487 Recived 06 02 10 FF 39 00 00 00 00 00 00 00 00 00 00 00 00 00 00 D6 
04-07-18 at 14:55:24:502 Send 06 
04-07-18 at 14:57:25:627 Send 05 
04-07-18 at 14:57:25:642 Recived 15 
04-07-18 at 14:57:25:642 Send 06 
04-07-18 at 14:57:25:657 Send 02 06 FF 39 1E 00 00 00 DE 
04-07-18 at 14:57:25:672 Recived 06 02 10 FF 39 00 00 00 00 00 00 00 00 00 00 00 00 00 00 D6 
04-07-18 at 14:57:25:687 Send 06 
04-07-18 at 14:59:26:812 Send 05 
04-07-18 at 14:59:26:827 Recived 15 
04-07-18 at 14:59:26:827 Send 06 
04-07-18 at 14:59:26:842 Send 02 06 FF 39 1E 00 00 00 DE 
04-07-18 at 14:59:26:857 Recived 06 02 10 FF 39 00 00 00 00 00 00 00 00 00 00 00 00 00 00 D6 
04-07-18 at 14:59:26:872 Send 06 
04-07-18 at 15:01:27:997 Send 05 
04-07-18 at 15:01:28:012 Recived 15 
04-07-18 at 15:01:28:012 Send 06 
04-07-18 at 15:01:28:027 Send 02 06 FF 39 1E 00 00 00 DE 
04-07-18 at 15:01:28:042 Recived 06 02 10 FF 39 00 00 00 00 00 00 00 00 00 00 00 00 00 00 D6 
04-07-18 at 15:01:28:057 Send 06 
04-07-18 at 15:03:29:182 Send 05 
04-07-18 at 15:03:29:197 Recived 15 
04-07-18 at 15:03:29:197 Send 06 
04-07-18 at 15:03:29:212 Send 02 06 FF 39 1E 00 00 00 DE 
04-07-18 at 15:03:29:227 Recived 06 02 10 FF 39 00 00 00 00 00 00 00 00 00 00 00 00 00 00 D6 
04-07-18 at 15:03:29:242 Send 06 
04-07-18 at 15:05:30:367 Send 05 
04-07-18 at 15:05:30:382 Recived 15 
04-07-18 at 15:05:30:382 Send 06 
04-07-18 at 15:05:30:397 Send 02 06 FF 39 1E 00 00 00 DE 
04-07-18 at 15:05:30:412 Recived 06 02 10 FF 39 00 00 00 00 00 00 00 00 00 00 00 00 00 00 D6 
04-07-18 at 15:05:30:427 Send 06 
04-07-18 at 15:07:31:552 Send 05 
04-07-18 at 15:07:31:567 Recived 15 
04-07-18 at 15:07:31:567 Send 06 
04-07-18 at 15:07:31:582 Send 02 06 FF 39 1E 00 00 00 DE 
04-07-18 at 15:07:31:597 Recived 06 02 10 FF 39 00 00 00 00 00 00 00 00 00 00 00 00 00 00 D6 
04-07-18 at 15:07:31:612 Send 06 
04-07-18 at 15:09:32:737 Send 05 
04-07-18 at 15:09:32:752 Recived 15 
04-07-18 at 15:09:32:752 Send 06 
04-07-18 at 15:09:32:767 Send 02 06 FF 39 1E 00 00 00 DE 
04-07-18 at 15:09:32:782 Recived 06 02 10 FF 39 00 00 00 00 00 00 00 00 00 00 00 00 00 00 D6 
04-07-18 at 15:09:32:797 Send 06 
04-07-18 at 15:11:33:922 Send 05 
04-07-18 at 15:11:33:937 Recived 15 
04-07-18 at 15:11:33:937 Send 06 
04-07-18 at 15:11:33:952 Send 02 06 FF 39 1E 00 00 00 DE 
04-07-18 at 15:11:33:967 Recived 06 02 10 FF 39 00 00 00 00 00 00 00 00 00 00 00 00 00 00 D6 
04-07-18 at 15:11:33:982 Send 06 
04-07-18 at 15:13:35:107 Send 05 
04-07-18 at 15:13:35:122 Recived 15 
04-07-18 at 15:13:35:122 Send 06 
04-07-18 at 15:13:35:137 Send 02 06 FF 39 1E 00 00 00 DE 
04-07-18 at 15:13:35:152 Recived 06 02 10 FF 39 00 00 00 00 00 00 00 00 00 00 00 00 00 00 D6 
04-07-18 at 15:13:35:167 Send 06 
04-07-18 at 15:15:36:292 Send 05 
04-07-18 at 15:15:36:307 Recived 15 
04-07-18 at 15:15:36:307 Send 06 
04-07-18 at 15:15:36:322 Send 02 06 FF 39 1E 00 00 00 DE 
04-07-18 at 15:15:36:337 Recived 06 02 10 FF 39 00 00 00 00 00 00 00 00 00 00 00 00 00 00 D6 
04-07-18 at 15:15:36:352 Send 06 
04-07-18 at 15:17:37:477 Send 05 
04-07-18 at 15:17:37:492 Recived 15 
04-07-18 at 15:17:37:492 Send 06 
04-07-18 at 15:17:37:507 Send 02 06 FF 39 1E 00 00 00 DE 
04-07-18 at 15:17:37:522 Recived 06 02 10 FF 39 00 00 00 00 00 00 00 00 00 00 00 00 00 00 D6 
04-07-18 at 15:17:37:537 Send 06 
04-07-18 at 15:19:38:662 Send 05 
04-07-18 at 15:19:38:677 Recived 15 
04-07-18 at 15:19:38:677 Send 06 
04-07-18 at 15:19:38:692 Send 02 06 FF 39 1E 00 00 00 DE 
04-07-18 at 15:19:38:707 Recived 06 02 10 FF 39 00 00 00 00 00 00 00 00 00 00 00 00 00 00 D6 
04-07-18 at 15:19:38:722 Send 06 
04-07-18 at 15:21:39:847 Send 05 
04-07-18 at 15:21:39:862 Recived 15 
04-07-18 at 15:21:39:862 Send 06 
04-07-18 at 15:21:39:877 Send 02 06 FF 39 1E 00 00 00 DE 
04-07-18 at 15:21:39:892 Recived 06 02 10 FF 39 00 00 00 00 00 00 00 00 00 00 00 00 00 00 D6 
04-07-18 at 15:21:39:907 Send 06 
04-07-18 at 15:23:41:032 Send 05 
04-07-18 at 15:23:41:047 Recived 15 
04-07-18 at 15:23:41:047 Send 06 
04-07-18 at 15:23:41:062 Send 02 06 FF 39 1E 00 00 00 DE 
04-07-18 at 15:23:41:077 Recived 06 02 10 FF 39 00 00 00 00 00 00 00 00 00 00 00 00 00 00 D6 
04-07-18 at 15:23:41:092 Send 06 
04-07-18 at 15:25:42:217 Send 05 
04-07-18 at 15:25:42:232 Recived 15 
04-07-18 at 15:25:42:232 Send 06 
04-07-18 at 15:25:42:247 Send 02 06 FF 39 1E 00 00 00 DE 
04-07-18 at 15:25:42:262 Recived 06 02 10 FF 39 00 00 00 00 00 00 00 00 00 00 00 00 00 00 D6 
04-07-18 at 15:25:42:277 Send 06 
04-07-18 at 15:27:43:402 Send 05 
04-07-18 at 15:27:43:417 Recived 15 
04-07-18 at 15:27:43:417 Send 06 
04-07-18 at 15:27:43:432 Send 02 06 FF 39 1E 00 00 00 DE 
04-07-18 at 15:27:43:447 Recived 06 02 10 FF 39 00 00 00 00 00 00 00 00 00 00 00 00 00 00 D6 
04-07-18 at 15:27:43:462 Send 06 
04-07-18 at 15:29:44:587 Send 05 
04-07-18 at 15:29:44:602 Recived 15 
04-07-18 at 15:29:44:602 Send 06 
04-07-18 at 15:29:44:617 Send 02 06 FF 39 1E 00 00 00 DE 
04-07-18 at 15:29:44:632 Recived 06 02 10 FF 39 00 00 00 00 00 00 00 00 00 00 00 00 00 00 D6 
04-07-18 at 15:29:44:647 Send 06 
04-07-18 at 15:31:45:772 Send 05 
04-07-18 at 15:31:45:787 Recived 15 
04-07-18 at 15:31:45:787 Send 06 
04-07-18 at 15:31:45:802 Send 02 06 FF 39 1E 00 00 00 DE 
04-07-18 at 15:31:45:817 Recived 06 02 10 FF 39 00 00 00 00 00 00 00 00 00 00 00 00 00 00 D6 
04-07-18 at 15:31:45:832 Send 06 
04-07-18 at 15:33:46:957 Send 05 
04-07-18 at 15:33:46:972 Recived 15 
04-07-18 at 15:33:46:972 Send 06 
04-07-18 at 15:33:46:987 Send 02 06 FF 39 1E 00 00 00 DE 
04-07-18 at 15:33:47:002 Recived 06 02 10 FF 39 00 00 00 00 00 00 00 00 00 00 00 00 00 00 D6 
04-07-18 at 15:33:47:017 Send 06 
04-07-18 at 15:34:48:296 total calculated
04-07-18 at 15:34:48:297 now show on display
04-07-18 at 15:34:48:297                     Всего:          0.00
04-07-18 at 15:34:48:297 now clear port error ...
04-07-18 at 15:34:48:297 now write to port ...
04-07-18 at 15:34:48:431 ... done
04-07-18 at 15:34:48:431 total calculated
04-07-18 at 15:34:48:431 now show on display
04-07-18 at 15:34:48:432                     Всего:          0.00
04-07-18 at 15:34:48:432 now clear port error ...
04-07-18 at 15:34:48:432 now write to port ...
04-07-18 at 15:34:48:603 ... done
04-07-18 at 15:34:48:605 111
04-07-18 at 15:34:48:606 Выход из программы
