09-01-18 at 11:21:46:453 Запуск программы. Инициализация считана из файла
09-01-18 at 11:21:46:454 Платежи по картам восстановлены
09-01-18 at 11:21:46:455 total calculated
09-01-18 at 11:21:46:455 now show on display
09-01-18 at 11:21:46:455                     Всего:          0.00
09-01-18 at 11:21:46:455 now open port for display
09-01-18 at 11:21:46:456 Com port opened
09-01-18 at 11:21:46:457 now clear port error ...
09-01-18 at 11:21:46:457 now write to port ...
09-01-18 at 11:21:46:590 ... done
09-01-18 at 11:21:46:590 Чек сжат
09-01-18 at 11:21:46:591 Сумма чека посчитана
09-01-18 at 11:21:46:591 Кардридер создан
09-01-18 at 11:21:46:591 Задание запуска модулей создано
09-01-18 at 11:21:46:591 Сканер создан
09-01-18 at 11:21:46:592 Регистратор создан
09-01-18 at 11:21:46:592 Часы созданы
09-01-18 at 11:21:46:592 Регистратор запущен
09-01-18 at 11:21:46:592 Сканер запущен
09-01-18 at 11:21:46:592 Часы запущены
09-01-18 at 11:21:46:593 Кардридер запущен
09-01-18 at 11:21:46:593 Передача данных запущена
09-01-18 at 11:21:46:593 Вход в FRInit
09-01-18 at 11:21:46:593 Вход в GetStatus
09-01-18 at 11:21:46:608 Send 05 
09-01-18 at 11:21:46:623 Recived 15 
09-01-18 at 11:21:46:623 Send 06 
09-01-18 at 11:21:46:638 Send 02 05 11 1E 00 00 00 0A 
09-01-18 at 11:21:46:653 Recived 06 02 30 11 00 1E 43 31 0E 93 13 04 11 01 06 00 B2 02 02 00 00 4E 41 00 00 01 01 10 09 01 12 0B 15 2E 00 2E 5D 00 00 69 00 00 00 00 00 D2 E9 1E 42 01 00 2A 
09-01-18 at 11:21:46:668 Send 06 
09-01-18 at 11:21:46:669 KKMStatus 0000
09-01-18 at 11:21:46:683 Send 05 
09-01-18 at 11:21:46:698 Recived 15 
09-01-18 at 11:21:46:698 Send 06 
09-01-18 at 11:21:46:713 Send 02 05 11 1E 00 00 00 0A 
09-01-18 at 11:21:46:728 Recived 06 02 30 11 00 1E 43 31 0E 93 13 04 11 01 06 00 B2 02 02 00 00 4E 41 00 00 01 01 10 09 01 12 0B 15 2F 00 2E 5D 00 00 69 00 00 00 00 00 D2 E9 1E 42 01 00 2B 
09-01-18 at 11:21:46:743 Send 06 
09-01-18 at 11:21:46:744 KKMStatus 0200
09-01-18 at 11:21:46:744 Номер ФР считан
09-01-18 at 11:21:46:902 СУБД подключена
09-01-18 at 11:21:46:924 Send 05 
09-01-18 at 11:21:46:939 Recived 15 
09-01-18 at 11:21:46:939 Send 06 
09-01-18 at 11:21:46:954 Send 02 0A 1E 1E 00 00 00 01 01 00 01 01 0A 
09-01-18 at 11:21:46:969 Recived 06 02 02 1E 00 1C 
09-01-18 at 11:21:46:984 Send 06 
09-01-18 at 11:21:46:999 Send 05 
09-01-18 at 11:21:47:014 Recived 15 
09-01-18 at 11:21:47:014 Send 06 
09-01-18 at 11:21:47:029 Send 02 0A 1E 1E 00 00 00 01 01 00 05 02 0D 
09-01-18 at 11:21:47:044 Recived 06 02 02 1E 00 1C 
09-01-18 at 11:21:47:059 Send 06 
09-01-18 at 11:21:47:074 Send 05 
09-01-18 at 11:21:47:089 Recived 15 
09-01-18 at 11:21:47:089 Send 06 
09-01-18 at 11:21:47:104 Send 02 0A 1E 1E 00 00 00 01 01 00 23 01 28 
09-01-18 at 11:21:47:119 Recived 06 02 02 1E 00 1C 
09-01-18 at 11:21:47:134 Send 06 
09-01-18 at 11:21:47:149 Send 05 
09-01-18 at 11:21:47:164 Recived 15 
09-01-18 at 11:21:47:164 Send 06 
09-01-18 at 11:21:47:179 Send 02 0A 1E 1E 00 00 00 01 01 00 06 00 0C 
09-01-18 at 11:21:47:194 Recived 06 02 02 1E 00 1C 
09-01-18 at 11:21:47:209 Send 06 
09-01-18 at 11:21:47:224 Send 05 
09-01-18 at 11:21:47:239 Recived 15 
09-01-18 at 11:21:47:239 Send 06 
09-01-18 at 11:21:47:254 Send 02 0A 1E 1E 00 00 00 01 01 00 07 01 0C 
09-01-18 at 11:21:47:269 Recived 06 02 02 1E 00 1C 
09-01-18 at 11:21:47:284 Send 06 
09-01-18 at 11:21:47:299 Send 05 
09-01-18 at 11:21:47:314 Recived 15 
09-01-18 at 11:21:47:314 Send 06 
09-01-18 at 11:21:47:329 Send 02 0A 1E 1E 00 00 00 01 01 00 14 01 1F 
09-01-18 at 11:21:47:344 Recived 06 02 02 1E 00 1C 
09-01-18 at 11:21:47:359 Send 06 
09-01-18 at 11:21:47:374 Send 05 
09-01-18 at 11:21:47:389 Recived 15 
09-01-18 at 11:21:47:389 Send 06 
09-01-18 at 11:21:47:404 Send 02 0A 1E 1E 00 00 00 01 01 00 15 01 1E 
09-01-18 at 11:21:47:419 Recived 06 02 02 1E 00 1C 
09-01-18 at 11:21:47:434 Send 06 
09-01-18 at 11:21:47:449 Send 05 
09-01-18 at 11:21:47:464 Recived 15 
09-01-18 at 11:21:47:464 Send 06 
09-01-18 at 11:21:47:479 Send 02 0A 1E 1E 00 00 00 01 01 00 0F 00 05 
09-01-18 at 11:21:47:494 Recived 06 02 02 1E 00 1C 
09-01-18 at 11:21:47:509 Send 06 
09-01-18 at 11:21:47:524 Send 05 
09-01-18 at 11:21:47:539 Recived 15 
09-01-18 at 11:21:47:539 Send 06 
09-01-18 at 11:21:47:554 Send 02 0A 1E 1E 00 00 00 01 01 00 11 00 1B 
09-01-18 at 11:21:47:569 Recived 06 02 02 1E 00 1C 
09-01-18 at 11:21:47:584 Send 06 
09-01-18 at 11:21:47:599 Send 05 
09-01-18 at 11:21:47:614 Recived 15 
09-01-18 at 11:21:47:614 Send 06 
09-01-18 at 11:21:47:629 Send 02 0A 1E 1E 00 00 00 11 01 00 03 02 1B 
09-01-18 at 11:21:47:644 Recived 06 02 02 1E 00 1C 
09-01-18 at 11:21:47:659 Send 06 
09-01-18 at 11:21:47:674 Send 05 
09-01-18 at 11:21:47:689 Recived 15 
09-01-18 at 11:21:47:689 Send 06 
09-01-18 at 11:21:47:704 Send 02 0A 1E 1E 00 00 00 01 01 00 29 01 22 
09-01-18 at 11:21:47:719 Recived 06 02 02 1E 00 1C 
09-01-18 at 11:21:47:734 Send 06 
09-01-18 at 11:21:47:749 Send 05 
09-01-18 at 11:21:47:764 Recived 15 
09-01-18 at 11:21:47:764 Send 06 
09-01-18 at 11:21:47:779 Send 02 26 1E 1E 00 00 00 04 0C 00 01 20 20 20 20 20 20 20 20 20 20 20 C4 CE C1 D0 CE 20 CF CE C6 C0 CB CE C2 C0 D2 DC 21 00 D5 
09-01-18 at 11:21:47:797 Recived 06 02 02 1E 00 1C 
09-01-18 at 11:21:47:812 Send 06 
09-01-18 at 11:21:47:827 Send 05 
09-01-18 at 11:21:47:842 Recived 15 
09-01-18 at 11:21:47:842 Send 06 
09-01-18 at 11:21:47:857 Send 02 29 1E 1E 00 00 00 04 0D 00 01 20 20 20 20 20 20 20 20 CE CE CE 20 CA EE EC EF E0 ED E8 FF 20 27 CA CE CB CE D0 CB CE CD 27 00 CB 
09-01-18 at 11:21:47:875 Recived 06 02 02 1E 00 1C 
09-01-18 at 11:21:47:890 Send 06 
09-01-18 at 11:21:47:905 Send 05 
09-01-18 at 11:21:47:920 Recived 15 
09-01-18 at 11:21:47:920 Send 06 
09-01-18 at 11:21:47:935 Send 02 2D 1E 1E 00 00 00 04 0E 00 01 20 20 20 20 20 CC E0 E3 E0 E7 E8 ED 20 27 C2 F1 E5 20 F2 EE E2 E0 F0 FB 20 E4 EB FF 20 E4 EE EC E0 27 20 00 DE 
09-01-18 at 11:21:47:953 Recived 06 02 02 1E 00 1C 
09-01-18 at 11:21:47:968 Send 06 
09-01-18 at 11:21:48:049 now clear port error ...
09-01-18 at 11:21:48:049 now write to port ...
09-01-18 at 11:21:48:182 ... done
09-01-18 at 11:21:48:208 Send 05 
09-01-18 at 11:21:48:223 Recived 15 
09-01-18 at 11:21:48:223 Send 06 
09-01-18 at 11:21:48:238 Send 02 06 1A 1E 00 00 00 79 7B 
09-01-18 at 11:21:48:253 Recived 06 02 09 1A 00 1E 00 00 00 00 00 00 0D 
09-01-18 at 11:21:48:268 Send 06 
09-01-18 at 11:21:50:426 Cardreader  Антонов Сергей 
09-01-18 at 11:21:50:432 Send 05 
09-01-18 at 11:21:50:448 Recived 15 
09-01-18 at 11:21:50:448 Send 06 
09-01-18 at 11:21:50:463 Send 02 20 1E 1E 00 00 00 02 1E 00 02 CA E0 F1 F1 E8 F0 20 C0 ED F2 EE ED EE E2 20 D1 E5 F0 E3 E5 E9 20 00 D7 
09-01-18 at 11:21:50:481 Recived 06 02 02 1E 00 1C 
09-01-18 at 11:21:50:496 Send 06 
09-01-18 at 11:21:50:501 now clear port error ...
09-01-18 at 11:21:50:501 now write to port ...
09-01-18 at 11:21:50:634 ... done
09-01-18 at 11:21:51:426 Send 05 
09-01-18 at 11:21:51:441 Recived 15 
09-01-18 at 11:21:51:441 Send 06 
09-01-18 at 11:21:51:456 Send 02 06 FF 39 1E 00 00 00 DE 
09-01-18 at 11:21:51:471 Recived 06 02 10 FF 39 00 05 00 05 00 53 02 00 00 11 0C 14 09 2B AC 
09-01-18 at 11:21:51:486 Send 06 
09-01-18 at 11:21:54:874 114
09-01-18 at 11:21:54:874 014
09-01-18 at 11:21:54:875 total calculated
09-01-18 at 11:21:54:875 now show on display
09-01-18 at 11:21:54:875                     Всего:          0.00
09-01-18 at 11:21:54:875 now clear port error ...
09-01-18 at 11:21:54:876 now write to port ...
09-01-18 at 11:21:55:009 ... done
09-01-18 at 11:21:55:146 114
09-01-18 at 11:21:55:146 014
09-01-18 at 11:21:55:417 114
09-01-18 at 11:21:55:418 014
09-01-18 at 11:21:58:005 114
09-01-18 at 11:21:58:005 014
09-01-18 at 11:21:59:185 114
09-01-18 at 11:21:59:186 014
09-01-18 at 11:22:00:082 114
09-01-18 at 11:22:00:082 014
09-01-18 at 11:22:01:921 114
09-01-18 at 11:22:01:922 014
09-01-18 at 11:22:02:257 114
09-01-18 at 11:22:02:258 014
09-01-18 at 11:22:07:457 114
09-01-18 at 11:22:07:457 014
09-01-18 at 11:22:08:473 114
09-01-18 at 11:22:08:473 014
09-01-18 at 11:22:08:825 114
09-01-18 at 11:22:08:825 014
09-01-18 at 11:22:09:249 114
09-01-18 at 11:22:09:249 014
09-01-18 at 11:22:09:585 114
09-01-18 at 11:22:09:585 014
09-01-18 at 11:22:13:144 114
09-01-18 at 11:22:13:145 014
09-01-18 at 11:22:13:145 114
09-01-18 at 11:22:13:145 014
09-01-18 at 11:22:13:163 total calculated
09-01-18 at 11:22:13:163 now show on display
09-01-18 at 11:22:13:164                     Всего:          0.00
09-01-18 at 11:22:13:164 now clear port error ...
09-01-18 at 11:22:13:165 now write to port ...
09-01-18 at 11:22:13:298 ... done
09-01-18 at 11:22:14:752 114
09-01-18 at 11:22:14:753 014
09-01-18 at 11:22:28:399 114
09-01-18 at 11:22:28:400 014
09-01-18 at 11:22:28:400 total calculated
09-01-18 at 11:22:28:400 now show on display
09-01-18 at 11:22:28:401                     Всего:          0.00
09-01-18 at 11:22:28:401 now clear port error ...
09-01-18 at 11:22:28:401 now write to port ...
09-01-18 at 11:22:28:535 ... done
09-01-18 at 11:22:28:704 114
09-01-18 at 11:22:28:704 014
09-01-18 at 11:22:28:967 114
09-01-18 at 11:22:28:968 014
09-01-18 at 11:22:30:456 114
09-01-18 at 11:22:30:456 014
09-01-18 at 11:22:30:735 114
09-01-18 at 11:22:30:736 014
09-01-18 at 11:22:31:103 114
09-01-18 at 11:22:31:104 014
09-01-18 at 11:22:32:927 114
09-01-18 at 11:22:32:927 014
09-01-18 at 11:22:33:799 114
09-01-18 at 11:22:33:800 014
09-01-18 at 11:22:34:575 114
09-01-18 at 11:22:34:575 014
09-01-18 at 11:22:35:231 114
09-01-18 at 11:22:35:231 014
09-01-18 at 11:22:35:823 114
09-01-18 at 11:22:35:823 014
09-01-18 at 11:22:36:367 114
09-01-18 at 11:22:36:367 014
09-01-18 at 11:22:37:279 114
09-01-18 at 11:22:37:279 014
09-01-18 at 11:22:38:487 114
09-01-18 at 11:22:38:487 014
09-01-18 at 11:22:38:487 114
09-01-18 at 11:22:38:488 014
09-01-18 at 11:22:38:840 114
09-01-18 at 11:22:38:840 014
09-01-18 at 11:22:38:840 101
09-01-18 at 11:22:38:840 001
09-01-18 at 11:22:38:841 total calculated
09-01-18 at 11:22:38:841 now show on display
09-01-18 at 11:22:38:842 Линолеум п/ком   699Всего:          0.00
09-01-18 at 11:22:38:842 now clear port error ...
09-01-18 at 11:22:38:842 now write to port ...
09-01-18 at 11:22:38:976 ... done
09-01-18 at 11:22:52:894 114
09-01-18 at 11:22:52:894 014
09-01-18 at 11:22:53:206 114
09-01-18 at 11:22:53:206 014
09-01-18 at 11:22:53:646 114
09-01-18 at 11:22:53:646 014
09-01-18 at 11:22:54:630 114
09-01-18 at 11:22:54:630 014
09-01-18 at 11:22:54:750 114
09-01-18 at 11:22:54:750 014
09-01-18 at 11:22:55:526 114
09-01-18 at 11:22:55:526 014
09-01-18 at 11:22:56:757 114
09-01-18 at 11:22:56:758 014
09-01-18 at 11:22:56:998 114
09-01-18 at 11:22:56:998 014
09-01-18 at 11:22:57:206 114
09-01-18 at 11:22:57:206 014
09-01-18 at 11:22:59:509 114
09-01-18 at 11:22:59:509 014
09-01-18 at 11:22:59:510 102
09-01-18 at 11:22:59:510 002
09-01-18 at 11:22:59:510 total calculated
09-01-18 at 11:22:59:511 now show on display
09-01-18 at 11:22:59:511 Линолеум п/ком   699Всего:       6116.25
09-01-18 at 11:22:59:511 now clear port error ...
09-01-18 at 11:22:59:511 now write to port ...
09-01-18 at 11:22:59:644 ... done
09-01-18 at 11:23:53:061 Send 05 
09-01-18 at 11:23:53:076 Recived 15 
09-01-18 at 11:23:53:076 Send 06 
09-01-18 at 11:23:53:091 Send 02 06 FF 39 1E 00 00 00 DE 
09-01-18 at 11:23:53:106 Recived 06 02 10 FF 39 00 02 00 05 00 53 02 00 00 11 0C 14 09 2B AB 
09-01-18 at 11:23:53:121 Send 06 
09-01-18 at 11:24:44:575 114
09-01-18 at 11:24:44:575 014
09-01-18 at 11:24:44:576 total calculated
09-01-18 at 11:24:44:576 now show on display
09-01-18 at 11:24:44:577 Линолеум п/ком   699Всего:       6116.25
09-01-18 at 11:24:44:577 now clear port error ...
09-01-18 at 11:24:44:577 now write to port ...
09-01-18 at 11:24:44:711 ... done
09-01-18 at 11:24:44:751 114
09-01-18 at 11:24:44:751 014
09-01-18 at 11:24:45:391 114
09-01-18 at 11:24:45:391 014
09-01-18 at 11:24:46:295 114
09-01-18 at 11:24:46:295 014
09-01-18 at 11:24:46:990 114
09-01-18 at 11:24:46:991 014
09-01-18 at 11:24:47:150 114
09-01-18 at 11:24:47:151 014
09-01-18 at 11:24:49:958 114
09-01-18 at 11:24:49:958 014
09-01-18 at 11:24:50:406 114
09-01-18 at 11:24:50:407 014
09-01-18 at 11:24:50:582 114
09-01-18 at 11:24:50:583 014
09-01-18 at 11:24:52:446 114
09-01-18 at 11:24:52:447 014
09-01-18 at 11:24:53:262 114
09-01-18 at 11:24:53:262 014
09-01-18 at 11:24:53:494 114
09-01-18 at 11:24:53:494 014
09-01-18 at 11:24:54:326 114
09-01-18 at 11:24:54:326 014
09-01-18 at 11:24:54:326 114
09-01-18 at 11:24:54:327 014
09-01-18 at 11:24:58:418 total calculated
09-01-18 at 11:24:58:418 now show on display
09-01-18 at 11:24:58:419 Линолеум п/ком   699Всего:       6116.25
09-01-18 at 11:24:58:419 now clear port error ...
09-01-18 at 11:24:58:419 now write to port ...
09-01-18 at 11:24:58:553 ... done
09-01-18 at 11:24:58:553 Попытка входа в критическую секцию: дисконт
09-01-18 at 11:24:58:554 total calculated
09-01-18 at 11:24:58:555 now show on display
09-01-18 at 11:24:58:555 Линолеум п/ком   699Всего:       5816.30
09-01-18 at 11:24:58:555 now clear port error ...
09-01-18 at 11:24:58:555 now write to port ...
09-01-18 at 11:24:58:724 ... done
09-01-18 at 11:25:04:238 114
09-01-18 at 11:25:04:238 014
09-01-18 at 11:25:04:239 Попытка входа в критическую секцию: дисконт
09-01-18 at 11:25:04:239 total calculated
09-01-18 at 11:25:04:240 now show on display
09-01-18 at 11:25:04:240 Линолеум п/ком   699Всего:       5816.30
09-01-18 at 11:25:04:240 now clear port error ...
09-01-18 at 11:25:04:240 now write to port ...
09-01-18 at 11:25:04:374 ... done
09-01-18 at 11:25:04:413 114
09-01-18 at 11:25:04:414 014
09-01-18 at 11:25:04:973 114
09-01-18 at 11:25:04:973 014
09-01-18 at 11:25:05:165 114
09-01-18 at 11:25:05:165 014
09-01-18 at 11:25:07:789 114
09-01-18 at 11:25:07:790 014
09-01-18 at 11:25:08:085 114
09-01-18 at 11:25:08:085 014
09-01-18 at 11:25:08:501 114
09-01-18 at 11:25:08:501 014
09-01-18 at 11:25:10:333 114
09-01-18 at 11:25:10:334 014
09-01-18 at 11:25:10:581 114
09-01-18 at 11:25:10:581 014
09-01-18 at 11:25:10:725 114
09-01-18 at 11:25:10:725 014
09-01-18 at 11:25:11:005 114
09-01-18 at 11:25:11:005 014
09-01-18 at 11:25:11:005 114
09-01-18 at 11:25:11:005 014
09-01-18 at 11:25:12:258 Попытка входа в критическую секцию: дисконт
09-01-18 at 11:25:12:258 total calculated
09-01-18 at 11:25:12:258 now show on display
09-01-18 at 11:25:12:258 Линолеум п/ком   699Всего:       5816.30
09-01-18 at 11:25:12:259 now clear port error ...
09-01-18 at 11:25:12:259 now write to port ...
09-01-18 at 11:25:12:392 ... done
09-01-18 at 11:25:12:393 Попытка входа в критическую секцию: дисконт
09-01-18 at 11:25:12:395 total calculated
09-01-18 at 11:25:12:395 now show on display
09-01-18 at 11:25:12:395 Линолеум п/ком   699Всего:       5516.35
09-01-18 at 11:25:12:395 now clear port error ...
09-01-18 at 11:25:12:396 now write to port ...
09-01-18 at 11:25:12:564 ... done
09-01-18 at 11:25:20:572 114
09-01-18 at 11:25:20:572 014
09-01-18 at 11:25:20:574 Попытка входа в критическую секцию: дисконт
09-01-18 at 11:25:20:575 total calculated
09-01-18 at 11:25:20:575 now show on display
09-01-18 at 11:25:20:576 Линолеум п/ком   699Всего:       5516.35
09-01-18 at 11:25:20:576 now clear port error ...
09-01-18 at 11:25:20:576 now write to port ...
09-01-18 at 11:25:20:710 ... done
09-01-18 at 11:25:20:796 114
09-01-18 at 11:25:20:797 014
09-01-18 at 11:25:21:508 114
09-01-18 at 11:25:21:508 014
09-01-18 at 11:25:23:692 114
09-01-18 at 11:25:23:693 014
09-01-18 at 11:25:25:108 114
09-01-18 at 11:25:25:108 014
09-01-18 at 11:25:27:140 114
09-01-18 at 11:25:27:140 014
09-01-18 at 11:25:27:396 114
09-01-18 at 11:25:27:396 014
09-01-18 at 11:25:27:668 114
09-01-18 at 11:25:27:668 014
09-01-18 at 11:25:29:364 114
09-01-18 at 11:25:29:364 014
09-01-18 at 11:25:29:548 114
09-01-18 at 11:25:29:548 014
09-01-18 at 11:25:29:924 114
09-01-18 at 11:25:29:924 014
09-01-18 at 11:25:29:924 114
09-01-18 at 11:25:29:924 014
09-01-18 at 11:25:31:336 Попытка входа в критическую секцию: дисконт
09-01-18 at 11:25:31:336 total calculated
09-01-18 at 11:25:31:337 now show on display
09-01-18 at 11:25:31:337 Линолеум п/ком   699Всего:       5516.35
09-01-18 at 11:25:31:337 now clear port error ...
09-01-18 at 11:25:31:337 now write to port ...
09-01-18 at 11:25:31:471 ... done
09-01-18 at 11:25:31:472 Попытка входа в критическую секцию: дисконт
09-01-18 at 11:25:31:474 total calculated
09-01-18 at 11:25:31:474 now show on display
09-01-18 at 11:25:31:474 Линолеум п/ком   699Всего:       5216.40
09-01-18 at 11:25:31:474 now clear port error ...
09-01-18 at 11:25:31:475 now write to port ...
09-01-18 at 11:25:31:643 ... done
09-01-18 at 11:25:38:707  Нажата клавиша F10.
09-01-18 at 11:25:38:707 114
09-01-18 at 11:25:38:708 014
09-01-18 at 11:25:38:708 115
09-01-18 at 11:25:38:708 015
09-01-18 at 11:25:38:709 Попытка входа в критическую секцию: дисконт
09-01-18 at 11:25:38:711 total calculated
09-01-18 at 11:25:38:711 now show on display
09-01-18 at 11:25:38:712 Линолеум п/ком   699Всего:       5216.31
09-01-18 at 11:25:38:712 now clear port error ...
09-01-18 at 11:25:38:712 now write to port ...
09-01-18 at 11:25:38:846 ... done
09-01-18 at 11:25:38:915 now clear port error ...
09-01-18 at 11:25:38:916 now write to port ...
09-01-18 at 11:25:39:049 ... done
09-01-18 at 11:25:54:246 Send 05 
09-01-18 at 11:25:54:261 Recived 15 
09-01-18 at 11:25:54:261 Send 06 
09-01-18 at 11:25:54:276 Send 02 06 FF 39 1E 00 00 00 DE 
09-01-18 at 11:25:54:291 Recived 06 02 10 FF 39 00 02 00 05 00 53 02 00 00 11 0C 14 09 2B AB 
09-01-18 at 11:25:54:306 Send 06 
09-01-18 at 11:27:55:431 Send 05 
09-01-18 at 11:27:55:446 Recived 15 
09-01-18 at 11:27:55:446 Send 06 
09-01-18 at 11:27:55:461 Send 02 06 FF 39 1E 00 00 00 DE 
09-01-18 at 11:27:55:476 Recived 06 02 10 FF 39 00 02 00 05 00 53 02 00 00 11 0C 14 09 2B AB 
09-01-18 at 11:27:55:491 Send 06 
09-01-18 at 11:29:11:561 116
09-01-18 at 11:29:11:562 016
09-01-18 at 11:29:11:562 Попытка очистки таблицы
09-01-18 at 11:29:11:562 Попытка очистки успешна
09-01-18 at 11:29:12:357  Нажата клавиша F10.
09-01-18 at 11:29:12:357 114
09-01-18 at 11:29:12:357 014
09-01-18 at 11:29:12:358 115
09-01-18 at 11:29:12:358 015
09-01-18 at 11:29:12:359 Попытка входа в критическую секцию: дисконт
09-01-18 at 11:29:12:361 total calculated
09-01-18 at 11:29:12:361 now show on display
09-01-18 at 11:29:12:361 Линолеум п/ком   699Всего:       5216.40
09-01-18 at 11:29:12:362 now clear port error ...
09-01-18 at 11:29:12:362 now write to port ...
09-01-18 at 11:29:12:495 ... done
09-01-18 at 11:29:12:536 now clear port error ...
09-01-18 at 11:29:12:536 now write to port ...
09-01-18 at 11:29:12:670 ... done
09-01-18 at 11:29:13:369 116
09-01-18 at 11:29:13:369 016
09-01-18 at 11:29:13:369 Попытка очистки таблицы
09-01-18 at 11:29:13:370 Попытка очистки успешна
09-01-18 at 11:29:14:077  Нажата клавиша F10.
09-01-18 at 11:29:14:078 114
09-01-18 at 11:29:14:078 014
09-01-18 at 11:29:14:078 115
09-01-18 at 11:29:14:078 015
09-01-18 at 11:29:14:079 Попытка входа в критическую секцию: дисконт
09-01-18 at 11:29:14:080 total calculated
09-01-18 at 11:29:14:080 now show on display
09-01-18 at 11:29:14:080 Линолеум п/ком   699Всего:       5216.40
09-01-18 at 11:29:14:080 now clear port error ...
09-01-18 at 11:29:14:081 now write to port ...
09-01-18 at 11:29:14:214 ... done
09-01-18 at 11:29:14:222 now clear port error ...
09-01-18 at 11:29:14:223 now write to port ...
09-01-18 at 11:29:14:386 ... done
09-01-18 at 11:29:15:913 116
09-01-18 at 11:29:15:913 016
09-01-18 at 11:29:15:913 Попытка очистки таблицы
09-01-18 at 11:29:15:913 Попытка очистки успешна
09-01-18 at 11:29:16:925  Нажата клавиша F10.
09-01-18 at 11:29:16:925 114
09-01-18 at 11:29:16:925 014
09-01-18 at 11:29:16:926 115
09-01-18 at 11:29:16:926 015
09-01-18 at 11:29:16:927 Попытка входа в критическую секцию: дисконт
09-01-18 at 11:29:16:927 total calculated
09-01-18 at 11:29:16:928 now show on display
09-01-18 at 11:29:16:928 Линолеум п/ком   699Всего:       5216.40
09-01-18 at 11:29:16:928 now clear port error ...
09-01-18 at 11:29:16:928 now write to port ...
09-01-18 at 11:29:17:062 ... done
09-01-18 at 11:29:17:071 now clear port error ...
09-01-18 at 11:29:17:072 now write to port ...
09-01-18 at 11:29:17:234 ... done
09-01-18 at 11:29:56:721 Send 05 
09-01-18 at 11:29:56:736 Recived 15 
09-01-18 at 11:29:56:736 Send 06 
09-01-18 at 11:29:56:751 Send 02 06 FF 39 1E 00 00 00 DE 
09-01-18 at 11:29:56:766 Recived 06 02 10 FF 39 00 03 00 05 00 53 02 00 00 11 0C 14 09 2B AA 
09-01-18 at 11:29:56:781 Send 06 
09-01-18 at 11:30:44:739 116
09-01-18 at 11:30:44:739 016
09-01-18 at 11:30:44:739 Попытка очистки таблицы
09-01-18 at 11:30:44:740 Попытка очистки успешна
09-01-18 at 11:30:45:768 Попытка входа в критическую секцию: дисконт
09-01-18 at 11:30:45:768 total calculated
09-01-18 at 11:30:45:769 now show on display
09-01-18 at 11:30:45:769 Линолеум п/ком   699Всего:       5216.40
09-01-18 at 11:30:45:769 now clear port error ...
09-01-18 at 11:30:45:769 now write to port ...
09-01-18 at 11:30:45:903 ... done
09-01-18 at 11:30:45:904 Попытка входа в критическую секцию: дисконт
09-01-18 at 11:30:45:904 total calculated
09-01-18 at 11:30:45:905 now show on display
09-01-18 at 11:30:45:905 Линолеум п/ком   699Всего:       5216.40
09-01-18 at 11:30:45:905 now clear port error ...
09-01-18 at 11:30:45:905 now write to port ...
09-01-18 at 11:30:46:075 ... done
09-01-18 at 11:30:46:077 111
09-01-18 at 11:30:46:077 Выход из программы
09-01-18 at 11:30:48:492 Запуск программы. Инициализация считана из файла
09-01-18 at 11:30:48:492 Чек загружен.
09-01-18 at 11:30:48:492 Платежи по картам восстановлены
09-01-18 at 11:30:48:493 Попытка входа в критическую секцию: дисконт
09-01-18 at 11:30:48:493 total calculated
09-01-18 at 11:30:48:493 now show on display
09-01-18 at 11:30:48:493                     Всего:       5216.40
09-01-18 at 11:30:48:494 now open port for display
09-01-18 at 11:30:48:495 Com port opened
09-01-18 at 11:30:48:495 now clear port error ...
09-01-18 at 11:30:48:495 now write to port ...
09-01-18 at 11:30:48:629 ... done
09-01-18 at 11:30:48:629 Чек сжат
09-01-18 at 11:30:48:629 Сумма чека посчитана
09-01-18 at 11:30:48:630 Кардридер создан
09-01-18 at 11:30:48:630 Задание запуска модулей создано
09-01-18 at 11:30:48:630 Сканер создан
09-01-18 at 11:30:48:631 Регистратор создан
09-01-18 at 11:30:48:631 Часы созданы
09-01-18 at 11:30:48:632 Регистратор запущен
09-01-18 at 11:30:48:632 Сканер запущен
09-01-18 at 11:30:48:632 Часы запущены
09-01-18 at 11:30:48:632 Кардридер запущен
09-01-18 at 11:30:48:634 Передача данных запущена
09-01-18 at 11:30:48:634 Вход в FRInit
09-01-18 at 11:30:48:635 Вход в GetStatus
09-01-18 at 11:30:48:652 Send 05 
09-01-18 at 11:30:48:667 Recived 15 
09-01-18 at 11:30:48:667 Send 06 
09-01-18 at 11:30:48:682 Send 02 05 11 1E 00 00 00 0A 
09-01-18 at 11:30:48:697 Recived 06 02 30 11 00 1E 43 31 0E 93 13 04 11 01 06 00 B2 02 02 00 00 4E 41 00 00 01 01 10 09 01 12 0B 1E 31 00 2E 5D 00 00 69 00 00 00 00 00 D2 E9 1E 42 01 00 3E 
09-01-18 at 11:30:48:712 Send 06 
09-01-18 at 11:30:48:717 KKMStatus 0000
09-01-18 at 11:30:48:727 Send 05 
09-01-18 at 11:30:48:742 Recived 15 
09-01-18 at 11:30:48:742 Send 06 
09-01-18 at 11:30:48:757 Send 02 05 11 1E 00 00 00 0A 
09-01-18 at 11:30:48:772 Recived 06 02 30 11 00 1E 43 31 0E 93 13 04 11 01 06 00 B2 02 02 00 00 4E 41 00 00 01 01 10 09 01 12 0B 1E 31 00 2E 5D 00 00 69 00 00 00 00 00 D2 E9 1E 42 01 00 3E 
09-01-18 at 11:30:48:787 Send 06 
09-01-18 at 11:30:48:792 KKMStatus 0200
09-01-18 at 11:30:48:792 Номер ФР считан
09-01-18 at 11:30:48:970 СУБД подключена
09-01-18 at 11:30:48:996 Send 05 
09-01-18 at 11:30:49:011 Recived 15 
09-01-18 at 11:30:49:011 Send 06 
09-01-18 at 11:30:49:026 Send 02 0A 1E 1E 00 00 00 01 01 00 01 01 0A 
09-01-18 at 11:30:49:041 Recived 06 02 02 1E 00 1C 
09-01-18 at 11:30:49:056 Send 06 
09-01-18 at 11:30:49:071 Send 05 
09-01-18 at 11:30:49:086 Recived 15 
09-01-18 at 11:30:49:086 Send 06 
09-01-18 at 11:30:49:101 Send 02 0A 1E 1E 00 00 00 01 01 00 05 02 0D 
09-01-18 at 11:30:49:116 Recived 06 02 02 1E 00 1C 
09-01-18 at 11:30:49:131 Send 06 
09-01-18 at 11:30:49:146 Send 05 
09-01-18 at 11:30:49:161 Recived 15 
09-01-18 at 11:30:49:161 Send 06 
09-01-18 at 11:30:49:176 Send 02 0A 1E 1E 00 00 00 01 01 00 23 01 28 
09-01-18 at 11:30:49:191 Recived 06 02 02 1E 00 1C 
09-01-18 at 11:30:49:206 Send 06 
09-01-18 at 11:30:49:221 Send 05 
09-01-18 at 11:30:49:236 Recived 15 
09-01-18 at 11:30:49:236 Send 06 
09-01-18 at 11:30:49:251 Send 02 0A 1E 1E 00 00 00 01 01 00 06 00 0C 
09-01-18 at 11:30:49:266 Recived 06 02 02 1E 00 1C 
09-01-18 at 11:30:49:281 Send 06 
09-01-18 at 11:30:49:296 Send 05 
09-01-18 at 11:30:49:311 Recived 15 
09-01-18 at 11:30:49:311 Send 06 
09-01-18 at 11:30:49:326 Send 02 0A 1E 1E 00 00 00 01 01 00 07 01 0C 
09-01-18 at 11:30:49:341 Recived 06 02 02 1E 00 1C 
09-01-18 at 11:30:49:356 Send 06 
09-01-18 at 11:30:49:371 Send 05 
09-01-18 at 11:30:49:386 Recived 15 
09-01-18 at 11:30:49:386 Send 06 
09-01-18 at 11:30:49:401 Send 02 0A 1E 1E 00 00 00 01 01 00 14 01 1F 
09-01-18 at 11:30:49:416 Recived 06 02 02 1E 00 1C 
09-01-18 at 11:30:49:431 Send 06 
09-01-18 at 11:30:49:446 Send 05 
09-01-18 at 11:30:49:461 Recived 15 
09-01-18 at 11:30:49:461 Send 06 
09-01-18 at 11:30:49:476 Send 02 0A 1E 1E 00 00 00 01 01 00 15 01 1E 
09-01-18 at 11:30:49:491 Recived 06 02 02 1E 00 1C 
09-01-18 at 11:30:49:506 Send 06 
09-01-18 at 11:30:49:521 Send 05 
09-01-18 at 11:30:49:536 Recived 15 
09-01-18 at 11:30:49:536 Send 06 
09-01-18 at 11:30:49:551 Send 02 0A 1E 1E 00 00 00 01 01 00 0F 00 05 
09-01-18 at 11:30:49:566 Recived 06 02 02 1E 00 1C 
09-01-18 at 11:30:49:581 Send 06 
09-01-18 at 11:30:49:596 Send 05 
09-01-18 at 11:30:49:611 Recived 15 
09-01-18 at 11:30:49:611 Send 06 
09-01-18 at 11:30:49:626 Send 02 0A 1E 1E 00 00 00 01 01 00 11 00 1B 
09-01-18 at 11:30:49:641 Recived 06 02 02 1E 00 1C 
09-01-18 at 11:30:49:656 Send 06 
09-01-18 at 11:30:49:671 Send 05 
09-01-18 at 11:30:49:686 Recived 15 
09-01-18 at 11:30:49:686 Send 06 
09-01-18 at 11:30:49:701 Send 02 0A 1E 1E 00 00 00 11 01 00 03 02 1B 
09-01-18 at 11:30:49:716 Recived 06 02 02 1E 00 1C 
09-01-18 at 11:30:49:731 Send 06 
09-01-18 at 11:30:49:746 Send 05 
09-01-18 at 11:30:49:761 Recived 15 
09-01-18 at 11:30:49:761 Send 06 
09-01-18 at 11:30:49:776 Send 02 0A 1E 1E 00 00 00 01 01 00 29 01 22 
09-01-18 at 11:30:49:791 Recived 06 02 02 1E 00 1C 
09-01-18 at 11:30:49:806 Send 06 
09-01-18 at 11:30:49:821 Send 05 
09-01-18 at 11:30:49:836 Recived 15 
09-01-18 at 11:30:49:836 Send 06 
09-01-18 at 11:30:49:851 Send 02 26 1E 1E 00 00 00 04 0C 00 01 20 20 20 20 20 20 20 20 20 20 20 C4 CE C1 D0 CE 20 CF CE C6 C0 CB CE C2 C0 D2 DC 21 00 D5 
09-01-18 at 11:30:49:869 Recived 06 
09-01-18 at 11:30:49:914 Recived 02 02 1E 00 1C 
09-01-18 at 11:30:49:929 Send 06 
09-01-18 at 11:30:49:944 Send 05 
09-01-18 at 11:30:49:959 Recived 15 
09-01-18 at 11:30:49:959 Send 06 
09-01-18 at 11:30:49:974 Send 02 29 1E 1E 00 00 00 04 0D 00 01 20 20 20 20 20 20 20 20 CE CE CE 20 CA EE EC EF E0 ED E8 FF 20 27 CA CE CB CE D0 CB CE CD 27 00 CB 
09-01-18 at 11:30:49:992 Recived 06 02 02 1E 00 1C 
09-01-18 at 11:30:50:007 Send 06 
09-01-18 at 11:30:50:022 Send 05 
09-01-18 at 11:30:50:037 Recived 15 
09-01-18 at 11:30:50:037 Send 06 
09-01-18 at 11:30:50:052 Send 02 2D 1E 1E 00 00 00 04 0E 00 01 20 20 20 20 20 CC E0 E3 E0 E7 E8 ED 20 27 C2 F1 E5 20 F2 EE E2 E0 F0 FB 20 E4 EB FF 20 E4 EE EC E0 27 20 00 DE 
09-01-18 at 11:30:50:070 Recived 06 02 02 1E 00 1C 
09-01-18 at 11:30:50:085 Send 06 
09-01-18 at 11:30:50:195 now clear port error ...
09-01-18 at 11:30:50:195 now write to port ...
09-01-18 at 11:30:50:329 ... done
09-01-18 at 11:30:50:355 Send 05 
09-01-18 at 11:30:50:370 Recived 15 
09-01-18 at 11:30:50:370 Send 06 
09-01-18 at 11:30:50:385 Send 02 06 1A 1E 00 00 00 79 7B 
09-01-18 at 11:30:50:400 Recived 06 02 09 1A 00 1E 00 00 00 00 00 00 0D 
09-01-18 at 11:30:50:415 Send 06 
09-01-18 at 11:30:52:565 Cardreader  Антонов Сергей 
09-01-18 at 11:30:52:575 Send 05 
09-01-18 at 11:30:52:591 Recived 15 
09-01-18 at 11:30:52:591 Send 06 
09-01-18 at 11:30:52:606 Send 02 20 1E 1E 00 00 00 02 1E 00 02 CA E0 F1 F1 E8 F0 20 C0 ED F2 EE ED EE E2 20 D1 E5 F0 E3 E5 E9 20 00 D7 
09-01-18 at 11:30:52:624 Recived 06 02 02 1E 00 1C 
09-01-18 at 11:30:52:639 Send 06 
09-01-18 at 11:30:52:640 now clear port error ...
09-01-18 at 11:30:52:640 now write to port ...
09-01-18 at 11:30:52:773 ... done
09-01-18 at 11:30:53:569 Send 05 
09-01-18 at 11:30:53:584 Recived 15 
09-01-18 at 11:30:53:584 Send 06 
09-01-18 at 11:30:53:599 Send 02 06 FF 39 1E 00 00 00 DE 
09-01-18 at 11:30:53:614 Recived 06 02 10 FF 39 00 05 00 05 00 53 02 00 00 11 0C 14 09 2B AC 
09-01-18 at 11:30:53:629 Send 06 
09-01-18 at 11:30:55:078  Нажата клавиша F10.
09-01-18 at 11:30:55:079 114
09-01-18 at 11:30:55:079 014
09-01-18 at 11:30:55:079 115
09-01-18 at 11:30:55:079 015
09-01-18 at 11:30:55:081 Попытка входа в критическую секцию: дисконт
09-01-18 at 11:30:55:081 total calculated
09-01-18 at 11:30:55:081 now show on display
09-01-18 at 11:30:55:081                     Всего:       5216.40
09-01-18 at 11:30:55:081 now clear port error ...
09-01-18 at 11:30:55:082 now write to port ...
09-01-18 at 11:30:55:215 ... done
09-01-18 at 11:30:55:259 now clear port error ...
09-01-18 at 11:30:55:259 now write to port ...
09-01-18 at 11:30:55:392 ... done
09-01-18 at 11:31:03:266 116
09-01-18 at 11:31:03:266 016
09-01-18 at 11:31:03:267 Попытка очистки таблицы
09-01-18 at 11:31:03:267 Попытка очистки успешна
09-01-18 at 11:31:21:750 Попытка входа в критическую секцию: дисконт
09-01-18 at 11:31:21:750 total calculated
09-01-18 at 11:31:21:750 now show on display
09-01-18 at 11:31:21:750                     Всего:       5216.40
09-01-18 at 11:31:21:751 now clear port error ...
09-01-18 at 11:31:21:751 now write to port ...
09-01-18 at 11:31:21:884 ... done
09-01-18 at 11:31:21:886 Попытка входа в критическую секцию: дисконт
09-01-18 at 11:31:21:886 total calculated
09-01-18 at 11:31:21:886 now show on display
09-01-18 at 11:31:21:886                     Всего:       5216.40
09-01-18 at 11:31:21:887 now clear port error ...
09-01-18 at 11:31:21:887 now write to port ...
09-01-18 at 11:31:22:056 ... done
09-01-18 at 11:31:22:058 111
09-01-18 at 11:31:22:058 Выход из программы
09-01-18 at 11:32:43:183 Запуск программы. Инициализация считана из файла
09-01-18 at 11:32:43:183 Чек загружен.
09-01-18 at 11:32:43:184 Платежи по картам восстановлены
09-01-18 at 11:32:43:185 Попытка входа в критическую секцию: дисконт
09-01-18 at 11:32:43:185 total calculated
09-01-18 at 11:32:43:186 now show on display
09-01-18 at 11:32:43:186                     Всего:       5216.31
09-01-18 at 11:32:43:186 now open port for display
09-01-18 at 11:32:43:187 Com port opened
09-01-18 at 11:32:43:187 now clear port error ...
09-01-18 at 11:32:43:187 now write to port ...
09-01-18 at 11:32:43:321 ... done
09-01-18 at 11:32:43:321 Чек сжат
09-01-18 at 11:32:43:321 Сумма чека посчитана
09-01-18 at 11:32:43:322 Кардридер создан
09-01-18 at 11:32:43:322 Задание запуска модулей создано
09-01-18 at 11:32:43:322 Сканер создан
09-01-18 at 11:32:43:323 Регистратор создан
09-01-18 at 11:32:43:323 Часы созданы
09-01-18 at 11:32:43:324 Регистратор запущен
09-01-18 at 11:32:43:324 Сканер запущен
09-01-18 at 11:32:43:324 Часы запущены
09-01-18 at 11:32:43:324 Кардридер запущен
09-01-18 at 11:32:43:326 Передача данных запущена
09-01-18 at 11:32:43:326 Вход в FRInit
09-01-18 at 11:32:43:327 Вход в GetStatus
09-01-18 at 11:32:43:343 Send 05 
09-01-18 at 11:32:43:358 Recived 15 
09-01-18 at 11:32:43:358 Send 06 
09-01-18 at 11:32:43:373 Send 02 05 11 1E 00 00 00 0A 
09-01-18 at 11:32:43:388 Recived 06 02 30 11 00 1E 43 31 0E 93 13 04 11 01 06 00 B2 02 02 00 00 4E 41 00 00 01 01 10 09 01 12 0B 20 2B 00 2E 5D 00 00 69 00 00 00 00 00 D2 E9 1E 42 01 00 1A 
09-01-18 at 11:32:43:403 Send 06 
09-01-18 at 11:32:43:408 KKMStatus 0000
09-01-18 at 11:32:43:418 Send 05 
09-01-18 at 11:32:43:433 Recived 15 
09-01-18 at 11:32:43:433 Send 06 
09-01-18 at 11:32:43:448 Send 02 05 11 1E 00 00 00 0A 
09-01-18 at 11:32:43:463 Recived 06 02 30 11 00 1E 43 31 0E 93 13 04 11 01 06 00 B2 02 02 00 00 4E 41 00 00 01 01 10 09 01 12 0B 20 2B 00 2E 5D 00 00 69 00 00 00 00 00 D2 E9 1E 42 01 00 1A 
09-01-18 at 11:32:43:478 Send 06 
09-01-18 at 11:32:43:483 KKMStatus 0200
09-01-18 at 11:32:43:483 Номер ФР считан
09-01-18 at 11:32:43:649 СУБД подключена
09-01-18 at 11:32:43:675 Send 05 
09-01-18 at 11:32:43:690 Recived 15 
09-01-18 at 11:32:43:690 Send 06 
09-01-18 at 11:32:43:705 Send 02 0A 1E 1E 00 00 00 01 01 00 01 01 0A 
09-01-18 at 11:32:43:720 Recived 06 02 02 1E 00 1C 
09-01-18 at 11:32:43:735 Send 06 
09-01-18 at 11:32:43:750 Send 05 
09-01-18 at 11:32:43:765 Recived 15 
09-01-18 at 11:32:43:765 Send 06 
09-01-18 at 11:32:43:780 Send 02 0A 1E 1E 00 00 00 01 01 00 05 02 0D 
09-01-18 at 11:32:43:795 Recived 06 02 02 1E 00 1C 
09-01-18 at 11:32:43:810 Send 06 
09-01-18 at 11:32:43:825 Send 05 
09-01-18 at 11:32:43:840 Recived 15 
09-01-18 at 11:32:43:840 Send 06 
09-01-18 at 11:32:43:855 Send 02 0A 1E 1E 00 00 00 01 01 00 23 01 28 
09-01-18 at 11:32:43:870 Recived 06 02 02 1E 00 1C 
09-01-18 at 11:32:43:885 Send 06 
09-01-18 at 11:32:43:900 Send 05 
09-01-18 at 11:32:43:915 Recived 15 
09-01-18 at 11:32:43:915 Send 06 
09-01-18 at 11:32:43:930 Send 02 0A 1E 1E 00 00 00 01 01 00 06 00 0C 
09-01-18 at 11:32:43:945 Recived 06 02 02 1E 00 1C 
09-01-18 at 11:32:43:960 Send 06 
09-01-18 at 11:32:43:975 Send 05 
09-01-18 at 11:32:43:990 Recived 15 
09-01-18 at 11:32:43:990 Send 06 
09-01-18 at 11:32:44:005 Send 02 0A 1E 1E 00 00 00 01 01 00 07 01 0C 
09-01-18 at 11:32:44:020 Recived 06 02 02 1E 00 1C 
09-01-18 at 11:32:44:035 Send 06 
09-01-18 at 11:32:44:050 Send 05 
09-01-18 at 11:32:44:065 Recived 15 
09-01-18 at 11:32:44:065 Send 06 
09-01-18 at 11:32:44:080 Send 02 0A 1E 1E 00 00 00 01 01 00 14 01 1F 
09-01-18 at 11:32:44:095 Recived 06 02 02 1E 00 1C 
09-01-18 at 11:32:44:110 Send 06 
09-01-18 at 11:32:44:125 Send 05 
09-01-18 at 11:32:44:140 Recived 15 
09-01-18 at 11:32:44:140 Send 06 
09-01-18 at 11:32:44:155 Send 02 0A 1E 1E 00 00 00 01 01 00 15 01 1E 
09-01-18 at 11:32:44:170 Recived 06 02 02 1E 00 1C 
09-01-18 at 11:32:44:185 Send 06 
09-01-18 at 11:32:44:200 Send 05 
09-01-18 at 11:32:44:215 Recived 15 
09-01-18 at 11:32:44:215 Send 06 
09-01-18 at 11:32:44:230 Send 02 0A 1E 1E 00 00 00 01 01 00 0F 00 05 
09-01-18 at 11:32:44:245 Recived 06 02 02 1E 00 1C 
09-01-18 at 11:32:44:260 Send 06 
09-01-18 at 11:32:44:275 Send 05 
09-01-18 at 11:32:44:290 Recived 15 
09-01-18 at 11:32:44:290 Send 06 
09-01-18 at 11:32:44:305 Send 02 0A 1E 1E 00 00 00 01 01 00 11 00 1B 
09-01-18 at 11:32:44:320 Recived 06 02 02 1E 00 1C 
09-01-18 at 11:32:44:335 Send 06 
09-01-18 at 11:32:44:350 Send 05 
09-01-18 at 11:32:44:365 Recived 15 
09-01-18 at 11:32:44:365 Send 06 
09-01-18 at 11:32:44:380 Send 02 0A 1E 1E 00 00 00 11 01 00 03 02 1B 
09-01-18 at 11:32:44:395 Recived 06 02 02 1E 00 1C 
09-01-18 at 11:32:44:410 Send 06 
09-01-18 at 11:32:44:425 Send 05 
09-01-18 at 11:32:44:440 Recived 15 
09-01-18 at 11:32:44:440 Send 06 
09-01-18 at 11:32:44:455 Send 02 0A 1E 1E 00 00 00 01 01 00 29 01 22 
09-01-18 at 11:32:44:470 Recived 06 02 02 1E 00 1C 
09-01-18 at 11:32:44:485 Send 06 
09-01-18 at 11:32:44:500 Send 05 
09-01-18 at 11:32:44:515 Recived 15 
09-01-18 at 11:32:44:515 Send 06 
09-01-18 at 11:32:44:530 Send 02 26 1E 1E 00 00 00 04 0C 00 01 20 20 20 20 20 20 20 20 20 20 20 C4 CE C1 D0 CE 20 CF CE C6 C0 CB CE C2 C0 D2 DC 21 00 D5 
09-01-18 at 11:32:44:548 Recived 06 02 02 1E 00 1C 
09-01-18 at 11:32:44:563 Send 06 
09-01-18 at 11:32:44:578 Send 05 
09-01-18 at 11:32:44:593 Recived 15 
09-01-18 at 11:32:44:593 Send 06 
09-01-18 at 11:32:44:608 Send 02 29 1E 1E 00 00 00 04 0D 00 01 20 20 20 20 20 20 20 20 CE CE CE 20 CA EE EC EF E0 ED E8 FF 20 27 CA CE CB CE D0 CB CE CD 27 00 CB 
09-01-18 at 11:32:44:626 Recived 06 02 02 1E 00 1C 
09-01-18 at 11:32:44:641 Send 06 
09-01-18 at 11:32:44:656 Send 05 
09-01-18 at 11:32:44:671 Recived 15 
09-01-18 at 11:32:44:671 Send 06 
09-01-18 at 11:32:44:686 Send 02 2D 1E 1E 00 00 00 04 0E 00 01 20 20 20 20 20 CC E0 E3 E0 E7 E8 ED 20 27 C2 F1 E5 20 F2 EE E2 E0 F0 FB 20 E4 EB FF 20 E4 EE EC E0 27 20 00 DE 
09-01-18 at 11:32:44:704 Recived 06 02 02 1E 00 1C 
09-01-18 at 11:32:44:719 Send 06 
09-01-18 at 11:32:44:823 now clear port error ...
09-01-18 at 11:32:44:824 now write to port ...
09-01-18 at 11:32:44:957 ... done
09-01-18 at 11:32:44:990 Send 05 
09-01-18 at 11:32:45:005 Recived 15 
09-01-18 at 11:32:45:005 Send 06 
09-01-18 at 11:32:45:020 Send 02 06 1A 1E 00 00 00 79 7B 
09-01-18 at 11:32:45:035 Recived 06 02 09 1A 00 1E 00 00 00 00 00 00 0D 
09-01-18 at 11:32:45:050 Send 06 
09-01-18 at 11:32:47:194 Cardreader  Антонов Сергей 
09-01-18 at 11:32:47:199 Send 05 
09-01-18 at 11:32:47:215 Recived 15 
09-01-18 at 11:32:47:216 Send 06 
09-01-18 at 11:32:47:231 Send 02 20 1E 1E 00 00 00 02 1E 00 02 CA E0 F1 F1 E8 F0 20 C0 ED F2 EE ED EE E2 20 D1 E5 F0 E3 E5 E9 20 00 D7 
09-01-18 at 11:32:47:249 Recived 06 02 02 1E 00 1C 
09-01-18 at 11:32:47:264 Send 06 
09-01-18 at 11:32:47:269 now clear port error ...
09-01-18 at 11:32:47:269 now write to port ...
09-01-18 at 11:32:47:402 ... done
09-01-18 at 11:32:48:194 Send 05 
09-01-18 at 11:32:48:209 Recived 15 
09-01-18 at 11:32:48:209 Send 06 
09-01-18 at 11:32:48:224 Send 02 06 FF 39 1E 00 00 00 DE 
09-01-18 at 11:32:48:239 Recived 06 02 10 FF 39 00 05 00 05 00 53 02 00 00 11 0C 14 09 2B AC 
09-01-18 at 11:32:48:254 Send 06 
09-01-18 at 11:34:49:379 Send 05 
09-01-18 at 11:34:49:394 Recived 15 
09-01-18 at 11:34:49:394 Send 06 
09-01-18 at 11:34:49:409 Send 02 06 FF 39 1E 00 00 00 DE 
09-01-18 at 11:34:49:424 Recived 06 02 10 FF 39 00 02 00 05 00 53 02 00 00 11 0C 14 09 2B AB 
09-01-18 at 11:34:49:439 Send 06 
09-01-18 at 11:36:13:785 114
09-01-18 at 11:36:13:786 014
09-01-18 at 11:36:13:787 Попытка входа в критическую секцию: дисконт
09-01-18 at 11:36:13:789 total calculated
09-01-18 at 11:36:13:789 now show on display
09-01-18 at 11:36:13:789                     Всего:       5216.40
09-01-18 at 11:36:13:789 now clear port error ...
09-01-18 at 11:36:13:790 now write to port ...
09-01-18 at 11:36:13:923 ... done
09-01-18 at 11:36:14:049 114
09-01-18 at 11:36:14:050 014
09-01-18 at 11:36:14:385 114
09-01-18 at 11:36:14:385 014
09-01-18 at 11:36:15:521 114
09-01-18 at 11:36:15:521 014
09-01-18 at 11:36:15:865 114
09-01-18 at 11:36:15:865 014
09-01-18 at 11:36:16:073 114
09-01-18 at 11:36:16:073 014
09-01-18 at 11:36:23:257 114
09-01-18 at 11:36:23:257 014
09-01-18 at 11:36:23:258 Попытка очистки таблицы
09-01-18 at 11:36:23:258 Попытка очистки успешна
09-01-18 at 11:36:24:434 Попытка входа в критическую секцию: дисконт
09-01-18 at 11:36:24:434 total calculated
09-01-18 at 11:36:24:435 now show on display
09-01-18 at 11:36:24:435                     Всего:       5216.40
09-01-18 at 11:36:24:435 now clear port error ...
09-01-18 at 11:36:24:435 now write to port ...
09-01-18 at 11:36:24:569 ... done
09-01-18 at 11:36:24:570 Попытка входа в критическую секцию: дисконт
09-01-18 at 11:36:24:570 total calculated
09-01-18 at 11:36:24:571 now show on display
09-01-18 at 11:36:24:571                     Всего:       5216.40
09-01-18 at 11:36:24:571 now clear port error ...
09-01-18 at 11:36:24:571 now write to port ...
09-01-18 at 11:36:24:741 ... done
09-01-18 at 11:36:24:742 111
09-01-18 at 11:36:24:742 Выход из программы
09-01-18 at 11:36:43:538 Запуск программы. Инициализация считана из файла
09-01-18 at 11:36:43:539 Чек загружен.
09-01-18 at 11:36:43:539 Платежи по картам восстановлены
09-01-18 at 11:36:43:540 Попытка входа в критическую секцию: дисконт
09-01-18 at 11:36:43:540 total calculated
09-01-18 at 11:36:43:540 now show on display
09-01-18 at 11:36:43:541                     Всего:       5216.31
09-01-18 at 11:36:43:541 now open port for display
09-01-18 at 11:36:43:542 Com port opened
09-01-18 at 11:36:43:542 now clear port error ...
09-01-18 at 11:36:43:542 now write to port ...
09-01-18 at 11:36:43:676 ... done
09-01-18 at 11:36:43:676 Чек сжат
09-01-18 at 11:36:43:676 Сумма чека посчитана
09-01-18 at 11:36:43:677 Кардридер создан
09-01-18 at 11:36:43:677 Задание запуска модулей создано
09-01-18 at 11:36:43:677 Сканер создан
09-01-18 at 11:36:43:678 Регистратор создан
09-01-18 at 11:36:43:678 Часы созданы
09-01-18 at 11:36:43:678 Регистратор запущен
09-01-18 at 11:36:43:679 Сканер запущен
09-01-18 at 11:36:43:679 Часы запущены
09-01-18 at 11:36:43:679 Кардридер запущен
09-01-18 at 11:36:43:679 Передача данных запущена
09-01-18 at 11:36:43:681 Вход в FRInit
09-01-18 at 11:36:43:681 Вход в GetStatus
09-01-18 at 11:36:43:699 Send 05 
09-01-18 at 11:36:43:714 Recived 15 
09-01-18 at 11:36:43:714 Send 06 
09-01-18 at 11:36:43:729 Send 02 05 11 1E 00 00 00 0A 
09-01-18 at 11:36:43:744 Recived 06 02 30 11 00 1E 43 31 0E 93 13 04 11 01 06 00 B2 02 02 00 00 4E 41 00 00 01 01 10 09 01 12 0B 24 2C 00 2E 5D 00 00 69 00 00 00 00 00 D2 E9 1E 42 01 00 19 
09-01-18 at 11:36:43:774 Send 06 
09-01-18 at 11:36:43:779 KKMStatus 0000
09-01-18 at 11:36:43:789 Send 05 
09-01-18 at 11:36:43:804 Recived 15 
09-01-18 at 11:36:43:804 Send 06 
09-01-18 at 11:36:43:819 Send 02 05 11 1E 00 00 00 0A 
09-01-18 at 11:36:43:834 Recived 06 02 30 11 00 1E 43 31 0E 93 13 04 11 01 06 00 B2 02 02 00 00 4E 41 00 00 01 01 10 09 01 12 0B 24 2C 00 2E 5D 00 00 69 00 00 00 00 00 D2 E9 1E 42 01 00 19 
09-01-18 at 11:36:43:849 Send 06 
09-01-18 at 11:36:43:854 KKMStatus 0200
09-01-18 at 11:36:43:854 Номер ФР считан
09-01-18 at 11:36:44:021 СУБД подключена
09-01-18 at 11:36:44:035 Send 05 
09-01-18 at 11:36:44:050 Recived 15 
09-01-18 at 11:36:44:050 Send 06 
09-01-18 at 11:36:44:065 Send 02 0A 1E 1E 00 00 00 01 01 00 01 01 0A 
09-01-18 at 11:36:44:080 Recived 06 02 02 1E 00 1C 
09-01-18 at 11:36:44:095 Send 06 
09-01-18 at 11:36:44:110 Send 05 
09-01-18 at 11:36:44:125 Recived 15 
09-01-18 at 11:36:44:125 Send 06 
09-01-18 at 11:36:44:140 Send 02 0A 1E 1E 00 00 00 01 01 00 05 02 0D 
09-01-18 at 11:36:44:155 Recived 06 02 02 1E 00 1C 
09-01-18 at 11:36:44:170 Send 06 
09-01-18 at 11:36:44:185 Send 05 
09-01-18 at 11:36:44:200 Recived 15 
09-01-18 at 11:36:44:200 Send 06 
09-01-18 at 11:36:44:215 Send 02 0A 1E 1E 00 00 00 01 01 00 23 01 28 
09-01-18 at 11:36:44:230 Recived 06 02 02 1E 00 1C 
09-01-18 at 11:36:44:245 Send 06 
09-01-18 at 11:36:44:260 Send 05 
09-01-18 at 11:36:44:275 Recived 15 
09-01-18 at 11:36:44:275 Send 06 
09-01-18 at 11:36:44:290 Send 02 0A 1E 1E 00 00 00 01 01 00 06 00 0C 
09-01-18 at 11:36:44:306 Recived 06 02 02 1E 00 1C 
09-01-18 at 11:36:44:321 Send 06 
09-01-18 at 11:36:44:336 Send 05 
09-01-18 at 11:36:44:351 Recived 15 
09-01-18 at 11:36:44:351 Send 06 
09-01-18 at 11:36:44:366 Send 02 0A 1E 1E 00 00 00 01 01 00 07 01 0C 
09-01-18 at 11:36:44:381 Recived 06 02 02 1E 00 1C 
09-01-18 at 11:36:44:396 Send 06 
09-01-18 at 11:36:44:411 Send 05 
09-01-18 at 11:36:44:426 Recived 15 
09-01-18 at 11:36:44:426 Send 06 
09-01-18 at 11:36:44:441 Send 02 0A 1E 1E 00 00 00 01 01 00 14 01 1F 
09-01-18 at 11:36:44:456 Recived 06 02 02 1E 00 1C 
09-01-18 at 11:36:44:471 Send 06 
09-01-18 at 11:36:44:486 Send 05 
09-01-18 at 11:36:44:501 Recived 15 
09-01-18 at 11:36:44:501 Send 06 
09-01-18 at 11:36:44:516 Send 02 0A 1E 1E 00 00 00 01 01 00 15 01 1E 
09-01-18 at 11:36:44:531 Recived 06 02 02 1E 00 1C 
09-01-18 at 11:36:44:546 Send 06 
09-01-18 at 11:36:44:561 Send 05 
09-01-18 at 11:36:44:576 Recived 15 
09-01-18 at 11:36:44:576 Send 06 
09-01-18 at 11:36:44:591 Send 02 0A 1E 1E 00 00 00 01 01 00 0F 00 05 
09-01-18 at 11:36:44:606 Recived 06 02 02 1E 00 1C 
09-01-18 at 11:36:44:621 Send 06 
09-01-18 at 11:36:44:636 Send 05 
09-01-18 at 11:36:44:651 Recived 15 
09-01-18 at 11:36:44:651 Send 06 
09-01-18 at 11:36:44:666 Send 02 0A 1E 1E 00 00 00 01 01 00 11 00 1B 
09-01-18 at 11:36:44:681 Recived 06 02 02 1E 00 1C 
09-01-18 at 11:36:44:696 Send 06 
09-01-18 at 11:36:44:711 Send 05 
09-01-18 at 11:36:44:726 Recived 15 
09-01-18 at 11:36:44:726 Send 06 
09-01-18 at 11:36:44:741 Send 02 0A 1E 1E 00 00 00 11 01 00 03 02 1B 
09-01-18 at 11:36:44:756 Recived 06 02 02 1E 00 1C 
09-01-18 at 11:36:44:771 Send 06 
09-01-18 at 11:36:44:786 Send 05 
09-01-18 at 11:36:44:801 Recived 15 
09-01-18 at 11:36:44:801 Send 06 
09-01-18 at 11:36:44:816 Send 02 0A 1E 1E 00 00 00 01 01 00 29 01 22 
09-01-18 at 11:36:44:831 Recived 06 02 02 1E 00 1C 
09-01-18 at 11:36:44:846 Send 06 
09-01-18 at 11:36:44:861 Send 05 
09-01-18 at 11:36:44:876 Recived 15 
09-01-18 at 11:36:44:876 Send 06 
09-01-18 at 11:36:44:891 Send 02 26 1E 1E 00 00 00 04 0C 00 01 20 20 20 20 20 20 20 20 20 20 20 C4 CE C1 D0 CE 20 CF CE C6 C0 CB CE C2 C0 D2 DC 21 00 D5 
09-01-18 at 11:36:44:909 Recived 06 02 02 1E 00 1C 
09-01-18 at 11:36:44:924 Send 06 
09-01-18 at 11:36:44:939 Send 05 
09-01-18 at 11:36:44:954 Recived 15 
09-01-18 at 11:36:44:954 Send 06 
09-01-18 at 11:36:44:969 Send 02 29 1E 1E 00 00 00 04 0D 00 01 20 20 20 20 20 20 20 20 CE CE CE 20 CA EE EC EF E0 ED E8 FF 20 27 CA CE CB CE D0 CB CE CD 27 00 CB 
09-01-18 at 11:36:44:987 Recived 06 
09-01-18 at 11:36:45:002 Recived 02 02 1E 00 1C 
09-01-18 at 11:36:45:017 Send 06 
09-01-18 at 11:36:45:032 Send 05 
09-01-18 at 11:36:45:047 Recived 15 
09-01-18 at 11:36:45:047 Send 06 
09-01-18 at 11:36:45:062 Send 02 2D 1E 1E 00 00 00 04 0E 00 01 20 20 20 20 20 CC E0 E3 E0 E7 E8 ED 20 27 C2 F1 E5 20 F2 EE E2 E0 F0 FB 20 E4 EB FF 20 E4 EE EC E0 27 20 00 DE 
09-01-18 at 11:36:45:080 Recived 06 02 02 1E 00 1C 
09-01-18 at 11:36:45:095 Send 06 
09-01-18 at 11:36:45:183 now clear port error ...
09-01-18 at 11:36:45:183 now write to port ...
09-01-18 at 11:36:45:317 ... done
09-01-18 at 11:36:45:350 Send 05 
09-01-18 at 11:36:45:365 Recived 15 
09-01-18 at 11:36:45:365 Send 06 
09-01-18 at 11:36:45:380 Send 02 06 1A 1E 00 00 00 79 7B 
09-01-18 at 11:36:45:395 Recived 06 02 09 1A 00 1E 00 00 00 00 00 00 0D 
09-01-18 at 11:36:45:410 Send 06 
09-01-18 at 11:36:47:639 Cardreader  Антонов Сергей 
09-01-18 at 11:36:47:645 Send 05 
09-01-18 at 11:36:47:664 Recived 15 
09-01-18 at 11:36:47:664 Send 06 
09-01-18 at 11:36:47:681 Send 02 20 1E 1E 00 00 00 02 1E 00 02 CA E0 F1 F1 E8 F0 20 C0 ED F2 EE ED EE E2 20 D1 E5 F0 E3 E5 E9 20 00 D7 
09-01-18 at 11:36:47:700 Recived 06 02 02 1E 00 1C 
09-01-18 at 11:36:47:715 Send 06 
09-01-18 at 11:36:47:718 now clear port error ...
09-01-18 at 11:36:47:718 now write to port ...
09-01-18 at 11:36:47:851 ... done
09-01-18 at 11:36:48:645 Send 05 
09-01-18 at 11:36:48:660 Recived 15 
09-01-18 at 11:36:48:660 Send 06 
09-01-18 at 11:36:48:675 Send 02 06 FF 39 1E 00 00 00 DE 
09-01-18 at 11:36:48:690 Recived 06 02 10 FF 39 00 05 00 05 00 53 02 00 00 11 0C 14 09 2B AC 
09-01-18 at 11:36:48:705 Send 06 
09-01-18 at 11:38:49:845 Send 05 
09-01-18 at 11:38:49:860 Recived 15 
09-01-18 at 11:38:49:860 Send 06 
09-01-18 at 11:38:49:875 Send 02 06 FF 39 1E 00 00 00 DE 
09-01-18 at 11:38:49:890 Recived 06 02 10 FF 39 00 02 00 05 00 53 02 00 00 11 0C 14 09 2B AB 
09-01-18 at 11:38:49:905 Send 06 
09-01-18 at 11:39:32:461 Попытка входа в критическую секцию: дисконт
09-01-18 at 11:39:32:464 total calculated
09-01-18 at 11:39:32:464 now show on display
09-01-18 at 11:39:32:464                     Всего:       5216.40
09-01-18 at 11:39:32:465 now clear port error ...
09-01-18 at 11:39:32:465 now write to port ...
09-01-18 at 11:39:32:599 ... done
09-01-18 at 11:39:32:600 Попытка входа в критическую секцию: дисконт
09-01-18 at 11:39:32:600 total calculated
09-01-18 at 11:39:32:600 now show on display
09-01-18 at 11:39:32:601                     Всего:       5216.40
09-01-18 at 11:39:32:601 now clear port error ...
09-01-18 at 11:39:32:601 now write to port ...
09-01-18 at 11:39:32:770 ... done
09-01-18 at 11:39:32:772 111
09-01-18 at 11:39:32:773 Выход из программы
09-01-18 at 11:40:22:814 Запуск программы. Инициализация считана из файла
09-01-18 at 11:40:22:814 Чек загружен.
09-01-18 at 11:40:22:815 Платежи по картам восстановлены
09-01-18 at 11:40:22:815 Попытка входа в критическую секцию: дисконт
09-01-18 at 11:40:22:816 total calculated
09-01-18 at 11:40:22:816 now show on display
09-01-18 at 11:40:22:816                     Всего:       5216.31
09-01-18 at 11:40:22:816 now open port for display
09-01-18 at 11:40:22:817 Com port opened
09-01-18 at 11:40:22:817 now clear port error ...
09-01-18 at 11:40:22:817 now write to port ...
09-01-18 at 11:40:22:951 ... done
09-01-18 at 11:40:22:951 Чек сжат
09-01-18 at 11:40:22:951 Сумма чека посчитана
09-01-18 at 11:40:22:952 Кардридер создан
09-01-18 at 11:40:22:952 Задание запуска модулей создано
09-01-18 at 11:40:22:952 Сканер создан
09-01-18 at 11:40:22:953 Регистратор создан
09-01-18 at 11:40:22:953 Часы созданы
09-01-18 at 11:40:22:954 Регистратор запущен
09-01-18 at 11:40:22:954 Сканер запущен
09-01-18 at 11:40:22:954 Часы запущены
09-01-18 at 11:40:22:954 Кардридер запущен
09-01-18 at 11:40:22:955 Передача данных запущена
09-01-18 at 11:40:22:956 Вход в FRInit
09-01-18 at 11:40:22:956 Вход в GetStatus
09-01-18 at 11:40:22:974 Send 05 
09-01-18 at 11:40:22:989 Recived 15 
09-01-18 at 11:40:22:989 Send 06 
09-01-18 at 11:40:23:004 Send 02 05 11 1E 00 00 00 0A 
09-01-18 at 11:40:23:019 Recived 06 02 30 11 00 1E 43 31 0E 93 13 04 11 01 06 00 B2 02 02 00 00 4E 41 00 00 01 01 10 09 01 12 0B 28 17 00 2E 5D 00 00 69 00 00 00 00 00 D2 E9 1E 42 01 00 2E 
09-01-18 at 11:40:23:034 Send 06 
09-01-18 at 11:40:23:039 KKMStatus 0000
09-01-18 at 11:40:23:049 Send 05 
09-01-18 at 11:40:23:064 Recived 15 
09-01-18 at 11:40:23:064 Send 06 
09-01-18 at 11:40:23:079 Send 02 05 11 1E 00 00 00 0A 
09-01-18 at 11:40:23:094 Recived 06 02 30 11 00 1E 43 31 0E 93 13 04 11 01 06 00 B2 02 02 00 00 4E 41 00 00 01 01 10 09 01 12 0B 28 17 00 2E 5D 00 00 69 00 00 00 00 00 D2 E9 1E 42 01 00 2E 
09-01-18 at 11:40:23:109 Send 06 
09-01-18 at 11:40:23:114 KKMStatus 0200
09-01-18 at 11:40:23:114 Номер ФР считан
09-01-18 at 11:40:23:279 СУБД подключена
09-01-18 at 11:40:23:295 Send 05 
09-01-18 at 11:40:23:310 Recived 15 
09-01-18 at 11:40:23:310 Send 06 
09-01-18 at 11:40:23:325 Send 02 0A 1E 1E 00 00 00 01 01 00 01 01 0A 
09-01-18 at 11:40:23:340 Recived 06 02 02 1E 00 1C 
09-01-18 at 11:40:23:355 Send 06 
09-01-18 at 11:40:23:370 Send 05 
09-01-18 at 11:40:23:385 Recived 15 
09-01-18 at 11:40:23:385 Send 06 
09-01-18 at 11:40:23:400 Send 02 0A 1E 1E 00 00 00 01 01 00 05 02 0D 
09-01-18 at 11:40:23:415 Recived 06 02 02 1E 00 1C 
09-01-18 at 11:40:23:430 Send 06 
09-01-18 at 11:40:23:445 Send 05 
09-01-18 at 11:40:23:460 Recived 15 
09-01-18 at 11:40:23:460 Send 06 
09-01-18 at 11:40:23:475 Send 02 0A 1E 1E 00 00 00 01 01 00 23 01 28 
09-01-18 at 11:40:23:490 Recived 06 02 02 1E 00 1C 
09-01-18 at 11:40:23:505 Send 06 
09-01-18 at 11:40:23:520 Send 05 
09-01-18 at 11:40:23:535 Recived 15 
09-01-18 at 11:40:23:535 Send 06 
09-01-18 at 11:40:23:550 Send 02 0A 1E 1E 00 00 00 01 01 00 06 00 0C 
09-01-18 at 11:40:23:565 Recived 06 02 02 1E 00 1C 
09-01-18 at 11:40:23:580 Send 06 
09-01-18 at 11:40:23:595 Send 05 
09-01-18 at 11:40:23:610 Recived 15 
09-01-18 at 11:40:23:610 Send 06 
09-01-18 at 11:40:23:625 Send 02 0A 1E 1E 00 00 00 01 01 00 07 01 0C 
09-01-18 at 11:40:23:640 Recived 06 02 02 1E 00 1C 
09-01-18 at 11:40:23:655 Send 06 
09-01-18 at 11:40:23:670 Send 05 
09-01-18 at 11:40:23:685 Recived 15 
09-01-18 at 11:40:23:685 Send 06 
09-01-18 at 11:40:23:700 Send 02 0A 1E 1E 00 00 00 01 01 00 14 01 1F 
09-01-18 at 11:40:23:715 Recived 06 02 02 1E 00 1C 
09-01-18 at 11:40:23:730 Send 06 
09-01-18 at 11:40:23:745 Send 05 
09-01-18 at 11:40:23:760 Recived 15 
09-01-18 at 11:40:23:760 Send 06 
09-01-18 at 11:40:23:775 Send 02 0A 1E 1E 00 00 00 01 01 00 15 01 1E 
09-01-18 at 11:40:23:790 Recived 06 02 02 1E 00 1C 
09-01-18 at 11:40:23:805 Send 06 
09-01-18 at 11:40:23:820 Send 05 
09-01-18 at 11:40:23:835 Recived 15 
09-01-18 at 11:40:23:835 Send 06 
09-01-18 at 11:40:23:850 Send 02 0A 1E 1E 00 00 00 01 01 00 0F 00 05 
09-01-18 at 11:40:23:865 Recived 06 02 02 1E 00 1C 
09-01-18 at 11:40:23:880 Send 06 
09-01-18 at 11:40:23:895 Send 05 
09-01-18 at 11:40:23:910 Recived 15 
09-01-18 at 11:40:23:910 Send 06 
09-01-18 at 11:40:23:925 Send 02 0A 1E 1E 00 00 00 01 01 00 11 00 1B 
09-01-18 at 11:40:23:940 Recived 06 02 02 1E 00 1C 
09-01-18 at 11:40:23:955 Send 06 
09-01-18 at 11:40:23:970 Send 05 
09-01-18 at 11:40:23:985 Recived 15 
09-01-18 at 11:40:23:985 Send 06 
09-01-18 at 11:40:24:000 Send 02 0A 1E 1E 00 00 00 11 01 00 03 02 1B 
09-01-18 at 11:40:24:015 Recived 06 02 02 1E 00 1C 
09-01-18 at 11:40:24:030 Send 06 
09-01-18 at 11:40:24:045 Send 05 
09-01-18 at 11:40:24:060 Recived 15 
09-01-18 at 11:40:24:060 Send 06 
09-01-18 at 11:40:24:075 Send 02 0A 1E 1E 00 00 00 01 01 00 29 01 22 
09-01-18 at 11:40:24:090 Recived 06 02 02 1E 00 1C 
09-01-18 at 11:40:24:105 Send 06 
09-01-18 at 11:40:24:120 Send 05 
09-01-18 at 11:40:24:135 Recived 15 
09-01-18 at 11:40:24:135 Send 06 
09-01-18 at 11:40:24:150 Send 02 26 1E 1E 00 00 00 04 0C 00 01 20 20 20 20 20 20 20 20 20 20 20 C4 CE C1 D0 CE 20 CF CE C6 C0 CB CE C2 C0 D2 DC 21 00 D5 
09-01-18 at 11:40:24:168 Recived 06 02 02 1E 00 1C 
09-01-18 at 11:40:24:183 Send 06 
09-01-18 at 11:40:24:198 Send 05 
09-01-18 at 11:40:24:213 Recived 15 
09-01-18 at 11:40:24:213 Send 06 
09-01-18 at 11:40:24:228 Send 02 29 1E 1E 00 00 00 04 0D 00 01 20 20 20 20 20 20 20 20 CE CE CE 20 CA EE EC EF E0 ED E8 FF 20 27 CA CE CB CE D0 CB CE CD 27 00 CB 
09-01-18 at 11:40:24:246 Recived 06 02 02 1E 00 1C 
09-01-18 at 11:40:24:261 Send 06 
09-01-18 at 11:40:24:276 Send 05 
09-01-18 at 11:40:24:291 Recived 15 
09-01-18 at 11:40:24:291 Send 06 
09-01-18 at 11:40:24:306 Send 02 2D 1E 1E 00 00 00 04 0E 00 01 20 20 20 20 20 CC E0 E3 E0 E7 E8 ED 20 27 C2 F1 E5 20 F2 EE E2 E0 F0 FB 20 E4 EB FF 20 E4 EE EC E0 27 20 00 DE 
09-01-18 at 11:40:24:324 Recived 06 02 02 1E 00 1C 
09-01-18 at 11:40:24:339 Send 06 
09-01-18 at 11:40:24:440 now clear port error ...
09-01-18 at 11:40:24:440 now write to port ...
09-01-18 at 11:40:24:574 ... done
09-01-18 at 11:40:24:609 Send 05 
09-01-18 at 11:40:24:624 Recived 15 
09-01-18 at 11:40:24:624 Send 06 
09-01-18 at 11:40:24:639 Send 02 06 1A 1E 00 00 00 79 7B 
09-01-18 at 11:40:24:654 Recived 06 02 09 1A 00 1E 00 00 00 00 00 00 0D 
09-01-18 at 11:40:24:669 Send 06 
09-01-18 at 11:40:26:806 Cardreader  Антонов Сергей 
09-01-18 at 11:40:26:814 Send 05 
09-01-18 at 11:40:26:830 Recived 15 
09-01-18 at 11:40:26:830 Send 06 
09-01-18 at 11:40:26:845 Send 02 20 1E 1E 00 00 00 02 1E 00 02 CA E0 F1 F1 E8 F0 20 C0 ED F2 EE ED EE E2 20 D1 E5 F0 E3 E5 E9 20 00 D7 
09-01-18 at 11:40:26:863 Recived 06 02 02 1E 00 1C 
09-01-18 at 11:40:26:878 Send 06 
09-01-18 at 11:40:26:881 now clear port error ...
09-01-18 at 11:40:26:881 now write to port ...
09-01-18 at 11:40:27:014 ... done
09-01-18 at 11:40:27:808 Send 05 
09-01-18 at 11:40:27:823 Recived 15 
09-01-18 at 11:40:27:823 Send 06 
09-01-18 at 11:40:27:838 Send 02 06 FF 39 1E 00 00 00 DE 
09-01-18 at 11:40:27:853 Recived 06 02 10 FF 39 00 05 00 05 00 53 02 00 00 11 0C 14 09 2B AC 
09-01-18 at 11:40:27:868 Send 06 
09-01-18 at 11:40:35:193 Попытка входа в критическую секцию: дисконт
09-01-18 at 11:40:35:195 total calculated
09-01-18 at 11:40:35:195 now show on display
09-01-18 at 11:40:35:196                     Всего:       5216.40
09-01-18 at 11:40:35:196 now clear port error ...
09-01-18 at 11:40:35:196 now write to port ...
09-01-18 at 11:40:35:330 ... done
09-01-18 at 11:40:35:331 Попытка входа в критическую секцию: дисконт
09-01-18 at 11:40:35:331 total calculated
09-01-18 at 11:40:35:332 now show on display
09-01-18 at 11:40:35:332                     Всего:       5216.40
09-01-18 at 11:40:35:332 now clear port error ...
09-01-18 at 11:40:35:332 now write to port ...
09-01-18 at 11:40:35:502 ... done
09-01-18 at 11:40:35:503 111
09-01-18 at 11:40:35:504 Выход из программы
09-01-18 at 11:42:23:886 Запуск программы. Инициализация считана из файла
09-01-18 at 11:42:23:887 Чек загружен.
09-01-18 at 11:42:23:888 Платежи по картам восстановлены
09-01-18 at 11:42:50:003 Запуск программы. Инициализация считана из файла
09-01-18 at 11:42:50:004 Чек загружен.
09-01-18 at 11:42:50:004 Платежи по картам восстановлены
09-01-18 at 11:44:06:715 Попытка входа в критическую секцию: дисконт
09-01-18 at 11:45:55:841 Запуск программы. Инициализация считана из файла
09-01-18 at 11:45:55:841 Чек загружен.
09-01-18 at 11:45:55:842 Платежи по картам восстановлены
09-01-18 at 11:46:12:632 Попытка входа в критическую секцию: дисконт
09-01-18 at 12:09:40:547 Запуск программы. Инициализация считана из файла
09-01-18 at 12:09:40:548 Чек загружен.
09-01-18 at 12:09:40:549 Платежи по картам восстановлены
09-01-18 at 12:09:44:586 Попытка входа в критическую секцию: дисконт
09-01-18 at 12:20:13:222 Запуск программы. Инициализация считана из файла
09-01-18 at 12:20:13:222 Чек загружен.
09-01-18 at 12:20:13:223 Платежи по картам восстановлены
09-01-18 at 12:20:17:772 Попытка входа в критическую секцию: дисконт
