21-06-18 at 16:34:59:463 Запуск программы. Инициализация считана из файла
21-06-18 at 16:34:59:463 Чек загружен.
21-06-18 at 16:34:59:465 total calculated
21-06-18 at 16:34:59:465 now show on display
21-06-18 at 16:34:59:465                     Всего:       1032.00
21-06-18 at 16:34:59:466 now open port for display
21-06-18 at 16:34:59:467 Com port opened
21-06-18 at 16:34:59:467 now clear port error ...
21-06-18 at 16:34:59:467 now write to port ...
21-06-18 at 16:34:59:600 ... done
21-06-18 at 16:34:59:600 Чек сжат
21-06-18 at 16:34:59:601 Сумма чека посчитана
21-06-18 at 16:34:59:601 Кардридер создан
21-06-18 at 16:34:59:601 Задание запуска модулей создано
21-06-18 at 16:34:59:601 Сканер создан
21-06-18 at 16:34:59:602 Регистратор создан
21-06-18 at 16:34:59:602 Часы созданы
21-06-18 at 16:34:59:603 Регистратор запущен
21-06-18 at 16:34:59:603 Сканер запущен
21-06-18 at 16:34:59:603 Часы запущены
21-06-18 at 16:34:59:603 Кардридер запущен
21-06-18 at 16:34:59:604 Передача данных запущена
21-06-18 at 16:34:59:604 Вход в FRInit
21-06-18 at 16:34:59:604 Вход в GetStatus
21-06-18 at 16:34:59:618 Send 05 
21-06-18 at 16:34:59:633 Recived 15 
21-06-18 at 16:34:59:633 Send 06 
21-06-18 at 16:34:59:648 Send 02 05 11 1E 00 00 00 0A 
21-06-18 at 16:34:59:663 Recived 06 02 30 11 00 1E 43 31 1C B3 14 0C 11 01 BA 00 B2 02 03 00 00 4E 41 00 00 01 01 10 15 06 12 10 22 3B 00 2E 5D 00 00 2D 00 00 00 00 00 EF 95 10 42 01 00 83 
21-06-18 at 16:34:59:678 Send 06 
21-06-18 at 16:34:59:681 KKMStatus 0000
21-06-18 at 16:34:59:693 Send 05 
21-06-18 at 16:34:59:708 Recived 15 
21-06-18 at 16:34:59:708 Send 06 
21-06-18 at 16:34:59:723 Send 02 05 11 1E 00 00 00 0A 
21-06-18 at 16:34:59:738 Recived 06 02 30 11 00 1E 43 31 1C B3 14 0C 11 01 BA 00 B2 02 03 00 00 4E 41 00 00 01 01 10 15 06 12 10 22 3B 00 2E 5D 00 00 2D 00 00 00 00 00 EF 95 10 42 01 00 83 
21-06-18 at 16:34:59:753 Send 06 
21-06-18 at 16:34:59:756 KKMStatus 0300
21-06-18 at 16:34:59:756 Номер ФР считан
21-06-18 at 16:34:59:934 СУБД подключена
21-06-18 at 16:34:59:956 Send 05 
21-06-18 at 16:34:59:971 Recived 15 
21-06-18 at 16:34:59:971 Send 06 
21-06-18 at 16:34:59:986 Send 02 17 1E 1E 00 00 00 05 03 00 01 CA 41 D0 D2 CE C9 20 56 49 53 41 2F 4D 43 92 
21-06-18 at 16:35:00:002 Recived 06 02 02 1E 00 1C 
21-06-18 at 16:35:00:017 Send 06 
21-06-18 at 16:35:00:032 Send 05 
21-06-18 at 16:35:00:047 Recived 15 
21-06-18 at 16:35:00:047 Send 06 
21-06-18 at 16:35:00:062 Send 02 18 1E 1E 00 00 00 05 04 00 01 C4 D0 D3 C3 C8 CC C8 20 CA C0 D0 D2 C0 CC C8 3C 
21-06-18 at 16:35:00:078 Recived 06 02 02 1E 00 1C 
21-06-18 at 16:35:00:093 Send 06 
21-06-18 at 16:35:00:108 Send 05 
21-06-18 at 16:35:00:123 Recived 15 
21-06-18 at 16:35:00:123 Send 06 
21-06-18 at 16:35:00:138 Send 02 0A 1E 1E 00 00 00 01 01 00 01 01 0A 
21-06-18 at 16:35:00:153 Recived 06 02 02 1E 00 1C 
21-06-18 at 16:35:00:168 Send 06 
21-06-18 at 16:35:00:183 Send 05 
21-06-18 at 16:35:00:198 Recived 15 
21-06-18 at 16:35:00:198 Send 06 
21-06-18 at 16:35:00:213 Send 02 0A 1E 1E 00 00 00 01 01 00 05 02 0D 
21-06-18 at 16:35:00:228 Recived 06 02 02 1E 00 1C 
21-06-18 at 16:35:00:243 Send 06 
21-06-18 at 16:35:00:258 Send 05 
21-06-18 at 16:35:00:273 Recived 15 
21-06-18 at 16:35:00:273 Send 06 
21-06-18 at 16:35:00:288 Send 02 0A 1E 1E 00 00 00 01 01 00 23 01 28 
21-06-18 at 16:35:00:303 Recived 06 02 02 1E 00 1C 
21-06-18 at 16:35:00:318 Send 06 
21-06-18 at 16:35:00:333 Send 05 
21-06-18 at 16:35:00:348 Recived 15 
21-06-18 at 16:35:00:348 Send 06 
21-06-18 at 16:35:00:363 Send 02 0A 1E 1E 00 00 00 01 01 00 06 00 0C 
21-06-18 at 16:35:00:378 Recived 06 02 02 1E 00 1C 
21-06-18 at 16:35:00:393 Send 06 
21-06-18 at 16:35:00:408 Send 05 
21-06-18 at 16:35:00:423 Recived 15 
21-06-18 at 16:35:00:423 Send 06 
21-06-18 at 16:35:00:438 Send 02 0A 1E 1E 00 00 00 01 01 00 07 01 0C 
21-06-18 at 16:35:00:453 Recived 06 02 02 1E 00 1C 
21-06-18 at 16:35:00:468 Send 06 
21-06-18 at 16:35:00:483 Send 05 
21-06-18 at 16:35:00:498 Recived 15 
21-06-18 at 16:35:00:498 Send 06 
21-06-18 at 16:35:00:513 Send 02 0A 1E 1E 00 00 00 01 01 00 14 01 1F 
21-06-18 at 16:35:00:528 Recived 06 02 02 1E 00 1C 
21-06-18 at 16:35:00:543 Send 06 
21-06-18 at 16:35:00:558 Send 05 
21-06-18 at 16:35:00:573 Recived 15 
21-06-18 at 16:35:00:573 Send 06 
21-06-18 at 16:35:00:588 Send 02 0A 1E 1E 00 00 00 01 01 00 15 01 1E 
21-06-18 at 16:35:00:603 Recived 06 02 02 1E 00 1C 
21-06-18 at 16:35:00:618 Send 06 
21-06-18 at 16:35:00:633 Send 05 
21-06-18 at 16:35:00:648 Recived 15 
21-06-18 at 16:35:00:648 Send 06 
21-06-18 at 16:35:00:663 Send 02 0A 1E 1E 00 00 00 01 01 00 0F 00 05 
21-06-18 at 16:35:00:678 Recived 06 02 02 1E 00 1C 
21-06-18 at 16:35:00:693 Send 06 
21-06-18 at 16:35:00:708 Send 05 
21-06-18 at 16:35:00:723 Recived 15 
21-06-18 at 16:35:00:723 Send 06 
21-06-18 at 16:35:00:738 Send 02 0A 1E 1E 00 00 00 01 01 00 11 00 1B 
21-06-18 at 16:35:00:753 Recived 06 02 02 1E 00 1C 
21-06-18 at 16:35:00:768 Send 06 
21-06-18 at 16:35:00:783 Send 05 
21-06-18 at 16:35:00:798 Recived 15 
21-06-18 at 16:35:00:798 Send 06 
21-06-18 at 16:35:00:813 Send 02 0A 1E 1E 00 00 00 11 01 00 03 02 1B 
21-06-18 at 16:35:00:828 Recived 06 02 02 1E 00 1C 
21-06-18 at 16:35:00:843 Send 06 
21-06-18 at 16:35:00:858 Send 05 
21-06-18 at 16:35:00:873 Recived 15 
21-06-18 at 16:35:00:873 Send 06 
21-06-18 at 16:35:00:888 Send 02 0A 1E 1E 00 00 00 01 01 00 29 01 22 
21-06-18 at 16:35:00:903 Recived 06 02 02 1E 00 1C 
21-06-18 at 16:35:00:918 Send 06 
21-06-18 at 16:35:00:933 Send 05 
21-06-18 at 16:35:00:948 Recived 15 
21-06-18 at 16:35:00:948 Send 06 
21-06-18 at 16:35:00:963 Send 02 26 1E 1E 00 00 00 04 0C 00 01 20 20 20 20 20 20 20 20 20 20 20 C4 CE C1 D0 CE 20 CF CE C6 C0 CB CE C2 C0 D2 DC 21 00 D5 
21-06-18 at 16:35:00:981 Recived 06 02 02 1E 00 1C 
21-06-18 at 16:35:00:996 Send 06 
21-06-18 at 16:35:01:011 Send 05 
21-06-18 at 16:35:01:026 Recived 15 
21-06-18 at 16:35:01:026 Send 06 
21-06-18 at 16:35:01:041 Send 02 29 1E 1E 00 00 00 04 0D 00 01 20 20 20 20 20 20 20 20 CE CE CE 20 CA EE EC EF E0 ED E8 FF 20 27 CA CE CB CE D0 CB CE CD 27 00 CB 
21-06-18 at 16:35:01:059 Recived 06 02 02 1E 00 1C 
21-06-18 at 16:35:01:074 Send 06 
21-06-18 at 16:35:01:089 Send 05 
21-06-18 at 16:35:01:104 Recived 15 
21-06-18 at 16:35:01:104 Send 06 
21-06-18 at 16:35:01:119 Send 02 2D 1E 1E 00 00 00 04 0E 00 01 20 20 20 20 20 CC E0 E3 E0 E7 E8 ED 20 27 C2 F1 E5 20 F2 EE E2 E0 F0 FB 20 E4 EB FF 20 E4 EE EC E0 27 20 00 DE 
21-06-18 at 16:35:01:137 Recived 06 02 02 1E 00 1C 
21-06-18 at 16:35:01:152 Send 06 
21-06-18 at 16:35:01:267 now clear port error ...
21-06-18 at 16:35:01:267 now write to port ...
21-06-18 at 16:35:01:400 ... done
21-06-18 at 16:35:01:438 Send 05 
21-06-18 at 16:35:01:453 Recived 15 
21-06-18 at 16:35:01:453 Send 06 
21-06-18 at 16:35:01:468 Send 02 06 1A 1E 00 00 00 79 7B 
21-06-18 at 16:35:01:483 Recived 06 02 09 1A 00 1E 0C AF 06 00 00 00 A8 
21-06-18 at 16:35:01:498 Send 06 
21-06-18 at 16:35:03:589 Cardreader  Антонов Сергей 
21-06-18 at 16:35:03:608 Send 05 
21-06-18 at 16:35:03:625 Recived 15 
21-06-18 at 16:35:03:625 Send 06 
21-06-18 at 16:35:03:649 Send 02 20 1E 1E 00 00 00 02 1E 00 02 CA E0 F1 F1 E8 F0 20 C0 ED F2 EE ED EE E2 20 D1 E5 F0 E3 E5 E9 20 00 D7 
21-06-18 at 16:35:03:667 Recived 06 02 02 1E 00 1C 
21-06-18 at 16:35:03:682 Send 06 
21-06-18 at 16:35:03:689 now clear port error ...
21-06-18 at 16:35:03:689 now write to port ...
21-06-18 at 16:35:03:823 ... done
21-06-18 at 16:35:04:597 Send 05 
21-06-18 at 16:35:04:612 Recived 15 
21-06-18 at 16:35:04:612 Send 06 
21-06-18 at 16:35:04:627 Send 02 06 FF 39 1E 00 00 00 DE 
21-06-18 at 16:35:04:642 Recived 06 02 10 FF 39 00 00 00 00 00 00 00 00 00 00 00 00 00 00 D6 
21-06-18 at 16:35:04:657 Send 06 
21-06-18 at 16:35:07:334 total calculated
21-06-18 at 16:35:07:336 now show on display
21-06-18 at 16:35:07:336                     Всего:       1032.00
21-06-18 at 16:35:07:336 now clear port error ...
21-06-18 at 16:35:07:336 now write to port ...
21-06-18 at 16:35:07:470 ... done
21-06-18 at 16:35:07:471 total calculated
21-06-18 at 16:35:07:473 now show on display
21-06-18 at 16:35:07:473                     Всего:       1032.00
21-06-18 at 16:35:07:473 now clear port error ...
21-06-18 at 16:35:07:474 now write to port ...
21-06-18 at 16:35:07:642 ... done
21-06-18 at 16:35:07:643 111
21-06-18 at 16:35:07:644 Выход из программы
21-06-18 at 18:44:19:901 Запуск программы. Инициализация считана из файла
21-06-18 at 18:44:19:902 Чек загружен.
21-06-18 at 18:44:19:903 total calculated
21-06-18 at 18:44:19:903 now show on display
21-06-18 at 18:44:19:903                     Всего:       1032.00
21-06-18 at 18:44:19:903 now open port for display
21-06-18 at 18:44:19:904 Com port opened
21-06-18 at 18:44:19:904 now clear port error ...
21-06-18 at 18:44:19:904 now write to port ...
21-06-18 at 18:44:20:038 ... done
21-06-18 at 18:44:20:038 Чек сжат
21-06-18 at 18:44:20:038 Сумма чека посчитана
21-06-18 at 18:44:20:039 Кардридер создан
21-06-18 at 18:44:20:039 Задание запуска модулей создано
21-06-18 at 18:44:20:040 Сканер создан
21-06-18 at 18:44:20:040 Регистратор создан
21-06-18 at 18:44:20:040 Часы созданы
21-06-18 at 18:44:20:041 Регистратор запущен
21-06-18 at 18:44:20:041 Сканер запущен
21-06-18 at 18:44:20:041 Часы запущены
21-06-18 at 18:44:20:042 Кардридер запущен
21-06-18 at 18:44:20:042 Передача данных запущена
21-06-18 at 18:44:20:043 Вход в FRInit
21-06-18 at 18:44:20:044 Вход в GetStatus
21-06-18 at 18:44:20:068 Send 05 
21-06-18 at 18:44:20:083 Recived 15 
21-06-18 at 18:44:20:083 Send 06 
21-06-18 at 18:44:20:098 Send 02 05 11 1E 00 00 00 0A 
21-06-18 at 18:44:20:113 Recived 06 02 30 11 00 1E 43 31 1C B3 14 0C 11 01 BA 00 B2 02 03 00 00 4E 41 00 00 01 01 10 15 06 12 12 2C 15 00 2E 5D 00 00 2D 00 00 00 00 00 EF 95 10 42 01 00 A1 
21-06-18 at 18:44:20:128 Send 06 
21-06-18 at 18:44:20:133 KKMStatus 0000
21-06-18 at 18:44:20:143 Send 05 
21-06-18 at 18:44:20:158 Recived 15 
21-06-18 at 18:44:20:158 Send 06 
21-06-18 at 18:44:20:173 Send 02 05 11 1E 00 00 00 0A 
21-06-18 at 18:44:20:188 Recived 06 02 30 11 00 1E 43 31 1C B3 14 0C 11 01 BA 00 B2 02 03 00 00 4E 41 00 00 01 01 10 15 06 12 12 2C 15 00 2E 5D 00 00 2D 00 00 00 00 00 EF 95 10 42 01 00 A1 
21-06-18 at 18:44:20:203 Send 06 
21-06-18 at 18:44:20:208 KKMStatus 0300
21-06-18 at 18:44:20:208 Номер ФР считан
21-06-18 at 18:44:20:391 СУБД подключена
21-06-18 at 18:44:20:410 Send 05 
21-06-18 at 18:44:20:425 Recived 15 
21-06-18 at 18:44:20:425 Send 06 
21-06-18 at 18:44:20:440 Send 02 17 1E 1E 00 00 00 05 03 00 01 CA 41 D0 D2 CE C9 20 56 49 53 41 2F 4D 43 92 
21-06-18 at 18:44:20:456 Recived 06 02 02 1E 00 1C 
21-06-18 at 18:44:20:471 Send 06 
21-06-18 at 18:44:20:486 Send 05 
21-06-18 at 18:44:20:501 Recived 15 
21-06-18 at 18:44:20:501 Send 06 
21-06-18 at 18:44:20:516 Send 02 18 1E 1E 00 00 00 05 04 00 01 C4 D0 D3 C3 C8 CC C8 20 CA C0 D0 D2 C0 CC C8 3C 
21-06-18 at 18:44:20:532 Recived 06 02 02 1E 00 1C 
21-06-18 at 18:44:20:547 Send 06 
21-06-18 at 18:44:20:562 Send 05 
21-06-18 at 18:44:20:577 Recived 15 
21-06-18 at 18:44:20:577 Send 06 
21-06-18 at 18:44:20:592 Send 02 0A 1E 1E 00 00 00 01 01 00 01 01 0A 
21-06-18 at 18:44:20:607 Recived 06 02 02 1E 00 1C 
21-06-18 at 18:44:20:622 Send 06 
21-06-18 at 18:44:20:637 Send 05 
21-06-18 at 18:44:20:652 Recived 15 
21-06-18 at 18:44:20:652 Send 06 
21-06-18 at 18:44:20:667 Send 02 0A 1E 1E 00 00 00 01 01 00 05 02 0D 
21-06-18 at 18:44:20:682 Recived 06 02 02 1E 00 1C 
21-06-18 at 18:44:20:697 Send 06 
21-06-18 at 18:44:20:712 Send 05 
21-06-18 at 18:44:20:727 Recived 15 
21-06-18 at 18:44:20:727 Send 06 
21-06-18 at 18:44:20:742 Send 02 0A 1E 1E 00 00 00 01 01 00 23 01 28 
21-06-18 at 18:44:20:757 Recived 06 02 02 1E 00 1C 
21-06-18 at 18:44:20:772 Send 06 
21-06-18 at 18:44:20:787 Send 05 
21-06-18 at 18:44:20:802 Recived 15 
21-06-18 at 18:44:20:802 Send 06 
21-06-18 at 18:44:20:817 Send 02 0A 1E 1E 00 00 00 01 01 00 06 00 0C 
21-06-18 at 18:44:20:832 Recived 06 02 02 1E 00 1C 
21-06-18 at 18:44:20:847 Send 06 
21-06-18 at 18:44:20:862 Send 05 
21-06-18 at 18:44:20:877 Recived 15 
21-06-18 at 18:44:20:877 Send 06 
21-06-18 at 18:44:20:892 Send 02 0A 1E 1E 00 00 00 01 01 00 07 01 0C 
21-06-18 at 18:44:20:907 Recived 06 02 02 1E 00 1C 
21-06-18 at 18:44:20:922 Send 06 
21-06-18 at 18:44:20:937 Send 05 
21-06-18 at 18:44:20:952 Recived 15 
21-06-18 at 18:44:20:952 Send 06 
21-06-18 at 18:44:20:967 Send 02 0A 1E 1E 00 00 00 01 01 00 14 01 1F 
21-06-18 at 18:44:20:982 Recived 06 02 02 1E 00 1C 
21-06-18 at 18:44:20:997 Send 06 
21-06-18 at 18:44:21:012 Send 05 
21-06-18 at 18:44:21:027 Recived 15 
21-06-18 at 18:44:21:027 Send 06 
21-06-18 at 18:44:21:042 Send 02 0A 1E 1E 00 00 00 01 01 00 15 01 1E 
21-06-18 at 18:44:21:057 Recived 06 02 02 1E 00 1C 
21-06-18 at 18:44:21:072 Send 06 
21-06-18 at 18:44:21:087 Send 05 
21-06-18 at 18:44:21:102 Recived 15 
21-06-18 at 18:44:21:102 Send 06 
21-06-18 at 18:44:21:117 Send 02 0A 1E 1E 00 00 00 01 01 00 0F 00 05 
21-06-18 at 18:44:21:132 Recived 06 02 02 1E 00 1C 
21-06-18 at 18:44:21:147 Send 06 
21-06-18 at 18:44:21:162 Send 05 
21-06-18 at 18:44:21:177 Recived 15 
21-06-18 at 18:44:21:177 Send 06 
21-06-18 at 18:44:21:192 Send 02 0A 1E 1E 00 00 00 01 01 00 11 00 1B 
21-06-18 at 18:44:21:207 Recived 06 02 02 1E 00 1C 
21-06-18 at 18:44:21:222 Send 06 
21-06-18 at 18:44:21:237 Send 05 
21-06-18 at 18:44:21:252 Recived 15 
21-06-18 at 18:44:21:252 Send 06 
21-06-18 at 18:44:21:267 Send 02 0A 1E 1E 00 00 00 11 01 00 03 02 1B 
21-06-18 at 18:44:21:282 Recived 06 02 02 1E 00 1C 
21-06-18 at 18:44:21:297 Send 06 
21-06-18 at 18:44:21:312 Send 05 
21-06-18 at 18:44:21:327 Recived 15 
21-06-18 at 18:44:21:327 Send 06 
21-06-18 at 18:44:21:342 Send 02 0A 1E 1E 00 00 00 01 01 00 29 01 22 
21-06-18 at 18:44:21:357 Recived 06 02 02 1E 00 1C 
21-06-18 at 18:44:21:372 Send 06 
21-06-18 at 18:44:21:387 Send 05 
21-06-18 at 18:44:21:402 Recived 15 
21-06-18 at 18:44:21:402 Send 06 
21-06-18 at 18:44:21:417 Send 02 26 1E 1E 00 00 00 04 0C 00 01 20 20 20 20 20 20 20 20 20 20 20 C4 CE C1 D0 CE 20 CF CE C6 C0 CB CE C2 C0 D2 DC 21 00 D5 
21-06-18 at 18:44:21:435 Recived 06 02 02 1E 00 1C 
21-06-18 at 18:44:21:450 Send 06 
21-06-18 at 18:44:21:465 Send 05 
21-06-18 at 18:44:21:480 Recived 15 
21-06-18 at 18:44:21:480 Send 06 
21-06-18 at 18:44:21:495 Send 02 29 1E 1E 00 00 00 04 0D 00 01 20 20 20 20 20 20 20 20 CE CE CE 20 CA EE EC EF E0 ED E8 FF 20 27 CA CE CB CE D0 CB CE CD 27 00 CB 
21-06-18 at 18:44:21:513 Recived 06 02 02 1E 00 1C 
21-06-18 at 18:44:21:528 Send 06 
21-06-18 at 18:44:21:543 Send 05 
21-06-18 at 18:44:21:558 Recived 15 
21-06-18 at 18:44:21:558 Send 06 
21-06-18 at 18:44:21:573 Send 02 2D 1E 1E 00 00 00 04 0E 00 01 20 20 20 20 20 CC E0 E3 E0 E7 E8 ED 20 27 C2 F1 E5 20 F2 EE E2 E0 F0 FB 20 E4 EB FF 20 E4 EE EC E0 27 20 00 DE 
21-06-18 at 18:44:21:591 Recived 06 02 02 1E 00 1C 
21-06-18 at 18:44:21:606 Send 06 
21-06-18 at 18:44:21:640 now clear port error ...
21-06-18 at 18:44:21:641 now write to port ...
21-06-18 at 18:44:21:774 ... done
21-06-18 at 18:44:21:816 Send 05 
21-06-18 at 18:44:21:831 Recived 15 
21-06-18 at 18:44:21:831 Send 06 
21-06-18 at 18:44:21:846 Send 02 06 1A 1E 00 00 00 79 7B 
21-06-18 at 18:44:21:861 Recived 06 02 09 1A 00 1E 0C AF 06 00 00 00 A8 
21-06-18 at 18:44:21:876 Send 06 
21-06-18 at 18:44:23:977 Cardreader  Антонов Сергей 
21-06-18 at 18:44:23:981 Send 05 
21-06-18 at 18:44:23:996 Recived 15 
21-06-18 at 18:44:24:007 Send 06 
21-06-18 at 18:44:24:032 Send 02 20 1E 1E 00 00 00 02 1E 00 02 CA E0 F1 F1 E8 F0 20 C0 ED F2 EE ED EE E2 20 D1 E5 F0 E3 E5 E9 20 00 D7 
21-06-18 at 18:44:24:050 Recived 06 02 02 1E 00 1C 
21-06-18 at 18:44:24:065 Send 06 
21-06-18 at 18:44:24:067 now clear port error ...
21-06-18 at 18:44:24:067 now write to port ...
21-06-18 at 18:44:24:201 ... done
21-06-18 at 18:44:24:980 Send 05 
21-06-18 at 18:44:24:995 Recived 15 
21-06-18 at 18:44:24:995 Send 06 
21-06-18 at 18:44:25:010 Send 02 06 FF 39 1E 00 00 00 DE 
21-06-18 at 18:44:25:025 Recived 06 02 10 FF 39 00 00 00 00 00 00 00 00 00 00 00 00 00 00 D6 
21-06-18 at 18:44:25:040 Send 06 
21-06-18 at 18:44:29:285 Send 05 
21-06-18 at 18:44:29:300 Recived 15 
21-06-18 at 18:44:29:300 Send 06 
21-06-18 at 18:44:29:315 Send 02 2E 17 1E 00 00 00 03 20 20 CF EE E4 E0 F0 EE F7 ED FB E5 20 EA E0 F0 F2 FB 20 ED E5 20 EF F0 EE E4 E0 E2 E0 EB E8 F1 FC 00 00 00 00 00 00 00 39 
21-06-18 at 18:44:29:334 Recived 06 02 03 17 00 1E 0A 
21-06-18 at 18:44:29:349 Send 06 
21-06-18 at 18:44:29:364 Send 05 
21-06-18 at 18:44:29:379 Recived 15 
21-06-18 at 18:44:29:379 Send 06 
21-06-18 at 18:44:29:394 Send 02 2E 17 1E 00 00 00 03 2D 2D 2D 2D 2D 2D 2D 2D 2D 2D 2D 2D 2D 2D 2D 2D 2D 2D 2D 2D 2D 2D 2D 2D 2D 2D 2D 2D 2D 2D 2D 2D 2D 2D 2D 2D 2D 2D 2D 2D 24 
21-06-18 at 18:44:29:413 Recived 06 02 03 17 00 1E 0A 
21-06-18 at 18:44:29:428 Send 06 
21-06-18 at 18:44:29:443 Send 05 
21-06-18 at 18:44:29:458 Recived 15 
21-06-18 at 18:44:29:458 Send 06 
21-06-18 at 18:44:29:473 Send 02 05 41 1E 00 00 00 5A 
21-06-18 at 18:44:29:488 Recived 06 
21-06-18 at 18:44:29:833 Recived 02 03 41 00 00 42 
21-06-18 at 18:44:29:848 Send 06 
21-06-18 at 18:44:32:263 Send 05 
21-06-18 at 18:44:32:278 Recived 15 
21-06-18 at 18:44:32:278 Send 06 
21-06-18 at 18:44:32:293 Send 02 08 21 1E 00 00 00 12 2C 20 29 
21-06-18 at 18:44:32:308 Recived 06 02 02 21 00 23 
21-06-18 at 18:44:32:323 Send 06 
21-06-18 at 18:44:32:330 Вход в GetStatus
21-06-18 at 18:44:32:338 Send 05 
21-06-18 at 18:44:32:353 Recived 15 
21-06-18 at 18:44:32:353 Send 06 
21-06-18 at 18:44:32:368 Send 02 05 11 1E 00 00 00 0A 
21-06-18 at 18:44:32:383 Recived 06 02 30 11 00 1E 43 31 1C B3 14 0C 11 01 BB 00 B2 02 04 00 00 4E 41 00 00 01 01 10 15 06 12 12 2C 20 00 2E 5D 00 00 2E 00 00 00 00 00 EF 95 10 42 01 00 91 
21-06-18 at 18:44:32:398 Send 06 
21-06-18 at 18:44:32:405 KKMStatus 0000
21-06-18 at 18:44:32:413 Send 05 
21-06-18 at 18:44:32:428 Recived 15 
21-06-18 at 18:44:32:428 Send 06 
21-06-18 at 18:44:32:443 Send 02 05 E0 1E 00 00 00 FB 
21-06-18 at 18:44:32:458 Recived 06 
21-06-18 at 18:44:33:598 Recived 02 03 E0 00 1E FD 
21-06-18 at 18:44:33:613 Send 06 
21-06-18 at 18:44:40:672 114
21-06-18 at 18:44:40:672 014
21-06-18 at 18:44:40:672 115
21-06-18 at 18:44:40:672 015
21-06-18 at 18:44:40:673 total calculated
21-06-18 at 18:44:40:675 now show on display
21-06-18 at 18:44:40:675                     Всего:       1032.00
21-06-18 at 18:44:40:675 now clear port error ...
21-06-18 at 18:44:40:676 now write to port ...
21-06-18 at 18:44:40:809 ... done
21-06-18 at 18:44:40:864 now clear port error ...
21-06-18 at 18:44:40:864 now write to port ...
21-06-18 at 18:44:40:998 ... done
21-06-18 at 18:44:40:998 now clear port error ...
21-06-18 at 18:44:40:998 now write to port ...
21-06-18 at 18:44:41:170 ... done
21-06-18 at 18:44:43:840 now clear port error ...
21-06-18 at 18:44:43:840 now write to port ...
21-06-18 at 18:44:43:974 ... done
21-06-18 at 18:44:43:975 116
21-06-18 at 18:44:43:975 016
21-06-18 at 18:45:36:092 114
21-06-18 at 18:45:36:093 014
21-06-18 at 18:45:36:094 total calculated
21-06-18 at 18:45:36:096 now show on display
21-06-18 at 18:45:36:096                     Всего:       1032.00
21-06-18 at 18:45:36:096 now clear port error ...
21-06-18 at 18:45:36:096 now write to port ...
21-06-18 at 18:45:36:230 ... done
21-06-18 at 18:45:36:292 114
21-06-18 at 18:45:36:293 014
21-06-18 at 18:45:36:524 114
21-06-18 at 18:45:36:524 014
21-06-18 at 18:45:37:070 114
21-06-18 at 18:45:37:070 014
21-06-18 at 18:45:39:220 114
21-06-18 at 18:45:39:220 014
21-06-18 at 18:45:40:364 114
21-06-18 at 18:45:40:364 014
21-06-18 at 18:45:40:916 114
21-06-18 at 18:45:40:916 014
21-06-18 at 18:45:41:116 114
21-06-18 at 18:45:41:116 014
21-06-18 at 18:45:41:332 114
21-06-18 at 18:45:41:332 014
21-06-18 at 18:45:43:612 114
21-06-18 at 18:45:43:612 014
21-06-18 at 18:45:43:900 114
21-06-18 at 18:45:43:900 014
21-06-18 at 18:45:44:204 114
21-06-18 at 18:45:44:204 014
21-06-18 at 18:45:45:364 114
21-06-18 at 18:45:45:364 014
21-06-18 at 18:45:45:364 114
21-06-18 at 18:45:45:365 014
21-06-18 at 18:45:48:416 total calculated
21-06-18 at 18:45:48:418 now show on display
21-06-18 at 18:45:48:418                     Всего:       1032.00
21-06-18 at 18:45:48:419 now clear port error ...
21-06-18 at 18:45:48:419 now write to port ...
21-06-18 at 18:45:48:552 ... done
21-06-18 at 18:45:48:557 Попытка входа в критическую секцию: дисконт
21-06-18 at 18:45:48:557 total calculated
21-06-18 at 18:45:48:559 now show on display
21-06-18 at 18:45:48:559                     Всего:       1032.00
21-06-18 at 18:45:48:560 now clear port error ...
21-06-18 at 18:45:48:560 now write to port ...
21-06-18 at 18:45:48:724 ... done
21-06-18 at 18:45:48:725 114
21-06-18 at 18:45:48:725 014
21-06-18 at 18:45:48:725 115
21-06-18 at 18:45:48:725 015
21-06-18 at 18:45:48:726 Попытка входа в критическую секцию: дисконт
21-06-18 at 18:45:48:727 total calculated
21-06-18 at 18:45:48:728 now show on display
21-06-18 at 18:45:48:729                     Всего:       1032.00
21-06-18 at 18:45:48:729 now clear port error ...
21-06-18 at 18:45:48:729 now write to port ...
21-06-18 at 18:45:48:896 ... done
21-06-18 at 18:45:48:908 now clear port error ...
21-06-18 at 18:45:48:908 now write to port ...
21-06-18 at 18:45:49:068 ... done
21-06-18 at 18:45:49:068 now clear port error ...
21-06-18 at 18:45:49:068 now write to port ...
21-06-18 at 18:45:49:240 ... done
21-06-18 at 18:45:49:242 now clear port error ...
21-06-18 at 18:45:49:242 now write to port ...
21-06-18 at 18:45:49:412 ... done
21-06-18 at 18:45:49:413 Вход в FRInit
21-06-18 at 18:45:49:413 Вход в GetStatus
21-06-18 at 18:45:49:423 Send 05 
21-06-18 at 18:45:49:438 Recived 15 
21-06-18 at 18:45:49:438 Send 06 
21-06-18 at 18:45:49:453 Send 02 05 11 1E 00 00 00 0A 
21-06-18 at 18:45:49:468 Recived 06 02 30 11 00 1E 43 31 1C B3 14 0C 11 01 BC 00 B2 02 02 00 00 4E 41 00 00 01 01 10 15 06 12 12 2D 31 00 2E 5D 00 00 2E 00 00 00 00 00 EF 95 10 42 01 00 80 
21-06-18 at 18:45:49:483 Send 06 
21-06-18 at 18:45:49:488 KKMStatus 0000
21-06-18 at 18:45:49:498 Send 05 
21-06-18 at 18:45:49:513 Recived 15 
21-06-18 at 18:45:49:513 Send 06 
21-06-18 at 18:45:49:528 Send 02 06 8D 1E 00 00 00 00 95 
21-06-18 at 18:45:49:543 Recived 06 
21-06-18 at 18:45:49:558 Recived 02 03 8D 00 1E 90 
21-06-18 at 18:45:49:573 Send 06 
21-06-18 at 18:45:49:588 Send 05 
21-06-18 at 18:45:49:603 Recived 15 
21-06-18 at 18:45:49:603 Send 06 
21-06-18 at 18:45:49:618 Send 02 0A C2 1E 00 00 00 5D A2 F6 84 15 4E 
21-06-18 at 18:45:49:633 Recived 06 02 03 C2 00 1E DF 
21-06-18 at 18:45:49:648 Send 06 
21-06-18 at 18:45:49:663 Send 05 
21-06-18 at 18:45:49:678 Recived 15 
21-06-18 at 18:45:49:678 Send 06 
21-06-18 at 18:45:49:693 Send 02 2E 17 1E 00 00 00 03 3D 3D 3D 3D 3D 3D 3D 3D 3D 3D 3D 3D 3D 3D 3D 3D 3D 3D 3D 3D 3D 3D 3D 3D 3D 3D 3D 3D 3D 3D 3D 3D 3D 3D 3D 3D 3D 3D 3D 3D 24 
21-06-18 at 18:45:49:712 Recived 06 02 03 17 00 1E 0A 
21-06-18 at 18:45:49:727 Send 06 
21-06-18 at 18:45:49:742 Send 05 
21-06-18 at 18:45:49:757 Recived 15 
21-06-18 at 18:45:49:757 Send 06 
21-06-18 at 18:45:49:772 Send 02 2E 17 1E 00 00 00 03 20 20 20 20 20 20 20 D7 C5 CA 20 30 32 2D 33 38 35 34 2D 31 38 30 36 2D 32 31 31 38 2D 34 35 34 39 00 00 00 00 00 00 00 FD 
21-06-18 at 18:45:49:791 Recived 06 02 03 17 00 1E 0A 
21-06-18 at 18:45:49:806 Send 06 
21-06-18 at 18:45:49:821 Send 05 
21-06-18 at 18:45:49:836 Recived 15 
21-06-18 at 18:45:49:836 Send 06 
21-06-18 at 18:45:49:851 Send 02 2E 17 1E 00 00 00 03 3D 3D 3D 3D 3D 3D 3D 3D 3D 3D 3D 3D 3D 3D 3D 3D 3D 3D 3D 3D 3D 3D 3D 3D 3D 3D 3D 3D 3D 3D 3D 3D 3D 3D 3D 3D 3D 3D 3D 3D 24 
21-06-18 at 18:45:49:870 Recived 06 02 03 17 00 1E 0A 
21-06-18 at 18:45:49:885 Send 06 
21-06-18 at 18:45:49:900 Send 05 
21-06-18 at 18:45:49:915 Recived 15 
21-06-18 at 18:45:49:915 Send 06 
21-06-18 at 18:45:49:930 Send 02 3C 80 1E 00 00 00 E8 03 00 00 00 A6 02 00 00 00 00 02 00 00 00 2F 2F 32 38 35 36 30 32 38 30 34 31 34 31 20 52 55 32 35 31 39 34 20 D2 C5 D2 D0 C0 C4 DC 20 31 32 20 CB 2E 2C 20 CA 00 3D 
21-06-18 at 18:45:49:949 Recived 06 02 03 80 00 1E 9D 
21-06-18 at 18:45:49:964 Send 06 
21-06-18 at 18:45:49:979 Send 05 
21-06-18 at 18:45:49:994 Recived 15 
21-06-18 at 18:45:49:994 Send 06 
21-06-18 at 18:45:50:009 Send 02 3C 80 1E 00 00 00 E8 03 00 00 00 7B 84 00 00 00 00 01 00 00 00 2F 2F 32 38 30 37 31 30 33 30 32 30 31 38 20 2A 20 CE E1 EE E8 20 CF E0 EB E8 F2 F0 E0 20 36 30 36 33 2D 32 38 20 20 00 5A 
21-06-18 at 18:45:50:028 Recived 06 02 03 80 00 1E 9D 
21-06-18 at 18:45:50:043 Send 06 
21-06-18 at 18:45:50:058 Send 05 
21-06-18 at 18:45:50:073 Recived 15 
21-06-18 at 18:45:50:073 Send 06 
21-06-18 at 18:45:50:088 Send 02 3C 80 1E 00 00 00 E8 03 00 00 00 7F FF 00 00 00 00 01 00 00 00 2F 2F 32 38 30 31 31 30 31 30 39 30 38 36 20 D8 D2 CE D0 C0 20 20 30 31 33 34 35 2D 31 37 37 20 4F 4E 20 4C 4F 4F 50 00 02 
21-06-18 at 18:45:50:107 Recived 06 02 03 80 00 1E 9D 
21-06-18 at 18:45:50:122 Send 06 
21-06-18 at 18:45:50:137 Send 05 
21-06-18 at 18:45:50:152 Recived 15 
21-06-18 at 18:45:50:152 Send 06 
21-06-18 at 18:45:50:167 Send 02 2E 17 1E 00 00 00 03 32 38 35 36 30 32 38 30 34 31 34 31 20 52 55 32 35 31 39 34 20 D2 C5 D2 D0 C0 C4 DC 20 31 32 20 CB 2E 2C 20 00 00 00 00 3C 
21-06-18 at 18:45:50:186 Recived 06 02 03 17 00 1E 0A 
21-06-18 at 18:45:50:201 Send 06 
21-06-18 at 18:45:50:216 Send 05 
21-06-18 at 18:45:50:231 Recived 15 
21-06-18 at 18:45:50:231 Send 06 
21-06-18 at 18:45:50:246 Send 02 2E 17 1E 00 00 00 03 CA CB 2E 20 CF CE CB 2E 20 4D 49 43 4B 45 59 20 46 4F 4F 54 42 41 4C 4C 20 2F 32 35 2F 33 30 30 2F 20 20 20 28 F8 F2 29 DE 
21-06-18 at 18:45:50:265 Recived 06 02 03 17 00 1E 0A 
21-06-18 at 18:45:50:280 Send 06 
21-06-18 at 18:45:50:295 Send 05 
21-06-18 at 18:45:50:310 Recived 15 
21-06-18 at 18:45:50:310 Send 06 
21-06-18 at 18:45:50:325 Send 02 2E 17 1E 00 00 00 03 20 20 20 20 20 20 20 20 20 20 20 20 20 20 20 20 20 20 20 20 20 20 20 20 20 20 20 20 31 2E 30 30 30 20 58 20 37 2E 30 30 4A 
21-06-18 at 18:45:50:344 Recived 06 02 03 17 00 1E 0A 
21-06-18 at 18:45:50:359 Send 06 
21-06-18 at 18:45:50:374 Send 05 
21-06-18 at 18:45:50:389 Recived 15 
21-06-18 at 18:45:50:389 Send 06 
21-06-18 at 18:45:50:404 Send 02 2E 17 1E 00 00 00 03 D1 F3 EC EC E0 2C E2 20 F2 2E F7 2E CD C4 D1 20 31 30 25 20 20 20 20 20 20 20 20 20 20 20 20 20 20 20 3D 20 37 2E 30 30 F5 
21-06-18 at 18:45:50:423 Recived 06 02 03 17 00 1E 0A 
21-06-18 at 18:45:50:438 Send 06 
21-06-18 at 18:45:50:453 Send 05 
21-06-18 at 18:45:50:468 Recived 15 
21-06-18 at 18:45:50:468 Send 06 
21-06-18 at 18:45:50:483 Send 02 2E 17 1E 00 00 00 03 32 38 30 37 31 30 33 30 32 30 31 38 20 2A 20 CE E1 EE E8 20 CF E0 EB E8 F2 F0 E0 20 36 30 36 33 2D 32 38 20 00 00 00 00 E9 
21-06-18 at 18:45:50:502 Recived 06 02 03 17 00 1E 0A 
21-06-18 at 18:45:50:517 Send 06 
21-06-18 at 18:45:50:532 Send 05 
21-06-18 at 18:45:50:547 Recived 15 
21-06-18 at 18:45:50:547 Send 06 
21-06-18 at 18:45:50:562 Send 02 2E 17 1E 00 00 00 03 F5 31 32 20 E2 E8 ED E8 EB 20 30 2C 35 33 2A 31 30 2C 30 35 EC 20 20 20 20 20 20 20 20 20 20 20 20 20 20 20 28 F8 F2 29 E9 
21-06-18 at 18:45:50:581 Recived 06 02 03 17 00 1E 0A 
21-06-18 at 18:45:50:596 Send 06 
21-06-18 at 18:45:50:611 Send 05 
21-06-18 at 18:45:50:626 Recived 15 
21-06-18 at 18:45:50:626 Send 06 
21-06-18 at 18:45:50:641 Send 02 2E 17 1E 00 00 00 03 20 20 20 20 20 20 20 20 20 20 20 20 20 20 20 20 20 20 20 20 20 20 20 20 20 20 31 2E 30 30 30 20 58 20 33 35 30 2E 30 30 4B 
21-06-18 at 18:45:50:660 Recived 06 02 03 17 00 1E 0A 
21-06-18 at 18:45:50:675 Send 06 
21-06-18 at 18:45:50:690 Send 05 
21-06-18 at 18:45:50:705 Recived 15 
21-06-18 at 18:45:50:705 Send 06 
21-06-18 at 18:45:50:720 Send 02 2E 17 1E 00 00 00 03 D1 F3 EC EC E0 2C E2 20 F2 2E F7 2E CD C4 D1 20 31 38 25 20 20 20 20 20 20 20 20 20 20 20 20 20 3D 20 33 35 30 2E 30 30 FC 
21-06-18 at 18:45:50:739 Recived 06 02 03 17 00 1E 0A 
21-06-18 at 18:45:50:754 Send 06 
21-06-18 at 18:45:50:769 Send 05 
21-06-18 at 18:45:50:784 Recived 15 
21-06-18 at 18:45:50:784 Send 06 
21-06-18 at 18:45:50:799 Send 02 2E 17 1E 00 00 00 03 32 38 30 31 31 30 31 30 39 30 38 36 20 D8 D2 CE D0 C0 20 30 31 33 34 35 2D 31 37 37 20 4F 4E 20 4C 4F 4F 50 53 20 00 00 BD 
21-06-18 at 18:45:50:818 Recived 06 02 03 17 00 1E 0A 
21-06-18 at 18:45:50:833 Send 06 
21-06-18 at 18:45:50:848 Send 05 
21-06-18 at 18:45:50:863 Recived 15 
21-06-18 at 18:45:50:863 Send 06 
21-06-18 at 18:45:50:878 Send 02 2E 17 1E 00 00 00 03 31 34 35 2A 32 39 30 20 20 20 20 20 20 20 20 20 20 20 20 20 20 20 20 20 20 20 20 20 20 20 20 20 20 20 20 20 28 F8 F2 29 2E 
21-06-18 at 18:45:50:897 Recived 06 02 03 17 00 1E 0A 
21-06-18 at 18:45:50:912 Send 06 
21-06-18 at 18:45:50:927 Send 05 
21-06-18 at 18:45:50:942 Recived 15 
21-06-18 at 18:45:50:942 Send 06 
21-06-18 at 18:45:50:957 Send 02 2E 17 1E 00 00 00 03 20 20 20 20 20 20 20 20 20 20 20 20 20 20 20 20 20 20 20 20 20 20 20 20 20 20 31 2E 30 30 30 20 58 20 36 37 35 2E 30 30 49 
21-06-18 at 18:45:50:976 Recived 06 02 03 17 00 1E 0A 
21-06-18 at 18:45:50:991 Send 06 
21-06-18 at 18:45:51:006 Send 05 
21-06-18 at 18:45:51:021 Recived 15 
21-06-18 at 18:45:51:021 Send 06 
21-06-18 at 18:45:51:036 Send 02 2E 17 1E 00 00 00 03 D1 F3 EC EC E0 2C E2 20 F2 2E F7 2E CD C4 D1 20 31 38 25 20 20 20 20 20 20 20 20 20 20 20 20 20 3D 20 36 37 35 2E 30 30 FE 
21-06-18 at 18:45:51:055 Recived 06 02 03 17 00 1E 0A 
21-06-18 at 18:45:51:070 Send 06 
21-06-18 at 18:45:51:085 Send 05 
21-06-18 at 18:45:51:100 Recived 15 
21-06-18 at 18:45:51:100 Send 06 
21-06-18 at 18:45:51:115 Send 02 2E 17 1E 00 00 00 03 2D 2D 2D 2D 2D 2D 2D 2D 2D 2D 2D 2D 2D 2D 2D 2D 2D 2D 2D 2D 2D 2D 2D 2D 2D 2D 2D 2D 2D 2D 2D 2D 2D 2D 2D 2D 2D 2D 2D 2D 24 
21-06-18 at 18:45:51:134 Recived 06 02 03 17 00 1E 0A 
21-06-18 at 18:45:51:149 Send 06 
21-06-18 at 18:45:51:164 Send 05 
21-06-18 at 18:45:51:179 Recived 15 
21-06-18 at 18:45:51:179 Send 06 
21-06-18 at 18:45:51:194 Send 02 2E 17 1E 00 00 00 03 CF EE E4 E0 F0 EE F7 ED E0 FF 20 EA E0 F0 F2 E0 20 30 30 30 30 33 31 33 37 34 39 20 EE EF EB E0 F2 E0 00 00 00 00 00 00 C1 
21-06-18 at 18:45:51:213 Recived 06 02 03 17 00 1E 0A 
21-06-18 at 18:45:51:228 Send 06 
21-06-18 at 18:45:51:243 Send 05 
21-06-18 at 18:45:51:258 Recived 15 
21-06-18 at 18:45:51:258 Send 06 
21-06-18 at 18:45:51:273 Send 02 2E 17 1E 00 00 00 03 EF F0 E8 ED FF F2 E0 20 ED E0 20 F1 F3 EC EC F3 20 33 32 2E 30 30 00 00 00 00 00 00 00 00 00 00 00 00 00 00 00 00 00 00 20 
21-06-18 at 18:45:51:292 Recived 06 02 03 17 00 1E 0A 
21-06-18 at 18:45:51:307 Send 06 
21-06-18 at 18:45:51:322 Send 05 
21-06-18 at 18:45:51:337 Recived 15 
21-06-18 at 18:45:51:337 Send 06 
21-06-18 at 18:45:51:352 Send 02 2E 17 1E 00 00 00 03 EE F1 F2 E0 F2 EE EA 20 ED E0 20 EA E0 F0 F2 E5 20 35 35 2E 34 30 00 00 00 00 00 00 00 00 00 00 00 00 00 00 00 00 00 00 35 
21-06-18 at 18:45:51:371 Recived 06 02 03 17 00 1E 0A 
21-06-18 at 18:45:51:386 Send 06 
21-06-18 at 18:45:51:401 Send 05 
21-06-18 at 18:45:51:416 Recived 15 
21-06-18 at 18:45:51:416 Send 06 
21-06-18 at 18:45:51:431 Send 02 2E 17 1E 00 00 00 03 3D 3D 3D 3D 3D 3D 3D 3D 3D 3D 3D 3D 3D 3D 3D 3D 3D 3D 3D 3D 3D 3D 3D 3D 3D 3D 3D 3D 3D 3D 3D 3D 3D 3D 3D 3D 3D 3D 3D 3D 24 
21-06-18 at 18:45:51:450 Recived 06 02 03 17 00 1E 0A 
21-06-18 at 18:45:51:465 Send 06 
21-06-18 at 18:45:51:480 Send 05 
21-06-18 at 18:45:51:495 Recived 15 
21-06-18 at 18:45:51:495 Send 06 
21-06-18 at 18:45:51:510 Send 02 2E 17 1E 00 00 00 03 20 00 00 00 00 00 00 00 00 00 00 00 00 00 00 00 00 00 00 00 00 00 00 00 00 00 00 00 00 00 00 00 00 00 00 00 00 00 00 00 04 
21-06-18 at 18:45:51:529 Recived 06 02 03 17 00 1E 0A 
21-06-18 at 18:45:51:544 Send 06 
21-06-18 at 18:45:51:559 Send 05 
21-06-18 at 18:45:51:574 Recived 15 
21-06-18 at 18:45:51:574 Send 06 
21-06-18 at 18:45:51:589 Send 02 2E 17 1E 00 00 00 03 20 20 20 20 CE EF EB E0 F2 E0 20 EF F0 E8 ED FF F2 E0 20 F1 20 E1 EB E0 E3 EE E4 E0 F0 ED EE F1 F2 FC FE 00 00 00 00 00 2B 
21-06-18 at 18:45:51:608 Recived 06 02 03 17 00 1E 0A 
21-06-18 at 18:45:51:623 Send 06 
21-06-18 at 18:45:51:638 Send 05 
21-06-18 at 18:45:51:653 Recived 15 
21-06-18 at 18:45:51:653 Send 06 
21-06-18 at 18:45:51:668 Send 02 2E 17 1E 00 00 00 03 20 20 C6 E4 E5 EC 20 E2 E0 F1 20 E5 E6 E5 E4 ED E5 E2 ED EE 20 F1 20 39 2E 30 30 20 E4 EE 20 32 32 2E 30 30 00 00 00 00 D5 
21-06-18 at 18:45:51:687 Recived 06 02 03 17 00 1E 0A 
21-06-18 at 18:45:51:702 Send 06 
21-06-18 at 18:45:51:717 Send 05 
21-06-18 at 18:45:51:732 Recived 15 
21-06-18 at 18:45:51:732 Send 06 
21-06-18 at 18:45:51:747 Send 02 2E 17 1E 00 00 00 03 20 20 20 20 EF EE 20 E0 E4 F0 E5 F1 F3 3A 36 33 30 30 32 37 2C E3 2E CD EE E2 EE F1 E8 E1 E8 F0 F1 EA 2C 00 00 00 00 00 35 
21-06-18 at 18:45:51:766 Recived 06 02 03 17 00 1E 0A 
21-06-18 at 18:45:51:781 Send 06 
21-06-18 at 18:45:51:796 Send 05 
21-06-18 at 18:45:51:811 Recived 15 
21-06-18 at 18:45:51:811 Send 06 
21-06-18 at 18:45:51:826 Send 02 2E 17 1E 00 00 00 03 F3 EB 2E D2 EE EB EC E0 F7 E5 E2 F1 EA E0 FF 2C 20 31 39 E0 20 EA 2E 32 2C 20 F2 E5 EB 2E 3A 33 36 33 2D 30 35 2D 30 35 DD 
21-06-18 at 18:45:51:845 Recived 06 02 03 17 00 1E 0A 
21-06-18 at 18:45:51:860 Send 06 
21-06-18 at 18:45:51:875 Send 05 
21-06-18 at 18:45:51:890 Recived 15 
21-06-18 at 18:45:51:890 Send 06 
21-06-18 at 18:45:51:905 Send 02 47 85 1E 00 00 00 A0 86 01 00 00 00 00 00 00 00 00 00 00 00 00 00 00 00 00 00 00 00 00 00 00 00 20 00 00 00 00 00 00 00 00 00 00 00 00 00 00 00 00 00 00 00 00 00 00 00 00 00 00 00 00 00 00 00 00 00 00 00 00 00 00 00 DB 
21-06-18 at 18:45:51:926 Recived 06 
21-06-18 at 18:45:52:106 Recived 02 08 85 00 1E 00 00 00 00 00 93 
21-06-18 at 18:45:52:121 Send 06 
21-06-18 at 18:45:52:128 WAIT_OBJECT_0
21-06-18 at 18:52:06:749 Запуск программы. Инициализация считана из файла
21-06-18 at 18:52:06:749 Чек загружен.
21-06-18 at 18:52:06:750 Чек загружен.
21-06-18 at 18:52:06:751 Попытка входа в критическую секцию: дисконт
21-06-18 at 18:52:06:751 total calculated
21-06-18 at 18:52:06:751 now show on display
21-06-18 at 18:52:06:751                     Всего:       1032.00
21-06-18 at 18:52:06:751 now open port for display
21-06-18 at 18:52:06:752 Com port opened
21-06-18 at 18:52:06:752 now clear port error ...
21-06-18 at 18:52:06:752 now write to port ...
21-06-18 at 18:52:06:886 ... done
21-06-18 at 18:52:06:886 Чек сжат
21-06-18 at 18:52:06:886 Сумма чека посчитана
21-06-18 at 18:52:06:887 Кардридер создан
21-06-18 at 18:52:06:887 Задание запуска модулей создано
21-06-18 at 18:52:06:887 Сканер создан
21-06-18 at 18:52:06:887 Регистратор создан
21-06-18 at 18:52:06:887 Часы созданы
21-06-18 at 18:52:06:888 Регистратор запущен
21-06-18 at 18:52:06:888 Сканер запущен
21-06-18 at 18:52:06:888 Часы запущены
21-06-18 at 18:52:06:888 Кардридер запущен
21-06-18 at 18:52:06:888 Передача данных запущена
21-06-18 at 18:52:06:888 Вход в FRInit
21-06-18 at 18:52:06:888 Вход в GetStatus
21-06-18 at 18:52:06:889 Send 05 
21-06-18 at 18:52:06:904 Recived 15 
21-06-18 at 18:52:06:904 Send 06 
21-06-18 at 18:52:06:919 Send 02 05 11 1E 00 00 00 0A 
21-06-18 at 18:52:06:934 Recived 06 02 30 11 00 1E 43 31 1C B3 14 0C 11 01 BD 00 B2 02 02 00 00 4E 41 00 00 01 01 10 15 06 12 12 34 07 00 2E 5D 00 00 2E 00 00 00 00 00 EF 95 10 42 01 00 AE 
21-06-18 at 18:52:06:949 Send 06 
21-06-18 at 18:52:06:955 KKMStatus 0000
21-06-18 at 18:52:06:964 Send 05 
21-06-18 at 18:52:06:979 Recived 15 
21-06-18 at 18:52:06:979 Send 06 
21-06-18 at 18:52:06:994 Send 02 05 11 1E 00 00 00 0A 
21-06-18 at 18:52:07:009 Recived 06 02 30 11 00 1E 43 31 1C B3 14 0C 11 01 BD 00 B2 02 02 00 00 4E 41 00 00 01 01 10 15 06 12 12 34 07 00 2E 5D 00 00 2E 00 00 00 00 00 EF 95 10 42 01 00 AE 
21-06-18 at 18:52:07:024 Send 06 
21-06-18 at 18:52:07:030 KKMStatus 0200
21-06-18 at 18:52:07:030 Номер ФР считан
21-06-18 at 18:52:07:184 СУБД подключена
21-06-18 at 18:52:07:204 Send 05 
21-06-18 at 18:52:07:219 Recived 15 
21-06-18 at 18:52:07:219 Send 06 
21-06-18 at 18:52:07:234 Send 02 17 1E 1E 00 00 00 05 03 00 01 CA 41 D0 D2 CE C9 20 56 49 53 41 2F 4D 43 92 
21-06-18 at 18:52:07:250 Recived 06 02 02 1E 00 1C 
21-06-18 at 18:52:07:265 Send 06 
21-06-18 at 18:52:07:280 Send 05 
21-06-18 at 18:52:07:295 Recived 15 
21-06-18 at 18:52:07:295 Send 06 
21-06-18 at 18:52:07:310 Send 02 18 1E 1E 00 00 00 05 04 00 01 C4 D0 D3 C3 C8 CC C8 20 CA C0 D0 D2 C0 CC C8 3C 
21-06-18 at 18:52:07:326 Recived 06 02 02 1E 00 1C 
21-06-18 at 18:52:07:341 Send 06 
21-06-18 at 18:52:07:356 Send 05 
21-06-18 at 18:52:07:371 Recived 15 
21-06-18 at 18:52:07:371 Send 06 
21-06-18 at 18:52:07:386 Send 02 0A 1E 1E 00 00 00 01 01 00 01 01 0A 
21-06-18 at 18:52:07:401 Recived 06 02 02 1E 00 1C 
21-06-18 at 18:52:07:416 Send 06 
21-06-18 at 18:52:07:431 Send 05 
21-06-18 at 18:52:07:446 Recived 15 
21-06-18 at 18:52:07:446 Send 06 
21-06-18 at 18:52:07:461 Send 02 0A 1E 1E 00 00 00 01 01 00 05 02 0D 
21-06-18 at 18:52:07:476 Recived 06 02 02 1E 00 1C 
21-06-18 at 18:52:07:491 Send 06 
21-06-18 at 18:52:07:506 Send 05 
21-06-18 at 18:52:07:521 Recived 15 
21-06-18 at 18:52:07:521 Send 06 
21-06-18 at 18:52:07:536 Send 02 0A 1E 1E 00 00 00 01 01 00 23 01 28 
21-06-18 at 18:52:07:551 Recived 06 02 02 1E 00 1C 
21-06-18 at 18:52:07:566 Send 06 
21-06-18 at 18:52:07:581 Send 05 
21-06-18 at 18:52:07:596 Recived 15 
21-06-18 at 18:52:07:596 Send 06 
21-06-18 at 18:52:07:611 Send 02 0A 1E 1E 00 00 00 01 01 00 06 00 0C 
21-06-18 at 18:52:07:626 Recived 06 02 02 1E 00 1C 
21-06-18 at 18:52:07:641 Send 06 
21-06-18 at 18:52:07:656 Send 05 
21-06-18 at 18:52:07:671 Recived 15 
21-06-18 at 18:52:07:671 Send 06 
21-06-18 at 18:52:07:686 Send 02 0A 1E 1E 00 00 00 01 01 00 07 01 0C 
21-06-18 at 18:52:07:701 Recived 06 02 02 1E 00 1C 
21-06-18 at 18:52:07:716 Send 06 
21-06-18 at 18:52:07:731 Send 05 
21-06-18 at 18:52:07:746 Recived 15 
21-06-18 at 18:52:07:746 Send 06 
21-06-18 at 18:52:07:761 Send 02 0A 1E 1E 00 00 00 01 01 00 14 01 1F 
21-06-18 at 18:52:07:776 Recived 06 02 02 1E 00 1C 
21-06-18 at 18:52:07:791 Send 06 
21-06-18 at 18:52:07:806 Send 05 
21-06-18 at 18:52:07:821 Recived 15 
21-06-18 at 18:52:07:821 Send 06 
21-06-18 at 18:52:07:836 Send 02 0A 1E 1E 00 00 00 01 01 00 15 01 1E 
21-06-18 at 18:52:07:851 Recived 06 02 02 1E 00 1C 
21-06-18 at 18:52:07:866 Send 06 
21-06-18 at 18:52:07:881 Send 05 
21-06-18 at 18:52:07:896 Recived 15 
21-06-18 at 18:52:07:896 Send 06 
21-06-18 at 18:52:07:911 Send 02 0A 1E 1E 00 00 00 01 01 00 0F 00 05 
21-06-18 at 18:52:07:926 Recived 06 02 02 1E 00 1C 
21-06-18 at 18:52:07:941 Send 06 
21-06-18 at 18:52:07:956 Send 05 
21-06-18 at 18:52:07:971 Recived 15 
21-06-18 at 18:52:07:971 Send 06 
21-06-18 at 18:52:07:986 Send 02 0A 1E 1E 00 00 00 01 01 00 11 00 1B 
21-06-18 at 18:52:08:001 Recived 06 02 02 1E 00 1C 
21-06-18 at 18:52:08:016 Send 06 
21-06-18 at 18:52:08:031 Send 05 
21-06-18 at 18:52:08:046 Recived 15 
21-06-18 at 18:52:08:046 Send 06 
21-06-18 at 18:52:08:061 Send 02 0A 1E 1E 00 00 00 11 01 00 03 02 1B 
21-06-18 at 18:52:08:076 Recived 06 02 02 1E 00 1C 
21-06-18 at 18:52:08:091 Send 06 
21-06-18 at 18:52:08:106 Send 05 
21-06-18 at 18:52:08:121 Recived 15 
21-06-18 at 18:52:08:121 Send 06 
21-06-18 at 18:52:08:136 Send 02 0A 1E 1E 00 00 00 01 01 00 29 01 22 
21-06-18 at 18:52:08:151 Recived 06 02 02 1E 00 1C 
21-06-18 at 18:52:08:166 Send 06 
21-06-18 at 18:52:08:181 Send 05 
21-06-18 at 18:52:08:196 Recived 15 
21-06-18 at 18:52:08:196 Send 06 
21-06-18 at 18:52:08:211 Send 02 26 1E 1E 00 00 00 04 0C 00 01 20 20 20 20 20 20 20 20 20 20 20 C4 CE C1 D0 CE 20 CF CE C6 C0 CB CE C2 C0 D2 DC 21 00 D5 
21-06-18 at 18:52:08:228 Recived 06 02 02 1E 00 1C 
21-06-18 at 18:52:08:243 Send 06 
21-06-18 at 18:52:08:258 Send 05 
21-06-18 at 18:52:08:273 Recived 15 
21-06-18 at 18:52:08:273 Send 06 
21-06-18 at 18:52:08:288 Send 02 29 1E 1E 00 00 00 04 0D 00 01 20 20 20 20 20 20 20 20 CE CE CE 20 CA EE EC EF E0 ED E8 FF 20 27 CA CE CB CE D0 CB CE CD 27 00 CB 
21-06-18 at 18:52:08:306 Recived 06 02 02 1E 00 1C 
21-06-18 at 18:52:08:321 Send 06 
21-06-18 at 18:52:08:336 Send 05 
21-06-18 at 18:52:08:351 Recived 15 
21-06-18 at 18:52:08:351 Send 06 
21-06-18 at 18:52:08:366 Send 02 2D 1E 1E 00 00 00 04 0E 00 01 20 20 20 20 20 CC E0 E3 E0 E7 E8 ED 20 27 C2 F1 E5 20 F2 EE E2 E0 F0 FB 20 E4 EB FF 20 E4 EE EC E0 27 20 00 DE 
21-06-18 at 18:52:08:384 Recived 06 02 02 1E 00 1C 
21-06-18 at 18:52:08:399 Send 06 
21-06-18 at 18:52:08:437 now clear port error ...
21-06-18 at 18:52:08:437 now write to port ...
21-06-18 at 18:52:08:571 ... done
21-06-18 at 18:52:08:609 Send 05 
21-06-18 at 18:52:08:624 Recived 15 
21-06-18 at 18:52:08:624 Send 06 
21-06-18 at 18:52:08:639 Send 02 06 1A 1E 00 00 00 79 7B 
21-06-18 at 18:52:08:654 Recived 06 02 09 1A 00 1E A0 86 01 00 00 00 2A 
21-06-18 at 18:52:08:669 Send 06 
21-06-18 at 18:52:10:767 Cardreader  Антонов Сергей 
21-06-18 at 18:52:10:784 Send 05 
21-06-18 at 18:52:10:810 Recived 15 
21-06-18 at 18:52:10:813 Send 06 
21-06-18 at 18:52:10:828 Send 02 20 1E 1E 00 00 00 02 1E 00 02 CA E0 F1 F1 E8 F0 20 C0 ED F2 EE ED EE E2 20 D1 E5 F0 E3 E5 E9 20 00 D7 
21-06-18 at 18:52:10:846 Recived 06 02 02 1E 00 1C 
21-06-18 at 18:52:10:861 Send 06 
21-06-18 at 18:52:10:868 now clear port error ...
21-06-18 at 18:52:10:868 now write to port ...
21-06-18 at 18:52:11:001 ... done
21-06-18 at 18:52:11:776 Send 05 
21-06-18 at 18:52:11:791 Recived 15 
21-06-18 at 18:52:11:791 Send 06 
21-06-18 at 18:52:11:806 Send 02 06 FF 39 1E 00 00 00 DE 
21-06-18 at 18:52:11:821 Recived 06 02 10 FF 39 00 00 00 00 00 00 00 00 00 00 00 00 00 00 D6 
21-06-18 at 18:52:11:836 Send 06 
21-06-18 at 18:52:40:226 Нажата кнопка 'Международные карты'
21-06-18 at 18:52:40:239 WritePresent
21-06-18 at 18:52:40:240 UpdateCentralCounts
21-06-18 at 18:52:40:302 UpdateCentralCounts
21-06-18 at 18:52:40:303 ActivateGiftCards(PresentGrid)
21-06-18 at 18:52:40:303 ActivateGiftCards(Grid)
21-06-18 at 18:52:40:303 GiftCardDoPayments
21-06-18 at 18:52:40:304 GiftCardClearPayments
21-06-18 at 18:52:40:304 Попытка очистки таблицы
21-06-18 at 18:52:40:305 Попытка очистки успешна
21-06-18 at 18:52:40:305 Попытка очистки таблицы
21-06-18 at 18:52:40:305 Попытка очистки успешна
21-06-18 at 18:52:40:306 total calculated
21-06-18 at 18:52:40:306 now show on display
21-06-18 at 18:52:40:306                     Всего:          0.00
21-06-18 at 18:52:40:306 now clear port error ...
21-06-18 at 18:52:40:307 now write to port ...
21-06-18 at 18:52:40:440 ... done
21-06-18 at 18:52:40:441 now clear port error ...
21-06-18 at 18:52:40:441 now write to port ...
21-06-18 at 18:52:40:612 ... done
21-06-18 at 18:54:12:976 Send 05 
21-06-18 at 18:54:12:991 Recived 15 
21-06-18 at 18:54:12:991 Send 06 
21-06-18 at 18:54:13:006 Send 02 06 FF 39 1E 00 00 00 DE 
21-06-18 at 18:54:13:021 Recived 06 02 10 FF 39 00 00 00 00 00 00 00 00 00 00 00 00 00 00 D6 
21-06-18 at 18:54:13:036 Send 06 
21-06-18 at 18:56:14:176 Send 05 
21-06-18 at 18:56:14:191 Recived 15 
21-06-18 at 18:56:14:191 Send 06 
21-06-18 at 18:56:14:206 Send 02 06 FF 39 1E 00 00 00 DE 
21-06-18 at 18:56:14:221 Recived 06 02 10 FF 39 00 00 00 00 00 00 00 00 00 00 00 00 00 00 D6 
21-06-18 at 18:56:14:236 Send 06 
21-06-18 at 18:58:15:363 Send 05 
21-06-18 at 18:58:15:378 Recived 15 
21-06-18 at 18:58:15:378 Send 06 
21-06-18 at 18:58:15:393 Send 02 06 FF 39 1E 00 00 00 DE 
21-06-18 at 18:58:15:408 Recived 06 02 10 FF 39 00 00 00 00 00 00 00 00 00 00 00 00 00 00 D6 
21-06-18 at 18:58:15:423 Send 06 
21-06-18 at 19:00:17:388 Send 05 
21-06-18 at 19:00:17:403 Recived 15 
21-06-18 at 19:00:17:403 Send 06 
21-06-18 at 19:00:17:418 Send 02 06 FF 39 1E 00 00 00 DE 
21-06-18 at 19:00:17:433 Recived 06 02 10 FF 39 00 00 00 00 00 00 00 00 00 00 00 00 00 00 D6 
21-06-18 at 19:00:17:448 Send 06 
21-06-18 at 19:02:18:588 Send 05 
21-06-18 at 19:02:18:603 Recived 15 
21-06-18 at 19:02:18:603 Send 06 
21-06-18 at 19:02:18:618 Send 02 06 FF 39 1E 00 00 00 DE 
21-06-18 at 19:02:18:633 Recived 06 02 10 FF 39 00 00 00 00 00 00 00 00 00 00 00 00 00 00 D6 
21-06-18 at 19:02:18:648 Send 06 
21-06-18 at 19:04:19:773 Send 05 
21-06-18 at 19:04:19:788 Recived 15 
21-06-18 at 19:04:19:788 Send 06 
21-06-18 at 19:04:19:803 Send 02 06 FF 39 1E 00 00 00 DE 
21-06-18 at 19:04:19:818 Recived 06 02 10 FF 39 00 00 00 00 00 00 00 00 00 00 00 00 00 00 D6 
21-06-18 at 19:04:19:833 Send 06 
21-06-18 at 19:06:20:958 Send 05 
21-06-18 at 19:06:20:973 Recived 15 
21-06-18 at 19:06:20:973 Send 06 
21-06-18 at 19:06:20:988 Send 02 06 FF 39 1E 00 00 00 DE 
21-06-18 at 19:06:21:003 Recived 06 02 10 FF 39 00 00 00 00 00 00 00 00 00 00 00 00 00 00 D6 
21-06-18 at 19:06:21:018 Send 06 
21-06-18 at 19:08:22:143 Send 05 
21-06-18 at 19:08:22:158 Recived 15 
21-06-18 at 19:08:22:158 Send 06 
21-06-18 at 19:08:22:173 Send 02 06 FF 39 1E 00 00 00 DE 
21-06-18 at 19:08:22:188 Recived 06 02 10 FF 39 00 00 00 00 00 00 00 00 00 00 00 00 00 00 D6 
21-06-18 at 19:08:22:203 Send 06 
21-06-18 at 19:10:23:328 Send 05 
21-06-18 at 19:10:23:343 Recived 15 
21-06-18 at 19:10:23:343 Send 06 
21-06-18 at 19:10:23:358 Send 02 06 FF 39 1E 00 00 00 DE 
21-06-18 at 19:10:23:373 Recived 06 02 10 FF 39 00 00 00 00 00 00 00 00 00 00 00 00 00 00 D6 
21-06-18 at 19:10:23:388 Send 06 
21-06-18 at 19:12:24:513 Send 05 
21-06-18 at 19:12:24:528 Recived 15 
21-06-18 at 19:12:24:528 Send 06 
21-06-18 at 19:12:24:543 Send 02 06 FF 39 1E 00 00 00 DE 
21-06-18 at 19:12:24:558 Recived 06 02 10 FF 39 00 00 00 00 00 00 00 00 00 00 00 00 00 00 D6 
21-06-18 at 19:12:24:573 Send 06 
21-06-18 at 19:14:25:698 Send 05 
21-06-18 at 19:14:25:713 Recived 15 
21-06-18 at 19:14:25:713 Send 06 
21-06-18 at 19:14:25:728 Send 02 06 FF 39 1E 00 00 00 DE 
21-06-18 at 19:14:25:743 Recived 06 02 10 FF 39 00 00 00 00 00 00 00 00 00 00 00 00 00 00 D6 
21-06-18 at 19:14:25:758 Send 06 
21-06-18 at 19:16:26:883 Send 05 
21-06-18 at 19:16:26:898 Recived 15 
21-06-18 at 19:16:26:898 Send 06 
21-06-18 at 19:16:26:913 Send 02 06 FF 39 1E 00 00 00 DE 
21-06-18 at 19:16:26:928 Recived 06 02 10 FF 39 00 00 00 00 00 00 00 00 00 00 00 00 00 00 D6 
21-06-18 at 19:16:26:943 Send 06 
21-06-18 at 19:18:28:068 Send 05 
21-06-18 at 19:18:28:083 Recived 15 
21-06-18 at 19:18:28:083 Send 06 
21-06-18 at 19:18:28:098 Send 02 06 FF 39 1E 00 00 00 DE 
21-06-18 at 19:18:28:113 Recived 06 02 10 FF 39 00 00 00 00 00 00 00 00 00 00 00 00 00 00 D6 
21-06-18 at 19:18:28:128 Send 06 
21-06-18 at 19:20:29:253 Send 05 
21-06-18 at 19:20:29:268 Recived 15 
21-06-18 at 19:20:29:268 Send 06 
21-06-18 at 19:20:29:283 Send 02 06 FF 39 1E 00 00 00 DE 
21-06-18 at 19:20:29:298 Recived 06 02 10 FF 39 00 00 00 00 00 00 00 00 00 00 00 00 00 00 D6 
21-06-18 at 19:20:29:313 Send 06 
21-06-18 at 19:20:54:043 114
21-06-18 at 19:20:54:043 014
21-06-18 at 19:20:54:043 114
21-06-18 at 19:20:54:044 014
21-06-18 at 19:20:54:044 total calculated
21-06-18 at 19:20:54:044 now show on display
21-06-18 at 19:20:54:044                     Всего:          0.00
21-06-18 at 19:20:54:045 now clear port error ...
21-06-18 at 19:20:54:045 now write to port ...
21-06-18 at 19:20:54:178 ... done
21-06-18 at 19:20:54:179 114
21-06-18 at 19:20:54:179 014
21-06-18 at 19:20:54:179 114
21-06-18 at 19:20:54:180 014
21-06-18 at 19:20:54:180 114
21-06-18 at 19:20:54:180 014
21-06-18 at 19:20:54:180 114
21-06-18 at 19:20:54:180 014
21-06-18 at 19:20:54:181 114
21-06-18 at 19:20:54:181 014
21-06-18 at 19:20:54:181 114
21-06-18 at 19:20:54:182 014
21-06-18 at 19:20:54:182 114
21-06-18 at 19:20:54:182 014
21-06-18 at 19:20:54:182 114
21-06-18 at 19:20:54:183 014
21-06-18 at 19:20:54:183 114
21-06-18 at 19:20:54:183 014
21-06-18 at 19:20:54:183 114
21-06-18 at 19:20:54:183 014
21-06-18 at 19:20:54:184 114
21-06-18 at 19:20:54:184 014
21-06-18 at 19:20:54:184 114
21-06-18 at 19:20:54:184 014
21-06-18 at 19:20:54:185 114
21-06-18 at 19:20:54:185 014
21-06-18 at 19:20:54:435 114
21-06-18 at 19:20:54:435 014
21-06-18 at 19:20:54:435 114
21-06-18 at 19:20:54:435 014
21-06-18 at 19:20:54:436 114
21-06-18 at 19:20:54:436 014
21-06-18 at 19:20:54:436 114
21-06-18 at 19:20:54:436 014
21-06-18 at 19:20:54:437 114
21-06-18 at 19:20:54:437 014
21-06-18 at 19:20:54:437 114
21-06-18 at 19:20:54:437 014
21-06-18 at 19:20:54:438 114
21-06-18 at 19:20:54:438 014
21-06-18 at 19:20:54:438 114
21-06-18 at 19:20:54:438 014
21-06-18 at 19:20:54:439 114
21-06-18 at 19:20:54:439 014
21-06-18 at 19:20:54:439 114
21-06-18 at 19:20:54:439 014
21-06-18 at 19:20:54:440 114
21-06-18 at 19:20:54:440 014
21-06-18 at 19:20:54:440 114
21-06-18 at 19:20:54:440 014
21-06-18 at 19:20:54:440 114
21-06-18 at 19:20:54:441 014
21-06-18 at 19:20:54:441 114
21-06-18 at 19:20:54:441 014
21-06-18 at 19:20:54:441 114
21-06-18 at 19:20:54:442 014
21-06-18 at 19:20:54:792 114
21-06-18 at 19:20:54:792 014
21-06-18 at 19:20:54:792 114
21-06-18 at 19:20:54:792 014
21-06-18 at 19:20:54:793 114
21-06-18 at 19:20:54:793 014
21-06-18 at 19:20:54:793 114
21-06-18 at 19:20:54:793 014
21-06-18 at 19:20:54:794 114
21-06-18 at 19:20:54:794 014
21-06-18 at 19:20:54:794 114
21-06-18 at 19:20:54:794 014
21-06-18 at 19:20:54:795 114
21-06-18 at 19:20:54:795 014
21-06-18 at 19:20:54:795 114
21-06-18 at 19:20:54:795 014
21-06-18 at 19:20:54:796 114
21-06-18 at 19:20:54:796 014
21-06-18 at 19:20:54:796 114
21-06-18 at 19:20:54:796 014
21-06-18 at 19:20:54:797 114
21-06-18 at 19:20:54:797 014
21-06-18 at 19:20:54:797 114
21-06-18 at 19:20:54:797 014
21-06-18 at 19:20:54:798 114
21-06-18 at 19:20:54:798 014
21-06-18 at 19:20:54:798 114
21-06-18 at 19:20:54:798 014
21-06-18 at 19:20:54:798 114
21-06-18 at 19:20:54:799 014
21-06-18 at 19:20:59:770 Попытка очистки таблицы
21-06-18 at 19:20:59:770 Попытка очистки успешна
21-06-18 at 19:21:02:349 114
21-06-18 at 19:21:02:349 014
21-06-18 at 19:21:02:350 114
21-06-18 at 19:21:02:350 014
21-06-18 at 19:21:02:350 114
21-06-18 at 19:21:02:350 014
21-06-18 at 19:21:02:351 114
21-06-18 at 19:21:02:351 014
21-06-18 at 19:21:02:351 114
21-06-18 at 19:21:02:351 014
21-06-18 at 19:21:02:352 114
21-06-18 at 19:21:02:352 014
21-06-18 at 19:21:02:352 114
21-06-18 at 19:21:02:352 014
21-06-18 at 19:21:02:353 114
21-06-18 at 19:21:02:353 014
21-06-18 at 19:21:02:353 114
21-06-18 at 19:21:02:353 014
21-06-18 at 19:21:02:353 114
21-06-18 at 19:21:02:354 014
21-06-18 at 19:21:02:354 114
21-06-18 at 19:21:02:354 014
21-06-18 at 19:21:02:354 114
21-06-18 at 19:21:02:355 014
21-06-18 at 19:21:02:355 114
21-06-18 at 19:21:02:355 014
21-06-18 at 19:21:02:355 114
21-06-18 at 19:21:02:356 014
21-06-18 at 19:21:02:356 114
21-06-18 at 19:21:02:356 014
21-06-18 at 19:21:02:708 114
21-06-18 at 19:21:02:708 014
21-06-18 at 19:21:02:708 114
21-06-18 at 19:21:02:708 014
21-06-18 at 19:21:02:709 total calculated
21-06-18 at 19:21:02:709 now show on display
21-06-18 at 19:21:02:709                     Всего:          0.00
21-06-18 at 19:21:02:710 now clear port error ...
21-06-18 at 19:21:02:710 now write to port ...
21-06-18 at 19:21:02:843 ... done
21-06-18 at 19:21:02:844 114
21-06-18 at 19:21:02:844 014
21-06-18 at 19:21:02:844 114
21-06-18 at 19:21:02:844 014
21-06-18 at 19:21:02:845 114
21-06-18 at 19:21:02:845 014
21-06-18 at 19:21:02:845 114
21-06-18 at 19:21:02:845 014
21-06-18 at 19:21:02:846 114
21-06-18 at 19:21:02:846 014
21-06-18 at 19:21:02:846 114
21-06-18 at 19:21:02:846 014
21-06-18 at 19:21:02:847 114
21-06-18 at 19:21:02:847 014
21-06-18 at 19:21:02:847 114
21-06-18 at 19:21:02:847 014
21-06-18 at 19:21:02:848 114
21-06-18 at 19:21:02:848 014
21-06-18 at 19:21:02:848 114
21-06-18 at 19:21:02:848 014
21-06-18 at 19:21:02:849 114
21-06-18 at 19:21:02:849 014
21-06-18 at 19:21:02:849 114
21-06-18 at 19:21:02:849 014
21-06-18 at 19:21:02:850 114
21-06-18 at 19:21:02:850 014
21-06-18 at 19:21:02:850 114
21-06-18 at 19:21:02:850 014
21-06-18 at 19:21:02:856 114
21-06-18 at 19:21:02:856 014
21-06-18 at 19:21:02:856 101
21-06-18 at 19:21:02:857 001
21-06-18 at 19:21:02:857 total calculated
21-06-18 at 19:21:02:860 now show on display
21-06-18 at 19:21:02:861 80Тд5гр_1849 Тет  55Всего:         55.00
21-06-18 at 19:21:02:861 now clear port error ...
21-06-18 at 19:21:02:861 now write to port ...
21-06-18 at 19:21:03:015 ... done
21-06-18 at 19:21:03:116 114
21-06-18 at 19:21:03:116 014
21-06-18 at 19:21:03:116 114
21-06-18 at 19:21:03:116 014
21-06-18 at 19:21:03:118 total calculated
21-06-18 at 19:21:03:120 now show on display
21-06-18 at 19:21:03:120 80Тд5гр_1849 Тет  55Всего:         55.00
21-06-18 at 19:21:03:120 now clear port error ...
21-06-18 at 19:21:03:120 now write to port ...
21-06-18 at 19:21:03:254 ... done
21-06-18 at 19:21:03:254 114
21-06-18 at 19:21:03:254 014
21-06-18 at 19:21:03:255 114
21-06-18 at 19:21:03:255 014
21-06-18 at 19:21:03:255 114
21-06-18 at 19:21:03:255 014
21-06-18 at 19:21:03:256 114
21-06-18 at 19:21:03:256 014
21-06-18 at 19:21:03:256 114
21-06-18 at 19:21:03:257 014
21-06-18 at 19:21:03:257 114
21-06-18 at 19:21:03:257 014
21-06-18 at 19:21:03:257 114
21-06-18 at 19:21:03:258 014
21-06-18 at 19:21:03:258 114
21-06-18 at 19:21:03:258 014
21-06-18 at 19:21:03:258 114
21-06-18 at 19:21:03:259 014
21-06-18 at 19:21:03:259 114
21-06-18 at 19:21:03:259 014
21-06-18 at 19:21:03:259 114
21-06-18 at 19:21:03:260 014
21-06-18 at 19:21:03:260 114
21-06-18 at 19:21:03:260 014
21-06-18 at 19:21:03:260 114
21-06-18 at 19:21:03:261 014
21-06-18 at 19:21:03:261 114
21-06-18 at 19:21:03:261 014
21-06-18 at 19:21:03:266 114
21-06-18 at 19:21:03:266 014
21-06-18 at 19:21:03:267 101
21-06-18 at 19:21:03:267 001
21-06-18 at 19:21:03:267 total calculated
21-06-18 at 19:21:03:269 now show on display
21-06-18 at 19:21:03:270 10775 шапочка тр  56Всего:        111.00
21-06-18 at 19:21:03:270 now clear port error ...
21-06-18 at 19:21:03:270 now write to port ...
21-06-18 at 19:21:03:426 ... done
21-06-18 at 19:21:04:126 114
21-06-18 at 19:21:04:126 014
21-06-18 at 19:21:04:126 114
21-06-18 at 19:21:04:126 014
21-06-18 at 19:21:04:128 total calculated
21-06-18 at 19:21:04:130 now show on display
21-06-18 at 19:21:04:130 10775 шапочка тр  56Всего:        111.00
21-06-18 at 19:21:04:130 now clear port error ...
21-06-18 at 19:21:04:130 now write to port ...
21-06-18 at 19:21:04:264 ... done
21-06-18 at 19:21:04:264 114
21-06-18 at 19:21:04:265 014
21-06-18 at 19:21:04:265 114
21-06-18 at 19:21:04:265 014
21-06-18 at 19:21:04:265 114
21-06-18 at 19:21:04:266 014
21-06-18 at 19:21:04:266 114
21-06-18 at 19:21:04:266 014
21-06-18 at 19:21:04:266 114
21-06-18 at 19:21:04:267 014
21-06-18 at 19:21:04:267 114
21-06-18 at 19:21:04:267 014
21-06-18 at 19:21:04:267 114
21-06-18 at 19:21:04:268 014
21-06-18 at 19:21:04:268 114
21-06-18 at 19:21:04:268 014
21-06-18 at 19:21:04:268 114
21-06-18 at 19:21:04:268 014
21-06-18 at 19:21:04:269 114
21-06-18 at 19:21:04:269 014
21-06-18 at 19:21:04:269 114
21-06-18 at 19:21:04:269 014
21-06-18 at 19:21:04:270 114
21-06-18 at 19:21:04:270 014
21-06-18 at 19:21:04:270 114
21-06-18 at 19:21:04:270 014
21-06-18 at 19:21:04:271 114
21-06-18 at 19:21:04:271 014
21-06-18 at 19:21:04:276 114
21-06-18 at 19:21:04:276 014
21-06-18 at 19:21:04:276 101
21-06-18 at 19:21:04:277 001
21-06-18 at 19:21:04:277 total calculated
21-06-18 at 19:21:04:280 now show on display
21-06-18 at 19:21:04:280 80Тд5гр_1849 Тет  55Всего:        166.00
21-06-18 at 19:21:04:280 now clear port error ...
21-06-18 at 19:21:04:281 now write to port ...
21-06-18 at 19:21:04:436 ... done
21-06-18 at 19:21:04:736 114
21-06-18 at 19:21:04:736 014
21-06-18 at 19:21:04:736 114
21-06-18 at 19:21:04:736 014
21-06-18 at 19:21:04:738 total calculated
21-06-18 at 19:21:04:740 now show on display
21-06-18 at 19:21:04:740 80Тд5гр_1849 Тет  55Всего:        166.00
21-06-18 at 19:21:04:740 now clear port error ...
21-06-18 at 19:21:04:740 now write to port ...
21-06-18 at 19:21:04:874 ... done
21-06-18 at 19:21:04:874 114
21-06-18 at 19:21:04:875 014
21-06-18 at 19:21:04:875 114
21-06-18 at 19:21:04:875 014
21-06-18 at 19:21:04:875 114
21-06-18 at 19:21:04:875 014
21-06-18 at 19:21:04:876 114
21-06-18 at 19:21:04:876 014
21-06-18 at 19:21:04:876 114
21-06-18 at 19:21:04:877 014
21-06-18 at 19:21:04:877 114
21-06-18 at 19:21:04:877 014
21-06-18 at 19:21:04:877 114
21-06-18 at 19:21:04:878 014
21-06-18 at 19:21:04:878 114
21-06-18 at 19:21:04:878 014
21-06-18 at 19:21:04:878 114
21-06-18 at 19:21:04:878 014
21-06-18 at 19:21:04:879 114
21-06-18 at 19:21:04:879 014
21-06-18 at 19:21:04:879 114
21-06-18 at 19:21:04:879 014
21-06-18 at 19:21:04:880 114
21-06-18 at 19:21:04:880 014
21-06-18 at 19:21:04:880 114
21-06-18 at 19:21:04:880 014
21-06-18 at 19:21:04:881 114
21-06-18 at 19:21:04:881 014
21-06-18 at 19:21:04:886 114
21-06-18 at 19:21:04:886 014
21-06-18 at 19:21:04:887 101
21-06-18 at 19:21:04:887 001
21-06-18 at 19:21:04:887 total calculated
21-06-18 at 19:21:04:890 now show on display
21-06-18 at 19:21:04:890 * Обои Палитра   350Всего:        516.00
21-06-18 at 19:21:04:890 now clear port error ...
21-06-18 at 19:21:04:891 now write to port ...
21-06-18 at 19:21:05:046 ... done
21-06-18 at 19:21:09:444 114
21-06-18 at 19:21:09:445 014
21-06-18 at 19:21:09:445 115
21-06-18 at 19:21:09:445 015
21-06-18 at 19:21:09:447 total calculated
21-06-18 at 19:21:09:448 now show on display
21-06-18 at 19:21:09:448 * Обои Палитра   350Всего:        516.00
21-06-18 at 19:21:09:449 now clear port error ...
21-06-18 at 19:21:09:449 now write to port ...
21-06-18 at 19:21:09:582 ... done
21-06-18 at 19:21:09:636 now clear port error ...
21-06-18 at 19:21:09:636 now write to port ...
21-06-18 at 19:21:09:770 ... done
21-06-18 at 19:21:09:770 now clear port error ...
21-06-18 at 19:21:09:771 now write to port ...
21-06-18 at 19:21:09:942 ... done
21-06-18 at 19:21:11:476 now clear port error ...
21-06-18 at 19:21:11:477 now write to port ...
21-06-18 at 19:21:11:610 ... done
21-06-18 at 19:21:11:611 116
21-06-18 at 19:21:11:612 016
21-06-18 at 19:22:12:048 114
21-06-18 at 19:22:12:049 014
21-06-18 at 19:22:12:050 total calculated
21-06-18 at 19:22:12:052 now show on display
21-06-18 at 19:22:12:052 * Обои Палитра   350Всего:        516.00
21-06-18 at 19:22:12:052 now clear port error ...
21-06-18 at 19:22:12:053 now write to port ...
21-06-18 at 19:22:12:186 ... done
21-06-18 at 19:22:12:337 114
21-06-18 at 19:22:12:337 014
21-06-18 at 19:22:12:609 114
21-06-18 at 19:22:12:609 014
21-06-18 at 19:22:13:273 114
21-06-18 at 19:22:13:273 014
21-06-18 at 19:22:14:280 114
21-06-18 at 19:22:14:281 014
21-06-18 at 19:22:16:672 114
21-06-18 at 19:22:16:672 014
21-06-18 at 19:22:16:944 114
21-06-18 at 19:22:16:944 014
21-06-18 at 19:22:18:552 114
21-06-18 at 19:22:18:552 014
21-06-18 at 19:22:18:808 114
21-06-18 at 19:22:18:808 014
21-06-18 at 19:22:19:224 114
21-06-18 at 19:22:19:224 014
21-06-18 at 19:22:19:608 114
21-06-18 at 19:22:19:608 014
21-06-18 at 19:22:19:608 114
21-06-18 at 19:22:19:609 014
21-06-18 at 19:22:21:021 total calculated
21-06-18 at 19:22:21:023 now show on display
21-06-18 at 19:22:21:023 * Обои Палитра   350Всего:        516.00
21-06-18 at 19:22:21:024 now clear port error ...
21-06-18 at 19:22:21:024 now write to port ...
21-06-18 at 19:22:21:158 ... done
21-06-18 at 19:22:21:162 Попытка входа в критическую секцию: дисконт
21-06-18 at 19:22:21:162 total calculated
21-06-18 at 19:22:21:164 now show on display
21-06-18 at 19:22:21:164 * Обои Палитра   350Всего:        516.00
21-06-18 at 19:22:21:165 now clear port error ...
21-06-18 at 19:22:21:165 now write to port ...
21-06-18 at 19:22:21:329 ... done
21-06-18 at 19:22:21:330 114
21-06-18 at 19:22:21:330 014
21-06-18 at 19:22:21:330 115
21-06-18 at 19:22:21:330 015
21-06-18 at 19:22:21:332 Попытка входа в критическую секцию: дисконт
21-06-18 at 19:22:21:332 total calculated
21-06-18 at 19:22:21:334 now show on display
21-06-18 at 19:22:21:334 * Обои Палитра   350Всего:        516.00
21-06-18 at 19:22:21:334 now clear port error ...
21-06-18 at 19:22:21:334 now write to port ...
21-06-18 at 19:22:21:501 ... done
21-06-18 at 19:22:21:514 now clear port error ...
21-06-18 at 19:22:21:514 now write to port ...
21-06-18 at 19:22:21:673 ... done
21-06-18 at 19:22:21:673 now clear port error ...
21-06-18 at 19:22:21:674 now write to port ...
21-06-18 at 19:22:21:845 ... done
21-06-18 at 19:22:21:847 now clear port error ...
21-06-18 at 19:22:21:847 now write to port ...
21-06-18 at 19:22:22:017 ... done
21-06-18 at 19:22:22:018 Вход в FRInit
21-06-18 at 19:22:22:018 Вход в GetStatus
21-06-18 at 19:22:22:026 Send 05 
21-06-18 at 19:22:22:041 Recived 15 
21-06-18 at 19:22:22:041 Send 06 
21-06-18 at 19:22:22:056 Send 02 05 11 1E 00 00 00 0A 
21-06-18 at 19:22:22:071 Recived 06 02 30 11 00 1E 43 31 1C B3 14 0C 11 01 BD 00 B2 02 02 00 00 4E 41 00 00 01 01 10 15 06 12 13 16 16 00 2E 5D 00 00 2E 00 00 00 00 00 EF 95 10 42 01 00 9C 
21-06-18 at 19:22:22:086 Send 06 
21-06-18 at 19:22:22:093 KKMStatus 0000
21-06-18 at 19:22:22:101 Send 05 
21-06-18 at 19:22:22:116 Recived 15 
21-06-18 at 19:22:22:116 Send 06 
21-06-18 at 19:22:22:131 Send 02 06 8D 1E 00 00 00 00 95 
21-06-18 at 19:22:22:146 Recived 06 
21-06-18 at 19:22:22:161 Recived 02 03 8D 00 1E 90 
21-06-18 at 19:22:22:176 Send 06 
21-06-18 at 19:22:22:191 Send 05 
21-06-18 at 19:22:22:206 Recived 15 
21-06-18 at 19:22:22:206 Send 06 
21-06-18 at 19:22:22:221 Send 02 0A C2 1E 00 00 00 EE AA F6 84 15 F5 
21-06-18 at 19:22:22:236 Recived 06 02 03 C2 00 1E DF 
21-06-18 at 19:22:22:251 Send 06 
21-06-18 at 19:22:22:266 Send 05 
21-06-18 at 19:22:22:281 Recived 15 
21-06-18 at 19:22:22:281 Send 06 
21-06-18 at 19:22:22:296 Send 02 2E 17 1E 00 00 00 03 3D 3D 3D 3D 3D 3D 3D 3D 3D 3D 3D 3D 3D 3D 3D 3D 3D 3D 3D 3D 3D 3D 3D 3D 3D 3D 3D 3D 3D 3D 3D 3D 3D 3D 3D 3D 3D 3D 3D 3D 24 
21-06-18 at 19:22:22:315 Recived 06 02 03 17 00 1E 0A 
21-06-18 at 19:22:22:330 Send 06 
21-06-18 at 19:22:22:345 Send 05 
21-06-18 at 19:22:22:360 Recived 15 
21-06-18 at 19:22:22:360 Send 06 
21-06-18 at 19:22:22:375 Send 02 2E 17 1E 00 00 00 03 20 20 20 20 20 20 20 D7 C5 CA 20 30 32 2D 33 38 35 34 2D 31 38 30 36 2D 32 31 31 39 2D 32 32 32 32 00 00 00 00 00 00 00 F0 
21-06-18 at 19:22:22:394 Recived 06 02 03 17 00 1E 0A 
21-06-18 at 19:22:22:409 Send 06 
21-06-18 at 19:22:22:424 Send 05 
21-06-18 at 19:22:22:439 Recived 15 
21-06-18 at 19:22:22:439 Send 06 
21-06-18 at 19:22:22:454 Send 02 2E 17 1E 00 00 00 03 3D 3D 3D 3D 3D 3D 3D 3D 3D 3D 3D 3D 3D 3D 3D 3D 3D 3D 3D 3D 3D 3D 3D 3D 3D 3D 3D 3D 3D 3D 3D 3D 3D 3D 3D 3D 3D 3D 3D 3D 24 
21-06-18 at 19:22:22:473 Recived 06 02 03 17 00 1E 0A 
21-06-18 at 19:22:22:488 Send 06 
21-06-18 at 19:22:22:503 Send 05 
21-06-18 at 19:22:22:518 Recived 15 
21-06-18 at 19:22:22:518 Send 06 
21-06-18 at 19:22:22:533 Send 02 3C 80 1E 00 00 00 D0 07 00 00 00 D1 14 00 00 00 00 01 00 00 00 2F 2F 32 38 35 36 30 32 38 31 35 30 33 38 20 38 30 D2 E4 35 E3 F0 5F 31 38 34 39 20 D2 E5 F2 F0 E0 E4 FC 20 E4 E2 EE 00 FB 
21-06-18 at 19:22:22:552 Recived 06 02 03 80 00 1E 9D 
21-06-18 at 19:22:22:567 Send 06 
21-06-18 at 19:22:22:582 Send 05 
21-06-18 at 19:22:22:597 Recived 15 
21-06-18 at 19:22:22:597 Send 06 
21-06-18 at 19:22:22:612 Send 02 3C 80 1E 00 00 00 E8 03 00 00 00 33 15 00 00 00 00 02 00 00 00 2F 2F 32 38 35 33 30 32 32 30 31 30 30 30 20 31 30 37 37 35 20 F8 E0 EF EE F7 EA E0 20 F2 F0 E8 EA EE F2 2E FF F1 E5 00 49 
21-06-18 at 19:22:22:631 Recived 06 02 03 80 00 1E 9D 
21-06-18 at 19:22:22:646 Send 06 
21-06-18 at 19:22:22:661 Send 05 
21-06-18 at 19:22:22:676 Recived 15 
21-06-18 at 19:22:22:676 Send 06 
21-06-18 at 19:22:22:691 Send 02 3C 80 1E 00 00 00 E8 03 00 00 00 7B 84 00 00 00 00 01 00 00 00 2F 2F 32 38 30 37 31 30 33 30 32 30 31 38 20 2A 20 CE E1 EE E8 20 CF E0 EB E8 F2 F0 E0 20 36 30 36 33 2D 32 38 20 20 00 5A 
21-06-18 at 19:22:22:710 Recived 06 02 03 80 00 1E 9D 
21-06-18 at 19:22:22:725 Send 06 
21-06-18 at 19:22:22:740 Send 05 
21-06-18 at 19:22:22:755 Recived 15 
21-06-18 at 19:22:22:755 Send 06 
21-06-18 at 19:22:22:770 Send 02 2E 17 1E 00 00 00 03 32 38 35 36 30 32 38 31 35 30 33 38 20 38 30 D2 E4 35 E3 F0 5F 31 38 34 39 20 D2 E5 F2 F0 E0 E4 FC 20 00 00 00 00 00 00 86 
21-06-18 at 19:22:22:789 Recived 06 02 03 17 00 1E 0A 
21-06-18 at 19:22:22:804 Send 06 
21-06-18 at 19:22:22:819 Send 05 
21-06-18 at 19:22:22:834 Recived 15 
21-06-18 at 19:22:22:834 Send 06 
21-06-18 at 19:22:22:849 Send 02 2E 17 1E 00 00 00 03 E4 E2 EE E9 ED E0 FF 20 38 30 EB 2E C0 35 F4 2E 22 ED E0 20 E3 F0 E5 E1 ED E5 22 20 F1 20 F2 E2 2E 20 00 00 00 00 00 00 C8 
21-06-18 at 19:22:22:868 Recived 06 02 03 17 00 1E 0A 
21-06-18 at 19:22:22:883 Send 06 
21-06-18 at 19:22:22:898 Send 05 
21-06-18 at 19:22:22:913 Recived 15 
21-06-18 at 19:22:22:913 Send 06 
21-06-18 at 19:22:22:928 Send 02 2E 17 1E 00 00 00 03 EE E1 EB 2E 20 D1 EE E1 E0 EA E0 2D CA EE F2 20 20 20 20 20 20 20 20 20 20 20 20 20 20 20 20 20 20 20 20 20 28 F8 F2 29 2A 
21-06-18 at 19:22:22:947 Recived 06 02 03 17 00 1E 0A 
21-06-18 at 19:22:22:962 Send 06 
21-06-18 at 19:22:22:977 Send 05 
21-06-18 at 19:22:22:992 Recived 15 
21-06-18 at 19:22:22:992 Send 06 
21-06-18 at 19:22:23:007 Send 02 2E 17 1E 00 00 00 03 20 20 20 20 20 20 20 20 20 20 20 20 20 20 20 20 20 20 20 20 20 20 20 20 20 20 20 32 2E 30 30 30 20 58 20 35 35 2E 30 30 5E 
21-06-18 at 19:22:23:026 Recived 06 02 03 17 00 1E 0A 
21-06-18 at 19:22:23:041 Send 06 
21-06-18 at 19:22:23:056 Send 05 
21-06-18 at 19:22:23:071 Recived 15 
21-06-18 at 19:22:23:071 Send 06 
21-06-18 at 19:22:23:086 Send 02 2E 17 1E 00 00 00 03 D1 F3 EC EC E0 2C E2 20 F2 2E F7 2E CD C4 D1 20 31 38 25 20 20 20 20 20 20 20 20 20 20 20 20 20 3D 20 31 31 30 2E 30 30 FA 
21-06-18 at 19:22:23:105 Recived 06 02 03 17 00 1E 0A 
21-06-18 at 19:22:23:120 Send 06 
21-06-18 at 19:22:23:135 Send 05 
21-06-18 at 19:22:23:150 Recived 15 
21-06-18 at 19:22:23:150 Send 06 
21-06-18 at 19:22:23:165 Send 02 2E 17 1E 00 00 00 03 32 38 35 33 30 32 32 30 31 30 30 30 20 31 30 37 37 35 20 F8 E0 EF EE F7 EA E0 20 00 00 00 00 00 00 00 00 00 00 00 00 00 D9 
21-06-18 at 19:22:23:184 Recived 06 02 03 17 00 1E 0A 
21-06-18 at 19:22:23:199 Send 06 
21-06-18 at 19:22:23:214 Send 05 
21-06-18 at 19:22:23:229 Recived 15 
21-06-18 at 19:22:23:229 Send 06 
21-06-18 at 19:22:23:244 Send 02 2E 17 1E 00 00 00 03 F2 F0 E8 EA EE F2 2E FF F1 E5 EB FC ED E0 FF 20 30 2F 36 20 EC E5 F1 20 20 20 20 20 20 20 20 20 20 20 20 20 28 F8 F2 29 E2 
21-06-18 at 19:22:23:263 Recived 06 02 03 17 00 1E 0A 
21-06-18 at 19:22:23:278 Send 06 
21-06-18 at 19:22:23:293 Send 05 
21-06-18 at 19:22:23:308 Recived 15 
21-06-18 at 19:22:23:308 Send 06 
21-06-18 at 19:22:23:323 Send 02 2E 17 1E 00 00 00 03 20 20 20 20 20 20 20 20 20 20 20 20 20 20 20 20 20 20 20 20 20 20 20 20 20 20 20 31 2E 30 30 30 20 58 20 35 36 2E 30 30 5E 
21-06-18 at 19:22:23:342 Recived 06 02 03 17 00 1E 0A 
21-06-18 at 19:22:23:357 Send 06 
21-06-18 at 19:22:23:372 Send 05 
21-06-18 at 19:22:23:387 Recived 15 
21-06-18 at 19:22:23:387 Send 06 
21-06-18 at 19:22:23:402 Send 02 2E 17 1E 00 00 00 03 D1 F3 EC EC E0 2C E2 20 F2 2E F7 2E CD C4 D1 20 31 30 25 20 20 20 20 20 20 20 20 20 20 20 20 20 20 3D 20 35 36 2E 30 30 E1 
21-06-18 at 19:22:23:421 Recived 06 02 03 17 00 1E 0A 
21-06-18 at 19:22:23:436 Send 06 
21-06-18 at 19:22:23:451 Send 05 
21-06-18 at 19:22:23:466 Recived 15 
21-06-18 at 19:22:23:466 Send 06 
21-06-18 at 19:22:23:481 Send 02 2E 17 1E 00 00 00 03 32 38 30 37 31 30 33 30 32 30 31 38 20 2A 20 CE E1 EE E8 20 CF E0 EB E8 F2 F0 E0 20 36 30 36 33 2D 32 38 20 00 00 00 00 E9 
21-06-18 at 19:22:23:500 Recived 06 02 03 17 00 1E 0A 
21-06-18 at 19:22:23:515 Send 06 
21-06-18 at 19:22:23:530 Send 05 
21-06-18 at 19:22:23:545 Recived 15 
21-06-18 at 19:22:23:545 Send 06 
21-06-18 at 19:22:23:560 Send 02 2E 17 1E 00 00 00 03 F5 31 32 20 E2 E8 ED E8 EB 20 30 2C 35 33 2A 31 30 2C 30 35 EC 20 20 20 20 20 20 20 20 20 20 20 20 20 20 20 28 F8 F2 29 E9 
21-06-18 at 19:22:23:579 Recived 06 02 03 17 00 1E 0A 
21-06-18 at 19:22:23:594 Send 06 
21-06-18 at 19:22:23:609 Send 05 
21-06-18 at 19:22:23:624 Recived 15 
21-06-18 at 19:22:23:624 Send 06 
21-06-18 at 19:22:23:639 Send 02 2E 17 1E 00 00 00 03 20 20 20 20 20 20 20 20 20 20 20 20 20 20 20 20 20 20 20 20 20 20 20 20 20 20 31 2E 30 30 30 20 58 20 33 35 30 2E 30 30 4B 
21-06-18 at 19:22:23:658 Recived 06 02 03 17 00 1E 0A 
21-06-18 at 19:22:23:673 Send 06 
21-06-18 at 19:22:23:688 Send 05 
21-06-18 at 19:22:23:703 Recived 15 
21-06-18 at 19:22:23:703 Send 06 
21-06-18 at 19:22:23:718 Send 02 2E 17 1E 00 00 00 03 D1 F3 EC EC E0 2C E2 20 F2 2E F7 2E CD C4 D1 20 31 38 25 20 20 20 20 20 20 20 20 20 20 20 20 20 3D 20 33 35 30 2E 30 30 FC 
21-06-18 at 19:22:23:737 Recived 06 02 03 17 00 1E 0A 
21-06-18 at 19:22:23:752 Send 06 
21-06-18 at 19:22:23:767 Send 05 
21-06-18 at 19:22:23:782 Recived 15 
21-06-18 at 19:22:23:782 Send 06 
21-06-18 at 19:22:23:797 Send 02 2E 17 1E 00 00 00 03 2D 2D 2D 2D 2D 2D 2D 2D 2D 2D 2D 2D 2D 2D 2D 2D 2D 2D 2D 2D 2D 2D 2D 2D 2D 2D 2D 2D 2D 2D 2D 2D 2D 2D 2D 2D 2D 2D 2D 2D 24 
21-06-18 at 19:22:23:816 Recived 06 02 03 17 00 1E 0A 
21-06-18 at 19:22:23:831 Send 06 
21-06-18 at 19:22:23:846 Send 05 
21-06-18 at 19:22:23:861 Recived 15 
21-06-18 at 19:22:23:861 Send 06 
21-06-18 at 19:22:23:876 Send 02 2E 17 1E 00 00 00 03 CF EE E4 E0 F0 EE F7 ED E0 FF 20 EA E0 F0 F2 E0 20 30 30 30 30 33 31 33 37 34 39 20 EE EF EB E0 F2 E0 00 00 00 00 00 00 C1 
21-06-18 at 19:22:23:895 Recived 06 02 03 17 00 1E 0A 
21-06-18 at 19:22:23:910 Send 06 
21-06-18 at 19:22:23:925 Send 05 
21-06-18 at 19:22:23:940 Recived 15 
21-06-18 at 19:22:23:940 Send 06 
21-06-18 at 19:22:23:955 Send 02 2E 17 1E 00 00 00 03 EF F0 E8 ED FF F2 E0 20 ED E0 20 F1 F3 EC EC F3 20 31 36 2E 30 30 00 00 00 00 00 00 00 00 00 00 00 00 00 00 00 00 00 00 26 
21-06-18 at 19:22:23:974 Recived 06 02 03 17 00 1E 0A 
21-06-18 at 19:22:23:989 Send 06 
21-06-18 at 19:22:24:004 Send 05 
21-06-18 at 19:22:24:019 Recived 15 
21-06-18 at 19:22:24:019 Send 06 
21-06-18 at 19:22:24:034 Send 02 2E 17 1E 00 00 00 03 EE F1 F2 E0 F2 EE EA 20 ED E0 20 EA E0 F0 F2 E5 20 37 31 2E 34 30 00 00 00 00 00 00 00 00 00 00 00 00 00 00 00 00 00 00 33 
21-06-18 at 19:22:24:053 Recived 06 02 03 17 00 1E 0A 
21-06-18 at 19:22:24:068 Send 06 
21-06-18 at 19:22:24:083 Send 05 
21-06-18 at 19:22:24:098 Recived 15 
21-06-18 at 19:22:24:098 Send 06 
21-06-18 at 19:22:24:113 Send 02 2E 17 1E 00 00 00 03 3D 3D 3D 3D 3D 3D 3D 3D 3D 3D 3D 3D 3D 3D 3D 3D 3D 3D 3D 3D 3D 3D 3D 3D 3D 3D 3D 3D 3D 3D 3D 3D 3D 3D 3D 3D 3D 3D 3D 3D 24 
21-06-18 at 19:22:24:132 Recived 06 02 03 17 00 1E 0A 
21-06-18 at 19:22:24:147 Send 06 
21-06-18 at 19:22:24:162 Send 05 
21-06-18 at 19:22:24:177 Recived 15 
21-06-18 at 19:22:24:177 Send 06 
21-06-18 at 19:22:24:192 Send 02 2E 17 1E 00 00 00 03 20 00 00 00 00 00 00 00 00 00 00 00 00 00 00 00 00 00 00 00 00 00 00 00 00 00 00 00 00 00 00 00 00 00 00 00 00 00 00 00 04 
21-06-18 at 19:22:24:211 Recived 06 02 03 17 00 1E 0A 
21-06-18 at 19:22:24:226 Send 06 
21-06-18 at 19:22:24:241 Send 05 
21-06-18 at 19:22:24:256 Recived 15 
21-06-18 at 19:22:24:256 Send 06 
21-06-18 at 19:22:24:271 Send 02 2E 17 1E 00 00 00 03 20 20 20 20 CE EF EB E0 F2 E0 20 EF F0 E8 ED FF F2 E0 20 F1 20 E1 EB E0 E3 EE E4 E0 F0 ED EE F1 F2 FC FE 00 00 00 00 00 2B 
21-06-18 at 19:22:24:290 Recived 06 02 03 17 00 1E 0A 
21-06-18 at 19:22:24:305 Send 06 
21-06-18 at 19:22:24:320 Send 05 
21-06-18 at 19:22:24:335 Recived 15 
21-06-18 at 19:22:24:335 Send 06 
21-06-18 at 19:22:24:350 Send 02 2E 17 1E 00 00 00 03 20 20 C6 E4 E5 EC 20 E2 E0 F1 20 E5 E6 E5 E4 ED E5 E2 ED EE 20 F1 20 39 2E 30 30 20 E4 EE 20 32 32 2E 30 30 00 00 00 00 D5 
21-06-18 at 19:22:24:369 Recived 06 02 03 17 00 1E 0A 
21-06-18 at 19:22:24:384 Send 06 
21-06-18 at 19:22:24:399 Send 05 
21-06-18 at 19:22:24:414 Recived 15 
21-06-18 at 19:22:24:414 Send 06 
21-06-18 at 19:22:24:429 Send 02 2E 17 1E 00 00 00 03 20 20 20 20 EF EE 20 E0 E4 F0 E5 F1 F3 3A 36 33 30 30 32 37 2C E3 2E CD EE E2 EE F1 E8 E1 E8 F0 F1 EA 2C 00 00 00 00 00 35 
21-06-18 at 19:22:24:448 Recived 06 02 03 17 00 1E 0A 
21-06-18 at 19:22:24:463 Send 06 
21-06-18 at 19:22:24:478 Send 05 
21-06-18 at 19:22:24:493 Recived 15 
21-06-18 at 19:22:24:493 Send 06 
21-06-18 at 19:22:24:508 Send 02 2E 17 1E 00 00 00 03 F3 EB 2E D2 EE EB EC E0 F7 E5 E2 F1 EA E0 FF 2C 20 31 39 E0 20 EA 2E 32 2C 20 F2 E5 EB 2E 3A 33 36 33 2D 30 35 2D 30 35 DD 
21-06-18 at 19:22:24:527 Recived 06 02 03 17 00 1E 0A 
21-06-18 at 19:22:24:542 Send 06 
21-06-18 at 19:22:24:557 Send 05 
21-06-18 at 19:22:24:572 Recived 15 
21-06-18 at 19:22:24:572 Send 06 
21-06-18 at 19:22:24:587 Send 02 47 85 1E 00 00 00 50 C3 00 00 00 00 00 00 00 00 00 00 00 00 00 00 00 00 00 00 00 00 00 00 00 00 20 00 00 00 00 00 00 00 00 00 00 00 00 00 00 00 00 00 00 00 00 00 00 00 00 00 00 00 00 00 00 00 00 00 00 00 00 00 00 00 6F 
21-06-18 at 19:22:24:607 Recived 06 
21-06-18 at 19:22:24:772 Recived 02 08 85 00 1E 00 00 00 00 00 93 
21-06-18 at 19:22:24:787 Send 06 
21-06-18 at 19:22:24:793 WAIT_OBJECT_0
21-06-18 at 19:22:24:809 WritePresent
21-06-18 at 19:22:24:809 UpdateCentralCounts
21-06-18 at 19:22:24:856 UpdateCentralCounts
21-06-18 at 19:22:24:856 ActivateGiftCards(PresentGrid)
21-06-18 at 19:22:24:856 ActivateGiftCards(Grid)
21-06-18 at 19:22:25:060 GiftCardDoPayments
21-06-18 at 19:22:25:061 GiftCardClearPayments
21-06-18 at 19:22:25:061 Попытка очистки таблицы
21-06-18 at 19:22:25:061 Попытка очистки успешна
21-06-18 at 19:22:25:062 Попытка очистки таблицы
21-06-18 at 19:22:25:062 Попытка очистки успешна
21-06-18 at 19:22:25:062 total calculated
21-06-18 at 19:22:25:063 now show on display
21-06-18 at 19:22:25:063                     Всего:          0.00
21-06-18 at 19:22:25:063 now clear port error ...
21-06-18 at 19:22:25:063 now write to port ...
21-06-18 at 19:22:25:197 ... done
21-06-18 at 19:22:25:197 now clear port error ...
21-06-18 at 19:22:25:197 now write to port ...
21-06-18 at 19:22:25:369 ... done
21-06-18 at 19:22:25:375 116
21-06-18 at 19:22:25:376 016
21-06-18 at 19:22:25:383 total calculated
21-06-18 at 19:22:25:383 now show on display
21-06-18 at 19:22:25:383                     Всего:          0.00
21-06-18 at 19:22:25:383 now clear port error ...
21-06-18 at 19:22:25:384 now write to port ...
21-06-18 at 19:22:25:541 ... done
21-06-18 at 19:22:34:552 Send 05 
21-06-18 at 19:22:34:567 Recived 15 
21-06-18 at 19:22:34:567 Send 06 
21-06-18 at 19:22:34:582 Send 02 06 FF 39 1E 00 00 00 DE 
21-06-18 at 19:22:34:597 Recived 06 02 10 FF 39 00 00 00 00 00 00 00 00 00 00 00 00 00 00 D6 
21-06-18 at 19:22:34:612 Send 06 
21-06-18 at 19:24:35:737 Send 05 
21-06-18 at 19:24:35:752 Recived 15 
21-06-18 at 19:24:35:752 Send 06 
21-06-18 at 19:24:35:767 Send 02 06 FF 39 1E 00 00 00 DE 
21-06-18 at 19:24:35:782 Recived 06 02 10 FF 39 00 00 00 00 00 00 00 00 00 00 00 00 00 00 D6 
21-06-18 at 19:24:35:797 Send 06 
21-06-18 at 19:26:36:922 Send 05 
21-06-18 at 19:26:36:937 Recived 15 
21-06-18 at 19:26:36:937 Send 06 
21-06-18 at 19:26:36:952 Send 02 06 FF 39 1E 00 00 00 DE 
21-06-18 at 19:26:36:967 Recived 06 02 10 FF 39 00 00 00 00 00 00 00 00 00 00 00 00 00 00 D6 
21-06-18 at 19:26:36:982 Send 06 
21-06-18 at 19:28:04:970 total calculated
21-06-18 at 19:28:04:970 now show on display
21-06-18 at 19:28:04:970                     Всего:          0.00
21-06-18 at 19:28:04:971 now clear port error ...
21-06-18 at 19:28:04:971 now write to port ...
21-06-18 at 19:28:05:105 ... done
21-06-18 at 19:28:05:105 total calculated
21-06-18 at 19:28:05:105 now show on display
21-06-18 at 19:28:05:105                     Всего:          0.00
21-06-18 at 19:28:05:106 now clear port error ...
21-06-18 at 19:28:05:106 now write to port ...
21-06-18 at 19:28:05:276 ... done
21-06-18 at 19:28:05:279 111
21-06-18 at 19:28:05:279 Выход из программы
21-06-18 at 20:09:24:517 Запуск программы. Инициализация считана из файла
21-06-18 at 20:09:24:517 Чек загружен.
21-06-18 at 20:09:24:518 total calculated
21-06-18 at 20:09:24:518 now show on display
21-06-18 at 20:09:24:518                     Всего:          0.00
21-06-18 at 20:09:24:518 now open port for display
21-06-18 at 20:09:24:519 Com port opened
21-06-18 at 20:09:24:519 now clear port error ...
21-06-18 at 20:09:24:519 now write to port ...
21-06-18 at 20:09:24:653 ... done
21-06-18 at 20:09:24:653 Чек сжат
21-06-18 at 20:09:24:653 Сумма чека посчитана
21-06-18 at 20:09:24:654 Кардридер создан
21-06-18 at 20:09:24:654 Задание запуска модулей создано
21-06-18 at 20:09:24:654 Сканер создан
21-06-18 at 20:09:24:655 Регистратор создан
21-06-18 at 20:09:24:655 Часы созданы
21-06-18 at 20:09:24:655 Регистратор запущен
21-06-18 at 20:09:24:656 Сканер запущен
21-06-18 at 20:09:24:656 Часы запущены
21-06-18 at 20:09:24:656 Кардридер запущен
21-06-18 at 20:09:24:656 Передача данных запущена
21-06-18 at 20:09:24:657 Вход в FRInit
21-06-18 at 20:09:24:657 Вход в GetStatus
21-06-18 at 20:09:24:671 Send 05 
21-06-18 at 20:09:24:686 Recived 15 
21-06-18 at 20:09:24:686 Send 06 
21-06-18 at 20:09:24:701 Send 02 05 11 1E 00 00 00 0A 
21-06-18 at 20:09:24:716 Recived 06 02 30 11 00 1E 43 31 1C B3 14 0C 11 01 BE 00 B2 02 02 00 00 4E 41 00 00 01 01 10 15 06 12 14 09 19 00 2E 5D 00 00 2E 00 00 00 00 00 EF 95 10 42 01 00 88 
21-06-18 at 20:09:24:731 Send 06 
21-06-18 at 20:09:24:732 KKMStatus 0000
21-06-18 at 20:09:24:746 Send 05 
21-06-18 at 20:09:24:761 Recived 15 
21-06-18 at 20:09:24:761 Send 06 
21-06-18 at 20:09:24:776 Send 02 05 11 1E 00 00 00 0A 
21-06-18 at 20:09:24:791 Recived 06 02 30 11 00 1E 43 31 1C B3 14 0C 11 01 BE 00 B2 02 02 00 00 4E 41 00 00 01 01 10 15 06 12 14 09 19 00 2E 5D 00 00 2E 00 00 00 00 00 EF 95 10 42 01 00 88 
21-06-18 at 20:09:24:806 Send 06 
21-06-18 at 20:09:24:807 KKMStatus 0200
21-06-18 at 20:09:24:807 Номер ФР считан
21-06-18 at 20:09:24:879 СУБД подключена
21-06-18 at 20:09:24:896 Send 05 
21-06-18 at 20:09:24:911 Recived 15 
21-06-18 at 20:09:24:911 Send 06 
21-06-18 at 20:09:24:926 Send 02 17 1E 1E 00 00 00 05 03 00 01 CA 41 D0 D2 CE C9 20 56 49 53 41 2F 4D 43 92 
21-06-18 at 20:09:24:942 Recived 06 02 02 1E 00 1C 
21-06-18 at 20:09:24:957 Send 06 
21-06-18 at 20:09:24:972 Send 05 
21-06-18 at 20:09:24:987 Recived 15 
21-06-18 at 20:09:24:987 Send 06 
21-06-18 at 20:09:25:002 Send 02 18 1E 1E 00 00 00 05 04 00 01 C4 D0 D3 C3 C8 CC C8 20 CA C0 D0 D2 C0 CC C8 3C 
21-06-18 at 20:09:25:018 Recived 06 02 02 1E 00 1C 
21-06-18 at 20:09:25:033 Send 06 
21-06-18 at 20:09:25:048 Send 05 
21-06-18 at 20:09:25:063 Recived 15 
21-06-18 at 20:09:25:063 Send 06 
21-06-18 at 20:09:25:078 Send 02 0A 1E 1E 00 00 00 01 01 00 01 01 0A 
21-06-18 at 20:09:25:093 Recived 06 02 02 1E 00 1C 
21-06-18 at 20:09:25:108 Send 06 
21-06-18 at 20:09:25:123 Send 05 
21-06-18 at 20:09:25:138 Recived 15 
21-06-18 at 20:09:25:138 Send 06 
21-06-18 at 20:09:25:153 Send 02 0A 1E 1E 00 00 00 01 01 00 05 02 0D 
21-06-18 at 20:09:25:168 Recived 06 02 02 1E 00 1C 
21-06-18 at 20:09:25:183 Send 06 
21-06-18 at 20:09:25:198 Send 05 
21-06-18 at 20:09:25:213 Recived 15 
21-06-18 at 20:09:25:213 Send 06 
21-06-18 at 20:09:25:228 Send 02 0A 1E 1E 00 00 00 01 01 00 23 01 28 
21-06-18 at 20:09:25:243 Recived 06 02 02 1E 00 1C 
21-06-18 at 20:09:25:258 Send 06 
21-06-18 at 20:09:25:273 Send 05 
21-06-18 at 20:09:25:288 Recived 15 
21-06-18 at 20:09:25:288 Send 06 
21-06-18 at 20:09:25:303 Send 02 0A 1E 1E 00 00 00 01 01 00 06 00 0C 
21-06-18 at 20:09:25:318 Recived 06 02 02 1E 00 1C 
21-06-18 at 20:09:25:333 Send 06 
21-06-18 at 20:09:25:348 Send 05 
21-06-18 at 20:09:25:363 Recived 15 
21-06-18 at 20:09:25:363 Send 06 
21-06-18 at 20:09:25:378 Send 02 0A 1E 1E 00 00 00 01 01 00 07 01 0C 
21-06-18 at 20:09:25:393 Recived 06 02 02 1E 00 1C 
21-06-18 at 20:09:25:408 Send 06 
21-06-18 at 20:09:25:423 Send 05 
21-06-18 at 20:09:25:438 Recived 15 
21-06-18 at 20:09:25:438 Send 06 
21-06-18 at 20:09:25:453 Send 02 0A 1E 1E 00 00 00 01 01 00 14 01 1F 
21-06-18 at 20:09:25:468 Recived 06 02 02 1E 00 1C 
21-06-18 at 20:09:25:483 Send 06 
21-06-18 at 20:09:25:498 Send 05 
21-06-18 at 20:09:25:513 Recived 15 
21-06-18 at 20:09:25:513 Send 06 
21-06-18 at 20:09:25:528 Send 02 0A 1E 1E 00 00 00 01 01 00 15 01 1E 
21-06-18 at 20:09:25:543 Recived 06 02 02 1E 00 1C 
21-06-18 at 20:09:25:558 Send 06 
21-06-18 at 20:09:25:573 Send 05 
21-06-18 at 20:09:25:588 Recived 15 
21-06-18 at 20:09:25:588 Send 06 
21-06-18 at 20:09:25:603 Send 02 0A 1E 1E 00 00 00 01 01 00 0F 00 05 
21-06-18 at 20:09:25:618 Recived 06 02 02 1E 00 1C 
21-06-18 at 20:09:25:633 Send 06 
21-06-18 at 20:09:25:648 Send 05 
21-06-18 at 20:09:25:663 Recived 15 
21-06-18 at 20:09:25:663 Send 06 
21-06-18 at 20:09:25:678 Send 02 0A 1E 1E 00 00 00 01 01 00 11 00 1B 
21-06-18 at 20:09:25:693 Recived 06 02 02 1E 00 1C 
21-06-18 at 20:09:25:708 Send 06 
21-06-18 at 20:09:25:723 Send 05 
21-06-18 at 20:09:25:738 Recived 15 
21-06-18 at 20:09:25:738 Send 06 
21-06-18 at 20:09:25:753 Send 02 0A 1E 1E 00 00 00 11 01 00 03 02 1B 
21-06-18 at 20:09:25:768 Recived 06 02 02 1E 00 1C 
21-06-18 at 20:09:25:783 Send 06 
21-06-18 at 20:09:25:798 Send 05 
21-06-18 at 20:09:25:813 Recived 15 
21-06-18 at 20:09:25:813 Send 06 
21-06-18 at 20:09:25:828 Send 02 0A 1E 1E 00 00 00 01 01 00 29 01 22 
21-06-18 at 20:09:25:843 Recived 06 02 02 1E 00 1C 
21-06-18 at 20:09:25:858 Send 06 
21-06-18 at 20:09:25:873 Send 05 
21-06-18 at 20:09:25:888 Recived 15 
21-06-18 at 20:09:25:888 Send 06 
21-06-18 at 20:09:25:903 Send 02 26 1E 1E 00 00 00 04 0C 00 01 20 20 20 20 20 20 20 20 20 20 20 C4 CE C1 D0 CE 20 CF CE C6 C0 CB CE C2 C0 D2 DC 21 00 D5 
21-06-18 at 20:09:25:921 Recived 06 02 02 1E 00 1C 
21-06-18 at 20:09:25:936 Send 06 
21-06-18 at 20:09:25:951 Send 05 
21-06-18 at 20:09:25:966 Recived 15 
21-06-18 at 20:09:25:966 Send 06 
21-06-18 at 20:09:25:981 Send 02 29 1E 1E 00 00 00 04 0D 00 01 20 20 20 20 20 20 20 20 CE CE CE 20 CA EE EC EF E0 ED E8 FF 20 27 CA CE CB CE D0 CB CE CD 27 00 CB 
21-06-18 at 20:09:25:999 Recived 06 02 02 1E 00 1C 
21-06-18 at 20:09:26:014 Send 06 
21-06-18 at 20:09:26:029 Send 05 
21-06-18 at 20:09:26:044 Recived 15 
21-06-18 at 20:09:26:044 Send 06 
21-06-18 at 20:09:26:059 Send 02 2D 1E 1E 00 00 00 04 0E 00 01 20 20 20 20 20 CC E0 E3 E0 E7 E8 ED 20 27 C2 F1 E5 20 F2 EE E2 E0 F0 FB 20 E4 EB FF 20 E4 EE EC E0 27 20 00 DE 
21-06-18 at 20:09:26:077 Recived 06 02 02 1E 00 1C 
21-06-18 at 20:09:26:092 Send 06 
21-06-18 at 20:09:26:119 now clear port error ...
21-06-18 at 20:09:26:119 now write to port ...
21-06-18 at 20:09:26:253 ... done
21-06-18 at 20:09:26:272 Send 05 
21-06-18 at 20:09:26:287 Recived 15 
21-06-18 at 20:09:26:287 Send 06 
21-06-18 at 20:09:26:302 Send 02 06 1A 1E 00 00 00 79 7B 
21-06-18 at 20:09:26:317 Recived 06 02 09 1A 00 1E F0 49 02 00 00 00 B6 
21-06-18 at 20:09:26:332 Send 06 
21-06-18 at 20:09:28:377 Cardreader  Антонов Сергей 
21-06-18 at 20:09:28:387 Send 05 
21-06-18 at 20:09:28:402 Recived 15 
21-06-18 at 20:09:28:402 Send 06 
21-06-18 at 20:09:28:417 Send 02 20 1E 1E 00 00 00 02 1E 00 02 CA E0 F1 F1 E8 F0 20 C0 ED F2 EE ED EE E2 20 D1 E5 F0 E3 E5 E9 20 00 D7 
21-06-18 at 20:09:28:435 Recived 06 02 02 1E 00 1C 
21-06-18 at 20:09:28:450 Send 06 
21-06-18 at 20:09:28:452 now clear port error ...
21-06-18 at 20:09:28:452 now write to port ...
21-06-18 at 20:09:28:585 ... done
21-06-18 at 20:09:29:380 Send 05 
21-06-18 at 20:09:29:395 Recived 15 
21-06-18 at 20:09:29:395 Send 06 
21-06-18 at 20:09:29:410 Send 02 06 FF 39 1E 00 00 00 DE 
21-06-18 at 20:09:29:425 Recived 06 02 10 FF 39 00 00 00 00 00 00 00 00 00 00 00 00 00 00 D6 
21-06-18 at 20:09:29:440 Send 06 
21-06-18 at 20:09:30:787 total calculated
21-06-18 at 20:09:30:788 now show on display
21-06-18 at 20:09:30:788                     Всего:          0.00
21-06-18 at 20:09:30:788 now clear port error ...
21-06-18 at 20:09:30:788 now write to port ...
21-06-18 at 20:09:30:922 ... done
21-06-18 at 20:09:30:922 total calculated
21-06-18 at 20:09:30:923 now show on display
21-06-18 at 20:09:30:923                     Всего:          0.00
21-06-18 at 20:09:30:923 now clear port error ...
21-06-18 at 20:09:30:923 now write to port ...
21-06-18 at 20:09:31:094 ... done
21-06-18 at 20:09:31:095 111
21-06-18 at 20:09:31:095 Выход из программы
