13-03-18 at 15:41:32:889 Запуск программы. Инициализация считана из файла
13-03-18 at 15:41:32:890 Чек загружен.
13-03-18 at 15:41:32:890 Платежи по картам восстановлены
13-03-18 at 15:41:32:891 total calculated
13-03-18 at 15:41:32:892 now show on display
13-03-18 at 15:41:32:892                     Всего:        738.00
13-03-18 at 15:41:32:892 now open port for display
13-03-18 at 15:41:32:893 Com port opened
13-03-18 at 15:41:32:894 now clear port error ...
13-03-18 at 15:41:32:894 now write to port ...
13-03-18 at 15:41:33:027 ... done
13-03-18 at 15:41:33:028 Чек сжат
13-03-18 at 15:41:33:028 Сумма чека посчитана
13-03-18 at 15:41:33:029 Кардридер создан
13-03-18 at 15:41:33:029 Задание запуска модулей создано
13-03-18 at 15:41:33:029 Сканер создан
13-03-18 at 15:41:33:029 Регистратор создан
13-03-18 at 15:41:33:029 Часы созданы
13-03-18 at 15:41:33:030 Регистратор запущен
13-03-18 at 15:41:33:030 Сканер запущен
13-03-18 at 15:41:33:030 Часы запущены
13-03-18 at 15:41:33:030 Кардридер запущен
13-03-18 at 15:41:33:031 Передача данных запущена
13-03-18 at 15:41:33:031 Вход в FRInit
13-03-18 at 15:41:33:031 Вход в GetStatus
13-03-18 at 15:41:33:046 Send 05 
13-03-18 at 15:41:33:061 Recived 15 
13-03-18 at 15:41:33:061 Send 06 
13-03-18 at 15:41:33:076 Send 02 05 11 1E 00 00 00 0A 
13-03-18 at 15:41:33:091 Recived 06 02 30 11 00 1E 43 31 1C B3 14 0C 11 01 1A 00 B2 02 03 00 00 4E 41 00 00 01 01 10 0D 03 12 0F 29 24 00 2E 5D 00 00 0C 00 00 00 00 00 EF 95 10 42 01 00 14 
13-03-18 at 15:41:33:106 Send 06 
13-03-18 at 15:41:33:116 KKMStatus 0000
13-03-18 at 15:41:33:121 Send 05 
13-03-18 at 15:41:33:136 Recived 15 
13-03-18 at 15:41:33:136 Send 06 
13-03-18 at 15:41:33:151 Send 02 05 11 1E 00 00 00 0A 
13-03-18 at 15:41:33:166 Recived 06 02 30 11 00 1E 43 31 1C B3 14 0C 11 01 1A 00 B2 02 03 00 00 4E 41 00 00 01 01 10 0D 03 12 0F 29 24 00 2E 5D 00 00 0C 00 00 00 00 00 EF 95 10 42 01 00 14 
13-03-18 at 15:41:33:181 Send 06 
13-03-18 at 15:41:33:191 KKMStatus 0300
13-03-18 at 15:41:33:191 Номер ФР считан
13-03-18 at 15:41:33:363 СУБД подключена
13-03-18 at 15:41:33:379 Send 05 
13-03-18 at 15:41:33:394 Recived 15 
13-03-18 at 15:41:33:394 Send 06 
13-03-18 at 15:41:33:409 Send 02 0A 1E 1E 00 00 00 01 01 00 01 01 0A 
13-03-18 at 15:41:33:424 Recived 06 02 02 1E 00 1C 
13-03-18 at 15:41:33:439 Send 06 
13-03-18 at 15:41:33:454 Send 05 
13-03-18 at 15:41:33:469 Recived 15 
13-03-18 at 15:41:33:469 Send 06 
13-03-18 at 15:41:33:484 Send 02 0A 1E 1E 00 00 00 01 01 00 05 02 0D 
13-03-18 at 15:41:33:499 Recived 06 02 02 1E 00 1C 
13-03-18 at 15:41:33:514 Send 06 
13-03-18 at 15:41:33:529 Send 05 
13-03-18 at 15:41:33:544 Recived 15 
13-03-18 at 15:41:33:544 Send 06 
13-03-18 at 15:41:33:559 Send 02 0A 1E 1E 00 00 00 01 01 00 23 01 28 
13-03-18 at 15:41:33:574 Recived 06 02 02 1E 00 1C 
13-03-18 at 15:41:33:589 Send 06 
13-03-18 at 15:41:33:604 Send 05 
13-03-18 at 15:41:33:619 Recived 15 
13-03-18 at 15:41:33:619 Send 06 
13-03-18 at 15:41:33:634 Send 02 0A 1E 1E 00 00 00 01 01 00 06 00 0C 
13-03-18 at 15:41:33:649 Recived 06 02 02 1E 00 1C 
13-03-18 at 15:41:33:664 Send 06 
13-03-18 at 15:41:33:679 Send 05 
13-03-18 at 15:41:33:694 Recived 15 
13-03-18 at 15:41:33:694 Send 06 
13-03-18 at 15:41:33:709 Send 02 0A 1E 1E 00 00 00 01 01 00 07 01 0C 
13-03-18 at 15:41:33:724 Recived 06 02 02 1E 00 1C 
13-03-18 at 15:41:33:739 Send 06 
13-03-18 at 15:41:33:754 Send 05 
13-03-18 at 15:41:33:769 Recived 15 
13-03-18 at 15:41:33:769 Send 06 
13-03-18 at 15:41:33:784 Send 02 0A 1E 1E 00 00 00 01 01 00 14 01 1F 
13-03-18 at 15:41:33:799 Recived 06 02 02 1E 00 1C 
13-03-18 at 15:41:33:814 Send 06 
13-03-18 at 15:41:33:829 Send 05 
13-03-18 at 15:41:33:844 Recived 15 
13-03-18 at 15:41:33:844 Send 06 
13-03-18 at 15:41:33:859 Send 02 0A 1E 1E 00 00 00 01 01 00 15 01 1E 
13-03-18 at 15:41:33:874 Recived 06 02 02 1E 00 1C 
13-03-18 at 15:41:33:889 Send 06 
13-03-18 at 15:41:33:904 Send 05 
13-03-18 at 15:41:33:919 Recived 15 
13-03-18 at 15:41:33:919 Send 06 
13-03-18 at 15:41:33:934 Send 02 0A 1E 1E 00 00 00 01 01 00 0F 00 05 
13-03-18 at 15:41:33:949 Recived 06 02 02 1E 00 1C 
13-03-18 at 15:41:33:964 Send 06 
13-03-18 at 15:41:33:979 Send 05 
13-03-18 at 15:41:33:994 Recived 15 
13-03-18 at 15:41:33:994 Send 06 
13-03-18 at 15:41:34:009 Send 02 0A 1E 1E 00 00 00 01 01 00 11 00 1B 
13-03-18 at 15:41:34:024 Recived 06 02 02 1E 00 1C 
13-03-18 at 15:41:34:039 Send 06 
13-03-18 at 15:41:34:054 Send 05 
13-03-18 at 15:41:34:069 Recived 15 
13-03-18 at 15:41:34:069 Send 06 
13-03-18 at 15:41:34:084 Send 02 0A 1E 1E 00 00 00 11 01 00 03 02 1B 
13-03-18 at 15:41:34:099 Recived 06 02 02 1E 00 1C 
13-03-18 at 15:41:34:114 Send 06 
13-03-18 at 15:41:34:129 Send 05 
13-03-18 at 15:41:34:144 Recived 15 
13-03-18 at 15:41:34:144 Send 06 
13-03-18 at 15:41:34:159 Send 02 0A 1E 1E 00 00 00 01 01 00 29 01 22 
13-03-18 at 15:41:34:174 Recived 06 02 02 1E 00 1C 
13-03-18 at 15:41:34:189 Send 06 
13-03-18 at 15:41:34:204 Send 05 
13-03-18 at 15:41:34:219 Recived 15 
13-03-18 at 15:41:34:219 Send 06 
13-03-18 at 15:41:34:234 Send 02 26 1E 1E 00 00 00 04 0C 00 01 20 20 20 20 20 20 20 20 20 20 20 C4 CE C1 D0 CE 20 CF CE C6 C0 CB CE C2 C0 D2 DC 21 00 D5 
13-03-18 at 15:41:34:251 Recived 06 02 02 1E 00 1C 
13-03-18 at 15:41:34:266 Send 06 
13-03-18 at 15:41:34:281 Send 05 
13-03-18 at 15:41:34:296 Recived 15 
13-03-18 at 15:41:34:296 Send 06 
13-03-18 at 15:41:34:311 Send 02 29 1E 1E 00 00 00 04 0D 00 01 20 20 20 20 20 20 20 20 CE CE CE 20 CA EE EC EF E0 ED E8 FF 20 27 CA CE CB CE D0 CB CE CD 27 00 CB 
13-03-18 at 15:41:34:329 Recived 06 02 02 1E 00 1C 
13-03-18 at 15:41:34:344 Send 06 
13-03-18 at 15:41:34:359 Send 05 
13-03-18 at 15:41:34:374 Recived 15 
13-03-18 at 15:41:34:374 Send 06 
13-03-18 at 15:41:34:389 Send 02 2D 1E 1E 00 00 00 04 0E 00 01 20 20 20 20 20 CC E0 E3 E0 E7 E8 ED 20 27 C2 F1 E5 20 F2 EE E2 E0 F0 FB 20 E4 EB FF 20 E4 EE EC E0 27 20 00 DE 
13-03-18 at 15:41:34:407 Recived 06 02 02 1E 00 1C 
13-03-18 at 15:41:34:422 Send 06 
13-03-18 at 15:41:34:516 now clear port error ...
13-03-18 at 15:41:34:516 now write to port ...
13-03-18 at 15:41:34:650 ... done
13-03-18 at 15:41:34:677 Send 05 
13-03-18 at 15:41:34:692 Recived 15 
13-03-18 at 15:41:34:692 Send 06 
13-03-18 at 15:41:34:707 Send 02 06 1A 1E 00 00 00 79 7B 
13-03-18 at 15:41:34:722 Recived 06 02 09 1A 00 1E 40 9C 00 00 00 00 D1 
13-03-18 at 15:41:34:737 Send 06 
13-03-18 at 15:41:37:012 Cardreader  Антонов Сергей 
13-03-18 at 15:41:37:018 Send 05 
13-03-18 at 15:41:37:033 Recived 15 
13-03-18 at 15:41:37:035 Send 06 
13-03-18 at 15:41:37:050 Send 02 20 1E 1E 00 00 00 02 1E 00 02 CA E0 F1 F1 E8 F0 20 C0 ED F2 EE ED EE E2 20 D1 E5 F0 E3 E5 E9 20 00 D7 
13-03-18 at 15:41:37:068 Recived 06 02 02 1E 00 1C 
13-03-18 at 15:41:37:083 Send 06 
13-03-18 at 15:41:37:083 now clear port error ...
13-03-18 at 15:41:37:083 now write to port ...
13-03-18 at 15:41:37:217 ... done
13-03-18 at 15:41:38:013 Send 05 
13-03-18 at 15:41:38:028 Recived 15 
13-03-18 at 15:41:38:028 Send 06 
13-03-18 at 15:41:38:043 Send 02 06 FF 39 1E 00 00 00 DE 
13-03-18 at 15:41:38:058 Recived 06 02 10 FF 39 00 00 00 00 00 00 00 00 00 00 00 00 00 00 D6 
13-03-18 at 15:41:38:073 Send 06 
13-03-18 at 15:41:39:070 Попытка очистки таблицы
13-03-18 at 15:41:39:070 Попытка очистки успешна
13-03-18 at 15:41:53:182 total calculated
13-03-18 at 15:41:53:182 now show on display
13-03-18 at 15:41:53:183                     Всего:        738.00
13-03-18 at 15:41:53:183 now clear port error ...
13-03-18 at 15:41:53:183 now write to port ...
13-03-18 at 15:41:53:317 ... done
13-03-18 at 15:41:53:318 total calculated
13-03-18 at 15:41:53:318 now show on display
13-03-18 at 15:41:53:318                     Всего:        738.00
13-03-18 at 15:41:53:318 now clear port error ...
13-03-18 at 15:41:53:319 now write to port ...
13-03-18 at 15:41:53:489 ... done
13-03-18 at 15:41:53:491 111
13-03-18 at 15:41:53:491 Выход из программы
13-03-18 at 16:14:30:425 Запуск программы. Инициализация считана из файла
13-03-18 at 16:14:30:426 Чек загружен.
13-03-18 at 16:14:30:426 Платежи по картам восстановлены
13-03-18 at 16:14:30:427 total calculated
13-03-18 at 16:14:30:427 now show on display
13-03-18 at 16:14:30:427                     Всего:        738.00
13-03-18 at 16:14:30:428 now open port for display
13-03-18 at 16:14:30:429 Com port opened
13-03-18 at 16:14:30:429 now clear port error ...
13-03-18 at 16:14:30:429 now write to port ...
13-03-18 at 16:14:30:563 ... done
13-03-18 at 16:14:30:564 Чек сжат
13-03-18 at 16:14:30:564 Сумма чека посчитана
13-03-18 at 16:14:30:564 Кардридер создан
13-03-18 at 16:14:30:564 Задание запуска модулей создано
13-03-18 at 16:14:30:564 Сканер создан
13-03-18 at 16:14:30:565 Регистратор создан
13-03-18 at 16:14:30:565 Часы созданы
13-03-18 at 16:14:30:565 Регистратор запущен
13-03-18 at 16:14:30:565 Сканер запущен
13-03-18 at 16:14:30:565 Часы запущены
13-03-18 at 16:14:30:566 Кардридер запущен
13-03-18 at 16:14:30:566 Передача данных запущена
13-03-18 at 16:14:30:566 Вход в FRInit
13-03-18 at 16:14:30:566 Вход в GetStatus
13-03-18 at 16:14:30:566 Send 05 
13-03-18 at 16:14:30:582 Recived 15 
13-03-18 at 16:14:30:582 Send 06 
13-03-18 at 16:14:30:597 Send 02 05 11 1E 00 00 00 0A 
13-03-18 at 16:14:30:612 Recived 06 02 30 11 00 1E 43 31 1C B3 14 0C 11 01 1A 00 B2 02 03 00 00 4E 41 00 00 01 01 10 0D 03 12 10 0E 21 00 2E 5D 00 00 0C 00 00 00 00 00 EF 95 10 42 01 00 29 
13-03-18 at 16:14:30:627 Send 06 
13-03-18 at 16:14:30:632 KKMStatus 0000
13-03-18 at 16:14:30:642 Send 05 
13-03-18 at 16:14:30:657 Recived 15 
13-03-18 at 16:14:30:657 Send 06 
13-03-18 at 16:14:30:672 Send 02 05 11 1E 00 00 00 0A 
13-03-18 at 16:14:30:687 Recived 06 02 30 11 00 1E 43 31 1C B3 14 0C 11 01 1A 00 B2 02 03 00 00 4E 41 00 00 01 01 10 0D 03 12 10 0E 21 00 2E 5D 00 00 0C 00 00 00 00 00 EF 95 10 42 01 00 29 
13-03-18 at 16:14:30:702 Send 06 
13-03-18 at 16:14:30:707 KKMStatus 0300
13-03-18 at 16:14:30:707 Номер ФР считан
13-03-18 at 16:14:30:867 СУБД подключена
13-03-18 at 16:14:30:886 Send 05 
13-03-18 at 16:14:30:901 Recived 15 
13-03-18 at 16:14:30:901 Send 06 
13-03-18 at 16:14:30:916 Send 02 0A 1E 1E 00 00 00 01 01 00 01 01 0A 
13-03-18 at 16:14:30:931 Recived 06 02 02 1E 00 1C 
13-03-18 at 16:14:30:946 Send 06 
13-03-18 at 16:14:30:961 Send 05 
13-03-18 at 16:14:30:976 Recived 15 
13-03-18 at 16:14:30:976 Send 06 
13-03-18 at 16:14:30:991 Send 02 0A 1E 1E 00 00 00 01 01 00 05 02 0D 
13-03-18 at 16:14:31:006 Recived 06 02 02 1E 00 1C 
13-03-18 at 16:14:31:021 Send 06 
13-03-18 at 16:14:31:036 Send 05 
13-03-18 at 16:14:31:051 Recived 15 
13-03-18 at 16:14:31:051 Send 06 
13-03-18 at 16:14:31:066 Send 02 0A 1E 1E 00 00 00 01 01 00 23 01 28 
13-03-18 at 16:14:31:081 Recived 06 02 02 1E 00 1C 
13-03-18 at 16:14:31:096 Send 06 
13-03-18 at 16:14:31:111 Send 05 
13-03-18 at 16:14:31:126 Recived 15 
13-03-18 at 16:14:31:126 Send 06 
13-03-18 at 16:14:31:141 Send 02 0A 1E 1E 00 00 00 01 01 00 06 00 0C 
13-03-18 at 16:14:31:156 Recived 06 02 02 1E 00 1C 
13-03-18 at 16:14:31:171 Send 06 
13-03-18 at 16:14:31:186 Send 05 
13-03-18 at 16:14:31:201 Recived 15 
13-03-18 at 16:14:31:201 Send 06 
13-03-18 at 16:14:31:216 Send 02 0A 1E 1E 00 00 00 01 01 00 07 01 0C 
13-03-18 at 16:14:31:231 Recived 06 02 02 1E 00 1C 
13-03-18 at 16:14:31:246 Send 06 
13-03-18 at 16:14:31:261 Send 05 
13-03-18 at 16:14:31:276 Recived 15 
13-03-18 at 16:14:31:276 Send 06 
13-03-18 at 16:14:31:291 Send 02 0A 1E 1E 00 00 00 01 01 00 14 01 1F 
13-03-18 at 16:14:31:306 Recived 06 02 02 1E 00 1C 
13-03-18 at 16:14:31:321 Send 06 
13-03-18 at 16:14:31:336 Send 05 
13-03-18 at 16:14:31:351 Recived 15 
13-03-18 at 16:14:31:351 Send 06 
13-03-18 at 16:14:31:366 Send 02 0A 1E 1E 00 00 00 01 01 00 15 01 1E 
13-03-18 at 16:14:31:381 Recived 06 02 02 1E 00 1C 
13-03-18 at 16:14:31:396 Send 06 
13-03-18 at 16:14:31:411 Send 05 
13-03-18 at 16:14:31:426 Recived 15 
13-03-18 at 16:14:31:426 Send 06 
13-03-18 at 16:14:31:441 Send 02 0A 1E 1E 00 00 00 01 01 00 0F 00 05 
13-03-18 at 16:14:31:456 Recived 06 02 02 1E 00 1C 
13-03-18 at 16:14:31:471 Send 06 
13-03-18 at 16:14:31:486 Send 05 
13-03-18 at 16:14:31:501 Recived 15 
13-03-18 at 16:14:31:501 Send 06 
13-03-18 at 16:14:31:516 Send 02 0A 1E 1E 00 00 00 01 01 00 11 00 1B 
13-03-18 at 16:14:31:531 Recived 06 02 02 1E 00 1C 
13-03-18 at 16:14:31:546 Send 06 
13-03-18 at 16:14:31:561 Send 05 
13-03-18 at 16:14:31:576 Recived 15 
13-03-18 at 16:14:31:576 Send 06 
13-03-18 at 16:14:31:591 Send 02 0A 1E 1E 00 00 00 11 01 00 03 02 1B 
13-03-18 at 16:14:31:606 Recived 06 02 02 1E 00 1C 
13-03-18 at 16:14:31:621 Send 06 
13-03-18 at 16:14:31:636 Send 05 
13-03-18 at 16:14:31:651 Recived 15 
13-03-18 at 16:14:31:651 Send 06 
13-03-18 at 16:14:31:666 Send 02 0A 1E 1E 00 00 00 01 01 00 29 01 22 
13-03-18 at 16:14:31:681 Recived 06 02 02 1E 00 1C 
13-03-18 at 16:14:31:696 Send 06 
13-03-18 at 16:14:31:711 Send 05 
13-03-18 at 16:14:31:726 Recived 15 
13-03-18 at 16:14:31:726 Send 06 
13-03-18 at 16:14:31:741 Send 02 26 1E 1E 00 00 00 04 0C 00 01 20 20 20 20 20 20 20 20 20 20 20 C4 CE C1 D0 CE 20 CF CE C6 C0 CB CE C2 C0 D2 DC 21 00 D5 
13-03-18 at 16:14:31:758 Recived 06 02 02 1E 00 1C 
13-03-18 at 16:14:31:773 Send 06 
13-03-18 at 16:14:31:788 Send 05 
13-03-18 at 16:14:31:803 Recived 15 
13-03-18 at 16:14:31:803 Send 06 
13-03-18 at 16:14:31:818 Send 02 29 1E 1E 00 00 00 04 0D 00 01 20 20 20 20 20 20 20 20 CE CE CE 20 CA EE EC EF E0 ED E8 FF 20 27 CA CE CB CE D0 CB CE CD 27 00 CB 
13-03-18 at 16:14:31:835 Recived 06 02 02 1E 00 1C 
13-03-18 at 16:14:31:850 Send 06 
13-03-18 at 16:14:31:865 Send 05 
13-03-18 at 16:14:31:880 Recived 15 
13-03-18 at 16:14:31:880 Send 06 
13-03-18 at 16:14:31:895 Send 02 2D 1E 1E 00 00 00 04 0E 00 01 20 20 20 20 20 CC E0 E3 E0 E7 E8 ED 20 27 C2 F1 E5 20 F2 EE E2 E0 F0 FB 20 E4 EB FF 20 E4 EE EC E0 27 20 00 DE 
13-03-18 at 16:14:31:913 Recived 06 02 02 1E 00 1C 
13-03-18 at 16:14:31:928 Send 06 
13-03-18 at 16:14:31:944 now clear port error ...
13-03-18 at 16:14:31:944 now write to port ...
13-03-18 at 16:14:32:078 ... done
13-03-18 at 16:14:32:093 Send 05 
13-03-18 at 16:14:32:108 Recived 15 
13-03-18 at 16:14:32:108 Send 06 
13-03-18 at 16:14:32:123 Send 02 06 1A 1E 00 00 00 79 7B 
13-03-18 at 16:14:32:138 Recived 06 02 09 1A 00 1E 40 9C 00 00 00 00 D1 
13-03-18 at 16:14:32:153 Send 06 
13-03-18 at 16:14:34:310 Cardreader  Антонов Сергей 
13-03-18 at 16:14:34:313 Send 05 
13-03-18 at 16:14:34:331 Recived 15 
13-03-18 at 16:14:34:333 Send 06 
13-03-18 at 16:14:34:348 Send 02 20 1E 1E 00 00 00 02 1E 00 02 CA E0 F1 F1 E8 F0 20 C0 ED F2 EE ED EE E2 20 D1 E5 F0 E3 E5 E9 20 00 D7 
13-03-18 at 16:14:34:366 Recived 06 02 02 1E 00 1C 
13-03-18 at 16:14:34:381 Send 06 
13-03-18 at 16:14:34:382 now clear port error ...
13-03-18 at 16:14:34:382 now write to port ...
13-03-18 at 16:14:34:516 ... done
13-03-18 at 16:14:35:311 Send 05 
13-03-18 at 16:14:35:326 Recived 15 
13-03-18 at 16:14:35:326 Send 06 
13-03-18 at 16:14:35:341 Send 02 06 FF 39 1E 00 00 00 DE 
13-03-18 at 16:14:35:356 Recived 06 02 10 FF 39 00 00 00 00 00 00 00 00 00 00 00 00 00 00 D6 
13-03-18 at 16:14:35:371 Send 06 
13-03-18 at 16:14:37:137 Попытка очистки таблицы
13-03-18 at 16:14:37:137 Попытка очистки успешна
13-03-18 at 16:15:07:103 total calculated
13-03-18 at 16:15:07:103 now show on display
13-03-18 at 16:15:07:103                     Всего:        738.00
13-03-18 at 16:15:07:104 now clear port error ...
13-03-18 at 16:15:07:104 now write to port ...
13-03-18 at 16:15:07:237 ... done
13-03-18 at 16:15:07:239 total calculated
13-03-18 at 16:15:07:239 now show on display
13-03-18 at 16:15:07:239                     Всего:        738.00
13-03-18 at 16:15:07:239 now clear port error ...
13-03-18 at 16:15:07:239 now write to port ...
13-03-18 at 16:15:07:409 ... done
13-03-18 at 16:15:07:411 111
13-03-18 at 16:15:07:411 Выход из программы
