06-02-18 at 16:47:35:970 Запуск программы. Инициализация считана из файла
06-02-18 at 16:47:35:971 Платежи по картам восстановлены
06-02-18 at 16:47:35:972 total calculated
06-02-18 at 16:47:35:972 now show on display
06-02-18 at 16:47:35:972                     Всего:          0.00
06-02-18 at 16:47:35:973 now open port for display
06-02-18 at 16:47:35:973 Com port opened
06-02-18 at 16:47:35:974 now clear port error ...
06-02-18 at 16:47:35:974 now write to port ...
06-02-18 at 16:47:36:107 ... done
06-02-18 at 16:47:36:107 Чек сжат
06-02-18 at 16:47:36:108 Сумма чека посчитана
06-02-18 at 16:47:36:108 Кардридер создан
06-02-18 at 16:47:36:108 Задание запуска модулей создано
06-02-18 at 16:47:36:108 Сканер создан
06-02-18 at 16:47:36:109 Регистратор создан
06-02-18 at 16:47:36:109 Часы созданы
06-02-18 at 16:47:36:109 Регистратор запущен
06-02-18 at 16:47:36:109 Сканер запущен
06-02-18 at 16:47:36:109 Часы запущены
06-02-18 at 16:47:36:110 Кардридер запущен
06-02-18 at 16:47:36:110 Передача данных запущена
06-02-18 at 16:47:36:110 Вход в FRInit
06-02-18 at 16:47:36:111 Вход в GetStatus
06-02-18 at 16:47:36:125 Send 05 
06-02-18 at 16:47:36:140 Recived 15 
06-02-18 at 16:47:36:140 Send 06 
06-02-18 at 16:47:36:155 Send 02 05 11 1E 00 00 00 0A 
06-02-18 at 16:47:36:170 Recived 06 02 30 11 00 1E 43 31 1C B3 14 0C 11 01 00 00 B2 02 04 00 00 4E 41 00 00 01 01 10 06 02 12 10 2F 25 00 2E 5D 00 00 6C 00 00 00 00 00 D2 E9 1E 42 01 00 34 
06-02-18 at 16:47:36:185 Send 06 
06-02-18 at 16:47:36:186 KKMStatus 0000
06-02-18 at 16:47:36:200 Send 05 
06-02-18 at 16:47:36:215 Recived 15 
06-02-18 at 16:47:36:215 Send 06 
06-02-18 at 16:47:36:230 Send 02 05 11 1E 00 00 00 0A 
06-02-18 at 16:47:36:245 Recived 06 02 30 11 00 1E 43 31 1C B3 14 0C 11 01 00 00 B2 02 04 00 00 4E 41 00 00 01 01 10 06 02 12 10 2F 25 00 2E 5D 00 00 6C 00 00 00 00 00 D2 E9 1E 42 01 00 34 
06-02-18 at 16:47:36:260 Send 06 
06-02-18 at 16:47:36:261 KKMStatus 0400
06-02-18 at 16:47:36:261 Номер ФР считан
06-02-18 at 16:47:36:414 СУБД подключена
06-02-18 at 16:47:36:442 Send 05 
06-02-18 at 16:47:36:457 Recived 15 
06-02-18 at 16:47:36:457 Send 06 
06-02-18 at 16:47:36:472 Send 02 0B 1E 1E 00 00 00 06 03 00 01 00 00 0F 
06-02-18 at 16:47:36:487 Recived 06 02 02 1E 00 1C 
06-02-18 at 16:47:36:502 Send 06 
06-02-18 at 16:47:36:517 Send 05 
06-02-18 at 16:47:36:532 Recived 15 
06-02-18 at 16:47:36:532 Send 06 
06-02-18 at 16:47:36:547 Send 02 10 1E 1E 00 00 00 06 03 00 02 CD C4 D1 20 30 25 00 FA 
06-02-18 at 16:47:36:563 Recived 06 02 02 1E 00 1C 
06-02-18 at 16:47:36:578 Send 06 
06-02-18 at 16:47:36:593 Send 05 
06-02-18 at 16:47:36:608 Recived 15 
06-02-18 at 16:47:36:608 Send 06 
06-02-18 at 16:47:36:623 Send 02 0B 1E 1E 00 00 00 06 02 00 01 E8 03 E5 
06-02-18 at 16:47:36:638 Recived 06 02 02 1E 00 1C 
06-02-18 at 16:47:36:653 Send 06 
06-02-18 at 16:47:36:668 Send 05 
06-02-18 at 16:47:36:683 Recived 15 
06-02-18 at 16:47:36:683 Send 06 
06-02-18 at 16:47:36:698 Send 02 10 1E 1E 00 00 00 06 02 00 02 CD C4 D1 20 31 30 25 CA 
06-02-18 at 16:47:36:714 Recived 06 02 02 1E 00 1C 
06-02-18 at 16:47:36:729 Send 06 
06-02-18 at 16:47:36:744 Send 05 
06-02-18 at 16:47:36:759 Recived 15 
06-02-18 at 16:47:36:759 Send 06 
06-02-18 at 16:47:36:774 Send 02 0B 1E 1E 00 00 00 06 01 00 01 08 07 02 
06-02-18 at 16:47:36:789 Recived 06 02 02 1E 00 1C 
06-02-18 at 16:47:36:804 Send 06 
06-02-18 at 16:47:36:819 Send 05 
06-02-18 at 16:47:36:834 Recived 15 
06-02-18 at 16:47:36:834 Send 06 
06-02-18 at 16:47:36:849 Send 02 10 1E 1E 00 00 00 06 01 00 02 CD C4 D1 20 31 38 25 C1 
06-02-18 at 16:47:36:865 Recived 06 02 02 1E 00 1C 
06-02-18 at 16:47:36:880 Send 06 
06-02-18 at 16:47:36:895 Send 05 
06-02-18 at 16:47:36:910 Recived 15 
06-02-18 at 16:47:36:910 Send 06 
06-02-18 at 16:47:36:925 Send 02 0A 1E 1E 00 00 00 01 01 00 01 01 0A 
06-02-18 at 16:47:36:940 Recived 06 02 02 1E 00 1C 
06-02-18 at 16:47:36:955 Send 06 
06-02-18 at 16:47:36:970 Send 05 
06-02-18 at 16:47:36:985 Recived 15 
06-02-18 at 16:47:36:985 Send 06 
06-02-18 at 16:47:37:000 Send 02 0A 1E 1E 00 00 00 01 01 00 05 02 0D 
06-02-18 at 16:47:37:015 Recived 06 02 02 1E 00 1C 
06-02-18 at 16:47:37:030 Send 06 
06-02-18 at 16:47:37:045 Send 05 
06-02-18 at 16:47:37:060 Recived 15 
06-02-18 at 16:47:37:060 Send 06 
06-02-18 at 16:47:37:075 Send 02 0A 1E 1E 00 00 00 01 01 00 23 01 28 
06-02-18 at 16:47:37:090 Recived 06 02 02 1E 00 1C 
06-02-18 at 16:47:37:105 Send 06 
06-02-18 at 16:47:37:120 Send 05 
06-02-18 at 16:47:37:135 Recived 15 
06-02-18 at 16:47:37:135 Send 06 
06-02-18 at 16:47:37:150 Send 02 0A 1E 1E 00 00 00 01 01 00 06 00 0C 
06-02-18 at 16:47:37:165 Recived 06 02 02 1E 00 1C 
06-02-18 at 16:47:37:180 Send 06 
06-02-18 at 16:47:37:195 Send 05 
06-02-18 at 16:47:37:210 Recived 15 
06-02-18 at 16:47:37:210 Send 06 
06-02-18 at 16:47:37:225 Send 02 0A 1E 1E 00 00 00 01 01 00 07 01 0C 
06-02-18 at 16:47:37:240 Recived 06 02 02 1E 00 1C 
06-02-18 at 16:47:37:255 Send 06 
06-02-18 at 16:47:37:270 Send 05 
06-02-18 at 16:47:37:285 Recived 15 
06-02-18 at 16:47:37:285 Send 06 
06-02-18 at 16:47:37:300 Send 02 0A 1E 1E 00 00 00 01 01 00 14 01 1F 
06-02-18 at 16:47:37:315 Recived 06 02 02 1E 00 1C 
06-02-18 at 16:47:37:330 Send 06 
06-02-18 at 16:47:37:345 Send 05 
06-02-18 at 16:47:37:360 Recived 15 
06-02-18 at 16:47:37:360 Send 06 
06-02-18 at 16:47:37:375 Send 02 0A 1E 1E 00 00 00 01 01 00 15 01 1E 
06-02-18 at 16:47:37:390 Recived 06 02 02 1E 00 1C 
06-02-18 at 16:47:37:405 Send 06 
06-02-18 at 16:47:37:420 Send 05 
06-02-18 at 16:47:37:435 Recived 15 
06-02-18 at 16:47:37:435 Send 06 
06-02-18 at 16:47:37:450 Send 02 0A 1E 1E 00 00 00 01 01 00 0F 00 05 
06-02-18 at 16:47:37:465 Recived 06 02 02 1E 00 1C 
06-02-18 at 16:47:37:480 Send 06 
06-02-18 at 16:47:37:495 Send 05 
06-02-18 at 16:47:37:510 Recived 15 
06-02-18 at 16:47:37:510 Send 06 
06-02-18 at 16:47:37:525 Send 02 0A 1E 1E 00 00 00 01 01 00 11 00 1B 
06-02-18 at 16:47:37:540 Recived 06 02 02 1E 00 1C 
06-02-18 at 16:47:37:555 Send 06 
06-02-18 at 16:47:37:570 Send 05 
06-02-18 at 16:47:37:585 Recived 15 
06-02-18 at 16:47:37:585 Send 06 
06-02-18 at 16:47:37:600 Send 02 0A 1E 1E 00 00 00 11 01 00 03 02 1B 
06-02-18 at 16:47:37:615 Recived 06 02 02 1E 00 1C 
06-02-18 at 16:47:37:630 Send 06 
06-02-18 at 16:47:37:645 Send 05 
06-02-18 at 16:47:37:660 Recived 15 
06-02-18 at 16:47:37:660 Send 06 
06-02-18 at 16:47:37:675 Send 02 0A 1E 1E 00 00 00 01 01 00 29 01 22 
06-02-18 at 16:47:37:690 Recived 06 02 02 1E 00 1C 
06-02-18 at 16:47:37:705 Send 06 
06-02-18 at 16:47:37:720 Send 05 
06-02-18 at 16:47:37:735 Recived 15 
06-02-18 at 16:47:37:735 Send 06 
06-02-18 at 16:47:37:750 Send 02 26 1E 1E 00 00 00 04 0C 00 01 20 20 20 20 20 20 20 20 20 20 20 C4 CE C1 D0 CE 20 CF CE C6 C0 CB CE C2 C0 D2 DC 21 00 D5 
06-02-18 at 16:47:37:768 Recived 06 02 02 1E 00 1C 
06-02-18 at 16:47:37:783 Send 06 
06-02-18 at 16:47:37:798 Send 05 
06-02-18 at 16:47:37:813 Recived 15 
06-02-18 at 16:47:37:813 Send 06 
06-02-18 at 16:47:37:828 Send 02 29 1E 1E 00 00 00 04 0D 00 01 20 20 20 20 20 20 20 20 CE CE CE 20 CA EE EC EF E0 ED E8 FF 20 27 CA CE CB CE D0 CB CE CD 27 00 CB 
06-02-18 at 16:47:37:846 Recived 06 02 02 1E 00 1C 
06-02-18 at 16:47:37:861 Send 06 
06-02-18 at 16:47:37:876 Send 05 
06-02-18 at 16:47:37:891 Recived 15 
06-02-18 at 16:47:37:891 Send 06 
06-02-18 at 16:47:37:906 Send 02 2D 1E 1E 00 00 00 04 0E 00 01 20 20 20 20 20 CC E0 E3 E0 E7 E8 ED 20 27 C2 F1 E5 20 F2 EE E2 E0 F0 FB 20 E4 EB FF 20 E4 EE EC E0 27 20 00 DE 
06-02-18 at 16:47:37:924 Recived 06 02 02 1E 00 1C 
06-02-18 at 16:47:37:939 Send 06 
06-02-18 at 16:47:38:044 now clear port error ...
06-02-18 at 16:47:38:044 now write to port ...
06-02-18 at 16:47:38:178 ... done
06-02-18 at 16:47:38:209 Send 05 
06-02-18 at 16:47:38:224 Recived 15 
06-02-18 at 16:47:38:224 Send 06 
06-02-18 at 16:47:38:239 Send 02 06 1A 1E 00 00 00 79 7B 
06-02-18 at 16:47:38:254 Recived 06 02 09 1A 00 1E 00 00 00 00 00 00 0D 
06-02-18 at 16:47:38:269 Send 06 
06-02-18 at 16:47:40:395 Cardreader  Антонов Сергей 
06-02-18 at 16:47:40:402 Send 05 
06-02-18 at 16:47:40:420 Recived 15 
06-02-18 at 16:47:40:422 Send 06 
06-02-18 at 16:47:40:438 Send 02 20 1E 1E 00 00 00 02 1E 00 02 CA E0 F1 F1 E8 F0 20 C0 ED F2 EE ED EE E2 20 D1 E5 F0 E3 E5 E9 20 00 D7 
06-02-18 at 16:47:40:456 Recived 06 02 02 1E 00 1C 
06-02-18 at 16:47:40:471 Send 06 
06-02-18 at 16:47:40:472 now clear port error ...
06-02-18 at 16:47:40:472 now write to port ...
06-02-18 at 16:47:40:605 ... done
06-02-18 at 16:47:41:401 Send 05 
06-02-18 at 16:47:41:416 Recived 15 
06-02-18 at 16:47:41:416 Send 06 
06-02-18 at 16:47:41:431 Send 02 06 FF 39 1E 00 00 00 DE 
06-02-18 at 16:47:41:446 Recived 06 02 10 FF 39 00 00 00 00 00 00 00 00 00 00 00 00 00 00 D6 
06-02-18 at 16:47:41:461 Send 06 
06-02-18 at 16:47:53:414 total calculated
06-02-18 at 16:47:53:414 now show on display
06-02-18 at 16:47:53:414                     Всего:          0.00
06-02-18 at 16:47:53:414 now clear port error ...
06-02-18 at 16:47:53:415 now write to port ...
06-02-18 at 16:47:53:548 ... done
06-02-18 at 16:47:53:549 total calculated
06-02-18 at 16:47:53:549 now show on display
06-02-18 at 16:47:53:549                     Всего:          0.00
06-02-18 at 16:47:53:549 now clear port error ...
06-02-18 at 16:47:53:550 now write to port ...
06-02-18 at 16:47:53:720 ... done
06-02-18 at 16:47:53:722 111
06-02-18 at 16:47:53:722 Выход из программы
06-02-18 at 16:48:48:450 Запуск программы. Инициализация считана из файла
06-02-18 at 16:48:48:451 Платежи по картам восстановлены
06-02-18 at 16:48:48:452 total calculated
06-02-18 at 16:48:48:452 now show on display
06-02-18 at 16:48:48:452                     Всего:          0.00
06-02-18 at 16:48:48:452 now open port for display
06-02-18 at 16:48:48:453 Com port opened
06-02-18 at 16:48:48:453 now clear port error ...
06-02-18 at 16:48:48:453 now write to port ...
06-02-18 at 16:48:48:587 ... done
06-02-18 at 16:48:48:587 Чек сжат
06-02-18 at 16:48:48:587 Сумма чека посчитана
06-02-18 at 16:48:48:588 Кардридер создан
06-02-18 at 16:48:48:588 Задание запуска модулей создано
06-02-18 at 16:48:48:588 Сканер создан
06-02-18 at 16:48:48:588 Регистратор создан
06-02-18 at 16:48:48:588 Часы созданы
06-02-18 at 16:48:48:589 Регистратор запущен
06-02-18 at 16:48:48:589 Сканер запущен
06-02-18 at 16:48:48:590 Часы запущены
06-02-18 at 16:48:48:590 Кардридер запущен
06-02-18 at 16:48:48:590 Передача данных запущена
06-02-18 at 16:48:48:590 Вход в FRInit
06-02-18 at 16:48:48:591 Вход в GetStatus
06-02-18 at 16:48:48:604 Send 05 
06-02-18 at 16:48:48:619 Recived 15 
06-02-18 at 16:48:48:619 Send 06 
06-02-18 at 16:48:48:634 Send 02 05 11 1E 00 00 00 0A 
06-02-18 at 16:48:48:649 Recived 06 02 30 11 00 1E 43 31 1C B3 14 0C 11 01 00 00 B2 02 04 00 00 4E 41 00 00 01 01 10 06 02 12 10 30 31 00 2E 5D 00 00 6C 00 00 00 00 00 D2 E9 1E 42 01 00 3F 
06-02-18 at 16:48:48:664 Send 06 
06-02-18 at 16:48:48:666 KKMStatus 0000
06-02-18 at 16:48:48:679 Send 05 
06-02-18 at 16:48:48:694 Recived 15 
06-02-18 at 16:48:48:694 Send 06 
06-02-18 at 16:48:48:709 Send 02 05 11 1E 00 00 00 0A 
06-02-18 at 16:48:48:724 Recived 06 02 30 11 00 1E 43 31 1C B3 14 0C 11 01 00 00 B2 02 04 00 00 4E 41 00 00 01 01 10 06 02 12 10 30 31 00 2E 5D 00 00 6C 00 00 00 00 00 D2 E9 1E 42 01 00 3F 
06-02-18 at 16:48:48:739 Send 06 
06-02-18 at 16:48:48:741 KKMStatus 0400
06-02-18 at 16:48:48:741 Номер ФР считан
06-02-18 at 16:48:48:878 СУБД подключена
06-02-18 at 16:48:48:894 Send 05 
06-02-18 at 16:48:48:909 Recived 15 
06-02-18 at 16:48:48:909 Send 06 
06-02-18 at 16:48:48:924 Send 02 0B 1E 1E 00 00 00 06 03 00 01 00 00 0F 
06-02-18 at 16:48:48:939 Recived 06 02 02 1E 00 1C 
06-02-18 at 16:48:48:954 Send 06 
06-02-18 at 16:48:48:969 Send 05 
06-02-18 at 16:48:48:984 Recived 15 
06-02-18 at 16:48:48:984 Send 06 
06-02-18 at 16:48:48:999 Send 02 10 1E 1E 00 00 00 06 03 00 02 CD C4 D1 20 30 25 00 FA 
06-02-18 at 16:48:49:015 Recived 06 02 02 1E 00 1C 
06-02-18 at 16:48:49:030 Send 06 
06-02-18 at 16:48:49:045 Send 05 
06-02-18 at 16:48:49:060 Recived 15 
06-02-18 at 16:48:49:060 Send 06 
06-02-18 at 16:48:49:075 Send 02 0B 1E 1E 00 00 00 06 02 00 01 E8 03 E5 
06-02-18 at 16:48:49:090 Recived 06 02 02 1E 00 1C 
06-02-18 at 16:48:49:105 Send 06 
06-02-18 at 16:48:49:120 Send 05 
06-02-18 at 16:48:49:135 Recived 15 
06-02-18 at 16:48:49:135 Send 06 
06-02-18 at 16:48:49:150 Send 02 10 1E 1E 00 00 00 06 02 00 02 CD C4 D1 20 31 30 25 CA 
06-02-18 at 16:48:49:166 Recived 06 02 02 1E 00 1C 
06-02-18 at 16:48:49:181 Send 06 
06-02-18 at 16:48:49:196 Send 05 
06-02-18 at 16:48:49:211 Recived 15 
06-02-18 at 16:48:49:211 Send 06 
06-02-18 at 16:48:49:226 Send 02 0B 1E 1E 00 00 00 06 01 00 01 08 07 02 
06-02-18 at 16:48:49:241 Recived 06 02 02 1E 00 1C 
06-02-18 at 16:48:49:256 Send 06 
06-02-18 at 16:48:49:271 Send 05 
06-02-18 at 16:48:49:286 Recived 15 
06-02-18 at 16:48:49:286 Send 06 
06-02-18 at 16:48:49:301 Send 02 10 1E 1E 00 00 00 06 01 00 02 CD C4 D1 20 31 38 25 C1 
06-02-18 at 16:48:49:317 Recived 06 02 02 1E 00 1C 
06-02-18 at 16:48:49:332 Send 06 
06-02-18 at 16:48:49:347 Send 05 
06-02-18 at 16:48:49:362 Recived 15 
06-02-18 at 16:48:49:362 Send 06 
06-02-18 at 16:48:49:377 Send 02 0A 1E 1E 00 00 00 01 01 00 01 01 0A 
06-02-18 at 16:48:49:392 Recived 06 02 02 1E 00 1C 
06-02-18 at 16:48:49:407 Send 06 
06-02-18 at 16:48:49:422 Send 05 
06-02-18 at 16:48:49:437 Recived 15 
06-02-18 at 16:48:49:437 Send 06 
06-02-18 at 16:48:49:452 Send 02 0A 1E 1E 00 00 00 01 01 00 05 02 0D 
06-02-18 at 16:48:49:467 Recived 06 02 02 1E 00 1C 
06-02-18 at 16:48:49:482 Send 06 
06-02-18 at 16:48:49:497 Send 05 
06-02-18 at 16:48:49:512 Recived 15 
06-02-18 at 16:48:49:512 Send 06 
06-02-18 at 16:48:49:527 Send 02 0A 1E 1E 00 00 00 01 01 00 23 01 28 
06-02-18 at 16:48:49:542 Recived 06 02 02 1E 00 1C 
06-02-18 at 16:48:49:557 Send 06 
06-02-18 at 16:48:49:572 Send 05 
06-02-18 at 16:48:49:587 Recived 15 
06-02-18 at 16:48:49:587 Send 06 
06-02-18 at 16:48:49:602 Send 02 0A 1E 1E 00 00 00 01 01 00 06 00 0C 
06-02-18 at 16:48:49:617 Recived 06 02 02 1E 00 1C 
06-02-18 at 16:48:49:632 Send 06 
06-02-18 at 16:48:49:647 Send 05 
06-02-18 at 16:48:49:662 Recived 15 
06-02-18 at 16:48:49:662 Send 06 
06-02-18 at 16:48:49:677 Send 02 0A 1E 1E 00 00 00 01 01 00 07 01 0C 
06-02-18 at 16:48:49:692 Recived 06 02 02 1E 00 1C 
06-02-18 at 16:48:49:707 Send 06 
06-02-18 at 16:48:49:722 Send 05 
06-02-18 at 16:48:49:737 Recived 15 
06-02-18 at 16:48:49:737 Send 06 
06-02-18 at 16:48:49:752 Send 02 0A 1E 1E 00 00 00 01 01 00 14 01 1F 
06-02-18 at 16:48:49:767 Recived 06 02 02 1E 00 1C 
06-02-18 at 16:48:49:782 Send 06 
06-02-18 at 16:48:49:797 Send 05 
06-02-18 at 16:48:49:812 Recived 15 
06-02-18 at 16:48:49:812 Send 06 
06-02-18 at 16:48:49:827 Send 02 0A 1E 1E 00 00 00 01 01 00 15 01 1E 
06-02-18 at 16:48:49:842 Recived 06 02 02 1E 00 1C 
06-02-18 at 16:48:49:857 Send 06 
06-02-18 at 16:48:49:872 Send 05 
06-02-18 at 16:48:49:887 Recived 15 
06-02-18 at 16:48:49:887 Send 06 
06-02-18 at 16:48:49:902 Send 02 0A 1E 1E 00 00 00 01 01 00 0F 00 05 
06-02-18 at 16:48:49:917 Recived 06 02 02 1E 00 1C 
06-02-18 at 16:48:49:932 Send 06 
06-02-18 at 16:48:49:947 Send 05 
06-02-18 at 16:48:49:962 Recived 15 
06-02-18 at 16:48:49:962 Send 06 
06-02-18 at 16:48:49:977 Send 02 0A 1E 1E 00 00 00 01 01 00 11 00 1B 
06-02-18 at 16:48:49:992 Recived 06 02 02 1E 00 1C 
06-02-18 at 16:48:50:007 Send 06 
06-02-18 at 16:48:50:022 Send 05 
06-02-18 at 16:48:50:037 Recived 15 
06-02-18 at 16:48:50:037 Send 06 
06-02-18 at 16:48:50:052 Send 02 0A 1E 1E 00 00 00 11 01 00 03 02 1B 
06-02-18 at 16:48:50:067 Recived 06 02 02 1E 00 1C 
06-02-18 at 16:48:50:082 Send 06 
06-02-18 at 16:48:50:097 Send 05 
06-02-18 at 16:48:50:112 Recived 15 
06-02-18 at 16:48:50:112 Send 06 
06-02-18 at 16:48:50:127 Send 02 0A 1E 1E 00 00 00 01 01 00 29 01 22 
06-02-18 at 16:48:50:142 Recived 06 02 02 1E 00 1C 
06-02-18 at 16:48:50:157 Send 06 
06-02-18 at 16:48:50:172 Send 05 
06-02-18 at 16:48:50:187 Recived 15 
06-02-18 at 16:48:50:187 Send 06 
06-02-18 at 16:48:50:202 Send 02 26 1E 1E 00 00 00 04 0C 00 01 20 20 20 20 20 20 20 20 20 20 20 C4 CE C1 D0 CE 20 CF CE C6 C0 CB CE C2 C0 D2 DC 21 00 D5 
06-02-18 at 16:48:50:220 Recived 06 02 02 1E 00 1C 
06-02-18 at 16:48:50:235 Send 06 
06-02-18 at 16:48:50:250 Send 05 
06-02-18 at 16:48:50:265 Recived 15 
06-02-18 at 16:48:50:265 Send 06 
06-02-18 at 16:48:50:280 Send 02 29 1E 1E 00 00 00 04 0D 00 01 20 20 20 20 20 20 20 20 CE CE CE 20 CA EE EC EF E0 ED E8 FF 20 27 CA CE CB CE D0 CB CE CD 27 00 CB 
06-02-18 at 16:48:50:298 Recived 06 02 02 1E 00 1C 
06-02-18 at 16:48:50:313 Send 06 
06-02-18 at 16:48:50:328 Send 05 
06-02-18 at 16:48:50:343 Recived 15 
06-02-18 at 16:48:50:343 Send 06 
06-02-18 at 16:48:50:358 Send 02 2D 1E 1E 00 00 00 04 0E 00 01 20 20 20 20 20 CC E0 E3 E0 E7 E8 ED 20 27 C2 F1 E5 20 F2 EE E2 E0 F0 FB 20 E4 EB FF 20 E4 EE EC E0 27 20 00 DE 
06-02-18 at 16:48:50:376 Recived 06 02 02 1E 00 1C 
06-02-18 at 16:48:50:391 Send 06 
06-02-18 at 16:48:50:498 now clear port error ...
06-02-18 at 16:48:50:498 now write to port ...
06-02-18 at 16:48:50:631 ... done
06-02-18 at 16:48:50:662 Send 05 
06-02-18 at 16:48:50:677 Recived 15 
06-02-18 at 16:48:50:677 Send 06 
06-02-18 at 16:48:50:692 Send 02 06 1A 1E 00 00 00 79 7B 
06-02-18 at 16:48:50:707 Recived 06 02 09 1A 00 1E 00 00 00 00 00 00 0D 
06-02-18 at 16:48:50:722 Send 06 
06-02-18 at 16:48:52:815 Cardreader  Антонов Сергей 
06-02-18 at 16:48:52:825 Send 05 
06-02-18 at 16:48:52:842 Recived 15 
06-02-18 at 16:48:52:842 Send 06 
06-02-18 at 16:48:52:857 Send 02 20 1E 1E 00 00 00 02 1E 00 02 CA E0 F1 F1 E8 F0 20 C0 ED F2 EE ED EE E2 20 D1 E5 F0 E3 E5 E9 20 00 D7 
06-02-18 at 16:48:52:875 Recived 06 02 02 1E 00 1C 
06-02-18 at 16:48:52:890 Send 06 
06-02-18 at 16:48:52:895 now clear port error ...
06-02-18 at 16:48:52:895 now write to port ...
06-02-18 at 16:48:53:028 ... done
06-02-18 at 16:48:53:820 Send 05 
06-02-18 at 16:48:53:835 Recived 15 
06-02-18 at 16:48:53:835 Send 06 
06-02-18 at 16:48:53:850 Send 02 06 FF 39 1E 00 00 00 DE 
06-02-18 at 16:48:53:865 Recived 06 02 10 FF 39 00 00 00 00 00 00 00 00 00 00 00 00 00 00 D6 
06-02-18 at 16:48:53:880 Send 06 
06-02-18 at 16:49:04:905 total calculated
06-02-18 at 16:49:04:905 now show on display
06-02-18 at 16:49:04:906                     Всего:          0.00
06-02-18 at 16:49:04:906 now clear port error ...
06-02-18 at 16:49:04:906 now write to port ...
06-02-18 at 16:49:05:040 ... done
06-02-18 at 16:49:05:040 total calculated
06-02-18 at 16:49:05:040 now show on display
06-02-18 at 16:49:05:041                     Всего:          0.00
06-02-18 at 16:49:05:041 now clear port error ...
06-02-18 at 16:49:05:041 now write to port ...
06-02-18 at 16:49:05:211 ... done
06-02-18 at 16:49:05:213 111
06-02-18 at 16:49:05:214 Выход из программы
06-02-18 at 16:52:23:383 Запуск программы. Инициализация считана из файла
06-02-18 at 16:52:23:384 Платежи по картам восстановлены
06-02-18 at 16:52:23:384 total calculated
06-02-18 at 16:52:23:384 now show on display
06-02-18 at 16:52:23:385                     Всего:          0.00
06-02-18 at 16:52:23:385 now open port for display
06-02-18 at 16:52:23:386 Com port opened
06-02-18 at 16:52:23:386 now clear port error ...
06-02-18 at 16:52:23:386 now write to port ...
06-02-18 at 16:52:23:519 ... done
06-02-18 at 16:52:23:519 Чек сжат
06-02-18 at 16:52:23:520 Сумма чека посчитана
06-02-18 at 16:52:23:520 Кардридер создан
06-02-18 at 16:52:23:520 Задание запуска модулей создано
06-02-18 at 16:52:23:520 Сканер создан
06-02-18 at 16:52:23:520 Регистратор создан
06-02-18 at 16:52:23:521 Часы созданы
06-02-18 at 16:52:23:521 Регистратор запущен
06-02-18 at 16:52:23:521 Сканер запущен
06-02-18 at 16:52:23:522 Часы запущены
06-02-18 at 16:52:23:522 Кардридер запущен
06-02-18 at 16:52:23:522 Передача данных запущена
06-02-18 at 16:52:23:523 Вход в FRInit
06-02-18 at 16:52:23:523 Вход в GetStatus
06-02-18 at 16:52:23:537 Send 05 
06-02-18 at 16:52:23:552 Recived 15 
06-02-18 at 16:52:23:552 Send 06 
06-02-18 at 16:52:23:567 Send 02 05 11 1E 00 00 00 0A 
06-02-18 at 16:52:23:582 Recived 06 02 30 11 00 1E 43 31 1C B3 14 0C 11 01 00 00 B2 02 04 00 00 4E 41 00 00 01 01 10 06 02 12 10 34 18 00 2E 5D 00 00 6C 00 00 00 00 00 D2 E9 1E 42 01 00 12 
06-02-18 at 16:52:23:597 Send 06 
06-02-18 at 16:52:23:598 KKMStatus 0000
06-02-18 at 16:52:23:612 Send 05 
06-02-18 at 16:52:23:627 Recived 15 
06-02-18 at 16:52:23:627 Send 06 
06-02-18 at 16:52:23:642 Send 02 05 11 1E 00 00 00 0A 
06-02-18 at 16:52:23:657 Recived 06 02 30 11 00 1E 43 31 1C B3 14 0C 11 01 00 00 B2 02 04 00 00 4E 41 00 00 01 01 10 06 02 12 10 34 18 00 2E 5D 00 00 6C 00 00 00 00 00 D2 E9 1E 42 01 00 12 
06-02-18 at 16:52:23:672 Send 06 
06-02-18 at 16:52:23:673 KKMStatus 0400
06-02-18 at 16:52:23:673 Номер ФР считан
06-02-18 at 16:52:23:782 СУБД подключена
06-02-18 at 16:52:23:808 Send 05 
06-02-18 at 16:52:23:823 Recived 15 
06-02-18 at 16:52:23:823 Send 06 
06-02-18 at 16:52:23:838 Send 02 0B 1E 1E 00 00 00 06 03 00 01 00 00 0F 
06-02-18 at 16:52:23:853 Recived 06 02 02 1E 00 1C 
06-02-18 at 16:52:23:868 Send 06 
06-02-18 at 16:52:23:883 Send 05 
06-02-18 at 16:52:23:898 Recived 15 
06-02-18 at 16:52:23:898 Send 06 
06-02-18 at 16:52:23:913 Send 02 10 1E 1E 00 00 00 06 03 00 02 CD C4 D1 20 30 25 00 FA 
06-02-18 at 16:52:23:929 Recived 06 02 02 1E 00 1C 
06-02-18 at 16:52:23:944 Send 06 
06-02-18 at 16:52:23:959 Send 05 
06-02-18 at 16:52:23:974 Recived 15 
06-02-18 at 16:52:23:974 Send 06 
06-02-18 at 16:52:23:989 Send 02 0B 1E 1E 00 00 00 06 02 00 01 E8 03 E5 
06-02-18 at 16:52:24:004 Recived 06 02 02 1E 00 1C 
06-02-18 at 16:52:24:019 Send 06 
06-02-18 at 16:52:24:034 Send 05 
06-02-18 at 16:52:24:049 Recived 15 
06-02-18 at 16:52:24:049 Send 06 
06-02-18 at 16:52:24:064 Send 02 10 1E 1E 00 00 00 06 02 00 02 CD C4 D1 20 31 30 25 CA 
06-02-18 at 16:52:24:080 Recived 06 02 02 1E 00 1C 
06-02-18 at 16:52:24:095 Send 06 
06-02-18 at 16:52:24:110 Send 05 
06-02-18 at 16:52:24:125 Recived 15 
06-02-18 at 16:52:24:125 Send 06 
06-02-18 at 16:52:24:140 Send 02 0B 1E 1E 00 00 00 06 01 00 01 08 07 02 
06-02-18 at 16:52:24:155 Recived 06 02 02 1E 00 1C 
06-02-18 at 16:52:24:170 Send 06 
06-02-18 at 16:52:24:185 Send 05 
06-02-18 at 16:52:24:200 Recived 15 
06-02-18 at 16:52:24:200 Send 06 
06-02-18 at 16:52:24:215 Send 02 10 1E 1E 00 00 00 06 01 00 02 CD C4 D1 20 31 38 25 C1 
06-02-18 at 16:52:24:231 Recived 06 02 02 1E 00 1C 
06-02-18 at 16:52:24:246 Send 06 
06-02-18 at 16:52:24:261 Send 05 
06-02-18 at 16:52:24:276 Recived 15 
06-02-18 at 16:52:24:276 Send 06 
06-02-18 at 16:52:24:291 Send 02 0A 1E 1E 00 00 00 01 01 00 01 01 0A 
06-02-18 at 16:52:24:306 Recived 06 02 02 1E 00 1C 
06-02-18 at 16:52:24:321 Send 06 
06-02-18 at 16:52:24:336 Send 05 
06-02-18 at 16:52:24:351 Recived 15 
06-02-18 at 16:52:24:351 Send 06 
06-02-18 at 16:52:24:366 Send 02 0A 1E 1E 00 00 00 01 01 00 05 02 0D 
06-02-18 at 16:52:24:381 Recived 06 02 02 1E 00 1C 
06-02-18 at 16:52:24:396 Send 06 
06-02-18 at 16:52:24:411 Send 05 
06-02-18 at 16:52:24:426 Recived 15 
06-02-18 at 16:52:24:426 Send 06 
06-02-18 at 16:52:24:441 Send 02 0A 1E 1E 00 00 00 01 01 00 23 01 28 
06-02-18 at 16:52:24:456 Recived 06 02 02 1E 00 1C 
06-02-18 at 16:52:24:471 Send 06 
06-02-18 at 16:52:24:486 Send 05 
06-02-18 at 16:52:24:501 Recived 15 
06-02-18 at 16:52:24:501 Send 06 
06-02-18 at 16:52:24:516 Send 02 0A 1E 1E 00 00 00 01 01 00 06 00 0C 
06-02-18 at 16:52:24:531 Recived 06 02 02 1E 00 1C 
06-02-18 at 16:52:24:546 Send 06 
06-02-18 at 16:52:24:561 Send 05 
06-02-18 at 16:52:24:576 Recived 15 
06-02-18 at 16:52:24:576 Send 06 
06-02-18 at 16:52:24:591 Send 02 0A 1E 1E 00 00 00 01 01 00 07 01 0C 
06-02-18 at 16:52:24:606 Recived 06 02 02 1E 00 1C 
06-02-18 at 16:52:24:621 Send 06 
06-02-18 at 16:52:24:636 Send 05 
06-02-18 at 16:52:24:651 Recived 15 
06-02-18 at 16:52:24:651 Send 06 
06-02-18 at 16:52:24:666 Send 02 0A 1E 1E 00 00 00 01 01 00 14 01 1F 
06-02-18 at 16:52:24:681 Recived 06 02 02 1E 00 1C 
06-02-18 at 16:52:24:696 Send 06 
06-02-18 at 16:52:24:711 Send 05 
06-02-18 at 16:52:24:726 Recived 15 
06-02-18 at 16:52:24:726 Send 06 
06-02-18 at 16:52:24:741 Send 02 0A 1E 1E 00 00 00 01 01 00 15 01 1E 
06-02-18 at 16:52:24:756 Recived 06 02 02 1E 00 1C 
06-02-18 at 16:52:24:771 Send 06 
06-02-18 at 16:52:24:786 Send 05 
06-02-18 at 16:52:24:801 Recived 15 
06-02-18 at 16:52:24:801 Send 06 
06-02-18 at 16:52:24:816 Send 02 0A 1E 1E 00 00 00 01 01 00 0F 00 05 
06-02-18 at 16:52:24:831 Recived 06 02 02 1E 00 1C 
06-02-18 at 16:52:24:846 Send 06 
06-02-18 at 16:52:24:861 Send 05 
06-02-18 at 16:52:24:876 Recived 15 
06-02-18 at 16:52:24:876 Send 06 
06-02-18 at 16:52:24:891 Send 02 0A 1E 1E 00 00 00 01 01 00 11 00 1B 
06-02-18 at 16:52:24:906 Recived 06 02 02 1E 00 1C 
06-02-18 at 16:52:24:921 Send 06 
06-02-18 at 16:52:24:936 Send 05 
06-02-18 at 16:52:24:951 Recived 15 
06-02-18 at 16:52:24:951 Send 06 
06-02-18 at 16:52:24:966 Send 02 0A 1E 1E 00 00 00 11 01 00 03 02 1B 
06-02-18 at 16:52:24:981 Recived 06 02 02 1E 00 1C 
06-02-18 at 16:52:24:996 Send 06 
06-02-18 at 16:52:25:011 Send 05 
06-02-18 at 16:52:25:026 Recived 15 
06-02-18 at 16:52:25:026 Send 06 
06-02-18 at 16:52:25:041 Send 02 0A 1E 1E 00 00 00 01 01 00 29 01 22 
06-02-18 at 16:52:25:056 Recived 06 02 02 1E 00 1C 
06-02-18 at 16:52:25:071 Send 06 
06-02-18 at 16:52:25:086 Send 05 
06-02-18 at 16:52:25:101 Recived 15 
06-02-18 at 16:52:25:101 Send 06 
06-02-18 at 16:52:25:116 Send 02 26 1E 1E 00 00 00 04 0C 00 01 20 20 20 20 20 20 20 20 20 20 20 C4 CE C1 D0 CE 20 CF CE C6 C0 CB CE C2 C0 D2 DC 21 00 D5 
06-02-18 at 16:52:25:134 Recived 06 02 02 1E 00 1C 
06-02-18 at 16:52:25:149 Send 06 
06-02-18 at 16:52:25:164 Send 05 
06-02-18 at 16:52:25:179 Recived 15 
06-02-18 at 16:52:25:179 Send 06 
06-02-18 at 16:52:25:194 Send 02 29 1E 1E 00 00 00 04 0D 00 01 20 20 20 20 20 20 20 20 CE CE CE 20 CA EE EC EF E0 ED E8 FF 20 27 CA CE CB CE D0 CB CE CD 27 00 CB 
06-02-18 at 16:52:25:212 Recived 06 02 02 1E 00 1C 
06-02-18 at 16:52:25:227 Send 06 
06-02-18 at 16:52:25:242 Send 05 
06-02-18 at 16:52:25:257 Recived 15 
06-02-18 at 16:52:25:257 Send 06 
06-02-18 at 16:52:25:272 Send 02 2D 1E 1E 00 00 00 04 0E 00 01 20 20 20 20 20 CC E0 E3 E0 E7 E8 ED 20 27 C2 F1 E5 20 F2 EE E2 E0 F0 FB 20 E4 EB FF 20 E4 EE EC E0 27 20 00 DE 
06-02-18 at 16:52:25:290 Recived 06 02 02 1E 00 1C 
06-02-18 at 16:52:25:305 Send 06 
06-02-18 at 16:52:25:413 now clear port error ...
06-02-18 at 16:52:25:414 now write to port ...
06-02-18 at 16:52:25:547 ... done
06-02-18 at 16:52:25:575 Send 05 
06-02-18 at 16:52:25:590 Recived 15 
06-02-18 at 16:52:25:590 Send 06 
06-02-18 at 16:52:25:605 Send 02 06 1A 1E 00 00 00 79 7B 
06-02-18 at 16:52:25:620 Recived 06 02 09 1A 00 1E 00 00 00 00 00 00 0D 
06-02-18 at 16:52:25:635 Send 06 
06-02-18 at 16:52:27:731 Cardreader  Антонов Сергей 
06-02-18 at 16:52:27:735 Send 05 
06-02-18 at 16:52:27:750 Recived 15 
06-02-18 at 16:52:27:752 Send 06 
06-02-18 at 16:52:27:767 Send 02 20 1E 1E 00 00 00 02 1E 00 02 CA E0 F1 F1 E8 F0 20 C0 ED F2 EE ED EE E2 20 D1 E5 F0 E3 E5 E9 20 00 D7 
06-02-18 at 16:52:27:785 Recived 06 02 02 1E 00 1C 
06-02-18 at 16:52:27:800 Send 06 
06-02-18 at 16:52:27:807 now clear port error ...
06-02-18 at 16:52:27:807 now write to port ...
06-02-18 at 16:52:27:940 ... done
06-02-18 at 16:52:28:730 Send 05 
06-02-18 at 16:52:28:745 Recived 15 
06-02-18 at 16:52:28:745 Send 06 
06-02-18 at 16:52:28:760 Send 02 06 FF 39 1E 00 00 00 DE 
06-02-18 at 16:52:28:775 Recived 06 02 10 FF 39 00 00 00 00 00 00 00 00 00 00 00 00 00 00 D6 
06-02-18 at 16:52:28:790 Send 06 
06-02-18 at 16:52:35:788 total calculated
06-02-18 at 16:52:35:788 now show on display
06-02-18 at 16:52:35:788                     Всего:          0.00
06-02-18 at 16:52:35:789 now clear port error ...
06-02-18 at 16:52:35:789 now write to port ...
06-02-18 at 16:52:35:923 ... done
06-02-18 at 16:52:35:923 total calculated
06-02-18 at 16:52:35:923 now show on display
06-02-18 at 16:52:35:924                     Всего:          0.00
06-02-18 at 16:52:35:924 now clear port error ...
06-02-18 at 16:52:35:924 now write to port ...
06-02-18 at 16:52:36:094 ... done
06-02-18 at 16:52:36:096 111
06-02-18 at 16:52:36:097 Выход из программы
06-02-18 at 16:53:04:165 Запуск программы. Инициализация считана из файла
06-02-18 at 16:53:04:166 Платежи по картам восстановлены
06-02-18 at 16:53:04:166 total calculated
06-02-18 at 16:53:04:166 now show on display
06-02-18 at 16:53:04:166                     Всего:          0.00
06-02-18 at 16:53:04:166 now open port for display
06-02-18 at 16:53:04:167 Com port opened
06-02-18 at 16:53:04:168 now clear port error ...
06-02-18 at 16:53:04:168 now write to port ...
06-02-18 at 16:53:04:301 ... done
06-02-18 at 16:53:04:301 Чек сжат
06-02-18 at 16:53:04:301 Сумма чека посчитана
06-02-18 at 16:53:04:302 Кардридер создан
06-02-18 at 16:53:04:302 Задание запуска модулей создано
06-02-18 at 16:53:04:302 Сканер создан
06-02-18 at 16:53:04:303 Регистратор создан
06-02-18 at 16:53:04:303 Часы созданы
06-02-18 at 16:53:04:303 Регистратор запущен
06-02-18 at 16:53:04:303 Сканер запущен
06-02-18 at 16:53:04:303 Часы запущены
06-02-18 at 16:53:04:304 Кардридер запущен
06-02-18 at 16:53:04:304 Передача данных запущена
06-02-18 at 16:53:04:305 Вход в FRInit
06-02-18 at 16:53:04:305 Вход в GetStatus
06-02-18 at 16:53:04:319 Send 05 
06-02-18 at 16:53:04:334 Recived 15 
06-02-18 at 16:53:04:334 Send 06 
06-02-18 at 16:53:04:349 Send 02 05 11 1E 00 00 00 0A 
06-02-18 at 16:53:04:364 Recived 06 02 30 11 00 1E 43 31 1C B3 14 0C 11 01 00 00 B2 02 04 00 00 4E 41 00 00 01 01 10 06 02 12 10 35 05 00 2E 5D 00 00 6C 00 00 00 00 00 D2 E9 1E 42 01 00 0E 
06-02-18 at 16:53:04:379 Send 06 
06-02-18 at 16:53:04:380 KKMStatus 0000
06-02-18 at 16:53:04:394 Send 05 
06-02-18 at 16:53:04:409 Recived 15 
06-02-18 at 16:53:04:409 Send 06 
06-02-18 at 16:53:04:424 Send 02 05 11 1E 00 00 00 0A 
06-02-18 at 16:53:04:439 Recived 06 02 30 11 00 1E 43 31 1C B3 14 0C 11 01 00 00 B2 02 04 00 00 4E 41 00 00 01 01 10 06 02 12 10 35 05 00 2E 5D 00 00 6C 00 00 00 00 00 D2 E9 1E 42 01 00 0E 
06-02-18 at 16:53:04:454 Send 06 
06-02-18 at 16:53:04:455 KKMStatus 0400
06-02-18 at 16:53:04:455 Номер ФР считан
06-02-18 at 16:53:04:564 СУБД подключена
06-02-18 at 16:53:04:589 Send 05 
06-02-18 at 16:53:04:604 Recived 15 
06-02-18 at 16:53:04:604 Send 06 
06-02-18 at 16:53:04:619 Send 02 0B 1E 1E 00 00 00 06 03 00 01 00 00 0F 
06-02-18 at 16:53:04:634 Recived 06 02 02 1E 00 1C 
06-02-18 at 16:53:04:649 Send 06 
06-02-18 at 16:53:04:664 Send 05 
06-02-18 at 16:53:04:679 Recived 15 
06-02-18 at 16:53:04:679 Send 06 
06-02-18 at 16:53:04:694 Send 02 10 1E 1E 00 00 00 06 03 00 02 CD C4 D1 20 30 25 00 FA 
06-02-18 at 16:53:04:710 Recived 06 02 02 1E 00 1C 
06-02-18 at 16:53:04:725 Send 06 
06-02-18 at 16:53:04:740 Send 05 
06-02-18 at 16:53:04:755 Recived 15 
06-02-18 at 16:53:04:755 Send 06 
06-02-18 at 16:53:04:770 Send 02 0B 1E 1E 00 00 00 06 02 00 01 E8 03 E5 
06-02-18 at 16:53:04:785 Recived 06 02 02 1E 00 1C 
06-02-18 at 16:53:04:800 Send 06 
06-02-18 at 16:53:04:815 Send 05 
06-02-18 at 16:53:04:830 Recived 15 
06-02-18 at 16:53:04:830 Send 06 
06-02-18 at 16:53:04:845 Send 02 10 1E 1E 00 00 00 06 02 00 02 CD C4 D1 20 31 30 25 CA 
06-02-18 at 16:53:04:861 Recived 06 02 02 1E 00 1C 
06-02-18 at 16:53:04:876 Send 06 
06-02-18 at 16:53:04:891 Send 05 
06-02-18 at 16:53:04:906 Recived 15 
06-02-18 at 16:53:04:906 Send 06 
06-02-18 at 16:53:04:921 Send 02 0B 1E 1E 00 00 00 06 01 00 01 08 07 02 
06-02-18 at 16:53:04:936 Recived 06 02 02 1E 00 1C 
06-02-18 at 16:53:04:951 Send 06 
06-02-18 at 16:53:04:966 Send 05 
06-02-18 at 16:53:04:981 Recived 15 
06-02-18 at 16:53:04:981 Send 06 
06-02-18 at 16:53:04:996 Send 02 10 1E 1E 00 00 00 06 01 00 02 CD C4 D1 20 31 38 25 C1 
06-02-18 at 16:53:05:012 Recived 06 02 02 1E 00 1C 
06-02-18 at 16:53:05:027 Send 06 
06-02-18 at 16:53:05:042 Send 05 
06-02-18 at 16:53:05:057 Recived 15 
06-02-18 at 16:53:05:057 Send 06 
06-02-18 at 16:53:05:072 Send 02 0A 1E 1E 00 00 00 01 01 00 01 01 0A 
06-02-18 at 16:53:05:087 Recived 06 02 02 1E 00 1C 
06-02-18 at 16:53:05:102 Send 06 
06-02-18 at 16:53:05:117 Send 05 
06-02-18 at 16:53:05:132 Recived 15 
06-02-18 at 16:53:05:132 Send 06 
06-02-18 at 16:53:05:147 Send 02 0A 1E 1E 00 00 00 01 01 00 05 02 0D 
06-02-18 at 16:53:05:162 Recived 06 02 02 1E 00 1C 
06-02-18 at 16:53:05:177 Send 06 
06-02-18 at 16:53:05:192 Send 05 
06-02-18 at 16:53:05:207 Recived 15 
06-02-18 at 16:53:05:207 Send 06 
06-02-18 at 16:53:05:222 Send 02 0A 1E 1E 00 00 00 01 01 00 23 01 28 
06-02-18 at 16:53:05:237 Recived 06 02 02 1E 00 1C 
06-02-18 at 16:53:05:252 Send 06 
06-02-18 at 16:53:05:267 Send 05 
06-02-18 at 16:53:05:282 Recived 15 
06-02-18 at 16:53:05:282 Send 06 
06-02-18 at 16:53:05:297 Send 02 0A 1E 1E 00 00 00 01 01 00 06 00 0C 
06-02-18 at 16:53:05:312 Recived 06 02 02 1E 00 1C 
06-02-18 at 16:53:05:327 Send 06 
06-02-18 at 16:53:05:342 Send 05 
06-02-18 at 16:53:05:357 Recived 15 
06-02-18 at 16:53:05:357 Send 06 
06-02-18 at 16:53:05:372 Send 02 0A 1E 1E 00 00 00 01 01 00 07 01 0C 
06-02-18 at 16:53:05:387 Recived 06 02 02 1E 00 1C 
06-02-18 at 16:53:05:402 Send 06 
06-02-18 at 16:53:05:417 Send 05 
06-02-18 at 16:53:05:432 Recived 15 
06-02-18 at 16:53:05:432 Send 06 
06-02-18 at 16:53:05:447 Send 02 0A 1E 1E 00 00 00 01 01 00 14 01 1F 
06-02-18 at 16:53:05:462 Recived 06 02 02 1E 00 1C 
06-02-18 at 16:53:05:477 Send 06 
06-02-18 at 16:53:05:492 Send 05 
06-02-18 at 16:53:05:507 Recived 15 
06-02-18 at 16:53:05:507 Send 06 
06-02-18 at 16:53:05:522 Send 02 0A 1E 1E 00 00 00 01 01 00 15 01 1E 
06-02-18 at 16:53:05:537 Recived 06 02 02 1E 00 1C 
06-02-18 at 16:53:05:552 Send 06 
06-02-18 at 16:53:05:567 Send 05 
06-02-18 at 16:53:05:582 Recived 15 
06-02-18 at 16:53:05:582 Send 06 
06-02-18 at 16:53:05:597 Send 02 0A 1E 1E 00 00 00 01 01 00 0F 00 05 
06-02-18 at 16:53:05:612 Recived 06 02 02 1E 00 1C 
06-02-18 at 16:53:05:627 Send 06 
06-02-18 at 16:53:05:642 Send 05 
06-02-18 at 16:53:05:657 Recived 15 
06-02-18 at 16:53:05:657 Send 06 
06-02-18 at 16:53:05:672 Send 02 0A 1E 1E 00 00 00 01 01 00 11 00 1B 
06-02-18 at 16:53:05:687 Recived 06 02 02 1E 00 1C 
06-02-18 at 16:53:05:702 Send 06 
06-02-18 at 16:53:05:717 Send 05 
06-02-18 at 16:53:05:732 Recived 15 
06-02-18 at 16:53:05:732 Send 06 
06-02-18 at 16:53:05:747 Send 02 0A 1E 1E 00 00 00 11 01 00 03 02 1B 
06-02-18 at 16:53:05:762 Recived 06 02 02 1E 00 1C 
06-02-18 at 16:53:05:777 Send 06 
06-02-18 at 16:53:05:792 Send 05 
06-02-18 at 16:53:05:807 Recived 15 
06-02-18 at 16:53:05:807 Send 06 
06-02-18 at 16:53:05:822 Send 02 0A 1E 1E 00 00 00 01 01 00 29 01 22 
06-02-18 at 16:53:05:837 Recived 06 02 02 1E 00 1C 
06-02-18 at 16:53:05:852 Send 06 
06-02-18 at 16:53:05:867 Send 05 
06-02-18 at 16:53:05:882 Recived 15 
06-02-18 at 16:53:05:882 Send 06 
06-02-18 at 16:53:05:897 Send 02 26 1E 1E 00 00 00 04 0C 00 01 20 20 20 20 20 20 20 20 20 20 20 C4 CE C1 D0 CE 20 CF CE C6 C0 CB CE C2 C0 D2 DC 21 00 D5 
06-02-18 at 16:53:05:915 Recived 06 02 02 1E 00 1C 
06-02-18 at 16:53:05:930 Send 06 
06-02-18 at 16:53:05:945 Send 05 
06-02-18 at 16:53:05:960 Recived 15 
06-02-18 at 16:53:05:960 Send 06 
06-02-18 at 16:53:05:975 Send 02 29 1E 1E 00 00 00 04 0D 00 01 20 20 20 20 20 20 20 20 CE CE CE 20 CA EE EC EF E0 ED E8 FF 20 27 CA CE CB CE D0 CB CE CD 27 00 CB 
06-02-18 at 16:53:05:993 Recived 06 02 02 1E 00 1C 
06-02-18 at 16:53:06:008 Send 06 
06-02-18 at 16:53:06:023 Send 05 
06-02-18 at 16:53:06:038 Recived 15 
06-02-18 at 16:53:06:038 Send 06 
06-02-18 at 16:53:06:053 Send 02 2D 1E 1E 00 00 00 04 0E 00 01 20 20 20 20 20 CC E0 E3 E0 E7 E8 ED 20 27 C2 F1 E5 20 F2 EE E2 E0 F0 FB 20 E4 EB FF 20 E4 EE EC E0 27 20 00 DE 
06-02-18 at 16:53:06:071 Recived 06 02 02 1E 00 1C 
06-02-18 at 16:53:06:086 Send 06 
06-02-18 at 16:53:06:198 now clear port error ...
06-02-18 at 16:53:06:198 now write to port ...
06-02-18 at 16:53:06:332 ... done
06-02-18 at 16:53:06:356 Send 05 
06-02-18 at 16:53:06:371 Recived 15 
06-02-18 at 16:53:06:371 Send 06 
06-02-18 at 16:53:06:386 Send 02 06 1A 1E 00 00 00 79 7B 
06-02-18 at 16:53:06:401 Recived 06 02 09 1A 00 1E 00 00 00 00 00 00 0D 
06-02-18 at 16:53:06:416 Send 06 
06-02-18 at 16:53:08:497 Cardreader  Антонов Сергей 
06-02-18 at 16:53:08:501 Send 05 
06-02-18 at 16:53:08:517 Recived 15 
06-02-18 at 16:53:08:517 Send 06 
06-02-18 at 16:53:08:532 Send 02 20 1E 1E 00 00 00 02 1E 00 02 CA E0 F1 F1 E8 F0 20 C0 ED F2 EE ED EE E2 20 D1 E5 F0 E3 E5 E9 20 00 D7 
06-02-18 at 16:53:08:550 Recived 06 02 02 1E 00 1C 
06-02-18 at 16:53:08:565 Send 06 
06-02-18 at 16:53:08:572 now clear port error ...
06-02-18 at 16:53:08:572 now write to port ...
06-02-18 at 16:53:08:705 ... done
06-02-18 at 16:53:09:510 Send 05 
06-02-18 at 16:53:09:525 Recived 15 
06-02-18 at 16:53:09:525 Send 06 
06-02-18 at 16:53:09:540 Send 02 06 FF 39 1E 00 00 00 DE 
06-02-18 at 16:53:09:555 Recived 06 02 10 FF 39 00 00 00 00 00 00 00 00 00 00 00 00 00 00 D6 
06-02-18 at 16:53:09:570 Send 06 
06-02-18 at 16:53:26:791  Нажата клавиша F10.
06-02-18 at 16:53:26:792 114
06-02-18 at 16:53:26:792 014
06-02-18 at 16:53:29:192  Нажата клавиша F10.
06-02-18 at 16:53:29:192 114
06-02-18 at 16:53:29:192 014
06-02-18 at 16:53:38:111 total calculated
06-02-18 at 16:53:38:112 now show on display
06-02-18 at 16:53:38:112                     Всего:          0.00
06-02-18 at 16:53:38:112 now clear port error ...
06-02-18 at 16:53:38:112 now write to port ...
06-02-18 at 16:53:38:246 ... done
06-02-18 at 16:53:38:246 total calculated
06-02-18 at 16:53:38:247 now show on display
06-02-18 at 16:53:38:247                     Всего:          0.00
06-02-18 at 16:53:38:247 now clear port error ...
06-02-18 at 16:53:38:247 now write to port ...
06-02-18 at 16:53:38:418 ... done
06-02-18 at 16:53:38:419 111
06-02-18 at 16:53:38:420 Выход из программы
06-02-18 at 16:56:34:101 Запуск программы. Инициализация считана из файла
06-02-18 at 16:56:34:102 Платежи по картам восстановлены
06-02-18 at 16:56:34:102 total calculated
06-02-18 at 16:56:34:102 now show on display
06-02-18 at 16:56:34:103                     Всего:          0.00
06-02-18 at 16:56:34:103 now open port for display
06-02-18 at 16:56:34:103 Com port opened
06-02-18 at 16:56:34:104 now clear port error ...
06-02-18 at 16:56:34:104 now write to port ...
06-02-18 at 16:56:34:237 ... done
06-02-18 at 16:56:34:237 Чек сжат
06-02-18 at 16:56:34:238 Сумма чека посчитана
06-02-18 at 16:56:34:238 Кардридер создан
06-02-18 at 16:56:34:238 Задание запуска модулей создано
06-02-18 at 16:56:34:238 Сканер создан
06-02-18 at 16:56:34:238 Регистратор создан
06-02-18 at 16:56:34:239 Часы созданы
06-02-18 at 16:56:34:239 Регистратор запущен
06-02-18 at 16:56:34:239 Сканер запущен
06-02-18 at 16:56:34:240 Часы запущены
06-02-18 at 16:56:34:240 Кардридер запущен
06-02-18 at 16:56:34:241 Передача данных запущена
06-02-18 at 16:56:34:241 Вход в FRInit
06-02-18 at 16:56:34:241 Вход в GetStatus
06-02-18 at 16:56:34:255 Send 05 
06-02-18 at 16:56:34:270 Recived 15 
06-02-18 at 16:56:34:270 Send 06 
06-02-18 at 16:56:34:285 Send 02 05 11 1E 00 00 00 0A 
06-02-18 at 16:56:34:300 Recived 06 02 30 11 00 1E 43 31 1C B3 14 0C 11 01 00 00 B2 02 04 00 00 4E 41 00 00 01 01 10 06 02 12 10 38 23 00 2E 5D 00 00 6C 00 00 00 00 00 D2 E9 1E 42 01 00 25 
06-02-18 at 16:56:34:315 Send 06 
06-02-18 at 16:56:34:316 KKMStatus 0000
06-02-18 at 16:56:34:330 Send 05 
06-02-18 at 16:56:34:345 Recived 15 
06-02-18 at 16:56:34:345 Send 06 
06-02-18 at 16:56:34:360 Send 02 05 11 1E 00 00 00 0A 
06-02-18 at 16:56:34:375 Recived 06 02 30 11 00 1E 43 31 1C B3 14 0C 11 01 00 00 B2 02 04 00 00 4E 41 00 00 01 01 10 06 02 12 10 38 23 00 2E 5D 00 00 6C 00 00 00 00 00 D2 E9 1E 42 01 00 25 
06-02-18 at 16:56:34:390 Send 06 
06-02-18 at 16:56:34:391 KKMStatus 0400
06-02-18 at 16:56:34:391 Номер ФР считан
06-02-18 at 16:56:34:506 СУБД подключена
06-02-18 at 16:56:34:525 Send 05 
06-02-18 at 16:56:34:540 Recived 15 
06-02-18 at 16:56:34:540 Send 06 
06-02-18 at 16:56:34:555 Send 02 0B 1E 1E 00 00 00 06 03 00 01 00 00 0F 
06-02-18 at 16:56:34:570 Recived 06 02 02 1E 00 1C 
06-02-18 at 16:56:34:585 Send 06 
06-02-18 at 16:56:34:600 Send 05 
06-02-18 at 16:56:34:615 Recived 15 
06-02-18 at 16:56:34:615 Send 06 
06-02-18 at 16:56:34:630 Send 02 10 1E 1E 00 00 00 06 03 00 02 CD C4 D1 20 30 25 00 FA 
06-02-18 at 16:56:34:646 Recived 06 02 02 1E 00 1C 
06-02-18 at 16:56:34:661 Send 06 
06-02-18 at 16:56:34:676 Send 05 
06-02-18 at 16:56:34:691 Recived 15 
06-02-18 at 16:56:34:691 Send 06 
06-02-18 at 16:56:34:706 Send 02 0B 1E 1E 00 00 00 06 02 00 01 E8 03 E5 
06-02-18 at 16:56:34:721 Recived 06 02 02 1E 00 1C 
06-02-18 at 16:56:34:736 Send 06 
06-02-18 at 16:56:34:751 Send 05 
06-02-18 at 16:56:34:766 Recived 15 
06-02-18 at 16:56:34:766 Send 06 
06-02-18 at 16:56:34:781 Send 02 10 1E 1E 00 00 00 06 02 00 02 CD C4 D1 20 31 30 25 CA 
06-02-18 at 16:56:34:797 Recived 06 02 02 1E 00 1C 
06-02-18 at 16:56:34:812 Send 06 
06-02-18 at 16:56:34:827 Send 05 
06-02-18 at 16:56:34:842 Recived 15 
06-02-18 at 16:56:34:842 Send 06 
06-02-18 at 16:56:34:857 Send 02 0B 1E 1E 00 00 00 06 01 00 01 08 07 02 
06-02-18 at 16:56:34:872 Recived 06 02 02 1E 00 1C 
06-02-18 at 16:56:34:887 Send 06 
06-02-18 at 16:56:34:902 Send 05 
06-02-18 at 16:56:34:917 Recived 15 
06-02-18 at 16:56:34:917 Send 06 
06-02-18 at 16:56:34:932 Send 02 10 1E 1E 00 00 00 06 01 00 02 CD C4 D1 20 31 38 25 C1 
06-02-18 at 16:56:34:948 Recived 06 02 02 1E 00 1C 
06-02-18 at 16:56:34:963 Send 06 
06-02-18 at 16:56:34:978 Send 05 
06-02-18 at 16:56:34:993 Recived 15 
06-02-18 at 16:56:34:993 Send 06 
06-02-18 at 16:56:35:008 Send 02 0A 1E 1E 00 00 00 01 01 00 01 01 0A 
06-02-18 at 16:56:35:023 Recived 06 02 02 1E 00 1C 
06-02-18 at 16:56:35:038 Send 06 
06-02-18 at 16:56:35:053 Send 05 
06-02-18 at 16:56:35:068 Recived 15 
06-02-18 at 16:56:35:068 Send 06 
06-02-18 at 16:56:35:083 Send 02 0A 1E 1E 00 00 00 01 01 00 05 02 0D 
06-02-18 at 16:56:35:098 Recived 06 02 02 1E 00 1C 
06-02-18 at 16:56:35:113 Send 06 
06-02-18 at 16:56:35:128 Send 05 
06-02-18 at 16:56:35:143 Recived 15 
06-02-18 at 16:56:35:143 Send 06 
06-02-18 at 16:56:35:158 Send 02 0A 1E 1E 00 00 00 01 01 00 23 01 28 
06-02-18 at 16:56:35:173 Recived 06 02 02 1E 00 1C 
06-02-18 at 16:56:35:188 Send 06 
06-02-18 at 16:56:35:203 Send 05 
06-02-18 at 16:56:35:218 Recived 15 
06-02-18 at 16:56:35:218 Send 06 
06-02-18 at 16:56:35:233 Send 02 0A 1E 1E 00 00 00 01 01 00 06 00 0C 
06-02-18 at 16:56:35:248 Recived 06 02 02 1E 00 1C 
06-02-18 at 16:56:35:263 Send 06 
06-02-18 at 16:56:35:278 Send 05 
06-02-18 at 16:56:35:293 Recived 15 
06-02-18 at 16:56:35:293 Send 06 
06-02-18 at 16:56:35:308 Send 02 0A 1E 1E 00 00 00 01 01 00 07 01 0C 
06-02-18 at 16:56:35:323 Recived 06 02 02 1E 00 1C 
06-02-18 at 16:56:35:338 Send 06 
06-02-18 at 16:56:35:353 Send 05 
06-02-18 at 16:56:35:368 Recived 15 
06-02-18 at 16:56:35:368 Send 06 
06-02-18 at 16:56:35:383 Send 02 0A 1E 1E 00 00 00 01 01 00 14 01 1F 
06-02-18 at 16:56:35:398 Recived 06 02 02 1E 00 1C 
06-02-18 at 16:56:35:413 Send 06 
06-02-18 at 16:56:35:428 Send 05 
06-02-18 at 16:56:35:443 Recived 15 
06-02-18 at 16:56:35:443 Send 06 
06-02-18 at 16:56:35:458 Send 02 0A 1E 1E 00 00 00 01 01 00 15 01 1E 
06-02-18 at 16:56:35:473 Recived 06 02 02 1E 00 1C 
06-02-18 at 16:56:35:488 Send 06 
06-02-18 at 16:56:35:503 Send 05 
06-02-18 at 16:56:35:518 Recived 15 
06-02-18 at 16:56:35:518 Send 06 
06-02-18 at 16:56:35:533 Send 02 0A 1E 1E 00 00 00 01 01 00 0F 00 05 
06-02-18 at 16:56:35:548 Recived 06 02 02 1E 00 1C 
06-02-18 at 16:56:35:563 Send 06 
06-02-18 at 16:56:35:578 Send 05 
06-02-18 at 16:56:35:593 Recived 15 
06-02-18 at 16:56:35:593 Send 06 
06-02-18 at 16:56:35:608 Send 02 0A 1E 1E 00 00 00 01 01 00 11 00 1B 
06-02-18 at 16:56:35:623 Recived 06 02 02 1E 00 1C 
06-02-18 at 16:56:35:638 Send 06 
06-02-18 at 16:56:35:653 Send 05 
06-02-18 at 16:56:35:668 Recived 15 
06-02-18 at 16:56:35:668 Send 06 
06-02-18 at 16:56:35:683 Send 02 0A 1E 1E 00 00 00 11 01 00 03 02 1B 
06-02-18 at 16:56:35:698 Recived 06 02 02 1E 00 1C 
06-02-18 at 16:56:35:713 Send 06 
06-02-18 at 16:56:35:728 Send 05 
06-02-18 at 16:56:35:743 Recived 15 
06-02-18 at 16:56:35:743 Send 06 
06-02-18 at 16:56:35:758 Send 02 0A 1E 1E 00 00 00 01 01 00 29 01 22 
06-02-18 at 16:56:35:773 Recived 06 02 02 1E 00 1C 
06-02-18 at 16:56:35:788 Send 06 
06-02-18 at 16:56:35:803 Send 05 
06-02-18 at 16:56:35:818 Recived 15 
06-02-18 at 16:56:35:818 Send 06 
06-02-18 at 16:56:35:833 Send 02 26 1E 1E 00 00 00 04 0C 00 01 20 20 20 20 20 20 20 20 20 20 20 C4 CE C1 D0 CE 20 CF CE C6 C0 CB CE C2 C0 D2 DC 21 00 D5 
06-02-18 at 16:56:35:851 Recived 06 02 02 1E 00 1C 
06-02-18 at 16:56:35:866 Send 06 
06-02-18 at 16:56:35:881 Send 05 
06-02-18 at 16:56:35:896 Recived 15 
06-02-18 at 16:56:35:896 Send 06 
06-02-18 at 16:56:35:911 Send 02 29 1E 1E 00 00 00 04 0D 00 01 20 20 20 20 20 20 20 20 CE CE CE 20 CA EE EC EF E0 ED E8 FF 20 27 CA CE CB CE D0 CB CE CD 27 00 CB 
06-02-18 at 16:56:35:929 Recived 06 02 02 1E 00 1C 
06-02-18 at 16:56:35:944 Send 06 
06-02-18 at 16:56:35:959 Send 05 
06-02-18 at 16:56:35:974 Recived 15 
06-02-18 at 16:56:35:974 Send 06 
06-02-18 at 16:56:35:989 Send 02 2D 1E 1E 00 00 00 04 0E 00 01 20 20 20 20 20 CC E0 E3 E0 E7 E8 ED 20 27 C2 F1 E5 20 F2 EE E2 E0 F0 FB 20 E4 EB FF 20 E4 EE EC E0 27 20 00 DE 
06-02-18 at 16:56:36:007 Recived 06 02 02 1E 00 1C 
06-02-18 at 16:56:36:022 Send 06 
06-02-18 at 16:56:36:130 now clear port error ...
06-02-18 at 16:56:36:130 now write to port ...
06-02-18 at 16:56:36:264 ... done
06-02-18 at 16:56:36:293 Send 05 
06-02-18 at 16:56:36:308 Recived 15 
06-02-18 at 16:56:36:308 Send 06 
06-02-18 at 16:56:36:323 Send 02 06 1A 1E 00 00 00 79 7B 
06-02-18 at 16:56:36:338 Recived 06 02 09 1A 00 1E 00 00 00 00 00 00 0D 
06-02-18 at 16:56:36:353 Send 06 
06-02-18 at 16:56:38:439 Cardreader  Антонов Сергей 
06-02-18 at 16:56:38:454 Send 05 
06-02-18 at 16:56:38:469 Recived 15 
06-02-18 at 16:56:38:469 Send 06 
06-02-18 at 16:56:38:484 Send 02 20 1E 1E 00 00 00 02 1E 00 02 CA E0 F1 F1 E8 F0 20 C0 ED F2 EE ED EE E2 20 D1 E5 F0 E3 E5 E9 20 00 D7 
06-02-18 at 16:56:38:502 Recived 06 02 02 1E 00 1C 
06-02-18 at 16:56:38:517 Send 06 
06-02-18 at 16:56:38:524 now clear port error ...
06-02-18 at 16:56:38:524 now write to port ...
06-02-18 at 16:56:38:658 ... done
06-02-18 at 16:56:39:447 Send 05 
06-02-18 at 16:56:39:462 Recived 15 
06-02-18 at 16:56:39:462 Send 06 
06-02-18 at 16:56:39:477 Send 02 06 FF 39 1E 00 00 00 DE 
06-02-18 at 16:56:39:492 Recived 06 02 10 FF 39 00 00 00 00 00 00 00 00 00 00 00 00 00 00 D6 
06-02-18 at 16:56:39:507 Send 06 
06-02-18 at 16:56:54:490 total calculated
06-02-18 at 16:56:54:490 now show on display
06-02-18 at 16:56:54:491                     Всего:          0.00
06-02-18 at 16:56:54:491 now clear port error ...
06-02-18 at 16:56:54:491 now write to port ...
06-02-18 at 16:56:54:625 ... done
06-02-18 at 16:56:54:625 total calculated
06-02-18 at 16:56:54:625 now show on display
06-02-18 at 16:56:54:626                     Всего:          0.00
06-02-18 at 16:56:54:626 now clear port error ...
06-02-18 at 16:56:54:626 now write to port ...
06-02-18 at 16:56:54:796 ... done
06-02-18 at 16:56:54:798 111
06-02-18 at 16:56:54:799 Выход из программы
06-02-18 at 16:57:09:813 Запуск программы. Инициализация считана из файла
06-02-18 at 16:57:09:814 Платежи по картам восстановлены
06-02-18 at 16:57:09:814 total calculated
06-02-18 at 16:57:09:814 now show on display
06-02-18 at 16:57:09:814                     Всего:          0.00
06-02-18 at 16:57:09:815 now open port for display
06-02-18 at 16:57:09:815 Com port opened
06-02-18 at 16:57:09:816 now clear port error ...
06-02-18 at 16:57:09:816 now write to port ...
06-02-18 at 16:57:09:949 ... done
06-02-18 at 16:57:09:949 Чек сжат
06-02-18 at 16:57:09:950 Сумма чека посчитана
06-02-18 at 16:57:09:950 Кардридер создан
06-02-18 at 16:57:09:950 Задание запуска модулей создано
06-02-18 at 16:57:09:951 Сканер создан
06-02-18 at 16:57:09:951 Регистратор создан
06-02-18 at 16:57:09:951 Часы созданы
06-02-18 at 16:57:09:951 Регистратор запущен
06-02-18 at 16:57:09:952 Сканер запущен
06-02-18 at 16:57:09:952 Часы запущены
06-02-18 at 16:57:09:952 Кардридер запущен
06-02-18 at 16:57:09:952 Передача данных запущена
06-02-18 at 16:57:09:953 Вход в FRInit
06-02-18 at 16:57:09:953 Вход в GetStatus
06-02-18 at 16:57:09:967 Send 05 
06-02-18 at 16:57:09:982 Recived 15 
06-02-18 at 16:57:09:982 Send 06 
06-02-18 at 16:57:09:997 Send 02 05 11 1E 00 00 00 0A 
06-02-18 at 16:57:10:012 Recived 06 02 30 11 00 1E 43 31 1C B3 14 0C 11 01 00 00 B2 02 04 00 00 4E 41 00 00 01 01 10 06 02 12 10 39 0B 00 2E 5D 00 00 6C 00 00 00 00 00 D2 E9 1E 42 01 00 0C 
06-02-18 at 16:57:10:027 Send 06 
06-02-18 at 16:57:10:028 KKMStatus 0000
06-02-18 at 16:57:10:042 Send 05 
06-02-18 at 16:57:10:057 Recived 15 
06-02-18 at 16:57:10:057 Send 06 
06-02-18 at 16:57:10:072 Send 02 05 11 1E 00 00 00 0A 
06-02-18 at 16:57:10:087 Recived 06 02 30 11 00 1E 43 31 1C B3 14 0C 11 01 00 00 B2 02 04 00 00 4E 41 00 00 01 01 10 06 02 12 10 39 0B 00 2E 5D 00 00 6C 00 00 00 00 00 D2 E9 1E 42 01 00 0C 
06-02-18 at 16:57:10:102 Send 06 
06-02-18 at 16:57:10:103 KKMStatus 0400
06-02-18 at 16:57:10:103 Номер ФР считан
06-02-18 at 16:57:10:211 СУБД подключена
06-02-18 at 16:57:10:237 Send 05 
06-02-18 at 16:57:10:252 Recived 15 
06-02-18 at 16:57:10:252 Send 06 
06-02-18 at 16:57:10:267 Send 02 0B 1E 1E 00 00 00 06 03 00 01 00 00 0F 
06-02-18 at 16:57:10:282 Recived 06 02 02 1E 00 1C 
06-02-18 at 16:57:10:297 Send 06 
06-02-18 at 16:57:10:312 Send 05 
06-02-18 at 16:57:10:327 Recived 15 
06-02-18 at 16:57:10:327 Send 06 
06-02-18 at 16:57:10:342 Send 02 10 1E 1E 00 00 00 06 03 00 02 CD C4 D1 20 30 25 00 FA 
06-02-18 at 16:57:10:358 Recived 06 02 02 1E 00 1C 
06-02-18 at 16:57:10:373 Send 06 
06-02-18 at 16:57:10:388 Send 05 
06-02-18 at 16:57:10:403 Recived 15 
06-02-18 at 16:57:10:403 Send 06 
06-02-18 at 16:57:10:418 Send 02 0B 1E 1E 00 00 00 06 02 00 01 E8 03 E5 
06-02-18 at 16:57:10:433 Recived 06 02 02 1E 00 1C 
06-02-18 at 16:57:10:448 Send 06 
06-02-18 at 16:57:10:463 Send 05 
06-02-18 at 16:57:10:478 Recived 15 
06-02-18 at 16:57:10:478 Send 06 
06-02-18 at 16:57:10:493 Send 02 10 1E 1E 00 00 00 06 02 00 02 CD C4 D1 20 31 30 25 CA 
06-02-18 at 16:57:10:509 Recived 06 02 02 1E 00 1C 
06-02-18 at 16:57:10:524 Send 06 
06-02-18 at 16:57:10:539 Send 05 
06-02-18 at 16:57:10:554 Recived 15 
06-02-18 at 16:57:10:554 Send 06 
06-02-18 at 16:57:10:569 Send 02 0B 1E 1E 00 00 00 06 01 00 01 08 07 02 
06-02-18 at 16:57:10:584 Recived 06 02 02 1E 00 1C 
06-02-18 at 16:57:10:599 Send 06 
06-02-18 at 16:57:10:614 Send 05 
06-02-18 at 16:57:10:629 Recived 15 
06-02-18 at 16:57:10:629 Send 06 
06-02-18 at 16:57:10:644 Send 02 10 1E 1E 00 00 00 06 01 00 02 CD C4 D1 20 31 38 25 C1 
06-02-18 at 16:57:10:660 Recived 06 02 02 1E 00 1C 
06-02-18 at 16:57:10:675 Send 06 
06-02-18 at 16:57:10:690 Send 05 
06-02-18 at 16:57:10:705 Recived 15 
06-02-18 at 16:57:10:705 Send 06 
06-02-18 at 16:57:10:720 Send 02 0A 1E 1E 00 00 00 01 01 00 01 01 0A 
06-02-18 at 16:57:10:735 Recived 06 02 02 1E 00 1C 
06-02-18 at 16:57:10:750 Send 06 
06-02-18 at 16:57:10:765 Send 05 
06-02-18 at 16:57:10:780 Recived 15 
06-02-18 at 16:57:10:780 Send 06 
06-02-18 at 16:57:10:795 Send 02 0A 1E 1E 00 00 00 01 01 00 05 02 0D 
06-02-18 at 16:57:10:810 Recived 06 02 02 1E 00 1C 
06-02-18 at 16:57:10:825 Send 06 
06-02-18 at 16:57:10:840 Send 05 
06-02-18 at 16:57:10:855 Recived 15 
06-02-18 at 16:57:10:855 Send 06 
06-02-18 at 16:57:10:870 Send 02 0A 1E 1E 00 00 00 01 01 00 23 01 28 
06-02-18 at 16:57:10:885 Recived 06 02 02 1E 00 1C 
06-02-18 at 16:57:10:900 Send 06 
06-02-18 at 16:57:10:915 Send 05 
06-02-18 at 16:57:10:930 Recived 15 
06-02-18 at 16:57:10:930 Send 06 
06-02-18 at 16:57:10:945 Send 02 0A 1E 1E 00 00 00 01 01 00 06 00 0C 
06-02-18 at 16:57:10:960 Recived 06 02 02 1E 00 1C 
06-02-18 at 16:57:10:975 Send 06 
06-02-18 at 16:57:10:990 Send 05 
06-02-18 at 16:57:11:005 Recived 15 
06-02-18 at 16:57:11:005 Send 06 
06-02-18 at 16:57:11:020 Send 02 0A 1E 1E 00 00 00 01 01 00 07 01 0C 
06-02-18 at 16:57:11:035 Recived 06 02 02 1E 00 1C 
06-02-18 at 16:57:11:050 Send 06 
06-02-18 at 16:57:11:065 Send 05 
06-02-18 at 16:57:11:080 Recived 15 
06-02-18 at 16:57:11:080 Send 06 
06-02-18 at 16:57:11:095 Send 02 0A 1E 1E 00 00 00 01 01 00 14 01 1F 
06-02-18 at 16:57:11:110 Recived 06 02 02 1E 00 1C 
06-02-18 at 16:57:11:125 Send 06 
06-02-18 at 16:57:11:140 Send 05 
06-02-18 at 16:57:11:155 Recived 15 
06-02-18 at 16:57:11:155 Send 06 
06-02-18 at 16:57:11:170 Send 02 0A 1E 1E 00 00 00 01 01 00 15 01 1E 
06-02-18 at 16:57:11:185 Recived 06 02 02 1E 00 1C 
06-02-18 at 16:57:11:200 Send 06 
06-02-18 at 16:57:11:215 Send 05 
06-02-18 at 16:57:11:230 Recived 15 
06-02-18 at 16:57:11:230 Send 06 
06-02-18 at 16:57:11:245 Send 02 0A 1E 1E 00 00 00 01 01 00 0F 00 05 
06-02-18 at 16:57:11:260 Recived 06 02 02 1E 00 1C 
06-02-18 at 16:57:11:275 Send 06 
06-02-18 at 16:57:11:290 Send 05 
06-02-18 at 16:57:11:305 Recived 15 
06-02-18 at 16:57:11:305 Send 06 
06-02-18 at 16:57:11:320 Send 02 0A 1E 1E 00 00 00 01 01 00 11 00 1B 
06-02-18 at 16:57:11:335 Recived 06 02 02 1E 00 1C 
06-02-18 at 16:57:11:350 Send 06 
06-02-18 at 16:57:11:365 Send 05 
06-02-18 at 16:57:11:380 Recived 15 
06-02-18 at 16:57:11:380 Send 06 
06-02-18 at 16:57:11:395 Send 02 0A 1E 1E 00 00 00 11 01 00 03 02 1B 
06-02-18 at 16:57:11:410 Recived 06 02 02 1E 00 1C 
06-02-18 at 16:57:11:425 Send 06 
06-02-18 at 16:57:11:440 Send 05 
06-02-18 at 16:57:11:455 Recived 15 
06-02-18 at 16:57:11:455 Send 06 
06-02-18 at 16:57:11:470 Send 02 0A 1E 1E 00 00 00 01 01 00 29 01 22 
06-02-18 at 16:57:11:485 Recived 06 02 02 1E 00 1C 
06-02-18 at 16:57:11:500 Send 06 
06-02-18 at 16:57:11:515 Send 05 
06-02-18 at 16:57:11:530 Recived 15 
06-02-18 at 16:57:11:530 Send 06 
06-02-18 at 16:57:11:545 Send 02 26 1E 1E 00 00 00 04 0C 00 01 20 20 20 20 20 20 20 20 20 20 20 C4 CE C1 D0 CE 20 CF CE C6 C0 CB CE C2 C0 D2 DC 21 00 D5 
06-02-18 at 16:57:11:563 Recived 06 02 02 1E 00 1C 
06-02-18 at 16:57:11:578 Send 06 
06-02-18 at 16:57:11:593 Send 05 
06-02-18 at 16:57:11:608 Recived 15 
06-02-18 at 16:57:11:608 Send 06 
06-02-18 at 16:57:11:623 Send 02 29 1E 1E 00 00 00 04 0D 00 01 20 20 20 20 20 20 20 20 CE CE CE 20 CA EE EC EF E0 ED E8 FF 20 27 CA CE CB CE D0 CB CE CD 27 00 CB 
06-02-18 at 16:57:11:641 Recived 06 02 02 1E 00 1C 
06-02-18 at 16:57:11:656 Send 06 
06-02-18 at 16:57:11:671 Send 05 
06-02-18 at 16:57:11:686 Recived 15 
06-02-18 at 16:57:11:686 Send 06 
06-02-18 at 16:57:11:701 Send 02 2D 1E 1E 00 00 00 04 0E 00 01 20 20 20 20 20 CC E0 E3 E0 E7 E8 ED 20 27 C2 F1 E5 20 F2 EE E2 E0 F0 FB 20 E4 EB FF 20 E4 EE EC E0 27 20 00 DE 
06-02-18 at 16:57:11:719 Recived 06 02 02 1E 00 1C 
06-02-18 at 16:57:11:734 Send 06 
06-02-18 at 16:57:11:835 now clear port error ...
06-02-18 at 16:57:11:835 now write to port ...
06-02-18 at 16:57:11:969 ... done
06-02-18 at 16:57:11:989 Send 05 
06-02-18 at 16:57:12:004 Recived 15 
06-02-18 at 16:57:12:004 Send 06 
06-02-18 at 16:57:12:019 Send 02 06 1A 1E 00 00 00 79 7B 
06-02-18 at 16:57:12:034 Recived 06 02 09 1A 00 1E 00 00 00 00 00 00 0D 
06-02-18 at 16:57:12:049 Send 06 
06-02-18 at 16:57:14:129 Cardreader  Антонов Сергей 
06-02-18 at 16:57:14:135 Send 05 
06-02-18 at 16:57:14:151 Recived 15 
06-02-18 at 16:57:14:151 Send 06 
06-02-18 at 16:57:14:166 Send 02 20 1E 1E 00 00 00 02 1E 00 02 CA E0 F1 F1 E8 F0 20 C0 ED F2 EE ED EE E2 20 D1 E5 F0 E3 E5 E9 20 00 D7 
06-02-18 at 16:57:14:184 Recived 06 02 02 1E 00 1C 
06-02-18 at 16:57:14:199 Send 06 
06-02-18 at 16:57:14:204 now clear port error ...
06-02-18 at 16:57:14:204 now write to port ...
06-02-18 at 16:57:14:337 ... done
06-02-18 at 16:57:15:129 Send 05 
06-02-18 at 16:57:15:144 Recived 15 
06-02-18 at 16:57:15:144 Send 06 
06-02-18 at 16:57:15:159 Send 02 06 FF 39 1E 00 00 00 DE 
06-02-18 at 16:57:15:174 Recived 06 02 10 FF 39 00 00 00 00 00 00 00 00 00 00 00 00 00 00 D6 
06-02-18 at 16:57:15:189 Send 06 
06-02-18 at 16:57:21:736 total calculated
06-02-18 at 16:57:21:737 now show on display
06-02-18 at 16:57:21:737                     Всего:          0.00
06-02-18 at 16:57:21:737 now clear port error ...
06-02-18 at 16:57:21:737 now write to port ...
06-02-18 at 16:57:21:871 ... done
06-02-18 at 16:57:21:873 111
06-02-18 at 16:57:21:873 Выход из программы
06-02-18 at 16:58:36:992 Запуск программы. Инициализация считана из файла
06-02-18 at 16:58:36:993 Платежи по картам восстановлены
06-02-18 at 16:58:36:993 total calculated
06-02-18 at 16:58:36:993 now show on display
06-02-18 at 16:58:36:993                     Всего:          0.00
06-02-18 at 16:58:36:994 now open port for display
06-02-18 at 16:58:36:994 Com port opened
06-02-18 at 16:58:36:995 now clear port error ...
06-02-18 at 16:58:36:995 now write to port ...
06-02-18 at 16:58:37:128 ... done
06-02-18 at 16:58:37:129 Чек сжат
06-02-18 at 16:58:37:129 Сумма чека посчитана
06-02-18 at 16:58:37:129 Кардридер создан
06-02-18 at 16:58:37:129 Задание запуска модулей создано
06-02-18 at 16:58:37:130 Сканер создан
06-02-18 at 16:58:37:130 Регистратор создан
06-02-18 at 16:58:37:130 Часы созданы
06-02-18 at 16:58:37:131 Регистратор запущен
06-02-18 at 16:58:37:131 Сканер запущен
06-02-18 at 16:58:37:132 Часы запущены
06-02-18 at 16:58:37:132 Кардридер запущен
06-02-18 at 16:58:37:132 Передача данных запущена
06-02-18 at 16:58:37:132 Вход в FRInit
06-02-18 at 16:58:37:133 Вход в GetStatus
06-02-18 at 16:58:37:146 Send 05 
06-02-18 at 16:58:37:161 Recived 15 
06-02-18 at 16:58:37:161 Send 06 
06-02-18 at 16:58:37:176 Send 02 05 11 1E 00 00 00 0A 
06-02-18 at 16:58:37:191 Recived 06 02 30 11 00 1E 43 31 1C B3 14 0C 11 01 00 00 B2 02 04 00 00 4E 41 00 00 01 01 10 06 02 12 10 3A 26 00 2E 5D 00 00 6C 00 00 00 00 00 D2 E9 1E 42 01 00 22 
06-02-18 at 16:58:37:206 Send 06 
06-02-18 at 16:58:37:208 KKMStatus 0000
06-02-18 at 16:58:37:221 Send 05 
06-02-18 at 16:58:37:236 Recived 15 
06-02-18 at 16:58:37:236 Send 06 
06-02-18 at 16:58:37:251 Send 02 05 11 1E 00 00 00 0A 
06-02-18 at 16:58:37:266 Recived 06 02 30 11 00 1E 43 31 1C B3 14 0C 11 01 00 00 B2 02 04 00 00 4E 41 00 00 01 01 10 06 02 12 10 3A 26 00 2E 5D 00 00 6C 00 00 00 00 00 D2 E9 1E 42 01 00 22 
06-02-18 at 16:58:37:281 Send 06 
06-02-18 at 16:58:37:283 KKMStatus 0400
06-02-18 at 16:58:37:283 Номер ФР считан
06-02-18 at 16:58:37:391 СУБД подключена
06-02-18 at 16:58:37:416 Send 05 
06-02-18 at 16:58:37:431 Recived 15 
06-02-18 at 16:58:37:431 Send 06 
06-02-18 at 16:58:37:446 Send 02 0B 1E 1E 00 00 00 06 03 00 01 00 00 0F 
06-02-18 at 16:58:37:461 Recived 06 02 02 1E 00 1C 
06-02-18 at 16:58:37:476 Send 06 
06-02-18 at 16:58:37:491 Send 05 
06-02-18 at 16:58:37:506 Recived 15 
06-02-18 at 16:58:37:506 Send 06 
06-02-18 at 16:58:37:521 Send 02 10 1E 1E 00 00 00 06 03 00 02 CD C4 D1 20 30 25 00 FA 
06-02-18 at 16:58:37:537 Recived 06 02 02 1E 00 1C 
06-02-18 at 16:58:37:552 Send 06 
06-02-18 at 16:58:37:567 Send 05 
06-02-18 at 16:58:37:582 Recived 15 
06-02-18 at 16:58:37:582 Send 06 
06-02-18 at 16:58:37:597 Send 02 0B 1E 1E 00 00 00 06 02 00 01 E8 03 E5 
06-02-18 at 16:58:37:612 Recived 06 02 02 1E 00 1C 
06-02-18 at 16:58:37:627 Send 06 
06-02-18 at 16:58:37:642 Send 05 
06-02-18 at 16:58:37:657 Recived 15 
06-02-18 at 16:58:37:657 Send 06 
06-02-18 at 16:58:37:672 Send 02 10 1E 1E 00 00 00 06 02 00 02 CD C4 D1 20 31 30 25 CA 
06-02-18 at 16:58:37:688 Recived 06 02 02 1E 00 1C 
06-02-18 at 16:58:37:703 Send 06 
06-02-18 at 16:58:37:718 Send 05 
06-02-18 at 16:58:37:733 Recived 15 
06-02-18 at 16:58:37:733 Send 06 
06-02-18 at 16:58:37:748 Send 02 0B 1E 1E 00 00 00 06 01 00 01 08 07 02 
06-02-18 at 16:58:37:763 Recived 06 02 02 1E 00 1C 
06-02-18 at 16:58:37:778 Send 06 
06-02-18 at 16:58:37:793 Send 05 
06-02-18 at 16:58:37:808 Recived 15 
06-02-18 at 16:58:37:808 Send 06 
06-02-18 at 16:58:37:823 Send 02 10 1E 1E 00 00 00 06 01 00 02 CD C4 D1 20 31 38 25 C1 
06-02-18 at 16:58:37:839 Recived 06 02 02 1E 00 1C 
06-02-18 at 16:58:37:854 Send 06 
06-02-18 at 16:58:37:869 Send 05 
06-02-18 at 16:58:37:884 Recived 15 
06-02-18 at 16:58:37:884 Send 06 
06-02-18 at 16:58:37:899 Send 02 0A 1E 1E 00 00 00 01 01 00 01 01 0A 
06-02-18 at 16:58:37:914 Recived 06 02 02 1E 00 1C 
06-02-18 at 16:58:37:929 Send 06 
06-02-18 at 16:58:37:944 Send 05 
06-02-18 at 16:58:37:959 Recived 15 
06-02-18 at 16:58:37:959 Send 06 
06-02-18 at 16:58:37:974 Send 02 0A 1E 1E 00 00 00 01 01 00 05 02 0D 
06-02-18 at 16:58:37:989 Recived 06 02 02 1E 00 1C 
06-02-18 at 16:58:38:004 Send 06 
06-02-18 at 16:58:38:019 Send 05 
06-02-18 at 16:58:38:034 Recived 15 
06-02-18 at 16:58:38:034 Send 06 
06-02-18 at 16:58:38:049 Send 02 0A 1E 1E 00 00 00 01 01 00 23 01 28 
06-02-18 at 16:58:38:064 Recived 06 02 02 1E 00 1C 
06-02-18 at 16:58:38:079 Send 06 
06-02-18 at 16:58:38:094 Send 05 
06-02-18 at 16:58:38:109 Recived 15 
06-02-18 at 16:58:38:109 Send 06 
06-02-18 at 16:58:38:124 Send 02 0A 1E 1E 00 00 00 01 01 00 06 00 0C 
06-02-18 at 16:58:38:139 Recived 06 02 02 1E 00 1C 
06-02-18 at 16:58:38:154 Send 06 
06-02-18 at 16:58:38:169 Send 05 
06-02-18 at 16:58:38:184 Recived 15 
06-02-18 at 16:58:38:184 Send 06 
06-02-18 at 16:58:38:199 Send 02 0A 1E 1E 00 00 00 01 01 00 07 01 0C 
06-02-18 at 16:58:38:214 Recived 06 02 02 1E 00 1C 
06-02-18 at 16:58:38:229 Send 06 
06-02-18 at 16:58:38:244 Send 05 
06-02-18 at 16:58:38:259 Recived 15 
06-02-18 at 16:58:38:259 Send 06 
06-02-18 at 16:58:38:274 Send 02 0A 1E 1E 00 00 00 01 01 00 14 01 1F 
06-02-18 at 16:58:38:289 Recived 06 02 02 1E 00 1C 
06-02-18 at 16:58:38:304 Send 06 
06-02-18 at 16:58:38:319 Send 05 
06-02-18 at 16:58:38:334 Recived 15 
06-02-18 at 16:58:38:334 Send 06 
06-02-18 at 16:58:38:349 Send 02 0A 1E 1E 00 00 00 01 01 00 15 01 1E 
06-02-18 at 16:58:38:364 Recived 06 02 02 1E 00 1C 
06-02-18 at 16:58:38:379 Send 06 
06-02-18 at 16:58:38:394 Send 05 
06-02-18 at 16:58:38:409 Recived 15 
06-02-18 at 16:58:38:409 Send 06 
06-02-18 at 16:58:38:424 Send 02 0A 1E 1E 00 00 00 01 01 00 0F 00 05 
06-02-18 at 16:58:38:439 Recived 06 02 02 1E 00 1C 
06-02-18 at 16:58:38:454 Send 06 
06-02-18 at 16:58:38:469 Send 05 
06-02-18 at 16:58:38:484 Recived 15 
06-02-18 at 16:58:38:484 Send 06 
06-02-18 at 16:58:38:499 Send 02 0A 1E 1E 00 00 00 01 01 00 11 00 1B 
06-02-18 at 16:58:38:514 Recived 06 02 02 1E 00 1C 
06-02-18 at 16:58:38:529 Send 06 
06-02-18 at 16:58:38:544 Send 05 
06-02-18 at 16:58:38:559 Recived 15 
06-02-18 at 16:58:38:559 Send 06 
06-02-18 at 16:58:38:574 Send 02 0A 1E 1E 00 00 00 11 01 00 03 02 1B 
06-02-18 at 16:58:38:589 Recived 06 02 02 1E 00 1C 
06-02-18 at 16:58:38:604 Send 06 
06-02-18 at 16:58:38:619 Send 05 
06-02-18 at 16:58:38:634 Recived 15 
06-02-18 at 16:58:38:634 Send 06 
06-02-18 at 16:58:38:649 Send 02 0A 1E 1E 00 00 00 01 01 00 29 01 22 
06-02-18 at 16:58:38:664 Recived 06 02 02 1E 00 1C 
06-02-18 at 16:58:38:679 Send 06 
06-02-18 at 16:58:38:694 Send 05 
06-02-18 at 16:58:38:709 Recived 15 
06-02-18 at 16:58:38:709 Send 06 
06-02-18 at 16:58:38:724 Send 02 26 1E 1E 00 00 00 04 0C 00 01 20 20 20 20 20 20 20 20 20 20 20 C4 CE C1 D0 CE 20 CF CE C6 C0 CB CE C2 C0 D2 DC 21 00 D5 
06-02-18 at 16:58:38:742 Recived 06 02 02 1E 00 1C 
06-02-18 at 16:58:38:757 Send 06 
06-02-18 at 16:58:38:772 Send 05 
06-02-18 at 16:58:38:787 Recived 15 
06-02-18 at 16:58:38:787 Send 06 
06-02-18 at 16:58:38:802 Send 02 29 1E 1E 00 00 00 04 0D 00 01 20 20 20 20 20 20 20 20 CE CE CE 20 CA EE EC EF E0 ED E8 FF 20 27 CA CE CB CE D0 CB CE CD 27 00 CB 
06-02-18 at 16:58:38:820 Recived 06 02 02 1E 00 1C 
06-02-18 at 16:58:38:835 Send 06 
06-02-18 at 16:58:38:850 Send 05 
06-02-18 at 16:58:38:865 Recived 15 
06-02-18 at 16:58:38:865 Send 06 
06-02-18 at 16:58:38:880 Send 02 2D 1E 1E 00 00 00 04 0E 00 01 20 20 20 20 20 CC E0 E3 E0 E7 E8 ED 20 27 C2 F1 E5 20 F2 EE E2 E0 F0 FB 20 E4 EB FF 20 E4 EE EC E0 27 20 00 DE 
06-02-18 at 16:58:38:898 Recived 06 02 02 1E 00 1C 
06-02-18 at 16:58:38:913 Send 06 
06-02-18 at 16:58:39:009 now clear port error ...
06-02-18 at 16:58:39:010 now write to port ...
06-02-18 at 16:58:39:143 ... done
06-02-18 at 16:58:39:168 Send 05 
06-02-18 at 16:58:39:183 Recived 15 
06-02-18 at 16:58:39:183 Send 06 
06-02-18 at 16:58:39:198 Send 02 06 1A 1E 00 00 00 79 7B 
06-02-18 at 16:58:39:213 Recived 06 02 09 1A 00 1E 00 00 00 00 00 00 0D 
06-02-18 at 16:58:39:228 Send 06 
06-02-18 at 16:58:41:321 Cardreader  Антонов Сергей 
06-02-18 at 16:58:41:328 Send 05 
06-02-18 at 16:58:41:344 Recived 15 
06-02-18 at 16:58:41:344 Send 06 
06-02-18 at 16:58:41:359 Send 02 20 1E 1E 00 00 00 02 1E 00 02 CA E0 F1 F1 E8 F0 20 C0 ED F2 EE ED EE E2 20 D1 E5 F0 E3 E5 E9 20 00 D7 
06-02-18 at 16:58:41:377 Recived 06 02 02 1E 00 1C 
06-02-18 at 16:58:41:392 Send 06 
06-02-18 at 16:58:41:396 now clear port error ...
06-02-18 at 16:58:41:396 now write to port ...
06-02-18 at 16:58:41:530 ... done
06-02-18 at 16:58:42:322 Send 05 
06-02-18 at 16:58:42:337 Recived 15 
06-02-18 at 16:58:42:337 Send 06 
06-02-18 at 16:58:42:352 Send 02 06 FF 39 1E 00 00 00 DE 
06-02-18 at 16:58:42:367 Recived 06 02 10 FF 39 00 00 00 00 00 00 00 00 00 00 00 00 00 00 D6 
06-02-18 at 16:58:42:382 Send 06 
06-02-18 at 16:58:52:219 114
06-02-18 at 16:58:52:219 014
06-02-18 at 16:58:53:738 total calculated
06-02-18 at 16:58:53:739 now show on display
06-02-18 at 16:58:53:739                     Всего:          0.00
06-02-18 at 16:58:53:739 now clear port error ...
06-02-18 at 16:58:53:739 now write to port ...
06-02-18 at 16:58:53:873 ... done
06-02-18 at 16:58:53:875 111
06-02-18 at 16:58:53:875 Выход из программы
