17-05-18 at 10:46:12:537 Запуск программы. Инициализация считана из файла
17-05-18 at 10:46:12:537 Чек загружен.
17-05-18 at 10:46:12:538 Чек загружен.
17-05-18 at 10:46:12:538 total calculated
17-05-18 at 10:46:12:538 now show on display
17-05-18 at 10:46:12:538                     Всего:         55.00
17-05-18 at 10:46:12:539 now open port for display
17-05-18 at 10:46:12:540 Com port opened
17-05-18 at 10:46:12:540 now clear port error ...
17-05-18 at 10:46:12:540 now write to port ...
17-05-18 at 10:46:12:673 ... done
17-05-18 at 10:46:12:673 Чек сжат
17-05-18 at 10:46:12:674 Сумма чека посчитана
17-05-18 at 10:46:12:674 Кардридер создан
17-05-18 at 10:46:12:674 Задание запуска модулей создано
17-05-18 at 10:46:12:674 Сканер создан
17-05-18 at 10:46:12:674 Регистратор создан
17-05-18 at 10:46:12:675 Часы созданы
17-05-18 at 10:46:12:676 Регистратор запущен
17-05-18 at 10:46:12:676 Сканер запущен
17-05-18 at 10:46:12:676 Часы запущены
17-05-18 at 10:46:12:676 Кардридер запущен
17-05-18 at 10:46:12:677 Передача данных запущена
17-05-18 at 10:46:12:677 Вход в FRInit
17-05-18 at 10:46:12:677 Вход в GetStatus
17-05-18 at 10:46:12:692 Send 05 
17-05-18 at 10:46:12:707 Recived 15 
17-05-18 at 10:46:12:707 Send 06 
17-05-18 at 10:46:12:722 Send 02 05 11 1E 00 00 00 0A 
17-05-18 at 10:46:12:737 Recived 06 02 30 11 00 1E 43 31 1C B3 14 0C 11 01 69 00 B2 02 02 00 00 4E 41 00 00 01 01 10 11 05 12 0A 2E 0C 00 2E 5D 00 00 22 00 00 00 00 00 EF 95 10 42 01 00 78 
17-05-18 at 10:46:12:752 Send 06 
17-05-18 at 10:46:12:754 KKMStatus 0000
17-05-18 at 10:46:12:767 Send 05 
17-05-18 at 10:46:12:782 Recived 15 
17-05-18 at 10:46:12:782 Send 06 
17-05-18 at 10:46:12:797 Send 02 05 11 1E 00 00 00 0A 
17-05-18 at 10:46:12:812 Recived 06 02 30 11 00 1E 43 31 1C B3 14 0C 11 01 69 00 B2 02 02 00 00 4E 41 00 00 01 01 10 11 05 12 0A 2E 0C 00 2E 5D 00 00 22 00 00 00 00 00 EF 95 10 42 01 00 78 
17-05-18 at 10:46:12:827 Send 06 
17-05-18 at 10:46:12:829 KKMStatus 0200
17-05-18 at 10:46:12:829 Номер ФР считан
17-05-18 at 10:46:12:965 СУБД подключена
17-05-18 at 10:46:12:978 Send 05 
17-05-18 at 10:46:12:993 Recived 15 
17-05-18 at 10:46:12:993 Send 06 
17-05-18 at 10:46:13:008 Send 02 17 1E 1E 00 00 00 05 03 00 01 CA 41 D0 D2 CE C9 20 56 49 53 41 2F 4D 43 92 
17-05-18 at 10:46:13:024 Recived 06 02 02 1E 00 1C 
17-05-18 at 10:46:13:039 Send 06 
17-05-18 at 10:46:13:054 Send 05 
17-05-18 at 10:46:13:069 Recived 15 
17-05-18 at 10:46:13:069 Send 06 
17-05-18 at 10:46:13:084 Send 02 18 1E 1E 00 00 00 05 04 00 01 C4 D0 D3 C3 C8 CC C8 20 CA C0 D0 D2 C0 CC C8 3C 
17-05-18 at 10:46:13:100 Recived 06 02 02 1E 00 1C 
17-05-18 at 10:46:13:115 Send 06 
17-05-18 at 10:46:13:130 Send 05 
17-05-18 at 10:46:13:145 Recived 15 
17-05-18 at 10:46:13:145 Send 06 
17-05-18 at 10:46:13:160 Send 02 0A 1E 1E 00 00 00 01 01 00 01 01 0A 
17-05-18 at 10:46:13:175 Recived 06 02 02 1E 00 1C 
17-05-18 at 10:46:13:190 Send 06 
17-05-18 at 10:46:13:205 Send 05 
17-05-18 at 10:46:13:220 Recived 15 
17-05-18 at 10:46:13:220 Send 06 
17-05-18 at 10:46:13:235 Send 02 0A 1E 1E 00 00 00 01 01 00 05 02 0D 
17-05-18 at 10:46:13:250 Recived 06 02 02 1E 00 1C 
17-05-18 at 10:46:13:265 Send 06 
17-05-18 at 10:46:13:280 Send 05 
17-05-18 at 10:46:13:295 Recived 15 
17-05-18 at 10:46:13:295 Send 06 
17-05-18 at 10:46:13:310 Send 02 0A 1E 1E 00 00 00 01 01 00 23 01 28 
17-05-18 at 10:46:13:325 Recived 06 02 02 1E 00 1C 
17-05-18 at 10:46:13:340 Send 06 
17-05-18 at 10:46:13:355 Send 05 
17-05-18 at 10:46:13:370 Recived 15 
17-05-18 at 10:46:13:370 Send 06 
17-05-18 at 10:46:13:385 Send 02 0A 1E 1E 00 00 00 01 01 00 06 00 0C 
17-05-18 at 10:46:13:400 Recived 06 02 02 1E 00 1C 
17-05-18 at 10:46:13:415 Send 06 
17-05-18 at 10:46:13:430 Send 05 
17-05-18 at 10:46:13:445 Recived 15 
17-05-18 at 10:46:13:445 Send 06 
17-05-18 at 10:46:13:460 Send 02 0A 1E 1E 00 00 00 01 01 00 07 01 0C 
17-05-18 at 10:46:13:475 Recived 06 02 02 1E 00 1C 
17-05-18 at 10:46:13:490 Send 06 
17-05-18 at 10:46:13:505 Send 05 
17-05-18 at 10:46:13:520 Recived 15 
17-05-18 at 10:46:13:520 Send 06 
17-05-18 at 10:46:13:535 Send 02 0A 1E 1E 00 00 00 01 01 00 14 01 1F 
17-05-18 at 10:46:13:550 Recived 06 02 02 1E 00 1C 
17-05-18 at 10:46:13:565 Send 06 
17-05-18 at 10:46:13:580 Send 05 
17-05-18 at 10:46:13:595 Recived 15 
17-05-18 at 10:46:13:595 Send 06 
17-05-18 at 10:46:13:610 Send 02 0A 1E 1E 00 00 00 01 01 00 15 01 1E 
17-05-18 at 10:46:13:625 Recived 06 02 02 1E 00 1C 
17-05-18 at 10:46:13:640 Send 06 
17-05-18 at 10:46:13:655 Send 05 
17-05-18 at 10:46:13:670 Recived 15 
17-05-18 at 10:46:13:670 Send 06 
17-05-18 at 10:46:13:685 Send 02 0A 1E 1E 00 00 00 01 01 00 0F 00 05 
17-05-18 at 10:46:13:700 Recived 06 02 02 1E 00 1C 
17-05-18 at 10:46:13:715 Send 06 
17-05-18 at 10:46:13:730 Send 05 
17-05-18 at 10:46:13:745 Recived 15 
17-05-18 at 10:46:13:745 Send 06 
17-05-18 at 10:46:13:760 Send 02 0A 1E 1E 00 00 00 01 01 00 11 00 1B 
17-05-18 at 10:46:13:775 Recived 06 02 02 1E 00 1C 
17-05-18 at 10:46:13:790 Send 06 
17-05-18 at 10:46:13:805 Send 05 
17-05-18 at 10:46:13:820 Recived 15 
17-05-18 at 10:46:13:820 Send 06 
17-05-18 at 10:46:13:835 Send 02 0A 1E 1E 00 00 00 11 01 00 03 02 1B 
17-05-18 at 10:46:13:850 Recived 06 02 02 1E 00 1C 
17-05-18 at 10:46:13:865 Send 06 
17-05-18 at 10:46:13:880 Send 05 
17-05-18 at 10:46:13:895 Recived 15 
17-05-18 at 10:46:13:895 Send 06 
17-05-18 at 10:46:13:910 Send 02 0A 1E 1E 00 00 00 01 01 00 29 01 22 
17-05-18 at 10:46:13:925 Recived 06 02 02 1E 00 1C 
17-05-18 at 10:46:13:940 Send 06 
17-05-18 at 10:46:13:955 Send 05 
17-05-18 at 10:46:13:970 Recived 15 
17-05-18 at 10:46:13:970 Send 06 
17-05-18 at 10:46:13:985 Send 02 26 1E 1E 00 00 00 04 0C 00 01 20 20 20 20 20 20 20 20 20 20 20 C4 CE C1 D0 CE 20 CF CE C6 C0 CB CE C2 C0 D2 DC 21 00 D5 
17-05-18 at 10:46:14:003 Recived 06 02 02 1E 00 1C 
17-05-18 at 10:46:14:018 Send 06 
17-05-18 at 10:46:14:033 Send 05 
17-05-18 at 10:46:14:048 Recived 15 
17-05-18 at 10:46:14:048 Send 06 
17-05-18 at 10:46:14:063 Send 02 29 1E 1E 00 00 00 04 0D 00 01 20 20 20 20 20 20 20 20 CE CE CE 20 CA EE EC EF E0 ED E8 FF 20 27 CA CE CB CE D0 CB CE CD 27 00 CB 
17-05-18 at 10:46:14:081 Recived 06 02 02 1E 00 1C 
17-05-18 at 10:46:14:096 Send 06 
17-05-18 at 10:46:14:111 Send 05 
17-05-18 at 10:46:14:126 Recived 15 
17-05-18 at 10:46:14:126 Send 06 
17-05-18 at 10:46:14:141 Send 02 2D 1E 1E 00 00 00 04 0E 00 01 20 20 20 20 20 CC E0 E3 E0 E7 E8 ED 20 27 C2 F1 E5 20 F2 EE E2 E0 F0 FB 20 E4 EB FF 20 E4 EE EC E0 27 20 00 DE 
17-05-18 at 10:46:14:159 Recived 06 02 02 1E 00 1C 
17-05-18 at 10:46:14:174 Send 06 
17-05-18 at 10:46:14:191 now clear port error ...
17-05-18 at 10:46:14:191 now write to port ...
17-05-18 at 10:46:14:325 ... done
17-05-18 at 10:46:14:359 Send 05 
17-05-18 at 10:46:14:374 Recived 15 
17-05-18 at 10:46:14:374 Send 06 
17-05-18 at 10:46:14:389 Send 02 06 1A 1E 00 00 00 79 7B 
17-05-18 at 10:46:14:404 Recived 06 02 09 1A 00 1E 00 00 00 00 00 00 0D 
17-05-18 at 10:46:14:419 Send 06 
17-05-18 at 10:46:16:911 Cardreader  Антонов Сергей 
17-05-18 at 10:46:16:913 Send 05 
17-05-18 at 10:46:16:934 Recived 15 
17-05-18 at 10:46:16:935 Send 06 
17-05-18 at 10:46:16:950 Send 02 20 1E 1E 00 00 00 02 1E 00 02 CA E0 F1 F1 E8 F0 20 C0 ED F2 EE ED EE E2 20 D1 E5 F0 E3 E5 E9 20 00 D7 
17-05-18 at 10:46:16:968 Recived 06 02 02 1E 00 1C 
17-05-18 at 10:46:16:983 Send 06 
17-05-18 at 10:46:16:988 now clear port error ...
17-05-18 at 10:46:16:988 now write to port ...
17-05-18 at 10:46:17:122 ... done
17-05-18 at 10:46:17:913 Send 05 
17-05-18 at 10:46:17:928 Recived 15 
17-05-18 at 10:46:17:928 Send 06 
17-05-18 at 10:46:17:943 Send 02 06 FF 39 1E 00 00 00 DE 
17-05-18 at 10:46:17:958 Recived 06 02 10 FF 39 00 00 00 00 00 00 00 00 00 00 00 00 00 00 D6 
17-05-18 at 10:46:17:973 Send 06 
17-05-18 at 10:46:23:561 total calculated
17-05-18 at 10:46:23:563 now show on display
17-05-18 at 10:46:23:563                     Всего:         55.00
17-05-18 at 10:46:23:563 now clear port error ...
17-05-18 at 10:46:23:564 now write to port ...
17-05-18 at 10:46:23:697 ... done
17-05-18 at 10:46:23:698 Попытка очистки таблицы
17-05-18 at 10:46:23:698 Попытка очистки успешна
17-05-18 at 10:46:26:289 114
17-05-18 at 10:46:26:289 014
17-05-18 at 10:46:26:577 114
17-05-18 at 10:46:26:577 014
17-05-18 at 10:46:26:768 114
17-05-18 at 10:46:26:769 014
17-05-18 at 10:46:27:977 114
17-05-18 at 10:46:27:977 014
17-05-18 at 10:46:28:200 114
17-05-18 at 10:46:28:201 014
17-05-18 at 10:46:28:504 114
17-05-18 at 10:46:28:504 014
17-05-18 at 10:46:32:609 114
17-05-18 at 10:46:32:609 014
17-05-18 at 10:46:33:001 114
17-05-18 at 10:46:33:001 014
17-05-18 at 10:46:34:025 114
17-05-18 at 10:46:34:025 014
17-05-18 at 10:46:35:537 114
17-05-18 at 10:46:35:538 014
17-05-18 at 10:46:35:849 114
17-05-18 at 10:46:35:849 014
17-05-18 at 10:46:36:649 114
17-05-18 at 10:46:36:649 014
17-05-18 at 10:46:44:353 114
17-05-18 at 10:46:44:354 014
17-05-18 at 10:46:44:354 114
17-05-18 at 10:46:44:354 014
17-05-18 at 10:46:52:547 total calculated
17-05-18 at 10:46:52:548 now show on display
17-05-18 at 10:46:52:548                     Всего:         55.00
17-05-18 at 10:46:52:549 now clear port error ...
17-05-18 at 10:46:52:549 now write to port ...
17-05-18 at 10:46:52:683 ... done
17-05-18 at 10:46:52:683 total calculated
17-05-18 at 10:46:52:685 now show on display
17-05-18 at 10:46:52:685                     Всего:         55.00
17-05-18 at 10:46:52:685 now clear port error ...
17-05-18 at 10:46:52:685 now write to port ...
17-05-18 at 10:46:52:854 ... done
17-05-18 at 10:46:52:857 111
17-05-18 at 10:46:52:857 Выход из программы
17-05-18 at 10:47:01:245 Запуск программы. Инициализация считана из файла
17-05-18 at 10:47:01:246 Чек загружен.
17-05-18 at 10:47:01:246 Чек загружен.
17-05-18 at 10:47:01:246 total calculated
17-05-18 at 10:47:01:247 now show on display
17-05-18 at 10:47:01:247                     Всего:         55.00
17-05-18 at 10:47:01:247 now open port for display
17-05-18 at 10:47:01:248 Com port opened
17-05-18 at 10:47:01:248 now clear port error ...
17-05-18 at 10:47:01:248 now write to port ...
17-05-18 at 10:47:01:382 ... done
17-05-18 at 10:47:01:382 Чек сжат
17-05-18 at 10:47:01:382 Сумма чека посчитана
17-05-18 at 10:47:01:383 Кардридер создан
17-05-18 at 10:47:01:383 Задание запуска модулей создано
17-05-18 at 10:47:01:383 Сканер создан
17-05-18 at 10:47:01:384 Регистратор создан
17-05-18 at 10:47:01:384 Часы созданы
17-05-18 at 10:47:01:385 Регистратор запущен
17-05-18 at 10:47:01:385 Сканер запущен
17-05-18 at 10:47:01:385 Часы запущены
17-05-18 at 10:47:01:386 Кардридер запущен
17-05-18 at 10:47:01:387 Передача данных запущена
17-05-18 at 10:47:01:387 Вход в FRInit
17-05-18 at 10:47:01:388 Вход в GetStatus
17-05-18 at 10:47:01:406 Send 05 
17-05-18 at 10:47:01:422 Recived 15 
17-05-18 at 10:47:01:422 Send 06 
17-05-18 at 10:47:01:437 Send 02 05 11 1E 00 00 00 0A 
17-05-18 at 10:47:01:452 Recived 06 02 30 11 00 1E 43 31 1C B3 14 0C 11 01 69 00 B2 02 02 00 00 4E 41 00 00 01 01 10 11 05 12 0A 2F 00 00 2E 5D 00 00 22 00 00 00 00 00 EF 95 10 42 01 00 75 
17-05-18 at 10:47:01:482 Send 06 
17-05-18 at 10:47:01:487 KKMStatus 0000
17-05-18 at 10:47:01:497 Send 05 
17-05-18 at 10:47:01:512 Recived 15 
17-05-18 at 10:47:01:512 Send 06 
17-05-18 at 10:47:01:527 Send 02 05 11 1E 00 00 00 0A 
17-05-18 at 10:47:01:542 Recived 06 02 30 11 00 1E 43 31 1C B3 14 0C 11 01 69 00 B2 02 02 00 00 4E 41 00 00 01 01 10 11 05 12 0A 2F 00 00 2E 5D 00 00 22 00 00 00 00 00 EF 95 10 42 01 00 75 
17-05-18 at 10:47:01:557 Send 06 
17-05-18 at 10:47:01:562 KKMStatus 0200
17-05-18 at 10:47:01:562 Номер ФР считан
17-05-18 at 10:47:01:714 СУБД подключена
17-05-18 at 10:47:01:730 Send 05 
17-05-18 at 10:47:01:745 Recived 15 
17-05-18 at 10:47:01:745 Send 06 
17-05-18 at 10:47:01:760 Send 02 17 1E 1E 00 00 00 05 03 00 01 CA 41 D0 D2 CE C9 20 56 49 53 41 2F 4D 43 92 
17-05-18 at 10:47:01:776 Recived 06 02 02 1E 00 1C 
17-05-18 at 10:47:01:791 Send 06 
17-05-18 at 10:47:01:806 Send 05 
17-05-18 at 10:47:01:821 Recived 15 
17-05-18 at 10:47:01:821 Send 06 
17-05-18 at 10:47:01:836 Send 02 18 1E 1E 00 00 00 05 04 00 01 C4 D0 D3 C3 C8 CC C8 20 CA C0 D0 D2 C0 CC C8 3C 
17-05-18 at 10:47:01:852 Recived 06 02 02 1E 00 1C 
17-05-18 at 10:47:01:867 Send 06 
17-05-18 at 10:47:01:882 Send 05 
17-05-18 at 10:47:01:897 Recived 15 
17-05-18 at 10:47:01:897 Send 06 
17-05-18 at 10:47:01:912 Send 02 0A 1E 1E 00 00 00 01 01 00 01 01 0A 
17-05-18 at 10:47:01:927 Recived 06 02 02 1E 00 1C 
17-05-18 at 10:47:01:942 Send 06 
17-05-18 at 10:47:01:957 Send 05 
17-05-18 at 10:47:01:972 Recived 15 
17-05-18 at 10:47:01:972 Send 06 
17-05-18 at 10:47:01:987 Send 02 0A 1E 1E 00 00 00 01 01 00 05 02 0D 
17-05-18 at 10:47:02:002 Recived 06 02 02 1E 00 1C 
17-05-18 at 10:47:02:017 Send 06 
17-05-18 at 10:47:02:032 Send 05 
17-05-18 at 10:47:02:047 Recived 15 
17-05-18 at 10:47:02:047 Send 06 
17-05-18 at 10:47:02:062 Send 02 0A 1E 1E 00 00 00 01 01 00 23 01 28 
17-05-18 at 10:47:02:077 Recived 06 02 02 1E 00 1C 
17-05-18 at 10:47:02:092 Send 06 
17-05-18 at 10:47:02:107 Send 05 
17-05-18 at 10:47:02:122 Recived 15 
17-05-18 at 10:47:02:122 Send 06 
17-05-18 at 10:47:02:137 Send 02 0A 1E 1E 00 00 00 01 01 00 06 00 0C 
17-05-18 at 10:47:02:152 Recived 06 02 02 1E 00 1C 
17-05-18 at 10:47:02:167 Send 06 
17-05-18 at 10:47:02:182 Send 05 
17-05-18 at 10:47:02:197 Recived 15 
17-05-18 at 10:47:02:197 Send 06 
17-05-18 at 10:47:02:212 Send 02 0A 1E 1E 00 00 00 01 01 00 07 01 0C 
17-05-18 at 10:47:02:227 Recived 06 02 02 1E 00 1C 
17-05-18 at 10:47:02:242 Send 06 
17-05-18 at 10:47:02:257 Send 05 
17-05-18 at 10:47:02:272 Recived 15 
17-05-18 at 10:47:02:272 Send 06 
17-05-18 at 10:47:02:287 Send 02 0A 1E 1E 00 00 00 01 01 00 14 01 1F 
17-05-18 at 10:47:02:302 Recived 06 02 02 1E 00 1C 
17-05-18 at 10:47:02:317 Send 06 
17-05-18 at 10:47:02:332 Send 05 
17-05-18 at 10:47:02:347 Recived 15 
17-05-18 at 10:47:02:347 Send 06 
17-05-18 at 10:47:02:362 Send 02 0A 1E 1E 00 00 00 01 01 00 15 01 1E 
17-05-18 at 10:47:02:377 Recived 06 02 02 1E 00 1C 
17-05-18 at 10:47:02:392 Send 06 
17-05-18 at 10:47:02:407 Send 05 
17-05-18 at 10:47:02:422 Recived 15 
17-05-18 at 10:47:02:422 Send 06 
17-05-18 at 10:47:02:437 Send 02 0A 1E 1E 00 00 00 01 01 00 0F 00 05 
17-05-18 at 10:47:02:452 Recived 06 02 02 1E 00 1C 
17-05-18 at 10:47:02:467 Send 06 
17-05-18 at 10:47:02:482 Send 05 
17-05-18 at 10:47:02:497 Recived 15 
17-05-18 at 10:47:02:497 Send 06 
17-05-18 at 10:47:02:512 Send 02 0A 1E 1E 00 00 00 01 01 00 11 00 1B 
17-05-18 at 10:47:02:527 Recived 06 02 02 1E 00 1C 
17-05-18 at 10:47:02:543 Send 06 
17-05-18 at 10:47:02:558 Send 05 
17-05-18 at 10:47:02:573 Recived 15 
17-05-18 at 10:47:02:573 Send 06 
17-05-18 at 10:47:02:588 Send 02 0A 1E 1E 00 00 00 11 01 00 03 02 1B 
17-05-18 at 10:47:02:603 Recived 06 02 02 1E 00 1C 
17-05-18 at 10:47:02:618 Send 06 
17-05-18 at 10:47:02:633 Send 05 
17-05-18 at 10:47:02:648 Recived 15 
17-05-18 at 10:47:02:648 Send 06 
17-05-18 at 10:47:02:663 Send 02 0A 1E 1E 00 00 00 01 01 00 29 01 22 
17-05-18 at 10:47:02:678 Recived 06 02 02 1E 00 1C 
17-05-18 at 10:47:02:693 Send 06 
17-05-18 at 10:47:02:708 Send 05 
17-05-18 at 10:47:02:723 Recived 15 
17-05-18 at 10:47:02:723 Send 06 
17-05-18 at 10:47:02:738 Send 02 26 1E 1E 00 00 00 04 0C 00 01 20 20 20 20 20 20 20 20 20 20 20 C4 CE C1 D0 CE 20 CF CE C6 C0 CB CE C2 C0 D2 DC 21 00 D5 
17-05-18 at 10:47:02:756 Recived 06 02 02 1E 00 1C 
17-05-18 at 10:47:02:771 Send 06 
17-05-18 at 10:47:02:786 Send 05 
17-05-18 at 10:47:02:801 Recived 15 
17-05-18 at 10:47:02:801 Send 06 
17-05-18 at 10:47:02:816 Send 02 29 1E 1E 00 00 00 04 0D 00 01 20 20 20 20 20 20 20 20 CE CE CE 20 CA EE EC EF E0 ED E8 FF 20 27 CA CE CB CE D0 CB CE CD 27 00 CB 
17-05-18 at 10:47:02:834 Recived 06 02 02 1E 00 1C 
17-05-18 at 10:47:02:849 Send 06 
17-05-18 at 10:47:02:864 Send 05 
17-05-18 at 10:47:02:879 Recived 15 
17-05-18 at 10:47:02:879 Send 06 
17-05-18 at 10:47:02:894 Send 02 2D 1E 1E 00 00 00 04 0E 00 01 20 20 20 20 20 CC E0 E3 E0 E7 E8 ED 20 27 C2 F1 E5 20 F2 EE E2 E0 F0 FB 20 E4 EB FF 20 E4 EE EC E0 27 20 00 DE 
17-05-18 at 10:47:02:912 Recived 06 02 02 1E 00 1C 
17-05-18 at 10:47:02:927 Send 06 
17-05-18 at 10:47:02:949 now clear port error ...
17-05-18 at 10:47:02:949 now write to port ...
17-05-18 at 10:47:03:082 ... done
17-05-18 at 10:47:03:107 Send 05 
17-05-18 at 10:47:03:122 Recived 15 
17-05-18 at 10:47:03:122 Send 06 
17-05-18 at 10:47:03:137 Send 02 06 1A 1E 00 00 00 79 7B 
17-05-18 at 10:47:03:152 Recived 06 02 09 1A 00 1E 00 00 00 00 00 00 0D 
17-05-18 at 10:47:03:167 Send 06 
17-05-18 at 10:47:05:367 Cardreader  Антонов Сергей 
17-05-18 at 10:47:05:382 Send 05 
17-05-18 at 10:47:05:397 Recived 15 
17-05-18 at 10:47:05:397 Send 06 
17-05-18 at 10:47:05:412 Send 02 20 1E 1E 00 00 00 02 1E 00 02 CA E0 F1 F1 E8 F0 20 C0 ED F2 EE ED EE E2 20 D1 E5 F0 E3 E5 E9 20 00 D7 
17-05-18 at 10:47:05:430 Recived 06 02 02 1E 00 1C 
17-05-18 at 10:47:05:445 Send 06 
17-05-18 at 10:47:05:454 now clear port error ...
17-05-18 at 10:47:05:454 now write to port ...
17-05-18 at 10:47:05:588 ... done
17-05-18 at 10:47:06:375 Send 05 
17-05-18 at 10:47:06:390 Recived 15 
17-05-18 at 10:47:06:390 Send 06 
17-05-18 at 10:47:06:405 Send 02 06 FF 39 1E 00 00 00 DE 
17-05-18 at 10:47:06:420 Recived 06 02 10 FF 39 00 00 00 00 00 00 00 00 00 00 00 00 00 00 D6 
17-05-18 at 10:47:06:435 Send 06 
17-05-18 at 10:47:09:169 total calculated
17-05-18 at 10:47:09:170 now show on display
17-05-18 at 10:47:09:170                     Всего:         55.00
17-05-18 at 10:47:09:170 now clear port error ...
17-05-18 at 10:47:09:171 now write to port ...
17-05-18 at 10:47:09:304 ... done
17-05-18 at 10:47:09:305 Попытка очистки таблицы
17-05-18 at 10:47:09:305 Попытка очистки успешна
17-05-18 at 10:47:11:850 114
17-05-18 at 10:47:11:850 014
17-05-18 at 10:47:12:595 114
17-05-18 at 10:47:12:595 014
17-05-18 at 10:47:12:826 114
17-05-18 at 10:47:12:827 014
17-05-18 at 10:47:15:523 total calculated
17-05-18 at 10:47:15:524 now show on display
17-05-18 at 10:47:15:525                     Всего:         55.00
17-05-18 at 10:47:15:525 now clear port error ...
17-05-18 at 10:47:15:525 now write to port ...
17-05-18 at 10:47:15:659 ... done
17-05-18 at 10:47:15:660 total calculated
17-05-18 at 10:47:15:661 now show on display
17-05-18 at 10:47:15:661                     Всего:         55.00
17-05-18 at 10:47:15:662 now clear port error ...
17-05-18 at 10:47:15:662 now write to port ...
17-05-18 at 10:47:15:830 ... done
17-05-18 at 10:47:15:833 111
17-05-18 at 10:47:15:833 Выход из программы
17-05-18 at 10:49:14:548 Запуск программы. Инициализация считана из файла
17-05-18 at 10:49:14:549 Чек загружен.
17-05-18 at 10:49:14:549 Чек загружен.
17-05-18 at 10:49:14:550 total calculated
17-05-18 at 10:49:14:550 now show on display
17-05-18 at 10:49:14:550                     Всего:         55.00
17-05-18 at 10:49:14:550 now open port for display
17-05-18 at 10:49:14:551 Com port opened
17-05-18 at 10:49:14:551 now clear port error ...
17-05-18 at 10:49:14:552 now write to port ...
17-05-18 at 10:49:14:685 ... done
17-05-18 at 10:49:14:685 Чек сжат
17-05-18 at 10:49:14:685 Сумма чека посчитана
17-05-18 at 10:49:14:686 Кардридер создан
17-05-18 at 10:49:14:686 Задание запуска модулей создано
17-05-18 at 10:49:14:686 Сканер создан
17-05-18 at 10:49:14:687 Регистратор создан
17-05-18 at 10:49:14:687 Часы созданы
17-05-18 at 10:49:14:687 Регистратор запущен
17-05-18 at 10:49:14:687 Сканер запущен
17-05-18 at 10:49:14:687 Часы запущены
17-05-18 at 10:49:14:687 Кардридер запущен
17-05-18 at 10:49:14:688 Передача данных запущена
17-05-18 at 10:49:14:688 Вход в FRInit
17-05-18 at 10:49:14:689 Вход в GetStatus
17-05-18 at 10:49:14:703 Send 05 
17-05-18 at 10:49:14:718 Recived 15 
17-05-18 at 10:49:14:718 Send 06 
17-05-18 at 10:49:14:733 Send 02 05 11 1E 00 00 00 0A 
17-05-18 at 10:49:14:748 Recived 06 02 30 11 00 1E 43 31 1C B3 14 0C 11 01 69 00 B2 02 02 00 00 4E 41 00 00 01 01 10 11 05 12 0A 31 0E 00 2E 5D 00 00 22 00 00 00 00 00 EF 95 10 42 01 00 65 
17-05-18 at 10:49:14:763 Send 06 
17-05-18 at 10:49:14:765 KKMStatus 0000
17-05-18 at 10:49:14:778 Send 05 
17-05-18 at 10:49:14:793 Recived 15 
17-05-18 at 10:49:14:793 Send 06 
17-05-18 at 10:49:14:808 Send 02 05 11 1E 00 00 00 0A 
17-05-18 at 10:49:14:823 Recived 06 02 30 11 00 1E 43 31 1C B3 14 0C 11 01 69 00 B2 02 02 00 00 4E 41 00 00 01 01 10 11 05 12 0A 31 0E 00 2E 5D 00 00 22 00 00 00 00 00 EF 95 10 42 01 00 65 
17-05-18 at 10:49:14:838 Send 06 
17-05-18 at 10:49:14:840 KKMStatus 0200
17-05-18 at 10:49:14:840 Номер ФР считан
17-05-18 at 10:49:14:971 СУБД подключена
17-05-18 at 10:49:14:984 Send 05 
17-05-18 at 10:49:14:999 Recived 15 
17-05-18 at 10:49:14:999 Send 06 
17-05-18 at 10:49:15:014 Send 02 17 1E 1E 00 00 00 05 03 00 01 CA 41 D0 D2 CE C9 20 56 49 53 41 2F 4D 43 92 
17-05-18 at 10:49:15:030 Recived 06 02 02 1E 00 1C 
17-05-18 at 10:49:15:045 Send 06 
17-05-18 at 10:49:15:060 Send 05 
17-05-18 at 10:49:15:075 Recived 15 
17-05-18 at 10:49:15:075 Send 06 
17-05-18 at 10:49:15:090 Send 02 18 1E 1E 00 00 00 05 04 00 01 C4 D0 D3 C3 C8 CC C8 20 CA C0 D0 D2 C0 CC C8 3C 
17-05-18 at 10:49:15:106 Recived 06 02 02 1E 00 1C 
17-05-18 at 10:49:15:121 Send 06 
17-05-18 at 10:49:15:136 Send 05 
17-05-18 at 10:49:15:151 Recived 15 
17-05-18 at 10:49:15:151 Send 06 
17-05-18 at 10:49:15:166 Send 02 0A 1E 1E 00 00 00 01 01 00 01 01 0A 
17-05-18 at 10:49:15:181 Recived 06 02 02 1E 00 1C 
17-05-18 at 10:49:15:196 Send 06 
17-05-18 at 10:49:15:211 Send 05 
17-05-18 at 10:49:15:226 Recived 15 
17-05-18 at 10:49:15:226 Send 06 
17-05-18 at 10:49:15:241 Send 02 0A 1E 1E 00 00 00 01 01 00 05 02 0D 
17-05-18 at 10:49:15:256 Recived 06 02 02 1E 00 1C 
17-05-18 at 10:49:15:271 Send 06 
17-05-18 at 10:49:15:286 Send 05 
17-05-18 at 10:49:15:301 Recived 15 
17-05-18 at 10:49:15:301 Send 06 
17-05-18 at 10:49:15:316 Send 02 0A 1E 1E 00 00 00 01 01 00 23 01 28 
17-05-18 at 10:49:15:331 Recived 06 02 02 1E 00 1C 
17-05-18 at 10:49:15:346 Send 06 
17-05-18 at 10:49:15:361 Send 05 
17-05-18 at 10:49:15:376 Recived 15 
17-05-18 at 10:49:15:376 Send 06 
17-05-18 at 10:49:15:391 Send 02 0A 1E 1E 00 00 00 01 01 00 06 00 0C 
17-05-18 at 10:49:15:406 Recived 06 02 02 1E 00 1C 
17-05-18 at 10:49:15:421 Send 06 
17-05-18 at 10:49:15:436 Send 05 
17-05-18 at 10:49:15:451 Recived 15 
17-05-18 at 10:49:15:451 Send 06 
17-05-18 at 10:49:15:466 Send 02 0A 1E 1E 00 00 00 01 01 00 07 01 0C 
17-05-18 at 10:49:15:481 Recived 06 02 02 1E 00 1C 
17-05-18 at 10:49:15:496 Send 06 
17-05-18 at 10:49:15:511 Send 05 
17-05-18 at 10:49:15:526 Recived 15 
17-05-18 at 10:49:15:526 Send 06 
17-05-18 at 10:49:15:541 Send 02 0A 1E 1E 00 00 00 01 01 00 14 01 1F 
17-05-18 at 10:49:15:556 Recived 06 02 02 1E 00 1C 
17-05-18 at 10:49:15:571 Send 06 
17-05-18 at 10:49:15:586 Send 05 
17-05-18 at 10:49:15:601 Recived 15 
17-05-18 at 10:49:15:601 Send 06 
17-05-18 at 10:49:15:616 Send 02 0A 1E 1E 00 00 00 01 01 00 15 01 1E 
17-05-18 at 10:49:15:631 Recived 06 02 02 1E 00 1C 
17-05-18 at 10:49:15:646 Send 06 
17-05-18 at 10:49:15:661 Send 05 
17-05-18 at 10:49:15:676 Recived 15 
17-05-18 at 10:49:15:676 Send 06 
17-05-18 at 10:49:15:691 Send 02 0A 1E 1E 00 00 00 01 01 00 0F 00 05 
17-05-18 at 10:49:15:706 Recived 06 02 02 1E 00 1C 
17-05-18 at 10:49:15:721 Send 06 
17-05-18 at 10:49:15:736 Send 05 
17-05-18 at 10:49:15:751 Recived 15 
17-05-18 at 10:49:15:751 Send 06 
17-05-18 at 10:49:15:766 Send 02 0A 1E 1E 00 00 00 01 01 00 11 00 1B 
17-05-18 at 10:49:15:781 Recived 06 02 02 1E 00 1C 
17-05-18 at 10:49:15:796 Send 06 
17-05-18 at 10:49:15:811 Send 05 
17-05-18 at 10:49:15:826 Recived 15 
17-05-18 at 10:49:15:826 Send 06 
17-05-18 at 10:49:15:841 Send 02 0A 1E 1E 00 00 00 11 01 00 03 02 1B 
17-05-18 at 10:49:15:856 Recived 06 02 02 1E 00 1C 
17-05-18 at 10:49:15:871 Send 06 
17-05-18 at 10:49:15:886 Send 05 
17-05-18 at 10:49:15:901 Recived 15 
17-05-18 at 10:49:15:901 Send 06 
17-05-18 at 10:49:15:916 Send 02 0A 1E 1E 00 00 00 01 01 00 29 01 22 
17-05-18 at 10:49:15:931 Recived 06 02 02 1E 00 1C 
17-05-18 at 10:49:15:946 Send 06 
17-05-18 at 10:49:15:961 Send 05 
17-05-18 at 10:49:15:976 Recived 15 
17-05-18 at 10:49:15:976 Send 06 
17-05-18 at 10:49:15:991 Send 02 26 1E 1E 00 00 00 04 0C 00 01 20 20 20 20 20 20 20 20 20 20 20 C4 CE C1 D0 CE 20 CF CE C6 C0 CB CE C2 C0 D2 DC 21 00 D5 
17-05-18 at 10:49:16:009 Recived 06 02 02 1E 00 1C 
17-05-18 at 10:49:16:024 Send 06 
17-05-18 at 10:49:16:039 Send 05 
17-05-18 at 10:49:16:054 Recived 15 
17-05-18 at 10:49:16:054 Send 06 
17-05-18 at 10:49:16:069 Send 02 29 1E 1E 00 00 00 04 0D 00 01 20 20 20 20 20 20 20 20 CE CE CE 20 CA EE EC EF E0 ED E8 FF 20 27 CA CE CB CE D0 CB CE CD 27 00 CB 
17-05-18 at 10:49:16:087 Recived 06 02 02 1E 00 1C 
17-05-18 at 10:49:16:102 Send 06 
17-05-18 at 10:49:16:117 Send 05 
17-05-18 at 10:49:16:132 Recived 15 
17-05-18 at 10:49:16:132 Send 06 
17-05-18 at 10:49:16:147 Send 02 2D 1E 1E 00 00 00 04 0E 00 01 20 20 20 20 20 CC E0 E3 E0 E7 E8 ED 20 27 C2 F1 E5 20 F2 EE E2 E0 F0 FB 20 E4 EB FF 20 E4 EE EC E0 27 20 00 DE 
17-05-18 at 10:49:16:165 Recived 06 02 02 1E 00 1C 
17-05-18 at 10:49:16:180 Send 06 
17-05-18 at 10:49:16:196 now clear port error ...
17-05-18 at 10:49:16:196 now write to port ...
17-05-18 at 10:49:16:330 ... done
17-05-18 at 10:49:16:363 Send 05 
17-05-18 at 10:49:16:378 Recived 15 
17-05-18 at 10:49:16:378 Send 06 
17-05-18 at 10:49:16:393 Send 02 06 1A 1E 00 00 00 79 7B 
17-05-18 at 10:49:16:408 Recived 06 02 09 1A 00 1E 00 00 00 00 00 00 0D 
17-05-18 at 10:49:16:423 Send 06 
17-05-18 at 10:49:18:631 Cardreader  Антонов Сергей 
17-05-18 at 10:49:18:633 Send 05 
17-05-18 at 10:49:18:650 Recived 15 
17-05-18 at 10:49:18:650 Send 06 
17-05-18 at 10:49:18:665 Send 02 20 1E 1E 00 00 00 02 1E 00 02 CA E0 F1 F1 E8 F0 20 C0 ED F2 EE ED EE E2 20 D1 E5 F0 E3 E5 E9 20 00 D7 
17-05-18 at 10:49:18:683 Recived 06 02 02 1E 00 1C 
17-05-18 at 10:49:18:698 Send 06 
17-05-18 at 10:49:18:708 now clear port error ...
17-05-18 at 10:49:18:708 now write to port ...
17-05-18 at 10:49:18:841 ... done
17-05-18 at 10:49:19:643 Send 05 
17-05-18 at 10:49:19:658 Recived 15 
17-05-18 at 10:49:19:658 Send 06 
17-05-18 at 10:49:19:673 Send 02 06 FF 39 1E 00 00 00 DE 
17-05-18 at 10:49:19:688 Recived 06 02 10 FF 39 00 00 00 00 00 00 00 00 00 00 00 00 00 00 D6 
17-05-18 at 10:49:19:703 Send 06 
17-05-18 at 10:49:20:814 total calculated
17-05-18 at 10:49:20:816 now show on display
17-05-18 at 10:49:20:816                     Всего:         55.00
17-05-18 at 10:49:20:816 now clear port error ...
17-05-18 at 10:49:20:816 now write to port ...
17-05-18 at 10:49:20:950 ... done
17-05-18 at 10:49:20:950 Попытка очистки таблицы
17-05-18 at 10:49:20:951 Попытка очистки успешна
17-05-18 at 10:49:22:903 114
17-05-18 at 10:49:22:904 014
17-05-18 at 10:49:23:223 114
17-05-18 at 10:49:23:224 014
17-05-18 at 10:49:23:455 114
17-05-18 at 10:49:23:456 014
17-05-18 at 10:49:24:472 114
17-05-18 at 10:49:24:472 014
17-05-18 at 10:49:25:479 114
17-05-18 at 10:49:25:479 014
17-05-18 at 10:49:26:311 114
17-05-18 at 10:49:26:311 014
17-05-18 at 10:49:26:511 114
17-05-18 at 10:49:26:511 014
17-05-18 at 10:49:26:783 114
17-05-18 at 10:49:26:783 014
17-05-18 at 10:49:28:423 114
17-05-18 at 10:49:28:423 014
17-05-18 at 10:49:28:815 114
17-05-18 at 10:49:28:815 014
17-05-18 at 10:49:29:423 114
17-05-18 at 10:49:29:423 014
17-05-18 at 10:49:29:863 114
17-05-18 at 10:49:29:863 014
17-05-18 at 10:49:30:583 114
17-05-18 at 10:49:30:583 014
17-05-18 at 10:49:31:327 114
17-05-18 at 10:49:31:327 014
17-05-18 at 10:49:33:039 114
17-05-18 at 10:49:33:040 014
17-05-18 at 10:49:33:040 Ошибка контрольной суммы
17-05-18 at 10:49:34:136 114
17-05-18 at 10:49:34:136 014
17-05-18 at 10:49:35:152 114
17-05-18 at 10:49:35:152 014
17-05-18 at 10:49:35:903 114
17-05-18 at 10:49:35:904 014
17-05-18 at 10:49:36:127 114
17-05-18 at 10:49:36:128 014
17-05-18 at 10:49:37:463 114
17-05-18 at 10:49:37:464 014
17-05-18 at 10:49:38:679 114
17-05-18 at 10:49:38:680 014
17-05-18 at 10:49:38:999 114
17-05-18 at 10:49:39:000 014
17-05-18 at 10:49:40:943 114
17-05-18 at 10:49:40:944 014
17-05-18 at 10:49:41:551 114
17-05-18 at 10:49:41:551 014
17-05-18 at 10:49:45:288 114
17-05-18 at 10:49:45:288 014
17-05-18 at 10:49:45:479 114
17-05-18 at 10:49:45:480 014
17-05-18 at 10:49:46:952 114
17-05-18 at 10:49:46:952 014
17-05-18 at 10:49:47:552 114
17-05-18 at 10:49:47:552 014
17-05-18 at 10:49:47:552 114
17-05-18 at 10:49:47:552 014
17-05-18 at 10:49:50:928 total calculated
17-05-18 at 10:49:50:929 now show on display
17-05-18 at 10:49:50:930                     Всего:         55.00
17-05-18 at 10:49:50:930 now clear port error ...
17-05-18 at 10:49:50:930 now write to port ...
17-05-18 at 10:49:51:064 ... done
17-05-18 at 10:49:51:065 total calculated
17-05-18 at 10:49:51:066 now show on display
17-05-18 at 10:49:51:066                     Всего:         55.00
17-05-18 at 10:49:51:066 now clear port error ...
17-05-18 at 10:49:51:067 now write to port ...
17-05-18 at 10:49:51:236 ... done
17-05-18 at 10:49:51:238 111
17-05-18 at 10:49:51:238 Выход из программы
