23-10-18 at 00:01:11:186 Send 05 
23-10-18 at 00:01:11:207 Recived 15 
23-10-18 at 00:01:11:207 Send 06 
23-10-18 at 00:01:11:227 Send 02 06 FF 39 1E 00 00 00 DE 
23-10-18 at 00:01:11:247 Recived 06 02 10 FF 39 00 00 00 00 00 00 00 00 00 00 00 00 00 00 D6 
23-10-18 at 00:01:11:268 Send 06 
23-10-18 at 00:03:12:420 Send 05 
23-10-18 at 00:03:12:440 Recived 15 
23-10-18 at 00:03:12:440 Send 06 
23-10-18 at 00:03:12:460 Send 02 06 FF 39 1E 00 00 00 DE 
23-10-18 at 00:03:12:480 Recived 06 02 10 FF 39 00 00 00 00 00 00 00 00 00 00 00 00 00 00 D6 
23-10-18 at 00:03:12:500 Send 06 
23-10-18 at 00:05:13:652 Send 05 
23-10-18 at 00:05:13:672 Recived 15 
23-10-18 at 00:05:13:672 Send 06 
23-10-18 at 00:05:13:692 Send 02 06 FF 39 1E 00 00 00 DE 
23-10-18 at 00:05:13:712 Recived 06 02 10 FF 39 00 00 00 00 00 00 00 00 00 00 00 00 00 00 D6 
23-10-18 at 00:05:13:732 Send 06 
23-10-18 at 00:07:14:885 Send 05 
23-10-18 at 00:07:14:905 Recived 15 
23-10-18 at 00:07:14:905 Send 06 
23-10-18 at 00:07:14:925 Send 02 06 FF 39 1E 00 00 00 DE 
23-10-18 at 00:07:14:945 Recived 06 02 10 FF 39 00 00 00 00 00 00 00 00 00 00 00 00 00 00 D6 
23-10-18 at 00:07:14:965 Send 06 
23-10-18 at 00:09:16:117 Send 05 
23-10-18 at 00:09:16:137 Recived 15 
23-10-18 at 00:09:16:137 Send 06 
23-10-18 at 00:09:16:157 Send 02 06 FF 39 1E 00 00 00 DE 
23-10-18 at 00:09:16:177 Recived 06 02 10 FF 39 00 00 00 00 00 00 00 00 00 00 00 00 00 00 D6 
23-10-18 at 00:09:16:197 Send 06 
23-10-18 at 00:11:17:350 Send 05 
23-10-18 at 00:11:17:370 Recived 15 
23-10-18 at 00:11:17:370 Send 06 
23-10-18 at 00:11:17:390 Send 02 06 FF 39 1E 00 00 00 DE 
23-10-18 at 00:11:17:410 Recived 06 02 10 FF 39 00 00 00 00 00 00 00 00 00 00 00 00 00 00 D6 
23-10-18 at 00:11:17:430 Send 06 
23-10-18 at 00:13:18:582 Send 05 
23-10-18 at 00:13:18:602 Recived 15 
23-10-18 at 00:13:18:602 Send 06 
23-10-18 at 00:13:18:622 Send 02 06 FF 39 1E 00 00 00 DE 
23-10-18 at 00:13:18:642 Recived 06 02 10 FF 39 00 00 00 00 00 00 00 00 00 00 00 00 00 00 D6 
23-10-18 at 00:13:18:662 Send 06 
23-10-18 at 00:15:19:814 Send 05 
23-10-18 at 00:15:19:834 Recived 15 
23-10-18 at 00:15:19:834 Send 06 
23-10-18 at 00:15:19:854 Send 02 06 FF 39 1E 00 00 00 DE 
23-10-18 at 00:15:19:874 Recived 06 02 10 FF 39 00 00 00 00 00 00 00 00 00 00 00 00 00 00 D6 
23-10-18 at 00:15:19:894 Send 06 
23-10-18 at 00:17:21:043 Send 05 
23-10-18 at 00:17:21:063 Recived 15 
23-10-18 at 00:17:21:063 Send 06 
23-10-18 at 00:17:21:083 Send 02 06 FF 39 1E 00 00 00 DE 
23-10-18 at 00:17:21:103 Recived 06 02 10 FF 39 00 00 00 00 00 00 00 00 00 00 00 00 00 00 D6 
23-10-18 at 00:17:21:123 Send 06 
23-10-18 at 00:19:22:276 Send 05 
23-10-18 at 00:19:22:296 Recived 15 
23-10-18 at 00:19:22:296 Send 06 
23-10-18 at 00:19:22:316 Send 02 06 FF 39 1E 00 00 00 DE 
23-10-18 at 00:19:22:336 Recived 06 02 10 FF 39 00 00 00 00 00 00 00 00 00 00 00 00 00 00 D6 
23-10-18 at 00:19:22:356 Send 06 
23-10-18 at 00:21:23:496 Send 05 
23-10-18 at 00:21:23:516 Recived 15 
23-10-18 at 00:21:23:516 Send 06 
23-10-18 at 00:21:23:536 Send 02 06 FF 39 1E 00 00 00 DE 
23-10-18 at 00:21:23:556 Recived 06 02 10 FF 39 00 00 00 00 00 00 00 00 00 00 00 00 00 00 D6 
23-10-18 at 00:21:23:576 Send 06 
23-10-18 at 00:23:24:728 Send 05 
23-10-18 at 00:23:24:748 Recived 15 
23-10-18 at 00:23:24:748 Send 06 
23-10-18 at 00:23:24:768 Send 02 06 FF 39 1E 00 00 00 DE 
23-10-18 at 00:23:24:788 Recived 06 02 10 FF 39 00 00 00 00 00 00 00 00 00 00 00 00 00 00 D6 
23-10-18 at 00:23:24:808 Send 06 
23-10-18 at 00:25:25:960 Send 05 
23-10-18 at 00:25:25:980 Recived 15 
23-10-18 at 00:25:25:980 Send 06 
23-10-18 at 00:25:26:000 Send 02 06 FF 39 1E 00 00 00 DE 
23-10-18 at 00:25:26:020 Recived 06 02 10 FF 39 00 00 00 00 00 00 00 00 00 00 00 00 00 00 D6 
23-10-18 at 00:25:26:040 Send 06 
23-10-18 at 00:27:27:192 Send 05 
23-10-18 at 00:27:27:212 Recived 15 
23-10-18 at 00:27:27:212 Send 06 
23-10-18 at 00:27:27:232 Send 02 06 FF 39 1E 00 00 00 DE 
23-10-18 at 00:27:27:252 Recived 06 02 10 FF 39 00 00 00 00 00 00 00 00 00 00 00 00 00 00 D6 
23-10-18 at 00:27:27:272 Send 06 
23-10-18 at 00:29:28:424 Send 05 
23-10-18 at 00:29:28:444 Recived 15 
23-10-18 at 00:29:28:444 Send 06 
23-10-18 at 00:29:28:464 Send 02 06 FF 39 1E 00 00 00 DE 
23-10-18 at 00:29:28:484 Recived 06 02 10 FF 39 00 00 00 00 00 00 00 00 00 00 00 00 00 00 D6 
23-10-18 at 00:29:28:504 Send 06 
23-10-18 at 00:31:29:657 Send 05 
23-10-18 at 00:31:29:677 Recived 15 
23-10-18 at 00:31:29:677 Send 06 
23-10-18 at 00:31:29:697 Send 02 06 FF 39 1E 00 00 00 DE 
23-10-18 at 00:31:29:717 Recived 06 02 10 FF 39 00 00 00 00 00 00 00 00 00 00 00 00 00 00 D6 
23-10-18 at 00:31:29:737 Send 06 
23-10-18 at 00:33:30:889 Send 05 
23-10-18 at 00:33:30:909 Recived 15 
23-10-18 at 00:33:30:909 Send 06 
23-10-18 at 00:33:30:929 Send 02 06 FF 39 1E 00 00 00 DE 
23-10-18 at 00:33:30:949 Recived 06 02 10 FF 39 00 00 00 00 00 00 00 00 00 00 00 00 00 00 D6 
23-10-18 at 00:33:30:969 Send 06 
23-10-18 at 00:35:32:122 Send 05 
23-10-18 at 00:35:32:142 Recived 15 
23-10-18 at 00:35:32:142 Send 06 
23-10-18 at 00:35:32:162 Send 02 06 FF 39 1E 00 00 00 DE 
23-10-18 at 00:35:32:182 Recived 06 02 10 FF 39 00 00 00 00 00 00 00 00 00 00 00 00 00 00 D6 
23-10-18 at 00:35:32:202 Send 06 
23-10-18 at 00:37:33:340 Send 05 
23-10-18 at 00:37:33:360 Recived 15 
23-10-18 at 00:37:33:360 Send 06 
23-10-18 at 00:37:33:380 Send 02 06 FF 39 1E 00 00 00 DE 
23-10-18 at 00:37:33:400 Recived 06 02 10 FF 39 00 00 00 00 00 00 00 00 00 00 00 00 00 00 D6 
23-10-18 at 00:37:33:420 Send 06 
23-10-18 at 00:39:34:572 Send 05 
23-10-18 at 00:39:34:592 Recived 15 
23-10-18 at 00:39:34:592 Send 06 
23-10-18 at 00:39:34:612 Send 02 06 FF 39 1E 00 00 00 DE 
23-10-18 at 00:39:34:632 Recived 06 02 10 FF 39 00 00 00 00 00 00 00 00 00 00 00 00 00 00 D6 
23-10-18 at 00:39:34:652 Send 06 
23-10-18 at 00:41:35:795 Send 05 
23-10-18 at 00:41:35:815 Recived 15 
23-10-18 at 00:41:35:815 Send 06 
23-10-18 at 00:41:35:835 Send 02 06 FF 39 1E 00 00 00 DE 
23-10-18 at 00:41:35:855 Recived 06 02 10 FF 39 00 00 00 00 00 00 00 00 00 00 00 00 00 00 D6 
23-10-18 at 00:41:35:875 Send 06 
23-10-18 at 00:43:37:027 Send 05 
23-10-18 at 00:43:37:047 Recived 15 
23-10-18 at 00:43:37:047 Send 06 
23-10-18 at 00:43:37:067 Send 02 06 FF 39 1E 00 00 00 DE 
23-10-18 at 00:43:37:087 Recived 06 02 10 FF 39 00 00 00 00 00 00 00 00 00 00 00 00 00 00 D6 
23-10-18 at 00:43:37:107 Send 06 
23-10-18 at 00:45:38:259 Send 05 
23-10-18 at 00:45:38:279 Recived 15 
23-10-18 at 00:45:38:279 Send 06 
23-10-18 at 00:45:38:299 Send 02 06 FF 39 1E 00 00 00 DE 
23-10-18 at 00:45:38:319 Recived 06 02 10 FF 39 00 00 00 00 00 00 00 00 00 00 00 00 00 00 D6 
23-10-18 at 00:45:38:339 Send 06 
23-10-18 at 00:47:39:489 Send 05 
23-10-18 at 00:47:39:509 Recived 15 
23-10-18 at 00:47:39:509 Send 06 
23-10-18 at 00:47:39:529 Send 02 06 FF 39 1E 00 00 00 DE 
23-10-18 at 00:47:39:549 Recived 06 02 10 FF 39 00 00 00 00 00 00 00 00 00 00 00 00 00 00 D6 
23-10-18 at 00:47:39:569 Send 06 
23-10-18 at 00:49:40:721 Send 05 
23-10-18 at 00:49:40:741 Recived 15 
23-10-18 at 00:49:40:741 Send 06 
23-10-18 at 00:49:40:761 Send 02 06 FF 39 1E 00 00 00 DE 
23-10-18 at 00:49:40:781 Recived 06 02 10 FF 39 00 00 00 00 00 00 00 00 00 00 00 00 00 00 D6 
23-10-18 at 00:49:40:801 Send 06 
23-10-18 at 00:51:41:955 Send 05 
23-10-18 at 00:51:41:975 Recived 15 
23-10-18 at 00:51:41:975 Send 06 
23-10-18 at 00:51:41:995 Send 02 06 FF 39 1E 00 00 00 DE 
23-10-18 at 00:51:42:015 Recived 06 02 10 FF 39 00 00 00 00 00 00 00 00 00 00 00 00 00 00 D6 
23-10-18 at 00:51:42:035 Send 06 
23-10-18 at 00:53:43:187 Send 05 
23-10-18 at 00:53:43:207 Recived 15 
23-10-18 at 00:53:43:207 Send 06 
23-10-18 at 00:53:43:227 Send 02 06 FF 39 1E 00 00 00 DE 
23-10-18 at 00:53:43:247 Recived 06 02 10 FF 39 00 00 00 00 00 00 00 00 00 00 00 00 00 00 D6 
23-10-18 at 00:53:43:267 Send 06 
23-10-18 at 00:55:44:419 Send 05 
23-10-18 at 00:55:44:439 Recived 15 
23-10-18 at 00:55:44:439 Send 06 
23-10-18 at 00:55:44:459 Send 02 06 FF 39 1E 00 00 00 DE 
23-10-18 at 00:55:44:479 Recived 06 02 10 FF 39 00 00 00 00 00 00 00 00 00 00 00 00 00 00 D6 
23-10-18 at 00:55:44:499 Send 06 
23-10-18 at 00:57:45:679 Send 05 
23-10-18 at 00:57:45:699 Recived 15 
23-10-18 at 00:57:45:699 Send 06 
23-10-18 at 00:57:45:719 Send 02 06 FF 39 1E 00 00 00 DE 
23-10-18 at 00:57:45:739 Recived 06 02 10 FF 39 00 00 00 00 00 00 00 00 00 00 00 00 00 00 D6 
23-10-18 at 00:57:45:759 Send 06 
23-10-18 at 00:59:46:911 Send 05 
23-10-18 at 00:59:46:931 Recived 15 
23-10-18 at 00:59:46:931 Send 06 
23-10-18 at 00:59:46:951 Send 02 06 FF 39 1E 00 00 00 DE 
23-10-18 at 00:59:46:971 Recived 06 02 10 FF 39 00 00 00 00 00 00 00 00 00 00 00 00 00 00 D6 
23-10-18 at 00:59:46:991 Send 06 
23-10-18 at 01:01:48:143 Send 05 
23-10-18 at 01:01:48:163 Recived 15 
23-10-18 at 01:01:48:163 Send 06 
23-10-18 at 01:01:48:183 Send 02 06 FF 39 1E 00 00 00 DE 
23-10-18 at 01:01:48:203 Recived 06 02 10 FF 39 00 00 00 00 00 00 00 00 00 00 00 00 00 00 D6 
23-10-18 at 01:01:48:223 Send 06 
23-10-18 at 01:03:49:371 Send 05 
23-10-18 at 01:03:49:391 Recived 15 
23-10-18 at 01:03:49:391 Send 06 
23-10-18 at 01:03:49:411 Send 02 06 FF 39 1E 00 00 00 DE 
23-10-18 at 01:03:49:431 Recived 06 02 10 FF 39 00 00 00 00 00 00 00 00 00 00 00 00 00 00 D6 
23-10-18 at 01:03:49:451 Send 06 
23-10-18 at 01:05:50:603 Send 05 
23-10-18 at 01:05:50:623 Recived 15 
23-10-18 at 01:05:50:623 Send 06 
23-10-18 at 01:05:50:643 Send 02 06 FF 39 1E 00 00 00 DE 
23-10-18 at 01:05:50:663 Recived 06 02 10 FF 39 00 00 00 00 00 00 00 00 00 00 00 00 00 00 D6 
23-10-18 at 01:05:50:683 Send 06 
23-10-18 at 01:07:51:839 Send 05 
23-10-18 at 01:07:51:859 Recived 15 
23-10-18 at 01:07:51:859 Send 06 
23-10-18 at 01:07:51:879 Send 02 06 FF 39 1E 00 00 00 DE 
23-10-18 at 01:07:51:899 Recived 06 02 10 FF 39 00 00 00 00 00 00 00 00 00 00 00 00 00 00 D6 
23-10-18 at 01:07:51:919 Send 06 
23-10-18 at 01:09:53:071 Send 05 
23-10-18 at 01:09:53:091 Recived 15 
23-10-18 at 01:09:53:091 Send 06 
23-10-18 at 01:09:53:111 Send 02 06 FF 39 1E 00 00 00 DE 
23-10-18 at 01:09:53:131 Recived 06 02 10 FF 39 00 00 00 00 00 00 00 00 00 00 00 00 00 00 D6 
23-10-18 at 01:09:53:151 Send 06 
23-10-18 at 01:11:54:303 Send 05 
23-10-18 at 01:11:54:323 Recived 15 
23-10-18 at 01:11:54:323 Send 06 
23-10-18 at 01:11:54:343 Send 02 06 FF 39 1E 00 00 00 DE 
23-10-18 at 01:11:54:363 Recived 06 02 10 FF 39 00 00 00 00 00 00 00 00 00 00 00 00 00 00 D6 
23-10-18 at 01:11:54:383 Send 06 
23-10-18 at 01:13:55:522 Send 05 
23-10-18 at 01:13:55:542 Recived 15 
23-10-18 at 01:13:55:542 Send 06 
23-10-18 at 01:13:55:562 Send 02 06 FF 39 1E 00 00 00 DE 
23-10-18 at 01:13:55:582 Recived 06 02 10 FF 39 00 00 00 00 00 00 00 00 00 00 00 00 00 00 D6 
23-10-18 at 01:13:55:602 Send 06 
23-10-18 at 01:15:56:754 Send 05 
23-10-18 at 01:15:56:774 Recived 15 
23-10-18 at 01:15:56:774 Send 06 
23-10-18 at 01:15:56:794 Send 02 06 FF 39 1E 00 00 00 DE 
23-10-18 at 01:15:56:814 Recived 06 02 10 FF 39 00 00 00 00 00 00 00 00 00 00 00 00 00 00 D6 
23-10-18 at 01:15:56:834 Send 06 
23-10-18 at 01:17:57:974 Send 05 
23-10-18 at 01:17:57:994 Recived 15 
23-10-18 at 01:17:57:994 Send 06 
23-10-18 at 01:17:58:014 Send 02 06 FF 39 1E 00 00 00 DE 
23-10-18 at 01:17:58:034 Recived 06 02 10 FF 39 00 00 00 00 00 00 00 00 00 00 00 00 00 00 D6 
23-10-18 at 01:17:58:054 Send 06 
23-10-18 at 01:19:59:206 Send 05 
23-10-18 at 01:19:59:226 Recived 15 
23-10-18 at 01:19:59:226 Send 06 
23-10-18 at 01:19:59:246 Send 02 06 FF 39 1E 00 00 00 DE 
23-10-18 at 01:19:59:266 Recived 06 02 10 FF 39 00 00 00 00 00 00 00 00 00 00 00 00 00 00 D6 
23-10-18 at 01:19:59:286 Send 06 
23-10-18 at 01:22:00:438 Send 05 
23-10-18 at 01:22:00:458 Recived 15 
23-10-18 at 01:22:00:458 Send 06 
23-10-18 at 01:22:00:478 Send 02 06 FF 39 1E 00 00 00 DE 
23-10-18 at 01:22:00:498 Recived 06 02 10 FF 39 00 00 00 00 00 00 00 00 00 00 00 00 00 00 D6 
23-10-18 at 01:22:00:518 Send 06 
23-10-18 at 01:24:01:658 Send 05 
23-10-18 at 01:24:01:678 Recived 15 
23-10-18 at 01:24:01:678 Send 06 
23-10-18 at 01:24:01:698 Send 02 06 FF 39 1E 00 00 00 DE 
23-10-18 at 01:24:01:718 Recived 06 02 10 FF 39 00 00 00 00 00 00 00 00 00 00 00 00 00 00 D6 
23-10-18 at 01:24:01:738 Send 06 
23-10-18 at 01:26:02:891 Send 05 
23-10-18 at 01:26:02:911 Recived 15 
23-10-18 at 01:26:02:911 Send 06 
23-10-18 at 01:26:02:931 Send 02 06 FF 39 1E 00 00 00 DE 
23-10-18 at 01:26:02:951 Recived 06 02 10 FF 39 00 00 00 00 00 00 00 00 00 00 00 00 00 00 D6 
23-10-18 at 01:26:02:971 Send 06 
23-10-18 at 01:28:04:124 Send 05 
23-10-18 at 01:28:04:144 Recived 15 
23-10-18 at 01:28:04:144 Send 06 
23-10-18 at 01:28:04:164 Send 02 06 FF 39 1E 00 00 00 DE 
23-10-18 at 01:28:04:184 Recived 06 02 10 FF 39 00 00 00 00 00 00 00 00 00 00 00 00 00 00 D6 
23-10-18 at 01:28:04:204 Send 06 
23-10-18 at 01:30:05:356 Send 05 
23-10-18 at 01:30:05:376 Recived 15 
23-10-18 at 01:30:05:376 Send 06 
23-10-18 at 01:30:05:396 Send 02 06 FF 39 1E 00 00 00 DE 
23-10-18 at 01:30:05:416 Recived 06 02 10 FF 39 00 00 00 00 00 00 00 00 00 00 00 00 00 00 D6 
23-10-18 at 01:30:05:436 Send 06 
23-10-18 at 01:32:06:588 Send 05 
23-10-18 at 01:32:06:608 Recived 15 
23-10-18 at 01:32:06:608 Send 06 
23-10-18 at 01:32:06:628 Send 02 06 FF 39 1E 00 00 00 DE 
23-10-18 at 01:32:06:648 Recived 06 02 10 FF 39 00 00 00 00 00 00 00 00 00 00 00 00 00 00 D6 
23-10-18 at 01:32:06:668 Send 06 
23-10-18 at 01:34:07:803 Send 05 
23-10-18 at 01:34:07:823 Recived 15 
23-10-18 at 01:34:07:823 Send 06 
23-10-18 at 01:34:07:843 Send 02 06 FF 39 1E 00 00 00 DE 
23-10-18 at 01:34:07:863 Recived 06 02 10 FF 39 00 00 00 00 00 00 00 00 00 00 00 00 00 00 D6 
23-10-18 at 01:34:07:883 Send 06 
23-10-18 at 01:36:09:035 Send 05 
23-10-18 at 01:36:09:055 Recived 15 
23-10-18 at 01:36:09:055 Send 06 
23-10-18 at 01:36:09:075 Send 02 06 FF 39 1E 00 00 00 DE 
23-10-18 at 01:36:09:096 Recived 06 02 10 FF 39 00 00 00 00 00 00 00 00 00 00 00 00 00 00 D6 
23-10-18 at 01:36:09:116 Send 06 
23-10-18 at 01:38:10:265 Send 05 
23-10-18 at 01:38:10:285 Recived 15 
23-10-18 at 01:38:10:285 Send 06 
23-10-18 at 01:38:10:305 Send 02 06 FF 39 1E 00 00 00 DE 
23-10-18 at 01:38:10:325 Recived 06 02 10 FF 39 00 00 00 00 00 00 00 00 00 00 00 00 00 00 D6 
23-10-18 at 01:38:10:345 Send 06 
23-10-18 at 01:40:11:497 Send 05 
23-10-18 at 01:40:11:517 Recived 15 
23-10-18 at 01:40:11:517 Send 06 
23-10-18 at 01:40:11:537 Send 02 06 FF 39 1E 00 00 00 DE 
23-10-18 at 01:40:11:557 Recived 06 02 10 FF 39 00 00 00 00 00 00 00 00 00 00 00 00 00 00 D6 
23-10-18 at 01:40:11:577 Send 06 
23-10-18 at 01:42:12:730 Send 05 
23-10-18 at 01:42:12:750 Recived 15 
23-10-18 at 01:42:12:750 Send 06 
23-10-18 at 01:42:12:770 Send 02 06 FF 39 1E 00 00 00 DE 
23-10-18 at 01:42:12:790 Recived 06 02 10 FF 39 00 00 00 00 00 00 00 00 00 00 00 00 00 00 D6 
23-10-18 at 01:42:12:810 Send 06 
23-10-18 at 01:44:13:965 Send 05 
23-10-18 at 01:44:13:985 Recived 15 
23-10-18 at 01:44:13:985 Send 06 
23-10-18 at 01:44:14:005 Send 02 06 FF 39 1E 00 00 00 DE 
23-10-18 at 01:44:14:025 Recived 06 02 10 FF 39 00 00 00 00 00 00 00 00 00 00 00 00 00 00 D6 
23-10-18 at 01:44:14:045 Send 06 
23-10-18 at 01:46:15:197 Send 05 
23-10-18 at 01:46:15:217 Recived 15 
23-10-18 at 01:46:15:217 Send 06 
23-10-18 at 01:46:15:237 Send 02 06 FF 39 1E 00 00 00 DE 
23-10-18 at 01:46:15:257 Recived 06 02 10 FF 39 00 00 00 00 00 00 00 00 00 00 00 00 00 00 D6 
23-10-18 at 01:46:15:277 Send 06 
23-10-18 at 01:48:16:430 Send 05 
23-10-18 at 01:48:16:450 Recived 15 
23-10-18 at 01:48:16:450 Send 06 
23-10-18 at 01:48:16:470 Send 02 06 FF 39 1E 00 00 00 DE 
23-10-18 at 01:48:16:490 Recived 06 02 10 FF 39 00 00 00 00 00 00 00 00 00 00 00 00 00 00 D6 
23-10-18 at 01:48:16:510 Send 06 
23-10-18 at 01:50:17:662 Send 05 
23-10-18 at 01:50:17:682 Recived 15 
23-10-18 at 01:50:17:682 Send 06 
23-10-18 at 01:50:17:702 Send 02 06 FF 39 1E 00 00 00 DE 
23-10-18 at 01:50:17:722 Recived 06 02 10 FF 39 00 00 00 00 00 00 00 00 00 00 00 00 00 00 D6 
23-10-18 at 01:50:17:742 Send 06 
23-10-18 at 01:52:18:894 Send 05 
23-10-18 at 01:52:18:914 Recived 15 
23-10-18 at 01:52:18:914 Send 06 
23-10-18 at 01:52:18:934 Send 02 06 FF 39 1E 00 00 00 DE 
23-10-18 at 01:52:18:954 Recived 06 02 10 FF 39 00 00 00 00 00 00 00 00 00 00 00 00 00 00 D6 
23-10-18 at 01:52:18:974 Send 06 
23-10-18 at 01:54:20:108 Send 05 
23-10-18 at 01:54:20:128 Recived 15 
23-10-18 at 01:54:20:128 Send 06 
23-10-18 at 01:54:20:148 Send 02 06 FF 39 1E 00 00 00 DE 
23-10-18 at 01:54:20:168 Recived 06 02 10 FF 39 00 00 00 00 00 00 00 00 00 00 00 00 00 00 D6 
23-10-18 at 01:54:20:188 Send 06 
23-10-18 at 01:56:21:340 Send 05 
23-10-18 at 01:56:21:360 Recived 15 
23-10-18 at 01:56:21:360 Send 06 
23-10-18 at 01:56:21:380 Send 02 06 FF 39 1E 00 00 00 DE 
23-10-18 at 01:56:21:400 Recived 06 02 10 FF 39 00 00 00 00 00 00 00 00 00 00 00 00 00 00 D6 
23-10-18 at 01:56:21:420 Send 06 
23-10-18 at 01:58:22:561 Send 05 
23-10-18 at 01:58:22:581 Recived 15 
23-10-18 at 01:58:22:581 Send 06 
23-10-18 at 01:58:22:601 Send 02 06 FF 39 1E 00 00 00 DE 
23-10-18 at 01:58:22:621 Recived 06 02 10 FF 39 00 00 00 00 00 00 00 00 00 00 00 00 00 00 D6 
23-10-18 at 01:58:22:641 Send 06 
23-10-18 at 02:00:23:793 Send 05 
23-10-18 at 02:00:23:813 Recived 15 
23-10-18 at 02:00:23:813 Send 06 
23-10-18 at 02:00:23:833 Send 02 06 FF 39 1E 00 00 00 DE 
23-10-18 at 02:00:23:853 Recived 06 02 10 FF 39 00 00 00 00 00 00 00 00 00 00 00 00 00 00 D6 
23-10-18 at 02:00:23:873 Send 06 
23-10-18 at 02:02:25:025 Send 05 
23-10-18 at 02:02:25:045 Recived 15 
23-10-18 at 02:02:25:045 Send 06 
23-10-18 at 02:02:25:065 Send 02 06 FF 39 1E 00 00 00 DE 
23-10-18 at 02:02:25:085 Recived 06 02 10 FF 39 00 00 00 00 00 00 00 00 00 00 00 00 00 00 D6 
23-10-18 at 02:02:25:105 Send 06 
23-10-18 at 02:04:26:240 Send 05 
23-10-18 at 02:04:26:260 Recived 15 
23-10-18 at 02:04:26:260 Send 06 
23-10-18 at 02:04:26:280 Send 02 06 FF 39 1E 00 00 00 DE 
23-10-18 at 02:04:26:300 Recived 06 02 10 FF 39 00 00 00 00 00 00 00 00 00 00 00 00 00 00 D6 
23-10-18 at 02:04:26:320 Send 06 
23-10-18 at 02:06:27:472 Send 05 
23-10-18 at 02:06:27:492 Recived 15 
23-10-18 at 02:06:27:492 Send 06 
23-10-18 at 02:06:27:512 Send 02 06 FF 39 1E 00 00 00 DE 
23-10-18 at 02:06:27:532 Recived 06 02 10 FF 39 00 00 00 00 00 00 00 00 00 00 00 00 00 00 D6 
23-10-18 at 02:06:27:552 Send 06 
23-10-18 at 02:08:28:691 Send 05 
23-10-18 at 02:08:28:711 Recived 15 
23-10-18 at 02:08:28:711 Send 06 
23-10-18 at 02:08:28:731 Send 02 06 FF 39 1E 00 00 00 DE 
23-10-18 at 02:08:28:751 Recived 06 02 10 FF 39 00 00 00 00 00 00 00 00 00 00 00 00 00 00 D6 
23-10-18 at 02:08:28:771 Send 06 
23-10-18 at 02:10:29:923 Send 05 
23-10-18 at 02:10:29:943 Recived 15 
23-10-18 at 02:10:29:943 Send 06 
23-10-18 at 02:10:29:963 Send 02 06 FF 39 1E 00 00 00 DE 
23-10-18 at 02:10:29:983 Recived 06 02 10 FF 39 00 00 00 00 00 00 00 00 00 00 00 00 00 00 D6 
23-10-18 at 02:10:30:003 Send 06 
23-10-18 at 02:12:31:155 Send 05 
23-10-18 at 02:12:31:175 Recived 15 
23-10-18 at 02:12:31:175 Send 06 
23-10-18 at 02:12:31:195 Send 02 06 FF 39 1E 00 00 00 DE 
23-10-18 at 02:12:31:215 Recived 06 02 10 FF 39 00 00 00 00 00 00 00 00 00 00 00 00 00 00 D6 
23-10-18 at 02:12:31:235 Send 06 
23-10-18 at 02:14:32:388 Send 05 
23-10-18 at 02:14:32:408 Recived 15 
23-10-18 at 02:14:32:408 Send 06 
23-10-18 at 02:14:32:428 Send 02 06 FF 39 1E 00 00 00 DE 
23-10-18 at 02:14:32:448 Recived 06 02 10 FF 39 00 00 00 00 00 00 00 00 00 00 00 00 00 00 D6 
23-10-18 at 02:14:32:468 Send 06 
23-10-18 at 02:16:33:620 Send 05 
23-10-18 at 02:16:33:640 Recived 15 
23-10-18 at 02:16:33:640 Send 06 
23-10-18 at 02:16:33:660 Send 02 06 FF 39 1E 00 00 00 DE 
23-10-18 at 02:16:33:680 Recived 06 02 10 FF 39 00 00 00 00 00 00 00 00 00 00 00 00 00 00 D6 
23-10-18 at 02:16:33:700 Send 06 
23-10-18 at 02:18:34:861 Send 05 
23-10-18 at 02:18:34:881 Recived 15 
23-10-18 at 02:18:34:881 Send 06 
23-10-18 at 02:18:34:901 Send 02 06 FF 39 1E 00 00 00 DE 
23-10-18 at 02:18:34:921 Recived 06 02 10 FF 39 00 00 00 00 00 00 00 00 00 00 00 00 00 00 D6 
23-10-18 at 02:18:34:941 Send 06 
23-10-18 at 02:20:36:093 Send 05 
23-10-18 at 02:20:36:113 Recived 15 
23-10-18 at 02:20:36:113 Send 06 
23-10-18 at 02:20:36:133 Send 02 06 FF 39 1E 00 00 00 DE 
23-10-18 at 02:20:36:153 Recived 06 02 10 FF 39 00 00 00 00 00 00 00 00 00 00 00 00 00 00 D6 
23-10-18 at 02:20:36:173 Send 06 
23-10-18 at 02:22:36:994 Send 05 
23-10-18 at 02:22:37:013 Recived 15 
23-10-18 at 02:22:37:013 Send 06 
23-10-18 at 02:22:37:033 Send 02 06 FF 39 1E 00 00 00 DE 
23-10-18 at 02:22:37:053 Recived 06 02 10 FF 39 00 00 00 00 00 00 00 00 00 00 00 00 00 00 D6 
23-10-18 at 02:22:37:073 Send 06 
23-10-18 at 02:24:37:838 Send 05 
23-10-18 at 02:24:37:858 Recived 15 
23-10-18 at 02:24:37:858 Send 06 
23-10-18 at 02:24:37:878 Send 02 06 FF 39 1E 00 00 00 DE 
23-10-18 at 02:24:37:898 Recived 06 02 10 FF 39 00 00 00 00 00 00 00 00 00 00 00 00 00 00 D6 
23-10-18 at 02:24:37:918 Send 06 
23-10-18 at 02:26:38:746 Send 05 
23-10-18 at 02:26:38:766 Recived 15 
23-10-18 at 02:26:38:766 Send 06 
23-10-18 at 02:26:38:786 Send 02 06 FF 39 1E 00 00 00 DE 
23-10-18 at 02:26:38:806 Recived 06 02 10 FF 39 00 00 00 00 00 00 00 00 00 00 00 00 00 00 D6 
23-10-18 at 02:26:38:826 Send 06 
23-10-18 at 02:28:39:838 Send 05 
23-10-18 at 02:28:39:858 Recived 15 
23-10-18 at 02:28:39:858 Send 06 
23-10-18 at 02:28:39:878 Send 02 06 FF 39 1E 00 00 00 DE 
23-10-18 at 02:28:39:898 Recived 06 02 10 FF 39 00 00 00 00 00 00 00 00 00 00 00 00 00 00 D6 
23-10-18 at 02:28:39:918 Send 06 
23-10-18 at 02:30:40:925 Send 05 
23-10-18 at 02:30:40:945 Recived 15 
23-10-18 at 02:30:40:945 Send 06 
23-10-18 at 02:30:40:965 Send 02 06 FF 39 1E 00 00 00 DE 
23-10-18 at 02:30:40:985 Recived 06 02 10 FF 39 00 00 00 00 00 00 00 00 00 00 00 00 00 00 D6 
23-10-18 at 02:30:41:005 Send 06 
23-10-18 at 02:32:42:084 Send 05 
23-10-18 at 02:32:42:104 Recived 15 
23-10-18 at 02:32:42:104 Send 06 
23-10-18 at 02:32:42:124 Send 02 06 FF 39 1E 00 00 00 DE 
23-10-18 at 02:32:42:144 Recived 06 02 10 FF 39 00 00 00 00 00 00 00 00 00 00 00 00 00 00 D6 
23-10-18 at 02:32:42:164 Send 06 
23-10-18 at 02:34:43:257 Send 05 
23-10-18 at 02:34:43:277 Recived 15 
23-10-18 at 02:34:43:277 Send 06 
23-10-18 at 02:34:43:297 Send 02 06 FF 39 1E 00 00 00 DE 
23-10-18 at 02:34:43:317 Recived 06 02 10 FF 39 00 00 00 00 00 00 00 00 00 00 00 00 00 00 D6 
23-10-18 at 02:34:43:337 Send 06 
23-10-18 at 02:36:44:443 Send 05 
23-10-18 at 02:36:44:463 Recived 15 
23-10-18 at 02:36:44:463 Send 06 
23-10-18 at 02:36:44:483 Send 02 06 FF 39 1E 00 00 00 DE 
23-10-18 at 02:36:44:503 Recived 06 02 10 FF 39 00 00 00 00 00 00 00 00 00 00 00 00 00 00 D6 
23-10-18 at 02:36:44:523 Send 06 
23-10-18 at 02:38:45:669 Send 05 
23-10-18 at 02:38:45:689 Recived 15 
23-10-18 at 02:38:45:689 Send 06 
23-10-18 at 02:38:45:709 Send 02 06 FF 39 1E 00 00 00 DE 
23-10-18 at 02:38:45:729 Recived 06 02 10 FF 39 00 00 00 00 00 00 00 00 00 00 00 00 00 00 D6 
23-10-18 at 02:38:45:749 Send 06 
23-10-18 at 02:40:46:876 Send 05 
23-10-18 at 02:40:46:896 Recived 15 
23-10-18 at 02:40:46:896 Send 06 
23-10-18 at 02:40:46:916 Send 02 06 FF 39 1E 00 00 00 DE 
23-10-18 at 02:40:46:936 Recived 06 02 10 FF 39 00 00 00 00 00 00 00 00 00 00 00 00 00 00 D6 
23-10-18 at 02:40:46:956 Send 06 
23-10-18 at 02:42:48:095 Send 05 
23-10-18 at 02:42:48:115 Recived 15 
23-10-18 at 02:42:48:115 Send 06 
23-10-18 at 02:42:48:135 Send 02 06 FF 39 1E 00 00 00 DE 
23-10-18 at 02:42:48:155 Recived 06 02 10 FF 39 00 00 00 00 00 00 00 00 00 00 00 00 00 00 D6 
23-10-18 at 02:42:48:175 Send 06 
23-10-18 at 02:44:49:320 Send 05 
23-10-18 at 02:44:49:340 Recived 15 
23-10-18 at 02:44:49:340 Send 06 
23-10-18 at 02:44:49:360 Send 02 06 FF 39 1E 00 00 00 DE 
23-10-18 at 02:44:49:380 Recived 06 02 10 FF 39 00 00 00 00 00 00 00 00 00 00 00 00 00 00 D6 
23-10-18 at 02:44:49:400 Send 06 
23-10-18 at 02:46:50:540 Send 05 
23-10-18 at 02:46:50:560 Recived 15 
23-10-18 at 02:46:50:560 Send 06 
23-10-18 at 02:46:50:580 Send 02 06 FF 39 1E 00 00 00 DE 
23-10-18 at 02:46:50:600 Recived 06 02 10 FF 39 00 00 00 00 00 00 00 00 00 00 00 00 00 00 D6 
23-10-18 at 02:46:50:620 Send 06 
23-10-18 at 02:48:51:763 Send 05 
23-10-18 at 02:48:51:783 Recived 15 
23-10-18 at 02:48:51:783 Send 06 
23-10-18 at 02:48:51:803 Send 02 06 FF 39 1E 00 00 00 DE 
23-10-18 at 02:48:51:823 Recived 06 02 10 FF 39 00 00 00 00 00 00 00 00 00 00 00 00 00 00 D6 
23-10-18 at 02:48:51:843 Send 06 
23-10-18 at 02:50:52:983 Send 05 
23-10-18 at 02:50:53:003 Recived 15 
23-10-18 at 02:50:53:003 Send 06 
23-10-18 at 02:50:53:023 Send 02 06 FF 39 1E 00 00 00 DE 
23-10-18 at 02:50:53:043 Recived 06 02 10 FF 39 00 00 00 00 00 00 00 00 00 00 00 00 00 00 D6 
23-10-18 at 02:50:53:063 Send 06 
23-10-18 at 02:52:54:203 Send 05 
23-10-18 at 02:52:54:223 Recived 15 
23-10-18 at 02:52:54:223 Send 06 
23-10-18 at 02:52:54:243 Send 02 06 FF 39 1E 00 00 00 DE 
23-10-18 at 02:52:54:263 Recived 06 02 10 FF 39 00 00 00 00 00 00 00 00 00 00 00 00 00 00 D6 
23-10-18 at 02:52:54:283 Send 06 
23-10-18 at 02:54:55:421 Send 05 
23-10-18 at 02:54:55:441 Recived 15 
23-10-18 at 02:54:55:441 Send 06 
23-10-18 at 02:54:55:461 Send 02 06 FF 39 1E 00 00 00 DE 
23-10-18 at 02:54:55:481 Recived 06 02 10 FF 39 00 00 00 00 00 00 00 00 00 00 00 00 00 00 D6 
23-10-18 at 02:54:55:501 Send 06 
23-10-18 at 02:56:56:641 Send 05 
23-10-18 at 02:56:56:661 Recived 15 
23-10-18 at 02:56:56:661 Send 06 
23-10-18 at 02:56:56:681 Send 02 06 FF 39 1E 00 00 00 DE 
23-10-18 at 02:56:56:701 Recived 06 02 10 FF 39 00 00 00 00 00 00 00 00 00 00 00 00 00 00 D6 
23-10-18 at 02:56:56:721 Send 06 
23-10-18 at 02:58:57:857 Send 05 
23-10-18 at 02:58:57:877 Recived 15 
23-10-18 at 02:58:57:877 Send 06 
23-10-18 at 02:58:57:897 Send 02 06 FF 39 1E 00 00 00 DE 
23-10-18 at 02:58:57:917 Recived 06 02 10 FF 39 00 00 00 00 00 00 00 00 00 00 00 00 00 00 D6 
23-10-18 at 02:58:57:937 Send 06 
23-10-18 at 03:00:59:076 Send 05 
23-10-18 at 03:00:59:096 Recived 15 
23-10-18 at 03:00:59:096 Send 06 
23-10-18 at 03:00:59:116 Send 02 06 FF 39 1E 00 00 00 DE 
23-10-18 at 03:00:59:136 Recived 06 02 10 FF 39 00 00 00 00 00 00 00 00 00 00 00 00 00 00 D6 
23-10-18 at 03:00:59:156 Send 06 
23-10-18 at 03:03:00:296 Send 05 
23-10-18 at 03:03:00:316 Recived 15 
23-10-18 at 03:03:00:316 Send 06 
23-10-18 at 03:03:00:336 Send 02 06 FF 39 1E 00 00 00 DE 
23-10-18 at 03:03:00:356 Recived 06 02 10 FF 39 00 00 00 00 00 00 00 00 00 00 00 00 00 00 D6 
23-10-18 at 03:03:00:376 Send 06 
23-10-18 at 03:05:01:513 Send 05 
23-10-18 at 03:05:01:533 Recived 15 
23-10-18 at 03:05:01:533 Send 06 
23-10-18 at 03:05:01:553 Send 02 06 FF 39 1E 00 00 00 DE 
23-10-18 at 03:05:01:573 Recived 06 02 10 FF 39 00 00 00 00 00 00 00 00 00 00 00 00 00 00 D6 
23-10-18 at 03:05:01:593 Send 06 
23-10-18 at 03:07:02:733 Send 05 
23-10-18 at 03:07:02:753 Recived 15 
23-10-18 at 03:07:02:753 Send 06 
23-10-18 at 03:07:02:773 Send 02 06 FF 39 1E 00 00 00 DE 
23-10-18 at 03:07:02:793 Recived 06 02 10 FF 39 00 00 00 00 00 00 00 00 00 00 00 00 00 00 D6 
23-10-18 at 03:07:02:813 Send 06 
23-10-18 at 03:09:03:953 Send 05 
23-10-18 at 03:09:03:973 Recived 15 
23-10-18 at 03:09:03:973 Send 06 
23-10-18 at 03:09:03:993 Send 02 06 FF 39 1E 00 00 00 DE 
23-10-18 at 03:09:04:013 Recived 06 02 10 FF 39 00 00 00 00 00 00 00 00 00 00 00 00 00 00 D6 
23-10-18 at 03:09:04:033 Send 06 
23-10-18 at 03:11:05:162 Send 05 
23-10-18 at 03:11:05:182 Recived 15 
23-10-18 at 03:11:05:182 Send 06 
23-10-18 at 03:11:05:202 Send 02 06 FF 39 1E 00 00 00 DE 
23-10-18 at 03:11:05:222 Recived 06 02 10 FF 39 00 00 00 00 00 00 00 00 00 00 00 00 00 00 D6 
23-10-18 at 03:11:05:242 Send 06 
23-10-18 at 03:13:06:382 Send 05 
23-10-18 at 03:13:06:402 Recived 15 
23-10-18 at 03:13:06:402 Send 06 
23-10-18 at 03:13:06:422 Send 02 06 FF 39 1E 00 00 00 DE 
23-10-18 at 03:13:06:442 Recived 06 02 10 FF 39 00 00 00 00 00 00 00 00 00 00 00 00 00 00 D6 
23-10-18 at 03:13:06:462 Send 06 
23-10-18 at 03:15:07:586 Send 05 
23-10-18 at 03:15:07:606 Recived 15 
23-10-18 at 03:15:07:606 Send 06 
23-10-18 at 03:15:07:626 Send 02 06 FF 39 1E 00 00 00 DE 
23-10-18 at 03:15:07:646 Recived 06 02 10 FF 39 00 00 00 00 00 00 00 00 00 00 00 00 00 00 D6 
23-10-18 at 03:15:07:666 Send 06 
23-10-18 at 03:17:08:806 Send 05 
23-10-18 at 03:17:08:826 Recived 15 
23-10-18 at 03:17:08:826 Send 06 
23-10-18 at 03:17:08:846 Send 02 06 FF 39 1E 00 00 00 DE 
23-10-18 at 03:17:08:866 Recived 06 02 10 FF 39 00 00 00 00 00 00 00 00 00 00 00 00 00 00 D6 
23-10-18 at 03:17:08:886 Send 06 
23-10-18 at 03:19:10:026 Send 05 
23-10-18 at 03:19:10:046 Recived 15 
23-10-18 at 03:19:10:046 Send 06 
23-10-18 at 03:19:10:066 Send 02 06 FF 39 1E 00 00 00 DE 
23-10-18 at 03:19:10:086 Recived 06 02 10 FF 39 00 00 00 00 00 00 00 00 00 00 00 00 00 00 D6 
23-10-18 at 03:19:10:106 Send 06 
23-10-18 at 03:21:11:240 Send 05 
23-10-18 at 03:21:11:260 Recived 15 
23-10-18 at 03:21:11:260 Send 06 
23-10-18 at 03:21:11:280 Send 02 06 FF 39 1E 00 00 00 DE 
23-10-18 at 03:21:11:300 Recived 06 02 10 FF 39 00 00 00 00 00 00 00 00 00 00 00 00 00 00 D6 
23-10-18 at 03:21:11:320 Send 06 
23-10-18 at 03:23:12:460 Send 05 
23-10-18 at 03:23:12:480 Recived 15 
23-10-18 at 03:23:12:480 Send 06 
23-10-18 at 03:23:12:500 Send 02 06 FF 39 1E 00 00 00 DE 
23-10-18 at 03:23:12:520 Recived 06 02 10 FF 39 00 00 00 00 00 00 00 00 00 00 00 00 00 00 D6 
23-10-18 at 03:23:12:540 Send 06 
23-10-18 at 03:25:13:709 Send 05 
23-10-18 at 03:25:13:729 Recived 15 
23-10-18 at 03:25:13:729 Send 06 
23-10-18 at 03:25:13:749 Send 02 06 FF 39 1E 00 00 00 DE 
23-10-18 at 03:25:13:769 Recived 06 02 10 FF 39 00 00 00 00 00 00 00 00 00 00 00 00 00 00 D6 
23-10-18 at 03:25:13:789 Send 06 
23-10-18 at 03:27:14:929 Send 05 
23-10-18 at 03:27:14:949 Recived 15 
23-10-18 at 03:27:14:949 Send 06 
23-10-18 at 03:27:14:969 Send 02 06 FF 39 1E 00 00 00 DE 
23-10-18 at 03:27:14:989 Recived 06 02 10 FF 39 00 00 00 00 00 00 00 00 00 00 00 00 00 00 D6 
23-10-18 at 03:27:15:009 Send 06 
23-10-18 at 03:29:16:149 Send 05 
23-10-18 at 03:29:16:169 Recived 15 
23-10-18 at 03:29:16:169 Send 06 
23-10-18 at 03:29:16:189 Send 02 06 FF 39 1E 00 00 00 DE 
23-10-18 at 03:29:16:209 Recived 06 02 10 FF 39 00 00 00 00 00 00 00 00 00 00 00 00 00 00 D6 
23-10-18 at 03:29:16:229 Send 06 
23-10-18 at 03:31:17:353 Send 05 
23-10-18 at 03:31:17:373 Recived 15 
23-10-18 at 03:31:17:373 Send 06 
23-10-18 at 03:31:17:393 Send 02 06 FF 39 1E 00 00 00 DE 
23-10-18 at 03:31:17:413 Recived 06 02 10 FF 39 00 00 00 00 00 00 00 00 00 00 00 00 00 00 D6 
23-10-18 at 03:31:17:433 Send 06 
23-10-18 at 03:33:18:573 Send 05 
23-10-18 at 03:33:18:593 Recived 15 
23-10-18 at 03:33:18:593 Send 06 
23-10-18 at 03:33:18:613 Send 02 06 FF 39 1E 00 00 00 DE 
23-10-18 at 03:33:18:633 Recived 06 02 10 FF 39 00 00 00 00 00 00 00 00 00 00 00 00 00 00 D6 
23-10-18 at 03:33:18:653 Send 06 
23-10-18 at 03:35:19:824 Send 05 
23-10-18 at 03:35:19:844 Recived 15 
23-10-18 at 03:35:19:844 Send 06 
23-10-18 at 03:35:19:864 Send 02 06 FF 39 1E 00 00 00 DE 
23-10-18 at 03:35:19:884 Recived 06 02 10 FF 39 00 00 00 00 00 00 00 00 00 00 00 00 00 00 D6 
23-10-18 at 03:35:19:904 Send 06 
23-10-18 at 03:37:21:044 Send 05 
23-10-18 at 03:37:21:064 Recived 15 
23-10-18 at 03:37:21:064 Send 06 
23-10-18 at 03:37:21:084 Send 02 06 FF 39 1E 00 00 00 DE 
23-10-18 at 03:37:21:104 Recived 06 02 10 FF 39 00 00 00 00 00 00 00 00 00 00 00 00 00 00 D6 
23-10-18 at 03:37:21:124 Send 06 
23-10-18 at 03:39:22:264 Send 05 
23-10-18 at 03:39:22:284 Recived 15 
23-10-18 at 03:39:22:284 Send 06 
23-10-18 at 03:39:22:304 Send 02 06 FF 39 1E 00 00 00 DE 
23-10-18 at 03:39:22:324 Recived 06 02 10 FF 39 00 00 00 00 00 00 00 00 00 00 00 00 00 00 D6 
23-10-18 at 03:39:22:344 Send 06 
23-10-18 at 03:41:23:480 Send 05 
23-10-18 at 03:41:23:500 Recived 15 
23-10-18 at 03:41:23:500 Send 06 
23-10-18 at 03:41:23:520 Send 02 06 FF 39 1E 00 00 00 DE 
23-10-18 at 03:41:23:540 Recived 06 02 10 FF 39 00 00 00 00 00 00 00 00 00 00 00 00 00 00 D6 
23-10-18 at 03:41:23:560 Send 06 
23-10-18 at 03:43:24:700 Send 05 
23-10-18 at 03:43:24:720 Recived 15 
23-10-18 at 03:43:24:720 Send 06 
23-10-18 at 03:43:24:740 Send 02 06 FF 39 1E 00 00 00 DE 
23-10-18 at 03:43:24:760 Recived 06 02 10 FF 39 00 00 00 00 00 00 00 00 00 00 00 00 00 00 D6 
23-10-18 at 03:43:24:780 Send 06 
23-10-18 at 03:45:25:907 Send 05 
23-10-18 at 03:45:25:927 Recived 15 
23-10-18 at 03:45:25:927 Send 06 
23-10-18 at 03:45:25:947 Send 02 06 FF 39 1E 00 00 00 DE 
23-10-18 at 03:45:25:967 Recived 06 02 10 FF 39 00 00 00 00 00 00 00 00 00 00 00 00 00 00 D6 
23-10-18 at 03:45:25:987 Send 06 
23-10-18 at 03:47:27:127 Send 05 
23-10-18 at 03:47:27:147 Recived 15 
23-10-18 at 03:47:27:147 Send 06 
23-10-18 at 03:47:27:167 Send 02 06 FF 39 1E 00 00 00 DE 
23-10-18 at 03:47:27:187 Recived 06 02 10 FF 39 00 00 00 00 00 00 00 00 00 00 00 00 00 00 D6 
23-10-18 at 03:47:27:207 Send 06 
23-10-18 at 03:49:28:347 Send 05 
23-10-18 at 03:49:28:367 Recived 15 
23-10-18 at 03:49:28:367 Send 06 
23-10-18 at 03:49:28:387 Send 02 06 FF 39 1E 00 00 00 DE 
23-10-18 at 03:49:28:407 Recived 06 02 10 FF 39 00 00 00 00 00 00 00 00 00 00 00 00 00 00 D6 
23-10-18 at 03:49:28:427 Send 06 
23-10-18 at 03:51:29:557 Send 05 
23-10-18 at 03:51:29:577 Recived 15 
23-10-18 at 03:51:29:577 Send 06 
23-10-18 at 03:51:29:597 Send 02 06 FF 39 1E 00 00 00 DE 
23-10-18 at 03:51:29:617 Recived 06 02 10 FF 39 00 00 00 00 00 00 00 00 00 00 00 00 00 00 D6 
23-10-18 at 03:51:29:637 Send 06 
23-10-18 at 03:53:30:777 Send 05 
23-10-18 at 03:53:30:797 Recived 15 
23-10-18 at 03:53:30:797 Send 06 
23-10-18 at 03:53:30:817 Send 02 06 FF 39 1E 00 00 00 DE 
23-10-18 at 03:53:30:837 Recived 06 02 10 FF 39 00 00 00 00 00 00 00 00 00 00 00 00 00 00 D6 
23-10-18 at 03:53:30:857 Send 06 
23-10-18 at 03:55:31:980 Send 05 
23-10-18 at 03:55:32:000 Recived 15 
23-10-18 at 03:55:32:000 Send 06 
23-10-18 at 03:55:32:020 Send 02 06 FF 39 1E 00 00 00 DE 
23-10-18 at 03:55:32:040 Recived 06 02 10 FF 39 00 00 00 00 00 00 00 00 00 00 00 00 00 00 D6 
23-10-18 at 03:55:32:060 Send 06 
23-10-18 at 03:57:33:200 Send 05 
23-10-18 at 03:57:33:222 Recived 15 
23-10-18 at 03:57:33:222 Send 06 
23-10-18 at 03:57:33:242 Send 02 06 FF 39 1E 00 00 00 DE 
23-10-18 at 03:57:33:262 Recived 06 02 10 FF 39 00 00 00 00 00 00 00 00 00 00 00 00 00 00 D6 
23-10-18 at 03:57:33:282 Send 06 
23-10-18 at 03:59:34:422 Send 05 
23-10-18 at 03:59:34:442 Recived 15 
23-10-18 at 03:59:34:442 Send 06 
23-10-18 at 03:59:34:462 Send 02 06 FF 39 1E 00 00 00 DE 
23-10-18 at 03:59:34:482 Recived 06 02 10 FF 39 00 00 00 00 00 00 00 00 00 00 00 00 00 00 D6 
23-10-18 at 03:59:34:502 Send 06 
23-10-18 at 04:01:35:662 Send 05 
23-10-18 at 04:01:35:682 Recived 15 
23-10-18 at 04:01:35:682 Send 06 
23-10-18 at 04:01:35:702 Send 02 06 FF 39 1E 00 00 00 DE 
23-10-18 at 04:01:35:722 Recived 06 02 10 FF 39 00 00 00 00 00 00 00 00 00 00 00 00 00 00 D6 
23-10-18 at 04:01:35:742 Send 06 
23-10-18 at 04:03:36:882 Send 05 
23-10-18 at 04:03:36:902 Recived 15 
23-10-18 at 04:03:36:902 Send 06 
23-10-18 at 04:03:36:922 Send 02 06 FF 39 1E 00 00 00 DE 
23-10-18 at 04:03:36:942 Recived 06 02 10 FF 39 00 00 00 00 00 00 00 00 00 00 00 00 00 00 D6 
23-10-18 at 04:03:36:962 Send 06 
23-10-18 at 04:05:38:087 Send 05 
23-10-18 at 04:05:38:107 Recived 15 
23-10-18 at 04:05:38:107 Send 06 
23-10-18 at 04:05:38:127 Send 02 06 FF 39 1E 00 00 00 DE 
23-10-18 at 04:05:38:147 Recived 06 02 10 FF 39 00 00 00 00 00 00 00 00 00 00 00 00 00 00 D6 
23-10-18 at 04:05:38:167 Send 06 
23-10-18 at 04:07:39:307 Send 05 
23-10-18 at 04:07:39:327 Recived 15 
23-10-18 at 04:07:39:327 Send 06 
23-10-18 at 04:07:39:347 Send 02 06 FF 39 1E 00 00 00 DE 
23-10-18 at 04:07:39:367 Recived 06 02 10 FF 39 00 00 00 00 00 00 00 00 00 00 00 00 00 00 D6 
23-10-18 at 04:07:39:387 Send 06 
23-10-18 at 04:09:40:527 Send 05 
23-10-18 at 04:09:40:547 Recived 15 
23-10-18 at 04:09:40:547 Send 06 
23-10-18 at 04:09:40:567 Send 02 06 FF 39 1E 00 00 00 DE 
23-10-18 at 04:09:40:587 Recived 06 02 10 FF 39 00 00 00 00 00 00 00 00 00 00 00 00 00 00 D6 
23-10-18 at 04:09:40:607 Send 06 
23-10-18 at 04:11:41:737 Send 05 
23-10-18 at 04:11:41:757 Recived 15 
23-10-18 at 04:11:41:757 Send 06 
23-10-18 at 04:11:41:777 Send 02 06 FF 39 1E 00 00 00 DE 
23-10-18 at 04:11:41:797 Recived 06 02 10 FF 39 00 00 00 00 00 00 00 00 00 00 00 00 00 00 D6 
23-10-18 at 04:11:41:817 Send 06 
23-10-18 at 04:13:42:957 Send 05 
23-10-18 at 04:13:42:977 Recived 15 
23-10-18 at 04:13:42:977 Send 06 
23-10-18 at 04:13:42:997 Send 02 06 FF 39 1E 00 00 00 DE 
23-10-18 at 04:13:43:017 Recived 06 02 10 FF 39 00 00 00 00 00 00 00 00 00 00 00 00 00 00 D6 
23-10-18 at 04:13:43:037 Send 06 
23-10-18 at 04:15:44:165 Send 05 
23-10-18 at 04:15:44:185 Recived 15 
23-10-18 at 04:15:44:185 Send 06 
23-10-18 at 04:15:44:205 Send 02 06 FF 39 1E 00 00 00 DE 
23-10-18 at 04:15:44:225 Recived 06 02 10 FF 39 00 00 00 00 00 00 00 00 00 00 00 00 00 00 D6 
23-10-18 at 04:15:44:245 Send 06 
23-10-18 at 04:17:45:385 Send 05 
23-10-18 at 04:17:45:405 Recived 15 
23-10-18 at 04:17:45:405 Send 06 
23-10-18 at 04:17:45:425 Send 02 06 FF 39 1E 00 00 00 DE 
23-10-18 at 04:17:45:445 Recived 06 02 10 FF 39 00 00 00 00 00 00 00 00 00 00 00 00 00 00 D6 
23-10-18 at 04:17:45:465 Send 06 
23-10-18 at 04:19:46:605 Send 05 
23-10-18 at 04:19:46:625 Recived 15 
23-10-18 at 04:19:46:625 Send 06 
23-10-18 at 04:19:46:645 Send 02 06 FF 39 1E 00 00 00 DE 
23-10-18 at 04:19:46:665 Recived 06 02 10 FF 39 00 00 00 00 00 00 00 00 00 00 00 00 00 00 D6 
23-10-18 at 04:19:46:685 Send 06 
23-10-18 at 04:21:47:820 Send 05 
23-10-18 at 04:21:47:840 Recived 15 
23-10-18 at 04:21:47:840 Send 06 
23-10-18 at 04:21:47:860 Send 02 06 FF 39 1E 00 00 00 DE 
23-10-18 at 04:21:47:880 Recived 06 02 10 FF 39 00 00 00 00 00 00 00 00 00 00 00 00 00 00 D6 
23-10-18 at 04:21:47:900 Send 06 
23-10-18 at 04:23:49:040 Send 05 
23-10-18 at 04:23:49:060 Recived 15 
23-10-18 at 04:23:49:060 Send 06 
23-10-18 at 04:23:49:080 Send 02 06 FF 39 1E 00 00 00 DE 
23-10-18 at 04:23:49:100 Recived 06 02 10 FF 39 00 00 00 00 00 00 00 00 00 00 00 00 00 00 D6 
23-10-18 at 04:23:49:120 Send 06 
23-10-18 at 04:25:50:249 Send 05 
23-10-18 at 04:25:50:269 Recived 15 
23-10-18 at 04:25:50:269 Send 06 
23-10-18 at 04:25:50:289 Send 02 06 FF 39 1E 00 00 00 DE 
23-10-18 at 04:25:50:309 Recived 06 02 10 FF 39 00 00 00 00 00 00 00 00 00 00 00 00 00 00 D6 
23-10-18 at 04:25:50:329 Send 06 
23-10-18 at 04:27:51:469 Send 05 
23-10-18 at 04:27:51:489 Recived 15 
23-10-18 at 04:27:51:489 Send 06 
23-10-18 at 04:27:51:509 Send 02 06 FF 39 1E 00 00 00 DE 
23-10-18 at 04:27:51:529 Recived 06 02 10 FF 39 00 00 00 00 00 00 00 00 00 00 00 00 00 00 D6 
23-10-18 at 04:27:51:549 Send 06 
23-10-18 at 04:29:52:689 Send 05 
23-10-18 at 04:29:52:709 Recived 15 
23-10-18 at 04:29:52:709 Send 06 
23-10-18 at 04:29:52:729 Send 02 06 FF 39 1E 00 00 00 DE 
23-10-18 at 04:29:52:749 Recived 06 02 10 FF 39 00 00 00 00 00 00 00 00 00 00 00 00 00 00 D6 
23-10-18 at 04:29:52:769 Send 06 
23-10-18 at 04:31:53:894 Send 05 
23-10-18 at 04:31:53:914 Recived 15 
23-10-18 at 04:31:53:914 Send 06 
23-10-18 at 04:31:53:934 Send 02 06 FF 39 1E 00 00 00 DE 
23-10-18 at 04:31:53:954 Recived 06 02 10 FF 39 00 00 00 00 00 00 00 00 00 00 00 00 00 00 D6 
23-10-18 at 04:31:53:974 Send 06 
23-10-18 at 04:33:55:114 Send 05 
23-10-18 at 04:33:55:134 Recived 15 
23-10-18 at 04:33:55:134 Send 06 
23-10-18 at 04:33:55:154 Send 02 06 FF 39 1E 00 00 00 DE 
23-10-18 at 04:33:55:174 Recived 06 02 10 FF 39 00 00 00 00 00 00 00 00 00 00 00 00 00 00 D6 
23-10-18 at 04:33:55:194 Send 06 
23-10-18 at 04:35:56:328 Send 05 
23-10-18 at 04:35:56:348 Recived 15 
23-10-18 at 04:35:56:348 Send 06 
23-10-18 at 04:35:56:368 Send 02 06 FF 39 1E 00 00 00 DE 
23-10-18 at 04:35:56:388 Recived 06 02 10 FF 39 00 00 00 00 00 00 00 00 00 00 00 00 00 00 D6 
23-10-18 at 04:35:56:408 Send 06 
23-10-18 at 04:37:57:548 Send 05 
23-10-18 at 04:37:57:568 Recived 15 
23-10-18 at 04:37:57:568 Send 06 
23-10-18 at 04:37:57:588 Send 02 06 FF 39 1E 00 00 00 DE 
23-10-18 at 04:37:57:608 Recived 06 02 10 FF 39 00 00 00 00 00 00 00 00 00 00 00 00 00 00 D6 
23-10-18 at 04:37:57:628 Send 06 
23-10-18 at 04:39:58:768 Send 05 
23-10-18 at 04:39:58:788 Recived 15 
23-10-18 at 04:39:58:788 Send 06 
23-10-18 at 04:39:58:808 Send 02 06 FF 39 1E 00 00 00 DE 
23-10-18 at 04:39:58:828 Recived 06 02 10 FF 39 00 00 00 00 00 00 00 00 00 00 00 00 00 00 D6 
23-10-18 at 04:39:58:848 Send 06 
23-10-18 at 04:42:00:008 Send 05 
23-10-18 at 04:42:00:028 Recived 15 
23-10-18 at 04:42:00:028 Send 06 
23-10-18 at 04:42:00:048 Send 02 06 FF 39 1E 00 00 00 DE 
23-10-18 at 04:42:00:068 Recived 06 02 10 FF 39 00 00 00 00 00 00 00 00 00 00 00 00 00 00 D6 
23-10-18 at 04:42:00:088 Send 06 
23-10-18 at 04:44:01:228 Send 05 
23-10-18 at 04:44:01:248 Recived 15 
23-10-18 at 04:44:01:248 Send 06 
23-10-18 at 04:44:01:268 Send 02 06 FF 39 1E 00 00 00 DE 
23-10-18 at 04:44:01:288 Recived 06 02 10 FF 39 00 00 00 00 00 00 00 00 00 00 00 00 00 00 D6 
23-10-18 at 04:44:01:308 Send 06 
23-10-18 at 04:46:02:445 Send 05 
23-10-18 at 04:46:02:465 Recived 15 
23-10-18 at 04:46:02:465 Send 06 
23-10-18 at 04:46:02:485 Send 02 06 FF 39 1E 00 00 00 DE 
23-10-18 at 04:46:02:505 Recived 06 02 10 FF 39 00 00 00 00 00 00 00 00 00 00 00 00 00 00 D6 
23-10-18 at 04:46:02:525 Send 06 
23-10-18 at 04:48:03:665 Send 05 
23-10-18 at 04:48:03:685 Recived 15 
23-10-18 at 04:48:03:685 Send 06 
23-10-18 at 04:48:03:705 Send 02 06 FF 39 1E 00 00 00 DE 
23-10-18 at 04:48:03:725 Recived 06 02 10 FF 39 00 00 00 00 00 00 00 00 00 00 00 00 00 00 D6 
23-10-18 at 04:48:03:745 Send 06 
23-10-18 at 04:50:04:885 Send 05 
23-10-18 at 04:50:04:905 Recived 15 
23-10-18 at 04:50:04:905 Send 06 
23-10-18 at 04:50:04:925 Send 02 06 FF 39 1E 00 00 00 DE 
23-10-18 at 04:50:04:945 Recived 06 02 10 FF 39 00 00 00 00 00 00 00 00 00 00 00 00 00 00 D6 
23-10-18 at 04:50:04:965 Send 06 
23-10-18 at 04:52:06:133 Send 05 
23-10-18 at 04:52:06:153 Recived 15 
23-10-18 at 04:52:06:153 Send 06 
23-10-18 at 04:52:06:173 Send 02 06 FF 39 1E 00 00 00 DE 
23-10-18 at 04:52:06:193 Recived 06 02 10 FF 39 00 00 00 00 00 00 00 00 00 00 00 00 00 00 D6 
23-10-18 at 04:52:06:213 Send 06 
23-10-18 at 04:54:07:353 Send 05 
23-10-18 at 04:54:07:373 Recived 15 
23-10-18 at 04:54:07:373 Send 06 
23-10-18 at 04:54:07:393 Send 02 06 FF 39 1E 00 00 00 DE 
23-10-18 at 04:54:07:413 Recived 06 02 10 FF 39 00 00 00 00 00 00 00 00 00 00 00 00 00 00 D6 
23-10-18 at 04:54:07:433 Send 06 
23-10-18 at 04:56:08:561 Send 05 
23-10-18 at 04:56:08:581 Recived 15 
23-10-18 at 04:56:08:581 Send 06 
23-10-18 at 04:56:08:601 Send 02 06 FF 39 1E 00 00 00 DE 
23-10-18 at 04:56:08:621 Recived 06 02 10 FF 39 00 00 00 00 00 00 00 00 00 00 00 00 00 00 D6 
23-10-18 at 04:56:08:641 Send 06 
23-10-18 at 04:58:09:781 Send 05 
23-10-18 at 04:58:09:801 Recived 15 
23-10-18 at 04:58:09:801 Send 06 
23-10-18 at 04:58:09:821 Send 02 06 FF 39 1E 00 00 00 DE 
23-10-18 at 04:58:09:841 Recived 06 02 10 FF 39 00 00 00 00 00 00 00 00 00 00 00 00 00 00 D6 
23-10-18 at 04:58:09:861 Send 06 
23-10-18 at 05:00:11:001 Send 05 
23-10-18 at 05:00:11:021 Recived 15 
23-10-18 at 05:00:11:021 Send 06 
23-10-18 at 05:00:11:041 Send 02 06 FF 39 1E 00 00 00 DE 
23-10-18 at 05:00:11:061 Recived 06 02 10 FF 39 00 00 00 00 00 00 00 00 00 00 00 00 00 00 D6 
23-10-18 at 05:00:11:081 Send 06 
23-10-18 at 05:02:12:208 Send 05 
23-10-18 at 05:02:12:228 Recived 15 
23-10-18 at 05:02:12:228 Send 06 
23-10-18 at 05:02:12:248 Send 02 06 FF 39 1E 00 00 00 DE 
23-10-18 at 05:02:12:268 Recived 06 02 10 FF 39 00 00 00 00 00 00 00 00 00 00 00 00 00 00 D6 
23-10-18 at 05:02:12:288 Send 06 
23-10-18 at 05:04:13:428 Send 05 
23-10-18 at 05:04:13:448 Recived 15 
23-10-18 at 05:04:13:448 Send 06 
23-10-18 at 05:04:13:468 Send 02 06 FF 39 1E 00 00 00 DE 
23-10-18 at 05:04:13:488 Recived 06 02 10 FF 39 00 00 00 00 00 00 00 00 00 00 00 00 00 00 D6 
23-10-18 at 05:04:13:508 Send 06 
23-10-18 at 05:06:14:650 Send 05 
23-10-18 at 05:06:14:670 Recived 15 
23-10-18 at 05:06:14:670 Send 06 
23-10-18 at 05:06:14:690 Send 02 06 FF 39 1E 00 00 00 DE 
23-10-18 at 05:06:14:710 Recived 06 02 10 FF 39 00 00 00 00 00 00 00 00 00 00 00 00 00 00 D6 
23-10-18 at 05:06:14:730 Send 06 
23-10-18 at 05:08:15:869 Send 05 
23-10-18 at 05:08:15:889 Recived 15 
23-10-18 at 05:08:15:889 Send 06 
23-10-18 at 05:08:15:909 Send 02 06 FF 39 1E 00 00 00 DE 
23-10-18 at 05:08:15:929 Recived 06 02 10 FF 39 00 00 00 00 00 00 00 00 00 00 00 00 00 00 D6 
23-10-18 at 05:08:15:949 Send 06 
23-10-18 at 05:10:17:089 Send 05 
23-10-18 at 05:10:17:109 Recived 15 
23-10-18 at 05:10:17:109 Send 06 
23-10-18 at 05:10:17:129 Send 02 06 FF 39 1E 00 00 00 DE 
23-10-18 at 05:10:17:149 Recived 06 02 10 FF 39 00 00 00 00 00 00 00 00 00 00 00 00 00 00 D6 
23-10-18 at 05:10:17:169 Send 06 
23-10-18 at 05:12:18:324 Send 05 
23-10-18 at 05:12:18:344 Recived 15 
23-10-18 at 05:12:18:344 Send 06 
23-10-18 at 05:12:18:364 Send 02 06 FF 39 1E 00 00 00 DE 
23-10-18 at 05:12:18:384 Recived 06 02 10 FF 39 00 00 00 00 00 00 00 00 00 00 00 00 00 00 D6 
23-10-18 at 05:12:18:404 Send 06 
23-10-18 at 05:14:19:544 Send 05 
23-10-18 at 05:14:19:564 Recived 15 
23-10-18 at 05:14:19:564 Send 06 
23-10-18 at 05:14:19:584 Send 02 06 FF 39 1E 00 00 00 DE 
23-10-18 at 05:14:19:604 Recived 06 02 10 FF 39 00 00 00 00 00 00 00 00 00 00 00 00 00 00 D6 
23-10-18 at 05:14:19:624 Send 06 
23-10-18 at 05:16:20:764 Send 05 
23-10-18 at 05:16:20:784 Recived 15 
23-10-18 at 05:16:20:784 Send 06 
23-10-18 at 05:16:20:804 Send 02 06 FF 39 1E 00 00 00 DE 
23-10-18 at 05:16:20:824 Recived 06 02 10 FF 39 00 00 00 00 00 00 00 00 00 00 00 00 00 00 D6 
23-10-18 at 05:16:20:844 Send 06 
23-10-18 at 05:18:21:984 Send 05 
23-10-18 at 05:18:22:004 Recived 15 
23-10-18 at 05:18:22:004 Send 06 
23-10-18 at 05:18:22:024 Send 02 06 FF 39 1E 00 00 00 DE 
23-10-18 at 05:18:22:044 Recived 06 02 10 FF 39 00 00 00 00 00 00 00 00 00 00 00 00 00 00 D6 
23-10-18 at 05:18:22:064 Send 06 
23-10-18 at 05:20:23:204 Send 05 
23-10-18 at 05:20:23:224 Recived 15 
23-10-18 at 05:20:23:224 Send 06 
23-10-18 at 05:20:23:244 Send 02 06 FF 39 1E 00 00 00 DE 
23-10-18 at 05:20:23:264 Recived 06 02 10 FF 39 00 00 00 00 00 00 00 00 00 00 00 00 00 00 D6 
23-10-18 at 05:20:23:284 Send 06 
23-10-18 at 05:22:24:419 Send 05 
23-10-18 at 05:22:24:439 Recived 15 
23-10-18 at 05:22:24:439 Send 06 
23-10-18 at 05:22:24:459 Send 02 06 FF 39 1E 00 00 00 DE 
23-10-18 at 05:22:24:479 Recived 06 02 10 FF 39 00 00 00 00 00 00 00 00 00 00 00 00 00 00 D6 
23-10-18 at 05:22:24:499 Send 06 
23-10-18 at 05:24:25:639 Send 05 
23-10-18 at 05:24:25:659 Recived 15 
23-10-18 at 05:24:25:659 Send 06 
23-10-18 at 05:24:25:679 Send 02 06 FF 39 1E 00 00 00 DE 
23-10-18 at 05:24:25:699 Recived 06 02 10 FF 39 00 00 00 00 00 00 00 00 00 00 00 00 00 00 D6 
23-10-18 at 05:24:25:719 Send 06 
23-10-18 at 05:26:26:859 Send 05 
23-10-18 at 05:26:26:879 Recived 15 
23-10-18 at 05:26:26:879 Send 06 
23-10-18 at 05:26:26:899 Send 02 06 FF 39 1E 00 00 00 DE 
23-10-18 at 05:26:26:919 Recived 06 02 10 FF 39 00 00 00 00 00 00 00 00 00 00 00 00 00 00 D6 
23-10-18 at 05:26:26:939 Send 06 
23-10-18 at 05:28:28:076 Send 05 
23-10-18 at 05:28:28:096 Recived 15 
23-10-18 at 05:28:28:096 Send 06 
23-10-18 at 05:28:28:116 Send 02 06 FF 39 1E 00 00 00 DE 
23-10-18 at 05:28:28:136 Recived 06 02 10 FF 39 00 00 00 00 00 00 00 00 00 00 00 00 00 00 D6 
23-10-18 at 05:28:28:156 Send 06 
23-10-18 at 05:30:29:296 Send 05 
23-10-18 at 05:30:29:316 Recived 15 
23-10-18 at 05:30:29:316 Send 06 
23-10-18 at 05:30:29:336 Send 02 06 FF 39 1E 00 00 00 DE 
23-10-18 at 05:30:29:356 Recived 06 02 10 FF 39 00 00 00 00 00 00 00 00 00 00 00 00 00 00 D6 
23-10-18 at 05:30:29:376 Send 06 
23-10-18 at 05:32:30:504 Send 05 
23-10-18 at 05:32:30:524 Recived 15 
23-10-18 at 05:32:30:524 Send 06 
23-10-18 at 05:32:30:544 Send 02 06 FF 39 1E 00 00 00 DE 
23-10-18 at 05:32:30:564 Recived 06 02 10 FF 39 00 00 00 00 00 00 00 00 00 00 00 00 00 00 D6 
23-10-18 at 05:32:30:584 Send 06 
23-10-18 at 05:34:31:724 Send 05 
23-10-18 at 05:34:31:744 Recived 15 
23-10-18 at 05:34:31:744 Send 06 
23-10-18 at 05:34:31:764 Send 02 06 FF 39 1E 00 00 00 DE 
23-10-18 at 05:34:31:784 Recived 06 02 10 FF 39 00 00 00 00 00 00 00 00 00 00 00 00 00 00 D6 
23-10-18 at 05:34:31:804 Send 06 
23-10-18 at 05:36:32:944 Send 05 
23-10-18 at 05:36:32:964 Recived 15 
23-10-18 at 05:36:32:964 Send 06 
23-10-18 at 05:36:32:984 Send 02 06 FF 39 1E 00 00 00 DE 
23-10-18 at 05:36:33:004 Recived 06 02 10 FF 39 00 00 00 00 00 00 00 00 00 00 00 00 00 00 D6 
23-10-18 at 05:36:33:024 Send 06 
23-10-18 at 05:38:34:165 Send 05 
23-10-18 at 05:38:34:185 Recived 15 
23-10-18 at 05:38:34:185 Send 06 
23-10-18 at 05:38:34:205 Send 02 06 FF 39 1E 00 00 00 DE 
23-10-18 at 05:38:34:225 Recived 06 02 10 FF 39 00 00 00 00 00 00 00 00 00 00 00 00 00 00 D6 
23-10-18 at 05:38:34:245 Send 06 
23-10-18 at 05:40:35:385 Send 05 
23-10-18 at 05:40:35:405 Recived 15 
23-10-18 at 05:40:35:405 Send 06 
23-10-18 at 05:40:35:425 Send 02 06 FF 39 1E 00 00 00 DE 
23-10-18 at 05:40:35:445 Recived 06 02 10 FF 39 00 00 00 00 00 00 00 00 00 00 00 00 00 00 D6 
23-10-18 at 05:40:35:465 Send 06 
23-10-18 at 05:42:36:589 Send 05 
23-10-18 at 05:42:36:609 Recived 15 
23-10-18 at 05:42:36:609 Send 06 
23-10-18 at 05:42:36:629 Send 02 06 FF 39 1E 00 00 00 DE 
23-10-18 at 05:42:36:649 Recived 06 02 10 FF 39 00 00 00 00 00 00 00 00 00 00 00 00 00 00 D6 
23-10-18 at 05:42:36:669 Send 06 
23-10-18 at 05:44:37:809 Send 05 
23-10-18 at 05:44:37:829 Recived 15 
23-10-18 at 05:44:37:829 Send 06 
23-10-18 at 05:44:37:849 Send 02 06 FF 39 1E 00 00 00 DE 
23-10-18 at 05:44:37:869 Recived 06 02 10 FF 39 00 00 00 00 00 00 00 00 00 00 00 00 00 00 D6 
23-10-18 at 05:44:37:889 Send 06 
23-10-18 at 05:46:39:029 Send 05 
23-10-18 at 05:46:39:049 Recived 15 
23-10-18 at 05:46:39:049 Send 06 
23-10-18 at 05:46:39:069 Send 02 06 FF 39 1E 00 00 00 DE 
23-10-18 at 05:46:39:089 Recived 06 02 10 FF 39 00 00 00 00 00 00 00 00 00 00 00 00 00 00 D6 
23-10-18 at 05:46:39:109 Send 06 
23-10-18 at 05:48:40:247 Send 05 
23-10-18 at 05:48:40:267 Recived 15 
23-10-18 at 05:48:40:267 Send 06 
23-10-18 at 05:48:40:287 Send 02 06 FF 39 1E 00 00 00 DE 
23-10-18 at 05:48:40:307 Recived 06 02 10 FF 39 00 00 00 00 00 00 00 00 00 00 00 00 00 00 D6 
23-10-18 at 05:48:40:327 Send 06 
23-10-18 at 05:50:41:467 Send 05 
23-10-18 at 05:50:41:487 Recived 15 
23-10-18 at 05:50:41:487 Send 06 
23-10-18 at 05:50:41:507 Send 02 06 FF 39 1E 00 00 00 DE 
23-10-18 at 05:50:41:527 Recived 06 02 10 FF 39 00 00 00 00 00 00 00 00 00 00 00 00 00 00 D6 
23-10-18 at 05:50:41:547 Send 06 
23-10-18 at 05:52:42:690 Send 05 
23-10-18 at 05:52:42:710 Recived 15 
23-10-18 at 05:52:42:710 Send 06 
23-10-18 at 05:52:42:730 Send 02 06 FF 39 1E 00 00 00 DE 
23-10-18 at 05:52:42:750 Recived 06 02 10 FF 39 00 00 00 00 00 00 00 00 00 00 00 00 00 00 D6 
23-10-18 at 05:52:42:770 Send 06 
23-10-18 at 05:54:43:910 Send 05 
23-10-18 at 05:54:43:930 Recived 15 
23-10-18 at 05:54:43:930 Send 06 
23-10-18 at 05:54:43:950 Send 02 06 FF 39 1E 00 00 00 DE 
23-10-18 at 05:54:43:970 Recived 06 02 10 FF 39 00 00 00 00 00 00 00 00 00 00 00 00 00 00 D6 
23-10-18 at 05:54:43:990 Send 06 
23-10-18 at 05:56:45:130 Send 05 
23-10-18 at 05:56:45:150 Recived 15 
23-10-18 at 05:56:45:150 Send 06 
23-10-18 at 05:56:45:170 Send 02 06 FF 39 1E 00 00 00 DE 
23-10-18 at 05:56:45:190 Recived 06 02 10 FF 39 00 00 00 00 00 00 00 00 00 00 00 00 00 00 D6 
23-10-18 at 05:56:45:210 Send 06 
23-10-18 at 05:58:46:334 Send 05 
23-10-18 at 05:58:46:354 Recived 15 
23-10-18 at 05:58:46:354 Send 06 
23-10-18 at 05:58:46:375 Send 02 06 FF 39 1E 00 00 00 DE 
23-10-18 at 05:58:46:395 Recived 06 02 10 FF 39 00 00 00 00 00 00 00 00 00 00 00 00 00 00 D6 
23-10-18 at 05:58:46:415 Send 06 
23-10-18 at 06:00:47:555 Send 05 
23-10-18 at 06:00:47:575 Recived 15 
23-10-18 at 06:00:47:575 Send 06 
23-10-18 at 06:00:47:595 Send 02 06 FF 39 1E 00 00 00 DE 
23-10-18 at 06:00:47:615 Recived 06 02 10 FF 39 00 00 00 00 00 00 00 00 00 00 00 00 00 00 D6 
23-10-18 at 06:00:47:635 Send 06 
23-10-18 at 06:02:48:759 Send 05 
23-10-18 at 06:02:48:779 Recived 15 
23-10-18 at 06:02:48:779 Send 06 
23-10-18 at 06:02:48:799 Send 02 06 FF 39 1E 00 00 00 DE 
23-10-18 at 06:02:48:819 Recived 06 02 10 FF 39 00 00 00 00 00 00 00 00 00 00 00 00 00 00 D6 
23-10-18 at 06:02:48:839 Send 06 
23-10-18 at 06:04:49:979 Send 05 
23-10-18 at 06:04:49:999 Recived 15 
23-10-18 at 06:04:49:999 Send 06 
23-10-18 at 06:04:50:020 Send 02 06 FF 39 1E 00 00 00 DE 
23-10-18 at 06:04:50:040 Recived 06 02 10 FF 39 00 00 00 00 00 00 00 00 00 00 00 00 00 00 D6 
23-10-18 at 06:04:50:060 Send 06 
23-10-18 at 06:06:51:200 Send 05 
23-10-18 at 06:06:51:220 Recived 15 
23-10-18 at 06:06:51:220 Send 06 
23-10-18 at 06:06:51:240 Send 02 06 FF 39 1E 00 00 00 DE 
23-10-18 at 06:06:51:260 Recived 06 02 10 FF 39 00 00 00 00 00 00 00 00 00 00 00 00 00 00 D6 
23-10-18 at 06:06:51:280 Send 06 
23-10-18 at 06:08:52:405 Send 05 
23-10-18 at 06:08:52:425 Recived 15 
23-10-18 at 06:08:52:425 Send 06 
23-10-18 at 06:08:52:445 Send 02 06 FF 39 1E 00 00 00 DE 
23-10-18 at 06:08:52:465 Recived 06 02 10 FF 39 00 00 00 00 00 00 00 00 00 00 00 00 00 00 D6 
23-10-18 at 06:08:52:485 Send 06 
23-10-18 at 06:10:53:625 Send 05 
23-10-18 at 06:10:53:645 Recived 15 
23-10-18 at 06:10:53:645 Send 06 
23-10-18 at 06:10:53:665 Send 02 06 FF 39 1E 00 00 00 DE 
23-10-18 at 06:10:53:685 Recived 06 02 10 FF 39 00 00 00 00 00 00 00 00 00 00 00 00 00 00 D6 
23-10-18 at 06:10:53:705 Send 06 
23-10-18 at 06:12:54:833 Send 05 
23-10-18 at 06:12:54:853 Recived 15 
23-10-18 at 06:12:54:853 Send 06 
23-10-18 at 06:12:54:873 Send 02 06 FF 39 1E 00 00 00 DE 
23-10-18 at 06:12:54:893 Recived 06 02 10 FF 39 00 00 00 00 00 00 00 00 00 00 00 00 00 00 D6 
23-10-18 at 06:12:54:913 Send 06 
23-10-18 at 06:14:56:053 Send 05 
23-10-18 at 06:14:56:073 Recived 15 
23-10-18 at 06:14:56:073 Send 06 
23-10-18 at 06:14:56:093 Send 02 06 FF 39 1E 00 00 00 DE 
23-10-18 at 06:14:56:113 Recived 06 02 10 FF 39 00 00 00 00 00 00 00 00 00 00 00 00 00 00 D6 
23-10-18 at 06:14:56:133 Send 06 
23-10-18 at 06:16:57:273 Send 05 
23-10-18 at 06:16:57:293 Recived 15 
23-10-18 at 06:16:57:293 Send 06 
23-10-18 at 06:16:57:314 Send 02 06 FF 39 1E 00 00 00 DE 
23-10-18 at 06:16:57:334 Recived 06 02 10 FF 39 00 00 00 00 00 00 00 00 00 00 00 00 00 00 D6 
23-10-18 at 06:16:57:354 Send 06 
23-10-18 at 06:18:58:487 Send 05 
23-10-18 at 06:18:58:507 Recived 15 
23-10-18 at 06:18:58:507 Send 06 
23-10-18 at 06:18:58:527 Send 02 06 FF 39 1E 00 00 00 DE 
23-10-18 at 06:18:58:547 Recived 06 02 10 FF 39 00 00 00 00 00 00 00 00 00 00 00 00 00 00 D6 
23-10-18 at 06:18:58:567 Send 06 
23-10-18 at 06:20:59:707 Send 05 
23-10-18 at 06:20:59:727 Recived 15 
23-10-18 at 06:20:59:727 Send 06 
23-10-18 at 06:20:59:747 Send 02 06 FF 39 1E 00 00 00 DE 
23-10-18 at 06:20:59:767 Recived 06 02 10 FF 39 00 00 00 00 00 00 00 00 00 00 00 00 00 00 D6 
23-10-18 at 06:20:59:787 Send 06 
23-10-18 at 06:23:00:914 Send 05 
23-10-18 at 06:23:00:934 Recived 15 
23-10-18 at 06:23:00:934 Send 06 
23-10-18 at 06:23:00:954 Send 02 06 FF 39 1E 00 00 00 DE 
23-10-18 at 06:23:00:974 Recived 06 02 10 FF 39 00 00 00 00 00 00 00 00 00 00 00 00 00 00 D6 
23-10-18 at 06:23:00:994 Send 06 
23-10-18 at 06:25:02:134 Send 05 
23-10-18 at 06:25:02:154 Recived 15 
23-10-18 at 06:25:02:154 Send 06 
23-10-18 at 06:25:02:174 Send 02 06 FF 39 1E 00 00 00 DE 
23-10-18 at 06:25:02:194 Recived 06 02 10 FF 39 00 00 00 00 00 00 00 00 00 00 00 00 00 00 D6 
23-10-18 at 06:25:02:214 Send 06 
23-10-18 at 06:27:03:354 Send 05 
23-10-18 at 06:27:03:374 Recived 15 
23-10-18 at 06:27:03:374 Send 06 
23-10-18 at 06:27:03:394 Send 02 06 FF 39 1E 00 00 00 DE 
23-10-18 at 06:27:03:414 Recived 06 02 10 FF 39 00 00 00 00 00 00 00 00 00 00 00 00 00 00 D6 
23-10-18 at 06:27:03:434 Send 06 
23-10-18 at 06:29:04:573 Send 05 
23-10-18 at 06:29:04:593 Recived 15 
23-10-18 at 06:29:04:593 Send 06 
23-10-18 at 06:29:04:614 Send 02 06 FF 39 1E 00 00 00 DE 
23-10-18 at 06:29:04:634 Recived 06 02 10 FF 39 00 00 00 00 00 00 00 00 00 00 00 00 00 00 D6 
23-10-18 at 06:29:04:654 Send 06 
23-10-18 at 06:31:05:794 Send 05 
23-10-18 at 06:31:05:814 Recived 15 
23-10-18 at 06:31:05:814 Send 06 
23-10-18 at 06:31:05:834 Send 02 06 FF 39 1E 00 00 00 DE 
23-10-18 at 06:31:05:854 Recived 06 02 10 FF 39 00 00 00 00 00 00 00 00 00 00 00 00 00 00 D6 
23-10-18 at 06:31:05:874 Send 06 
23-10-18 at 06:33:07:014 Send 05 
23-10-18 at 06:33:07:034 Recived 15 
23-10-18 at 06:33:07:034 Send 06 
23-10-18 at 06:33:07:054 Send 02 06 FF 39 1E 00 00 00 DE 
23-10-18 at 06:33:07:074 Recived 06 02 10 FF 39 00 00 00 00 00 00 00 00 00 00 00 00 00 00 D6 
23-10-18 at 06:33:07:094 Send 06 
23-10-18 at 06:35:08:234 Send 05 
23-10-18 at 06:35:08:254 Recived 15 
23-10-18 at 06:35:08:255 Send 06 
23-10-18 at 06:35:08:275 Send 02 06 FF 39 1E 00 00 00 DE 
23-10-18 at 06:35:08:295 Recived 06 02 10 FF 39 00 00 00 00 00 00 00 00 00 00 00 00 00 00 D6 
23-10-18 at 06:35:08:315 Send 06 
23-10-18 at 06:37:09:455 Send 05 
23-10-18 at 06:37:09:475 Recived 15 
23-10-18 at 06:37:09:475 Send 06 
23-10-18 at 06:37:09:496 Send 02 06 FF 39 1E 00 00 00 DE 
23-10-18 at 06:37:09:516 Recived 06 02 10 FF 39 00 00 00 00 00 00 00 00 00 00 00 00 00 00 D6 
23-10-18 at 06:37:09:536 Send 06 
23-10-18 at 06:39:10:679 Send 05 
23-10-18 at 06:39:10:699 Recived 15 
23-10-18 at 06:39:10:700 Send 06 
23-10-18 at 06:39:10:720 Send 02 06 FF 39 1E 00 00 00 DE 
23-10-18 at 06:39:10:740 Recived 06 02 10 FF 39 00 00 00 00 00 00 00 00 00 00 00 00 00 00 D6 
23-10-18 at 06:39:10:760 Send 06 
23-10-18 at 06:41:11:900 Send 05 
23-10-18 at 06:41:11:920 Recived 15 
23-10-18 at 06:41:11:921 Send 06 
23-10-18 at 06:41:11:941 Send 02 06 FF 39 1E 00 00 00 DE 
23-10-18 at 06:41:11:961 Recived 06 02 10 FF 39 00 00 00 00 00 00 00 00 00 00 00 00 00 00 D6 
23-10-18 at 06:41:11:981 Send 06 
23-10-18 at 06:43:13:124 Send 05 
23-10-18 at 06:43:13:144 Recived 15 
23-10-18 at 06:43:13:144 Send 06 
23-10-18 at 06:43:13:164 Send 02 06 FF 39 1E 00 00 00 DE 
23-10-18 at 06:43:13:184 Recived 06 02 10 FF 39 00 00 00 00 00 00 00 00 00 00 00 00 00 00 D6 
23-10-18 at 06:43:13:204 Send 06 
23-10-18 at 06:45:14:344 Send 05 
23-10-18 at 06:45:14:364 Recived 15 
23-10-18 at 06:45:14:364 Send 06 
23-10-18 at 06:45:14:384 Send 02 06 FF 39 1E 00 00 00 DE 
23-10-18 at 06:45:14:404 Recived 06 02 10 FF 39 00 00 00 00 00 00 00 00 00 00 00 00 00 00 D6 
23-10-18 at 06:45:14:424 Send 06 
23-10-18 at 06:47:15:564 Send 05 
23-10-18 at 06:47:15:584 Recived 15 
23-10-18 at 06:47:15:585 Send 06 
23-10-18 at 06:47:15:605 Send 02 06 FF 39 1E 00 00 00 DE 
23-10-18 at 06:47:15:625 Recived 06 02 10 FF 39 00 00 00 00 00 00 00 00 00 00 00 00 00 00 D6 
23-10-18 at 06:47:15:645 Send 06 
23-10-18 at 06:49:16:800 Send 05 
23-10-18 at 06:49:16:820 Recived 15 
23-10-18 at 06:49:16:820 Send 06 
23-10-18 at 06:49:16:840 Send 02 06 FF 39 1E 00 00 00 DE 
23-10-18 at 06:49:16:860 Recived 06 02 10 FF 39 00 00 00 00 00 00 00 00 00 00 00 00 00 00 D6 
23-10-18 at 06:49:16:880 Send 06 
23-10-18 at 06:51:18:020 Send 05 
23-10-18 at 06:51:18:040 Recived 15 
23-10-18 at 06:51:18:040 Send 06 
23-10-18 at 06:51:18:060 Send 02 06 FF 39 1E 00 00 00 DE 
23-10-18 at 06:51:18:080 Recived 06 02 10 FF 39 00 00 00 00 00 00 00 00 00 00 00 00 00 00 D6 
23-10-18 at 06:51:18:100 Send 06 
23-10-18 at 06:53:19:244 Send 05 
23-10-18 at 06:53:19:264 Recived 15 
23-10-18 at 06:53:19:264 Send 06 
23-10-18 at 06:53:19:284 Send 02 06 FF 39 1E 00 00 00 DE 
23-10-18 at 06:53:19:304 Recived 06 02 10 FF 39 00 00 00 00 00 00 00 00 00 00 00 00 00 00 D6 
23-10-18 at 06:53:19:324 Send 06 
23-10-18 at 06:55:20:464 Send 05 
23-10-18 at 06:55:20:484 Recived 15 
23-10-18 at 06:55:20:484 Send 06 
23-10-18 at 06:55:20:504 Send 02 06 FF 39 1E 00 00 00 DE 
23-10-18 at 06:55:20:524 Recived 06 02 10 FF 39 00 00 00 00 00 00 00 00 00 00 00 00 00 00 D6 
23-10-18 at 06:55:20:544 Send 06 
23-10-18 at 06:57:21:684 Send 05 
23-10-18 at 06:57:21:704 Recived 15 
23-10-18 at 06:57:21:704 Send 06 
23-10-18 at 06:57:21:724 Send 02 06 FF 39 1E 00 00 00 DE 
23-10-18 at 06:57:21:744 Recived 06 02 10 FF 39 00 00 00 00 00 00 00 00 00 00 00 00 00 00 D6 
23-10-18 at 06:57:21:764 Send 06 
23-10-18 at 06:59:22:905 Send 05 
23-10-18 at 06:59:22:925 Recived 15 
23-10-18 at 06:59:22:925 Send 06 
23-10-18 at 06:59:22:946 Send 02 06 FF 39 1E 00 00 00 DE 
23-10-18 at 06:59:22:966 Recived 06 02 10 FF 39 00 00 00 00 00 00 00 00 00 00 00 00 00 00 D6 
23-10-18 at 06:59:22:986 Send 06 
23-10-18 at 07:01:24:126 Send 05 
23-10-18 at 07:01:24:146 Recived 15 
23-10-18 at 07:01:24:146 Send 06 
23-10-18 at 07:01:24:167 Send 02 06 FF 39 1E 00 00 00 DE 
23-10-18 at 07:01:24:187 Recived 06 02 10 FF 39 00 00 00 00 00 00 00 00 00 00 00 00 00 00 D6 
23-10-18 at 07:01:24:207 Send 06 
23-10-18 at 07:03:25:346 Send 05 
23-10-18 at 07:03:25:366 Recived 15 
23-10-18 at 07:03:25:366 Send 06 
23-10-18 at 07:03:25:386 Send 02 06 FF 39 1E 00 00 00 DE 
23-10-18 at 07:03:25:406 Recived 06 02 10 FF 39 00 00 00 00 00 00 00 00 00 00 00 00 00 00 D6 
23-10-18 at 07:03:25:426 Send 06 
23-10-18 at 07:05:26:551 Send 05 
23-10-18 at 07:05:26:571 Recived 15 
23-10-18 at 07:05:26:571 Send 06 
23-10-18 at 07:05:26:591 Send 02 06 FF 39 1E 00 00 00 DE 
23-10-18 at 07:05:26:611 Recived 06 02 10 FF 39 00 00 00 00 00 00 00 00 00 00 00 00 00 00 D6 
23-10-18 at 07:05:26:631 Send 06 
23-10-18 at 07:07:27:771 Send 05 
23-10-18 at 07:07:27:791 Recived 15 
23-10-18 at 07:07:27:791 Send 06 
23-10-18 at 07:07:27:812 Send 02 06 FF 39 1E 00 00 00 DE 
23-10-18 at 07:07:27:832 Recived 06 02 10 FF 39 00 00 00 00 00 00 00 00 00 00 00 00 00 00 D6 
23-10-18 at 07:07:27:852 Send 06 
23-10-18 at 07:09:28:995 Send 05 
23-10-18 at 07:09:29:015 Recived 15 
23-10-18 at 07:09:29:015 Send 06 
23-10-18 at 07:09:29:035 Send 02 06 FF 39 1E 00 00 00 DE 
23-10-18 at 07:09:29:055 Recived 06 02 10 FF 39 00 00 00 00 00 00 00 00 00 00 00 00 00 00 D6 
23-10-18 at 07:09:29:075 Send 06 
23-10-18 at 07:11:30:215 Send 05 
23-10-18 at 07:11:30:235 Recived 15 
23-10-18 at 07:11:30:235 Send 06 
23-10-18 at 07:11:30:255 Send 02 06 FF 39 1E 00 00 00 DE 
23-10-18 at 07:11:30:275 Recived 06 02 10 FF 39 00 00 00 00 00 00 00 00 00 00 00 00 00 00 D6 
23-10-18 at 07:11:30:295 Send 06 
23-10-18 at 07:13:31:435 Send 05 
23-10-18 at 07:13:31:455 Recived 15 
23-10-18 at 07:13:31:455 Send 06 
23-10-18 at 07:13:31:476 Send 02 06 FF 39 1E 00 00 00 DE 
23-10-18 at 07:13:31:496 Recived 06 02 10 FF 39 00 00 00 00 00 00 00 00 00 00 00 00 00 00 D6 
23-10-18 at 07:13:31:516 Send 06 
23-10-18 at 07:15:32:654 Send 05 
23-10-18 at 07:15:32:674 Recived 15 
23-10-18 at 07:15:32:674 Send 06 
23-10-18 at 07:15:32:694 Send 02 06 FF 39 1E 00 00 00 DE 
23-10-18 at 07:15:32:714 Recived 06 02 10 FF 39 00 00 00 00 00 00 00 00 00 00 00 00 00 00 D6 
23-10-18 at 07:15:32:734 Send 06 
23-10-18 at 07:17:33:874 Send 05 
23-10-18 at 07:17:33:894 Recived 15 
23-10-18 at 07:17:33:895 Send 06 
23-10-18 at 07:17:33:915 Send 02 06 FF 39 1E 00 00 00 DE 
23-10-18 at 07:17:33:935 Recived 06 02 10 FF 39 00 00 00 00 00 00 00 00 00 00 00 00 00 00 D6 
23-10-18 at 07:17:33:955 Send 06 
23-10-18 at 07:19:35:096 Send 05 
23-10-18 at 07:19:35:116 Recived 15 
23-10-18 at 07:19:35:116 Send 06 
23-10-18 at 07:19:35:137 Send 02 06 FF 39 1E 00 00 00 DE 
23-10-18 at 07:19:35:157 Recived 06 02 10 FF 39 00 00 00 00 00 00 00 00 00 00 00 00 00 00 D6 
23-10-18 at 07:19:35:177 Send 06 
23-10-18 at 07:21:36:317 Send 05 
23-10-18 at 07:21:36:337 Recived 15 
23-10-18 at 07:21:36:337 Send 06 
23-10-18 at 07:21:36:357 Send 02 06 FF 39 1E 00 00 00 DE 
23-10-18 at 07:21:36:377 Recived 06 02 10 FF 39 00 00 00 00 00 00 00 00 00 00 00 00 00 00 D6 
23-10-18 at 07:21:36:397 Send 06 
23-10-18 at 07:23:37:537 Send 05 
23-10-18 at 07:23:37:557 Recived 15 
23-10-18 at 07:23:37:558 Send 06 
23-10-18 at 07:23:37:578 Send 02 06 FF 39 1E 00 00 00 DE 
23-10-18 at 07:23:37:598 Recived 06 02 10 FF 39 00 00 00 00 00 00 00 00 00 00 00 00 00 00 D6 
23-10-18 at 07:23:37:618 Send 06 
23-10-18 at 07:25:38:746 Send 05 
23-10-18 at 07:25:38:766 Recived 15 
23-10-18 at 07:25:38:766 Send 06 
23-10-18 at 07:25:38:787 Send 02 06 FF 39 1E 00 00 00 DE 
23-10-18 at 07:25:38:807 Recived 06 02 10 FF 39 00 00 00 00 00 00 00 00 00 00 00 00 00 00 D6 
23-10-18 at 07:25:38:827 Send 06 
23-10-18 at 07:27:39:967 Send 05 
23-10-18 at 07:27:39:987 Recived 15 
23-10-18 at 07:27:39:987 Send 06 
23-10-18 at 07:27:40:007 Send 02 06 FF 39 1E 00 00 00 DE 
23-10-18 at 07:27:40:027 Recived 06 02 10 FF 39 00 00 00 00 00 00 00 00 00 00 00 00 00 00 D6 
23-10-18 at 07:27:40:047 Send 06 
23-10-18 at 07:29:41:178 Send 05 
23-10-18 at 07:29:41:198 Recived 15 
23-10-18 at 07:29:41:198 Send 06 
23-10-18 at 07:29:41:218 Send 02 06 FF 39 1E 00 00 00 DE 
23-10-18 at 07:29:41:238 Recived 06 02 10 FF 39 00 00 00 00 00 00 00 00 00 00 00 00 00 00 D6 
23-10-18 at 07:29:41:258 Send 06 
23-10-18 at 07:31:42:398 Send 05 
23-10-18 at 07:31:42:418 Recived 15 
23-10-18 at 07:31:42:418 Send 06 
23-10-18 at 07:31:42:438 Send 02 06 FF 39 1E 00 00 00 DE 
23-10-18 at 07:31:42:458 Recived 06 02 10 FF 39 00 00 00 00 00 00 00 00 00 00 00 00 00 00 D6 
23-10-18 at 07:31:42:478 Send 06 
23-10-18 at 07:33:43:618 Send 05 
23-10-18 at 07:33:43:638 Recived 15 
23-10-18 at 07:33:43:638 Send 06 
23-10-18 at 07:33:43:659 Send 02 06 FF 39 1E 00 00 00 DE 
23-10-18 at 07:33:43:679 Recived 06 02 10 FF 39 00 00 00 00 00 00 00 00 00 00 00 00 00 00 D6 
23-10-18 at 07:33:43:699 Send 06 
23-10-18 at 07:35:44:839 Send 05 
23-10-18 at 07:35:44:859 Recived 15 
23-10-18 at 07:35:44:859 Send 06 
23-10-18 at 07:35:44:879 Send 02 06 FF 39 1E 00 00 00 DE 
23-10-18 at 07:35:44:899 Recived 06 02 10 FF 39 00 00 00 00 00 00 00 00 00 00 00 00 00 00 D6 
23-10-18 at 07:35:44:919 Send 06 
23-10-18 at 07:37:46:059 Send 05 
23-10-18 at 07:37:46:079 Recived 15 
23-10-18 at 07:37:46:080 Send 06 
23-10-18 at 07:37:46:100 Send 02 06 FF 39 1E 00 00 00 DE 
23-10-18 at 07:37:46:120 Recived 06 02 10 FF 39 00 00 00 00 00 00 00 00 00 00 00 00 00 00 D6 
23-10-18 at 07:37:46:140 Send 06 
23-10-18 at 07:39:47:279 Send 05 
23-10-18 at 07:39:47:299 Recived 15 
23-10-18 at 07:39:47:299 Send 06 
23-10-18 at 07:39:47:319 Send 02 06 FF 39 1E 00 00 00 DE 
23-10-18 at 07:39:47:339 Recived 06 02 10 FF 39 00 00 00 00 00 00 00 00 00 00 00 00 00 00 D6 
23-10-18 at 07:39:47:359 Send 06 
23-10-18 at 07:41:48:499 Send 05 
23-10-18 at 07:41:48:519 Recived 15 
23-10-18 at 07:41:48:520 Send 06 
23-10-18 at 07:41:48:540 Send 02 06 FF 39 1E 00 00 00 DE 
23-10-18 at 07:41:48:560 Recived 06 02 10 FF 39 00 00 00 00 00 00 00 00 00 00 00 00 00 00 D6 
23-10-18 at 07:41:48:580 Send 06 
23-10-18 at 07:43:49:720 Send 05 
23-10-18 at 07:43:49:740 Recived 15 
23-10-18 at 07:43:49:741 Send 06 
23-10-18 at 07:43:49:761 Send 02 06 FF 39 1E 00 00 00 DE 
23-10-18 at 07:43:49:781 Recived 06 02 10 FF 39 00 00 00 00 00 00 00 00 00 00 00 00 00 00 D6 
23-10-18 at 07:43:49:801 Send 06 
23-10-18 at 07:45:50:932 Send 05 
23-10-18 at 07:45:50:952 Recived 15 
23-10-18 at 07:45:50:952 Send 06 
23-10-18 at 07:45:50:972 Send 02 06 FF 39 1E 00 00 00 DE 
23-10-18 at 07:45:50:992 Recived 06 02 10 FF 39 00 00 00 00 00 00 00 00 00 00 00 00 00 00 D6 
23-10-18 at 07:45:51:012 Send 06 
23-10-18 at 07:47:52:152 Send 05 
23-10-18 at 07:47:52:172 Recived 15 
23-10-18 at 07:47:52:172 Send 06 
23-10-18 at 07:47:52:192 Send 02 06 FF 39 1E 00 00 00 DE 
23-10-18 at 07:47:52:212 Recived 06 02 10 FF 39 00 00 00 00 00 00 00 00 00 00 00 00 00 00 D6 
23-10-18 at 07:47:52:232 Send 06 
23-10-18 at 07:49:53:365 Send 05 
23-10-18 at 07:49:53:385 Recived 15 
23-10-18 at 07:49:53:385 Send 06 
23-10-18 at 07:49:53:405 Send 02 06 FF 39 1E 00 00 00 DE 
23-10-18 at 07:49:53:425 Recived 06 02 10 FF 39 00 00 00 00 00 00 00 00 00 00 00 00 00 00 D6 
23-10-18 at 07:49:53:445 Send 06 
23-10-18 at 07:51:54:585 Send 05 
23-10-18 at 07:51:54:605 Recived 15 
23-10-18 at 07:51:54:605 Send 06 
23-10-18 at 07:51:54:625 Send 02 06 FF 39 1E 00 00 00 DE 
23-10-18 at 07:51:54:645 Recived 06 02 10 FF 39 00 00 00 00 00 00 00 00 00 00 00 00 00 00 D6 
23-10-18 at 07:51:54:665 Send 06 
23-10-18 at 07:53:55:805 Send 05 
23-10-18 at 07:53:55:825 Recived 15 
23-10-18 at 07:53:55:825 Send 06 
23-10-18 at 07:53:55:845 Send 02 06 FF 39 1E 00 00 00 DE 
23-10-18 at 07:53:55:865 Recived 06 02 10 FF 39 00 00 00 00 00 00 00 00 00 00 00 00 00 00 D6 
23-10-18 at 07:53:55:885 Send 06 
23-10-18 at 07:55:57:018 Send 05 
23-10-18 at 07:55:57:038 Recived 15 
23-10-18 at 07:55:57:038 Send 06 
23-10-18 at 07:55:57:059 Send 02 06 FF 39 1E 00 00 00 DE 
23-10-18 at 07:55:57:079 Recived 06 02 10 FF 39 00 00 00 00 00 00 00 00 00 00 00 00 00 00 D6 
23-10-18 at 07:55:57:099 Send 06 
23-10-18 at 07:57:58:239 Send 05 
23-10-18 at 07:57:58:259 Recived 15 
23-10-18 at 07:57:58:259 Send 06 
23-10-18 at 07:57:58:280 Send 02 06 FF 39 1E 00 00 00 DE 
23-10-18 at 07:57:58:300 Recived 06 02 10 FF 39 00 00 00 00 00 00 00 00 00 00 00 00 00 00 D6 
23-10-18 at 07:57:58:320 Send 06 
23-10-18 at 07:59:59:456 Send 05 
23-10-18 at 07:59:59:476 Recived 15 
23-10-18 at 07:59:59:476 Send 06 
23-10-18 at 07:59:59:496 Send 02 06 FF 39 1E 00 00 00 DE 
23-10-18 at 07:59:59:516 Recived 06 02 10 FF 39 00 00 00 00 00 00 00 00 00 00 00 00 00 00 D6 
23-10-18 at 07:59:59:536 Send 06 
23-10-18 at 08:02:00:676 Send 05 
23-10-18 at 08:02:00:696 Recived 15 
23-10-18 at 08:02:00:696 Send 06 
23-10-18 at 08:02:00:716 Send 02 06 FF 39 1E 00 00 00 DE 
23-10-18 at 08:02:00:736 Recived 06 02 10 FF 39 00 00 00 00 00 00 00 00 00 00 00 00 00 00 D6 
23-10-18 at 08:02:00:756 Send 06 
23-10-18 at 08:04:01:896 Send 05 
23-10-18 at 08:04:01:916 Recived 15 
23-10-18 at 08:04:01:916 Send 06 
23-10-18 at 08:04:01:937 Send 02 06 FF 39 1E 00 00 00 DE 
23-10-18 at 08:04:01:957 Recived 06 02 10 FF 39 00 00 00 00 00 00 00 00 00 00 00 00 00 00 D6 
23-10-18 at 08:04:01:977 Send 06 
23-10-18 at 08:06:03:117 Send 05 
23-10-18 at 08:06:03:137 Recived 15 
23-10-18 at 08:06:03:137 Send 06 
23-10-18 at 08:06:03:157 Send 02 06 FF 39 1E 00 00 00 DE 
23-10-18 at 08:06:03:177 Recived 06 02 10 FF 39 00 00 00 00 00 00 00 00 00 00 00 00 00 00 D6 
23-10-18 at 08:06:03:197 Send 06 
23-10-18 at 08:08:04:337 Send 05 
23-10-18 at 08:08:04:357 Recived 15 
23-10-18 at 08:08:04:357 Send 06 
23-10-18 at 08:08:04:377 Send 02 06 FF 39 1E 00 00 00 DE 
23-10-18 at 08:08:04:397 Recived 06 02 10 FF 39 00 00 00 00 00 00 00 00 00 00 00 00 00 00 D6 
23-10-18 at 08:08:04:417 Send 06 
23-10-18 at 08:10:05:553 Send 05 
23-10-18 at 08:10:05:573 Recived 15 
23-10-18 at 08:10:05:573 Send 06 
23-10-18 at 08:10:05:593 Send 02 06 FF 39 1E 00 00 00 DE 
23-10-18 at 08:10:05:613 Recived 06 02 10 FF 39 00 00 00 00 00 00 00 00 00 00 00 00 00 00 D6 
23-10-18 at 08:10:05:633 Send 06 
23-10-18 at 08:12:06:773 Send 05 
23-10-18 at 08:12:06:793 Recived 15 
23-10-18 at 08:12:06:793 Send 06 
23-10-18 at 08:12:06:813 Send 02 06 FF 39 1E 00 00 00 DE 
23-10-18 at 08:12:06:833 Recived 06 02 10 FF 39 00 00 00 00 00 00 00 00 00 00 00 00 00 00 D6 
23-10-18 at 08:12:06:853 Send 06 
23-10-18 at 08:14:07:993 Send 05 
23-10-18 at 08:14:08:013 Recived 15 
23-10-18 at 08:14:08:014 Send 06 
23-10-18 at 08:14:08:034 Send 02 06 FF 39 1E 00 00 00 DE 
23-10-18 at 08:14:08:054 Recived 06 02 10 FF 39 00 00 00 00 00 00 00 00 00 00 00 00 00 00 D6 
23-10-18 at 08:14:08:074 Send 06 
23-10-18 at 08:16:09:205 Send 05 
23-10-18 at 08:16:09:225 Recived 15 
23-10-18 at 08:16:09:225 Send 06 
23-10-18 at 08:16:09:245 Send 02 06 FF 39 1E 00 00 00 DE 
23-10-18 at 08:16:09:265 Recived 06 02 10 FF 39 00 00 00 00 00 00 00 00 00 00 00 00 00 00 D6 
23-10-18 at 08:16:09:285 Send 06 
23-10-18 at 08:18:10:425 Send 05 
23-10-18 at 08:18:10:445 Recived 15 
23-10-18 at 08:18:10:445 Send 06 
23-10-18 at 08:18:10:465 Send 02 06 FF 39 1E 00 00 00 DE 
23-10-18 at 08:18:10:485 Recived 06 02 10 FF 39 00 00 00 00 00 00 00 00 00 00 00 00 00 00 D6 
23-10-18 at 08:18:10:505 Send 06 
23-10-18 at 08:20:11:630 Send 05 
23-10-18 at 08:20:11:650 Recived 15 
23-10-18 at 08:20:11:650 Send 06 
23-10-18 at 08:20:11:670 Send 02 06 FF 39 1E 00 00 00 DE 
23-10-18 at 08:20:11:690 Recived 06 02 10 FF 39 00 00 00 00 00 00 00 00 00 00 00 00 00 00 D6 
23-10-18 at 08:20:11:710 Send 06 
23-10-18 at 08:22:12:850 Send 05 
23-10-18 at 08:22:12:870 Recived 15 
23-10-18 at 08:22:12:870 Send 06 
23-10-18 at 08:22:12:891 Send 02 06 FF 39 1E 00 00 00 DE 
23-10-18 at 08:22:12:911 Recived 06 02 10 FF 39 00 00 00 00 00 00 00 00 00 00 00 00 00 00 D6 
23-10-18 at 08:22:12:931 Send 06 
23-10-18 at 08:24:14:071 Send 05 
23-10-18 at 08:24:14:091 Recived 15 
23-10-18 at 08:24:14:091 Send 06 
23-10-18 at 08:24:14:111 Send 02 06 FF 39 1E 00 00 00 DE 
23-10-18 at 08:24:14:131 Recived 06 02 10 FF 39 00 00 00 00 00 00 00 00 00 00 00 00 00 00 D6 
23-10-18 at 08:24:14:151 Send 06 
23-10-18 at 08:26:15:287 Send 05 
23-10-18 at 08:26:15:307 Recived 15 
23-10-18 at 08:26:15:308 Send 06 
23-10-18 at 08:26:15:328 Send 02 06 FF 39 1E 00 00 00 DE 
23-10-18 at 08:26:15:348 Recived 06 02 10 FF 39 00 00 00 00 00 00 00 00 00 00 00 00 00 00 D6 
23-10-18 at 08:26:15:368 Send 06 
23-10-18 at 08:28:16:508 Send 05 
23-10-18 at 08:28:16:528 Recived 15 
23-10-18 at 08:28:16:528 Send 06 
23-10-18 at 08:28:16:549 Send 02 06 FF 39 1E 00 00 00 DE 
23-10-18 at 08:28:16:569 Recived 06 02 10 FF 39 00 00 00 00 00 00 00 00 00 00 00 00 00 00 D6 
23-10-18 at 08:28:16:589 Send 06 
23-10-18 at 08:30:17:720 Send 05 
23-10-18 at 08:30:17:740 Recived 15 
23-10-18 at 08:30:17:740 Send 06 
23-10-18 at 08:30:17:760 Send 02 06 FF 39 1E 00 00 00 DE 
23-10-18 at 08:30:17:780 Recived 06 02 10 FF 39 00 00 00 00 00 00 00 00 00 00 00 00 00 00 D6 
23-10-18 at 08:30:17:800 Send 06 
23-10-18 at 08:32:18:940 Send 05 
23-10-18 at 08:32:18:960 Recived 15 
23-10-18 at 08:32:18:960 Send 06 
23-10-18 at 08:32:18:980 Send 02 06 FF 39 1E 00 00 00 DE 
23-10-18 at 08:32:19:000 Recived 06 02 10 FF 39 00 00 00 00 00 00 00 00 00 00 00 00 00 00 D6 
23-10-18 at 08:32:19:020 Send 06 
23-10-18 at 08:34:20:160 Send 05 
23-10-18 at 08:34:20:180 Recived 15 
23-10-18 at 08:34:20:180 Send 06 
23-10-18 at 08:34:20:200 Send 02 06 FF 39 1E 00 00 00 DE 
23-10-18 at 08:34:20:220 Recived 06 02 10 FF 39 00 00 00 00 00 00 00 00 00 00 00 00 00 00 D6 
23-10-18 at 08:34:20:240 Send 06 
23-10-18 at 08:36:21:371 Send 05 
23-10-18 at 08:36:21:391 Recived 15 
23-10-18 at 08:36:21:391 Send 06 
23-10-18 at 08:36:21:411 Send 02 06 FF 39 1E 00 00 00 DE 
23-10-18 at 08:36:21:431 Recived 06 02 10 FF 39 00 00 00 00 00 00 00 00 00 00 00 00 00 00 D6 
23-10-18 at 08:36:21:451 Send 06 
23-10-18 at 08:38:22:591 Send 05 
23-10-18 at 08:38:22:611 Recived 15 
23-10-18 at 08:38:22:612 Send 06 
23-10-18 at 08:38:22:632 Send 02 06 FF 39 1E 00 00 00 DE 
23-10-18 at 08:38:22:652 Recived 06 02 10 FF 39 00 00 00 00 00 00 00 00 00 00 00 00 00 00 D6 
23-10-18 at 08:38:22:672 Send 06 
23-10-18 at 08:40:23:817 Send 05 
23-10-18 at 08:40:23:837 Recived 15 
23-10-18 at 08:40:23:837 Send 06 
23-10-18 at 08:40:23:857 Send 02 06 FF 39 1E 00 00 00 DE 
23-10-18 at 08:40:23:877 Recived 06 02 10 FF 39 00 00 00 00 00 00 00 00 00 00 00 00 00 00 D6 
23-10-18 at 08:40:23:897 Send 06 
23-10-18 at 08:42:25:037 Send 05 
23-10-18 at 08:42:25:057 Recived 15 
23-10-18 at 08:42:25:057 Send 06 
23-10-18 at 08:42:25:077 Send 02 06 FF 39 1E 00 00 00 DE 
23-10-18 at 08:42:25:097 Recived 06 02 10 FF 39 00 00 00 00 00 00 00 00 00 00 00 00 00 00 D6 
23-10-18 at 08:42:25:117 Send 06 
23-10-18 at 08:44:26:257 Send 05 
23-10-18 at 08:44:26:277 Recived 15 
23-10-18 at 08:44:26:277 Send 06 
23-10-18 at 08:44:26:297 Send 02 06 FF 39 1E 00 00 00 DE 
23-10-18 at 08:44:26:317 Recived 06 02 10 FF 39 00 00 00 00 00 00 00 00 00 00 00 00 00 00 D6 
23-10-18 at 08:44:26:337 Send 06 
23-10-18 at 08:46:27:471 Send 05 
23-10-18 at 08:46:27:491 Recived 15 
23-10-18 at 08:46:27:491 Send 06 
23-10-18 at 08:46:27:512 Send 02 06 FF 39 1E 00 00 00 DE 
23-10-18 at 08:46:27:532 Recived 06 02 10 FF 39 00 00 00 00 00 00 00 00 00 00 00 00 00 00 D6 
23-10-18 at 08:46:27:552 Send 06 
23-10-18 at 08:48:28:692 Send 05 
23-10-18 at 08:48:28:712 Recived 15 
23-10-18 at 08:48:28:712 Send 06 
23-10-18 at 08:48:28:733 Send 02 06 FF 39 1E 00 00 00 DE 
23-10-18 at 08:48:28:753 Recived 06 02 10 FF 39 00 00 00 00 00 00 00 00 00 00 00 00 00 00 D6 
23-10-18 at 08:48:28:773 Send 06 
23-10-18 at 08:50:29:910 Send 05 
23-10-18 at 08:50:29:930 Recived 15 
23-10-18 at 08:50:29:930 Send 06 
23-10-18 at 08:50:29:950 Send 02 06 FF 39 1E 00 00 00 DE 
23-10-18 at 08:50:29:970 Recived 06 02 10 FF 39 00 00 00 00 00 00 00 00 00 00 00 00 00 00 D6 
23-10-18 at 08:50:29:990 Send 06 
23-10-18 at 08:52:31:130 Send 05 
23-10-18 at 08:52:31:150 Recived 15 
23-10-18 at 08:52:31:150 Send 06 
23-10-18 at 08:52:31:170 Send 02 06 FF 39 1E 00 00 00 DE 
23-10-18 at 08:52:31:190 Recived 06 02 10 FF 39 00 00 00 00 00 00 00 00 00 00 00 00 00 00 D6 
23-10-18 at 08:52:31:210 Send 06 
23-10-18 at 08:54:32:350 Send 05 
23-10-18 at 08:54:32:370 Recived 15 
23-10-18 at 08:54:32:370 Send 06 
23-10-18 at 08:54:32:390 Send 02 06 FF 39 1E 00 00 00 DE 
23-10-18 at 08:54:32:410 Recived 06 02 10 FF 39 00 00 00 00 00 00 00 00 00 00 00 00 00 00 D6 
23-10-18 at 08:54:32:430 Send 06 
23-10-18 at 08:56:33:558 Send 05 
23-10-18 at 08:56:33:578 Recived 15 
23-10-18 at 08:56:33:578 Send 06 
23-10-18 at 08:56:33:598 Send 02 06 FF 39 1E 00 00 00 DE 
23-10-18 at 08:56:33:618 Recived 06 02 10 FF 39 00 00 00 00 00 00 00 00 00 00 00 00 00 00 D6 
23-10-18 at 08:56:33:638 Send 06 
23-10-18 at 08:58:34:778 Send 05 
23-10-18 at 08:58:34:798 Recived 15 
23-10-18 at 08:58:34:799 Send 06 
23-10-18 at 08:58:34:819 Send 02 06 FF 39 1E 00 00 00 DE 
23-10-18 at 08:58:34:839 Recived 06 02 10 FF 39 00 00 00 00 00 00 00 00 00 00 00 00 00 00 D6 
23-10-18 at 08:58:34:859 Send 06 
23-10-18 at 09:00:36:002 Send 05 
23-10-18 at 09:00:36:022 Recived 15 
23-10-18 at 09:00:36:022 Send 06 
23-10-18 at 09:00:36:042 Send 02 06 FF 39 1E 00 00 00 DE 
23-10-18 at 09:00:36:062 Recived 06 02 10 FF 39 00 00 00 00 00 00 00 00 00 00 00 00 00 00 D6 
23-10-18 at 09:00:36:082 Send 06 
23-10-18 at 09:02:37:222 Send 05 
23-10-18 at 09:02:37:242 Recived 15 
23-10-18 at 09:02:37:242 Send 06 
23-10-18 at 09:02:37:262 Send 02 06 FF 39 1E 00 00 00 DE 
23-10-18 at 09:02:37:282 Recived 06 02 10 FF 39 00 00 00 00 00 00 00 00 00 00 00 00 00 00 D6 
23-10-18 at 09:02:37:302 Send 06 
23-10-18 at 09:04:23:593 114
23-10-18 at 09:04:23:593 014
23-10-18 at 09:04:23:646   
23-10-18 at 09:04:23:646   
23-10-18 at 09:04:27:089   
23-10-18 at 09:04:27:089   
23-10-18 at 09:04:27:110   
23-10-18 at 09:04:27:110   
23-10-18 at 09:04:38:442 Send 05 
23-10-18 at 09:04:38:462 Recived 15 
23-10-18 at 09:04:38:462 Send 06 
23-10-18 at 09:04:38:482 Send 02 06 FF 39 1E 00 00 00 DE 
23-10-18 at 09:04:38:502 Recived 06 02 10 FF 39 00 00 00 00 00 00 00 00 00 00 00 00 00 00 D6 
23-10-18 at 09:04:38:522 Send 06 
23-10-18 at 09:06:39:649 Send 05 
23-10-18 at 09:06:39:669 Recived 15 
23-10-18 at 09:06:39:669 Send 06 
23-10-18 at 09:06:39:689 Send 02 06 FF 39 1E 00 00 00 DE 
23-10-18 at 09:06:39:709 Recived 06 02 10 FF 39 00 00 00 00 00 00 00 00 00 00 00 00 00 00 D6 
23-10-18 at 09:06:39:729 Send 06 
23-10-18 at 09:08:40:869 Send 05 
23-10-18 at 09:08:40:889 Recived 15 
23-10-18 at 09:08:40:889 Send 06 
23-10-18 at 09:08:40:909 Send 02 06 FF 39 1E 00 00 00 DE 
23-10-18 at 09:08:40:929 Recived 06 02 10 FF 39 00 00 00 00 00 00 00 00 00 00 00 00 00 00 D6 
23-10-18 at 09:08:40:949 Send 06 
23-10-18 at 09:10:42:075 Send 05 
23-10-18 at 09:10:42:095 Recived 15 
23-10-18 at 09:10:42:095 Send 06 
23-10-18 at 09:10:42:115 Send 02 06 FF 39 1E 00 00 00 DE 
23-10-18 at 09:10:42:135 Recived 06 02 10 FF 39 00 00 00 00 00 00 00 00 00 00 00 00 00 00 D6 
23-10-18 at 09:10:42:155 Send 06 
23-10-18 at 09:12:43:282 Send 05 
23-10-18 at 09:12:43:302 Recived 15 
23-10-18 at 09:12:43:302 Send 06 
23-10-18 at 09:12:43:322 Send 02 06 FF 39 1E 00 00 00 DE 
23-10-18 at 09:12:43:342 Recived 06 02 10 FF 39 00 00 00 00 00 00 00 00 00 00 00 00 00 00 D6 
23-10-18 at 09:12:43:362 Send 06 
23-10-18 at 09:14:44:502 Send 05 
23-10-18 at 09:14:44:522 Recived 15 
23-10-18 at 09:14:44:522 Send 06 
23-10-18 at 09:14:44:542 Send 02 06 FF 39 1E 00 00 00 DE 
23-10-18 at 09:14:44:562 Recived 06 02 10 FF 39 00 00 00 00 00 00 00 00 00 00 00 00 00 00 D6 
23-10-18 at 09:14:44:582 Send 06 
23-10-18 at 09:16:45:705 Send 05 
23-10-18 at 09:16:45:725 Recived 15 
23-10-18 at 09:16:45:725 Send 06 
23-10-18 at 09:16:45:745 Send 02 06 FF 39 1E 00 00 00 DE 
23-10-18 at 09:16:45:765 Recived 06 02 10 FF 39 00 00 00 00 00 00 00 00 00 00 00 00 00 00 D6 
23-10-18 at 09:16:45:785 Send 06 
23-10-18 at 09:18:46:925 Send 05 
23-10-18 at 09:18:46:945 Recived 15 
23-10-18 at 09:18:46:945 Send 06 
23-10-18 at 09:18:46:965 Send 02 06 FF 39 1E 00 00 00 DE 
23-10-18 at 09:18:46:985 Recived 06 02 10 FF 39 00 00 00 00 00 00 00 00 00 00 00 00 00 00 D6 
23-10-18 at 09:18:47:005 Send 06 
23-10-18 at 09:20:48:145 Send 05 
23-10-18 at 09:20:48:165 Recived 15 
23-10-18 at 09:20:48:165 Send 06 
23-10-18 at 09:20:48:185 Send 02 06 FF 39 1E 00 00 00 DE 
23-10-18 at 09:20:48:205 Recived 06 02 10 FF 39 00 00 00 00 00 00 00 00 00 00 00 00 00 00 D6 
23-10-18 at 09:20:48:225 Send 06 
23-10-18 at 09:22:49:349 Send 05 
23-10-18 at 09:22:49:369 Recived 15 
23-10-18 at 09:22:49:369 Send 06 
23-10-18 at 09:22:49:389 Send 02 06 FF 39 1E 00 00 00 DE 
23-10-18 at 09:22:49:409 Recived 06 02 10 FF 39 00 00 00 00 00 00 00 00 00 00 00 00 00 00 D6 
23-10-18 at 09:22:49:429 Send 06 
23-10-18 at 09:24:50:569 Send 05 
23-10-18 at 09:24:50:589 Recived 15 
23-10-18 at 09:24:50:589 Send 06 
23-10-18 at 09:24:50:610 Send 02 06 FF 39 1E 00 00 00 DE 
23-10-18 at 09:24:50:630 Recived 06 02 10 FF 39 00 00 00 00 00 00 00 00 00 00 00 00 00 00 D6 
23-10-18 at 09:24:50:650 Send 06 
23-10-18 at 09:26:51:791 Send 05 
23-10-18 at 09:26:51:811 Recived 15 
23-10-18 at 09:26:51:811 Send 06 
23-10-18 at 09:26:51:831 Send 02 06 FF 39 1E 00 00 00 DE 
23-10-18 at 09:26:51:851 Recived 06 02 10 FF 39 00 00 00 00 00 00 00 00 00 00 00 00 00 00 D6 
23-10-18 at 09:26:51:871 Send 06 
23-10-18 at 09:28:53:011 Send 05 
23-10-18 at 09:28:53:031 Recived 15 
23-10-18 at 09:28:53:031 Send 06 
23-10-18 at 09:28:53:051 Send 02 06 FF 39 1E 00 00 00 DE 
23-10-18 at 09:28:53:071 Recived 06 02 10 FF 39 00 00 00 00 00 00 00 00 00 00 00 00 00 00 D6 
23-10-18 at 09:28:53:091 Send 06 
23-10-18 at 09:30:54:231 Send 05 
23-10-18 at 09:30:54:251 Recived 15 
23-10-18 at 09:30:54:251 Send 06 
23-10-18 at 09:30:54:272 Send 02 06 FF 39 1E 00 00 00 DE 
23-10-18 at 09:30:54:292 Recived 06 02 10 FF 39 00 00 00 00 00 00 00 00 00 00 00 00 00 00 D6 
23-10-18 at 09:30:54:312 Send 06 
23-10-18 at 09:32:55:437 Send 05 
23-10-18 at 09:32:55:457 Recived 15 
23-10-18 at 09:32:55:457 Send 06 
23-10-18 at 09:32:55:477 Send 02 06 FF 39 1E 00 00 00 DE 
23-10-18 at 09:32:55:497 Recived 06 02 10 FF 39 00 00 00 00 00 00 00 00 00 00 00 00 00 00 D6 
23-10-18 at 09:32:55:517 Send 06 
23-10-18 at 09:34:56:657 Send 05 
23-10-18 at 09:34:56:677 Recived 15 
23-10-18 at 09:34:56:677 Send 06 
23-10-18 at 09:34:56:697 Send 02 06 FF 39 1E 00 00 00 DE 
23-10-18 at 09:34:56:717 Recived 06 02 10 FF 39 00 00 00 00 00 00 00 00 00 00 00 00 00 00 D6 
23-10-18 at 09:34:56:737 Send 06 
23-10-18 at 09:36:57:877 Send 05 
23-10-18 at 09:36:57:897 Recived 15 
23-10-18 at 09:36:57:897 Send 06 
23-10-18 at 09:36:57:917 Send 02 06 FF 39 1E 00 00 00 DE 
23-10-18 at 09:36:57:937 Recived 06 02 10 FF 39 00 00 00 00 00 00 00 00 00 00 00 00 00 00 D6 
23-10-18 at 09:36:57:957 Send 06 
23-10-18 at 09:38:59:097 Send 05 
23-10-18 at 09:38:59:117 Recived 15 
23-10-18 at 09:38:59:117 Send 06 
23-10-18 at 09:38:59:137 Send 02 06 FF 39 1E 00 00 00 DE 
23-10-18 at 09:38:59:157 Recived 06 02 10 FF 39 00 00 00 00 00 00 00 00 00 00 00 00 00 00 D6 
23-10-18 at 09:38:59:177 Send 06 
23-10-18 at 09:41:00:317 Send 05 
23-10-18 at 09:41:00:337 Recived 15 
23-10-18 at 09:41:00:337 Send 06 
23-10-18 at 09:41:00:357 Send 02 06 FF 39 1E 00 00 00 DE 
23-10-18 at 09:41:00:377 Recived 06 02 10 FF 39 00 00 00 00 00 00 00 00 00 00 00 00 00 00 D6 
23-10-18 at 09:41:00:397 Send 06 
23-10-18 at 09:43:01:522 Send 05 
23-10-18 at 09:43:01:542 Recived 15 
23-10-18 at 09:43:01:542 Send 06 
23-10-18 at 09:43:01:562 Send 02 06 FF 39 1E 00 00 00 DE 
23-10-18 at 09:43:01:582 Recived 06 02 10 FF 39 00 00 00 00 00 00 00 00 00 00 00 00 00 00 D6 
23-10-18 at 09:43:01:602 Send 06 
23-10-18 at 09:45:02:742 Send 05 
23-10-18 at 09:45:02:762 Recived 15 
23-10-18 at 09:45:02:762 Send 06 
23-10-18 at 09:45:02:782 Send 02 06 FF 39 1E 00 00 00 DE 
23-10-18 at 09:45:02:802 Recived 06 02 10 FF 39 00 00 00 00 00 00 00 00 00 00 00 00 00 00 D6 
23-10-18 at 09:45:02:822 Send 06 
23-10-18 at 09:47:03:957 Send 05 
23-10-18 at 09:47:03:977 Recived 15 
23-10-18 at 09:47:03:977 Send 06 
23-10-18 at 09:47:03:997 Send 02 06 FF 39 1E 00 00 00 DE 
23-10-18 at 09:47:04:017 Recived 06 02 10 FF 39 00 00 00 00 00 00 00 00 00 00 00 00 00 00 D6 
23-10-18 at 09:47:04:037 Send 06 
23-10-18 at 09:49:05:177 Send 05 
23-10-18 at 09:49:05:198 Recived 15 
23-10-18 at 09:49:05:199 Send 06 
23-10-18 at 09:49:05:220 Send 02 06 FF 39 1E 00 00 00 DE 
23-10-18 at 09:49:05:241 Recived 06 02 10 FF 39 00 00 00 00 00 00 00 00 00 00 00 00 00 00 D6 
23-10-18 at 09:49:05:262 Send 06 
23-10-18 at 09:51:06:403 Send 05 
23-10-18 at 09:51:06:423 Recived 15 
23-10-18 at 09:51:06:423 Send 06 
23-10-18 at 09:51:06:443 Send 02 06 FF 39 1E 00 00 00 DE 
23-10-18 at 09:51:06:463 Recived 06 02 10 FF 39 00 00 00 00 00 00 00 00 00 00 00 00 00 00 D6 
23-10-18 at 09:51:06:483 Send 06 
23-10-18 at 09:53:07:612 Send 05 
23-10-18 at 09:53:07:632 Recived 15 
23-10-18 at 09:53:07:632 Send 06 
23-10-18 at 09:53:07:652 Send 02 06 FF 39 1E 00 00 00 DE 
23-10-18 at 09:53:07:672 Recived 06 02 10 FF 39 00 00 00 00 00 00 00 00 00 00 00 00 00 00 D6 
23-10-18 at 09:53:07:692 Send 06 
23-10-18 at 09:55:08:832 Send 05 
23-10-18 at 09:55:08:853 Recived 15 
23-10-18 at 09:55:08:854 Send 06 
23-10-18 at 09:55:08:874 Send 02 06 FF 39 1E 00 00 00 DE 
23-10-18 at 09:55:08:895 Recived 06 02 10 FF 39 00 00 00 00 00 00 00 00 00 00 00 00 00 00 D6 
23-10-18 at 09:55:08:916 Send 06 
23-10-18 at 09:57:10:056 Send 05 
23-10-18 at 09:57:10:076 Recived 15 
23-10-18 at 09:57:10:076 Send 06 
23-10-18 at 09:57:10:096 Send 02 06 FF 39 1E 00 00 00 DE 
23-10-18 at 09:57:10:116 Recived 06 02 10 FF 39 00 00 00 00 00 00 00 00 00 00 00 00 00 00 D6 
23-10-18 at 09:57:10:136 Send 06 
23-10-18 at 09:57:36:732 total calculated
23-10-18 at 09:57:36:732 now show on display
23-10-18 at 09:57:36:732                     :          0.00
23-10-18 at 09:57:36:733 now clear port error ...
23-10-18 at 09:57:36:733 now write to port ...
23-10-18 at 09:57:36:974 ... done
23-10-18 at 09:57:36:975 total calculated
23-10-18 at 09:57:36:975 now show on display
23-10-18 at 09:57:36:975                     :          0.00
23-10-18 at 09:57:36:975 now clear port error ...
23-10-18 at 09:57:36:976 now write to port ...
23-10-18 at 09:57:37:284 ... done
23-10-18 at 09:57:37:287   
23-10-18 at 09:57:37:287   
