28-10-18 at 16:36:31:617 Запуск программы. Инициализация считана из файла
28-10-18 at 16:36:31:618 Чек загружен.
28-10-18 at 16:36:31:618 total calculated
28-10-18 at 16:36:31:618 now show on display
28-10-18 at 16:36:31:618                     Всего:          0.00
28-10-18 at 16:36:31:618 now open port for display
28-10-18 at 16:36:31:619 Com port opened
28-10-18 at 16:36:31:619 now clear port error ...
28-10-18 at 16:36:31:620 now write to port ...
28-10-18 at 16:36:31:861 ... done
28-10-18 at 16:36:31:861 Чек сжат
28-10-18 at 16:36:31:861 Сумма чека посчитана
28-10-18 at 16:36:31:861 Кардридер создан
28-10-18 at 16:36:31:861 Задание запуска модулей создано
28-10-18 at 16:36:31:862 Сканер создан
28-10-18 at 16:36:31:862 Запуск потока обмена COM-порта
28-10-18 at 16:36:31:862 Регистратор создан
28-10-18 at 16:36:31:869 Часы созданы
28-10-18 at 16:36:31:870 Регистратор запущен
28-10-18 at 16:36:31:870 Сканер запущен
28-10-18 at 16:36:31:870 Часы запущены
28-10-18 at 16:36:31:870 Кардридер запущен
28-10-18 at 16:36:31:870 Передача данных запущена
28-10-18 at 16:36:31:871 Вход в FRInit mstar
28-10-18 at 16:36:31:871 Вход в GetStatus
28-10-18 at 16:36:31:890 Send 05 
28-10-18 at 16:36:31:910 Recived 15 
28-10-18 at 16:36:31:910 Send 06 
28-10-18 at 16:36:31:930 Send 02 05 11 1E 00 00 00 0A 
28-10-18 at 16:36:31:950 Recived 06 02 30 11 00 1E 43 31 C7 E0 01 08 12 01 78 00 92 02 03 00 00 4E 41 00 00 01 01 10 1C 0A 12 10 24 23 00 2E 5D 00 00 2D 00 00 00 00 00 D2 E9 1E 42 01 00 AF 
28-10-18 at 16:36:31:970 Send 06 
28-10-18 at 16:36:31:973 KKMStatus 0000
28-10-18 at 16:36:31:990 Send 05 
28-10-18 at 16:36:32:010 Recived 15 
28-10-18 at 16:36:32:010 Send 06 
28-10-18 at 16:36:32:030 Send 02 05 11 1E 00 00 00 0A 
28-10-18 at 16:36:32:050 Recived 06 02 30 11 00 1E 43 31 C7 E0 01 08 12 01 78 00 92 02 03 00 00 4E 41 00 00 01 01 10 1C 0A 12 10 24 23 00 2E 5D 00 00 2D 00 00 00 00 00 D2 E9 1E 42 01 00 AF 
28-10-18 at 16:36:32:070 Send 06 
28-10-18 at 16:36:32:073 KKMStatus 0300
28-10-18 at 16:36:32:073 Номер ФР считан
28-10-18 at 16:36:32:271 СУБД подключена
28-10-18 at 16:36:32:300 Send 05 
28-10-18 at 16:36:32:320 Recived 15 
28-10-18 at 16:36:32:320 Send 06 
28-10-18 at 16:36:32:340 Send 02 17 1E 1E 00 00 00 05 03 00 01 CA 41 D0 D2 CE C9 20 56 49 53 41 2F 4D 43 92 
28-10-18 at 16:36:32:361 Recived 06 02 02 1E 00 1C 
28-10-18 at 16:36:32:381 Send 06 
28-10-18 at 16:36:32:401 Send 05 
28-10-18 at 16:36:32:421 Recived 15 
28-10-18 at 16:36:32:421 Send 06 
28-10-18 at 16:36:32:441 Send 02 18 1E 1E 00 00 00 05 04 00 01 C4 D0 D3 C3 C8 CC C8 20 CA C0 D0 D2 C0 CC C8 3C 
28-10-18 at 16:36:32:462 Recived 06 02 02 1E 00 1C 
28-10-18 at 16:36:32:482 Send 06 
28-10-18 at 16:36:32:502 Send 05 
28-10-18 at 16:36:32:522 Recived 15 
28-10-18 at 16:36:32:522 Send 06 
28-10-18 at 16:36:32:542 Send 02 1D 1E 1E 00 00 00 05 0E 00 01 CF CE C4 C0 D0 CE D7 CD DB CC C8 20 CA C0 D0 D2 C0 CC C8 00 25 
28-10-18 at 16:36:32:563 Recived 06 02 02 1E 00 1C 
28-10-18 at 16:36:32:583 Send 06 
28-10-18 at 16:36:32:603 Send 05 
28-10-18 at 16:36:32:623 Recived 15 
28-10-18 at 16:36:32:623 Send 06 
28-10-18 at 16:36:32:643 Send 02 0A 1E 1E 00 00 00 01 01 00 01 01 0A 
28-10-18 at 16:36:32:663 Recived 06 02 02 1E 00 1C 
28-10-18 at 16:36:32:683 Send 06 
28-10-18 at 16:36:32:703 Send 05 
28-10-18 at 16:36:32:723 Recived 15 
28-10-18 at 16:36:32:723 Send 06 
28-10-18 at 16:36:32:743 Send 02 0A 1E 1E 00 00 00 01 01 00 05 02 0D 
28-10-18 at 16:36:32:763 Recived 06 02 02 1E 00 1C 
28-10-18 at 16:36:32:783 Send 06 
28-10-18 at 16:36:32:803 Send 05 
28-10-18 at 16:36:32:823 Recived 15 
28-10-18 at 16:36:32:823 Send 06 
28-10-18 at 16:36:32:843 Send 02 0A 1E 1E 00 00 00 01 01 00 23 01 28 
28-10-18 at 16:36:32:863 Recived 06 02 02 1E 00 1C 
28-10-18 at 16:36:32:883 Send 06 
28-10-18 at 16:36:32:903 Send 05 
28-10-18 at 16:36:32:923 Recived 15 
28-10-18 at 16:36:32:923 Send 06 
28-10-18 at 16:36:32:943 Send 02 0A 1E 1E 00 00 00 01 01 00 06 00 0C 
28-10-18 at 16:36:32:963 Recived 06 02 02 1E 00 1C 
28-10-18 at 16:36:32:983 Send 06 
28-10-18 at 16:36:33:003 Send 05 
28-10-18 at 16:36:33:023 Recived 15 
28-10-18 at 16:36:33:023 Send 06 
28-10-18 at 16:36:33:043 Send 02 0A 1E 1E 00 00 00 01 01 00 07 01 0C 
28-10-18 at 16:36:33:063 Recived 06 02 02 1E 00 1C 
28-10-18 at 16:36:33:083 Send 06 
28-10-18 at 16:36:33:103 Send 05 
28-10-18 at 16:36:33:123 Recived 15 
28-10-18 at 16:36:33:123 Send 06 
28-10-18 at 16:36:33:143 Send 02 0A 1E 1E 00 00 00 01 01 00 14 01 1F 
28-10-18 at 16:36:33:163 Recived 06 02 02 1E 00 1C 
28-10-18 at 16:36:33:183 Send 06 
28-10-18 at 16:36:33:203 Send 05 
28-10-18 at 16:36:33:223 Recived 15 
28-10-18 at 16:36:33:223 Send 06 
28-10-18 at 16:36:33:243 Send 02 0A 1E 1E 00 00 00 01 01 00 15 01 1E 
28-10-18 at 16:36:33:263 Recived 06 02 02 1E 00 1C 
28-10-18 at 16:36:33:283 Send 06 
28-10-18 at 16:36:33:303 Send 05 
28-10-18 at 16:36:33:323 Recived 15 
28-10-18 at 16:36:33:323 Send 06 
28-10-18 at 16:36:33:343 Send 02 0A 1E 1E 00 00 00 01 01 00 0F 00 05 
28-10-18 at 16:36:33:363 Recived 06 02 02 1E 00 1C 
28-10-18 at 16:36:33:383 Send 06 
28-10-18 at 16:36:33:403 Send 05 
28-10-18 at 16:36:33:423 Recived 15 
28-10-18 at 16:36:33:423 Send 06 
28-10-18 at 16:36:33:443 Send 02 0A 1E 1E 00 00 00 01 01 00 11 00 1B 
28-10-18 at 16:36:33:463 Recived 06 02 02 1E 00 1C 
28-10-18 at 16:36:33:483 Send 06 
28-10-18 at 16:36:33:503 Send 05 
28-10-18 at 16:36:33:523 Recived 15 
28-10-18 at 16:36:33:523 Send 06 
28-10-18 at 16:36:33:543 Send 02 0A 1E 1E 00 00 00 11 01 00 03 02 1B 
28-10-18 at 16:36:33:563 Recived 06 02 02 1E 00 1C 
28-10-18 at 16:36:33:583 Send 06 
28-10-18 at 16:36:33:603 Send 05 
28-10-18 at 16:36:33:623 Recived 15 
28-10-18 at 16:36:33:623 Send 06 
28-10-18 at 16:36:33:643 Send 02 0A 1E 1E 00 00 00 11 01 00 0C 00 16 
28-10-18 at 16:36:33:663 Recived 06 02 02 1E 00 1C 
28-10-18 at 16:36:33:683 Send 06 
28-10-18 at 16:36:33:703 Send 05 
28-10-18 at 16:36:33:723 Recived 15 
28-10-18 at 16:36:33:723 Send 06 
28-10-18 at 16:36:33:743 Send 02 0A 1E 1E 00 00 00 01 01 00 29 01 22 
28-10-18 at 16:36:33:763 Recived 06 02 02 1E 00 1C 
28-10-18 at 16:36:33:783 Send 06 
28-10-18 at 16:36:33:803 Send 05 
28-10-18 at 16:36:33:823 Recived 15 
28-10-18 at 16:36:33:823 Send 06 
28-10-18 at 16:36:33:843 Send 02 26 1E 1E 00 00 00 04 0C 00 01 20 20 20 20 20 20 20 20 20 20 20 C4 CE C1 D0 CE 20 CF CE C6 C0 CB CE C2 C0 D2 DC 21 00 D5 
28-10-18 at 16:36:33:866 Recived 06 02 02 1E 00 1C 
28-10-18 at 16:36:33:886 Send 06 
28-10-18 at 16:36:33:906 Send 05 
28-10-18 at 16:36:33:926 Recived 15 
28-10-18 at 16:36:33:926 Send 06 
28-10-18 at 16:36:33:946 Send 02 29 1E 1E 00 00 00 04 0D 00 01 20 20 20 20 20 20 20 20 CE CE CE 20 CA EE EC EF E0 ED E8 FF 20 27 CA CE CB CE D0 CB CE CD 27 00 CB 
28-10-18 at 16:36:33:969 Recived 06 02 02 1E 00 1C 
28-10-18 at 16:36:33:989 Send 06 
28-10-18 at 16:36:34:009 Send 05 
28-10-18 at 16:36:34:029 Recived 15 
28-10-18 at 16:36:34:029 Send 06 
28-10-18 at 16:36:34:049 Send 02 2D 1E 1E 00 00 00 04 0E 00 01 20 20 20 20 20 CC E0 E3 E0 E7 E8 ED 20 27 C2 F1 E5 20 F2 EE E2 E0 F0 FB 20 E4 EB FF 20 E4 EE EC E0 27 20 00 DE 
28-10-18 at 16:36:34:072 Recived 06 02 02 1E 00 1C 
28-10-18 at 16:36:34:092 Send 06 
28-10-18 at 16:36:34:139 now clear port error ...
28-10-18 at 16:36:34:139 now write to port ...
28-10-18 at 16:36:34:380 ... done
28-10-18 at 16:36:34:432 Send 05 
28-10-18 at 16:36:34:452 Recived 15 
28-10-18 at 16:36:34:452 Send 06 
28-10-18 at 16:36:34:472 Send 02 06 1A 1E 00 00 00 C1 C3 
28-10-18 at 16:36:34:492 Recived 06 02 09 1A 00 1E 0C DF 00 00 00 00 DE 
28-10-18 at 16:36:34:512 Send 06 
28-10-18 at 16:36:34:532 Send 05 
28-10-18 at 16:36:34:552 Recived 15 
28-10-18 at 16:36:34:552 Send 06 
28-10-18 at 16:36:34:572 Send 02 06 1A 1E 00 00 00 C3 C1 
28-10-18 at 16:36:34:592 Recived 06 02 09 1A 00 1E 00 00 00 00 00 00 0D 
28-10-18 at 16:36:34:612 Send 06 
28-10-18 at 16:36:34:632 Send 05 
28-10-18 at 16:36:34:652 Recived 15 
28-10-18 at 16:36:34:652 Send 06 
28-10-18 at 16:36:34:672 Send 02 06 1A 1E 00 00 00 C5 C7 
28-10-18 at 16:36:34:692 Recived 06 02 09 1A 00 1E 00 A9 01 00 00 00 A5 
28-10-18 at 16:36:34:712 Send 06 
28-10-18 at 16:36:34:732 Send 05 
28-10-18 at 16:36:34:752 Recived 15 
28-10-18 at 16:36:34:752 Send 06 
28-10-18 at 16:36:34:772 Send 02 06 1A 1E 00 00 00 C7 C5 
28-10-18 at 16:36:34:792 Recived 06 02 09 1A 00 1E 00 00 00 00 00 00 0D 
28-10-18 at 16:36:34:812 Send 06 
28-10-18 at 16:36:34:832 Send 05 
28-10-18 at 16:36:34:852 Recived 15 
28-10-18 at 16:36:34:852 Send 06 
28-10-18 at 16:36:34:872 Send 02 06 1A 1E 00 00 00 C9 CB 
28-10-18 at 16:36:34:892 Recived 06 02 09 1A 00 1E 00 00 00 00 00 00 0D 
28-10-18 at 16:36:34:912 Send 06 
28-10-18 at 16:36:34:932 Send 05 
28-10-18 at 16:36:34:952 Recived 15 
28-10-18 at 16:36:34:952 Send 06 
28-10-18 at 16:36:34:972 Send 02 06 1A 1E 00 00 00 CB C9 
28-10-18 at 16:36:34:992 Recived 06 02 09 1A 00 1E 00 00 00 00 00 00 0D 
28-10-18 at 16:36:35:012 Send 06 
28-10-18 at 16:36:35:032 Send 05 
28-10-18 at 16:36:35:052 Recived 15 
28-10-18 at 16:36:35:052 Send 06 
28-10-18 at 16:36:35:072 Send 02 06 1A 1E 00 00 00 CD CF 
28-10-18 at 16:36:35:092 Recived 06 02 09 1A 00 1E 00 00 00 00 00 00 0D 
28-10-18 at 16:36:35:112 Send 06 
28-10-18 at 16:36:35:132 Send 05 
28-10-18 at 16:36:35:152 Recived 15 
28-10-18 at 16:36:35:152 Send 06 
28-10-18 at 16:36:35:172 Send 02 06 1A 1E 00 00 00 CF CD 
28-10-18 at 16:36:35:192 Recived 06 02 09 1A 00 1E 00 00 00 00 00 00 0D 
28-10-18 at 16:36:35:212 Send 06 
28-10-18 at 16:36:35:232 Send 05 
28-10-18 at 16:36:35:252 Recived 15 
28-10-18 at 16:36:35:252 Send 06 
28-10-18 at 16:36:35:272 Send 02 07 1A 1E 00 00 00 54 10 47 
28-10-18 at 16:36:35:292 Recived 06 02 09 1A 00 1E 00 00 00 00 00 00 0D 
28-10-18 at 16:36:35:312 Send 06 
28-10-18 at 16:36:35:332 Send 05 
28-10-18 at 16:36:35:352 Recived 15 
28-10-18 at 16:36:35:352 Send 06 
28-10-18 at 16:36:35:372 Send 02 07 1A 1E 00 00 00 56 10 45 
28-10-18 at 16:36:35:392 Recived 06 02 09 1A 00 1E 00 00 00 00 00 00 0D 
28-10-18 at 16:36:35:412 Send 06 
28-10-18 at 16:36:35:806 Cardreader  Антонов Сергей 
28-10-18 at 16:36:35:813 Send 05 
28-10-18 at 16:36:35:833 Recived 15 
28-10-18 at 16:36:35:833 Send 06 
28-10-18 at 16:36:35:853 Send 02 19 1E 1E 00 00 00 02 1E 00 02 C0 ED F2 EE ED EE E2 20 D1 E5 F0 E3 E5 E9 20 00 FC 
28-10-18 at 16:36:35:876 Recived 06 02 02 1E 00 1C 
28-10-18 at 16:36:35:896 Send 06 
28-10-18 at 16:36:35:906 now clear port error ...
28-10-18 at 16:36:35:906 now write to port ...
28-10-18 at 16:36:36:147 ... done
28-10-18 at 16:36:36:816 Send 05 
28-10-18 at 16:36:36:836 Recived 15 
28-10-18 at 16:36:36:836 Send 06 
28-10-18 at 16:36:36:856 Send 02 06 FF 39 1E 00 00 00 DE 
28-10-18 at 16:36:36:876 Recived 06 02 10 FF 39 00 00 00 00 00 00 00 00 00 00 00 00 00 00 D6 
28-10-18 at 16:36:36:896 Send 06 
28-10-18 at 16:37:33:116 Send 05 
28-10-18 at 16:37:33:136 Recived 15 
28-10-18 at 16:37:33:136 Send 06 
28-10-18 at 16:37:33:156 Send 02 06 1A 1E 00 00 00 C1 C3 
28-10-18 at 16:37:33:176 Recived 06 02 09 1A 00 1E 0C DF 00 00 00 00 DE 
28-10-18 at 16:37:33:196 Send 06 
28-10-18 at 16:37:33:216 Send 05 
28-10-18 at 16:37:33:236 Recived 15 
28-10-18 at 16:37:33:236 Send 06 
28-10-18 at 16:37:33:256 Send 02 06 1A 1E 00 00 00 C3 C1 
28-10-18 at 16:37:33:276 Recived 06 02 09 1A 00 1E 00 00 00 00 00 00 0D 
28-10-18 at 16:37:33:296 Send 06 
28-10-18 at 16:37:33:316 Send 05 
28-10-18 at 16:37:33:336 Recived 15 
28-10-18 at 16:37:33:336 Send 06 
28-10-18 at 16:37:33:356 Send 02 06 1A 1E 00 00 00 C5 C7 
28-10-18 at 16:37:33:376 Recived 06 02 09 1A 00 1E 00 A9 01 00 00 00 A5 
28-10-18 at 16:37:33:396 Send 06 
28-10-18 at 16:37:33:416 Send 05 
28-10-18 at 16:37:33:436 Recived 15 
28-10-18 at 16:37:33:436 Send 06 
28-10-18 at 16:37:33:456 Send 02 06 1A 1E 00 00 00 C7 C5 
28-10-18 at 16:37:33:476 Recived 06 02 09 1A 00 1E 00 00 00 00 00 00 0D 
28-10-18 at 16:37:33:496 Send 06 
28-10-18 at 16:37:33:516 Send 05 
28-10-18 at 16:37:33:536 Recived 15 
28-10-18 at 16:37:33:536 Send 06 
28-10-18 at 16:37:33:556 Send 02 06 1A 1E 00 00 00 C9 CB 
28-10-18 at 16:37:33:576 Recived 06 02 09 1A 00 1E 00 00 00 00 00 00 0D 
28-10-18 at 16:37:33:596 Send 06 
28-10-18 at 16:37:33:616 Send 05 
28-10-18 at 16:37:33:636 Recived 15 
28-10-18 at 16:37:33:636 Send 06 
28-10-18 at 16:37:33:656 Send 02 06 1A 1E 00 00 00 CB C9 
28-10-18 at 16:37:33:676 Recived 06 02 09 1A 00 1E 00 00 00 00 00 00 0D 
28-10-18 at 16:37:33:696 Send 06 
28-10-18 at 16:37:33:716 Send 05 
28-10-18 at 16:37:33:736 Recived 15 
28-10-18 at 16:37:33:736 Send 06 
28-10-18 at 16:37:33:756 Send 02 06 1A 1E 00 00 00 CD CF 
28-10-18 at 16:37:33:776 Recived 06 02 09 1A 00 1E 00 00 00 00 00 00 0D 
28-10-18 at 16:37:33:796 Send 06 
28-10-18 at 16:37:33:816 Send 05 
28-10-18 at 16:37:33:836 Recived 15 
28-10-18 at 16:37:33:836 Send 06 
28-10-18 at 16:37:33:856 Send 02 06 1A 1E 00 00 00 CF CD 
28-10-18 at 16:37:33:876 Recived 06 02 09 1A 00 1E 00 00 00 00 00 00 0D 
28-10-18 at 16:37:33:896 Send 06 
28-10-18 at 16:37:33:916 Send 05 
28-10-18 at 16:37:33:936 Recived 15 
28-10-18 at 16:37:33:936 Send 06 
28-10-18 at 16:37:33:956 Send 02 07 1A 1E 00 00 00 54 10 47 
28-10-18 at 16:37:33:976 Recived 06 02 09 1A 00 1E 00 00 00 00 00 00 0D 
28-10-18 at 16:37:33:996 Send 06 
28-10-18 at 16:37:34:016 Send 05 
28-10-18 at 16:37:34:036 Recived 15 
28-10-18 at 16:37:34:036 Send 06 
28-10-18 at 16:37:34:056 Send 02 07 1A 1E 00 00 00 56 10 45 
28-10-18 at 16:37:34:076 Recived 06 02 09 1A 00 1E 00 00 00 00 00 00 0D 
28-10-18 at 16:37:34:096 Send 06 
28-10-18 at 16:37:35:743 Send 05 
28-10-18 at 16:37:35:763 Recived 15 
28-10-18 at 16:37:35:763 Send 06 
28-10-18 at 16:37:35:783 Send 02 2E 17 1E 00 00 00 03 20 20 CF EE E4 E0 F0 EE F7 ED FB E5 20 EA E0 F0 F2 FB 20 ED E5 20 EF F0 EE E4 E0 E2 E0 EB E8 F1 FC 00 00 00 00 00 00 00 39 
28-10-18 at 16:37:35:807 Recived 06 02 03 17 00 1E 0A 
28-10-18 at 16:37:35:827 Send 06 
28-10-18 at 16:37:35:847 Send 05 
28-10-18 at 16:37:35:867 Recived 15 
28-10-18 at 16:37:35:867 Send 06 
28-10-18 at 16:37:35:887 Send 02 2E 17 1E 00 00 00 03 2D 2D 2D 2D 2D 2D 2D 2D 2D 2D 2D 2D 2D 2D 2D 2D 2D 2D 2D 2D 2D 2D 2D 2D 2D 2D 2D 2D 2D 2D 2D 2D 2D 2D 2D 2D 2D 2D 2D 2D 24 
28-10-18 at 16:37:35:911 Recived 06 02 03 17 00 1E 0A 
28-10-18 at 16:37:35:931 Send 06 
28-10-18 at 16:37:35:951 Send 05 
28-10-18 at 16:37:35:971 Recived 15 
28-10-18 at 16:37:35:971 Send 06 
28-10-18 at 16:37:35:991 Send 02 06 1A 1E 00 00 00 C1 C3 
28-10-18 at 16:37:36:011 Recived 06 02 09 1A 00 1E 0C DF 00 00 00 00 DE 
28-10-18 at 16:37:36:031 Send 06 
28-10-18 at 16:37:36:051 Send 05 
28-10-18 at 16:37:36:071 Recived 15 
28-10-18 at 16:37:36:071 Send 06 
28-10-18 at 16:37:36:091 Send 02 06 1A 1E 00 00 00 C3 C1 
28-10-18 at 16:37:36:111 Recived 06 02 09 1A 00 1E 00 00 00 00 00 00 0D 
28-10-18 at 16:37:36:131 Send 06 
28-10-18 at 16:37:36:151 Send 05 
28-10-18 at 16:37:36:171 Recived 15 
28-10-18 at 16:37:36:171 Send 06 
28-10-18 at 16:37:36:191 Send 02 06 1A 1E 00 00 00 C5 C7 
28-10-18 at 16:37:36:211 Recived 06 02 09 1A 00 1E 00 A9 01 00 00 00 A5 
28-10-18 at 16:37:36:231 Send 06 
28-10-18 at 16:37:36:251 Send 05 
28-10-18 at 16:37:36:271 Recived 15 
28-10-18 at 16:37:36:271 Send 06 
28-10-18 at 16:37:36:291 Send 02 06 1A 1E 00 00 00 C7 C5 
28-10-18 at 16:37:36:311 Recived 06 02 09 1A 00 1E 00 00 00 00 00 00 0D 
28-10-18 at 16:37:36:331 Send 06 
28-10-18 at 16:37:36:351 Send 05 
28-10-18 at 16:37:36:371 Recived 15 
28-10-18 at 16:37:36:371 Send 06 
28-10-18 at 16:37:36:391 Send 02 06 1A 1E 00 00 00 C9 CB 
28-10-18 at 16:37:36:411 Recived 06 02 09 1A 00 1E 00 00 00 00 00 00 0D 
28-10-18 at 16:37:36:431 Send 06 
28-10-18 at 16:37:36:451 Send 05 
28-10-18 at 16:37:36:471 Recived 15 
28-10-18 at 16:37:36:471 Send 06 
28-10-18 at 16:37:36:491 Send 02 06 1A 1E 00 00 00 CB C9 
28-10-18 at 16:37:36:511 Recived 06 02 09 1A 00 1E 00 00 00 00 00 00 0D 
28-10-18 at 16:37:36:531 Send 06 
28-10-18 at 16:37:36:551 Send 05 
28-10-18 at 16:37:36:571 Recived 15 
28-10-18 at 16:37:36:571 Send 06 
28-10-18 at 16:37:36:591 Send 02 06 1A 1E 00 00 00 CD CF 
28-10-18 at 16:37:36:611 Recived 06 02 09 1A 00 1E 00 00 00 00 00 00 0D 
28-10-18 at 16:37:36:631 Send 06 
28-10-18 at 16:37:36:651 Send 05 
28-10-18 at 16:37:36:671 Recived 15 
28-10-18 at 16:37:36:671 Send 06 
28-10-18 at 16:37:36:691 Send 02 06 1A 1E 00 00 00 CF CD 
28-10-18 at 16:37:36:711 Recived 06 02 09 1A 00 1E 00 00 00 00 00 00 0D 
28-10-18 at 16:37:36:731 Send 06 
28-10-18 at 16:37:36:751 Send 05 
28-10-18 at 16:37:36:771 Recived 15 
28-10-18 at 16:37:36:771 Send 06 
28-10-18 at 16:37:36:791 Send 02 07 1A 1E 00 00 00 54 10 47 
28-10-18 at 16:37:36:811 Recived 06 02 09 1A 00 1E 00 00 00 00 00 00 0D 
28-10-18 at 16:37:36:831 Send 06 
28-10-18 at 16:37:36:851 Send 05 
28-10-18 at 16:37:36:871 Recived 15 
28-10-18 at 16:37:36:871 Send 06 
28-10-18 at 16:37:36:891 Send 02 07 1A 1E 00 00 00 56 10 45 
28-10-18 at 16:37:36:911 Recived 06 02 09 1A 00 1E 00 00 00 00 00 00 0D 
28-10-18 at 16:37:36:931 Send 06 
28-10-18 at 16:37:36:951 Send 05 
28-10-18 at 16:37:36:971 Recived 15 
28-10-18 at 16:37:36:971 Send 06 
28-10-18 at 16:37:36:991 Send 02 2E 17 1E 00 00 00 03 CD E0 EB E8 F7 ED FB E5 3A 20 20 20 20 20 20 20 20 20 20 20 20 35 37 31 2E 30 30 00 00 00 00 00 00 00 00 00 00 00 00 00 29 
28-10-18 at 16:37:37:015 Recived 06 02 03 17 00 1E 0A 
28-10-18 at 16:37:37:035 Send 06 
28-10-18 at 16:37:37:055 Send 05 
28-10-18 at 16:37:37:075 Recived 15 
28-10-18 at 16:37:37:075 Send 06 
28-10-18 at 16:37:37:095 Send 02 2E 17 1E 00 00 00 03 C1 E0 ED EA EE E2 F1 EA E8 E5 20 EA E0 F0 F2 FB 3A 20 20 20 20 31 30 38 38 2E 30 30 00 00 00 00 00 00 00 00 00 00 00 00 DE 
28-10-18 at 16:37:37:119 Recived 06 02 03 17 00 1E 0A 
28-10-18 at 16:37:37:139 Send 06 
28-10-18 at 16:37:37:159 Send 05 
28-10-18 at 16:37:37:179 Recived 15 
28-10-18 at 16:37:37:179 Send 06 
28-10-18 at 16:37:37:199 Send 02 2E 17 1E 00 00 00 03 CF EE E4 E0 F0 EE F7 ED FB E5 20 EA E0 F0 F2 FB 3A 20 20 20 20 30 2E 30 30 00 00 00 00 00 00 00 00 00 00 00 00 00 00 00 EC 
28-10-18 at 16:37:37:223 Recived 06 02 03 17 00 1E 0A 
28-10-18 at 16:37:37:243 Send 06 
28-10-18 at 16:37:37:263 Send 05 
28-10-18 at 16:37:37:283 Recived 15 
28-10-18 at 16:37:37:283 Send 06 
28-10-18 at 16:37:37:303 Send 02 2E 17 1E 00 00 00 03 C2 EE E7 E2 F0 E0 F2 20 ED E0 EB E8 F7 ED FB E5 3A 20 20 20 20 30 2E 30 30 00 00 00 00 00 00 00 00 00 00 00 00 00 00 00 E1 
28-10-18 at 16:37:37:327 Recived 06 02 03 17 00 1E 0A 
28-10-18 at 16:37:37:347 Send 06 
28-10-18 at 16:37:37:367 Send 05 
28-10-18 at 16:37:37:387 Recived 15 
28-10-18 at 16:37:37:387 Send 06 
28-10-18 at 16:37:37:407 Send 02 2E 17 1E 00 00 00 03 C2 EE E7 E2 F0 E0 F2 20 C1 CA 3A 20 20 20 20 20 20 20 20 20 20 30 2E 30 30 00 00 00 00 00 00 00 00 00 00 00 00 00 00 00 E0 
28-10-18 at 16:37:37:431 Recived 06 02 03 17 00 1E 0A 
28-10-18 at 16:37:37:451 Send 06 
28-10-18 at 16:37:37:471 Send 05 
28-10-18 at 16:37:37:491 Recived 15 
28-10-18 at 16:37:37:491 Send 06 
28-10-18 at 16:37:37:511 Send 02 2E 17 1E 00 00 00 03 C2 EE E7 E2 F0 E0 F2 20 CF CA 3A 20 20 20 20 20 20 20 20 20 20 30 2E 30 30 00 00 00 00 00 00 00 00 00 00 00 00 00 00 00 EE 
28-10-18 at 16:37:37:535 Recived 06 02 03 17 00 1E 0A 
28-10-18 at 16:37:37:555 Send 06 
28-10-18 at 16:37:37:575 Send 05 
28-10-18 at 16:37:37:595 Recived 15 
28-10-18 at 16:37:37:595 Send 06 
28-10-18 at 16:37:37:615 Send 02 2E 17 1E 00 00 00 03 C8 D2 CE C3 3A 20 20 20 20 20 20 20 20 20 20 20 20 20 20 20 20 31 36 35 39 2E 30 30 00 00 00 00 00 00 00 00 00 00 00 00 2C 
28-10-18 at 16:37:37:639 Recived 06 02 03 17 00 1E 0A 
28-10-18 at 16:37:37:659 Send 06 
28-10-18 at 16:37:37:679 Send 05 
28-10-18 at 16:37:37:699 Recived 15 
28-10-18 at 16:37:37:699 Send 06 
28-10-18 at 16:37:37:719 Send 02 2E 17 1E 00 00 00 03 2D 2D 2D 2D 2D 2D 2D 2D 2D 2D 2D 2D 2D 2D 2D 2D 2D 2D 2D 2D 2D 2D 2D 2D 2D 2D 2D 2D 2D 2D 2D 2D 2D 2D 2D 2D 2D 2D 2D 2D 24 
28-10-18 at 16:37:37:743 Recived 06 02 03 17 00 1E 0A 
28-10-18 at 16:37:37:763 Send 06 
28-10-18 at 16:37:37:783 Send 05 
28-10-18 at 16:37:37:803 Recived 15 
28-10-18 at 16:37:37:803 Send 06 
28-10-18 at 16:37:37:823 Send 02 05 41 1E 00 00 00 5A 
28-10-18 at 16:37:37:843 Recived 06 
28-10-18 at 16:37:38:183 Recived 02 03 41 00 1E 5C 
28-10-18 at 16:37:38:203 Send 06 
28-10-18 at 16:37:38:205 111
28-10-18 at 16:37:40:543 Send 05 
28-10-18 at 16:37:40:563 Recived 15 
28-10-18 at 16:37:40:563 Send 06 
28-10-18 at 16:37:40:583 Send 02 08 21 1E 00 00 00 10 25 28 2A 
28-10-18 at 16:37:40:603 Recived 06 02 02 21 00 23 
28-10-18 at 16:37:40:623 Send 06 
28-10-18 at 16:37:40:624 Вход в GetStatus
28-10-18 at 16:37:40:643 Send 05 
28-10-18 at 16:37:40:663 Recived 15 
28-10-18 at 16:37:40:663 Send 06 
28-10-18 at 16:37:40:683 Send 02 05 11 1E 00 00 00 0A 
28-10-18 at 16:37:40:703 Recived 06 02 30 11 00 1E 43 31 C7 E0 01 08 12 01 79 00 92 02 04 00 00 4E 41 00 00 01 01 10 1C 0A 12 10 25 28 00 2E 5D 00 00 2E 00 00 00 00 00 D2 E9 1E 42 01 00 A0 
28-10-18 at 16:37:40:723 Send 06 
28-10-18 at 16:37:40:724 KKMStatus 0000
28-10-18 at 16:37:40:743 Send 05 
28-10-18 at 16:37:40:763 Recived 15 
28-10-18 at 16:37:40:763 Send 06 
28-10-18 at 16:37:40:783 Send 02 05 E0 1E 00 00 00 FB 
28-10-18 at 16:37:40:803 Recived 06 
28-10-18 at 16:37:42:003 Recived 02 03 E0 00 1E FD 
28-10-18 at 16:37:42:023 Send 06 
28-10-18 at 16:37:59:120 114
28-10-18 at 16:37:59:121 014
28-10-18 at 16:37:59:121 Попытка очистки таблицы
28-10-18 at 16:37:59:121 Попытка очистки успешна
28-10-18 at 16:37:59:122 total calculated
28-10-18 at 16:37:59:122 now show on display
28-10-18 at 16:37:59:122                     Всего:          0.00
28-10-18 at 16:37:59:122 now clear port error ...
28-10-18 at 16:37:59:123 now write to port ...
28-10-18 at 16:37:59:364 ... done
28-10-18 at 16:37:59:447 114
28-10-18 at 16:37:59:447 014
28-10-18 at 16:37:59:653 114
28-10-18 at 16:37:59:654 014
28-10-18 at 16:38:01:515 114
28-10-18 at 16:38:01:515 014
28-10-18 at 16:38:01:629 114
28-10-18 at 16:38:01:630 014
28-10-18 at 16:38:01:912 114
28-10-18 at 16:38:01:912 014
28-10-18 at 16:38:05:344 114
28-10-18 at 16:38:05:344 014
28-10-18 at 16:38:05:763 114
28-10-18 at 16:38:05:763 014
28-10-18 at 16:38:05:973 114
28-10-18 at 16:38:05:973 014
28-10-18 at 16:38:06:965 114
28-10-18 at 16:38:06:965 014
28-10-18 at 16:38:07:228 114
28-10-18 at 16:38:07:228 014
28-10-18 at 16:38:07:554 114
28-10-18 at 16:38:07:555 014
28-10-18 at 16:38:07:896 114
28-10-18 at 16:38:07:897 014
28-10-18 at 16:38:09:106 114
28-10-18 at 16:38:09:107 014
28-10-18 at 16:38:11:820 114
28-10-18 at 16:38:11:820 014
28-10-18 at 16:38:11:821 total calculated
28-10-18 at 16:38:11:821 now show on display
28-10-18 at 16:38:11:821                     Всего:          0.00
28-10-18 at 16:38:11:821 now clear port error ...
28-10-18 at 16:38:11:822 now write to port ...
28-10-18 at 16:38:12:063 ... done
28-10-18 at 16:38:12:570 114
28-10-18 at 16:38:12:571 014
28-10-18 at 16:38:12:693 114
28-10-18 at 16:38:12:694 014
28-10-18 at 16:38:12:830 114
28-10-18 at 16:38:12:831 014
28-10-18 at 16:38:13:412 114
28-10-18 at 16:38:13:412 014
28-10-18 at 16:38:13:680 114
28-10-18 at 16:38:13:680 014
28-10-18 at 16:38:13:884 114
28-10-18 at 16:38:13:885 014
28-10-18 at 16:38:15:360 114
28-10-18 at 16:38:15:360 014
28-10-18 at 16:38:15:597 114
28-10-18 at 16:38:15:597 014
28-10-18 at 16:38:15:914 114
28-10-18 at 16:38:15:915 014
28-10-18 at 16:38:17:958 114
28-10-18 at 16:38:17:959 014
28-10-18 at 16:38:18:327 114
28-10-18 at 16:38:18:328 014
28-10-18 at 16:38:18:530 114
28-10-18 at 16:38:18:531 014
28-10-18 at 16:38:19:904 114
28-10-18 at 16:38:19:904 014
28-10-18 at 16:38:20:176 114
28-10-18 at 16:38:20:176 014
28-10-18 at 16:38:20:491 114
28-10-18 at 16:38:20:491 014
28-10-18 at 16:38:21:471 114
28-10-18 at 16:38:21:472 014
28-10-18 at 16:38:23:235 114
28-10-18 at 16:38:23:235 014
28-10-18 at 16:38:23:235 114
28-10-18 at 16:38:23:235 014
28-10-18 at 16:38:23:252 114
28-10-18 at 16:38:23:253 014
28-10-18 at 16:38:23:253 101
28-10-18 at 16:38:23:253 001
28-10-18 at 16:38:23:254 total calculated
28-10-18 at 16:38:23:268 now show on display
28-10-18 at 16:38:23:268 80Тд5гр_1849 Тет  55Всего:         55.00
28-10-18 at 16:38:23:268 now clear port error ...
28-10-18 at 16:38:23:268 now write to port ...
28-10-18 at 16:38:23:509 ... done
28-10-18 at 16:38:29:352 114
28-10-18 at 16:38:29:352 014
28-10-18 at 16:38:29:353 Нажата СБ автономно
28-10-18 at 16:38:33:708 Нажата кнопка 'Международные карты'
28-10-18 at 16:38:33:713 114
28-10-18 at 16:38:33:713 014
28-10-18 at 16:38:33:713 115
28-10-18 at 16:38:33:713 015
28-10-18 at 16:38:33:714 total calculated
28-10-18 at 16:38:33:718 now show on display
28-10-18 at 16:38:33:718 80Тд5гр_1849 Тет  55Всего:         55.00
28-10-18 at 16:38:33:719 now clear port error ...
28-10-18 at 16:38:33:719 now write to port ...
28-10-18 at 16:38:33:960 ... done
28-10-18 at 16:38:33:985 now clear port error ...
28-10-18 at 16:38:33:986 now write to port ...
28-10-18 at 16:38:34:270 ... done
28-10-18 at 16:38:34:271 now clear port error ...
28-10-18 at 16:38:34:271 now write to port ...
28-10-18 at 16:38:34:581 ... done
28-10-18 at 16:38:38:171 Подтверждена сумма 55.00, тип платежа 10
28-10-18 at 16:38:38:183 now clear port error ...
28-10-18 at 16:38:38:183 now write to port ...
28-10-18 at 16:38:38:424 ... done
28-10-18 at 16:38:38:425 Вход в FRInit mstar
28-10-18 at 16:38:38:425 Вход в GetStatus
28-10-18 at 16:38:38:443 Send 05 
28-10-18 at 16:38:38:463 Recived 15 
28-10-18 at 16:38:38:463 Send 06 
28-10-18 at 16:38:38:483 Send 02 05 11 1E 00 00 00 0A 
28-10-18 at 16:38:38:503 Recived 06 02 30 11 00 1E 43 31 C7 E0 01 08 12 01 7A 00 92 02 02 00 00 4E 41 00 00 01 01 10 1C 0A 12 10 26 26 00 2E 5D 00 00 2E 00 00 00 00 00 D2 E9 1E 42 01 00 A8 
28-10-18 at 16:38:38:523 Send 06 
28-10-18 at 16:38:38:526 KKMStatus 0000
28-10-18 at 16:38:38:543 Send 05 
28-10-18 at 16:38:38:563 Recived 15 
28-10-18 at 16:38:38:563 Send 06 
28-10-18 at 16:38:38:583 Send 02 06 8D 1E 00 00 00 00 95 
28-10-18 at 16:38:38:603 Recived 06 
28-10-18 at 16:38:38:623 Recived 02 03 8D 00 1E 90 
28-10-18 at 16:38:38:643 Send 06 
28-10-18 at 16:38:38:663 Send 05 
28-10-18 at 16:38:38:683 Recived 15 
28-10-18 at 16:38:38:683 Send 06 
28-10-18 at 16:38:38:703 Send 02 0A C2 1E 00 00 00 0E 96 A0 85 15 7E 
28-10-18 at 16:38:38:723 Recived 06 02 03 C2 00 1E DF 
28-10-18 at 16:38:38:743 Send 06 
28-10-18 at 16:38:38:763 Send 05 
28-10-18 at 16:38:38:783 Recived 15 
28-10-18 at 16:38:38:783 Send 06 
28-10-18 at 16:38:38:803 Send 02 2E 17 1E 00 00 00 03 3D 3D 3D 3D 3D 3D 3D 3D 3D 3D 3D 3D 3D 3D 3D 3D 3D 3D 3D 3D 3D 3D 3D 3D 3D 3D 3D 3D 3D 3D 3D 3D 3D 3D 3D 3D 3D 3D 3D 3D 24 
28-10-18 at 16:38:38:827 Recived 06 02 03 17 00 1E 0A 
28-10-18 at 16:38:38:847 Send 06 
28-10-18 at 16:38:38:867 Send 05 
28-10-18 at 16:38:38:887 Recived 15 
28-10-18 at 16:38:38:887 Send 06 
28-10-18 at 16:38:38:907 Send 02 2E 17 1E 00 00 00 03 20 20 20 20 20 20 20 D7 C5 CA 20 30 32 2D 33 38 35 34 2D 31 38 31 30 2D 32 38 31 36 2D 33 38 33 38 00 00 00 00 00 00 00 F1 
28-10-18 at 16:38:38:931 Recived 06 02 03 17 00 1E 0A 
28-10-18 at 16:38:38:951 Send 06 
28-10-18 at 16:38:38:971 Send 05 
28-10-18 at 16:38:38:991 Recived 15 
28-10-18 at 16:38:38:991 Send 06 
28-10-18 at 16:38:39:011 Send 02 2E 17 1E 00 00 00 03 3D 3D 3D 3D 3D 3D 3D 3D 3D 3D 3D 3D 3D 3D 3D 3D 3D 3D 3D 3D 3D 3D 3D 3D 3D 3D 3D 3D 3D 3D 3D 3D 3D 3D 3D 3D 3D 3D 3D 3D 24 
28-10-18 at 16:38:39:035 Recived 06 02 03 17 00 1E 0A 
28-10-18 at 16:38:39:055 Send 06 
28-10-18 at 16:38:39:075 Send 05 
28-10-18 at 16:38:39:095 Recived 15 
28-10-18 at 16:38:39:095 Send 06 
28-10-18 at 16:38:39:115 Send 02 A0 FF 46 1E 00 00 00 01 40 42 0F 00 00 00 7C 15 00 00 00 FF FF FF FF FF FF FF FF FF FF 01 00 04 01 32 38 35 36 30 32 38 31 35 30 33 38 20 38 30 D2 E4 35 E3 F0 5F 31 38 34 39 20 D2 E5 F2 F0 E0 E4 FC 20 E4 E2 EE E9 ED E0 FF 20 38 30 EB 2E C0 35 F4 2E 22 ED E0 20 E3 F0 E5 E1 ED E5 22 20 F1 20 F2 E2 2E 20 EE E1 EB 2E 20 D1 EE E1 E0 EA E0 2D CA EE F2 20 28 F8 F2 29 00 00 00 00 00 00 00 00 00 00 00 00 00 00 00 00 00 00 00 00 00 00 00 00 00 00 00 00 00 00 00 00 00 00 00 00 00 00 00 00 26 
28-10-18 at 16:38:39:150 Recived 06 02 03 FF 46 00 BA 
28-10-18 at 16:38:39:170 Send 06 
28-10-18 at 16:38:39:190 Send 05 
28-10-18 at 16:38:39:210 Recived 15 
28-10-18 at 16:38:39:210 Send 06 
28-10-18 at 16:38:39:230 Send 02 2E 17 1E 00 00 00 03 00 00 00 00 00 00 00 00 00 00 00 00 00 00 00 00 00 00 00 00 00 00 00 00 00 00 00 00 00 00 00 00 00 00 00 00 00 00 00 00 24 
28-10-18 at 16:38:39:254 Recived 06 02 03 17 00 1E 0A 
28-10-18 at 16:38:39:274 Send 06 
28-10-18 at 16:38:39:294 Send 05 
28-10-18 at 16:38:39:314 Recived 15 
28-10-18 at 16:38:39:314 Send 06 
28-10-18 at 16:38:39:334 Send 02 2E 17 1E 00 00 00 03 3D 3D 3D 3D 3D 3D 3D 3D 3D 3D 3D 3D 3D 3D 3D 3D 3D 3D 3D 3D 3D 3D 3D 3D 3D 3D 3D 3D 3D 3D 3D 3D 3D 3D 3D 3D 3D 3D 3D 3D 24 
28-10-18 at 16:38:39:358 Recived 06 02 03 17 00 1E 0A 
28-10-18 at 16:38:39:378 Send 06 
28-10-18 at 16:38:39:398 Send 05 
28-10-18 at 16:38:39:418 Recived 15 
28-10-18 at 16:38:39:418 Send 06 
28-10-18 at 16:38:39:438 Send 02 2E 17 1E 00 00 00 03 20 00 00 00 00 00 00 00 00 00 00 00 00 00 00 00 00 00 00 00 00 00 00 00 00 00 00 00 00 00 00 00 00 00 00 00 00 00 00 00 04 
28-10-18 at 16:38:39:462 Recived 06 02 03 17 00 1E 0A 
28-10-18 at 16:38:39:482 Send 06 
28-10-18 at 16:38:39:502 Send 05 
28-10-18 at 16:38:39:522 Recived 15 
28-10-18 at 16:38:39:522 Send 06 
28-10-18 at 16:38:39:542 Send 02 2E 17 1E 00 00 00 03 20 20 20 20 CE EF EB E0 F2 E0 20 EF F0 E8 ED FF F2 E0 20 F1 20 E1 EB E0 E3 EE E4 E0 F0 ED EE F1 F2 FC FE 00 00 00 00 00 2B 
28-10-18 at 16:38:39:566 Recived 06 02 03 17 00 1E 0A 
28-10-18 at 16:38:39:586 Send 06 
28-10-18 at 16:38:39:606 Send 05 
28-10-18 at 16:38:39:626 Recived 15 
28-10-18 at 16:38:39:626 Send 06 
28-10-18 at 16:38:39:646 Send 02 2E 17 1E 00 00 00 03 20 20 C6 E4 E5 EC 20 E2 E0 F1 20 E5 E6 E5 E4 ED E5 E2 ED EE 20 F1 20 39 2E 30 30 20 E4 EE 20 32 32 2E 30 30 00 00 00 00 D5 
28-10-18 at 16:38:39:670 Recived 06 02 03 17 00 1E 0A 
28-10-18 at 16:38:39:690 Send 06 
28-10-18 at 16:38:39:710 Send 05 
28-10-18 at 16:38:39:730 Recived 15 
28-10-18 at 16:38:39:730 Send 06 
28-10-18 at 16:38:39:750 Send 02 2E 17 1E 00 00 00 03 20 20 20 20 EF EE 20 E0 E4 F0 E5 F1 F3 3A 36 33 30 30 32 37 2C E3 2E CD EE E2 EE F1 E8 E1 E8 F0 F1 EA 2C 00 00 00 00 00 35 
28-10-18 at 16:38:39:774 Recived 06 02 03 17 00 1E 0A 
28-10-18 at 16:38:39:794 Send 06 
28-10-18 at 16:38:39:814 Send 05 
28-10-18 at 16:38:39:834 Recived 15 
28-10-18 at 16:38:39:834 Send 06 
28-10-18 at 16:38:39:854 Send 02 2E 17 1E 00 00 00 03 F3 EB 2E D2 EE EB EC E0 F7 E5 E2 F1 EA E0 FF 2C 20 31 39 E0 20 EA 2E 32 2C 20 F2 E5 EB 2E 3A 33 36 33 2D 30 35 2D 30 35 DD 
28-10-18 at 16:38:39:878 Recived 06 02 03 17 00 1E 0A 
28-10-18 at 16:38:39:898 Send 06 
28-10-18 at 16:38:39:918 Send 05 
28-10-18 at 16:38:39:938 Recived 15 
28-10-18 at 16:38:39:938 Send 06 
28-10-18 at 16:38:39:958 Send 02 76 FF 45 1E 00 00 00 00 00 00 00 00 00 00 00 00 00 00 00 00 00 00 7C 15 00 00 00 00 00 00 00 00 00 00 00 00 00 00 00 00 00 00 00 00 00 00 00 00 00 00 00 00 00 00 00 00 00 00 00 00 00 00 00 00 00 00 00 00 00 00 00 00 00 00 00 00 00 00 00 00 00 00 00 00 00 00 00 00 00 00 00 00 00 00 00 00 00 00 00 00 00 00 00 00 00 00 00 00 00 00 00 00 00 00 00 00 00 00 01 BA 
28-10-18 at 16:38:39:988 Recived 06 
28-10-18 at 16:38:40:208 Recived 02 10 FF 45 00 00 00 00 00 00 05 01 00 00 CB 78 8D E5 75 
28-10-18 at 16:38:40:228 Send 06 
28-10-18 at 16:38:40:231 Вход в FRInit mstar
28-10-18 at 16:38:40:231 Вход в GetStatus
28-10-18 at 16:38:40:248 Send 05 
28-10-18 at 16:38:40:268 Recived 15 
28-10-18 at 16:38:40:268 Send 06 
28-10-18 at 16:38:40:288 Send 02 05 11 1E 00 00 00 0A 
28-10-18 at 16:38:40:308 Recived 06 02 30 11 00 1E 43 31 C7 E0 01 08 12 01 7A 00 92 02 08 05 00 4E 41 00 00 01 01 10 1C 0A 12 10 26 28 00 2E 5D 00 00 2E 00 00 00 00 00 D2 E9 1E 42 01 00 A9 
28-10-18 at 16:38:40:328 Send 06 
28-10-18 at 16:38:40:331 KKMStatus 0000
28-10-18 at 16:38:40:331 Вход в GetStatus
28-10-18 at 16:38:40:348 Send 05 
28-10-18 at 16:38:40:368 Recived 15 
28-10-18 at 16:38:40:368 Send 06 
28-10-18 at 16:38:40:388 Send 02 05 11 1E 00 00 00 0A 
28-10-18 at 16:38:40:408 Recived 06 02 30 11 00 1E 43 31 C7 E0 01 08 12 01 7A 00 92 02 08 05 00 4E 41 00 00 01 01 10 1C 0A 12 10 26 28 00 2E 5D 00 00 2E 00 00 00 00 00 D2 E9 1E 42 01 00 A9 
28-10-18 at 16:38:40:428 Send 06 
28-10-18 at 16:38:40:431 KKMStatus 0000
28-10-18 at 16:38:41:431 Вход в GetStatus
28-10-18 at 16:38:41:448 Send 05 
28-10-18 at 16:38:41:468 Recived 15 
28-10-18 at 16:38:41:468 Send 06 
28-10-18 at 16:38:41:488 Send 02 05 11 1E 00 00 00 0A 
28-10-18 at 16:38:41:508 Recived 06 
28-10-18 at 16:38:41:708 Recived 02 30 11 00 1E 43 31 C7 E0 01 08 12 01 7B 00 92 02 02 05 00 4E 41 00 00 01 01 10 1C 0A 12 10 26 29 00 2E 5D 00 00 2E 00 00 00 00 00 D2 E9 1E 42 01 00 A3 
28-10-18 at 16:38:41:728 Send 06 
28-10-18 at 16:38:41:736 KKMStatus 0000
28-10-18 at 16:38:42:736 Вход в GetStatus
28-10-18 at 16:38:42:748 Send 05 
28-10-18 at 16:38:42:768 Recived 15 
28-10-18 at 16:38:42:768 Send 06 
28-10-18 at 16:38:42:788 Send 02 05 11 1E 00 00 00 0A 
28-10-18 at 16:38:42:808 Recived 06 02 30 11 00 1E 43 31 C7 E0 01 08 12 01 7B 00 92 02 02 00 00 4E 41 00 00 01 01 10 1C 0A 12 10 26 2A 00 2E 5D 00 00 2E 00 00 00 00 00 D2 E9 1E 42 01 00 A5 
28-10-18 at 16:38:42:828 Send 06 
28-10-18 at 16:38:42:831 KKMStatus 0000
28-10-18 at 16:38:42:831 Вход в GetStatus
28-10-18 at 16:38:42:848 Send 05 
28-10-18 at 16:38:42:868 Recived 15 
28-10-18 at 16:38:42:868 Send 06 
28-10-18 at 16:38:42:888 Send 02 05 11 1E 00 00 00 0A 
28-10-18 at 16:38:42:908 Recived 06 02 30 11 00 1E 43 31 C7 E0 01 08 12 01 7B 00 92 02 02 00 00 4E 41 00 00 01 01 10 1C 0A 12 10 26 2A 00 2E 5D 00 00 2E 00 00 00 00 00 D2 E9 1E 42 01 00 A5 
28-10-18 at 16:38:42:928 Send 06 
28-10-18 at 16:38:42:931 KKMStatus 0000
28-10-18 at 16:38:42:931 WAIT_OBJECT_0
28-10-18 at 16:38:42:938 Запись чека в базу
28-10-18 at 16:38:42:950 WritePresent
28-10-18 at 16:38:42:951 UpdateCentralCounts
28-10-18 at 16:38:43:078 UpdateCentralCounts
28-10-18 at 16:38:43:078 ActivateGiftCards(PresentGrid)
28-10-18 at 16:38:43:078 ActivateGiftCards(Grid)
28-10-18 at 16:38:43:078 GiftCardDoPayments
28-10-18 at 16:38:43:079 GiftCardClearPayments
28-10-18 at 16:38:43:079 Попытка очистки таблицы
28-10-18 at 16:38:43:079 Попытка очистки успешна
28-10-18 at 16:38:43:079 Попытка очистки таблицы
28-10-18 at 16:38:43:079 Попытка очистки успешна
28-10-18 at 16:38:43:080 total calculated
28-10-18 at 16:38:43:080 now show on display
28-10-18 at 16:38:43:080                     Всего:          0.00
28-10-18 at 16:38:43:080 now clear port error ...
28-10-18 at 16:38:43:080 now write to port ...
28-10-18 at 16:38:43:321 ... done
28-10-18 at 16:38:43:322 now clear port error ...
28-10-18 at 16:38:43:322 now write to port ...
28-10-18 at 16:38:43:632 ... done
28-10-18 at 16:38:43:634 116
28-10-18 at 16:38:43:634 016
28-10-18 at 16:38:46:648 Send 05 
28-10-18 at 16:38:46:668 Recived 15 
28-10-18 at 16:38:46:668 Send 06 
28-10-18 at 16:38:46:688 Send 02 06 FF 39 1E 00 00 00 DE 
28-10-18 at 16:38:46:708 Recived 06 02 10 FF 39 00 00 00 00 00 00 00 00 00 00 00 00 00 00 D6 
28-10-18 at 16:38:46:728 Send 06 
28-10-18 at 16:40:47:868 Send 05 
28-10-18 at 16:40:47:888 Recived 15 
28-10-18 at 16:40:47:888 Send 06 
28-10-18 at 16:40:47:908 Send 02 06 FF 39 1E 00 00 00 DE 
28-10-18 at 16:40:47:928 Recived 06 02 10 FF 39 00 00 00 00 00 00 00 00 00 00 00 00 00 00 D6 
28-10-18 at 16:40:47:948 Send 06 
28-10-18 at 16:42:49:086 Send 05 
28-10-18 at 16:42:49:106 Recived 15 
28-10-18 at 16:42:49:106 Send 06 
28-10-18 at 16:42:49:126 Send 02 06 FF 39 1E 00 00 00 DE 
28-10-18 at 16:42:49:146 Recived 06 02 10 FF 39 00 00 00 00 00 00 00 00 00 00 00 00 00 00 D6 
28-10-18 at 16:42:49:166 Send 06 
28-10-18 at 16:43:28:557 total calculated
28-10-18 at 16:43:28:557 now show on display
28-10-18 at 16:43:28:557                     Всего:          0.00
28-10-18 at 16:43:28:558 now clear port error ...
28-10-18 at 16:43:28:558 now write to port ...
28-10-18 at 16:43:28:799 ... done
28-10-18 at 16:43:28:799 total calculated
28-10-18 at 16:43:28:800 now show on display
28-10-18 at 16:43:28:800                     Всего:          0.00
28-10-18 at 16:43:28:800 now clear port error ...
28-10-18 at 16:43:28:800 now write to port ...
28-10-18 at 16:43:29:109 ... done
28-10-18 at 16:43:29:112 Удаление критической сессии
28-10-18 at 16:43:29:112 Выход из программы
