19-07-18 at 11:07:37:309 Запуск программы. Инициализация считана из файла
19-07-18 at 11:07:37:309 Чек загружен.
19-07-18 at 11:07:37:309 total calculated
19-07-18 at 11:07:37:310 now show on display
19-07-18 at 11:07:37:310                     Всего:          0.00
19-07-18 at 11:07:37:310 now open port for display
19-07-18 at 11:07:37:311 Com port opened
19-07-18 at 11:07:37:311 now clear port error ...
19-07-18 at 11:07:37:311 now write to port ...
19-07-18 at 11:07:37:444 ... done
19-07-18 at 11:07:37:445 Чек сжат
19-07-18 at 11:07:37:445 Сумма чека посчитана
19-07-18 at 11:07:37:446 Кардридер создан
19-07-18 at 11:07:37:446 Задание запуска модулей создано
19-07-18 at 11:07:37:446 Сканер создан
19-07-18 at 11:07:37:446 Регистратор создан
19-07-18 at 11:07:37:446 Часы созданы
19-07-18 at 11:07:37:447 Регистратор запущен
19-07-18 at 11:07:37:447 Сканер запущен
19-07-18 at 11:07:37:448 Часы запущены
19-07-18 at 11:07:37:448 Кардридер запущен
19-07-18 at 11:07:37:448 Передача данных запущена
19-07-18 at 11:07:37:449 Вход в FRInit
19-07-18 at 11:07:37:449 Вход в GetStatus
19-07-18 at 11:07:37:462 Send 05 
19-07-18 at 11:07:37:477 Recived 15 
19-07-18 at 11:07:37:477 Send 06 
19-07-18 at 11:07:37:492 Send 02 05 11 1E 00 00 00 0A 
19-07-18 at 11:07:37:507 Recived 06 02 30 11 00 1E 43 31 1C B3 14 0C 11 01 EC 00 B2 02 02 00 00 4E 41 00 00 01 01 10 13 07 12 0B 07 25 00 2E 5D 00 00 37 00 00 00 00 00 EF 95 10 42 01 00 E9 
19-07-18 at 11:07:37:537 Send 06 
19-07-18 at 11:07:37:542 KKMStatus 0000
19-07-18 at 11:07:37:552 Send 05 
19-07-18 at 11:07:37:567 Recived 15 
19-07-18 at 11:07:37:567 Send 06 
19-07-18 at 11:07:37:582 Send 02 05 11 1E 00 00 00 0A 
19-07-18 at 11:07:37:597 Recived 06 02 30 11 00 1E 43 31 1C B3 14 0C 11 01 EC 00 B2 02 02 00 00 4E 41 00 00 01 01 10 13 07 12 0B 07 25 00 2E 5D 00 00 37 00 00 00 00 00 EF 95 10 42 01 00 E9 
19-07-18 at 11:07:37:612 Send 06 
19-07-18 at 11:07:37:617 KKMStatus 0200
19-07-18 at 11:07:37:617 Номер ФР считан
19-07-18 at 11:07:37:797 СУБД подключена
19-07-18 at 11:07:37:812 Send 05 
19-07-18 at 11:07:37:827 Recived 15 
19-07-18 at 11:07:37:827 Send 06 
19-07-18 at 11:07:37:842 Send 02 17 1E 1E 00 00 00 05 03 00 01 CA 41 D0 D2 CE C9 20 56 49 53 41 2F 4D 43 92 
19-07-18 at 11:07:37:858 Recived 06 02 02 1E 00 1C 
19-07-18 at 11:07:37:873 Send 06 
19-07-18 at 11:07:37:888 Send 05 
19-07-18 at 11:07:37:903 Recived 15 
19-07-18 at 11:07:37:903 Send 06 
19-07-18 at 11:07:37:918 Send 02 18 1E 1E 00 00 00 05 04 00 01 C4 D0 D3 C3 C8 CC C8 20 CA C0 D0 D2 C0 CC C8 3C 
19-07-18 at 11:07:37:934 Recived 06 02 02 1E 00 1C 
19-07-18 at 11:07:37:949 Send 06 
19-07-18 at 11:07:37:964 Send 05 
19-07-18 at 11:07:37:979 Recived 15 
19-07-18 at 11:07:37:979 Send 06 
19-07-18 at 11:07:37:994 Send 02 0A 1E 1E 00 00 00 01 01 00 01 01 0A 
19-07-18 at 11:07:38:009 Recived 06 02 02 1E 00 1C 
19-07-18 at 11:07:38:024 Send 06 
19-07-18 at 11:07:38:039 Send 05 
19-07-18 at 11:07:38:054 Recived 15 
19-07-18 at 11:07:38:054 Send 06 
19-07-18 at 11:07:38:069 Send 02 0A 1E 1E 00 00 00 01 01 00 05 02 0D 
19-07-18 at 11:07:38:084 Recived 06 02 02 1E 00 1C 
19-07-18 at 11:07:38:099 Send 06 
19-07-18 at 11:07:38:114 Send 05 
19-07-18 at 11:07:38:129 Recived 15 
19-07-18 at 11:07:38:129 Send 06 
19-07-18 at 11:07:38:144 Send 02 0A 1E 1E 00 00 00 01 01 00 23 01 28 
19-07-18 at 11:07:38:159 Recived 06 02 02 1E 00 1C 
19-07-18 at 11:07:38:174 Send 06 
19-07-18 at 11:07:38:189 Send 05 
19-07-18 at 11:07:38:204 Recived 15 
19-07-18 at 11:07:38:204 Send 06 
19-07-18 at 11:07:38:219 Send 02 0A 1E 1E 00 00 00 01 01 00 06 00 0C 
19-07-18 at 11:07:38:234 Recived 06 02 02 1E 00 1C 
19-07-18 at 11:07:38:249 Send 06 
19-07-18 at 11:07:38:264 Send 05 
19-07-18 at 11:07:38:279 Recived 15 
19-07-18 at 11:07:38:279 Send 06 
19-07-18 at 11:07:38:294 Send 02 0A 1E 1E 00 00 00 01 01 00 07 01 0C 
19-07-18 at 11:07:38:309 Recived 06 02 02 1E 00 1C 
19-07-18 at 11:07:38:324 Send 06 
19-07-18 at 11:07:38:339 Send 05 
19-07-18 at 11:07:38:354 Recived 15 
19-07-18 at 11:07:38:354 Send 06 
19-07-18 at 11:07:38:369 Send 02 0A 1E 1E 00 00 00 01 01 00 14 01 1F 
19-07-18 at 11:07:38:384 Recived 06 02 02 1E 00 1C 
19-07-18 at 11:07:38:399 Send 06 
19-07-18 at 11:07:38:414 Send 05 
19-07-18 at 11:07:38:429 Recived 15 
19-07-18 at 11:07:38:429 Send 06 
19-07-18 at 11:07:38:444 Send 02 0A 1E 1E 00 00 00 01 01 00 15 01 1E 
19-07-18 at 11:07:38:459 Recived 06 02 02 1E 00 1C 
19-07-18 at 11:07:38:474 Send 06 
19-07-18 at 11:07:38:489 Send 05 
19-07-18 at 11:07:38:504 Recived 15 
19-07-18 at 11:07:38:504 Send 06 
19-07-18 at 11:07:38:519 Send 02 0A 1E 1E 00 00 00 01 01 00 0F 00 05 
19-07-18 at 11:07:38:534 Recived 06 02 02 1E 00 1C 
19-07-18 at 11:07:38:549 Send 06 
19-07-18 at 11:07:38:564 Send 05 
19-07-18 at 11:07:38:579 Recived 15 
19-07-18 at 11:07:38:579 Send 06 
19-07-18 at 11:07:38:594 Send 02 0A 1E 1E 00 00 00 01 01 00 11 00 1B 
19-07-18 at 11:07:38:609 Recived 06 02 02 1E 00 1C 
19-07-18 at 11:07:38:624 Send 06 
19-07-18 at 11:07:38:639 Send 05 
19-07-18 at 11:07:38:654 Recived 15 
19-07-18 at 11:07:38:654 Send 06 
19-07-18 at 11:07:38:669 Send 02 0A 1E 1E 00 00 00 11 01 00 03 02 1B 
19-07-18 at 11:07:38:684 Recived 06 02 02 1E 00 1C 
19-07-18 at 11:07:38:699 Send 06 
19-07-18 at 11:07:38:714 Send 05 
19-07-18 at 11:07:38:729 Recived 15 
19-07-18 at 11:07:38:729 Send 06 
19-07-18 at 11:07:38:744 Send 02 0A 1E 1E 00 00 00 01 01 00 29 01 22 
19-07-18 at 11:07:38:759 Recived 06 02 02 1E 00 1C 
19-07-18 at 11:07:38:774 Send 06 
19-07-18 at 11:07:38:789 Send 05 
19-07-18 at 11:07:38:804 Recived 15 
19-07-18 at 11:07:38:804 Send 06 
19-07-18 at 11:07:38:819 Send 02 26 1E 1E 00 00 00 04 0C 00 01 20 20 20 20 20 20 20 20 20 20 20 C4 CE C1 D0 CE 20 CF CE C6 C0 CB CE C2 C0 D2 DC 21 00 D5 
19-07-18 at 11:07:38:837 Recived 06 02 02 1E 00 1C 
19-07-18 at 11:07:38:852 Send 06 
19-07-18 at 11:07:38:867 Send 05 
19-07-18 at 11:07:38:882 Recived 15 
19-07-18 at 11:07:38:882 Send 06 
19-07-18 at 11:07:38:897 Send 02 29 1E 1E 00 00 00 04 0D 00 01 20 20 20 20 20 20 20 20 CE CE CE 20 CA EE EC EF E0 ED E8 FF 20 27 CA CE CB CE D0 CB CE CD 27 00 CB 
19-07-18 at 11:07:38:915 Recived 06 02 02 1E 00 1C 
19-07-18 at 11:07:38:930 Send 06 
19-07-18 at 11:07:38:945 Send 05 
19-07-18 at 11:07:38:960 Recived 15 
19-07-18 at 11:07:38:960 Send 06 
19-07-18 at 11:07:38:975 Send 02 2D 1E 1E 00 00 00 04 0E 00 01 20 20 20 20 20 CC E0 E3 E0 E7 E8 ED 20 27 C2 F1 E5 20 F2 EE E2 E0 F0 FB 20 E4 EB FF 20 E4 EE EC E0 27 20 00 DE 
19-07-18 at 11:07:38:993 Recived 06 02 02 1E 00 1C 
19-07-18 at 11:07:39:008 Send 06 
19-07-18 at 11:07:39:038 now clear port error ...
19-07-18 at 11:07:39:038 now write to port ...
19-07-18 at 11:07:39:172 ... done
19-07-18 at 11:07:39:210 Send 05 
19-07-18 at 11:07:39:225 Recived 15 
19-07-18 at 11:07:39:225 Send 06 
19-07-18 at 11:07:39:240 Send 02 06 1A 1E 00 00 00 79 7B 
19-07-18 at 11:07:39:255 Recived 06 02 09 1A 00 1E CE 9C 03 00 00 00 5C 
19-07-18 at 11:07:39:270 Send 06 
19-07-18 at 11:07:41:690 Cardreader  Антонов Сергей 
19-07-18 at 11:07:41:706 Send 05 
19-07-18 at 11:07:41:723 Recived 15 
19-07-18 at 11:07:41:723 Send 06 
19-07-18 at 11:07:41:738 Send 02 20 1E 1E 00 00 00 02 1E 00 02 CA E0 F1 F1 E8 F0 20 C0 ED F2 EE ED EE E2 20 D1 E5 F0 E3 E5 E9 20 00 D7 
19-07-18 at 11:07:41:756 Recived 06 02 02 1E 00 1C 
19-07-18 at 11:07:41:771 Send 06 
19-07-18 at 11:07:41:777 now clear port error ...
19-07-18 at 11:07:41:777 now write to port ...
19-07-18 at 11:07:41:910 ... done
19-07-18 at 11:07:42:701 Send 05 
19-07-18 at 11:07:42:716 Recived 15 
19-07-18 at 11:07:42:716 Send 06 
19-07-18 at 11:07:42:731 Send 02 06 FF 39 1E 00 00 00 DE 
19-07-18 at 11:07:42:746 Recived 06 02 10 FF 39 00 00 00 00 00 00 00 00 00 00 00 00 00 00 D6 
19-07-18 at 11:07:42:761 Send 06 
19-07-18 at 11:07:45:132 114
19-07-18 at 11:07:45:132 014
19-07-18 at 11:07:45:132 114
19-07-18 at 11:07:45:133 014
19-07-18 at 11:07:45:133 Попытка очистки таблицы
19-07-18 at 11:07:45:133 Попытка очистки успешна
19-07-18 at 11:07:45:134 total calculated
19-07-18 at 11:07:45:134 now show on display
19-07-18 at 11:07:45:134                     Всего:          0.00
19-07-18 at 11:07:45:134 now clear port error ...
19-07-18 at 11:07:45:135 now write to port ...
19-07-18 at 11:07:45:268 ... done
19-07-18 at 11:07:45:269 114
19-07-18 at 11:07:45:269 014
19-07-18 at 11:07:45:269 114
19-07-18 at 11:07:45:269 014
19-07-18 at 11:07:45:270 114
19-07-18 at 11:07:45:270 014
19-07-18 at 11:07:45:270 114
19-07-18 at 11:07:45:271 014
19-07-18 at 11:07:45:271 114
19-07-18 at 11:07:45:271 014
19-07-18 at 11:07:45:271 114
19-07-18 at 11:07:45:271 014
19-07-18 at 11:07:45:272 114
19-07-18 at 11:07:45:272 014
19-07-18 at 11:07:45:272 114
19-07-18 at 11:07:45:272 014
19-07-18 at 11:07:45:273 114
19-07-18 at 11:07:45:273 014
19-07-18 at 11:07:45:273 114
19-07-18 at 11:07:45:273 014
19-07-18 at 11:07:45:274 114
19-07-18 at 11:07:45:274 014
19-07-18 at 11:07:45:274 114
19-07-18 at 11:07:45:274 014
19-07-18 at 11:07:45:274 114
19-07-18 at 11:07:45:275 014
19-07-18 at 11:07:45:283 114
19-07-18 at 11:07:45:283 014
19-07-18 at 11:07:45:283 101
19-07-18 at 11:07:45:284 001
19-07-18 at 11:07:45:284 total calculated
19-07-18 at 11:07:45:300 now show on display
19-07-18 at 11:07:45:300 RU25194 ТЕТРАДЬ 1  7Всего:          7.00
19-07-18 at 11:07:45:301 now clear port error ...
19-07-18 at 11:07:45:301 now write to port ...
19-07-18 at 11:07:45:440 ... done
19-07-18 at 11:07:45:740 114
19-07-18 at 11:07:45:740 014
19-07-18 at 11:07:45:740 114
19-07-18 at 11:07:45:741 014
19-07-18 at 11:07:45:742 total calculated
19-07-18 at 11:07:45:745 now show on display
19-07-18 at 11:07:45:745 RU25194 ТЕТРАДЬ 1  7Всего:          7.00
19-07-18 at 11:07:45:745 now clear port error ...
19-07-18 at 11:07:45:746 now write to port ...
19-07-18 at 11:07:45:879 ... done
19-07-18 at 11:07:45:880 114
19-07-18 at 11:07:45:880 014
19-07-18 at 11:07:45:880 114
19-07-18 at 11:07:45:880 014
19-07-18 at 11:07:45:881 114
19-07-18 at 11:07:45:881 014
19-07-18 at 11:07:45:881 114
19-07-18 at 11:07:45:881 014
19-07-18 at 11:07:45:882 114
19-07-18 at 11:07:45:882 014
19-07-18 at 11:07:45:882 114
19-07-18 at 11:07:45:882 014
19-07-18 at 11:07:45:883 114
19-07-18 at 11:07:45:883 014
19-07-18 at 11:07:45:883 114
19-07-18 at 11:07:45:883 014
19-07-18 at 11:07:45:884 114
19-07-18 at 11:07:45:884 014
19-07-18 at 11:07:45:884 114
19-07-18 at 11:07:45:884 014
19-07-18 at 11:07:45:884 114
19-07-18 at 11:07:45:885 014
19-07-18 at 11:07:45:885 114
19-07-18 at 11:07:45:885 014
19-07-18 at 11:07:45:885 114
19-07-18 at 11:07:45:885 014
19-07-18 at 11:07:45:892 114
19-07-18 at 11:07:45:892 014
19-07-18 at 11:07:45:892 101
19-07-18 at 11:07:45:893 001
19-07-18 at 11:07:45:893 total calculated
19-07-18 at 11:07:45:902 now show on display
19-07-18 at 11:07:45:902 * Обои Палитра   350Всего:        357.00
19-07-18 at 11:07:45:902 now clear port error ...
19-07-18 at 11:07:45:903 now write to port ...
19-07-18 at 11:07:46:051 ... done
19-07-18 at 11:07:46:351 114
19-07-18 at 11:07:46:351 014
19-07-18 at 11:07:46:351 114
19-07-18 at 11:07:46:352 014
19-07-18 at 11:07:46:353 total calculated
19-07-18 at 11:07:46:357 now show on display
19-07-18 at 11:07:46:357 * Обои Палитра   350Всего:        357.00
19-07-18 at 11:07:46:357 now clear port error ...
19-07-18 at 11:07:46:358 now write to port ...
19-07-18 at 11:07:46:491 ... done
19-07-18 at 11:07:46:492 114
19-07-18 at 11:07:46:492 014
19-07-18 at 11:07:46:492 114
19-07-18 at 11:07:46:492 014
19-07-18 at 11:07:46:493 114
19-07-18 at 11:07:46:493 014
19-07-18 at 11:07:46:493 114
19-07-18 at 11:07:46:493 014
19-07-18 at 11:07:46:494 114
19-07-18 at 11:07:46:494 014
19-07-18 at 11:07:46:494 114
19-07-18 at 11:07:46:494 014
19-07-18 at 11:07:46:495 114
19-07-18 at 11:07:46:495 014
19-07-18 at 11:07:46:495 114
19-07-18 at 11:07:46:495 014
19-07-18 at 11:07:46:495 114
19-07-18 at 11:07:46:496 014
19-07-18 at 11:07:46:496 114
19-07-18 at 11:07:46:496 014
19-07-18 at 11:07:46:496 114
19-07-18 at 11:07:46:497 014
19-07-18 at 11:07:46:497 114
19-07-18 at 11:07:46:497 014
19-07-18 at 11:07:46:497 114
19-07-18 at 11:07:46:498 014
19-07-18 at 11:07:46:504 114
19-07-18 at 11:07:46:504 014
19-07-18 at 11:07:46:504 101
19-07-18 at 11:07:46:505 001
19-07-18 at 11:07:46:505 total calculated
19-07-18 at 11:07:46:513 now show on display
19-07-18 at 11:07:46:513 10775 шапочка тр  56Всего:        413.00
19-07-18 at 11:07:46:513 now clear port error ...
19-07-18 at 11:07:46:514 now write to port ...
19-07-18 at 11:07:46:663 ... done
19-07-18 at 11:07:51:502  Нажата клавиша F10.
19-07-18 at 11:07:51:503 114
19-07-18 at 11:07:51:503 014
19-07-18 at 11:07:51:503 115
19-07-18 at 11:07:51:503 015
19-07-18 at 11:07:51:505 total calculated
19-07-18 at 11:07:51:508 now show on display
19-07-18 at 11:07:51:508 10775 шапочка тр  56Всего:        413.00
19-07-18 at 11:07:51:508 now clear port error ...
19-07-18 at 11:07:51:508 now write to port ...
19-07-18 at 11:07:51:642 ... done
19-07-18 at 11:07:51:656 now clear port error ...
19-07-18 at 11:07:51:656 now write to port ...
19-07-18 at 11:07:51:814 ... done
19-07-18 at 11:07:51:814 now clear port error ...
19-07-18 at 11:07:51:814 now write to port ...
19-07-18 at 11:07:51:986 ... done
19-07-18 at 11:07:57:899 now clear port error ...
19-07-18 at 11:07:57:899 now write to port ...
19-07-18 at 11:07:58:033 ... done
19-07-18 at 11:07:58:046 Send 05 
19-07-18 at 11:07:58:061 Recived 15 
19-07-18 at 11:07:58:061 Send 06 
19-07-18 at 11:07:58:076 Send 02 06 28 1E 00 00 00 00 30 
19-07-18 at 11:07:58:091 Recived 06 02 03 28 00 1E 35 
19-07-18 at 11:07:58:106 Send 06 
19-07-18 at 11:07:58:109 Вход в FRInit
19-07-18 at 11:07:58:109 Вход в GetStatus
19-07-18 at 11:07:58:121 Send 05 
19-07-18 at 11:07:58:136 Recived 15 
19-07-18 at 11:07:58:136 Send 06 
19-07-18 at 11:07:58:151 Send 02 05 11 1E 00 00 00 0A 
19-07-18 at 11:07:58:166 Recived 06 02 30 11 00 1E 43 31 1C B3 14 0C 11 01 EC 00 B2 02 02 00 00 4E 41 00 00 01 01 10 13 07 12 0B 07 39 00 2E 5D 00 00 37 00 00 00 00 00 EF 95 10 42 01 00 F5 
19-07-18 at 11:07:58:181 Send 06 
19-07-18 at 11:07:58:184 KKMStatus 0000
19-07-18 at 11:07:58:196 Send 05 
19-07-18 at 11:07:58:211 Recived 15 
19-07-18 at 11:07:58:211 Send 06 
19-07-18 at 11:07:58:226 Send 02 06 8D 1E 00 00 00 00 95 
19-07-18 at 11:07:58:241 Recived 06 
19-07-18 at 11:07:58:256 Recived 02 03 8D 00 1E 90 
19-07-18 at 11:07:58:271 Send 06 
19-07-18 at 11:07:58:286 Send 05 
19-07-18 at 11:07:58:301 Recived 15 
19-07-18 at 11:07:58:301 Send 06 
19-07-18 at 11:07:58:316 Send 02 0A C2 1E 00 00 00 0E 21 1B 85 15 72 
19-07-18 at 11:07:58:331 Recived 06 02 03 C2 00 1E DF 
19-07-18 at 11:07:58:346 Send 06 
19-07-18 at 11:07:58:361 Send 05 
19-07-18 at 11:07:58:376 Recived 15 
19-07-18 at 11:07:58:376 Send 06 
19-07-18 at 11:07:58:391 Send 02 2E 17 1E 00 00 00 03 3D 3D 3D 3D 3D 3D 3D 3D 3D 3D 3D 3D 3D 3D 3D 3D 3D 3D 3D 3D 3D 3D 3D 3D 3D 3D 3D 3D 3D 3D 3D 3D 3D 3D 3D 3D 3D 3D 3D 3D 24 
19-07-18 at 11:07:58:410 Recived 06 02 03 17 00 1E 0A 
19-07-18 at 11:07:58:425 Send 06 
19-07-18 at 11:07:58:440 Send 05 
19-07-18 at 11:07:58:455 Recived 15 
19-07-18 at 11:07:58:455 Send 06 
19-07-18 at 11:07:58:470 Send 02 2E 17 1E 00 00 00 03 20 20 20 20 20 20 20 D7 C5 CA 20 30 32 2D 33 38 35 34 2D 31 38 30 37 2D 31 39 31 31 2D 30 37 35 38 00 00 00 00 00 00 00 F8 
19-07-18 at 11:07:58:489 Recived 06 02 03 17 00 1E 0A 
19-07-18 at 11:07:58:504 Send 06 
19-07-18 at 11:07:58:519 Send 05 
19-07-18 at 11:07:58:534 Recived 15 
19-07-18 at 11:07:58:534 Send 06 
19-07-18 at 11:07:58:549 Send 02 2E 17 1E 00 00 00 03 3D 3D 3D 3D 3D 3D 3D 3D 3D 3D 3D 3D 3D 3D 3D 3D 3D 3D 3D 3D 3D 3D 3D 3D 3D 3D 3D 3D 3D 3D 3D 3D 3D 3D 3D 3D 3D 3D 3D 3D 24 
19-07-18 at 11:07:58:568 Recived 06 02 03 17 00 1E 0A 
19-07-18 at 11:07:58:583 Send 06 
19-07-18 at 11:07:58:598 Send 05 
19-07-18 at 11:07:58:613 Recived 15 
19-07-18 at 11:07:58:613 Send 06 
19-07-18 at 11:07:58:628 Send 02 3C 80 1E 00 00 00 E8 03 00 00 00 BC 02 00 00 00 00 02 00 00 00 2F 2F 32 38 35 36 30 32 38 30 34 31 34 31 20 52 55 32 35 31 39 34 20 D2 C5 D2 D0 C0 C4 DC 20 31 32 20 CB 2E 2C 20 CA 00 27 
19-07-18 at 11:07:58:647 Recived 06 02 03 80 00 1E 9D 
19-07-18 at 11:07:58:662 Send 06 
19-07-18 at 11:07:58:677 Send 05 
19-07-18 at 11:07:58:692 Recived 15 
19-07-18 at 11:07:58:692 Send 06 
19-07-18 at 11:07:58:707 Send 02 3C 80 1E 00 00 00 E8 03 00 00 00 B8 88 00 00 00 00 01 00 00 00 2F 2F 32 38 30 37 31 30 33 30 32 30 31 38 20 2A 20 CE E1 EE E8 20 CF E0 EB E8 F2 F0 E0 20 36 30 36 33 2D 32 38 20 20 00 95 
19-07-18 at 11:07:58:726 Recived 06 02 03 80 00 1E 9D 
19-07-18 at 11:07:58:741 Send 06 
19-07-18 at 11:07:58:756 Send 05 
19-07-18 at 11:07:58:771 Recived 15 
19-07-18 at 11:07:58:771 Send 06 
19-07-18 at 11:07:58:786 Send 02 3C 80 1E 00 00 00 E8 03 00 00 00 E0 15 00 00 00 00 02 00 00 00 2F 2F 32 38 35 33 30 32 32 30 31 30 30 30 20 31 30 37 37 35 20 F8 E0 EF EE F7 EA E0 20 F2 F0 E8 EA EE F2 2E FF F1 E5 00 9A 
19-07-18 at 11:07:58:805 Recived 06 02 03 80 00 1E 9D 
19-07-18 at 11:07:58:820 Send 06 
19-07-18 at 11:07:58:835 Send 05 
19-07-18 at 11:07:58:850 Recived 15 
19-07-18 at 11:07:58:850 Send 06 
19-07-18 at 11:07:58:865 Send 02 2E 17 1E 00 00 00 03 32 38 35 36 30 32 38 30 34 31 34 31 20 52 55 32 35 31 39 34 20 D2 C5 D2 D0 C0 C4 DC 20 31 32 20 CB 2E 2C 20 00 00 00 00 3C 
19-07-18 at 11:07:58:884 Recived 06 02 03 17 00 1E 0A 
19-07-18 at 11:07:58:899 Send 06 
19-07-18 at 11:07:58:914 Send 05 
19-07-18 at 11:07:58:929 Recived 15 
19-07-18 at 11:07:58:929 Send 06 
19-07-18 at 11:07:58:944 Send 02 2E 17 1E 00 00 00 03 CA CB 2E 20 CF CE CB 2E 20 4D 49 43 4B 45 59 20 46 4F 4F 54 42 41 4C 4C 20 2F 32 35 2F 33 30 30 2F 20 20 20 28 F8 F2 29 DE 
19-07-18 at 11:07:58:963 Recived 06 02 03 17 00 1E 0A 
19-07-18 at 11:07:58:978 Send 06 
19-07-18 at 11:07:58:993 Send 05 
19-07-18 at 11:07:59:008 Recived 15 
19-07-18 at 11:07:59:008 Send 06 
19-07-18 at 11:07:59:023 Send 02 2E 17 1E 00 00 00 03 20 20 20 20 20 20 20 20 20 20 20 20 20 20 20 20 20 20 20 20 20 20 20 20 20 20 20 20 31 2E 30 30 30 20 58 20 37 2E 30 30 4A 
19-07-18 at 11:07:59:042 Recived 06 02 03 17 00 1E 0A 
19-07-18 at 11:07:59:057 Send 06 
19-07-18 at 11:07:59:072 Send 05 
19-07-18 at 11:07:59:087 Recived 15 
19-07-18 at 11:07:59:087 Send 06 
19-07-18 at 11:07:59:102 Send 02 2E 17 1E 00 00 00 03 D1 F3 EC EC E0 2C E2 20 F2 2E F7 2E CD C4 D1 20 31 30 25 20 20 20 20 20 20 20 20 20 20 20 20 20 20 20 3D 20 37 2E 30 30 F5 
19-07-18 at 11:07:59:121 Recived 06 02 03 17 00 1E 0A 
19-07-18 at 11:07:59:136 Send 06 
19-07-18 at 11:07:59:151 Send 05 
19-07-18 at 11:07:59:166 Recived 15 
19-07-18 at 11:07:59:166 Send 06 
19-07-18 at 11:07:59:181 Send 02 2E 17 1E 00 00 00 03 32 38 30 37 31 30 33 30 32 30 31 38 20 2A 20 CE E1 EE E8 20 CF E0 EB E8 F2 F0 E0 20 36 30 36 33 2D 32 38 20 00 00 00 00 E9 
19-07-18 at 11:07:59:200 Recived 06 02 03 17 00 1E 0A 
19-07-18 at 11:07:59:215 Send 06 
19-07-18 at 11:07:59:230 Send 05 
19-07-18 at 11:07:59:245 Recived 15 
19-07-18 at 11:07:59:245 Send 06 
19-07-18 at 11:07:59:260 Send 02 2E 17 1E 00 00 00 03 F5 31 32 20 E2 E8 ED E8 EB 20 30 2C 35 33 2A 31 30 2C 30 35 EC 20 20 20 20 20 20 20 20 20 20 20 20 20 20 20 28 F8 F2 29 E9 
19-07-18 at 11:07:59:279 Recived 06 02 03 17 00 1E 0A 
19-07-18 at 11:07:59:294 Send 06 
19-07-18 at 11:07:59:309 Send 05 
19-07-18 at 11:07:59:324 Recived 15 
19-07-18 at 11:07:59:324 Send 06 
19-07-18 at 11:07:59:339 Send 02 2E 17 1E 00 00 00 03 20 20 20 20 20 20 20 20 20 20 20 20 20 20 20 20 20 20 20 20 20 20 20 20 20 20 31 2E 30 30 30 20 58 20 33 35 30 2E 30 30 4B 
19-07-18 at 11:07:59:358 Recived 06 02 03 17 00 1E 0A 
19-07-18 at 11:07:59:373 Send 06 
19-07-18 at 11:07:59:388 Send 05 
19-07-18 at 11:07:59:403 Recived 15 
19-07-18 at 11:07:59:403 Send 06 
19-07-18 at 11:07:59:418 Send 02 2E 17 1E 00 00 00 03 D1 F3 EC EC E0 2C E2 20 F2 2E F7 2E CD C4 D1 20 31 38 25 20 20 20 20 20 20 20 20 20 20 20 20 20 3D 20 33 35 30 2E 30 30 FC 
19-07-18 at 11:07:59:437 Recived 06 02 03 17 00 1E 0A 
19-07-18 at 11:07:59:452 Send 06 
19-07-18 at 11:07:59:467 Send 05 
19-07-18 at 11:07:59:482 Recived 15 
19-07-18 at 11:07:59:482 Send 06 
19-07-18 at 11:07:59:497 Send 02 2E 17 1E 00 00 00 03 32 38 35 33 30 32 32 30 31 30 30 30 20 31 30 37 37 35 20 F8 E0 EF EE F7 EA E0 20 00 00 00 00 00 00 00 00 00 00 00 00 00 D9 
19-07-18 at 11:07:59:516 Recived 06 02 03 17 00 1E 0A 
19-07-18 at 11:07:59:531 Send 06 
19-07-18 at 11:07:59:546 Send 05 
19-07-18 at 11:07:59:561 Recived 15 
19-07-18 at 11:07:59:561 Send 06 
19-07-18 at 11:07:59:576 Send 02 2E 17 1E 00 00 00 03 F2 F0 E8 EA EE F2 2E FF F1 E5 EB FC ED E0 FF 20 30 2F 36 20 EC E5 F1 20 20 20 20 20 20 20 20 20 20 20 20 20 28 F8 F2 29 E2 
19-07-18 at 11:07:59:595 Recived 06 02 03 17 00 1E 0A 
19-07-18 at 11:07:59:610 Send 06 
19-07-18 at 11:07:59:625 Send 05 
19-07-18 at 11:07:59:640 Recived 15 
19-07-18 at 11:07:59:640 Send 06 
19-07-18 at 11:07:59:655 Send 02 2E 17 1E 00 00 00 03 20 20 20 20 20 20 20 20 20 20 20 20 20 20 20 20 20 20 20 20 20 20 20 20 20 20 20 31 2E 30 30 30 20 58 20 35 36 2E 30 30 5E 
19-07-18 at 11:07:59:674 Recived 06 02 03 17 00 1E 0A 
19-07-18 at 11:07:59:689 Send 06 
19-07-18 at 11:07:59:704 Send 05 
19-07-18 at 11:07:59:719 Recived 15 
19-07-18 at 11:07:59:719 Send 06 
19-07-18 at 11:07:59:734 Send 02 2E 17 1E 00 00 00 03 D1 F3 EC EC E0 2C E2 20 F2 2E F7 2E CD C4 D1 20 31 30 25 20 20 20 20 20 20 20 20 20 20 20 20 20 20 3D 20 35 36 2E 30 30 E1 
19-07-18 at 11:07:59:753 Recived 06 02 03 17 00 1E 0A 
19-07-18 at 11:07:59:768 Send 06 
19-07-18 at 11:07:59:783 Send 05 
19-07-18 at 11:07:59:798 Recived 15 
19-07-18 at 11:07:59:798 Send 06 
19-07-18 at 11:07:59:813 Send 02 2E 17 1E 00 00 00 03 3D 3D 3D 3D 3D 3D 3D 3D 3D 3D 3D 3D 3D 3D 3D 3D 3D 3D 3D 3D 3D 3D 3D 3D 3D 3D 3D 3D 3D 3D 3D 3D 3D 3D 3D 3D 3D 3D 3D 3D 24 
19-07-18 at 11:07:59:832 Recived 06 02 03 17 00 1E 0A 
19-07-18 at 11:07:59:847 Send 06 
19-07-18 at 11:07:59:862 Send 05 
19-07-18 at 11:07:59:877 Recived 15 
19-07-18 at 11:07:59:877 Send 06 
19-07-18 at 11:07:59:892 Send 02 2E 17 1E 00 00 00 03 20 00 00 00 00 00 00 00 00 00 00 00 00 00 00 00 00 00 00 00 00 00 00 00 00 00 00 00 00 00 00 00 00 00 00 00 00 00 00 00 04 
19-07-18 at 11:07:59:911 Recived 06 02 03 17 00 1E 0A 
19-07-18 at 11:07:59:926 Send 06 
19-07-18 at 11:07:59:941 Send 05 
19-07-18 at 11:07:59:956 Recived 15 
19-07-18 at 11:07:59:956 Send 06 
19-07-18 at 11:07:59:971 Send 02 2E 17 1E 00 00 00 03 20 20 20 20 CE EF EB E0 F2 E0 20 EF F0 E8 ED FF F2 E0 20 F1 20 E1 EB E0 E3 EE E4 E0 F0 ED EE F1 F2 FC FE 00 00 00 00 00 2B 
19-07-18 at 11:07:59:990 Recived 06 02 03 17 00 1E 0A 
19-07-18 at 11:08:00:005 Send 06 
19-07-18 at 11:08:00:020 Send 05 
19-07-18 at 11:08:00:035 Recived 15 
19-07-18 at 11:08:00:035 Send 06 
19-07-18 at 11:08:00:050 Send 02 2E 17 1E 00 00 00 03 20 20 C6 E4 E5 EC 20 E2 E0 F1 20 E5 E6 E5 E4 ED E5 E2 ED EE 20 F1 20 39 2E 30 30 20 E4 EE 20 32 32 2E 30 30 00 00 00 00 D5 
19-07-18 at 11:08:00:069 Recived 06 02 03 17 00 1E 0A 
19-07-18 at 11:08:00:084 Send 06 
19-07-18 at 11:08:00:099 Send 05 
19-07-18 at 11:08:00:114 Recived 15 
19-07-18 at 11:08:00:114 Send 06 
19-07-18 at 11:08:00:129 Send 02 2E 17 1E 00 00 00 03 20 20 20 20 EF EE 20 E0 E4 F0 E5 F1 F3 3A 36 33 30 30 32 37 2C E3 2E CD EE E2 EE F1 E8 E1 E8 F0 F1 EA 2C 00 00 00 00 00 35 
19-07-18 at 11:08:00:148 Recived 06 02 03 17 00 1E 0A 
19-07-18 at 11:08:00:163 Send 06 
19-07-18 at 11:08:00:178 Send 05 
19-07-18 at 11:08:00:193 Recived 15 
19-07-18 at 11:08:00:193 Send 06 
19-07-18 at 11:08:00:208 Send 02 2E 17 1E 00 00 00 03 F3 EB 2E D2 EE EB EC E0 F7 E5 E2 F1 EA E0 FF 2C 20 31 39 E0 20 EA 2E 32 2C 20 F2 E5 EB 2E 3A 33 36 33 2D 30 35 2D 30 35 DD 
19-07-18 at 11:08:00:227 Recived 06 02 03 17 00 1E 0A 
19-07-18 at 11:08:00:242 Send 06 
19-07-18 at 11:08:00:257 Send 05 
19-07-18 at 11:08:00:272 Recived 15 
19-07-18 at 11:08:00:272 Send 06 
19-07-18 at 11:08:00:287 Send 02 47 85 1E 00 00 00 54 A1 00 00 00 00 00 00 00 00 00 00 00 00 00 00 00 00 00 00 00 00 00 00 00 00 20 00 00 00 00 00 00 00 00 00 00 00 00 00 00 00 00 00 00 00 00 00 00 00 00 00 00 00 00 00 00 00 00 00 00 00 00 00 00 00 09 
19-07-18 at 11:08:00:308 Recived 06 
19-07-18 at 11:08:00:743 Recived 02 08 85 00 1E 00 00 00 00 00 93 
19-07-18 at 11:08:00:758 Send 06 
19-07-18 at 11:08:00:759 WAIT_OBJECT_0
19-07-18 at 11:13:18:800 WritePresent
19-07-18 at 11:13:18:800 UpdateCentralCounts
19-07-18 at 11:13:18:916 UpdateCentralCounts
19-07-18 at 11:13:18:917 ActivateGiftCards(PresentGrid)
19-07-18 at 11:13:18:917 ActivateGiftCards(Grid)
19-07-18 at 11:13:18:917 GiftCardDoPayments
19-07-18 at 11:13:18:917 GiftCardClearPayments
19-07-18 at 11:13:18:917 Попытка очистки таблицы
19-07-18 at 11:13:18:918 Попытка очистки успешна
19-07-18 at 11:13:18:918 Попытка очистки таблицы
19-07-18 at 11:13:18:918 Попытка очистки успешна
19-07-18 at 11:13:18:919 total calculated
19-07-18 at 11:13:18:919 now show on display
19-07-18 at 11:13:18:919                     Всего:          0.00
19-07-18 at 11:13:18:919 now clear port error ...
19-07-18 at 11:13:18:919 now write to port ...
19-07-18 at 11:13:19:053 ... done
19-07-18 at 11:13:19:053 now clear port error ...
19-07-18 at 11:13:19:053 now write to port ...
19-07-18 at 11:13:19:224 ... done
19-07-18 at 11:13:19:226 116
19-07-18 at 11:13:19:226 016
19-07-18 at 11:15:08:350 Send 05 
19-07-18 at 11:15:08:365 Recived 15 
19-07-18 at 11:15:08:365 Send 06 
19-07-18 at 11:15:08:380 Send 02 06 FF 39 1E 00 00 00 DE 
19-07-18 at 11:15:08:395 Recived 06 02 10 FF 39 00 00 00 00 00 00 00 00 00 00 00 00 00 00 D6 
19-07-18 at 11:15:08:410 Send 06 
19-07-18 at 11:17:09:535 Send 05 
19-07-18 at 11:17:09:550 Recived 15 
19-07-18 at 11:17:09:550 Send 06 
19-07-18 at 11:17:09:565 Send 02 06 FF 39 1E 00 00 00 DE 
19-07-18 at 11:17:09:580 Recived 06 02 10 FF 39 00 00 00 00 00 00 00 00 00 00 00 00 00 00 D6 
19-07-18 at 11:17:09:595 Send 06 
19-07-18 at 11:19:10:720 Send 05 
19-07-18 at 11:19:10:735 Recived 15 
19-07-18 at 11:19:10:735 Send 06 
19-07-18 at 11:19:10:750 Send 02 06 FF 39 1E 00 00 00 DE 
19-07-18 at 11:19:10:765 Recived 06 02 10 FF 39 00 00 00 00 00 00 00 00 00 00 00 00 00 00 D6 
19-07-18 at 11:19:10:780 Send 06 
19-07-18 at 11:20:16:990 total calculated
19-07-18 at 11:20:16:991 now show on display
19-07-18 at 11:20:16:991                     Всего:          0.00
19-07-18 at 11:20:16:991 now clear port error ...
19-07-18 at 11:20:16:991 now write to port ...
19-07-18 at 11:20:17:125 ... done
19-07-18 at 11:20:17:125 total calculated
19-07-18 at 11:20:17:126 now show on display
19-07-18 at 11:20:17:126                     Всего:          0.00
19-07-18 at 11:20:17:126 now clear port error ...
19-07-18 at 11:20:17:126 now write to port ...
19-07-18 at 11:20:17:297 ... done
19-07-18 at 11:20:17:299 111
19-07-18 at 11:20:17:299 Выход из программы
19-07-18 at 15:53:16:896 Запуск программы. Инициализация считана из файла
19-07-18 at 15:53:16:897 Чек загружен.
19-07-18 at 15:53:16:897 total calculated
19-07-18 at 15:53:16:897 now show on display
19-07-18 at 15:53:16:897                     Всего:          0.00
19-07-18 at 15:53:16:897 now open port for display
19-07-18 at 15:53:16:898 Com port opened
19-07-18 at 15:53:16:898 now clear port error ...
19-07-18 at 15:53:16:898 now write to port ...
19-07-18 at 15:53:17:032 ... done
19-07-18 at 15:53:17:032 Чек сжат
19-07-18 at 15:53:17:032 Сумма чека посчитана
19-07-18 at 15:53:17:033 Кардридер создан
19-07-18 at 15:53:17:033 Задание запуска модулей создано
19-07-18 at 15:53:17:033 Сканер создан
19-07-18 at 15:53:17:034 Регистратор создан
19-07-18 at 15:53:17:034 Часы созданы
19-07-18 at 15:53:17:035 Регистратор запущен
19-07-18 at 15:53:17:036 Сканер запущен
19-07-18 at 15:53:17:036 Часы запущены
19-07-18 at 15:53:17:037 Кардридер запущен
19-07-18 at 15:53:17:037 Передача данных запущена
19-07-18 at 15:53:17:037 Вход в FRInit
19-07-18 at 15:53:17:038 Вход в GetStatus
19-07-18 at 15:53:17:060 Send 05 
19-07-18 at 15:53:17:076 Recived 15 
19-07-18 at 15:53:17:076 Send 06 
19-07-18 at 15:53:17:091 Send 02 05 11 1E 00 00 00 0A 
19-07-18 at 15:53:17:106 Recived 06 02 30 11 00 1E 43 31 1C B3 14 0C 11 01 ED 00 B2 02 03 00 00 4E 41 00 00 01 01 10 13 07 12 0F 35 11 00 2E 5D 00 00 37 00 00 00 00 00 EF 95 10 42 01 00 EB 
19-07-18 at 15:53:17:121 Send 06 
19-07-18 at 15:53:17:125 KKMStatus 0000
19-07-18 at 15:53:17:136 Send 05 
19-07-18 at 15:53:17:151 Recived 15 
19-07-18 at 15:53:17:151 Send 06 
19-07-18 at 15:53:17:166 Send 02 05 11 1E 00 00 00 0A 
19-07-18 at 15:53:17:181 Recived 06 02 30 11 00 1E 43 31 1C B3 14 0C 11 01 ED 00 B2 02 03 00 00 4E 41 00 00 01 01 10 13 07 12 0F 35 11 00 2E 5D 00 00 37 00 00 00 00 00 EF 95 10 42 01 00 EB 
19-07-18 at 15:53:17:196 Send 06 
19-07-18 at 15:53:17:200 KKMStatus 0300
19-07-18 at 15:53:17:200 Номер ФР считан
19-07-18 at 15:53:17:383 СУБД подключена
19-07-18 at 15:53:17:404 Send 05 
19-07-18 at 15:53:17:419 Recived 15 
19-07-18 at 15:53:17:419 Send 06 
19-07-18 at 15:53:17:434 Send 02 17 1E 1E 00 00 00 05 03 00 01 CA 41 D0 D2 CE C9 20 56 49 53 41 2F 4D 43 92 
19-07-18 at 15:53:17:450 Recived 06 02 02 1E 00 1C 
19-07-18 at 15:53:17:465 Send 06 
19-07-18 at 15:53:17:480 Send 05 
19-07-18 at 15:53:17:495 Recived 15 
19-07-18 at 15:53:17:495 Send 06 
19-07-18 at 15:53:17:510 Send 02 18 1E 1E 00 00 00 05 04 00 01 C4 D0 D3 C3 C8 CC C8 20 CA C0 D0 D2 C0 CC C8 3C 
19-07-18 at 15:53:17:526 Recived 06 02 02 1E 00 1C 
19-07-18 at 15:53:17:541 Send 06 
19-07-18 at 15:53:17:556 Send 05 
19-07-18 at 15:53:17:571 Recived 15 
19-07-18 at 15:53:17:571 Send 06 
19-07-18 at 15:53:17:586 Send 02 0A 1E 1E 00 00 00 01 01 00 01 01 0A 
19-07-18 at 15:53:17:601 Recived 06 02 02 1E 00 1C 
19-07-18 at 15:53:17:616 Send 06 
19-07-18 at 15:53:17:631 Send 05 
19-07-18 at 15:53:17:646 Recived 15 
19-07-18 at 15:53:17:646 Send 06 
19-07-18 at 15:53:17:661 Send 02 0A 1E 1E 00 00 00 01 01 00 05 02 0D 
19-07-18 at 15:53:17:676 Recived 06 02 02 1E 00 1C 
19-07-18 at 15:53:17:691 Send 06 
19-07-18 at 15:53:17:706 Send 05 
19-07-18 at 15:53:17:721 Recived 15 
19-07-18 at 15:53:17:721 Send 06 
19-07-18 at 15:53:17:736 Send 02 0A 1E 1E 00 00 00 01 01 00 23 01 28 
19-07-18 at 15:53:17:751 Recived 06 02 02 1E 00 1C 
19-07-18 at 15:53:17:766 Send 06 
19-07-18 at 15:53:17:781 Send 05 
19-07-18 at 15:53:17:796 Recived 15 
19-07-18 at 15:53:17:796 Send 06 
19-07-18 at 15:53:17:811 Send 02 0A 1E 1E 00 00 00 01 01 00 06 00 0C 
19-07-18 at 15:53:17:826 Recived 06 02 02 1E 00 1C 
19-07-18 at 15:53:17:841 Send 06 
19-07-18 at 15:53:17:856 Send 05 
19-07-18 at 15:53:17:871 Recived 15 
19-07-18 at 15:53:17:871 Send 06 
19-07-18 at 15:53:17:886 Send 02 0A 1E 1E 00 00 00 01 01 00 07 01 0C 
19-07-18 at 15:53:17:901 Recived 06 02 02 1E 00 1C 
19-07-18 at 15:53:17:916 Send 06 
19-07-18 at 15:53:17:931 Send 05 
19-07-18 at 15:53:17:946 Recived 15 
19-07-18 at 15:53:17:946 Send 06 
19-07-18 at 15:53:17:961 Send 02 0A 1E 1E 00 00 00 01 01 00 14 01 1F 
19-07-18 at 15:53:17:976 Recived 06 02 02 1E 00 1C 
19-07-18 at 15:53:17:991 Send 06 
19-07-18 at 15:53:18:006 Send 05 
19-07-18 at 15:53:18:021 Recived 15 
19-07-18 at 15:53:18:021 Send 06 
19-07-18 at 15:53:18:036 Send 02 0A 1E 1E 00 00 00 01 01 00 15 01 1E 
19-07-18 at 15:53:18:051 Recived 06 02 02 1E 00 1C 
19-07-18 at 15:53:18:066 Send 06 
19-07-18 at 15:53:18:081 Send 05 
19-07-18 at 15:53:18:096 Recived 15 
19-07-18 at 15:53:18:096 Send 06 
19-07-18 at 15:53:18:111 Send 02 0A 1E 1E 00 00 00 01 01 00 0F 00 05 
19-07-18 at 15:53:18:126 Recived 06 02 02 1E 00 1C 
19-07-18 at 15:53:18:141 Send 06 
19-07-18 at 15:53:18:156 Send 05 
19-07-18 at 15:53:18:171 Recived 15 
19-07-18 at 15:53:18:171 Send 06 
19-07-18 at 15:53:18:186 Send 02 0A 1E 1E 00 00 00 01 01 00 11 00 1B 
19-07-18 at 15:53:18:201 Recived 06 02 02 1E 00 1C 
19-07-18 at 15:53:18:216 Send 06 
19-07-18 at 15:53:18:231 Send 05 
19-07-18 at 15:53:18:246 Recived 15 
19-07-18 at 15:53:18:246 Send 06 
19-07-18 at 15:53:18:261 Send 02 0A 1E 1E 00 00 00 11 01 00 03 02 1B 
19-07-18 at 15:53:18:276 Recived 06 02 02 1E 00 1C 
19-07-18 at 15:53:18:291 Send 06 
19-07-18 at 15:53:18:306 Send 05 
19-07-18 at 15:53:18:321 Recived 15 
19-07-18 at 15:53:18:321 Send 06 
19-07-18 at 15:53:18:336 Send 02 0A 1E 1E 00 00 00 01 01 00 29 01 22 
19-07-18 at 15:53:18:351 Recived 06 02 02 1E 00 1C 
19-07-18 at 15:53:18:366 Send 06 
19-07-18 at 15:53:18:381 Send 05 
19-07-18 at 15:53:18:396 Recived 15 
19-07-18 at 15:53:18:396 Send 06 
19-07-18 at 15:53:18:411 Send 02 26 1E 1E 00 00 00 04 0C 00 01 20 20 20 20 20 20 20 20 20 20 20 C4 CE C1 D0 CE 20 CF CE C6 C0 CB CE C2 C0 D2 DC 21 00 D5 
19-07-18 at 15:53:18:429 Recived 06 02 02 1E 00 1C 
19-07-18 at 15:53:18:444 Send 06 
19-07-18 at 15:53:18:459 Send 05 
19-07-18 at 15:53:18:474 Recived 15 
19-07-18 at 15:53:18:474 Send 06 
19-07-18 at 15:53:18:489 Send 02 29 1E 1E 00 00 00 04 0D 00 01 20 20 20 20 20 20 20 20 CE CE CE 20 CA EE EC EF E0 ED E8 FF 20 27 CA CE CB CE D0 CB CE CD 27 00 CB 
19-07-18 at 15:53:18:507 Recived 06 02 02 1E 00 1C 
19-07-18 at 15:53:18:522 Send 06 
19-07-18 at 15:53:18:537 Send 05 
19-07-18 at 15:53:18:552 Recived 15 
19-07-18 at 15:53:18:552 Send 06 
19-07-18 at 15:53:18:567 Send 02 2D 1E 1E 00 00 00 04 0E 00 01 20 20 20 20 20 CC E0 E3 E0 E7 E8 ED 20 27 C2 F1 E5 20 F2 EE E2 E0 F0 FB 20 E4 EB FF 20 E4 EE EC E0 27 20 00 DE 
19-07-18 at 15:53:18:585 Recived 06 02 02 1E 00 1C 
19-07-18 at 15:53:18:600 Send 06 
19-07-18 at 15:53:18:634 now clear port error ...
19-07-18 at 15:53:18:634 now write to port ...
19-07-18 at 15:53:18:768 ... done
19-07-18 at 15:53:18:795 Send 05 
19-07-18 at 15:53:18:810 Recived 15 
19-07-18 at 15:53:18:810 Send 06 
19-07-18 at 15:53:18:825 Send 02 06 1A 1E 00 00 00 79 7B 
19-07-18 at 15:53:18:840 Recived 06 02 09 1A 00 1E 22 3E 04 00 00 00 15 
19-07-18 at 15:53:18:855 Send 06 
19-07-18 at 15:53:21:264 Cardreader  Антонов Сергей 
19-07-18 at 15:53:21:274 Send 05 
19-07-18 at 15:53:21:291 Recived 15 
19-07-18 at 15:53:21:293 Send 06 
19-07-18 at 15:53:21:308 Send 02 20 1E 1E 00 00 00 02 1E 00 02 CA E0 F1 F1 E8 F0 20 C0 ED F2 EE ED EE E2 20 D1 E5 F0 E3 E5 E9 20 00 D7 
19-07-18 at 15:53:21:326 Recived 06 02 02 1E 00 1C 
19-07-18 at 15:53:21:341 Send 06 
19-07-18 at 15:53:21:351 now clear port error ...
19-07-18 at 15:53:21:351 now write to port ...
19-07-18 at 15:53:21:485 ... done
19-07-18 at 15:53:22:271 Send 05 
19-07-18 at 15:53:22:286 Recived 15 
19-07-18 at 15:53:22:286 Send 06 
19-07-18 at 15:53:22:301 Send 02 06 FF 39 1E 00 00 00 DE 
19-07-18 at 15:53:22:316 Recived 06 02 10 FF 39 00 00 00 00 00 00 00 00 00 00 00 00 00 00 D6 
19-07-18 at 15:53:22:331 Send 06 
19-07-18 at 15:53:31:331 Send 05 
19-07-18 at 15:53:31:346 Recived 15 
19-07-18 at 15:53:31:346 Send 06 
19-07-18 at 15:53:31:361 Send 02 2E 17 1E 00 00 00 03 20 20 CF EE E4 E0 F0 EE F7 ED FB E5 20 EA E0 F0 F2 FB 20 ED E5 20 EF F0 EE E4 E0 E2 E0 EB E8 F1 FC 00 00 00 00 00 00 00 39 
19-07-18 at 15:53:31:380 Recived 06 02 03 17 00 1E 0A 
19-07-18 at 15:53:31:395 Send 06 
19-07-18 at 15:53:31:410 Send 05 
19-07-18 at 15:53:31:425 Recived 15 
19-07-18 at 15:53:31:425 Send 06 
19-07-18 at 15:53:31:440 Send 02 2E 17 1E 00 00 00 03 2D 2D 2D 2D 2D 2D 2D 2D 2D 2D 2D 2D 2D 2D 2D 2D 2D 2D 2D 2D 2D 2D 2D 2D 2D 2D 2D 2D 2D 2D 2D 2D 2D 2D 2D 2D 2D 2D 2D 2D 24 
19-07-18 at 15:53:31:459 Recived 06 02 03 17 00 1E 0A 
19-07-18 at 15:53:31:474 Send 06 
19-07-18 at 15:53:31:489 Send 05 
19-07-18 at 15:53:31:504 Recived 15 
19-07-18 at 15:53:31:504 Send 06 
19-07-18 at 15:53:31:519 Send 02 05 41 1E 00 00 00 5A 
19-07-18 at 15:53:31:534 Recived 06 
19-07-18 at 15:53:31:879 Recived 02 03 41 00 00 42 
19-07-18 at 15:53:31:894 Send 06 
19-07-18 at 15:53:31:903 111
19-07-18 at 16:38:10:119 Send 05 
19-07-18 at 16:38:10:134 Recived 15 
19-07-18 at 16:38:10:134 Send 06 
19-07-18 at 16:38:10:149 Send 02 06 FF 39 1E 00 00 00 DE 
19-07-18 at 16:38:10:164 Recived 06 02 10 FF 39 00 00 00 00 00 00 00 00 00 00 00 00 00 00 D6 
19-07-18 at 16:38:10:179 Send 06 
19-07-18 at 16:38:56:379 Send 05 
19-07-18 at 16:38:56:394 Recived 15 
19-07-18 at 16:38:56:394 Send 06 
19-07-18 at 16:38:56:409 Send 02 08 21 1E 00 00 00 10 26 38 39 
19-07-18 at 16:38:56:424 Recived 06 02 02 21 00 23 
19-07-18 at 16:38:56:439 Send 06 
19-07-18 at 16:38:56:444 Вход в GetStatus
19-07-18 at 16:38:56:454 Send 05 
19-07-18 at 16:38:56:469 Recived 15 
19-07-18 at 16:38:56:469 Send 06 
19-07-18 at 16:38:56:484 Send 02 05 11 1E 00 00 00 0A 
19-07-18 at 16:38:56:499 Recived 06 02 30 11 00 1E 43 31 1C B3 14 0C 11 01 EE 00 B2 02 04 00 00 4E 41 00 00 01 01 10 13 07 12 10 26 38 00 2E 5D 00 00 38 00 00 00 00 00 EF 95 10 42 01 00 C5 
19-07-18 at 16:38:56:514 Send 06 
19-07-18 at 16:38:56:519 KKMStatus 0000
19-07-18 at 16:38:56:529 Send 05 
19-07-18 at 16:38:56:544 Recived 15 
19-07-18 at 16:38:56:544 Send 06 
19-07-18 at 16:38:56:559 Send 02 05 E0 1E 00 00 00 FB 
19-07-18 at 16:38:56:574 Recived 06 
19-07-18 at 16:38:57:714 Recived 02 03 E0 00 1E FD 
19-07-18 at 16:38:57:729 Send 06 
19-07-18 at 16:39:02:004 114
19-07-18 at 16:39:02:004 014
19-07-18 at 16:39:02:004 114
19-07-18 at 16:39:02:005 014
19-07-18 at 16:39:02:005 Попытка очистки таблицы
19-07-18 at 16:39:02:005 Попытка очистки успешна
19-07-18 at 16:39:02:006 total calculated
19-07-18 at 16:39:02:006 now show on display
19-07-18 at 16:39:02:006                     Всего:          0.00
19-07-18 at 16:39:02:006 now clear port error ...
19-07-18 at 16:39:02:007 now write to port ...
19-07-18 at 16:39:02:140 ... done
19-07-18 at 16:39:02:141 114
19-07-18 at 16:39:02:141 014
19-07-18 at 16:39:02:141 114
19-07-18 at 16:39:02:141 014
19-07-18 at 16:39:02:142 114
19-07-18 at 16:39:02:142 014
19-07-18 at 16:39:02:142 114
19-07-18 at 16:39:02:142 014
19-07-18 at 16:39:02:143 114
19-07-18 at 16:39:02:143 014
19-07-18 at 16:39:02:143 114
19-07-18 at 16:39:02:143 014
19-07-18 at 16:39:02:144 114
19-07-18 at 16:39:02:144 014
19-07-18 at 16:39:02:144 114
19-07-18 at 16:39:02:144 014
19-07-18 at 16:39:02:144 114
19-07-18 at 16:39:02:145 014
19-07-18 at 16:39:02:145 114
19-07-18 at 16:39:02:145 014
19-07-18 at 16:39:02:145 114
19-07-18 at 16:39:02:146 014
19-07-18 at 16:39:02:146 114
19-07-18 at 16:39:02:146 014
19-07-18 at 16:39:02:146 114
19-07-18 at 16:39:02:146 014
19-07-18 at 16:39:02:152 114
19-07-18 at 16:39:02:152 014
19-07-18 at 16:39:02:152 101
19-07-18 at 16:39:02:153 001
19-07-18 at 16:39:02:153 total calculated
19-07-18 at 16:39:02:161 now show on display
19-07-18 at 16:39:02:161 RU25194 ТЕТРАДЬ 1  7Всего:          7.00
19-07-18 at 16:39:02:161 now clear port error ...
19-07-18 at 16:39:02:162 now write to port ...
19-07-18 at 16:39:02:312 ... done
19-07-18 at 16:39:02:962 114
19-07-18 at 16:39:02:962 014
19-07-18 at 16:39:02:962 114
19-07-18 at 16:39:02:962 014
19-07-18 at 16:39:02:964 total calculated
19-07-18 at 16:39:02:967 now show on display
19-07-18 at 16:39:02:968 RU25194 ТЕТРАДЬ 1  7Всего:          7.00
19-07-18 at 16:39:02:968 now clear port error ...
19-07-18 at 16:39:02:968 now write to port ...
19-07-18 at 16:39:03:102 ... done
19-07-18 at 16:39:03:102 114
19-07-18 at 16:39:03:102 014
19-07-18 at 16:39:03:102 114
19-07-18 at 16:39:03:103 014
19-07-18 at 16:39:03:103 114
19-07-18 at 16:39:03:103 014
19-07-18 at 16:39:03:103 114
19-07-18 at 16:39:03:104 014
19-07-18 at 16:39:03:104 114
19-07-18 at 16:39:03:104 014
19-07-18 at 16:39:03:104 114
19-07-18 at 16:39:03:105 014
19-07-18 at 16:39:03:105 114
19-07-18 at 16:39:03:105 014
19-07-18 at 16:39:03:105 114
19-07-18 at 16:39:03:105 014
19-07-18 at 16:39:03:106 114
19-07-18 at 16:39:03:106 014
19-07-18 at 16:39:03:106 114
19-07-18 at 16:39:03:106 014
19-07-18 at 16:39:03:107 114
19-07-18 at 16:39:03:107 014
19-07-18 at 16:39:03:107 114
19-07-18 at 16:39:03:107 014
19-07-18 at 16:39:03:107 114
19-07-18 at 16:39:03:108 014
19-07-18 at 16:39:03:113 114
19-07-18 at 16:39:03:113 014
19-07-18 at 16:39:03:113 101
19-07-18 at 16:39:03:113 001
19-07-18 at 16:39:03:114 total calculated
19-07-18 at 16:39:03:123 now show on display
19-07-18 at 16:39:03:123 * Обои Палитра   350Всего:        357.00
19-07-18 at 16:39:03:123 now clear port error ...
19-07-18 at 16:39:03:123 now write to port ...
19-07-18 at 16:39:03:273 ... done
19-07-18 at 16:39:09:114 114
19-07-18 at 16:39:09:114 014
19-07-18 at 16:39:09:370 114
19-07-18 at 16:39:09:371 014
19-07-18 at 16:39:09:474 114
19-07-18 at 16:39:09:475 014
19-07-18 at 16:39:10:114 114
19-07-18 at 16:39:10:114 014
19-07-18 at 16:39:10:642 114
19-07-18 at 16:39:10:643 014
19-07-18 at 16:39:11:642 114
19-07-18 at 16:39:11:642 014
19-07-18 at 16:39:11:643 102
19-07-18 at 16:39:11:643 002
19-07-18 at 16:39:11:644 total calculated
19-07-18 at 16:39:11:649 now show on display
19-07-18 at 16:39:11:649 * Обои Палит  350.50Всего:        357.50
19-07-18 at 16:39:11:650 now clear port error ...
19-07-18 at 16:39:11:650 now write to port ...
19-07-18 at 16:39:11:783 ... done
19-07-18 at 16:39:27:865  Нажата клавиша F10.
19-07-18 at 16:39:27:865 114
19-07-18 at 16:39:27:866 014
19-07-18 at 16:39:27:866 115
19-07-18 at 16:39:27:866 015
19-07-18 at 16:39:27:867 total calculated
19-07-18 at 16:39:27:871 now show on display
19-07-18 at 16:39:27:871 * Обои Палит  350.50Всего:        357.50
19-07-18 at 16:39:27:871 now clear port error ...
19-07-18 at 16:39:27:871 now write to port ...
19-07-18 at 16:39:28:005 ... done
19-07-18 at 16:39:28:054 now clear port error ...
19-07-18 at 16:39:28:054 now write to port ...
19-07-18 at 16:39:28:188 ... done
19-07-18 at 16:39:28:188 now clear port error ...
19-07-18 at 16:39:28:188 now write to port ...
19-07-18 at 16:39:28:360 ... done
19-07-18 at 16:39:38:485 now clear port error ...
19-07-18 at 16:39:38:485 now write to port ...
19-07-18 at 16:39:38:619 ... done
19-07-18 at 16:39:38:632 Send 05 
19-07-18 at 16:39:38:647 Recived 15 
19-07-18 at 16:39:38:647 Send 06 
19-07-18 at 16:39:38:662 Send 02 06 28 1E 00 00 00 00 30 
19-07-18 at 16:39:38:677 Recived 06 02 03 28 00 1E 35 
19-07-18 at 16:39:38:692 Send 06 
19-07-18 at 16:39:38:695 Вход в FRInit
19-07-18 at 16:39:38:695 Вход в GetStatus
19-07-18 at 16:39:38:707 Send 05 
19-07-18 at 16:39:38:722 Recived 15 
19-07-18 at 16:39:38:722 Send 06 
19-07-18 at 16:39:38:737 Send 02 05 11 1E 00 00 00 0A 
19-07-18 at 16:39:38:752 Recived 06 02 30 11 00 1E 43 31 1C B3 14 0C 11 01 EF 00 B2 02 02 00 00 4E 41 00 00 01 01 10 13 07 12 10 27 26 00 2E 5D 00 00 38 00 00 00 00 00 EF 95 10 42 01 00 DD 
19-07-18 at 16:39:38:767 Send 06 
19-07-18 at 16:39:38:770 KKMStatus 0000
19-07-18 at 16:39:38:782 Send 05 
19-07-18 at 16:39:38:797 Recived 15 
19-07-18 at 16:39:38:797 Send 06 
19-07-18 at 16:39:38:812 Send 02 06 8D 1E 00 00 00 00 95 
19-07-18 at 16:39:38:827 Recived 06 
19-07-18 at 16:39:38:842 Recived 02 03 8D 00 1E 90 
19-07-18 at 16:39:38:857 Send 06 
19-07-18 at 16:39:38:872 Send 05 
19-07-18 at 16:39:38:887 Recived 15 
19-07-18 at 16:39:38:887 Send 06 
19-07-18 at 16:39:38:902 Send 02 0A C2 1E 00 00 00 CA 6E 1B 85 15 F9 
19-07-18 at 16:39:38:917 Recived 06 02 03 C2 00 1E DF 
19-07-18 at 16:39:38:932 Send 06 
19-07-18 at 16:39:38:947 Send 05 
19-07-18 at 16:39:38:962 Recived 15 
19-07-18 at 16:39:38:962 Send 06 
19-07-18 at 16:39:38:977 Send 02 2E 17 1E 00 00 00 03 3D 3D 3D 3D 3D 3D 3D 3D 3D 3D 3D 3D 3D 3D 3D 3D 3D 3D 3D 3D 3D 3D 3D 3D 3D 3D 3D 3D 3D 3D 3D 3D 3D 3D 3D 3D 3D 3D 3D 3D 24 
19-07-18 at 16:39:38:996 Recived 06 02 03 17 00 1E 0A 
19-07-18 at 16:39:39:011 Send 06 
19-07-18 at 16:39:39:026 Send 05 
19-07-18 at 16:39:39:041 Recived 15 
19-07-18 at 16:39:39:041 Send 06 
19-07-18 at 16:39:39:056 Send 02 2E 17 1E 00 00 00 03 20 20 20 20 20 20 20 D7 C5 CA 20 30 32 2D 33 38 35 34 2D 31 38 30 37 2D 31 39 31 36 2D 33 39 33 38 00 00 00 00 00 00 00 F4 
19-07-18 at 16:39:39:075 Recived 06 02 03 17 00 1E 0A 
19-07-18 at 16:39:39:090 Send 06 
19-07-18 at 16:39:39:105 Send 05 
19-07-18 at 16:39:39:120 Recived 15 
19-07-18 at 16:39:39:120 Send 06 
19-07-18 at 16:39:39:135 Send 02 2E 17 1E 00 00 00 03 3D 3D 3D 3D 3D 3D 3D 3D 3D 3D 3D 3D 3D 3D 3D 3D 3D 3D 3D 3D 3D 3D 3D 3D 3D 3D 3D 3D 3D 3D 3D 3D 3D 3D 3D 3D 3D 3D 3D 3D 24 
19-07-18 at 16:39:39:154 Recived 06 02 03 17 00 1E 0A 
19-07-18 at 16:39:39:169 Send 06 
19-07-18 at 16:39:39:184 Send 05 
19-07-18 at 16:39:39:199 Recived 15 
19-07-18 at 16:39:39:199 Send 06 
19-07-18 at 16:39:39:214 Send 02 3C 80 1E 00 00 00 E8 03 00 00 00 BC 02 00 00 00 00 02 00 00 00 2F 2F 32 38 35 36 30 32 38 30 34 31 34 31 20 52 55 32 35 31 39 34 20 D2 C5 D2 D0 C0 C4 DC 20 31 32 20 CB 2E 2C 20 CA 00 27 
19-07-18 at 16:39:39:233 Recived 06 02 03 80 00 1E 9D 
19-07-18 at 16:39:39:248 Send 06 
19-07-18 at 16:39:39:263 Send 05 
19-07-18 at 16:39:39:278 Recived 15 
19-07-18 at 16:39:39:278 Send 06 
19-07-18 at 16:39:39:293 Send 02 3C 80 1E 00 00 00 E8 03 00 00 00 EA 88 00 00 00 00 01 00 00 00 2F 2F 32 38 30 37 31 30 33 30 32 30 31 38 20 2A 20 CE E1 EE E8 20 CF E0 EB E8 F2 F0 E0 20 36 30 36 33 2D 32 38 20 20 00 C7 
19-07-18 at 16:39:39:312 Recived 06 02 03 80 00 1E 9D 
19-07-18 at 16:39:39:327 Send 06 
19-07-18 at 16:39:39:342 Send 05 
19-07-18 at 16:39:39:357 Recived 15 
19-07-18 at 16:39:39:357 Send 06 
19-07-18 at 16:39:39:372 Send 02 2E 17 1E 00 00 00 03 32 38 35 36 30 32 38 30 34 31 34 31 20 52 55 32 35 31 39 34 20 D2 C5 D2 D0 C0 C4 DC 20 31 32 20 CB 2E 2C 20 00 00 00 00 3C 
19-07-18 at 16:39:39:391 Recived 06 02 03 17 00 1E 0A 
19-07-18 at 16:39:39:406 Send 06 
19-07-18 at 16:39:39:421 Send 05 
19-07-18 at 16:39:39:436 Recived 15 
19-07-18 at 16:39:39:436 Send 06 
19-07-18 at 16:39:39:451 Send 02 2E 17 1E 00 00 00 03 CA CB 2E 20 CF CE CB 2E 20 4D 49 43 4B 45 59 20 46 4F 4F 54 42 41 4C 4C 20 2F 32 35 2F 33 30 30 2F 20 20 20 28 F8 F2 29 DE 
19-07-18 at 16:39:39:470 Recived 06 02 03 17 00 1E 0A 
19-07-18 at 16:39:39:485 Send 06 
19-07-18 at 16:39:39:500 Send 05 
19-07-18 at 16:39:39:515 Recived 15 
19-07-18 at 16:39:39:515 Send 06 
19-07-18 at 16:39:39:530 Send 02 2E 17 1E 00 00 00 03 20 20 20 20 20 20 20 20 20 20 20 20 20 20 20 20 20 20 20 20 20 20 20 20 20 20 20 20 31 2E 30 30 30 20 58 20 37 2E 30 30 4A 
19-07-18 at 16:39:39:549 Recived 06 02 03 17 00 1E 0A 
19-07-18 at 16:39:39:564 Send 06 
19-07-18 at 16:39:39:579 Send 05 
19-07-18 at 16:39:39:594 Recived 15 
19-07-18 at 16:39:39:594 Send 06 
19-07-18 at 16:39:39:609 Send 02 2E 17 1E 00 00 00 03 D1 F3 EC EC E0 2C E2 20 F2 2E F7 2E CD C4 D1 20 31 30 25 20 20 20 20 20 20 20 20 20 20 20 20 20 20 20 3D 20 37 2E 30 30 F5 
19-07-18 at 16:39:39:628 Recived 06 02 03 17 00 1E 0A 
19-07-18 at 16:39:39:643 Send 06 
19-07-18 at 16:39:39:658 Send 05 
19-07-18 at 16:39:39:673 Recived 15 
19-07-18 at 16:39:39:673 Send 06 
19-07-18 at 16:39:39:688 Send 02 2E 17 1E 00 00 00 03 32 38 30 37 31 30 33 30 32 30 31 38 20 2A 20 CE E1 EE E8 20 CF E0 EB E8 F2 F0 E0 20 36 30 36 33 2D 32 38 20 00 00 00 00 E9 
19-07-18 at 16:39:39:707 Recived 06 02 03 17 00 1E 0A 
19-07-18 at 16:39:39:722 Send 06 
19-07-18 at 16:39:39:737 Send 05 
19-07-18 at 16:39:39:752 Recived 15 
19-07-18 at 16:39:39:752 Send 06 
19-07-18 at 16:39:39:767 Send 02 2E 17 1E 00 00 00 03 F5 31 32 20 E2 E8 ED E8 EB 20 30 2C 35 33 2A 31 30 2C 30 35 EC 20 20 20 20 20 20 20 20 20 20 20 20 20 20 20 28 F8 F2 29 E9 
19-07-18 at 16:39:39:786 Recived 06 02 03 17 00 1E 0A 
19-07-18 at 16:39:39:801 Send 06 
19-07-18 at 16:39:39:816 Send 05 
19-07-18 at 16:39:39:831 Recived 15 
19-07-18 at 16:39:39:831 Send 06 
19-07-18 at 16:39:39:846 Send 02 2E 17 1E 00 00 00 03 20 20 20 20 20 20 20 20 20 20 20 20 20 20 20 20 20 20 20 20 20 20 20 20 20 20 31 2E 30 30 30 20 58 20 33 35 30 2E 35 30 4E 
19-07-18 at 16:39:39:865 Recived 06 02 03 17 00 1E 0A 
19-07-18 at 16:39:39:880 Send 06 
19-07-18 at 16:39:39:895 Send 05 
19-07-18 at 16:39:39:910 Recived 15 
19-07-18 at 16:39:39:910 Send 06 
19-07-18 at 16:39:39:925 Send 02 2E 17 1E 00 00 00 03 D1 F3 EC EC E0 2C E2 20 F2 2E F7 2E CD C4 D1 20 31 38 25 20 20 20 20 20 20 20 20 20 20 20 20 20 3D 20 33 35 30 2E 35 30 F9 
19-07-18 at 16:39:39:944 Recived 06 02 03 17 00 1E 0A 
19-07-18 at 16:39:39:959 Send 06 
19-07-18 at 16:39:39:974 Send 05 
19-07-18 at 16:39:39:989 Recived 15 
19-07-18 at 16:39:39:989 Send 06 
19-07-18 at 16:39:40:004 Send 02 2E 17 1E 00 00 00 03 3D 3D 3D 3D 3D 3D 3D 3D 3D 3D 3D 3D 3D 3D 3D 3D 3D 3D 3D 3D 3D 3D 3D 3D 3D 3D 3D 3D 3D 3D 3D 3D 3D 3D 3D 3D 3D 3D 3D 3D 24 
19-07-18 at 16:39:40:023 Recived 06 02 03 17 00 1E 0A 
19-07-18 at 16:39:40:038 Send 06 
19-07-18 at 16:39:40:053 Send 05 
19-07-18 at 16:39:40:068 Recived 15 
19-07-18 at 16:39:40:068 Send 06 
19-07-18 at 16:39:40:083 Send 02 2E 17 1E 00 00 00 03 20 00 00 00 00 00 00 00 00 00 00 00 00 00 00 00 00 00 00 00 00 00 00 00 00 00 00 00 00 00 00 00 00 00 00 00 00 00 00 00 04 
19-07-18 at 16:39:40:102 Recived 06 02 03 17 00 1E 0A 
19-07-18 at 16:39:40:117 Send 06 
19-07-18 at 16:39:40:132 Send 05 
19-07-18 at 16:39:40:147 Recived 15 
19-07-18 at 16:39:40:147 Send 06 
19-07-18 at 16:39:40:162 Send 02 2E 17 1E 00 00 00 03 20 20 20 20 CE EF EB E0 F2 E0 20 EF F0 E8 ED FF F2 E0 20 F1 20 E1 EB E0 E3 EE E4 E0 F0 ED EE F1 F2 FC FE 00 00 00 00 00 2B 
19-07-18 at 16:39:40:181 Recived 06 02 03 17 00 1E 0A 
19-07-18 at 16:39:40:196 Send 06 
19-07-18 at 16:39:40:211 Send 05 
19-07-18 at 16:39:40:226 Recived 15 
19-07-18 at 16:39:40:226 Send 06 
19-07-18 at 16:39:40:241 Send 02 2E 17 1E 00 00 00 03 20 20 C6 E4 E5 EC 20 E2 E0 F1 20 E5 E6 E5 E4 ED E5 E2 ED EE 20 F1 20 39 2E 30 30 20 E4 EE 20 32 32 2E 30 30 00 00 00 00 D5 
19-07-18 at 16:39:40:260 Recived 06 02 03 17 00 1E 0A 
19-07-18 at 16:39:40:275 Send 06 
19-07-18 at 16:39:40:290 Send 05 
19-07-18 at 16:39:40:305 Recived 15 
19-07-18 at 16:39:40:305 Send 06 
19-07-18 at 16:39:40:320 Send 02 2E 17 1E 00 00 00 03 20 20 20 20 EF EE 20 E0 E4 F0 E5 F1 F3 3A 36 33 30 30 32 37 2C E3 2E CD EE E2 EE F1 E8 E1 E8 F0 F1 EA 2C 00 00 00 00 00 35 
19-07-18 at 16:39:40:339 Recived 06 02 03 17 00 1E 0A 
19-07-18 at 16:39:40:354 Send 06 
19-07-18 at 16:39:40:369 Send 05 
19-07-18 at 16:39:40:384 Recived 15 
19-07-18 at 16:39:40:384 Send 06 
19-07-18 at 16:39:40:399 Send 02 2E 17 1E 00 00 00 03 F3 EB 2E D2 EE EB EC E0 F7 E5 E2 F1 EA E0 FF 2C 20 31 39 E0 20 EA 2E 32 2C 20 F2 E5 EB 2E 3A 33 36 33 2D 30 35 2D 30 35 DD 
19-07-18 at 16:39:40:418 Recived 06 02 03 17 00 1E 0A 
19-07-18 at 16:39:40:433 Send 06 
19-07-18 at 16:39:40:448 Send 05 
19-07-18 at 16:39:40:463 Recived 15 
19-07-18 at 16:39:40:463 Send 06 
19-07-18 at 16:39:40:478 Send 02 47 85 1E 00 00 00 74 8B 00 00 00 00 00 00 00 00 00 00 00 00 00 00 00 00 00 00 32 00 00 00 00 00 20 00 00 00 00 00 00 00 00 00 00 00 00 00 00 00 00 00 00 00 00 00 00 00 00 00 00 00 00 00 00 00 00 00 00 00 00 00 00 00 31 
19-07-18 at 16:39:40:499 Recived 06 
19-07-18 at 16:39:40:664 Recived 02 08 85 00 1E 00 00 00 00 00 93 
19-07-18 at 16:39:40:679 Send 06 
19-07-18 at 16:39:40:680 WAIT_OBJECT_0
19-07-18 at 16:39:40:696 WritePresent
19-07-18 at 16:39:40:697 UpdateCentralCounts
19-07-18 at 16:39:40:919 UpdateCentralCounts
19-07-18 at 16:39:40:919 ActivateGiftCards(PresentGrid)
19-07-18 at 16:39:40:919 ActivateGiftCards(Grid)
19-07-18 at 16:39:40:919 GiftCardDoPayments
19-07-18 at 16:39:40:920 GiftCardClearPayments
19-07-18 at 16:39:40:920 Попытка очистки таблицы
19-07-18 at 16:39:40:920 Попытка очистки успешна
19-07-18 at 16:39:40:920 Попытка очистки таблицы
19-07-18 at 16:39:40:920 Попытка очистки успешна
19-07-18 at 16:39:40:921 total calculated
19-07-18 at 16:39:40:921 now show on display
19-07-18 at 16:39:40:921                     Всего:          0.00
19-07-18 at 16:39:40:921 now clear port error ...
19-07-18 at 16:39:40:921 now write to port ...
19-07-18 at 16:39:41:055 ... done
19-07-18 at 16:39:41:055 now clear port error ...
19-07-18 at 16:39:41:055 now write to port ...
19-07-18 at 16:39:41:227 ... done
19-07-18 at 16:39:41:228 116
19-07-18 at 16:39:41:228 016
19-07-18 at 16:40:02:932 114
19-07-18 at 16:40:02:932 014
19-07-18 at 16:40:02:932 114
19-07-18 at 16:40:02:933 014
19-07-18 at 16:40:02:933 Попытка очистки таблицы
19-07-18 at 16:40:02:933 Попытка очистки успешна
19-07-18 at 16:40:02:934 total calculated
19-07-18 at 16:40:02:934 now show on display
19-07-18 at 16:40:02:934                     Всего:          0.00
19-07-18 at 16:40:02:934 now clear port error ...
19-07-18 at 16:40:02:935 now write to port ...
19-07-18 at 16:40:03:068 ... done
19-07-18 at 16:40:03:069 114
19-07-18 at 16:40:03:069 014
19-07-18 at 16:40:03:069 114
19-07-18 at 16:40:03:069 014
19-07-18 at 16:40:03:070 114
19-07-18 at 16:40:03:070 014
19-07-18 at 16:40:03:070 114
19-07-18 at 16:40:03:070 014
19-07-18 at 16:40:03:071 114
19-07-18 at 16:40:03:071 014
19-07-18 at 16:40:03:071 114
19-07-18 at 16:40:03:071 014
19-07-18 at 16:40:03:071 114
19-07-18 at 16:40:03:072 014
19-07-18 at 16:40:03:072 114
19-07-18 at 16:40:03:072 014
19-07-18 at 16:40:03:072 114
19-07-18 at 16:40:03:073 014
19-07-18 at 16:40:03:073 114
19-07-18 at 16:40:03:073 014
19-07-18 at 16:40:03:073 114
19-07-18 at 16:40:03:073 014
19-07-18 at 16:40:03:074 114
19-07-18 at 16:40:03:074 014
19-07-18 at 16:40:03:074 114
19-07-18 at 16:40:03:074 014
19-07-18 at 16:40:03:080 114
19-07-18 at 16:40:03:081 014
19-07-18 at 16:40:03:081 101
19-07-18 at 16:40:03:081 001
19-07-18 at 16:40:03:082 total calculated
19-07-18 at 16:40:03:089 now show on display
19-07-18 at 16:40:03:089 RU25194 ТЕТРАДЬ 1  7Всего:          7.00
19-07-18 at 16:40:03:089 now clear port error ...
19-07-18 at 16:40:03:090 now write to port ...
19-07-18 at 16:40:03:240 ... done
19-07-18 at 16:40:06:510 114
19-07-18 at 16:40:06:511 014
19-07-18 at 16:40:06:775 114
19-07-18 at 16:40:06:775 014
19-07-18 at 16:40:06:975 114
19-07-18 at 16:40:06:975 014
19-07-18 at 16:40:07:414 114
19-07-18 at 16:40:07:415 014
19-07-18 at 16:40:07:415 102
19-07-18 at 16:40:07:416 002
19-07-18 at 16:40:07:416 total calculated
19-07-18 at 16:40:07:422 now show on display
19-07-18 at 16:40:07:422 RU25194 ТЕТРАД  7.20Всего:          7.20
19-07-18 at 16:40:07:422 now clear port error ...
19-07-18 at 16:40:07:422 now write to port ...
19-07-18 at 16:40:07:556 ... done
19-07-18 at 16:40:10:838  Нажата клавиша F10.
19-07-18 at 16:40:10:839 114
19-07-18 at 16:40:10:839 014
19-07-18 at 16:40:10:839 115
19-07-18 at 16:40:10:839 015
19-07-18 at 16:40:10:841 total calculated
19-07-18 at 16:40:10:844 now show on display
19-07-18 at 16:40:10:844 RU25194 ТЕТРАД  7.20Всего:          7.20
19-07-18 at 16:40:10:845 now clear port error ...
19-07-18 at 16:40:10:845 now write to port ...
19-07-18 at 16:40:10:978 ... done
19-07-18 at 16:40:11:004 now clear port error ...
19-07-18 at 16:40:11:004 now write to port ...
19-07-18 at 16:40:11:150 ... done
19-07-18 at 16:40:11:151 now clear port error ...
19-07-18 at 16:40:11:151 now write to port ...
19-07-18 at 16:40:11:322 ... done
19-07-18 at 16:40:17:833 now clear port error ...
19-07-18 at 16:40:17:833 now write to port ...
19-07-18 at 16:40:17:967 ... done
19-07-18 at 16:40:17:981 Send 05 
19-07-18 at 16:40:17:996 Recived 15 
19-07-18 at 16:40:17:996 Send 06 
19-07-18 at 16:40:18:011 Send 02 06 28 1E 00 00 00 00 30 
19-07-18 at 16:40:18:026 Recived 06 02 03 28 00 1E 35 
19-07-18 at 16:40:18:041 Send 06 
19-07-18 at 16:40:18:043 Вход в FRInit
19-07-18 at 16:40:18:043 Вход в GetStatus
19-07-18 at 16:40:18:056 Send 05 
19-07-18 at 16:40:18:071 Recived 15 
19-07-18 at 16:40:18:071 Send 06 
19-07-18 at 16:40:18:086 Send 02 05 11 1E 00 00 00 0A 
19-07-18 at 16:40:18:101 Recived 06 02 30 11 00 1E 43 31 1C B3 14 0C 11 01 F0 00 B2 02 02 00 00 4E 41 00 00 01 01 10 13 07 12 10 28 11 00 2E 5D 00 00 38 00 00 00 00 00 EF 95 10 42 01 00 FA 
19-07-18 at 16:40:18:116 Send 06 
19-07-18 at 16:40:18:118 KKMStatus 0000
19-07-18 at 16:40:18:131 Send 05 
19-07-18 at 16:40:18:146 Recived 15 
19-07-18 at 16:40:18:146 Send 06 
19-07-18 at 16:40:18:161 Send 02 06 8D 1E 00 00 00 00 95 
19-07-18 at 16:40:18:176 Recived 06 
19-07-18 at 16:40:18:191 Recived 02 03 8D 00 1E 90 
19-07-18 at 16:40:18:206 Send 06 
19-07-18 at 16:40:18:221 Send 05 
19-07-18 at 16:40:18:236 Recived 15 
19-07-18 at 16:40:18:236 Send 06 
19-07-18 at 16:40:18:251 Send 02 0A C2 1E 00 00 00 F2 6E 1B 85 15 C1 
19-07-18 at 16:40:18:266 Recived 06 02 03 C2 00 1E DF 
19-07-18 at 16:40:18:281 Send 06 
19-07-18 at 16:40:18:296 Send 05 
19-07-18 at 16:40:18:311 Recived 15 
19-07-18 at 16:40:18:311 Send 06 
19-07-18 at 16:40:18:326 Send 02 2E 17 1E 00 00 00 03 3D 3D 3D 3D 3D 3D 3D 3D 3D 3D 3D 3D 3D 3D 3D 3D 3D 3D 3D 3D 3D 3D 3D 3D 3D 3D 3D 3D 3D 3D 3D 3D 3D 3D 3D 3D 3D 3D 3D 3D 24 
19-07-18 at 16:40:18:345 Recived 06 02 03 17 00 1E 0A 
19-07-18 at 16:40:18:360 Send 06 
19-07-18 at 16:40:18:375 Send 05 
19-07-18 at 16:40:18:390 Recived 15 
19-07-18 at 16:40:18:390 Send 06 
19-07-18 at 16:40:18:405 Send 02 2E 17 1E 00 00 00 03 20 20 20 20 20 20 20 D7 C5 CA 20 30 32 2D 33 38 35 34 2D 31 38 30 37 2D 31 39 31 36 2D 34 30 31 38 00 00 00 00 00 00 00 F8 
19-07-18 at 16:40:18:424 Recived 06 02 03 17 00 1E 0A 
19-07-18 at 16:40:18:439 Send 06 
19-07-18 at 16:40:18:454 Send 05 
19-07-18 at 16:40:18:469 Recived 15 
19-07-18 at 16:40:18:469 Send 06 
19-07-18 at 16:40:18:484 Send 02 2E 17 1E 00 00 00 03 3D 3D 3D 3D 3D 3D 3D 3D 3D 3D 3D 3D 3D 3D 3D 3D 3D 3D 3D 3D 3D 3D 3D 3D 3D 3D 3D 3D 3D 3D 3D 3D 3D 3D 3D 3D 3D 3D 3D 3D 24 
19-07-18 at 16:40:18:503 Recived 06 02 03 17 00 1E 0A 
19-07-18 at 16:40:18:518 Send 06 
19-07-18 at 16:40:18:533 Send 05 
19-07-18 at 16:40:18:548 Recived 15 
19-07-18 at 16:40:18:548 Send 06 
19-07-18 at 16:40:18:563 Send 02 3C 80 1E 00 00 00 E8 03 00 00 00 D0 02 00 00 00 00 02 00 00 00 2F 2F 32 38 35 36 30 32 38 30 34 31 34 31 20 52 55 32 35 31 39 34 20 D2 C5 D2 D0 C0 C4 DC 20 31 32 20 CB 2E 2C 20 CA 00 4B 
19-07-18 at 16:40:18:582 Recived 06 02 03 80 00 1E 9D 
19-07-18 at 16:40:18:597 Send 06 
19-07-18 at 16:40:18:612 Send 05 
19-07-18 at 16:40:18:627 Recived 15 
19-07-18 at 16:40:18:627 Send 06 
19-07-18 at 16:40:18:642 Send 02 2E 17 1E 00 00 00 03 32 38 35 36 30 32 38 30 34 31 34 31 20 52 55 32 35 31 39 34 20 D2 C5 D2 D0 C0 C4 DC 20 31 32 20 CB 2E 2C 20 00 00 00 00 3C 
19-07-18 at 16:40:18:661 Recived 06 02 03 17 00 1E 0A 
19-07-18 at 16:40:18:676 Send 06 
19-07-18 at 16:40:18:691 Send 05 
19-07-18 at 16:40:18:706 Recived 15 
19-07-18 at 16:40:18:706 Send 06 
19-07-18 at 16:40:18:721 Send 02 2E 17 1E 00 00 00 03 CA CB 2E 20 CF CE CB 2E 20 4D 49 43 4B 45 59 20 46 4F 4F 54 42 41 4C 4C 20 2F 32 35 2F 33 30 30 2F 20 20 20 28 F8 F2 29 DE 
19-07-18 at 16:40:18:740 Recived 06 02 03 17 00 1E 0A 
19-07-18 at 16:40:18:755 Send 06 
19-07-18 at 16:40:18:770 Send 05 
19-07-18 at 16:40:18:785 Recived 15 
19-07-18 at 16:40:18:785 Send 06 
19-07-18 at 16:40:18:800 Send 02 2E 17 1E 00 00 00 03 20 20 20 20 20 20 20 20 20 20 20 20 20 20 20 20 20 20 20 20 20 20 20 20 20 20 20 20 31 2E 30 30 30 20 58 20 37 2E 32 30 48 
19-07-18 at 16:40:18:819 Recived 06 02 03 17 00 1E 0A 
19-07-18 at 16:40:18:834 Send 06 
19-07-18 at 16:40:18:849 Send 05 
19-07-18 at 16:40:18:864 Recived 15 
19-07-18 at 16:40:18:864 Send 06 
19-07-18 at 16:40:18:879 Send 02 2E 17 1E 00 00 00 03 D1 F3 EC EC E0 2C E2 20 F2 2E F7 2E CD C4 D1 20 31 30 25 20 20 20 20 20 20 20 20 20 20 20 20 20 20 20 3D 20 37 2E 32 30 F7 
19-07-18 at 16:40:18:898 Recived 06 02 03 17 00 1E 0A 
19-07-18 at 16:40:18:913 Send 06 
19-07-18 at 16:40:18:928 Send 05 
19-07-18 at 16:40:18:943 Recived 15 
19-07-18 at 16:40:18:943 Send 06 
19-07-18 at 16:40:18:958 Send 02 2E 17 1E 00 00 00 03 3D 3D 3D 3D 3D 3D 3D 3D 3D 3D 3D 3D 3D 3D 3D 3D 3D 3D 3D 3D 3D 3D 3D 3D 3D 3D 3D 3D 3D 3D 3D 3D 3D 3D 3D 3D 3D 3D 3D 3D 24 
19-07-18 at 16:40:18:977 Recived 06 02 03 17 00 1E 0A 
19-07-18 at 16:40:18:992 Send 06 
19-07-18 at 16:40:19:007 Send 05 
19-07-18 at 16:40:19:022 Recived 15 
19-07-18 at 16:40:19:022 Send 06 
19-07-18 at 16:40:19:037 Send 02 2E 17 1E 00 00 00 03 20 00 00 00 00 00 00 00 00 00 00 00 00 00 00 00 00 00 00 00 00 00 00 00 00 00 00 00 00 00 00 00 00 00 00 00 00 00 00 00 04 
19-07-18 at 16:40:19:056 Recived 06 02 03 17 00 1E 0A 
19-07-18 at 16:40:19:071 Send 06 
19-07-18 at 16:40:19:086 Send 05 
19-07-18 at 16:40:19:101 Recived 15 
19-07-18 at 16:40:19:101 Send 06 
19-07-18 at 16:40:19:116 Send 02 2E 17 1E 00 00 00 03 20 20 20 20 CE EF EB E0 F2 E0 20 EF F0 E8 ED FF F2 E0 20 F1 20 E1 EB E0 E3 EE E4 E0 F0 ED EE F1 F2 FC FE 00 00 00 00 00 2B 
19-07-18 at 16:40:19:135 Recived 06 02 03 17 00 1E 0A 
19-07-18 at 16:40:19:150 Send 06 
19-07-18 at 16:40:19:165 Send 05 
19-07-18 at 16:40:19:180 Recived 15 
19-07-18 at 16:40:19:180 Send 06 
19-07-18 at 16:40:19:195 Send 02 2E 17 1E 00 00 00 03 20 20 C6 E4 E5 EC 20 E2 E0 F1 20 E5 E6 E5 E4 ED E5 E2 ED EE 20 F1 20 39 2E 30 30 20 E4 EE 20 32 32 2E 30 30 00 00 00 00 D5 
19-07-18 at 16:40:19:214 Recived 06 02 03 17 00 1E 0A 
19-07-18 at 16:40:19:229 Send 06 
19-07-18 at 16:40:19:244 Send 05 
19-07-18 at 16:40:19:259 Recived 15 
19-07-18 at 16:40:19:259 Send 06 
19-07-18 at 16:40:19:274 Send 02 2E 17 1E 00 00 00 03 20 20 20 20 EF EE 20 E0 E4 F0 E5 F1 F3 3A 36 33 30 30 32 37 2C E3 2E CD EE E2 EE F1 E8 E1 E8 F0 F1 EA 2C 00 00 00 00 00 35 
19-07-18 at 16:40:19:293 Recived 06 02 03 17 00 1E 0A 
19-07-18 at 16:40:19:308 Send 06 
19-07-18 at 16:40:19:323 Send 05 
19-07-18 at 16:40:19:338 Recived 15 
19-07-18 at 16:40:19:338 Send 06 
19-07-18 at 16:40:19:353 Send 02 2E 17 1E 00 00 00 03 F3 EB 2E D2 EE EB EC E0 F7 E5 E2 F1 EA E0 FF 2C 20 31 39 E0 20 EA 2E 32 2C 20 F2 E5 EB 2E 3A 33 36 33 2D 30 35 2D 30 35 DD 
19-07-18 at 16:40:19:372 Recived 06 02 03 17 00 1E 0A 
19-07-18 at 16:40:19:387 Send 06 
19-07-18 at 16:40:19:402 Send 05 
19-07-18 at 16:40:19:417 Recived 15 
19-07-18 at 16:40:19:417 Send 06 
19-07-18 at 16:40:19:432 Send 02 47 85 1E 00 00 00 BC 02 00 00 00 00 00 00 00 00 00 00 00 00 00 00 00 00 00 00 14 00 00 00 00 00 20 00 00 00 00 00 00 00 00 00 00 00 00 00 00 00 00 00 00 00 00 00 00 00 00 00 00 00 00 00 00 00 00 00 00 00 00 00 00 00 56 
19-07-18 at 16:40:19:453 Recived 06 
19-07-18 at 16:40:19:588 Recived 02 08 85 00 1E 00 00 00 00 00 93 
19-07-18 at 16:40:19:603 Send 06 
19-07-18 at 16:40:19:613 WAIT_OBJECT_0
19-07-18 at 16:40:19:628 WritePresent
19-07-18 at 16:40:19:628 UpdateCentralCounts
19-07-18 at 16:40:19:713 UpdateCentralCounts
19-07-18 at 16:40:19:713 ActivateGiftCards(PresentGrid)
19-07-18 at 16:40:19:714 ActivateGiftCards(Grid)
19-07-18 at 16:40:19:714 GiftCardDoPayments
19-07-18 at 16:40:19:714 GiftCardClearPayments
19-07-18 at 16:40:19:714 Попытка очистки таблицы
19-07-18 at 16:40:19:714 Попытка очистки успешна
19-07-18 at 16:40:19:714 Попытка очистки таблицы
19-07-18 at 16:40:19:714 Попытка очистки успешна
19-07-18 at 16:40:19:714 total calculated
19-07-18 at 16:40:19:715 now show on display
19-07-18 at 16:40:19:715                     Всего:          0.00
19-07-18 at 16:40:19:715 now clear port error ...
19-07-18 at 16:40:19:715 now write to port ...
19-07-18 at 16:40:19:849 ... done
19-07-18 at 16:40:19:849 now clear port error ...
19-07-18 at 16:40:19:849 now write to port ...
19-07-18 at 16:40:20:020 ... done
19-07-18 at 16:40:20:022 116
19-07-18 at 16:40:20:022 016
19-07-18 at 16:40:22:033 Send 05 
19-07-18 at 16:40:22:048 Recived 15 
19-07-18 at 16:40:22:048 Send 06 
19-07-18 at 16:40:22:063 Send 02 06 FF 39 1E 00 00 00 DE 
19-07-18 at 16:40:22:078 Recived 06 
19-07-18 at 16:40:22:273 Recived 02 10 FF 39 00 01 00 00 00 00 00 00 00 00 00 00 00 00 D7 
19-07-18 at 16:40:22:288 Send 06 
19-07-18 at 16:42:23:428 Send 05 
19-07-18 at 16:42:23:443 Recived 15 
19-07-18 at 16:42:23:443 Send 06 
19-07-18 at 16:42:23:458 Send 02 06 FF 39 1E 00 00 00 DE 
19-07-18 at 16:42:23:473 Recived 06 02 10 FF 39 00 00 00 00 00 00 00 00 00 00 00 00 00 00 D6 
19-07-18 at 16:42:23:488 Send 06 
19-07-18 at 16:44:24:613 Send 05 
19-07-18 at 16:44:24:628 Recived 15 
19-07-18 at 16:44:24:628 Send 06 
19-07-18 at 16:44:24:643 Send 02 06 FF 39 1E 00 00 00 DE 
19-07-18 at 16:44:24:658 Recived 06 02 10 FF 39 00 00 00 00 00 00 00 00 00 00 00 00 00 00 D6 
19-07-18 at 16:44:24:673 Send 06 
19-07-18 at 16:45:47:753 total calculated
19-07-18 at 16:45:47:753 now show on display
19-07-18 at 16:45:47:754                     Всего:          0.00
19-07-18 at 16:45:47:754 now clear port error ...
19-07-18 at 16:45:47:754 now write to port ...
19-07-18 at 16:45:47:888 ... done
19-07-18 at 16:45:47:888 total calculated
19-07-18 at 16:45:47:888 now show on display
19-07-18 at 16:45:47:888                     Всего:          0.00
19-07-18 at 16:45:47:889 now clear port error ...
19-07-18 at 16:45:47:889 now write to port ...
19-07-18 at 16:45:48:059 ... done
19-07-18 at 16:45:48:061 111
19-07-18 at 16:45:48:061 Выход из программы
19-07-18 at 16:48:01:808 Запуск программы. Инициализация считана из файла
19-07-18 at 16:48:01:808 Чек загружен.
19-07-18 at 16:48:01:809 total calculated
19-07-18 at 16:48:01:809 now show on display
19-07-18 at 16:48:01:809                     Всего:          0.00
19-07-18 at 16:48:01:809 now open port for display
19-07-18 at 16:48:01:810 Com port opened
19-07-18 at 16:48:01:810 now clear port error ...
19-07-18 at 16:48:01:810 now write to port ...
19-07-18 at 16:48:01:944 ... done
19-07-18 at 16:48:01:944 Чек сжат
19-07-18 at 16:48:01:944 Сумма чека посчитана
19-07-18 at 16:48:01:945 Кардридер создан
19-07-18 at 16:48:01:945 Задание запуска модулей создано
19-07-18 at 16:48:01:945 Сканер создан
19-07-18 at 16:48:01:945 Регистратор создан
19-07-18 at 16:48:01:946 Часы созданы
19-07-18 at 16:48:01:946 Регистратор запущен
19-07-18 at 16:48:01:946 Сканер запущен
19-07-18 at 16:48:01:946 Часы запущены
19-07-18 at 16:48:01:946 Кардридер запущен
19-07-18 at 16:48:01:947 Передача данных запущена
19-07-18 at 16:48:01:947 Вход в FRInit
19-07-18 at 16:48:01:948 Вход в GetStatus
19-07-18 at 16:48:01:962 Send 05 
19-07-18 at 16:48:01:977 Recived 15 
19-07-18 at 16:48:01:977 Send 06 
19-07-18 at 16:48:01:992 Send 02 05 11 1E 00 00 00 0A 
19-07-18 at 16:48:02:007 Recived 06 02 30 11 00 1E 43 31 1C B3 14 0C 11 01 F1 00 B2 02 02 00 00 4E 41 00 00 01 01 10 13 07 12 10 30 01 00 2E 5D 00 00 38 00 00 00 00 00 EF 95 10 42 01 00 F3 
19-07-18 at 16:48:02:022 Send 06 
19-07-18 at 16:48:02:025 KKMStatus 0000
19-07-18 at 16:48:02:037 Send 05 
19-07-18 at 16:48:02:052 Recived 15 
19-07-18 at 16:48:02:052 Send 06 
19-07-18 at 16:48:02:067 Send 02 05 11 1E 00 00 00 0A 
19-07-18 at 16:48:02:082 Recived 06 02 30 11 00 1E 43 31 1C B3 14 0C 11 01 F1 00 B2 02 02 00 00 4E 41 00 00 01 01 10 13 07 12 10 30 01 00 2E 5D 00 00 38 00 00 00 00 00 EF 95 10 42 01 00 F3 
19-07-18 at 16:48:02:097 Send 06 
19-07-18 at 16:48:02:100 KKMStatus 0200
19-07-18 at 16:48:02:100 Номер ФР считан
19-07-18 at 16:48:02:289 СУБД подключена
19-07-18 at 16:48:02:303 Send 05 
19-07-18 at 16:48:02:318 Recived 15 
19-07-18 at 16:48:02:318 Send 06 
19-07-18 at 16:48:02:333 Send 02 17 1E 1E 00 00 00 05 03 00 01 CA 41 D0 D2 CE C9 20 56 49 53 41 2F 4D 43 92 
19-07-18 at 16:48:02:349 Recived 06 02 02 1E 00 1C 
19-07-18 at 16:48:02:364 Send 06 
19-07-18 at 16:48:02:379 Send 05 
19-07-18 at 16:48:02:394 Recived 15 
19-07-18 at 16:48:02:394 Send 06 
19-07-18 at 16:48:02:409 Send 02 18 1E 1E 00 00 00 05 04 00 01 C4 D0 D3 C3 C8 CC C8 20 CA C0 D0 D2 C0 CC C8 3C 
19-07-18 at 16:48:02:425 Recived 06 02 02 1E 00 1C 
19-07-18 at 16:48:02:440 Send 06 
19-07-18 at 16:48:02:455 Send 05 
19-07-18 at 16:48:02:470 Recived 15 
19-07-18 at 16:48:02:470 Send 06 
19-07-18 at 16:48:02:485 Send 02 0A 1E 1E 00 00 00 01 01 00 01 01 0A 
19-07-18 at 16:48:02:500 Recived 06 02 02 1E 00 1C 
19-07-18 at 16:48:02:515 Send 06 
19-07-18 at 16:48:02:530 Send 05 
19-07-18 at 16:48:02:545 Recived 15 
19-07-18 at 16:48:02:545 Send 06 
19-07-18 at 16:48:02:560 Send 02 0A 1E 1E 00 00 00 01 01 00 05 02 0D 
19-07-18 at 16:48:02:575 Recived 06 02 02 1E 00 1C 
19-07-18 at 16:48:02:590 Send 06 
19-07-18 at 16:48:02:605 Send 05 
19-07-18 at 16:48:02:620 Recived 15 
19-07-18 at 16:48:02:620 Send 06 
19-07-18 at 16:48:02:635 Send 02 0A 1E 1E 00 00 00 01 01 00 23 01 28 
19-07-18 at 16:48:02:650 Recived 06 02 02 1E 00 1C 
19-07-18 at 16:48:02:665 Send 06 
19-07-18 at 16:48:02:680 Send 05 
19-07-18 at 16:48:02:695 Recived 15 
19-07-18 at 16:48:02:695 Send 06 
19-07-18 at 16:48:02:710 Send 02 0A 1E 1E 00 00 00 01 01 00 06 00 0C 
19-07-18 at 16:48:02:725 Recived 06 02 02 1E 00 1C 
19-07-18 at 16:48:02:740 Send 06 
19-07-18 at 16:48:02:755 Send 05 
19-07-18 at 16:48:02:770 Recived 15 
19-07-18 at 16:48:02:770 Send 06 
19-07-18 at 16:48:02:785 Send 02 0A 1E 1E 00 00 00 01 01 00 07 01 0C 
19-07-18 at 16:48:02:800 Recived 06 02 02 1E 00 1C 
19-07-18 at 16:48:02:815 Send 06 
19-07-18 at 16:48:02:830 Send 05 
19-07-18 at 16:48:02:845 Recived 15 
19-07-18 at 16:48:02:845 Send 06 
19-07-18 at 16:48:02:860 Send 02 0A 1E 1E 00 00 00 01 01 00 14 01 1F 
19-07-18 at 16:48:02:875 Recived 06 02 02 1E 00 1C 
19-07-18 at 16:48:02:890 Send 06 
19-07-18 at 16:48:02:905 Send 05 
19-07-18 at 16:48:02:920 Recived 15 
19-07-18 at 16:48:02:920 Send 06 
19-07-18 at 16:48:02:935 Send 02 0A 1E 1E 00 00 00 01 01 00 15 01 1E 
19-07-18 at 16:48:02:950 Recived 06 02 02 1E 00 1C 
19-07-18 at 16:48:02:965 Send 06 
19-07-18 at 16:48:02:980 Send 05 
19-07-18 at 16:48:02:995 Recived 15 
19-07-18 at 16:48:02:995 Send 06 
19-07-18 at 16:48:03:010 Send 02 0A 1E 1E 00 00 00 01 01 00 0F 00 05 
19-07-18 at 16:48:03:025 Recived 06 02 02 1E 00 1C 
19-07-18 at 16:48:03:040 Send 06 
19-07-18 at 16:48:03:055 Send 05 
19-07-18 at 16:48:03:070 Recived 15 
19-07-18 at 16:48:03:070 Send 06 
19-07-18 at 16:48:03:085 Send 02 0A 1E 1E 00 00 00 01 01 00 11 00 1B 
19-07-18 at 16:48:03:100 Recived 06 02 02 1E 00 1C 
19-07-18 at 16:48:03:115 Send 06 
19-07-18 at 16:48:03:130 Send 05 
19-07-18 at 16:48:03:145 Recived 15 
19-07-18 at 16:48:03:145 Send 06 
19-07-18 at 16:48:03:160 Send 02 0A 1E 1E 00 00 00 11 01 00 03 02 1B 
19-07-18 at 16:48:03:175 Recived 06 02 02 1E 00 1C 
19-07-18 at 16:48:03:190 Send 06 
19-07-18 at 16:48:03:205 Send 05 
19-07-18 at 16:48:03:220 Recived 15 
19-07-18 at 16:48:03:220 Send 06 
19-07-18 at 16:48:03:235 Send 02 0A 1E 1E 00 00 00 01 01 00 29 01 22 
19-07-18 at 16:48:03:250 Recived 06 02 02 1E 00 1C 
19-07-18 at 16:48:03:265 Send 06 
19-07-18 at 16:48:03:280 Send 05 
19-07-18 at 16:48:03:295 Recived 15 
19-07-18 at 16:48:03:295 Send 06 
19-07-18 at 16:48:03:310 Send 02 26 1E 1E 00 00 00 04 0C 00 01 20 20 20 20 20 20 20 20 20 20 20 C4 CE C1 D0 CE 20 CF CE C6 C0 CB CE C2 C0 D2 DC 21 00 D5 
19-07-18 at 16:48:03:328 Recived 06 02 02 1E 00 1C 
19-07-18 at 16:48:03:343 Send 06 
19-07-18 at 16:48:03:358 Send 05 
19-07-18 at 16:48:03:373 Recived 15 
19-07-18 at 16:48:03:373 Send 06 
19-07-18 at 16:48:03:388 Send 02 29 1E 1E 00 00 00 04 0D 00 01 20 20 20 20 20 20 20 20 CE CE CE 20 CA EE EC EF E0 ED E8 FF 20 27 CA CE CB CE D0 CB CE CD 27 00 CB 
19-07-18 at 16:48:03:406 Recived 06 02 02 1E 00 1C 
19-07-18 at 16:48:03:421 Send 06 
19-07-18 at 16:48:03:436 Send 05 
19-07-18 at 16:48:03:451 Recived 15 
19-07-18 at 16:48:03:451 Send 06 
19-07-18 at 16:48:03:466 Send 02 2D 1E 1E 00 00 00 04 0E 00 01 20 20 20 20 20 CC E0 E3 E0 E7 E8 ED 20 27 C2 F1 E5 20 F2 EE E2 E0 F0 FB 20 E4 EB FF 20 E4 EE EC E0 27 20 00 DE 
19-07-18 at 16:48:03:484 Recived 06 02 02 1E 00 1C 
19-07-18 at 16:48:03:499 Send 06 
19-07-18 at 16:48:03:517 now clear port error ...
19-07-18 at 16:48:03:517 now write to port ...
19-07-18 at 16:48:03:651 ... done
19-07-18 at 16:48:03:679 Send 05 
19-07-18 at 16:48:03:694 Recived 15 
19-07-18 at 16:48:03:694 Send 06 
19-07-18 at 16:48:03:709 Send 02 06 1A 1E 00 00 00 79 7B 
19-07-18 at 16:48:03:724 Recived 06 02 09 1A 00 1E 76 8E 00 00 00 00 F5 
19-07-18 at 16:48:03:739 Send 06 
19-07-18 at 16:48:05:846 Cardreader  Антонов Сергей 
19-07-18 at 16:48:05:875 Send 05 
19-07-18 at 16:48:05:898 Recived 15 
19-07-18 at 16:48:05:900 Send 06 
19-07-18 at 16:48:05:915 Send 02 20 1E 1E 00 00 00 02 1E 00 02 CA E0 F1 F1 E8 F0 20 C0 ED F2 EE ED EE E2 20 D1 E5 F0 E3 E5 E9 20 00 D7 
19-07-18 at 16:48:05:933 Recived 06 02 02 1E 00 1C 
19-07-18 at 16:48:05:948 Send 06 
19-07-18 at 16:48:05:955 now clear port error ...
19-07-18 at 16:48:05:955 now write to port ...
19-07-18 at 16:48:06:089 ... done
19-07-18 at 16:48:06:848 Send 05 
19-07-18 at 16:48:06:863 Recived 15 
19-07-18 at 16:48:06:863 Send 06 
19-07-18 at 16:48:06:878 Send 02 06 FF 39 1E 00 00 00 DE 
19-07-18 at 16:48:06:893 Recived 06 02 10 FF 39 00 00 00 00 00 00 00 00 00 00 00 00 00 00 D6 
19-07-18 at 16:48:06:908 Send 06 
19-07-18 at 16:48:18:758 Send 05 
19-07-18 at 16:48:18:773 Recived 15 
19-07-18 at 16:48:18:773 Send 06 
19-07-18 at 16:48:18:788 Send 02 2E 17 1E 00 00 00 03 20 20 CF EE E4 E0 F0 EE F7 ED FB E5 20 EA E0 F0 F2 FB 20 ED E5 20 EF F0 EE E4 E0 E2 E0 EB E8 F1 FC 00 00 00 00 00 00 00 39 
19-07-18 at 16:48:18:807 Recived 06 02 03 17 00 1E 0A 
19-07-18 at 16:48:18:822 Send 06 
19-07-18 at 16:48:18:837 Send 05 
19-07-18 at 16:48:18:852 Recived 15 
19-07-18 at 16:48:18:852 Send 06 
19-07-18 at 16:48:18:867 Send 02 2E 17 1E 00 00 00 03 2D 2D 2D 2D 2D 2D 2D 2D 2D 2D 2D 2D 2D 2D 2D 2D 2D 2D 2D 2D 2D 2D 2D 2D 2D 2D 2D 2D 2D 2D 2D 2D 2D 2D 2D 2D 2D 2D 2D 2D 24 
19-07-18 at 16:48:18:886 Recived 06 02 03 17 00 1E 0A 
19-07-18 at 16:48:18:901 Send 06 
19-07-18 at 16:48:18:916 Send 05 
19-07-18 at 16:48:18:931 Recived 15 
19-07-18 at 16:48:18:931 Send 06 
19-07-18 at 16:48:18:946 Send 02 05 41 1E 00 00 00 5A 
19-07-18 at 16:48:18:961 Recived 06 
19-07-18 at 16:48:19:306 Recived 02 03 41 00 00 42 
19-07-18 at 16:48:19:321 Send 06 
19-07-18 at 16:48:19:326 111
19-07-18 at 16:50:09:376 total calculated
19-07-18 at 16:50:09:377 now show on display
19-07-18 at 16:50:09:377                     Всего:          0.00
19-07-18 at 16:50:09:377 now clear port error ...
19-07-18 at 16:50:09:377 now write to port ...
19-07-18 at 16:50:09:511 ... done
19-07-18 at 16:50:09:511 total calculated
19-07-18 at 16:50:09:512 now show on display
19-07-18 at 16:50:09:512                     Всего:          0.00
19-07-18 at 16:50:09:512 now clear port error ...
19-07-18 at 16:50:09:512 now write to port ...
19-07-18 at 16:50:09:683 ... done
19-07-18 at 16:50:09:685 111
19-07-18 at 16:50:09:685 Выход из программы
