03-10-18 at 00:01:03:388 Send 05 
03-10-18 at 00:01:03:408 Recived 15 
03-10-18 at 00:01:03:408 Send 06 
03-10-18 at 00:01:03:428 Send 02 06 FF 39 1E 00 00 00 DE 
03-10-18 at 00:01:03:448 Recived 06 02 10 FF 39 00 00 00 00 00 00 00 00 00 00 00 00 00 00 D6 
03-10-18 at 00:01:03:468 Send 06 
03-10-18 at 00:03:04:608 Send 05 
03-10-18 at 00:03:04:628 Recived 15 
03-10-18 at 00:03:04:628 Send 06 
03-10-18 at 00:03:04:648 Send 02 06 FF 39 1E 00 00 00 DE 
03-10-18 at 00:03:04:668 Recived 06 02 10 FF 39 00 00 00 00 00 00 00 00 00 00 00 00 00 00 D6 
03-10-18 at 00:03:04:688 Send 06 
03-10-18 at 00:05:05:823 Send 05 
03-10-18 at 00:05:05:843 Recived 15 
03-10-18 at 00:05:05:843 Send 06 
03-10-18 at 00:05:05:863 Send 02 06 FF 39 1E 00 00 00 DE 
03-10-18 at 00:05:05:883 Recived 06 02 10 FF 39 00 00 00 00 00 00 00 00 00 00 00 00 00 00 D6 
03-10-18 at 00:05:05:903 Send 06 
03-10-18 at 00:07:07:043 Send 05 
03-10-18 at 00:07:07:063 Recived 15 
03-10-18 at 00:07:07:063 Send 06 
03-10-18 at 00:07:07:083 Send 02 06 FF 39 1E 00 00 00 DE 
03-10-18 at 00:07:07:103 Recived 06 02 10 FF 39 00 00 00 00 00 00 00 00 00 00 00 00 00 00 D6 
03-10-18 at 00:07:07:123 Send 06 
03-10-18 at 00:09:08:263 Send 05 
03-10-18 at 00:09:08:283 Recived 15 
03-10-18 at 00:09:08:283 Send 06 
03-10-18 at 00:09:08:303 Send 02 06 FF 39 1E 00 00 00 DE 
03-10-18 at 00:09:08:323 Recived 06 02 10 FF 39 00 00 00 00 00 00 00 00 00 00 00 00 00 00 D6 
03-10-18 at 00:09:08:343 Send 06 
03-10-18 at 00:11:09:472 Send 05 
03-10-18 at 00:11:09:492 Recived 15 
03-10-18 at 00:11:09:492 Send 06 
03-10-18 at 00:11:09:512 Send 02 06 FF 39 1E 00 00 00 DE 
03-10-18 at 00:11:09:532 Recived 06 02 10 FF 39 00 00 00 00 00 00 00 00 00 00 00 00 00 00 D6 
03-10-18 at 00:11:09:552 Send 06 
03-10-18 at 00:13:10:692 Send 05 
03-10-18 at 00:13:10:712 Recived 15 
03-10-18 at 00:13:10:712 Send 06 
03-10-18 at 00:13:10:732 Send 02 06 FF 39 1E 00 00 00 DE 
03-10-18 at 00:13:10:752 Recived 06 02 10 FF 39 00 00 00 00 00 00 00 00 00 00 00 00 00 00 D6 
03-10-18 at 00:13:10:772 Send 06 
03-10-18 at 00:15:11:905 Send 05 
03-10-18 at 00:15:11:925 Recived 15 
03-10-18 at 00:15:11:925 Send 06 
03-10-18 at 00:15:11:945 Send 02 06 FF 39 1E 00 00 00 DE 
03-10-18 at 00:15:11:965 Recived 06 02 10 FF 39 00 00 00 00 00 00 00 00 00 00 00 00 00 00 D6 
03-10-18 at 00:15:11:985 Send 06 
03-10-18 at 00:17:13:117 Send 05 
03-10-18 at 00:17:13:137 Recived 15 
03-10-18 at 00:17:13:137 Send 06 
03-10-18 at 00:17:13:157 Send 02 06 FF 39 1E 00 00 00 DE 
03-10-18 at 00:17:13:177 Recived 06 02 10 FF 39 00 00 00 00 00 00 00 00 00 00 00 00 00 00 D6 
03-10-18 at 00:17:13:197 Send 06 
03-10-18 at 00:19:14:337 Send 05 
03-10-18 at 00:19:14:357 Recived 15 
03-10-18 at 00:19:14:357 Send 06 
03-10-18 at 00:19:14:377 Send 02 06 FF 39 1E 00 00 00 DE 
03-10-18 at 00:19:14:397 Recived 06 02 10 FF 39 00 00 00 00 00 00 00 00 00 00 00 00 00 00 D6 
03-10-18 at 00:19:14:417 Send 06 
03-10-18 at 00:21:15:548 Send 05 
03-10-18 at 00:21:15:568 Recived 15 
03-10-18 at 00:21:15:568 Send 06 
03-10-18 at 00:21:15:588 Send 02 06 FF 39 1E 00 00 00 DE 
03-10-18 at 00:21:15:608 Recived 06 02 10 FF 39 00 00 00 00 00 00 00 00 00 00 00 00 00 00 D6 
03-10-18 at 00:21:15:628 Send 06 
03-10-18 at 00:23:16:768 Send 05 
03-10-18 at 00:23:16:788 Recived 15 
03-10-18 at 00:23:16:788 Send 06 
03-10-18 at 00:23:16:808 Send 02 06 FF 39 1E 00 00 00 DE 
03-10-18 at 00:23:16:828 Recived 06 02 10 FF 39 00 00 00 00 00 00 00 00 00 00 00 00 00 00 D6 
03-10-18 at 00:23:16:848 Send 06 
03-10-18 at 00:25:17:988 Send 05 
03-10-18 at 00:25:18:008 Recived 15 
03-10-18 at 00:25:18:008 Send 06 
03-10-18 at 00:25:18:028 Send 02 06 FF 39 1E 00 00 00 DE 
03-10-18 at 00:25:18:048 Recived 06 02 10 FF 39 00 00 00 00 00 00 00 00 00 00 00 00 00 00 D6 
03-10-18 at 00:25:18:068 Send 06 
03-10-18 at 00:27:19:196 Send 05 
03-10-18 at 00:27:19:216 Recived 15 
03-10-18 at 00:27:19:216 Send 06 
03-10-18 at 00:27:19:236 Send 02 06 FF 39 1E 00 00 00 DE 
03-10-18 at 00:27:19:256 Recived 06 02 10 FF 39 00 00 00 00 00 00 00 00 00 00 00 00 00 00 D6 
03-10-18 at 00:27:19:276 Send 06 
03-10-18 at 00:29:20:416 Send 05 
03-10-18 at 00:29:20:436 Recived 15 
03-10-18 at 00:29:20:436 Send 06 
03-10-18 at 00:29:20:456 Send 02 06 FF 39 1E 00 00 00 DE 
03-10-18 at 00:29:20:476 Recived 06 02 10 FF 39 00 00 00 00 00 00 00 00 00 00 00 00 00 00 D6 
03-10-18 at 00:29:20:496 Send 06 
03-10-18 at 00:31:21:630 Send 05 
03-10-18 at 00:31:21:650 Recived 15 
03-10-18 at 00:31:21:650 Send 06 
03-10-18 at 00:31:21:670 Send 02 06 FF 39 1E 00 00 00 DE 
03-10-18 at 00:31:21:690 Recived 06 02 10 FF 39 00 00 00 00 00 00 00 00 00 00 00 00 00 00 D6 
03-10-18 at 00:31:21:710 Send 06 
03-10-18 at 00:33:22:850 Send 05 
03-10-18 at 00:33:22:870 Recived 15 
03-10-18 at 00:33:22:870 Send 06 
03-10-18 at 00:33:22:890 Send 02 06 FF 39 1E 00 00 00 DE 
03-10-18 at 00:33:22:910 Recived 06 02 10 FF 39 00 00 00 00 00 00 00 00 00 00 00 00 00 00 D6 
03-10-18 at 00:33:22:930 Send 06 
03-10-18 at 00:35:24:070 Send 05 
03-10-18 at 00:35:24:090 Recived 15 
03-10-18 at 00:35:24:090 Send 06 
03-10-18 at 00:35:24:110 Send 02 06 FF 39 1E 00 00 00 DE 
03-10-18 at 00:35:24:130 Recived 06 02 10 FF 39 00 00 00 00 00 00 00 00 00 00 00 00 00 00 D6 
03-10-18 at 00:35:24:150 Send 06 
03-10-18 at 00:37:25:278 Send 05 
03-10-18 at 00:37:25:298 Recived 15 
03-10-18 at 00:37:25:298 Send 06 
03-10-18 at 00:37:25:318 Send 02 06 FF 39 1E 00 00 00 DE 
03-10-18 at 00:37:25:338 Recived 06 02 10 FF 39 00 00 00 00 00 00 00 00 00 00 00 00 00 00 D6 
03-10-18 at 00:37:25:358 Send 06 
03-10-18 at 00:39:26:498 Send 05 
03-10-18 at 00:39:26:518 Recived 15 
03-10-18 at 00:39:26:518 Send 06 
03-10-18 at 00:39:26:538 Send 02 06 FF 39 1E 00 00 00 DE 
03-10-18 at 00:39:26:558 Recived 06 02 10 FF 39 00 00 00 00 00 00 00 00 00 00 00 00 00 00 D6 
03-10-18 at 00:39:26:578 Send 06 
03-10-18 at 00:41:27:715 Send 05 
03-10-18 at 00:41:27:735 Recived 15 
03-10-18 at 00:41:27:735 Send 06 
03-10-18 at 00:41:27:755 Send 02 06 FF 39 1E 00 00 00 DE 
03-10-18 at 00:41:27:775 Recived 06 02 10 FF 39 00 00 00 00 00 00 00 00 00 00 00 00 00 00 D6 
03-10-18 at 00:41:27:795 Send 06 
03-10-18 at 00:43:28:935 Send 05 
03-10-18 at 00:43:28:955 Recived 15 
03-10-18 at 00:43:28:955 Send 06 
03-10-18 at 00:43:28:975 Send 02 06 FF 39 1E 00 00 00 DE 
03-10-18 at 00:43:28:995 Recived 06 02 10 FF 39 00 00 00 00 00 00 00 00 00 00 00 00 00 00 D6 
03-10-18 at 00:43:29:015 Send 06 
03-10-18 at 00:45:30:155 Send 05 
03-10-18 at 00:45:30:175 Recived 15 
03-10-18 at 00:45:30:175 Send 06 
03-10-18 at 00:45:30:195 Send 02 06 FF 39 1E 00 00 00 DE 
03-10-18 at 00:45:30:215 Recived 06 02 10 FF 39 00 00 00 00 00 00 00 00 00 00 00 00 00 00 D6 
03-10-18 at 00:45:30:235 Send 06 
03-10-18 at 00:47:31:375 Send 05 
03-10-18 at 00:47:31:395 Recived 15 
03-10-18 at 00:47:31:395 Send 06 
03-10-18 at 00:47:31:415 Send 02 06 FF 39 1E 00 00 00 DE 
03-10-18 at 00:47:31:435 Recived 06 02 10 FF 39 00 00 00 00 00 00 00 00 00 00 00 00 00 00 D6 
03-10-18 at 00:47:31:455 Send 06 
03-10-18 at 00:49:32:595 Send 05 
03-10-18 at 00:49:32:615 Recived 15 
03-10-18 at 00:49:32:615 Send 06 
03-10-18 at 00:49:32:635 Send 02 06 FF 39 1E 00 00 00 DE 
03-10-18 at 00:49:32:655 Recived 06 02 10 FF 39 00 00 00 00 00 00 00 00 00 00 00 00 00 00 D6 
03-10-18 at 00:49:32:675 Send 06 
03-10-18 at 00:51:33:805 Send 05 
03-10-18 at 00:51:33:825 Recived 15 
03-10-18 at 00:51:33:825 Send 06 
03-10-18 at 00:51:33:845 Send 02 06 FF 39 1E 00 00 00 DE 
03-10-18 at 00:51:33:865 Recived 06 02 10 FF 39 00 00 00 00 00 00 00 00 00 00 00 00 00 00 D6 
03-10-18 at 00:51:33:885 Send 06 
03-10-18 at 00:53:35:025 Send 05 
03-10-18 at 00:53:35:045 Recived 15 
03-10-18 at 00:53:35:045 Send 06 
03-10-18 at 00:53:35:065 Send 02 06 FF 39 1E 00 00 00 DE 
03-10-18 at 00:53:35:085 Recived 06 02 10 FF 39 00 00 00 00 00 00 00 00 00 00 00 00 00 00 D6 
03-10-18 at 00:53:35:105 Send 06 
03-10-18 at 00:55:36:245 Send 05 
03-10-18 at 00:55:36:265 Recived 15 
03-10-18 at 00:55:36:265 Send 06 
03-10-18 at 00:55:36:285 Send 02 06 FF 39 1E 00 00 00 DE 
03-10-18 at 00:55:36:305 Recived 06 02 10 FF 39 00 00 00 00 00 00 00 00 00 00 00 00 00 00 D6 
03-10-18 at 00:55:36:325 Send 06 
03-10-18 at 00:57:37:485 Send 05 
03-10-18 at 00:57:37:505 Recived 15 
03-10-18 at 00:57:37:505 Send 06 
03-10-18 at 00:57:37:525 Send 02 06 FF 39 1E 00 00 00 DE 
03-10-18 at 00:57:37:545 Recived 06 02 10 FF 39 00 00 00 00 00 00 00 00 00 00 00 00 00 00 D6 
03-10-18 at 00:57:37:565 Send 06 
03-10-18 at 00:59:38:705 Send 05 
03-10-18 at 00:59:38:725 Recived 15 
03-10-18 at 00:59:38:725 Send 06 
03-10-18 at 00:59:38:745 Send 02 06 FF 39 1E 00 00 00 DE 
03-10-18 at 00:59:38:765 Recived 06 02 10 FF 39 00 00 00 00 00 00 00 00 00 00 00 00 00 00 D6 
03-10-18 at 00:59:38:785 Send 06 
03-10-18 at 01:01:39:943 Send 05 
03-10-18 at 01:01:39:963 Recived 15 
03-10-18 at 01:01:39:963 Send 06 
03-10-18 at 01:01:39:983 Send 02 06 FF 39 1E 00 00 00 DE 
03-10-18 at 01:01:40:003 Recived 06 02 10 FF 39 00 00 00 00 00 00 00 00 00 00 00 00 00 00 D6 
03-10-18 at 01:01:40:023 Send 06 
03-10-18 at 01:03:41:163 Send 05 
03-10-18 at 01:03:41:183 Recived 15 
03-10-18 at 01:03:41:183 Send 06 
03-10-18 at 01:03:41:203 Send 02 06 FF 39 1E 00 00 00 DE 
03-10-18 at 01:03:41:223 Recived 06 02 10 FF 39 00 00 00 00 00 00 00 00 00 00 00 00 00 00 D6 
03-10-18 at 01:03:41:243 Send 06 
03-10-18 at 01:05:42:383 Send 05 
03-10-18 at 01:05:42:403 Recived 15 
03-10-18 at 01:05:42:403 Send 06 
03-10-18 at 01:05:42:423 Send 02 06 FF 39 1E 00 00 00 DE 
03-10-18 at 01:05:42:443 Recived 06 02 10 FF 39 00 00 00 00 00 00 00 00 00 00 00 00 00 00 D6 
03-10-18 at 01:05:42:463 Send 06 
03-10-18 at 01:07:43:592 Send 05 
03-10-18 at 01:07:43:612 Recived 15 
03-10-18 at 01:07:43:612 Send 06 
03-10-18 at 01:07:43:632 Send 02 06 FF 39 1E 00 00 00 DE 
03-10-18 at 01:07:43:652 Recived 06 02 10 FF 39 00 00 00 00 00 00 00 00 00 00 00 00 00 00 D6 
03-10-18 at 01:07:43:672 Send 06 
03-10-18 at 01:09:44:812 Send 05 
03-10-18 at 01:09:44:832 Recived 15 
03-10-18 at 01:09:44:832 Send 06 
03-10-18 at 01:09:44:852 Send 02 06 FF 39 1E 00 00 00 DE 
03-10-18 at 01:09:44:872 Recived 06 02 10 FF 39 00 00 00 00 00 00 00 00 00 00 00 00 00 00 D6 
03-10-18 at 01:09:44:892 Send 06 
03-10-18 at 01:11:46:044 Send 05 
03-10-18 at 01:11:46:064 Recived 15 
03-10-18 at 01:11:46:064 Send 06 
03-10-18 at 01:11:46:084 Send 02 06 FF 39 1E 00 00 00 DE 
03-10-18 at 01:11:46:104 Recived 06 02 10 FF 39 00 00 00 00 00 00 00 00 00 00 00 00 00 00 D6 
03-10-18 at 01:11:46:124 Send 06 
03-10-18 at 01:13:47:264 Send 05 
03-10-18 at 01:13:47:284 Recived 15 
03-10-18 at 01:13:47:284 Send 06 
03-10-18 at 01:13:47:304 Send 02 06 FF 39 1E 00 00 00 DE 
03-10-18 at 01:13:47:324 Recived 06 02 10 FF 39 00 00 00 00 00 00 00 00 00 00 00 00 00 00 D6 
03-10-18 at 01:13:47:344 Send 06 
03-10-18 at 01:15:48:484 Send 05 
03-10-18 at 01:15:48:504 Recived 15 
03-10-18 at 01:15:48:504 Send 06 
03-10-18 at 01:15:48:524 Send 02 06 FF 39 1E 00 00 00 DE 
03-10-18 at 01:15:48:544 Recived 06 02 10 FF 39 00 00 00 00 00 00 00 00 00 00 00 00 00 00 D6 
03-10-18 at 01:15:48:564 Send 06 
03-10-18 at 01:17:49:703 Send 05 
03-10-18 at 01:17:49:723 Recived 15 
03-10-18 at 01:17:49:723 Send 06 
03-10-18 at 01:17:49:743 Send 02 06 FF 39 1E 00 00 00 DE 
03-10-18 at 01:17:49:763 Recived 06 02 10 FF 39 00 00 00 00 00 00 00 00 00 00 00 00 00 00 D6 
03-10-18 at 01:17:49:783 Send 06 
03-10-18 at 01:19:50:923 Send 05 
03-10-18 at 01:19:50:943 Recived 15 
03-10-18 at 01:19:50:943 Send 06 
03-10-18 at 01:19:50:963 Send 02 06 FF 39 1E 00 00 00 DE 
03-10-18 at 01:19:50:983 Recived 06 02 10 FF 39 00 00 00 00 00 00 00 00 00 00 00 00 00 00 D6 
03-10-18 at 01:19:51:003 Send 06 
03-10-18 at 01:21:52:136 Send 05 
03-10-18 at 01:21:52:156 Recived 15 
03-10-18 at 01:21:52:156 Send 06 
03-10-18 at 01:21:52:176 Send 02 06 FF 39 1E 00 00 00 DE 
03-10-18 at 01:21:52:196 Recived 06 02 10 FF 39 00 00 00 00 00 00 00 00 00 00 00 00 00 00 D6 
03-10-18 at 01:21:52:216 Send 06 
03-10-18 at 01:23:53:356 Send 05 
03-10-18 at 01:23:53:376 Recived 15 
03-10-18 at 01:23:53:376 Send 06 
03-10-18 at 01:23:53:396 Send 02 06 FF 39 1E 00 00 00 DE 
03-10-18 at 01:23:53:416 Recived 06 02 10 FF 39 00 00 00 00 00 00 00 00 00 00 00 00 00 00 D6 
03-10-18 at 01:23:53:436 Send 06 
03-10-18 at 01:25:54:576 Send 05 
03-10-18 at 01:25:54:596 Recived 15 
03-10-18 at 01:25:54:596 Send 06 
03-10-18 at 01:25:54:616 Send 02 06 FF 39 1E 00 00 00 DE 
03-10-18 at 01:25:54:636 Recived 06 02 10 FF 39 00 00 00 00 00 00 00 00 00 00 00 00 00 00 D6 
03-10-18 at 01:25:54:656 Send 06 
03-10-18 at 01:27:55:785 Send 05 
03-10-18 at 01:27:55:805 Recived 15 
03-10-18 at 01:27:55:805 Send 06 
03-10-18 at 01:27:55:825 Send 02 06 FF 39 1E 00 00 00 DE 
03-10-18 at 01:27:55:845 Recived 06 02 10 FF 39 00 00 00 00 00 00 00 00 00 00 00 00 00 00 D6 
03-10-18 at 01:27:55:865 Send 06 
03-10-18 at 01:29:57:005 Send 05 
03-10-18 at 01:29:57:025 Recived 15 
03-10-18 at 01:29:57:025 Send 06 
03-10-18 at 01:29:57:045 Send 02 06 FF 39 1E 00 00 00 DE 
03-10-18 at 01:29:57:065 Recived 06 02 10 FF 39 00 00 00 00 00 00 00 00 00 00 00 00 00 00 D6 
03-10-18 at 01:29:57:085 Send 06 
03-10-18 at 01:31:58:227 Send 05 
03-10-18 at 01:31:58:247 Recived 15 
03-10-18 at 01:31:58:247 Send 06 
03-10-18 at 01:31:58:267 Send 02 06 FF 39 1E 00 00 00 DE 
03-10-18 at 01:31:58:287 Recived 06 02 10 FF 39 00 00 00 00 00 00 00 00 00 00 00 00 00 00 D6 
03-10-18 at 01:31:58:307 Send 06 
03-10-18 at 01:33:59:447 Send 05 
03-10-18 at 01:33:59:467 Recived 15 
03-10-18 at 01:33:59:467 Send 06 
03-10-18 at 01:33:59:487 Send 02 06 FF 39 1E 00 00 00 DE 
03-10-18 at 01:33:59:507 Recived 06 02 10 FF 39 00 00 00 00 00 00 00 00 00 00 00 00 00 00 D6 
03-10-18 at 01:33:59:527 Send 06 
03-10-18 at 01:36:00:667 Send 05 
03-10-18 at 01:36:00:687 Recived 15 
03-10-18 at 01:36:00:687 Send 06 
03-10-18 at 01:36:00:707 Send 02 06 FF 39 1E 00 00 00 DE 
03-10-18 at 01:36:00:727 Recived 06 02 10 FF 39 00 00 00 00 00 00 00 00 00 00 00 00 00 00 D6 
03-10-18 at 01:36:00:747 Send 06 
03-10-18 at 01:38:01:919 Send 05 
03-10-18 at 01:38:01:939 Recived 15 
03-10-18 at 01:38:01:939 Send 06 
03-10-18 at 01:38:01:959 Send 02 06 FF 39 1E 00 00 00 DE 
03-10-18 at 01:38:01:979 Recived 06 02 10 FF 39 00 00 00 00 00 00 00 00 00 00 00 00 00 00 D6 
03-10-18 at 01:38:01:999 Send 06 
03-10-18 at 01:40:03:139 Send 05 
03-10-18 at 01:40:03:159 Recived 15 
03-10-18 at 01:40:03:159 Send 06 
03-10-18 at 01:40:03:179 Send 02 06 FF 39 1E 00 00 00 DE 
03-10-18 at 01:40:03:199 Recived 06 02 10 FF 39 00 00 00 00 00 00 00 00 00 00 00 00 00 00 D6 
03-10-18 at 01:40:03:219 Send 06 
03-10-18 at 01:42:04:348 Send 05 
03-10-18 at 01:42:04:368 Recived 15 
03-10-18 at 01:42:04:368 Send 06 
03-10-18 at 01:42:04:388 Send 02 06 FF 39 1E 00 00 00 DE 
03-10-18 at 01:42:04:408 Recived 06 02 10 FF 39 00 00 00 00 00 00 00 00 00 00 00 00 00 00 D6 
03-10-18 at 01:42:04:428 Send 06 
03-10-18 at 01:44:05:568 Send 05 
03-10-18 at 01:44:05:588 Recived 15 
03-10-18 at 01:44:05:588 Send 06 
03-10-18 at 01:44:05:608 Send 02 06 FF 39 1E 00 00 00 DE 
03-10-18 at 01:44:05:628 Recived 06 02 10 FF 39 00 00 00 00 00 00 00 00 00 00 00 00 00 00 D6 
03-10-18 at 01:44:05:648 Send 06 
03-10-18 at 01:46:06:788 Send 05 
03-10-18 at 01:46:06:808 Recived 15 
03-10-18 at 01:46:06:808 Send 06 
03-10-18 at 01:46:06:828 Send 02 06 FF 39 1E 00 00 00 DE 
03-10-18 at 01:46:06:848 Recived 06 02 10 FF 39 00 00 00 00 00 00 00 00 00 00 00 00 00 00 D6 
03-10-18 at 01:46:06:868 Send 06 
03-10-18 at 01:48:07:996 Send 05 
03-10-18 at 01:48:08:016 Recived 15 
03-10-18 at 01:48:08:016 Send 06 
03-10-18 at 01:48:08:036 Send 02 06 FF 39 1E 00 00 00 DE 
03-10-18 at 01:48:08:056 Recived 06 02 10 FF 39 00 00 00 00 00 00 00 00 00 00 00 00 00 00 D6 
03-10-18 at 01:48:08:076 Send 06 
03-10-18 at 01:50:09:216 Send 05 
03-10-18 at 01:50:09:236 Recived 15 
03-10-18 at 01:50:09:236 Send 06 
03-10-18 at 01:50:09:256 Send 02 06 FF 39 1E 00 00 00 DE 
03-10-18 at 01:50:09:276 Recived 06 02 10 FF 39 00 00 00 00 00 00 00 00 00 00 00 00 00 00 D6 
03-10-18 at 01:50:09:296 Send 06 
03-10-18 at 01:52:10:438 Send 05 
03-10-18 at 01:52:10:458 Recived 15 
03-10-18 at 01:52:10:458 Send 06 
03-10-18 at 01:52:10:478 Send 02 06 FF 39 1E 00 00 00 DE 
03-10-18 at 01:52:10:498 Recived 06 02 10 FF 39 00 00 00 00 00 00 00 00 00 00 00 00 00 00 D6 
03-10-18 at 01:52:10:518 Send 06 
03-10-18 at 01:54:11:658 Send 05 
03-10-18 at 01:54:11:678 Recived 15 
03-10-18 at 01:54:11:678 Send 06 
03-10-18 at 01:54:11:698 Send 02 06 FF 39 1E 00 00 00 DE 
03-10-18 at 01:54:11:718 Recived 06 02 10 FF 39 00 00 00 00 00 00 00 00 00 00 00 00 00 00 D6 
03-10-18 at 01:54:11:738 Send 06 
03-10-18 at 01:56:12:878 Send 05 
03-10-18 at 01:56:12:898 Recived 15 
03-10-18 at 01:56:12:898 Send 06 
03-10-18 at 01:56:12:918 Send 02 06 FF 39 1E 00 00 00 DE 
03-10-18 at 01:56:12:938 Recived 06 02 10 FF 39 00 00 00 00 00 00 00 00 00 00 00 00 00 00 D6 
03-10-18 at 01:56:12:958 Send 06 
03-10-18 at 01:58:14:108 Send 05 
03-10-18 at 01:58:14:128 Recived 15 
03-10-18 at 01:58:14:128 Send 06 
03-10-18 at 01:58:14:148 Send 02 06 FF 39 1E 00 00 00 DE 
03-10-18 at 01:58:14:168 Recived 06 02 10 FF 39 00 00 00 00 00 00 00 00 00 00 00 00 00 00 D6 
03-10-18 at 01:58:14:188 Send 06 
03-10-18 at 02:00:15:328 Send 05 
03-10-18 at 02:00:15:348 Recived 15 
03-10-18 at 02:00:15:348 Send 06 
03-10-18 at 02:00:15:368 Send 02 06 FF 39 1E 00 00 00 DE 
03-10-18 at 02:00:15:388 Recived 06 02 10 FF 39 00 00 00 00 00 00 00 00 00 00 00 00 00 00 D6 
03-10-18 at 02:00:15:408 Send 06 
03-10-18 at 02:02:16:547 Send 05 
03-10-18 at 02:02:16:567 Recived 15 
03-10-18 at 02:02:16:567 Send 06 
03-10-18 at 02:02:16:587 Send 02 06 FF 39 1E 00 00 00 DE 
03-10-18 at 02:02:16:607 Recived 06 02 10 FF 39 00 00 00 00 00 00 00 00 00 00 00 00 00 00 D6 
03-10-18 at 02:02:16:627 Send 06 
03-10-18 at 02:04:17:767 Send 05 
03-10-18 at 02:04:17:787 Recived 15 
03-10-18 at 02:04:17:787 Send 06 
03-10-18 at 02:04:17:807 Send 02 06 FF 39 1E 00 00 00 DE 
03-10-18 at 02:04:17:827 Recived 06 02 10 FF 39 00 00 00 00 00 00 00 00 00 00 00 00 00 00 D6 
03-10-18 at 02:04:17:847 Send 06 
03-10-18 at 02:06:18:987 Send 05 
03-10-18 at 02:06:19:007 Recived 15 
03-10-18 at 02:06:19:007 Send 06 
03-10-18 at 02:06:19:027 Send 02 06 FF 39 1E 00 00 00 DE 
03-10-18 at 02:06:19:047 Recived 06 02 10 FF 39 00 00 00 00 00 00 00 00 00 00 00 00 00 00 D6 
03-10-18 at 02:06:19:067 Send 06 
03-10-18 at 02:08:20:205 Send 05 
03-10-18 at 02:08:20:225 Recived 15 
03-10-18 at 02:08:20:225 Send 06 
03-10-18 at 02:08:20:245 Send 02 06 FF 39 1E 00 00 00 DE 
03-10-18 at 02:08:20:265 Recived 06 02 10 FF 39 00 00 00 00 00 00 00 00 00 00 00 00 00 00 D6 
03-10-18 at 02:08:20:285 Send 06 
03-10-18 at 02:10:21:425 Send 05 
03-10-18 at 02:10:21:445 Recived 15 
03-10-18 at 02:10:21:445 Send 06 
03-10-18 at 02:10:21:465 Send 02 06 FF 39 1E 00 00 00 DE 
03-10-18 at 02:10:21:485 Recived 06 02 10 FF 39 00 00 00 00 00 00 00 00 00 00 00 00 00 00 D6 
03-10-18 at 02:10:21:505 Send 06 
03-10-18 at 02:12:22:645 Send 05 
03-10-18 at 02:12:22:665 Recived 15 
03-10-18 at 02:12:22:665 Send 06 
03-10-18 at 02:12:22:685 Send 02 06 FF 39 1E 00 00 00 DE 
03-10-18 at 02:12:22:707 Recived 06 02 10 FF 39 00 00 00 00 00 00 00 00 00 00 00 00 00 00 D6 
03-10-18 at 02:12:22:727 Send 06 
03-10-18 at 02:14:23:867 Send 05 
03-10-18 at 02:14:23:887 Recived 15 
03-10-18 at 02:14:23:887 Send 06 
03-10-18 at 02:14:23:907 Send 02 06 FF 39 1E 00 00 00 DE 
03-10-18 at 02:14:23:927 Recived 06 02 10 FF 39 00 00 00 00 00 00 00 00 00 00 00 00 00 00 D6 
03-10-18 at 02:14:23:947 Send 06 
03-10-18 at 02:16:25:087 Send 05 
03-10-18 at 02:16:25:107 Recived 15 
03-10-18 at 02:16:25:107 Send 06 
03-10-18 at 02:16:25:127 Send 02 06 FF 39 1E 00 00 00 DE 
03-10-18 at 02:16:25:147 Recived 06 02 10 FF 39 00 00 00 00 00 00 00 00 00 00 00 00 00 00 D6 
03-10-18 at 02:16:25:167 Send 06 
03-10-18 at 02:18:26:293 Send 05 
03-10-18 at 02:18:26:313 Recived 15 
03-10-18 at 02:18:26:313 Send 06 
03-10-18 at 02:18:26:333 Send 02 06 FF 39 1E 00 00 00 DE 
03-10-18 at 02:18:26:353 Recived 06 02 10 FF 39 00 00 00 00 00 00 00 00 00 00 00 00 00 00 D6 
03-10-18 at 02:18:26:373 Send 06 
03-10-18 at 02:20:27:513 Send 05 
03-10-18 at 02:20:27:533 Recived 15 
03-10-18 at 02:20:27:533 Send 06 
03-10-18 at 02:20:27:553 Send 02 06 FF 39 1E 00 00 00 DE 
03-10-18 at 02:20:27:573 Recived 06 02 10 FF 39 00 00 00 00 00 00 00 00 00 00 00 00 00 00 D6 
03-10-18 at 02:20:27:593 Send 06 
03-10-18 at 02:22:28:732 Send 05 
03-10-18 at 02:22:28:773 Recived 15 
03-10-18 at 02:22:28:793 Send 06 
03-10-18 at 02:22:28:813 Send 02 06 FF 39 1E 00 00 00 DE 
03-10-18 at 02:22:28:833 Recived 06 02 10 FF 39 00 00 00 00 00 00 00 00 00 00 00 00 00 00 D6 
03-10-18 at 02:22:28:853 Send 06 
03-10-18 at 02:24:29:984 Send 05 
03-10-18 at 02:24:30:004 Recived 15 
03-10-18 at 02:24:30:004 Send 06 
03-10-18 at 02:24:30:024 Send 02 06 FF 39 1E 00 00 00 DE 
03-10-18 at 02:24:30:044 Recived 06 02 10 FF 39 00 00 00 00 00 00 00 00 00 00 00 00 00 00 D6 
03-10-18 at 02:24:30:064 Send 06 
03-10-18 at 02:26:31:204 Send 05 
03-10-18 at 02:26:31:224 Recived 15 
03-10-18 at 02:26:31:224 Send 06 
03-10-18 at 02:26:31:244 Send 02 06 FF 39 1E 00 00 00 DE 
03-10-18 at 02:26:31:264 Recived 06 02 10 FF 39 00 00 00 00 00 00 00 00 00 00 00 00 00 00 D6 
03-10-18 at 02:26:31:284 Send 06 
03-10-18 at 02:28:32:409 Send 05 
03-10-18 at 02:28:32:429 Recived 15 
03-10-18 at 02:28:32:429 Send 06 
03-10-18 at 02:28:32:449 Send 02 06 FF 39 1E 00 00 00 DE 
03-10-18 at 02:28:32:469 Recived 06 02 10 FF 39 00 00 00 00 00 00 00 00 00 00 00 00 00 00 D6 
03-10-18 at 02:28:32:489 Send 06 
03-10-18 at 02:30:33:629 Send 05 
03-10-18 at 02:30:33:649 Recived 15 
03-10-18 at 02:30:33:649 Send 06 
03-10-18 at 02:30:33:669 Send 02 06 FF 39 1E 00 00 00 DE 
03-10-18 at 02:30:33:689 Recived 06 02 10 FF 39 00 00 00 00 00 00 00 00 00 00 00 00 00 00 D6 
03-10-18 at 02:30:33:709 Send 06 
03-10-18 at 02:32:34:849 Send 05 
03-10-18 at 02:32:34:869 Recived 15 
03-10-18 at 02:32:34:869 Send 06 
03-10-18 at 02:32:34:889 Send 02 06 FF 39 1E 00 00 00 DE 
03-10-18 at 02:32:34:909 Recived 06 02 10 FF 39 00 00 00 00 00 00 00 00 00 00 00 00 00 00 D6 
03-10-18 at 02:32:34:929 Send 06 
03-10-18 at 02:34:36:062 Send 05 
03-10-18 at 02:34:36:082 Recived 15 
03-10-18 at 02:34:36:082 Send 06 
03-10-18 at 02:34:36:102 Send 02 06 FF 39 1E 00 00 00 DE 
03-10-18 at 02:34:36:122 Recived 06 02 10 FF 39 00 00 00 00 00 00 00 00 00 00 00 00 00 00 D6 
03-10-18 at 02:34:36:142 Send 06 
03-10-18 at 02:36:37:282 Send 05 
03-10-18 at 02:36:37:302 Recived 15 
03-10-18 at 02:36:37:302 Send 06 
03-10-18 at 02:36:37:322 Send 02 06 FF 39 1E 00 00 00 DE 
03-10-18 at 02:36:37:342 Recived 06 02 10 FF 39 00 00 00 00 00 00 00 00 00 00 00 00 00 00 D6 
03-10-18 at 02:36:37:362 Send 06 
03-10-18 at 02:38:38:485 Send 05 
03-10-18 at 02:38:38:505 Recived 15 
03-10-18 at 02:38:38:505 Send 06 
03-10-18 at 02:38:38:525 Send 02 06 FF 39 1E 00 00 00 DE 
03-10-18 at 02:38:38:545 Recived 06 02 10 FF 39 00 00 00 00 00 00 00 00 00 00 00 00 00 00 D6 
03-10-18 at 02:38:38:565 Send 06 
03-10-18 at 02:40:39:705 Send 05 
03-10-18 at 02:40:39:725 Recived 15 
03-10-18 at 02:40:39:725 Send 06 
03-10-18 at 02:40:39:745 Send 02 06 FF 39 1E 00 00 00 DE 
03-10-18 at 02:40:39:765 Recived 06 02 10 FF 39 00 00 00 00 00 00 00 00 00 00 00 00 00 00 D6 
03-10-18 at 02:40:39:785 Send 06 
03-10-18 at 02:42:40:925 Send 05 
03-10-18 at 02:42:40:945 Recived 15 
03-10-18 at 02:42:40:945 Send 06 
03-10-18 at 02:42:40:965 Send 02 06 FF 39 1E 00 00 00 DE 
03-10-18 at 02:42:40:985 Recived 06 02 10 FF 39 00 00 00 00 00 00 00 00 00 00 00 00 00 00 D6 
03-10-18 at 02:42:41:005 Send 06 
03-10-18 at 02:44:42:155 Send 05 
03-10-18 at 02:44:42:175 Recived 15 
03-10-18 at 02:44:42:175 Send 06 
03-10-18 at 02:44:42:195 Send 02 06 FF 39 1E 00 00 00 DE 
03-10-18 at 02:44:42:215 Recived 06 02 10 FF 39 00 00 00 00 00 00 00 00 00 00 00 00 00 00 D6 
03-10-18 at 02:44:42:235 Send 06 
03-10-18 at 02:46:43:375 Send 05 
03-10-18 at 02:46:43:395 Recived 15 
03-10-18 at 02:46:43:395 Send 06 
03-10-18 at 02:46:43:415 Send 02 06 FF 39 1E 00 00 00 DE 
03-10-18 at 02:46:43:435 Recived 06 02 10 FF 39 00 00 00 00 00 00 00 00 00 00 00 00 00 00 D6 
03-10-18 at 02:46:43:455 Send 06 
03-10-18 at 02:48:44:588 Send 05 
03-10-18 at 02:48:44:608 Recived 15 
03-10-18 at 02:48:44:608 Send 06 
03-10-18 at 02:48:44:628 Send 02 06 FF 39 1E 00 00 00 DE 
03-10-18 at 02:48:44:648 Recived 06 02 10 FF 39 00 00 00 00 00 00 00 00 00 00 00 00 00 00 D6 
03-10-18 at 02:48:44:668 Send 06 
03-10-18 at 02:50:45:808 Send 05 
03-10-18 at 02:50:45:828 Recived 15 
03-10-18 at 02:50:45:828 Send 06 
03-10-18 at 02:50:45:848 Send 02 06 FF 39 1E 00 00 00 DE 
03-10-18 at 02:50:45:868 Recived 06 02 10 FF 39 00 00 00 00 00 00 00 00 00 00 00 00 00 00 D6 
03-10-18 at 02:50:45:888 Send 06 
03-10-18 at 02:52:47:028 Send 05 
03-10-18 at 02:52:47:048 Recived 15 
03-10-18 at 02:52:47:048 Send 06 
03-10-18 at 02:52:47:068 Send 02 06 FF 39 1E 00 00 00 DE 
03-10-18 at 02:52:47:088 Recived 06 02 10 FF 39 00 00 00 00 00 00 00 00 00 00 00 00 00 00 D6 
03-10-18 at 02:52:47:108 Send 06 
03-10-18 at 02:54:48:233 Send 05 
03-10-18 at 02:54:48:253 Recived 15 
03-10-18 at 02:54:48:253 Send 06 
03-10-18 at 02:54:48:273 Send 02 06 FF 39 1E 00 00 00 DE 
03-10-18 at 02:54:48:293 Recived 06 02 10 FF 39 00 00 00 00 00 00 00 00 00 00 00 00 00 00 D6 
03-10-18 at 02:54:48:313 Send 06 
03-10-18 at 02:56:49:453 Send 05 
03-10-18 at 02:56:49:473 Recived 15 
03-10-18 at 02:56:49:473 Send 06 
03-10-18 at 02:56:49:493 Send 02 06 FF 39 1E 00 00 00 DE 
03-10-18 at 02:56:49:513 Recived 06 02 10 FF 39 00 00 00 00 00 00 00 00 00 00 00 00 00 00 D6 
03-10-18 at 02:56:49:533 Send 06 
03-10-18 at 02:58:50:660 Send 05 
03-10-18 at 02:58:50:680 Recived 15 
03-10-18 at 02:58:50:680 Send 06 
03-10-18 at 02:58:50:700 Send 02 06 FF 39 1E 00 00 00 DE 
03-10-18 at 02:58:50:720 Recived 06 02 10 FF 39 00 00 00 00 00 00 00 00 00 00 00 00 00 00 D6 
03-10-18 at 02:58:50:740 Send 06 
03-10-18 at 03:00:51:880 Send 05 
03-10-18 at 03:00:51:900 Recived 15 
03-10-18 at 03:00:51:900 Send 06 
03-10-18 at 03:00:51:920 Send 02 06 FF 39 1E 00 00 00 DE 
03-10-18 at 03:00:51:940 Recived 06 02 10 FF 39 00 00 00 00 00 00 00 00 00 00 00 00 00 00 D6 
03-10-18 at 03:00:51:960 Send 06 
03-10-18 at 03:02:53:100 Send 05 
03-10-18 at 03:02:53:120 Recived 15 
03-10-18 at 03:02:53:120 Send 06 
03-10-18 at 03:02:53:140 Send 02 06 FF 39 1E 00 00 00 DE 
03-10-18 at 03:02:53:160 Recived 06 02 10 FF 39 00 00 00 00 00 00 00 00 00 00 00 00 00 00 D6 
03-10-18 at 03:02:53:180 Send 06 
03-10-18 at 03:04:54:303 Send 05 
03-10-18 at 03:04:54:323 Recived 15 
03-10-18 at 03:04:54:323 Send 06 
03-10-18 at 03:04:54:343 Send 02 06 FF 39 1E 00 00 00 DE 
03-10-18 at 03:04:54:363 Recived 06 02 10 FF 39 00 00 00 00 00 00 00 00 00 00 00 00 00 00 D6 
03-10-18 at 03:04:54:383 Send 06 
03-10-18 at 03:06:55:523 Send 05 
03-10-18 at 03:06:55:543 Recived 15 
03-10-18 at 03:06:55:543 Send 06 
03-10-18 at 03:06:55:563 Send 02 06 FF 39 1E 00 00 00 DE 
03-10-18 at 03:06:55:583 Recived 06 02 10 FF 39 00 00 00 00 00 00 00 00 00 00 00 00 00 00 D6 
03-10-18 at 03:06:55:603 Send 06 
03-10-18 at 03:08:56:740 Send 05 
03-10-18 at 03:08:56:760 Recived 15 
03-10-18 at 03:08:56:760 Send 06 
03-10-18 at 03:08:56:780 Send 02 06 FF 39 1E 00 00 00 DE 
03-10-18 at 03:08:56:800 Recived 06 02 10 FF 39 00 00 00 00 00 00 00 00 00 00 00 00 00 00 D6 
03-10-18 at 03:08:56:820 Send 06 
03-10-18 at 03:10:57:960 Send 05 
03-10-18 at 03:10:57:980 Recived 15 
03-10-18 at 03:10:57:980 Send 06 
03-10-18 at 03:10:58:000 Send 02 06 FF 39 1E 00 00 00 DE 
03-10-18 at 03:10:58:020 Recived 06 02 10 FF 39 00 00 00 00 00 00 00 00 00 00 00 00 00 00 D6 
03-10-18 at 03:10:58:040 Send 06 
03-10-18 at 03:12:59:180 Send 05 
03-10-18 at 03:12:59:200 Recived 15 
03-10-18 at 03:12:59:200 Send 06 
03-10-18 at 03:12:59:220 Send 02 06 FF 39 1E 00 00 00 DE 
03-10-18 at 03:12:59:240 Recived 06 02 10 FF 39 00 00 00 00 00 00 00 00 00 00 00 00 00 00 D6 
03-10-18 at 03:12:59:260 Send 06 
03-10-18 at 03:15:00:433 Send 05 
03-10-18 at 03:15:00:453 Recived 15 
03-10-18 at 03:15:00:453 Send 06 
03-10-18 at 03:15:00:473 Send 02 06 FF 39 1E 00 00 00 DE 
03-10-18 at 03:15:00:493 Recived 06 02 10 FF 39 00 00 00 00 00 00 00 00 00 00 00 00 00 00 D6 
03-10-18 at 03:15:00:513 Send 06 
03-10-18 at 03:17:01:653 Send 05 
03-10-18 at 03:17:01:673 Recived 15 
03-10-18 at 03:17:01:673 Send 06 
03-10-18 at 03:17:01:693 Send 02 06 FF 39 1E 00 00 00 DE 
03-10-18 at 03:17:01:713 Recived 06 02 10 FF 39 00 00 00 00 00 00 00 00 00 00 00 00 00 00 D6 
03-10-18 at 03:17:01:733 Send 06 
03-10-18 at 03:19:02:870 Send 05 
03-10-18 at 03:19:02:890 Recived 15 
03-10-18 at 03:19:02:890 Send 06 
03-10-18 at 03:19:02:910 Send 02 06 FF 39 1E 00 00 00 DE 
03-10-18 at 03:19:02:930 Recived 06 02 10 FF 39 00 00 00 00 00 00 00 00 00 00 00 00 00 00 D6 
03-10-18 at 03:19:02:950 Send 06 
03-10-18 at 03:21:04:090 Send 05 
03-10-18 at 03:21:04:110 Recived 15 
03-10-18 at 03:21:04:110 Send 06 
03-10-18 at 03:21:04:130 Send 02 06 FF 39 1E 00 00 00 DE 
03-10-18 at 03:21:04:150 Recived 06 02 10 FF 39 00 00 00 00 00 00 00 00 00 00 00 00 00 00 D6 
03-10-18 at 03:21:04:170 Send 06 
03-10-18 at 03:23:05:310 Send 05 
03-10-18 at 03:23:05:330 Recived 15 
03-10-18 at 03:23:05:330 Send 06 
03-10-18 at 03:23:05:350 Send 02 06 FF 39 1E 00 00 00 DE 
03-10-18 at 03:23:05:370 Recived 06 02 10 FF 39 00 00 00 00 00 00 00 00 00 00 00 00 00 00 D6 
03-10-18 at 03:23:05:390 Send 06 
03-10-18 at 03:25:06:525 Send 05 
03-10-18 at 03:25:06:545 Recived 15 
03-10-18 at 03:25:06:545 Send 06 
03-10-18 at 03:25:06:565 Send 02 06 FF 39 1E 00 00 00 DE 
03-10-18 at 03:25:06:585 Recived 06 02 10 FF 39 00 00 00 00 00 00 00 00 00 00 00 00 00 00 D6 
03-10-18 at 03:25:06:605 Send 06 
03-10-18 at 03:27:07:745 Send 05 
03-10-18 at 03:27:07:765 Recived 15 
03-10-18 at 03:27:07:765 Send 06 
03-10-18 at 03:27:07:785 Send 02 06 FF 39 1E 00 00 00 DE 
03-10-18 at 03:27:07:805 Recived 06 02 10 FF 39 00 00 00 00 00 00 00 00 00 00 00 00 00 00 D6 
03-10-18 at 03:27:07:825 Send 06 
03-10-18 at 03:29:08:953 Send 05 
03-10-18 at 03:29:08:973 Recived 15 
03-10-18 at 03:29:08:973 Send 06 
03-10-18 at 03:29:08:993 Send 02 06 FF 39 1E 00 00 00 DE 
03-10-18 at 03:29:09:013 Recived 06 02 10 FF 39 00 00 00 00 00 00 00 00 00 00 00 00 00 00 D6 
03-10-18 at 03:29:09:033 Send 06 
03-10-18 at 03:31:10:173 Send 05 
03-10-18 at 03:31:10:193 Recived 15 
03-10-18 at 03:31:10:193 Send 06 
03-10-18 at 03:31:10:213 Send 02 06 FF 39 1E 00 00 00 DE 
03-10-18 at 03:31:10:233 Recived 06 02 10 FF 39 00 00 00 00 00 00 00 00 00 00 00 00 00 00 D6 
03-10-18 at 03:31:10:253 Send 06 
03-10-18 at 03:33:11:393 Send 05 
03-10-18 at 03:33:11:413 Recived 15 
03-10-18 at 03:33:11:413 Send 06 
03-10-18 at 03:33:11:433 Send 02 06 FF 39 1E 00 00 00 DE 
03-10-18 at 03:33:11:453 Recived 06 02 10 FF 39 00 00 00 00 00 00 00 00 00 00 00 00 00 00 D6 
03-10-18 at 03:33:11:473 Send 06 
03-10-18 at 03:35:12:602 Send 05 
03-10-18 at 03:35:12:622 Recived 15 
03-10-18 at 03:35:12:622 Send 06 
03-10-18 at 03:35:12:642 Send 02 06 FF 39 1E 00 00 00 DE 
03-10-18 at 03:35:12:662 Recived 06 02 10 FF 39 00 00 00 00 00 00 00 00 00 00 00 00 00 00 D6 
03-10-18 at 03:35:12:682 Send 06 
03-10-18 at 03:37:13:822 Send 05 
03-10-18 at 03:37:13:842 Recived 15 
03-10-18 at 03:37:13:842 Send 06 
03-10-18 at 03:37:13:862 Send 02 06 FF 39 1E 00 00 00 DE 
03-10-18 at 03:37:13:882 Recived 06 02 10 FF 39 00 00 00 00 00 00 00 00 00 00 00 00 00 00 D6 
03-10-18 at 03:37:13:902 Send 06 
03-10-18 at 03:39:15:033 Send 05 
03-10-18 at 03:39:15:053 Recived 15 
03-10-18 at 03:39:15:053 Send 06 
03-10-18 at 03:39:15:073 Send 02 06 FF 39 1E 00 00 00 DE 
03-10-18 at 03:39:15:093 Recived 06 02 10 FF 39 00 00 00 00 00 00 00 00 00 00 00 00 00 00 D6 
03-10-18 at 03:39:15:113 Send 06 
03-10-18 at 03:41:16:253 Send 05 
03-10-18 at 03:41:16:273 Recived 15 
03-10-18 at 03:41:16:273 Send 06 
03-10-18 at 03:41:16:293 Send 02 06 FF 39 1E 00 00 00 DE 
03-10-18 at 03:41:16:313 Recived 06 02 10 FF 39 00 00 00 00 00 00 00 00 00 00 00 00 00 00 D6 
03-10-18 at 03:41:16:333 Send 06 
03-10-18 at 03:43:17:473 Send 05 
03-10-18 at 03:43:17:493 Recived 15 
03-10-18 at 03:43:17:493 Send 06 
03-10-18 at 03:43:17:513 Send 02 06 FF 39 1E 00 00 00 DE 
03-10-18 at 03:43:17:533 Recived 06 02 10 FF 39 00 00 00 00 00 00 00 00 00 00 00 00 00 00 D6 
03-10-18 at 03:43:17:553 Send 06 
03-10-18 at 03:45:18:694 Send 05 
03-10-18 at 03:45:18:714 Recived 15 
03-10-18 at 03:45:18:714 Send 06 
03-10-18 at 03:45:18:734 Send 02 06 FF 39 1E 00 00 00 DE 
03-10-18 at 03:45:18:754 Recived 06 02 10 FF 39 00 00 00 00 00 00 00 00 00 00 00 00 00 00 D6 
03-10-18 at 03:45:18:774 Send 06 
03-10-18 at 03:47:19:914 Send 05 
03-10-18 at 03:47:19:934 Recived 15 
03-10-18 at 03:47:19:934 Send 06 
03-10-18 at 03:47:19:954 Send 02 06 FF 39 1E 00 00 00 DE 
03-10-18 at 03:47:19:974 Recived 06 02 10 FF 39 00 00 00 00 00 00 00 00 00 00 00 00 00 00 D6 
03-10-18 at 03:47:19:994 Send 06 
03-10-18 at 03:49:21:122 Send 05 
03-10-18 at 03:49:21:142 Recived 15 
03-10-18 at 03:49:21:142 Send 06 
03-10-18 at 03:49:21:162 Send 02 06 FF 39 1E 00 00 00 DE 
03-10-18 at 03:49:21:182 Recived 06 02 10 FF 39 00 00 00 00 00 00 00 00 00 00 00 00 00 00 D6 
03-10-18 at 03:49:21:202 Send 06 
03-10-18 at 03:51:22:342 Send 05 
03-10-18 at 03:51:22:362 Recived 15 
03-10-18 at 03:51:22:362 Send 06 
03-10-18 at 03:51:22:382 Send 02 06 FF 39 1E 00 00 00 DE 
03-10-18 at 03:51:22:402 Recived 06 02 10 FF 39 00 00 00 00 00 00 00 00 00 00 00 00 00 00 D6 
03-10-18 at 03:51:22:422 Send 06 
03-10-18 at 03:53:23:562 Send 05 
03-10-18 at 03:53:23:582 Recived 15 
03-10-18 at 03:53:23:582 Send 06 
03-10-18 at 03:53:23:602 Send 02 06 FF 39 1E 00 00 00 DE 
03-10-18 at 03:53:23:622 Recived 06 02 10 FF 39 00 00 00 00 00 00 00 00 00 00 00 00 00 00 D6 
03-10-18 at 03:53:23:642 Send 06 
03-10-18 at 03:55:24:784 Send 05 
03-10-18 at 03:55:24:804 Recived 15 
03-10-18 at 03:55:24:804 Send 06 
03-10-18 at 03:55:24:824 Send 02 06 FF 39 1E 00 00 00 DE 
03-10-18 at 03:55:24:844 Recived 06 02 10 FF 39 00 00 00 00 00 00 00 00 00 00 00 00 00 00 D6 
03-10-18 at 03:55:24:864 Send 06 
03-10-18 at 03:57:26:004 Send 05 
03-10-18 at 03:57:26:024 Recived 15 
03-10-18 at 03:57:26:024 Send 06 
03-10-18 at 03:57:26:044 Send 02 06 FF 39 1E 00 00 00 DE 
03-10-18 at 03:57:26:064 Recived 06 02 10 FF 39 00 00 00 00 00 00 00 00 00 00 00 00 00 00 D6 
03-10-18 at 03:57:26:084 Send 06 
03-10-18 at 03:59:27:212 Send 05 
03-10-18 at 03:59:27:232 Recived 15 
03-10-18 at 03:59:27:232 Send 06 
03-10-18 at 03:59:27:252 Send 02 06 FF 39 1E 00 00 00 DE 
03-10-18 at 03:59:27:272 Recived 06 02 10 FF 39 00 00 00 00 00 00 00 00 00 00 00 00 00 00 D6 
03-10-18 at 03:59:27:292 Send 06 
03-10-18 at 04:01:28:432 Send 05 
03-10-18 at 04:01:28:452 Recived 15 
03-10-18 at 04:01:28:452 Send 06 
03-10-18 at 04:01:28:473 Send 02 06 FF 39 1E 00 00 00 DE 
03-10-18 at 04:01:28:493 Recived 06 02 10 FF 39 00 00 00 00 00 00 00 00 00 00 00 00 00 00 D6 
03-10-18 at 04:01:28:513 Send 06 
03-10-18 at 04:03:29:653 Send 05 
03-10-18 at 04:03:29:673 Recived 15 
03-10-18 at 04:03:29:673 Send 06 
03-10-18 at 04:03:29:693 Send 02 06 FF 39 1E 00 00 00 DE 
03-10-18 at 04:03:29:713 Recived 06 02 10 FF 39 00 00 00 00 00 00 00 00 00 00 00 00 00 00 D6 
03-10-18 at 04:03:29:733 Send 06 
03-10-18 at 04:05:30:861 Send 05 
03-10-18 at 04:05:30:881 Recived 15 
03-10-18 at 04:05:30:881 Send 06 
03-10-18 at 04:05:30:901 Send 02 06 FF 39 1E 00 00 00 DE 
03-10-18 at 04:05:30:921 Recived 06 02 10 FF 39 00 00 00 00 00 00 00 00 00 00 00 00 00 00 D6 
03-10-18 at 04:05:30:941 Send 06 
03-10-18 at 04:07:32:081 Send 05 
03-10-18 at 04:07:32:101 Recived 15 
03-10-18 at 04:07:32:101 Send 06 
03-10-18 at 04:07:32:121 Send 02 06 FF 39 1E 00 00 00 DE 
03-10-18 at 04:07:32:141 Recived 06 02 10 FF 39 00 00 00 00 00 00 00 00 00 00 00 00 00 00 D6 
03-10-18 at 04:07:32:161 Send 06 
03-10-18 at 04:09:33:290 Send 05 
03-10-18 at 04:09:33:310 Recived 15 
03-10-18 at 04:09:33:310 Send 06 
03-10-18 at 04:09:33:330 Send 02 06 FF 39 1E 00 00 00 DE 
03-10-18 at 04:09:33:350 Recived 06 02 10 FF 39 00 00 00 00 00 00 00 00 00 00 00 00 00 00 D6 
03-10-18 at 04:09:33:370 Send 06 
03-10-18 at 04:11:34:510 Send 05 
03-10-18 at 04:11:34:530 Recived 15 
03-10-18 at 04:11:34:530 Send 06 
03-10-18 at 04:11:34:550 Send 02 06 FF 39 1E 00 00 00 DE 
03-10-18 at 04:11:34:570 Recived 06 02 10 FF 39 00 00 00 00 00 00 00 00 00 00 00 00 00 00 D6 
03-10-18 at 04:11:34:590 Send 06 
03-10-18 at 04:13:35:730 Send 05 
03-10-18 at 04:13:35:750 Recived 15 
03-10-18 at 04:13:35:750 Send 06 
03-10-18 at 04:13:35:770 Send 02 06 FF 39 1E 00 00 00 DE 
03-10-18 at 04:13:35:790 Recived 06 02 10 FF 39 00 00 00 00 00 00 00 00 00 00 00 00 00 00 D6 
03-10-18 at 04:13:35:810 Send 06 
03-10-18 at 04:15:36:936 Send 05 
03-10-18 at 04:15:36:956 Recived 15 
03-10-18 at 04:15:36:956 Send 06 
03-10-18 at 04:15:36:976 Send 02 06 FF 39 1E 00 00 00 DE 
03-10-18 at 04:15:36:996 Recived 06 02 10 FF 39 00 00 00 00 00 00 00 00 00 00 00 00 00 00 D6 
03-10-18 at 04:15:37:016 Send 06 
03-10-18 at 04:17:38:156 Send 05 
03-10-18 at 04:17:38:176 Recived 15 
03-10-18 at 04:17:38:176 Send 06 
03-10-18 at 04:17:38:196 Send 02 06 FF 39 1E 00 00 00 DE 
03-10-18 at 04:17:38:216 Recived 06 02 10 FF 39 00 00 00 00 00 00 00 00 00 00 00 00 00 00 D6 
03-10-18 at 04:17:38:236 Send 06 
03-10-18 at 04:19:39:383 Send 05 
03-10-18 at 04:19:39:403 Recived 15 
03-10-18 at 04:19:39:403 Send 06 
03-10-18 at 04:19:39:423 Send 02 06 FF 39 1E 00 00 00 DE 
03-10-18 at 04:19:39:443 Recived 06 02 10 FF 39 00 00 00 00 00 00 00 00 00 00 00 00 00 00 D6 
03-10-18 at 04:19:39:463 Send 06 
03-10-18 at 04:21:40:826 Send 05 
03-10-18 at 04:21:40:846 Recived 15 
03-10-18 at 04:21:40:846 Send 06 
03-10-18 at 04:21:40:866 Send 02 06 FF 39 1E 00 00 00 DE 
03-10-18 at 04:21:40:886 Recived 06 02 10 FF 39 00 00 00 00 00 00 00 00 00 00 00 00 00 00 D6 
03-10-18 at 04:21:40:906 Send 06 
03-10-18 at 04:23:42:458 Send 05 
03-10-18 at 04:23:42:478 Recived 15 
03-10-18 at 04:23:42:478 Send 06 
03-10-18 at 04:23:42:498 Send 02 06 FF 39 1E 00 00 00 DE 
03-10-18 at 04:23:42:518 Recived 06 02 10 FF 39 00 00 00 00 00 00 00 00 00 00 00 00 00 00 D6 
03-10-18 at 04:23:42:538 Send 06 
03-10-18 at 04:25:44:057 Send 05 
03-10-18 at 04:25:44:077 Recived 15 
03-10-18 at 04:25:44:077 Send 06 
03-10-18 at 04:25:44:097 Send 02 06 FF 39 1E 00 00 00 DE 
03-10-18 at 04:25:44:117 Recived 06 02 10 FF 39 00 00 00 00 00 00 00 00 00 00 00 00 00 00 D6 
03-10-18 at 04:25:44:137 Send 06 
03-10-18 at 04:27:45:423 Send 05 
03-10-18 at 04:27:45:443 Recived 15 
03-10-18 at 04:27:45:443 Send 06 
03-10-18 at 04:27:45:463 Send 02 06 FF 39 1E 00 00 00 DE 
03-10-18 at 04:27:45:483 Recived 06 02 10 FF 39 00 00 00 00 00 00 00 00 00 00 00 00 00 00 D6 
03-10-18 at 04:27:45:503 Send 06 
03-10-18 at 04:29:46:773 Send 05 
03-10-18 at 04:29:46:793 Recived 15 
03-10-18 at 04:29:46:793 Send 06 
03-10-18 at 04:29:46:813 Send 02 06 FF 39 1E 00 00 00 DE 
03-10-18 at 04:29:46:833 Recived 06 02 10 FF 39 00 00 00 00 00 00 00 00 00 00 00 00 00 00 D6 
03-10-18 at 04:29:46:853 Send 06 
03-10-18 at 04:31:48:088 Send 05 
03-10-18 at 04:31:48:108 Recived 15 
03-10-18 at 04:31:48:108 Send 06 
03-10-18 at 04:31:48:129 Send 02 06 FF 39 1E 00 00 00 DE 
03-10-18 at 04:31:48:149 Recived 06 02 10 FF 39 00 00 00 00 00 00 00 00 00 00 00 00 00 00 D6 
03-10-18 at 04:31:48:169 Send 06 
03-10-18 at 04:33:49:369 Send 05 
03-10-18 at 04:33:49:389 Recived 15 
03-10-18 at 04:33:49:389 Send 06 
03-10-18 at 04:33:49:409 Send 02 06 FF 39 1E 00 00 00 DE 
03-10-18 at 04:33:49:429 Recived 06 02 10 FF 39 00 00 00 00 00 00 00 00 00 00 00 00 00 00 D6 
03-10-18 at 04:33:49:449 Send 06 
03-10-18 at 04:35:50:645 Send 05 
03-10-18 at 04:35:50:665 Recived 15 
03-10-18 at 04:35:50:665 Send 06 
03-10-18 at 04:35:50:685 Send 02 06 FF 39 1E 00 00 00 DE 
03-10-18 at 04:35:50:705 Recived 06 02 10 FF 39 00 00 00 00 00 00 00 00 00 00 00 00 00 00 D6 
03-10-18 at 04:35:50:725 Send 06 
03-10-18 at 04:37:51:890 Send 05 
03-10-18 at 04:37:51:910 Recived 15 
03-10-18 at 04:37:51:910 Send 06 
03-10-18 at 04:37:51:930 Send 02 06 FF 39 1E 00 00 00 DE 
03-10-18 at 04:37:51:950 Recived 06 02 10 FF 39 00 00 00 00 00 00 00 00 00 00 00 00 00 00 D6 
03-10-18 at 04:37:51:970 Send 06 
03-10-18 at 04:39:53:135 Send 05 
03-10-18 at 04:39:53:155 Recived 15 
03-10-18 at 04:39:53:155 Send 06 
03-10-18 at 04:39:53:175 Send 02 06 FF 39 1E 00 00 00 DE 
03-10-18 at 04:39:53:195 Recived 06 02 10 FF 39 00 00 00 00 00 00 00 00 00 00 00 00 00 00 D6 
03-10-18 at 04:39:53:215 Send 06 
03-10-18 at 04:41:54:355 Send 05 
03-10-18 at 04:41:54:375 Recived 15 
03-10-18 at 04:41:54:375 Send 06 
03-10-18 at 04:41:54:395 Send 02 06 FF 39 1E 00 00 00 DE 
03-10-18 at 04:41:54:415 Recived 06 02 10 FF 39 00 00 00 00 00 00 00 00 00 00 00 00 00 00 D6 
03-10-18 at 04:41:54:435 Send 06 
03-10-18 at 04:43:55:588 Send 05 
03-10-18 at 04:43:55:608 Recived 15 
03-10-18 at 04:43:55:608 Send 06 
03-10-18 at 04:43:55:628 Send 02 06 FF 39 1E 00 00 00 DE 
03-10-18 at 04:43:55:648 Recived 06 02 10 FF 39 00 00 00 00 00 00 00 00 00 00 00 00 00 00 D6 
03-10-18 at 04:43:55:668 Send 06 
03-10-18 at 04:45:56:806 Send 05 
03-10-18 at 04:45:56:826 Recived 15 
03-10-18 at 04:45:56:826 Send 06 
03-10-18 at 04:45:56:846 Send 02 06 FF 39 1E 00 00 00 DE 
03-10-18 at 04:45:56:866 Recived 06 02 10 FF 39 00 00 00 00 00 00 00 00 00 00 00 00 00 00 D6 
03-10-18 at 04:45:56:886 Send 06 
03-10-18 at 04:47:58:038 Send 05 
03-10-18 at 04:47:58:058 Recived 15 
03-10-18 at 04:47:58:058 Send 06 
03-10-18 at 04:47:58:079 Send 02 06 FF 39 1E 00 00 00 DE 
03-10-18 at 04:47:58:099 Recived 06 02 10 FF 39 00 00 00 00 00 00 00 00 00 00 00 00 00 00 D6 
03-10-18 at 04:47:58:119 Send 06 
03-10-18 at 04:49:59:271 Send 05 
03-10-18 at 04:49:59:291 Recived 15 
03-10-18 at 04:49:59:291 Send 06 
03-10-18 at 04:49:59:311 Send 02 06 FF 39 1E 00 00 00 DE 
03-10-18 at 04:49:59:331 Recived 06 02 10 FF 39 00 00 00 00 00 00 00 00 00 00 00 00 00 00 D6 
03-10-18 at 04:49:59:351 Send 06 
03-10-18 at 04:52:00:506 Send 05 
03-10-18 at 04:52:00:526 Recived 15 
03-10-18 at 04:52:00:526 Send 06 
03-10-18 at 04:52:00:546 Send 02 06 FF 39 1E 00 00 00 DE 
03-10-18 at 04:52:00:566 Recived 06 02 10 FF 39 00 00 00 00 00 00 00 00 00 00 00 00 00 00 D6 
03-10-18 at 04:52:00:586 Send 06 
03-10-18 at 04:54:01:738 Send 05 
03-10-18 at 04:54:01:758 Recived 15 
03-10-18 at 04:54:01:758 Send 06 
03-10-18 at 04:54:01:778 Send 02 06 FF 39 1E 00 00 00 DE 
03-10-18 at 04:54:01:798 Recived 06 02 10 FF 39 00 00 00 00 00 00 00 00 00 00 00 00 00 00 D6 
03-10-18 at 04:54:01:818 Send 06 
03-10-18 at 04:56:02:957 Send 05 
03-10-18 at 04:56:02:977 Recived 15 
03-10-18 at 04:56:02:977 Send 06 
03-10-18 at 04:56:02:997 Send 02 06 FF 39 1E 00 00 00 DE 
03-10-18 at 04:56:03:017 Recived 06 02 10 FF 39 00 00 00 00 00 00 00 00 00 00 00 00 00 00 D6 
03-10-18 at 04:56:03:037 Send 06 
03-10-18 at 04:58:04:189 Send 05 
03-10-18 at 04:58:04:209 Recived 15 
03-10-18 at 04:58:04:209 Send 06 
03-10-18 at 04:58:04:230 Send 02 06 FF 39 1E 00 00 00 DE 
03-10-18 at 04:58:04:250 Recived 06 02 10 FF 39 00 00 00 00 00 00 00 00 00 00 00 00 00 00 D6 
03-10-18 at 04:58:04:270 Send 06 
03-10-18 at 05:00:05:422 Send 05 
03-10-18 at 05:00:05:442 Recived 15 
03-10-18 at 05:00:05:442 Send 06 
03-10-18 at 05:00:05:462 Send 02 06 FF 39 1E 00 00 00 DE 
03-10-18 at 05:00:05:482 Recived 06 02 10 FF 39 00 00 00 00 00 00 00 00 00 00 00 00 00 00 D6 
03-10-18 at 05:00:05:502 Send 06 
03-10-18 at 05:02:06:640 Send 05 
03-10-18 at 05:02:06:660 Recived 15 
03-10-18 at 05:02:06:660 Send 06 
03-10-18 at 05:02:06:680 Send 02 06 FF 39 1E 00 00 00 DE 
03-10-18 at 05:02:06:700 Recived 06 02 10 FF 39 00 00 00 00 00 00 00 00 00 00 00 00 00 00 D6 
03-10-18 at 05:02:06:720 Send 06 
03-10-18 at 05:04:07:872 Send 05 
03-10-18 at 05:04:07:892 Recived 15 
03-10-18 at 05:04:07:892 Send 06 
03-10-18 at 05:04:07:913 Send 02 06 FF 39 1E 00 00 00 DE 
03-10-18 at 05:04:07:933 Recived 06 02 10 FF 39 00 00 00 00 00 00 00 00 00 00 00 00 00 00 D6 
03-10-18 at 05:04:07:953 Send 06 
03-10-18 at 05:06:09:091 Send 05 
03-10-18 at 05:06:09:111 Recived 15 
03-10-18 at 05:06:09:111 Send 06 
03-10-18 at 05:06:09:131 Send 02 06 FF 39 1E 00 00 00 DE 
03-10-18 at 05:06:09:151 Recived 06 02 10 FF 39 00 00 00 00 00 00 00 00 00 00 00 00 00 00 D6 
03-10-18 at 05:06:09:171 Send 06 
03-10-18 at 05:08:10:323 Send 05 
03-10-18 at 05:08:10:343 Recived 15 
03-10-18 at 05:08:10:343 Send 06 
03-10-18 at 05:08:10:363 Send 02 06 FF 39 1E 00 00 00 DE 
03-10-18 at 05:08:10:383 Recived 06 02 10 FF 39 00 00 00 00 00 00 00 00 00 00 00 00 00 00 D6 
03-10-18 at 05:08:10:403 Send 06 
03-10-18 at 05:10:11:555 Send 05 
03-10-18 at 05:10:11:575 Recived 15 
03-10-18 at 05:10:11:575 Send 06 
03-10-18 at 05:10:11:596 Send 02 06 FF 39 1E 00 00 00 DE 
03-10-18 at 05:10:11:616 Recived 06 02 10 FF 39 00 00 00 00 00 00 00 00 00 00 00 00 00 00 D6 
03-10-18 at 05:10:11:636 Send 06 
03-10-18 at 05:12:12:818 Send 05 
03-10-18 at 05:12:12:838 Recived 15 
03-10-18 at 05:12:12:838 Send 06 
03-10-18 at 05:12:12:859 Send 02 06 FF 39 1E 00 00 00 DE 
03-10-18 at 05:12:12:879 Recived 06 02 10 FF 39 00 00 00 00 00 00 00 00 00 00 00 00 00 00 D6 
03-10-18 at 05:12:12:899 Send 06 
03-10-18 at 05:14:14:051 Send 05 
03-10-18 at 05:14:14:071 Recived 15 
03-10-18 at 05:14:14:071 Send 06 
03-10-18 at 05:14:14:091 Send 02 06 FF 39 1E 00 00 00 DE 
03-10-18 at 05:14:14:111 Recived 06 02 10 FF 39 00 00 00 00 00 00 00 00 00 00 00 00 00 00 D6 
03-10-18 at 05:14:14:131 Send 06 
03-10-18 at 05:16:15:270 Send 05 
03-10-18 at 05:16:15:290 Recived 15 
03-10-18 at 05:16:15:290 Send 06 
03-10-18 at 05:16:15:310 Send 02 06 FF 39 1E 00 00 00 DE 
03-10-18 at 05:16:15:330 Recived 06 02 10 FF 39 00 00 00 00 00 00 00 00 00 00 00 00 00 00 D6 
03-10-18 at 05:16:15:350 Send 06 
03-10-18 at 05:18:16:503 Send 05 
03-10-18 at 05:18:16:523 Recived 15 
03-10-18 at 05:18:16:523 Send 06 
03-10-18 at 05:18:16:543 Send 02 06 FF 39 1E 00 00 00 DE 
03-10-18 at 05:18:16:563 Recived 06 02 10 FF 39 00 00 00 00 00 00 00 00 00 00 00 00 00 00 D6 
03-10-18 at 05:18:16:583 Send 06 
03-10-18 at 05:20:17:735 Send 05 
03-10-18 at 05:20:17:755 Recived 15 
03-10-18 at 05:20:17:755 Send 06 
03-10-18 at 05:20:17:775 Send 02 06 FF 39 1E 00 00 00 DE 
03-10-18 at 05:20:17:795 Recived 06 02 10 FF 39 00 00 00 00 00 00 00 00 00 00 00 00 00 00 D6 
03-10-18 at 05:20:17:815 Send 06 
03-10-18 at 05:22:18:954 Send 05 
03-10-18 at 05:22:18:974 Recived 15 
03-10-18 at 05:22:18:974 Send 06 
03-10-18 at 05:22:18:995 Send 02 06 FF 39 1E 00 00 00 DE 
03-10-18 at 05:22:19:015 Recived 06 02 10 FF 39 00 00 00 00 00 00 00 00 00 00 00 00 00 00 D6 
03-10-18 at 05:22:19:035 Send 06 
03-10-18 at 05:24:20:187 Send 05 
03-10-18 at 05:24:20:207 Recived 15 
03-10-18 at 05:24:20:207 Send 06 
03-10-18 at 05:24:20:227 Send 02 06 FF 39 1E 00 00 00 DE 
03-10-18 at 05:24:20:247 Recived 06 02 10 FF 39 00 00 00 00 00 00 00 00 00 00 00 00 00 00 D6 
03-10-18 at 05:24:20:267 Send 06 
03-10-18 at 05:26:21:418 Send 05 
03-10-18 at 05:26:21:438 Recived 15 
03-10-18 at 05:26:21:438 Send 06 
03-10-18 at 05:26:21:458 Send 02 06 FF 39 1E 00 00 00 DE 
03-10-18 at 05:26:21:478 Recived 06 02 10 FF 39 00 00 00 00 00 00 00 00 00 00 00 00 00 00 D6 
03-10-18 at 05:26:21:498 Send 06 
03-10-18 at 05:28:22:650 Send 05 
03-10-18 at 05:28:22:670 Recived 15 
03-10-18 at 05:28:22:670 Send 06 
03-10-18 at 05:28:22:691 Send 02 06 FF 39 1E 00 00 00 DE 
03-10-18 at 05:28:22:711 Recived 06 02 10 FF 39 00 00 00 00 00 00 00 00 00 00 00 00 00 00 D6 
03-10-18 at 05:28:22:731 Send 06 
03-10-18 at 05:30:23:883 Send 05 
03-10-18 at 05:30:23:903 Recived 15 
03-10-18 at 05:30:23:903 Send 06 
03-10-18 at 05:30:23:923 Send 02 06 FF 39 1E 00 00 00 DE 
03-10-18 at 05:30:23:943 Recived 06 02 10 FF 39 00 00 00 00 00 00 00 00 00 00 00 00 00 00 D6 
03-10-18 at 05:30:23:963 Send 06 
03-10-18 at 05:32:25:117 Send 05 
03-10-18 at 05:32:25:137 Recived 15 
03-10-18 at 05:32:25:137 Send 06 
03-10-18 at 05:32:25:157 Send 02 06 FF 39 1E 00 00 00 DE 
03-10-18 at 05:32:25:177 Recived 06 02 10 FF 39 00 00 00 00 00 00 00 00 00 00 00 00 00 00 D6 
03-10-18 at 05:32:25:197 Send 06 
03-10-18 at 05:34:26:350 Send 05 
03-10-18 at 05:34:26:370 Recived 15 
03-10-18 at 05:34:26:370 Send 06 
03-10-18 at 05:34:26:390 Send 02 06 FF 39 1E 00 00 00 DE 
03-10-18 at 05:34:26:410 Recived 06 02 10 FF 39 00 00 00 00 00 00 00 00 00 00 00 00 00 00 D6 
03-10-18 at 05:34:26:430 Send 06 
03-10-18 at 05:36:27:602 Send 05 
03-10-18 at 05:36:27:622 Recived 15 
03-10-18 at 05:36:27:622 Send 06 
03-10-18 at 05:36:27:642 Send 02 06 FF 39 1E 00 00 00 DE 
03-10-18 at 05:36:27:662 Recived 06 02 10 FF 39 00 00 00 00 00 00 00 00 00 00 00 00 00 00 D6 
03-10-18 at 05:36:27:682 Send 06 
03-10-18 at 05:38:28:834 Send 05 
03-10-18 at 05:38:28:854 Recived 15 
03-10-18 at 05:38:28:855 Send 06 
03-10-18 at 05:38:28:875 Send 02 06 FF 39 1E 00 00 00 DE 
03-10-18 at 05:38:28:895 Recived 06 02 10 FF 39 00 00 00 00 00 00 00 00 00 00 00 00 00 00 D6 
03-10-18 at 05:38:28:915 Send 06 
03-10-18 at 05:40:30:067 Send 05 
03-10-18 at 05:40:30:087 Recived 15 
03-10-18 at 05:40:30:087 Send 06 
03-10-18 at 05:40:30:108 Send 02 06 FF 39 1E 00 00 00 DE 
03-10-18 at 05:40:30:128 Recived 06 02 10 FF 39 00 00 00 00 00 00 00 00 00 00 00 00 00 00 D6 
03-10-18 at 05:40:30:148 Send 06 
03-10-18 at 05:42:31:289 Send 05 
03-10-18 at 05:42:31:309 Recived 15 
03-10-18 at 05:42:31:309 Send 06 
03-10-18 at 05:42:31:329 Send 02 06 FF 39 1E 00 00 00 DE 
03-10-18 at 05:42:31:349 Recived 06 02 10 FF 39 00 00 00 00 00 00 00 00 00 00 00 00 00 00 D6 
03-10-18 at 05:42:31:369 Send 06 
03-10-18 at 05:44:32:521 Send 05 
03-10-18 at 05:44:32:541 Recived 15 
03-10-18 at 05:44:32:541 Send 06 
03-10-18 at 05:44:32:561 Send 02 06 FF 39 1E 00 00 00 DE 
03-10-18 at 05:44:32:581 Recived 06 02 10 FF 39 00 00 00 00 00 00 00 00 00 00 00 00 00 00 D6 
03-10-18 at 05:44:32:601 Send 06 
03-10-18 at 05:46:33:751 Send 05 
03-10-18 at 05:46:33:771 Recived 15 
03-10-18 at 05:46:33:771 Send 06 
03-10-18 at 05:46:33:791 Send 02 06 FF 39 1E 00 00 00 DE 
03-10-18 at 05:46:33:811 Recived 06 02 10 FF 39 00 00 00 00 00 00 00 00 00 00 00 00 00 00 D6 
03-10-18 at 05:46:33:831 Send 06 
03-10-18 at 05:48:34:983 Send 05 
03-10-18 at 05:48:35:003 Recived 15 
03-10-18 at 05:48:35:003 Send 06 
03-10-18 at 05:48:35:023 Send 02 06 FF 39 1E 00 00 00 DE 
03-10-18 at 05:48:35:043 Recived 06 02 10 FF 39 00 00 00 00 00 00 00 00 00 00 00 00 00 00 D6 
03-10-18 at 05:48:35:063 Send 06 
03-10-18 at 05:50:36:216 Send 05 
03-10-18 at 05:50:36:236 Recived 15 
03-10-18 at 05:50:36:237 Send 06 
03-10-18 at 05:50:36:257 Send 02 06 FF 39 1E 00 00 00 DE 
03-10-18 at 05:50:36:277 Recived 06 02 10 FF 39 00 00 00 00 00 00 00 00 00 00 00 00 00 00 D6 
03-10-18 at 05:50:36:297 Send 06 
03-10-18 at 05:52:37:443 Send 05 
03-10-18 at 05:52:37:463 Recived 15 
03-10-18 at 05:52:37:463 Send 06 
03-10-18 at 05:52:37:483 Send 02 06 FF 39 1E 00 00 00 DE 
03-10-18 at 05:52:37:503 Recived 06 02 10 FF 39 00 00 00 00 00 00 00 00 00 00 00 00 00 00 D6 
03-10-18 at 05:52:37:523 Send 06 
03-10-18 at 05:54:38:675 Send 05 
03-10-18 at 05:54:38:695 Recived 15 
03-10-18 at 05:54:38:695 Send 06 
03-10-18 at 05:54:38:715 Send 02 06 FF 39 1E 00 00 00 DE 
03-10-18 at 05:54:38:735 Recived 06 02 10 FF 39 00 00 00 00 00 00 00 00 00 00 00 00 00 00 D6 
03-10-18 at 05:54:38:755 Send 06 
03-10-18 at 05:56:39:908 Send 05 
03-10-18 at 05:56:39:928 Recived 15 
03-10-18 at 05:56:39:928 Send 06 
03-10-18 at 05:56:39:948 Send 02 06 FF 39 1E 00 00 00 DE 
03-10-18 at 05:56:39:968 Recived 06 02 10 FF 39 00 00 00 00 00 00 00 00 00 00 00 00 00 00 D6 
03-10-18 at 05:56:39:988 Send 06 
03-10-18 at 05:58:41:140 Send 05 
03-10-18 at 05:58:41:160 Recived 15 
03-10-18 at 05:58:41:160 Send 06 
03-10-18 at 05:58:41:180 Send 02 06 FF 39 1E 00 00 00 DE 
03-10-18 at 05:58:41:200 Recived 06 02 10 FF 39 00 00 00 00 00 00 00 00 00 00 00 00 00 00 D6 
03-10-18 at 05:58:41:220 Send 06 
03-10-18 at 06:00:42:372 Send 05 
03-10-18 at 06:00:42:392 Recived 15 
03-10-18 at 06:00:42:392 Send 06 
03-10-18 at 06:00:42:413 Send 02 06 FF 39 1E 00 00 00 DE 
03-10-18 at 06:00:42:433 Recived 06 02 10 FF 39 00 00 00 00 00 00 00 00 00 00 00 00 00 00 D6 
03-10-18 at 06:00:42:453 Send 06 
03-10-18 at 06:02:43:607 Send 05 
03-10-18 at 06:02:43:627 Recived 15 
03-10-18 at 06:02:43:627 Send 06 
03-10-18 at 06:02:43:648 Send 02 06 FF 39 1E 00 00 00 DE 
03-10-18 at 06:02:43:668 Recived 06 02 10 FF 39 00 00 00 00 00 00 00 00 00 00 00 00 00 00 D6 
03-10-18 at 06:02:43:688 Send 06 
03-10-18 at 06:04:44:840 Send 05 
03-10-18 at 06:04:44:860 Recived 15 
03-10-18 at 06:04:44:860 Send 06 
03-10-18 at 06:04:44:880 Send 02 06 FF 39 1E 00 00 00 DE 
03-10-18 at 06:04:44:900 Recived 06 02 10 FF 39 00 00 00 00 00 00 00 00 00 00 00 00 00 00 D6 
03-10-18 at 06:04:44:920 Send 06 
03-10-18 at 06:06:46:099 Send 05 
03-10-18 at 06:06:46:119 Recived 15 
03-10-18 at 06:06:46:119 Send 06 
03-10-18 at 06:06:46:139 Send 02 06 FF 39 1E 00 00 00 DE 
03-10-18 at 06:06:46:159 Recived 06 02 10 FF 39 00 00 00 00 00 00 00 00 00 00 00 00 00 00 D6 
03-10-18 at 06:06:46:179 Send 06 
03-10-18 at 06:08:47:331 Send 05 
03-10-18 at 06:08:47:351 Recived 15 
03-10-18 at 06:08:47:351 Send 06 
03-10-18 at 06:08:47:371 Send 02 06 FF 39 1E 00 00 00 DE 
03-10-18 at 06:08:47:391 Recived 06 02 10 FF 39 00 00 00 00 00 00 00 00 00 00 00 00 00 00 D6 
03-10-18 at 06:08:47:411 Send 06 
03-10-18 at 06:10:48:563 Send 05 
03-10-18 at 06:10:48:583 Recived 15 
03-10-18 at 06:10:48:584 Send 06 
03-10-18 at 06:10:48:604 Send 02 06 FF 39 1E 00 00 00 DE 
03-10-18 at 06:10:48:624 Recived 06 02 10 FF 39 00 00 00 00 00 00 00 00 00 00 00 00 00 00 D6 
03-10-18 at 06:10:48:644 Send 06 
03-10-18 at 06:12:49:791 Send 05 
03-10-18 at 06:12:49:811 Recived 15 
03-10-18 at 06:12:49:811 Send 06 
03-10-18 at 06:12:49:832 Send 02 06 FF 39 1E 00 00 00 DE 
03-10-18 at 06:12:49:852 Recived 06 02 10 FF 39 00 00 00 00 00 00 00 00 00 00 00 00 00 00 D6 
03-10-18 at 06:12:49:872 Send 06 
03-10-18 at 06:14:51:024 Send 05 
03-10-18 at 06:14:51:044 Recived 15 
03-10-18 at 06:14:51:044 Send 06 
03-10-18 at 06:14:51:064 Send 02 06 FF 39 1E 00 00 00 DE 
03-10-18 at 06:14:51:084 Recived 06 02 10 FF 39 00 00 00 00 00 00 00 00 00 00 00 00 00 00 D6 
03-10-18 at 06:14:51:104 Send 06 
03-10-18 at 06:16:52:243 Send 05 
03-10-18 at 06:16:52:263 Recived 15 
03-10-18 at 06:16:52:263 Send 06 
03-10-18 at 06:16:52:283 Send 02 06 FF 39 1E 00 00 00 DE 
03-10-18 at 06:16:52:303 Recived 06 02 10 FF 39 00 00 00 00 00 00 00 00 00 00 00 00 00 00 D6 
03-10-18 at 06:16:52:323 Send 06 
03-10-18 at 06:18:53:475 Send 05 
03-10-18 at 06:18:53:495 Recived 15 
03-10-18 at 06:18:53:495 Send 06 
03-10-18 at 06:18:53:515 Send 02 06 FF 39 1E 00 00 00 DE 
03-10-18 at 06:18:53:535 Recived 06 02 10 FF 39 00 00 00 00 00 00 00 00 00 00 00 00 00 00 D6 
03-10-18 at 06:18:53:555 Send 06 
03-10-18 at 06:20:54:707 Send 05 
03-10-18 at 06:20:54:727 Recived 15 
03-10-18 at 06:20:54:727 Send 06 
03-10-18 at 06:20:54:747 Send 02 06 FF 39 1E 00 00 00 DE 
03-10-18 at 06:20:54:767 Recived 06 02 10 FF 39 00 00 00 00 00 00 00 00 00 00 00 00 00 00 D6 
03-10-18 at 06:20:54:787 Send 06 
03-10-18 at 06:22:55:935 Send 05 
03-10-18 at 06:22:55:955 Recived 15 
03-10-18 at 06:22:55:956 Send 06 
03-10-18 at 06:22:55:976 Send 02 06 FF 39 1E 00 00 00 DE 
03-10-18 at 06:22:55:996 Recived 06 02 10 FF 39 00 00 00 00 00 00 00 00 00 00 00 00 00 00 D6 
03-10-18 at 06:22:56:016 Send 06 
03-10-18 at 06:24:57:169 Send 05 
03-10-18 at 06:24:57:189 Recived 15 
03-10-18 at 06:24:57:189 Send 06 
03-10-18 at 06:24:57:210 Send 02 06 FF 39 1E 00 00 00 DE 
03-10-18 at 06:24:57:230 Recived 06 02 10 FF 39 00 00 00 00 00 00 00 00 00 00 00 00 00 00 D6 
03-10-18 at 06:24:57:250 Send 06 
03-10-18 at 06:26:58:395 Send 05 
03-10-18 at 06:26:58:415 Recived 15 
03-10-18 at 06:26:58:415 Send 06 
03-10-18 at 06:26:58:435 Send 02 06 FF 39 1E 00 00 00 DE 
03-10-18 at 06:26:58:455 Recived 06 02 10 FF 39 00 00 00 00 00 00 00 00 00 00 00 00 00 00 D6 
03-10-18 at 06:26:58:475 Send 06 
03-10-18 at 06:28:59:627 Send 05 
03-10-18 at 06:28:59:647 Recived 15 
03-10-18 at 06:28:59:647 Send 06 
03-10-18 at 06:28:59:667 Send 02 06 FF 39 1E 00 00 00 DE 
03-10-18 at 06:28:59:687 Recived 06 02 10 FF 39 00 00 00 00 00 00 00 00 00 00 00 00 00 00 D6 
03-10-18 at 06:28:59:707 Send 06 
03-10-18 at 06:31:00:859 Send 05 
03-10-18 at 06:31:00:879 Recived 15 
03-10-18 at 06:31:00:879 Send 06 
03-10-18 at 06:31:00:899 Send 02 06 FF 39 1E 00 00 00 DE 
03-10-18 at 06:31:00:919 Recived 06 02 10 FF 39 00 00 00 00 00 00 00 00 00 00 00 00 00 00 D6 
03-10-18 at 06:31:00:939 Send 06 
03-10-18 at 06:33:02:085 Send 05 
03-10-18 at 06:33:02:105 Recived 15 
03-10-18 at 06:33:02:105 Send 06 
03-10-18 at 06:33:02:125 Send 02 06 FF 39 1E 00 00 00 DE 
03-10-18 at 06:33:02:145 Recived 06 02 10 FF 39 00 00 00 00 00 00 00 00 00 00 00 00 00 00 D6 
03-10-18 at 06:33:02:165 Send 06 
03-10-18 at 06:35:03:317 Send 05 
03-10-18 at 06:35:03:337 Recived 15 
03-10-18 at 06:35:03:338 Send 06 
03-10-18 at 06:35:03:358 Send 02 06 FF 39 1E 00 00 00 DE 
03-10-18 at 06:35:03:378 Recived 06 02 10 FF 39 00 00 00 00 00 00 00 00 00 00 00 00 00 00 D6 
03-10-18 at 06:35:03:398 Send 06 
03-10-18 at 06:37:04:539 Send 05 
03-10-18 at 06:37:04:559 Recived 15 
03-10-18 at 06:37:04:559 Send 06 
03-10-18 at 06:37:04:579 Send 02 06 FF 39 1E 00 00 00 DE 
03-10-18 at 06:37:04:599 Recived 06 02 10 FF 39 00 00 00 00 00 00 00 00 00 00 00 00 00 00 D6 
03-10-18 at 06:37:04:619 Send 06 
03-10-18 at 06:39:05:771 Send 05 
03-10-18 at 06:39:05:791 Recived 15 
03-10-18 at 06:39:05:791 Send 06 
03-10-18 at 06:39:05:811 Send 02 06 FF 39 1E 00 00 00 DE 
03-10-18 at 06:39:05:831 Recived 06 02 10 FF 39 00 00 00 00 00 00 00 00 00 00 00 00 00 00 D6 
03-10-18 at 06:39:05:851 Send 06 
03-10-18 at 06:41:07:004 Send 05 
03-10-18 at 06:41:07:024 Recived 15 
03-10-18 at 06:41:07:024 Send 06 
03-10-18 at 06:41:07:044 Send 02 06 FF 39 1E 00 00 00 DE 
03-10-18 at 06:41:07:064 Recived 06 02 10 FF 39 00 00 00 00 00 00 00 00 00 00 00 00 00 00 D6 
03-10-18 at 06:41:07:084 Send 06 
03-10-18 at 06:43:08:224 Send 05 
03-10-18 at 06:43:08:244 Recived 15 
03-10-18 at 06:43:08:244 Send 06 
03-10-18 at 06:43:08:264 Send 02 06 FF 39 1E 00 00 00 DE 
03-10-18 at 06:43:08:284 Recived 06 02 10 FF 39 00 00 00 00 00 00 00 00 00 00 00 00 00 00 D6 
03-10-18 at 06:43:08:304 Send 06 
03-10-18 at 06:45:09:456 Send 05 
03-10-18 at 06:45:09:476 Recived 15 
03-10-18 at 06:45:09:476 Send 06 
03-10-18 at 06:45:09:496 Send 02 06 FF 39 1E 00 00 00 DE 
03-10-18 at 06:45:09:516 Recived 06 02 10 FF 39 00 00 00 00 00 00 00 00 00 00 00 00 00 00 D6 
03-10-18 at 06:45:09:536 Send 06 
03-10-18 at 06:47:10:672 Send 05 
03-10-18 at 06:47:10:692 Recived 15 
03-10-18 at 06:47:10:692 Send 06 
03-10-18 at 06:47:10:712 Send 02 06 FF 39 1E 00 00 00 DE 
03-10-18 at 06:47:10:732 Recived 06 02 10 FF 39 00 00 00 00 00 00 00 00 00 00 00 00 00 00 D6 
03-10-18 at 06:47:10:752 Send 06 
03-10-18 at 06:49:11:904 Send 05 
03-10-18 at 06:49:11:924 Recived 15 
03-10-18 at 06:49:11:925 Send 06 
03-10-18 at 06:49:11:945 Send 02 06 FF 39 1E 00 00 00 DE 
03-10-18 at 06:49:11:965 Recived 06 02 10 FF 39 00 00 00 00 00 00 00 00 00 00 00 00 00 00 D6 
03-10-18 at 06:49:11:985 Send 06 
03-10-18 at 06:51:13:137 Send 05 
03-10-18 at 06:51:13:157 Recived 15 
03-10-18 at 06:51:13:157 Send 06 
03-10-18 at 06:51:13:177 Send 02 06 FF 39 1E 00 00 00 DE 
03-10-18 at 06:51:13:197 Recived 06 02 10 FF 39 00 00 00 00 00 00 00 00 00 00 00 00 00 00 D6 
03-10-18 at 06:51:13:217 Send 06 
03-10-18 at 06:53:14:364 Send 05 
03-10-18 at 06:53:14:384 Recived 15 
03-10-18 at 06:53:14:384 Send 06 
03-10-18 at 06:53:14:404 Send 02 06 FF 39 1E 00 00 00 DE 
03-10-18 at 06:53:14:424 Recived 06 02 10 FF 39 00 00 00 00 00 00 00 00 00 00 00 00 00 00 D6 
03-10-18 at 06:53:14:444 Send 06 
03-10-18 at 06:55:15:596 Send 05 
03-10-18 at 06:55:15:616 Recived 15 
03-10-18 at 06:55:15:616 Send 06 
03-10-18 at 06:55:15:636 Send 02 06 FF 39 1E 00 00 00 DE 
03-10-18 at 06:55:15:656 Recived 06 02 10 FF 39 00 00 00 00 00 00 00 00 00 00 00 00 00 00 D6 
03-10-18 at 06:55:15:676 Send 06 
03-10-18 at 06:57:16:811 Send 05 
03-10-18 at 06:57:16:831 Recived 15 
03-10-18 at 06:57:16:831 Send 06 
03-10-18 at 06:57:16:851 Send 02 06 FF 39 1E 00 00 00 DE 
03-10-18 at 06:57:16:871 Recived 06 02 10 FF 39 00 00 00 00 00 00 00 00 00 00 00 00 00 00 D6 
03-10-18 at 06:57:16:891 Send 06 
03-10-18 at 06:59:18:043 Send 05 
03-10-18 at 06:59:18:063 Recived 15 
03-10-18 at 06:59:18:063 Send 06 
03-10-18 at 06:59:18:083 Send 02 06 FF 39 1E 00 00 00 DE 
03-10-18 at 06:59:18:103 Recived 06 02 10 FF 39 00 00 00 00 00 00 00 00 00 00 00 00 00 00 D6 
03-10-18 at 06:59:18:123 Send 06 
03-10-18 at 07:01:19:275 Send 05 
03-10-18 at 07:01:19:295 Recived 15 
03-10-18 at 07:01:19:296 Send 06 
03-10-18 at 07:01:19:316 Send 02 06 FF 39 1E 00 00 00 DE 
03-10-18 at 07:01:19:336 Recived 06 02 10 FF 39 00 00 00 00 00 00 00 00 00 00 00 00 00 00 D6 
03-10-18 at 07:01:19:356 Send 06 
03-10-18 at 07:03:20:496 Send 05 
03-10-18 at 07:03:20:516 Recived 15 
03-10-18 at 07:03:20:516 Send 06 
03-10-18 at 07:03:20:536 Send 02 06 FF 39 1E 00 00 00 DE 
03-10-18 at 07:03:20:556 Recived 06 02 10 FF 39 00 00 00 00 00 00 00 00 00 00 00 00 00 00 D6 
03-10-18 at 07:03:20:576 Send 06 
03-10-18 at 07:05:21:728 Send 05 
03-10-18 at 07:05:21:748 Recived 15 
03-10-18 at 07:05:21:748 Send 06 
03-10-18 at 07:05:21:768 Send 02 06 FF 39 1E 00 00 00 DE 
03-10-18 at 07:05:21:788 Recived 06 02 10 FF 39 00 00 00 00 00 00 00 00 00 00 00 00 00 00 D6 
03-10-18 at 07:05:21:808 Send 06 
03-10-18 at 07:07:22:958 Send 05 
03-10-18 at 07:07:22:978 Recived 15 
03-10-18 at 07:07:22:978 Send 06 
03-10-18 at 07:07:22:998 Send 02 06 FF 39 1E 00 00 00 DE 
03-10-18 at 07:07:23:018 Recived 06 02 10 FF 39 00 00 00 00 00 00 00 00 00 00 00 00 00 00 D6 
03-10-18 at 07:07:23:038 Send 06 
03-10-18 at 07:09:24:183 Send 05 
03-10-18 at 07:09:24:203 Recived 15 
03-10-18 at 07:09:24:203 Send 06 
03-10-18 at 07:09:24:223 Send 02 06 FF 39 1E 00 00 00 DE 
03-10-18 at 07:09:24:243 Recived 06 02 10 FF 39 00 00 00 00 00 00 00 00 00 00 00 00 00 00 D6 
03-10-18 at 07:09:24:263 Send 06 
03-10-18 at 07:11:25:415 Send 05 
03-10-18 at 07:11:25:435 Recived 15 
03-10-18 at 07:11:25:435 Send 06 
03-10-18 at 07:11:25:456 Send 02 06 FF 39 1E 00 00 00 DE 
03-10-18 at 07:11:25:476 Recived 06 02 10 FF 39 00 00 00 00 00 00 00 00 00 00 00 00 00 00 D6 
03-10-18 at 07:11:25:496 Send 06 
03-10-18 at 07:13:26:639 Send 05 
03-10-18 at 07:13:26:659 Recived 15 
03-10-18 at 07:13:26:659 Send 06 
03-10-18 at 07:13:26:679 Send 02 06 FF 39 1E 00 00 00 DE 
03-10-18 at 07:13:26:699 Recived 06 02 10 FF 39 00 00 00 00 00 00 00 00 00 00 00 00 00 00 D6 
03-10-18 at 07:13:26:719 Send 06 
03-10-18 at 07:15:27:871 Send 05 
03-10-18 at 07:15:27:891 Recived 15 
03-10-18 at 07:15:27:891 Send 06 
03-10-18 at 07:15:27:911 Send 02 06 FF 39 1E 00 00 00 DE 
03-10-18 at 07:15:27:931 Recived 06 02 10 FF 39 00 00 00 00 00 00 00 00 00 00 00 00 00 00 D6 
03-10-18 at 07:15:27:951 Send 06 
03-10-18 at 07:17:29:103 Send 05 
03-10-18 at 07:17:29:123 Recived 15 
03-10-18 at 07:17:29:123 Send 06 
03-10-18 at 07:17:29:143 Send 02 06 FF 39 1E 00 00 00 DE 
03-10-18 at 07:17:29:163 Recived 06 02 10 FF 39 00 00 00 00 00 00 00 00 00 00 00 00 00 00 D6 
03-10-18 at 07:17:29:183 Send 06 
03-10-18 at 07:19:30:330 Send 05 
03-10-18 at 07:19:30:350 Recived 15 
03-10-18 at 07:19:30:350 Send 06 
03-10-18 at 07:19:30:370 Send 02 06 FF 39 1E 00 00 00 DE 
03-10-18 at 07:19:30:390 Recived 06 02 10 FF 39 00 00 00 00 00 00 00 00 00 00 00 00 00 00 D6 
03-10-18 at 07:19:30:410 Send 06 
03-10-18 at 07:21:31:562 Send 05 
03-10-18 at 07:21:31:582 Recived 15 
03-10-18 at 07:21:31:583 Send 06 
03-10-18 at 07:21:31:603 Send 02 06 FF 39 1E 00 00 00 DE 
03-10-18 at 07:21:31:623 Recived 06 02 10 FF 39 00 00 00 00 00 00 00 00 00 00 00 00 00 00 D6 
03-10-18 at 07:21:31:643 Send 06 
03-10-18 at 07:23:32:796 Send 05 
03-10-18 at 07:23:32:816 Recived 15 
03-10-18 at 07:23:32:817 Send 06 
03-10-18 at 07:23:32:837 Send 02 06 FF 39 1E 00 00 00 DE 
03-10-18 at 07:23:32:857 Recived 06 02 10 FF 39 00 00 00 00 00 00 00 00 00 00 00 00 00 00 D6 
03-10-18 at 07:23:32:877 Send 06 
03-10-18 at 07:25:34:029 Send 05 
03-10-18 at 07:25:34:049 Recived 15 
03-10-18 at 07:25:34:050 Send 06 
03-10-18 at 07:25:34:070 Send 02 06 FF 39 1E 00 00 00 DE 
03-10-18 at 07:25:34:090 Recived 06 02 10 FF 39 00 00 00 00 00 00 00 00 00 00 00 00 00 00 D6 
03-10-18 at 07:25:34:110 Send 06 
03-10-18 at 07:27:35:262 Send 05 
03-10-18 at 07:27:35:282 Recived 15 
03-10-18 at 07:27:35:282 Send 06 
03-10-18 at 07:27:35:303 Send 02 06 FF 39 1E 00 00 00 DE 
03-10-18 at 07:27:35:323 Recived 06 02 10 FF 39 00 00 00 00 00 00 00 00 00 00 00 00 00 00 D6 
03-10-18 at 07:27:35:343 Send 06 
03-10-18 at 07:29:36:491 Send 05 
03-10-18 at 07:29:36:511 Recived 15 
03-10-18 at 07:29:36:511 Send 06 
03-10-18 at 07:29:36:531 Send 02 06 FF 39 1E 00 00 00 DE 
03-10-18 at 07:29:36:551 Recived 06 02 10 FF 39 00 00 00 00 00 00 00 00 00 00 00 00 00 00 D6 
03-10-18 at 07:29:36:571 Send 06 
03-10-18 at 07:31:37:723 Send 05 
03-10-18 at 07:31:37:743 Recived 15 
03-10-18 at 07:31:37:743 Send 06 
03-10-18 at 07:31:37:763 Send 02 06 FF 39 1E 00 00 00 DE 
03-10-18 at 07:31:37:783 Recived 06 02 10 FF 39 00 00 00 00 00 00 00 00 00 00 00 00 00 00 D6 
03-10-18 at 07:31:37:803 Send 06 
03-10-18 at 07:33:38:958 Send 05 
03-10-18 at 07:33:38:978 Recived 15 
03-10-18 at 07:33:38:978 Send 06 
03-10-18 at 07:33:38:998 Send 02 06 FF 39 1E 00 00 00 DE 
03-10-18 at 07:33:39:018 Recived 06 02 10 FF 39 00 00 00 00 00 00 00 00 00 00 00 00 00 00 D6 
03-10-18 at 07:33:39:038 Send 06 
03-10-18 at 07:35:40:190 Send 05 
03-10-18 at 07:35:40:210 Recived 15 
03-10-18 at 07:35:40:210 Send 06 
03-10-18 at 07:35:40:230 Send 02 06 FF 39 1E 00 00 00 DE 
03-10-18 at 07:35:40:250 Recived 06 02 10 FF 39 00 00 00 00 00 00 00 00 00 00 00 00 00 00 D6 
03-10-18 at 07:35:40:270 Send 06 
03-10-18 at 07:37:41:422 Send 05 
03-10-18 at 07:37:41:443 Recived 15 
03-10-18 at 07:37:41:444 Send 06 
03-10-18 at 07:37:41:464 Send 02 06 FF 39 1E 00 00 00 DE 
03-10-18 at 07:37:41:484 Recived 06 02 10 FF 39 00 00 00 00 00 00 00 00 00 00 00 00 00 00 D6 
03-10-18 at 07:37:41:504 Send 06 
03-10-18 at 07:39:42:650 Send 05 
03-10-18 at 07:39:42:670 Recived 15 
03-10-18 at 07:39:42:671 Send 06 
03-10-18 at 07:39:42:691 Send 02 06 FF 39 1E 00 00 00 DE 
03-10-18 at 07:39:42:711 Recived 06 02 10 FF 39 00 00 00 00 00 00 00 00 00 00 00 00 00 00 D6 
03-10-18 at 07:39:42:731 Send 06 
03-10-18 at 07:41:43:883 Send 05 
03-10-18 at 07:41:43:903 Recived 15 
03-10-18 at 07:41:43:903 Send 06 
03-10-18 at 07:41:43:923 Send 02 06 FF 39 1E 00 00 00 DE 
03-10-18 at 07:41:43:943 Recived 06 02 10 FF 39 00 00 00 00 00 00 00 00 00 00 00 00 00 00 D6 
03-10-18 at 07:41:43:963 Send 06 
03-10-18 at 07:43:45:114 Send 05 
03-10-18 at 07:43:45:134 Recived 15 
03-10-18 at 07:43:45:134 Send 06 
03-10-18 at 07:43:45:154 Send 02 06 FF 39 1E 00 00 00 DE 
03-10-18 at 07:43:45:174 Recived 06 02 10 FF 39 00 00 00 00 00 00 00 00 00 00 00 00 00 00 D6 
03-10-18 at 07:43:45:194 Send 06 
03-10-18 at 07:45:46:346 Send 05 
03-10-18 at 07:45:46:366 Recived 15 
03-10-18 at 07:45:46:367 Send 06 
03-10-18 at 07:45:46:387 Send 02 06 FF 39 1E 00 00 00 DE 
03-10-18 at 07:45:46:407 Recived 06 02 10 FF 39 00 00 00 00 00 00 00 00 00 00 00 00 00 00 D6 
03-10-18 at 07:45:46:427 Send 06 
03-10-18 at 07:47:47:580 Send 05 
03-10-18 at 07:47:47:600 Recived 15 
03-10-18 at 07:47:47:600 Send 06 
03-10-18 at 07:47:47:620 Send 02 06 FF 39 1E 00 00 00 DE 
03-10-18 at 07:47:47:640 Recived 06 02 10 FF 39 00 00 00 00 00 00 00 00 00 00 00 00 00 00 D6 
03-10-18 at 07:47:47:660 Send 06 
03-10-18 at 07:49:48:831 Send 05 
03-10-18 at 07:49:48:851 Recived 15 
03-10-18 at 07:49:48:851 Send 06 
03-10-18 at 07:49:48:871 Send 02 06 FF 39 1E 00 00 00 DE 
03-10-18 at 07:49:48:891 Recived 06 02 10 FF 39 00 00 00 00 00 00 00 00 00 00 00 00 00 00 D6 
03-10-18 at 07:49:48:911 Send 06 
03-10-18 at 07:51:50:063 Send 05 
03-10-18 at 07:51:50:083 Recived 15 
03-10-18 at 07:51:50:083 Send 06 
03-10-18 at 07:51:50:103 Send 02 06 FF 39 1E 00 00 00 DE 
03-10-18 at 07:51:50:123 Recived 06 02 10 FF 39 00 00 00 00 00 00 00 00 00 00 00 00 00 00 D6 
03-10-18 at 07:51:50:143 Send 06 
03-10-18 at 07:53:51:284 Send 05 
03-10-18 at 07:53:51:304 Recived 15 
03-10-18 at 07:53:51:304 Send 06 
03-10-18 at 07:53:51:324 Send 02 06 FF 39 1E 00 00 00 DE 
03-10-18 at 07:53:51:344 Recived 06 02 10 FF 39 00 00 00 00 00 00 00 00 00 00 00 00 00 00 D6 
03-10-18 at 07:53:51:364 Send 06 
03-10-18 at 07:55:52:516 Send 05 
03-10-18 at 07:55:52:536 Recived 15 
03-10-18 at 07:55:52:536 Send 06 
03-10-18 at 07:55:52:556 Send 02 06 FF 39 1E 00 00 00 DE 
03-10-18 at 07:55:52:576 Recived 06 02 10 FF 39 00 00 00 00 00 00 00 00 00 00 00 00 00 00 D6 
03-10-18 at 07:55:52:596 Send 06 
03-10-18 at 07:57:53:748 Send 05 
03-10-18 at 07:57:53:769 Recived 15 
03-10-18 at 07:57:53:770 Send 06 
03-10-18 at 07:57:53:790 Send 02 06 FF 39 1E 00 00 00 DE 
03-10-18 at 07:57:53:810 Recived 06 02 10 FF 39 00 00 00 00 00 00 00 00 00 00 00 00 00 00 D6 
03-10-18 at 07:57:53:830 Send 06 
03-10-18 at 07:59:54:984 Send 05 
03-10-18 at 07:59:55:004 Recived 15 
03-10-18 at 07:59:55:004 Send 06 
03-10-18 at 07:59:55:024 Send 02 06 FF 39 1E 00 00 00 DE 
03-10-18 at 07:59:55:044 Recived 06 02 10 FF 39 00 00 00 00 00 00 00 00 00 00 00 00 00 00 D6 
03-10-18 at 07:59:55:064 Send 06 
03-10-18 at 08:01:56:216 Send 05 
03-10-18 at 08:01:56:236 Recived 15 
03-10-18 at 08:01:56:237 Send 06 
03-10-18 at 08:01:56:257 Send 02 06 FF 39 1E 00 00 00 DE 
03-10-18 at 08:01:56:277 Recived 06 02 10 FF 39 00 00 00 00 00 00 00 00 00 00 00 00 00 00 D6 
03-10-18 at 08:01:56:297 Send 06 
03-10-18 at 08:03:57:440 Send 05 
03-10-18 at 08:03:57:460 Recived 15 
03-10-18 at 08:03:57:460 Send 06 
03-10-18 at 08:03:57:480 Send 02 06 FF 39 1E 00 00 00 DE 
03-10-18 at 08:03:57:500 Recived 06 02 10 FF 39 00 00 00 00 00 00 00 00 00 00 00 00 00 00 D6 
03-10-18 at 08:03:57:520 Send 06 
03-10-18 at 08:05:58:672 Send 05 
03-10-18 at 08:05:58:692 Recived 15 
03-10-18 at 08:05:58:692 Send 06 
03-10-18 at 08:05:58:712 Send 02 06 FF 39 1E 00 00 00 DE 
03-10-18 at 08:05:58:732 Recived 06 02 10 FF 39 00 00 00 00 00 00 00 00 00 00 00 00 00 00 D6 
03-10-18 at 08:05:58:752 Send 06 
03-10-18 at 08:07:59:904 Send 05 
03-10-18 at 08:07:59:924 Recived 15 
03-10-18 at 08:07:59:924 Send 06 
03-10-18 at 08:07:59:944 Send 02 06 FF 39 1E 00 00 00 DE 
03-10-18 at 08:07:59:964 Recived 06 02 10 FF 39 00 00 00 00 00 00 00 00 00 00 00 00 00 00 D6 
03-10-18 at 08:07:59:984 Send 06 
03-10-18 at 08:10:01:138 Send 05 
03-10-18 at 08:10:01:158 Recived 15 
03-10-18 at 08:10:01:158 Send 06 
03-10-18 at 08:10:01:178 Send 02 06 FF 39 1E 00 00 00 DE 
03-10-18 at 08:10:01:198 Recived 06 02 10 FF 39 00 00 00 00 00 00 00 00 00 00 00 00 00 00 D6 
03-10-18 at 08:10:01:218 Send 06 
03-10-18 at 08:12:02:370 Send 05 
03-10-18 at 08:12:02:390 Recived 15 
03-10-18 at 08:12:02:390 Send 06 
03-10-18 at 08:12:02:410 Send 02 06 FF 39 1E 00 00 00 DE 
03-10-18 at 08:12:02:430 Recived 06 02 10 FF 39 00 00 00 00 00 00 00 00 00 00 00 00 00 00 D6 
03-10-18 at 08:12:02:450 Send 06 
03-10-18 at 08:14:03:588 Send 05 
03-10-18 at 08:14:03:608 Recived 15 
03-10-18 at 08:14:03:608 Send 06 
03-10-18 at 08:14:03:628 Send 02 06 FF 39 1E 00 00 00 DE 
03-10-18 at 08:14:03:648 Recived 06 02 10 FF 39 00 00 00 00 00 00 00 00 00 00 00 00 00 00 D6 
03-10-18 at 08:14:03:668 Send 06 
03-10-18 at 08:16:04:820 Send 05 
03-10-18 at 08:16:04:841 Recived 15 
03-10-18 at 08:16:04:842 Send 06 
03-10-18 at 08:16:04:862 Send 02 06 FF 39 1E 00 00 00 DE 
03-10-18 at 08:16:04:883 Recived 06 02 10 FF 39 00 00 00 00 00 00 00 00 00 00 00 00 00 00 D6 
03-10-18 at 08:16:04:904 Send 06 
03-10-18 at 08:18:06:056 Send 05 
03-10-18 at 08:18:06:077 Recived 15 
03-10-18 at 08:18:06:078 Send 06 
03-10-18 at 08:18:06:098 Send 02 06 FF 39 1E 00 00 00 DE 
03-10-18 at 08:18:06:118 Recived 06 02 10 FF 39 00 00 00 00 00 00 00 00 00 00 00 00 00 00 D6 
03-10-18 at 08:18:06:138 Send 06 
03-10-18 at 08:20:07:335 Send 05 
03-10-18 at 08:20:07:356 Recived 15 
03-10-18 at 08:20:07:357 Send 06 
03-10-18 at 08:20:07:377 Send 02 06 FF 39 1E 00 00 00 DE 
03-10-18 at 08:20:07:397 Recived 06 02 10 FF 39 00 00 00 00 00 00 00 00 00 00 00 00 00 00 D6 
03-10-18 at 08:20:07:417 Send 06 
03-10-18 at 08:22:08:569 Send 05 
03-10-18 at 08:22:08:589 Recived 15 
03-10-18 at 08:22:08:590 Send 06 
03-10-18 at 08:22:08:610 Send 02 06 FF 39 1E 00 00 00 DE 
03-10-18 at 08:22:08:630 Recived 06 02 10 FF 39 00 00 00 00 00 00 00 00 00 00 00 00 00 00 D6 
03-10-18 at 08:22:08:650 Send 06 
03-10-18 at 08:24:09:814 Send 05 
03-10-18 at 08:24:09:834 Recived 15 
03-10-18 at 08:24:09:834 Send 06 
03-10-18 at 08:24:09:854 Send 02 06 FF 39 1E 00 00 00 DE 
03-10-18 at 08:24:09:874 Recived 06 02 10 FF 39 00 00 00 00 00 00 00 00 00 00 00 00 00 00 D6 
03-10-18 at 08:24:09:894 Send 06 
03-10-18 at 08:26:11:046 Send 05 
03-10-18 at 08:26:11:066 Recived 15 
03-10-18 at 08:26:11:066 Send 06 
03-10-18 at 08:26:11:086 Send 02 06 FF 39 1E 00 00 00 DE 
03-10-18 at 08:26:11:106 Recived 06 02 10 FF 39 00 00 00 00 00 00 00 00 00 00 00 00 00 00 D6 
03-10-18 at 08:26:11:126 Send 06 
03-10-18 at 08:28:12:278 Send 05 
03-10-18 at 08:28:12:298 Recived 15 
03-10-18 at 08:28:12:298 Send 06 
03-10-18 at 08:28:12:318 Send 02 06 FF 39 1E 00 00 00 DE 
03-10-18 at 08:28:12:338 Recived 06 02 10 FF 39 00 00 00 00 00 00 00 00 00 00 00 00 00 00 D6 
03-10-18 at 08:28:12:358 Send 06 
03-10-18 at 08:30:13:495 Send 05 
03-10-18 at 08:30:13:515 Recived 15 
03-10-18 at 08:30:13:515 Send 06 
03-10-18 at 08:30:13:535 Send 02 06 FF 39 1E 00 00 00 DE 
03-10-18 at 08:30:13:555 Recived 06 02 10 FF 39 00 00 00 00 00 00 00 00 00 00 00 00 00 00 D6 
03-10-18 at 08:30:13:575 Send 06 
03-10-18 at 08:32:14:727 Send 05 
03-10-18 at 08:32:14:747 Recived 15 
03-10-18 at 08:32:14:747 Send 06 
03-10-18 at 08:32:14:768 Send 02 06 FF 39 1E 00 00 00 DE 
03-10-18 at 08:32:14:788 Recived 06 02 10 FF 39 00 00 00 00 00 00 00 00 00 00 00 00 00 00 D6 
03-10-18 at 08:32:14:808 Send 06 
03-10-18 at 08:34:15:949 Send 05 
03-10-18 at 08:34:15:969 Recived 15 
03-10-18 at 08:34:15:969 Send 06 
03-10-18 at 08:34:15:989 Send 02 06 FF 39 1E 00 00 00 DE 
03-10-18 at 08:34:16:009 Recived 06 02 10 FF 39 00 00 00 00 00 00 00 00 00 00 00 00 00 00 D6 
03-10-18 at 08:34:16:029 Send 06 
03-10-18 at 08:36:17:182 Send 05 
03-10-18 at 08:36:17:203 Recived 15 
03-10-18 at 08:36:17:204 Send 06 
03-10-18 at 08:36:17:225 Send 02 06 FF 39 1E 00 00 00 DE 
03-10-18 at 08:36:17:246 Recived 06 02 10 FF 39 00 00 00 00 00 00 00 00 00 00 00 00 00 00 D6 
03-10-18 at 08:36:17:267 Send 06 
03-10-18 at 08:38:18:420 Send 05 
03-10-18 at 08:38:18:440 Recived 15 
03-10-18 at 08:38:18:440 Send 06 
03-10-18 at 08:38:18:460 Send 02 06 FF 39 1E 00 00 00 DE 
03-10-18 at 08:38:18:480 Recived 06 02 10 FF 39 00 00 00 00 00 00 00 00 00 00 00 00 00 00 D6 
03-10-18 at 08:38:18:500 Send 06 
03-10-18 at 08:40:19:648 Send 05 
03-10-18 at 08:40:19:668 Recived 15 
03-10-18 at 08:40:19:668 Send 06 
03-10-18 at 08:40:19:688 Send 02 06 FF 39 1E 00 00 00 DE 
03-10-18 at 08:40:19:708 Recived 06 02 10 FF 39 00 00 00 00 00 00 00 00 00 00 00 00 00 00 D6 
03-10-18 at 08:40:19:728 Send 06 
03-10-18 at 08:42:20:880 Send 05 
03-10-18 at 08:42:20:901 Recived 15 
03-10-18 at 08:42:20:902 Send 06 
03-10-18 at 08:42:20:922 Send 02 06 FF 39 1E 00 00 00 DE 
03-10-18 at 08:42:20:943 Recived 06 02 10 FF 39 00 00 00 00 00 00 00 00 00 00 00 00 00 00 D6 
03-10-18 at 08:42:20:963 Send 06 
03-10-18 at 08:44:22:109 Send 05 
03-10-18 at 08:44:22:129 Recived 15 
03-10-18 at 08:44:22:129 Send 06 
03-10-18 at 08:44:22:149 Send 02 06 FF 39 1E 00 00 00 DE 
03-10-18 at 08:44:22:169 Recived 06 02 10 FF 39 00 00 00 00 00 00 00 00 00 00 00 00 00 00 D6 
03-10-18 at 08:44:22:189 Send 06 
03-10-18 at 08:46:23:341 Send 05 
03-10-18 at 08:46:23:361 Recived 15 
03-10-18 at 08:46:23:362 Send 06 
03-10-18 at 08:46:23:382 Send 02 06 FF 39 1E 00 00 00 DE 
03-10-18 at 08:46:23:402 Recived 06 02 10 FF 39 00 00 00 00 00 00 00 00 00 00 00 00 00 00 D6 
03-10-18 at 08:46:23:422 Send 06 
03-10-18 at 08:48:24:574 Send 05 
03-10-18 at 08:48:24:594 Recived 15 
03-10-18 at 08:48:24:595 Send 06 
03-10-18 at 08:48:24:615 Send 02 06 FF 39 1E 00 00 00 DE 
03-10-18 at 08:48:24:635 Recived 06 02 10 FF 39 00 00 00 00 00 00 00 00 00 00 00 00 00 00 D6 
03-10-18 at 08:48:24:655 Send 06 
03-10-18 at 08:50:25:803 Send 05 
03-10-18 at 08:50:25:823 Recived 15 
03-10-18 at 08:50:25:823 Send 06 
03-10-18 at 08:50:25:843 Send 02 06 FF 39 1E 00 00 00 DE 
03-10-18 at 08:50:25:863 Recived 06 02 10 FF 39 00 00 00 00 00 00 00 00 00 00 00 00 00 00 D6 
03-10-18 at 08:50:25:883 Send 06 
03-10-18 at 08:52:27:036 Send 05 
03-10-18 at 08:52:27:056 Recived 15 
03-10-18 at 08:52:27:056 Send 06 
03-10-18 at 08:52:27:076 Send 02 06 FF 39 1E 00 00 00 DE 
03-10-18 at 08:52:27:096 Recived 06 02 10 FF 39 00 00 00 00 00 00 00 00 00 00 00 00 00 00 D6 
03-10-18 at 08:52:27:116 Send 06 
03-10-18 at 08:54:28:262 Send 05 
03-10-18 at 08:54:28:282 Recived 15 
03-10-18 at 08:54:28:282 Send 06 
03-10-18 at 08:54:28:302 Send 02 06 FF 39 1E 00 00 00 DE 
03-10-18 at 08:54:28:322 Recived 06 02 10 FF 39 00 00 00 00 00 00 00 00 00 00 00 00 00 00 D6 
03-10-18 at 08:54:28:342 Send 06 
03-10-18 at 08:56:29:494 Send 05 
03-10-18 at 08:56:29:514 Recived 15 
03-10-18 at 08:56:29:514 Send 06 
03-10-18 at 08:56:29:535 Send 02 06 FF 39 1E 00 00 00 DE 
03-10-18 at 08:56:29:555 Recived 06 02 10 FF 39 00 00 00 00 00 00 00 00 00 00 00 00 00 00 D6 
03-10-18 at 08:56:29:575 Send 06 
03-10-18 at 08:58:30:727 Send 05 
03-10-18 at 08:58:30:747 Recived 15 
03-10-18 at 08:58:30:747 Send 06 
03-10-18 at 08:58:30:767 Send 02 06 FF 39 1E 00 00 00 DE 
03-10-18 at 08:58:30:787 Recived 06 02 10 FF 39 00 00 00 00 00 00 00 00 00 00 00 00 00 00 D6 
03-10-18 at 08:58:30:807 Send 06 
03-10-18 at 09:00:31:952 Send 05 
03-10-18 at 09:00:31:972 Recived 15 
03-10-18 at 09:00:31:974 Send 06 
03-10-18 at 09:00:31:994 Send 02 06 FF 39 1E 00 00 00 DE 
03-10-18 at 09:00:32:015 Recived 06 02 10 FF 39 00 00 00 00 00 00 00 00 00 00 00 00 00 00 D6 
03-10-18 at 09:00:32:036 Send 06 
03-10-18 at 09:02:33:189 Send 05 
03-10-18 at 09:02:33:209 Recived 15 
03-10-18 at 09:02:33:209 Send 06 
03-10-18 at 09:02:33:229 Send 02 06 FF 39 1E 00 00 00 DE 
03-10-18 at 09:02:33:249 Recived 06 02 10 FF 39 00 00 00 00 00 00 00 00 00 00 00 00 00 00 D6 
03-10-18 at 09:02:33:269 Send 06 
03-10-18 at 09:04:34:408 Send 05 
03-10-18 at 09:04:34:428 Recived 15 
03-10-18 at 09:04:34:428 Send 06 
03-10-18 at 09:04:34:448 Send 02 06 FF 39 1E 00 00 00 DE 
03-10-18 at 09:04:34:468 Recived 06 02 10 FF 39 00 00 00 00 00 00 00 00 00 00 00 00 00 00 D6 
03-10-18 at 09:04:34:488 Send 06 
03-10-18 at 09:06:35:641 Send 05 
03-10-18 at 09:06:35:661 Recived 15 
03-10-18 at 09:06:35:663 Send 06 
03-10-18 at 09:06:35:683 Send 02 06 FF 39 1E 00 00 00 DE 
03-10-18 at 09:06:35:704 Recived 06 02 10 FF 39 00 00 00 00 00 00 00 00 00 00 00 00 00 00 D6 
03-10-18 at 09:06:35:725 Send 06 
03-10-18 at 09:08:36:878 Send 05 
03-10-18 at 09:08:36:899 Recived 15 
03-10-18 at 09:08:36:900 Send 06 
03-10-18 at 09:08:36:921 Send 02 06 FF 39 1E 00 00 00 DE 
03-10-18 at 09:08:36:942 Recived 06 02 10 FF 39 00 00 00 00 00 00 00 00 00 00 00 00 00 00 D6 
03-10-18 at 09:08:36:963 Send 06 
03-10-18 at 09:10:38:108 Send 05 
03-10-18 at 09:10:38:129 Recived 15 
03-10-18 at 09:10:38:130 Send 06 
03-10-18 at 09:10:38:150 Send 02 06 FF 39 1E 00 00 00 DE 
03-10-18 at 09:10:38:170 Recived 06 02 10 FF 39 00 00 00 00 00 00 00 00 00 00 00 00 00 00 D6 
03-10-18 at 09:10:38:190 Send 06 
03-10-18 at 09:12:39:343 Send 05 
03-10-18 at 09:12:39:363 Recived 15 
03-10-18 at 09:12:39:364 Send 06 
03-10-18 at 09:12:39:384 Send 02 06 FF 39 1E 00 00 00 DE 
03-10-18 at 09:12:39:404 Recived 06 02 10 FF 39 00 00 00 00 00 00 00 00 00 00 00 00 00 00 D6 
03-10-18 at 09:12:39:424 Send 06 
03-10-18 at 09:14:40:566 Send 05 
03-10-18 at 09:14:40:586 Recived 15 
03-10-18 at 09:14:40:586 Send 06 
03-10-18 at 09:14:40:606 Send 02 06 FF 39 1E 00 00 00 DE 
03-10-18 at 09:14:40:626 Recived 06 02 10 FF 39 00 00 00 00 00 00 00 00 00 00 00 00 00 00 D6 
03-10-18 at 09:14:40:646 Send 06 
03-10-18 at 09:16:41:797 Send 05 
03-10-18 at 09:16:41:817 Recived 15 
03-10-18 at 09:16:41:817 Send 06 
03-10-18 at 09:16:41:837 Send 02 06 FF 39 1E 00 00 00 DE 
03-10-18 at 09:16:41:857 Recived 06 02 10 FF 39 00 00 00 00 00 00 00 00 00 00 00 00 00 00 D6 
03-10-18 at 09:16:41:877 Send 06 
03-10-18 at 09:18:43:029 Send 05 
03-10-18 at 09:18:43:049 Recived 15 
03-10-18 at 09:18:43:049 Send 06 
03-10-18 at 09:18:43:069 Send 02 06 FF 39 1E 00 00 00 DE 
03-10-18 at 09:18:43:089 Recived 06 02 10 FF 39 00 00 00 00 00 00 00 00 00 00 00 00 00 00 D6 
03-10-18 at 09:18:43:109 Send 06 
03-10-18 at 09:20:44:253 Send 05 
03-10-18 at 09:20:44:273 Recived 15 
03-10-18 at 09:20:44:273 Send 06 
03-10-18 at 09:20:44:293 Send 02 06 FF 39 1E 00 00 00 DE 
03-10-18 at 09:20:44:313 Recived 06 02 10 FF 39 00 00 00 00 00 00 00 00 00 00 00 00 00 00 D6 
03-10-18 at 09:20:44:333 Send 06 
03-10-18 at 09:22:45:485 Send 05 
03-10-18 at 09:22:45:505 Recived 15 
03-10-18 at 09:22:45:506 Send 06 
03-10-18 at 09:22:45:526 Send 02 06 FF 39 1E 00 00 00 DE 
03-10-18 at 09:22:45:546 Recived 06 02 10 FF 39 00 00 00 00 00 00 00 00 00 00 00 00 00 00 D6 
03-10-18 at 09:22:45:566 Send 06 
03-10-18 at 09:24:46:718 Send 05 
03-10-18 at 09:24:46:738 Recived 15 
03-10-18 at 09:24:46:738 Send 06 
03-10-18 at 09:24:46:759 Send 02 06 FF 39 1E 00 00 00 DE 
03-10-18 at 09:24:46:779 Recived 06 02 10 FF 39 00 00 00 00 00 00 00 00 00 00 00 00 00 00 D6 
03-10-18 at 09:24:46:799 Send 06 
03-10-18 at 09:26:47:952 Send 05 
03-10-18 at 09:26:47:972 Recived 15 
03-10-18 at 09:26:47:972 Send 06 
03-10-18 at 09:26:47:992 Send 02 06 FF 39 1E 00 00 00 DE 
03-10-18 at 09:26:48:012 Recived 06 02 10 FF 39 00 00 00 00 00 00 00 00 00 00 00 00 00 00 D6 
03-10-18 at 09:26:48:032 Send 06 
03-10-18 at 09:28:49:184 Send 05 
03-10-18 at 09:28:49:204 Recived 15 
03-10-18 at 09:28:49:204 Send 06 
03-10-18 at 09:28:49:224 Send 02 06 FF 39 1E 00 00 00 DE 
03-10-18 at 09:28:49:244 Recived 06 02 10 FF 39 00 00 00 00 00 00 00 00 00 00 00 00 00 00 D6 
03-10-18 at 09:28:49:264 Send 06 
03-10-18 at 09:30:50:417 Send 05 
03-10-18 at 09:30:50:437 Recived 15 
03-10-18 at 09:30:50:437 Send 06 
03-10-18 at 09:30:50:457 Send 02 06 FF 39 1E 00 00 00 DE 
03-10-18 at 09:30:50:477 Recived 06 02 10 FF 39 00 00 00 00 00 00 00 00 00 00 00 00 00 00 D6 
03-10-18 at 09:30:50:497 Send 06 
03-10-18 at 09:32:51:649 Send 05 
03-10-18 at 09:32:51:669 Recived 15 
03-10-18 at 09:32:51:669 Send 06 
03-10-18 at 09:32:51:689 Send 02 06 FF 39 1E 00 00 00 DE 
03-10-18 at 09:32:51:709 Recived 06 02 10 FF 39 00 00 00 00 00 00 00 00 00 00 00 00 00 00 D6 
03-10-18 at 09:32:51:729 Send 06 
03-10-18 at 09:34:52:882 Send 05 
03-10-18 at 09:34:52:904 Recived 15 
03-10-18 at 09:34:52:906 Send 06 
03-10-18 at 09:34:52:927 Send 02 06 FF 39 1E 00 00 00 DE 
03-10-18 at 09:34:52:949 Recived 06 02 10 FF 39 00 00 00 00 00 00 00 00 00 00 00 00 00 00 D6 
03-10-18 at 09:34:52:971 Send 06 
03-10-18 at 09:36:54:113 Send 05 
03-10-18 at 09:36:54:134 Recived 15 
03-10-18 at 09:36:54:136 Send 06 
03-10-18 at 09:36:54:157 Send 02 06 FF 39 1E 00 00 00 DE 
03-10-18 at 09:36:54:178 Recived 06 02 10 FF 39 00 00 00 00 00 00 00 00 00 00 00 00 00 00 D6 
03-10-18 at 09:36:54:199 Send 06 
03-10-18 at 09:38:55:352 Send 05 
03-10-18 at 09:38:55:373 Recived 15 
03-10-18 at 09:38:55:375 Send 06 
03-10-18 at 09:38:55:396 Send 02 06 FF 39 1E 00 00 00 DE 
03-10-18 at 09:38:55:417 Recived 06 02 10 FF 39 00 00 00 00 00 00 00 00 00 00 00 00 00 00 D6 
03-10-18 at 09:38:55:438 Send 06 
03-10-18 at 09:40:56:602 Send 05 
03-10-18 at 09:40:56:622 Recived 15 
03-10-18 at 09:40:56:622 Send 06 
03-10-18 at 09:40:56:642 Send 02 06 FF 39 1E 00 00 00 DE 
03-10-18 at 09:40:56:662 Recived 06 02 10 FF 39 00 00 00 00 00 00 00 00 00 00 00 00 00 00 D6 
03-10-18 at 09:40:56:682 Send 06 
03-10-18 at 09:42:57:835 Send 05 
03-10-18 at 09:42:57:855 Recived 15 
03-10-18 at 09:42:57:855 Send 06 
03-10-18 at 09:42:57:875 Send 02 06 FF 39 1E 00 00 00 DE 
03-10-18 at 09:42:57:895 Recived 06 02 10 FF 39 00 00 00 00 00 00 00 00 00 00 00 00 00 00 D6 
03-10-18 at 09:42:57:915 Send 06 
03-10-18 at 09:44:59:068 Send 05 
03-10-18 at 09:44:59:089 Recived 15 
03-10-18 at 09:44:59:091 Send 06 
03-10-18 at 09:44:59:112 Send 02 06 FF 39 1E 00 00 00 DE 
03-10-18 at 09:44:59:133 Recived 06 02 10 FF 39 00 00 00 00 00 00 00 00 00 00 00 00 00 00 D6 
03-10-18 at 09:44:59:154 Send 06 
03-10-18 at 09:47:00:292 Send 05 
03-10-18 at 09:47:00:313 Recived 15 
03-10-18 at 09:47:00:315 Send 06 
03-10-18 at 09:47:00:336 Send 02 06 FF 39 1E 00 00 00 DE 
03-10-18 at 09:47:00:357 Recived 06 02 10 FF 39 00 00 00 00 00 00 00 00 00 00 00 00 00 00 D6 
03-10-18 at 09:47:00:378 Send 06 
03-10-18 at 09:47:50:844 total calculated
03-10-18 at 09:47:50:846 now show on display
03-10-18 at 09:47:50:847                     :          0.00
03-10-18 at 09:47:50:849 now clear port error ...
03-10-18 at 09:47:50:850 now write to port ...
03-10-18 at 09:47:50:985 ... done
03-10-18 at 09:47:50:988 total calculated
03-10-18 at 09:47:50:989 now show on display
03-10-18 at 09:47:50:991                     :          0.00
03-10-18 at 09:47:50:992 now clear port error ...
03-10-18 at 09:47:50:994 now write to port ...
03-10-18 at 09:47:51:157 ... done
03-10-18 at 09:47:51:163   
03-10-18 at 09:47:51:165   
