03-09-18 at 11:42:09:904 Запуск программы. Инициализация считана из файла
03-09-18 at 11:42:09:904 Чек загружен.
03-09-18 at 11:42:09:904 total calculated
03-09-18 at 11:42:09:905 now show on display
03-09-18 at 11:42:09:905                     Всего:          0.00
03-09-18 at 11:42:09:905 now open port for display
03-09-18 at 11:42:09:906 Com port opened
03-09-18 at 11:42:09:906 now clear port error ...
03-09-18 at 11:42:09:906 now write to port ...
03-09-18 at 11:42:10:040 ... done
03-09-18 at 11:42:10:040 Чек сжат
03-09-18 at 11:42:10:040 Сумма чека посчитана
03-09-18 at 11:42:10:040 Кардридер создан
03-09-18 at 11:42:10:041 Задание запуска модулей создано
03-09-18 at 11:42:10:041 Сканер создан
03-09-18 at 11:42:10:041 Запуск потока обмена COM-порта
03-09-18 at 11:42:10:041 Регистратор создан
03-09-18 at 11:42:10:041 Часы созданы
03-09-18 at 11:42:10:042 Регистратор запущен
03-09-18 at 11:42:10:043 Сканер запущен
03-09-18 at 11:42:10:043 Часы запущены
03-09-18 at 11:42:10:043 Кардридер запущен
03-09-18 at 11:42:10:043 Передача данных запущена
03-09-18 at 11:42:10:043 Вход в FRInit mstar
03-09-18 at 11:42:10:043 Вход в GetStatus
03-09-18 at 11:42:10:063 Send 05 
03-09-18 at 11:42:10:083 Recived 15 
03-09-18 at 11:42:10:083 Send 06 
03-09-18 at 11:42:10:103 Send 02 05 11 1E 00 00 00 0A 
03-09-18 at 11:42:10:123 Recived 06 02 30 11 00 1E 43 31 CB D3 19 04 12 01 71 00 92 02 03 00 00 4E 41 00 00 01 01 10 03 09 12 0B 2A 0A 00 2E 5D 00 00 17 00 00 00 00 00 D2 E9 1E 42 01 00 97 
03-09-18 at 11:42:10:143 Send 06 
03-09-18 at 11:42:10:143 KKMStatus 0000
03-09-18 at 11:42:10:163 Send 05 
03-09-18 at 11:42:10:183 Recived 15 
03-09-18 at 11:42:10:183 Send 06 
03-09-18 at 11:42:10:203 Send 02 05 11 1E 00 00 00 0A 
03-09-18 at 11:42:10:223 Recived 06 02 30 11 00 1E 43 31 CB D3 19 04 12 01 71 00 92 02 03 00 00 4E 41 00 00 01 01 10 03 09 12 0B 2A 0A 00 2E 5D 00 00 17 00 00 00 00 00 D2 E9 1E 42 01 00 97 
03-09-18 at 11:42:10:243 Send 06 
03-09-18 at 11:42:10:243 KKMStatus 0300
03-09-18 at 11:42:10:243 Номер ФР считан
03-09-18 at 11:42:10:472 СУБД подключена
03-09-18 at 11:42:10:513 Send 05 
03-09-18 at 11:42:10:533 Recived 15 
03-09-18 at 11:42:10:533 Send 06 
03-09-18 at 11:42:10:553 Send 02 17 1E 1E 00 00 00 05 03 00 01 CA 41 D0 D2 CE C9 20 56 49 53 41 2F 4D 43 92 
03-09-18 at 11:42:10:574 Recived 06 02 02 1E 00 1C 
03-09-18 at 11:42:10:594 Send 06 
03-09-18 at 11:42:10:614 Send 05 
03-09-18 at 11:42:10:634 Recived 15 
03-09-18 at 11:42:10:634 Send 06 
03-09-18 at 11:42:10:654 Send 02 18 1E 1E 00 00 00 05 04 00 01 C4 D0 D3 C3 C8 CC C8 20 CA C0 D0 D2 C0 CC C8 3C 
03-09-18 at 11:42:10:675 Recived 06 02 02 1E 00 1C 
03-09-18 at 11:42:10:695 Send 06 
03-09-18 at 11:42:10:715 Send 05 
03-09-18 at 11:42:10:735 Recived 15 
03-09-18 at 11:42:10:735 Send 06 
03-09-18 at 11:42:10:755 Send 02 1D 1E 1E 00 00 00 05 0E 00 01 CF CE C4 C0 D0 CE D7 CD DB CC C8 20 CA C0 D0 D2 C0 CC C8 00 25 
03-09-18 at 11:42:10:776 Recived 06 02 02 1E 00 1C 
03-09-18 at 11:42:10:796 Send 06 
03-09-18 at 11:42:10:816 Send 05 
03-09-18 at 11:42:10:836 Recived 15 
03-09-18 at 11:42:10:836 Send 06 
03-09-18 at 11:42:10:856 Send 02 0A 1E 1E 00 00 00 01 01 00 01 01 0A 
03-09-18 at 11:42:10:876 Recived 06 02 02 1E 00 1C 
03-09-18 at 11:42:10:896 Send 06 
03-09-18 at 11:42:10:916 Send 05 
03-09-18 at 11:42:10:936 Recived 15 
03-09-18 at 11:42:10:936 Send 06 
03-09-18 at 11:42:10:956 Send 02 0A 1E 1E 00 00 00 01 01 00 05 02 0D 
03-09-18 at 11:42:10:976 Recived 06 02 02 1E 00 1C 
03-09-18 at 11:42:10:996 Send 06 
03-09-18 at 11:42:11:016 Send 05 
03-09-18 at 11:42:11:036 Recived 15 
03-09-18 at 11:42:11:036 Send 06 
03-09-18 at 11:42:11:056 Send 02 0A 1E 1E 00 00 00 01 01 00 23 01 28 
03-09-18 at 11:42:11:076 Recived 06 02 02 1E 00 1C 
03-09-18 at 11:42:11:096 Send 06 
03-09-18 at 11:42:11:116 Send 05 
03-09-18 at 11:42:11:136 Recived 15 
03-09-18 at 11:42:11:136 Send 06 
03-09-18 at 11:42:11:156 Send 02 0A 1E 1E 00 00 00 01 01 00 06 00 0C 
03-09-18 at 11:42:11:176 Recived 06 02 02 1E 00 1C 
03-09-18 at 11:42:11:196 Send 06 
03-09-18 at 11:42:11:216 Send 05 
03-09-18 at 11:42:11:236 Recived 15 
03-09-18 at 11:42:11:236 Send 06 
03-09-18 at 11:42:11:256 Send 02 0A 1E 1E 00 00 00 01 01 00 07 01 0C 
03-09-18 at 11:42:11:276 Recived 06 02 02 1E 00 1C 
03-09-18 at 11:42:11:296 Send 06 
03-09-18 at 11:42:11:316 Send 05 
03-09-18 at 11:42:11:336 Recived 15 
03-09-18 at 11:42:11:336 Send 06 
03-09-18 at 11:42:11:356 Send 02 0A 1E 1E 00 00 00 01 01 00 14 01 1F 
03-09-18 at 11:42:11:376 Recived 06 02 02 1E 00 1C 
03-09-18 at 11:42:11:396 Send 06 
03-09-18 at 11:42:11:416 Send 05 
03-09-18 at 11:42:11:436 Recived 15 
03-09-18 at 11:42:11:436 Send 06 
03-09-18 at 11:42:11:456 Send 02 0A 1E 1E 00 00 00 01 01 00 15 01 1E 
03-09-18 at 11:42:11:476 Recived 06 02 02 1E 00 1C 
03-09-18 at 11:42:11:496 Send 06 
03-09-18 at 11:42:11:516 Send 05 
03-09-18 at 11:42:11:536 Recived 15 
03-09-18 at 11:42:11:536 Send 06 
03-09-18 at 11:42:11:556 Send 02 0A 1E 1E 00 00 00 01 01 00 0F 00 05 
03-09-18 at 11:42:11:576 Recived 06 02 02 1E 00 1C 
03-09-18 at 11:42:11:596 Send 06 
03-09-18 at 11:42:11:616 Send 05 
03-09-18 at 11:42:11:636 Recived 15 
03-09-18 at 11:42:11:636 Send 06 
03-09-18 at 11:42:11:656 Send 02 0A 1E 1E 00 00 00 01 01 00 11 00 1B 
03-09-18 at 11:42:11:676 Recived 06 02 02 1E 00 1C 
03-09-18 at 11:42:11:696 Send 06 
03-09-18 at 11:42:11:716 Send 05 
03-09-18 at 11:42:11:736 Recived 15 
03-09-18 at 11:42:11:736 Send 06 
03-09-18 at 11:42:11:756 Send 02 0A 1E 1E 00 00 00 11 01 00 03 02 1B 
03-09-18 at 11:42:11:776 Recived 06 02 02 1E 00 1C 
03-09-18 at 11:42:11:796 Send 06 
03-09-18 at 11:42:11:816 Send 05 
03-09-18 at 11:42:11:836 Recived 15 
03-09-18 at 11:42:11:836 Send 06 
03-09-18 at 11:42:11:856 Send 02 0A 1E 1E 00 00 00 11 01 00 0C 00 16 
03-09-18 at 11:42:11:876 Recived 06 02 02 1E 00 1C 
03-09-18 at 11:42:11:896 Send 06 
03-09-18 at 11:42:11:916 Send 05 
03-09-18 at 11:42:11:936 Recived 15 
03-09-18 at 11:42:11:936 Send 06 
03-09-18 at 11:42:11:956 Send 02 0A 1E 1E 00 00 00 01 01 00 29 01 22 
03-09-18 at 11:42:11:976 Recived 06 02 02 1E 00 1C 
03-09-18 at 11:42:11:996 Send 06 
03-09-18 at 11:42:12:016 Send 05 
03-09-18 at 11:42:12:036 Recived 15 
03-09-18 at 11:42:12:036 Send 06 
03-09-18 at 11:42:12:056 Send 02 26 1E 1E 00 00 00 04 0C 00 01 20 20 20 20 20 20 20 20 20 20 20 C4 CE C1 D0 CE 20 CF CE C6 C0 CB CE C2 C0 D2 DC 21 00 D5 
03-09-18 at 11:42:12:079 Recived 06 02 02 1E 00 1C 
03-09-18 at 11:42:12:099 Send 06 
03-09-18 at 11:42:12:119 Send 05 
03-09-18 at 11:42:12:139 Recived 15 
03-09-18 at 11:42:12:139 Send 06 
03-09-18 at 11:42:12:159 Send 02 29 1E 1E 00 00 00 04 0D 00 01 20 20 20 20 20 20 20 20 CE CE CE 20 CA EE EC EF E0 ED E8 FF 20 27 CA CE CB CE D0 CB CE CD 27 00 CB 
03-09-18 at 11:42:12:182 Recived 06 02 02 1E 00 1C 
03-09-18 at 11:42:12:202 Send 06 
03-09-18 at 11:42:12:222 Send 05 
03-09-18 at 11:42:12:242 Recived 15 
03-09-18 at 11:42:12:242 Send 06 
03-09-18 at 11:42:12:262 Send 02 2D 1E 1E 00 00 00 04 0E 00 01 20 20 20 20 20 CC E0 E3 E0 E7 E8 ED 20 27 C2 F1 E5 20 F2 EE E2 E0 F0 FB 20 E4 EB FF 20 E4 EE EC E0 27 20 00 DE 
03-09-18 at 11:42:12:285 Recived 06 02 02 1E 00 1C 
03-09-18 at 11:42:12:305 Send 06 
03-09-18 at 11:42:12:432 now clear port error ...
03-09-18 at 11:42:12:432 now write to port ...
03-09-18 at 11:42:12:565 ... done
03-09-18 at 11:42:12:608 Send 05 
03-09-18 at 11:42:12:628 Recived 15 
03-09-18 at 11:42:12:628 Send 06 
03-09-18 at 11:42:12:648 Send 02 06 1A 1E 00 00 00 79 7B 
03-09-18 at 11:42:12:668 Recived 06 02 09 1A 00 1E 00 00 00 00 00 00 0D 
03-09-18 at 11:42:12:688 Send 06 
03-09-18 at 11:42:15:047 Cardreader  Антонов Сергей 
03-09-18 at 11:42:15:055 Send 05 
03-09-18 at 11:42:15:075 Recived 15 
03-09-18 at 11:42:15:075 Send 06 
03-09-18 at 11:42:15:095 Send 02 19 1E 1E 00 00 00 02 1E 00 02 C0 ED F2 EE ED EE E2 20 D1 E5 F0 E3 E5 E9 20 00 FC 
03-09-18 at 11:42:15:118 Recived 06 02 02 1E 00 1C 
03-09-18 at 11:42:15:138 Send 06 
03-09-18 at 11:42:15:140 now clear port error ...
03-09-18 at 11:42:15:142 now write to port ...
03-09-18 at 11:42:15:276 ... done
03-09-18 at 11:42:16:058 Send 05 
03-09-18 at 11:42:16:078 Recived 15 
03-09-18 at 11:42:16:078 Send 06 
03-09-18 at 11:42:16:098 Send 02 06 FF 39 1E 00 00 00 DE 
03-09-18 at 11:42:16:118 Recived 06 02 10 FF 39 00 00 00 00 00 00 00 00 00 00 00 00 00 00 D6 
03-09-18 at 11:42:16:138 Send 06 
03-09-18 at 11:42:17:638 Send 05 
03-09-18 at 11:42:17:658 Recived 15 
03-09-18 at 11:42:17:658 Send 06 
03-09-18 at 11:42:17:678 Send 02 2E 17 1E 00 00 00 03 20 20 CF EE E4 E0 F0 EE F7 ED FB E5 20 EA E0 F0 F2 FB 20 ED E5 20 EF F0 EE E4 E0 E2 E0 EB E8 F1 FC 00 00 00 00 00 00 00 39 
03-09-18 at 11:42:17:702 Recived 06 02 03 17 00 1E 0A 
03-09-18 at 11:42:17:722 Send 06 
03-09-18 at 11:42:17:742 Send 05 
03-09-18 at 11:42:17:762 Recived 15 
03-09-18 at 11:42:17:762 Send 06 
03-09-18 at 11:42:17:782 Send 02 2E 17 1E 00 00 00 03 2D 2D 2D 2D 2D 2D 2D 2D 2D 2D 2D 2D 2D 2D 2D 2D 2D 2D 2D 2D 2D 2D 2D 2D 2D 2D 2D 2D 2D 2D 2D 2D 2D 2D 2D 2D 2D 2D 2D 2D 24 
03-09-18 at 11:42:17:806 Recived 06 02 03 17 00 1E 0A 
03-09-18 at 11:42:17:826 Send 06 
03-09-18 at 11:42:17:846 Send 05 
03-09-18 at 11:42:17:866 Recived 15 
03-09-18 at 11:42:17:866 Send 06 
03-09-18 at 11:42:17:886 Send 02 05 41 1E 00 00 00 5A 
03-09-18 at 11:42:17:906 Recived 06 
03-09-18 at 11:42:18:246 Recived 02 03 41 00 1E 5C 
03-09-18 at 11:42:18:266 Send 06 
03-09-18 at 11:42:18:268 111
03-09-18 at 11:42:21:726 Send 05 
03-09-18 at 11:42:21:746 Recived 15 
03-09-18 at 11:42:21:746 Send 06 
03-09-18 at 11:42:21:766 Send 02 08 21 1E 00 00 00 0B 2A 15 03 
03-09-18 at 11:42:21:786 Recived 06 02 02 21 00 23 
03-09-18 at 11:42:21:806 Send 06 
03-09-18 at 11:42:21:807 Вход в GetStatus
03-09-18 at 11:42:21:826 Send 05 
03-09-18 at 11:42:21:846 Recived 15 
03-09-18 at 11:42:21:846 Send 06 
03-09-18 at 11:42:21:866 Send 02 05 11 1E 00 00 00 0A 
03-09-18 at 11:42:21:886 Recived 06 02 30 11 00 1E 43 31 CB D3 19 04 12 01 72 00 92 02 04 00 00 4E 41 00 00 01 01 10 03 09 12 0B 2A 15 00 2E 5D 00 00 18 00 00 00 00 00 D2 E9 1E 42 01 00 83 
03-09-18 at 11:42:21:906 Send 06 
03-09-18 at 11:42:21:907 KKMStatus 0000
03-09-18 at 11:42:21:926 Send 05 
03-09-18 at 11:42:21:946 Recived 15 
03-09-18 at 11:42:21:946 Send 06 
03-09-18 at 11:42:21:966 Send 02 05 E0 1E 00 00 00 FB 
03-09-18 at 11:42:21:986 Recived 06 
03-09-18 at 11:42:23:206 Recived 02 03 E0 00 1E FD 
03-09-18 at 11:42:23:226 Send 06 
03-09-18 at 11:44:18:378 Send 05 
03-09-18 at 11:44:18:398 Recived 15 
03-09-18 at 11:44:18:398 Send 06 
03-09-18 at 11:44:18:418 Send 02 06 FF 39 1E 00 00 00 DE 
03-09-18 at 11:44:18:438 Recived 06 02 10 FF 39 00 00 00 00 00 00 00 00 00 00 00 00 00 00 D6 
03-09-18 at 11:44:18:458 Send 06 
03-09-18 at 11:46:19:610 Send 05 
03-09-18 at 11:46:19:630 Recived 15 
03-09-18 at 11:46:19:630 Send 06 
03-09-18 at 11:46:19:650 Send 02 06 FF 39 1E 00 00 00 DE 
03-09-18 at 11:46:19:670 Recived 06 02 10 FF 39 00 00 00 00 00 00 00 00 00 00 00 00 00 00 D6 
03-09-18 at 11:46:19:690 Send 06 
03-09-18 at 11:48:20:827 Send 05 
03-09-18 at 11:48:20:847 Recived 15 
03-09-18 at 11:48:20:847 Send 06 
03-09-18 at 11:48:20:867 Send 02 06 FF 39 1E 00 00 00 DE 
03-09-18 at 11:48:20:887 Recived 06 02 10 FF 39 00 00 00 00 00 00 00 00 00 00 00 00 00 00 D6 
03-09-18 at 11:48:20:907 Send 06 
03-09-18 at 11:50:22:059 Send 05 
03-09-18 at 11:50:22:079 Recived 15 
03-09-18 at 11:50:22:079 Send 06 
03-09-18 at 11:50:22:099 Send 02 06 FF 39 1E 00 00 00 DE 
03-09-18 at 11:50:22:119 Recived 06 02 10 FF 39 00 00 00 00 00 00 00 00 00 00 00 00 00 00 D6 
03-09-18 at 11:50:22:139 Send 06 
03-09-18 at 11:52:23:291 Send 05 
03-09-18 at 11:52:23:311 Recived 15 
03-09-18 at 11:52:23:311 Send 06 
03-09-18 at 11:52:23:331 Send 02 06 FF 39 1E 00 00 00 DE 
03-09-18 at 11:52:23:351 Recived 06 02 10 FF 39 00 00 00 00 00 00 00 00 00 00 00 00 00 00 D6 
03-09-18 at 11:52:23:371 Send 06 
03-09-18 at 11:54:24:509 Send 05 
03-09-18 at 11:54:24:529 Recived 15 
03-09-18 at 11:54:24:529 Send 06 
03-09-18 at 11:54:24:549 Send 02 06 FF 39 1E 00 00 00 DE 
03-09-18 at 11:54:24:569 Recived 06 02 10 FF 39 00 00 00 00 00 00 00 00 00 00 00 00 00 00 D6 
03-09-18 at 11:54:24:589 Send 06 
03-09-18 at 11:56:25:741 Send 05 
03-09-18 at 11:56:25:761 Recived 15 
03-09-18 at 11:56:25:761 Send 06 
03-09-18 at 11:56:25:781 Send 02 06 FF 39 1E 00 00 00 DE 
03-09-18 at 11:56:25:801 Recived 06 02 10 FF 39 00 00 00 00 00 00 00 00 00 00 00 00 00 00 D6 
03-09-18 at 11:56:25:821 Send 06 
03-09-18 at 11:58:26:966 Send 05 
03-09-18 at 11:58:26:986 Recived 15 
03-09-18 at 11:58:26:986 Send 06 
03-09-18 at 11:58:27:006 Send 02 06 FF 39 1E 00 00 00 DE 
03-09-18 at 11:58:27:026 Recived 06 02 10 FF 39 00 00 00 00 00 00 00 00 00 00 00 00 00 00 D6 
03-09-18 at 11:58:27:046 Send 06 
03-09-18 at 12:00:28:198 Send 05 
03-09-18 at 12:00:28:218 Recived 15 
03-09-18 at 12:00:28:218 Send 06 
03-09-18 at 12:00:28:238 Send 02 06 FF 39 1E 00 00 00 DE 
03-09-18 at 12:00:28:258 Recived 06 02 10 FF 39 00 00 00 00 00 00 00 00 00 00 00 00 00 00 D6 
03-09-18 at 12:00:28:278 Send 06 
03-09-18 at 12:02:29:430 Send 05 
03-09-18 at 12:02:29:450 Recived 15 
03-09-18 at 12:02:29:450 Send 06 
03-09-18 at 12:02:29:470 Send 02 06 FF 39 1E 00 00 00 DE 
03-09-18 at 12:02:29:490 Recived 06 02 10 FF 39 00 00 00 00 00 00 00 00 00 00 00 00 00 00 D6 
03-09-18 at 12:02:29:510 Send 06 
03-09-18 at 12:04:30:662 Send 05 
03-09-18 at 12:04:30:682 Recived 15 
03-09-18 at 12:04:30:682 Send 06 
03-09-18 at 12:04:30:702 Send 02 06 FF 39 1E 00 00 00 DE 
03-09-18 at 12:04:30:722 Recived 06 02 10 FF 39 00 00 00 00 00 00 00 00 00 00 00 00 00 00 D6 
03-09-18 at 12:04:30:742 Send 06 
03-09-18 at 12:06:31:894 Send 05 
03-09-18 at 12:06:31:914 Recived 15 
03-09-18 at 12:06:31:914 Send 06 
03-09-18 at 12:06:31:934 Send 02 06 FF 39 1E 00 00 00 DE 
03-09-18 at 12:06:31:954 Recived 06 02 10 FF 39 00 00 00 00 00 00 00 00 00 00 00 00 00 00 D6 
03-09-18 at 12:06:31:974 Send 06 
03-09-18 at 12:08:33:129 Send 05 
03-09-18 at 12:08:33:149 Recived 15 
03-09-18 at 12:08:33:149 Send 06 
03-09-18 at 12:08:33:169 Send 02 06 FF 39 1E 00 00 00 DE 
03-09-18 at 12:08:33:189 Recived 06 02 10 FF 39 00 00 00 00 00 00 00 00 00 00 00 00 00 00 D6 
03-09-18 at 12:08:33:209 Send 06 
03-09-18 at 12:10:34:361 Send 05 
03-09-18 at 12:10:34:381 Recived 15 
03-09-18 at 12:10:34:381 Send 06 
03-09-18 at 12:10:34:401 Send 02 06 FF 39 1E 00 00 00 DE 
03-09-18 at 12:10:34:421 Recived 06 02 10 FF 39 00 00 00 00 00 00 00 00 00 00 00 00 00 00 D6 
03-09-18 at 12:10:34:441 Send 06 
03-09-18 at 12:12:35:594 Send 05 
03-09-18 at 12:12:35:614 Recived 15 
03-09-18 at 12:12:35:614 Send 06 
03-09-18 at 12:12:35:634 Send 02 06 FF 39 1E 00 00 00 DE 
03-09-18 at 12:12:35:654 Recived 06 02 10 FF 39 00 00 00 00 00 00 00 00 00 00 00 00 00 00 D6 
03-09-18 at 12:12:35:674 Send 06 
03-09-18 at 12:14:36:819 Send 05 
03-09-18 at 12:14:36:839 Recived 15 
03-09-18 at 12:14:36:839 Send 06 
03-09-18 at 12:14:36:859 Send 02 06 FF 39 1E 00 00 00 DE 
03-09-18 at 12:14:36:879 Recived 06 02 10 FF 39 00 00 00 00 00 00 00 00 00 00 00 00 00 00 D6 
03-09-18 at 12:14:36:899 Send 06 
03-09-18 at 12:16:38:051 Send 05 
03-09-18 at 12:16:38:071 Recived 15 
03-09-18 at 12:16:38:071 Send 06 
03-09-18 at 12:16:38:091 Send 02 06 FF 39 1E 00 00 00 DE 
03-09-18 at 12:16:38:111 Recived 06 02 10 FF 39 00 00 00 00 00 00 00 00 00 00 00 00 00 00 D6 
03-09-18 at 12:16:38:131 Send 06 
03-09-18 at 12:18:39:280 Send 05 
03-09-18 at 12:18:39:300 Recived 15 
03-09-18 at 12:18:39:300 Send 06 
03-09-18 at 12:18:39:320 Send 02 06 FF 39 1E 00 00 00 DE 
03-09-18 at 12:18:39:340 Recived 06 02 10 FF 39 00 00 00 00 00 00 00 00 00 00 00 00 00 00 D6 
03-09-18 at 12:18:39:360 Send 06 
03-09-18 at 12:20:40:512 Send 05 
03-09-18 at 12:20:40:532 Recived 15 
03-09-18 at 12:20:40:532 Send 06 
03-09-18 at 12:20:40:552 Send 02 06 FF 39 1E 00 00 00 DE 
03-09-18 at 12:20:40:572 Recived 06 02 10 FF 39 00 00 00 00 00 00 00 00 00 00 00 00 00 00 D6 
03-09-18 at 12:20:40:592 Send 06 
03-09-18 at 12:22:41:744 Send 05 
03-09-18 at 12:22:41:764 Recived 15 
03-09-18 at 12:22:41:764 Send 06 
03-09-18 at 12:22:41:784 Send 02 06 FF 39 1E 00 00 00 DE 
03-09-18 at 12:22:41:804 Recived 06 02 10 FF 39 00 00 00 00 00 00 00 00 00 00 00 00 00 00 D6 
03-09-18 at 12:22:41:824 Send 06 
03-09-18 at 12:24:42:963 Send 05 
03-09-18 at 12:24:42:983 Recived 15 
03-09-18 at 12:24:42:983 Send 06 
03-09-18 at 12:24:43:003 Send 02 06 FF 39 1E 00 00 00 DE 
03-09-18 at 12:24:43:023 Recived 06 02 10 FF 39 00 00 00 00 00 00 00 00 00 00 00 00 00 00 D6 
03-09-18 at 12:24:43:043 Send 06 
03-09-18 at 12:26:44:195 Send 05 
03-09-18 at 12:26:44:215 Recived 15 
03-09-18 at 12:26:44:215 Send 06 
03-09-18 at 12:26:44:235 Send 02 06 FF 39 1E 00 00 00 DE 
03-09-18 at 12:26:44:255 Recived 06 02 10 FF 39 00 00 00 00 00 00 00 00 00 00 00 00 00 00 D6 
03-09-18 at 12:26:44:275 Send 06 
03-09-18 at 12:28:45:445 Send 05 
03-09-18 at 12:28:45:465 Recived 15 
03-09-18 at 12:28:45:465 Send 06 
03-09-18 at 12:28:45:485 Send 02 06 FF 39 1E 00 00 00 DE 
03-09-18 at 12:28:45:505 Recived 06 02 10 FF 39 00 00 00 00 00 00 00 00 00 00 00 00 00 00 D6 
03-09-18 at 12:28:45:525 Send 06 
03-09-18 at 12:30:46:677 Send 05 
03-09-18 at 12:30:46:697 Recived 15 
03-09-18 at 12:30:46:697 Send 06 
03-09-18 at 12:30:46:717 Send 02 06 FF 39 1E 00 00 00 DE 
03-09-18 at 12:30:46:737 Recived 06 02 10 FF 39 00 00 00 00 00 00 00 00 00 00 00 00 00 00 D6 
03-09-18 at 12:30:46:757 Send 06 
03-09-18 at 12:32:47:909 Send 05 
03-09-18 at 12:32:47:929 Recived 15 
03-09-18 at 12:32:47:929 Send 06 
03-09-18 at 12:32:47:949 Send 02 06 FF 39 1E 00 00 00 DE 
03-09-18 at 12:32:47:969 Recived 06 02 10 FF 39 00 00 00 00 00 00 00 00 00 00 00 00 00 00 D6 
03-09-18 at 12:32:47:989 Send 06 
03-09-18 at 12:34:49:135 Send 05 
03-09-18 at 12:34:49:155 Recived 15 
03-09-18 at 12:34:49:155 Send 06 
03-09-18 at 12:34:49:175 Send 02 06 FF 39 1E 00 00 00 DE 
03-09-18 at 12:34:49:195 Recived 06 02 10 FF 39 00 00 00 00 00 00 00 00 00 00 00 00 00 00 D6 
03-09-18 at 12:34:49:215 Send 06 
03-09-18 at 12:36:50:367 Send 05 
03-09-18 at 12:36:50:387 Recived 15 
03-09-18 at 12:36:50:387 Send 06 
03-09-18 at 12:36:50:407 Send 02 06 FF 39 1E 00 00 00 DE 
03-09-18 at 12:36:50:427 Recived 06 02 10 FF 39 00 00 00 00 00 00 00 00 00 00 00 00 00 00 D6 
03-09-18 at 12:36:50:447 Send 06 
03-09-18 at 12:38:51:584 Send 05 
03-09-18 at 12:38:51:604 Recived 15 
03-09-18 at 12:38:51:604 Send 06 
03-09-18 at 12:38:51:624 Send 02 06 FF 39 1E 00 00 00 DE 
03-09-18 at 12:38:51:644 Recived 06 02 10 FF 39 00 00 00 00 00 00 00 00 00 00 00 00 00 00 D6 
03-09-18 at 12:38:51:664 Send 06 
03-09-18 at 12:40:52:816 Send 05 
03-09-18 at 12:40:52:836 Recived 15 
03-09-18 at 12:40:52:836 Send 06 
03-09-18 at 12:40:52:856 Send 02 06 FF 39 1E 00 00 00 DE 
03-09-18 at 12:40:52:876 Recived 06 02 10 FF 39 00 00 00 00 00 00 00 00 00 00 00 00 00 00 D6 
03-09-18 at 12:40:52:896 Send 06 
03-09-18 at 12:42:54:048 Send 05 
03-09-18 at 12:42:54:068 Recived 15 
03-09-18 at 12:42:54:068 Send 06 
03-09-18 at 12:42:54:088 Send 02 06 FF 39 1E 00 00 00 DE 
03-09-18 at 12:42:54:108 Recived 06 02 10 FF 39 00 00 00 00 00 00 00 00 00 00 00 00 00 00 D6 
03-09-18 at 12:42:54:128 Send 06 
03-09-18 at 12:44:55:269 Send 05 
03-09-18 at 12:44:55:289 Recived 15 
03-09-18 at 12:44:55:289 Send 06 
03-09-18 at 12:44:55:309 Send 02 06 FF 39 1E 00 00 00 DE 
03-09-18 at 12:44:55:329 Recived 06 02 10 FF 39 00 00 00 00 00 00 00 00 00 00 00 00 00 00 D6 
03-09-18 at 12:44:55:349 Send 06 
03-09-18 at 12:46:56:501 Send 05 
03-09-18 at 12:46:56:521 Recived 15 
03-09-18 at 12:46:56:521 Send 06 
03-09-18 at 12:46:56:541 Send 02 06 FF 39 1E 00 00 00 DE 
03-09-18 at 12:46:56:561 Recived 06 02 10 FF 39 00 00 00 00 00 00 00 00 00 00 00 00 00 00 D6 
03-09-18 at 12:46:56:581 Send 06 
03-09-18 at 12:48:57:733 Send 05 
03-09-18 at 12:48:57:753 Recived 15 
03-09-18 at 12:48:57:753 Send 06 
03-09-18 at 12:48:57:773 Send 02 06 FF 39 1E 00 00 00 DE 
03-09-18 at 12:48:57:793 Recived 06 02 10 FF 39 00 00 00 00 00 00 00 00 00 00 00 00 00 00 D6 
03-09-18 at 12:48:57:813 Send 06 
03-09-18 at 12:50:58:965 Send 05 
03-09-18 at 12:50:58:985 Recived 15 
03-09-18 at 12:50:58:985 Send 06 
03-09-18 at 12:50:59:005 Send 02 06 FF 39 1E 00 00 00 DE 
03-09-18 at 12:50:59:025 Recived 06 02 10 FF 39 00 00 00 00 00 00 00 00 00 00 00 00 00 00 D6 
03-09-18 at 12:50:59:045 Send 06 
03-09-18 at 12:53:00:197 Send 05 
03-09-18 at 12:53:00:217 Recived 15 
03-09-18 at 12:53:00:217 Send 06 
03-09-18 at 12:53:00:237 Send 02 06 FF 39 1E 00 00 00 DE 
03-09-18 at 12:53:00:257 Recived 06 02 10 FF 39 00 00 00 00 00 00 00 00 00 00 00 00 00 00 D6 
03-09-18 at 12:53:00:277 Send 06 
03-09-18 at 12:55:01:424 Send 05 
03-09-18 at 12:55:01:444 Recived 15 
03-09-18 at 12:55:01:444 Send 06 
03-09-18 at 12:55:01:464 Send 02 06 FF 39 1E 00 00 00 DE 
03-09-18 at 12:55:01:484 Recived 06 02 10 FF 39 00 00 00 00 00 00 00 00 00 00 00 00 00 00 D6 
03-09-18 at 12:55:01:504 Send 06 
03-09-18 at 12:57:02:656 Send 05 
03-09-18 at 12:57:02:676 Recived 15 
03-09-18 at 12:57:02:676 Send 06 
03-09-18 at 12:57:02:696 Send 02 06 FF 39 1E 00 00 00 DE 
03-09-18 at 12:57:02:716 Recived 06 02 10 FF 39 00 00 00 00 00 00 00 00 00 00 00 00 00 00 D6 
03-09-18 at 12:57:02:736 Send 06 
03-09-18 at 12:58:50:294 total calculated
03-09-18 at 12:58:50:295 now show on display
03-09-18 at 12:58:50:295                     Всего:          0.00
03-09-18 at 12:58:50:295 now clear port error ...
03-09-18 at 12:58:50:296 now write to port ...
03-09-18 at 12:58:50:429 ... done
03-09-18 at 12:58:50:430 total calculated
03-09-18 at 12:58:50:430 now show on display
03-09-18 at 12:58:50:430                     Всего:          0.00
03-09-18 at 12:58:50:431 now clear port error ...
03-09-18 at 12:58:50:431 now write to port ...
03-09-18 at 12:58:50:601 ... done
03-09-18 at 12:58:50:605 Удаление критической сессии
03-09-18 at 12:58:50:605 Выход из программы
03-09-18 at 13:04:45:807 Запуск программы. Инициализация считана из файла
03-09-18 at 13:04:45:807 Чек загружен.
03-09-18 at 13:04:45:807 total calculated
03-09-18 at 13:04:45:807 now show on display
03-09-18 at 13:04:45:808                     Всего:          0.00
03-09-18 at 13:04:45:808 now open port for display
03-09-18 at 13:04:45:809 Com port opened
03-09-18 at 13:04:45:809 now clear port error ...
03-09-18 at 13:04:45:809 now write to port ...
03-09-18 at 13:04:45:942 ... done
03-09-18 at 13:04:45:943 Чек сжат
03-09-18 at 13:04:45:943 Сумма чека посчитана
03-09-18 at 13:04:45:943 Кардридер создан
03-09-18 at 13:04:45:943 Задание запуска модулей создано
03-09-18 at 13:04:45:944 Сканер создан
03-09-18 at 13:04:45:944 Запуск потока обмена COM-порта
03-09-18 at 13:04:45:944 Регистратор создан
03-09-18 at 13:04:45:944 Часы созданы
03-09-18 at 13:04:45:944 Регистратор запущен
03-09-18 at 13:04:45:944 Сканер запущен
03-09-18 at 13:04:45:945 Часы запущены
03-09-18 at 13:04:45:945 Кардридер запущен
03-09-18 at 13:04:45:945 Передача данных запущена
03-09-18 at 13:04:45:945 Вход в FRInit mstar
03-09-18 at 13:04:45:945 Вход в GetStatus
03-09-18 at 13:04:45:965 Send 05 
03-09-18 at 13:04:45:985 Recived 15 
03-09-18 at 13:04:45:985 Send 06 
03-09-18 at 13:04:46:005 Send 02 05 11 1E 00 00 00 0A 
03-09-18 at 13:04:46:025 Recived 06 02 30 11 00 1E 43 31 CB D3 19 04 12 01 73 00 92 02 02 00 00 4E 41 00 00 01 01 10 03 09 12 0D 04 2D 00 2E 5D 00 00 18 00 00 00 00 00 D2 E9 1E 42 01 00 94 
03-09-18 at 13:04:46:045 Send 06 
03-09-18 at 13:04:46:050 KKMStatus 0000
03-09-18 at 13:04:46:065 Send 05 
03-09-18 at 13:04:46:085 Recived 15 
03-09-18 at 13:04:46:085 Send 06 
03-09-18 at 13:04:46:105 Send 02 05 11 1E 00 00 00 0A 
03-09-18 at 13:04:46:125 Recived 06 02 30 11 00 1E 43 31 CB D3 19 04 12 01 73 00 92 02 02 00 00 4E 41 00 00 01 01 10 03 09 12 0D 04 2D 00 2E 5D 00 00 18 00 00 00 00 00 D2 E9 1E 42 01 00 94 
03-09-18 at 13:04:46:145 Send 06 
03-09-18 at 13:04:46:150 KKMStatus 0200
03-09-18 at 13:04:46:150 Номер ФР считан
03-09-18 at 13:04:46:363 СУБД подключена
03-09-18 at 13:04:46:392 Send 05 
03-09-18 at 13:04:46:412 Recived 15 
03-09-18 at 13:04:46:412 Send 06 
03-09-18 at 13:04:46:432 Send 02 17 1E 1E 00 00 00 05 03 00 01 CA 41 D0 D2 CE C9 20 56 49 53 41 2F 4D 43 92 
03-09-18 at 13:04:46:453 Recived 06 02 02 1E 00 1C 
03-09-18 at 13:04:46:473 Send 06 
03-09-18 at 13:04:46:493 Send 05 
03-09-18 at 13:04:46:513 Recived 15 
03-09-18 at 13:04:46:513 Send 06 
03-09-18 at 13:04:46:533 Send 02 18 1E 1E 00 00 00 05 04 00 01 C4 D0 D3 C3 C8 CC C8 20 CA C0 D0 D2 C0 CC C8 3C 
03-09-18 at 13:04:46:554 Recived 06 02 02 1E 00 1C 
03-09-18 at 13:04:46:574 Send 06 
03-09-18 at 13:04:46:594 Send 05 
03-09-18 at 13:04:46:614 Recived 15 
03-09-18 at 13:04:46:614 Send 06 
03-09-18 at 13:04:46:634 Send 02 1D 1E 1E 00 00 00 05 0E 00 01 CF CE C4 C0 D0 CE D7 CD DB CC C8 20 CA C0 D0 D2 C0 CC C8 00 25 
03-09-18 at 13:04:46:655 Recived 06 02 02 1E 00 1C 
03-09-18 at 13:04:46:675 Send 06 
03-09-18 at 13:04:46:695 Send 05 
03-09-18 at 13:04:46:715 Recived 15 
03-09-18 at 13:04:46:715 Send 06 
03-09-18 at 13:04:46:735 Send 02 0A 1E 1E 00 00 00 01 01 00 01 01 0A 
03-09-18 at 13:04:46:755 Recived 06 02 02 1E 00 1C 
03-09-18 at 13:04:46:775 Send 06 
03-09-18 at 13:04:46:795 Send 05 
03-09-18 at 13:04:46:815 Recived 15 
03-09-18 at 13:04:46:815 Send 06 
03-09-18 at 13:04:46:835 Send 02 0A 1E 1E 00 00 00 01 01 00 05 02 0D 
03-09-18 at 13:04:46:855 Recived 06 02 02 1E 00 1C 
03-09-18 at 13:04:46:875 Send 06 
03-09-18 at 13:04:46:895 Send 05 
03-09-18 at 13:04:46:915 Recived 15 
03-09-18 at 13:04:46:915 Send 06 
03-09-18 at 13:04:46:935 Send 02 0A 1E 1E 00 00 00 01 01 00 23 01 28 
03-09-18 at 13:04:46:955 Recived 06 02 02 1E 00 1C 
03-09-18 at 13:04:46:975 Send 06 
03-09-18 at 13:04:46:995 Send 05 
03-09-18 at 13:04:47:015 Recived 15 
03-09-18 at 13:04:47:015 Send 06 
03-09-18 at 13:04:47:035 Send 02 0A 1E 1E 00 00 00 01 01 00 06 00 0C 
03-09-18 at 13:04:47:055 Recived 06 02 02 1E 00 1C 
03-09-18 at 13:04:47:075 Send 06 
03-09-18 at 13:04:47:095 Send 05 
03-09-18 at 13:04:47:115 Recived 15 
03-09-18 at 13:04:47:115 Send 06 
03-09-18 at 13:04:47:135 Send 02 0A 1E 1E 00 00 00 01 01 00 07 01 0C 
03-09-18 at 13:04:47:155 Recived 06 02 02 1E 00 1C 
03-09-18 at 13:04:47:175 Send 06 
03-09-18 at 13:04:47:195 Send 05 
03-09-18 at 13:04:47:215 Recived 15 
03-09-18 at 13:04:47:215 Send 06 
03-09-18 at 13:04:47:235 Send 02 0A 1E 1E 00 00 00 01 01 00 14 01 1F 
03-09-18 at 13:04:47:255 Recived 06 02 02 1E 00 1C 
03-09-18 at 13:04:47:275 Send 06 
03-09-18 at 13:04:47:295 Send 05 
03-09-18 at 13:04:47:315 Recived 15 
03-09-18 at 13:04:47:315 Send 06 
03-09-18 at 13:04:47:335 Send 02 0A 1E 1E 00 00 00 01 01 00 15 01 1E 
03-09-18 at 13:04:47:355 Recived 06 02 02 1E 00 1C 
03-09-18 at 13:04:47:375 Send 06 
03-09-18 at 13:04:47:395 Send 05 
03-09-18 at 13:04:47:415 Recived 15 
03-09-18 at 13:04:47:415 Send 06 
03-09-18 at 13:04:47:435 Send 02 0A 1E 1E 00 00 00 01 01 00 0F 00 05 
03-09-18 at 13:04:47:455 Recived 06 02 02 1E 00 1C 
03-09-18 at 13:04:47:475 Send 06 
03-09-18 at 13:04:47:495 Send 05 
03-09-18 at 13:04:47:515 Recived 15 
03-09-18 at 13:04:47:515 Send 06 
03-09-18 at 13:04:47:535 Send 02 0A 1E 1E 00 00 00 01 01 00 11 00 1B 
03-09-18 at 13:04:47:555 Recived 06 02 02 1E 00 1C 
03-09-18 at 13:04:47:575 Send 06 
03-09-18 at 13:04:47:595 Send 05 
03-09-18 at 13:04:47:615 Recived 15 
03-09-18 at 13:04:47:615 Send 06 
03-09-18 at 13:04:47:635 Send 02 0A 1E 1E 00 00 00 11 01 00 03 02 1B 
03-09-18 at 13:04:47:655 Recived 06 02 02 1E 00 1C 
03-09-18 at 13:04:47:675 Send 06 
03-09-18 at 13:04:47:695 Send 05 
03-09-18 at 13:04:47:715 Recived 15 
03-09-18 at 13:04:47:715 Send 06 
03-09-18 at 13:04:47:735 Send 02 0A 1E 1E 00 00 00 11 01 00 0C 00 16 
03-09-18 at 13:04:47:755 Recived 06 02 02 1E 00 1C 
03-09-18 at 13:04:47:775 Send 06 
03-09-18 at 13:04:47:795 Send 05 
03-09-18 at 13:04:47:815 Recived 15 
03-09-18 at 13:04:47:815 Send 06 
03-09-18 at 13:04:47:835 Send 02 0A 1E 1E 00 00 00 01 01 00 29 01 22 
03-09-18 at 13:04:47:855 Recived 06 02 02 1E 00 1C 
03-09-18 at 13:04:47:875 Send 06 
03-09-18 at 13:04:47:895 Send 05 
03-09-18 at 13:04:47:915 Recived 15 
03-09-18 at 13:04:47:915 Send 06 
03-09-18 at 13:04:47:935 Send 02 26 1E 1E 00 00 00 04 0C 00 01 20 20 20 20 20 20 20 20 20 20 20 C4 CE C1 D0 CE 20 CF CE C6 C0 CB CE C2 C0 D2 DC 21 00 D5 
03-09-18 at 13:04:47:958 Recived 06 02 02 1E 00 1C 
03-09-18 at 13:04:47:978 Send 06 
03-09-18 at 13:04:47:998 Send 05 
03-09-18 at 13:04:48:018 Recived 15 
03-09-18 at 13:04:48:018 Send 06 
03-09-18 at 13:04:48:038 Send 02 29 1E 1E 00 00 00 04 0D 00 01 20 20 20 20 20 20 20 20 CE CE CE 20 CA EE EC EF E0 ED E8 FF 20 27 CA CE CB CE D0 CB CE CD 27 00 CB 
03-09-18 at 13:04:48:061 Recived 06 02 02 1E 00 1C 
03-09-18 at 13:04:48:081 Send 06 
03-09-18 at 13:04:48:101 Send 05 
03-09-18 at 13:04:48:121 Recived 15 
03-09-18 at 13:04:48:121 Send 06 
03-09-18 at 13:04:48:141 Send 02 2D 1E 1E 00 00 00 04 0E 00 01 20 20 20 20 20 CC E0 E3 E0 E7 E8 ED 20 27 C2 F1 E5 20 F2 EE E2 E0 F0 FB 20 E4 EB FF 20 E4 EE EC E0 27 20 00 DE 
03-09-18 at 13:04:48:164 Recived 06 02 02 1E 00 1C 
03-09-18 at 13:04:48:184 Send 06 
03-09-18 at 13:04:48:311 now clear port error ...
03-09-18 at 13:04:48:312 now write to port ...
03-09-18 at 13:04:48:445 ... done
03-09-18 at 13:04:48:489 Send 05 
03-09-18 at 13:04:48:509 Recived 15 
03-09-18 at 13:04:48:509 Send 06 
03-09-18 at 13:04:48:530 Send 02 06 1A 1E 00 00 00 79 7B 
03-09-18 at 13:04:48:550 Recived 06 02 09 1A 00 1E 00 00 00 00 00 00 0D 
03-09-18 at 13:04:48:570 Send 06 
03-09-18 at 13:04:50:936 Cardreader  Антонов Сергей 
03-09-18 at 13:04:50:951 Send 05 
03-09-18 at 13:04:50:974 Recived 15 
03-09-18 at 13:04:50:974 Send 06 
03-09-18 at 13:04:50:994 Send 02 19 1E 1E 00 00 00 02 1E 00 02 C0 ED F2 EE ED EE E2 20 D1 E5 F0 E3 E5 E9 20 00 FC 
03-09-18 at 13:04:51:015 Recived 06 02 02 1E 00 1C 
03-09-18 at 13:04:51:035 Send 06 
03-09-18 at 13:04:51:037 now clear port error ...
03-09-18 at 13:04:51:037 now write to port ...
03-09-18 at 13:04:51:170 ... done
03-09-18 at 13:04:51:955 Send 05 
03-09-18 at 13:04:51:975 Recived 15 
03-09-18 at 13:04:51:975 Send 06 
03-09-18 at 13:04:51:995 Send 02 06 FF 39 1E 00 00 00 DE 
03-09-18 at 13:04:52:015 Recived 06 02 10 FF 39 00 00 00 00 00 00 00 00 00 00 00 00 00 00 D6 
03-09-18 at 13:04:52:035 Send 06 
03-09-18 at 13:04:54:723 total calculated
03-09-18 at 13:04:54:724 now show on display
03-09-18 at 13:04:54:724                     Всего:          0.00
03-09-18 at 13:04:54:724 now clear port error ...
03-09-18 at 13:04:54:724 now write to port ...
03-09-18 at 13:04:54:858 ... done
03-09-18 at 13:04:54:859 total calculated
03-09-18 at 13:04:54:859 now show on display
03-09-18 at 13:04:54:859                     Всего:          0.00
03-09-18 at 13:04:54:859 now clear port error ...
03-09-18 at 13:04:54:860 now write to port ...
03-09-18 at 13:04:55:031 ... done
03-09-18 at 13:04:55:034 Удаление критической сессии
03-09-18 at 13:04:55:034 Выход из программы
03-09-18 at 13:06:18:432 Запуск программы. Инициализация считана из файла
03-09-18 at 13:06:18:433 Чек загружен.
03-09-18 at 13:06:18:433 total calculated
03-09-18 at 13:06:18:433 now show on display
03-09-18 at 13:06:18:433                     Всего:          0.00
03-09-18 at 13:06:18:433 now open port for display
03-09-18 at 13:06:18:434 Com port opened
03-09-18 at 13:06:18:434 now clear port error ...
03-09-18 at 13:06:18:434 now write to port ...
03-09-18 at 13:06:18:568 ... done
03-09-18 at 13:06:18:568 Чек сжат
03-09-18 at 13:06:18:568 Сумма чека посчитана
03-09-18 at 13:06:18:569 Кардридер создан
03-09-18 at 13:06:18:569 Задание запуска модулей создано
03-09-18 at 13:06:18:569 Сканер создан
03-09-18 at 13:06:18:569 Запуск потока обмена COM-порта
03-09-18 at 13:06:18:569 Регистратор создан
03-09-18 at 13:06:18:570 Часы созданы
03-09-18 at 13:06:18:571 Регистратор запущен
03-09-18 at 13:06:18:571 Сканер запущен
03-09-18 at 13:06:18:571 Часы запущены
03-09-18 at 13:06:18:571 Кардридер запущен
03-09-18 at 13:06:18:571 Передача данных запущена
03-09-18 at 13:06:18:572 Вход в FRInit mstar
03-09-18 at 13:06:18:572 Вход в GetStatus
03-09-18 at 13:06:18:591 Send 05 
03-09-18 at 13:06:18:611 Recived 15 
03-09-18 at 13:06:18:611 Send 06 
03-09-18 at 13:06:18:631 Send 02 05 11 1E 00 00 00 0A 
03-09-18 at 13:06:18:651 Recived 06 02 30 11 00 1E 43 31 CB D3 19 04 12 01 73 00 92 02 02 00 00 4E 41 00 00 01 01 10 03 09 12 0D 06 11 00 2E 5D 00 00 18 00 00 00 00 00 D2 E9 1E 42 01 00 AA 
03-09-18 at 13:06:18:671 Send 06 
03-09-18 at 13:06:18:675 KKMStatus 0000
03-09-18 at 13:06:18:691 Send 05 
03-09-18 at 13:06:18:711 Recived 15 
03-09-18 at 13:06:18:711 Send 06 
03-09-18 at 13:06:18:731 Send 02 05 11 1E 00 00 00 0A 
03-09-18 at 13:06:18:751 Recived 06 02 30 11 00 1E 43 31 CB D3 19 04 12 01 73 00 92 02 02 00 00 4E 41 00 00 01 01 10 03 09 12 0D 06 11 00 2E 5D 00 00 18 00 00 00 00 00 D2 E9 1E 42 01 00 AA 
03-09-18 at 13:06:18:771 Send 06 
03-09-18 at 13:06:18:775 KKMStatus 0200
03-09-18 at 13:06:18:775 Номер ФР считан
03-09-18 at 13:06:18:958 СУБД подключена
03-09-18 at 13:06:18:998 Send 05 
03-09-18 at 13:06:19:018 Recived 15 
03-09-18 at 13:06:19:018 Send 06 
03-09-18 at 13:06:19:038 Send 02 17 1E 1E 00 00 00 05 03 00 01 CA 41 D0 D2 CE C9 20 56 49 53 41 2F 4D 43 92 
03-09-18 at 13:06:19:059 Recived 06 02 02 1E 00 1C 
03-09-18 at 13:06:19:079 Send 06 
03-09-18 at 13:06:19:099 Send 05 
03-09-18 at 13:06:19:119 Recived 15 
03-09-18 at 13:06:19:119 Send 06 
03-09-18 at 13:06:19:139 Send 02 18 1E 1E 00 00 00 05 04 00 01 C4 D0 D3 C3 C8 CC C8 20 CA C0 D0 D2 C0 CC C8 3C 
03-09-18 at 13:06:19:160 Recived 06 02 02 1E 00 1C 
03-09-18 at 13:06:19:180 Send 06 
03-09-18 at 13:06:19:200 Send 05 
03-09-18 at 13:06:19:220 Recived 15 
03-09-18 at 13:06:19:220 Send 06 
03-09-18 at 13:06:19:240 Send 02 1D 1E 1E 00 00 00 05 0E 00 01 CF CE C4 C0 D0 CE D7 CD DB CC C8 20 CA C0 D0 D2 C0 CC C8 00 25 
03-09-18 at 13:06:19:261 Recived 06 02 02 1E 00 1C 
03-09-18 at 13:06:19:281 Send 06 
03-09-18 at 13:06:19:301 Send 05 
03-09-18 at 13:06:19:321 Recived 15 
03-09-18 at 13:06:19:321 Send 06 
03-09-18 at 13:06:19:341 Send 02 0A 1E 1E 00 00 00 01 01 00 01 01 0A 
03-09-18 at 13:06:19:361 Recived 06 02 02 1E 00 1C 
03-09-18 at 13:06:19:381 Send 06 
03-09-18 at 13:06:19:401 Send 05 
03-09-18 at 13:06:19:421 Recived 15 
03-09-18 at 13:06:19:421 Send 06 
03-09-18 at 13:06:19:441 Send 02 0A 1E 1E 00 00 00 01 01 00 05 02 0D 
03-09-18 at 13:06:19:461 Recived 06 02 02 1E 00 1C 
03-09-18 at 13:06:19:481 Send 06 
03-09-18 at 13:06:19:501 Send 05 
03-09-18 at 13:06:19:521 Recived 15 
03-09-18 at 13:06:19:521 Send 06 
03-09-18 at 13:06:19:541 Send 02 0A 1E 1E 00 00 00 01 01 00 23 01 28 
03-09-18 at 13:06:19:561 Recived 06 02 02 1E 00 1C 
03-09-18 at 13:06:19:581 Send 06 
03-09-18 at 13:06:19:601 Send 05 
03-09-18 at 13:06:19:621 Recived 15 
03-09-18 at 13:06:19:621 Send 06 
03-09-18 at 13:06:19:641 Send 02 0A 1E 1E 00 00 00 01 01 00 06 00 0C 
03-09-18 at 13:06:19:661 Recived 06 02 02 1E 00 1C 
03-09-18 at 13:06:19:681 Send 06 
03-09-18 at 13:06:19:701 Send 05 
03-09-18 at 13:06:19:721 Recived 15 
03-09-18 at 13:06:19:721 Send 06 
03-09-18 at 13:06:19:741 Send 02 0A 1E 1E 00 00 00 01 01 00 07 01 0C 
03-09-18 at 13:06:19:761 Recived 06 02 02 1E 00 1C 
03-09-18 at 13:06:19:781 Send 06 
03-09-18 at 13:06:19:801 Send 05 
03-09-18 at 13:06:19:821 Recived 15 
03-09-18 at 13:06:19:821 Send 06 
03-09-18 at 13:06:19:841 Send 02 0A 1E 1E 00 00 00 01 01 00 14 01 1F 
03-09-18 at 13:06:19:861 Recived 06 02 02 1E 00 1C 
03-09-18 at 13:06:19:881 Send 06 
03-09-18 at 13:06:19:901 Send 05 
03-09-18 at 13:06:19:921 Recived 15 
03-09-18 at 13:06:19:921 Send 06 
03-09-18 at 13:06:19:941 Send 02 0A 1E 1E 00 00 00 01 01 00 15 01 1E 
03-09-18 at 13:06:19:961 Recived 06 02 02 1E 00 1C 
03-09-18 at 13:06:19:981 Send 06 
03-09-18 at 13:06:20:001 Send 05 
03-09-18 at 13:06:20:021 Recived 15 
03-09-18 at 13:06:20:021 Send 06 
03-09-18 at 13:06:20:041 Send 02 0A 1E 1E 00 00 00 01 01 00 0F 00 05 
03-09-18 at 13:06:20:061 Recived 06 02 02 1E 00 1C 
03-09-18 at 13:06:20:081 Send 06 
03-09-18 at 13:06:20:101 Send 05 
03-09-18 at 13:06:20:121 Recived 15 
03-09-18 at 13:06:20:121 Send 06 
03-09-18 at 13:06:20:141 Send 02 0A 1E 1E 00 00 00 01 01 00 11 00 1B 
03-09-18 at 13:06:20:161 Recived 06 02 02 1E 00 1C 
03-09-18 at 13:06:20:181 Send 06 
03-09-18 at 13:06:20:201 Send 05 
03-09-18 at 13:06:20:221 Recived 15 
03-09-18 at 13:06:20:221 Send 06 
03-09-18 at 13:06:20:241 Send 02 0A 1E 1E 00 00 00 11 01 00 03 02 1B 
03-09-18 at 13:06:20:261 Recived 06 02 02 1E 00 1C 
03-09-18 at 13:06:20:281 Send 06 
03-09-18 at 13:06:20:301 Send 05 
03-09-18 at 13:06:20:321 Recived 15 
03-09-18 at 13:06:20:321 Send 06 
03-09-18 at 13:06:20:341 Send 02 0A 1E 1E 00 00 00 11 01 00 0C 00 16 
03-09-18 at 13:06:20:361 Recived 06 02 02 1E 00 1C 
03-09-18 at 13:06:20:381 Send 06 
03-09-18 at 13:06:20:401 Send 05 
03-09-18 at 13:06:20:421 Recived 15 
03-09-18 at 13:06:20:421 Send 06 
03-09-18 at 13:06:20:441 Send 02 0A 1E 1E 00 00 00 01 01 00 29 01 22 
03-09-18 at 13:06:20:461 Recived 06 02 02 1E 00 1C 
03-09-18 at 13:06:20:481 Send 06 
03-09-18 at 13:06:20:501 Send 05 
03-09-18 at 13:06:20:521 Recived 15 
03-09-18 at 13:06:20:521 Send 06 
03-09-18 at 13:06:20:541 Send 02 26 1E 1E 00 00 00 04 0C 00 01 20 20 20 20 20 20 20 20 20 20 20 C4 CE C1 D0 CE 20 CF CE C6 C0 CB CE C2 C0 D2 DC 21 00 D5 
03-09-18 at 13:06:20:564 Recived 06 02 02 1E 00 1C 
03-09-18 at 13:06:20:584 Send 06 
03-09-18 at 13:06:20:604 Send 05 
03-09-18 at 13:06:20:624 Recived 15 
03-09-18 at 13:06:20:624 Send 06 
03-09-18 at 13:06:20:644 Send 02 29 1E 1E 00 00 00 04 0D 00 01 20 20 20 20 20 20 20 20 CE CE CE 20 CA EE EC EF E0 ED E8 FF 20 27 CA CE CB CE D0 CB CE CD 27 00 CB 
03-09-18 at 13:06:20:667 Recived 06 02 02 1E 00 1C 
03-09-18 at 13:06:20:687 Send 06 
03-09-18 at 13:06:20:707 Send 05 
03-09-18 at 13:06:20:727 Recived 15 
03-09-18 at 13:06:20:727 Send 06 
03-09-18 at 13:06:20:747 Send 02 2D 1E 1E 00 00 00 04 0E 00 01 20 20 20 20 20 CC E0 E3 E0 E7 E8 ED 20 27 C2 F1 E5 20 F2 EE E2 E0 F0 FB 20 E4 EB FF 20 E4 EE EC E0 27 20 00 DE 
03-09-18 at 13:06:20:770 Recived 06 02 02 1E 00 1C 
03-09-18 at 13:06:20:790 Send 06 
03-09-18 at 13:06:20:923 now clear port error ...
03-09-18 at 13:06:20:923 now write to port ...
03-09-18 at 13:06:21:057 ... done
03-09-18 at 13:06:21:090 Send 05 
03-09-18 at 13:06:21:110 Recived 15 
03-09-18 at 13:06:21:110 Send 06 
03-09-18 at 13:06:21:130 Send 02 06 1A 1E 00 00 00 79 7B 
03-09-18 at 13:06:21:150 Recived 06 02 09 1A 00 1E 00 00 00 00 00 00 0D 
03-09-18 at 13:06:21:170 Send 06 
03-09-18 at 13:06:23:429 Cardreader  Антонов Сергей 
03-09-18 at 13:06:23:433 Send 05 
03-09-18 at 13:06:23:457 Recived 15 
03-09-18 at 13:06:23:457 Send 06 
03-09-18 at 13:06:23:477 Send 02 19 1E 1E 00 00 00 02 1E 00 02 C0 ED F2 EE ED EE E2 20 D1 E5 F0 E3 E5 E9 20 00 FC 
03-09-18 at 13:06:23:499 Recived 06 02 02 1E 00 1C 
03-09-18 at 13:06:23:519 Send 06 
03-09-18 at 13:06:23:520 now clear port error ...
03-09-18 at 13:06:23:520 now write to port ...
03-09-18 at 13:06:23:653 ... done
03-09-18 at 13:06:24:439 Send 05 
03-09-18 at 13:06:24:459 Recived 15 
03-09-18 at 13:06:24:459 Send 06 
03-09-18 at 13:06:24:479 Send 02 06 FF 39 1E 00 00 00 DE 
03-09-18 at 13:06:24:499 Recived 06 02 10 FF 39 00 00 00 00 00 00 00 00 00 00 00 00 00 00 D6 
03-09-18 at 13:06:24:519 Send 06 
03-09-18 at 13:06:25:727 total calculated
03-09-18 at 13:06:25:728 now show on display
03-09-18 at 13:06:25:728                     Всего:          0.00
03-09-18 at 13:06:25:728 now clear port error ...
03-09-18 at 13:06:25:729 now write to port ...
03-09-18 at 13:06:25:862 ... done
03-09-18 at 13:06:25:863 total calculated
03-09-18 at 13:06:25:863 now show on display
03-09-18 at 13:06:25:863                     Всего:          0.00
03-09-18 at 13:06:25:864 now clear port error ...
03-09-18 at 13:06:25:864 now write to port ...
03-09-18 at 13:06:26:034 ... done
03-09-18 at 13:06:26:037 Удаление критической сессии
03-09-18 at 13:06:26:038 Выход из программы
03-09-18 at 13:06:46:651 Запуск программы. Инициализация считана из файла
03-09-18 at 13:06:46:652 Чек загружен.
03-09-18 at 13:06:46:652 total calculated
03-09-18 at 13:06:46:652 now show on display
03-09-18 at 13:06:46:652                     Всего:          0.00
03-09-18 at 13:06:46:652 now open port for display
03-09-18 at 13:06:46:653 Com port opened
03-09-18 at 13:06:46:654 now clear port error ...
03-09-18 at 13:06:46:654 now write to port ...
03-09-18 at 13:06:46:787 ... done
03-09-18 at 13:06:46:788 Чек сжат
03-09-18 at 13:06:46:788 Сумма чека посчитана
03-09-18 at 13:06:46:788 Кардридер создан
03-09-18 at 13:06:46:788 Задание запуска модулей создано
03-09-18 at 13:06:46:788 Сканер создан
03-09-18 at 13:06:46:789 Запуск потока обмена COM-порта
03-09-18 at 13:06:46:789 Регистратор создан
03-09-18 at 13:06:46:789 Часы созданы
03-09-18 at 13:06:46:790 Регистратор запущен
03-09-18 at 13:06:46:790 Сканер запущен
03-09-18 at 13:06:46:790 Часы запущены
03-09-18 at 13:06:46:790 Кардридер запущен
03-09-18 at 13:06:46:791 Передача данных запущена
03-09-18 at 13:06:46:791 Вход в FRInit mstar
03-09-18 at 13:06:46:791 Вход в GetStatus
03-09-18 at 13:06:46:810 Send 05 
03-09-18 at 13:06:46:830 Recived 15 
03-09-18 at 13:06:46:830 Send 06 
03-09-18 at 13:06:46:850 Send 02 05 11 1E 00 00 00 0A 
03-09-18 at 13:06:46:870 Recived 06 02 30 11 00 1E 43 31 CB D3 19 04 12 01 73 00 92 02 02 00 00 4E 41 00 00 01 01 10 03 09 12 0D 06 2D 00 2E 5D 00 00 18 00 00 00 00 00 D2 E9 1E 42 01 00 96 
03-09-18 at 13:06:46:890 Send 06 
03-09-18 at 13:06:46:892 KKMStatus 0000
03-09-18 at 13:06:46:910 Send 05 
03-09-18 at 13:06:46:930 Recived 15 
03-09-18 at 13:06:46:930 Send 06 
03-09-18 at 13:06:46:950 Send 02 05 11 1E 00 00 00 0A 
03-09-18 at 13:06:46:970 Recived 06 02 30 11 00 1E 43 31 CB D3 19 04 12 01 73 00 92 02 02 00 00 4E 41 00 00 01 01 10 03 09 12 0D 06 2E 00 2E 5D 00 00 18 00 00 00 00 00 D2 E9 1E 42 01 00 95 
03-09-18 at 13:06:46:990 Send 06 
03-09-18 at 13:06:46:992 KKMStatus 0200
03-09-18 at 13:06:46:992 Номер ФР считан
03-09-18 at 13:06:47:195 СУБД подключена
03-09-18 at 13:06:47:221 Send 05 
03-09-18 at 13:06:47:241 Recived 15 
03-09-18 at 13:06:47:241 Send 06 
03-09-18 at 13:06:47:261 Send 02 17 1E 1E 00 00 00 05 03 00 01 CA 41 D0 D2 CE C9 20 56 49 53 41 2F 4D 43 92 
03-09-18 at 13:06:47:282 Recived 06 02 02 1E 00 1C 
03-09-18 at 13:06:47:302 Send 06 
03-09-18 at 13:06:47:322 Send 05 
03-09-18 at 13:06:47:342 Recived 15 
03-09-18 at 13:06:47:342 Send 06 
03-09-18 at 13:06:47:362 Send 02 18 1E 1E 00 00 00 05 04 00 01 C4 D0 D3 C3 C8 CC C8 20 CA C0 D0 D2 C0 CC C8 3C 
03-09-18 at 13:06:47:383 Recived 06 02 02 1E 00 1C 
03-09-18 at 13:06:47:403 Send 06 
03-09-18 at 13:06:47:423 Send 05 
03-09-18 at 13:06:47:443 Recived 15 
03-09-18 at 13:06:47:443 Send 06 
03-09-18 at 13:06:47:463 Send 02 1D 1E 1E 00 00 00 05 0E 00 01 CF CE C4 C0 D0 CE D7 CD DB CC C8 20 CA C0 D0 D2 C0 CC C8 00 25 
03-09-18 at 13:06:47:484 Recived 06 02 02 1E 00 1C 
03-09-18 at 13:06:47:504 Send 06 
03-09-18 at 13:06:47:524 Send 05 
03-09-18 at 13:06:47:544 Recived 15 
03-09-18 at 13:06:47:544 Send 06 
03-09-18 at 13:06:47:564 Send 02 0A 1E 1E 00 00 00 01 01 00 01 01 0A 
03-09-18 at 13:06:47:584 Recived 06 02 02 1E 00 1C 
03-09-18 at 13:06:47:604 Send 06 
03-09-18 at 13:06:47:624 Send 05 
03-09-18 at 13:06:47:644 Recived 15 
03-09-18 at 13:06:47:644 Send 06 
03-09-18 at 13:06:47:664 Send 02 0A 1E 1E 00 00 00 01 01 00 05 02 0D 
03-09-18 at 13:06:47:684 Recived 06 02 02 1E 00 1C 
03-09-18 at 13:06:47:704 Send 06 
03-09-18 at 13:06:47:724 Send 05 
03-09-18 at 13:06:47:744 Recived 15 
03-09-18 at 13:06:47:744 Send 06 
03-09-18 at 13:06:47:764 Send 02 0A 1E 1E 00 00 00 01 01 00 23 01 28 
03-09-18 at 13:06:47:784 Recived 06 02 02 1E 00 1C 
03-09-18 at 13:06:47:804 Send 06 
03-09-18 at 13:06:47:824 Send 05 
03-09-18 at 13:06:47:844 Recived 15 
03-09-18 at 13:06:47:844 Send 06 
03-09-18 at 13:06:47:864 Send 02 0A 1E 1E 00 00 00 01 01 00 06 00 0C 
03-09-18 at 13:06:47:884 Recived 06 02 02 1E 00 1C 
03-09-18 at 13:06:47:904 Send 06 
03-09-18 at 13:06:47:924 Send 05 
03-09-18 at 13:06:47:944 Recived 15 
03-09-18 at 13:06:47:944 Send 06 
03-09-18 at 13:06:47:964 Send 02 0A 1E 1E 00 00 00 01 01 00 07 01 0C 
03-09-18 at 13:06:47:984 Recived 06 02 02 1E 00 1C 
03-09-18 at 13:06:48:004 Send 06 
03-09-18 at 13:06:48:024 Send 05 
03-09-18 at 13:06:48:044 Recived 15 
03-09-18 at 13:06:48:044 Send 06 
03-09-18 at 13:06:48:064 Send 02 0A 1E 1E 00 00 00 01 01 00 14 01 1F 
03-09-18 at 13:06:48:084 Recived 06 02 02 1E 00 1C 
03-09-18 at 13:06:48:104 Send 06 
03-09-18 at 13:06:48:124 Send 05 
03-09-18 at 13:06:48:144 Recived 15 
03-09-18 at 13:06:48:144 Send 06 
03-09-18 at 13:06:48:164 Send 02 0A 1E 1E 00 00 00 01 01 00 15 01 1E 
03-09-18 at 13:06:48:184 Recived 06 02 02 1E 00 1C 
03-09-18 at 13:06:48:204 Send 06 
03-09-18 at 13:06:48:224 Send 05 
03-09-18 at 13:06:48:244 Recived 15 
03-09-18 at 13:06:48:244 Send 06 
03-09-18 at 13:06:48:264 Send 02 0A 1E 1E 00 00 00 01 01 00 0F 00 05 
03-09-18 at 13:06:48:284 Recived 06 02 02 1E 00 1C 
03-09-18 at 13:06:48:304 Send 06 
03-09-18 at 13:06:48:324 Send 05 
03-09-18 at 13:06:48:344 Recived 15 
03-09-18 at 13:06:48:344 Send 06 
03-09-18 at 13:06:48:364 Send 02 0A 1E 1E 00 00 00 01 01 00 11 00 1B 
03-09-18 at 13:06:48:384 Recived 06 02 02 1E 00 1C 
03-09-18 at 13:06:48:404 Send 06 
03-09-18 at 13:06:48:424 Send 05 
03-09-18 at 13:06:48:444 Recived 15 
03-09-18 at 13:06:48:444 Send 06 
03-09-18 at 13:06:48:464 Send 02 0A 1E 1E 00 00 00 11 01 00 03 02 1B 
03-09-18 at 13:06:48:484 Recived 06 02 02 1E 00 1C 
03-09-18 at 13:06:48:504 Send 06 
03-09-18 at 13:06:48:524 Send 05 
03-09-18 at 13:06:48:544 Recived 15 
03-09-18 at 13:06:48:544 Send 06 
03-09-18 at 13:06:48:564 Send 02 0A 1E 1E 00 00 00 11 01 00 0C 00 16 
03-09-18 at 13:06:48:584 Recived 06 02 02 1E 00 1C 
03-09-18 at 13:06:48:604 Send 06 
03-09-18 at 13:06:48:624 Send 05 
03-09-18 at 13:06:48:644 Recived 15 
03-09-18 at 13:06:48:644 Send 06 
03-09-18 at 13:06:48:664 Send 02 0A 1E 1E 00 00 00 01 01 00 29 01 22 
03-09-18 at 13:06:48:684 Recived 06 02 02 1E 00 1C 
03-09-18 at 13:06:48:704 Send 06 
03-09-18 at 13:06:48:724 Send 05 
03-09-18 at 13:06:48:744 Recived 15 
03-09-18 at 13:06:48:744 Send 06 
03-09-18 at 13:06:48:764 Send 02 26 1E 1E 00 00 00 04 0C 00 01 20 20 20 20 20 20 20 20 20 20 20 C4 CE C1 D0 CE 20 CF CE C6 C0 CB CE C2 C0 D2 DC 21 00 D5 
03-09-18 at 13:06:48:787 Recived 06 02 02 1E 00 1C 
03-09-18 at 13:06:48:807 Send 06 
03-09-18 at 13:06:48:827 Send 05 
03-09-18 at 13:06:48:847 Recived 15 
03-09-18 at 13:06:48:847 Send 06 
03-09-18 at 13:06:48:867 Send 02 29 1E 1E 00 00 00 04 0D 00 01 20 20 20 20 20 20 20 20 CE CE CE 20 CA EE EC EF E0 ED E8 FF 20 27 CA CE CB CE D0 CB CE CD 27 00 CB 
03-09-18 at 13:06:48:890 Recived 06 02 02 1E 00 1C 
03-09-18 at 13:06:48:910 Send 06 
03-09-18 at 13:06:48:930 Send 05 
03-09-18 at 13:06:48:950 Recived 15 
03-09-18 at 13:06:48:950 Send 06 
03-09-18 at 13:06:48:970 Send 02 2D 1E 1E 00 00 00 04 0E 00 01 20 20 20 20 20 CC E0 E3 E0 E7 E8 ED 20 27 C2 F1 E5 20 F2 EE E2 E0 F0 FB 20 E4 EB FF 20 E4 EE EC E0 27 20 00 DE 
03-09-18 at 13:06:48:993 Recived 06 02 02 1E 00 1C 
03-09-18 at 13:06:49:013 Send 06 
03-09-18 at 13:06:49:150 now clear port error ...
03-09-18 at 13:06:49:151 now write to port ...
03-09-18 at 13:06:49:284 ... done
03-09-18 at 13:06:49:333 Send 05 
03-09-18 at 13:06:49:353 Recived 15 
03-09-18 at 13:06:49:353 Send 06 
03-09-18 at 13:06:49:373 Send 02 06 1A 1E 00 00 00 79 7B 
03-09-18 at 13:06:49:393 Recived 06 02 09 1A 00 1E 00 00 00 00 00 00 0D 
03-09-18 at 13:06:49:413 Send 06 
03-09-18 at 13:06:51:682 Cardreader  Антонов Сергей 
03-09-18 at 13:06:51:699 Send 05 
03-09-18 at 13:06:51:720 Recived 15 
03-09-18 at 13:06:51:720 Send 06 
03-09-18 at 13:06:51:740 Send 02 19 1E 1E 00 00 00 02 1E 00 02 C0 ED F2 EE ED EE E2 20 D1 E5 F0 E3 E5 E9 20 00 FC 
03-09-18 at 13:06:51:761 Recived 06 02 02 1E 00 1C 
03-09-18 at 13:06:51:781 Send 06 
03-09-18 at 13:06:51:783 now clear port error ...
03-09-18 at 13:06:51:783 now write to port ...
03-09-18 at 13:06:51:916 ... done
03-09-18 at 13:06:52:701 Send 05 
03-09-18 at 13:06:52:721 Recived 15 
03-09-18 at 13:06:52:721 Send 06 
03-09-18 at 13:06:52:741 Send 02 06 FF 39 1E 00 00 00 DE 
03-09-18 at 13:06:52:761 Recived 06 02 10 FF 39 00 00 00 00 00 00 00 00 00 00 00 00 00 00 D6 
03-09-18 at 13:06:52:781 Send 06 
03-09-18 at 13:06:53:232 total calculated
03-09-18 at 13:06:53:232 now show on display
03-09-18 at 13:06:53:232                     Всего:          0.00
03-09-18 at 13:06:53:233 now clear port error ...
03-09-18 at 13:06:53:233 now write to port ...
03-09-18 at 13:06:53:367 ... done
03-09-18 at 13:06:53:367 total calculated
03-09-18 at 13:06:53:367 now show on display
03-09-18 at 13:06:53:368                     Всего:          0.00
03-09-18 at 13:06:53:368 now clear port error ...
03-09-18 at 13:06:53:368 now write to port ...
03-09-18 at 13:06:53:538 ... done
03-09-18 at 13:06:53:542 Удаление критической сессии
03-09-18 at 13:06:53:542 Выход из программы
03-09-18 at 13:06:55:365 Запуск программы. Инициализация считана из файла
03-09-18 at 13:06:55:365 Чек загружен.
03-09-18 at 13:06:55:365 total calculated
03-09-18 at 13:06:55:366 now show on display
03-09-18 at 13:06:55:366                     Всего:          0.00
03-09-18 at 13:06:55:366 now open port for display
03-09-18 at 13:06:55:367 Com port opened
03-09-18 at 13:06:55:367 now clear port error ...
03-09-18 at 13:06:55:367 now write to port ...
03-09-18 at 13:06:55:501 ... done
03-09-18 at 13:06:55:501 Чек сжат
03-09-18 at 13:06:55:501 Сумма чека посчитана
03-09-18 at 13:06:55:502 Кардридер создан
03-09-18 at 13:06:55:503 Задание запуска модулей создано
03-09-18 at 13:06:55:503 Сканер создан
03-09-18 at 13:06:55:503 Запуск потока обмена COM-порта
03-09-18 at 13:06:55:504 Регистратор создан
03-09-18 at 13:06:55:504 Часы созданы
03-09-18 at 13:06:55:505 Регистратор запущен
03-09-18 at 13:06:55:505 Сканер запущен
03-09-18 at 13:06:55:505 Часы запущены
03-09-18 at 13:06:55:505 Кардридер запущен
03-09-18 at 13:06:55:507 Передача данных запущена
03-09-18 at 13:06:55:508 Вход в FRInit mstar
03-09-18 at 13:06:55:508 Вход в GetStatus
03-09-18 at 13:06:55:535 Send 05 
03-09-18 at 13:06:55:556 Recived 15 
03-09-18 at 13:06:55:556 Send 06 
03-09-18 at 13:06:55:576 Send 02 05 11 1E 00 00 00 0A 
03-09-18 at 13:06:55:596 Recived 06 02 30 11 00 1E 43 31 CB D3 19 04 12 01 73 00 92 02 02 00 00 4E 41 00 00 01 01 10 03 09 12 0D 06 36 00 2E 5D 00 00 18 00 00 00 00 00 D2 E9 1E 42 01 00 8D 
03-09-18 at 13:06:55:616 Send 06 
03-09-18 at 13:06:55:621 KKMStatus 0000
03-09-18 at 13:06:55:636 Send 05 
03-09-18 at 13:06:55:656 Recived 15 
03-09-18 at 13:06:55:656 Send 06 
03-09-18 at 13:06:55:676 Send 02 05 11 1E 00 00 00 0A 
03-09-18 at 13:06:55:696 Recived 06 02 30 11 00 1E 43 31 CB D3 19 04 12 01 73 00 92 02 02 00 00 4E 41 00 00 01 01 10 03 09 12 0D 06 36 00 2E 5D 00 00 18 00 00 00 00 00 D2 E9 1E 42 01 00 8D 
03-09-18 at 13:06:55:716 Send 06 
03-09-18 at 13:06:55:721 KKMStatus 0200
03-09-18 at 13:06:55:721 Номер ФР считан
03-09-18 at 13:06:55:934 СУБД подключена
03-09-18 at 13:06:55:966 Send 05 
03-09-18 at 13:06:55:986 Recived 15 
03-09-18 at 13:06:55:986 Send 06 
03-09-18 at 13:06:56:006 Send 02 17 1E 1E 00 00 00 05 03 00 01 CA 41 D0 D2 CE C9 20 56 49 53 41 2F 4D 43 92 
03-09-18 at 13:06:56:027 Recived 06 02 02 1E 00 1C 
03-09-18 at 13:06:56:047 Send 06 
03-09-18 at 13:06:56:067 Send 05 
03-09-18 at 13:06:56:087 Recived 15 
03-09-18 at 13:06:56:087 Send 06 
03-09-18 at 13:06:56:107 Send 02 18 1E 1E 00 00 00 05 04 00 01 C4 D0 D3 C3 C8 CC C8 20 CA C0 D0 D2 C0 CC C8 3C 
03-09-18 at 13:06:56:128 Recived 06 02 02 1E 00 1C 
03-09-18 at 13:06:56:148 Send 06 
03-09-18 at 13:06:56:168 Send 05 
03-09-18 at 13:06:56:188 Recived 15 
03-09-18 at 13:06:56:188 Send 06 
03-09-18 at 13:06:56:208 Send 02 1D 1E 1E 00 00 00 05 0E 00 01 CF CE C4 C0 D0 CE D7 CD DB CC C8 20 CA C0 D0 D2 C0 CC C8 00 25 
03-09-18 at 13:06:56:229 Recived 06 02 02 1E 00 1C 
03-09-18 at 13:06:56:249 Send 06 
03-09-18 at 13:06:56:269 Send 05 
03-09-18 at 13:06:56:289 Recived 15 
03-09-18 at 13:06:56:289 Send 06 
03-09-18 at 13:06:56:309 Send 02 0A 1E 1E 00 00 00 01 01 00 01 01 0A 
03-09-18 at 13:06:56:329 Recived 06 02 02 1E 00 1C 
03-09-18 at 13:06:56:349 Send 06 
03-09-18 at 13:06:56:369 Send 05 
03-09-18 at 13:06:56:389 Recived 15 
03-09-18 at 13:06:56:389 Send 06 
03-09-18 at 13:06:56:409 Send 02 0A 1E 1E 00 00 00 01 01 00 05 02 0D 
03-09-18 at 13:06:56:429 Recived 06 02 02 1E 00 1C 
03-09-18 at 13:06:56:449 Send 06 
03-09-18 at 13:06:56:469 Send 05 
03-09-18 at 13:06:56:489 Recived 15 
03-09-18 at 13:06:56:489 Send 06 
03-09-18 at 13:06:56:509 Send 02 0A 1E 1E 00 00 00 01 01 00 23 01 28 
03-09-18 at 13:06:56:529 Recived 06 02 02 1E 00 1C 
03-09-18 at 13:06:56:549 Send 06 
03-09-18 at 13:06:56:569 Send 05 
03-09-18 at 13:06:56:589 Recived 15 
03-09-18 at 13:06:56:589 Send 06 
03-09-18 at 13:06:56:609 Send 02 0A 1E 1E 00 00 00 01 01 00 06 00 0C 
03-09-18 at 13:06:56:629 Recived 06 02 02 1E 00 1C 
03-09-18 at 13:06:56:649 Send 06 
03-09-18 at 13:06:56:669 Send 05 
03-09-18 at 13:06:56:689 Recived 15 
03-09-18 at 13:06:56:689 Send 06 
03-09-18 at 13:06:56:709 Send 02 0A 1E 1E 00 00 00 01 01 00 07 01 0C 
03-09-18 at 13:06:56:729 Recived 06 02 02 1E 00 1C 
03-09-18 at 13:06:56:749 Send 06 
03-09-18 at 13:06:56:769 Send 05 
03-09-18 at 13:06:56:789 Recived 15 
03-09-18 at 13:06:56:789 Send 06 
03-09-18 at 13:06:56:809 Send 02 0A 1E 1E 00 00 00 01 01 00 14 01 1F 
03-09-18 at 13:06:56:829 Recived 06 02 02 1E 00 1C 
03-09-18 at 13:06:56:849 Send 06 
03-09-18 at 13:06:56:869 Send 05 
03-09-18 at 13:06:56:889 Recived 15 
03-09-18 at 13:06:56:889 Send 06 
03-09-18 at 13:06:56:909 Send 02 0A 1E 1E 00 00 00 01 01 00 15 01 1E 
03-09-18 at 13:06:56:929 Recived 06 02 02 1E 00 1C 
03-09-18 at 13:06:56:949 Send 06 
03-09-18 at 13:06:56:969 Send 05 
03-09-18 at 13:06:56:989 Recived 15 
03-09-18 at 13:06:56:989 Send 06 
03-09-18 at 13:06:57:009 Send 02 0A 1E 1E 00 00 00 01 01 00 0F 00 05 
03-09-18 at 13:06:57:029 Recived 06 02 02 1E 00 1C 
03-09-18 at 13:06:57:049 Send 06 
03-09-18 at 13:06:57:069 Send 05 
03-09-18 at 13:06:57:089 Recived 15 
03-09-18 at 13:06:57:089 Send 06 
03-09-18 at 13:06:57:109 Send 02 0A 1E 1E 00 00 00 01 01 00 11 00 1B 
03-09-18 at 13:06:57:129 Recived 06 02 02 1E 00 1C 
03-09-18 at 13:06:57:149 Send 06 
03-09-18 at 13:06:57:169 Send 05 
03-09-18 at 13:06:57:189 Recived 15 
03-09-18 at 13:06:57:189 Send 06 
03-09-18 at 13:06:57:209 Send 02 0A 1E 1E 00 00 00 11 01 00 03 02 1B 
03-09-18 at 13:06:57:229 Recived 06 02 02 1E 00 1C 
03-09-18 at 13:06:57:249 Send 06 
03-09-18 at 13:06:57:269 Send 05 
03-09-18 at 13:06:57:289 Recived 15 
03-09-18 at 13:06:57:289 Send 06 
03-09-18 at 13:06:57:309 Send 02 0A 1E 1E 00 00 00 11 01 00 0C 00 16 
03-09-18 at 13:06:57:329 Recived 06 02 02 1E 00 1C 
03-09-18 at 13:06:57:349 Send 06 
03-09-18 at 13:06:57:369 Send 05 
03-09-18 at 13:06:57:389 Recived 15 
03-09-18 at 13:06:57:389 Send 06 
03-09-18 at 13:06:57:409 Send 02 0A 1E 1E 00 00 00 01 01 00 29 01 22 
03-09-18 at 13:06:57:429 Recived 06 02 02 1E 00 1C 
03-09-18 at 13:06:57:449 Send 06 
03-09-18 at 13:06:57:469 Send 05 
03-09-18 at 13:06:57:489 Recived 15 
03-09-18 at 13:06:57:489 Send 06 
03-09-18 at 13:06:57:509 Send 02 26 1E 1E 00 00 00 04 0C 00 01 20 20 20 20 20 20 20 20 20 20 20 C4 CE C1 D0 CE 20 CF CE C6 C0 CB CE C2 C0 D2 DC 21 00 D5 
03-09-18 at 13:06:57:532 Recived 06 02 02 1E 00 1C 
03-09-18 at 13:06:57:552 Send 06 
03-09-18 at 13:06:57:572 Send 05 
03-09-18 at 13:06:57:592 Recived 15 
03-09-18 at 13:06:57:592 Send 06 
03-09-18 at 13:06:57:612 Send 02 29 1E 1E 00 00 00 04 0D 00 01 20 20 20 20 20 20 20 20 CE CE CE 20 CA EE EC EF E0 ED E8 FF 20 27 CA CE CB CE D0 CB CE CD 27 00 CB 
03-09-18 at 13:06:57:635 Recived 06 02 02 1E 00 1C 
03-09-18 at 13:06:57:655 Send 06 
03-09-18 at 13:06:57:675 Send 05 
03-09-18 at 13:06:57:695 Recived 15 
03-09-18 at 13:06:57:695 Send 06 
03-09-18 at 13:06:57:715 Send 02 2D 1E 1E 00 00 00 04 0E 00 01 20 20 20 20 20 CC E0 E3 E0 E7 E8 ED 20 27 C2 F1 E5 20 F2 EE E2 E0 F0 FB 20 E4 EB FF 20 E4 EE EC E0 27 20 00 DE 
03-09-18 at 13:06:57:738 Recived 06 02 02 1E 00 1C 
03-09-18 at 13:06:57:758 Send 06 
03-09-18 at 13:06:57:901 now clear port error ...
03-09-18 at 13:06:57:901 now write to port ...
03-09-18 at 13:06:58:035 ... done
03-09-18 at 13:06:58:083 Send 05 
03-09-18 at 13:06:58:103 Recived 15 
03-09-18 at 13:06:58:103 Send 06 
03-09-18 at 13:06:58:123 Send 02 06 1A 1E 00 00 00 79 7B 
03-09-18 at 13:06:58:143 Recived 06 02 09 1A 00 1E 00 00 00 00 00 00 0D 
03-09-18 at 13:06:58:163 Send 06 
03-09-18 at 13:07:00:459 Cardreader  Антонов Сергей 
03-09-18 at 13:07:00:470 Send 05 
03-09-18 at 13:07:00:490 Recived 15 
03-09-18 at 13:07:00:490 Send 06 
03-09-18 at 13:07:00:510 Send 02 19 1E 1E 00 00 00 02 1E 00 02 C0 ED F2 EE ED EE E2 20 D1 E5 F0 E3 E5 E9 20 00 FC 
03-09-18 at 13:07:00:532 Recived 06 02 02 1E 00 1C 
03-09-18 at 13:07:00:552 Send 06 
03-09-18 at 13:07:00:555 now clear port error ...
03-09-18 at 13:07:00:555 now write to port ...
03-09-18 at 13:07:00:688 ... done
03-09-18 at 13:07:01:472 Send 05 
03-09-18 at 13:07:01:492 Recived 15 
03-09-18 at 13:07:01:492 Send 06 
03-09-18 at 13:07:01:512 Send 02 06 FF 39 1E 00 00 00 DE 
03-09-18 at 13:07:01:532 Recived 06 02 10 FF 39 00 00 00 00 00 00 00 00 00 00 00 00 00 00 D6 
03-09-18 at 13:07:01:552 Send 06 
03-09-18 at 13:07:02:620 114
03-09-18 at 13:07:02:620 014
03-09-18 at 13:07:05:801 total calculated
03-09-18 at 13:07:05:801 now show on display
03-09-18 at 13:07:05:802                     Всего:          0.00
03-09-18 at 13:07:05:802 now clear port error ...
03-09-18 at 13:07:05:802 now write to port ...
03-09-18 at 13:07:05:936 ... done
03-09-18 at 13:07:05:936 total calculated
03-09-18 at 13:07:05:937 now show on display
03-09-18 at 13:07:05:937                     Всего:          0.00
03-09-18 at 13:07:05:937 now clear port error ...
03-09-18 at 13:07:05:937 now write to port ...
03-09-18 at 13:07:06:108 ... done
03-09-18 at 13:07:06:111 Удаление критической сессии
03-09-18 at 13:07:06:111 Выход из программы
03-09-18 at 14:11:42:005 Запуск программы. Инициализация считана из файла
03-09-18 at 14:11:42:005 Чек загружен.
03-09-18 at 14:11:42:006 total calculated
03-09-18 at 14:11:42:006 now show on display
03-09-18 at 14:11:42:006                     Всего:          0.00
03-09-18 at 14:11:42:006 now open port for display
03-09-18 at 14:11:42:007 Com port opened
03-09-18 at 14:11:42:007 now clear port error ...
03-09-18 at 14:11:42:007 now write to port ...
03-09-18 at 14:11:42:141 ... done
03-09-18 at 14:11:42:141 Чек сжат
03-09-18 at 14:11:42:141 Сумма чека посчитана
03-09-18 at 14:11:42:142 Кардридер создан
03-09-18 at 14:11:42:142 Задание запуска модулей создано
03-09-18 at 14:11:42:142 Сканер создан
03-09-18 at 14:11:42:142 Запуск потока обмена COM-порта
03-09-18 at 14:11:42:142 Регистратор создан
03-09-18 at 14:11:42:143 Часы созданы
03-09-18 at 14:11:42:144 Регистратор запущен
03-09-18 at 14:11:42:144 Сканер запущен
03-09-18 at 14:11:42:144 Часы запущены
03-09-18 at 14:11:42:144 Кардридер запущен
03-09-18 at 14:11:42:144 Передача данных запущена
03-09-18 at 14:11:42:144 Вход в FRInit mstar
03-09-18 at 14:11:42:145 Вход в GetStatus
03-09-18 at 14:11:42:164 Send 05 
03-09-18 at 14:11:42:184 Recived 15 
03-09-18 at 14:11:42:184 Send 06 
03-09-18 at 14:11:42:204 Send 02 05 11 1E 00 00 00 0A 
03-09-18 at 14:11:42:225 Recived 06 02 30 11 00 1E 43 31 CB D3 19 04 12 01 73 00 92 02 02 00 00 4E 41 00 00 01 01 10 03 09 12 0E 0B 29 00 2E 5D 00 00 18 00 00 00 00 00 D2 E9 1E 42 01 00 9C 
03-09-18 at 14:11:42:245 Send 06 
03-09-18 at 14:11:42:255 KKMStatus 0000
03-09-18 at 14:11:42:265 Send 05 
03-09-18 at 14:11:42:285 Recived 15 
03-09-18 at 14:11:42:285 Send 06 
03-09-18 at 14:11:42:305 Send 02 05 11 1E 00 00 00 0A 
03-09-18 at 14:11:42:325 Recived 06 02 30 11 00 1E 43 31 CB D3 19 04 12 01 73 00 92 02 02 00 00 4E 41 00 00 01 01 10 03 09 12 0E 0B 29 00 2E 5D 00 00 18 00 00 00 00 00 D2 E9 1E 42 01 00 9C 
03-09-18 at 14:11:42:345 Send 06 
03-09-18 at 14:11:42:345 KKMStatus 0200
03-09-18 at 14:11:42:345 Номер ФР считан
03-09-18 at 14:11:42:578 СУБД подключена
03-09-18 at 14:11:42:609 Send 05 
03-09-18 at 14:11:42:629 Recived 15 
03-09-18 at 14:11:42:629 Send 06 
03-09-18 at 14:11:42:649 Send 02 17 1E 1E 00 00 00 05 03 00 01 CA 41 D0 D2 CE C9 20 56 49 53 41 2F 4D 43 92 
03-09-18 at 14:11:42:670 Recived 06 02 02 1E 00 1C 
03-09-18 at 14:11:42:690 Send 06 
03-09-18 at 14:11:42:710 Send 05 
03-09-18 at 14:11:42:730 Recived 15 
03-09-18 at 14:11:42:730 Send 06 
03-09-18 at 14:11:42:750 Send 02 18 1E 1E 00 00 00 05 04 00 01 C4 D0 D3 C3 C8 CC C8 20 CA C0 D0 D2 C0 CC C8 3C 
03-09-18 at 14:11:42:771 Recived 06 02 02 1E 00 1C 
03-09-18 at 14:11:42:791 Send 06 
03-09-18 at 14:11:42:811 Send 05 
03-09-18 at 14:11:42:831 Recived 15 
03-09-18 at 14:11:42:831 Send 06 
03-09-18 at 14:11:42:851 Send 02 1D 1E 1E 00 00 00 05 0E 00 01 CF CE C4 C0 D0 CE D7 CD DB CC C8 20 CA C0 D0 D2 C0 CC C8 00 25 
03-09-18 at 14:11:42:872 Recived 06 02 02 1E 00 1C 
03-09-18 at 14:11:42:892 Send 06 
03-09-18 at 14:11:42:912 Send 05 
03-09-18 at 14:11:42:932 Recived 15 
03-09-18 at 14:11:42:932 Send 06 
03-09-18 at 14:11:42:952 Send 02 0A 1E 1E 00 00 00 01 01 00 01 01 0A 
03-09-18 at 14:11:42:972 Recived 06 02 02 1E 00 1C 
03-09-18 at 14:11:42:992 Send 06 
03-09-18 at 14:11:43:012 Send 05 
03-09-18 at 14:11:43:032 Recived 15 
03-09-18 at 14:11:43:032 Send 06 
03-09-18 at 14:11:43:052 Send 02 0A 1E 1E 00 00 00 01 01 00 05 02 0D 
03-09-18 at 14:11:43:072 Recived 06 02 02 1E 00 1C 
03-09-18 at 14:11:43:092 Send 06 
03-09-18 at 14:11:43:112 Send 05 
03-09-18 at 14:11:43:132 Recived 15 
03-09-18 at 14:11:43:132 Send 06 
03-09-18 at 14:11:43:152 Send 02 0A 1E 1E 00 00 00 01 01 00 23 01 28 
03-09-18 at 14:11:43:172 Recived 06 02 02 1E 00 1C 
03-09-18 at 14:11:43:192 Send 06 
03-09-18 at 14:11:43:212 Send 05 
03-09-18 at 14:11:43:232 Recived 15 
03-09-18 at 14:11:43:232 Send 06 
03-09-18 at 14:11:43:252 Send 02 0A 1E 1E 00 00 00 01 01 00 06 00 0C 
03-09-18 at 14:11:43:272 Recived 06 02 02 1E 00 1C 
03-09-18 at 14:11:43:292 Send 06 
03-09-18 at 14:11:43:312 Send 05 
03-09-18 at 14:11:43:332 Recived 15 
03-09-18 at 14:11:43:332 Send 06 
03-09-18 at 14:11:43:352 Send 02 0A 1E 1E 00 00 00 01 01 00 07 01 0C 
03-09-18 at 14:11:43:372 Recived 06 02 02 1E 00 1C 
03-09-18 at 14:11:43:392 Send 06 
03-09-18 at 14:11:43:412 Send 05 
03-09-18 at 14:11:43:432 Recived 15 
03-09-18 at 14:11:43:432 Send 06 
03-09-18 at 14:11:43:452 Send 02 0A 1E 1E 00 00 00 01 01 00 14 01 1F 
03-09-18 at 14:11:43:472 Recived 06 02 02 1E 00 1C 
03-09-18 at 14:11:43:492 Send 06 
03-09-18 at 14:11:43:512 Send 05 
03-09-18 at 14:11:43:532 Recived 15 
03-09-18 at 14:11:43:532 Send 06 
03-09-18 at 14:11:43:552 Send 02 0A 1E 1E 00 00 00 01 01 00 15 01 1E 
03-09-18 at 14:11:43:572 Recived 06 02 02 1E 00 1C 
03-09-18 at 14:11:43:592 Send 06 
03-09-18 at 14:11:43:612 Send 05 
03-09-18 at 14:11:43:632 Recived 15 
03-09-18 at 14:11:43:632 Send 06 
03-09-18 at 14:11:43:652 Send 02 0A 1E 1E 00 00 00 01 01 00 0F 00 05 
03-09-18 at 14:11:43:672 Recived 06 02 02 1E 00 1C 
03-09-18 at 14:11:43:692 Send 06 
03-09-18 at 14:11:43:712 Send 05 
03-09-18 at 14:11:43:732 Recived 15 
03-09-18 at 14:11:43:732 Send 06 
03-09-18 at 14:11:43:752 Send 02 0A 1E 1E 00 00 00 01 01 00 11 00 1B 
03-09-18 at 14:11:43:772 Recived 06 02 02 1E 00 1C 
03-09-18 at 14:11:43:792 Send 06 
03-09-18 at 14:11:43:812 Send 05 
03-09-18 at 14:11:43:832 Recived 15 
03-09-18 at 14:11:43:832 Send 06 
03-09-18 at 14:11:43:852 Send 02 0A 1E 1E 00 00 00 11 01 00 03 02 1B 
03-09-18 at 14:11:43:872 Recived 06 02 02 1E 00 1C 
03-09-18 at 14:11:43:892 Send 06 
03-09-18 at 14:11:43:912 Send 05 
03-09-18 at 14:11:43:932 Recived 15 
03-09-18 at 14:11:43:932 Send 06 
03-09-18 at 14:11:43:952 Send 02 0A 1E 1E 00 00 00 11 01 00 0C 00 16 
03-09-18 at 14:11:43:972 Recived 06 02 02 1E 00 1C 
03-09-18 at 14:11:43:992 Send 06 
03-09-18 at 14:11:44:012 Send 05 
03-09-18 at 14:11:44:032 Recived 15 
03-09-18 at 14:11:44:032 Send 06 
03-09-18 at 14:11:44:052 Send 02 0A 1E 1E 00 00 00 01 01 00 29 01 22 
03-09-18 at 14:11:44:072 Recived 06 02 02 1E 00 1C 
03-09-18 at 14:11:44:092 Send 06 
03-09-18 at 14:11:44:112 Send 05 
03-09-18 at 14:11:44:132 Recived 15 
03-09-18 at 14:11:44:132 Send 06 
03-09-18 at 14:11:44:152 Send 02 26 1E 1E 00 00 00 04 0C 00 01 20 20 20 20 20 20 20 20 20 20 20 C4 CE C1 D0 CE 20 CF CE C6 C0 CB CE C2 C0 D2 DC 21 00 D5 
03-09-18 at 14:11:44:175 Recived 06 02 02 1E 00 1C 
03-09-18 at 14:11:44:195 Send 06 
03-09-18 at 14:11:44:215 Send 05 
03-09-18 at 14:11:44:235 Recived 15 
03-09-18 at 14:11:44:235 Send 06 
03-09-18 at 14:11:44:255 Send 02 29 1E 1E 00 00 00 04 0D 00 01 20 20 20 20 20 20 20 20 CE CE CE 20 CA EE EC EF E0 ED E8 FF 20 27 CA CE CB CE D0 CB CE CD 27 00 CB 
03-09-18 at 14:11:44:278 Recived 06 02 02 1E 00 1C 
03-09-18 at 14:11:44:298 Send 06 
03-09-18 at 14:11:44:318 Send 05 
03-09-18 at 14:11:44:338 Recived 15 
03-09-18 at 14:11:44:338 Send 06 
03-09-18 at 14:11:44:358 Send 02 2D 1E 1E 00 00 00 04 0E 00 01 20 20 20 20 20 CC E0 E3 E0 E7 E8 ED 20 27 C2 F1 E5 20 F2 EE E2 E0 F0 FB 20 E4 EB FF 20 E4 EE EC E0 27 20 00 DE 
03-09-18 at 14:11:44:381 Recived 06 02 02 1E 00 1C 
03-09-18 at 14:11:44:401 Send 06 
03-09-18 at 14:11:44:530 now clear port error ...
03-09-18 at 14:11:44:530 now write to port ...
03-09-18 at 14:11:44:664 ... done
03-09-18 at 14:11:44:708 Send 05 
03-09-18 at 14:11:44:728 Recived 15 
03-09-18 at 14:11:44:728 Send 06 
03-09-18 at 14:11:44:748 Send 02 06 1A 1E 00 00 00 79 7B 
03-09-18 at 14:11:44:768 Recived 06 02 09 1A 00 1E 00 00 00 00 00 00 0D 
03-09-18 at 14:11:44:788 Send 06 
03-09-18 at 14:11:47:147 Cardreader  Антонов Сергей 
03-09-18 at 14:11:47:151 Send 05 
03-09-18 at 14:11:47:171 Recived 15 
03-09-18 at 14:11:47:171 Send 06 
03-09-18 at 14:11:47:191 Send 02 19 1E 1E 00 00 00 02 1E 00 02 C0 ED F2 EE ED EE E2 20 D1 E5 F0 E3 E5 E9 20 00 FC 
03-09-18 at 14:11:47:212 Recived 06 02 02 1E 00 1C 
03-09-18 at 14:11:47:232 Send 06 
03-09-18 at 14:11:47:233 now clear port error ...
03-09-18 at 14:11:47:233 now write to port ...
03-09-18 at 14:11:47:366 ... done
03-09-18 at 14:11:48:152 Send 05 
03-09-18 at 14:11:48:172 Recived 15 
03-09-18 at 14:11:48:172 Send 06 
03-09-18 at 14:11:48:192 Send 02 06 FF 39 1E 00 00 00 DE 
03-09-18 at 14:11:48:212 Recived 06 02 10 FF 39 00 00 00 00 00 00 00 00 00 00 00 00 00 00 D6 
03-09-18 at 14:11:48:232 Send 06 
03-09-18 at 14:11:54:637 total calculated
03-09-18 at 14:11:54:637 now show on display
03-09-18 at 14:11:54:637                     Всего:          0.00
03-09-18 at 14:11:54:638 now clear port error ...
03-09-18 at 14:11:54:638 now write to port ...
03-09-18 at 14:11:54:772 ... done
03-09-18 at 14:11:54:772 total calculated
03-09-18 at 14:11:54:772 now show on display
03-09-18 at 14:11:54:773                     Всего:          0.00
03-09-18 at 14:11:54:773 now clear port error ...
03-09-18 at 14:11:54:773 now write to port ...
03-09-18 at 14:11:54:943 ... done
03-09-18 at 14:11:54:946 Удаление критической сессии
03-09-18 at 14:11:54:947 Выход из программы
