14-03-18 at 17:28:18:468 Запуск программы. Инициализация считана из файла
14-03-18 at 17:28:18:469 Чек загружен.
14-03-18 at 17:28:18:469 Платежи по картам восстановлены
14-03-18 at 17:28:18:470 total calculated
14-03-18 at 17:28:18:470 now show on display
14-03-18 at 17:28:18:471                     Всего:        738.00
14-03-18 at 17:28:18:471 now open port for display
14-03-18 at 17:28:18:472 Com port opened
14-03-18 at 17:28:18:472 now clear port error ...
14-03-18 at 17:28:18:472 now write to port ...
14-03-18 at 17:28:18:606 ... done
14-03-18 at 17:28:18:606 Чек сжат
14-03-18 at 17:28:18:606 Сумма чека посчитана
14-03-18 at 17:28:18:607 Кардридер создан
14-03-18 at 17:28:18:607 Задание запуска модулей создано
14-03-18 at 17:28:18:607 Сканер создан
14-03-18 at 17:28:18:607 Регистратор создан
14-03-18 at 17:28:18:608 Часы созданы
14-03-18 at 17:28:18:608 Регистратор запущен
14-03-18 at 17:28:18:608 Сканер запущен
14-03-18 at 17:28:18:609 Часы запущены
14-03-18 at 17:28:18:609 Кардридер запущен
14-03-18 at 17:28:18:610 Передача данных запущена
14-03-18 at 17:28:18:610 Вход в FRInit
14-03-18 at 17:28:18:610 Вход в GetStatus
14-03-18 at 17:28:18:624 Send 05 
14-03-18 at 17:28:18:639 Recived 15 
14-03-18 at 17:28:18:639 Send 06 
14-03-18 at 17:28:18:654 Send 02 05 11 1E 00 00 00 0A 
14-03-18 at 17:28:18:669 Recived 06 02 30 11 00 1E 43 31 1C B3 14 0C 11 01 1D 00 B2 02 02 00 00 4E 41 00 00 01 01 10 0E 03 12 11 1C 17 00 2E 5D 00 00 0D 00 00 00 00 00 EF 95 10 42 01 00 08 
14-03-18 at 17:28:18:684 Send 06 
14-03-18 at 17:28:18:685 KKMStatus 0000
14-03-18 at 17:28:18:699 Send 05 
14-03-18 at 17:28:18:714 Recived 15 
14-03-18 at 17:28:18:714 Send 06 
14-03-18 at 17:28:18:729 Send 02 05 11 1E 00 00 00 0A 
14-03-18 at 17:28:18:744 Recived 06 02 30 11 00 1E 43 31 1C B3 14 0C 11 01 1D 00 B2 02 02 00 00 4E 41 00 00 01 01 10 0E 03 12 11 1C 17 00 2E 5D 00 00 0D 00 00 00 00 00 EF 95 10 42 01 00 08 
14-03-18 at 17:28:18:759 Send 06 
14-03-18 at 17:28:18:760 KKMStatus 0200
14-03-18 at 17:28:18:760 Номер ФР считан
14-03-18 at 17:28:18:909 СУБД подключена
14-03-18 at 17:28:18:920 Send 05 
14-03-18 at 17:28:18:935 Recived 15 
14-03-18 at 17:28:18:935 Send 06 
14-03-18 at 17:28:18:950 Send 02 0A 1E 1E 00 00 00 01 01 00 01 01 0A 
14-03-18 at 17:28:18:965 Recived 06 02 02 1E 00 1C 
14-03-18 at 17:28:18:980 Send 06 
14-03-18 at 17:28:18:995 Send 05 
14-03-18 at 17:28:19:010 Recived 15 
14-03-18 at 17:28:19:010 Send 06 
14-03-18 at 17:28:19:025 Send 02 0A 1E 1E 00 00 00 01 01 00 05 02 0D 
14-03-18 at 17:28:19:040 Recived 06 02 02 1E 00 1C 
14-03-18 at 17:28:19:055 Send 06 
14-03-18 at 17:28:19:070 Send 05 
14-03-18 at 17:28:19:085 Recived 15 
14-03-18 at 17:28:19:085 Send 06 
14-03-18 at 17:28:19:100 Send 02 0A 1E 1E 00 00 00 01 01 00 23 01 28 
14-03-18 at 17:28:19:115 Recived 06 02 02 1E 00 1C 
14-03-18 at 17:28:19:130 Send 06 
14-03-18 at 17:28:19:145 Send 05 
14-03-18 at 17:28:19:160 Recived 15 
14-03-18 at 17:28:19:160 Send 06 
14-03-18 at 17:28:19:175 Send 02 0A 1E 1E 00 00 00 01 01 00 06 00 0C 
14-03-18 at 17:28:19:190 Recived 06 02 02 1E 00 1C 
14-03-18 at 17:28:19:205 Send 06 
14-03-18 at 17:28:19:220 Send 05 
14-03-18 at 17:28:19:235 Recived 15 
14-03-18 at 17:28:19:235 Send 06 
14-03-18 at 17:28:19:250 Send 02 0A 1E 1E 00 00 00 01 01 00 07 01 0C 
14-03-18 at 17:28:19:265 Recived 06 02 02 1E 00 1C 
14-03-18 at 17:28:19:280 Send 06 
14-03-18 at 17:28:19:295 Send 05 
14-03-18 at 17:28:19:310 Recived 15 
14-03-18 at 17:28:19:310 Send 06 
14-03-18 at 17:28:19:325 Send 02 0A 1E 1E 00 00 00 01 01 00 14 01 1F 
14-03-18 at 17:28:19:340 Recived 06 02 02 1E 00 1C 
14-03-18 at 17:28:19:355 Send 06 
14-03-18 at 17:28:19:370 Send 05 
14-03-18 at 17:28:19:385 Recived 15 
14-03-18 at 17:28:19:385 Send 06 
14-03-18 at 17:28:19:400 Send 02 0A 1E 1E 00 00 00 01 01 00 15 01 1E 
14-03-18 at 17:28:19:415 Recived 06 02 02 1E 00 1C 
14-03-18 at 17:28:19:430 Send 06 
14-03-18 at 17:28:19:445 Send 05 
14-03-18 at 17:28:19:460 Recived 15 
14-03-18 at 17:28:19:460 Send 06 
14-03-18 at 17:28:19:475 Send 02 0A 1E 1E 00 00 00 01 01 00 0F 00 05 
14-03-18 at 17:28:19:490 Recived 06 02 02 1E 00 1C 
14-03-18 at 17:28:19:505 Send 06 
14-03-18 at 17:28:19:520 Send 05 
14-03-18 at 17:28:19:535 Recived 15 
14-03-18 at 17:28:19:535 Send 06 
14-03-18 at 17:28:19:550 Send 02 0A 1E 1E 00 00 00 01 01 00 11 00 1B 
14-03-18 at 17:28:19:565 Recived 06 02 02 1E 00 1C 
14-03-18 at 17:28:19:580 Send 06 
14-03-18 at 17:28:19:595 Send 05 
14-03-18 at 17:28:19:610 Recived 15 
14-03-18 at 17:28:19:610 Send 06 
14-03-18 at 17:28:19:625 Send 02 0A 1E 1E 00 00 00 11 01 00 03 02 1B 
14-03-18 at 17:28:19:640 Recived 06 02 02 1E 00 1C 
14-03-18 at 17:28:19:655 Send 06 
14-03-18 at 17:28:19:670 Send 05 
14-03-18 at 17:28:19:685 Recived 15 
14-03-18 at 17:28:19:685 Send 06 
14-03-18 at 17:28:19:700 Send 02 0A 1E 1E 00 00 00 01 01 00 29 01 22 
14-03-18 at 17:28:19:715 Recived 06 02 02 1E 00 1C 
14-03-18 at 17:28:19:730 Send 06 
14-03-18 at 17:28:19:745 Send 05 
14-03-18 at 17:28:19:760 Recived 15 
14-03-18 at 17:28:19:760 Send 06 
14-03-18 at 17:28:19:775 Send 02 26 1E 1E 00 00 00 04 0C 00 01 20 20 20 20 20 20 20 20 20 20 20 C4 CE C1 D0 CE 20 CF CE C6 C0 CB CE C2 C0 D2 DC 21 00 D5 
14-03-18 at 17:28:19:792 Recived 06 02 02 1E 00 1C 
14-03-18 at 17:28:19:807 Send 06 
14-03-18 at 17:28:19:822 Send 05 
14-03-18 at 17:28:19:837 Recived 15 
14-03-18 at 17:28:19:837 Send 06 
14-03-18 at 17:28:19:852 Send 02 29 1E 1E 00 00 00 04 0D 00 01 20 20 20 20 20 20 20 20 CE CE CE 20 CA EE EC EF E0 ED E8 FF 20 27 CA CE CB CE D0 CB CE CD 27 00 CB 
14-03-18 at 17:28:19:870 Recived 06 02 02 1E 00 1C 
14-03-18 at 17:28:19:885 Send 06 
14-03-18 at 17:28:19:900 Send 05 
14-03-18 at 17:28:19:915 Recived 15 
14-03-18 at 17:28:19:915 Send 06 
14-03-18 at 17:28:19:930 Send 02 2D 1E 1E 00 00 00 04 0E 00 01 20 20 20 20 20 CC E0 E3 E0 E7 E8 ED 20 27 C2 F1 E5 20 F2 EE E2 E0 F0 FB 20 E4 EB FF 20 E4 EE EC E0 27 20 00 DE 
14-03-18 at 17:28:19:948 Recived 06 02 02 1E 00 1C 
14-03-18 at 17:28:19:963 Send 06 
14-03-18 at 17:28:19:975 now clear port error ...
14-03-18 at 17:28:19:975 now write to port ...
14-03-18 at 17:28:20:109 ... done
14-03-18 at 17:28:20:128 Send 05 
14-03-18 at 17:28:20:143 Recived 15 
14-03-18 at 17:28:20:143 Send 06 
14-03-18 at 17:28:20:158 Send 02 06 1A 1E 00 00 00 79 7B 
14-03-18 at 17:28:20:173 Recived 06 02 09 1A 00 1E 10 27 00 00 00 00 3A 
14-03-18 at 17:28:20:188 Send 06 
14-03-18 at 17:28:22:252 Cardreader  Антонов Сергей 
14-03-18 at 17:28:22:259 Send 05 
14-03-18 at 17:28:22:275 Recived 15 
14-03-18 at 17:28:22:277 Send 06 
14-03-18 at 17:28:22:293 Send 02 20 1E 1E 00 00 00 02 1E 00 02 CA E0 F1 F1 E8 F0 20 C0 ED F2 EE ED EE E2 20 D1 E5 F0 E3 E5 E9 20 00 D7 
14-03-18 at 17:28:22:311 Recived 06 02 02 1E 00 1C 
14-03-18 at 17:28:22:326 Send 06 
14-03-18 at 17:28:22:329 now clear port error ...
14-03-18 at 17:28:22:329 now write to port ...
14-03-18 at 17:28:22:462 ... done
14-03-18 at 17:28:23:256 Send 05 
14-03-18 at 17:28:23:271 Recived 15 
14-03-18 at 17:28:23:271 Send 06 
14-03-18 at 17:28:23:286 Send 02 06 FF 39 1E 00 00 00 DE 
14-03-18 at 17:28:23:301 Recived 06 02 10 FF 39 00 00 00 00 00 00 00 00 00 00 00 00 00 00 D6 
14-03-18 at 17:28:23:316 Send 06 
14-03-18 at 17:28:23:819 Попытка очистки таблицы
14-03-18 at 17:28:23:819 Попытка очистки успешна
14-03-18 at 17:28:25:200 total calculated
14-03-18 at 17:28:25:200 now show on display
14-03-18 at 17:28:25:201                     Всего:        738.00
14-03-18 at 17:28:25:201 now clear port error ...
14-03-18 at 17:28:25:201 now write to port ...
14-03-18 at 17:28:25:335 ... done
14-03-18 at 17:28:25:336 total calculated
14-03-18 at 17:28:25:336 now show on display
14-03-18 at 17:28:25:336                     Всего:        738.00
14-03-18 at 17:28:25:336 now clear port error ...
14-03-18 at 17:28:25:337 now write to port ...
14-03-18 at 17:28:25:506 ... done
14-03-18 at 17:28:25:508 111
14-03-18 at 17:28:25:509 Выход из программы
14-03-18 at 17:47:39:058 Запуск программы. Инициализация считана из файла
14-03-18 at 17:47:39:059 Чек загружен.
14-03-18 at 17:47:39:060 Платежи по картам восстановлены
14-03-18 at 17:47:39:061 total calculated
14-03-18 at 17:47:39:061 now show on display
14-03-18 at 17:47:39:061                     Всего:        738.00
14-03-18 at 17:47:39:061 now open port for display
14-03-18 at 17:47:39:062 Com port opened
14-03-18 at 17:47:39:062 now clear port error ...
14-03-18 at 17:47:39:062 now write to port ...
14-03-18 at 17:47:39:196 ... done
14-03-18 at 17:47:39:196 Чек сжат
14-03-18 at 17:47:39:196 Сумма чека посчитана
14-03-18 at 17:47:39:197 Кардридер создан
14-03-18 at 17:47:39:197 Задание запуска модулей создано
14-03-18 at 17:47:39:197 Сканер создан
14-03-18 at 17:47:39:197 Регистратор создан
14-03-18 at 17:47:39:197 Часы созданы
14-03-18 at 17:47:39:198 Регистратор запущен
14-03-18 at 17:47:39:198 Сканер запущен
14-03-18 at 17:47:39:198 Часы запущены
14-03-18 at 17:47:39:198 Кардридер запущен
14-03-18 at 17:47:39:198 Передача данных запущена
14-03-18 at 17:47:39:198 Вход в FRInit
14-03-18 at 17:47:39:198 Вход в GetStatus
14-03-18 at 17:47:39:199 Send 05 
14-03-18 at 17:47:39:214 Recived 15 
14-03-18 at 17:47:39:214 Send 06 
14-03-18 at 17:47:39:229 Send 02 05 11 1E 00 00 00 0A 
14-03-18 at 17:47:39:244 Recived 06 02 30 11 00 1E 43 31 1C B3 14 0C 11 01 1D 00 B2 02 02 00 00 4E 41 00 00 01 01 10 0E 03 12 11 2F 2B 00 2E 5D 00 00 0D 00 00 00 00 00 EF 95 10 42 01 00 07 
14-03-18 at 17:47:39:259 Send 06 
14-03-18 at 17:47:39:263 KKMStatus 0000
14-03-18 at 17:47:39:274 Send 05 
14-03-18 at 17:47:39:289 Recived 15 
14-03-18 at 17:47:39:289 Send 06 
14-03-18 at 17:47:39:304 Send 02 05 11 1E 00 00 00 0A 
14-03-18 at 17:47:39:319 Recived 06 02 30 11 00 1E 43 31 1C B3 14 0C 11 01 1D 00 B2 02 02 00 00 4E 41 00 00 01 01 10 0E 03 12 11 2F 2B 00 2E 5D 00 00 0D 00 00 00 00 00 EF 95 10 42 01 00 07 
14-03-18 at 17:47:39:334 Send 06 
14-03-18 at 17:47:39:338 KKMStatus 0200
14-03-18 at 17:47:39:338 Номер ФР считан
14-03-18 at 17:47:39:476 СУБД подключена
14-03-18 at 17:47:39:489 Send 05 
14-03-18 at 17:47:39:504 Recived 15 
14-03-18 at 17:47:39:504 Send 06 
14-03-18 at 17:47:39:519 Send 02 0A 1E 1E 00 00 00 01 01 00 01 01 0A 
14-03-18 at 17:47:39:534 Recived 06 02 02 1E 00 1C 
14-03-18 at 17:47:39:549 Send 06 
14-03-18 at 17:47:39:564 Send 05 
14-03-18 at 17:47:39:579 Recived 15 
14-03-18 at 17:47:39:579 Send 06 
14-03-18 at 17:47:39:594 Send 02 0A 1E 1E 00 00 00 01 01 00 05 02 0D 
14-03-18 at 17:47:39:609 Recived 06 02 02 1E 00 1C 
14-03-18 at 17:47:39:624 Send 06 
14-03-18 at 17:47:39:639 Send 05 
14-03-18 at 17:47:39:654 Recived 15 
14-03-18 at 17:47:39:654 Send 06 
14-03-18 at 17:47:39:669 Send 02 0A 1E 1E 00 00 00 01 01 00 23 01 28 
14-03-18 at 17:47:39:684 Recived 06 02 02 1E 00 1C 
14-03-18 at 17:47:39:699 Send 06 
14-03-18 at 17:47:39:714 Send 05 
14-03-18 at 17:47:39:729 Recived 15 
14-03-18 at 17:47:39:729 Send 06 
14-03-18 at 17:47:39:744 Send 02 0A 1E 1E 00 00 00 01 01 00 06 00 0C 
14-03-18 at 17:47:39:759 Recived 06 02 02 1E 00 1C 
14-03-18 at 17:47:39:774 Send 06 
14-03-18 at 17:47:39:789 Send 05 
14-03-18 at 17:47:39:804 Recived 15 
14-03-18 at 17:47:39:804 Send 06 
14-03-18 at 17:47:39:819 Send 02 0A 1E 1E 00 00 00 01 01 00 07 01 0C 
14-03-18 at 17:47:39:834 Recived 06 02 02 1E 00 1C 
14-03-18 at 17:47:39:849 Send 06 
14-03-18 at 17:47:39:864 Send 05 
14-03-18 at 17:47:39:879 Recived 15 
14-03-18 at 17:47:39:879 Send 06 
14-03-18 at 17:47:39:894 Send 02 0A 1E 1E 00 00 00 01 01 00 14 01 1F 
14-03-18 at 17:47:39:909 Recived 06 02 02 1E 00 1C 
14-03-18 at 17:47:39:924 Send 06 
14-03-18 at 17:47:39:939 Send 05 
14-03-18 at 17:47:39:954 Recived 15 
14-03-18 at 17:47:39:954 Send 06 
14-03-18 at 17:47:39:969 Send 02 0A 1E 1E 00 00 00 01 01 00 15 01 1E 
14-03-18 at 17:47:39:984 Recived 06 02 02 1E 00 1C 
14-03-18 at 17:47:39:999 Send 06 
14-03-18 at 17:47:40:014 Send 05 
14-03-18 at 17:47:40:029 Recived 15 
14-03-18 at 17:47:40:029 Send 06 
14-03-18 at 17:47:40:044 Send 02 0A 1E 1E 00 00 00 01 01 00 0F 00 05 
14-03-18 at 17:47:40:059 Recived 06 02 02 1E 00 1C 
14-03-18 at 17:47:40:074 Send 06 
14-03-18 at 17:47:40:089 Send 05 
14-03-18 at 17:47:40:104 Recived 15 
14-03-18 at 17:47:40:104 Send 06 
14-03-18 at 17:47:40:119 Send 02 0A 1E 1E 00 00 00 01 01 00 11 00 1B 
14-03-18 at 17:47:40:134 Recived 06 02 02 1E 00 1C 
14-03-18 at 17:47:40:149 Send 06 
14-03-18 at 17:47:40:164 Send 05 
14-03-18 at 17:47:40:179 Recived 15 
14-03-18 at 17:47:40:179 Send 06 
14-03-18 at 17:47:40:194 Send 02 0A 1E 1E 00 00 00 11 01 00 03 02 1B 
14-03-18 at 17:47:40:209 Recived 06 02 02 1E 00 1C 
14-03-18 at 17:47:40:224 Send 06 
14-03-18 at 17:47:40:239 Send 05 
14-03-18 at 17:47:40:254 Recived 15 
14-03-18 at 17:47:40:254 Send 06 
14-03-18 at 17:47:40:269 Send 02 0A 1E 1E 00 00 00 01 01 00 29 01 22 
14-03-18 at 17:47:40:284 Recived 06 02 02 1E 00 1C 
14-03-18 at 17:47:40:299 Send 06 
14-03-18 at 17:47:40:314 Send 05 
14-03-18 at 17:47:40:329 Recived 15 
14-03-18 at 17:47:40:329 Send 06 
14-03-18 at 17:47:40:344 Send 02 26 1E 1E 00 00 00 04 0C 00 01 20 20 20 20 20 20 20 20 20 20 20 C4 CE C1 D0 CE 20 CF CE C6 C0 CB CE C2 C0 D2 DC 21 00 D5 
14-03-18 at 17:47:40:361 Recived 06 02 02 1E 00 1C 
14-03-18 at 17:47:40:376 Send 06 
14-03-18 at 17:47:40:391 Send 05 
14-03-18 at 17:47:40:406 Recived 15 
14-03-18 at 17:47:40:406 Send 06 
14-03-18 at 17:47:40:421 Send 02 29 1E 1E 00 00 00 04 0D 00 01 20 20 20 20 20 20 20 20 CE CE CE 20 CA EE EC EF E0 ED E8 FF 20 27 CA CE CB CE D0 CB CE CD 27 00 CB 
14-03-18 at 17:47:40:439 Recived 06 02 02 1E 00 1C 
14-03-18 at 17:47:40:454 Send 06 
14-03-18 at 17:47:40:469 Send 05 
14-03-18 at 17:47:40:484 Recived 15 
14-03-18 at 17:47:40:484 Send 06 
14-03-18 at 17:47:40:499 Send 02 2D 1E 1E 00 00 00 04 0E 00 01 20 20 20 20 20 CC E0 E3 E0 E7 E8 ED 20 27 C2 F1 E5 20 F2 EE E2 E0 F0 FB 20 E4 EB FF 20 E4 EE EC E0 27 20 00 DE 
14-03-18 at 17:47:40:517 Recived 06 02 02 1E 00 1C 
14-03-18 at 17:47:40:532 Send 06 
14-03-18 at 17:47:40:543 now clear port error ...
14-03-18 at 17:47:40:543 now write to port ...
14-03-18 at 17:47:40:677 ... done
14-03-18 at 17:47:40:697 Send 05 
14-03-18 at 17:47:40:712 Recived 15 
14-03-18 at 17:47:40:712 Send 06 
14-03-18 at 17:47:40:727 Send 02 06 1A 1E 00 00 00 79 7B 
14-03-18 at 17:47:40:742 Recived 06 02 09 1A 00 1E 10 27 00 00 00 00 3A 
14-03-18 at 17:47:40:757 Send 06 
14-03-18 at 17:47:43:018 Cardreader  Антонов Сергей 
14-03-18 at 17:47:43:024 Send 05 
14-03-18 at 17:47:43:043 Recived 15 
14-03-18 at 17:47:43:045 Send 06 
14-03-18 at 17:47:43:062 Send 02 20 1E 1E 00 00 00 02 1E 00 02 CA E0 F1 F1 E8 F0 20 C0 ED F2 EE ED EE E2 20 D1 E5 F0 E3 E5 E9 20 00 D7 
14-03-18 at 17:47:43:080 Recived 06 02 02 1E 00 1C 
14-03-18 at 17:47:43:095 Send 06 
14-03-18 at 17:47:43:097 now clear port error ...
14-03-18 at 17:47:43:097 now write to port ...
14-03-18 at 17:47:43:230 ... done
14-03-18 at 17:47:44:025 Send 05 
14-03-18 at 17:47:44:040 Recived 15 
14-03-18 at 17:47:44:040 Send 06 
14-03-18 at 17:47:44:055 Send 02 06 FF 39 1E 00 00 00 DE 
14-03-18 at 17:47:44:070 Recived 06 02 10 FF 39 00 00 00 00 00 00 00 00 00 00 00 00 00 00 D6 
14-03-18 at 17:47:44:085 Send 06 
14-03-18 at 17:47:46:000 Попытка очистки таблицы
14-03-18 at 17:47:46:001 Попытка очистки успешна
14-03-18 at 17:47:49:050 total calculated
14-03-18 at 17:47:49:051 now show on display
14-03-18 at 17:47:49:051                     Всего:        738.00
14-03-18 at 17:47:49:051 now clear port error ...
14-03-18 at 17:47:49:051 now write to port ...
14-03-18 at 17:47:49:185 ... done
14-03-18 at 17:47:49:186 total calculated
14-03-18 at 17:47:49:186 now show on display
14-03-18 at 17:47:49:187                     Всего:        738.00
14-03-18 at 17:47:49:187 now clear port error ...
14-03-18 at 17:47:49:187 now write to port ...
14-03-18 at 17:47:49:357 ... done
14-03-18 at 17:47:49:358 111
14-03-18 at 17:47:49:359 Выход из программы
