23-05-18 at 09:20:32:673 Запуск программы. Инициализация считана из файла
23-05-18 at 09:20:32:674 Чек загружен.
23-05-18 at 09:20:32:674 Чек загружен.
23-05-18 at 09:20:32:675 Попытка входа в критическую секцию: дисконт
23-05-18 at 09:20:32:675 total calculated
23-05-18 at 09:20:32:675 now show on display
23-05-18 at 09:20:32:675                     Всего:         62.00
23-05-18 at 09:20:32:675 now open port for display
23-05-18 at 09:20:32:676 Com port opened
23-05-18 at 09:20:32:676 now clear port error ...
23-05-18 at 09:20:32:676 now write to port ...
23-05-18 at 09:20:32:810 ... done
23-05-18 at 09:20:32:810 Чек сжат
23-05-18 at 09:20:32:810 Сумма чека посчитана
23-05-18 at 09:20:32:811 Кардридер создан
23-05-18 at 09:20:32:811 Задание запуска модулей создано
23-05-18 at 09:20:32:811 Сканер создан
23-05-18 at 09:20:32:811 Регистратор создан
23-05-18 at 09:20:32:811 Часы созданы
23-05-18 at 09:20:32:812 Регистратор запущен
23-05-18 at 09:20:32:812 Сканер запущен
23-05-18 at 09:20:32:812 Часы запущены
23-05-18 at 09:20:32:812 Кардридер запущен
23-05-18 at 09:20:32:812 Передача данных запущена
23-05-18 at 09:20:32:812 Вход в FRInit
23-05-18 at 09:20:32:812 Вход в GetStatus
23-05-18 at 09:20:32:813 Send 05 
23-05-18 at 09:20:32:828 Recived 15 
23-05-18 at 09:20:32:828 Send 06 
23-05-18 at 09:20:32:843 Send 02 05 11 1E 00 00 00 0A 
23-05-18 at 09:20:32:858 Recived 06 02 30 11 00 1E 43 31 1C B3 14 0C 11 01 79 00 B2 02 03 00 00 4E 41 00 00 01 01 10 17 05 12 09 14 23 00 2E 5D 00 00 23 00 00 00 00 00 EF 95 10 42 01 00 78 
23-05-18 at 09:20:32:873 Send 06 
23-05-18 at 09:20:32:879 KKMStatus 0000
23-05-18 at 09:20:32:888 Send 05 
23-05-18 at 09:20:32:903 Recived 15 
23-05-18 at 09:20:32:903 Send 06 
23-05-18 at 09:20:32:918 Send 02 05 11 1E 00 00 00 0A 
23-05-18 at 09:20:32:933 Recived 06 02 30 11 00 1E 43 31 1C B3 14 0C 11 01 79 00 B2 02 03 00 00 4E 41 00 00 01 01 10 17 05 12 09 14 23 00 2E 5D 00 00 23 00 00 00 00 00 EF 95 10 42 01 00 78 
23-05-18 at 09:20:32:948 Send 06 
23-05-18 at 09:20:32:954 KKMStatus 0300
23-05-18 at 09:20:32:954 Номер ФР считан
23-05-18 at 09:20:33:118 СУБД подключена
23-05-18 at 09:20:33:133 Send 05 
23-05-18 at 09:20:33:148 Recived 15 
23-05-18 at 09:20:33:148 Send 06 
23-05-18 at 09:20:33:163 Send 02 17 1E 1E 00 00 00 05 03 00 01 CA 41 D0 D2 CE C9 20 56 49 53 41 2F 4D 43 92 
23-05-18 at 09:20:33:179 Recived 06 02 02 1E 00 1C 
23-05-18 at 09:20:33:194 Send 06 
23-05-18 at 09:20:33:209 Send 05 
23-05-18 at 09:20:33:224 Recived 15 
23-05-18 at 09:20:33:224 Send 06 
23-05-18 at 09:20:33:239 Send 02 18 1E 1E 00 00 00 05 04 00 01 C4 D0 D3 C3 C8 CC C8 20 CA C0 D0 D2 C0 CC C8 3C 
23-05-18 at 09:20:33:255 Recived 06 02 02 1E 00 1C 
23-05-18 at 09:20:33:270 Send 06 
23-05-18 at 09:20:33:285 Send 05 
23-05-18 at 09:20:33:300 Recived 15 
23-05-18 at 09:20:33:300 Send 06 
23-05-18 at 09:20:33:315 Send 02 0A 1E 1E 00 00 00 01 01 00 01 01 0A 
23-05-18 at 09:20:33:330 Recived 06 02 02 1E 00 1C 
23-05-18 at 09:20:33:345 Send 06 
23-05-18 at 09:20:33:360 Send 05 
23-05-18 at 09:20:33:375 Recived 15 
23-05-18 at 09:20:33:375 Send 06 
23-05-18 at 09:20:33:390 Send 02 0A 1E 1E 00 00 00 01 01 00 05 02 0D 
23-05-18 at 09:20:33:405 Recived 06 02 02 1E 00 1C 
23-05-18 at 09:20:33:420 Send 06 
23-05-18 at 09:20:33:435 Send 05 
23-05-18 at 09:20:33:450 Recived 15 
23-05-18 at 09:20:33:450 Send 06 
23-05-18 at 09:20:33:465 Send 02 0A 1E 1E 00 00 00 01 01 00 23 01 28 
23-05-18 at 09:20:33:480 Recived 06 02 02 1E 00 1C 
23-05-18 at 09:20:33:495 Send 06 
23-05-18 at 09:20:33:510 Send 05 
23-05-18 at 09:20:33:525 Recived 15 
23-05-18 at 09:20:33:525 Send 06 
23-05-18 at 09:20:33:540 Send 02 0A 1E 1E 00 00 00 01 01 00 06 00 0C 
23-05-18 at 09:20:33:555 Recived 06 02 02 1E 00 1C 
23-05-18 at 09:20:33:570 Send 06 
23-05-18 at 09:20:33:585 Send 05 
23-05-18 at 09:20:33:600 Recived 15 
23-05-18 at 09:20:33:600 Send 06 
23-05-18 at 09:20:33:615 Send 02 0A 1E 1E 00 00 00 01 01 00 07 01 0C 
23-05-18 at 09:20:33:630 Recived 06 02 02 1E 00 1C 
23-05-18 at 09:20:33:645 Send 06 
23-05-18 at 09:20:33:660 Send 05 
23-05-18 at 09:20:33:675 Recived 15 
23-05-18 at 09:20:33:675 Send 06 
23-05-18 at 09:20:33:690 Send 02 0A 1E 1E 00 00 00 01 01 00 14 01 1F 
23-05-18 at 09:20:33:705 Recived 06 02 02 1E 00 1C 
23-05-18 at 09:20:33:720 Send 06 
23-05-18 at 09:20:33:735 Send 05 
23-05-18 at 09:20:33:750 Recived 15 
23-05-18 at 09:20:33:750 Send 06 
23-05-18 at 09:20:33:765 Send 02 0A 1E 1E 00 00 00 01 01 00 15 01 1E 
23-05-18 at 09:20:33:780 Recived 06 02 02 1E 00 1C 
23-05-18 at 09:20:33:795 Send 06 
23-05-18 at 09:20:33:810 Send 05 
23-05-18 at 09:20:33:825 Recived 15 
23-05-18 at 09:20:33:825 Send 06 
23-05-18 at 09:20:33:840 Send 02 0A 1E 1E 00 00 00 01 01 00 0F 00 05 
23-05-18 at 09:20:33:855 Recived 06 02 02 1E 00 1C 
23-05-18 at 09:20:33:870 Send 06 
23-05-18 at 09:20:33:885 Send 05 
23-05-18 at 09:20:33:900 Recived 15 
23-05-18 at 09:20:33:900 Send 06 
23-05-18 at 09:20:33:915 Send 02 0A 1E 1E 00 00 00 01 01 00 11 00 1B 
23-05-18 at 09:20:33:930 Recived 06 02 02 1E 00 1C 
23-05-18 at 09:20:33:945 Send 06 
23-05-18 at 09:20:33:960 Send 05 
23-05-18 at 09:20:33:975 Recived 15 
23-05-18 at 09:20:33:975 Send 06 
23-05-18 at 09:20:33:990 Send 02 0A 1E 1E 00 00 00 11 01 00 03 02 1B 
23-05-18 at 09:20:34:005 Recived 06 02 02 1E 00 1C 
23-05-18 at 09:20:34:020 Send 06 
23-05-18 at 09:20:34:035 Send 05 
23-05-18 at 09:20:34:050 Recived 15 
23-05-18 at 09:20:34:050 Send 06 
23-05-18 at 09:20:34:065 Send 02 0A 1E 1E 00 00 00 01 01 00 29 01 22 
23-05-18 at 09:20:34:080 Recived 06 02 02 1E 00 1C 
23-05-18 at 09:20:34:095 Send 06 
23-05-18 at 09:20:34:110 Send 05 
23-05-18 at 09:20:34:125 Recived 15 
23-05-18 at 09:20:34:125 Send 06 
23-05-18 at 09:20:34:140 Send 02 26 1E 1E 00 00 00 04 0C 00 01 20 20 20 20 20 20 20 20 20 20 20 C4 CE C1 D0 CE 20 CF CE C6 C0 CB CE C2 C0 D2 DC 21 00 D5 
23-05-18 at 09:20:34:158 Recived 06 02 02 1E 00 1C 
23-05-18 at 09:20:34:173 Send 06 
23-05-18 at 09:20:34:188 Send 05 
23-05-18 at 09:20:34:203 Recived 15 
23-05-18 at 09:20:34:203 Send 06 
23-05-18 at 09:20:34:218 Send 02 29 1E 1E 00 00 00 04 0D 00 01 20 20 20 20 20 20 20 20 CE CE CE 20 CA EE EC EF E0 ED E8 FF 20 27 CA CE CB CE D0 CB CE CD 27 00 CB 
23-05-18 at 09:20:34:236 Recived 06 02 02 1E 00 1C 
23-05-18 at 09:20:34:251 Send 06 
23-05-18 at 09:20:34:266 Send 05 
23-05-18 at 09:20:34:281 Recived 15 
23-05-18 at 09:20:34:281 Send 06 
23-05-18 at 09:20:34:296 Send 02 2D 1E 1E 00 00 00 04 0E 00 01 20 20 20 20 20 CC E0 E3 E0 E7 E8 ED 20 27 C2 F1 E5 20 F2 EE E2 E0 F0 FB 20 E4 EB FF 20 E4 EE EC E0 27 20 00 DE 
23-05-18 at 09:20:34:314 Recived 06 02 02 1E 00 1C 
23-05-18 at 09:20:34:329 Send 06 
23-05-18 at 09:20:34:353 now clear port error ...
23-05-18 at 09:20:34:353 now write to port ...
23-05-18 at 09:20:34:487 ... done
23-05-18 at 09:20:34:524 Send 05 
23-05-18 at 09:20:34:539 Recived 15 
23-05-18 at 09:20:34:539 Send 06 
23-05-18 at 09:20:34:554 Send 02 06 1A 1E 00 00 00 79 7B 
23-05-18 at 09:20:34:569 Recived 06 02 09 1A 00 1E 00 00 00 00 00 00 0D 
23-05-18 at 09:20:34:584 Send 06 
23-05-18 at 09:20:36:676 Cardreader  Антонов Сергей 
23-05-18 at 09:20:36:677 Send 05 
23-05-18 at 09:20:36:697 Recived 15 
23-05-18 at 09:20:36:699 Send 06 
23-05-18 at 09:20:36:717 Send 02 20 1E 1E 00 00 00 02 1E 00 02 CA E0 F1 F1 E8 F0 20 C0 ED F2 EE ED EE E2 20 D1 E5 F0 E3 E5 E9 20 00 D7 
23-05-18 at 09:20:36:735 Recived 06 02 02 1E 00 1C 
23-05-18 at 09:20:36:750 Send 06 
23-05-18 at 09:20:36:756 now clear port error ...
23-05-18 at 09:20:36:756 now write to port ...
23-05-18 at 09:20:36:889 ... done
23-05-18 at 09:20:37:680 Send 05 
23-05-18 at 09:20:37:695 Recived 15 
23-05-18 at 09:20:37:695 Send 06 
23-05-18 at 09:20:37:710 Send 02 06 FF 39 1E 00 00 00 DE 
23-05-18 at 09:20:37:725 Recived 06 02 10 FF 39 00 00 00 00 00 00 00 00 00 00 00 00 00 00 D6 
23-05-18 at 09:20:37:740 Send 06 
23-05-18 at 09:20:46:009 Попытка входа в критическую секцию: дисконт
23-05-18 at 09:20:46:009 total calculated
23-05-18 at 09:20:46:010 now show on display
23-05-18 at 09:20:46:011                     Всего:         62.00
23-05-18 at 09:20:46:011 now clear port error ...
23-05-18 at 09:20:46:011 now write to port ...
23-05-18 at 09:20:46:145 ... done
23-05-18 at 09:20:46:146 Попытка входа в критическую секцию: дисконт
23-05-18 at 09:20:46:146 total calculated
23-05-18 at 09:20:46:147 now show on display
23-05-18 at 09:20:46:147                     Всего:         62.00
23-05-18 at 09:20:46:148 now clear port error ...
23-05-18 at 09:20:46:148 now write to port ...
23-05-18 at 09:20:46:317 ... done
23-05-18 at 09:20:46:319 111
23-05-18 at 09:20:46:320 Выход из программы
23-05-18 at 09:22:29:092 Запуск программы. Инициализация считана из файла
23-05-18 at 09:22:29:093 Чек загружен.
23-05-18 at 09:22:29:093 Чек загружен.
23-05-18 at 09:22:29:094 Попытка входа в критическую секцию: дисконт
23-05-18 at 09:22:29:094 total calculated
23-05-18 at 09:22:29:094 now show on display
23-05-18 at 09:22:29:095                     Всего:         62.00
23-05-18 at 09:22:29:095 now open port for display
23-05-18 at 09:22:29:096 Com port opened
23-05-18 at 09:22:29:096 now clear port error ...
23-05-18 at 09:22:29:096 now write to port ...
23-05-18 at 09:22:29:230 ... done
23-05-18 at 09:22:29:230 Чек сжат
23-05-18 at 09:22:29:230 Сумма чека посчитана
23-05-18 at 09:22:29:231 Кардридер создан
23-05-18 at 09:22:29:231 Задание запуска модулей создано
23-05-18 at 09:22:29:231 Сканер создан
23-05-18 at 09:22:29:232 Регистратор создан
23-05-18 at 09:22:29:232 Часы созданы
23-05-18 at 09:22:29:233 Регистратор запущен
23-05-18 at 09:22:29:233 Сканер запущен
23-05-18 at 09:22:29:233 Часы запущены
23-05-18 at 09:22:29:233 Кардридер запущен
23-05-18 at 09:22:29:235 Передача данных запущена
23-05-18 at 09:22:29:235 Вход в FRInit
23-05-18 at 09:22:29:236 Вход в GetStatus
23-05-18 at 09:22:29:257 Send 05 
23-05-18 at 09:22:29:272 Recived 15 
23-05-18 at 09:22:29:272 Send 06 
23-05-18 at 09:22:29:287 Send 02 05 11 1E 00 00 00 0A 
23-05-18 at 09:22:29:302 Recived 06 02 30 11 00 1E 43 31 1C B3 14 0C 11 01 79 00 B2 02 03 00 00 4E 41 00 00 01 01 10 17 05 12 09 16 20 00 2E 5D 00 00 23 00 00 00 00 00 EF 95 10 42 01 00 79 
23-05-18 at 09:22:29:317 Send 06 
23-05-18 at 09:22:29:322 KKMStatus 0000
23-05-18 at 09:22:29:332 Send 05 
23-05-18 at 09:22:29:347 Recived 15 
23-05-18 at 09:22:29:347 Send 06 
23-05-18 at 09:22:29:362 Send 02 05 11 1E 00 00 00 0A 
23-05-18 at 09:22:29:377 Recived 06 02 30 11 00 1E 43 31 1C B3 14 0C 11 01 79 00 B2 02 03 00 00 4E 41 00 00 01 01 10 17 05 12 09 16 20 00 2E 5D 00 00 23 00 00 00 00 00 EF 95 10 42 01 00 79 
23-05-18 at 09:22:29:392 Send 06 
23-05-18 at 09:22:29:397 KKMStatus 0300
23-05-18 at 09:22:29:397 Номер ФР считан
23-05-18 at 09:22:29:553 СУБД подключена
23-05-18 at 09:22:29:569 Send 05 
23-05-18 at 09:22:29:584 Recived 15 
23-05-18 at 09:22:29:584 Send 06 
23-05-18 at 09:22:29:599 Send 02 17 1E 1E 00 00 00 05 03 00 01 CA 41 D0 D2 CE C9 20 56 49 53 41 2F 4D 43 92 
23-05-18 at 09:22:29:615 Recived 06 02 02 1E 00 1C 
23-05-18 at 09:22:29:630 Send 06 
23-05-18 at 09:22:29:645 Send 05 
23-05-18 at 09:22:29:660 Recived 15 
23-05-18 at 09:22:29:660 Send 06 
23-05-18 at 09:22:29:675 Send 02 18 1E 1E 00 00 00 05 04 00 01 C4 D0 D3 C3 C8 CC C8 20 CA C0 D0 D2 C0 CC C8 3C 
23-05-18 at 09:22:29:691 Recived 06 02 02 1E 00 1C 
23-05-18 at 09:22:29:706 Send 06 
23-05-18 at 09:22:29:721 Send 05 
23-05-18 at 09:22:29:736 Recived 15 
23-05-18 at 09:22:29:736 Send 06 
23-05-18 at 09:22:29:751 Send 02 0A 1E 1E 00 00 00 01 01 00 01 01 0A 
23-05-18 at 09:22:29:766 Recived 06 02 02 1E 00 1C 
23-05-18 at 09:22:29:781 Send 06 
23-05-18 at 09:22:29:796 Send 05 
23-05-18 at 09:22:29:811 Recived 15 
23-05-18 at 09:22:29:811 Send 06 
23-05-18 at 09:22:29:826 Send 02 0A 1E 1E 00 00 00 01 01 00 05 02 0D 
23-05-18 at 09:22:29:841 Recived 06 02 02 1E 00 1C 
23-05-18 at 09:22:29:856 Send 06 
23-05-18 at 09:22:29:871 Send 05 
23-05-18 at 09:22:29:886 Recived 15 
23-05-18 at 09:22:29:886 Send 06 
23-05-18 at 09:22:29:901 Send 02 0A 1E 1E 00 00 00 01 01 00 23 01 28 
23-05-18 at 09:22:29:916 Recived 06 02 02 1E 00 1C 
23-05-18 at 09:22:29:931 Send 06 
23-05-18 at 09:22:29:946 Send 05 
23-05-18 at 09:22:29:961 Recived 15 
23-05-18 at 09:22:29:961 Send 06 
23-05-18 at 09:22:29:976 Send 02 0A 1E 1E 00 00 00 01 01 00 06 00 0C 
23-05-18 at 09:22:29:991 Recived 06 02 02 1E 00 1C 
23-05-18 at 09:22:30:006 Send 06 
23-05-18 at 09:22:30:021 Send 05 
23-05-18 at 09:22:30:036 Recived 15 
23-05-18 at 09:22:30:036 Send 06 
23-05-18 at 09:22:30:051 Send 02 0A 1E 1E 00 00 00 01 01 00 07 01 0C 
23-05-18 at 09:22:30:066 Recived 06 02 02 1E 00 1C 
23-05-18 at 09:22:30:081 Send 06 
23-05-18 at 09:22:30:096 Send 05 
23-05-18 at 09:22:30:111 Recived 15 
23-05-18 at 09:22:30:111 Send 06 
23-05-18 at 09:22:30:126 Send 02 0A 1E 1E 00 00 00 01 01 00 14 01 1F 
23-05-18 at 09:22:30:141 Recived 06 02 02 1E 00 1C 
23-05-18 at 09:22:30:156 Send 06 
23-05-18 at 09:22:30:171 Send 05 
23-05-18 at 09:22:30:186 Recived 15 
23-05-18 at 09:22:30:186 Send 06 
23-05-18 at 09:22:30:201 Send 02 0A 1E 1E 00 00 00 01 01 00 15 01 1E 
23-05-18 at 09:22:30:216 Recived 06 02 02 1E 00 1C 
23-05-18 at 09:22:30:231 Send 06 
23-05-18 at 09:22:30:246 Send 05 
23-05-18 at 09:22:30:261 Recived 15 
23-05-18 at 09:22:30:261 Send 06 
23-05-18 at 09:22:30:276 Send 02 0A 1E 1E 00 00 00 01 01 00 0F 00 05 
23-05-18 at 09:22:30:291 Recived 06 02 02 1E 00 1C 
23-05-18 at 09:22:30:306 Send 06 
23-05-18 at 09:22:30:321 Send 05 
23-05-18 at 09:22:30:336 Recived 15 
23-05-18 at 09:22:30:336 Send 06 
23-05-18 at 09:22:30:351 Send 02 0A 1E 1E 00 00 00 01 01 00 11 00 1B 
23-05-18 at 09:22:30:366 Recived 06 02 02 1E 00 1C 
23-05-18 at 09:22:30:381 Send 06 
23-05-18 at 09:22:30:396 Send 05 
23-05-18 at 09:22:30:411 Recived 15 
23-05-18 at 09:22:30:411 Send 06 
23-05-18 at 09:22:30:426 Send 02 0A 1E 1E 00 00 00 11 01 00 03 02 1B 
23-05-18 at 09:22:30:441 Recived 06 02 02 1E 00 1C 
23-05-18 at 09:22:30:456 Send 06 
23-05-18 at 09:22:30:471 Send 05 
23-05-18 at 09:22:30:486 Recived 15 
23-05-18 at 09:22:30:486 Send 06 
23-05-18 at 09:22:30:501 Send 02 0A 1E 1E 00 00 00 01 01 00 29 01 22 
23-05-18 at 09:22:30:516 Recived 06 02 02 1E 00 1C 
23-05-18 at 09:22:30:531 Send 06 
23-05-18 at 09:22:30:546 Send 05 
23-05-18 at 09:22:30:561 Recived 15 
23-05-18 at 09:22:30:561 Send 06 
23-05-18 at 09:22:30:576 Send 02 26 1E 1E 00 00 00 04 0C 00 01 20 20 20 20 20 20 20 20 20 20 20 C4 CE C1 D0 CE 20 CF CE C6 C0 CB CE C2 C0 D2 DC 21 00 D5 
23-05-18 at 09:22:30:594 Recived 06 02 02 1E 00 1C 
23-05-18 at 09:22:30:609 Send 06 
23-05-18 at 09:22:30:624 Send 05 
23-05-18 at 09:22:30:639 Recived 15 
23-05-18 at 09:22:30:639 Send 06 
23-05-18 at 09:22:30:654 Send 02 29 1E 1E 00 00 00 04 0D 00 01 20 20 20 20 20 20 20 20 CE CE CE 20 CA EE EC EF E0 ED E8 FF 20 27 CA CE CB CE D0 CB CE CD 27 00 CB 
23-05-18 at 09:22:30:672 Recived 06 02 02 1E 00 1C 
23-05-18 at 09:22:30:687 Send 06 
23-05-18 at 09:22:30:702 Send 05 
23-05-18 at 09:22:30:717 Recived 15 
23-05-18 at 09:22:30:717 Send 06 
23-05-18 at 09:22:30:732 Send 02 2D 1E 1E 00 00 00 04 0E 00 01 20 20 20 20 20 CC E0 E3 E0 E7 E8 ED 20 27 C2 F1 E5 20 F2 EE E2 E0 F0 FB 20 E4 EB FF 20 E4 EE EC E0 27 20 00 DE 
23-05-18 at 09:22:30:750 Recived 06 02 02 1E 00 1C 
23-05-18 at 09:22:30:765 Send 06 
23-05-18 at 09:22:30:789 now clear port error ...
23-05-18 at 09:22:30:789 now write to port ...
23-05-18 at 09:22:30:923 ... done
23-05-18 at 09:22:30:960 Send 05 
23-05-18 at 09:22:30:975 Recived 15 
23-05-18 at 09:22:30:975 Send 06 
23-05-18 at 09:22:30:990 Send 02 06 1A 1E 00 00 00 79 7B 
23-05-18 at 09:22:31:005 Recived 06 02 09 1A 00 1E 00 00 00 00 00 00 0D 
23-05-18 at 09:22:31:020 Send 06 
23-05-18 at 09:22:33:086 Cardreader  Антонов Сергей 
23-05-18 at 09:22:33:091 Send 05 
23-05-18 at 09:22:33:109 Recived 15 
23-05-18 at 09:22:33:109 Send 06 
23-05-18 at 09:22:33:131 Send 02 20 1E 1E 00 00 00 02 1E 00 02 CA E0 F1 F1 E8 F0 20 C0 ED F2 EE ED EE E2 20 D1 E5 F0 E3 E5 E9 20 00 D7 
23-05-18 at 09:22:33:151 Recived 06 02 02 1E 00 1C 
23-05-18 at 09:22:33:166 Send 06 
23-05-18 at 09:22:33:175 now clear port error ...
23-05-18 at 09:22:33:175 now write to port ...
23-05-18 at 09:22:33:308 ... done
23-05-18 at 09:22:34:096 Send 05 
23-05-18 at 09:22:34:111 Recived 15 
23-05-18 at 09:22:34:111 Send 06 
23-05-18 at 09:22:34:126 Send 02 06 FF 39 1E 00 00 00 DE 
23-05-18 at 09:22:34:141 Recived 06 02 10 FF 39 00 00 00 00 00 00 00 00 00 00 00 00 00 00 D6 
23-05-18 at 09:22:34:156 Send 06 
23-05-18 at 09:22:37:426 Send 05 
23-05-18 at 09:22:37:441 Recived 15 
23-05-18 at 09:22:37:441 Send 06 
23-05-18 at 09:22:37:456 Send 02 2E 17 1E 00 00 00 03 20 20 CF EE E4 E0 F0 EE F7 ED FB E5 20 EA E0 F0 F2 FB 20 ED E5 20 EF F0 EE E4 E0 E2 E0 EB E8 F1 FC 00 00 00 00 00 00 00 39 
23-05-18 at 09:22:37:475 Recived 06 02 03 17 00 1E 0A 
23-05-18 at 09:22:37:490 Send 06 
23-05-18 at 09:22:37:505 Send 05 
23-05-18 at 09:22:37:520 Recived 15 
23-05-18 at 09:22:37:520 Send 06 
23-05-18 at 09:22:37:535 Send 02 2E 17 1E 00 00 00 03 2D 2D 2D 2D 2D 2D 2D 2D 2D 2D 2D 2D 2D 2D 2D 2D 2D 2D 2D 2D 2D 2D 2D 2D 2D 2D 2D 2D 2D 2D 2D 2D 2D 2D 2D 2D 2D 2D 2D 2D 24 
23-05-18 at 09:22:37:554 Recived 06 02 03 17 00 1E 0A 
23-05-18 at 09:22:37:569 Send 06 
23-05-18 at 09:22:37:584 Send 05 
23-05-18 at 09:22:37:599 Recived 15 
23-05-18 at 09:22:37:599 Send 06 
23-05-18 at 09:22:37:614 Send 02 05 41 1E 00 00 00 5A 
23-05-18 at 09:22:37:629 Recived 06 
23-05-18 at 09:22:38:244 Recived 02 03 41 00 00 42 
23-05-18 at 09:22:38:259 Send 06 
23-05-18 at 09:23:49:484 114
23-05-18 at 09:23:49:485 014
23-05-18 at 09:23:52:419 Send 05 
23-05-18 at 09:23:52:434 Recived 15 
23-05-18 at 09:23:52:434 Send 06 
23-05-18 at 09:23:52:449 Send 02 08 21 1E 00 00 00 09 17 34 1D 
23-05-18 at 09:23:52:464 Recived 06 02 02 21 00 23 
23-05-18 at 09:23:52:479 Send 06 
23-05-18 at 09:23:52:485 Вход в GetStatus
23-05-18 at 09:23:52:494 Send 05 
23-05-18 at 09:23:52:509 Recived 15 
23-05-18 at 09:23:52:509 Send 06 
23-05-18 at 09:23:52:524 Send 02 05 11 1E 00 00 00 0A 
23-05-18 at 09:23:52:539 Recived 06 02 30 11 00 1E 43 31 1C B3 14 0C 11 01 7A 00 B2 02 04 00 00 4E 41 00 00 01 01 10 17 05 12 09 17 34 00 2E 5D 00 00 24 00 00 00 00 00 EF 95 10 42 01 00 6F 
23-05-18 at 09:23:52:554 Send 06 
23-05-18 at 09:23:52:560 KKMStatus 0000
23-05-18 at 09:23:52:569 Send 05 
23-05-18 at 09:23:52:584 Recived 15 
23-05-18 at 09:23:52:584 Send 06 
23-05-18 at 09:23:52:599 Send 02 05 E0 1E 00 00 00 FB 
23-05-18 at 09:23:52:614 Recived 06 
23-05-18 at 09:23:53:754 Recived 02 03 E0 00 1E FD 
23-05-18 at 09:23:53:769 Send 06 
23-05-18 at 09:24:35:829 Send 05 
23-05-18 at 09:24:35:844 Recived 15 
23-05-18 at 09:24:35:844 Send 06 
23-05-18 at 09:24:35:859 Send 02 06 FF 39 1E 00 00 00 DE 
23-05-18 at 09:24:35:874 Recived 06 02 10 FF 39 00 00 00 00 00 00 00 00 00 00 00 00 00 00 D6 
23-05-18 at 09:24:35:889 Send 06 
23-05-18 at 09:26:37:014 Send 05 
23-05-18 at 09:26:37:029 Recived 15 
23-05-18 at 09:26:37:029 Send 06 
23-05-18 at 09:26:37:044 Send 02 06 FF 39 1E 00 00 00 DE 
23-05-18 at 09:26:37:059 Recived 06 02 10 FF 39 00 00 00 00 00 00 00 00 00 00 00 00 00 00 D6 
23-05-18 at 09:26:37:074 Send 06 
23-05-18 at 09:28:38:199 Send 05 
23-05-18 at 09:28:38:214 Recived 15 
23-05-18 at 09:28:38:214 Send 06 
23-05-18 at 09:28:38:229 Send 02 06 FF 39 1E 00 00 00 DE 
23-05-18 at 09:28:38:244 Recived 06 02 10 FF 39 00 00 00 00 00 00 00 00 00 00 00 00 00 00 D6 
23-05-18 at 09:28:38:259 Send 06 
23-05-18 at 09:30:04:173 114
23-05-18 at 09:30:04:173 014
23-05-18 at 09:30:04:173 115
23-05-18 at 09:30:04:173 015
23-05-18 at 09:30:04:174 Попытка входа в критическую секцию: дисконт
23-05-18 at 09:30:04:175 total calculated
23-05-18 at 09:30:04:176 now show on display
23-05-18 at 09:30:04:176                     Всего:         62.00
23-05-18 at 09:30:04:176 now clear port error ...
23-05-18 at 09:30:04:177 now write to port ...
23-05-18 at 09:30:04:310 ... done
23-05-18 at 09:30:04:345 now clear port error ...
23-05-18 at 09:30:04:346 now write to port ...
23-05-18 at 09:30:04:482 ... done
23-05-18 at 09:30:04:482 now clear port error ...
23-05-18 at 09:30:04:483 now write to port ...
23-05-18 at 09:30:04:654 ... done
23-05-18 at 09:30:04:655 now clear port error ...
23-05-18 at 09:30:04:656 now write to port ...
23-05-18 at 09:30:04:826 ... done
23-05-18 at 09:30:06:450 Вход в FRInit
23-05-18 at 09:30:06:450 Вход в GetStatus
23-05-18 at 09:30:06:459 Send 05 
23-05-18 at 09:30:06:474 Recived 15 
23-05-18 at 09:30:06:474 Send 06 
23-05-18 at 09:30:06:489 Send 02 05 11 1E 00 00 00 0A 
23-05-18 at 09:30:06:504 Recived 06 02 30 11 00 1E 43 31 1C B3 14 0C 11 01 7B 00 B2 02 02 00 00 4E 41 00 00 01 01 10 17 05 12 09 1E 06 00 2E 5D 00 00 24 00 00 00 00 00 EF 95 10 42 01 00 53 
23-05-18 at 09:30:06:519 Send 06 
23-05-18 at 09:30:06:525 KKMStatus 0000
23-05-18 at 09:30:06:534 Send 05 
23-05-18 at 09:30:06:549 Recived 15 
23-05-18 at 09:30:06:549 Send 06 
23-05-18 at 09:30:06:564 Send 02 06 8D 1E 00 00 00 00 95 
23-05-18 at 09:30:06:579 Recived 06 
23-05-18 at 09:30:06:594 Recived 02 03 8D 00 1E 90 
23-05-18 at 09:30:06:609 Send 06 
23-05-18 at 09:30:06:624 Send 05 
23-05-18 at 09:30:06:639 Recived 15 
23-05-18 at 09:30:06:639 Send 06 
23-05-18 at 09:30:06:654 Send 02 0A C2 1E 00 00 00 9E E4 CF 84 15 F2 
23-05-18 at 09:30:06:669 Recived 06 02 03 C2 00 1E DF 
23-05-18 at 09:30:06:684 Send 06 
23-05-18 at 09:30:06:699 Send 05 
23-05-18 at 09:30:06:714 Recived 15 
23-05-18 at 09:30:06:714 Send 06 
23-05-18 at 09:30:06:729 Send 02 2E 17 1E 00 00 00 03 3D 3D 3D 3D 3D 3D 3D 3D 3D 3D 3D 3D 3D 3D 3D 3D 3D 3D 3D 3D 3D 3D 3D 3D 3D 3D 3D 3D 3D 3D 3D 3D 3D 3D 3D 3D 3D 3D 3D 3D 24 
23-05-18 at 09:30:06:748 Recived 06 02 03 17 00 1E 0A 
23-05-18 at 09:30:06:763 Send 06 
23-05-18 at 09:30:06:778 Send 05 
23-05-18 at 09:30:06:793 Recived 15 
23-05-18 at 09:30:06:793 Send 06 
23-05-18 at 09:30:06:808 Send 02 2E 17 1E 00 00 00 03 20 20 20 20 20 20 20 D7 C5 CA 20 30 32 2D 33 38 35 34 2D 31 38 30 35 2D 32 33 30 39 2D 33 30 30 36 00 00 00 00 00 00 00 F5 
23-05-18 at 09:30:06:827 Recived 06 02 03 17 00 1E 0A 
23-05-18 at 09:30:06:842 Send 06 
23-05-18 at 09:30:06:857 Send 05 
23-05-18 at 09:30:06:872 Recived 15 
23-05-18 at 09:30:06:872 Send 06 
23-05-18 at 09:30:06:887 Send 02 2E 17 1E 00 00 00 03 3D 3D 3D 3D 3D 3D 3D 3D 3D 3D 3D 3D 3D 3D 3D 3D 3D 3D 3D 3D 3D 3D 3D 3D 3D 3D 3D 3D 3D 3D 3D 3D 3D 3D 3D 3D 3D 3D 3D 3D 24 
23-05-18 at 09:30:06:906 Recived 06 02 03 17 00 1E 0A 
23-05-18 at 09:30:06:921 Send 06 
23-05-18 at 09:30:06:936 Send 05 
23-05-18 at 09:30:06:951 Recived 15 
23-05-18 at 09:30:06:951 Send 06 
23-05-18 at 09:30:06:966 Send 02 3C 80 1E 00 00 00 E8 03 00 00 00 00 00 00 00 00 00 02 00 00 00 2F 2F 32 38 35 36 30 32 38 30 34 31 34 31 20 52 55 32 35 31 39 34 20 D2 C5 D2 D0 C0 C4 DC 20 31 32 20 CB 2E 2C 20 CA 00 99 
23-05-18 at 09:30:06:985 Recived 06 02 03 80 00 1E 9D 
23-05-18 at 09:30:07:000 Send 06 
23-05-18 at 09:30:07:015 Send 05 
23-05-18 at 09:30:07:030 Recived 15 
23-05-18 at 09:30:07:030 Send 06 
23-05-18 at 09:30:07:045 Send 02 3C 80 1E 00 00 00 E8 03 00 00 00 00 00 00 00 00 00 01 00 00 00 2F 2F 32 38 35 36 30 32 38 31 35 30 33 38 20 38 30 D2 E4 35 E3 F0 5F 31 38 34 39 20 D2 E5 F2 F0 E0 E4 FC 20 E4 E2 EE 00 02 
23-05-18 at 09:30:07:064 Recived 06 02 03 80 00 1E 9D 
23-05-18 at 09:30:07:079 Send 06 
23-05-18 at 09:30:07:094 Send 05 
23-05-18 at 09:30:07:109 Recived 15 
23-05-18 at 09:30:07:109 Send 06 
23-05-18 at 09:30:07:124 Send 02 2E 17 1E 00 00 00 03 32 38 35 36 30 32 38 30 34 31 34 31 20 52 55 32 35 31 39 34 20 D2 C5 D2 D0 C0 C4 DC 20 31 32 20 CB 2E 2C 20 00 00 00 00 3C 
23-05-18 at 09:30:07:143 Recived 06 02 03 17 00 1E 0A 
23-05-18 at 09:30:07:158 Send 06 
23-05-18 at 09:30:07:173 Send 05 
23-05-18 at 09:30:07:188 Recived 15 
23-05-18 at 09:30:07:188 Send 06 
23-05-18 at 09:30:07:203 Send 02 2E 17 1E 00 00 00 03 CA CB 2E 20 CF CE CB 2E 20 4D 49 43 4B 45 59 20 46 4F 4F 54 42 41 4C 4C 20 2F 32 35 2F 33 30 30 2F 20 20 20 28 F8 F2 29 DE 
23-05-18 at 09:30:07:222 Recived 06 02 03 17 00 1E 0A 
23-05-18 at 09:30:07:237 Send 06 
23-05-18 at 09:30:07:252 Send 05 
23-05-18 at 09:30:07:267 Recived 15 
23-05-18 at 09:30:07:267 Send 06 
23-05-18 at 09:30:07:282 Send 02 2E 17 1E 00 00 00 03 20 20 20 20 20 20 20 20 20 20 20 20 20 20 20 20 20 20 20 20 20 20 20 20 20 20 20 20 31 2E 30 30 30 20 58 20 37 2E 30 30 4A 
23-05-18 at 09:30:07:301 Recived 06 02 03 17 00 1E 0A 
23-05-18 at 09:30:07:316 Send 06 
23-05-18 at 09:30:07:331 Send 05 
23-05-18 at 09:30:07:346 Recived 15 
23-05-18 at 09:30:07:346 Send 06 
23-05-18 at 09:30:07:361 Send 02 2E 17 1E 00 00 00 03 D1 F3 EC EC E0 2C E2 20 F2 2E F7 2E CD C4 D1 20 31 30 25 20 20 20 20 20 20 20 20 20 20 20 20 20 20 20 3D 20 37 2E 30 30 F5 
23-05-18 at 09:30:07:380 Recived 06 02 03 17 00 1E 0A 
23-05-18 at 09:30:07:395 Send 06 
23-05-18 at 09:30:07:410 Send 05 
23-05-18 at 09:30:07:425 Recived 15 
23-05-18 at 09:30:07:425 Send 06 
23-05-18 at 09:30:07:440 Send 02 2E 17 1E 00 00 00 03 32 38 35 36 30 32 38 31 35 30 33 38 20 38 30 D2 E4 35 E3 F0 5F 31 38 34 39 20 D2 E5 F2 F0 E0 E4 FC 20 00 00 00 00 00 00 86 
23-05-18 at 09:30:07:459 Recived 06 02 03 17 00 1E 0A 
23-05-18 at 09:30:07:474 Send 06 
23-05-18 at 09:30:07:489 Send 05 
23-05-18 at 09:30:07:504 Recived 15 
23-05-18 at 09:30:07:504 Send 06 
23-05-18 at 09:30:07:519 Send 02 2E 17 1E 00 00 00 03 E4 E2 EE E9 ED E0 FF 20 38 30 EB 2E C0 35 F4 2E 22 ED E0 20 E3 F0 E5 E1 ED E5 22 20 F1 20 F2 E2 2E 20 00 00 00 00 00 00 C8 
23-05-18 at 09:30:07:538 Recived 06 02 03 17 00 1E 0A 
23-05-18 at 09:30:07:553 Send 06 
23-05-18 at 09:30:07:568 Send 05 
23-05-18 at 09:30:07:583 Recived 15 
23-05-18 at 09:30:07:583 Send 06 
23-05-18 at 09:30:07:598 Send 02 2E 17 1E 00 00 00 03 EE E1 EB 2E 20 D1 EE E1 E0 EA E0 2D CA EE F2 20 20 20 20 20 20 20 20 20 20 20 20 20 20 20 20 20 20 20 20 20 28 F8 F2 29 2A 
23-05-18 at 09:30:07:617 Recived 06 02 03 17 00 1E 0A 
23-05-18 at 09:30:07:632 Send 06 
23-05-18 at 09:30:07:647 Send 05 
23-05-18 at 09:30:07:662 Recived 15 
23-05-18 at 09:30:07:662 Send 06 
23-05-18 at 09:30:07:677 Send 02 2E 17 1E 00 00 00 03 20 20 20 20 20 20 20 20 20 20 20 20 20 20 20 20 20 20 20 20 20 20 20 20 20 20 20 31 2E 30 30 30 20 58 20 35 35 2E 30 30 5D 
23-05-18 at 09:30:07:696 Recived 06 02 03 17 00 1E 0A 
23-05-18 at 09:30:07:711 Send 06 
23-05-18 at 09:30:07:726 Send 05 
23-05-18 at 09:30:07:741 Recived 15 
23-05-18 at 09:30:07:741 Send 06 
23-05-18 at 09:30:07:756 Send 02 2E 17 1E 00 00 00 03 D1 F3 EC EC E0 2C E2 20 F2 2E F7 2E CD C4 D1 20 31 38 25 20 20 20 20 20 20 20 20 20 20 20 20 20 20 3D 20 35 35 2E 30 30 EA 
23-05-18 at 09:30:07:775 Recived 06 02 03 17 00 1E 0A 
23-05-18 at 09:30:07:790 Send 06 
23-05-18 at 09:30:07:805 Send 05 
23-05-18 at 09:30:07:820 Recived 15 
23-05-18 at 09:30:07:820 Send 06 
23-05-18 at 09:30:07:835 Send 02 2E 17 1E 00 00 00 03 2D 2D 2D 2D 2D 2D 2D 2D 2D 2D 2D 2D 2D 2D 2D 2D 2D 2D 2D 2D 2D 2D 2D 2D 2D 2D 2D 2D 2D 2D 2D 2D 2D 2D 2D 2D 2D 2D 2D 2D 24 
23-05-18 at 09:30:07:854 Recived 06 02 03 17 00 1E 0A 
23-05-18 at 09:30:07:869 Send 06 
23-05-18 at 09:30:07:884 Send 05 
23-05-18 at 09:30:07:899 Recived 15 
23-05-18 at 09:30:07:899 Send 06 
23-05-18 at 09:30:07:914 Send 02 2E 17 1E 00 00 00 03 CF EE E4 E0 F0 EE F7 ED E0 FF 20 EA E0 F0 F2 E0 20 30 30 30 38 30 35 38 37 31 33 20 EE EF EB E0 F2 E0 00 00 00 00 00 00 CA 
23-05-18 at 09:30:07:933 Recived 06 02 03 17 00 1E 0A 
23-05-18 at 09:30:07:948 Send 06 
23-05-18 at 09:30:07:963 Send 05 
23-05-18 at 09:30:07:978 Recived 15 
23-05-18 at 09:30:07:978 Send 06 
23-05-18 at 09:30:07:993 Send 02 2E 17 1E 00 00 00 03 EF F0 E8 ED FF F2 E0 20 ED E0 20 F1 F3 EC EC F3 20 32 31 2E 30 30 00 00 00 00 00 00 00 00 00 00 00 00 00 00 00 00 00 00 22 
23-05-18 at 09:30:08:012 Recived 06 02 03 17 00 1E 0A 
23-05-18 at 09:30:08:027 Send 06 
23-05-18 at 09:30:08:042 Send 05 
23-05-18 at 09:30:08:057 Recived 15 
23-05-18 at 09:30:08:057 Send 06 
23-05-18 at 09:30:08:072 Send 02 2E 17 1E 00 00 00 03 EE F1 F2 E0 F2 EE EA 20 ED E0 20 EA E0 F0 F2 E5 20 30 2E 30 30 00 00 00 00 00 00 00 00 00 00 00 00 00 00 00 00 00 00 00 01 
23-05-18 at 09:30:08:091 Recived 06 02 03 17 00 1E 0A 
23-05-18 at 09:30:08:106 Send 06 
23-05-18 at 09:30:08:121 Send 05 
23-05-18 at 09:30:08:136 Recived 15 
23-05-18 at 09:30:08:136 Send 06 
23-05-18 at 09:30:08:151 Send 02 2E 17 1E 00 00 00 03 2D 2D 2D 2D 2D 2D 2D 2D 2D 2D 2D 2D 2D 2D 2D 2D 2D 2D 2D 2D 2D 2D 2D 2D 2D 2D 2D 2D 2D 2D 2D 2D 2D 2D 2D 2D 2D 2D 2D 2D 24 
23-05-18 at 09:30:08:170 Recived 06 02 03 17 00 1E 0A 
23-05-18 at 09:30:08:185 Send 06 
23-05-18 at 09:30:08:200 Send 05 
23-05-18 at 09:30:08:215 Recived 15 
23-05-18 at 09:30:08:215 Send 06 
23-05-18 at 09:30:08:230 Send 02 2E 17 1E 00 00 00 03 CF EE E4 E0 F0 EE F7 ED E0 FF 20 EA E0 F0 F2 E0 20 30 35 38 34 38 31 37 35 30 37 20 EE EF EB E0 F2 E0 00 00 00 00 00 00 CF 
23-05-18 at 09:30:08:249 Recived 06 02 03 17 00 1E 0A 
23-05-18 at 09:30:08:264 Send 06 
23-05-18 at 09:30:08:279 Send 05 
23-05-18 at 09:30:08:294 Recived 15 
23-05-18 at 09:30:08:294 Send 06 
23-05-18 at 09:30:08:309 Send 02 2E 17 1E 00 00 00 03 EF F0 E8 ED FF F2 E0 20 ED E0 20 F1 F3 EC EC F3 20 34 31 2E 30 30 00 00 00 00 00 00 00 00 00 00 00 00 00 00 00 00 00 00 24 
23-05-18 at 09:30:08:328 Recived 06 02 03 17 00 1E 0A 
23-05-18 at 09:30:08:343 Send 06 
23-05-18 at 09:30:08:358 Send 05 
23-05-18 at 09:30:08:373 Recived 15 
23-05-18 at 09:30:08:373 Send 06 
23-05-18 at 09:30:08:388 Send 02 2E 17 1E 00 00 00 03 EE F1 F2 E0 F2 EE EA 20 ED E0 20 EA E0 F0 F2 E5 20 34 2E 30 30 00 00 00 00 00 00 00 00 00 00 00 00 00 00 00 00 00 00 00 05 
23-05-18 at 09:30:08:407 Recived 06 02 03 17 00 1E 0A 
23-05-18 at 09:30:08:422 Send 06 
23-05-18 at 09:30:08:437 Send 05 
23-05-18 at 09:30:08:452 Recived 15 
23-05-18 at 09:30:08:452 Send 06 
23-05-18 at 09:30:08:467 Send 02 2E 17 1E 00 00 00 03 3D 3D 3D 3D 3D 3D 3D 3D 3D 3D 3D 3D 3D 3D 3D 3D 3D 3D 3D 3D 3D 3D 3D 3D 3D 3D 3D 3D 3D 3D 3D 3D 3D 3D 3D 3D 3D 3D 3D 3D 24 
23-05-18 at 09:30:08:486 Recived 06 02 03 17 00 1E 0A 
23-05-18 at 09:30:08:501 Send 06 
23-05-18 at 09:30:08:516 Send 05 
23-05-18 at 09:30:08:531 Recived 15 
23-05-18 at 09:30:08:531 Send 06 
23-05-18 at 09:30:08:546 Send 02 2E 17 1E 00 00 00 03 20 00 00 00 00 00 00 00 00 00 00 00 00 00 00 00 00 00 00 00 00 00 00 00 00 00 00 00 00 00 00 00 00 00 00 00 00 00 00 00 04 
23-05-18 at 09:30:08:565 Recived 06 02 03 17 00 1E 0A 
23-05-18 at 09:30:08:580 Send 06 
23-05-18 at 09:30:08:595 Send 05 
23-05-18 at 09:30:08:610 Recived 15 
23-05-18 at 09:30:08:610 Send 06 
23-05-18 at 09:30:08:625 Send 02 2E 17 1E 00 00 00 03 20 20 20 20 CE EF EB E0 F2 E0 20 EF F0 E8 ED FF F2 E0 20 F1 20 E1 EB E0 E3 EE E4 E0 F0 ED EE F1 F2 FC FE 00 00 00 00 00 2B 
23-05-18 at 09:30:08:644 Recived 06 02 03 17 00 1E 0A 
23-05-18 at 09:30:08:659 Send 06 
23-05-18 at 09:30:08:674 Send 05 
23-05-18 at 09:30:08:689 Recived 15 
23-05-18 at 09:30:08:689 Send 06 
23-05-18 at 09:30:08:704 Send 02 2E 17 1E 00 00 00 03 20 20 C6 E4 E5 EC 20 E2 E0 F1 20 E5 E6 E5 E4 ED E5 E2 ED EE 20 F1 20 39 2E 30 30 20 E4 EE 20 32 32 2E 30 30 00 00 00 00 D5 
23-05-18 at 09:30:08:723 Recived 06 02 03 17 00 1E 0A 
23-05-18 at 09:30:08:738 Send 06 
23-05-18 at 09:30:08:753 Send 05 
23-05-18 at 09:30:08:768 Recived 15 
23-05-18 at 09:30:08:768 Send 06 
23-05-18 at 09:30:08:783 Send 02 2E 17 1E 00 00 00 03 20 20 20 20 EF EE 20 E0 E4 F0 E5 F1 F3 3A 36 33 30 30 32 37 2C E3 2E CD EE E2 EE F1 E8 E1 E8 F0 F1 EA 2C 00 00 00 00 00 35 
23-05-18 at 09:30:08:802 Recived 06 02 03 17 00 1E 0A 
23-05-18 at 09:30:08:817 Send 06 
23-05-18 at 09:30:08:832 Send 05 
23-05-18 at 09:30:08:847 Recived 15 
23-05-18 at 09:30:08:847 Send 06 
23-05-18 at 09:30:08:862 Send 02 2E 17 1E 00 00 00 03 F3 EB 2E D2 EE EB EC E0 F7 E5 E2 F1 EA E0 FF 2C 20 31 39 E0 20 EA 2E 32 2C 20 F2 E5 EB 2E 3A 33 36 33 2D 30 35 2D 30 35 DD 
23-05-18 at 09:30:08:881 Recived 06 02 03 17 00 1E 0A 
23-05-18 at 09:30:08:896 Send 06 
23-05-18 at 09:30:08:911 Send 05 
23-05-18 at 09:30:08:926 Recived 15 
23-05-18 at 09:30:08:926 Send 06 
23-05-18 at 09:30:08:941 Send 02 47 85 1E 00 00 00 00 00 00 00 00 00 00 00 00 00 00 00 00 00 00 00 00 00 00 00 00 00 00 00 00 00 20 00 00 00 00 00 00 00 00 00 00 00 00 00 00 00 00 00 00 00 00 00 00 00 00 00 00 00 00 00 00 00 00 00 00 00 00 00 00 00 FC 
23-05-18 at 09:30:08:962 Recived 06 
23-05-18 at 09:30:09:127 Recived 02 08 85 00 1E 00 00 00 00 00 93 
23-05-18 at 09:30:09:142 Send 06 
23-05-18 at 09:30:09:150 WAIT_OBJECT_0
23-05-18 at 09:30:09:164 WritePresent
23-05-18 at 09:30:09:164 UpdateCentralCounts
23-05-18 at 09:30:09:227 UpdateCentralCounts
23-05-18 at 09:30:09:227 ActivateGiftCards(PresentGrid)
23-05-18 at 09:30:09:227 ActivateGiftCards(Grid)
23-05-18 at 09:31:21:039 Запуск программы. Инициализация считана из файла
23-05-18 at 09:31:21:040 Чек загружен.
23-05-18 at 09:31:21:041 Чек загружен.
23-05-18 at 09:31:21:042 Попытка входа в критическую секцию: дисконт
23-05-18 at 09:31:21:042 total calculated
23-05-18 at 09:31:21:042 now show on display
23-05-18 at 09:31:21:042                     Всего:         62.00
23-05-18 at 09:31:21:042 now open port for display
23-05-18 at 09:31:21:043 Com port opened
23-05-18 at 09:31:21:043 now clear port error ...
23-05-18 at 09:31:21:044 now write to port ...
23-05-18 at 09:31:21:177 ... done
23-05-18 at 09:31:21:177 Чек сжат
23-05-18 at 09:31:21:177 Сумма чека посчитана
23-05-18 at 09:31:21:178 Кардридер создан
23-05-18 at 09:31:21:178 Задание запуска модулей создано
23-05-18 at 09:31:21:178 Сканер создан
23-05-18 at 09:31:21:178 Регистратор создан
23-05-18 at 09:31:21:178 Часы созданы
23-05-18 at 09:31:21:179 Регистратор запущен
23-05-18 at 09:31:21:179 Сканер запущен
23-05-18 at 09:31:21:180 Часы запущены
23-05-18 at 09:31:21:180 Кардридер запущен
23-05-18 at 09:31:21:180 Передача данных запущена
23-05-18 at 09:31:21:180 Вход в FRInit
23-05-18 at 09:31:21:180 Вход в GetStatus
23-05-18 at 09:31:21:195 Send 05 
23-05-18 at 09:31:21:210 Recived 15 
23-05-18 at 09:31:21:210 Send 06 
23-05-18 at 09:31:21:225 Send 02 05 11 1E 00 00 00 0A 
23-05-18 at 09:31:21:240 Recived 06 02 30 11 00 1E 43 31 1C B3 14 0C 11 01 7C 00 B2 02 02 00 00 4E 41 00 00 01 01 10 17 05 12 09 1F 15 00 2E 5D 00 00 24 00 00 00 00 00 EF 95 10 42 01 00 46 
23-05-18 at 09:31:21:255 Send 06 
23-05-18 at 09:31:21:256 KKMStatus 0000
23-05-18 at 09:31:21:270 Send 05 
23-05-18 at 09:31:21:285 Recived 15 
23-05-18 at 09:31:21:285 Send 06 
23-05-18 at 09:31:21:300 Send 02 05 11 1E 00 00 00 0A 
23-05-18 at 09:31:21:315 Recived 06 02 30 11 00 1E 43 31 1C B3 14 0C 11 01 7C 00 B2 02 02 00 00 4E 41 00 00 01 01 10 17 05 12 09 1F 15 00 2E 5D 00 00 24 00 00 00 00 00 EF 95 10 42 01 00 46 
23-05-18 at 09:31:21:330 Send 06 
23-05-18 at 09:31:21:331 KKMStatus 0200
23-05-18 at 09:31:21:331 Номер ФР считан
23-05-18 at 09:31:21:468 СУБД подключена
23-05-18 at 09:31:21:487 Send 05 
23-05-18 at 09:31:21:502 Recived 15 
23-05-18 at 09:31:21:502 Send 06 
23-05-18 at 09:31:21:517 Send 02 17 1E 1E 00 00 00 05 03 00 01 CA 41 D0 D2 CE C9 20 56 49 53 41 2F 4D 43 92 
23-05-18 at 09:31:21:533 Recived 06 02 02 1E 00 1C 
23-05-18 at 09:31:21:548 Send 06 
23-05-18 at 09:31:21:563 Send 05 
23-05-18 at 09:31:21:578 Recived 15 
23-05-18 at 09:31:21:578 Send 06 
23-05-18 at 09:31:21:593 Send 02 18 1E 1E 00 00 00 05 04 00 01 C4 D0 D3 C3 C8 CC C8 20 CA C0 D0 D2 C0 CC C8 3C 
23-05-18 at 09:31:21:609 Recived 06 02 02 1E 00 1C 
23-05-18 at 09:31:21:624 Send 06 
23-05-18 at 09:31:21:639 Send 05 
23-05-18 at 09:31:21:654 Recived 15 
23-05-18 at 09:31:21:654 Send 06 
23-05-18 at 09:31:21:669 Send 02 0A 1E 1E 00 00 00 01 01 00 01 01 0A 
23-05-18 at 09:31:21:684 Recived 06 02 02 1E 00 1C 
23-05-18 at 09:31:21:699 Send 06 
23-05-18 at 09:31:21:714 Send 05 
23-05-18 at 09:31:21:729 Recived 15 
23-05-18 at 09:31:21:729 Send 06 
23-05-18 at 09:31:21:744 Send 02 0A 1E 1E 00 00 00 01 01 00 05 02 0D 
23-05-18 at 09:31:21:759 Recived 06 02 02 1E 00 1C 
23-05-18 at 09:31:21:774 Send 06 
23-05-18 at 09:31:21:789 Send 05 
23-05-18 at 09:31:21:804 Recived 15 
23-05-18 at 09:31:21:804 Send 06 
23-05-18 at 09:31:21:819 Send 02 0A 1E 1E 00 00 00 01 01 00 23 01 28 
23-05-18 at 09:31:21:834 Recived 06 02 02 1E 00 1C 
23-05-18 at 09:31:21:849 Send 06 
23-05-18 at 09:31:21:864 Send 05 
23-05-18 at 09:31:21:879 Recived 15 
23-05-18 at 09:31:21:879 Send 06 
23-05-18 at 09:31:21:894 Send 02 0A 1E 1E 00 00 00 01 01 00 06 00 0C 
23-05-18 at 09:31:21:909 Recived 06 02 02 1E 00 1C 
23-05-18 at 09:31:21:924 Send 06 
23-05-18 at 09:31:21:939 Send 05 
23-05-18 at 09:31:21:954 Recived 15 
23-05-18 at 09:31:21:954 Send 06 
23-05-18 at 09:31:21:969 Send 02 0A 1E 1E 00 00 00 01 01 00 07 01 0C 
23-05-18 at 09:31:21:984 Recived 06 02 02 1E 00 1C 
23-05-18 at 09:31:21:999 Send 06 
23-05-18 at 09:31:22:014 Send 05 
23-05-18 at 09:31:22:029 Recived 15 
23-05-18 at 09:31:22:029 Send 06 
23-05-18 at 09:31:22:044 Send 02 0A 1E 1E 00 00 00 01 01 00 14 01 1F 
23-05-18 at 09:31:22:059 Recived 06 02 02 1E 00 1C 
23-05-18 at 09:31:22:074 Send 06 
23-05-18 at 09:31:22:089 Send 05 
23-05-18 at 09:31:22:104 Recived 15 
23-05-18 at 09:31:22:104 Send 06 
23-05-18 at 09:31:22:119 Send 02 0A 1E 1E 00 00 00 01 01 00 15 01 1E 
23-05-18 at 09:31:22:134 Recived 06 02 02 1E 00 1C 
23-05-18 at 09:31:22:149 Send 06 
23-05-18 at 09:31:22:164 Send 05 
23-05-18 at 09:31:22:179 Recived 15 
23-05-18 at 09:31:22:179 Send 06 
23-05-18 at 09:31:22:194 Send 02 0A 1E 1E 00 00 00 01 01 00 0F 00 05 
23-05-18 at 09:31:22:209 Recived 06 02 02 1E 00 1C 
23-05-18 at 09:31:22:224 Send 06 
23-05-18 at 09:31:22:239 Send 05 
23-05-18 at 09:31:22:254 Recived 15 
23-05-18 at 09:31:22:254 Send 06 
23-05-18 at 09:31:22:269 Send 02 0A 1E 1E 00 00 00 01 01 00 11 00 1B 
23-05-18 at 09:31:22:284 Recived 06 02 02 1E 00 1C 
23-05-18 at 09:31:22:299 Send 06 
23-05-18 at 09:31:22:314 Send 05 
23-05-18 at 09:31:22:329 Recived 15 
23-05-18 at 09:31:22:329 Send 06 
23-05-18 at 09:31:22:344 Send 02 0A 1E 1E 00 00 00 11 01 00 03 02 1B 
23-05-18 at 09:31:22:359 Recived 06 02 02 1E 00 1C 
23-05-18 at 09:31:22:374 Send 06 
23-05-18 at 09:31:22:389 Send 05 
23-05-18 at 09:31:22:404 Recived 15 
23-05-18 at 09:31:22:404 Send 06 
23-05-18 at 09:31:22:419 Send 02 0A 1E 1E 00 00 00 01 01 00 29 01 22 
23-05-18 at 09:31:22:434 Recived 06 02 02 1E 00 1C 
23-05-18 at 09:31:22:449 Send 06 
23-05-18 at 09:31:22:464 Send 05 
23-05-18 at 09:31:22:479 Recived 15 
23-05-18 at 09:31:22:479 Send 06 
23-05-18 at 09:31:22:494 Send 02 26 1E 1E 00 00 00 04 0C 00 01 20 20 20 20 20 20 20 20 20 20 20 C4 CE C1 D0 CE 20 CF CE C6 C0 CB CE C2 C0 D2 DC 21 00 D5 
23-05-18 at 09:31:22:512 Recived 06 02 02 1E 00 1C 
23-05-18 at 09:31:22:527 Send 06 
23-05-18 at 09:31:22:542 Send 05 
23-05-18 at 09:31:22:557 Recived 15 
23-05-18 at 09:31:22:557 Send 06 
23-05-18 at 09:31:22:572 Send 02 29 1E 1E 00 00 00 04 0D 00 01 20 20 20 20 20 20 20 20 CE CE CE 20 CA EE EC EF E0 ED E8 FF 20 27 CA CE CB CE D0 CB CE CD 27 00 CB 
23-05-18 at 09:31:22:590 Recived 06 02 02 1E 00 1C 
23-05-18 at 09:31:22:605 Send 06 
23-05-18 at 09:31:22:620 Send 05 
23-05-18 at 09:31:22:635 Recived 15 
23-05-18 at 09:31:22:635 Send 06 
23-05-18 at 09:31:22:650 Send 02 2D 1E 1E 00 00 00 04 0E 00 01 20 20 20 20 20 CC E0 E3 E0 E7 E8 ED 20 27 C2 F1 E5 20 F2 EE E2 E0 F0 FB 20 E4 EB FF 20 E4 EE EC E0 27 20 00 DE 
23-05-18 at 09:31:22:668 Recived 06 02 02 1E 00 1C 
23-05-18 at 09:31:22:683 Send 06 
23-05-18 at 09:31:22:703 now clear port error ...
23-05-18 at 09:31:22:703 now write to port ...
23-05-18 at 09:31:22:837 ... done
23-05-18 at 09:31:22:863 Send 05 
23-05-18 at 09:31:22:878 Recived 15 
23-05-18 at 09:31:22:878 Send 06 
23-05-18 at 09:31:22:893 Send 02 06 1A 1E 00 00 00 79 7B 
23-05-18 at 09:31:22:908 Recived 06 02 09 1A 00 1E 00 00 00 00 00 00 0D 
23-05-18 at 09:31:22:923 Send 06 
23-05-18 at 09:31:25:000 Cardreader  Антонов Сергей 
23-05-18 at 09:31:25:003 Send 05 
23-05-18 at 09:31:25:018 Recived 15 
23-05-18 at 09:31:25:018 Send 06 
23-05-18 at 09:31:25:038 Send 02 20 1E 1E 00 00 00 02 1E 00 02 CA E0 F1 F1 E8 F0 20 C0 ED F2 EE ED EE E2 20 D1 E5 F0 E3 E5 E9 20 00 D7 
23-05-18 at 09:31:25:056 Recived 06 02 02 1E 00 1C 
23-05-18 at 09:31:25:071 Send 06 
23-05-18 at 09:31:25:073 now clear port error ...
23-05-18 at 09:31:25:073 now write to port ...
23-05-18 at 09:31:25:206 ... done
23-05-18 at 09:31:26:001 Send 05 
23-05-18 at 09:31:26:016 Recived 15 
23-05-18 at 09:31:26:016 Send 06 
23-05-18 at 09:31:26:031 Send 02 06 FF 39 1E 00 00 00 DE 
23-05-18 at 09:31:26:046 Recived 06 02 10 FF 39 00 00 00 00 00 00 00 00 00 00 00 00 00 00 D6 
23-05-18 at 09:31:26:061 Send 06 
23-05-18 at 09:31:33:975 114
23-05-18 at 09:31:33:975 014
23-05-18 at 09:31:33:975 115
23-05-18 at 09:31:33:975 015
23-05-18 at 09:31:33:976 Попытка входа в критическую секцию: дисконт
23-05-18 at 09:31:33:977 total calculated
23-05-18 at 09:31:33:978 now show on display
23-05-18 at 09:31:33:978                     Всего:         62.00
23-05-18 at 09:31:33:978 now clear port error ...
23-05-18 at 09:31:33:979 now write to port ...
23-05-18 at 09:31:34:112 ... done
23-05-18 at 09:31:34:126 now clear port error ...
23-05-18 at 09:31:34:126 now write to port ...
23-05-18 at 09:31:34:284 ... done
23-05-18 at 09:31:34:284 now clear port error ...
23-05-18 at 09:31:34:285 now write to port ...
23-05-18 at 09:31:34:456 ... done
23-05-18 at 09:31:34:457 now clear port error ...
23-05-18 at 09:31:34:458 now write to port ...
23-05-18 at 09:31:34:628 ... done
23-05-18 at 09:31:35:825 Вход в FRInit
23-05-18 at 09:31:35:825 Вход в GetStatus
23-05-18 at 09:31:35:826 Send 05 
23-05-18 at 09:31:35:841 Recived 15 
23-05-18 at 09:31:35:841 Send 06 
23-05-18 at 09:31:35:856 Send 02 05 11 1E 00 00 00 0A 
23-05-18 at 09:31:35:871 Recived 06 02 30 11 00 1E 43 31 1C B3 14 0C 11 01 7C 00 B2 02 02 00 00 4E 41 00 00 01 01 10 17 05 12 09 1F 23 00 2E 5D 00 00 24 00 00 00 00 00 EF 95 10 42 01 00 70 
23-05-18 at 09:31:35:886 Send 06 
23-05-18 at 09:31:35:890 KKMStatus 0000
23-05-18 at 09:31:35:901 Send 05 
23-05-18 at 09:31:35:916 Recived 15 
23-05-18 at 09:31:35:916 Send 06 
23-05-18 at 09:31:35:931 Send 02 06 8D 1E 00 00 00 00 95 
23-05-18 at 09:31:35:946 Recived 06 
23-05-18 at 09:31:35:961 Recived 02 03 8D 00 1E 90 
23-05-18 at 09:31:35:976 Send 06 
23-05-18 at 09:31:35:991 Send 05 
23-05-18 at 09:31:36:006 Recived 15 
23-05-18 at 09:31:36:006 Send 06 
23-05-18 at 09:31:36:021 Send 02 0A C2 1E 00 00 00 F7 E4 CF 84 15 9B 
23-05-18 at 09:31:36:036 Recived 06 02 03 C2 00 1E DF 
23-05-18 at 09:31:36:051 Send 06 
23-05-18 at 09:31:36:066 Send 05 
23-05-18 at 09:31:36:081 Recived 15 
23-05-18 at 09:31:36:081 Send 06 
23-05-18 at 09:31:36:096 Send 02 2E 17 1E 00 00 00 03 3D 3D 3D 3D 3D 3D 3D 3D 3D 3D 3D 3D 3D 3D 3D 3D 3D 3D 3D 3D 3D 3D 3D 3D 3D 3D 3D 3D 3D 3D 3D 3D 3D 3D 3D 3D 3D 3D 3D 3D 24 
23-05-18 at 09:31:36:115 Recived 06 02 03 17 00 1E 0A 
23-05-18 at 09:31:36:130 Send 06 
23-05-18 at 09:31:36:145 Send 05 
23-05-18 at 09:31:36:160 Recived 15 
23-05-18 at 09:31:36:160 Send 06 
23-05-18 at 09:31:36:175 Send 02 2E 17 1E 00 00 00 03 20 20 20 20 20 20 20 D7 C5 CA 20 30 32 2D 33 38 35 34 2D 31 38 30 35 2D 32 33 30 39 2D 33 31 33 35 00 00 00 00 00 00 00 F4 
23-05-18 at 09:31:36:194 Recived 06 02 03 17 00 1E 0A 
23-05-18 at 09:31:36:209 Send 06 
23-05-18 at 09:31:36:224 Send 05 
23-05-18 at 09:31:36:239 Recived 15 
23-05-18 at 09:31:36:239 Send 06 
23-05-18 at 09:31:36:254 Send 02 2E 17 1E 00 00 00 03 3D 3D 3D 3D 3D 3D 3D 3D 3D 3D 3D 3D 3D 3D 3D 3D 3D 3D 3D 3D 3D 3D 3D 3D 3D 3D 3D 3D 3D 3D 3D 3D 3D 3D 3D 3D 3D 3D 3D 3D 24 
23-05-18 at 09:31:36:273 Recived 06 02 03 17 00 1E 0A 
23-05-18 at 09:31:36:288 Send 06 
23-05-18 at 09:31:36:303 Send 05 
23-05-18 at 09:31:36:318 Recived 15 
23-05-18 at 09:31:36:318 Send 06 
23-05-18 at 09:31:36:333 Send 02 3C 80 1E 00 00 00 E8 03 00 00 00 00 00 00 00 00 00 02 00 00 00 2F 2F 32 38 35 36 30 32 38 30 34 31 34 31 20 52 55 32 35 31 39 34 20 D2 C5 D2 D0 C0 C4 DC 20 31 32 20 CB 2E 2C 20 CA 00 99 
23-05-18 at 09:31:36:352 Recived 06 02 03 80 00 1E 9D 
23-05-18 at 09:31:36:367 Send 06 
23-05-18 at 09:31:36:382 Send 05 
23-05-18 at 09:31:36:397 Recived 15 
23-05-18 at 09:31:36:397 Send 06 
23-05-18 at 09:31:36:412 Send 02 3C 80 1E 00 00 00 E8 03 00 00 00 00 00 00 00 00 00 01 00 00 00 2F 2F 32 38 35 36 30 32 38 31 35 30 33 38 20 38 30 D2 E4 35 E3 F0 5F 31 38 34 39 20 D2 E5 F2 F0 E0 E4 FC 20 E4 E2 EE 00 02 
23-05-18 at 09:31:36:431 Recived 06 02 03 80 00 1E 9D 
23-05-18 at 09:31:36:446 Send 06 
23-05-18 at 09:31:36:461 Send 05 
23-05-18 at 09:31:36:476 Recived 15 
23-05-18 at 09:31:36:476 Send 06 
23-05-18 at 09:31:36:491 Send 02 2E 17 1E 00 00 00 03 32 38 35 36 30 32 38 30 34 31 34 31 20 52 55 32 35 31 39 34 20 D2 C5 D2 D0 C0 C4 DC 20 31 32 20 CB 2E 2C 20 00 00 00 00 3C 
23-05-18 at 09:31:36:510 Recived 06 02 03 17 00 1E 0A 
23-05-18 at 09:31:36:525 Send 06 
23-05-18 at 09:31:36:540 Send 05 
23-05-18 at 09:31:36:555 Recived 15 
23-05-18 at 09:31:36:555 Send 06 
23-05-18 at 09:31:36:570 Send 02 2E 17 1E 00 00 00 03 CA CB 2E 20 CF CE CB 2E 20 4D 49 43 4B 45 59 20 46 4F 4F 54 42 41 4C 4C 20 2F 32 35 2F 33 30 30 2F 20 20 20 28 F8 F2 29 DE 
23-05-18 at 09:31:36:589 Recived 06 02 03 17 00 1E 0A 
23-05-18 at 09:31:36:604 Send 06 
23-05-18 at 09:31:36:619 Send 05 
23-05-18 at 09:31:36:634 Recived 15 
23-05-18 at 09:31:36:634 Send 06 
23-05-18 at 09:31:36:649 Send 02 2E 17 1E 00 00 00 03 20 20 20 20 20 20 20 20 20 20 20 20 20 20 20 20 20 20 20 20 20 20 20 20 20 20 20 20 31 2E 30 30 30 20 58 20 37 2E 30 30 4A 
23-05-18 at 09:31:36:668 Recived 06 02 03 17 00 1E 0A 
23-05-18 at 09:31:36:683 Send 06 
23-05-18 at 09:31:36:698 Send 05 
23-05-18 at 09:31:36:713 Recived 15 
23-05-18 at 09:31:36:713 Send 06 
23-05-18 at 09:31:36:728 Send 02 2E 17 1E 00 00 00 03 D1 F3 EC EC E0 2C E2 20 F2 2E F7 2E CD C4 D1 20 31 30 25 20 20 20 20 20 20 20 20 20 20 20 20 20 20 20 3D 20 37 2E 30 30 F5 
23-05-18 at 09:31:36:747 Recived 06 02 03 17 00 1E 0A 
23-05-18 at 09:31:36:762 Send 06 
23-05-18 at 09:31:36:777 Send 05 
23-05-18 at 09:31:36:792 Recived 15 
23-05-18 at 09:31:36:792 Send 06 
23-05-18 at 09:31:36:807 Send 02 2E 17 1E 00 00 00 03 32 38 35 36 30 32 38 31 35 30 33 38 20 38 30 D2 E4 35 E3 F0 5F 31 38 34 39 20 D2 E5 F2 F0 E0 E4 FC 20 00 00 00 00 00 00 86 
23-05-18 at 09:31:36:826 Recived 06 02 03 17 00 1E 0A 
23-05-18 at 09:31:36:841 Send 06 
23-05-18 at 09:31:36:856 Send 05 
23-05-18 at 09:31:36:871 Recived 15 
23-05-18 at 09:31:36:871 Send 06 
23-05-18 at 09:31:36:886 Send 02 2E 17 1E 00 00 00 03 E4 E2 EE E9 ED E0 FF 20 38 30 EB 2E C0 35 F4 2E 22 ED E0 20 E3 F0 E5 E1 ED E5 22 20 F1 20 F2 E2 2E 20 00 00 00 00 00 00 C8 
23-05-18 at 09:31:36:905 Recived 06 02 03 17 00 1E 0A 
23-05-18 at 09:31:36:920 Send 06 
23-05-18 at 09:31:36:935 Send 05 
23-05-18 at 09:31:36:950 Recived 15 
23-05-18 at 09:31:36:950 Send 06 
23-05-18 at 09:31:36:965 Send 02 2E 17 1E 00 00 00 03 EE E1 EB 2E 20 D1 EE E1 E0 EA E0 2D CA EE F2 20 20 20 20 20 20 20 20 20 20 20 20 20 20 20 20 20 20 20 20 20 28 F8 F2 29 2A 
23-05-18 at 09:31:36:984 Recived 06 02 03 17 00 1E 0A 
23-05-18 at 09:31:36:999 Send 06 
23-05-18 at 09:31:37:014 Send 05 
23-05-18 at 09:31:37:029 Recived 15 
23-05-18 at 09:31:37:029 Send 06 
23-05-18 at 09:31:37:044 Send 02 2E 17 1E 00 00 00 03 20 20 20 20 20 20 20 20 20 20 20 20 20 20 20 20 20 20 20 20 20 20 20 20 20 20 20 31 2E 30 30 30 20 58 20 35 35 2E 30 30 5D 
23-05-18 at 09:31:37:063 Recived 06 02 03 17 00 1E 0A 
23-05-18 at 09:31:37:078 Send 06 
23-05-18 at 09:31:37:093 Send 05 
23-05-18 at 09:31:37:108 Recived 15 
23-05-18 at 09:31:37:108 Send 06 
23-05-18 at 09:31:37:123 Send 02 2E 17 1E 00 00 00 03 D1 F3 EC EC E0 2C E2 20 F2 2E F7 2E CD C4 D1 20 31 38 25 20 20 20 20 20 20 20 20 20 20 20 20 20 20 3D 20 35 35 2E 30 30 EA 
23-05-18 at 09:31:37:142 Recived 06 02 03 17 00 1E 0A 
23-05-18 at 09:31:37:157 Send 06 
23-05-18 at 09:31:37:172 Send 05 
23-05-18 at 09:31:37:187 Recived 15 
23-05-18 at 09:31:37:187 Send 06 
23-05-18 at 09:31:37:202 Send 02 2E 17 1E 00 00 00 03 2D 2D 2D 2D 2D 2D 2D 2D 2D 2D 2D 2D 2D 2D 2D 2D 2D 2D 2D 2D 2D 2D 2D 2D 2D 2D 2D 2D 2D 2D 2D 2D 2D 2D 2D 2D 2D 2D 2D 2D 24 
23-05-18 at 09:31:37:221 Recived 06 02 03 17 00 1E 0A 
23-05-18 at 09:31:37:236 Send 06 
23-05-18 at 09:31:37:251 Send 05 
23-05-18 at 09:31:37:266 Recived 15 
23-05-18 at 09:31:37:266 Send 06 
23-05-18 at 09:31:37:281 Send 02 2E 17 1E 00 00 00 03 CF EE E4 E0 F0 EE F7 ED E0 FF 20 EA E0 F0 F2 E0 20 30 30 30 38 30 35 38 37 31 33 20 EE EF EB E0 F2 E0 00 00 00 00 00 00 CA 
23-05-18 at 09:31:37:300 Recived 06 02 03 17 00 1E 0A 
23-05-18 at 09:31:37:315 Send 06 
23-05-18 at 09:31:37:330 Send 05 
23-05-18 at 09:31:37:345 Recived 15 
23-05-18 at 09:31:37:345 Send 06 
23-05-18 at 09:31:37:360 Send 02 2E 17 1E 00 00 00 03 EF F0 E8 ED FF F2 E0 20 ED E0 20 F1 F3 EC EC F3 20 32 31 2E 30 30 00 00 00 00 00 00 00 00 00 00 00 00 00 00 00 00 00 00 22 
23-05-18 at 09:31:37:379 Recived 06 02 03 17 00 1E 0A 
23-05-18 at 09:31:37:394 Send 06 
23-05-18 at 09:31:37:409 Send 05 
23-05-18 at 09:31:37:424 Recived 15 
23-05-18 at 09:31:37:424 Send 06 
23-05-18 at 09:31:37:439 Send 02 2E 17 1E 00 00 00 03 EE F1 F2 E0 F2 EE EA 20 ED E0 20 EA E0 F0 F2 E5 20 30 2E 30 30 00 00 00 00 00 00 00 00 00 00 00 00 00 00 00 00 00 00 00 01 
23-05-18 at 09:31:37:458 Recived 06 02 03 17 00 1E 0A 
23-05-18 at 09:31:37:473 Send 06 
23-05-18 at 09:31:37:488 Send 05 
23-05-18 at 09:31:37:503 Recived 15 
23-05-18 at 09:31:37:503 Send 06 
23-05-18 at 09:31:37:518 Send 02 2E 17 1E 00 00 00 03 2D 2D 2D 2D 2D 2D 2D 2D 2D 2D 2D 2D 2D 2D 2D 2D 2D 2D 2D 2D 2D 2D 2D 2D 2D 2D 2D 2D 2D 2D 2D 2D 2D 2D 2D 2D 2D 2D 2D 2D 24 
23-05-18 at 09:31:37:537 Recived 06 02 03 17 00 1E 0A 
23-05-18 at 09:31:37:552 Send 06 
23-05-18 at 09:31:37:567 Send 05 
23-05-18 at 09:31:37:582 Recived 15 
23-05-18 at 09:31:37:582 Send 06 
23-05-18 at 09:31:37:597 Send 02 2E 17 1E 00 00 00 03 CF EE E4 E0 F0 EE F7 ED E0 FF 20 EA E0 F0 F2 E0 20 30 35 38 34 38 31 37 35 30 37 20 EE EF EB E0 F2 E0 00 00 00 00 00 00 CF 
23-05-18 at 09:31:37:616 Recived 06 02 03 17 00 1E 0A 
23-05-18 at 09:31:37:631 Send 06 
23-05-18 at 09:31:37:646 Send 05 
23-05-18 at 09:31:37:661 Recived 15 
23-05-18 at 09:31:37:661 Send 06 
23-05-18 at 09:31:37:676 Send 02 2E 17 1E 00 00 00 03 EF F0 E8 ED FF F2 E0 20 ED E0 20 F1 F3 EC EC F3 20 34 31 2E 30 30 00 00 00 00 00 00 00 00 00 00 00 00 00 00 00 00 00 00 24 
23-05-18 at 09:31:37:695 Recived 06 02 03 17 00 1E 0A 
23-05-18 at 09:31:37:710 Send 06 
23-05-18 at 09:31:37:725 Send 05 
23-05-18 at 09:31:37:740 Recived 15 
23-05-18 at 09:31:37:740 Send 06 
23-05-18 at 09:31:37:755 Send 02 2E 17 1E 00 00 00 03 EE F1 F2 E0 F2 EE EA 20 ED E0 20 EA E0 F0 F2 E5 20 34 2E 30 30 00 00 00 00 00 00 00 00 00 00 00 00 00 00 00 00 00 00 00 05 
23-05-18 at 09:31:37:774 Recived 06 02 03 17 00 1E 0A 
23-05-18 at 09:31:37:789 Send 06 
23-05-18 at 09:31:37:804 Send 05 
23-05-18 at 09:31:37:819 Recived 15 
23-05-18 at 09:31:37:819 Send 06 
23-05-18 at 09:31:37:834 Send 02 2E 17 1E 00 00 00 03 3D 3D 3D 3D 3D 3D 3D 3D 3D 3D 3D 3D 3D 3D 3D 3D 3D 3D 3D 3D 3D 3D 3D 3D 3D 3D 3D 3D 3D 3D 3D 3D 3D 3D 3D 3D 3D 3D 3D 3D 24 
23-05-18 at 09:31:37:853 Recived 06 02 03 17 00 1E 0A 
23-05-18 at 09:31:37:868 Send 06 
23-05-18 at 09:31:37:883 Send 05 
23-05-18 at 09:31:37:898 Recived 15 
23-05-18 at 09:31:37:898 Send 06 
23-05-18 at 09:31:37:913 Send 02 2E 17 1E 00 00 00 03 20 00 00 00 00 00 00 00 00 00 00 00 00 00 00 00 00 00 00 00 00 00 00 00 00 00 00 00 00 00 00 00 00 00 00 00 00 00 00 00 04 
23-05-18 at 09:31:37:932 Recived 06 02 03 17 00 1E 0A 
23-05-18 at 09:31:37:947 Send 06 
23-05-18 at 09:31:37:962 Send 05 
23-05-18 at 09:31:37:977 Recived 15 
23-05-18 at 09:31:37:977 Send 06 
23-05-18 at 09:31:37:992 Send 02 2E 17 1E 00 00 00 03 20 20 20 20 CE EF EB E0 F2 E0 20 EF F0 E8 ED FF F2 E0 20 F1 20 E1 EB E0 E3 EE E4 E0 F0 ED EE F1 F2 FC FE 00 00 00 00 00 2B 
23-05-18 at 09:31:38:011 Recived 06 02 03 17 00 1E 0A 
23-05-18 at 09:31:38:026 Send 06 
23-05-18 at 09:31:38:041 Send 05 
23-05-18 at 09:31:38:056 Recived 15 
23-05-18 at 09:31:38:056 Send 06 
23-05-18 at 09:31:38:071 Send 02 2E 17 1E 00 00 00 03 20 20 C6 E4 E5 EC 20 E2 E0 F1 20 E5 E6 E5 E4 ED E5 E2 ED EE 20 F1 20 39 2E 30 30 20 E4 EE 20 32 32 2E 30 30 00 00 00 00 D5 
23-05-18 at 09:31:38:090 Recived 06 02 03 17 00 1E 0A 
23-05-18 at 09:31:38:105 Send 06 
23-05-18 at 09:31:38:120 Send 05 
23-05-18 at 09:31:38:135 Recived 15 
23-05-18 at 09:31:38:135 Send 06 
23-05-18 at 09:31:38:150 Send 02 2E 17 1E 00 00 00 03 20 20 20 20 EF EE 20 E0 E4 F0 E5 F1 F3 3A 36 33 30 30 32 37 2C E3 2E CD EE E2 EE F1 E8 E1 E8 F0 F1 EA 2C 00 00 00 00 00 35 
23-05-18 at 09:31:38:169 Recived 06 02 03 17 00 1E 0A 
23-05-18 at 09:31:38:184 Send 06 
23-05-18 at 09:31:38:199 Send 05 
23-05-18 at 09:31:38:214 Recived 15 
23-05-18 at 09:31:38:214 Send 06 
23-05-18 at 09:31:38:229 Send 02 2E 17 1E 00 00 00 03 F3 EB 2E D2 EE EB EC E0 F7 E5 E2 F1 EA E0 FF 2C 20 31 39 E0 20 EA 2E 32 2C 20 F2 E5 EB 2E 3A 33 36 33 2D 30 35 2D 30 35 DD 
23-05-18 at 09:31:38:248 Recived 06 02 03 17 00 1E 0A 
23-05-18 at 09:31:38:263 Send 06 
23-05-18 at 09:31:38:278 Send 05 
23-05-18 at 09:31:38:293 Recived 15 
23-05-18 at 09:31:38:293 Send 06 
23-05-18 at 09:31:38:308 Send 02 47 85 1E 00 00 00 00 00 00 00 00 00 00 00 00 00 00 00 00 00 00 00 00 00 00 00 00 00 00 00 00 00 20 00 00 00 00 00 00 00 00 00 00 00 00 00 00 00 00 00 00 00 00 00 00 00 00 00 00 00 00 00 00 00 00 00 00 00 00 00 00 00 FC 
23-05-18 at 09:31:38:329 Recived 06 
23-05-18 at 09:31:38:494 Recived 02 08 85 00 1E 00 00 00 00 00 93 
23-05-18 at 09:31:38:509 Send 06 
23-05-18 at 09:31:38:515 WAIT_OBJECT_0
23-05-18 at 09:31:38:527 WritePresent
23-05-18 at 09:31:38:527 UpdateCentralCounts
23-05-18 at 09:31:38:584 UpdateCentralCounts
23-05-18 at 09:31:38:584 ActivateGiftCards(PresentGrid)
23-05-18 at 09:31:38:585 ActivateGiftCards(Grid)
23-05-18 at 09:31:38:642 GiftCardDoPayments
23-05-18 at 09:31:38:643 GiftCardClearPayments
23-05-18 at 09:31:38:643 Попытка очистки таблицы
23-05-18 at 09:31:38:643 Попытка очистки успешна
23-05-18 at 09:31:38:644 Попытка очистки таблицы
23-05-18 at 09:31:38:644 Попытка очистки успешна
23-05-18 at 09:31:38:644 total calculated
23-05-18 at 09:31:38:645 now show on display
23-05-18 at 09:31:38:645                     Всего:          0.00
23-05-18 at 09:31:38:645 now clear port error ...
23-05-18 at 09:31:38:645 now write to port ...
23-05-18 at 09:31:38:779 ... done
23-05-18 at 09:31:38:779 now clear port error ...
23-05-18 at 09:31:38:779 now write to port ...
23-05-18 at 09:31:38:951 ... done
23-05-18 at 09:31:38:951 116
23-05-18 at 09:31:38:951 016
23-05-18 at 09:33:30:079 Send 05 
23-05-18 at 09:33:30:094 Recived 15 
23-05-18 at 09:33:30:094 Send 06 
23-05-18 at 09:33:30:109 Send 02 06 FF 39 1E 00 00 00 DE 
23-05-18 at 09:33:30:124 Recived 06 02 10 FF 39 00 00 00 00 00 00 00 00 00 00 00 00 00 00 D6 
23-05-18 at 09:33:30:139 Send 06 
23-05-18 at 09:35:31:279 Send 05 
23-05-18 at 09:35:31:294 Recived 15 
23-05-18 at 09:35:31:294 Send 06 
23-05-18 at 09:35:31:309 Send 02 06 FF 39 1E 00 00 00 DE 
23-05-18 at 09:35:31:324 Recived 06 02 10 FF 39 00 00 00 00 00 00 00 00 00 00 00 00 00 00 D6 
23-05-18 at 09:35:31:339 Send 06 
23-05-18 at 09:37:32:479 Send 05 
23-05-18 at 09:37:32:494 Recived 15 
23-05-18 at 09:37:32:494 Send 06 
23-05-18 at 09:37:32:509 Send 02 06 FF 39 1E 00 00 00 DE 
23-05-18 at 09:37:32:524 Recived 06 02 10 FF 39 00 00 00 00 00 00 00 00 00 00 00 00 00 00 D6 
23-05-18 at 09:37:32:539 Send 06 
23-05-18 at 09:39:33:679 Send 05 
23-05-18 at 09:39:33:694 Recived 15 
23-05-18 at 09:39:33:694 Send 06 
23-05-18 at 09:39:33:709 Send 02 06 FF 39 1E 00 00 00 DE 
23-05-18 at 09:39:33:724 Recived 06 02 10 FF 39 00 00 00 00 00 00 00 00 00 00 00 00 00 00 D6 
23-05-18 at 09:39:33:739 Send 06 
23-05-18 at 09:41:34:879 Send 05 
23-05-18 at 09:41:34:894 Recived 15 
23-05-18 at 09:41:34:894 Send 06 
23-05-18 at 09:41:34:909 Send 02 06 FF 39 1E 00 00 00 DE 
23-05-18 at 09:41:34:924 Recived 06 02 10 FF 39 00 00 00 00 00 00 00 00 00 00 00 00 00 00 D6 
23-05-18 at 09:41:34:939 Send 06 
23-05-18 at 09:43:36:079 Send 05 
23-05-18 at 09:43:36:094 Recived 15 
23-05-18 at 09:43:36:094 Send 06 
23-05-18 at 09:43:36:109 Send 02 06 FF 39 1E 00 00 00 DE 
23-05-18 at 09:43:36:124 Recived 06 02 10 FF 39 00 00 00 00 00 00 00 00 00 00 00 00 00 00 D6 
23-05-18 at 09:43:36:139 Send 06 
23-05-18 at 09:45:37:279 Send 05 
23-05-18 at 09:45:37:294 Recived 15 
23-05-18 at 09:45:37:294 Send 06 
23-05-18 at 09:45:37:309 Send 02 06 FF 39 1E 00 00 00 DE 
23-05-18 at 09:45:37:324 Recived 06 02 10 FF 39 00 00 00 00 00 00 00 00 00 00 00 00 00 00 D6 
23-05-18 at 09:45:37:339 Send 06 
23-05-18 at 09:47:38:479 Send 05 
23-05-18 at 09:47:38:494 Recived 15 
23-05-18 at 09:47:38:494 Send 06 
23-05-18 at 09:47:38:509 Send 02 06 FF 39 1E 00 00 00 DE 
23-05-18 at 09:47:38:524 Recived 06 02 10 FF 39 00 00 00 00 00 00 00 00 00 00 00 00 00 00 D6 
23-05-18 at 09:47:38:539 Send 06 
23-05-18 at 09:49:27:794 total calculated
23-05-18 at 09:49:27:794 now show on display
23-05-18 at 09:49:27:794                     Всего:          0.00
23-05-18 at 09:49:27:795 now clear port error ...
23-05-18 at 09:49:27:795 now write to port ...
23-05-18 at 09:49:27:929 ... done
23-05-18 at 09:49:27:929 total calculated
23-05-18 at 09:49:27:929 now show on display
23-05-18 at 09:49:27:929                     Всего:          0.00
23-05-18 at 09:49:27:930 now clear port error ...
23-05-18 at 09:49:27:930 now write to port ...
23-05-18 at 09:49:28:100 ... done
23-05-18 at 09:49:28:103 111
23-05-18 at 09:49:28:103 Выход из программы
23-05-18 at 11:44:04:806 Запуск программы. Инициализация считана из файла
23-05-18 at 11:44:04:806 Чек загружен.
23-05-18 at 11:44:04:807 total calculated
23-05-18 at 11:44:04:807 now show on display
23-05-18 at 11:44:04:807                     Всего:          0.00
23-05-18 at 11:44:04:807 now open port for display
23-05-18 at 11:44:04:808 Com port opened
23-05-18 at 11:44:04:809 now clear port error ...
23-05-18 at 11:44:04:809 now write to port ...
23-05-18 at 11:44:04:942 ... done
23-05-18 at 11:44:04:943 Чек сжат
23-05-18 at 11:44:04:943 Сумма чека посчитана
23-05-18 at 11:44:04:943 Кардридер создан
23-05-18 at 11:44:04:943 Задание запуска модулей создано
23-05-18 at 11:44:04:944 Сканер создан
23-05-18 at 11:44:04:944 Регистратор создан
23-05-18 at 11:44:04:944 Часы созданы
23-05-18 at 11:44:04:944 Регистратор запущен
23-05-18 at 11:44:04:945 Сканер запущен
23-05-18 at 11:44:04:945 Часы запущены
23-05-18 at 11:44:04:946 Кардридер запущен
23-05-18 at 11:44:04:946 Передача данных запущена
23-05-18 at 11:44:04:946 Вход в FRInit
23-05-18 at 11:44:04:946 Вход в GetStatus
23-05-18 at 11:44:04:960 Send 05 
23-05-18 at 11:44:04:975 Recived 15 
23-05-18 at 11:44:04:975 Send 06 
23-05-18 at 11:44:04:990 Send 02 05 11 1E 00 00 00 0A 
23-05-18 at 11:44:05:005 Recived 06 02 30 11 00 1E 43 31 1C B3 14 0C 11 01 7D 00 B2 02 02 00 00 4E 41 00 00 01 01 10 17 05 12 0B 2C 03 00 2E 5D 00 00 24 00 00 00 00 00 EF 95 10 42 01 00 60 
23-05-18 at 11:44:05:020 Send 06 
23-05-18 at 11:44:05:022 KKMStatus 0000
23-05-18 at 11:44:05:035 Send 05 
23-05-18 at 11:44:05:050 Recived 15 
23-05-18 at 11:44:05:050 Send 06 
23-05-18 at 11:44:05:065 Send 02 05 11 1E 00 00 00 0A 
23-05-18 at 11:44:05:080 Recived 06 02 30 11 00 1E 43 31 1C B3 14 0C 11 01 7D 00 B2 02 02 00 00 4E 41 00 00 01 01 10 17 05 12 0B 2C 03 00 2E 5D 00 00 24 00 00 00 00 00 EF 95 10 42 01 00 60 
23-05-18 at 11:44:05:095 Send 06 
23-05-18 at 11:44:05:097 KKMStatus 0200
23-05-18 at 11:44:05:097 Номер ФР считан
23-05-18 at 11:44:05:251 СУБД подключена
23-05-18 at 11:44:05:264 Send 05 
23-05-18 at 11:44:05:279 Recived 15 
23-05-18 at 11:44:05:279 Send 06 
23-05-18 at 11:44:05:294 Send 02 17 1E 1E 00 00 00 05 03 00 01 CA 41 D0 D2 CE C9 20 56 49 53 41 2F 4D 43 92 
23-05-18 at 11:44:05:310 Recived 06 02 02 1E 00 1C 
23-05-18 at 11:44:05:325 Send 06 
23-05-18 at 11:44:05:340 Send 05 
23-05-18 at 11:44:05:355 Recived 15 
23-05-18 at 11:44:05:355 Send 06 
23-05-18 at 11:44:05:370 Send 02 18 1E 1E 00 00 00 05 04 00 01 C4 D0 D3 C3 C8 CC C8 20 CA C0 D0 D2 C0 CC C8 3C 
23-05-18 at 11:44:05:386 Recived 06 02 02 1E 00 1C 
23-05-18 at 11:44:05:401 Send 06 
23-05-18 at 11:44:05:416 Send 05 
23-05-18 at 11:44:05:431 Recived 15 
23-05-18 at 11:44:05:431 Send 06 
23-05-18 at 11:44:05:446 Send 02 0A 1E 1E 00 00 00 01 01 00 01 01 0A 
23-05-18 at 11:44:05:461 Recived 06 02 02 1E 00 1C 
23-05-18 at 11:44:05:476 Send 06 
23-05-18 at 11:44:05:491 Send 05 
23-05-18 at 11:44:05:506 Recived 15 
23-05-18 at 11:44:05:506 Send 06 
23-05-18 at 11:44:05:521 Send 02 0A 1E 1E 00 00 00 01 01 00 05 02 0D 
23-05-18 at 11:44:05:536 Recived 06 02 02 1E 00 1C 
23-05-18 at 11:44:05:551 Send 06 
23-05-18 at 11:44:05:566 Send 05 
23-05-18 at 11:44:05:581 Recived 15 
23-05-18 at 11:44:05:581 Send 06 
23-05-18 at 11:44:05:596 Send 02 0A 1E 1E 00 00 00 01 01 00 23 01 28 
23-05-18 at 11:44:05:611 Recived 06 02 02 1E 00 1C 
23-05-18 at 11:44:05:626 Send 06 
23-05-18 at 11:44:05:641 Send 05 
23-05-18 at 11:44:05:656 Recived 15 
23-05-18 at 11:44:05:656 Send 06 
23-05-18 at 11:44:05:671 Send 02 0A 1E 1E 00 00 00 01 01 00 06 00 0C 
23-05-18 at 11:44:05:686 Recived 06 02 02 1E 00 1C 
23-05-18 at 11:44:05:701 Send 06 
23-05-18 at 11:44:05:716 Send 05 
23-05-18 at 11:44:05:731 Recived 15 
23-05-18 at 11:44:05:731 Send 06 
23-05-18 at 11:44:05:746 Send 02 0A 1E 1E 00 00 00 01 01 00 07 01 0C 
23-05-18 at 11:44:05:761 Recived 06 02 02 1E 00 1C 
23-05-18 at 11:44:05:776 Send 06 
23-05-18 at 11:44:05:791 Send 05 
23-05-18 at 11:44:05:806 Recived 15 
23-05-18 at 11:44:05:806 Send 06 
23-05-18 at 11:44:05:821 Send 02 0A 1E 1E 00 00 00 01 01 00 14 01 1F 
23-05-18 at 11:44:05:836 Recived 06 02 02 1E 00 1C 
23-05-18 at 11:44:05:851 Send 06 
23-05-18 at 11:44:05:866 Send 05 
23-05-18 at 11:44:05:881 Recived 15 
23-05-18 at 11:44:05:881 Send 06 
23-05-18 at 11:44:05:896 Send 02 0A 1E 1E 00 00 00 01 01 00 15 01 1E 
23-05-18 at 11:44:05:911 Recived 06 02 02 1E 00 1C 
23-05-18 at 11:44:05:926 Send 06 
23-05-18 at 11:44:05:941 Send 05 
23-05-18 at 11:44:05:956 Recived 15 
23-05-18 at 11:44:05:956 Send 06 
23-05-18 at 11:44:05:971 Send 02 0A 1E 1E 00 00 00 01 01 00 0F 00 05 
23-05-18 at 11:44:05:986 Recived 06 02 02 1E 00 1C 
23-05-18 at 11:44:06:001 Send 06 
23-05-18 at 11:44:06:016 Send 05 
23-05-18 at 11:44:06:031 Recived 15 
23-05-18 at 11:44:06:031 Send 06 
23-05-18 at 11:44:06:046 Send 02 0A 1E 1E 00 00 00 01 01 00 11 00 1B 
23-05-18 at 11:44:06:061 Recived 06 02 02 1E 00 1C 
23-05-18 at 11:44:06:076 Send 06 
23-05-18 at 11:44:06:091 Send 05 
23-05-18 at 11:44:06:106 Recived 15 
23-05-18 at 11:44:06:106 Send 06 
23-05-18 at 11:44:06:121 Send 02 0A 1E 1E 00 00 00 11 01 00 03 02 1B 
23-05-18 at 11:44:06:136 Recived 06 02 02 1E 00 1C 
23-05-18 at 11:44:06:151 Send 06 
23-05-18 at 11:44:06:166 Send 05 
23-05-18 at 11:44:06:181 Recived 15 
23-05-18 at 11:44:06:181 Send 06 
23-05-18 at 11:44:06:196 Send 02 0A 1E 1E 00 00 00 01 01 00 29 01 22 
23-05-18 at 11:44:06:211 Recived 06 02 02 1E 00 1C 
23-05-18 at 11:44:06:226 Send 06 
23-05-18 at 11:44:06:241 Send 05 
23-05-18 at 11:44:06:256 Recived 15 
23-05-18 at 11:44:06:256 Send 06 
23-05-18 at 11:44:06:271 Send 02 26 1E 1E 00 00 00 04 0C 00 01 20 20 20 20 20 20 20 20 20 20 20 C4 CE C1 D0 CE 20 CF CE C6 C0 CB CE C2 C0 D2 DC 21 00 D5 
23-05-18 at 11:44:06:289 Recived 06 02 02 1E 00 1C 
23-05-18 at 11:44:06:304 Send 06 
23-05-18 at 11:44:06:319 Send 05 
23-05-18 at 11:44:06:334 Recived 15 
23-05-18 at 11:44:06:334 Send 06 
23-05-18 at 11:44:06:349 Send 02 29 1E 1E 00 00 00 04 0D 00 01 20 20 20 20 20 20 20 20 CE CE CE 20 CA EE EC EF E0 ED E8 FF 20 27 CA CE CB CE D0 CB CE CD 27 00 CB 
23-05-18 at 11:44:06:367 Recived 06 02 02 1E 00 1C 
23-05-18 at 11:44:06:382 Send 06 
23-05-18 at 11:44:06:397 Send 05 
23-05-18 at 11:44:06:412 Recived 15 
23-05-18 at 11:44:06:412 Send 06 
23-05-18 at 11:44:06:427 Send 02 2D 1E 1E 00 00 00 04 0E 00 01 20 20 20 20 20 CC E0 E3 E0 E7 E8 ED 20 27 C2 F1 E5 20 F2 EE E2 E0 F0 FB 20 E4 EB FF 20 E4 EE EC E0 27 20 00 DE 
23-05-18 at 11:44:06:445 Recived 06 02 02 1E 00 1C 
23-05-18 at 11:44:06:460 Send 06 
23-05-18 at 11:44:06:468 now clear port error ...
23-05-18 at 11:44:06:468 now write to port ...
23-05-18 at 11:44:06:602 ... done
23-05-18 at 11:44:06:640 Send 05 
23-05-18 at 11:44:06:655 Recived 15 
23-05-18 at 11:44:06:655 Send 06 
23-05-18 at 11:44:06:670 Send 02 06 1A 1E 00 00 00 79 7B 
23-05-18 at 11:44:06:685 Recived 06 02 09 1A 00 1E 00 00 00 00 00 00 0D 
23-05-18 at 11:44:06:700 Send 06 
23-05-18 at 11:44:08:791 Cardreader  Антонов Сергей 
23-05-18 at 11:44:08:808 Send 05 
23-05-18 at 11:44:08:830 Recived 15 
23-05-18 at 11:44:08:831 Send 06 
23-05-18 at 11:44:08:848 Send 02 20 1E 1E 00 00 00 02 1E 00 02 CA E0 F1 F1 E8 F0 20 C0 ED F2 EE ED EE E2 20 D1 E5 F0 E3 E5 E9 20 00 D7 
23-05-18 at 11:44:08:866 Recived 06 02 02 1E 00 1C 
23-05-18 at 11:44:08:881 Send 06 
23-05-18 at 11:44:08:888 now clear port error ...
23-05-18 at 11:44:08:888 now write to port ...
23-05-18 at 11:44:09:022 ... done
23-05-18 at 11:44:09:797 Send 05 
23-05-18 at 11:44:09:812 Recived 15 
23-05-18 at 11:44:09:812 Send 06 
23-05-18 at 11:44:09:827 Send 02 06 FF 39 1E 00 00 00 DE 
23-05-18 at 11:44:09:842 Recived 06 02 10 FF 39 00 00 00 00 00 00 00 00 00 00 00 00 00 00 D6 
23-05-18 at 11:44:09:857 Send 06 
23-05-18 at 11:44:16:335 114
23-05-18 at 11:44:16:335 014
23-05-18 at 11:44:16:335 114
23-05-18 at 11:44:16:336 014
23-05-18 at 11:44:16:336 Попытка очистки таблицы
23-05-18 at 11:44:16:336 Попытка очистки успешна
23-05-18 at 11:44:16:337 total calculated
23-05-18 at 11:44:16:337 now show on display
23-05-18 at 11:44:16:337                     Всего:          0.00
23-05-18 at 11:44:16:338 now clear port error ...
23-05-18 at 11:44:16:338 now write to port ...
23-05-18 at 11:44:16:471 ... done
23-05-18 at 11:44:16:472 114
23-05-18 at 11:44:16:472 014
23-05-18 at 11:44:16:472 114
23-05-18 at 11:44:16:473 014
23-05-18 at 11:44:16:473 114
23-05-18 at 11:44:16:473 014
23-05-18 at 11:44:16:473 114
23-05-18 at 11:44:16:474 014
23-05-18 at 11:44:16:474 114
23-05-18 at 11:44:16:474 014
23-05-18 at 11:44:16:474 114
23-05-18 at 11:44:16:474 014
23-05-18 at 11:44:16:475 114
23-05-18 at 11:44:16:475 014
23-05-18 at 11:44:16:475 114
23-05-18 at 11:44:16:475 014
23-05-18 at 11:44:16:476 114
23-05-18 at 11:44:16:476 014
23-05-18 at 11:44:16:476 114
23-05-18 at 11:44:16:476 014
23-05-18 at 11:44:16:477 114
23-05-18 at 11:44:16:477 014
23-05-18 at 11:44:16:477 114
23-05-18 at 11:44:16:477 014
23-05-18 at 11:44:16:478 114
23-05-18 at 11:44:16:478 014
23-05-18 at 11:44:16:478 114
23-05-18 at 11:44:16:478 014
23-05-18 at 11:44:16:487 114
23-05-18 at 11:44:16:487 014
23-05-18 at 11:44:16:487 101
23-05-18 at 11:44:16:487 001
23-05-18 at 11:44:16:488 total calculated
23-05-18 at 11:44:16:493 now show on display
23-05-18 at 11:44:16:494 80Тд5гр_1849 Тет  55Всего:         55.00
23-05-18 at 11:44:16:494 now clear port error ...
23-05-18 at 11:44:16:494 now write to port ...
23-05-18 at 11:44:16:643 ... done
23-05-18 at 11:44:27:851 114
23-05-18 at 11:44:27:851 014
23-05-18 at 11:44:27:852 total calculated
23-05-18 at 11:44:27:854 now show on display
23-05-18 at 11:44:27:854 80Тд5гр_1849 Тет  55Всего:         55.00
23-05-18 at 11:44:27:854 now clear port error ...
23-05-18 at 11:44:27:855 now write to port ...
23-05-18 at 11:44:27:988 ... done
23-05-18 at 11:44:28:147 114
23-05-18 at 11:44:28:147 014
23-05-18 at 11:44:29:123 114
23-05-18 at 11:44:29:124 014
23-05-18 at 11:44:31:092 114
23-05-18 at 11:44:31:092 014
23-05-18 at 11:44:31:388 114
23-05-18 at 11:44:31:388 014
23-05-18 at 11:44:31:676 114
23-05-18 at 11:44:31:676 014
23-05-18 at 11:44:31:932 114
23-05-18 at 11:44:31:932 014
23-05-18 at 11:44:32:707 114
23-05-18 at 11:44:32:707 014
23-05-18 at 11:44:33:043 114
23-05-18 at 11:44:33:044 014
23-05-18 at 11:44:33:243 114
23-05-18 at 11:44:33:243 014
23-05-18 at 11:44:35:675 114
23-05-18 at 11:44:35:675 014
23-05-18 at 11:44:35:676 114
23-05-18 at 11:44:35:676 014
23-05-18 at 11:44:38:016 total calculated
23-05-18 at 11:44:38:017 now show on display
23-05-18 at 11:44:38:017 80Тд5гр_1849 Тет  55Всего:         55.00
23-05-18 at 11:44:38:017 now clear port error ...
23-05-18 at 11:44:38:018 now write to port ...
23-05-18 at 11:44:38:151 ... done
23-05-18 at 11:44:38:154 Попытка входа в критическую секцию: дисконт
23-05-18 at 11:44:38:154 total calculated
23-05-18 at 11:44:38:156 now show on display
23-05-18 at 11:44:38:156 80Тд5гр_1849 Тет  55Всего:         55.00
23-05-18 at 11:44:38:157 now clear port error ...
23-05-18 at 11:44:38:157 now write to port ...
23-05-18 at 11:44:38:323 ... done
23-05-18 at 11:53:35:264 114
23-05-18 at 11:53:35:264 014
23-05-18 at 11:53:35:265 115
23-05-18 at 11:53:35:265 015
23-05-18 at 11:53:35:267 Попытка входа в критическую секцию: дисконт
23-05-18 at 11:53:35:267 total calculated
23-05-18 at 11:53:35:270 now show on display
23-05-18 at 11:53:35:271 80Тд5гр_1849 Тет  55Всего:         55.00
23-05-18 at 11:53:35:271 now clear port error ...
23-05-18 at 11:53:35:271 now write to port ...
23-05-18 at 11:53:35:405 ... done
23-05-18 at 11:53:35:412 now clear port error ...
23-05-18 at 11:53:35:413 now write to port ...
23-05-18 at 11:53:35:576 ... done
23-05-18 at 11:53:35:577 now clear port error ...
23-05-18 at 11:53:35:577 now write to port ...
23-05-18 at 11:53:35:748 ... done
23-05-18 at 11:53:47:992 now clear port error ...
23-05-18 at 11:53:47:992 now write to port ...
23-05-18 at 11:53:48:126 ... done
23-05-18 at 11:53:49:037 Вход в FRInit
23-05-18 at 11:53:49:037 Вход в GetStatus
23-05-18 at 11:53:49:050 Send 05 
23-05-18 at 11:53:49:065 Recived 15 
23-05-18 at 11:53:49:065 Send 06 
23-05-18 at 11:53:49:080 Send 02 05 11 1E 00 00 00 0A 
23-05-18 at 11:53:49:095 Recived 06 02 30 11 00 1E 43 31 1C B3 14 0C 11 01 7D 00 B2 02 02 00 00 4E 41 00 00 01 01 10 17 05 12 0B 35 2F 00 2E 5D 00 00 24 00 00 00 00 00 EF 95 10 42 01 00 55 
23-05-18 at 11:53:49:110 Send 06 
23-05-18 at 11:53:49:112 KKMStatus 0000
23-05-18 at 11:53:49:125 Send 05 
23-05-18 at 11:53:49:140 Recived 15 
23-05-18 at 11:53:49:140 Send 06 
23-05-18 at 11:53:49:155 Send 02 06 8D 1E 00 00 00 00 95 
23-05-18 at 11:53:49:170 Recived 06 
23-05-18 at 11:53:49:185 Recived 02 03 8D 00 1E 90 
23-05-18 at 11:53:49:200 Send 06 
23-05-18 at 11:53:49:215 Send 05 
23-05-18 at 11:53:49:230 Recived 15 
23-05-18 at 11:53:49:230 Send 06 
23-05-18 at 11:53:49:245 Send 02 0A C2 1E 00 00 00 4D 06 D0 84 15 DC 
23-05-18 at 11:53:49:260 Recived 06 02 03 C2 00 1E DF 
23-05-18 at 11:53:49:275 Send 06 
23-05-18 at 11:53:49:290 Send 05 
23-05-18 at 11:53:49:305 Recived 15 
23-05-18 at 11:53:49:305 Send 06 
23-05-18 at 11:53:49:320 Send 02 2E 17 1E 00 00 00 03 3D 3D 3D 3D 3D 3D 3D 3D 3D 3D 3D 3D 3D 3D 3D 3D 3D 3D 3D 3D 3D 3D 3D 3D 3D 3D 3D 3D 3D 3D 3D 3D 3D 3D 3D 3D 3D 3D 3D 3D 24 
23-05-18 at 11:53:49:339 Recived 06 02 03 17 00 1E 0A 
23-05-18 at 11:53:49:354 Send 06 
23-05-18 at 11:53:49:369 Send 05 
23-05-18 at 11:53:49:384 Recived 15 
23-05-18 at 11:53:49:384 Send 06 
23-05-18 at 11:53:49:399 Send 02 2E 17 1E 00 00 00 03 20 20 20 20 20 20 20 D7 C5 CA 20 30 32 2D 33 38 35 34 2D 31 38 30 35 2D 32 33 31 31 2D 35 33 34 39 00 00 00 00 00 00 00 F2 
23-05-18 at 11:53:49:418 Recived 06 02 03 17 00 1E 0A 
23-05-18 at 11:53:49:433 Send 06 
23-05-18 at 11:53:49:448 Send 05 
23-05-18 at 11:53:49:463 Recived 15 
23-05-18 at 11:53:49:463 Send 06 
23-05-18 at 11:53:49:478 Send 02 2E 17 1E 00 00 00 03 3D 3D 3D 3D 3D 3D 3D 3D 3D 3D 3D 3D 3D 3D 3D 3D 3D 3D 3D 3D 3D 3D 3D 3D 3D 3D 3D 3D 3D 3D 3D 3D 3D 3D 3D 3D 3D 3D 3D 3D 24 
23-05-18 at 11:53:49:497 Recived 06 02 03 17 00 1E 0A 
23-05-18 at 11:53:49:512 Send 06 
23-05-18 at 11:53:49:527 Send 05 
23-05-18 at 11:53:49:542 Recived 15 
23-05-18 at 11:53:49:542 Send 06 
23-05-18 at 11:53:49:557 Send 02 3C 80 1E 00 00 00 E8 03 00 00 00 3C 0F 00 00 00 00 01 00 00 00 2F 2F 32 38 35 36 30 32 38 31 35 30 33 38 20 38 30 D2 E4 35 E3 F0 5F 31 38 34 39 20 D2 E5 F2 F0 E0 E4 FC 20 E4 E2 EE 00 31 
23-05-18 at 11:53:49:576 Recived 06 02 03 80 00 1E 9D 
23-05-18 at 11:53:49:591 Send 06 
23-05-18 at 11:53:49:606 Send 05 
23-05-18 at 11:53:49:621 Recived 15 
23-05-18 at 11:53:49:621 Send 06 
23-05-18 at 11:53:49:636 Send 02 2E 17 1E 00 00 00 03 32 38 35 36 30 32 38 31 35 30 33 38 20 38 30 D2 E4 35 E3 F0 5F 31 38 34 39 20 D2 E5 F2 F0 E0 E4 FC 20 00 00 00 00 00 00 86 
23-05-18 at 11:53:49:655 Recived 06 02 03 17 00 1E 0A 
23-05-18 at 11:53:49:670 Send 06 
23-05-18 at 11:53:49:685 Send 05 
23-05-18 at 11:53:49:700 Recived 15 
23-05-18 at 11:53:49:700 Send 06 
23-05-18 at 11:53:49:715 Send 02 2E 17 1E 00 00 00 03 E4 E2 EE E9 ED E0 FF 20 38 30 EB 2E C0 35 F4 2E 22 ED E0 20 E3 F0 E5 E1 ED E5 22 20 F1 20 F2 E2 2E 20 00 00 00 00 00 00 C8 
23-05-18 at 11:53:49:734 Recived 06 02 03 17 00 1E 0A 
23-05-18 at 11:53:49:749 Send 06 
23-05-18 at 11:53:49:764 Send 05 
23-05-18 at 11:53:49:779 Recived 15 
23-05-18 at 11:53:49:779 Send 06 
23-05-18 at 11:53:49:794 Send 02 2E 17 1E 00 00 00 03 EE E1 EB 2E 20 D1 EE E1 E0 EA E0 2D CA EE F2 20 20 20 20 20 20 20 20 20 20 20 20 20 20 20 20 20 20 20 20 20 28 F8 F2 29 2A 
23-05-18 at 11:53:49:813 Recived 06 02 03 17 00 1E 0A 
23-05-18 at 11:53:49:828 Send 06 
23-05-18 at 11:53:49:843 Send 05 
23-05-18 at 11:53:49:858 Recived 15 
23-05-18 at 11:53:49:858 Send 06 
23-05-18 at 11:53:49:873 Send 02 2E 17 1E 00 00 00 03 20 20 20 20 20 20 20 20 20 20 20 20 20 20 20 20 20 20 20 20 20 20 20 20 20 20 20 31 2E 30 30 30 20 58 20 35 35 2E 30 30 5D 
23-05-18 at 11:53:49:892 Recived 06 02 03 17 00 1E 0A 
23-05-18 at 11:53:49:907 Send 06 
23-05-18 at 11:53:49:922 Send 05 
23-05-18 at 11:53:49:937 Recived 15 
23-05-18 at 11:53:49:937 Send 06 
23-05-18 at 11:53:49:952 Send 02 2E 17 1E 00 00 00 03 D1 F3 EC EC E0 2C E2 20 F2 2E F7 2E CD C4 D1 20 31 38 25 20 20 20 20 20 20 20 20 20 20 20 20 20 20 3D 20 35 35 2E 30 30 EA 
23-05-18 at 11:53:49:971 Recived 06 02 03 17 00 1E 0A 
23-05-18 at 11:53:49:986 Send 06 
23-05-18 at 11:53:50:001 Send 05 
23-05-18 at 11:53:50:016 Recived 15 
23-05-18 at 11:53:50:016 Send 06 
23-05-18 at 11:53:50:031 Send 02 2E 17 1E 00 00 00 03 2D 2D 2D 2D 2D 2D 2D 2D 2D 2D 2D 2D 2D 2D 2D 2D 2D 2D 2D 2D 2D 2D 2D 2D 2D 2D 2D 2D 2D 2D 2D 2D 2D 2D 2D 2D 2D 2D 2D 2D 24 
23-05-18 at 11:53:50:050 Recived 06 02 03 17 00 1E 0A 
23-05-18 at 11:53:50:065 Send 06 
23-05-18 at 11:53:50:080 Send 05 
23-05-18 at 11:53:50:095 Recived 15 
23-05-18 at 11:53:50:095 Send 06 
23-05-18 at 11:53:50:110 Send 02 2E 17 1E 00 00 00 03 CF EE E4 E0 F0 EE F7 ED E0 FF 20 EA E0 F0 F2 E0 20 30 32 30 36 36 36 36 33 34 31 20 EE EF EB E0 F2 E0 00 00 00 00 00 00 CE 
23-05-18 at 11:53:50:129 Recived 06 02 03 17 00 1E 0A 
23-05-18 at 11:53:50:144 Send 06 
23-05-18 at 11:53:50:159 Send 05 
23-05-18 at 11:53:50:174 Recived 15 
23-05-18 at 11:53:50:174 Send 06 
23-05-18 at 11:53:50:189 Send 02 2E 17 1E 00 00 00 03 EF F0 E8 ED FF F2 E0 20 ED E0 20 F1 F3 EC EC F3 20 31 36 2E 30 30 00 00 00 00 00 00 00 00 00 00 00 00 00 00 00 00 00 00 26 
23-05-18 at 11:53:50:208 Recived 06 02 03 17 00 1E 0A 
23-05-18 at 11:53:50:223 Send 06 
23-05-18 at 11:53:50:238 Send 05 
23-05-18 at 11:53:50:253 Recived 15 
23-05-18 at 11:53:50:253 Send 06 
23-05-18 at 11:53:50:268 Send 02 2E 17 1E 00 00 00 03 EE F1 F2 E0 F2 EE EA 20 ED E0 20 EA E0 F0 F2 E5 20 30 2E 30 30 00 00 00 00 00 00 00 00 00 00 00 00 00 00 00 00 00 00 00 01 
23-05-18 at 11:53:50:287 Recived 06 02 03 17 00 1E 0A 
23-05-18 at 11:53:50:302 Send 06 
23-05-18 at 11:53:50:317 Send 05 
23-05-18 at 11:53:50:332 Recived 15 
23-05-18 at 11:53:50:332 Send 06 
23-05-18 at 11:53:50:347 Send 02 2E 17 1E 00 00 00 03 3D 3D 3D 3D 3D 3D 3D 3D 3D 3D 3D 3D 3D 3D 3D 3D 3D 3D 3D 3D 3D 3D 3D 3D 3D 3D 3D 3D 3D 3D 3D 3D 3D 3D 3D 3D 3D 3D 3D 3D 24 
23-05-18 at 11:53:50:366 Recived 06 02 03 17 00 1E 0A 
23-05-18 at 11:53:50:381 Send 06 
23-05-18 at 11:53:50:396 Send 05 
23-05-18 at 11:53:50:411 Recived 15 
23-05-18 at 11:53:50:411 Send 06 
23-05-18 at 11:53:50:426 Send 02 2E 17 1E 00 00 00 03 20 00 00 00 00 00 00 00 00 00 00 00 00 00 00 00 00 00 00 00 00 00 00 00 00 00 00 00 00 00 00 00 00 00 00 00 00 00 00 00 04 
23-05-18 at 11:53:50:445 Recived 06 02 03 17 00 1E 0A 
23-05-18 at 11:53:50:460 Send 06 
23-05-18 at 11:53:50:475 Send 05 
23-05-18 at 11:53:50:490 Recived 15 
23-05-18 at 11:53:50:490 Send 06 
23-05-18 at 11:53:50:505 Send 02 2E 17 1E 00 00 00 03 20 20 20 20 CE EF EB E0 F2 E0 20 EF F0 E8 ED FF F2 E0 20 F1 20 E1 EB E0 E3 EE E4 E0 F0 ED EE F1 F2 FC FE 00 00 00 00 00 2B 
23-05-18 at 11:53:50:524 Recived 06 02 03 17 00 1E 0A 
23-05-18 at 11:53:50:539 Send 06 
23-05-18 at 11:53:50:554 Send 05 
23-05-18 at 11:53:50:569 Recived 15 
23-05-18 at 11:53:50:569 Send 06 
23-05-18 at 11:53:50:584 Send 02 2E 17 1E 00 00 00 03 20 20 C6 E4 E5 EC 20 E2 E0 F1 20 E5 E6 E5 E4 ED E5 E2 ED EE 20 F1 20 39 2E 30 30 20 E4 EE 20 32 32 2E 30 30 00 00 00 00 D5 
23-05-18 at 11:53:50:603 Recived 06 02 03 17 00 1E 0A 
23-05-18 at 11:53:50:618 Send 06 
23-05-18 at 11:53:50:633 Send 05 
23-05-18 at 11:53:50:648 Recived 15 
23-05-18 at 11:53:50:648 Send 06 
23-05-18 at 11:53:50:663 Send 02 2E 17 1E 00 00 00 03 20 20 20 20 EF EE 20 E0 E4 F0 E5 F1 F3 3A 36 33 30 30 32 37 2C E3 2E CD EE E2 EE F1 E8 E1 E8 F0 F1 EA 2C 00 00 00 00 00 35 
23-05-18 at 11:53:50:682 Recived 06 02 03 17 00 1E 0A 
23-05-18 at 11:53:50:697 Send 06 
23-05-18 at 11:53:50:712 Send 05 
23-05-18 at 11:53:50:727 Recived 15 
23-05-18 at 11:53:50:727 Send 06 
23-05-18 at 11:53:50:742 Send 02 2E 17 1E 00 00 00 03 F3 EB 2E D2 EE EB EC E0 F7 E5 E2 F1 EA E0 FF 2C 20 31 39 E0 20 EA 2E 32 2C 20 F2 E5 EB 2E 3A 33 36 33 2D 30 35 2D 30 35 DD 
23-05-18 at 11:53:50:761 Recived 06 02 03 17 00 1E 0A 
23-05-18 at 11:53:50:776 Send 06 
23-05-18 at 11:53:50:791 Send 05 
23-05-18 at 11:53:50:806 Recived 15 
23-05-18 at 11:53:50:806 Send 06 
23-05-18 at 11:53:50:821 Send 02 47 85 1E 00 00 00 3C 0F 00 00 00 00 00 00 00 00 00 00 00 00 00 00 00 00 00 00 00 00 00 00 00 00 20 00 00 00 00 00 00 00 00 00 00 00 00 00 00 00 00 00 00 00 00 00 00 00 00 00 00 00 00 00 00 00 00 00 00 00 00 00 00 00 CF 
23-05-18 at 11:53:50:842 Recived 06 
23-05-18 at 11:53:50:977 Recived 02 08 85 00 1E 00 00 00 00 00 93 
23-05-18 at 11:53:50:992 Send 06 
23-05-18 at 11:53:51:002 WAIT_OBJECT_0
23-05-18 at 11:53:51:013 WritePresent
23-05-18 at 11:53:51:013 UpdateCentralCounts
23-05-18 at 11:53:51:079 UpdateCentralCounts
23-05-18 at 11:53:51:080 ActivateGiftCards(PresentGrid)
23-05-18 at 11:53:51:080 ActivateGiftCards(Grid)
23-05-18 at 11:53:51:112 GiftCardDoPayments
23-05-18 at 11:53:51:113 GiftCardClearPayments
23-05-18 at 11:53:51:113 Попытка очистки таблицы
23-05-18 at 11:53:51:113 Попытка очистки успешна
23-05-18 at 11:53:51:113 Попытка очистки таблицы
23-05-18 at 11:53:51:114 Попытка очистки успешна
23-05-18 at 11:53:51:114 total calculated
23-05-18 at 11:53:51:114 now show on display
23-05-18 at 11:53:51:115                     Всего:          0.00
23-05-18 at 11:53:51:115 now clear port error ...
23-05-18 at 11:53:51:115 now write to port ...
23-05-18 at 11:53:51:249 ... done
23-05-18 at 11:53:51:249 now clear port error ...
23-05-18 at 11:53:51:249 now write to port ...
23-05-18 at 11:53:51:421 ... done
23-05-18 at 11:53:51:421 116
23-05-18 at 11:53:51:421 016
23-05-18 at 11:54:23:470 Send 05 
23-05-18 at 11:54:23:485 Recived 15 
23-05-18 at 11:54:23:485 Send 06 
23-05-18 at 11:54:23:500 Send 02 06 FF 39 1E 00 00 00 DE 
23-05-18 at 11:54:23:515 Recived 06 02 10 FF 39 00 00 00 00 00 00 00 00 00 00 00 00 00 00 D6 
23-05-18 at 11:54:23:530 Send 06 
23-05-18 at 11:56:24:682 Send 05 
23-05-18 at 11:56:24:697 Recived 15 
23-05-18 at 11:56:24:697 Send 06 
23-05-18 at 11:56:24:712 Send 02 06 FF 39 1E 00 00 00 DE 
23-05-18 at 11:56:24:727 Recived 06 02 10 FF 39 00 00 00 00 00 00 00 00 00 00 00 00 00 00 D6 
23-05-18 at 11:56:24:742 Send 06 
23-05-18 at 11:58:25:879 Send 05 
23-05-18 at 11:58:25:894 Recived 15 
23-05-18 at 11:58:25:894 Send 06 
23-05-18 at 11:58:25:909 Send 02 06 FF 39 1E 00 00 00 DE 
23-05-18 at 11:58:25:924 Recived 06 02 10 FF 39 00 00 00 00 00 00 00 00 00 00 00 00 00 00 D6 
23-05-18 at 11:58:25:939 Send 06 
23-05-18 at 12:00:27:076 Send 05 
23-05-18 at 12:00:27:091 Recived 15 
23-05-18 at 12:00:27:091 Send 06 
23-05-18 at 12:00:27:106 Send 02 06 FF 39 1E 00 00 00 DE 
23-05-18 at 12:00:27:121 Recived 06 02 10 FF 39 00 00 00 00 00 00 00 00 00 00 00 00 00 00 D6 
23-05-18 at 12:00:27:136 Send 06 
23-05-18 at 12:02:28:273 Send 05 
23-05-18 at 12:02:28:288 Recived 15 
23-05-18 at 12:02:28:288 Send 06 
23-05-18 at 12:02:28:303 Send 02 06 FF 39 1E 00 00 00 DE 
23-05-18 at 12:02:28:318 Recived 06 02 10 FF 39 00 00 00 00 00 00 00 00 00 00 00 00 00 00 D6 
23-05-18 at 12:02:28:333 Send 06 
23-05-18 at 12:04:29:471 Send 05 
23-05-18 at 12:04:29:486 Recived 15 
23-05-18 at 12:04:29:486 Send 06 
23-05-18 at 12:04:29:501 Send 02 06 FF 39 1E 00 00 00 DE 
23-05-18 at 12:04:29:516 Recived 06 02 10 FF 39 00 00 00 00 00 00 00 00 00 00 00 00 00 00 D6 
23-05-18 at 12:04:29:531 Send 06 
23-05-18 at 12:06:30:668 Send 05 
23-05-18 at 12:06:30:683 Recived 15 
23-05-18 at 12:06:30:683 Send 06 
23-05-18 at 12:06:30:698 Send 02 06 FF 39 1E 00 00 00 DE 
23-05-18 at 12:06:30:713 Recived 06 02 10 FF 39 00 00 00 00 00 00 00 00 00 00 00 00 00 00 D6 
23-05-18 at 12:06:30:728 Send 06 
23-05-18 at 12:08:31:865 Send 05 
23-05-18 at 12:08:31:880 Recived 15 
23-05-18 at 12:08:31:880 Send 06 
23-05-18 at 12:08:31:895 Send 02 06 FF 39 1E 00 00 00 DE 
23-05-18 at 12:08:31:910 Recived 06 02 10 FF 39 00 00 00 00 00 00 00 00 00 00 00 00 00 00 D6 
23-05-18 at 12:08:31:925 Send 06 
23-05-18 at 12:10:33:062 Send 05 
23-05-18 at 12:10:33:077 Recived 15 
23-05-18 at 12:10:33:077 Send 06 
23-05-18 at 12:10:33:092 Send 02 06 FF 39 1E 00 00 00 DE 
23-05-18 at 12:10:33:107 Recived 06 02 10 FF 39 00 00 00 00 00 00 00 00 00 00 00 00 00 00 D6 
23-05-18 at 12:10:33:122 Send 06 
23-05-18 at 12:12:34:259 Send 05 
23-05-18 at 12:12:34:274 Recived 15 
23-05-18 at 12:12:34:274 Send 06 
23-05-18 at 12:12:34:289 Send 02 06 FF 39 1E 00 00 00 DE 
23-05-18 at 12:12:34:304 Recived 06 02 10 FF 39 00 00 00 00 00 00 00 00 00 00 00 00 00 00 D6 
23-05-18 at 12:12:34:319 Send 06 
23-05-18 at 12:14:35:456 Send 05 
23-05-18 at 12:14:35:471 Recived 15 
23-05-18 at 12:14:35:471 Send 06 
23-05-18 at 12:14:35:486 Send 02 06 FF 39 1E 00 00 00 DE 
23-05-18 at 12:14:35:501 Recived 06 02 10 FF 39 00 00 00 00 00 00 00 00 00 00 00 00 00 00 D6 
23-05-18 at 12:14:35:516 Send 06 
23-05-18 at 12:16:36:653 Send 05 
23-05-18 at 12:16:36:668 Recived 15 
23-05-18 at 12:16:36:668 Send 06 
23-05-18 at 12:16:36:683 Send 02 06 FF 39 1E 00 00 00 DE 
23-05-18 at 12:16:36:698 Recived 06 02 10 FF 39 00 00 00 00 00 00 00 00 00 00 00 00 00 00 D6 
23-05-18 at 12:16:36:713 Send 06 
23-05-18 at 12:18:37:850 Send 05 
23-05-18 at 12:18:37:865 Recived 15 
23-05-18 at 12:18:37:865 Send 06 
23-05-18 at 12:18:37:880 Send 02 06 FF 39 1E 00 00 00 DE 
23-05-18 at 12:18:37:895 Recived 06 02 10 FF 39 00 00 00 00 00 00 00 00 00 00 00 00 00 00 D6 
23-05-18 at 12:18:37:910 Send 06 
23-05-18 at 12:20:39:047 Send 05 
23-05-18 at 12:20:39:062 Recived 15 
23-05-18 at 12:20:39:062 Send 06 
23-05-18 at 12:20:39:077 Send 02 06 FF 39 1E 00 00 00 DE 
23-05-18 at 12:20:39:092 Recived 06 02 10 FF 39 00 00 00 00 00 00 00 00 00 00 00 00 00 00 D6 
23-05-18 at 12:20:39:107 Send 06 
23-05-18 at 12:22:40:245 Send 05 
23-05-18 at 12:22:40:260 Recived 15 
23-05-18 at 12:22:40:260 Send 06 
23-05-18 at 12:22:40:275 Send 02 06 FF 39 1E 00 00 00 DE 
23-05-18 at 12:22:40:290 Recived 06 02 10 FF 39 00 00 00 00 00 00 00 00 00 00 00 00 00 00 D6 
23-05-18 at 12:22:40:305 Send 06 
23-05-18 at 12:24:41:442 Send 05 
23-05-18 at 12:24:41:457 Recived 15 
23-05-18 at 12:24:41:457 Send 06 
23-05-18 at 12:24:41:472 Send 02 06 FF 39 1E 00 00 00 DE 
23-05-18 at 12:24:41:487 Recived 06 02 10 FF 39 00 00 00 00 00 00 00 00 00 00 00 00 00 00 D6 
23-05-18 at 12:24:41:502 Send 06 
23-05-18 at 12:26:42:639 Send 05 
23-05-18 at 12:26:42:654 Recived 15 
23-05-18 at 12:26:42:654 Send 06 
23-05-18 at 12:26:42:669 Send 02 06 FF 39 1E 00 00 00 DE 
23-05-18 at 12:26:42:684 Recived 06 02 10 FF 39 00 00 00 00 00 00 00 00 00 00 00 00 00 00 D6 
23-05-18 at 12:26:42:699 Send 06 
23-05-18 at 12:28:43:836 Send 05 
23-05-18 at 12:28:43:851 Recived 15 
23-05-18 at 12:28:43:851 Send 06 
23-05-18 at 12:28:43:866 Send 02 06 FF 39 1E 00 00 00 DE 
23-05-18 at 12:28:43:881 Recived 06 02 10 FF 39 00 00 00 00 00 00 00 00 00 00 00 00 00 00 D6 
23-05-18 at 12:28:43:896 Send 06 
23-05-18 at 12:30:45:033 Send 05 
23-05-18 at 12:30:45:048 Recived 15 
23-05-18 at 12:30:45:048 Send 06 
23-05-18 at 12:30:45:063 Send 02 06 FF 39 1E 00 00 00 DE 
23-05-18 at 12:30:45:078 Recived 06 02 10 FF 39 00 00 00 00 00 00 00 00 00 00 00 00 00 00 D6 
23-05-18 at 12:30:45:093 Send 06 
23-05-18 at 12:32:46:230 Send 05 
23-05-18 at 12:32:46:245 Recived 15 
23-05-18 at 12:32:46:245 Send 06 
23-05-18 at 12:32:46:260 Send 02 06 FF 39 1E 00 00 00 DE 
23-05-18 at 12:32:46:275 Recived 06 02 10 FF 39 00 00 00 00 00 00 00 00 00 00 00 00 00 00 D6 
23-05-18 at 12:32:46:290 Send 06 
23-05-18 at 12:34:47:427 Send 05 
23-05-18 at 12:34:47:442 Recived 15 
23-05-18 at 12:34:47:442 Send 06 
23-05-18 at 12:34:47:457 Send 02 06 FF 39 1E 00 00 00 DE 
23-05-18 at 12:34:47:472 Recived 06 02 10 FF 39 00 00 00 00 00 00 00 00 00 00 00 00 00 00 D6 
23-05-18 at 12:34:47:487 Send 06 
23-05-18 at 12:36:48:624 Send 05 
23-05-18 at 12:36:48:639 Recived 15 
23-05-18 at 12:36:48:639 Send 06 
23-05-18 at 12:36:48:654 Send 02 06 FF 39 1E 00 00 00 DE 
23-05-18 at 12:36:48:669 Recived 06 02 10 FF 39 00 00 00 00 00 00 00 00 00 00 00 00 00 00 D6 
23-05-18 at 12:36:48:684 Send 06 
23-05-18 at 12:38:49:822 Send 05 
23-05-18 at 12:38:49:837 Recived 15 
23-05-18 at 12:38:49:837 Send 06 
23-05-18 at 12:38:49:852 Send 02 06 FF 39 1E 00 00 00 DE 
23-05-18 at 12:38:49:867 Recived 06 02 10 FF 39 00 00 00 00 00 00 00 00 00 00 00 00 00 00 D6 
23-05-18 at 12:38:49:882 Send 06 
23-05-18 at 12:40:51:019 Send 05 
23-05-18 at 12:40:51:034 Recived 15 
23-05-18 at 12:40:51:034 Send 06 
23-05-18 at 12:40:51:049 Send 02 06 FF 39 1E 00 00 00 DE 
23-05-18 at 12:40:51:064 Recived 06 02 10 FF 39 00 00 00 00 00 00 00 00 00 00 00 00 00 00 D6 
23-05-18 at 12:40:51:079 Send 06 
23-05-18 at 12:42:52:216 Send 05 
23-05-18 at 12:42:52:231 Recived 15 
23-05-18 at 12:42:52:231 Send 06 
23-05-18 at 12:42:52:246 Send 02 06 FF 39 1E 00 00 00 DE 
23-05-18 at 12:42:52:261 Recived 06 02 10 FF 39 00 00 00 00 00 00 00 00 00 00 00 00 00 00 D6 
23-05-18 at 12:42:52:276 Send 06 
23-05-18 at 12:44:53:413 Send 05 
23-05-18 at 12:44:53:428 Recived 15 
23-05-18 at 12:44:53:428 Send 06 
23-05-18 at 12:44:53:443 Send 02 06 FF 39 1E 00 00 00 DE 
23-05-18 at 12:44:53:458 Recived 06 02 10 FF 39 00 00 00 00 00 00 00 00 00 00 00 00 00 00 D6 
23-05-18 at 12:44:53:473 Send 06 
23-05-18 at 12:46:54:610 Send 05 
23-05-18 at 12:46:54:625 Recived 15 
23-05-18 at 12:46:54:625 Send 06 
23-05-18 at 12:46:54:640 Send 02 06 FF 39 1E 00 00 00 DE 
23-05-18 at 12:46:54:655 Recived 06 02 10 FF 39 00 00 00 00 00 00 00 00 00 00 00 00 00 00 D6 
23-05-18 at 12:46:54:670 Send 06 
23-05-18 at 12:48:55:807 Send 05 
23-05-18 at 12:48:55:822 Recived 15 
23-05-18 at 12:48:55:822 Send 06 
23-05-18 at 12:48:55:837 Send 02 06 FF 39 1E 00 00 00 DE 
23-05-18 at 12:48:55:852 Recived 06 02 10 FF 39 00 00 00 00 00 00 00 00 00 00 00 00 00 00 D6 
23-05-18 at 12:48:55:867 Send 06 
23-05-18 at 12:50:57:004 Send 05 
23-05-18 at 12:50:57:019 Recived 15 
23-05-18 at 12:50:57:019 Send 06 
23-05-18 at 12:50:57:034 Send 02 06 FF 39 1E 00 00 00 DE 
23-05-18 at 12:50:57:049 Recived 06 02 10 FF 39 00 00 00 00 00 00 00 00 00 00 00 00 00 00 D6 
23-05-18 at 12:50:57:064 Send 06 
23-05-18 at 12:52:58:201 Send 05 
23-05-18 at 12:52:58:216 Recived 15 
23-05-18 at 12:52:58:216 Send 06 
23-05-18 at 12:52:58:231 Send 02 06 FF 39 1E 00 00 00 DE 
23-05-18 at 12:52:58:246 Recived 06 02 10 FF 39 00 00 00 00 00 00 00 00 00 00 00 00 00 00 D6 
23-05-18 at 12:52:58:261 Send 06 
23-05-18 at 12:54:59:399 Send 05 
23-05-18 at 12:54:59:414 Recived 15 
23-05-18 at 12:54:59:414 Send 06 
23-05-18 at 12:54:59:429 Send 02 06 FF 39 1E 00 00 00 DE 
23-05-18 at 12:54:59:444 Recived 06 02 10 FF 39 00 00 00 00 00 00 00 00 00 00 00 00 00 00 D6 
23-05-18 at 12:54:59:459 Send 06 
23-05-18 at 12:57:00:596 Send 05 
23-05-18 at 12:57:00:611 Recived 15 
23-05-18 at 12:57:00:611 Send 06 
23-05-18 at 12:57:00:626 Send 02 06 FF 39 1E 00 00 00 DE 
23-05-18 at 12:57:00:641 Recived 06 02 10 FF 39 00 00 00 00 00 00 00 00 00 00 00 00 00 00 D6 
23-05-18 at 12:57:00:656 Send 06 
23-05-18 at 12:59:01:793 Send 05 
23-05-18 at 12:59:01:808 Recived 15 
23-05-18 at 12:59:01:808 Send 06 
23-05-18 at 12:59:01:823 Send 02 06 FF 39 1E 00 00 00 DE 
23-05-18 at 12:59:01:838 Recived 06 02 10 FF 39 00 00 00 00 00 00 00 00 00 00 00 00 00 00 D6 
23-05-18 at 12:59:01:853 Send 06 
23-05-18 at 13:01:02:990 Send 05 
23-05-18 at 13:01:03:005 Recived 15 
23-05-18 at 13:01:03:005 Send 06 
23-05-18 at 13:01:03:020 Send 02 06 FF 39 1E 00 00 00 DE 
23-05-18 at 13:01:03:035 Recived 06 02 10 FF 39 00 00 00 00 00 00 00 00 00 00 00 00 00 00 D6 
23-05-18 at 13:01:03:050 Send 06 
23-05-18 at 13:03:04:187 Send 05 
23-05-18 at 13:03:04:202 Recived 15 
23-05-18 at 13:03:04:202 Send 06 
23-05-18 at 13:03:04:217 Send 02 06 FF 39 1E 00 00 00 DE 
23-05-18 at 13:03:04:232 Recived 06 02 10 FF 39 00 00 00 00 00 00 00 00 00 00 00 00 00 00 D6 
23-05-18 at 13:03:04:247 Send 06 
23-05-18 at 13:05:05:384 Send 05 
23-05-18 at 13:05:05:399 Recived 15 
23-05-18 at 13:05:05:399 Send 06 
23-05-18 at 13:05:05:414 Send 02 06 FF 39 1E 00 00 00 DE 
23-05-18 at 13:05:05:429 Recived 06 02 10 FF 39 00 00 00 00 00 00 00 00 00 00 00 00 00 00 D6 
23-05-18 at 13:05:05:444 Send 06 
23-05-18 at 13:07:06:581 Send 05 
23-05-18 at 13:07:06:596 Recived 15 
23-05-18 at 13:07:06:596 Send 06 
23-05-18 at 13:07:06:611 Send 02 06 FF 39 1E 00 00 00 DE 
23-05-18 at 13:07:06:626 Recived 06 02 10 FF 39 00 00 00 00 00 00 00 00 00 00 00 00 00 00 D6 
23-05-18 at 13:07:06:641 Send 06 
23-05-18 at 13:07:34:298 total calculated
23-05-18 at 13:07:34:298 now show on display
23-05-18 at 13:07:34:299                     Всего:          0.00
23-05-18 at 13:07:34:299 now clear port error ...
23-05-18 at 13:07:34:299 now write to port ...
23-05-18 at 13:07:34:433 ... done
23-05-18 at 13:07:34:433 total calculated
23-05-18 at 13:07:34:433 now show on display
23-05-18 at 13:07:34:434                     Всего:          0.00
23-05-18 at 13:07:34:434 now clear port error ...
23-05-18 at 13:07:34:434 now write to port ...
23-05-18 at 13:07:34:605 ... done
23-05-18 at 13:07:34:607 111
23-05-18 at 13:07:34:607 Выход из программы
