10-08-18 at 09:29:06:794 Запуск программы. Инициализация считана из файла
10-08-18 at 09:29:06:795 Чек загружен.
10-08-18 at 09:29:06:795 total calculated
10-08-18 at 09:29:06:795 now show on display
10-08-18 at 09:29:06:795                     Всего:          0.00
10-08-18 at 09:29:06:795 now open port for display
10-08-18 at 09:29:06:796 Com port opened
10-08-18 at 09:29:06:797 now clear port error ...
10-08-18 at 09:29:06:797 now write to port ...
10-08-18 at 09:29:06:931 ... done
10-08-18 at 09:29:06:931 Чек сжат
10-08-18 at 09:29:06:931 Сумма чека посчитана
10-08-18 at 09:29:06:932 Кардридер создан
10-08-18 at 09:29:06:932 Задание запуска модулей создано
10-08-18 at 09:29:06:933 Сканер создан
10-08-18 at 09:29:06:933 Регистратор создан
10-08-18 at 09:29:06:933 Часы созданы
10-08-18 at 09:29:06:935 Регистратор запущен
10-08-18 at 09:29:06:935 Сканер запущен
10-08-18 at 09:29:06:935 Часы запущены
10-08-18 at 09:29:06:936 Кардридер запущен
10-08-18 at 09:29:06:936 Передача данных запущена
10-08-18 at 09:29:06:936 Вход в FRInit
10-08-18 at 09:29:06:936 Вход в GetStatus
10-08-18 at 09:29:06:966 Send 05 
10-08-18 at 09:29:06:981 Recived 15 
10-08-18 at 09:29:06:981 Send 06 
10-08-18 at 09:29:06:996 Send 02 05 11 1E 00 00 00 0A 
10-08-18 at 09:29:07:011 Recived 06 02 30 11 00 1E 43 31 CB D3 19 04 12 01 20 00 92 02 02 00 00 4E 41 00 00 01 01 10 0A 08 12 09 1D 09 00 2E 5D 00 00 09 00 00 00 00 00 D2 E9 1E 42 01 00 E7 
10-08-18 at 09:29:07:026 Send 06 
10-08-18 at 09:29:07:031 KKMStatus 0000
10-08-18 at 09:29:07:041 Send 05 
10-08-18 at 09:29:07:056 Recived 15 
10-08-18 at 09:29:07:056 Send 06 
10-08-18 at 09:29:07:071 Send 02 05 11 1E 00 00 00 0A 
10-08-18 at 09:29:07:086 Recived 06 02 30 11 00 1E 43 31 CB D3 19 04 12 01 20 00 92 02 02 00 00 4E 41 00 00 01 01 10 0A 08 12 09 1D 0A 00 2E 5D 00 00 09 00 00 00 00 00 D2 E9 1E 42 01 00 E4 
10-08-18 at 09:29:07:101 Send 06 
10-08-18 at 09:29:07:106 KKMStatus 0200
10-08-18 at 09:29:07:106 Номер ФР считан
10-08-18 at 09:29:07:323 СУБД подключена
10-08-18 at 09:29:07:352 Send 05 
10-08-18 at 09:29:07:367 Recived 15 
10-08-18 at 09:29:07:367 Send 06 
10-08-18 at 09:29:07:382 Send 02 17 1E 1E 00 00 00 05 03 00 01 CA 41 D0 D2 CE C9 20 56 49 53 41 2F 4D 43 92 
10-08-18 at 09:29:07:398 Recived 06 02 02 1E 00 1C 
10-08-18 at 09:29:07:413 Send 06 
10-08-18 at 09:29:07:428 Send 05 
10-08-18 at 09:29:07:443 Recived 15 
10-08-18 at 09:29:07:443 Send 06 
10-08-18 at 09:29:07:458 Send 02 18 1E 1E 00 00 00 05 04 00 01 C4 D0 D3 C3 C8 CC C8 20 CA C0 D0 D2 C0 CC C8 3C 
10-08-18 at 09:29:07:474 Recived 06 02 02 1E 00 1C 
10-08-18 at 09:29:07:489 Send 06 
10-08-18 at 09:29:07:504 Send 05 
10-08-18 at 09:29:07:519 Recived 15 
10-08-18 at 09:29:07:519 Send 06 
10-08-18 at 09:29:07:534 Send 02 0A 1E 1E 00 00 00 01 01 00 01 01 0A 
10-08-18 at 09:29:07:549 Recived 06 02 02 1E 00 1C 
10-08-18 at 09:29:07:564 Send 06 
10-08-18 at 09:29:07:579 Send 05 
10-08-18 at 09:29:07:594 Recived 15 
10-08-18 at 09:29:07:594 Send 06 
10-08-18 at 09:29:07:609 Send 02 0A 1E 1E 00 00 00 01 01 00 05 02 0D 
10-08-18 at 09:29:07:624 Recived 06 02 02 1E 00 1C 
10-08-18 at 09:29:07:639 Send 06 
10-08-18 at 09:29:07:654 Send 05 
10-08-18 at 09:29:07:669 Recived 15 
10-08-18 at 09:29:07:669 Send 06 
10-08-18 at 09:29:07:684 Send 02 0A 1E 1E 00 00 00 01 01 00 23 01 28 
10-08-18 at 09:29:07:699 Recived 06 02 02 1E 00 1C 
10-08-18 at 09:29:07:714 Send 06 
10-08-18 at 09:29:07:729 Send 05 
10-08-18 at 09:29:07:744 Recived 15 
10-08-18 at 09:29:07:744 Send 06 
10-08-18 at 09:29:07:759 Send 02 0A 1E 1E 00 00 00 01 01 00 06 00 0C 
10-08-18 at 09:29:07:774 Recived 06 02 02 1E 00 1C 
10-08-18 at 09:29:07:789 Send 06 
10-08-18 at 09:29:07:804 Send 05 
10-08-18 at 09:29:07:819 Recived 15 
10-08-18 at 09:29:07:819 Send 06 
10-08-18 at 09:29:07:834 Send 02 0A 1E 1E 00 00 00 01 01 00 07 01 0C 
10-08-18 at 09:29:07:849 Recived 06 02 02 1E 00 1C 
10-08-18 at 09:29:07:864 Send 06 
10-08-18 at 09:29:07:879 Send 05 
10-08-18 at 09:29:07:894 Recived 15 
10-08-18 at 09:29:07:894 Send 06 
10-08-18 at 09:29:07:909 Send 02 0A 1E 1E 00 00 00 01 01 00 14 01 1F 
10-08-18 at 09:29:07:924 Recived 06 02 02 1E 00 1C 
10-08-18 at 09:29:07:939 Send 06 
10-08-18 at 09:29:07:954 Send 05 
10-08-18 at 09:29:07:969 Recived 15 
10-08-18 at 09:29:07:969 Send 06 
10-08-18 at 09:29:07:984 Send 02 0A 1E 1E 00 00 00 01 01 00 15 01 1E 
10-08-18 at 09:29:07:999 Recived 06 02 02 1E 00 1C 
10-08-18 at 09:29:08:014 Send 06 
10-08-18 at 09:29:08:029 Send 05 
10-08-18 at 09:29:08:044 Recived 15 
10-08-18 at 09:29:08:044 Send 06 
10-08-18 at 09:29:08:059 Send 02 0A 1E 1E 00 00 00 01 01 00 0F 00 05 
10-08-18 at 09:29:08:074 Recived 06 02 02 1E 00 1C 
10-08-18 at 09:29:08:089 Send 06 
10-08-18 at 09:29:08:104 Send 05 
10-08-18 at 09:29:08:119 Recived 15 
10-08-18 at 09:29:08:119 Send 06 
10-08-18 at 09:29:08:134 Send 02 0A 1E 1E 00 00 00 01 01 00 11 00 1B 
10-08-18 at 09:29:08:149 Recived 06 02 02 1E 00 1C 
10-08-18 at 09:29:08:164 Send 06 
10-08-18 at 09:29:08:179 Send 05 
10-08-18 at 09:29:08:194 Recived 15 
10-08-18 at 09:29:08:194 Send 06 
10-08-18 at 09:29:08:209 Send 02 0A 1E 1E 00 00 00 11 01 00 03 02 1B 
10-08-18 at 09:29:08:224 Recived 06 02 02 1E 00 1C 
10-08-18 at 09:29:08:239 Send 06 
10-08-18 at 09:29:08:254 Send 05 
10-08-18 at 09:29:08:269 Recived 15 
10-08-18 at 09:29:08:269 Send 06 
10-08-18 at 09:29:08:284 Send 02 0A 1E 1E 00 00 00 01 01 00 29 01 22 
10-08-18 at 09:29:08:299 Recived 06 02 02 1E 00 1C 
10-08-18 at 09:29:08:314 Send 06 
10-08-18 at 09:29:08:329 Send 05 
10-08-18 at 09:29:08:344 Recived 15 
10-08-18 at 09:29:08:344 Send 06 
10-08-18 at 09:29:08:359 Send 02 26 1E 1E 00 00 00 04 0C 00 01 20 20 20 20 20 20 20 20 20 20 20 C4 CE C1 D0 CE 20 CF CE C6 C0 CB CE C2 C0 D2 DC 21 00 D5 
10-08-18 at 09:29:08:377 Recived 06 02 02 1E 00 1C 
10-08-18 at 09:29:08:392 Send 06 
10-08-18 at 09:29:08:407 Send 05 
10-08-18 at 09:29:08:422 Recived 15 
10-08-18 at 09:29:08:422 Send 06 
10-08-18 at 09:29:08:437 Send 02 29 1E 1E 00 00 00 04 0D 00 01 20 20 20 20 20 20 20 20 CE CE CE 20 CA EE EC EF E0 ED E8 FF 20 27 CA CE CB CE D0 CB CE CD 27 00 CB 
10-08-18 at 09:29:08:455 Recived 06 02 02 1E 00 1C 
10-08-18 at 09:29:08:485 Send 06 
10-08-18 at 09:29:08:500 Send 05 
10-08-18 at 09:29:08:515 Recived 15 
10-08-18 at 09:29:08:515 Send 06 
10-08-18 at 09:29:08:530 Send 02 2D 1E 1E 00 00 00 04 0E 00 01 20 20 20 20 20 CC E0 E3 E0 E7 E8 ED 20 27 C2 F1 E5 20 F2 EE E2 E0 F0 FB 20 E4 EB FF 20 E4 EE EC E0 27 20 00 DE 
10-08-18 at 09:29:08:548 Recived 06 02 02 1E 00 1C 
10-08-18 at 09:29:08:563 Send 06 
10-08-18 at 09:29:08:580 now clear port error ...
10-08-18 at 09:29:08:581 now write to port ...
10-08-18 at 09:29:08:714 ... done
10-08-18 at 09:29:08:743 Send 05 
10-08-18 at 09:29:08:758 Recived 15 
10-08-18 at 09:29:08:758 Send 06 
10-08-18 at 09:29:08:773 Send 02 06 1A 1E 00 00 00 79 7B 
10-08-18 at 09:29:08:788 Recived 06 02 09 1A 00 1E 80 E3 0A 00 00 00 64 
10-08-18 at 09:29:08:803 Send 06 
10-08-18 at 09:29:11:014 Cardreader  Антонов Сергей 
10-08-18 at 09:29:11:022 Send 05 
10-08-18 at 09:29:11:045 Recived 15 
10-08-18 at 09:29:11:049 Send 06 
10-08-18 at 09:29:11:067 Send 02 19 1E 1E 00 00 00 02 1E 00 02 C0 ED F2 EE ED EE E2 20 D1 E5 F0 E3 E5 E9 20 00 FC 
10-08-18 at 09:29:11:091 Recived 06 02 02 1E 00 1C 
10-08-18 at 09:29:11:106 Send 06 
10-08-18 at 09:29:11:111 now clear port error ...
10-08-18 at 09:29:11:111 now write to port ...
10-08-18 at 09:29:11:244 ... done
10-08-18 at 09:29:12:021 Send 05 
10-08-18 at 09:29:12:036 Recived 15 
10-08-18 at 09:29:12:036 Send 06 
10-08-18 at 09:29:12:051 Send 02 06 FF 39 1E 00 00 00 DE 
10-08-18 at 09:29:12:066 Recived 06 02 10 FF 39 00 00 00 00 00 00 00 00 00 00 00 00 00 00 D6 
10-08-18 at 09:29:12:081 Send 06 
10-08-18 at 09:29:15:660 114
10-08-18 at 09:29:15:660 014
10-08-18 at 09:29:15:660 114
10-08-18 at 09:29:15:661 014
10-08-18 at 09:29:15:661 Попытка очистки таблицы
10-08-18 at 09:29:15:661 Попытка очистки успешна
10-08-18 at 09:29:15:662 total calculated
10-08-18 at 09:29:15:662 now show on display
10-08-18 at 09:29:15:663                     Всего:          0.00
10-08-18 at 09:29:15:663 now clear port error ...
10-08-18 at 09:29:15:663 now write to port ...
10-08-18 at 09:29:15:797 ... done
10-08-18 at 09:29:15:797 114
10-08-18 at 09:29:15:797 014
10-08-18 at 09:29:15:798 114
10-08-18 at 09:29:15:798 014
10-08-18 at 09:29:15:798 114
10-08-18 at 09:29:15:798 014
10-08-18 at 09:29:15:799 114
10-08-18 at 09:29:15:799 014
10-08-18 at 09:29:15:799 114
10-08-18 at 09:29:15:799 014
10-08-18 at 09:29:15:799 114
10-08-18 at 09:29:15:800 014
10-08-18 at 09:29:15:800 114
10-08-18 at 09:29:15:800 014
10-08-18 at 09:29:15:800 114
10-08-18 at 09:29:15:801 014
10-08-18 at 09:29:15:801 114
10-08-18 at 09:29:15:801 014
10-08-18 at 09:29:15:801 114
10-08-18 at 09:29:15:801 014
10-08-18 at 09:29:15:802 114
10-08-18 at 09:29:15:802 014
10-08-18 at 09:29:15:802 114
10-08-18 at 09:29:15:802 014
10-08-18 at 09:29:15:803 114
10-08-18 at 09:29:15:803 014
10-08-18 at 09:29:15:803 114
10-08-18 at 09:29:15:804 014
10-08-18 at 09:29:15:812 114
10-08-18 at 09:29:15:812 014
10-08-18 at 09:29:15:813 101
10-08-18 at 09:29:15:813 001
10-08-18 at 09:29:15:813 total calculated
10-08-18 at 09:29:15:822 now show on display
10-08-18 at 09:29:15:822 RU25194 ТЕТРАДЬ 1  7Всего:          7.00
10-08-18 at 09:29:15:822 now clear port error ...
10-08-18 at 09:29:15:823 now write to port ...
10-08-18 at 09:29:15:969 ... done
10-08-18 at 09:29:16:069 114
10-08-18 at 09:29:16:069 014
10-08-18 at 09:29:16:069 114
10-08-18 at 09:29:16:069 014
10-08-18 at 09:29:16:071 total calculated
10-08-18 at 09:29:16:074 now show on display
10-08-18 at 09:29:16:075 RU25194 ТЕТРАДЬ 1  7Всего:          7.00
10-08-18 at 09:29:16:075 now clear port error ...
10-08-18 at 09:29:16:075 now write to port ...
10-08-18 at 09:29:16:209 ... done
10-08-18 at 09:29:16:209 114
10-08-18 at 09:29:16:210 014
10-08-18 at 09:29:16:210 114
10-08-18 at 09:29:16:210 014
10-08-18 at 09:29:16:210 114
10-08-18 at 09:29:16:211 014
10-08-18 at 09:29:16:211 114
10-08-18 at 09:29:16:211 014
10-08-18 at 09:29:16:211 114
10-08-18 at 09:29:16:212 014
10-08-18 at 09:29:16:212 114
10-08-18 at 09:29:16:212 014
10-08-18 at 09:29:16:212 114
10-08-18 at 09:29:16:213 014
10-08-18 at 09:29:16:213 114
10-08-18 at 09:29:16:213 014
10-08-18 at 09:29:16:213 114
10-08-18 at 09:29:16:213 014
10-08-18 at 09:29:16:214 114
10-08-18 at 09:29:16:214 014
10-08-18 at 09:29:16:214 114
10-08-18 at 09:29:16:214 014
10-08-18 at 09:29:16:215 114
10-08-18 at 09:29:16:215 014
10-08-18 at 09:29:16:215 114
10-08-18 at 09:29:16:215 014
10-08-18 at 09:29:16:216 114
10-08-18 at 09:29:16:216 014
10-08-18 at 09:29:16:222 114
10-08-18 at 09:29:16:223 014
10-08-18 at 09:29:16:223 101
10-08-18 at 09:29:16:223 001
10-08-18 at 09:29:16:224 total calculated
10-08-18 at 09:29:16:231 now show on display
10-08-18 at 09:29:16:232 * Обои Палитра   350Всего:        357.00
10-08-18 at 09:29:16:232 now clear port error ...
10-08-18 at 09:29:16:232 now write to port ...
10-08-18 at 09:29:16:381 ... done
10-08-18 at 09:29:16:481 114
10-08-18 at 09:29:16:481 014
10-08-18 at 09:29:16:481 114
10-08-18 at 09:29:16:481 014
10-08-18 at 09:29:16:483 total calculated
10-08-18 at 09:29:16:486 now show on display
10-08-18 at 09:29:16:487 * Обои Палитра   350Всего:        357.00
10-08-18 at 09:29:16:487 now clear port error ...
10-08-18 at 09:29:16:487 now write to port ...
10-08-18 at 09:29:16:621 ... done
10-08-18 at 09:29:16:621 114
10-08-18 at 09:29:16:621 014
10-08-18 at 09:29:16:622 114
10-08-18 at 09:29:16:622 014
10-08-18 at 09:29:16:622 114
10-08-18 at 09:29:16:622 014
10-08-18 at 09:29:16:623 114
10-08-18 at 09:29:16:623 014
10-08-18 at 09:29:16:623 114
10-08-18 at 09:29:16:623 014
10-08-18 at 09:29:16:624 114
10-08-18 at 09:29:16:624 014
10-08-18 at 09:29:16:624 114
10-08-18 at 09:29:16:624 014
10-08-18 at 09:29:16:624 114
10-08-18 at 09:29:16:625 014
10-08-18 at 09:29:16:625 114
10-08-18 at 09:29:16:625 014
10-08-18 at 09:29:16:625 114
10-08-18 at 09:29:16:626 014
10-08-18 at 09:29:16:626 114
10-08-18 at 09:29:16:626 014
10-08-18 at 09:29:16:626 114
10-08-18 at 09:29:16:627 014
10-08-18 at 09:29:16:627 114
10-08-18 at 09:29:16:627 014
10-08-18 at 09:29:16:627 114
10-08-18 at 09:29:16:628 014
10-08-18 at 09:29:16:634 114
10-08-18 at 09:29:16:634 014
10-08-18 at 09:29:16:634 101
10-08-18 at 09:29:16:635 001
10-08-18 at 09:29:16:635 total calculated
10-08-18 at 09:29:16:645 now show on display
10-08-18 at 09:29:16:645 ШТОРА  01345-17  675Всего:       1032.00
10-08-18 at 09:29:16:646 now clear port error ...
10-08-18 at 09:29:16:646 now write to port ...
10-08-18 at 09:29:16:793 ... done
10-08-18 at 09:29:17:738  Нажата клавиша F10.
10-08-18 at 09:29:17:738 114
10-08-18 at 09:29:17:739 014
10-08-18 at 09:29:17:739 115
10-08-18 at 09:29:17:739 015
10-08-18 at 09:29:17:740 total calculated
10-08-18 at 09:29:17:743 now show on display
10-08-18 at 09:29:17:743 ШТОРА  01345-17  675Всего:       1032.00
10-08-18 at 09:29:17:743 now clear port error ...
10-08-18 at 09:29:17:744 now write to port ...
10-08-18 at 09:29:17:877 ... done
10-08-18 at 09:29:17:892 now clear port error ...
10-08-18 at 09:29:17:892 now write to port ...
10-08-18 at 09:29:18:049 ... done
10-08-18 at 09:29:18:049 now clear port error ...
10-08-18 at 09:29:18:050 now write to port ...
10-08-18 at 09:29:18:221 ... done
10-08-18 at 09:29:18:989 now clear port error ...
10-08-18 at 09:29:18:989 now write to port ...
10-08-18 at 09:29:19:123 ... done
10-08-18 at 09:29:19:131 Send 05 
10-08-18 at 09:29:19:146 Recived 15 
10-08-18 at 09:29:19:146 Send 06 
10-08-18 at 09:29:19:161 Send 02 06 28 1E 00 00 00 00 30 
10-08-18 at 09:29:19:176 Recived 06 02 03 28 00 1E 35 
10-08-18 at 09:29:19:191 Send 06 
10-08-18 at 09:29:19:199 Вход в FRInit
10-08-18 at 09:29:19:199 Вход в GetStatus
10-08-18 at 09:29:19:206 Send 05 
10-08-18 at 09:29:19:221 Recived 15 
10-08-18 at 09:29:19:221 Send 06 
10-08-18 at 09:29:19:236 Send 02 05 11 1E 00 00 00 0A 
10-08-18 at 09:29:19:251 Recived 06 02 30 11 00 1E 43 31 CB D3 19 04 12 01 20 00 92 02 02 00 00 4E 41 00 00 01 01 10 0A 08 12 09 1D 16 00 2E 5D 00 00 09 00 00 00 00 00 D2 E9 1E 42 01 00 F8 
10-08-18 at 09:29:19:266 Send 06 
10-08-18 at 09:29:19:274 KKMStatus 0000
10-08-18 at 09:29:19:281 Send 05 
10-08-18 at 09:29:19:296 Recived 15 
10-08-18 at 09:29:19:296 Send 06 
10-08-18 at 09:29:19:311 Send 02 06 8D 1E 00 00 00 00 95 
10-08-18 at 09:29:19:326 Recived 06 
10-08-18 at 09:29:19:341 Recived 02 03 8D 00 1E 90 
10-08-18 at 09:29:19:356 Send 06 
10-08-18 at 09:29:19:371 Send 05 
10-08-18 at 09:29:19:386 Recived 15 
10-08-18 at 09:29:19:386 Send 06 
10-08-18 at 09:29:19:401 Send 02 0A C2 1E 00 00 00 EF 0A 38 85 15 9B 
10-08-18 at 09:29:19:416 Recived 06 02 03 C2 00 1E DF 
10-08-18 at 09:29:19:431 Send 06 
10-08-18 at 09:29:19:446 Send 05 
10-08-18 at 09:29:19:461 Recived 15 
10-08-18 at 09:29:19:461 Send 06 
10-08-18 at 09:29:19:476 Send 02 2E 17 1E 00 00 00 03 3D 3D 3D 3D 3D 3D 3D 3D 3D 3D 3D 3D 3D 3D 3D 3D 3D 3D 3D 3D 3D 3D 3D 3D 3D 3D 3D 3D 3D 3D 3D 3D 3D 3D 3D 3D 3D 3D 3D 3D 24 
10-08-18 at 09:29:19:495 Recived 06 02 03 17 00 1E 0A 
10-08-18 at 09:29:19:510 Send 06 
10-08-18 at 09:29:19:525 Send 05 
10-08-18 at 09:29:19:540 Recived 15 
10-08-18 at 09:29:19:540 Send 06 
10-08-18 at 09:29:19:555 Send 02 2E 17 1E 00 00 00 03 20 20 20 20 20 20 20 D7 C5 CA 20 30 32 2D 33 38 35 34 2D 31 38 30 38 2D 31 30 30 39 2D 32 39 31 39 00 00 00 00 00 00 00 FE 
10-08-18 at 09:29:19:574 Recived 06 02 03 17 00 1E 0A 
10-08-18 at 09:29:19:589 Send 06 
10-08-18 at 09:29:19:604 Send 05 
10-08-18 at 09:29:19:619 Recived 15 
10-08-18 at 09:29:19:619 Send 06 
10-08-18 at 09:29:19:634 Send 02 2E 17 1E 00 00 00 03 3D 3D 3D 3D 3D 3D 3D 3D 3D 3D 3D 3D 3D 3D 3D 3D 3D 3D 3D 3D 3D 3D 3D 3D 3D 3D 3D 3D 3D 3D 3D 3D 3D 3D 3D 3D 3D 3D 3D 3D 24 
10-08-18 at 09:29:19:653 Recived 06 02 03 17 00 1E 0A 
10-08-18 at 09:29:19:668 Send 06 
10-08-18 at 09:29:19:683 Send 05 
10-08-18 at 09:29:19:698 Recived 15 
10-08-18 at 09:29:19:698 Send 06 
10-08-18 at 09:29:19:713 Send 02 A0 FF 46 1E 00 00 00 01 40 42 0F 00 00 00 BC 02 00 00 00 FF FF FF FF FF FF FF FF FF FF 02 00 04 01 32 38 35 36 30 32 38 30 34 31 34 31 20 52 55 32 35 31 39 34 20 D2 C5 D2 D0 C0 C4 DC 20 31 32 20 CB 2E 2C 20 CA CB 2E 20 CF CE CB 2E 20 4D 49 43 4B 45 59 20 46 4F 4F 54 42 41 4C 4C 20 2F 32 35 2F 33 30 30 2F 20 28 F8 F2 29 00 00 00 00 00 00 00 00 00 00 00 00 00 00 00 00 00 00 00 00 00 00 00 00 00 00 00 00 00 00 00 00 00 00 00 00 00 00 00 00 00 00 00 00 00 00 00 00 00 00 00 00 00 00 50 
10-08-18 at 09:29:19:742 Recived 06 02 03 FF 46 00 BA 
10-08-18 at 09:29:19:757 Send 06 
10-08-18 at 09:29:19:772 Send 05 
10-08-18 at 09:29:19:787 Recived 15 
10-08-18 at 09:29:19:787 Send 06 
10-08-18 at 09:29:19:802 Send 02 A0 FF 46 1E 00 00 00 01 40 42 0F 00 00 00 B8 88 00 00 00 FF FF FF FF FF FF FF FF FF FF 01 00 04 01 32 38 30 37 31 30 33 30 32 30 31 38 20 2A 20 CE E1 EE E8 20 CF E0 EB E8 F2 F0 E0 20 36 30 36 33 2D 32 38 20 20 F5 31 32 20 E2 E8 ED E8 EB 20 30 2C 35 33 2A 31 30 2C 30 35 EC 20 28 F8 F2 29 00 00 00 00 00 00 00 00 00 00 00 00 00 00 00 00 00 00 00 00 00 00 00 00 00 00 00 00 00 00 00 00 00 00 00 00 00 00 00 00 00 00 00 00 00 00 00 00 00 00 00 00 00 00 00 00 00 00 00 00 00 00 00 00 00 1F 
10-08-18 at 09:29:19:831 Recived 06 02 03 FF 46 00 BA 
10-08-18 at 09:29:19:846 Send 06 
10-08-18 at 09:29:19:861 Send 05 
10-08-18 at 09:29:19:876 Recived 15 
10-08-18 at 09:29:19:876 Send 06 
10-08-18 at 09:29:19:891 Send 02 A0 FF 46 1E 00 00 00 01 40 42 0F 00 00 00 AC 07 01 00 00 FF FF FF FF FF FF FF FF FF FF 01 00 04 01 32 38 30 31 31 30 31 30 39 30 38 36 20 D8 D2 CE D0 C0 20 20 30 31 33 34 35 2D 31 37 37 20 4F 4E 20 4C 4F 4F 50 53 20 31 34 35 2A 32 39 30 20 28 F8 F2 29 00 00 00 00 00 00 00 00 00 00 00 00 00 00 00 00 00 00 00 00 00 00 00 00 00 00 00 00 00 00 00 00 00 00 00 00 00 00 00 00 00 00 00 00 00 00 00 00 00 00 00 00 00 00 00 00 00 00 00 00 00 00 00 00 00 00 00 00 00 00 00 00 00 00 00 00 00 16 
10-08-18 at 09:29:19:920 Recived 06 02 03 FF 46 00 BA 
10-08-18 at 09:29:19:935 Send 06 
10-08-18 at 09:29:19:950 Send 05 
10-08-18 at 09:29:19:965 Recived 15 
10-08-18 at 09:29:19:965 Send 06 
10-08-18 at 09:29:19:980 Send 02 2E 17 1E 00 00 00 03 3D 3D 3D 3D 3D 3D 3D 3D 3D 3D 3D 3D 3D 3D 3D 3D 3D 3D 3D 3D 3D 3D 3D 3D 3D 3D 3D 3D 3D 3D 3D 3D 3D 3D 3D 3D 3D 3D 3D 3D 24 
10-08-18 at 09:29:19:999 Recived 06 02 03 17 00 1E 0A 
10-08-18 at 09:29:20:014 Send 06 
10-08-18 at 09:29:20:029 Send 05 
10-08-18 at 09:29:20:044 Recived 15 
10-08-18 at 09:29:20:044 Send 06 
10-08-18 at 09:29:20:059 Send 02 2E 17 1E 00 00 00 03 20 00 00 00 00 00 00 00 00 00 00 00 00 00 00 00 00 00 00 00 00 00 00 00 00 00 00 00 00 00 00 00 00 00 00 00 00 00 00 00 04 
10-08-18 at 09:29:20:078 Recived 06 02 03 17 00 1E 0A 
10-08-18 at 09:29:20:093 Send 06 
10-08-18 at 09:29:20:108 Send 05 
10-08-18 at 09:29:20:123 Recived 15 
10-08-18 at 09:29:20:123 Send 06 
10-08-18 at 09:29:20:138 Send 02 2E 17 1E 00 00 00 03 20 20 20 20 CE EF EB E0 F2 E0 20 EF F0 E8 ED FF F2 E0 20 F1 20 E1 EB E0 E3 EE E4 E0 F0 ED EE F1 F2 FC FE 00 00 00 00 00 2B 
10-08-18 at 09:29:20:157 Recived 06 02 03 17 00 1E 0A 
10-08-18 at 09:29:20:172 Send 06 
10-08-18 at 09:29:20:187 Send 05 
10-08-18 at 09:29:20:202 Recived 15 
10-08-18 at 09:29:20:202 Send 06 
10-08-18 at 09:29:20:217 Send 02 2E 17 1E 00 00 00 03 20 20 C6 E4 E5 EC 20 E2 E0 F1 20 E5 E6 E5 E4 ED E5 E2 ED EE 20 F1 20 39 2E 30 30 20 E4 EE 20 32 32 2E 30 30 00 00 00 00 D5 
10-08-18 at 09:29:20:236 Recived 06 02 03 17 00 1E 0A 
10-08-18 at 09:29:20:251 Send 06 
10-08-18 at 09:29:20:266 Send 05 
10-08-18 at 09:29:20:281 Recived 15 
10-08-18 at 09:29:20:281 Send 06 
10-08-18 at 09:29:20:296 Send 02 2E 17 1E 00 00 00 03 20 20 20 20 EF EE 20 E0 E4 F0 E5 F1 F3 3A 36 33 30 30 32 37 2C E3 2E CD EE E2 EE F1 E8 E1 E8 F0 F1 EA 2C 00 00 00 00 00 35 
10-08-18 at 09:29:20:315 Recived 06 02 03 17 00 1E 0A 
10-08-18 at 09:29:20:330 Send 06 
10-08-18 at 09:29:20:345 Send 05 
10-08-18 at 09:29:20:360 Recived 15 
10-08-18 at 09:29:20:360 Send 06 
10-08-18 at 09:29:20:375 Send 02 2E 17 1E 00 00 00 03 F3 EB 2E D2 EE EB EC E0 F7 E5 E2 F1 EA E0 FF 2C 20 31 39 E0 20 EA 2E 32 2C 20 F2 E5 EB 2E 3A 33 36 33 2D 30 35 2D 30 35 DD 
10-08-18 at 09:29:20:394 Recived 06 02 03 17 00 1E 0A 
10-08-18 at 09:29:20:409 Send 06 
10-08-18 at 09:29:20:424 Send 05 
10-08-18 at 09:29:20:439 Recived 15 
10-08-18 at 09:29:20:439 Send 06 
10-08-18 at 09:29:20:454 Send 02 83 FF 45 1E 00 00 00 20 93 01 00 00 00 00 00 00 00 00 00 00 00 00 00 00 00 00 00 00 00 00 00 00 00 00 00 00 00 00 00 00 00 00 00 00 00 00 00 00 00 00 00 00 00 00 00 00 00 00 00 00 00 00 00 00 00 00 00 00 00 00 00 00 00 00 00 00 00 00 00 00 00 00 00 00 00 00 00 00 00 00 00 00 00 00 20 00 00 00 00 00 00 00 00 00 00 00 00 00 00 00 00 00 00 00 00 00 00 00 00 00 00 00 00 00 00 00 00 00 00 00 00 00 B5 
10-08-18 at 09:29:20:480 Recived 06 
10-08-18 at 09:29:20:735 Recived 02 10 FF 45 00 00 00 00 00 00 3F 00 00 00 1E 2A D3 C7 B5 
10-08-18 at 09:29:20:750 Send 06 
10-08-18 at 09:29:20:759 WAIT_OBJECT_0
10-08-18 at 09:29:20:763 Запись чека в базу
10-08-18 at 09:29:20:774 WritePresent
10-08-18 at 09:29:20:774 UpdateCentralCounts
10-08-18 at 09:29:20:857 UpdateCentralCounts
10-08-18 at 09:29:20:858 ActivateGiftCards(PresentGrid)
10-08-18 at 09:29:20:858 ActivateGiftCards(Grid)
10-08-18 at 09:29:20:858 GiftCardDoPayments
10-08-18 at 09:29:20:859 GiftCardClearPayments
10-08-18 at 09:29:20:859 Попытка очистки таблицы
10-08-18 at 09:29:20:859 Попытка очистки успешна
10-08-18 at 09:29:20:859 Попытка очистки таблицы
10-08-18 at 09:29:20:859 Попытка очистки успешна
10-08-18 at 09:29:20:859 total calculated
10-08-18 at 09:29:20:860 now show on display
10-08-18 at 09:29:20:860                     Всего:          0.00
10-08-18 at 09:29:20:860 now clear port error ...
10-08-18 at 09:29:20:860 now write to port ...
10-08-18 at 09:29:20:994 ... done
10-08-18 at 09:29:20:994 now clear port error ...
10-08-18 at 09:29:20:994 now write to port ...
10-08-18 at 09:29:21:165 ... done
10-08-18 at 09:29:21:168 116
10-08-18 at 09:29:21:169 016
10-08-18 at 09:29:31:985 total calculated
10-08-18 at 09:29:31:985 now show on display
10-08-18 at 09:29:31:986                     Всего:          0.00
10-08-18 at 09:29:31:986 now clear port error ...
10-08-18 at 09:29:31:986 now write to port ...
10-08-18 at 09:29:32:120 ... done
10-08-18 at 09:29:32:120 total calculated
10-08-18 at 09:29:32:120 now show on display
10-08-18 at 09:29:32:120                     Всего:          0.00
10-08-18 at 09:29:32:121 now clear port error ...
10-08-18 at 09:29:32:121 now write to port ...
10-08-18 at 09:29:32:291 ... done
10-08-18 at 09:29:32:293 111
10-08-18 at 09:29:32:294 Выход из программы
10-08-18 at 16:46:25:319 Запуск программы. Инициализация считана из файла
10-08-18 at 16:46:25:319 Чек загружен.
10-08-18 at 16:46:25:320 total calculated
10-08-18 at 16:46:25:320 now show on display
10-08-18 at 16:46:25:320                     Всего:          0.00
10-08-18 at 16:46:25:320 now open port for display
10-08-18 at 16:46:25:321 Com port opened
10-08-18 at 16:46:25:321 now clear port error ...
10-08-18 at 16:46:25:321 now write to port ...
10-08-18 at 16:46:25:455 ... done
10-08-18 at 16:46:25:455 Чек сжат
10-08-18 at 16:46:25:455 Сумма чека посчитана
10-08-18 at 16:46:25:456 Кардридер создан
10-08-18 at 16:46:25:456 Задание запуска модулей создано
10-08-18 at 16:46:25:456 Сканер создан
10-08-18 at 16:46:25:456 Регистратор создан
10-08-18 at 16:46:25:456 Часы созданы
10-08-18 at 16:46:25:457 Регистратор запущен
10-08-18 at 16:46:25:458 Сканер запущен
10-08-18 at 16:46:25:458 Часы запущены
10-08-18 at 16:46:25:458 Кардридер запущен
10-08-18 at 16:46:25:459 Передача данных запущена
10-08-18 at 16:46:25:459 Вход в FRInit
10-08-18 at 16:46:25:459 Вход в GetStatus
10-08-18 at 16:46:25:474 Send 05 
10-08-18 at 16:46:25:489 Recived 15 
10-08-18 at 16:46:25:489 Send 06 
10-08-18 at 16:46:25:505 Send 02 05 11 1E 00 00 00 0A 
10-08-18 at 16:46:25:520 Recived 06 02 30 11 00 1E 43 31 CB D3 19 04 12 01 21 00 92 02 03 00 00 4E 41 00 00 01 01 10 0A 08 12 10 2E 1A 00 2E 5D 00 00 09 00 00 00 00 00 D2 E9 1E 42 01 00 DE 
10-08-18 at 16:46:25:535 Send 06 
10-08-18 at 16:46:25:540 KKMStatus 0000
10-08-18 at 16:46:25:550 Send 05 
10-08-18 at 16:46:25:565 Recived 15 
10-08-18 at 16:46:25:565 Send 06 
10-08-18 at 16:46:25:580 Send 02 05 11 1E 00 00 00 0A 
10-08-18 at 16:46:25:595 Recived 06 02 30 11 00 1E 43 31 CB D3 19 04 12 01 21 00 92 02 03 00 00 4E 41 00 00 01 01 10 0A 08 12 10 2E 1A 00 2E 5D 00 00 09 00 00 00 00 00 D2 E9 1E 42 01 00 DE 
10-08-18 at 16:46:25:610 Send 06 
10-08-18 at 16:46:25:615 KKMStatus 0300
10-08-18 at 16:46:25:615 Номер ФР считан
10-08-18 at 16:46:25:822 СУБД подключена
10-08-18 at 16:46:25:853 Send 05 
10-08-18 at 16:46:25:868 Recived 15 
10-08-18 at 16:46:25:868 Send 06 
10-08-18 at 16:46:25:883 Send 02 17 1E 1E 00 00 00 05 03 00 01 CA 41 D0 D2 CE C9 20 56 49 53 41 2F 4D 43 92 
10-08-18 at 16:46:25:899 Recived 06 02 02 1E 00 1C 
10-08-18 at 16:46:25:914 Send 06 
10-08-18 at 16:46:25:929 Send 05 
10-08-18 at 16:46:25:944 Recived 15 
10-08-18 at 16:46:25:944 Send 06 
10-08-18 at 16:46:25:959 Send 02 18 1E 1E 00 00 00 05 04 00 01 C4 D0 D3 C3 C8 CC C8 20 CA C0 D0 D2 C0 CC C8 3C 
10-08-18 at 16:46:25:975 Recived 06 02 02 1E 00 1C 
10-08-18 at 16:46:25:990 Send 06 
10-08-18 at 16:46:26:005 Send 05 
10-08-18 at 16:46:26:020 Recived 15 
10-08-18 at 16:46:26:020 Send 06 
10-08-18 at 16:46:26:035 Send 02 0A 1E 1E 00 00 00 01 01 00 01 01 0A 
10-08-18 at 16:46:26:050 Recived 06 02 02 1E 00 1C 
10-08-18 at 16:46:26:065 Send 06 
10-08-18 at 16:46:26:080 Send 05 
10-08-18 at 16:46:26:095 Recived 15 
10-08-18 at 16:46:26:095 Send 06 
10-08-18 at 16:46:26:110 Send 02 0A 1E 1E 00 00 00 01 01 00 05 02 0D 
10-08-18 at 16:46:26:125 Recived 06 02 02 1E 00 1C 
10-08-18 at 16:46:26:140 Send 06 
10-08-18 at 16:46:26:155 Send 05 
10-08-18 at 16:46:26:170 Recived 15 
10-08-18 at 16:46:26:170 Send 06 
10-08-18 at 16:46:26:185 Send 02 0A 1E 1E 00 00 00 01 01 00 23 01 28 
10-08-18 at 16:46:26:200 Recived 06 02 02 1E 00 1C 
10-08-18 at 16:46:26:215 Send 06 
10-08-18 at 16:46:26:230 Send 05 
10-08-18 at 16:46:26:245 Recived 15 
10-08-18 at 16:46:26:245 Send 06 
10-08-18 at 16:46:26:260 Send 02 0A 1E 1E 00 00 00 01 01 00 06 00 0C 
10-08-18 at 16:46:26:275 Recived 06 02 02 1E 00 1C 
10-08-18 at 16:46:26:290 Send 06 
10-08-18 at 16:46:26:305 Send 05 
10-08-18 at 16:46:26:320 Recived 15 
10-08-18 at 16:46:26:320 Send 06 
10-08-18 at 16:46:26:335 Send 02 0A 1E 1E 00 00 00 01 01 00 07 01 0C 
10-08-18 at 16:46:26:350 Recived 06 02 02 1E 00 1C 
10-08-18 at 16:46:26:365 Send 06 
10-08-18 at 16:46:26:380 Send 05 
10-08-18 at 16:46:26:395 Recived 15 
10-08-18 at 16:46:26:395 Send 06 
10-08-18 at 16:46:26:410 Send 02 0A 1E 1E 00 00 00 01 01 00 14 01 1F 
10-08-18 at 16:46:26:425 Recived 06 02 02 1E 00 1C 
10-08-18 at 16:46:26:440 Send 06 
10-08-18 at 16:46:26:455 Send 05 
10-08-18 at 16:46:26:470 Recived 15 
10-08-18 at 16:46:26:470 Send 06 
10-08-18 at 16:46:26:485 Send 02 0A 1E 1E 00 00 00 01 01 00 15 01 1E 
10-08-18 at 16:46:26:500 Recived 06 02 02 1E 00 1C 
10-08-18 at 16:46:26:515 Send 06 
10-08-18 at 16:46:26:530 Send 05 
10-08-18 at 16:46:26:545 Recived 15 
10-08-18 at 16:46:26:545 Send 06 
10-08-18 at 16:46:26:560 Send 02 0A 1E 1E 00 00 00 01 01 00 0F 00 05 
10-08-18 at 16:46:26:575 Recived 06 02 02 1E 00 1C 
10-08-18 at 16:46:26:590 Send 06 
10-08-18 at 16:46:26:605 Send 05 
10-08-18 at 16:46:26:620 Recived 15 
10-08-18 at 16:46:26:620 Send 06 
10-08-18 at 16:46:26:635 Send 02 0A 1E 1E 00 00 00 01 01 00 11 00 1B 
10-08-18 at 16:46:26:650 Recived 06 02 02 1E 00 1C 
10-08-18 at 16:46:26:665 Send 06 
10-08-18 at 16:46:26:680 Send 05 
10-08-18 at 16:46:26:695 Recived 15 
10-08-18 at 16:46:26:695 Send 06 
10-08-18 at 16:46:26:710 Send 02 0A 1E 1E 00 00 00 11 01 00 03 02 1B 
10-08-18 at 16:46:26:725 Recived 06 02 02 1E 00 1C 
10-08-18 at 16:46:26:740 Send 06 
10-08-18 at 16:46:26:755 Send 05 
10-08-18 at 16:46:26:770 Recived 15 
10-08-18 at 16:46:26:770 Send 06 
10-08-18 at 16:46:26:785 Send 02 0A 1E 1E 00 00 00 01 01 00 29 01 22 
10-08-18 at 16:46:26:800 Recived 06 02 02 1E 00 1C 
10-08-18 at 16:46:26:815 Send 06 
10-08-18 at 16:46:26:830 Send 05 
10-08-18 at 16:46:26:845 Recived 15 
10-08-18 at 16:46:26:845 Send 06 
10-08-18 at 16:46:26:860 Send 02 26 1E 1E 00 00 00 04 0C 00 01 20 20 20 20 20 20 20 20 20 20 20 C4 CE C1 D0 CE 20 CF CE C6 C0 CB CE C2 C0 D2 DC 21 00 D5 
10-08-18 at 16:46:26:878 Recived 06 02 02 1E 00 1C 
10-08-18 at 16:46:26:893 Send 06 
10-08-18 at 16:46:26:908 Send 05 
10-08-18 at 16:46:26:923 Recived 15 
10-08-18 at 16:46:26:923 Send 06 
10-08-18 at 16:46:26:938 Send 02 29 1E 1E 00 00 00 04 0D 00 01 20 20 20 20 20 20 20 20 CE CE CE 20 CA EE EC EF E0 ED E8 FF 20 27 CA CE CB CE D0 CB CE CD 27 00 CB 
10-08-18 at 16:46:26:956 Recived 06 02 02 1E 00 1C 
10-08-18 at 16:46:26:971 Send 06 
10-08-18 at 16:46:26:986 Send 05 
10-08-18 at 16:46:27:001 Recived 15 
10-08-18 at 16:46:27:001 Send 06 
10-08-18 at 16:46:27:016 Send 02 2D 1E 1E 00 00 00 04 0E 00 01 20 20 20 20 20 CC E0 E3 E0 E7 E8 ED 20 27 C2 F1 E5 20 F2 EE E2 E0 F0 FB 20 E4 EB FF 20 E4 EE EC E0 27 20 00 DE 
10-08-18 at 16:46:27:034 Recived 06 02 02 1E 00 1C 
10-08-18 at 16:46:27:049 Send 06 
10-08-18 at 16:46:27:090 now clear port error ...
10-08-18 at 16:46:27:090 now write to port ...
10-08-18 at 16:46:27:224 ... done
10-08-18 at 16:46:27:267 Send 05 
10-08-18 at 16:46:27:282 Recived 15 
10-08-18 at 16:46:27:282 Send 06 
10-08-18 at 16:46:27:297 Send 02 06 1A 1E 00 00 00 79 7B 
10-08-18 at 16:46:27:312 Recived 06 02 09 1A 00 1E A0 76 0C 00 00 00 D7 
10-08-18 at 16:46:27:327 Send 06 
10-08-18 at 16:46:29:553 Cardreader  Антонов Сергей 
10-08-18 at 16:46:29:562 Send 05 
10-08-18 at 16:46:29:581 Recived 15 
10-08-18 at 16:46:29:581 Send 06 
10-08-18 at 16:46:29:597 Send 02 19 1E 1E 00 00 00 02 1E 00 02 C0 ED F2 EE ED EE E2 20 D1 E5 F0 E3 E5 E9 20 00 FC 
10-08-18 at 16:46:29:625 Recived 06 02 02 1E 00 1C 
10-08-18 at 16:46:29:640 Send 06 
10-08-18 at 16:46:29:647 now clear port error ...
10-08-18 at 16:46:29:647 now write to port ...
10-08-18 at 16:46:29:780 ... done
10-08-18 at 16:46:30:555 Send 05 
10-08-18 at 16:46:30:570 Recived 15 
10-08-18 at 16:46:30:570 Send 06 
10-08-18 at 16:46:30:585 Send 02 06 FF 39 1E 00 00 00 DE 
10-08-18 at 16:46:30:600 Recived 06 02 10 FF 39 00 00 00 00 00 00 00 00 00 00 00 00 00 00 D6 
10-08-18 at 16:46:30:615 Send 06 
10-08-18 at 16:46:35:581 Send 05 
10-08-18 at 16:46:35:596 Recived 15 
10-08-18 at 16:46:35:596 Send 06 
10-08-18 at 16:46:35:611 Send 02 2E 17 1E 00 00 00 03 20 20 CF EE E4 E0 F0 EE F7 ED FB E5 20 EA E0 F0 F2 FB 20 ED E5 20 EF F0 EE E4 E0 E2 E0 EB E8 F1 FC 00 00 00 00 00 00 00 39 
10-08-18 at 16:46:35:630 Recived 06 02 03 17 00 1E 0A 
10-08-18 at 16:46:35:645 Send 06 
10-08-18 at 16:46:35:660 Send 05 
10-08-18 at 16:46:35:675 Recived 15 
10-08-18 at 16:46:35:675 Send 06 
10-08-18 at 16:46:35:690 Send 02 2E 17 1E 00 00 00 03 2D 2D 2D 2D 2D 2D 2D 2D 2D 2D 2D 2D 2D 2D 2D 2D 2D 2D 2D 2D 2D 2D 2D 2D 2D 2D 2D 2D 2D 2D 2D 2D 2D 2D 2D 2D 2D 2D 2D 2D 24 
10-08-18 at 16:46:35:709 Recived 06 02 03 17 00 1E 0A 
10-08-18 at 16:46:35:724 Send 06 
10-08-18 at 16:46:35:739 Send 05 
10-08-18 at 16:46:35:754 Recived 15 
10-08-18 at 16:46:35:754 Send 06 
10-08-18 at 16:46:35:769 Send 02 05 41 1E 00 00 00 5A 
10-08-18 at 16:46:35:784 Recived 06 
10-08-18 at 16:46:36:129 Recived 02 03 41 00 1E 5C 
10-08-18 at 16:46:36:144 Send 06 
10-08-18 at 16:46:36:148 111
10-08-18 at 16:47:01:422 114
10-08-18 at 16:47:01:422 014
10-08-18 at 16:47:01:422 114
10-08-18 at 16:47:01:423 014
10-08-18 at 16:47:01:423 Попытка очистки таблицы
10-08-18 at 16:47:01:423 Попытка очистки успешна
10-08-18 at 16:47:01:424 114
10-08-18 at 16:47:01:424 014
10-08-18 at 16:47:01:425 114
10-08-18 at 16:47:01:425 014
10-08-18 at 16:47:01:426 114
10-08-18 at 16:47:01:426 014
10-08-18 at 16:47:01:426 114
10-08-18 at 16:47:01:427 014
10-08-18 at 16:47:01:427 114
10-08-18 at 16:47:01:427 014
10-08-18 at 16:47:01:427 114
10-08-18 at 16:47:01:428 014
10-08-18 at 16:47:01:428 114
10-08-18 at 16:47:01:428 014
10-08-18 at 16:47:01:429 114
10-08-18 at 16:47:01:429 014
10-08-18 at 16:47:01:429 114
10-08-18 at 16:47:01:429 014
10-08-18 at 16:47:01:430 114
10-08-18 at 16:47:01:430 014
10-08-18 at 16:47:01:430 114
10-08-18 at 16:47:01:431 014
10-08-18 at 16:47:01:431 114
10-08-18 at 16:47:01:431 014
10-08-18 at 16:47:01:432 114
10-08-18 at 16:47:01:432 014
10-08-18 at 16:47:05:057 Send 05 
10-08-18 at 16:47:05:072 Recived 15 
10-08-18 at 16:47:05:072 Send 06 
10-08-18 at 16:47:05:087 Send 02 08 21 1E 00 00 00 10 2F 05 0D 
10-08-18 at 16:47:05:102 Recived 06 02 02 21 00 23 
10-08-18 at 16:47:05:117 Send 06 
10-08-18 at 16:47:05:120 Вход в GetStatus
10-08-18 at 16:47:05:132 Send 05 
10-08-18 at 16:47:05:147 Recived 15 
10-08-18 at 16:47:05:147 Send 06 
10-08-18 at 16:47:05:162 Send 02 05 11 1E 00 00 00 0A 
10-08-18 at 16:47:05:177 Recived 06 02 30 11 00 1E 43 31 CB D3 19 04 12 01 22 00 92 02 04 00 00 4E 41 00 00 01 01 10 0A 08 12 10 2F 05 00 2E 5D 00 00 0A 00 00 00 00 00 D2 E9 1E 42 01 00 C7 
10-08-18 at 16:47:05:192 Send 06 
10-08-18 at 16:47:05:195 KKMStatus 0000
10-08-18 at 16:47:05:207 Send 05 
10-08-18 at 16:47:05:222 Recived 15 
10-08-18 at 16:47:05:222 Send 06 
10-08-18 at 16:47:05:237 Send 02 05 E0 1E 00 00 00 FB 
10-08-18 at 16:47:05:252 Recived 06 
10-08-18 at 16:47:06:468 Recived 02 03 E0 00 1E FD 
10-08-18 at 16:47:06:483 Send 06 
10-08-18 at 16:47:09:188 114
10-08-18 at 16:47:09:188 014
10-08-18 at 16:47:09:188 114
10-08-18 at 16:47:09:188 014
10-08-18 at 16:47:09:189 total calculated
10-08-18 at 16:47:09:189 now show on display
10-08-18 at 16:47:09:189                     Всего:          0.00
10-08-18 at 16:47:09:189 now clear port error ...
10-08-18 at 16:47:09:190 now write to port ...
10-08-18 at 16:47:09:323 ... done
10-08-18 at 16:47:09:324 114
10-08-18 at 16:47:09:324 014
10-08-18 at 16:47:09:324 114
10-08-18 at 16:47:09:324 014
10-08-18 at 16:47:09:325 114
10-08-18 at 16:47:09:325 014
10-08-18 at 16:47:09:325 114
10-08-18 at 16:47:09:325 014
10-08-18 at 16:47:09:326 114
10-08-18 at 16:47:09:326 014
10-08-18 at 16:47:09:326 114
10-08-18 at 16:47:09:326 014
10-08-18 at 16:47:09:327 114
10-08-18 at 16:47:09:327 014
10-08-18 at 16:47:09:327 114
10-08-18 at 16:47:09:327 014
10-08-18 at 16:47:09:327 114
10-08-18 at 16:47:09:328 014
10-08-18 at 16:47:09:328 114
10-08-18 at 16:47:09:328 014
10-08-18 at 16:47:09:329 114
10-08-18 at 16:47:09:329 014
10-08-18 at 16:47:09:329 114
10-08-18 at 16:47:09:329 014
10-08-18 at 16:47:09:330 114
10-08-18 at 16:47:09:330 014
10-08-18 at 16:47:09:330 114
10-08-18 at 16:47:09:330 014
10-08-18 at 16:47:09:338 114
10-08-18 at 16:47:09:338 014
10-08-18 at 16:47:09:339 101
10-08-18 at 16:47:09:339 001
10-08-18 at 16:47:09:339 total calculated
10-08-18 at 16:47:09:347 now show on display
10-08-18 at 16:47:09:347 80Тд5гр_1849 Тет  55Всего:         55.00
10-08-18 at 16:47:09:348 now clear port error ...
10-08-18 at 16:47:09:348 now write to port ...
10-08-18 at 16:47:09:495 ... done
10-08-18 at 16:47:20:857 total calculated
10-08-18 at 16:47:20:860 now show on display
10-08-18 at 16:47:20:860 80Тд5гр_1849 Тет  55Всего:         55.00
10-08-18 at 16:47:20:860 now clear port error ...
10-08-18 at 16:47:20:861 now write to port ...
10-08-18 at 16:47:20:994 ... done
10-08-18 at 16:47:20:998 Попытка очистки таблицы
10-08-18 at 16:47:20:999 Попытка очистки успешна
10-08-18 at 16:47:20:999 Попытка очистки таблицы
10-08-18 at 16:47:20:999 Попытка очистки успешна
10-08-18 at 16:47:20:999 total calculated
10-08-18 at 16:47:21:000 now show on display
10-08-18 at 16:47:21:000 80Тд5гр_1849 Тет  55Всего:          0.00
10-08-18 at 16:47:21:000 now clear port error ...
10-08-18 at 16:47:21:000 now write to port ...
10-08-18 at 16:47:21:166 ... done
10-08-18 at 16:47:23:796 114
10-08-18 at 16:47:23:796 014
10-08-18 at 16:47:23:796 114
10-08-18 at 16:47:23:797 014
10-08-18 at 16:47:23:797 total calculated
10-08-18 at 16:47:23:797 now show on display
10-08-18 at 16:47:23:798 80Тд5гр_1849 Тет  55Всего:          0.00
10-08-18 at 16:47:23:798 now clear port error ...
10-08-18 at 16:47:23:798 now write to port ...
10-08-18 at 16:47:23:932 ... done
10-08-18 at 16:47:23:932 114
10-08-18 at 16:47:23:932 014
10-08-18 at 16:47:23:933 114
10-08-18 at 16:47:23:933 014
10-08-18 at 16:47:23:933 114
10-08-18 at 16:47:23:933 014
10-08-18 at 16:47:23:934 114
10-08-18 at 16:47:23:934 014
10-08-18 at 16:47:23:934 114
10-08-18 at 16:47:23:934 014
10-08-18 at 16:47:23:935 114
10-08-18 at 16:47:23:935 014
10-08-18 at 16:47:23:935 114
10-08-18 at 16:47:23:935 014
10-08-18 at 16:47:23:935 114
10-08-18 at 16:47:23:936 014
10-08-18 at 16:47:23:936 114
10-08-18 at 16:47:23:936 014
10-08-18 at 16:47:23:936 114
10-08-18 at 16:47:23:937 014
10-08-18 at 16:47:23:937 114
10-08-18 at 16:47:23:937 014
10-08-18 at 16:47:23:937 114
10-08-18 at 16:47:23:938 014
10-08-18 at 16:47:23:938 114
10-08-18 at 16:47:23:938 014
10-08-18 at 16:47:23:938 114
10-08-18 at 16:47:23:939 014
10-08-18 at 16:47:23:946 114
10-08-18 at 16:47:23:946 014
10-08-18 at 16:47:23:947 101
10-08-18 at 16:47:23:947 001
10-08-18 at 16:47:23:947 total calculated
10-08-18 at 16:47:23:954 now show on display
10-08-18 at 16:47:23:954 * Обои Палитра   350Всего:        350.00
10-08-18 at 16:47:23:955 now clear port error ...
10-08-18 at 16:47:23:955 now write to port ...
10-08-18 at 16:47:24:104 ... done
10-08-18 at 16:47:37:788  Нажата клавиша Ctrl+B
10-08-18 at 16:47:37:788 114
10-08-18 at 16:47:37:788 014
10-08-18 at 16:47:37:788 115
10-08-18 at 16:47:37:789 015
10-08-18 at 16:47:37:790 total calculated
10-08-18 at 16:47:37:793 now show on display
10-08-18 at 16:47:37:793 * Обои Палитра   350Всего:        350.00
10-08-18 at 16:47:37:793 now clear port error ...
10-08-18 at 16:47:37:793 now write to port ...
10-08-18 at 16:47:37:927 ... done
10-08-18 at 16:47:37:941 now clear port error ...
10-08-18 at 16:47:37:941 now write to port ...
10-08-18 at 16:47:38:099 ... done
10-08-18 at 16:47:38:099 now clear port error ...
10-08-18 at 16:47:38:099 now write to port ...
10-08-18 at 16:47:38:271 ... done
10-08-18 at 16:47:41:856 Ошибка платежа по картеОшибка 2000
10-08-18 at 16:47:41:857 116
10-08-18 at 16:47:41:857 016
10-08-18 at 16:47:41:916 114
10-08-18 at 16:47:41:916 014
10-08-18 at 16:47:41:916 Попытка очистки таблицы
10-08-18 at 16:47:41:916 Попытка очистки успешна
10-08-18 at 16:47:43:931  Нажата клавиша F10.
10-08-18 at 16:47:43:931 114
10-08-18 at 16:47:43:932 014
10-08-18 at 16:47:43:932 115
10-08-18 at 16:47:43:932 015
10-08-18 at 16:47:43:933 total calculated
10-08-18 at 16:47:43:936 now show on display
10-08-18 at 16:47:43:936 * Обои Палитра   350Всего:        350.00
10-08-18 at 16:47:43:936 now clear port error ...
10-08-18 at 16:47:43:936 now write to port ...
10-08-18 at 16:47:44:070 ... done
10-08-18 at 16:47:44:079 now clear port error ...
10-08-18 at 16:47:44:079 now write to port ...
10-08-18 at 16:47:44:242 ... done
10-08-18 at 16:47:44:242 now clear port error ...
10-08-18 at 16:47:44:243 now write to port ...
10-08-18 at 16:47:44:414 ... done
10-08-18 at 16:47:45:726 now clear port error ...
10-08-18 at 16:47:45:726 now write to port ...
10-08-18 at 16:47:45:860 ... done
10-08-18 at 16:47:45:871 Send 05 
10-08-18 at 16:47:45:886 Recived 15 
10-08-18 at 16:47:45:886 Send 06 
10-08-18 at 16:47:45:901 Send 02 06 28 1E 00 00 00 00 30 
10-08-18 at 16:47:45:916 Recived 06 02 03 28 00 1E 35 
10-08-18 at 16:47:45:931 Send 06 
10-08-18 at 16:47:45:935 Вход в FRInit
10-08-18 at 16:47:45:935 Вход в GetStatus
10-08-18 at 16:47:45:946 Send 05 
10-08-18 at 16:47:45:961 Recived 15 
10-08-18 at 16:47:45:961 Send 06 
10-08-18 at 16:47:45:976 Send 02 05 11 1E 00 00 00 0A 
10-08-18 at 16:47:45:991 Recived 06 02 30 11 00 1E 43 31 CB D3 19 04 12 01 23 00 92 02 02 00 00 4E 41 00 00 01 01 10 0A 08 12 10 2F 2E 00 2E 5D 00 00 0A 00 00 00 00 00 D2 E9 1E 42 01 00 EB 
10-08-18 at 16:47:46:006 Send 06 
10-08-18 at 16:47:46:010 KKMStatus 0000
10-08-18 at 16:47:46:021 Send 05 
10-08-18 at 16:47:46:036 Recived 15 
10-08-18 at 16:47:46:036 Send 06 
10-08-18 at 16:47:46:051 Send 02 06 8D 1E 00 00 00 00 95 
10-08-18 at 16:47:46:066 Recived 06 
10-08-18 at 16:47:46:081 Recived 02 03 8D 00 1E 90 
10-08-18 at 16:47:46:096 Send 06 
10-08-18 at 16:47:46:111 Send 05 
10-08-18 at 16:47:46:126 Recived 15 
10-08-18 at 16:47:46:126 Send 06 
10-08-18 at 16:47:46:141 Send 02 0A C2 1E 00 00 00 B2 71 38 85 15 BD 
10-08-18 at 16:47:46:156 Recived 06 02 03 C2 00 1E DF 
10-08-18 at 16:47:46:171 Send 06 
10-08-18 at 16:47:46:186 Send 05 
10-08-18 at 16:47:46:201 Recived 15 
10-08-18 at 16:47:46:201 Send 06 
10-08-18 at 16:47:46:216 Send 02 2E 17 1E 00 00 00 03 3D 3D 3D 3D 3D 3D 3D 3D 3D 3D 3D 3D 3D 3D 3D 3D 3D 3D 3D 3D 3D 3D 3D 3D 3D 3D 3D 3D 3D 3D 3D 3D 3D 3D 3D 3D 3D 3D 3D 3D 24 
10-08-18 at 16:47:46:235 Recived 06 02 03 17 00 1E 0A 
10-08-18 at 16:47:46:250 Send 06 
10-08-18 at 16:47:46:265 Send 05 
10-08-18 at 16:47:46:280 Recived 15 
10-08-18 at 16:47:46:280 Send 06 
10-08-18 at 16:47:46:295 Send 02 2E 17 1E 00 00 00 03 20 20 20 20 20 20 20 D7 C5 CA 20 30 32 2D 33 38 35 34 2D 31 38 30 38 2D 31 30 31 36 2D 34 37 34 36 00 00 00 00 00 00 00 F2 
10-08-18 at 16:47:46:314 Recived 06 02 03 17 00 1E 0A 
10-08-18 at 16:47:46:329 Send 06 
10-08-18 at 16:47:46:344 Send 05 
10-08-18 at 16:47:46:359 Recived 15 
10-08-18 at 16:47:46:359 Send 06 
10-08-18 at 16:47:46:374 Send 02 2E 17 1E 00 00 00 03 3D 3D 3D 3D 3D 3D 3D 3D 3D 3D 3D 3D 3D 3D 3D 3D 3D 3D 3D 3D 3D 3D 3D 3D 3D 3D 3D 3D 3D 3D 3D 3D 3D 3D 3D 3D 3D 3D 3D 3D 24 
10-08-18 at 16:47:46:393 Recived 06 02 03 17 00 1E 0A 
10-08-18 at 16:47:46:408 Send 06 
10-08-18 at 16:47:46:423 Send 05 
10-08-18 at 16:47:46:438 Recived 15 
10-08-18 at 16:47:46:438 Send 06 
10-08-18 at 16:47:46:453 Send 02 A0 FF 46 1E 00 00 00 01 40 42 0F 00 00 00 B8 88 00 00 00 FF FF FF FF FF FF FF FF FF FF 01 00 04 01 32 38 30 37 31 30 33 30 32 30 31 38 20 2A 20 CE E1 EE E8 20 CF E0 EB E8 F2 F0 E0 20 36 30 36 33 2D 32 38 20 20 F5 31 32 20 E2 E8 ED E8 EB 20 30 2C 35 33 2A 31 30 2C 30 35 EC 20 28 F8 F2 29 00 00 00 00 00 00 00 00 00 00 00 00 00 00 00 00 00 00 00 00 00 00 00 00 00 00 00 00 00 00 00 00 00 00 00 00 00 00 00 00 00 00 00 00 00 00 00 00 00 00 00 00 00 00 00 00 00 00 00 00 00 00 00 00 00 1F 
10-08-18 at 16:47:46:482 Recived 06 02 03 FF 46 00 BA 
10-08-18 at 16:47:46:497 Send 06 
10-08-18 at 16:47:46:512 Send 05 
10-08-18 at 16:47:46:527 Recived 15 
10-08-18 at 16:47:46:527 Send 06 
10-08-18 at 16:47:46:542 Send 02 2E 17 1E 00 00 00 03 3D 3D 3D 3D 3D 3D 3D 3D 3D 3D 3D 3D 3D 3D 3D 3D 3D 3D 3D 3D 3D 3D 3D 3D 3D 3D 3D 3D 3D 3D 3D 3D 3D 3D 3D 3D 3D 3D 3D 3D 24 
10-08-18 at 16:47:46:561 Recived 06 02 03 17 00 1E 0A 
10-08-18 at 16:47:46:576 Send 06 
10-08-18 at 16:47:46:591 Send 05 
10-08-18 at 16:47:46:606 Recived 15 
10-08-18 at 16:47:46:606 Send 06 
10-08-18 at 16:47:46:621 Send 02 2E 17 1E 00 00 00 03 20 00 00 00 00 00 00 00 00 00 00 00 00 00 00 00 00 00 00 00 00 00 00 00 00 00 00 00 00 00 00 00 00 00 00 00 00 00 00 00 04 
10-08-18 at 16:47:46:640 Recived 06 02 03 17 00 1E 0A 
10-08-18 at 16:47:46:655 Send 06 
10-08-18 at 16:47:46:670 Send 05 
10-08-18 at 16:47:46:685 Recived 15 
10-08-18 at 16:47:46:685 Send 06 
10-08-18 at 16:47:46:700 Send 02 2E 17 1E 00 00 00 03 20 20 20 20 CE EF EB E0 F2 E0 20 EF F0 E8 ED FF F2 E0 20 F1 20 E1 EB E0 E3 EE E4 E0 F0 ED EE F1 F2 FC FE 00 00 00 00 00 2B 
10-08-18 at 16:47:46:719 Recived 06 02 03 17 00 1E 0A 
10-08-18 at 16:47:46:734 Send 06 
10-08-18 at 16:47:46:749 Send 05 
10-08-18 at 16:47:46:764 Recived 15 
10-08-18 at 16:47:46:764 Send 06 
10-08-18 at 16:47:46:779 Send 02 2E 17 1E 00 00 00 03 20 20 C6 E4 E5 EC 20 E2 E0 F1 20 E5 E6 E5 E4 ED E5 E2 ED EE 20 F1 20 39 2E 30 30 20 E4 EE 20 32 32 2E 30 30 00 00 00 00 D5 
10-08-18 at 16:47:46:798 Recived 06 02 03 17 00 1E 0A 
10-08-18 at 16:47:46:813 Send 06 
10-08-18 at 16:47:46:828 Send 05 
10-08-18 at 16:47:46:843 Recived 15 
10-08-18 at 16:47:46:843 Send 06 
10-08-18 at 16:47:46:858 Send 02 2E 17 1E 00 00 00 03 20 20 20 20 EF EE 20 E0 E4 F0 E5 F1 F3 3A 36 33 30 30 32 37 2C E3 2E CD EE E2 EE F1 E8 E1 E8 F0 F1 EA 2C 00 00 00 00 00 35 
10-08-18 at 16:47:46:877 Recived 06 02 03 17 00 1E 0A 
10-08-18 at 16:47:46:892 Send 06 
10-08-18 at 16:47:46:907 Send 05 
10-08-18 at 16:47:46:922 Recived 15 
10-08-18 at 16:47:46:922 Send 06 
10-08-18 at 16:47:46:937 Send 02 2E 17 1E 00 00 00 03 F3 EB 2E D2 EE EB EC E0 F7 E5 E2 F1 EA E0 FF 2C 20 31 39 E0 20 EA 2E 32 2C 20 F2 E5 EB 2E 3A 33 36 33 2D 30 35 2D 30 35 DD 
10-08-18 at 16:47:46:956 Recived 06 02 03 17 00 1E 0A 
10-08-18 at 16:47:46:971 Send 06 
10-08-18 at 16:47:46:986 Send 05 
10-08-18 at 16:47:47:001 Recived 15 
10-08-18 at 16:47:47:001 Send 06 
10-08-18 at 16:47:47:016 Send 02 83 FF 45 1E 00 00 00 B8 88 00 00 00 00 00 00 00 00 00 00 00 00 00 00 00 00 00 00 00 00 00 00 00 00 00 00 00 00 00 00 00 00 00 00 00 00 00 00 00 00 00 00 00 00 00 00 00 00 00 00 00 00 00 00 00 00 00 00 00 00 00 00 00 00 00 00 00 00 00 00 00 00 00 00 00 00 00 00 00 00 00 00 00 00 00 20 00 00 00 00 00 00 00 00 00 00 00 00 00 00 00 00 00 00 00 00 00 00 00 00 00 00 00 00 00 00 00 00 00 00 00 00 00 37 
10-08-18 at 16:47:47:042 Recived 06 
10-08-18 at 16:47:47:522 Recived 02 10 FF 45 00 00 00 00 00 00 42 00 00 00 BA 36 F3 1B 8C 
10-08-18 at 16:47:47:537 Send 06 
10-08-18 at 16:47:47:540 WAIT_OBJECT_0
10-08-18 at 16:47:47:544 Запись чека в базу
10-08-18 at 16:47:47:554 WritePresent
10-08-18 at 16:47:47:554 UpdateCentralCounts
10-08-18 at 16:47:47:657 UpdateCentralCounts
10-08-18 at 16:47:47:657 ActivateGiftCards(PresentGrid)
10-08-18 at 16:47:47:657 ActivateGiftCards(Grid)
10-08-18 at 16:47:47:657 GiftCardDoPayments
10-08-18 at 16:47:47:658 GiftCardClearPayments
10-08-18 at 16:47:47:658 Попытка очистки таблицы
10-08-18 at 16:47:47:658 Попытка очистки успешна
10-08-18 at 16:47:47:658 Попытка очистки таблицы
10-08-18 at 16:47:47:659 Попытка очистки успешна
10-08-18 at 16:47:47:659 total calculated
10-08-18 at 16:47:47:659 now show on display
10-08-18 at 16:47:47:659                     Всего:          0.00
10-08-18 at 16:47:47:659 now clear port error ...
10-08-18 at 16:47:47:659 now write to port ...
10-08-18 at 16:47:47:793 ... done
10-08-18 at 16:47:47:793 now clear port error ...
10-08-18 at 16:47:47:794 now write to port ...
10-08-18 at 16:47:47:965 ... done
10-08-18 at 16:47:47:967 116
10-08-18 at 16:47:47:968 016
10-08-18 at 16:47:58:158 Send 05 
10-08-18 at 16:47:58:173 Recived 15 
10-08-18 at 16:47:58:173 Send 06 
10-08-18 at 16:47:58:188 Send 02 2E 17 1E 00 00 00 03 20 20 CF EE E4 E0 F0 EE F7 ED FB E5 20 EA E0 F0 F2 FB 20 ED E5 20 EF F0 EE E4 E0 E2 E0 EB E8 F1 FC 00 00 00 00 00 00 00 39 
10-08-18 at 16:47:58:207 Recived 06 02 03 17 00 1E 0A 
10-08-18 at 16:47:58:222 Send 06 
10-08-18 at 16:47:58:237 Send 05 
10-08-18 at 16:47:58:252 Recived 15 
10-08-18 at 16:47:58:252 Send 06 
10-08-18 at 16:47:58:267 Send 02 2E 17 1E 00 00 00 03 2D 2D 2D 2D 2D 2D 2D 2D 2D 2D 2D 2D 2D 2D 2D 2D 2D 2D 2D 2D 2D 2D 2D 2D 2D 2D 2D 2D 2D 2D 2D 2D 2D 2D 2D 2D 2D 2D 2D 2D 24 
10-08-18 at 16:47:58:286 Recived 06 02 03 17 00 1E 0A 
10-08-18 at 16:47:58:301 Send 06 
10-08-18 at 16:47:58:316 Send 05 
10-08-18 at 16:47:58:331 Recived 15 
10-08-18 at 16:47:58:331 Send 06 
10-08-18 at 16:47:58:346 Send 02 05 41 1E 00 00 00 5A 
10-08-18 at 16:47:58:361 Recived 06 
10-08-18 at 16:47:58:706 Recived 02 03 41 00 1E 5C 
10-08-18 at 16:47:58:721 Send 06 
10-08-18 at 16:47:58:729 111
10-08-18 at 16:48:08:967 Send 05 
10-08-18 at 16:48:08:982 Recived 15 
10-08-18 at 16:48:08:982 Send 06 
10-08-18 at 16:48:08:997 Send 02 08 21 1E 00 00 00 10 30 08 1F 
10-08-18 at 16:48:09:012 Recived 06 02 02 21 00 23 
10-08-18 at 16:48:09:027 Send 06 
10-08-18 at 16:48:09:037 Вход в GetStatus
10-08-18 at 16:48:09:042 Send 05 
10-08-18 at 16:48:09:057 Recived 15 
10-08-18 at 16:48:09:057 Send 06 
10-08-18 at 16:48:09:072 Send 02 05 11 1E 00 00 00 0A 
10-08-18 at 16:48:09:087 Recived 06 02 30 11 00 1E 43 31 CB D3 19 04 12 01 25 00 92 02 04 00 00 4E 41 00 00 01 01 10 0A 08 12 10 30 08 00 2E 5D 00 00 0B 00 00 00 00 00 D2 E9 1E 42 01 00 D3 
10-08-18 at 16:48:09:102 Send 06 
10-08-18 at 16:48:09:112 KKMStatus 0000
10-08-18 at 16:48:09:117 Send 05 
10-08-18 at 16:48:09:132 Recived 15 
10-08-18 at 16:48:09:132 Send 06 
10-08-18 at 16:48:09:147 Send 02 05 E0 1E 00 00 00 FB 
10-08-18 at 16:48:09:162 Recived 06 
10-08-18 at 16:48:10:377 Recived 02 03 E0 00 1E FD 
10-08-18 at 16:48:10:392 Send 06 
10-08-18 at 16:48:36:435 Send 05 
10-08-18 at 16:48:36:450 Recived 15 
10-08-18 at 16:48:36:450 Send 06 
10-08-18 at 16:48:36:465 Send 02 06 FF 39 1E 00 00 00 DE 
10-08-18 at 16:48:36:480 Recived 06 02 10 FF 39 00 00 00 00 00 00 00 00 00 00 00 00 00 00 D6 
10-08-18 at 16:48:36:495 Send 06 
10-08-18 at 16:48:51:020 114
10-08-18 at 16:48:51:020 014
10-08-18 at 16:48:51:020 114
10-08-18 at 16:48:51:020 014
10-08-18 at 16:48:51:021 Попытка очистки таблицы
10-08-18 at 16:48:51:021 Попытка очистки успешна
10-08-18 at 16:48:51:022 total calculated
10-08-18 at 16:48:51:022 now show on display
10-08-18 at 16:48:51:022                     Всего:          0.00
10-08-18 at 16:48:51:022 now clear port error ...
10-08-18 at 16:48:51:023 now write to port ...
10-08-18 at 16:48:51:156 ... done
10-08-18 at 16:48:51:157 114
10-08-18 at 16:48:51:157 014
10-08-18 at 16:48:51:157 114
10-08-18 at 16:48:51:158 014
10-08-18 at 16:48:51:158 114
10-08-18 at 16:48:51:158 014
10-08-18 at 16:48:51:158 114
10-08-18 at 16:48:51:158 014
10-08-18 at 16:48:51:159 114
10-08-18 at 16:48:51:159 014
10-08-18 at 16:48:51:159 114
10-08-18 at 16:48:51:159 014
10-08-18 at 16:48:51:160 114
10-08-18 at 16:48:51:160 014
10-08-18 at 16:48:51:160 114
10-08-18 at 16:48:51:160 014
10-08-18 at 16:48:51:161 114
10-08-18 at 16:48:51:161 014
10-08-18 at 16:48:51:161 114
10-08-18 at 16:48:51:162 014
10-08-18 at 16:48:51:162 114
10-08-18 at 16:48:51:162 014
10-08-18 at 16:48:51:162 114
10-08-18 at 16:48:51:163 014
10-08-18 at 16:48:51:163 114
10-08-18 at 16:48:51:163 014
10-08-18 at 16:48:51:163 114
10-08-18 at 16:48:51:164 014
10-08-18 at 16:48:51:164 114
10-08-18 at 16:48:51:164 014
10-08-18 at 16:48:51:165 101
10-08-18 at 16:48:51:165 001
10-08-18 at 16:48:51:165 total calculated
10-08-18 at 16:48:51:173 now show on display
10-08-18 at 16:48:51:173 * Обои Палитра   350Всего:        350.00
10-08-18 at 16:48:51:173 now clear port error ...
10-08-18 at 16:48:51:174 now write to port ...
10-08-18 at 16:48:51:328 ... done
10-08-18 at 16:49:48:312 114
10-08-18 at 16:49:48:313 014
10-08-18 at 16:49:48:314 total calculated
10-08-18 at 16:49:48:317 now show on display
10-08-18 at 16:49:48:318 * Обои Палитра   350Всего:        350.00
10-08-18 at 16:49:48:318 now clear port error ...
10-08-18 at 16:49:48:318 now write to port ...
10-08-18 at 16:49:48:452 ... done
10-08-18 at 16:49:48:752 114
10-08-18 at 16:49:48:752 014
10-08-18 at 16:49:49:361 114
10-08-18 at 16:49:49:361 014
10-08-18 at 16:49:50:457 114
10-08-18 at 16:49:50:457 014
10-08-18 at 16:49:53:680 114
10-08-18 at 16:49:53:680 014
10-08-18 at 16:49:53:808 114
10-08-18 at 16:49:53:808 014
10-08-18 at 16:49:53:936 114
10-08-18 at 16:49:53:936 014
10-08-18 at 16:49:54:056 114
10-08-18 at 16:49:54:056 014
10-08-18 at 16:49:54:192 114
10-08-18 at 16:49:54:192 014
10-08-18 at 16:49:54:320 114
10-08-18 at 16:49:54:320 014
10-08-18 at 16:50:00:385 114
10-08-18 at 16:50:00:385 014
10-08-18 at 16:50:00:712 114
10-08-18 at 16:50:00:713 014
10-08-18 at 16:50:01:032 114
10-08-18 at 16:50:01:033 014
10-08-18 at 16:50:02:248 114
10-08-18 at 16:50:02:249 014
10-08-18 at 16:50:04:353 114
10-08-18 at 16:50:04:353 014
10-08-18 at 16:50:04:560 114
10-08-18 at 16:50:04:561 014
10-08-18 at 16:50:06:937 114
10-08-18 at 16:50:06:937 014
10-08-18 at 16:50:07:297 114
10-08-18 at 16:50:07:297 014
10-08-18 at 16:50:08:817 114
10-08-18 at 16:50:08:817 014
10-08-18 at 16:50:09:009 114
10-08-18 at 16:50:09:010 014
10-08-18 at 16:50:10:745 114
10-08-18 at 16:50:10:745 014
10-08-18 at 16:50:10:745 114
10-08-18 at 16:50:10:746 014
10-08-18 at 16:50:12:270 total calculated
10-08-18 at 16:50:12:273 now show on display
10-08-18 at 16:50:12:273 * Обои Палитра   350Всего:        350.00
10-08-18 at 16:50:12:273 now clear port error ...
10-08-18 at 16:50:12:273 now write to port ...
10-08-18 at 16:50:12:407 ... done
10-08-18 at 16:50:12:410 total calculated
10-08-18 at 16:50:12:413 now show on display
10-08-18 at 16:50:12:413 * Обои Палитра   350Всего:        350.00
10-08-18 at 16:50:12:414 now clear port error ...
10-08-18 at 16:50:12:414 now write to port ...
10-08-18 at 16:50:12:579 ... done
10-08-18 at 16:50:14:265  Нажата клавиша F10.
10-08-18 at 16:50:14:265 114
10-08-18 at 16:50:14:266 014
10-08-18 at 16:50:14:266 115
10-08-18 at 16:50:14:266 015
10-08-18 at 16:50:14:267 total calculated
10-08-18 at 16:50:14:270 now show on display
10-08-18 at 16:50:14:270 * Обои Палитра   350Всего:        350.00
10-08-18 at 16:50:14:271 now clear port error ...
10-08-18 at 16:50:14:271 now write to port ...
10-08-18 at 16:50:14:404 ... done
10-08-18 at 16:50:14:415 now clear port error ...
10-08-18 at 16:50:14:415 now write to port ...
10-08-18 at 16:50:14:576 ... done
10-08-18 at 16:50:14:577 now clear port error ...
10-08-18 at 16:50:14:577 now write to port ...
10-08-18 at 16:50:14:748 ... done
10-08-18 at 16:50:19:968 116
10-08-18 at 16:50:19:968 016
10-08-18 at 16:50:19:968 Попытка очистки таблицы
10-08-18 at 16:50:19:968 Попытка очистки успешна
10-08-18 at 16:50:20:442 114
10-08-18 at 16:50:20:442 014
10-08-18 at 16:50:20:443 Попытка очистки таблицы
10-08-18 at 16:50:20:443 Попытка очистки успешна
10-08-18 at 16:50:30:490 114
10-08-18 at 16:50:30:490 014
10-08-18 at 16:50:30:490 Попытка очистки таблицы
10-08-18 at 16:50:30:491 Попытка очистки успешна
10-08-18 at 16:50:30:492 total calculated
10-08-18 at 16:50:30:496 now show on display
10-08-18 at 16:50:30:496 * Обои Палитра   350Всего:        350.00
10-08-18 at 16:50:30:496 now clear port error ...
10-08-18 at 16:50:30:496 now write to port ...
10-08-18 at 16:50:30:630 ... done
10-08-18 at 16:50:30:666 114
10-08-18 at 16:50:30:666 014
10-08-18 at 16:50:30:954 114
10-08-18 at 16:50:30:954 014
10-08-18 at 16:50:31:154 114
10-08-18 at 16:50:31:154 014
10-08-18 at 16:50:32:841 114
10-08-18 at 16:50:32:842 014
10-08-18 at 16:50:33:074 114
10-08-18 at 16:50:33:074 014
10-08-18 at 16:50:33:210 114
10-08-18 at 16:50:33:210 014
10-08-18 at 16:50:35:001 114
10-08-18 at 16:50:35:002 014
10-08-18 at 16:50:35:362 114
10-08-18 at 16:50:35:362 014
10-08-18 at 16:50:35:674 114
10-08-18 at 16:50:35:675 014
10-08-18 at 16:50:36:738 114
10-08-18 at 16:50:36:739 014
10-08-18 at 16:50:36:739 114
10-08-18 at 16:50:36:739 014
10-08-18 at 16:50:37:509 total calculated
10-08-18 at 16:50:37:511 now show on display
10-08-18 at 16:50:37:511 * Обои Палитра   350Всего:        350.00
10-08-18 at 16:50:37:511 now clear port error ...
10-08-18 at 16:50:37:511 now write to port ...
10-08-18 at 16:50:37:645 ... done
10-08-18 at 16:50:37:648 total calculated
10-08-18 at 16:50:37:651 now show on display
10-08-18 at 16:50:37:651 * Обои Палитра   350Всего:        350.00
10-08-18 at 16:50:37:651 now clear port error ...
10-08-18 at 16:50:37:652 now write to port ...
10-08-18 at 16:50:37:817 ... done
10-08-18 at 16:50:37:827 Send 05 
10-08-18 at 16:50:37:842 Recived 15 
10-08-18 at 16:50:37:842 Send 06 
10-08-18 at 16:50:37:857 Send 02 06 FF 39 1E 00 00 00 DE 
10-08-18 at 16:50:37:872 Recived 06 02 10 FF 39 00 00 00 00 00 00 00 00 00 00 00 00 00 00 D6 
10-08-18 at 16:50:37:887 Send 06 
10-08-18 at 16:50:40:082  Нажата клавиша F10.
10-08-18 at 16:50:40:083 114
10-08-18 at 16:50:40:083 014
10-08-18 at 16:50:40:083 115
10-08-18 at 16:50:40:083 015
10-08-18 at 16:50:40:084 total calculated
10-08-18 at 16:50:40:088 now show on display
10-08-18 at 16:50:40:088 * Обои Палитра   350Всего:        350.00
10-08-18 at 16:50:40:089 now clear port error ...
10-08-18 at 16:50:40:089 now write to port ...
10-08-18 at 16:50:40:223 ... done
10-08-18 at 16:50:40:232 now clear port error ...
10-08-18 at 16:50:40:233 now write to port ...
10-08-18 at 16:50:40:394 ... done
10-08-18 at 16:50:40:395 now clear port error ...
10-08-18 at 16:50:40:395 now write to port ...
10-08-18 at 16:50:40:566 ... done
10-08-18 at 16:50:42:878 now clear port error ...
10-08-18 at 16:50:42:878 now write to port ...
10-08-18 at 16:50:43:012 ... done
10-08-18 at 16:50:43:017 Send 05 
10-08-18 at 16:50:43:032 Recived 15 
10-08-18 at 16:50:43:032 Send 06 
10-08-18 at 16:50:43:047 Send 02 06 28 1E 00 00 00 00 30 
10-08-18 at 16:50:43:062 Recived 06 02 03 28 00 1E 35 
10-08-18 at 16:50:43:077 Send 06 
10-08-18 at 16:50:43:078 Вход в FRInit
10-08-18 at 16:50:43:078 Вход в GetStatus
10-08-18 at 16:50:43:092 Send 05 
10-08-18 at 16:50:43:107 Recived 15 
10-08-18 at 16:50:43:107 Send 06 
10-08-18 at 16:50:43:122 Send 02 05 11 1E 00 00 00 0A 
10-08-18 at 16:50:43:137 Recived 06 02 30 11 00 1E 43 31 CB D3 19 04 12 01 26 00 92 02 02 00 00 4E 41 00 00 01 01 10 0A 08 12 10 32 2A 00 2E 5D 00 00 0B 00 00 00 00 00 D2 E9 1E 42 01 00 F6 
10-08-18 at 16:50:43:152 Send 06 
10-08-18 at 16:50:43:153 KKMStatus 0000
10-08-18 at 16:50:43:167 Send 05 
10-08-18 at 16:50:43:182 Recived 15 
10-08-18 at 16:50:43:182 Send 06 
10-08-18 at 16:50:43:197 Send 02 06 8D 1E 00 00 00 00 95 
10-08-18 at 16:50:43:212 Recived 06 
10-08-18 at 16:50:43:227 Recived 02 03 8D 00 1E 90 
10-08-18 at 16:50:43:242 Send 06 
10-08-18 at 16:50:43:257 Send 05 
10-08-18 at 16:50:43:272 Recived 15 
10-08-18 at 16:50:43:272 Send 06 
10-08-18 at 16:50:43:287 Send 02 0A C2 1E 00 00 00 63 72 38 85 15 6F 
10-08-18 at 16:50:43:302 Recived 06 02 03 C2 00 1E DF 
10-08-18 at 16:50:43:317 Send 06 
10-08-18 at 16:50:43:332 Send 05 
10-08-18 at 16:50:43:347 Recived 15 
10-08-18 at 16:50:43:347 Send 06 
10-08-18 at 16:50:43:362 Send 02 2E 17 1E 00 00 00 03 3D 3D 3D 3D 3D 3D 3D 3D 3D 3D 3D 3D 3D 3D 3D 3D 3D 3D 3D 3D 3D 3D 3D 3D 3D 3D 3D 3D 3D 3D 3D 3D 3D 3D 3D 3D 3D 3D 3D 3D 24 
10-08-18 at 16:50:43:381 Recived 06 02 03 17 00 1E 0A 
10-08-18 at 16:50:43:396 Send 06 
10-08-18 at 16:50:43:411 Send 05 
10-08-18 at 16:50:43:426 Recived 15 
10-08-18 at 16:50:43:426 Send 06 
10-08-18 at 16:50:43:441 Send 02 2E 17 1E 00 00 00 03 20 20 20 20 20 20 20 D7 C5 CA 20 30 32 2D 33 38 35 34 2D 31 38 30 38 2D 31 30 31 36 2D 35 30 34 33 00 00 00 00 00 00 00 F1 
10-08-18 at 16:50:43:460 Recived 06 02 03 17 00 1E 0A 
10-08-18 at 16:50:43:475 Send 06 
10-08-18 at 16:50:43:490 Send 05 
10-08-18 at 16:50:43:505 Recived 15 
10-08-18 at 16:50:43:505 Send 06 
10-08-18 at 16:50:43:520 Send 02 2E 17 1E 00 00 00 03 3D 3D 3D 3D 3D 3D 3D 3D 3D 3D 3D 3D 3D 3D 3D 3D 3D 3D 3D 3D 3D 3D 3D 3D 3D 3D 3D 3D 3D 3D 3D 3D 3D 3D 3D 3D 3D 3D 3D 3D 24 
10-08-18 at 16:50:43:539 Recived 06 02 03 17 00 1E 0A 
10-08-18 at 16:50:43:554 Send 06 
10-08-18 at 16:50:43:569 Send 05 
10-08-18 at 16:50:43:584 Recived 15 
10-08-18 at 16:50:43:584 Send 06 
10-08-18 at 16:50:43:599 Send 02 A0 FF 46 1E 00 00 00 01 40 42 0F 00 00 00 B8 88 00 00 00 FF FF FF FF FF FF FF FF FF FF 01 00 04 01 32 38 30 37 31 30 33 30 32 30 31 38 20 2A 20 CE E1 EE E8 20 CF E0 EB E8 F2 F0 E0 20 36 30 36 33 2D 32 38 20 20 F5 31 32 20 E2 E8 ED E8 EB 20 30 2C 35 33 2A 31 30 2C 30 35 EC 20 28 F8 F2 29 00 00 00 00 00 00 00 00 00 00 00 00 00 00 00 00 00 00 00 00 00 00 00 00 00 00 00 00 00 00 00 00 00 00 00 00 00 00 00 00 00 00 00 00 00 00 00 00 00 00 00 00 00 00 00 00 00 00 00 00 00 00 00 00 00 1F 
10-08-18 at 16:50:43:628 Recived 06 02 03 FF 46 00 BA 
10-08-18 at 16:50:43:643 Send 06 
10-08-18 at 16:50:43:658 Send 05 
10-08-18 at 16:50:43:673 Recived 15 
10-08-18 at 16:50:43:673 Send 06 
10-08-18 at 16:50:43:688 Send 02 2E 17 1E 00 00 00 03 2D 2D 2D 2D 2D 2D 2D 2D 2D 2D 2D 2D 2D 2D 2D 2D 2D 2D 2D 2D 2D 2D 2D 2D 2D 2D 2D 2D 2D 2D 2D 2D 2D 2D 2D 2D 2D 2D 2D 2D 24 
10-08-18 at 16:50:43:707 Recived 06 02 03 17 00 1E 0A 
10-08-18 at 16:50:43:722 Send 06 
10-08-18 at 16:50:43:737 Send 05 
10-08-18 at 16:50:43:752 Recived 15 
10-08-18 at 16:50:43:752 Send 06 
10-08-18 at 16:50:43:767 Send 02 2E 17 1E 00 00 00 03 CF EE E4 E0 F0 EE F7 ED E0 FF 20 EA E0 F0 F2 E0 20 30 31 30 31 37 35 35 32 39 31 20 EE EF EB E0 F2 E0 00 00 00 00 00 00 C7 
10-08-18 at 16:50:43:786 Recived 06 02 03 17 00 1E 0A 
10-08-18 at 16:50:43:801 Send 06 
10-08-18 at 16:50:43:816 Send 05 
10-08-18 at 16:50:43:831 Recived 15 
10-08-18 at 16:50:43:831 Send 06 
10-08-18 at 16:50:43:846 Send 02 2E 17 1E 00 00 00 03 EF F0 E8 ED FF F2 E0 20 ED E0 20 F1 F3 EC EC F3 20 32 37 30 2E 35 30 00 00 00 00 00 00 00 00 00 00 00 00 00 00 00 00 00 11 
10-08-18 at 16:50:43:865 Recived 06 02 03 17 00 1E 0A 
10-08-18 at 16:50:43:880 Send 06 
10-08-18 at 16:50:43:895 Send 05 
10-08-18 at 16:50:43:910 Recived 15 
10-08-18 at 16:50:43:910 Send 06 
10-08-18 at 16:50:43:925 Send 02 2E 17 1E 00 00 00 03 EE F1 F2 E0 F2 EE EA 20 ED E0 20 EA E0 F0 F2 E5 20 30 2E 30 30 00 00 00 00 00 00 00 00 00 00 00 00 00 00 00 00 00 00 00 01 
10-08-18 at 16:50:43:944 Recived 06 02 03 17 00 1E 0A 
10-08-18 at 16:50:43:959 Send 06 
10-08-18 at 16:50:43:974 Send 05 
10-08-18 at 16:50:43:989 Recived 15 
10-08-18 at 16:50:43:989 Send 06 
10-08-18 at 16:50:44:004 Send 02 2E 17 1E 00 00 00 03 3D 3D 3D 3D 3D 3D 3D 3D 3D 3D 3D 3D 3D 3D 3D 3D 3D 3D 3D 3D 3D 3D 3D 3D 3D 3D 3D 3D 3D 3D 3D 3D 3D 3D 3D 3D 3D 3D 3D 3D 24 
10-08-18 at 16:50:44:023 Recived 06 02 03 17 00 1E 0A 
10-08-18 at 16:50:44:038 Send 06 
10-08-18 at 16:50:44:053 Send 05 
10-08-18 at 16:50:44:068 Recived 15 
10-08-18 at 16:50:44:068 Send 06 
10-08-18 at 16:50:44:083 Send 02 2E 17 1E 00 00 00 03 20 00 00 00 00 00 00 00 00 00 00 00 00 00 00 00 00 00 00 00 00 00 00 00 00 00 00 00 00 00 00 00 00 00 00 00 00 00 00 00 04 
10-08-18 at 16:50:44:102 Recived 06 02 03 17 00 1E 0A 
10-08-18 at 16:50:44:117 Send 06 
10-08-18 at 16:50:44:132 Send 05 
10-08-18 at 16:50:44:147 Recived 15 
10-08-18 at 16:50:44:147 Send 06 
10-08-18 at 16:50:44:162 Send 02 2E 17 1E 00 00 00 03 20 20 20 20 CE EF EB E0 F2 E0 20 EF F0 E8 ED FF F2 E0 20 F1 20 E1 EB E0 E3 EE E4 E0 F0 ED EE F1 F2 FC FE 00 00 00 00 00 2B 
10-08-18 at 16:50:44:181 Recived 06 02 03 17 00 1E 0A 
10-08-18 at 16:50:44:196 Send 06 
10-08-18 at 16:50:44:211 Send 05 
10-08-18 at 16:50:44:226 Recived 15 
10-08-18 at 16:50:44:226 Send 06 
10-08-18 at 16:50:44:241 Send 02 2E 17 1E 00 00 00 03 20 20 C6 E4 E5 EC 20 E2 E0 F1 20 E5 E6 E5 E4 ED E5 E2 ED EE 20 F1 20 39 2E 30 30 20 E4 EE 20 32 32 2E 30 30 00 00 00 00 D5 
10-08-18 at 16:50:44:260 Recived 06 02 03 17 00 1E 0A 
10-08-18 at 16:50:44:275 Send 06 
10-08-18 at 16:50:44:290 Send 05 
10-08-18 at 16:50:44:305 Recived 15 
10-08-18 at 16:50:44:305 Send 06 
10-08-18 at 16:50:44:320 Send 02 2E 17 1E 00 00 00 03 20 20 20 20 EF EE 20 E0 E4 F0 E5 F1 F3 3A 36 33 30 30 32 37 2C E3 2E CD EE E2 EE F1 E8 E1 E8 F0 F1 EA 2C 00 00 00 00 00 35 
10-08-18 at 16:50:44:339 Recived 06 02 03 17 00 1E 0A 
10-08-18 at 16:50:44:354 Send 06 
10-08-18 at 16:50:44:369 Send 05 
10-08-18 at 16:50:44:384 Recived 15 
10-08-18 at 16:50:44:384 Send 06 
10-08-18 at 16:50:44:399 Send 02 2E 17 1E 00 00 00 03 F3 EB 2E D2 EE EB EC E0 F7 E5 E2 F1 EA E0 FF 2C 20 31 39 E0 20 EA 2E 32 2C 20 F2 E5 EB 2E 3A 33 36 33 2D 30 35 2D 30 35 DD 
10-08-18 at 16:50:44:418 Recived 06 02 03 17 00 1E 0A 
10-08-18 at 16:50:44:433 Send 06 
10-08-18 at 16:50:44:448 Send 05 
10-08-18 at 16:50:44:463 Recived 15 
10-08-18 at 16:50:44:463 Send 06 
10-08-18 at 16:50:44:478 Send 02 83 FF 45 1E 00 00 00 DC 1E 00 00 00 00 00 00 00 00 00 00 00 00 00 00 00 00 00 00 00 00 00 00 00 00 00 00 00 00 00 00 00 00 00 00 00 00 00 00 00 00 00 00 00 00 00 00 00 00 00 00 00 00 00 00 00 00 00 00 00 00 00 00 00 AA 69 00 00 00 00 00 00 00 00 00 00 00 00 00 32 00 00 00 00 00 00 20 00 00 00 00 00 00 00 00 00 00 00 00 00 00 00 00 00 00 00 00 00 00 00 00 00 00 00 00 00 00 00 00 00 00 00 00 00 34 
10-08-18 at 16:50:44:505 Recived 06 
10-08-18 at 16:50:44:715 Recived 02 10 FF 45 00 00 00 00 00 00 45 00 00 00 9A 16 9C 6B 94 
10-08-18 at 16:50:44:730 Send 06 
10-08-18 at 16:50:44:733 WAIT_OBJECT_0
10-08-18 at 16:50:44:742 Запись чека в базу
10-08-18 at 16:50:44:753 WritePresent
10-08-18 at 16:50:44:754 UpdateCentralCounts
10-08-18 at 16:50:44:841 UpdateCentralCounts
10-08-18 at 16:50:44:841 ActivateGiftCards(PresentGrid)
10-08-18 at 16:50:44:841 ActivateGiftCards(Grid)
10-08-18 at 16:50:44:877 GiftCardDoPayments
10-08-18 at 16:50:44:878 GiftCardClearPayments
10-08-18 at 16:50:44:878 Попытка очистки таблицы
10-08-18 at 16:50:44:878 Попытка очистки успешна
10-08-18 at 16:50:44:879 Попытка очистки таблицы
10-08-18 at 16:50:44:879 Попытка очистки успешна
10-08-18 at 16:50:44:879 total calculated
10-08-18 at 16:50:44:880 now show on display
10-08-18 at 16:50:44:880                     Всего:          0.00
10-08-18 at 16:50:44:880 now clear port error ...
10-08-18 at 16:50:44:880 now write to port ...
10-08-18 at 16:50:45:014 ... done
10-08-18 at 16:50:45:014 now clear port error ...
10-08-18 at 16:50:45:014 now write to port ...
10-08-18 at 16:50:45:186 ... done
10-08-18 at 16:50:45:192 116
10-08-18 at 16:50:45:192 016
10-08-18 at 16:50:57:662 Send 05 
10-08-18 at 16:50:57:677 Recived 15 
10-08-18 at 16:50:57:677 Send 06 
10-08-18 at 16:50:57:692 Send 02 2E 17 1E 00 00 00 03 20 20 CF EE E4 E0 F0 EE F7 ED FB E5 20 EA E0 F0 F2 FB 20 ED E5 20 EF F0 EE E4 E0 E2 E0 EB E8 F1 FC 00 00 00 00 00 00 00 39 
10-08-18 at 16:50:57:711 Recived 06 02 03 17 00 1E 0A 
10-08-18 at 16:50:57:726 Send 06 
10-08-18 at 16:50:57:741 Send 05 
10-08-18 at 16:50:57:756 Recived 15 
10-08-18 at 16:50:57:756 Send 06 
10-08-18 at 16:50:57:771 Send 02 2E 17 1E 00 00 00 03 2D 2D 2D 2D 2D 2D 2D 2D 2D 2D 2D 2D 2D 2D 2D 2D 2D 2D 2D 2D 2D 2D 2D 2D 2D 2D 2D 2D 2D 2D 2D 2D 2D 2D 2D 2D 2D 2D 2D 2D 24 
10-08-18 at 16:50:57:790 Recived 06 02 03 17 00 1E 0A 
10-08-18 at 16:50:57:805 Send 06 
10-08-18 at 16:50:57:820 Send 05 
10-08-18 at 16:50:57:835 Recived 15 
10-08-18 at 16:50:57:835 Send 06 
10-08-18 at 16:50:57:850 Send 02 05 41 1E 00 00 00 5A 
10-08-18 at 16:50:57:865 Recived 06 
10-08-18 at 16:50:58:210 Recived 02 03 41 00 1E 5C 
10-08-18 at 16:50:58:225 Send 06 
10-08-18 at 16:50:58:231 111
10-08-18 at 16:52:41:420 Send 05 
10-08-18 at 16:52:41:435 Recived 15 
10-08-18 at 16:52:41:435 Send 06 
10-08-18 at 16:52:41:450 Send 02 06 FF 39 1E 00 00 00 DE 
10-08-18 at 16:52:41:465 Recived 06 02 10 FF 39 00 00 00 00 00 00 00 00 00 00 00 00 00 00 D6 
10-08-18 at 16:52:41:480 Send 06 
10-08-18 at 16:54:42:632 Send 05 
10-08-18 at 16:54:42:647 Recived 15 
10-08-18 at 16:54:42:647 Send 06 
10-08-18 at 16:54:42:662 Send 02 06 FF 39 1E 00 00 00 DE 
10-08-18 at 16:54:42:677 Recived 06 02 10 FF 39 00 00 00 00 00 00 00 00 00 00 00 00 00 00 D6 
10-08-18 at 16:54:42:692 Send 06 
10-08-18 at 16:56:43:829 Send 05 
10-08-18 at 16:56:43:844 Recived 15 
10-08-18 at 16:56:43:844 Send 06 
10-08-18 at 16:56:43:859 Send 02 06 FF 39 1E 00 00 00 DE 
10-08-18 at 16:56:43:874 Recived 06 02 10 FF 39 00 00 00 00 00 00 00 00 00 00 00 00 00 00 D6 
10-08-18 at 16:56:43:889 Send 06 
10-08-18 at 16:58:45:026 Send 05 
10-08-18 at 16:58:45:041 Recived 15 
10-08-18 at 16:58:45:041 Send 06 
10-08-18 at 16:58:45:056 Send 02 06 FF 39 1E 00 00 00 DE 
10-08-18 at 16:58:45:071 Recived 06 02 10 FF 39 00 00 00 00 00 00 00 00 00 00 00 00 00 00 D6 
10-08-18 at 16:58:45:086 Send 06 
10-08-18 at 17:00:46:224 Send 05 
10-08-18 at 17:00:46:239 Recived 15 
10-08-18 at 17:00:46:239 Send 06 
10-08-18 at 17:00:46:254 Send 02 06 FF 39 1E 00 00 00 DE 
10-08-18 at 17:00:46:269 Recived 06 02 10 FF 39 00 00 00 00 00 00 00 00 00 00 00 00 00 00 D6 
10-08-18 at 17:00:46:284 Send 06 
10-08-18 at 17:02:47:421 Send 05 
10-08-18 at 17:02:47:436 Recived 15 
10-08-18 at 17:02:47:436 Send 06 
10-08-18 at 17:02:47:451 Send 02 06 FF 39 1E 00 00 00 DE 
10-08-18 at 17:02:47:466 Recived 06 02 10 FF 39 00 00 00 00 00 00 00 00 00 00 00 00 00 00 D6 
10-08-18 at 17:02:47:481 Send 06 
10-08-18 at 17:04:48:618 Send 05 
10-08-18 at 17:04:48:633 Recived 15 
10-08-18 at 17:04:48:633 Send 06 
10-08-18 at 17:04:48:648 Send 02 06 FF 39 1E 00 00 00 DE 
10-08-18 at 17:04:48:663 Recived 06 02 10 FF 39 00 00 00 00 00 00 00 00 00 00 00 00 00 00 D6 
10-08-18 at 17:04:48:678 Send 06 
10-08-18 at 17:06:49:815 Send 05 
10-08-18 at 17:06:49:830 Recived 15 
10-08-18 at 17:06:49:830 Send 06 
10-08-18 at 17:06:49:845 Send 02 06 FF 39 1E 00 00 00 DE 
10-08-18 at 17:06:49:860 Recived 06 02 10 FF 39 00 00 00 00 00 00 00 00 00 00 00 00 00 00 D6 
10-08-18 at 17:06:49:875 Send 06 
10-08-18 at 17:08:51:012 Send 05 
10-08-18 at 17:08:51:027 Recived 15 
10-08-18 at 17:08:51:027 Send 06 
10-08-18 at 17:08:51:042 Send 02 06 FF 39 1E 00 00 00 DE 
10-08-18 at 17:08:51:057 Recived 06 02 10 FF 39 00 00 00 00 00 00 00 00 00 00 00 00 00 00 D6 
10-08-18 at 17:08:51:072 Send 06 
10-08-18 at 17:10:52:209 Send 05 
10-08-18 at 17:10:52:224 Recived 15 
10-08-18 at 17:10:52:224 Send 06 
10-08-18 at 17:10:52:239 Send 02 06 FF 39 1E 00 00 00 DE 
10-08-18 at 17:10:52:254 Recived 06 02 10 FF 39 00 00 00 00 00 00 00 00 00 00 00 00 00 00 D6 
10-08-18 at 17:10:52:269 Send 06 
10-08-18 at 17:12:53:406 Send 05 
10-08-18 at 17:12:53:421 Recived 15 
10-08-18 at 17:12:53:421 Send 06 
10-08-18 at 17:12:53:436 Send 02 06 FF 39 1E 00 00 00 DE 
10-08-18 at 17:12:53:451 Recived 06 02 10 FF 39 00 00 00 00 00 00 00 00 00 00 00 00 00 00 D6 
10-08-18 at 17:12:53:466 Send 06 
10-08-18 at 17:14:54:603 Send 05 
10-08-18 at 17:14:54:618 Recived 15 
10-08-18 at 17:14:54:618 Send 06 
10-08-18 at 17:14:54:633 Send 02 06 FF 39 1E 00 00 00 DE 
10-08-18 at 17:14:54:648 Recived 06 02 10 FF 39 00 00 00 00 00 00 00 00 00 00 00 00 00 00 D6 
10-08-18 at 17:14:54:663 Send 06 
10-08-18 at 17:16:55:801 Send 05 
10-08-18 at 17:16:55:816 Recived 15 
10-08-18 at 17:16:55:816 Send 06 
10-08-18 at 17:16:55:831 Send 02 06 FF 39 1E 00 00 00 DE 
10-08-18 at 17:16:55:846 Recived 06 02 10 FF 39 00 00 00 00 00 00 00 00 00 00 00 00 00 00 D6 
10-08-18 at 17:16:55:861 Send 06 
10-08-18 at 17:18:56:998 Send 05 
10-08-18 at 17:18:57:013 Recived 15 
10-08-18 at 17:18:57:013 Send 06 
10-08-18 at 17:18:57:028 Send 02 06 FF 39 1E 00 00 00 DE 
10-08-18 at 17:18:57:043 Recived 06 02 10 FF 39 00 00 00 00 00 00 00 00 00 00 00 00 00 00 D6 
10-08-18 at 17:18:57:058 Send 06 
10-08-18 at 17:20:58:195 Send 05 
10-08-18 at 17:20:58:210 Recived 15 
10-08-18 at 17:20:58:210 Send 06 
10-08-18 at 17:20:58:225 Send 02 06 FF 39 1E 00 00 00 DE 
10-08-18 at 17:20:58:240 Recived 06 02 10 FF 39 00 00 00 00 00 00 00 00 00 00 00 00 00 00 D6 
10-08-18 at 17:20:58:255 Send 06 
10-08-18 at 17:22:59:392 Send 05 
10-08-18 at 17:22:59:407 Recived 15 
10-08-18 at 17:22:59:407 Send 06 
10-08-18 at 17:22:59:422 Send 02 06 FF 39 1E 00 00 00 DE 
10-08-18 at 17:22:59:437 Recived 06 02 10 FF 39 00 00 00 00 00 00 00 00 00 00 00 00 00 00 D6 
10-08-18 at 17:22:59:452 Send 06 
10-08-18 at 17:25:00:589 Send 05 
10-08-18 at 17:25:00:604 Recived 15 
10-08-18 at 17:25:00:604 Send 06 
10-08-18 at 17:25:00:619 Send 02 06 FF 39 1E 00 00 00 DE 
10-08-18 at 17:25:00:634 Recived 06 02 10 FF 39 00 00 00 00 00 00 00 00 00 00 00 00 00 00 D6 
10-08-18 at 17:25:00:649 Send 06 
10-08-18 at 17:27:01:786 Send 05 
10-08-18 at 17:27:01:801 Recived 15 
10-08-18 at 17:27:01:801 Send 06 
10-08-18 at 17:27:01:816 Send 02 06 FF 39 1E 00 00 00 DE 
10-08-18 at 17:27:01:831 Recived 06 02 10 FF 39 00 00 00 00 00 00 00 00 00 00 00 00 00 00 D6 
10-08-18 at 17:27:01:846 Send 06 
10-08-18 at 17:29:02:983 Send 05 
10-08-18 at 17:29:02:998 Recived 15 
10-08-18 at 17:29:02:998 Send 06 
10-08-18 at 17:29:03:013 Send 02 06 FF 39 1E 00 00 00 DE 
10-08-18 at 17:29:03:028 Recived 06 02 10 FF 39 00 00 00 00 00 00 00 00 00 00 00 00 00 00 D6 
10-08-18 at 17:29:03:043 Send 06 
10-08-18 at 17:31:04:180 Send 05 
10-08-18 at 17:31:04:195 Recived 15 
10-08-18 at 17:31:04:195 Send 06 
10-08-18 at 17:31:04:210 Send 02 06 FF 39 1E 00 00 00 DE 
10-08-18 at 17:31:04:225 Recived 06 02 10 FF 39 00 00 00 00 00 00 00 00 00 00 00 00 00 00 D6 
10-08-18 at 17:31:04:240 Send 06 
10-08-18 at 17:33:05:377 Send 05 
10-08-18 at 17:33:05:392 Recived 15 
10-08-18 at 17:33:05:392 Send 06 
10-08-18 at 17:33:05:407 Send 02 06 FF 39 1E 00 00 00 DE 
10-08-18 at 17:33:05:422 Recived 06 02 10 FF 39 00 00 00 00 00 00 00 00 00 00 00 00 00 00 D6 
10-08-18 at 17:33:05:437 Send 06 
10-08-18 at 17:35:06:575 Send 05 
10-08-18 at 17:35:06:590 Recived 15 
10-08-18 at 17:35:06:590 Send 06 
10-08-18 at 17:35:06:605 Send 02 06 FF 39 1E 00 00 00 DE 
10-08-18 at 17:35:06:620 Recived 06 02 10 FF 39 00 00 00 00 00 00 00 00 00 00 00 00 00 00 D6 
10-08-18 at 17:35:06:635 Send 06 
10-08-18 at 17:37:07:772 Send 05 
10-08-18 at 17:37:07:787 Recived 15 
10-08-18 at 17:37:07:787 Send 06 
10-08-18 at 17:37:07:802 Send 02 06 FF 39 1E 00 00 00 DE 
10-08-18 at 17:37:07:817 Recived 06 02 10 FF 39 00 00 00 00 00 00 00 00 00 00 00 00 00 00 D6 
10-08-18 at 17:37:07:832 Send 06 
10-08-18 at 17:39:08:969 Send 05 
10-08-18 at 17:39:08:984 Recived 15 
10-08-18 at 17:39:08:984 Send 06 
10-08-18 at 17:39:08:999 Send 02 06 FF 39 1E 00 00 00 DE 
10-08-18 at 17:39:09:014 Recived 06 02 10 FF 39 00 00 00 00 00 00 00 00 00 00 00 00 00 00 D6 
10-08-18 at 17:39:09:029 Send 06 
10-08-18 at 17:41:10:166 Send 05 
10-08-18 at 17:41:10:181 Recived 15 
10-08-18 at 17:41:10:181 Send 06 
10-08-18 at 17:41:10:196 Send 02 06 FF 39 1E 00 00 00 DE 
10-08-18 at 17:41:10:211 Recived 06 02 10 FF 39 00 00 00 00 00 00 00 00 00 00 00 00 00 00 D6 
10-08-18 at 17:41:10:226 Send 06 
10-08-18 at 17:43:11:363 Send 05 
10-08-18 at 17:43:11:378 Recived 15 
10-08-18 at 17:43:11:378 Send 06 
10-08-18 at 17:43:11:393 Send 02 06 FF 39 1E 00 00 00 DE 
10-08-18 at 17:43:11:408 Recived 06 02 10 FF 39 00 00 00 00 00 00 00 00 00 00 00 00 00 00 D6 
10-08-18 at 17:43:11:423 Send 06 
10-08-18 at 17:45:12:560 Send 05 
10-08-18 at 17:45:12:575 Recived 15 
10-08-18 at 17:45:12:575 Send 06 
10-08-18 at 17:45:12:590 Send 02 06 FF 39 1E 00 00 00 DE 
10-08-18 at 17:45:12:605 Recived 06 02 10 FF 39 00 00 00 00 00 00 00 00 00 00 00 00 00 00 D6 
10-08-18 at 17:45:12:620 Send 06 
10-08-18 at 17:47:13:757 Send 05 
10-08-18 at 17:47:13:772 Recived 15 
10-08-18 at 17:47:13:772 Send 06 
10-08-18 at 17:47:13:787 Send 02 06 FF 39 1E 00 00 00 DE 
10-08-18 at 17:47:13:802 Recived 06 02 10 FF 39 00 00 00 00 00 00 00 00 00 00 00 00 00 00 D6 
10-08-18 at 17:47:13:817 Send 06 
10-08-18 at 17:49:14:954 Send 05 
10-08-18 at 17:49:14:969 Recived 15 
10-08-18 at 17:49:14:969 Send 06 
10-08-18 at 17:49:14:984 Send 02 06 FF 39 1E 00 00 00 DE 
10-08-18 at 17:49:14:999 Recived 06 02 10 FF 39 00 00 00 00 00 00 00 00 00 00 00 00 00 00 D6 
10-08-18 at 17:49:15:014 Send 06 
10-08-18 at 17:51:16:152 Send 05 
10-08-18 at 17:51:16:167 Recived 15 
10-08-18 at 17:51:16:167 Send 06 
10-08-18 at 17:51:16:182 Send 02 06 FF 39 1E 00 00 00 DE 
10-08-18 at 17:51:16:197 Recived 06 02 10 FF 39 00 00 00 00 00 00 00 00 00 00 00 00 00 00 D6 
10-08-18 at 17:51:16:212 Send 06 
10-08-18 at 17:53:17:349 Send 05 
10-08-18 at 17:53:17:364 Recived 15 
10-08-18 at 17:53:17:364 Send 06 
10-08-18 at 17:53:17:379 Send 02 06 FF 39 1E 00 00 00 DE 
10-08-18 at 17:53:17:394 Recived 06 02 10 FF 39 00 00 00 00 00 00 00 00 00 00 00 00 00 00 D6 
10-08-18 at 17:53:17:409 Send 06 
10-08-18 at 17:55:18:546 Send 05 
10-08-18 at 17:55:18:561 Recived 15 
10-08-18 at 17:55:18:561 Send 06 
10-08-18 at 17:55:18:576 Send 02 06 FF 39 1E 00 00 00 DE 
10-08-18 at 17:55:18:591 Recived 06 02 10 FF 39 00 00 00 00 00 00 00 00 00 00 00 00 00 00 D6 
10-08-18 at 17:55:18:606 Send 06 
10-08-18 at 17:57:19:743 Send 05 
10-08-18 at 17:57:19:758 Recived 15 
10-08-18 at 17:57:19:758 Send 06 
10-08-18 at 17:57:19:773 Send 02 06 FF 39 1E 00 00 00 DE 
10-08-18 at 17:57:19:788 Recived 06 02 10 FF 39 00 00 00 00 00 00 00 00 00 00 00 00 00 00 D6 
10-08-18 at 17:57:19:803 Send 06 
10-08-18 at 17:59:20:940 Send 05 
10-08-18 at 17:59:20:955 Recived 15 
10-08-18 at 17:59:20:955 Send 06 
10-08-18 at 17:59:20:970 Send 02 06 FF 39 1E 00 00 00 DE 
10-08-18 at 17:59:20:985 Recived 06 02 10 FF 39 00 00 00 00 00 00 00 00 00 00 00 00 00 00 D6 
10-08-18 at 17:59:21:000 Send 06 
10-08-18 at 18:01:22:137 Send 05 
10-08-18 at 18:01:22:152 Recived 15 
10-08-18 at 18:01:22:152 Send 06 
10-08-18 at 18:01:22:167 Send 02 06 FF 39 1E 00 00 00 DE 
10-08-18 at 18:01:22:182 Recived 06 02 10 FF 39 00 00 00 00 00 00 00 00 00 00 00 00 00 00 D6 
10-08-18 at 18:01:22:197 Send 06 
10-08-18 at 18:03:23:334 Send 05 
10-08-18 at 18:03:23:349 Recived 15 
10-08-18 at 18:03:23:349 Send 06 
10-08-18 at 18:03:23:364 Send 02 06 FF 39 1E 00 00 00 DE 
10-08-18 at 18:03:23:379 Recived 06 02 10 FF 39 00 00 00 00 00 00 00 00 00 00 00 00 00 00 D6 
10-08-18 at 18:03:23:394 Send 06 
10-08-18 at 18:05:24:531 Send 05 
10-08-18 at 18:05:24:546 Recived 15 
10-08-18 at 18:05:24:546 Send 06 
10-08-18 at 18:05:24:561 Send 02 06 FF 39 1E 00 00 00 DE 
10-08-18 at 18:05:24:576 Recived 06 02 10 FF 39 00 00 00 00 00 00 00 00 00 00 00 00 00 00 D6 
10-08-18 at 18:05:24:591 Send 06 
10-08-18 at 18:07:25:728 Send 05 
10-08-18 at 18:07:25:743 Recived 15 
10-08-18 at 18:07:25:743 Send 06 
10-08-18 at 18:07:25:758 Send 02 06 FF 39 1E 00 00 00 DE 
10-08-18 at 18:07:25:773 Recived 06 02 10 FF 39 00 00 00 00 00 00 00 00 00 00 00 00 00 00 D6 
10-08-18 at 18:07:25:788 Send 06 
10-08-18 at 18:09:26:926 Send 05 
10-08-18 at 18:09:26:941 Recived 15 
10-08-18 at 18:09:26:941 Send 06 
10-08-18 at 18:09:26:956 Send 02 06 FF 39 1E 00 00 00 DE 
10-08-18 at 18:09:26:971 Recived 06 02 10 FF 39 00 00 00 00 00 00 00 00 00 00 00 00 00 00 D6 
10-08-18 at 18:09:26:986 Send 06 
10-08-18 at 18:11:28:123 Send 05 
10-08-18 at 18:11:28:138 Recived 15 
10-08-18 at 18:11:28:138 Send 06 
10-08-18 at 18:11:28:153 Send 02 06 FF 39 1E 00 00 00 DE 
10-08-18 at 18:11:28:168 Recived 06 02 10 FF 39 00 00 00 00 00 00 00 00 00 00 00 00 00 00 D6 
10-08-18 at 18:11:28:183 Send 06 
10-08-18 at 18:13:29:320 Send 05 
10-08-18 at 18:13:29:335 Recived 15 
10-08-18 at 18:13:29:335 Send 06 
10-08-18 at 18:13:29:350 Send 02 06 FF 39 1E 00 00 00 DE 
10-08-18 at 18:13:29:365 Recived 06 02 10 FF 39 00 00 00 00 00 00 00 00 00 00 00 00 00 00 D6 
10-08-18 at 18:13:29:380 Send 06 
10-08-18 at 18:15:30:517 Send 05 
10-08-18 at 18:15:30:532 Recived 15 
10-08-18 at 18:15:30:532 Send 06 
10-08-18 at 18:15:30:547 Send 02 06 FF 39 1E 00 00 00 DE 
10-08-18 at 18:15:30:562 Recived 06 02 10 FF 39 00 00 00 00 00 00 00 00 00 00 00 00 00 00 D6 
10-08-18 at 18:15:30:577 Send 06 
10-08-18 at 18:17:31:714 Send 05 
10-08-18 at 18:17:31:729 Recived 15 
10-08-18 at 18:17:31:729 Send 06 
10-08-18 at 18:17:31:744 Send 02 06 FF 39 1E 00 00 00 DE 
10-08-18 at 18:17:31:759 Recived 06 02 10 FF 39 00 00 00 00 00 00 00 00 00 00 00 00 00 00 D6 
10-08-18 at 18:17:31:774 Send 06 
10-08-18 at 18:19:32:911 Send 05 
10-08-18 at 18:19:32:926 Recived 15 
10-08-18 at 18:19:32:926 Send 06 
10-08-18 at 18:19:32:941 Send 02 06 FF 39 1E 00 00 00 DE 
10-08-18 at 18:19:32:956 Recived 06 02 10 FF 39 00 00 00 00 00 00 00 00 00 00 00 00 00 00 D6 
10-08-18 at 18:19:32:971 Send 06 
10-08-18 at 18:21:34:108 Send 05 
10-08-18 at 18:21:34:123 Recived 15 
10-08-18 at 18:21:34:123 Send 06 
10-08-18 at 18:21:34:138 Send 02 06 FF 39 1E 00 00 00 DE 
10-08-18 at 18:21:34:153 Recived 06 02 10 FF 39 00 00 00 00 00 00 00 00 00 00 00 00 00 00 D6 
10-08-18 at 18:21:34:168 Send 06 
10-08-18 at 18:23:35:305 Send 05 
10-08-18 at 18:23:35:320 Recived 15 
10-08-18 at 18:23:35:320 Send 06 
10-08-18 at 18:23:35:335 Send 02 06 FF 39 1E 00 00 00 DE 
10-08-18 at 18:23:35:350 Recived 06 02 10 FF 39 00 00 00 00 00 00 00 00 00 00 00 00 00 00 D6 
10-08-18 at 18:23:35:365 Send 06 
10-08-18 at 18:25:36:503 Send 05 
10-08-18 at 18:25:36:518 Recived 15 
10-08-18 at 18:25:36:518 Send 06 
10-08-18 at 18:25:36:533 Send 02 06 FF 39 1E 00 00 00 DE 
10-08-18 at 18:25:36:548 Recived 06 02 10 FF 39 00 00 00 00 00 00 00 00 00 00 00 00 00 00 D6 
10-08-18 at 18:25:36:563 Send 06 
10-08-18 at 18:27:37:700 Send 05 
10-08-18 at 18:27:37:715 Recived 15 
10-08-18 at 18:27:37:715 Send 06 
10-08-18 at 18:27:37:730 Send 02 06 FF 39 1E 00 00 00 DE 
10-08-18 at 18:27:37:745 Recived 06 02 10 FF 39 00 00 00 00 00 00 00 00 00 00 00 00 00 00 D6 
10-08-18 at 18:27:37:760 Send 06 
10-08-18 at 18:29:38:897 Send 05 
10-08-18 at 18:29:38:912 Recived 15 
10-08-18 at 18:29:38:912 Send 06 
10-08-18 at 18:29:38:927 Send 02 06 FF 39 1E 00 00 00 DE 
10-08-18 at 18:29:38:942 Recived 06 02 10 FF 39 00 00 00 00 00 00 00 00 00 00 00 00 00 00 D6 
10-08-18 at 18:29:38:957 Send 06 
10-08-18 at 18:31:40:094 Send 05 
10-08-18 at 18:31:40:109 Recived 15 
10-08-18 at 18:31:40:109 Send 06 
10-08-18 at 18:31:40:124 Send 02 06 FF 39 1E 00 00 00 DE 
10-08-18 at 18:31:40:139 Recived 06 02 10 FF 39 00 00 00 00 00 00 00 00 00 00 00 00 00 00 D6 
10-08-18 at 18:31:40:154 Send 06 
10-08-18 at 18:33:41:291 Send 05 
10-08-18 at 18:33:41:306 Recived 15 
10-08-18 at 18:33:41:306 Send 06 
10-08-18 at 18:33:41:321 Send 02 06 FF 39 1E 00 00 00 DE 
10-08-18 at 18:33:41:336 Recived 06 02 10 FF 39 00 00 00 00 00 00 00 00 00 00 00 00 00 00 D6 
10-08-18 at 18:33:41:351 Send 06 
10-08-18 at 18:35:42:488 Send 05 
10-08-18 at 18:35:42:503 Recived 15 
10-08-18 at 18:35:42:503 Send 06 
10-08-18 at 18:35:42:518 Send 02 06 FF 39 1E 00 00 00 DE 
10-08-18 at 18:35:42:533 Recived 06 02 10 FF 39 00 00 00 00 00 00 00 00 00 00 00 00 00 00 D6 
10-08-18 at 18:35:42:548 Send 06 
10-08-18 at 18:37:43:685 Send 05 
10-08-18 at 18:37:43:700 Recived 15 
10-08-18 at 18:37:43:700 Send 06 
10-08-18 at 18:37:43:715 Send 02 06 FF 39 1E 00 00 00 DE 
10-08-18 at 18:37:43:730 Recived 06 02 10 FF 39 00 00 00 00 00 00 00 00 00 00 00 00 00 00 D6 
10-08-18 at 18:37:43:745 Send 06 
10-08-18 at 18:39:44:882 Send 05 
10-08-18 at 18:39:44:897 Recived 15 
10-08-18 at 18:39:44:897 Send 06 
10-08-18 at 18:39:44:912 Send 02 06 FF 39 1E 00 00 00 DE 
10-08-18 at 18:39:44:927 Recived 06 02 10 FF 39 00 00 00 00 00 00 00 00 00 00 00 00 00 00 D6 
10-08-18 at 18:39:44:942 Send 06 
10-08-18 at 18:41:46:079 Send 05 
10-08-18 at 18:41:46:094 Recived 15 
10-08-18 at 18:41:46:094 Send 06 
10-08-18 at 18:41:46:109 Send 02 06 FF 39 1E 00 00 00 DE 
10-08-18 at 18:41:46:124 Recived 06 02 10 FF 39 00 00 00 00 00 00 00 00 00 00 00 00 00 00 D6 
10-08-18 at 18:41:46:139 Send 06 
10-08-18 at 18:43:47:277 Send 05 
10-08-18 at 18:43:47:292 Recived 15 
10-08-18 at 18:43:47:292 Send 06 
10-08-18 at 18:43:47:307 Send 02 06 FF 39 1E 00 00 00 DE 
10-08-18 at 18:43:47:322 Recived 06 02 10 FF 39 00 00 00 00 00 00 00 00 00 00 00 00 00 00 D6 
10-08-18 at 18:43:47:337 Send 06 
10-08-18 at 18:45:48:474 Send 05 
10-08-18 at 18:45:48:489 Recived 15 
10-08-18 at 18:45:48:489 Send 06 
10-08-18 at 18:45:48:504 Send 02 06 FF 39 1E 00 00 00 DE 
10-08-18 at 18:45:48:519 Recived 06 02 10 FF 39 00 00 00 00 00 00 00 00 00 00 00 00 00 00 D6 
10-08-18 at 18:45:48:534 Send 06 
10-08-18 at 18:47:49:671 Send 05 
10-08-18 at 18:47:49:686 Recived 15 
10-08-18 at 18:47:49:686 Send 06 
10-08-18 at 18:47:49:701 Send 02 06 FF 39 1E 00 00 00 DE 
10-08-18 at 18:47:49:716 Recived 06 02 10 FF 39 00 00 00 00 00 00 00 00 00 00 00 00 00 00 D6 
10-08-18 at 18:47:49:731 Send 06 
10-08-18 at 18:49:50:868 Send 05 
10-08-18 at 18:49:50:883 Recived 15 
10-08-18 at 18:49:50:883 Send 06 
10-08-18 at 18:49:50:898 Send 02 06 FF 39 1E 00 00 00 DE 
10-08-18 at 18:49:50:913 Recived 06 02 10 FF 39 00 00 00 00 00 00 00 00 00 00 00 00 00 00 D6 
10-08-18 at 18:49:50:928 Send 06 
10-08-18 at 18:51:52:065 Send 05 
10-08-18 at 18:51:52:080 Recived 15 
10-08-18 at 18:51:52:080 Send 06 
10-08-18 at 18:51:52:095 Send 02 06 FF 39 1E 00 00 00 DE 
10-08-18 at 18:51:52:110 Recived 06 02 10 FF 39 00 00 00 00 00 00 00 00 00 00 00 00 00 00 D6 
10-08-18 at 18:51:52:125 Send 06 
10-08-18 at 18:53:53:262 Send 05 
10-08-18 at 18:53:53:277 Recived 15 
10-08-18 at 18:53:53:277 Send 06 
10-08-18 at 18:53:53:292 Send 02 06 FF 39 1E 00 00 00 DE 
10-08-18 at 18:53:53:307 Recived 06 02 10 FF 39 00 00 00 00 00 00 00 00 00 00 00 00 00 00 D6 
10-08-18 at 18:53:53:322 Send 06 
10-08-18 at 18:55:37:013 Send 05 
10-08-18 at 18:55:37:028 Recived 15 
10-08-18 at 18:55:37:028 Send 06 
10-08-18 at 18:55:37:043 Send 02 08 21 1E 00 00 00 12 37 25 37 
10-08-18 at 18:55:37:058 Recived 06 02 02 21 00 23 
10-08-18 at 18:55:37:073 Send 06 
10-08-18 at 18:55:37:077 Вход в GetStatus
10-08-18 at 18:55:37:088 Send 05 
10-08-18 at 18:55:37:103 Recived 15 
10-08-18 at 18:55:37:103 Send 06 
10-08-18 at 18:55:37:118 Send 02 05 11 1E 00 00 00 0A 
10-08-18 at 18:55:37:133 Recived 06 02 30 11 00 1E 43 31 CB D3 19 04 12 01 28 00 92 02 04 00 00 4E 41 00 00 01 01 10 0A 08 12 12 37 25 00 2E 5D 00 00 0C 00 00 00 00 00 D2 E9 1E 42 01 00 F1 
10-08-18 at 18:55:37:148 Send 06 
10-08-18 at 18:55:37:152 KKMStatus 0000
10-08-18 at 18:55:37:163 Send 05 
10-08-18 at 18:55:37:178 Recived 15 
10-08-18 at 18:55:37:178 Send 06 
10-08-18 at 18:55:37:193 Send 02 05 E0 1E 00 00 00 FB 
10-08-18 at 18:55:37:208 Recived 06 
10-08-18 at 18:55:38:423 Recived 02 03 E0 00 1E FD 
10-08-18 at 18:55:38:438 Send 06 
10-08-18 at 18:55:40:806 114
10-08-18 at 18:55:40:806 014
10-08-18 at 18:55:40:806 Попытка очистки таблицы
10-08-18 at 18:55:40:807 Попытка очистки успешна
10-08-18 at 18:55:40:808 total calculated
10-08-18 at 18:55:40:808 now show on display
10-08-18 at 18:55:40:808                     Всего:          0.00
10-08-18 at 18:55:40:808 now clear port error ...
10-08-18 at 18:55:40:809 now write to port ...
10-08-18 at 18:55:40:942 ... done
10-08-18 at 18:55:40:942 114
10-08-18 at 18:55:40:942 014
10-08-18 at 18:55:41:118 114
10-08-18 at 18:55:41:118 014
10-08-18 at 18:55:42:870 114
10-08-18 at 18:55:42:870 014
10-08-18 at 18:55:43:134 114
10-08-18 at 18:55:43:134 014
10-08-18 at 18:55:43:334 114
10-08-18 at 18:55:43:334 014
10-08-18 at 18:55:46:415 114
10-08-18 at 18:55:46:415 014
10-08-18 at 18:55:46:615 114
10-08-18 at 18:55:46:615 014
10-08-18 at 18:55:46:942 114
10-08-18 at 18:55:46:943 014
10-08-18 at 18:55:48:566 114
10-08-18 at 18:55:48:567 014
10-08-18 at 18:55:48:983 114
10-08-18 at 18:55:48:983 014
10-08-18 at 18:55:50:894 114
10-08-18 at 18:55:50:894 014
10-08-18 at 18:55:51:590 114
10-08-18 at 18:55:51:590 014
10-08-18 at 18:55:52:862 114
10-08-18 at 18:55:52:862 014
10-08-18 at 18:55:52:863 114
10-08-18 at 18:55:52:863 014
10-08-18 at 18:55:52:874 114
10-08-18 at 18:55:52:874 014
10-08-18 at 18:55:52:874 101
10-08-18 at 18:55:52:874 001
10-08-18 at 18:55:52:875 total calculated
10-08-18 at 18:55:52:881 now show on display
10-08-18 at 18:55:52:882 Чайник POLARIS  1222Всего:       1222.00
10-08-18 at 18:55:52:882 now clear port error ...
10-08-18 at 18:55:52:882 now write to port ...
10-08-18 at 18:55:53:016 ... done
10-08-18 at 18:55:54:502  Нажата клавиша F10.
10-08-18 at 18:55:54:502 114
10-08-18 at 18:55:54:503 014
10-08-18 at 18:55:54:503 115
10-08-18 at 18:55:54:503 015
10-08-18 at 18:55:54:504 total calculated
10-08-18 at 18:55:54:507 now show on display
10-08-18 at 18:55:54:507 Чайник POLARIS  1222Всего:       1222.00
10-08-18 at 18:55:54:507 now clear port error ...
10-08-18 at 18:55:54:508 now write to port ...
10-08-18 at 18:55:54:641 ... done
10-08-18 at 18:55:54:699 Попытка очистки таблицы
10-08-18 at 18:55:54:699 Попытка очистки успешна
10-08-18 at 18:55:54:863 101
10-08-18 at 18:55:54:863 001
10-08-18 at 18:55:54:888 116
10-08-18 at 18:55:54:888 016
10-08-18 at 18:55:54:890 116
10-08-18 at 18:55:54:890 016
10-08-18 at 18:55:55:464 Send 05 
10-08-18 at 18:55:55:479 Recived 15 
10-08-18 at 18:55:55:479 Send 06 
10-08-18 at 18:55:55:494 Send 02 06 FF 39 1E 00 00 00 DE 
10-08-18 at 18:55:55:509 Recived 06 02 10 FF 39 00 00 00 00 00 00 00 00 00 00 00 00 00 00 D6 
10-08-18 at 18:55:55:524 Send 06 
10-08-18 at 18:55:57:959 114
10-08-18 at 18:55:57:959 014
10-08-18 at 18:55:57:961 total calculated
10-08-18 at 18:55:57:964 now show on display
10-08-18 at 18:55:57:964 Чайник POLARIS  1222Всего:       1222.00
10-08-18 at 18:55:57:964 now clear port error ...
10-08-18 at 18:55:57:965 now write to port ...
10-08-18 at 18:55:58:098 ... done
10-08-18 at 18:55:58:099 114
10-08-18 at 18:55:58:099 014
10-08-18 at 18:55:58:327 114
10-08-18 at 18:55:58:327 014
10-08-18 at 18:55:59:879 114
10-08-18 at 18:55:59:879 014
10-08-18 at 18:56:00:031 114
10-08-18 at 18:56:00:031 014
10-08-18 at 18:56:00:279 114
10-08-18 at 18:56:00:279 014
10-08-18 at 18:56:03:767 114
10-08-18 at 18:56:03:767 014
10-08-18 at 18:56:04:119 114
10-08-18 at 18:56:04:119 014
10-08-18 at 18:56:04:367 114
10-08-18 at 18:56:04:367 014
10-08-18 at 18:56:06:583 114
10-08-18 at 18:56:06:584 014
10-08-18 at 18:56:07:007 114
10-08-18 at 18:56:07:007 014
10-08-18 at 18:56:07:351 114
10-08-18 at 18:56:07:351 014
10-08-18 at 18:56:09:087 114
10-08-18 at 18:56:09:087 014
10-08-18 at 18:56:10:239 114
10-08-18 at 18:56:10:239 014
10-08-18 at 18:56:10:240 114
10-08-18 at 18:56:10:240 014
10-08-18 at 18:56:10:251 114
10-08-18 at 18:56:10:252 014
10-08-18 at 18:56:10:253 total calculated
10-08-18 at 18:56:10:256 now show on display
10-08-18 at 18:56:10:257 Чайник POLARIS  1222Всего:       1222.00
10-08-18 at 18:56:10:257 now clear port error ...
10-08-18 at 18:56:10:257 now write to port ...
10-08-18 at 18:56:10:391 ... done
10-08-18 at 18:57:56:662 Send 05 
10-08-18 at 18:57:56:677 Recived 15 
10-08-18 at 18:57:56:677 Send 06 
10-08-18 at 18:57:56:692 Send 02 06 FF 39 1E 00 00 00 DE 
10-08-18 at 18:57:56:707 Recived 06 02 10 FF 39 00 00 00 00 00 00 00 00 00 00 00 00 00 00 D6 
10-08-18 at 18:57:56:722 Send 06 
10-08-18 at 18:59:57:859 Send 05 
10-08-18 at 18:59:57:874 Recived 15 
10-08-18 at 18:59:57:874 Send 06 
10-08-18 at 18:59:57:889 Send 02 06 FF 39 1E 00 00 00 DE 
10-08-18 at 18:59:57:904 Recived 06 02 10 FF 39 00 00 00 00 00 00 00 00 00 00 00 00 00 00 D6 
10-08-18 at 18:59:57:919 Send 06 
10-08-18 at 19:01:59:056 Send 05 
10-08-18 at 19:01:59:071 Recived 15 
10-08-18 at 19:01:59:071 Send 06 
10-08-18 at 19:01:59:086 Send 02 06 FF 39 1E 00 00 00 DE 
10-08-18 at 19:01:59:101 Recived 06 02 10 FF 39 00 00 00 00 00 00 00 00 00 00 00 00 00 00 D6 
10-08-18 at 19:01:59:116 Send 06 
10-08-18 at 19:04:00:253 Send 05 
10-08-18 at 19:04:00:268 Recived 15 
10-08-18 at 19:04:00:268 Send 06 
10-08-18 at 19:04:00:283 Send 02 06 FF 39 1E 00 00 00 DE 
10-08-18 at 19:04:00:298 Recived 06 02 10 FF 39 00 00 00 00 00 00 00 00 00 00 00 00 00 00 D6 
10-08-18 at 19:04:00:313 Send 06 
10-08-18 at 19:04:01:171 114
10-08-18 at 19:04:01:171 014
10-08-18 at 19:04:01:172 Попытка очистки таблицы
10-08-18 at 19:04:01:172 Попытка очистки успешна
10-08-18 at 19:04:47:738  Нажата клавиша F10.
10-08-18 at 19:04:47:739 114
10-08-18 at 19:04:47:739 014
10-08-18 at 19:04:47:739 115
10-08-18 at 19:04:47:739 015
10-08-18 at 19:04:52:683 total calculated
10-08-18 at 19:04:52:683 now show on display
10-08-18 at 19:04:52:683 Чайник POLARIS  1222Всего:       1222.00
10-08-18 at 19:04:52:684 now clear port error ...
10-08-18 at 19:04:52:684 now write to port ...
10-08-18 at 19:04:52:818 ... done
10-08-18 at 19:04:52:835 Попытка очистки таблицы
10-08-18 at 19:04:52:836 Попытка очистки успешна
10-08-18 at 19:04:53:027 101
10-08-18 at 19:04:53:027 001
10-08-18 at 19:04:53:049 116
10-08-18 at 19:04:53:049 016
10-08-18 at 19:04:53:051 116
10-08-18 at 19:04:53:051 016
10-08-18 at 19:06:06:143 Send 05 
10-08-18 at 19:06:06:158 Recived 15 
10-08-18 at 19:06:06:158 Send 06 
10-08-18 at 19:06:06:173 Send 02 06 FF 39 1E 00 00 00 DE 
10-08-18 at 19:06:06:188 Recived 06 02 10 FF 39 00 00 00 00 00 00 00 00 00 00 00 00 00 00 D6 
10-08-18 at 19:06:06:203 Send 06 
10-08-18 at 19:06:27:030 114
10-08-18 at 19:06:27:030 014
10-08-18 at 19:06:27:032 total calculated
10-08-18 at 19:06:27:035 now show on display
10-08-18 at 19:06:27:035 Чайник POLARIS  1222Всего:       1222.00
10-08-18 at 19:06:27:035 now clear port error ...
10-08-18 at 19:06:27:036 now write to port ...
10-08-18 at 19:06:27:169 ... done
10-08-18 at 19:06:27:170 114
10-08-18 at 19:06:27:170 014
10-08-18 at 19:06:27:366 114
10-08-18 at 19:06:27:366 014
10-08-18 at 19:06:28:686 114
10-08-18 at 19:06:28:686 014
10-08-18 at 19:06:28:822 114
10-08-18 at 19:06:28:822 014
10-08-18 at 19:06:29:046 114
10-08-18 at 19:06:29:046 014
10-08-18 at 19:06:30:790 114
10-08-18 at 19:06:30:790 014
10-08-18 at 19:06:31:118 114
10-08-18 at 19:06:31:118 014
10-08-18 at 19:06:31:365 114
10-08-18 at 19:06:31:366 014
10-08-18 at 19:06:32:854 114
10-08-18 at 19:06:32:854 014
10-08-18 at 19:06:33:141 114
10-08-18 at 19:06:33:142 014
10-08-18 at 19:06:33:470 114
10-08-18 at 19:06:33:470 014
10-08-18 at 19:06:37:030 114
10-08-18 at 19:06:37:031 014
10-08-18 at 19:06:37:838 114
10-08-18 at 19:06:37:839 014
10-08-18 at 19:06:42:099 114
10-08-18 at 19:06:42:099 014
10-08-18 at 19:08:56:512 114
10-08-18 at 19:08:56:512 014
