20-06-18 at 11:16:39:314 Запуск программы. Инициализация считана из файла
20-06-18 at 11:16:39:315 Чек загружен.
20-06-18 at 11:16:39:316 total calculated
20-06-18 at 11:16:39:317 now show on display
20-06-18 at 11:16:39:317                     Всего:       1032.00
20-06-18 at 11:16:39:318 now open port for display
20-06-18 at 11:16:39:318 Com port opened
20-06-18 at 11:16:39:319 now clear port error ...
20-06-18 at 11:16:39:319 now write to port ...
20-06-18 at 11:16:39:452 ... done
20-06-18 at 11:16:39:452 Чек сжат
20-06-18 at 11:16:39:453 Сумма чека посчитана
20-06-18 at 11:16:39:453 Кардридер создан
20-06-18 at 11:16:39:453 Задание запуска модулей создано
20-06-18 at 11:16:39:454 Сканер создан
20-06-18 at 11:16:39:454 Регистратор создан
20-06-18 at 11:16:39:454 Часы созданы
20-06-18 at 11:16:39:455 Регистратор запущен
20-06-18 at 11:16:39:455 Сканер запущен
20-06-18 at 11:16:39:455 Часы запущены
20-06-18 at 11:16:39:455 Кардридер запущен
20-06-18 at 11:16:39:455 Передача данных запущена
20-06-18 at 11:16:39:455 Вход в FRInit
20-06-18 at 11:16:39:456 Вход в GetStatus
20-06-18 at 11:16:39:470 Send 05 
20-06-18 at 11:16:39:485 Recived 15 
20-06-18 at 11:16:39:485 Send 06 
20-06-18 at 11:16:39:500 Send 02 05 11 1E 00 00 00 0A 
20-06-18 at 11:16:39:515 Recived 06 02 30 11 00 1E 43 31 1C B3 14 0C 11 01 BA 00 B2 02 03 00 00 4E 41 00 00 01 01 10 14 06 12 0B 10 29 00 2E 5D 00 00 2D 00 00 00 00 00 EF 95 10 42 01 00 B9 
20-06-18 at 11:16:39:530 Send 06 
20-06-18 at 11:16:39:535 KKMStatus 0000
20-06-18 at 11:16:39:545 Send 05 
20-06-18 at 11:16:39:560 Recived 15 
20-06-18 at 11:16:39:560 Send 06 
20-06-18 at 11:16:39:575 Send 02 05 11 1E 00 00 00 0A 
20-06-18 at 11:16:39:590 Recived 06 02 30 11 00 1E 43 31 1C B3 14 0C 11 01 BA 00 B2 02 03 00 00 4E 41 00 00 01 01 10 14 06 12 0B 10 29 00 2E 5D 00 00 2D 00 00 00 00 00 EF 95 10 42 01 00 B9 
20-06-18 at 11:16:39:605 Send 06 
20-06-18 at 11:16:39:610 KKMStatus 0300
20-06-18 at 11:16:39:610 Номер ФР считан
20-06-18 at 11:16:39:788 СУБД подключена
20-06-18 at 11:16:39:805 Send 05 
20-06-18 at 11:16:39:820 Recived 15 
20-06-18 at 11:16:39:820 Send 06 
20-06-18 at 11:16:39:835 Send 02 17 1E 1E 00 00 00 05 03 00 01 CA 41 D0 D2 CE C9 20 56 49 53 41 2F 4D 43 92 
20-06-18 at 11:16:39:851 Recived 06 02 02 1E 00 1C 
20-06-18 at 11:16:39:866 Send 06 
20-06-18 at 11:16:39:881 Send 05 
20-06-18 at 11:16:39:896 Recived 15 
20-06-18 at 11:16:39:896 Send 06 
20-06-18 at 11:16:39:911 Send 02 18 1E 1E 00 00 00 05 04 00 01 C4 D0 D3 C3 C8 CC C8 20 CA C0 D0 D2 C0 CC C8 3C 
20-06-18 at 11:16:39:927 Recived 06 02 02 1E 00 1C 
20-06-18 at 11:16:39:942 Send 06 
20-06-18 at 11:16:39:957 Send 05 
20-06-18 at 11:16:39:972 Recived 15 
20-06-18 at 11:16:39:972 Send 06 
20-06-18 at 11:16:39:987 Send 02 0A 1E 1E 00 00 00 01 01 00 01 01 0A 
20-06-18 at 11:16:40:002 Recived 06 02 02 1E 00 1C 
20-06-18 at 11:16:40:017 Send 06 
20-06-18 at 11:16:40:032 Send 05 
20-06-18 at 11:16:40:047 Recived 15 
20-06-18 at 11:16:40:047 Send 06 
20-06-18 at 11:16:40:062 Send 02 0A 1E 1E 00 00 00 01 01 00 05 02 0D 
20-06-18 at 11:16:40:077 Recived 06 02 02 1E 00 1C 
20-06-18 at 11:16:40:092 Send 06 
20-06-18 at 11:16:40:107 Send 05 
20-06-18 at 11:16:40:122 Recived 15 
20-06-18 at 11:16:40:122 Send 06 
20-06-18 at 11:16:40:137 Send 02 0A 1E 1E 00 00 00 01 01 00 23 01 28 
20-06-18 at 11:16:40:152 Recived 06 02 02 1E 00 1C 
20-06-18 at 11:16:40:167 Send 06 
20-06-18 at 11:16:40:182 Send 05 
20-06-18 at 11:16:40:197 Recived 15 
20-06-18 at 11:16:40:197 Send 06 
20-06-18 at 11:16:40:212 Send 02 0A 1E 1E 00 00 00 01 01 00 06 00 0C 
20-06-18 at 11:16:40:227 Recived 06 02 02 1E 00 1C 
20-06-18 at 11:16:40:242 Send 06 
20-06-18 at 11:16:40:257 Send 05 
20-06-18 at 11:16:40:272 Recived 15 
20-06-18 at 11:16:40:272 Send 06 
20-06-18 at 11:16:40:287 Send 02 0A 1E 1E 00 00 00 01 01 00 07 01 0C 
20-06-18 at 11:16:40:302 Recived 06 02 02 1E 00 1C 
20-06-18 at 11:16:40:317 Send 06 
20-06-18 at 11:16:40:332 Send 05 
20-06-18 at 11:16:40:347 Recived 15 
20-06-18 at 11:16:40:347 Send 06 
20-06-18 at 11:16:40:362 Send 02 0A 1E 1E 00 00 00 01 01 00 14 01 1F 
20-06-18 at 11:16:40:377 Recived 06 02 02 1E 00 1C 
20-06-18 at 11:16:40:392 Send 06 
20-06-18 at 11:16:40:407 Send 05 
20-06-18 at 11:16:40:422 Recived 15 
20-06-18 at 11:16:40:422 Send 06 
20-06-18 at 11:16:40:437 Send 02 0A 1E 1E 00 00 00 01 01 00 15 01 1E 
20-06-18 at 11:16:40:452 Recived 06 02 02 1E 00 1C 
20-06-18 at 11:16:40:467 Send 06 
20-06-18 at 11:16:40:482 Send 05 
20-06-18 at 11:16:40:497 Recived 15 
20-06-18 at 11:16:40:497 Send 06 
20-06-18 at 11:16:40:512 Send 02 0A 1E 1E 00 00 00 01 01 00 0F 00 05 
20-06-18 at 11:16:40:527 Recived 06 02 02 1E 00 1C 
20-06-18 at 11:16:40:542 Send 06 
20-06-18 at 11:16:40:557 Send 05 
20-06-18 at 11:16:40:572 Recived 15 
20-06-18 at 11:16:40:572 Send 06 
20-06-18 at 11:16:40:587 Send 02 0A 1E 1E 00 00 00 01 01 00 11 00 1B 
20-06-18 at 11:16:40:602 Recived 06 02 02 1E 00 1C 
20-06-18 at 11:16:40:617 Send 06 
20-06-18 at 11:16:40:632 Send 05 
20-06-18 at 11:16:40:647 Recived 15 
20-06-18 at 11:16:40:647 Send 06 
20-06-18 at 11:16:40:662 Send 02 0A 1E 1E 00 00 00 11 01 00 03 02 1B 
20-06-18 at 11:16:40:677 Recived 06 02 02 1E 00 1C 
20-06-18 at 11:16:40:692 Send 06 
20-06-18 at 11:16:40:707 Send 05 
20-06-18 at 11:16:40:722 Recived 15 
20-06-18 at 11:16:40:722 Send 06 
20-06-18 at 11:16:40:737 Send 02 0A 1E 1E 00 00 00 01 01 00 29 01 22 
20-06-18 at 11:16:40:752 Recived 06 02 02 1E 00 1C 
20-06-18 at 11:16:40:767 Send 06 
20-06-18 at 11:16:40:782 Send 05 
20-06-18 at 11:16:40:797 Recived 15 
20-06-18 at 11:16:40:797 Send 06 
20-06-18 at 11:16:40:812 Send 02 26 1E 1E 00 00 00 04 0C 00 01 20 20 20 20 20 20 20 20 20 20 20 C4 CE C1 D0 CE 20 CF CE C6 C0 CB CE C2 C0 D2 DC 21 00 D5 
20-06-18 at 11:16:40:830 Recived 06 02 02 1E 00 1C 
20-06-18 at 11:16:40:845 Send 06 
20-06-18 at 11:16:40:860 Send 05 
20-06-18 at 11:16:40:875 Recived 15 
20-06-18 at 11:16:40:875 Send 06 
20-06-18 at 11:16:40:890 Send 02 29 1E 1E 00 00 00 04 0D 00 01 20 20 20 20 20 20 20 20 CE CE CE 20 CA EE EC EF E0 ED E8 FF 20 27 CA CE CB CE D0 CB CE CD 27 00 CB 
20-06-18 at 11:16:40:908 Recived 06 02 02 1E 00 1C 
20-06-18 at 11:16:40:923 Send 06 
20-06-18 at 11:16:40:938 Send 05 
20-06-18 at 11:16:40:953 Recived 15 
20-06-18 at 11:16:40:953 Send 06 
20-06-18 at 11:16:40:968 Send 02 2D 1E 1E 00 00 00 04 0E 00 01 20 20 20 20 20 CC E0 E3 E0 E7 E8 ED 20 27 C2 F1 E5 20 F2 EE E2 E0 F0 FB 20 E4 EB FF 20 E4 EE EC E0 27 20 00 DE 
20-06-18 at 11:16:40:986 Recived 06 02 02 1E 00 1C 
20-06-18 at 11:16:41:001 Send 06 
20-06-18 at 11:16:41:043 now clear port error ...
20-06-18 at 11:16:41:043 now write to port ...
20-06-18 at 11:16:41:177 ... done
20-06-18 at 11:16:41:212 Send 05 
20-06-18 at 11:16:41:227 Recived 15 
20-06-18 at 11:16:41:227 Send 06 
20-06-18 at 11:16:41:242 Send 02 06 1A 1E 00 00 00 79 7B 
20-06-18 at 11:16:41:257 Recived 06 02 09 1A 00 1E 0C AF 06 00 00 00 A8 
20-06-18 at 11:16:41:272 Send 06 
20-06-18 at 11:16:43:373 Cardreader  Антонов Сергей 
20-06-18 at 11:16:43:387 Send 05 
20-06-18 at 11:16:43:404 Recived 15 
20-06-18 at 11:16:43:404 Send 06 
20-06-18 at 11:16:43:423 Send 02 20 1E 1E 00 00 00 02 1E 00 02 CA E0 F1 F1 E8 F0 20 C0 ED F2 EE ED EE E2 20 D1 E5 F0 E3 E5 E9 20 00 D7 
20-06-18 at 11:16:43:441 Recived 06 02 02 1E 00 1C 
20-06-18 at 11:16:43:456 Send 06 
20-06-18 at 11:16:43:458 now clear port error ...
20-06-18 at 11:16:43:458 now write to port ...
20-06-18 at 11:16:43:591 ... done
20-06-18 at 11:16:44:386 Send 05 
20-06-18 at 11:16:44:401 Recived 15 
20-06-18 at 11:16:44:401 Send 06 
20-06-18 at 11:16:44:416 Send 02 06 FF 39 1E 00 00 00 DE 
20-06-18 at 11:16:44:431 Recived 06 02 10 FF 39 00 00 00 00 00 00 00 00 00 00 00 00 00 00 D6 
20-06-18 at 11:16:44:446 Send 06 
20-06-18 at 11:17:45:091 Send 05 
20-06-18 at 11:17:45:106 Recived 15 
20-06-18 at 11:17:45:106 Send 06 
20-06-18 at 11:17:45:121 Send 02 2E 17 1E 00 00 00 03 20 20 20 20 20 20 20 20 20 20 20 20 20 20 20 20 20 20 20 20 20 20 20 20 20 20 20 20 20 20 20 20 20 20 20 20 20 20 20 20 24 
20-06-18 at 11:17:45:140 Recived 06 02 03 17 00 1E 0A 
20-06-18 at 11:17:45:155 Send 06 
20-06-18 at 11:17:45:170 Send 05 
20-06-18 at 11:17:45:185 Recived 15 
20-06-18 at 11:17:45:185 Send 06 
20-06-18 at 11:17:45:200 Send 02 2E 17 1E 00 00 00 03 32 30 2E 30 36 2E 31 38 20 20 20 20 20 20 20 20 20 20 20 20 20 20 20 20 20 20 20 20 20 20 20 20 20 20 20 31 31 3A 31 37 35 
20-06-18 at 11:17:45:219 Recived 06 02 03 17 00 1E 0A 
20-06-18 at 11:17:45:234 Send 06 
20-06-18 at 11:17:45:249 Send 05 
20-06-18 at 11:17:45:264 Recived 15 
20-06-18 at 11:17:45:264 Send 06 
20-06-18 at 11:17:45:279 Send 02 2E 17 1E 00 00 00 03 20 20 20 20 20 20 20 20 20 20 20 20 20 20 20 20 20 20 D7 C5 CA 20 20 20 20 20 20 20 20 20 20 20 00 00 00 00 00 00 00 00 DC 
20-06-18 at 11:17:45:298 Recived 06 02 03 17 00 1E 0A 
20-06-18 at 11:17:45:313 Send 06 
20-06-18 at 11:17:45:328 Send 05 
20-06-18 at 11:17:45:343 Recived 15 
20-06-18 at 11:17:45:343 Send 06 
20-06-18 at 11:17:45:358 Send 02 2E 17 1E 00 00 00 03 20 20 20 20 20 20 20 20 20 20 20 20 20 20 20 20 C2 EE E7 E2 F0 E0 F2 20 20 20 20 20 20 20 20 20 20 20 20 20 20 20 20 20 CF 
20-06-18 at 11:17:45:377 Recived 06 02 03 17 00 1E 0A 
20-06-18 at 11:17:45:392 Send 06 
20-06-18 at 11:17:45:407 Send 05 
20-06-18 at 11:17:45:422 Recived 15 
20-06-18 at 11:17:45:422 Send 06 
20-06-18 at 11:17:45:437 Send 02 2E 17 1E 00 00 00 03 CD EE EC E5 F0 20 EE EF E5 F0 E0 F6 E8 E8 3A 20 20 20 20 20 20 20 20 20 20 20 20 20 20 20 20 20 20 20 20 20 30 30 30 37 C1 
20-06-18 at 11:17:45:456 Recived 06 02 03 17 00 1E 0A 
20-06-18 at 11:17:45:471 Send 06 
20-06-18 at 11:17:45:486 Send 05 
20-06-18 at 11:17:45:501 Recived 15 
20-06-18 at 11:17:45:501 Send 06 
20-06-18 at 11:17:45:516 Send 02 2E 17 1E 00 00 00 03 D2 E5 F0 EC E8 ED E0 EB 3A 20 20 20 20 20 20 20 20 20 20 20 20 20 20 20 20 20 20 20 20 20 20 20 30 30 34 34 39 34 38 38 16 
20-06-18 at 11:17:45:535 Recived 06 02 03 17 00 1E 0A 
20-06-18 at 11:17:45:550 Send 06 
20-06-18 at 11:17:45:565 Send 05 
20-06-18 at 11:17:45:580 Recived 15 
20-06-18 at 11:17:45:580 Send 06 
20-06-18 at 11:17:45:595 Send 02 2E 17 1E 00 00 00 03 CF F3 ED EA F2 20 EE E1 F1 EB F3 E6 E8 E2 E0 ED E8 FF 3A 20 20 20 20 20 20 20 20 20 34 34 30 30 30 30 30 30 30 35 37 32 C7 
20-06-18 at 11:17:45:614 Recived 06 02 03 17 00 1E 0A 
20-06-18 at 11:17:45:629 Send 06 
20-06-18 at 11:17:45:644 Send 05 
20-06-18 at 11:17:45:659 Recived 15 
20-06-18 at 11:17:45:659 Send 06 
20-06-18 at 11:17:45:674 Send 02 2E 17 1E 00 00 00 03 20 20 20 20 20 20 20 20 20 20 20 20 4D 61 73 74 65 72 63 61 72 64 20 20 20 20 41 30 30 30 30 30 30 30 30 34 31 30 31 30 79 
20-06-18 at 11:17:45:693 Recived 06 02 03 17 00 1E 0A 
20-06-18 at 11:17:45:708 Send 06 
20-06-18 at 11:17:45:723 Send 05 
20-06-18 at 11:17:45:738 Recived 15 
20-06-18 at 11:17:45:738 Send 06 
20-06-18 at 11:17:45:753 Send 02 2E 17 1E 00 00 00 03 CA E0 F0 F2 E0 3A 28 45 29 20 20 20 20 20 20 20 20 20 20 20 20 20 20 20 2A 2A 2A 2A 2A 2A 2A 2A 2A 2A 2A 2A 30 31 35 31 B7 
20-06-18 at 11:17:45:772 Recived 06 02 03 17 00 1E 0A 
20-06-18 at 11:17:45:787 Send 06 
20-06-18 at 11:17:45:802 Send 05 
20-06-18 at 11:17:45:817 Recived 15 
20-06-18 at 11:17:45:817 Send 06 
20-06-18 at 11:17:45:832 Send 02 2E 17 1E 00 00 00 03 CA EB E8 E5 ED F2 3A 20 20 20 20 20 20 20 20 20 20 20 20 20 20 20 20 20 20 20 20 20 20 20 20 20 20 20 20 20 20 20 20 20 0D 
20-06-18 at 11:17:45:851 Recived 06 02 03 17 00 1E 0A 
20-06-18 at 11:17:45:866 Send 06 
20-06-18 at 11:17:45:881 Send 05 
20-06-18 at 11:17:45:896 Recived 15 
20-06-18 at 11:17:45:896 Send 06 
20-06-18 at 11:17:45:911 Send 02 2E 17 1E 00 00 00 03 20 00 00 00 00 00 00 00 00 00 00 00 00 00 00 00 00 00 00 00 00 00 00 00 00 00 00 00 00 00 00 00 00 00 00 00 00 00 00 00 04 
20-06-18 at 11:17:45:930 Recived 06 02 03 17 00 1E 0A 
20-06-18 at 11:17:45:945 Send 06 
20-06-18 at 11:17:45:960 Send 05 
20-06-18 at 11:17:45:975 Recived 15 
20-06-18 at 11:17:45:975 Send 06 
20-06-18 at 11:17:45:990 Send 02 2E 17 1E 00 00 00 03 D1 F3 EC EC E0 20 28 D0 F3 E1 29 3A 00 00 00 00 00 00 00 00 00 00 00 00 00 00 00 00 00 00 00 00 00 00 00 00 00 00 00 00 3F 
20-06-18 at 11:17:46:009 Recived 06 02 03 17 00 1E 0A 
20-06-18 at 11:17:46:024 Send 06 
20-06-18 at 11:17:46:039 Send 05 
20-06-18 at 11:17:46:054 Recived 15 
20-06-18 at 11:17:46:054 Send 06 
20-06-18 at 11:17:46:069 Send 02 2E 17 1E 00 00 00 03 20 20 20 20 20 20 20 20 20 20 20 20 20 20 20 20 31 2E 30 30 00 00 00 00 00 00 00 00 00 00 00 00 00 00 00 00 00 00 00 00 3B 
20-06-18 at 11:17:46:088 Recived 06 02 03 17 00 1E 0A 
20-06-18 at 11:17:46:103 Send 06 
20-06-18 at 11:17:46:118 Send 05 
20-06-18 at 11:17:46:133 Recived 15 
20-06-18 at 11:17:46:133 Send 06 
20-06-18 at 11:17:46:148 Send 02 2E 17 1E 00 00 00 03 CA EE EC E8 F1 F1 E8 FF 20 E7 E0 20 EE EF E5 F0 E0 F6 E8 FE 20 2D 20 30 20 D0 F3 E1 2E 00 00 00 00 00 00 00 00 00 00 00 D1 
20-06-18 at 11:17:46:167 Recived 06 02 03 17 00 1E 0A 
20-06-18 at 11:17:46:182 Send 06 
20-06-18 at 11:17:46:197 Send 05 
20-06-18 at 11:17:46:212 Recived 15 
20-06-18 at 11:17:46:212 Send 06 
20-06-18 at 11:17:46:227 Send 02 2E 17 1E 00 00 00 03 CD EE EC E5 F0 20 F1 F1 FB EB EA E8 3A 20 20 20 20 20 20 20 20 20 20 20 20 20 20 20 38 31 33 32 38 37 38 38 37 38 38 32 D4 
20-06-18 at 11:17:46:246 Recived 06 02 03 17 00 1E 0A 
20-06-18 at 11:17:46:261 Send 06 
20-06-18 at 11:17:46:276 Send 05 
20-06-18 at 11:17:46:291 Recived 15 
20-06-18 at 11:17:46:291 Send 06 
20-06-18 at 11:17:46:306 Send 02 2E 17 1E 00 00 00 03 20 00 00 00 00 00 00 00 00 00 00 00 00 00 00 00 00 00 00 00 00 00 00 00 00 00 00 00 00 00 00 00 00 00 00 00 00 00 00 00 04 
20-06-18 at 11:17:46:325 Recived 06 02 03 17 00 1E 0A 
20-06-18 at 11:17:46:340 Send 06 
20-06-18 at 11:17:46:355 Send 05 
20-06-18 at 11:17:46:370 Recived 15 
20-06-18 at 11:17:46:370 Send 06 
20-06-18 at 11:17:46:385 Send 02 2E 17 1E 00 00 00 03 20 00 00 00 00 00 00 00 00 00 00 00 00 00 00 00 00 00 00 00 00 00 00 00 00 00 00 00 00 00 00 00 00 00 00 00 00 00 00 00 04 
20-06-18 at 11:17:46:404 Recived 06 02 03 17 00 1E 0A 
20-06-18 at 11:17:46:419 Send 06 
20-06-18 at 11:17:46:434 Send 05 
20-06-18 at 11:17:46:449 Recived 15 
20-06-18 at 11:17:46:449 Send 06 
20-06-18 at 11:17:46:464 Send 02 2E 17 1E 00 00 00 03 20 20 20 5F 5F 5F 5F 5F 5F 5F 5F 5F 5F 5F 5F 5F 5F 5F 5F 5F 5F 5F 5F 5F 5F 5F 5F 5F 5F 5F 5F 5F 5F 5F 5F 00 00 00 00 00 04 
20-06-18 at 11:17:46:483 Recived 06 02 03 17 00 1E 0A 
20-06-18 at 11:17:46:498 Send 06 
20-06-18 at 11:17:46:513 Send 05 
20-06-18 at 11:17:46:528 Recived 15 
20-06-18 at 11:17:46:528 Send 06 
20-06-18 at 11:17:46:543 Send 02 2E 17 1E 00 00 00 03 20 20 20 20 20 20 20 20 20 20 20 20 EF EE E4 EF E8 F1 FC 20 EA EB E8 E5 ED F2 E0 00 00 00 00 00 00 00 00 00 00 00 00 00 18 
20-06-18 at 11:17:46:562 Recived 06 02 03 17 00 1E 0A 
20-06-18 at 11:17:46:577 Send 06 
20-06-18 at 11:17:46:592 Send 05 
20-06-18 at 11:17:46:607 Recived 15 
20-06-18 at 11:17:46:607 Send 06 
20-06-18 at 11:17:46:622 Send 02 2E 17 1E 00 00 00 03 20 20 00 00 00 00 00 00 00 00 00 00 00 00 00 00 00 00 00 00 00 00 00 00 00 00 00 00 00 00 00 00 00 00 00 00 00 00 00 00 24 
20-06-18 at 11:17:46:641 Recived 06 02 03 17 00 1E 0A 
20-06-18 at 11:17:46:656 Send 06 
20-06-18 at 11:17:46:671 Send 05 
20-06-18 at 11:17:46:686 Recived 15 
20-06-18 at 11:17:46:686 Send 06 
20-06-18 at 11:17:46:701 Send 02 2E 17 1E 00 00 00 03 20 20 20 20 20 20 20 20 20 20 20 20 20 20 20 20 20 20 20 20 20 20 20 20 20 20 20 20 20 20 20 20 20 20 20 20 20 20 20 20 24 
20-06-18 at 11:17:46:720 Recived 06 02 03 17 00 1E 0A 
20-06-18 at 11:17:46:735 Send 06 
20-06-18 at 11:17:46:750 Send 05 
20-06-18 at 11:17:46:765 Recived 15 
20-06-18 at 11:17:46:765 Send 06 
20-06-18 at 11:17:46:780 Send 02 2E 17 1E 00 00 00 03 20 20 20 5F 5F 5F 5F 5F 5F 5F 5F 5F 5F 5F 5F 5F 5F 5F 5F 5F 5F 5F 5F 5F 5F 5F 5F 5F 5F 5F 5F 5F 5F 5F 5F 5F 00 00 00 00 5B 
20-06-18 at 11:17:46:799 Recived 06 02 03 17 00 1E 0A 
20-06-18 at 11:17:46:814 Send 06 
20-06-18 at 11:17:46:829 Send 05 
20-06-18 at 11:17:46:844 Recived 15 
20-06-18 at 11:17:46:844 Send 06 
20-06-18 at 11:17:46:859 Send 02 2E 17 1E 00 00 00 03 20 20 20 20 20 20 EF EE E4 EF E8 F1 FC 20 EA E0 F1 F1 E8 F0 E0 28 EA EE ED F2 F0 EE EB E5 F0 E0 29 00 00 00 00 00 00 00 03 
20-06-18 at 11:17:46:878 Recived 06 02 03 17 00 1E 0A 
20-06-18 at 11:17:46:893 Send 06 
20-06-18 at 11:17:46:908 Send 05 
20-06-18 at 11:17:46:923 Recived 15 
20-06-18 at 11:17:46:923 Send 06 
20-06-18 at 11:17:46:938 Send 02 2E 17 1E 00 00 00 03 38 36 45 44 42 34 46 41 35 36 46 30 31 45 32 43 35 36 43 33 33 30 33 36 32 33 30 33 37 37 34 31 44 45 39 34 34 39 37 37 59 
20-06-18 at 11:17:46:957 Recived 06 02 03 17 00 1E 0A 
20-06-18 at 11:17:46:972 Send 06 
20-06-18 at 11:17:46:987 Send 05 
20-06-18 at 11:17:47:002 Recived 15 
20-06-18 at 11:17:47:002 Send 06 
20-06-18 at 11:17:47:017 Send 02 2E 17 1E 00 00 00 03 3D 3D 3D 3D 3D 3D 3D 3D 3D 3D 3D 3D 3D 3D 3D 3D 3D 3D 3D 3D 3D 3D 3D 3D 3D 3D 3D 3D 3D 3D 3D 3D 3D 3D 3D 3D 3D 3D 3D 3D 24 
20-06-18 at 11:17:47:036 Recived 06 02 03 17 00 1E 0A 
20-06-18 at 11:17:47:051 Send 06 
20-06-18 at 11:17:47:066 Send 05 
20-06-18 at 11:17:47:081 Recived 15 
20-06-18 at 11:17:47:081 Send 06 
20-06-18 at 11:17:47:096 Send 02 2E 17 1E 00 00 00 03 20 00 00 00 00 00 00 00 00 00 00 00 00 00 00 00 00 00 00 00 00 00 00 00 00 00 00 00 00 00 00 00 00 00 00 00 00 00 00 00 04 
20-06-18 at 11:17:47:115 Recived 06 02 03 17 00 1E 0A 
20-06-18 at 11:17:47:130 Send 06 
20-06-18 at 11:17:47:145 Send 05 
20-06-18 at 11:17:47:160 Recived 15 
20-06-18 at 11:17:47:160 Send 06 
20-06-18 at 11:17:47:175 Send 02 2E 17 1E 00 00 00 03 20 00 00 00 00 00 00 00 00 00 00 00 00 00 00 00 00 00 00 00 00 00 00 00 00 00 00 00 00 00 00 00 00 00 00 00 00 00 00 00 04 
20-06-18 at 11:17:47:194 Recived 06 02 03 17 00 1E 0A 
20-06-18 at 11:17:47:209 Send 06 
20-06-18 at 11:17:47:224 Send 05 
20-06-18 at 11:17:47:239 Recived 15 
20-06-18 at 11:17:47:239 Send 06 
20-06-18 at 11:17:47:254 Send 02 2E 17 1E 00 00 00 03 20 00 00 00 00 00 00 00 00 00 00 00 00 00 00 00 00 00 00 00 00 00 00 00 00 00 00 00 00 00 00 00 00 00 00 00 00 00 00 00 04 
20-06-18 at 11:17:47:273 Recived 06 02 03 17 00 1E 0A 
20-06-18 at 11:17:47:288 Send 06 
20-06-18 at 11:17:47:303 Send 05 
20-06-18 at 11:17:47:318 Recived 15 
20-06-18 at 11:17:47:318 Send 06 
20-06-18 at 11:17:47:333 Send 02 2E 17 1E 00 00 00 03 20 00 00 00 00 00 00 00 00 00 00 00 00 00 00 00 00 00 00 00 00 00 00 00 00 00 00 00 00 00 00 00 00 00 00 00 00 00 00 00 04 
20-06-18 at 11:17:47:352 Recived 06 02 03 17 00 1E 0A 
20-06-18 at 11:17:47:367 Send 06 
20-06-18 at 11:17:47:382 Send 05 
20-06-18 at 11:17:47:397 Recived 15 
20-06-18 at 11:17:47:397 Send 06 
20-06-18 at 11:17:47:412 Send 02 2E 17 1E 00 00 00 03 01 00 00 00 00 00 00 00 00 00 00 00 00 00 00 00 00 00 00 00 00 00 00 00 00 00 00 00 00 00 00 00 00 00 00 00 00 00 00 00 25 
20-06-18 at 11:17:47:431 Recived 06 02 03 17 00 1E 0A 
20-06-18 at 11:17:47:446 Send 06 
20-06-18 at 11:18:34:801 Send 05 
20-06-18 at 11:18:34:816 Recived 15 
20-06-18 at 11:18:34:817 Send 06 
20-06-18 at 11:18:34:833 Send 02 2E 17 1E 00 00 00 03 20 20 20 20 20 20 20 20 20 20 20 20 20 20 20 20 20 20 20 20 20 20 20 20 20 20 20 20 20 20 20 20 20 20 20 20 20 20 20 20 24 
20-06-18 at 11:18:34:852 Recived 06 02 03 17 00 1E 0A 
20-06-18 at 11:18:34:867 Send 06 
20-06-18 at 11:18:34:882 Send 05 
20-06-18 at 11:18:34:897 Recived 15 
20-06-18 at 11:18:34:897 Send 06 
20-06-18 at 11:18:34:912 Send 02 2E 17 1E 00 00 00 03 32 30 2E 30 36 2E 31 38 20 20 20 20 20 20 20 20 20 20 20 20 20 20 20 20 20 20 20 20 20 20 20 20 20 20 20 31 31 3A 31 38 3A 
20-06-18 at 11:18:34:931 Recived 06 02 03 17 00 1E 0A 
20-06-18 at 11:18:34:946 Send 06 
20-06-18 at 11:18:34:961 Send 05 
20-06-18 at 11:18:34:976 Recived 15 
20-06-18 at 11:18:34:976 Send 06 
20-06-18 at 11:18:34:991 Send 02 2E 17 1E 00 00 00 03 20 20 20 20 20 20 20 20 20 20 20 20 20 20 20 20 20 20 D7 C5 CA 20 20 20 20 20 20 20 20 20 20 20 00 00 00 00 00 00 00 00 DC 
20-06-18 at 11:18:35:010 Recived 06 02 03 17 00 1E 0A 
20-06-18 at 11:18:35:025 Send 06 
20-06-18 at 11:18:35:040 Send 05 
20-06-18 at 11:18:35:055 Recived 15 
20-06-18 at 11:18:35:055 Send 06 
20-06-18 at 11:18:35:070 Send 02 2E 17 1E 00 00 00 03 20 20 20 20 20 20 20 20 20 20 20 20 20 20 20 20 C2 EE E7 E2 F0 E0 F2 20 20 20 20 20 20 20 20 20 20 20 20 20 20 20 20 20 CF 
20-06-18 at 11:18:35:089 Recived 06 02 03 17 00 1E 0A 
20-06-18 at 11:18:35:104 Send 06 
20-06-18 at 11:18:35:119 Send 05 
20-06-18 at 11:18:35:134 Recived 15 
20-06-18 at 11:18:35:134 Send 06 
20-06-18 at 11:18:35:149 Send 02 2E 17 1E 00 00 00 03 CD EE EC E5 F0 20 EE EF E5 F0 E0 F6 E8 E8 3A 20 20 20 20 20 20 20 20 20 20 20 20 20 20 20 20 20 20 20 20 20 30 30 30 38 CE 
20-06-18 at 11:18:35:168 Recived 06 02 03 17 00 1E 0A 
20-06-18 at 11:18:35:183 Send 06 
20-06-18 at 11:18:35:198 Send 05 
20-06-18 at 11:18:35:213 Recived 15 
20-06-18 at 11:18:35:213 Send 06 
20-06-18 at 11:18:35:228 Send 02 2E 17 1E 00 00 00 03 D2 E5 F0 EC E8 ED E0 EB 3A 20 20 20 20 20 20 20 20 20 20 20 20 20 20 20 20 20 20 20 20 20 20 20 30 30 34 34 39 34 38 38 16 
20-06-18 at 11:18:35:247 Recived 06 02 03 17 00 1E 0A 
20-06-18 at 11:18:35:262 Send 06 
20-06-18 at 11:18:35:277 Send 05 
20-06-18 at 11:18:35:292 Recived 15 
20-06-18 at 11:18:35:292 Send 06 
20-06-18 at 11:18:35:307 Send 02 2E 17 1E 00 00 00 03 CF F3 ED EA F2 20 EE E1 F1 EB F3 E6 E8 E2 E0 ED E8 FF 3A 20 20 20 20 20 20 20 20 20 34 34 30 30 30 30 30 30 30 35 37 32 C7 
20-06-18 at 11:18:35:326 Recived 06 02 03 17 00 1E 0A 
20-06-18 at 11:18:35:341 Send 06 
20-06-18 at 11:18:35:356 Send 05 
20-06-18 at 11:18:35:371 Recived 15 
20-06-18 at 11:18:35:371 Send 06 
20-06-18 at 11:18:35:386 Send 02 2E 17 1E 00 00 00 03 20 20 20 20 20 20 20 20 20 20 20 20 4D 61 73 74 65 72 63 61 72 64 20 20 20 20 41 30 30 30 30 30 30 30 30 34 31 30 31 30 79 
20-06-18 at 11:18:35:405 Recived 06 02 03 17 00 1E 0A 
20-06-18 at 11:18:35:420 Send 06 
20-06-18 at 11:18:35:435 Send 05 
20-06-18 at 11:18:35:450 Recived 15 
20-06-18 at 11:18:35:450 Send 06 
20-06-18 at 11:18:35:465 Send 02 2E 17 1E 00 00 00 03 CA E0 F0 F2 E0 3A 28 45 29 20 20 20 20 20 20 20 20 20 20 20 20 20 20 20 2A 2A 2A 2A 2A 2A 2A 2A 2A 2A 2A 2A 30 31 35 31 B7 
20-06-18 at 11:18:35:484 Recived 06 02 03 17 00 1E 0A 
20-06-18 at 11:18:35:499 Send 06 
20-06-18 at 11:18:35:514 Send 05 
20-06-18 at 11:18:35:529 Recived 15 
20-06-18 at 11:18:35:529 Send 06 
20-06-18 at 11:18:35:544 Send 02 2E 17 1E 00 00 00 03 CA EB E8 E5 ED F2 3A 20 20 20 20 20 20 20 20 20 20 20 20 20 20 20 20 20 20 20 20 20 20 20 20 20 20 20 20 20 20 20 20 20 0D 
20-06-18 at 11:18:35:563 Recived 06 02 03 17 00 1E 0A 
20-06-18 at 11:18:35:578 Send 06 
20-06-18 at 11:18:35:593 Send 05 
20-06-18 at 11:18:35:608 Recived 15 
20-06-18 at 11:18:35:608 Send 06 
20-06-18 at 11:18:35:623 Send 02 2E 17 1E 00 00 00 03 20 00 00 00 00 00 00 00 00 00 00 00 00 00 00 00 00 00 00 00 00 00 00 00 00 00 00 00 00 00 00 00 00 00 00 00 00 00 00 00 04 
20-06-18 at 11:18:35:642 Recived 06 02 03 17 00 1E 0A 
20-06-18 at 11:18:35:657 Send 06 
20-06-18 at 11:18:35:672 Send 05 
20-06-18 at 11:18:35:687 Recived 15 
20-06-18 at 11:18:35:687 Send 06 
20-06-18 at 11:18:35:702 Send 02 2E 17 1E 00 00 00 03 D1 F3 EC EC E0 20 28 D0 F3 E1 29 3A 00 00 00 00 00 00 00 00 00 00 00 00 00 00 00 00 00 00 00 00 00 00 00 00 00 00 00 00 3F 
20-06-18 at 11:18:35:721 Recived 06 02 03 17 00 1E 0A 
20-06-18 at 11:18:35:736 Send 06 
20-06-18 at 11:18:35:751 Send 05 
20-06-18 at 11:18:35:766 Recived 15 
20-06-18 at 11:18:35:766 Send 06 
20-06-18 at 11:18:35:781 Send 02 2E 17 1E 00 00 00 03 20 20 20 20 20 20 20 20 20 20 20 20 20 20 20 20 31 2E 30 30 00 00 00 00 00 00 00 00 00 00 00 00 00 00 00 00 00 00 00 00 3B 
20-06-18 at 11:18:35:800 Recived 06 02 03 17 00 1E 0A 
20-06-18 at 11:18:35:815 Send 06 
20-06-18 at 11:18:35:830 Send 05 
20-06-18 at 11:18:35:845 Recived 15 
20-06-18 at 11:18:35:845 Send 06 
20-06-18 at 11:18:35:860 Send 02 2E 17 1E 00 00 00 03 CA EE EC E8 F1 F1 E8 FF 20 E7 E0 20 EE EF E5 F0 E0 F6 E8 FE 20 2D 20 30 20 D0 F3 E1 2E 00 00 00 00 00 00 00 00 00 00 00 D1 
20-06-18 at 11:18:35:879 Recived 06 02 03 17 00 1E 0A 
20-06-18 at 11:18:35:894 Send 06 
20-06-18 at 11:18:35:909 Send 05 
20-06-18 at 11:18:35:924 Recived 15 
20-06-18 at 11:18:35:924 Send 06 
20-06-18 at 11:18:35:939 Send 02 2E 17 1E 00 00 00 03 CD EE EC E5 F0 20 F1 F1 FB EB EA E8 3A 20 20 20 20 20 20 20 20 20 20 20 20 20 20 20 38 31 33 32 39 33 30 37 38 31 38 37 D5 
20-06-18 at 11:18:35:958 Recived 06 02 03 17 00 1E 0A 
20-06-18 at 11:18:35:973 Send 06 
20-06-18 at 11:18:35:988 Send 05 
20-06-18 at 11:18:36:003 Recived 15 
20-06-18 at 11:18:36:003 Send 06 
20-06-18 at 11:18:36:018 Send 02 2E 17 1E 00 00 00 03 20 00 00 00 00 00 00 00 00 00 00 00 00 00 00 00 00 00 00 00 00 00 00 00 00 00 00 00 00 00 00 00 00 00 00 00 00 00 00 00 04 
20-06-18 at 11:18:36:037 Recived 06 02 03 17 00 1E 0A 
20-06-18 at 11:18:36:052 Send 06 
20-06-18 at 11:18:36:067 Send 05 
20-06-18 at 11:18:36:082 Recived 15 
20-06-18 at 11:18:36:082 Send 06 
20-06-18 at 11:18:36:097 Send 02 2E 17 1E 00 00 00 03 20 00 00 00 00 00 00 00 00 00 00 00 00 00 00 00 00 00 00 00 00 00 00 00 00 00 00 00 00 00 00 00 00 00 00 00 00 00 00 00 04 
20-06-18 at 11:18:36:116 Recived 06 02 03 17 00 1E 0A 
20-06-18 at 11:18:36:131 Send 06 
20-06-18 at 11:18:36:146 Send 05 
20-06-18 at 11:18:36:161 Recived 15 
20-06-18 at 11:18:36:161 Send 06 
20-06-18 at 11:18:36:176 Send 02 2E 17 1E 00 00 00 03 20 20 20 5F 5F 5F 5F 5F 5F 5F 5F 5F 5F 5F 5F 5F 5F 5F 5F 5F 5F 5F 5F 5F 5F 5F 5F 5F 5F 5F 5F 5F 5F 5F 5F 00 00 00 00 00 04 
20-06-18 at 11:18:36:195 Recived 06 02 03 17 00 1E 0A 
20-06-18 at 11:18:36:210 Send 06 
20-06-18 at 11:18:36:225 Send 05 
20-06-18 at 11:18:36:240 Recived 15 
20-06-18 at 11:18:36:240 Send 06 
20-06-18 at 11:18:36:255 Send 02 2E 17 1E 00 00 00 03 20 20 20 20 20 20 20 20 20 20 20 20 EF EE E4 EF E8 F1 FC 20 EA EB E8 E5 ED F2 E0 00 00 00 00 00 00 00 00 00 00 00 00 00 18 
20-06-18 at 11:18:36:274 Recived 06 02 03 17 00 1E 0A 
20-06-18 at 11:18:36:289 Send 06 
20-06-18 at 11:18:36:304 Send 05 
20-06-18 at 11:18:36:319 Recived 15 
20-06-18 at 11:18:36:319 Send 06 
20-06-18 at 11:18:36:334 Send 02 2E 17 1E 00 00 00 03 20 20 00 00 00 00 00 00 00 00 00 00 00 00 00 00 00 00 00 00 00 00 00 00 00 00 00 00 00 00 00 00 00 00 00 00 00 00 00 00 24 
20-06-18 at 11:18:36:353 Recived 06 02 03 17 00 1E 0A 
20-06-18 at 11:18:36:368 Send 06 
20-06-18 at 11:18:36:383 Send 05 
20-06-18 at 11:18:36:398 Recived 15 
20-06-18 at 11:18:36:398 Send 06 
20-06-18 at 11:18:36:413 Send 02 2E 17 1E 00 00 00 03 20 20 20 20 20 20 20 20 20 20 20 20 20 20 20 20 20 20 20 20 20 20 20 20 20 20 20 20 20 20 20 20 20 20 20 20 20 20 20 20 24 
20-06-18 at 11:18:36:432 Recived 06 02 03 17 00 1E 0A 
20-06-18 at 11:18:36:447 Send 06 
20-06-18 at 11:18:36:462 Send 05 
20-06-18 at 11:18:36:477 Recived 15 
20-06-18 at 11:18:36:477 Send 06 
20-06-18 at 11:18:36:492 Send 02 2E 17 1E 00 00 00 03 20 20 20 5F 5F 5F 5F 5F 5F 5F 5F 5F 5F 5F 5F 5F 5F 5F 5F 5F 5F 5F 5F 5F 5F 5F 5F 5F 5F 5F 5F 5F 5F 5F 5F 5F 00 00 00 00 5B 
20-06-18 at 11:18:36:511 Recived 06 02 03 17 00 1E 0A 
20-06-18 at 11:18:36:526 Send 06 
20-06-18 at 11:18:36:541 Send 05 
20-06-18 at 11:18:36:556 Recived 15 
20-06-18 at 11:18:36:556 Send 06 
20-06-18 at 11:18:36:571 Send 02 2E 17 1E 00 00 00 03 20 20 20 20 20 20 EF EE E4 EF E8 F1 FC 20 EA E0 F1 F1 E8 F0 E0 28 EA EE ED F2 F0 EE EB E5 F0 E0 29 00 00 00 00 00 00 00 03 
20-06-18 at 11:18:36:590 Recived 06 02 03 17 00 1E 0A 
20-06-18 at 11:18:36:605 Send 06 
20-06-18 at 11:18:36:620 Send 05 
20-06-18 at 11:18:36:635 Recived 15 
20-06-18 at 11:18:36:635 Send 06 
20-06-18 at 11:18:36:650 Send 02 2E 17 1E 00 00 00 03 32 34 33 41 43 45 43 34 42 34 45 38 45 41 36 36 46 42 46 35 45 43 38 35 44 44 35 43 42 45 42 45 43 42 45 38 41 31 34 45 59 
20-06-18 at 11:18:36:669 Recived 06 02 03 17 00 1E 0A 
20-06-18 at 11:18:36:684 Send 06 
20-06-18 at 11:18:36:699 Send 05 
20-06-18 at 11:18:36:714 Recived 15 
20-06-18 at 11:18:36:714 Send 06 
20-06-18 at 11:18:36:729 Send 02 2E 17 1E 00 00 00 03 3D 3D 3D 3D 3D 3D 3D 3D 3D 3D 3D 3D 3D 3D 3D 3D 3D 3D 3D 3D 3D 3D 3D 3D 3D 3D 3D 3D 3D 3D 3D 3D 3D 3D 3D 3D 3D 3D 3D 3D 24 
20-06-18 at 11:18:36:748 Recived 06 02 03 17 00 1E 0A 
20-06-18 at 11:18:36:763 Send 06 
20-06-18 at 11:18:36:778 Send 05 
20-06-18 at 11:18:36:793 Recived 15 
20-06-18 at 11:18:36:793 Send 06 
20-06-18 at 11:18:36:808 Send 02 2E 17 1E 00 00 00 03 20 00 00 00 00 00 00 00 00 00 00 00 00 00 00 00 00 00 00 00 00 00 00 00 00 00 00 00 00 00 00 00 00 00 00 00 00 00 00 00 04 
20-06-18 at 11:18:36:827 Recived 06 02 03 17 00 1E 0A 
20-06-18 at 11:18:36:842 Send 06 
20-06-18 at 11:18:36:857 Send 05 
20-06-18 at 11:18:36:872 Recived 15 
20-06-18 at 11:18:36:872 Send 06 
20-06-18 at 11:18:36:887 Send 02 2E 17 1E 00 00 00 03 20 00 00 00 00 00 00 00 00 00 00 00 00 00 00 00 00 00 00 00 00 00 00 00 00 00 00 00 00 00 00 00 00 00 00 00 00 00 00 00 04 
20-06-18 at 11:18:36:906 Recived 06 02 03 17 00 1E 0A 
20-06-18 at 11:18:36:921 Send 06 
20-06-18 at 11:18:36:936 Send 05 
20-06-18 at 11:18:36:951 Recived 15 
20-06-18 at 11:18:36:951 Send 06 
20-06-18 at 11:18:36:966 Send 02 2E 17 1E 00 00 00 03 20 00 00 00 00 00 00 00 00 00 00 00 00 00 00 00 00 00 00 00 00 00 00 00 00 00 00 00 00 00 00 00 00 00 00 00 00 00 00 00 04 
20-06-18 at 11:18:36:985 Recived 06 02 03 17 00 1E 0A 
20-06-18 at 11:18:37:000 Send 06 
20-06-18 at 11:18:37:015 Send 05 
20-06-18 at 11:18:37:030 Recived 15 
20-06-18 at 11:18:37:030 Send 06 
20-06-18 at 11:18:37:045 Send 02 2E 17 1E 00 00 00 03 20 00 00 00 00 00 00 00 00 00 00 00 00 00 00 00 00 00 00 00 00 00 00 00 00 00 00 00 00 00 00 00 00 00 00 00 00 00 00 00 04 
20-06-18 at 11:18:37:064 Recived 06 02 03 17 00 1E 0A 
20-06-18 at 11:18:37:079 Send 06 
20-06-18 at 11:18:37:094 Send 05 
20-06-18 at 11:18:37:109 Recived 15 
20-06-18 at 11:18:37:109 Send 06 
20-06-18 at 11:18:37:124 Send 02 2E 17 1E 00 00 00 03 01 00 00 00 00 00 00 00 00 00 00 00 00 00 00 00 00 00 00 00 00 00 00 00 00 00 00 00 00 00 00 00 00 00 00 00 00 00 00 00 25 
20-06-18 at 11:18:37:143 Recived 06 02 03 17 00 1E 0A 
20-06-18 at 11:18:37:158 Send 06 
20-06-18 at 11:18:50:178 Send 05 
20-06-18 at 11:18:50:193 Recived 15 
20-06-18 at 11:18:50:193 Send 06 
20-06-18 at 11:18:50:208 Send 02 06 FF 39 1E 00 00 00 DE 
20-06-18 at 11:18:50:223 Recived 06 02 10 FF 39 00 00 00 00 00 00 00 00 00 00 00 00 00 00 D6 
20-06-18 at 11:18:50:238 Send 06 
20-06-18 at 11:19:01:098 Send 05 
20-06-18 at 11:19:01:113 Recived 15 
20-06-18 at 11:19:01:113 Send 06 
20-06-18 at 11:19:01:128 Send 02 2E 17 1E 00 00 00 03 20 20 20 20 20 20 20 20 20 20 20 20 20 20 20 20 20 20 20 20 20 20 20 20 20 20 20 20 20 20 20 20 20 20 20 20 20 20 20 20 24 
20-06-18 at 11:19:01:147 Recived 06 02 03 17 00 1E 0A 
20-06-18 at 11:19:01:162 Send 06 
20-06-18 at 11:19:01:177 Send 05 
20-06-18 at 11:19:01:192 Recived 15 
20-06-18 at 11:19:01:192 Send 06 
20-06-18 at 11:19:01:207 Send 02 2E 17 1E 00 00 00 03 32 30 2E 30 36 2E 31 38 20 20 20 20 20 20 20 20 20 20 20 20 20 20 20 20 20 20 20 20 20 20 20 20 20 20 20 31 31 3A 31 39 3B 
20-06-18 at 11:19:01:226 Recived 06 02 03 17 00 1E 0A 
20-06-18 at 11:19:01:241 Send 06 
20-06-18 at 11:19:01:256 Send 05 
20-06-18 at 11:19:01:271 Recived 15 
20-06-18 at 11:19:01:271 Send 06 
20-06-18 at 11:19:01:286 Send 02 2E 17 1E 00 00 00 03 20 20 20 20 20 20 20 20 20 20 20 20 20 20 20 20 20 20 D7 C5 CA 20 20 20 20 20 20 20 20 20 20 20 00 00 00 00 00 00 00 00 DC 
20-06-18 at 11:19:01:305 Recived 06 02 03 17 00 1E 0A 
20-06-18 at 11:19:01:320 Send 06 
20-06-18 at 11:19:01:335 Send 05 
20-06-18 at 11:19:01:350 Recived 15 
20-06-18 at 11:19:01:350 Send 06 
20-06-18 at 11:19:01:365 Send 02 2E 17 1E 00 00 00 03 20 20 20 20 20 20 20 20 20 20 20 20 20 20 20 20 C2 EE E7 E2 F0 E0 F2 20 20 20 20 20 20 20 20 20 20 20 20 20 20 20 20 20 CF 
20-06-18 at 11:19:01:384 Recived 06 02 03 17 00 1E 0A 
20-06-18 at 11:19:01:399 Send 06 
20-06-18 at 11:19:01:414 Send 05 
20-06-18 at 11:19:01:429 Recived 15 
20-06-18 at 11:19:01:429 Send 06 
20-06-18 at 11:19:01:444 Send 02 2E 17 1E 00 00 00 03 CD EE EC E5 F0 20 EE EF E5 F0 E0 F6 E8 E8 3A 20 20 20 20 20 20 20 20 20 20 20 20 20 20 20 20 20 20 20 20 20 30 30 30 39 CF 
20-06-18 at 11:19:01:463 Recived 06 02 03 17 00 1E 0A 
20-06-18 at 11:19:01:478 Send 06 
20-06-18 at 11:19:01:493 Send 05 
20-06-18 at 11:19:01:508 Recived 15 
20-06-18 at 11:19:01:508 Send 06 
20-06-18 at 11:19:01:523 Send 02 2E 17 1E 00 00 00 03 D2 E5 F0 EC E8 ED E0 EB 3A 20 20 20 20 20 20 20 20 20 20 20 20 20 20 20 20 20 20 20 20 20 20 20 30 30 34 34 39 34 38 38 16 
20-06-18 at 11:19:01:542 Recived 06 02 03 17 00 1E 0A 
20-06-18 at 11:19:01:557 Send 06 
20-06-18 at 11:19:01:572 Send 05 
20-06-18 at 11:19:01:587 Recived 15 
20-06-18 at 11:19:01:587 Send 06 
20-06-18 at 11:19:01:602 Send 02 2E 17 1E 00 00 00 03 CF F3 ED EA F2 20 EE E1 F1 EB F3 E6 E8 E2 E0 ED E8 FF 3A 20 20 20 20 20 20 20 20 20 34 34 30 30 30 30 30 30 30 35 37 32 C7 
20-06-18 at 11:19:01:621 Recived 06 02 03 17 00 1E 0A 
20-06-18 at 11:19:01:636 Send 06 
20-06-18 at 11:19:01:651 Send 05 
20-06-18 at 11:19:01:666 Recived 15 
20-06-18 at 11:19:01:666 Send 06 
20-06-18 at 11:19:01:681 Send 02 2E 17 1E 00 00 00 03 20 20 20 20 20 20 20 20 20 20 20 20 4D 61 73 74 65 72 63 61 72 64 20 20 20 20 41 30 30 30 30 30 30 30 30 34 31 30 31 30 79 
20-06-18 at 11:19:01:700 Recived 06 02 03 17 00 1E 0A 
20-06-18 at 11:19:01:715 Send 06 
20-06-18 at 11:19:01:730 Send 05 
20-06-18 at 11:19:01:745 Recived 15 
20-06-18 at 11:19:01:745 Send 06 
20-06-18 at 11:19:01:760 Send 02 2E 17 1E 00 00 00 03 CA E0 F0 F2 E0 3A 28 45 29 20 20 20 20 20 20 20 20 20 20 20 20 20 20 20 2A 2A 2A 2A 2A 2A 2A 2A 2A 2A 2A 2A 30 31 35 31 B7 
20-06-18 at 11:19:01:779 Recived 06 02 03 17 00 1E 0A 
20-06-18 at 11:19:01:794 Send 06 
20-06-18 at 11:19:01:809 Send 05 
20-06-18 at 11:19:01:824 Recived 15 
20-06-18 at 11:19:01:824 Send 06 
20-06-18 at 11:19:01:839 Send 02 2E 17 1E 00 00 00 03 CA EB E8 E5 ED F2 3A 20 20 20 20 20 20 20 20 20 20 20 20 20 20 20 20 20 20 20 20 20 20 20 20 20 20 20 20 20 20 20 20 20 0D 
20-06-18 at 11:19:01:858 Recived 06 02 03 17 00 1E 0A 
20-06-18 at 11:19:01:873 Send 06 
20-06-18 at 11:19:01:888 Send 05 
20-06-18 at 11:19:01:903 Recived 15 
20-06-18 at 11:19:01:903 Send 06 
20-06-18 at 11:19:01:918 Send 02 2E 17 1E 00 00 00 03 20 00 00 00 00 00 00 00 00 00 00 00 00 00 00 00 00 00 00 00 00 00 00 00 00 00 00 00 00 00 00 00 00 00 00 00 00 00 00 00 04 
20-06-18 at 11:19:01:937 Recived 06 02 03 17 00 1E 0A 
20-06-18 at 11:19:01:952 Send 06 
20-06-18 at 11:19:01:967 Send 05 
20-06-18 at 11:19:01:982 Recived 15 
20-06-18 at 11:19:01:982 Send 06 
20-06-18 at 11:19:01:997 Send 02 2E 17 1E 00 00 00 03 D1 F3 EC EC E0 20 28 D0 F3 E1 29 3A 00 00 00 00 00 00 00 00 00 00 00 00 00 00 00 00 00 00 00 00 00 00 00 00 00 00 00 00 3F 
20-06-18 at 11:19:02:016 Recived 06 02 03 17 00 1E 0A 
20-06-18 at 11:19:02:031 Send 06 
20-06-18 at 11:19:02:046 Send 05 
20-06-18 at 11:19:02:061 Recived 15 
20-06-18 at 11:19:02:061 Send 06 
20-06-18 at 11:19:02:076 Send 02 2E 17 1E 00 00 00 03 20 20 20 20 20 20 20 20 20 20 20 20 20 20 20 20 32 2E 30 30 00 00 00 00 00 00 00 00 00 00 00 00 00 00 00 00 00 00 00 00 38 
20-06-18 at 11:19:02:095 Recived 06 02 03 17 00 1E 0A 
20-06-18 at 11:19:02:110 Send 06 
20-06-18 at 11:19:02:125 Send 05 
20-06-18 at 11:19:02:140 Recived 15 
20-06-18 at 11:19:02:140 Send 06 
20-06-18 at 11:19:02:155 Send 02 2E 17 1E 00 00 00 03 CA EE EC E8 F1 F1 E8 FF 20 E7 E0 20 EE EF E5 F0 E0 F6 E8 FE 20 2D 20 30 20 D0 F3 E1 2E 00 00 00 00 00 00 00 00 00 00 00 D1 
20-06-18 at 11:19:02:174 Recived 06 02 03 17 00 1E 0A 
20-06-18 at 11:19:02:189 Send 06 
20-06-18 at 11:19:02:204 Send 05 
20-06-18 at 11:19:02:219 Recived 15 
20-06-18 at 11:19:02:219 Send 06 
20-06-18 at 11:19:02:234 Send 02 2E 17 1E 00 00 00 03 CD EE EC E5 F0 20 F1 F1 FB EB EA E8 3A 20 20 20 20 20 20 20 20 20 20 20 20 20 20 20 38 31 33 32 39 35 38 30 35 35 34 38 D6 
20-06-18 at 11:19:02:253 Recived 06 02 03 17 00 1E 0A 
20-06-18 at 11:19:02:268 Send 06 
20-06-18 at 11:19:02:283 Send 05 
20-06-18 at 11:19:02:298 Recived 15 
20-06-18 at 11:19:02:298 Send 06 
20-06-18 at 11:19:02:313 Send 02 2E 17 1E 00 00 00 03 20 00 00 00 00 00 00 00 00 00 00 00 00 00 00 00 00 00 00 00 00 00 00 00 00 00 00 00 00 00 00 00 00 00 00 00 00 00 00 00 04 
20-06-18 at 11:19:02:332 Recived 06 02 03 17 00 1E 0A 
20-06-18 at 11:19:02:347 Send 06 
20-06-18 at 11:19:02:362 Send 05 
20-06-18 at 11:19:02:377 Recived 15 
20-06-18 at 11:19:02:377 Send 06 
20-06-18 at 11:19:02:392 Send 02 2E 17 1E 00 00 00 03 20 00 00 00 00 00 00 00 00 00 00 00 00 00 00 00 00 00 00 00 00 00 00 00 00 00 00 00 00 00 00 00 00 00 00 00 00 00 00 00 04 
20-06-18 at 11:19:02:411 Recived 06 02 03 17 00 1E 0A 
20-06-18 at 11:19:02:426 Send 06 
20-06-18 at 11:19:02:441 Send 05 
20-06-18 at 11:19:02:456 Recived 15 
20-06-18 at 11:19:02:456 Send 06 
20-06-18 at 11:19:02:471 Send 02 2E 17 1E 00 00 00 03 20 20 20 5F 5F 5F 5F 5F 5F 5F 5F 5F 5F 5F 5F 5F 5F 5F 5F 5F 5F 5F 5F 5F 5F 5F 5F 5F 5F 5F 5F 5F 5F 5F 5F 00 00 00 00 00 04 
20-06-18 at 11:19:02:490 Recived 06 02 03 17 00 1E 0A 
20-06-18 at 11:19:02:505 Send 06 
20-06-18 at 11:19:02:520 Send 05 
20-06-18 at 11:19:02:535 Recived 15 
20-06-18 at 11:19:02:535 Send 06 
20-06-18 at 11:19:02:550 Send 02 2E 17 1E 00 00 00 03 20 20 20 20 20 20 20 20 20 20 20 20 EF EE E4 EF E8 F1 FC 20 EA EB E8 E5 ED F2 E0 00 00 00 00 00 00 00 00 00 00 00 00 00 18 
20-06-18 at 11:19:02:569 Recived 06 02 03 17 00 1E 0A 
20-06-18 at 11:19:02:584 Send 06 
20-06-18 at 11:19:02:599 Send 05 
20-06-18 at 11:19:02:614 Recived 15 
20-06-18 at 11:19:02:614 Send 06 
20-06-18 at 11:19:02:629 Send 02 2E 17 1E 00 00 00 03 20 20 00 00 00 00 00 00 00 00 00 00 00 00 00 00 00 00 00 00 00 00 00 00 00 00 00 00 00 00 00 00 00 00 00 00 00 00 00 00 24 
20-06-18 at 11:19:02:648 Recived 06 02 03 17 00 1E 0A 
20-06-18 at 11:19:02:663 Send 06 
20-06-18 at 11:19:02:678 Send 05 
20-06-18 at 11:19:02:693 Recived 15 
20-06-18 at 11:19:02:693 Send 06 
20-06-18 at 11:19:02:708 Send 02 2E 17 1E 00 00 00 03 20 20 20 20 20 20 20 20 20 20 20 20 20 20 20 20 20 20 20 20 20 20 20 20 20 20 20 20 20 20 20 20 20 20 20 20 20 20 20 20 24 
20-06-18 at 11:19:02:727 Recived 06 02 03 17 00 1E 0A 
20-06-18 at 11:19:02:742 Send 06 
20-06-18 at 11:19:02:757 Send 05 
20-06-18 at 11:19:02:772 Recived 15 
20-06-18 at 11:19:02:772 Send 06 
20-06-18 at 11:19:02:787 Send 02 2E 17 1E 00 00 00 03 20 20 20 5F 5F 5F 5F 5F 5F 5F 5F 5F 5F 5F 5F 5F 5F 5F 5F 5F 5F 5F 5F 5F 5F 5F 5F 5F 5F 5F 5F 5F 5F 5F 5F 5F 00 00 00 00 5B 
20-06-18 at 11:19:02:806 Recived 06 02 03 17 00 1E 0A 
20-06-18 at 11:19:02:821 Send 06 
20-06-18 at 11:19:02:836 Send 05 
20-06-18 at 11:19:02:851 Recived 15 
20-06-18 at 11:19:02:851 Send 06 
20-06-18 at 11:19:02:866 Send 02 2E 17 1E 00 00 00 03 20 20 20 20 20 20 EF EE E4 EF E8 F1 FC 20 EA E0 F1 F1 E8 F0 E0 28 EA EE ED F2 F0 EE EB E5 F0 E0 29 00 00 00 00 00 00 00 03 
20-06-18 at 11:19:02:885 Recived 06 02 03 17 00 1E 0A 
20-06-18 at 11:19:02:900 Send 06 
20-06-18 at 11:19:02:915 Send 05 
20-06-18 at 11:19:02:930 Recived 15 
20-06-18 at 11:19:02:930 Send 06 
20-06-18 at 11:19:02:945 Send 02 2E 17 1E 00 00 00 03 32 45 41 33 46 45 30 38 43 34 37 32 35 34 31 35 32 32 37 38 43 45 31 33 30 42 45 45 33 39 31 34 34 46 37 36 42 39 45 31 57 
20-06-18 at 11:19:02:964 Recived 06 02 03 17 00 1E 0A 
20-06-18 at 11:19:02:979 Send 06 
20-06-18 at 11:19:02:994 Send 05 
20-06-18 at 11:19:03:009 Recived 15 
20-06-18 at 11:19:03:009 Send 06 
20-06-18 at 11:19:03:024 Send 02 2E 17 1E 00 00 00 03 3D 3D 3D 3D 3D 3D 3D 3D 3D 3D 3D 3D 3D 3D 3D 3D 3D 3D 3D 3D 3D 3D 3D 3D 3D 3D 3D 3D 3D 3D 3D 3D 3D 3D 3D 3D 3D 3D 3D 3D 24 
20-06-18 at 11:19:03:043 Recived 06 02 03 17 00 1E 0A 
20-06-18 at 11:19:03:058 Send 06 
20-06-18 at 11:19:03:073 Send 05 
20-06-18 at 11:19:03:088 Recived 15 
20-06-18 at 11:19:03:088 Send 06 
20-06-18 at 11:19:03:103 Send 02 2E 17 1E 00 00 00 03 20 00 00 00 00 00 00 00 00 00 00 00 00 00 00 00 00 00 00 00 00 00 00 00 00 00 00 00 00 00 00 00 00 00 00 00 00 00 00 00 04 
20-06-18 at 11:19:03:122 Recived 06 02 03 17 00 1E 0A 
20-06-18 at 11:19:03:137 Send 06 
20-06-18 at 11:19:03:152 Send 05 
20-06-18 at 11:19:03:167 Recived 15 
20-06-18 at 11:19:03:167 Send 06 
20-06-18 at 11:19:03:182 Send 02 2E 17 1E 00 00 00 03 20 00 00 00 00 00 00 00 00 00 00 00 00 00 00 00 00 00 00 00 00 00 00 00 00 00 00 00 00 00 00 00 00 00 00 00 00 00 00 00 04 
20-06-18 at 11:19:03:201 Recived 06 02 03 17 00 1E 0A 
20-06-18 at 11:19:03:216 Send 06 
20-06-18 at 11:19:03:231 Send 05 
20-06-18 at 11:19:03:246 Recived 15 
20-06-18 at 11:19:03:246 Send 06 
20-06-18 at 11:19:03:261 Send 02 2E 17 1E 00 00 00 03 20 00 00 00 00 00 00 00 00 00 00 00 00 00 00 00 00 00 00 00 00 00 00 00 00 00 00 00 00 00 00 00 00 00 00 00 00 00 00 00 04 
20-06-18 at 11:19:03:280 Recived 06 02 03 17 00 1E 0A 
20-06-18 at 11:19:03:295 Send 06 
20-06-18 at 11:19:03:310 Send 05 
20-06-18 at 11:19:03:325 Recived 15 
20-06-18 at 11:19:03:325 Send 06 
20-06-18 at 11:19:03:340 Send 02 2E 17 1E 00 00 00 03 20 00 00 00 00 00 00 00 00 00 00 00 00 00 00 00 00 00 00 00 00 00 00 00 00 00 00 00 00 00 00 00 00 00 00 00 00 00 00 00 04 
20-06-18 at 11:19:03:359 Recived 06 02 03 17 00 1E 0A 
20-06-18 at 11:19:03:374 Send 06 
20-06-18 at 11:19:03:389 Send 05 
20-06-18 at 11:19:03:404 Recived 15 
20-06-18 at 11:19:03:404 Send 06 
20-06-18 at 11:19:03:419 Send 02 2E 17 1E 00 00 00 03 01 00 00 00 00 00 00 00 00 00 00 00 00 00 00 00 00 00 00 00 00 00 00 00 00 00 00 00 00 00 00 00 00 00 00 00 00 00 00 00 25 
20-06-18 at 11:19:03:438 Recived 06 02 03 17 00 1E 0A 
20-06-18 at 11:19:03:453 Send 06 
20-06-18 at 11:19:26:583 Send 05 
20-06-18 at 11:19:26:598 Recived 15 
20-06-18 at 11:19:26:598 Send 06 
20-06-18 at 11:19:26:613 Send 02 2E 17 1E 00 00 00 03 20 20 20 20 20 20 20 20 20 20 20 20 20 20 20 20 20 20 20 20 20 20 20 20 20 20 20 20 20 20 20 20 20 20 20 20 20 20 20 20 24 
20-06-18 at 11:19:26:632 Recived 06 02 03 17 00 1E 0A 
20-06-18 at 11:19:26:647 Send 06 
20-06-18 at 11:19:26:662 Send 05 
20-06-18 at 11:19:26:677 Recived 15 
20-06-18 at 11:19:26:677 Send 06 
20-06-18 at 11:19:26:692 Send 02 2E 17 1E 00 00 00 03 32 30 2E 30 36 2E 31 38 20 20 20 20 20 20 20 20 20 20 20 20 20 20 20 20 20 20 20 20 20 20 20 20 20 20 20 31 31 3A 31 39 3B 
20-06-18 at 11:19:26:711 Recived 06 02 03 17 00 1E 0A 
20-06-18 at 11:19:26:726 Send 06 
20-06-18 at 11:19:26:741 Send 05 
20-06-18 at 11:19:26:756 Recived 15 
20-06-18 at 11:19:26:756 Send 06 
20-06-18 at 11:19:26:771 Send 02 2E 17 1E 00 00 00 03 20 20 20 20 20 20 20 20 20 20 20 20 20 20 20 20 20 20 D7 C5 CA 20 20 20 20 20 20 20 20 20 20 20 00 00 00 00 00 00 00 00 DC 
20-06-18 at 11:19:26:790 Recived 06 02 03 17 00 1E 0A 
20-06-18 at 11:19:26:805 Send 06 
20-06-18 at 11:19:26:820 Send 05 
20-06-18 at 11:19:26:835 Recived 15 
20-06-18 at 11:19:26:835 Send 06 
20-06-18 at 11:19:26:850 Send 02 2E 17 1E 00 00 00 03 20 20 20 20 20 20 20 20 20 20 20 20 20 20 20 20 C2 EE E7 E2 F0 E0 F2 20 20 20 20 20 20 20 20 20 20 20 20 20 20 20 20 20 CF 
20-06-18 at 11:19:26:869 Recived 06 02 03 17 00 1E 0A 
20-06-18 at 11:19:26:884 Send 06 
20-06-18 at 11:19:26:899 Send 05 
20-06-18 at 11:19:26:914 Recived 15 
20-06-18 at 11:19:26:914 Send 06 
20-06-18 at 11:19:26:929 Send 02 2E 17 1E 00 00 00 03 CD EE EC E5 F0 20 EE EF E5 F0 E0 F6 E8 E8 3A 20 20 20 20 20 20 20 20 20 20 20 20 20 20 20 20 20 20 20 20 20 30 30 31 30 C7 
20-06-18 at 11:19:26:948 Recived 06 02 03 17 00 1E 0A 
20-06-18 at 11:19:26:963 Send 06 
20-06-18 at 11:19:26:978 Send 05 
20-06-18 at 11:19:26:993 Recived 15 
20-06-18 at 11:19:26:993 Send 06 
20-06-18 at 11:19:27:008 Send 02 2E 17 1E 00 00 00 03 D2 E5 F0 EC E8 ED E0 EB 3A 20 20 20 20 20 20 20 20 20 20 20 20 20 20 20 20 20 20 20 20 20 20 20 30 30 34 34 39 34 38 38 16 
20-06-18 at 11:19:27:027 Recived 06 02 03 17 00 1E 0A 
20-06-18 at 11:19:27:042 Send 06 
20-06-18 at 11:19:27:057 Send 05 
20-06-18 at 11:19:27:072 Recived 15 
20-06-18 at 11:19:27:072 Send 06 
20-06-18 at 11:19:27:087 Send 02 2E 17 1E 00 00 00 03 CF F3 ED EA F2 20 EE E1 F1 EB F3 E6 E8 E2 E0 ED E8 FF 3A 20 20 20 20 20 20 20 20 20 34 34 30 30 30 30 30 30 30 35 37 32 C7 
20-06-18 at 11:19:27:106 Recived 06 02 03 17 00 1E 0A 
20-06-18 at 11:19:27:121 Send 06 
20-06-18 at 11:19:27:136 Send 05 
20-06-18 at 11:19:27:151 Recived 15 
20-06-18 at 11:19:27:151 Send 06 
20-06-18 at 11:19:27:166 Send 02 2E 17 1E 00 00 00 03 20 20 20 20 20 20 20 20 20 20 20 20 4D 61 73 74 65 72 63 61 72 64 20 20 20 20 41 30 30 30 30 30 30 30 30 34 31 30 31 30 79 
20-06-18 at 11:19:27:185 Recived 06 02 03 17 00 1E 0A 
20-06-18 at 11:19:27:200 Send 06 
20-06-18 at 11:19:27:215 Send 05 
20-06-18 at 11:19:27:230 Recived 15 
20-06-18 at 11:19:27:230 Send 06 
20-06-18 at 11:19:27:245 Send 02 2E 17 1E 00 00 00 03 CA E0 F0 F2 E0 3A 28 45 29 20 20 20 20 20 20 20 20 20 20 20 20 20 20 20 2A 2A 2A 2A 2A 2A 2A 2A 2A 2A 2A 2A 30 31 35 31 B7 
20-06-18 at 11:19:27:264 Recived 06 02 03 17 00 1E 0A 
20-06-18 at 11:19:27:279 Send 06 
20-06-18 at 11:19:27:294 Send 05 
20-06-18 at 11:19:27:309 Recived 15 
20-06-18 at 11:19:27:309 Send 06 
20-06-18 at 11:19:27:324 Send 02 2E 17 1E 00 00 00 03 CA EB E8 E5 ED F2 3A 20 20 20 20 20 20 20 20 20 20 20 20 20 20 20 20 20 20 20 20 20 20 20 20 20 20 20 20 20 20 20 20 20 0D 
20-06-18 at 11:19:27:343 Recived 06 02 03 17 00 1E 0A 
20-06-18 at 11:19:27:358 Send 06 
20-06-18 at 11:19:27:373 Send 05 
20-06-18 at 11:19:27:388 Recived 15 
20-06-18 at 11:19:27:388 Send 06 
20-06-18 at 11:19:27:403 Send 02 2E 17 1E 00 00 00 03 20 00 00 00 00 00 00 00 00 00 00 00 00 00 00 00 00 00 00 00 00 00 00 00 00 00 00 00 00 00 00 00 00 00 00 00 00 00 00 00 04 
20-06-18 at 11:19:27:422 Recived 06 02 03 17 00 1E 0A 
20-06-18 at 11:19:27:437 Send 06 
20-06-18 at 11:19:27:452 Send 05 
20-06-18 at 11:19:27:467 Recived 15 
20-06-18 at 11:19:27:467 Send 06 
20-06-18 at 11:19:27:482 Send 02 2E 17 1E 00 00 00 03 D1 F3 EC EC E0 20 28 D0 F3 E1 29 3A 00 00 00 00 00 00 00 00 00 00 00 00 00 00 00 00 00 00 00 00 00 00 00 00 00 00 00 00 3F 
20-06-18 at 11:19:27:501 Recived 06 02 03 17 00 1E 0A 
20-06-18 at 11:19:27:516 Send 06 
20-06-18 at 11:19:27:531 Send 05 
20-06-18 at 11:19:27:546 Recived 15 
20-06-18 at 11:19:27:546 Send 06 
20-06-18 at 11:19:27:561 Send 02 2E 17 1E 00 00 00 03 20 20 20 20 20 20 20 20 20 20 20 20 20 20 20 20 32 2E 30 30 00 00 00 00 00 00 00 00 00 00 00 00 00 00 00 00 00 00 00 00 38 
20-06-18 at 11:19:27:580 Recived 06 02 03 17 00 1E 0A 
20-06-18 at 11:19:27:595 Send 06 
20-06-18 at 11:19:27:610 Send 05 
20-06-18 at 11:19:27:625 Recived 15 
20-06-18 at 11:19:27:625 Send 06 
20-06-18 at 11:19:27:640 Send 02 2E 17 1E 00 00 00 03 CA EE EC E8 F1 F1 E8 FF 20 E7 E0 20 EE EF E5 F0 E0 F6 E8 FE 20 2D 20 30 20 D0 F3 E1 2E 00 00 00 00 00 00 00 00 00 00 00 D1 
20-06-18 at 11:19:27:659 Recived 06 02 03 17 00 1E 0A 
20-06-18 at 11:19:27:674 Send 06 
20-06-18 at 11:19:27:689 Send 05 
20-06-18 at 11:19:27:704 Recived 15 
20-06-18 at 11:19:27:704 Send 06 
20-06-18 at 11:19:27:719 Send 02 2E 17 1E 00 00 00 03 CD EE EC E5 F0 20 F1 F1 FB EB EA E8 3A 20 20 20 20 20 20 20 20 20 20 20 20 20 20 20 38 31 33 33 31 39 39 30 38 35 38 31 DA 
20-06-18 at 11:19:27:738 Recived 06 02 03 17 00 1E 0A 
20-06-18 at 11:19:27:753 Send 06 
20-06-18 at 11:19:27:768 Send 05 
20-06-18 at 11:19:27:783 Recived 15 
20-06-18 at 11:19:27:783 Send 06 
20-06-18 at 11:19:27:798 Send 02 2E 17 1E 00 00 00 03 20 00 00 00 00 00 00 00 00 00 00 00 00 00 00 00 00 00 00 00 00 00 00 00 00 00 00 00 00 00 00 00 00 00 00 00 00 00 00 00 04 
20-06-18 at 11:19:27:817 Recived 06 02 03 17 00 1E 0A 
20-06-18 at 11:19:27:832 Send 06 
20-06-18 at 11:19:27:847 Send 05 
20-06-18 at 11:19:27:862 Recived 15 
20-06-18 at 11:19:27:862 Send 06 
20-06-18 at 11:19:27:877 Send 02 2E 17 1E 00 00 00 03 20 00 00 00 00 00 00 00 00 00 00 00 00 00 00 00 00 00 00 00 00 00 00 00 00 00 00 00 00 00 00 00 00 00 00 00 00 00 00 00 04 
20-06-18 at 11:19:27:896 Recived 06 02 03 17 00 1E 0A 
20-06-18 at 11:19:27:911 Send 06 
20-06-18 at 11:19:27:926 Send 05 
20-06-18 at 11:19:27:941 Recived 15 
20-06-18 at 11:19:27:941 Send 06 
20-06-18 at 11:19:27:956 Send 02 2E 17 1E 00 00 00 03 20 20 20 5F 5F 5F 5F 5F 5F 5F 5F 5F 5F 5F 5F 5F 5F 5F 5F 5F 5F 5F 5F 5F 5F 5F 5F 5F 5F 5F 5F 5F 5F 5F 5F 00 00 00 00 00 04 
20-06-18 at 11:19:27:975 Recived 06 02 03 17 00 1E 0A 
20-06-18 at 11:19:27:990 Send 06 
20-06-18 at 11:19:28:005 Send 05 
20-06-18 at 11:19:28:020 Recived 15 
20-06-18 at 11:19:28:020 Send 06 
20-06-18 at 11:19:28:035 Send 02 2E 17 1E 00 00 00 03 20 20 20 20 20 20 20 20 20 20 20 20 EF EE E4 EF E8 F1 FC 20 EA EB E8 E5 ED F2 E0 00 00 00 00 00 00 00 00 00 00 00 00 00 18 
20-06-18 at 11:19:28:054 Recived 06 02 03 17 00 1E 0A 
20-06-18 at 11:19:28:069 Send 06 
20-06-18 at 11:19:28:084 Send 05 
20-06-18 at 11:19:28:099 Recived 15 
20-06-18 at 11:19:28:099 Send 06 
20-06-18 at 11:19:28:114 Send 02 2E 17 1E 00 00 00 03 20 20 00 00 00 00 00 00 00 00 00 00 00 00 00 00 00 00 00 00 00 00 00 00 00 00 00 00 00 00 00 00 00 00 00 00 00 00 00 00 24 
20-06-18 at 11:19:28:133 Recived 06 02 03 17 00 1E 0A 
20-06-18 at 11:19:28:148 Send 06 
20-06-18 at 11:19:28:163 Send 05 
20-06-18 at 11:19:28:178 Recived 15 
20-06-18 at 11:19:28:178 Send 06 
20-06-18 at 11:19:28:193 Send 02 2E 17 1E 00 00 00 03 20 20 20 20 20 20 20 20 20 20 20 20 20 20 20 20 20 20 20 20 20 20 20 20 20 20 20 20 20 20 20 20 20 20 20 20 20 20 20 20 24 
20-06-18 at 11:19:28:212 Recived 06 02 03 17 00 1E 0A 
20-06-18 at 11:19:28:227 Send 06 
20-06-18 at 11:19:28:242 Send 05 
20-06-18 at 11:19:28:257 Recived 15 
20-06-18 at 11:19:28:257 Send 06 
20-06-18 at 11:19:28:272 Send 02 2E 17 1E 00 00 00 03 20 20 20 5F 5F 5F 5F 5F 5F 5F 5F 5F 5F 5F 5F 5F 5F 5F 5F 5F 5F 5F 5F 5F 5F 5F 5F 5F 5F 5F 5F 5F 5F 5F 5F 5F 00 00 00 00 5B 
20-06-18 at 11:19:28:291 Recived 06 02 03 17 00 1E 0A 
20-06-18 at 11:19:28:306 Send 06 
20-06-18 at 11:19:28:321 Send 05 
20-06-18 at 11:19:28:336 Recived 15 
20-06-18 at 11:19:28:336 Send 06 
20-06-18 at 11:19:28:351 Send 02 2E 17 1E 00 00 00 03 20 20 20 20 20 20 EF EE E4 EF E8 F1 FC 20 EA E0 F1 F1 E8 F0 E0 28 EA EE ED F2 F0 EE EB E5 F0 E0 29 00 00 00 00 00 00 00 03 
20-06-18 at 11:19:28:370 Recived 06 02 03 17 00 1E 0A 
20-06-18 at 11:19:28:385 Send 06 
20-06-18 at 11:19:28:400 Send 05 
20-06-18 at 11:19:28:415 Recived 15 
20-06-18 at 11:19:28:415 Send 06 
20-06-18 at 11:19:28:430 Send 02 2E 17 1E 00 00 00 03 36 33 41 41 34 31 42 33 32 42 44 36 31 42 45 32 38 31 37 32 36 32 38 36 39 43 36 43 30 37 37 45 39 46 42 36 39 30 35 41 59 
20-06-18 at 11:19:28:449 Recived 06 02 03 17 00 1E 0A 
20-06-18 at 11:19:28:464 Send 06 
20-06-18 at 11:19:28:479 Send 05 
20-06-18 at 11:19:28:494 Recived 15 
20-06-18 at 11:19:28:494 Send 06 
20-06-18 at 11:19:28:509 Send 02 2E 17 1E 00 00 00 03 3D 3D 3D 3D 3D 3D 3D 3D 3D 3D 3D 3D 3D 3D 3D 3D 3D 3D 3D 3D 3D 3D 3D 3D 3D 3D 3D 3D 3D 3D 3D 3D 3D 3D 3D 3D 3D 3D 3D 3D 24 
20-06-18 at 11:19:28:528 Recived 06 02 03 17 00 1E 0A 
20-06-18 at 11:19:28:543 Send 06 
20-06-18 at 11:19:28:558 Send 05 
20-06-18 at 11:19:28:573 Recived 15 
20-06-18 at 11:19:28:573 Send 06 
20-06-18 at 11:19:28:588 Send 02 2E 17 1E 00 00 00 03 20 00 00 00 00 00 00 00 00 00 00 00 00 00 00 00 00 00 00 00 00 00 00 00 00 00 00 00 00 00 00 00 00 00 00 00 00 00 00 00 04 
20-06-18 at 11:19:28:607 Recived 06 02 03 17 00 1E 0A 
20-06-18 at 11:19:28:622 Send 06 
20-06-18 at 11:19:28:637 Send 05 
20-06-18 at 11:19:28:652 Recived 15 
20-06-18 at 11:19:28:652 Send 06 
20-06-18 at 11:19:28:667 Send 02 2E 17 1E 00 00 00 03 20 00 00 00 00 00 00 00 00 00 00 00 00 00 00 00 00 00 00 00 00 00 00 00 00 00 00 00 00 00 00 00 00 00 00 00 00 00 00 00 04 
20-06-18 at 11:19:28:686 Recived 06 02 03 17 00 1E 0A 
20-06-18 at 11:19:28:701 Send 06 
20-06-18 at 11:19:28:716 Send 05 
20-06-18 at 11:19:28:731 Recived 15 
20-06-18 at 11:19:28:731 Send 06 
20-06-18 at 11:19:28:746 Send 02 2E 17 1E 00 00 00 03 20 00 00 00 00 00 00 00 00 00 00 00 00 00 00 00 00 00 00 00 00 00 00 00 00 00 00 00 00 00 00 00 00 00 00 00 00 00 00 00 04 
20-06-18 at 11:19:28:765 Recived 06 02 03 17 00 1E 0A 
20-06-18 at 11:19:28:780 Send 06 
20-06-18 at 11:19:28:795 Send 05 
20-06-18 at 11:19:28:810 Recived 15 
20-06-18 at 11:19:28:810 Send 06 
20-06-18 at 11:19:28:825 Send 02 2E 17 1E 00 00 00 03 20 00 00 00 00 00 00 00 00 00 00 00 00 00 00 00 00 00 00 00 00 00 00 00 00 00 00 00 00 00 00 00 00 00 00 00 00 00 00 00 04 
20-06-18 at 11:19:28:844 Recived 06 02 03 17 00 1E 0A 
20-06-18 at 11:19:28:859 Send 06 
20-06-18 at 11:19:28:874 Send 05 
20-06-18 at 11:19:28:889 Recived 15 
20-06-18 at 11:19:28:889 Send 06 
20-06-18 at 11:19:28:904 Send 02 2E 17 1E 00 00 00 03 01 00 00 00 00 00 00 00 00 00 00 00 00 00 00 00 00 00 00 00 00 00 00 00 00 00 00 00 00 00 00 00 00 00 00 00 00 00 00 00 25 
20-06-18 at 11:19:28:923 Recived 06 02 03 17 00 1E 0A 
20-06-18 at 11:19:28:938 Send 06 
20-06-18 at 11:19:59:313 Send 05 
20-06-18 at 11:19:59:328 Recived 15 
20-06-18 at 11:19:59:328 Send 06 
20-06-18 at 11:19:59:343 Send 02 2E 17 1E 00 00 00 03 20 20 20 20 20 20 20 20 20 20 20 20 20 20 20 20 20 20 20 20 20 20 20 20 20 20 20 20 20 20 20 20 20 20 20 20 20 20 20 20 24 
20-06-18 at 11:19:59:362 Recived 06 02 03 17 00 1E 0A 
20-06-18 at 11:19:59:377 Send 06 
20-06-18 at 11:19:59:392 Send 05 
20-06-18 at 11:19:59:407 Recived 15 
20-06-18 at 11:19:59:407 Send 06 
20-06-18 at 11:19:59:422 Send 02 2E 17 1E 00 00 00 03 32 30 2E 30 36 2E 31 38 20 20 20 20 20 20 20 20 20 20 20 20 20 20 20 20 20 20 20 20 20 20 20 20 20 20 20 31 31 3A 32 30 31 
20-06-18 at 11:19:59:441 Recived 06 02 03 17 00 1E 0A 
20-06-18 at 11:19:59:456 Send 06 
20-06-18 at 11:19:59:471 Send 05 
20-06-18 at 11:19:59:486 Recived 15 
20-06-18 at 11:19:59:486 Send 06 
20-06-18 at 11:19:59:501 Send 02 2E 17 1E 00 00 00 03 20 20 20 20 20 20 20 20 20 20 20 20 20 20 20 20 20 20 D7 C5 CA 20 20 20 20 20 20 20 20 20 20 20 00 00 00 00 00 00 00 00 DC 
20-06-18 at 11:19:59:520 Recived 06 02 03 17 00 1E 0A 
20-06-18 at 11:19:59:535 Send 06 
20-06-18 at 11:19:59:550 Send 05 
20-06-18 at 11:19:59:565 Recived 15 
20-06-18 at 11:19:59:565 Send 06 
20-06-18 at 11:19:59:580 Send 02 2E 17 1E 00 00 00 03 20 20 20 20 20 20 20 20 20 20 20 20 20 20 20 20 C2 EE E7 E2 F0 E0 F2 20 20 20 20 20 20 20 20 20 20 20 20 20 20 20 20 20 CF 
20-06-18 at 11:19:59:599 Recived 06 02 03 17 00 1E 0A 
20-06-18 at 11:19:59:614 Send 06 
20-06-18 at 11:19:59:629 Send 05 
20-06-18 at 11:19:59:644 Recived 15 
20-06-18 at 11:19:59:644 Send 06 
20-06-18 at 11:19:59:659 Send 02 2E 17 1E 00 00 00 03 CD EE EC E5 F0 20 EE EF E5 F0 E0 F6 E8 E8 3A 20 20 20 20 20 20 20 20 20 20 20 20 20 20 20 20 20 20 20 20 20 30 30 31 31 C6 
20-06-18 at 11:19:59:678 Recived 06 02 03 17 00 1E 0A 
20-06-18 at 11:19:59:693 Send 06 
20-06-18 at 11:19:59:708 Send 05 
20-06-18 at 11:19:59:723 Recived 15 
20-06-18 at 11:19:59:723 Send 06 
20-06-18 at 11:19:59:738 Send 02 2E 17 1E 00 00 00 03 D2 E5 F0 EC E8 ED E0 EB 3A 20 20 20 20 20 20 20 20 20 20 20 20 20 20 20 20 20 20 20 20 20 20 20 30 30 34 34 39 34 38 38 16 
20-06-18 at 11:19:59:757 Recived 06 02 03 17 00 1E 0A 
20-06-18 at 11:19:59:772 Send 06 
20-06-18 at 11:19:59:787 Send 05 
20-06-18 at 11:19:59:802 Recived 15 
20-06-18 at 11:19:59:802 Send 06 
20-06-18 at 11:19:59:817 Send 02 2E 17 1E 00 00 00 03 CF F3 ED EA F2 20 EE E1 F1 EB F3 E6 E8 E2 E0 ED E8 FF 3A 20 20 20 20 20 20 20 20 20 34 34 30 30 30 30 30 30 30 35 37 32 C7 
20-06-18 at 11:19:59:836 Recived 06 02 03 17 00 1E 0A 
20-06-18 at 11:19:59:851 Send 06 
20-06-18 at 11:19:59:866 Send 05 
20-06-18 at 11:19:59:881 Recived 15 
20-06-18 at 11:19:59:881 Send 06 
20-06-18 at 11:19:59:896 Send 02 2E 17 1E 00 00 00 03 20 20 20 20 20 20 20 20 20 20 20 20 4D 61 73 74 65 72 63 61 72 64 20 20 20 20 41 30 30 30 30 30 30 30 30 34 31 30 31 30 79 
20-06-18 at 11:19:59:915 Recived 06 02 03 17 00 1E 0A 
20-06-18 at 11:19:59:930 Send 06 
20-06-18 at 11:19:59:945 Send 05 
20-06-18 at 11:19:59:960 Recived 15 
20-06-18 at 11:19:59:960 Send 06 
20-06-18 at 11:19:59:975 Send 02 2E 17 1E 00 00 00 03 CA E0 F0 F2 E0 3A 28 45 29 20 20 20 20 20 20 20 20 20 20 20 20 20 20 20 2A 2A 2A 2A 2A 2A 2A 2A 2A 2A 2A 2A 30 31 35 31 B7 
20-06-18 at 11:19:59:994 Recived 06 02 03 17 00 1E 0A 
20-06-18 at 11:20:00:009 Send 06 
20-06-18 at 11:20:00:024 Send 05 
20-06-18 at 11:20:00:039 Recived 15 
20-06-18 at 11:20:00:039 Send 06 
20-06-18 at 11:20:00:054 Send 02 2E 17 1E 00 00 00 03 CA EB E8 E5 ED F2 3A 20 20 20 20 20 20 20 20 20 20 20 20 20 20 20 20 20 20 20 20 20 20 20 20 20 20 20 20 20 20 20 20 20 0D 
20-06-18 at 11:20:00:073 Recived 06 02 03 17 00 1E 0A 
20-06-18 at 11:20:00:088 Send 06 
20-06-18 at 11:20:00:103 Send 05 
20-06-18 at 11:20:00:118 Recived 15 
20-06-18 at 11:20:00:118 Send 06 
20-06-18 at 11:20:00:133 Send 02 2E 17 1E 00 00 00 03 20 00 00 00 00 00 00 00 00 00 00 00 00 00 00 00 00 00 00 00 00 00 00 00 00 00 00 00 00 00 00 00 00 00 00 00 00 00 00 00 04 
20-06-18 at 11:20:00:152 Recived 06 02 03 17 00 1E 0A 
20-06-18 at 11:20:00:167 Send 06 
20-06-18 at 11:20:00:182 Send 05 
20-06-18 at 11:20:00:197 Recived 15 
20-06-18 at 11:20:00:197 Send 06 
20-06-18 at 11:20:00:212 Send 02 2E 17 1E 00 00 00 03 D1 F3 EC EC E0 20 28 D0 F3 E1 29 3A 00 00 00 00 00 00 00 00 00 00 00 00 00 00 00 00 00 00 00 00 00 00 00 00 00 00 00 00 3F 
20-06-18 at 11:20:00:231 Recived 06 02 03 17 00 1E 0A 
20-06-18 at 11:20:00:246 Send 06 
20-06-18 at 11:20:00:261 Send 05 
20-06-18 at 11:20:00:276 Recived 15 
20-06-18 at 11:20:00:276 Send 06 
20-06-18 at 11:20:00:291 Send 02 2E 17 1E 00 00 00 03 20 20 20 20 20 20 20 20 20 20 20 20 20 20 20 20 31 2E 30 30 00 00 00 00 00 00 00 00 00 00 00 00 00 00 00 00 00 00 00 00 3B 
20-06-18 at 11:20:00:310 Recived 06 02 03 17 00 1E 0A 
20-06-18 at 11:20:00:325 Send 06 
20-06-18 at 11:20:00:340 Send 05 
20-06-18 at 11:20:00:355 Recived 15 
20-06-18 at 11:20:00:355 Send 06 
20-06-18 at 11:20:00:370 Send 02 2E 17 1E 00 00 00 03 CA EE EC E8 F1 F1 E8 FF 20 E7 E0 20 EE EF E5 F0 E0 F6 E8 FE 20 2D 20 30 20 D0 F3 E1 2E 00 00 00 00 00 00 00 00 00 00 00 D1 
20-06-18 at 11:20:00:389 Recived 06 02 03 17 00 1E 0A 
20-06-18 at 11:20:00:404 Send 06 
20-06-18 at 11:20:00:419 Send 05 
20-06-18 at 11:20:00:434 Recived 15 
20-06-18 at 11:20:00:434 Send 06 
20-06-18 at 11:20:00:449 Send 02 2E 17 1E 00 00 00 03 CD EE EC E5 F0 20 F1 F1 FB EB EA E8 3A 20 20 20 20 20 20 20 20 20 20 20 20 20 20 20 37 31 33 38 37 33 30 33 30 39 39 38 D4 
20-06-18 at 11:20:00:468 Recived 06 02 03 17 00 1E 0A 
20-06-18 at 11:20:00:483 Send 06 
20-06-18 at 11:20:00:498 Send 05 
20-06-18 at 11:20:00:513 Recived 15 
20-06-18 at 11:20:00:513 Send 06 
20-06-18 at 11:20:00:528 Send 02 2E 17 1E 00 00 00 03 20 00 00 00 00 00 00 00 00 00 00 00 00 00 00 00 00 00 00 00 00 00 00 00 00 00 00 00 00 00 00 00 00 00 00 00 00 00 00 00 04 
20-06-18 at 11:20:00:547 Recived 06 02 03 17 00 1E 0A 
20-06-18 at 11:20:00:562 Send 06 
20-06-18 at 11:20:00:577 Send 05 
20-06-18 at 11:20:00:592 Recived 15 
20-06-18 at 11:20:00:592 Send 06 
20-06-18 at 11:20:00:607 Send 02 2E 17 1E 00 00 00 03 20 00 00 00 00 00 00 00 00 00 00 00 00 00 00 00 00 00 00 00 00 00 00 00 00 00 00 00 00 00 00 00 00 00 00 00 00 00 00 00 04 
20-06-18 at 11:20:00:626 Recived 06 02 03 17 00 1E 0A 
20-06-18 at 11:20:00:641 Send 06 
20-06-18 at 11:20:00:656 Send 05 
20-06-18 at 11:20:00:671 Recived 15 
20-06-18 at 11:20:00:671 Send 06 
20-06-18 at 11:20:00:686 Send 02 2E 17 1E 00 00 00 03 20 20 20 5F 5F 5F 5F 5F 5F 5F 5F 5F 5F 5F 5F 5F 5F 5F 5F 5F 5F 5F 5F 5F 5F 5F 5F 5F 5F 5F 5F 5F 5F 5F 5F 00 00 00 00 00 04 
20-06-18 at 11:20:00:705 Recived 06 02 03 17 00 1E 0A 
20-06-18 at 11:20:00:720 Send 06 
20-06-18 at 11:20:00:735 Send 05 
20-06-18 at 11:20:00:750 Recived 15 
20-06-18 at 11:20:00:750 Send 06 
20-06-18 at 11:20:00:765 Send 02 2E 17 1E 00 00 00 03 20 20 20 20 20 20 20 20 20 20 20 20 EF EE E4 EF E8 F1 FC 20 EA EB E8 E5 ED F2 E0 00 00 00 00 00 00 00 00 00 00 00 00 00 18 
20-06-18 at 11:20:00:784 Recived 06 02 03 17 00 1E 0A 
20-06-18 at 11:20:00:799 Send 06 
20-06-18 at 11:20:00:814 Send 05 
20-06-18 at 11:20:00:829 Recived 15 
20-06-18 at 11:20:00:829 Send 06 
20-06-18 at 11:20:00:844 Send 02 2E 17 1E 00 00 00 03 20 20 00 00 00 00 00 00 00 00 00 00 00 00 00 00 00 00 00 00 00 00 00 00 00 00 00 00 00 00 00 00 00 00 00 00 00 00 00 00 24 
20-06-18 at 11:20:00:863 Recived 06 02 03 17 00 1E 0A 
20-06-18 at 11:20:00:878 Send 06 
20-06-18 at 11:20:00:893 Send 05 
20-06-18 at 11:20:00:908 Recived 15 
20-06-18 at 11:20:00:908 Send 06 
20-06-18 at 11:20:00:923 Send 02 2E 17 1E 00 00 00 03 20 20 20 20 20 20 20 20 20 20 20 20 20 20 20 20 20 20 20 20 20 20 20 20 20 20 20 20 20 20 20 20 20 20 20 20 20 20 20 20 24 
20-06-18 at 11:20:00:942 Recived 06 02 03 17 00 1E 0A 
20-06-18 at 11:20:00:957 Send 06 
20-06-18 at 11:20:00:972 Send 05 
20-06-18 at 11:20:00:987 Recived 15 
20-06-18 at 11:20:00:987 Send 06 
20-06-18 at 11:20:01:002 Send 02 2E 17 1E 00 00 00 03 20 20 20 5F 5F 5F 5F 5F 5F 5F 5F 5F 5F 5F 5F 5F 5F 5F 5F 5F 5F 5F 5F 5F 5F 5F 5F 5F 5F 5F 5F 5F 5F 5F 5F 5F 00 00 00 00 5B 
20-06-18 at 11:20:01:021 Recived 06 02 03 17 00 1E 0A 
20-06-18 at 11:20:01:036 Send 06 
20-06-18 at 11:20:01:051 Send 05 
20-06-18 at 11:20:01:066 Recived 15 
20-06-18 at 11:20:01:066 Send 06 
20-06-18 at 11:20:01:081 Send 02 2E 17 1E 00 00 00 03 20 20 20 20 20 20 EF EE E4 EF E8 F1 FC 20 EA E0 F1 F1 E8 F0 E0 28 EA EE ED F2 F0 EE EB E5 F0 E0 29 00 00 00 00 00 00 00 03 
20-06-18 at 11:20:01:100 Recived 06 02 03 17 00 1E 0A 
20-06-18 at 11:20:01:115 Send 06 
20-06-18 at 11:20:01:130 Send 05 
20-06-18 at 11:20:01:145 Recived 15 
20-06-18 at 11:20:01:145 Send 06 
20-06-18 at 11:20:01:160 Send 02 2E 17 1E 00 00 00 03 45 35 43 42 36 37 43 33 32 38 42 36 31 45 39 36 46 38 41 36 33 32 33 30 45 44 31 37 45 32 30 32 36 38 38 46 33 34 32 42 5F 
20-06-18 at 11:20:01:179 Recived 06 02 03 17 00 1E 0A 
20-06-18 at 11:20:01:194 Send 06 
20-06-18 at 11:20:01:209 Send 05 
20-06-18 at 11:20:01:224 Recived 15 
20-06-18 at 11:20:01:224 Send 06 
20-06-18 at 11:20:01:239 Send 02 2E 17 1E 00 00 00 03 3D 3D 3D 3D 3D 3D 3D 3D 3D 3D 3D 3D 3D 3D 3D 3D 3D 3D 3D 3D 3D 3D 3D 3D 3D 3D 3D 3D 3D 3D 3D 3D 3D 3D 3D 3D 3D 3D 3D 3D 24 
20-06-18 at 11:20:01:258 Recived 06 02 03 17 00 1E 0A 
20-06-18 at 11:20:01:273 Send 06 
20-06-18 at 11:20:01:288 Send 05 
20-06-18 at 11:20:01:303 Recived 15 
20-06-18 at 11:20:01:303 Send 06 
20-06-18 at 11:20:01:318 Send 02 2E 17 1E 00 00 00 03 20 00 00 00 00 00 00 00 00 00 00 00 00 00 00 00 00 00 00 00 00 00 00 00 00 00 00 00 00 00 00 00 00 00 00 00 00 00 00 00 04 
20-06-18 at 11:20:01:337 Recived 06 02 03 17 00 1E 0A 
20-06-18 at 11:20:01:352 Send 06 
20-06-18 at 11:20:01:367 Send 05 
20-06-18 at 11:20:01:382 Recived 15 
20-06-18 at 11:20:01:382 Send 06 
20-06-18 at 11:20:01:397 Send 02 2E 17 1E 00 00 00 03 20 00 00 00 00 00 00 00 00 00 00 00 00 00 00 00 00 00 00 00 00 00 00 00 00 00 00 00 00 00 00 00 00 00 00 00 00 00 00 00 04 
20-06-18 at 11:20:01:416 Recived 06 02 03 17 00 1E 0A 
20-06-18 at 11:20:01:431 Send 06 
20-06-18 at 11:20:01:446 Send 05 
20-06-18 at 11:20:01:461 Recived 15 
20-06-18 at 11:20:01:461 Send 06 
20-06-18 at 11:20:01:476 Send 02 2E 17 1E 00 00 00 03 20 00 00 00 00 00 00 00 00 00 00 00 00 00 00 00 00 00 00 00 00 00 00 00 00 00 00 00 00 00 00 00 00 00 00 00 00 00 00 00 04 
20-06-18 at 11:20:01:495 Recived 06 02 03 17 00 1E 0A 
20-06-18 at 11:20:01:510 Send 06 
20-06-18 at 11:20:01:525 Send 05 
20-06-18 at 11:20:01:540 Recived 15 
20-06-18 at 11:20:01:540 Send 06 
20-06-18 at 11:20:01:555 Send 02 2E 17 1E 00 00 00 03 20 00 00 00 00 00 00 00 00 00 00 00 00 00 00 00 00 00 00 00 00 00 00 00 00 00 00 00 00 00 00 00 00 00 00 00 00 00 00 00 04 
20-06-18 at 11:20:01:574 Recived 06 02 03 17 00 1E 0A 
20-06-18 at 11:20:01:589 Send 06 
20-06-18 at 11:20:01:604 Send 05 
20-06-18 at 11:20:01:619 Recived 15 
20-06-18 at 11:20:01:619 Send 06 
20-06-18 at 11:20:01:634 Send 02 2E 17 1E 00 00 00 03 01 00 00 00 00 00 00 00 00 00 00 00 00 00 00 00 00 00 00 00 00 00 00 00 00 00 00 00 00 00 00 00 00 00 00 00 00 00 00 00 25 
20-06-18 at 11:20:01:653 Recived 06 02 03 17 00 1E 0A 
20-06-18 at 11:20:01:668 Send 06 
20-06-18 at 11:20:57:738 Send 05 
20-06-18 at 11:20:57:753 Recived 15 
20-06-18 at 11:20:57:753 Send 06 
20-06-18 at 11:20:57:768 Send 02 06 FF 39 1E 00 00 00 DE 
20-06-18 at 11:20:57:783 Recived 06 02 10 FF 39 00 00 00 00 00 00 00 00 00 00 00 00 00 00 D6 
20-06-18 at 11:20:57:798 Send 06 
20-06-18 at 11:22:58:938 Send 05 
20-06-18 at 11:22:58:953 Recived 15 
20-06-18 at 11:22:58:953 Send 06 
20-06-18 at 11:22:58:968 Send 02 06 FF 39 1E 00 00 00 DE 
20-06-18 at 11:22:58:983 Recived 06 02 10 FF 39 00 00 00 00 00 00 00 00 00 00 00 00 00 00 D6 
20-06-18 at 11:22:58:998 Send 06 
20-06-18 at 11:25:00:123 Send 05 
20-06-18 at 11:25:00:138 Recived 15 
20-06-18 at 11:25:00:138 Send 06 
20-06-18 at 11:25:00:153 Send 02 06 FF 39 1E 00 00 00 DE 
20-06-18 at 11:25:00:168 Recived 06 02 10 FF 39 00 00 00 00 00 00 00 00 00 00 00 00 00 00 D6 
20-06-18 at 11:25:00:183 Send 06 
20-06-18 at 11:27:01:308 Send 05 
20-06-18 at 11:27:01:323 Recived 15 
20-06-18 at 11:27:01:323 Send 06 
20-06-18 at 11:27:01:338 Send 02 06 FF 39 1E 00 00 00 DE 
20-06-18 at 11:27:01:353 Recived 06 02 10 FF 39 00 00 00 00 00 00 00 00 00 00 00 00 00 00 D6 
20-06-18 at 11:27:01:368 Send 06 
20-06-18 at 11:29:02:493 Send 05 
20-06-18 at 11:29:02:508 Recived 15 
20-06-18 at 11:29:02:508 Send 06 
20-06-18 at 11:29:02:523 Send 02 06 FF 39 1E 00 00 00 DE 
20-06-18 at 11:29:02:538 Recived 06 02 10 FF 39 00 00 00 00 00 00 00 00 00 00 00 00 00 00 D6 
20-06-18 at 11:29:02:553 Send 06 
20-06-18 at 11:31:03:678 Send 05 
20-06-18 at 11:31:03:693 Recived 15 
20-06-18 at 11:31:03:693 Send 06 
20-06-18 at 11:31:03:708 Send 02 06 FF 39 1E 00 00 00 DE 
20-06-18 at 11:31:03:723 Recived 06 02 10 FF 39 00 00 00 00 00 00 00 00 00 00 00 00 00 00 D6 
20-06-18 at 11:31:03:738 Send 06 
20-06-18 at 11:33:04:863 Send 05 
20-06-18 at 11:33:04:878 Recived 15 
20-06-18 at 11:33:04:878 Send 06 
20-06-18 at 11:33:04:893 Send 02 06 FF 39 1E 00 00 00 DE 
20-06-18 at 11:33:04:908 Recived 06 02 10 FF 39 00 00 00 00 00 00 00 00 00 00 00 00 00 00 D6 
20-06-18 at 11:33:04:923 Send 06 
20-06-18 at 11:35:06:048 Send 05 
20-06-18 at 11:35:06:063 Recived 15 
20-06-18 at 11:35:06:063 Send 06 
20-06-18 at 11:35:06:078 Send 02 06 FF 39 1E 00 00 00 DE 
20-06-18 at 11:35:06:093 Recived 06 02 10 FF 39 00 00 00 00 00 00 00 00 00 00 00 00 00 00 D6 
20-06-18 at 11:35:06:108 Send 06 
20-06-18 at 11:37:07:233 Send 05 
20-06-18 at 11:37:07:248 Recived 15 
20-06-18 at 11:37:07:248 Send 06 
20-06-18 at 11:37:07:263 Send 02 06 FF 39 1E 00 00 00 DE 
20-06-18 at 11:37:07:278 Recived 06 02 10 FF 39 00 00 00 00 00 00 00 00 00 00 00 00 00 00 D6 
20-06-18 at 11:37:07:293 Send 06 
20-06-18 at 11:39:08:418 Send 05 
20-06-18 at 11:39:08:433 Recived 15 
20-06-18 at 11:39:08:433 Send 06 
20-06-18 at 11:39:08:448 Send 02 06 FF 39 1E 00 00 00 DE 
20-06-18 at 11:39:08:463 Recived 06 02 10 FF 39 00 00 00 00 00 00 00 00 00 00 00 00 00 00 D6 
20-06-18 at 11:39:08:478 Send 06 
20-06-18 at 11:41:09:603 Send 05 
20-06-18 at 11:41:09:618 Recived 15 
20-06-18 at 11:41:09:618 Send 06 
20-06-18 at 11:41:09:633 Send 02 06 FF 39 1E 00 00 00 DE 
20-06-18 at 11:41:09:648 Recived 06 02 10 FF 39 00 00 00 00 00 00 00 00 00 00 00 00 00 00 D6 
20-06-18 at 11:41:09:663 Send 06 
20-06-18 at 11:43:10:788 Send 05 
20-06-18 at 11:43:10:803 Recived 15 
20-06-18 at 11:43:10:803 Send 06 
20-06-18 at 11:43:10:818 Send 02 06 FF 39 1E 00 00 00 DE 
20-06-18 at 11:43:10:833 Recived 06 02 10 FF 39 00 00 00 00 00 00 00 00 00 00 00 00 00 00 D6 
20-06-18 at 11:43:10:848 Send 06 
20-06-18 at 11:45:11:973 Send 05 
20-06-18 at 11:45:11:988 Recived 15 
20-06-18 at 11:45:11:988 Send 06 
20-06-18 at 11:45:12:003 Send 02 06 FF 39 1E 00 00 00 DE 
20-06-18 at 11:45:12:018 Recived 06 02 10 FF 39 00 00 00 00 00 00 00 00 00 00 00 00 00 00 D6 
20-06-18 at 11:45:12:033 Send 06 
20-06-18 at 11:47:13:158 Send 05 
20-06-18 at 11:47:13:173 Recived 15 
20-06-18 at 11:47:13:173 Send 06 
20-06-18 at 11:47:13:188 Send 02 06 FF 39 1E 00 00 00 DE 
20-06-18 at 11:47:13:203 Recived 06 02 10 FF 39 00 00 00 00 00 00 00 00 00 00 00 00 00 00 D6 
20-06-18 at 11:47:13:218 Send 06 
20-06-18 at 11:49:14:343 Send 05 
20-06-18 at 11:49:14:358 Recived 15 
20-06-18 at 11:49:14:358 Send 06 
20-06-18 at 11:49:14:373 Send 02 06 FF 39 1E 00 00 00 DE 
20-06-18 at 11:49:14:388 Recived 06 02 10 FF 39 00 00 00 00 00 00 00 00 00 00 00 00 00 00 D6 
20-06-18 at 11:49:14:403 Send 06 
20-06-18 at 11:51:15:528 Send 05 
20-06-18 at 11:51:15:543 Recived 15 
20-06-18 at 11:51:15:543 Send 06 
20-06-18 at 11:51:15:558 Send 02 06 FF 39 1E 00 00 00 DE 
20-06-18 at 11:51:15:573 Recived 06 02 10 FF 39 00 00 00 00 00 00 00 00 00 00 00 00 00 00 D6 
20-06-18 at 11:51:15:588 Send 06 
20-06-18 at 11:53:16:713 Send 05 
20-06-18 at 11:53:16:728 Recived 15 
20-06-18 at 11:53:16:728 Send 06 
20-06-18 at 11:53:16:743 Send 02 06 FF 39 1E 00 00 00 DE 
20-06-18 at 11:53:16:758 Recived 06 02 10 FF 39 00 00 00 00 00 00 00 00 00 00 00 00 00 00 D6 
20-06-18 at 11:53:16:773 Send 06 
20-06-18 at 11:55:17:898 Send 05 
20-06-18 at 11:55:17:913 Recived 15 
20-06-18 at 11:55:17:913 Send 06 
20-06-18 at 11:55:17:928 Send 02 06 FF 39 1E 00 00 00 DE 
20-06-18 at 11:55:17:943 Recived 06 02 10 FF 39 00 00 00 00 00 00 00 00 00 00 00 00 00 00 D6 
20-06-18 at 11:55:17:958 Send 06 
20-06-18 at 11:57:19:083 Send 05 
20-06-18 at 11:57:19:098 Recived 15 
20-06-18 at 11:57:19:098 Send 06 
20-06-18 at 11:57:19:113 Send 02 06 FF 39 1E 00 00 00 DE 
20-06-18 at 11:57:19:128 Recived 06 02 10 FF 39 00 00 00 00 00 00 00 00 00 00 00 00 00 00 D6 
20-06-18 at 11:57:19:143 Send 06 
20-06-18 at 11:59:00:525 total calculated
20-06-18 at 11:59:00:527 now show on display
20-06-18 at 11:59:00:527                     Всего:       1032.00
20-06-18 at 11:59:00:527 now clear port error ...
20-06-18 at 11:59:00:527 now write to port ...
20-06-18 at 11:59:00:661 ... done
20-06-18 at 11:59:00:662 total calculated
20-06-18 at 11:59:00:664 now show on display
20-06-18 at 11:59:00:664                     Всего:       1032.00
20-06-18 at 11:59:00:664 now clear port error ...
20-06-18 at 11:59:00:664 now write to port ...
20-06-18 at 11:59:00:833 ... done
20-06-18 at 11:59:00:835 111
20-06-18 at 11:59:00:835 Выход из программы
