02-02-18 at 15:57:34:279 Запуск программы. Инициализация считана из файла
02-02-18 at 15:57:34:280 Чек загружен.
02-02-18 at 15:57:34:280 Платежи по картам восстановлены
02-02-18 at 15:57:34:281 Попытка входа в критическую секцию: дисконт
02-02-18 at 15:57:34:282 total calculated
02-02-18 at 15:57:34:282 now show on display
02-02-18 at 15:57:34:282                     Всего:       5216.31
02-02-18 at 15:57:34:282 now open port for display
02-02-18 at 15:57:34:283 Com port opened
02-02-18 at 15:57:34:283 now clear port error ...
02-02-18 at 15:57:34:284 now write to port ...
02-02-18 at 15:57:34:417 ... done
02-02-18 at 15:57:34:417 Чек сжат
02-02-18 at 15:57:34:418 Сумма чека посчитана
02-02-18 at 15:57:34:419 Кардридер создан
02-02-18 at 15:57:34:419 Задание запуска модулей создано
02-02-18 at 15:57:34:419 Сканер создан
02-02-18 at 15:57:34:419 Регистратор создан
02-02-18 at 15:57:34:420 Часы созданы
02-02-18 at 15:57:34:421 Регистратор запущен
02-02-18 at 15:57:34:421 Сканер запущен
02-02-18 at 15:57:34:421 Часы запущены
02-02-18 at 15:57:34:421 Кардридер запущен
02-02-18 at 15:57:34:422 Передача данных запущена
02-02-18 at 15:57:34:423 Вход в FRInit
02-02-18 at 15:57:34:423 Вход в GetStatus
02-02-18 at 15:57:34:436 Send 05 
02-02-18 at 15:57:34:451 Recived 15 
02-02-18 at 15:57:34:451 Send 06 
02-02-18 at 15:57:34:466 Send 02 05 11 1E 00 00 00 0A 
02-02-18 at 15:57:34:481 Recived 06 02 30 11 00 1E 43 31 0E 93 13 04 11 01 06 00 B2 02 03 00 00 4E 41 00 00 01 01 10 02 02 12 0F 39 2C 00 2E 5D 00 00 69 00 00 00 00 00 D2 E9 1E 42 01 00 09 
02-02-18 at 15:57:34:496 Send 06 
02-02-18 at 15:57:34:499 KKMStatus 0000
02-02-18 at 15:57:34:511 Send 05 
02-02-18 at 15:57:34:526 Recived 15 
02-02-18 at 15:57:34:526 Send 06 
02-02-18 at 15:57:34:541 Send 02 05 11 1E 00 00 00 0A 
02-02-18 at 15:57:34:556 Recived 06 02 30 11 00 1E 43 31 0E 93 13 04 11 01 06 00 B2 02 03 00 00 4E 41 00 00 01 01 10 02 02 12 0F 39 2C 00 2E 5D 00 00 69 00 00 00 00 00 D2 E9 1E 42 01 00 09 
02-02-18 at 15:57:34:571 Send 06 
02-02-18 at 15:57:34:574 KKMStatus 0300
02-02-18 at 15:57:34:574 Номер ФР считан
02-02-18 at 15:57:34:759 СУБД подключена
02-02-18 at 15:57:34:771 Send 05 
02-02-18 at 15:57:34:786 Recived 15 
02-02-18 at 15:57:34:786 Send 06 
02-02-18 at 15:57:34:801 Send 02 0A 1E 1E 00 00 00 01 01 00 01 01 0A 
02-02-18 at 15:57:34:816 Recived 06 02 02 1E 00 1C 
02-02-18 at 15:57:34:831 Send 06 
02-02-18 at 15:57:34:846 Send 05 
02-02-18 at 15:57:34:861 Recived 15 
02-02-18 at 15:57:34:861 Send 06 
02-02-18 at 15:57:34:876 Send 02 0A 1E 1E 00 00 00 01 01 00 05 02 0D 
02-02-18 at 15:57:34:891 Recived 06 02 02 1E 00 1C 
02-02-18 at 15:57:34:906 Send 06 
02-02-18 at 15:57:34:921 Send 05 
02-02-18 at 15:57:34:936 Recived 15 
02-02-18 at 15:57:34:936 Send 06 
02-02-18 at 15:57:34:951 Send 02 0A 1E 1E 00 00 00 01 01 00 23 01 28 
02-02-18 at 15:57:34:966 Recived 06 02 02 1E 00 1C 
02-02-18 at 15:57:34:981 Send 06 
02-02-18 at 15:57:34:996 Send 05 
02-02-18 at 15:57:35:011 Recived 15 
02-02-18 at 15:57:35:011 Send 06 
02-02-18 at 15:57:35:026 Send 02 0A 1E 1E 00 00 00 01 01 00 06 00 0C 
02-02-18 at 15:57:35:041 Recived 06 02 02 1E 00 1C 
02-02-18 at 15:57:35:056 Send 06 
02-02-18 at 15:57:35:071 Send 05 
02-02-18 at 15:57:35:086 Recived 15 
02-02-18 at 15:57:35:086 Send 06 
02-02-18 at 15:57:35:101 Send 02 0A 1E 1E 00 00 00 01 01 00 07 01 0C 
02-02-18 at 15:57:35:116 Recived 06 02 02 1E 00 1C 
02-02-18 at 15:57:35:131 Send 06 
02-02-18 at 15:57:35:147 Send 05 
02-02-18 at 15:57:35:162 Recived 15 
02-02-18 at 15:57:35:162 Send 06 
02-02-18 at 15:57:35:177 Send 02 0A 1E 1E 00 00 00 01 01 00 14 01 1F 
02-02-18 at 15:57:35:192 Recived 06 02 02 1E 00 1C 
02-02-18 at 15:57:35:207 Send 06 
02-02-18 at 15:57:35:222 Send 05 
02-02-18 at 15:57:35:237 Recived 15 
02-02-18 at 15:57:35:237 Send 06 
02-02-18 at 15:57:35:252 Send 02 0A 1E 1E 00 00 00 01 01 00 15 01 1E 
02-02-18 at 15:57:35:267 Recived 06 02 02 1E 00 1C 
02-02-18 at 15:57:35:282 Send 06 
02-02-18 at 15:57:35:297 Send 05 
02-02-18 at 15:57:35:312 Recived 15 
02-02-18 at 15:57:35:312 Send 06 
02-02-18 at 15:57:35:327 Send 02 0A 1E 1E 00 00 00 01 01 00 0F 00 05 
02-02-18 at 15:57:35:342 Recived 06 02 02 1E 00 1C 
02-02-18 at 15:57:35:357 Send 06 
02-02-18 at 15:57:35:372 Send 05 
02-02-18 at 15:57:35:387 Recived 15 
02-02-18 at 15:57:35:387 Send 06 
02-02-18 at 15:57:35:402 Send 02 0A 1E 1E 00 00 00 01 01 00 11 00 1B 
02-02-18 at 15:57:35:417 Recived 06 02 02 1E 00 1C 
02-02-18 at 15:57:35:432 Send 06 
02-02-18 at 15:57:35:447 Send 05 
02-02-18 at 15:57:35:462 Recived 15 
02-02-18 at 15:57:35:462 Send 06 
02-02-18 at 15:57:35:477 Send 02 0A 1E 1E 00 00 00 11 01 00 03 02 1B 
02-02-18 at 15:57:35:492 Recived 06 02 02 1E 00 1C 
02-02-18 at 15:57:35:507 Send 06 
02-02-18 at 15:57:35:522 Send 05 
02-02-18 at 15:57:35:537 Recived 15 
02-02-18 at 15:57:35:537 Send 06 
02-02-18 at 15:57:35:552 Send 02 0A 1E 1E 00 00 00 01 01 00 29 01 22 
02-02-18 at 15:57:35:567 Recived 06 02 02 1E 00 1C 
02-02-18 at 15:57:35:582 Send 06 
02-02-18 at 15:57:35:597 Send 05 
02-02-18 at 15:57:35:612 Recived 15 
02-02-18 at 15:57:35:612 Send 06 
02-02-18 at 15:57:35:627 Send 02 26 1E 1E 00 00 00 04 0C 00 01 20 20 20 20 20 20 20 20 20 20 20 C4 CE C1 D0 CE 20 CF CE C6 C0 CB CE C2 C0 D2 DC 21 00 D5 
02-02-18 at 15:57:35:645 Recived 06 02 02 1E 00 1C 
02-02-18 at 15:57:35:660 Send 06 
02-02-18 at 15:57:35:675 Send 05 
02-02-18 at 15:57:35:690 Recived 15 
02-02-18 at 15:57:35:690 Send 06 
02-02-18 at 15:57:35:705 Send 02 29 1E 1E 00 00 00 04 0D 00 01 20 20 20 20 20 20 20 20 CE CE CE 20 CA EE EC EF E0 ED E8 FF 20 27 CA CE CB CE D0 CB CE CD 27 00 CB 
02-02-18 at 15:57:35:723 Recived 06 02 02 1E 00 1C 
02-02-18 at 15:57:35:738 Send 06 
02-02-18 at 15:57:35:753 Send 05 
02-02-18 at 15:57:35:768 Recived 15 
02-02-18 at 15:57:35:768 Send 06 
02-02-18 at 15:57:35:783 Send 02 2D 1E 1E 00 00 00 04 0E 00 01 20 20 20 20 20 CC E0 E3 E0 E7 E8 ED 20 27 C2 F1 E5 20 F2 EE E2 E0 F0 FB 20 E4 EB FF 20 E4 EE EC E0 27 20 00 DE 
02-02-18 at 15:57:35:800 Recived 06 02 02 1E 00 1C 
02-02-18 at 15:57:35:815 Send 06 
02-02-18 at 15:57:35:886 now clear port error ...
02-02-18 at 15:57:35:886 now write to port ...
02-02-18 at 15:57:36:019 ... done
02-02-18 at 15:57:36:040 Send 05 
02-02-18 at 15:57:36:055 Recived 15 
02-02-18 at 15:57:36:055 Send 06 
02-02-18 at 15:57:36:070 Send 02 06 1A 1E 00 00 00 79 7B 
02-02-18 at 15:57:36:085 Recived 06 02 09 1A 00 1E 00 00 00 00 00 00 0D 
02-02-18 at 15:57:36:100 Send 06 
02-02-18 at 15:57:38:540 Cardreader  Антонов Сергей 
02-02-18 at 15:57:38:549 Send 05 
02-02-18 at 15:57:38:567 Recived 15 
02-02-18 at 15:57:38:568 Send 06 
02-02-18 at 15:57:38:583 Send 02 20 1E 1E 00 00 00 02 1E 00 02 CA E0 F1 F1 E8 F0 20 C0 ED F2 EE ED EE E2 20 D1 E5 F0 E3 E5 E9 20 00 D7 
02-02-18 at 15:57:38:601 Recived 06 02 02 1E 00 1C 
02-02-18 at 15:57:38:616 Send 06 
02-02-18 at 15:57:38:619 now clear port error ...
02-02-18 at 15:57:38:619 now write to port ...
02-02-18 at 15:57:38:753 ... done
02-02-18 at 15:57:39:546 Send 05 
02-02-18 at 15:57:39:561 Recived 15 
02-02-18 at 15:57:39:561 Send 06 
02-02-18 at 15:57:39:576 Send 02 06 FF 39 1E 00 00 00 DE 
02-02-18 at 15:57:39:591 Recived 06 02 10 FF 39 00 05 00 05 00 53 02 00 00 11 0C 14 09 2B AC 
02-02-18 at 15:57:39:606 Send 06 
02-02-18 at 15:57:44:178 Попытка входа в критическую секцию: дисконт
02-02-18 at 15:57:44:180 total calculated
02-02-18 at 15:57:44:180 now show on display
02-02-18 at 15:57:44:180                     Всего:       5216.40
02-02-18 at 15:57:44:180 now clear port error ...
02-02-18 at 15:57:44:181 now write to port ...
02-02-18 at 15:57:44:314 ... done
02-02-18 at 15:57:44:316 Попытка очистки таблицы
02-02-18 at 15:57:44:317 Попытка очистки успешна
02-02-18 at 15:57:44:317 Попытка очистки таблицы
02-02-18 at 15:57:44:317 Попытка очистки успешна
02-02-18 at 15:57:44:317 107
02-02-18 at 15:57:44:318 007
02-02-18 at 15:57:44:318 total calculated
02-02-18 at 15:57:44:318 now show on display
02-02-18 at 15:57:44:318                     Всего:          0.00
02-02-18 at 15:57:44:319 now clear port error ...
02-02-18 at 15:57:44:319 now write to port ...
02-02-18 at 15:57:44:486 ... done
02-02-18 at 15:57:48:577 Send 05 
02-02-18 at 15:57:48:592 Recived 15 
02-02-18 at 15:57:48:592 Send 06 
02-02-18 at 15:57:48:607 Send 02 2E 17 1E 00 00 00 03 20 20 CF EE E4 E0 F0 EE F7 ED FB E5 20 EA E0 F0 F2 FB 20 ED E5 20 EF F0 EE E4 E0 E2 E0 EB E8 F1 FC 00 00 00 00 00 00 00 39 
02-02-18 at 15:57:48:626 Recived 06 02 03 17 00 1E 0A 
02-02-18 at 15:57:48:641 Send 06 
02-02-18 at 15:57:48:656 Send 05 
02-02-18 at 15:57:48:671 Recived 15 
02-02-18 at 15:57:48:671 Send 06 
02-02-18 at 15:57:48:686 Send 02 2E 17 1E 00 00 00 03 2D 2D 2D 2D 2D 2D 2D 2D 2D 2D 2D 2D 2D 2D 2D 2D 2D 2D 2D 2D 2D 2D 2D 2D 2D 2D 2D 2D 2D 2D 2D 2D 2D 2D 2D 2D 2D 2D 2D 2D 24 
02-02-18 at 15:57:48:705 Recived 06 02 03 17 00 1E 0A 
02-02-18 at 15:57:48:720 Send 06 
02-02-18 at 15:57:48:735 Send 05 
02-02-18 at 15:57:48:750 Recived 15 
02-02-18 at 15:57:48:750 Send 06 
02-02-18 at 15:57:48:765 Send 02 05 41 1E 00 00 00 5A 
02-02-18 at 15:57:48:780 Recived 06 
02-02-18 at 15:57:48:810 Recived 02 02 41 14 57 
02-02-18 at 15:57:48:825 Send 06 
02-02-18 at 15:57:48:836 111
02-02-18 at 15:58:07:679 total calculated
02-02-18 at 15:58:07:679 now show on display
02-02-18 at 15:58:07:680                     Всего:          0.00
02-02-18 at 15:58:07:680 now clear port error ...
02-02-18 at 15:58:07:680 now write to port ...
02-02-18 at 15:58:07:814 ... done
02-02-18 at 15:58:07:814 total calculated
02-02-18 at 15:58:07:814 now show on display
02-02-18 at 15:58:07:815                     Всего:          0.00
02-02-18 at 15:58:07:815 now clear port error ...
02-02-18 at 15:58:07:815 now write to port ...
02-02-18 at 15:58:07:985 ... done
02-02-18 at 15:58:07:987 111
02-02-18 at 15:58:07:988 Выход из программы
02-02-18 at 15:59:49:717 Запуск программы. Инициализация считана из файла
02-02-18 at 15:59:49:718 Платежи по картам восстановлены
02-02-18 at 15:59:49:719 total calculated
02-02-18 at 15:59:49:719 now show on display
02-02-18 at 15:59:49:719                     Всего:          0.00
02-02-18 at 15:59:49:719 now open port for display
02-02-18 at 15:59:49:720 Com port opened
02-02-18 at 15:59:49:721 now clear port error ...
02-02-18 at 15:59:49:721 now write to port ...
02-02-18 at 15:59:49:855 ... done
02-02-18 at 15:59:49:855 Чек сжат
02-02-18 at 15:59:49:855 Сумма чека посчитана
02-02-18 at 15:59:49:855 Кардридер создан
02-02-18 at 15:59:49:855 Задание запуска модулей создано
02-02-18 at 15:59:49:856 Сканер создан
02-02-18 at 15:59:49:858 Регистратор создан
02-02-18 at 15:59:49:858 Часы созданы
02-02-18 at 15:59:49:858 Регистратор запущен
02-02-18 at 15:59:49:859 Сканер запущен
02-02-18 at 15:59:49:859 Часы запущены
02-02-18 at 15:59:49:859 Кардридер запущен
02-02-18 at 15:59:49:859 Передача данных запущена
02-02-18 at 15:59:49:860 Вход в FRInit
02-02-18 at 15:59:49:860 Вход в GetStatus
02-02-18 at 15:59:49:874 Send 05 
02-02-18 at 15:59:49:889 Recived 15 
02-02-18 at 15:59:49:889 Send 06 
02-02-18 at 15:59:49:904 Send 02 05 11 1E 00 00 00 0A 
02-02-18 at 15:59:49:919 Recived 06 02 30 11 00 1E 43 31 0E 93 13 04 11 01 06 00 B2 02 03 00 00 4E 41 00 00 01 01 10 02 02 12 0F 3B 3B 00 2E 5D 00 00 69 00 00 00 00 00 D2 E9 1E 42 01 00 1C 
02-02-18 at 15:59:49:934 Send 06 
02-02-18 at 15:59:49:935 KKMStatus 0000
02-02-18 at 15:59:49:949 Send 05 
02-02-18 at 15:59:49:964 Recived 15 
02-02-18 at 15:59:49:964 Send 06 
02-02-18 at 15:59:49:979 Send 02 05 11 1E 00 00 00 0A 
02-02-18 at 15:59:49:993 Recived 06 02 30 11 00 1E 43 31 0E 93 13 04 11 01 06 00 B2 02 03 00 00 4E 41 00 00 01 01 10 02 02 12 0F 3B 3B 00 2E 5D 00 00 69 00 00 00 00 00 D2 E9 1E 42 01 00 1C 
02-02-18 at 15:59:50:008 Send 06 
02-02-18 at 15:59:50:009 KKMStatus 0300
02-02-18 at 15:59:50:009 Номер ФР считан
02-02-18 at 15:59:50:195 СУБД подключена
02-02-18 at 15:59:50:219 Send 05 
02-02-18 at 15:59:50:234 Recived 15 
02-02-18 at 15:59:50:234 Send 06 
02-02-18 at 15:59:50:249 Send 02 0A 1E 1E 00 00 00 01 01 00 01 01 0A 
02-02-18 at 15:59:50:264 Recived 06 02 02 1E 00 1C 
02-02-18 at 15:59:50:279 Send 06 
02-02-18 at 15:59:50:294 Send 05 
02-02-18 at 15:59:50:309 Recived 15 
02-02-18 at 15:59:50:309 Send 06 
02-02-18 at 15:59:50:324 Send 02 0A 1E 1E 00 00 00 01 01 00 05 02 0D 
02-02-18 at 15:59:50:339 Recived 06 02 02 1E 00 1C 
02-02-18 at 15:59:50:354 Send 06 
02-02-18 at 15:59:50:369 Send 05 
02-02-18 at 15:59:50:384 Recived 15 
02-02-18 at 15:59:50:384 Send 06 
02-02-18 at 15:59:50:399 Send 02 0A 1E 1E 00 00 00 01 01 00 23 01 28 
02-02-18 at 15:59:50:414 Recived 06 02 02 1E 00 1C 
02-02-18 at 15:59:50:429 Send 06 
02-02-18 at 15:59:50:444 Send 05 
02-02-18 at 15:59:50:459 Recived 15 
02-02-18 at 15:59:50:459 Send 06 
02-02-18 at 15:59:50:474 Send 02 0A 1E 1E 00 00 00 01 01 00 06 00 0C 
02-02-18 at 15:59:50:489 Recived 06 02 02 1E 00 1C 
02-02-18 at 15:59:50:504 Send 06 
02-02-18 at 15:59:50:519 Send 05 
02-02-18 at 15:59:50:534 Recived 15 
02-02-18 at 15:59:50:534 Send 06 
02-02-18 at 15:59:50:549 Send 02 0A 1E 1E 00 00 00 01 01 00 07 01 0C 
02-02-18 at 15:59:50:564 Recived 06 02 02 1E 00 1C 
02-02-18 at 15:59:50:579 Send 06 
02-02-18 at 15:59:50:594 Send 05 
02-02-18 at 15:59:50:609 Recived 15 
02-02-18 at 15:59:50:609 Send 06 
02-02-18 at 15:59:50:624 Send 02 0A 1E 1E 00 00 00 01 01 00 14 01 1F 
02-02-18 at 15:59:50:639 Recived 06 02 02 1E 00 1C 
02-02-18 at 15:59:50:654 Send 06 
02-02-18 at 15:59:50:669 Send 05 
02-02-18 at 15:59:50:684 Recived 15 
02-02-18 at 15:59:50:684 Send 06 
02-02-18 at 15:59:50:699 Send 02 0A 1E 1E 00 00 00 01 01 00 15 01 1E 
02-02-18 at 15:59:50:714 Recived 06 02 02 1E 00 1C 
02-02-18 at 15:59:50:729 Send 06 
02-02-18 at 15:59:50:744 Send 05 
02-02-18 at 15:59:50:759 Recived 15 
02-02-18 at 15:59:50:759 Send 06 
02-02-18 at 15:59:50:774 Send 02 0A 1E 1E 00 00 00 01 01 00 0F 00 05 
02-02-18 at 15:59:50:789 Recived 06 02 02 1E 00 1C 
02-02-18 at 15:59:50:804 Send 06 
02-02-18 at 15:59:50:819 Send 05 
02-02-18 at 15:59:50:833 Recived 15 
02-02-18 at 15:59:50:833 Send 06 
02-02-18 at 15:59:50:848 Send 02 0A 1E 1E 00 00 00 01 01 00 11 00 1B 
02-02-18 at 15:59:50:863 Recived 06 02 02 1E 00 1C 
02-02-18 at 15:59:50:878 Send 06 
02-02-18 at 15:59:50:893 Send 05 
02-02-18 at 15:59:50:908 Recived 15 
02-02-18 at 15:59:50:908 Send 06 
02-02-18 at 15:59:50:923 Send 02 0A 1E 1E 00 00 00 11 01 00 03 02 1B 
02-02-18 at 15:59:50:938 Recived 06 02 02 1E 00 1C 
02-02-18 at 15:59:50:953 Send 06 
02-02-18 at 15:59:50:968 Send 05 
02-02-18 at 15:59:50:983 Recived 15 
02-02-18 at 15:59:50:983 Send 06 
02-02-18 at 15:59:50:998 Send 02 0A 1E 1E 00 00 00 01 01 00 29 01 22 
02-02-18 at 15:59:51:013 Recived 06 02 02 1E 00 1C 
02-02-18 at 15:59:51:028 Send 06 
02-02-18 at 15:59:51:043 Send 05 
02-02-18 at 15:59:51:058 Recived 15 
02-02-18 at 15:59:51:058 Send 06 
02-02-18 at 15:59:51:073 Send 02 26 1E 1E 00 00 00 04 0C 00 01 20 20 20 20 20 20 20 20 20 20 20 C4 CE C1 D0 CE 20 CF CE C6 C0 CB CE C2 C0 D2 DC 21 00 D5 
02-02-18 at 15:59:51:091 Recived 06 02 02 1E 00 1C 
02-02-18 at 15:59:51:106 Send 06 
02-02-18 at 15:59:51:121 Send 05 
02-02-18 at 15:59:51:136 Recived 15 
02-02-18 at 15:59:51:136 Send 06 
02-02-18 at 15:59:51:151 Send 02 29 1E 1E 00 00 00 04 0D 00 01 20 20 20 20 20 20 20 20 CE CE CE 20 CA EE EC EF E0 ED E8 FF 20 27 CA CE CB CE D0 CB CE CD 27 00 CB 
02-02-18 at 15:59:51:169 Recived 06 02 02 1E 00 1C 
02-02-18 at 15:59:51:184 Send 06 
02-02-18 at 15:59:51:199 Send 05 
02-02-18 at 15:59:51:214 Recived 15 
02-02-18 at 15:59:51:214 Send 06 
02-02-18 at 15:59:51:229 Send 02 2D 1E 1E 00 00 00 04 0E 00 01 20 20 20 20 20 CC E0 E3 E0 E7 E8 ED 20 27 C2 F1 E5 20 F2 EE E2 E0 F0 FB 20 E4 EB FF 20 E4 EE EC E0 27 20 00 DE 
02-02-18 at 15:59:51:247 Recived 06 02 02 1E 00 1C 
02-02-18 at 15:59:51:262 Send 06 
02-02-18 at 15:59:51:351 now clear port error ...
02-02-18 at 15:59:51:351 now write to port ...
02-02-18 at 15:59:51:484 ... done
02-02-18 at 15:59:51:502 Send 05 
02-02-18 at 15:59:51:517 Recived 15 
02-02-18 at 15:59:51:517 Send 06 
02-02-18 at 15:59:51:532 Send 02 06 1A 1E 00 00 00 79 7B 
02-02-18 at 15:59:51:547 Recived 06 
02-02-18 at 15:59:51:577 Recived 02 09 1A 00 1E 00 00 00 00 00 00 0D 
02-02-18 at 15:59:51:592 Send 06 
02-02-18 at 15:59:53:823 Cardreader  Антонов Сергей 
02-02-18 at 15:59:53:824 Send 05 
02-02-18 at 15:59:53:842 Recived 15 
02-02-18 at 15:59:53:844 Send 06 
02-02-18 at 15:59:53:860 Send 02 20 1E 1E 00 00 00 02 1E 00 02 CA E0 F1 F1 E8 F0 20 C0 ED F2 EE ED EE E2 20 D1 E5 F0 E3 E5 E9 20 00 D7 
02-02-18 at 15:59:53:878 Recived 06 02 02 1E 00 1C 
02-02-18 at 15:59:53:893 Send 06 
02-02-18 at 15:59:53:899 now clear port error ...
02-02-18 at 15:59:53:899 now write to port ...
02-02-18 at 15:59:54:032 ... done
02-02-18 at 15:59:54:822 Send 05 
02-02-18 at 15:59:54:837 Recived 15 
02-02-18 at 15:59:54:837 Send 06 
02-02-18 at 15:59:54:852 Send 02 06 FF 39 1E 00 00 00 DE 
02-02-18 at 15:59:54:867 Recived 06 02 10 FF 39 00 05 00 05 00 53 02 00 00 11 0C 14 09 2B AC 
02-02-18 at 15:59:54:882 Send 06 
02-02-18 at 15:59:57:339 Send 05 
02-02-18 at 15:59:57:354 Recived 15 
02-02-18 at 15:59:57:354 Send 06 
02-02-18 at 15:59:57:369 Send 02 2E 17 1E 00 00 00 03 20 20 CF EE E4 E0 F0 EE F7 ED FB E5 20 EA E0 F0 F2 FB 20 ED E5 20 EF F0 EE E4 E0 E2 E0 EB E8 F1 FC 00 00 00 00 00 00 00 39 
02-02-18 at 15:59:57:388 Recived 06 02 03 17 00 1E 0A 
02-02-18 at 15:59:57:403 Send 06 
02-02-18 at 15:59:57:418 Send 05 
02-02-18 at 15:59:57:433 Recived 15 
02-02-18 at 15:59:57:433 Send 06 
02-02-18 at 15:59:57:448 Send 02 2E 17 1E 00 00 00 03 2D 2D 2D 2D 2D 2D 2D 2D 2D 2D 2D 2D 2D 2D 2D 2D 2D 2D 2D 2D 2D 2D 2D 2D 2D 2D 2D 2D 2D 2D 2D 2D 2D 2D 2D 2D 2D 2D 2D 2D 24 
02-02-18 at 15:59:57:467 Recived 06 02 03 17 00 1E 0A 
02-02-18 at 15:59:57:482 Send 06 
02-02-18 at 15:59:57:496 Send 05 
02-02-18 at 15:59:57:511 Recived 15 
02-02-18 at 15:59:57:511 Send 06 
02-02-18 at 15:59:57:526 Send 02 05 41 1E 00 00 00 5A 
02-02-18 at 15:59:57:541 Recived 06 
02-02-18 at 15:59:57:571 Recived 02 02 41 14 57 
02-02-18 at 15:59:57:586 Send 06 
02-02-18 at 15:59:57:599 111
02-02-18 at 16:00:59:237 Recived 43 
02-02-18 at 16:00:59:447 Recived 43 
02-02-18 at 16:01:03:719 Recived 00 
02-02-18 at 16:01:03:943 Recived 43 
02-02-18 at 16:01:04:153 Recived 43 
02-02-18 at 16:01:04:348 Recived 15 
02-02-18 at 16:01:04:543 Recived 15 
02-02-18 at 16:01:04:903 Recived 18 18 18 58 6D 6F 64 65 6D 20 73 79 6E 63 20 65 72 72 6F 72 0D 0A 73 65 63 75 72 65 20 62 6F 6F 74 6C 6F 61 64 65 72 20 56 2E 31 31 38 0D 0A 
02-02-18 at 16:01:05:248 Recived 53 44 20 6D 6F 75 6E 74 20 66 61 69 6C 0D 0A 73 74 61 72 74 69 6E 67 20 61 70 70 6C 69 63 61 74 69 6F 6E 2E 2E 2E 0D FF 
02-02-18 at 16:01:55:902 Send 05 
02-02-18 at 16:01:55:917 Recived 15 
02-02-18 at 16:01:55:917 Send 06 
02-02-18 at 16:01:55:932 Send 02 06 FF 39 1E 00 00 00 DE 
02-02-18 at 16:01:55:947 Recived 06 02 10 FF 39 00 03 00 02 00 56 02 00 00 12 01 09 0B 14 86 
02-02-18 at 16:01:55:977 Send 06 
02-02-18 at 16:02:05:227 Send 05 
02-02-18 at 16:02:05:242 Recived 15 
02-02-18 at 16:02:05:242 Send 06 
02-02-18 at 16:02:05:257 Send 02 2E 17 1E 00 00 00 03 20 20 CF EE E4 E0 F0 EE F7 ED FB E5 20 EA E0 F0 F2 FB 20 ED E5 20 EF F0 EE E4 E0 E2 E0 EB E8 F1 FC 00 00 00 00 00 00 00 39 
02-02-18 at 16:02:05:276 Recived 06 02 03 17 00 1E 0A 
02-02-18 at 16:02:05:291 Send 06 
02-02-18 at 16:02:05:306 Send 05 
02-02-18 at 16:02:05:321 Recived 15 
02-02-18 at 16:02:05:321 Send 06 
02-02-18 at 16:02:05:336 Send 02 2E 17 1E 00 00 00 03 2D 2D 2D 2D 2D 2D 2D 2D 2D 2D 2D 2D 2D 2D 2D 2D 2D 2D 2D 2D 2D 2D 2D 2D 2D 2D 2D 2D 2D 2D 2D 2D 2D 2D 2D 2D 2D 2D 2D 2D 24 
02-02-18 at 16:02:05:355 Recived 06 02 03 17 00 1E 0A 
02-02-18 at 16:02:05:370 Send 06 
02-02-18 at 16:02:05:385 Send 05 
02-02-18 at 16:02:05:400 Recived 15 
02-02-18 at 16:02:05:400 Send 06 
02-02-18 at 16:02:05:415 Send 02 05 41 1E 00 00 00 5A 
02-02-18 at 16:02:05:430 Recived 06 
02-02-18 at 16:02:06:749 Recived 02 03 41 00 00 42 
02-02-18 at 16:02:06:764 Send 06 
02-02-18 at 16:02:06:770 111
02-02-18 at 16:02:11:741 Send 05 
02-02-18 at 16:02:11:756 Recived 15 
02-02-18 at 16:02:11:756 Send 06 
02-02-18 at 16:02:11:771 Send 02 08 21 1E 00 00 00 10 02 0B 2E 
02-02-18 at 16:02:11:786 Recived 06 02 02 21 00 23 
02-02-18 at 16:02:11:801 Send 06 
02-02-18 at 16:02:11:802 Вход в GetStatus
02-02-18 at 16:02:11:816 Send 05 
02-02-18 at 16:02:11:831 Recived 15 
02-02-18 at 16:02:11:831 Send 06 
02-02-18 at 16:02:11:846 Send 02 05 11 1E 00 00 00 0A 
02-02-18 at 16:02:11:861 Recived 06 02 30 11 00 1E 43 31 0E 93 13 04 11 01 07 00 B2 02 04 00 00 4E 41 00 00 01 01 10 02 02 12 10 02 0B 00 2E 5D 00 00 6A 00 00 00 00 00 D2 E9 1E 42 01 00 0F 
02-02-18 at 16:02:11:876 Send 06 
02-02-18 at 16:02:11:877 KKMStatus 0000
02-02-18 at 16:02:11:891 Send 05 
02-02-18 at 16:02:11:906 Recived 15 
02-02-18 at 16:02:11:906 Send 06 
02-02-18 at 16:02:11:921 Send 02 05 E0 1E 00 00 00 FB 
02-02-18 at 16:02:11:936 Recived 06 
02-02-18 at 16:02:13:135 Recived 02 03 E0 00 1E FD 
02-02-18 at 16:02:13:150 Send 06 
02-02-18 at 16:02:19:461 114
02-02-18 at 16:02:19:462 014
02-02-18 at 16:02:19:462 total calculated
02-02-18 at 16:02:19:462 now show on display
02-02-18 at 16:02:19:463                     Всего:          0.00
02-02-18 at 16:02:19:463 now clear port error ...
02-02-18 at 16:02:19:463 now write to port ...
02-02-18 at 16:02:19:597 ... done
02-02-18 at 16:02:19:661 114
02-02-18 at 16:02:19:661 014
02-02-18 at 16:02:19:861 114
02-02-18 at 16:02:19:861 014
02-02-18 at 16:02:22:427 114
02-02-18 at 16:02:22:427 014
02-02-18 at 16:02:22:603 114
02-02-18 at 16:02:22:604 014
02-02-18 at 16:02:22:827 114
02-02-18 at 16:02:22:827 014
02-02-18 at 16:02:26:025 114
02-02-18 at 16:02:26:025 014
02-02-18 at 16:02:26:497 114
02-02-18 at 16:02:26:497 014
02-02-18 at 16:02:26:649 114
02-02-18 at 16:02:26:649 014
02-02-18 at 16:02:27:400 114
02-02-18 at 16:02:27:400 014
02-02-18 at 16:02:27:688 114
02-02-18 at 16:02:27:688 014
02-02-18 at 16:02:27:824 114
02-02-18 at 16:02:27:824 014
02-02-18 at 16:02:29:279 114
02-02-18 at 16:02:29:279 014
02-02-18 at 16:02:30:279 114
02-02-18 at 16:02:30:279 014
02-02-18 at 16:02:30:279 114
02-02-18 at 16:02:30:279 014
02-02-18 at 16:02:30:307 114
02-02-18 at 16:02:30:307 014
02-02-18 at 16:02:30:307 101
02-02-18 at 16:02:30:307 001
02-02-18 at 16:02:30:308 total calculated
02-02-18 at 16:02:30:308 now show on display
02-02-18 at 16:02:30:310 art.402876 Баг  6999Всего:       6999.00
02-02-18 at 16:02:30:310 now clear port error ...
02-02-18 at 16:02:30:310 now write to port ...
02-02-18 at 16:02:30:444 ... done
02-02-18 at 16:02:34:075  Нажата клавиша F10.
02-02-18 at 16:02:34:075 114
02-02-18 at 16:02:34:076 014
02-02-18 at 16:02:34:076 115
02-02-18 at 16:02:34:076 015
02-02-18 at 16:02:34:078 total calculated
02-02-18 at 16:02:34:078 now show on display
02-02-18 at 16:02:34:078 art.402876 Баг  6999Всего:       6999.00
02-02-18 at 16:02:34:078 now clear port error ...
02-02-18 at 16:02:34:078 now write to port ...
02-02-18 at 16:02:34:212 ... done
02-02-18 at 16:02:34:259 now clear port error ...
02-02-18 at 16:02:34:259 now write to port ...
02-02-18 at 16:02:34:393 ... done
02-02-18 at 16:02:35:975 now clear port error ...
02-02-18 at 16:02:35:976 now write to port ...
02-02-18 at 16:02:36:109 ... done
02-02-18 at 16:02:36:110 Вход в FRInit
02-02-18 at 16:02:36:110 Вход в GetStatus
02-02-18 at 16:02:36:116 Send 05 
02-02-18 at 16:02:36:131 Recived 15 
02-02-18 at 16:02:36:131 Send 06 
02-02-18 at 16:02:36:146 Send 02 05 11 1E 00 00 00 0A 
02-02-18 at 16:02:36:161 Recived 06 02 30 11 00 1E 43 31 0E 93 13 04 11 01 08 00 B2 02 02 00 00 4E 41 00 00 01 01 10 02 02 12 10 02 23 00 2E 5D 00 00 6A 00 00 00 00 00 D2 E9 1E 42 01 00 2E 
02-02-18 at 16:02:36:176 Send 06 
02-02-18 at 16:02:36:185 KKMStatus 0000
02-02-18 at 16:02:36:191 Send 05 
02-02-18 at 16:02:36:206 Recived 15 
02-02-18 at 16:02:36:206 Send 06 
02-02-18 at 16:02:36:221 Send 02 06 28 1E 00 00 00 00 30 
02-02-18 at 16:02:36:236 Recived 06 02 03 28 00 1E 35 
02-02-18 at 16:02:36:251 Send 06 
02-02-18 at 16:02:36:266 Send 05 
02-02-18 at 16:02:36:281 Recived 15 
02-02-18 at 16:02:36:281 Send 06 
02-02-18 at 16:02:36:296 Send 02 06 8D 1E 00 00 00 00 95 
02-02-18 at 16:02:36:311 Recived 06 
02-02-18 at 16:02:36:326 Recived 02 03 8D 00 1E 90 
02-02-18 at 16:02:36:341 Send 06 
02-02-18 at 16:02:36:356 Send 05 
02-02-18 at 16:02:36:371 Recived 15 
02-02-18 at 16:02:36:371 Send 06 
02-02-18 at 16:02:36:386 Send 02 0A C2 1E 00 00 00 9C 3B 3F 84 15 DF 
02-02-18 at 16:02:36:401 Recived 06 02 03 C2 00 1E DF 
02-02-18 at 16:02:36:416 Send 06 
02-02-18 at 16:02:36:431 Send 05 
02-02-18 at 16:02:36:446 Recived 15 
02-02-18 at 16:02:36:446 Send 06 
02-02-18 at 16:02:36:461 Send 02 2E 17 1E 00 00 00 03 3D 3D 3D 3D 3D 3D 3D 3D 3D 3D 3D 3D 3D 3D 3D 3D 3D 3D 3D 3D 3D 3D 3D 3D 3D 3D 3D 3D 3D 3D 3D 3D 3D 3D 3D 3D 3D 3D 3D 3D 24 
02-02-18 at 16:02:36:480 Recived 06 02 03 17 00 1E 0A 
02-02-18 at 16:02:36:495 Send 06 
02-02-18 at 16:02:36:510 Send 05 
02-02-18 at 16:02:36:525 Recived 15 
02-02-18 at 16:02:36:525 Send 06 
02-02-18 at 16:02:36:540 Send 02 2E 17 1E 00 00 00 03 20 20 20 20 20 20 20 D7 C5 CA 20 30 32 2D 33 38 35 34 2D 31 38 30 32 2D 30 32 31 36 2D 30 32 33 36 00 00 00 00 00 00 00 FD 
02-02-18 at 16:02:36:559 Recived 06 02 03 17 00 1E 0A 
02-02-18 at 16:02:36:574 Send 06 
02-02-18 at 16:02:36:589 Send 05 
02-02-18 at 16:02:36:604 Recived 15 
02-02-18 at 16:02:36:604 Send 06 
02-02-18 at 16:02:36:619 Send 02 2E 17 1E 00 00 00 03 3D 3D 3D 3D 3D 3D 3D 3D 3D 3D 3D 3D 3D 3D 3D 3D 3D 3D 3D 3D 3D 3D 3D 3D 3D 3D 3D 3D 3D 3D 3D 3D 3D 3D 3D 3D 3D 3D 3D 3D 24 
02-02-18 at 16:02:36:638 Recived 06 02 03 17 00 1E 0A 
02-02-18 at 16:02:36:653 Send 06 
02-02-18 at 16:02:36:668 Send 05 
02-02-18 at 16:02:36:683 Recived 15 
02-02-18 at 16:02:36:683 Send 06 
02-02-18 at 16:02:36:698 Send 02 3C 80 1E 00 00 00 E8 03 00 00 00 FC AD 0A 00 00 00 01 00 00 00 2F 2F 35 30 35 35 32 38 33 30 30 36 30 30 20 61 72 74 2E 34 30 32 38 37 36 20 C1 E0 E3 E0 E6 ED FB E5 20 EF EE EF E5 00 43 
02-02-18 at 16:02:36:717 Recived 06 02 03 80 00 1E 9D 
02-02-18 at 16:02:36:732 Send 06 
02-02-18 at 16:02:36:747 Send 05 
02-02-18 at 16:02:36:762 Recived 15 
02-02-18 at 16:02:36:762 Send 06 
02-02-18 at 16:02:36:777 Send 02 2E 17 1E 00 00 00 03 35 30 35 35 32 38 33 30 30 36 30 30 20 61 72 74 2E 34 30 32 38 37 36 20 C1 E0 E3 E0 E6 ED FB E5 20 00 00 00 00 00 00 00 7F 
02-02-18 at 16:02:36:796 Recived 06 02 03 17 00 1E 0A 
02-02-18 at 16:02:36:811 Send 06 
02-02-18 at 16:02:36:826 Send 05 
02-02-18 at 16:02:36:841 Recived 15 
02-02-18 at 16:02:36:841 Send 06 
02-02-18 at 16:02:36:856 Send 02 2E 17 1E 00 00 00 03 EF EE EF E5 F0 E5 F7 E8 ED FB 20 54 68 75 6C 65 20 20 20 20 20 20 20 20 20 20 20 20 20 20 20 20 20 20 20 20 28 F8 F2 29 58 
02-02-18 at 16:02:36:875 Recived 06 02 03 17 00 1E 0A 
02-02-18 at 16:02:36:890 Send 06 
02-02-18 at 16:02:36:905 Send 05 
02-02-18 at 16:02:36:920 Recived 15 
02-02-18 at 16:02:36:920 Send 06 
02-02-18 at 16:02:36:935 Send 02 2E 17 1E 00 00 00 03 20 20 20 20 20 20 20 20 20 20 20 20 20 20 20 20 20 20 20 20 20 20 20 20 20 31 2E 30 30 30 20 58 20 36 39 39 39 2E 30 30 52 
02-02-18 at 16:02:36:954 Recived 06 02 03 17 00 1E 0A 
02-02-18 at 16:02:36:969 Send 06 
02-02-18 at 16:02:36:984 Send 05 
02-02-18 at 16:02:36:999 Recived 15 
02-02-18 at 16:02:36:999 Send 06 
02-02-18 at 16:02:37:014 Send 02 2E 17 1E 00 00 00 03 D1 F3 EC EC E0 2C E2 20 F2 2E F7 2E CD C4 D1 20 31 38 25 20 20 20 20 20 20 20 20 20 20 20 20 3D 20 36 39 39 39 2E 30 30 E5 
02-02-18 at 16:02:37:033 Recived 06 02 03 17 00 1E 0A 
02-02-18 at 16:02:37:048 Send 06 
02-02-18 at 16:02:37:063 Send 05 
02-02-18 at 16:02:37:078 Recived 15 
02-02-18 at 16:02:37:078 Send 06 
02-02-18 at 16:02:37:093 Send 02 05 89 1E 00 00 00 92 
02-02-18 at 16:02:37:108 Recived 06 02 08 89 00 1E FC AD 0A 00 00 C4 
02-02-18 at 16:02:37:123 Send 06 
02-02-18 at 16:02:37:138 Send 05 
02-02-18 at 16:02:37:153 Recived 15 
02-02-18 at 16:02:37:153 Send 06 
02-02-18 at 16:02:37:168 Send 02 2E 17 1E 00 00 00 03 3D 3D 3D 3D 3D 3D 3D 3D 3D 3D 3D 3D 3D 3D 3D 3D 3D 3D 3D 3D 3D 3D 3D 3D 3D 3D 3D 3D 3D 3D 3D 3D 3D 3D 3D 3D 3D 3D 3D 3D 24 
02-02-18 at 16:02:37:187 Recived 06 02 03 17 00 1E 0A 
02-02-18 at 16:02:37:201 Send 06 
02-02-18 at 16:02:37:216 Send 05 
02-02-18 at 16:02:37:231 Recived 15 
02-02-18 at 16:02:37:231 Send 06 
02-02-18 at 16:02:37:246 Send 02 2E 17 1E 00 00 00 03 20 00 00 00 00 00 00 00 00 00 00 00 00 00 00 00 00 00 00 00 00 00 00 00 00 00 00 00 00 00 00 00 00 00 00 00 00 00 00 00 04 
02-02-18 at 16:02:37:265 Recived 06 02 03 17 00 1E 0A 
02-02-18 at 16:02:37:280 Send 06 
02-02-18 at 16:02:37:295 Send 05 
02-02-18 at 16:02:37:310 Recived 15 
02-02-18 at 16:02:37:310 Send 06 
02-02-18 at 16:02:37:325 Send 02 2E 17 1E 00 00 00 03 20 20 20 20 CE EF EB E0 F2 E0 20 EF F0 E8 ED FF F2 E0 20 F1 20 E1 EB E0 E3 EE E4 E0 F0 ED EE F1 F2 FC FE 00 00 00 00 00 2B 
02-02-18 at 16:02:37:344 Recived 06 02 03 17 00 1E 0A 
02-02-18 at 16:02:37:359 Send 06 
02-02-18 at 16:02:37:374 Send 05 
02-02-18 at 16:02:37:389 Recived 15 
02-02-18 at 16:02:37:389 Send 06 
02-02-18 at 16:02:37:404 Send 02 2E 17 1E 00 00 00 03 20 20 C6 E4 E5 EC 20 E2 E0 F1 20 E5 E6 E5 E4 ED E5 E2 ED EE 20 F1 20 39 2E 30 30 20 E4 EE 20 32 32 2E 30 30 00 00 00 00 D5 
02-02-18 at 16:02:37:423 Recived 06 02 03 17 00 1E 0A 
02-02-18 at 16:02:37:438 Send 06 
02-02-18 at 16:02:37:453 Send 05 
02-02-18 at 16:02:37:468 Recived 15 
02-02-18 at 16:02:37:468 Send 06 
02-02-18 at 16:02:37:483 Send 02 2E 17 1E 00 00 00 03 20 20 20 20 EF EE 20 E0 E4 F0 E5 F1 F3 3A 36 33 30 30 32 37 2C E3 2E CD EE E2 EE F1 E8 E1 E8 F0 F1 EA 2C 00 00 00 00 00 35 
02-02-18 at 16:02:37:502 Recived 06 02 03 17 00 1E 0A 
02-02-18 at 16:02:37:517 Send 06 
02-02-18 at 16:02:37:532 Send 05 
02-02-18 at 16:02:37:547 Recived 15 
02-02-18 at 16:02:37:547 Send 06 
02-02-18 at 16:02:37:562 Send 02 2E 17 1E 00 00 00 03 F3 EB 2E D2 EE EB EC E0 F7 E5 E2 F1 EA E0 FF 2C 20 31 39 E0 20 EA 2E 32 2C 20 F2 E5 EB 2E 3A 33 36 33 2D 30 35 2D 30 35 DD 
02-02-18 at 16:02:37:581 Recived 06 02 03 17 00 1E 0A 
02-02-18 at 16:02:37:596 Send 06 
02-02-18 at 16:02:37:611 Send 05 
02-02-18 at 16:02:37:626 Recived 15 
02-02-18 at 16:02:37:626 Send 06 
02-02-18 at 16:02:37:641 Send 02 47 85 1E 00 00 00 FC AD 0A 00 00 00 00 00 00 00 00 00 00 00 00 00 00 00 00 00 00 00 00 00 00 00 20 00 00 00 00 00 00 00 00 00 00 00 00 00 00 00 00 00 00 00 00 00 00 00 00 00 00 00 00 00 00 00 00 00 00 00 00 00 00 00 A7 
02-02-18 at 16:02:37:662 Recived 06 
02-02-18 at 16:02:38:142 Recived 02 08 85 00 1E 00 00 00 00 00 93 
02-02-18 at 16:02:38:157 Send 06 
02-02-18 at 16:02:38:166 WAIT_OBJECT_0
02-02-18 at 16:02:38:179 WritePresent
02-02-18 at 16:02:38:179 UpdateCentralCounts
02-02-18 at 16:02:38:270 UpdateCentralCounts
02-02-18 at 16:02:38:270 ActivateGiftCards(PresentGrid)
02-02-18 at 16:02:38:270 ActivateGiftCards(Grid)
02-02-18 at 16:02:38:270 GiftCardDoPayments
02-02-18 at 16:02:38:271 GiftCardClearPayments
02-02-18 at 16:02:38:271 Попытка очистки таблицы
02-02-18 at 16:02:38:272 Попытка очистки успешна
02-02-18 at 16:02:38:272 Попытка очистки таблицы
02-02-18 at 16:02:38:272 Попытка очистки успешна
02-02-18 at 16:02:38:273 total calculated
02-02-18 at 16:02:38:273 now show on display
02-02-18 at 16:02:38:273                     Всего:          0.00
02-02-18 at 16:02:38:273 now clear port error ...
02-02-18 at 16:02:38:273 now write to port ...
02-02-18 at 16:02:38:407 ... done
02-02-18 at 16:02:38:407 now clear port error ...
02-02-18 at 16:02:38:408 now write to port ...
02-02-18 at 16:02:38:579 ... done
02-02-18 at 16:02:38:579 116
02-02-18 at 16:02:38:579 016
02-02-18 at 16:04:01:627 Send 05 
02-02-18 at 16:04:01:642 Recived 15 
02-02-18 at 16:04:01:642 Send 06 
02-02-18 at 16:04:01:657 Send 02 06 FF 39 1E 00 00 00 DE 
02-02-18 at 16:04:01:672 Recived 06 02 10 FF 39 00 00 00 00 00 00 00 00 00 00 00 00 00 00 D6 
02-02-18 at 16:04:01:687 Send 06 
02-02-18 at 16:06:02:740 Send 05 
02-02-18 at 16:06:02:755 Recived 15 
02-02-18 at 16:06:02:755 Send 06 
02-02-18 at 16:06:02:770 Send 02 06 FF 39 1E 00 00 00 DE 
02-02-18 at 16:06:02:785 Recived 06 02 10 FF 39 00 00 00 00 00 00 00 00 00 00 00 00 00 00 D6 
02-02-18 at 16:06:02:800 Send 06 
02-02-18 at 16:06:13:055 total calculated
02-02-18 at 16:06:13:055 now show on display
02-02-18 at 16:06:13:056                     Всего:          0.00
02-02-18 at 16:06:13:056 now clear port error ...
02-02-18 at 16:06:13:056 now write to port ...
02-02-18 at 16:06:13:190 ... done
02-02-18 at 16:06:13:190 total calculated
02-02-18 at 16:06:13:190 now show on display
02-02-18 at 16:06:13:191                     Всего:          0.00
02-02-18 at 16:06:13:191 now clear port error ...
02-02-18 at 16:06:13:191 now write to port ...
02-02-18 at 16:06:13:361 ... done
02-02-18 at 16:06:13:364 111
02-02-18 at 16:06:13:364 Выход из программы
