07-08-18 at 14:14:53:139 Запуск программы. Инициализация считана из файла
07-08-18 at 14:14:53:140 Чек загружен.
07-08-18 at 14:14:53:140 total calculated
07-08-18 at 14:14:53:141 now show on display
07-08-18 at 14:14:53:141                     Всего:          0.00
07-08-18 at 14:14:53:141 now open port for display
07-08-18 at 14:14:53:142 Com port opened
07-08-18 at 14:14:53:142 now clear port error ...
07-08-18 at 14:14:53:142 now write to port ...
07-08-18 at 14:14:53:276 ... done
07-08-18 at 14:14:53:276 Чек сжат
07-08-18 at 14:14:53:276 Сумма чека посчитана
07-08-18 at 14:14:53:277 Кардридер создан
07-08-18 at 14:14:53:277 Задание запуска модулей создано
07-08-18 at 14:14:53:277 Сканер создан
07-08-18 at 14:14:53:277 Регистратор создан
07-08-18 at 14:14:53:277 Часы созданы
07-08-18 at 14:14:53:278 Регистратор запущен
07-08-18 at 14:14:53:278 Сканер запущен
07-08-18 at 14:14:53:278 Часы запущены
07-08-18 at 14:14:53:278 Кардридер запущен
07-08-18 at 14:14:53:279 Передача данных запущена
07-08-18 at 14:14:53:279 Вход в FRInit
07-08-18 at 14:14:53:279 Вход в GetStatus
07-08-18 at 14:14:53:294 Send 05 
07-08-18 at 14:14:53:310 Recived 15 
07-08-18 at 14:14:53:310 Send 06 
07-08-18 at 14:14:53:325 Send 02 05 11 1E 00 00 00 0A 
07-08-18 at 14:14:53:340 Recived 06 02 30 11 00 1E 43 31 1C B3 14 0C 11 01 09 00 B2 02 08 00 00 4E 41 00 00 01 01 10 07 08 12 0E 0E 35 00 2E 5D 00 00 41 00 00 00 00 00 EF 95 10 42 01 00 77 
07-08-18 at 14:14:53:355 Send 06 
07-08-18 at 14:14:53:359 KKMStatus 0000
07-08-18 at 14:14:53:370 Send 05 
07-08-18 at 14:14:53:385 Recived 15 
07-08-18 at 14:14:53:385 Send 06 
07-08-18 at 14:14:53:400 Send 02 05 88 1E 00 00 00 93 
07-08-18 at 14:14:53:415 Recived 06 02 03 88 00 1E 95 
07-08-18 at 14:14:53:430 Send 06 
07-08-18 at 14:14:53:434 Вход в FRInit
07-08-18 at 14:14:53:434 Вход в GetStatus
07-08-18 at 14:14:53:445 Send 05 
07-08-18 at 14:14:53:460 Recived 15 
07-08-18 at 14:14:53:460 Send 06 
07-08-18 at 14:14:53:475 Send 02 05 11 1E 00 00 00 0A 
07-08-18 at 14:14:53:490 Recived 06 02 30 11 00 1E 43 31 1C B3 14 0C 11 01 09 00 B2 02 02 00 00 4E 41 00 00 01 01 10 07 08 12 0E 0E 36 00 2E 5D 00 00 41 00 00 00 00 00 EF 95 10 42 01 00 7E 
07-08-18 at 14:14:53:505 Send 06 
07-08-18 at 14:14:53:509 KKMStatus 0000
07-08-18 at 14:14:53:520 Send 05 
07-08-18 at 14:14:53:535 Recived 15 
07-08-18 at 14:14:53:535 Send 06 
07-08-18 at 14:14:53:550 Send 02 05 11 1E 00 00 00 0A 
07-08-18 at 14:14:53:565 Recived 06 02 30 11 00 1E 43 31 1C B3 14 0C 11 01 09 00 B2 02 02 00 00 4E 41 00 00 01 01 10 07 08 12 0E 0E 36 00 2E 5D 00 00 41 00 00 00 00 00 EF 95 10 42 01 00 7E 
07-08-18 at 14:14:53:580 Send 06 
07-08-18 at 14:14:53:584 KKMStatus 0200
07-08-18 at 14:14:53:584 Номер ФР считан
07-08-18 at 14:14:53:785 СУБД подключена
07-08-18 at 14:14:53:817 Send 05 
07-08-18 at 14:14:53:832 Recived 15 
07-08-18 at 14:14:53:832 Send 06 
07-08-18 at 14:14:53:847 Send 02 17 1E 1E 00 00 00 05 03 00 01 CA 41 D0 D2 CE C9 20 56 49 53 41 2F 4D 43 92 
07-08-18 at 14:14:53:863 Recived 06 02 02 1E 00 1C 
07-08-18 at 14:14:53:878 Send 06 
07-08-18 at 14:14:53:893 Send 05 
07-08-18 at 14:14:53:908 Recived 15 
07-08-18 at 14:14:53:908 Send 06 
07-08-18 at 14:14:53:923 Send 02 18 1E 1E 00 00 00 05 04 00 01 C4 D0 D3 C3 C8 CC C8 20 CA C0 D0 D2 C0 CC C8 3C 
07-08-18 at 14:14:53:939 Recived 06 02 02 1E 00 1C 
07-08-18 at 14:14:53:954 Send 06 
07-08-18 at 14:14:53:969 Send 05 
07-08-18 at 14:14:53:984 Recived 15 
07-08-18 at 14:14:53:984 Send 06 
07-08-18 at 14:14:53:999 Send 02 0A 1E 1E 00 00 00 01 01 00 01 01 0A 
07-08-18 at 14:14:54:014 Recived 06 02 02 1E 00 1C 
07-08-18 at 14:14:54:029 Send 06 
07-08-18 at 14:14:54:044 Send 05 
07-08-18 at 14:14:54:059 Recived 15 
07-08-18 at 14:14:54:059 Send 06 
07-08-18 at 14:14:54:074 Send 02 0A 1E 1E 00 00 00 01 01 00 05 02 0D 
07-08-18 at 14:14:54:089 Recived 06 02 02 1E 00 1C 
07-08-18 at 14:14:54:104 Send 06 
07-08-18 at 14:14:54:119 Send 05 
07-08-18 at 14:14:54:134 Recived 15 
07-08-18 at 14:14:54:134 Send 06 
07-08-18 at 14:14:54:149 Send 02 0A 1E 1E 00 00 00 01 01 00 23 01 28 
07-08-18 at 14:14:54:164 Recived 06 02 02 1E 00 1C 
07-08-18 at 14:14:54:179 Send 06 
07-08-18 at 14:14:54:194 Send 05 
07-08-18 at 14:14:54:209 Recived 15 
07-08-18 at 14:14:54:209 Send 06 
07-08-18 at 14:14:54:224 Send 02 0A 1E 1E 00 00 00 01 01 00 06 00 0C 
07-08-18 at 14:14:54:239 Recived 06 02 02 1E 00 1C 
07-08-18 at 14:14:54:254 Send 06 
07-08-18 at 14:14:54:269 Send 05 
07-08-18 at 14:14:54:284 Recived 15 
07-08-18 at 14:14:54:284 Send 06 
07-08-18 at 14:14:54:299 Send 02 0A 1E 1E 00 00 00 01 01 00 07 01 0C 
07-08-18 at 14:14:54:314 Recived 06 02 02 1E 00 1C 
07-08-18 at 14:14:54:329 Send 06 
07-08-18 at 14:14:54:344 Send 05 
07-08-18 at 14:14:54:359 Recived 15 
07-08-18 at 14:14:54:359 Send 06 
07-08-18 at 14:14:54:374 Send 02 0A 1E 1E 00 00 00 01 01 00 14 01 1F 
07-08-18 at 14:14:54:389 Recived 06 02 02 1E 00 1C 
07-08-18 at 14:14:54:404 Send 06 
07-08-18 at 14:14:54:419 Send 05 
07-08-18 at 14:14:54:434 Recived 15 
07-08-18 at 14:14:54:434 Send 06 
07-08-18 at 14:14:54:449 Send 02 0A 1E 1E 00 00 00 01 01 00 15 01 1E 
07-08-18 at 14:14:54:464 Recived 06 02 02 1E 00 1C 
07-08-18 at 14:14:54:479 Send 06 
07-08-18 at 14:14:54:494 Send 05 
07-08-18 at 14:14:54:509 Recived 15 
07-08-18 at 14:14:54:509 Send 06 
07-08-18 at 14:14:54:524 Send 02 0A 1E 1E 00 00 00 01 01 00 0F 00 05 
07-08-18 at 14:14:54:539 Recived 06 02 02 1E 00 1C 
07-08-18 at 14:14:54:554 Send 06 
07-08-18 at 14:14:54:569 Send 05 
07-08-18 at 14:14:54:584 Recived 15 
07-08-18 at 14:14:54:584 Send 06 
07-08-18 at 14:14:54:599 Send 02 0A 1E 1E 00 00 00 01 01 00 11 00 1B 
07-08-18 at 14:14:54:614 Recived 06 02 02 1E 00 1C 
07-08-18 at 14:14:54:629 Send 06 
07-08-18 at 14:14:54:644 Send 05 
07-08-18 at 14:14:54:659 Recived 15 
07-08-18 at 14:14:54:659 Send 06 
07-08-18 at 14:14:54:674 Send 02 0A 1E 1E 00 00 00 11 01 00 03 02 1B 
07-08-18 at 14:14:54:689 Recived 06 02 02 1E 00 1C 
07-08-18 at 14:14:54:704 Send 06 
07-08-18 at 14:14:54:719 Send 05 
07-08-18 at 14:14:54:734 Recived 15 
07-08-18 at 14:14:54:734 Send 06 
07-08-18 at 14:14:54:749 Send 02 0A 1E 1E 00 00 00 01 01 00 29 01 22 
07-08-18 at 14:14:54:764 Recived 06 02 02 1E 00 1C 
07-08-18 at 14:14:54:779 Send 06 
07-08-18 at 14:14:54:794 Send 05 
07-08-18 at 14:14:54:809 Recived 15 
07-08-18 at 14:14:54:809 Send 06 
07-08-18 at 14:14:54:824 Send 02 26 1E 1E 00 00 00 04 0C 00 01 20 20 20 20 20 20 20 20 20 20 20 C4 CE C1 D0 CE 20 CF CE C6 C0 CB CE C2 C0 D2 DC 21 00 D5 
07-08-18 at 14:14:54:842 Recived 06 02 02 1E 00 1C 
07-08-18 at 14:14:54:857 Send 06 
07-08-18 at 14:14:54:872 Send 05 
07-08-18 at 14:14:54:887 Recived 15 
07-08-18 at 14:14:54:887 Send 06 
07-08-18 at 14:14:54:902 Send 02 29 1E 1E 00 00 00 04 0D 00 01 20 20 20 20 20 20 20 20 CE CE CE 20 CA EE EC EF E0 ED E8 FF 20 27 CA CE CB CE D0 CB CE CD 27 00 CB 
07-08-18 at 14:14:54:920 Recived 06 02 02 1E 00 1C 
07-08-18 at 14:14:54:935 Send 06 
07-08-18 at 14:14:54:950 Send 05 
07-08-18 at 14:14:54:965 Recived 15 
07-08-18 at 14:14:54:965 Send 06 
07-08-18 at 14:14:54:980 Send 02 2D 1E 1E 00 00 00 04 0E 00 01 20 20 20 20 20 CC E0 E3 E0 E7 E8 ED 20 27 C2 F1 E5 20 F2 EE E2 E0 F0 FB 20 E4 EB FF 20 E4 EE EC E0 27 20 00 DE 
07-08-18 at 14:14:54:998 Recived 06 02 02 1E 00 1C 
07-08-18 at 14:14:55:013 Send 06 
07-08-18 at 14:14:55:053 now clear port error ...
07-08-18 at 14:14:55:054 now write to port ...
07-08-18 at 14:14:55:187 ... done
07-08-18 at 14:14:55:226 Send 05 
07-08-18 at 14:14:55:241 Recived 15 
07-08-18 at 14:14:55:241 Send 06 
07-08-18 at 14:14:55:256 Send 02 06 1A 1E 00 00 00 79 7B 
07-08-18 at 14:14:55:271 Recived 06 02 09 1A 00 1E C8 22 06 00 00 00 E1 
07-08-18 at 14:14:55:286 Send 06 
07-08-18 at 14:14:57:397 Cardreader  Антонов Сергей 
07-08-18 at 14:14:57:405 Send 05 
07-08-18 at 14:14:57:420 Recived 15 
07-08-18 at 14:14:57:424 Send 06 
07-08-18 at 14:14:57:439 Send 02 20 1E 1E 00 00 00 02 1E 00 02 CA E0 F1 F1 E8 F0 20 C0 ED F2 EE ED EE E2 20 D1 E5 F0 E3 E5 E9 20 00 D7 
07-08-18 at 14:14:57:458 Recived 06 02 02 1E 00 1C 
07-08-18 at 14:14:57:476 Send 06 
07-08-18 at 14:14:57:478 now clear port error ...
07-08-18 at 14:14:57:478 now write to port ...
07-08-18 at 14:14:57:611 ... done
07-08-18 at 14:14:58:406 Send 05 
07-08-18 at 14:14:58:421 Recived 15 
07-08-18 at 14:14:58:421 Send 06 
07-08-18 at 14:14:58:436 Send 02 06 FF 39 1E 00 00 00 DE 
07-08-18 at 14:14:58:451 Recived 06 02 10 FF 39 00 00 00 00 00 00 00 00 00 00 00 00 00 00 D6 
07-08-18 at 14:14:58:466 Send 06 
07-08-18 at 14:15:00:920 total calculated
07-08-18 at 14:15:00:921 now show on display
07-08-18 at 14:15:00:921                     Всего:          0.00
07-08-18 at 14:15:00:921 now clear port error ...
07-08-18 at 14:15:00:921 now write to port ...
07-08-18 at 14:15:01:055 ... done
07-08-18 at 14:15:01:055 total calculated
07-08-18 at 14:15:01:056 now show on display
07-08-18 at 14:15:01:056                     Всего:          0.00
07-08-18 at 14:15:01:056 now clear port error ...
07-08-18 at 14:15:01:056 now write to port ...
07-08-18 at 14:15:01:227 ... done
07-08-18 at 14:15:01:229 111
07-08-18 at 14:15:01:229 Выход из программы
