28-02-18 at 16:19:10:901 Запуск программы. Инициализация считана из файла
28-02-18 at 16:19:10:901 Чек загружен.
28-02-18 at 16:19:10:902 Платежи по картам восстановлены
28-02-18 at 16:19:10:903 total calculated
28-02-18 at 16:19:10:903 now show on display
28-02-18 at 16:19:10:903                     Всего:        550.00
28-02-18 at 16:19:10:903 now open port for display
28-02-18 at 16:19:10:904 Com port opened
28-02-18 at 16:19:10:904 now clear port error ...
28-02-18 at 16:19:10:904 now write to port ...
28-02-18 at 16:19:11:038 ... done
28-02-18 at 16:19:11:038 Чек сжат
28-02-18 at 16:19:11:038 Сумма чека посчитана
28-02-18 at 16:19:11:039 Кардридер создан
28-02-18 at 16:19:11:039 Задание запуска модулей создано
28-02-18 at 16:19:11:040 Сканер создан
28-02-18 at 16:19:11:040 Регистратор создан
28-02-18 at 16:19:11:040 Часы созданы
28-02-18 at 16:19:11:041 Регистратор запущен
28-02-18 at 16:19:11:041 Сканер запущен
28-02-18 at 16:19:11:041 Часы запущены
28-02-18 at 16:19:11:042 Кардридер запущен
28-02-18 at 16:19:11:042 Передача данных запущена
28-02-18 at 16:19:11:044 Вход в FRInit
28-02-18 at 16:19:11:044 Вход в GetStatus
28-02-18 at 16:19:11:062 Send 05 
28-02-18 at 16:19:11:077 Recived 15 
28-02-18 at 16:19:11:077 Send 06 
28-02-18 at 16:19:11:092 Send 02 05 11 1E 00 00 00 0A 
28-02-18 at 16:19:11:107 Recived 06 02 30 11 00 1E 43 31 1C B3 14 0C 11 01 0E 00 B2 02 02 00 00 4E 41 00 00 01 01 10 1C 02 12 10 13 0B 00 2E 5D 00 00 08 00 00 00 00 00 EF 95 10 42 01 00 1F 
28-02-18 at 16:19:11:122 Send 06 
28-02-18 at 16:19:11:132 KKMStatus 0000
28-02-18 at 16:19:11:137 Send 05 
28-02-18 at 16:19:11:152 Recived 15 
28-02-18 at 16:19:11:152 Send 06 
28-02-18 at 16:19:11:167 Send 02 05 11 1E 00 00 00 0A 
28-02-18 at 16:19:11:182 Recived 06 02 30 11 00 1E 43 31 1C B3 14 0C 11 01 0E 00 B2 02 02 00 00 4E 41 00 00 01 01 10 1C 02 12 10 13 0B 00 2E 5D 00 00 08 00 00 00 00 00 EF 95 10 42 01 00 1F 
28-02-18 at 16:19:11:197 Send 06 
28-02-18 at 16:19:11:207 KKMStatus 0200
28-02-18 at 16:19:11:207 Номер ФР считан
28-02-18 at 16:19:11:405 СУБД подключена
28-02-18 at 16:19:11:423 Send 05 
28-02-18 at 16:19:11:438 Recived 15 
28-02-18 at 16:19:11:438 Send 06 
28-02-18 at 16:19:11:453 Send 02 0A 1E 1E 00 00 00 01 01 00 01 01 0A 
28-02-18 at 16:19:11:468 Recived 06 02 02 1E 00 1C 
28-02-18 at 16:19:11:483 Send 06 
28-02-18 at 16:19:11:498 Send 05 
28-02-18 at 16:19:11:513 Recived 15 
28-02-18 at 16:19:11:513 Send 06 
28-02-18 at 16:19:11:528 Send 02 0A 1E 1E 00 00 00 01 01 00 05 02 0D 
28-02-18 at 16:19:11:543 Recived 06 02 02 1E 00 1C 
28-02-18 at 16:19:11:558 Send 06 
28-02-18 at 16:19:11:573 Send 05 
28-02-18 at 16:19:11:588 Recived 15 
28-02-18 at 16:19:11:588 Send 06 
28-02-18 at 16:19:11:603 Send 02 0A 1E 1E 00 00 00 01 01 00 23 01 28 
28-02-18 at 16:19:11:618 Recived 06 02 02 1E 00 1C 
28-02-18 at 16:19:11:633 Send 06 
28-02-18 at 16:19:11:648 Send 05 
28-02-18 at 16:19:11:663 Recived 15 
28-02-18 at 16:19:11:663 Send 06 
28-02-18 at 16:19:11:678 Send 02 0A 1E 1E 00 00 00 01 01 00 06 00 0C 
28-02-18 at 16:19:11:693 Recived 06 02 02 1E 00 1C 
28-02-18 at 16:19:11:708 Send 06 
28-02-18 at 16:19:11:723 Send 05 
28-02-18 at 16:19:11:738 Recived 15 
28-02-18 at 16:19:11:738 Send 06 
28-02-18 at 16:19:11:753 Send 02 0A 1E 1E 00 00 00 01 01 00 07 01 0C 
28-02-18 at 16:19:11:768 Recived 06 02 02 1E 00 1C 
28-02-18 at 16:19:11:783 Send 06 
28-02-18 at 16:19:11:798 Send 05 
28-02-18 at 16:19:11:813 Recived 15 
28-02-18 at 16:19:11:813 Send 06 
28-02-18 at 16:19:11:828 Send 02 0A 1E 1E 00 00 00 01 01 00 14 01 1F 
28-02-18 at 16:19:11:843 Recived 06 02 02 1E 00 1C 
28-02-18 at 16:19:11:858 Send 06 
28-02-18 at 16:19:11:873 Send 05 
28-02-18 at 16:19:11:888 Recived 15 
28-02-18 at 16:19:11:888 Send 06 
28-02-18 at 16:19:11:903 Send 02 0A 1E 1E 00 00 00 01 01 00 15 01 1E 
28-02-18 at 16:19:11:918 Recived 06 02 02 1E 00 1C 
28-02-18 at 16:19:11:933 Send 06 
28-02-18 at 16:19:11:948 Send 05 
28-02-18 at 16:19:11:963 Recived 15 
28-02-18 at 16:19:11:963 Send 06 
28-02-18 at 16:19:11:978 Send 02 0A 1E 1E 00 00 00 01 01 00 0F 00 05 
28-02-18 at 16:19:11:993 Recived 06 02 02 1E 00 1C 
28-02-18 at 16:19:12:008 Send 06 
28-02-18 at 16:19:12:023 Send 05 
28-02-18 at 16:19:12:038 Recived 15 
28-02-18 at 16:19:12:038 Send 06 
28-02-18 at 16:19:12:053 Send 02 0A 1E 1E 00 00 00 01 01 00 11 00 1B 
28-02-18 at 16:19:12:068 Recived 06 02 02 1E 00 1C 
28-02-18 at 16:19:12:083 Send 06 
28-02-18 at 16:19:12:098 Send 05 
28-02-18 at 16:19:12:113 Recived 15 
28-02-18 at 16:19:12:113 Send 06 
28-02-18 at 16:19:12:128 Send 02 0A 1E 1E 00 00 00 11 01 00 03 02 1B 
28-02-18 at 16:19:12:143 Recived 06 02 02 1E 00 1C 
28-02-18 at 16:19:12:158 Send 06 
28-02-18 at 16:19:12:173 Send 05 
28-02-18 at 16:19:12:188 Recived 15 
28-02-18 at 16:19:12:188 Send 06 
28-02-18 at 16:19:12:203 Send 02 0A 1E 1E 00 00 00 01 01 00 29 01 22 
28-02-18 at 16:19:12:218 Recived 06 02 02 1E 00 1C 
28-02-18 at 16:19:12:233 Send 06 
28-02-18 at 16:19:12:248 Send 05 
28-02-18 at 16:19:12:263 Recived 15 
28-02-18 at 16:19:12:263 Send 06 
28-02-18 at 16:19:12:278 Send 02 26 1E 1E 00 00 00 04 0C 00 01 20 20 20 20 20 20 20 20 20 20 20 C4 CE C1 D0 CE 20 CF CE C6 C0 CB CE C2 C0 D2 DC 21 00 D5 
28-02-18 at 16:19:12:296 Recived 06 02 02 1E 00 1C 
28-02-18 at 16:19:12:311 Send 06 
28-02-18 at 16:19:12:326 Send 05 
28-02-18 at 16:19:12:341 Recived 15 
28-02-18 at 16:19:12:341 Send 06 
28-02-18 at 16:19:12:356 Send 02 29 1E 1E 00 00 00 04 0D 00 01 20 20 20 20 20 20 20 20 CE CE CE 20 CA EE EC EF E0 ED E8 FF 20 27 CA CE CB CE D0 CB CE CD 27 00 CB 
28-02-18 at 16:19:12:374 Recived 06 02 02 1E 00 1C 
28-02-18 at 16:19:12:389 Send 06 
28-02-18 at 16:19:12:404 Send 05 
28-02-18 at 16:19:12:419 Recived 15 
28-02-18 at 16:19:12:419 Send 06 
28-02-18 at 16:19:12:434 Send 02 2D 1E 1E 00 00 00 04 0E 00 01 20 20 20 20 20 CC E0 E3 E0 E7 E8 ED 20 27 C2 F1 E5 20 F2 EE E2 E0 F0 FB 20 E4 EB FF 20 E4 EE EC E0 27 20 00 DE 
28-02-18 at 16:19:12:452 Recived 06 02 02 1E 00 1C 
28-02-18 at 16:19:12:467 Send 06 
28-02-18 at 16:19:12:605 now clear port error ...
28-02-18 at 16:19:12:606 now write to port ...
28-02-18 at 16:19:12:739 ... done
28-02-18 at 16:19:12:767 Send 05 
28-02-18 at 16:19:12:782 Recived 15 
28-02-18 at 16:19:12:782 Send 06 
28-02-18 at 16:19:12:797 Send 02 06 1A 1E 00 00 00 79 7B 
28-02-18 at 16:19:12:812 Recived 06 02 09 1A 00 1E 00 00 00 00 00 00 0D 
28-02-18 at 16:19:12:827 Send 06 
28-02-18 at 16:19:15:360 Попытка очистки таблицы
28-02-18 at 16:19:15:360 Попытка очистки успешна
28-02-18 at 16:19:15:362 Cardreader  Антонов Сергей 
28-02-18 at 16:19:15:364 Send 05 
28-02-18 at 16:19:15:379 Recived 15 
28-02-18 at 16:19:15:379 Send 06 
28-02-18 at 16:19:15:394 Send 02 20 1E 1E 00 00 00 02 1E 00 02 CA E0 F1 F1 E8 F0 20 C0 ED F2 EE ED EE E2 20 D1 E5 F0 E3 E5 E9 20 00 D7 
28-02-18 at 16:19:15:412 Recived 06 02 02 1E 00 1C 
28-02-18 at 16:19:15:427 Send 06 
28-02-18 at 16:19:15:428 now clear port error ...
28-02-18 at 16:19:15:428 now write to port ...
28-02-18 at 16:19:15:561 ... done
28-02-18 at 16:19:16:372 Send 05 
28-02-18 at 16:19:16:387 Recived 15 
28-02-18 at 16:19:16:387 Send 06 
28-02-18 at 16:19:16:402 Send 02 06 FF 39 1E 00 00 00 DE 
28-02-18 at 16:19:16:417 Recived 06 02 10 FF 39 00 00 00 00 00 00 00 00 00 00 00 00 00 00 D6 
28-02-18 at 16:19:16:432 Send 06 
28-02-18 at 16:19:21:288  Нажата клавиша комбинированного платежа.
28-02-18 at 16:19:21:288 114
28-02-18 at 16:19:21:288 014
28-02-18 at 16:19:21:288 115
28-02-18 at 16:19:21:289 015
28-02-18 at 16:19:21:290 total calculated
28-02-18 at 16:19:21:290 now show on display
28-02-18 at 16:19:21:290                     Всего:        550.00
28-02-18 at 16:19:21:290 now clear port error ...
28-02-18 at 16:19:21:291 now write to port ...
28-02-18 at 16:19:21:424 ... done
28-02-18 at 16:19:21:468 now clear port error ...
28-02-18 at 16:19:21:468 now write to port ...
28-02-18 at 16:19:21:602 ... done
28-02-18 at 16:19:24:248 now clear port error ...
28-02-18 at 16:19:24:248 now write to port ...
28-02-18 at 16:19:24:382 ... done
28-02-18 at 16:19:24:382 116
28-02-18 at 16:19:24:382 016
28-02-18 at 16:19:30:002 114
28-02-18 at 16:19:30:002 014
28-02-18 at 16:19:30:003 Попытка очистки таблицы
28-02-18 at 16:19:30:003 Попытка очистки успешна
28-02-18 at 16:19:30:835 total calculated
28-02-18 at 16:19:30:835 now show on display
28-02-18 at 16:19:30:836                     Всего:        550.00
28-02-18 at 16:19:30:836 now clear port error ...
28-02-18 at 16:19:30:836 now write to port ...
28-02-18 at 16:19:30:970 ... done
28-02-18 at 16:19:30:971 total calculated
28-02-18 at 16:19:30:971 now show on display
28-02-18 at 16:19:30:971                     Всего:        550.00
28-02-18 at 16:19:30:971 now clear port error ...
28-02-18 at 16:19:30:972 now write to port ...
28-02-18 at 16:19:31:141 ... done
28-02-18 at 16:19:31:144 111
28-02-18 at 16:19:31:144 Выход из программы
