17-07-18 at 08:40:08:246 Запуск программы. Инициализация считана из файла
17-07-18 at 08:40:08:247 total calculated
17-07-18 at 08:40:08:247 now show on display
17-07-18 at 08:40:08:247                     Всего:          0.00
17-07-18 at 08:40:08:248 now open port for display
17-07-18 at 08:40:08:249 Com port opened
17-07-18 at 08:40:08:249 now clear port error ...
17-07-18 at 08:40:08:249 now write to port ...
17-07-18 at 08:40:08:383 ... done
17-07-18 at 08:40:08:383 Чек сжат
17-07-18 at 08:40:08:383 Сумма чека посчитана
17-07-18 at 08:40:08:383 Кардридер создан
17-07-18 at 08:40:08:383 Задание запуска модулей создано
17-07-18 at 08:40:08:384 Сканер создан
17-07-18 at 08:40:08:384 Регистратор создан
17-07-18 at 08:40:08:384 Часы созданы
17-07-18 at 08:40:08:385 Регистратор запущен
17-07-18 at 08:40:08:385 Сканер запущен
17-07-18 at 08:40:08:385 Часы запущены
17-07-18 at 08:40:08:385 Кардридер запущен
17-07-18 at 08:40:08:386 Передача данных запущена
17-07-18 at 08:40:08:386 Вход в FRInit
17-07-18 at 08:40:08:386 Вход в GetStatus
17-07-18 at 08:40:08:401 Send 05 
17-07-18 at 08:40:08:416 Recived 15 
17-07-18 at 08:40:08:416 Send 06 
17-07-18 at 08:40:08:431 Send 02 05 11 1E 00 00 00 0A 
17-07-18 at 08:40:08:446 Recived 06 02 30 11 00 1E 43 31 1C B3 14 0C 11 01 E9 00 B2 02 02 00 00 4E 41 00 00 01 01 10 11 07 12 08 28 07 00 2E 5D 00 00 36 00 00 00 00 00 EF 95 10 42 01 00 E1 
17-07-18 at 08:40:08:461 Send 06 
17-07-18 at 08:40:08:462 KKMStatus 0000
17-07-18 at 08:40:08:476 Send 05 
17-07-18 at 08:40:08:491 Recived 15 
17-07-18 at 08:40:08:491 Send 06 
17-07-18 at 08:40:08:506 Send 02 05 11 1E 00 00 00 0A 
17-07-18 at 08:40:08:521 Recived 06 02 30 11 00 1E 43 31 1C B3 14 0C 11 01 E9 00 B2 02 02 00 00 4E 41 00 00 01 01 10 11 07 12 08 28 07 00 2E 5D 00 00 36 00 00 00 00 00 EF 95 10 42 01 00 E1 
17-07-18 at 08:40:08:536 Send 06 
17-07-18 at 08:40:08:537 KKMStatus 0200
17-07-18 at 08:40:08:537 Номер ФР считан
17-07-18 at 08:40:08:715 СУБД подключена
17-07-18 at 08:40:08:741 Send 05 
17-07-18 at 08:40:08:756 Recived 15 
17-07-18 at 08:40:08:756 Send 06 
17-07-18 at 08:40:08:771 Send 02 17 1E 1E 00 00 00 05 03 00 01 CA 41 D0 D2 CE C9 20 56 49 53 41 2F 4D 43 92 
17-07-18 at 08:40:08:787 Recived 06 02 02 1E 00 1C 
17-07-18 at 08:40:08:802 Send 06 
17-07-18 at 08:40:08:817 Send 05 
17-07-18 at 08:40:08:832 Recived 15 
17-07-18 at 08:40:08:832 Send 06 
17-07-18 at 08:40:08:847 Send 02 18 1E 1E 00 00 00 05 04 00 01 C4 D0 D3 C3 C8 CC C8 20 CA C0 D0 D2 C0 CC C8 3C 
17-07-18 at 08:40:08:863 Recived 06 02 02 1E 00 1C 
17-07-18 at 08:40:08:878 Send 06 
17-07-18 at 08:40:08:893 Send 05 
17-07-18 at 08:40:08:908 Recived 15 
17-07-18 at 08:40:08:908 Send 06 
17-07-18 at 08:40:08:923 Send 02 0A 1E 1E 00 00 00 01 01 00 01 01 0A 
17-07-18 at 08:40:08:938 Recived 06 02 02 1E 00 1C 
17-07-18 at 08:40:08:953 Send 06 
17-07-18 at 08:40:08:968 Send 05 
17-07-18 at 08:40:08:983 Recived 15 
17-07-18 at 08:40:08:983 Send 06 
17-07-18 at 08:40:08:998 Send 02 0A 1E 1E 00 00 00 01 01 00 05 02 0D 
17-07-18 at 08:40:09:013 Recived 06 02 02 1E 00 1C 
17-07-18 at 08:40:09:028 Send 06 
17-07-18 at 08:40:09:043 Send 05 
17-07-18 at 08:40:09:058 Recived 15 
17-07-18 at 08:40:09:058 Send 06 
17-07-18 at 08:40:09:073 Send 02 0A 1E 1E 00 00 00 01 01 00 23 01 28 
17-07-18 at 08:40:09:088 Recived 06 02 02 1E 00 1C 
17-07-18 at 08:40:09:103 Send 06 
17-07-18 at 08:40:09:118 Send 05 
17-07-18 at 08:40:09:133 Recived 15 
17-07-18 at 08:40:09:133 Send 06 
17-07-18 at 08:40:09:148 Send 02 0A 1E 1E 00 00 00 01 01 00 06 00 0C 
17-07-18 at 08:40:09:163 Recived 06 02 02 1E 00 1C 
17-07-18 at 08:40:09:178 Send 06 
17-07-18 at 08:40:09:193 Send 05 
17-07-18 at 08:40:09:208 Recived 15 
17-07-18 at 08:40:09:208 Send 06 
17-07-18 at 08:40:09:223 Send 02 0A 1E 1E 00 00 00 01 01 00 07 01 0C 
17-07-18 at 08:40:09:238 Recived 06 02 02 1E 00 1C 
17-07-18 at 08:40:09:253 Send 06 
17-07-18 at 08:40:09:268 Send 05 
17-07-18 at 08:40:09:283 Recived 15 
17-07-18 at 08:40:09:283 Send 06 
17-07-18 at 08:40:09:298 Send 02 0A 1E 1E 00 00 00 01 01 00 14 01 1F 
17-07-18 at 08:40:09:313 Recived 06 02 02 1E 00 1C 
17-07-18 at 08:40:09:328 Send 06 
17-07-18 at 08:40:09:343 Send 05 
17-07-18 at 08:40:09:358 Recived 15 
17-07-18 at 08:40:09:358 Send 06 
17-07-18 at 08:40:09:373 Send 02 0A 1E 1E 00 00 00 01 01 00 15 01 1E 
17-07-18 at 08:40:09:388 Recived 06 02 02 1E 00 1C 
17-07-18 at 08:40:09:403 Send 06 
17-07-18 at 08:40:09:418 Send 05 
17-07-18 at 08:40:09:433 Recived 15 
17-07-18 at 08:40:09:433 Send 06 
17-07-18 at 08:40:09:448 Send 02 0A 1E 1E 00 00 00 01 01 00 0F 00 05 
17-07-18 at 08:40:09:463 Recived 06 02 02 1E 00 1C 
17-07-18 at 08:40:09:478 Send 06 
17-07-18 at 08:40:09:493 Send 05 
17-07-18 at 08:40:09:508 Recived 15 
17-07-18 at 08:40:09:508 Send 06 
17-07-18 at 08:40:09:523 Send 02 0A 1E 1E 00 00 00 01 01 00 11 00 1B 
17-07-18 at 08:40:09:538 Recived 06 02 02 1E 00 1C 
17-07-18 at 08:40:09:553 Send 06 
17-07-18 at 08:40:09:568 Send 05 
17-07-18 at 08:40:09:583 Recived 15 
17-07-18 at 08:40:09:583 Send 06 
17-07-18 at 08:40:09:598 Send 02 0A 1E 1E 00 00 00 11 01 00 03 02 1B 
17-07-18 at 08:40:09:613 Recived 06 02 02 1E 00 1C 
17-07-18 at 08:40:09:628 Send 06 
17-07-18 at 08:40:09:643 Send 05 
17-07-18 at 08:40:09:658 Recived 15 
17-07-18 at 08:40:09:658 Send 06 
17-07-18 at 08:40:09:673 Send 02 0A 1E 1E 00 00 00 01 01 00 29 01 22 
17-07-18 at 08:40:09:688 Recived 06 02 02 1E 00 1C 
17-07-18 at 08:40:09:703 Send 06 
17-07-18 at 08:40:09:718 Send 05 
17-07-18 at 08:40:09:733 Recived 15 
17-07-18 at 08:40:09:733 Send 06 
17-07-18 at 08:40:09:748 Send 02 26 1E 1E 00 00 00 04 0C 00 01 20 20 20 20 20 20 20 20 20 20 20 C4 CE C1 D0 CE 20 CF CE C6 C0 CB CE C2 C0 D2 DC 21 00 D5 
17-07-18 at 08:40:09:766 Recived 06 02 02 1E 00 1C 
17-07-18 at 08:40:09:781 Send 06 
17-07-18 at 08:40:09:796 Send 05 
17-07-18 at 08:40:09:811 Recived 15 
17-07-18 at 08:40:09:811 Send 06 
17-07-18 at 08:40:09:826 Send 02 29 1E 1E 00 00 00 04 0D 00 01 20 20 20 20 20 20 20 20 CE CE CE 20 CA EE EC EF E0 ED E8 FF 20 27 CA CE CB CE D0 CB CE CD 27 00 CB 
17-07-18 at 08:40:09:844 Recived 06 02 02 1E 00 1C 
17-07-18 at 08:40:09:859 Send 06 
17-07-18 at 08:40:09:874 Send 05 
17-07-18 at 08:40:09:889 Recived 15 
17-07-18 at 08:40:09:889 Send 06 
17-07-18 at 08:40:09:904 Send 02 2D 1E 1E 00 00 00 04 0E 00 01 20 20 20 20 20 CC E0 E3 E0 E7 E8 ED 20 27 C2 F1 E5 20 F2 EE E2 E0 F0 FB 20 E4 EB FF 20 E4 EE EC E0 27 20 00 DE 
17-07-18 at 08:40:09:922 Recived 06 02 02 1E 00 1C 
17-07-18 at 08:40:09:937 Send 06 
17-07-18 at 08:40:09:970 now clear port error ...
17-07-18 at 08:40:09:970 now write to port ...
17-07-18 at 08:40:10:104 ... done
17-07-18 at 08:40:10:132 Send 05 
17-07-18 at 08:40:10:147 Recived 15 
17-07-18 at 08:40:10:147 Send 06 
17-07-18 at 08:40:10:162 Send 02 06 1A 1E 00 00 00 79 7B 
17-07-18 at 08:40:10:177 Recived 06 02 09 1A 00 1E 00 00 00 00 00 00 0D 
17-07-18 at 08:40:10:192 Send 06 
17-07-18 at 08:40:12:482 Cardreader  Антонов Сергей 
17-07-18 at 08:40:12:487 Send 05 
17-07-18 at 08:40:12:502 Recived 15 
17-07-18 at 08:40:12:502 Send 06 
17-07-18 at 08:40:12:517 Send 02 20 1E 1E 00 00 00 02 1E 00 02 CA E0 F1 F1 E8 F0 20 C0 ED F2 EE ED EE E2 20 D1 E5 F0 E3 E5 E9 20 00 D7 
17-07-18 at 08:40:12:535 Recived 06 02 02 1E 00 1C 
17-07-18 at 08:40:12:550 Send 06 
17-07-18 at 08:40:12:560 now clear port error ...
17-07-18 at 08:40:12:560 now write to port ...
17-07-18 at 08:40:12:694 ... done
17-07-18 at 08:40:13:495 Send 05 
17-07-18 at 08:40:13:510 Recived 15 
17-07-18 at 08:40:13:510 Send 06 
17-07-18 at 08:40:13:525 Send 02 06 FF 39 1E 00 00 00 DE 
17-07-18 at 08:40:13:540 Recived 06 02 10 FF 39 00 00 00 00 00 00 00 00 00 00 00 00 00 00 D6 
17-07-18 at 08:40:13:555 Send 06 
17-07-18 at 08:40:21:317 total calculated
17-07-18 at 08:40:21:318 now show on display
17-07-18 at 08:40:21:318                     Всего:          0.00
17-07-18 at 08:40:21:318 now clear port error ...
17-07-18 at 08:40:21:318 now write to port ...
17-07-18 at 08:40:21:452 ... done
17-07-18 at 08:40:21:452 total calculated
17-07-18 at 08:40:21:452 now show on display
17-07-18 at 08:40:21:453                     Всего:          0.00
17-07-18 at 08:40:21:453 now clear port error ...
17-07-18 at 08:40:21:453 now write to port ...
17-07-18 at 08:40:21:624 ... done
17-07-18 at 08:40:21:625 111
17-07-18 at 08:40:21:626 Выход из программы
17-07-18 at 08:43:52:728 Запуск программы. Инициализация считана из файла
17-07-18 at 08:43:52:729 total calculated
17-07-18 at 08:43:52:729 now show on display
17-07-18 at 08:43:52:729                     Всего:          0.00
17-07-18 at 08:43:52:729 now open port for display
17-07-18 at 08:43:52:730 Com port opened
17-07-18 at 08:43:52:730 now clear port error ...
17-07-18 at 08:43:52:731 now write to port ...
17-07-18 at 08:43:52:864 ... done
17-07-18 at 08:43:52:864 Чек сжат
17-07-18 at 08:43:52:865 Сумма чека посчитана
17-07-18 at 08:43:52:865 Кардридер создан
17-07-18 at 08:43:52:865 Задание запуска модулей создано
17-07-18 at 08:43:52:865 Сканер создан
17-07-18 at 08:43:52:866 Регистратор создан
17-07-18 at 08:43:52:866 Часы созданы
17-07-18 at 08:43:52:866 Регистратор запущен
17-07-18 at 08:43:52:866 Сканер запущен
17-07-18 at 08:43:52:867 Часы запущены
17-07-18 at 08:43:52:867 Кардридер запущен
17-07-18 at 08:43:52:868 Передача данных запущена
17-07-18 at 08:43:52:868 Вход в FRInit
17-07-18 at 08:43:52:868 Вход в GetStatus
17-07-18 at 08:43:52:882 Send 05 
17-07-18 at 08:43:52:897 Recived 15 
17-07-18 at 08:43:52:897 Send 06 
17-07-18 at 08:43:52:912 Send 02 05 11 1E 00 00 00 0A 
17-07-18 at 08:43:52:927 Recived 06 02 30 11 00 1E 43 31 1C B3 14 0C 11 01 E9 00 B2 02 02 00 00 4E 41 00 00 01 01 10 11 07 12 08 2B 34 00 2E 5D 00 00 36 00 00 00 00 00 EF 95 10 42 01 00 D1 
17-07-18 at 08:43:52:942 Send 06 
17-07-18 at 08:43:52:944 KKMStatus 0000
17-07-18 at 08:43:52:957 Send 05 
17-07-18 at 08:43:52:972 Recived 15 
17-07-18 at 08:43:52:972 Send 06 
17-07-18 at 08:43:52:987 Send 02 05 11 1E 00 00 00 0A 
17-07-18 at 08:43:53:002 Recived 06 02 30 11 00 1E 43 31 1C B3 14 0C 11 01 E9 00 B2 02 02 00 00 4E 41 00 00 01 01 10 11 07 12 08 2B 34 00 2E 5D 00 00 36 00 00 00 00 00 EF 95 10 42 01 00 D1 
17-07-18 at 08:43:53:017 Send 06 
17-07-18 at 08:43:53:019 KKMStatus 0200
17-07-18 at 08:43:53:019 Номер ФР считан
17-07-18 at 08:43:53:158 СУБД подключена
17-07-18 at 08:43:53:175 Send 05 
17-07-18 at 08:43:53:190 Recived 15 
17-07-18 at 08:43:53:190 Send 06 
17-07-18 at 08:43:53:205 Send 02 17 1E 1E 00 00 00 05 03 00 01 CA 41 D0 D2 CE C9 20 56 49 53 41 2F 4D 43 92 
17-07-18 at 08:43:53:221 Recived 06 02 02 1E 00 1C 
17-07-18 at 08:43:53:236 Send 06 
17-07-18 at 08:43:53:251 Send 05 
17-07-18 at 08:43:53:266 Recived 15 
17-07-18 at 08:43:53:266 Send 06 
17-07-18 at 08:43:53:281 Send 02 18 1E 1E 00 00 00 05 04 00 01 C4 D0 D3 C3 C8 CC C8 20 CA C0 D0 D2 C0 CC C8 3C 
17-07-18 at 08:43:53:297 Recived 06 02 02 1E 00 1C 
17-07-18 at 08:43:53:312 Send 06 
17-07-18 at 08:43:53:327 Send 05 
17-07-18 at 08:43:53:342 Recived 15 
17-07-18 at 08:43:53:342 Send 06 
17-07-18 at 08:43:53:357 Send 02 0A 1E 1E 00 00 00 01 01 00 01 01 0A 
17-07-18 at 08:43:53:372 Recived 06 02 02 1E 00 1C 
17-07-18 at 08:43:53:387 Send 06 
17-07-18 at 08:43:53:402 Send 05 
17-07-18 at 08:43:53:417 Recived 15 
17-07-18 at 08:43:53:417 Send 06 
17-07-18 at 08:43:53:432 Send 02 0A 1E 1E 00 00 00 01 01 00 05 02 0D 
17-07-18 at 08:43:53:447 Recived 06 02 02 1E 00 1C 
17-07-18 at 08:43:53:462 Send 06 
17-07-18 at 08:43:53:477 Send 05 
17-07-18 at 08:43:53:492 Recived 15 
17-07-18 at 08:43:53:492 Send 06 
17-07-18 at 08:43:53:507 Send 02 0A 1E 1E 00 00 00 01 01 00 23 01 28 
17-07-18 at 08:43:53:522 Recived 06 02 02 1E 00 1C 
17-07-18 at 08:43:53:537 Send 06 
17-07-18 at 08:43:53:552 Send 05 
17-07-18 at 08:43:53:567 Recived 15 
17-07-18 at 08:43:53:567 Send 06 
17-07-18 at 08:43:53:582 Send 02 0A 1E 1E 00 00 00 01 01 00 06 00 0C 
17-07-18 at 08:43:53:597 Recived 06 02 02 1E 00 1C 
17-07-18 at 08:43:53:612 Send 06 
17-07-18 at 08:43:53:627 Send 05 
17-07-18 at 08:43:53:642 Recived 15 
17-07-18 at 08:43:53:642 Send 06 
17-07-18 at 08:43:53:657 Send 02 0A 1E 1E 00 00 00 01 01 00 07 01 0C 
17-07-18 at 08:43:53:672 Recived 06 02 02 1E 00 1C 
17-07-18 at 08:43:53:687 Send 06 
17-07-18 at 08:43:53:702 Send 05 
17-07-18 at 08:43:53:717 Recived 15 
17-07-18 at 08:43:53:717 Send 06 
17-07-18 at 08:43:53:732 Send 02 0A 1E 1E 00 00 00 01 01 00 14 01 1F 
17-07-18 at 08:43:53:747 Recived 06 02 02 1E 00 1C 
17-07-18 at 08:43:53:762 Send 06 
17-07-18 at 08:43:53:777 Send 05 
17-07-18 at 08:43:53:792 Recived 15 
17-07-18 at 08:43:53:792 Send 06 
17-07-18 at 08:43:53:807 Send 02 0A 1E 1E 00 00 00 01 01 00 15 01 1E 
17-07-18 at 08:43:53:822 Recived 06 02 02 1E 00 1C 
17-07-18 at 08:43:53:837 Send 06 
17-07-18 at 08:43:53:852 Send 05 
17-07-18 at 08:43:53:867 Recived 15 
17-07-18 at 08:43:53:867 Send 06 
17-07-18 at 08:43:53:882 Send 02 0A 1E 1E 00 00 00 01 01 00 0F 00 05 
17-07-18 at 08:43:53:897 Recived 06 02 02 1E 00 1C 
17-07-18 at 08:43:53:912 Send 06 
17-07-18 at 08:43:53:927 Send 05 
17-07-18 at 08:43:53:942 Recived 15 
17-07-18 at 08:43:53:942 Send 06 
17-07-18 at 08:43:53:957 Send 02 0A 1E 1E 00 00 00 01 01 00 11 00 1B 
17-07-18 at 08:43:53:972 Recived 06 02 02 1E 00 1C 
17-07-18 at 08:43:53:987 Send 06 
17-07-18 at 08:43:54:002 Send 05 
17-07-18 at 08:43:54:017 Recived 15 
17-07-18 at 08:43:54:017 Send 06 
17-07-18 at 08:43:54:032 Send 02 0A 1E 1E 00 00 00 11 01 00 03 02 1B 
17-07-18 at 08:43:54:047 Recived 06 02 02 1E 00 1C 
17-07-18 at 08:43:54:062 Send 06 
17-07-18 at 08:43:54:077 Send 05 
17-07-18 at 08:43:54:092 Recived 15 
17-07-18 at 08:43:54:092 Send 06 
17-07-18 at 08:43:54:107 Send 02 0A 1E 1E 00 00 00 01 01 00 29 01 22 
17-07-18 at 08:43:54:122 Recived 06 02 02 1E 00 1C 
17-07-18 at 08:43:54:137 Send 06 
17-07-18 at 08:43:54:152 Send 05 
17-07-18 at 08:43:54:167 Recived 15 
17-07-18 at 08:43:54:167 Send 06 
17-07-18 at 08:43:54:182 Send 02 26 1E 1E 00 00 00 04 0C 00 01 20 20 20 20 20 20 20 20 20 20 20 C4 CE C1 D0 CE 20 CF CE C6 C0 CB CE C2 C0 D2 DC 21 00 D5 
17-07-18 at 08:43:54:200 Recived 06 02 02 1E 00 1C 
17-07-18 at 08:43:54:215 Send 06 
17-07-18 at 08:43:54:230 Send 05 
17-07-18 at 08:43:54:245 Recived 15 
17-07-18 at 08:43:54:245 Send 06 
17-07-18 at 08:43:54:260 Send 02 29 1E 1E 00 00 00 04 0D 00 01 20 20 20 20 20 20 20 20 CE CE CE 20 CA EE EC EF E0 ED E8 FF 20 27 CA CE CB CE D0 CB CE CD 27 00 CB 
17-07-18 at 08:43:54:278 Recived 06 02 02 1E 00 1C 
17-07-18 at 08:43:54:293 Send 06 
17-07-18 at 08:43:54:308 Send 05 
17-07-18 at 08:43:54:323 Recived 15 
17-07-18 at 08:43:54:323 Send 06 
17-07-18 at 08:43:54:338 Send 02 2D 1E 1E 00 00 00 04 0E 00 01 20 20 20 20 20 CC E0 E3 E0 E7 E8 ED 20 27 C2 F1 E5 20 F2 EE E2 E0 F0 FB 20 E4 EB FF 20 E4 EE EC E0 27 20 00 DE 
17-07-18 at 08:43:54:356 Recived 06 02 02 1E 00 1C 
17-07-18 at 08:43:54:371 Send 06 
17-07-18 at 08:43:54:389 now clear port error ...
17-07-18 at 08:43:54:390 now write to port ...
17-07-18 at 08:43:54:523 ... done
17-07-18 at 08:43:54:566 Send 05 
17-07-18 at 08:43:54:581 Recived 15 
17-07-18 at 08:43:54:581 Send 06 
17-07-18 at 08:43:54:596 Send 02 06 1A 1E 00 00 00 79 7B 
17-07-18 at 08:43:54:611 Recived 06 02 09 1A 00 1E 00 00 00 00 00 00 0D 
17-07-18 at 08:43:54:626 Send 06 
17-07-18 at 08:43:56:846 Cardreader  Антонов Сергей 
17-07-18 at 08:43:56:853 Send 05 
17-07-18 at 08:43:56:871 Recived 15 
17-07-18 at 08:43:56:872 Send 06 
17-07-18 at 08:43:56:887 Send 02 20 1E 1E 00 00 00 02 1E 00 02 CA E0 F1 F1 E8 F0 20 C0 ED F2 EE ED EE E2 20 D1 E5 F0 E3 E5 E9 20 00 D7 
17-07-18 at 08:43:56:905 Recived 06 02 02 1E 00 1C 
17-07-18 at 08:43:56:920 Send 06 
17-07-18 at 08:43:56:922 now clear port error ...
17-07-18 at 08:43:56:922 now write to port ...
17-07-18 at 08:43:57:055 ... done
17-07-18 at 08:43:57:850 Send 05 
17-07-18 at 08:43:57:865 Recived 15 
17-07-18 at 08:43:57:865 Send 06 
17-07-18 at 08:43:57:880 Send 02 06 FF 39 1E 00 00 00 DE 
17-07-18 at 08:43:57:895 Recived 06 02 10 FF 39 00 00 00 00 00 00 00 00 00 00 00 00 00 00 D6 
17-07-18 at 08:43:57:910 Send 06 
17-07-18 at 08:44:01:149 total calculated
17-07-18 at 08:44:01:150 now show on display
17-07-18 at 08:44:01:150                     Всего:          0.00
17-07-18 at 08:44:01:150 now clear port error ...
17-07-18 at 08:44:01:150 now write to port ...
17-07-18 at 08:44:01:284 ... done
17-07-18 at 08:44:01:284 total calculated
17-07-18 at 08:44:01:284 now show on display
17-07-18 at 08:44:01:285                     Всего:          0.00
17-07-18 at 08:44:01:285 now clear port error ...
17-07-18 at 08:44:01:285 now write to port ...
17-07-18 at 08:44:01:456 ... done
17-07-18 at 08:44:01:457 111
17-07-18 at 08:44:01:458 Выход из программы
17-07-18 at 08:47:08:556 Запуск программы. Инициализация считана из файла
17-07-18 at 08:47:08:556 total calculated
17-07-18 at 08:47:08:556 now show on display
17-07-18 at 08:47:08:556                     Всего:          0.00
17-07-18 at 08:47:08:557 now open port for display
17-07-18 at 08:47:08:558 Com port opened
17-07-18 at 08:47:08:558 now clear port error ...
17-07-18 at 08:47:08:558 now write to port ...
17-07-18 at 08:47:08:691 ... done
17-07-18 at 08:47:08:692 Чек сжат
17-07-18 at 08:47:08:692 Сумма чека посчитана
17-07-18 at 08:47:08:692 Кардридер создан
17-07-18 at 08:47:08:692 Задание запуска модулей создано
17-07-18 at 08:47:08:693 Сканер создан
17-07-18 at 08:47:08:693 Регистратор создан
17-07-18 at 08:47:08:693 Часы созданы
17-07-18 at 08:47:08:693 Регистратор запущен
17-07-18 at 08:47:08:693 Сканер запущен
17-07-18 at 08:47:08:694 Часы запущены
17-07-18 at 08:47:08:694 Кардридер запущен
17-07-18 at 08:47:08:695 Передача данных запущена
17-07-18 at 08:47:08:695 Вход в FRInit
17-07-18 at 08:47:08:695 Вход в GetStatus
17-07-18 at 08:47:08:709 Send 05 
17-07-18 at 08:47:08:724 Recived 15 
17-07-18 at 08:47:08:724 Send 06 
17-07-18 at 08:47:08:739 Send 02 05 11 1E 00 00 00 0A 
17-07-18 at 08:47:08:754 Recived 06 02 30 11 00 1E 43 31 1C B3 14 0C 11 01 E9 00 B2 02 02 00 00 4E 41 00 00 01 01 10 11 07 12 08 2F 07 00 2E 5D 00 00 36 00 00 00 00 00 EF 95 10 42 01 00 E6 
17-07-18 at 08:47:08:769 Send 06 
17-07-18 at 08:47:08:771 KKMStatus 0000
17-07-18 at 08:47:08:784 Send 05 
17-07-18 at 08:47:08:799 Recived 15 
17-07-18 at 08:47:08:799 Send 06 
17-07-18 at 08:47:08:814 Send 02 05 11 1E 00 00 00 0A 
17-07-18 at 08:47:08:829 Recived 06 02 30 11 00 1E 43 31 1C B3 14 0C 11 01 E9 00 B2 02 02 00 00 4E 41 00 00 01 01 10 11 07 12 08 2F 08 00 2E 5D 00 00 36 00 00 00 00 00 EF 95 10 42 01 00 E9 
17-07-18 at 08:47:08:844 Send 06 
17-07-18 at 08:47:08:846 KKMStatus 0200
17-07-18 at 08:47:08:846 Номер ФР считан
17-07-18 at 08:47:08:987 СУБД подключена
17-07-18 at 08:47:09:002 Send 05 
17-07-18 at 08:47:09:017 Recived 15 
17-07-18 at 08:47:09:017 Send 06 
17-07-18 at 08:47:09:032 Send 02 17 1E 1E 00 00 00 05 03 00 01 CA 41 D0 D2 CE C9 20 56 49 53 41 2F 4D 43 92 
17-07-18 at 08:47:09:048 Recived 06 02 02 1E 00 1C 
17-07-18 at 08:47:09:063 Send 06 
17-07-18 at 08:47:09:078 Send 05 
17-07-18 at 08:47:09:093 Recived 15 
17-07-18 at 08:47:09:093 Send 06 
17-07-18 at 08:47:09:108 Send 02 18 1E 1E 00 00 00 05 04 00 01 C4 D0 D3 C3 C8 CC C8 20 CA C0 D0 D2 C0 CC C8 3C 
17-07-18 at 08:47:09:124 Recived 06 02 02 1E 00 1C 
17-07-18 at 08:47:09:139 Send 06 
17-07-18 at 08:47:09:154 Send 05 
17-07-18 at 08:47:09:169 Recived 15 
17-07-18 at 08:47:09:169 Send 06 
17-07-18 at 08:47:09:184 Send 02 0A 1E 1E 00 00 00 01 01 00 01 01 0A 
17-07-18 at 08:47:09:199 Recived 06 02 02 1E 00 1C 
17-07-18 at 08:47:09:214 Send 06 
17-07-18 at 08:47:09:229 Send 05 
17-07-18 at 08:47:09:244 Recived 15 
17-07-18 at 08:47:09:244 Send 06 
17-07-18 at 08:47:09:259 Send 02 0A 1E 1E 00 00 00 01 01 00 05 02 0D 
17-07-18 at 08:47:09:274 Recived 06 02 02 1E 00 1C 
17-07-18 at 08:47:09:289 Send 06 
17-07-18 at 08:47:09:304 Send 05 
17-07-18 at 08:47:09:319 Recived 15 
17-07-18 at 08:47:09:319 Send 06 
17-07-18 at 08:47:09:334 Send 02 0A 1E 1E 00 00 00 01 01 00 23 01 28 
17-07-18 at 08:47:09:349 Recived 06 02 02 1E 00 1C 
17-07-18 at 08:47:09:364 Send 06 
17-07-18 at 08:47:09:379 Send 05 
17-07-18 at 08:47:09:394 Recived 15 
17-07-18 at 08:47:09:394 Send 06 
17-07-18 at 08:47:09:409 Send 02 0A 1E 1E 00 00 00 01 01 00 06 00 0C 
17-07-18 at 08:47:09:424 Recived 06 02 02 1E 00 1C 
17-07-18 at 08:47:09:439 Send 06 
17-07-18 at 08:47:09:454 Send 05 
17-07-18 at 08:47:09:469 Recived 15 
17-07-18 at 08:47:09:469 Send 06 
17-07-18 at 08:47:09:484 Send 02 0A 1E 1E 00 00 00 01 01 00 07 01 0C 
17-07-18 at 08:47:09:499 Recived 06 02 02 1E 00 1C 
17-07-18 at 08:47:09:514 Send 06 
17-07-18 at 08:47:09:529 Send 05 
17-07-18 at 08:47:09:544 Recived 15 
17-07-18 at 08:47:09:544 Send 06 
17-07-18 at 08:47:09:559 Send 02 0A 1E 1E 00 00 00 01 01 00 14 01 1F 
17-07-18 at 08:47:09:574 Recived 06 02 02 1E 00 1C 
17-07-18 at 08:47:09:589 Send 06 
17-07-18 at 08:47:09:604 Send 05 
17-07-18 at 08:47:09:619 Recived 15 
17-07-18 at 08:47:09:619 Send 06 
17-07-18 at 08:47:09:634 Send 02 0A 1E 1E 00 00 00 01 01 00 15 01 1E 
17-07-18 at 08:47:09:649 Recived 06 02 02 1E 00 1C 
17-07-18 at 08:47:09:664 Send 06 
17-07-18 at 08:47:09:679 Send 05 
17-07-18 at 08:47:09:694 Recived 15 
17-07-18 at 08:47:09:694 Send 06 
17-07-18 at 08:47:09:709 Send 02 0A 1E 1E 00 00 00 01 01 00 0F 00 05 
17-07-18 at 08:47:09:724 Recived 06 02 02 1E 00 1C 
17-07-18 at 08:47:09:739 Send 06 
17-07-18 at 08:47:09:754 Send 05 
17-07-18 at 08:47:09:769 Recived 15 
17-07-18 at 08:47:09:769 Send 06 
17-07-18 at 08:47:09:784 Send 02 0A 1E 1E 00 00 00 01 01 00 11 00 1B 
17-07-18 at 08:47:09:799 Recived 06 02 02 1E 00 1C 
17-07-18 at 08:47:09:814 Send 06 
17-07-18 at 08:47:09:829 Send 05 
17-07-18 at 08:47:09:844 Recived 15 
17-07-18 at 08:47:09:844 Send 06 
17-07-18 at 08:47:09:859 Send 02 0A 1E 1E 00 00 00 11 01 00 03 02 1B 
17-07-18 at 08:47:09:874 Recived 06 02 02 1E 00 1C 
17-07-18 at 08:47:09:889 Send 06 
17-07-18 at 08:47:09:904 Send 05 
17-07-18 at 08:47:09:919 Recived 15 
17-07-18 at 08:47:09:919 Send 06 
17-07-18 at 08:47:09:934 Send 02 0A 1E 1E 00 00 00 01 01 00 29 01 22 
17-07-18 at 08:47:09:949 Recived 06 02 02 1E 00 1C 
17-07-18 at 08:47:09:964 Send 06 
17-07-18 at 08:47:09:979 Send 05 
17-07-18 at 08:47:09:994 Recived 15 
17-07-18 at 08:47:09:994 Send 06 
17-07-18 at 08:47:10:009 Send 02 26 1E 1E 00 00 00 04 0C 00 01 20 20 20 20 20 20 20 20 20 20 20 C4 CE C1 D0 CE 20 CF CE C6 C0 CB CE C2 C0 D2 DC 21 00 D5 
17-07-18 at 08:47:10:027 Recived 06 02 02 1E 00 1C 
17-07-18 at 08:47:10:042 Send 06 
17-07-18 at 08:47:10:057 Send 05 
17-07-18 at 08:47:10:072 Recived 15 
17-07-18 at 08:47:10:072 Send 06 
17-07-18 at 08:47:10:087 Send 02 29 1E 1E 00 00 00 04 0D 00 01 20 20 20 20 20 20 20 20 CE CE CE 20 CA EE EC EF E0 ED E8 FF 20 27 CA CE CB CE D0 CB CE CD 27 00 CB 
17-07-18 at 08:47:10:105 Recived 06 02 02 1E 00 1C 
17-07-18 at 08:47:10:120 Send 06 
17-07-18 at 08:47:10:135 Send 05 
17-07-18 at 08:47:10:150 Recived 15 
17-07-18 at 08:47:10:150 Send 06 
17-07-18 at 08:47:10:165 Send 02 2D 1E 1E 00 00 00 04 0E 00 01 20 20 20 20 20 CC E0 E3 E0 E7 E8 ED 20 27 C2 F1 E5 20 F2 EE E2 E0 F0 FB 20 E4 EB FF 20 E4 EE EC E0 27 20 00 DE 
17-07-18 at 08:47:10:183 Recived 06 02 02 1E 00 1C 
17-07-18 at 08:47:10:198 Send 06 
17-07-18 at 08:47:10:216 now clear port error ...
17-07-18 at 08:47:10:217 now write to port ...
17-07-18 at 08:47:10:350 ... done
17-07-18 at 08:47:10:378 Send 05 
17-07-18 at 08:47:10:393 Recived 15 
17-07-18 at 08:47:10:393 Send 06 
17-07-18 at 08:47:10:408 Send 02 06 1A 1E 00 00 00 79 7B 
17-07-18 at 08:47:10:423 Recived 06 02 09 1A 00 1E 00 00 00 00 00 00 0D 
17-07-18 at 08:47:10:438 Send 06 
17-07-18 at 08:47:12:745 Cardreader  Антонов Сергей 
17-07-18 at 08:47:12:756 Send 05 
17-07-18 at 08:47:12:771 Recived 15 
17-07-18 at 08:47:12:773 Send 06 
17-07-18 at 08:47:12:788 Send 02 20 1E 1E 00 00 00 02 1E 00 02 CA E0 F1 F1 E8 F0 20 C0 ED F2 EE ED EE E2 20 D1 E5 F0 E3 E5 E9 20 00 D7 
17-07-18 at 08:47:12:806 Recived 06 02 02 1E 00 1C 
17-07-18 at 08:47:12:821 Send 06 
17-07-18 at 08:47:12:830 now clear port error ...
17-07-18 at 08:47:12:830 now write to port ...
17-07-18 at 08:47:12:963 ... done
17-07-18 at 08:47:13:751 Send 05 
17-07-18 at 08:47:13:766 Recived 15 
17-07-18 at 08:47:13:766 Send 06 
17-07-18 at 08:47:13:781 Send 02 06 FF 39 1E 00 00 00 DE 
17-07-18 at 08:47:13:796 Recived 06 02 10 FF 39 00 00 00 00 00 00 00 00 00 00 00 00 00 00 D6 
17-07-18 at 08:47:13:811 Send 06 
17-07-18 at 08:47:14:084 total calculated
17-07-18 at 08:47:14:084 now show on display
17-07-18 at 08:47:14:084                     Всего:          0.00
17-07-18 at 08:47:14:084 now clear port error ...
17-07-18 at 08:47:14:085 now write to port ...
17-07-18 at 08:47:14:218 ... done
17-07-18 at 08:47:14:219 total calculated
17-07-18 at 08:47:14:219 now show on display
17-07-18 at 08:47:14:219                     Всего:          0.00
17-07-18 at 08:47:14:219 now clear port error ...
17-07-18 at 08:47:14:220 now write to port ...
17-07-18 at 08:47:14:390 ... done
17-07-18 at 08:47:14:392 111
17-07-18 at 08:47:14:392 Выход из программы
17-07-18 at 08:48:23:086 Запуск программы. Инициализация считана из файла
17-07-18 at 08:48:23:087 total calculated
17-07-18 at 08:48:23:087 now show on display
17-07-18 at 08:48:23:087                     Всего:          0.00
17-07-18 at 08:48:23:087 now open port for display
17-07-18 at 08:48:23:088 Com port opened
17-07-18 at 08:48:23:088 now clear port error ...
17-07-18 at 08:48:23:089 now write to port ...
17-07-18 at 08:48:23:222 ... done
17-07-18 at 08:48:23:222 Чек сжат
17-07-18 at 08:48:23:222 Сумма чека посчитана
17-07-18 at 08:48:23:223 Кардридер создан
17-07-18 at 08:48:23:223 Задание запуска модулей создано
17-07-18 at 08:48:23:223 Сканер создан
17-07-18 at 08:48:23:223 Регистратор создан
17-07-18 at 08:48:23:224 Часы созданы
17-07-18 at 08:48:23:224 Регистратор запущен
17-07-18 at 08:48:23:224 Сканер запущен
17-07-18 at 08:48:23:224 Часы запущены
17-07-18 at 08:48:23:224 Кардридер запущен
17-07-18 at 08:48:23:225 Передача данных запущена
17-07-18 at 08:48:23:225 Вход в FRInit
17-07-18 at 08:48:23:226 Вход в GetStatus
17-07-18 at 08:48:23:240 Send 05 
17-07-18 at 08:48:23:255 Recived 15 
17-07-18 at 08:48:23:255 Send 06 
17-07-18 at 08:48:23:270 Send 02 05 11 1E 00 00 00 0A 
17-07-18 at 08:48:23:285 Recived 06 02 30 11 00 1E 43 31 1C B3 14 0C 11 01 E9 00 B2 02 02 00 00 4E 41 00 00 01 01 10 11 07 12 08 30 16 00 2E 5D 00 00 36 00 00 00 00 00 EF 95 10 42 01 00 E8 
17-07-18 at 08:48:23:300 Send 06 
17-07-18 at 08:48:23:302 KKMStatus 0000
17-07-18 at 08:48:23:315 Send 05 
17-07-18 at 08:48:23:330 Recived 15 
17-07-18 at 08:48:23:330 Send 06 
17-07-18 at 08:48:23:345 Send 02 05 11 1E 00 00 00 0A 
17-07-18 at 08:48:23:360 Recived 06 02 30 11 00 1E 43 31 1C B3 14 0C 11 01 E9 00 B2 02 02 00 00 4E 41 00 00 01 01 10 11 07 12 08 30 16 00 2E 5D 00 00 36 00 00 00 00 00 EF 95 10 42 01 00 E8 
17-07-18 at 08:48:23:375 Send 06 
17-07-18 at 08:48:23:377 KKMStatus 0200
17-07-18 at 08:48:23:377 Номер ФР считан
17-07-18 at 08:48:23:515 СУБД подключена
17-07-18 at 08:48:23:534 Send 05 
17-07-18 at 08:48:23:549 Recived 15 
17-07-18 at 08:48:23:549 Send 06 
17-07-18 at 08:48:23:564 Send 02 17 1E 1E 00 00 00 05 03 00 01 CA 41 D0 D2 CE C9 20 56 49 53 41 2F 4D 43 92 
17-07-18 at 08:48:23:580 Recived 06 02 02 1E 00 1C 
17-07-18 at 08:48:23:595 Send 06 
17-07-18 at 08:48:23:610 Send 05 
17-07-18 at 08:48:23:625 Recived 15 
17-07-18 at 08:48:23:625 Send 06 
17-07-18 at 08:48:23:640 Send 02 18 1E 1E 00 00 00 05 04 00 01 C4 D0 D3 C3 C8 CC C8 20 CA C0 D0 D2 C0 CC C8 3C 
17-07-18 at 08:48:23:656 Recived 06 02 02 1E 00 1C 
17-07-18 at 08:48:23:671 Send 06 
17-07-18 at 08:48:23:686 Send 05 
17-07-18 at 08:48:23:701 Recived 15 
17-07-18 at 08:48:23:701 Send 06 
17-07-18 at 08:48:23:716 Send 02 0A 1E 1E 00 00 00 01 01 00 01 01 0A 
17-07-18 at 08:48:23:731 Recived 06 02 02 1E 00 1C 
17-07-18 at 08:48:23:746 Send 06 
17-07-18 at 08:48:23:761 Send 05 
17-07-18 at 08:48:23:776 Recived 15 
17-07-18 at 08:48:23:776 Send 06 
17-07-18 at 08:48:23:791 Send 02 0A 1E 1E 00 00 00 01 01 00 05 02 0D 
17-07-18 at 08:48:23:806 Recived 06 02 02 1E 00 1C 
17-07-18 at 08:48:23:821 Send 06 
17-07-18 at 08:48:23:836 Send 05 
17-07-18 at 08:48:23:851 Recived 15 
17-07-18 at 08:48:23:851 Send 06 
17-07-18 at 08:48:23:866 Send 02 0A 1E 1E 00 00 00 01 01 00 23 01 28 
17-07-18 at 08:48:23:881 Recived 06 02 02 1E 00 1C 
17-07-18 at 08:48:23:896 Send 06 
17-07-18 at 08:48:23:911 Send 05 
17-07-18 at 08:48:23:926 Recived 15 
17-07-18 at 08:48:23:926 Send 06 
17-07-18 at 08:48:23:941 Send 02 0A 1E 1E 00 00 00 01 01 00 06 00 0C 
17-07-18 at 08:48:23:956 Recived 06 02 02 1E 00 1C 
17-07-18 at 08:48:23:971 Send 06 
17-07-18 at 08:48:23:986 Send 05 
17-07-18 at 08:48:24:001 Recived 15 
17-07-18 at 08:48:24:001 Send 06 
17-07-18 at 08:48:24:016 Send 02 0A 1E 1E 00 00 00 01 01 00 07 01 0C 
17-07-18 at 08:48:24:031 Recived 06 02 02 1E 00 1C 
17-07-18 at 08:48:24:046 Send 06 
17-07-18 at 08:48:24:061 Send 05 
17-07-18 at 08:48:24:076 Recived 15 
17-07-18 at 08:48:24:076 Send 06 
17-07-18 at 08:48:24:091 Send 02 0A 1E 1E 00 00 00 01 01 00 14 01 1F 
17-07-18 at 08:48:24:106 Recived 06 02 02 1E 00 1C 
17-07-18 at 08:48:24:121 Send 06 
17-07-18 at 08:48:24:136 Send 05 
17-07-18 at 08:48:24:151 Recived 15 
17-07-18 at 08:48:24:151 Send 06 
17-07-18 at 08:48:24:166 Send 02 0A 1E 1E 00 00 00 01 01 00 15 01 1E 
17-07-18 at 08:48:24:181 Recived 06 02 02 1E 00 1C 
17-07-18 at 08:48:24:196 Send 06 
17-07-18 at 08:48:24:211 Send 05 
17-07-18 at 08:48:24:226 Recived 15 
17-07-18 at 08:48:24:226 Send 06 
17-07-18 at 08:48:24:241 Send 02 0A 1E 1E 00 00 00 01 01 00 0F 00 05 
17-07-18 at 08:48:24:256 Recived 06 02 02 1E 00 1C 
17-07-18 at 08:48:24:271 Send 06 
17-07-18 at 08:48:24:286 Send 05 
17-07-18 at 08:48:24:301 Recived 15 
17-07-18 at 08:48:24:301 Send 06 
17-07-18 at 08:48:24:316 Send 02 0A 1E 1E 00 00 00 01 01 00 11 00 1B 
17-07-18 at 08:48:24:331 Recived 06 02 02 1E 00 1C 
17-07-18 at 08:48:24:346 Send 06 
17-07-18 at 08:48:24:361 Send 05 
17-07-18 at 08:48:24:376 Recived 15 
17-07-18 at 08:48:24:376 Send 06 
17-07-18 at 08:48:24:391 Send 02 0A 1E 1E 00 00 00 11 01 00 03 02 1B 
17-07-18 at 08:48:24:406 Recived 06 02 02 1E 00 1C 
17-07-18 at 08:48:24:421 Send 06 
17-07-18 at 08:48:24:436 Send 05 
17-07-18 at 08:48:24:451 Recived 15 
17-07-18 at 08:48:24:451 Send 06 
17-07-18 at 08:48:24:466 Send 02 0A 1E 1E 00 00 00 01 01 00 29 01 22 
17-07-18 at 08:48:24:481 Recived 06 02 02 1E 00 1C 
17-07-18 at 08:48:24:496 Send 06 
17-07-18 at 08:48:24:511 Send 05 
17-07-18 at 08:48:24:526 Recived 15 
17-07-18 at 08:48:24:526 Send 06 
17-07-18 at 08:48:24:541 Send 02 26 1E 1E 00 00 00 04 0C 00 01 20 20 20 20 20 20 20 20 20 20 20 C4 CE C1 D0 CE 20 CF CE C6 C0 CB CE C2 C0 D2 DC 21 00 D5 
17-07-18 at 08:48:24:559 Recived 06 02 02 1E 00 1C 
17-07-18 at 08:48:24:574 Send 06 
17-07-18 at 08:48:24:589 Send 05 
17-07-18 at 08:48:24:604 Recived 15 
17-07-18 at 08:48:24:604 Send 06 
17-07-18 at 08:48:24:619 Send 02 29 1E 1E 00 00 00 04 0D 00 01 20 20 20 20 20 20 20 20 CE CE CE 20 CA EE EC EF E0 ED E8 FF 20 27 CA CE CB CE D0 CB CE CD 27 00 CB 
17-07-18 at 08:48:24:637 Recived 06 02 02 1E 00 1C 
17-07-18 at 08:48:24:652 Send 06 
17-07-18 at 08:48:24:667 Send 05 
17-07-18 at 08:48:24:682 Recived 15 
17-07-18 at 08:48:24:682 Send 06 
17-07-18 at 08:48:24:697 Send 02 2D 1E 1E 00 00 00 04 0E 00 01 20 20 20 20 20 CC E0 E3 E0 E7 E8 ED 20 27 C2 F1 E5 20 F2 EE E2 E0 F0 FB 20 E4 EB FF 20 E4 EE EC E0 27 20 00 DE 
17-07-18 at 08:48:24:715 Recived 06 02 02 1E 00 1C 
17-07-18 at 08:48:24:730 Send 06 
17-07-18 at 08:48:24:752 now clear port error ...
17-07-18 at 08:48:24:752 now write to port ...
17-07-18 at 08:48:24:886 ... done
17-07-18 at 08:48:24:911 Send 05 
17-07-18 at 08:48:24:926 Recived 15 
17-07-18 at 08:48:24:926 Send 06 
17-07-18 at 08:48:24:941 Send 02 06 1A 1E 00 00 00 79 7B 
17-07-18 at 08:48:24:956 Recived 06 02 09 1A 00 1E 00 00 00 00 00 00 0D 
17-07-18 at 08:48:24:971 Send 06 
17-07-18 at 08:48:27:192 Cardreader  Антонов Сергей 
17-07-18 at 08:48:27:197 Send 05 
17-07-18 at 08:48:27:215 Recived 15 
17-07-18 at 08:48:27:216 Send 06 
17-07-18 at 08:48:27:231 Send 02 20 1E 1E 00 00 00 02 1E 00 02 CA E0 F1 F1 E8 F0 20 C0 ED F2 EE ED EE E2 20 D1 E5 F0 E3 E5 E9 20 00 D7 
17-07-18 at 08:48:27:249 Recived 06 02 02 1E 00 1C 
17-07-18 at 08:48:27:264 Send 06 
17-07-18 at 08:48:27:267 now clear port error ...
17-07-18 at 08:48:27:267 now write to port ...
17-07-18 at 08:48:27:400 ... done
17-07-18 at 08:48:28:194 Send 05 
17-07-18 at 08:48:28:209 Recived 15 
17-07-18 at 08:48:28:209 Send 06 
17-07-18 at 08:48:28:224 Send 02 06 FF 39 1E 00 00 00 DE 
17-07-18 at 08:48:28:239 Recived 06 02 10 FF 39 00 00 00 00 00 00 00 00 00 00 00 00 00 00 D6 
17-07-18 at 08:48:28:254 Send 06 
17-07-18 at 08:48:46:992 total calculated
17-07-18 at 08:48:46:992 now show on display
17-07-18 at 08:48:46:992                     Всего:          0.00
17-07-18 at 08:48:46:993 now clear port error ...
17-07-18 at 08:48:46:993 now write to port ...
17-07-18 at 08:48:47:126 ... done
17-07-18 at 08:48:47:127 total calculated
17-07-18 at 08:48:47:127 now show on display
17-07-18 at 08:48:47:127                     Всего:          0.00
17-07-18 at 08:48:47:128 now clear port error ...
17-07-18 at 08:48:47:128 now write to port ...
17-07-18 at 08:48:47:298 ... done
17-07-18 at 08:48:47:300 111
17-07-18 at 08:48:47:301 Выход из программы
