19-02-18 at 15:43:51:559 Запуск программы. Инициализация считана из файла
19-02-18 at 15:43:51:560 Чек загружен.
19-02-18 at 15:43:51:560 Платежи по картам восстановлены
19-02-18 at 15:43:51:561 total calculated
19-02-18 at 15:43:51:561 now show on display
19-02-18 at 15:43:51:561                     Всего:        550.00
19-02-18 at 15:43:51:561 now open port for display
19-02-18 at 15:43:51:562 Com port opened
19-02-18 at 15:43:51:562 now clear port error ...
19-02-18 at 15:43:51:562 now write to port ...
19-02-18 at 15:43:51:696 ... done
19-02-18 at 15:43:51:696 Чек сжат
19-02-18 at 15:43:51:696 Сумма чека посчитана
19-02-18 at 15:43:51:697 Кардридер создан
19-02-18 at 15:43:51:697 Задание запуска модулей создано
19-02-18 at 15:43:51:697 Сканер создан
19-02-18 at 15:43:51:697 Регистратор создан
19-02-18 at 15:44:17:000 Send 05 
19-02-18 at 15:44:17:016 Recived 15 
19-02-18 at 15:44:17:016 Send 06 
19-02-18 at 15:44:17:031 Send 02 06 1A 00 00 00 00 79 65 
19-02-18 at 15:44:17:046 Recived 06 02 02 1A 4F 57 
19-02-18 at 15:44:17:061 Send 06 
19-02-18 at 15:44:51:777 Попытка очистки таблицы
19-02-18 at 15:44:51:777 Попытка очистки успешна
19-02-18 at 15:44:53:835 total calculated
19-02-18 at 15:44:53:836 now show on display
19-02-18 at 15:44:53:836                     Всего:        550.00
19-02-18 at 15:44:53:836 now clear port error ...
19-02-18 at 15:44:53:836 now write to port ...
19-02-18 at 15:44:53:970 ... done
19-02-18 at 15:45:07:617 Запуск программы. Инициализация считана из файла
19-02-18 at 15:45:07:617 Чек загружен.
19-02-18 at 15:45:07:618 Платежи по картам восстановлены
19-02-18 at 15:45:07:618 total calculated
19-02-18 at 15:45:07:619 now show on display
19-02-18 at 15:45:07:619                     Всего:        550.00
19-02-18 at 15:45:07:619 now open port for display
19-02-18 at 15:45:07:620 Com port opened
19-02-18 at 15:45:07:620 now clear port error ...
19-02-18 at 15:45:07:620 now write to port ...
19-02-18 at 15:45:07:754 ... done
19-02-18 at 15:45:07:754 Чек сжат
19-02-18 at 15:45:07:754 Сумма чека посчитана
19-02-18 at 15:45:07:754 Кардридер создан
19-02-18 at 15:45:07:754 Задание запуска модулей создано
19-02-18 at 15:45:07:755 Сканер создан
19-02-18 at 15:45:07:755 Регистратор создан
19-02-18 at 15:45:49:480 Запуск программы. Инициализация считана из файла
19-02-18 at 15:45:49:480 Чек загружен.
19-02-18 at 15:45:49:481 Платежи по картам восстановлены
19-02-18 at 15:45:49:482 total calculated
19-02-18 at 15:45:49:482 now show on display
19-02-18 at 15:45:49:482                     Всего:        550.00
19-02-18 at 15:45:49:482 now open port for display
19-02-18 at 15:45:49:483 Com port opened
19-02-18 at 15:45:49:484 now clear port error ...
19-02-18 at 15:45:49:484 now write to port ...
19-02-18 at 15:45:49:617 ... done
19-02-18 at 15:45:49:617 Чек сжат
19-02-18 at 15:45:49:618 Сумма чека посчитана
19-02-18 at 15:45:49:618 Кардридер создан
19-02-18 at 15:45:49:618 Задание запуска модулей создано
19-02-18 at 15:45:49:618 Сканер создан
19-02-18 at 15:45:49:618 Регистратор создан
19-02-18 at 15:55:06:145 Send 05 
19-02-18 at 15:55:06:160 Recived 15 
19-02-18 at 15:55:06:160 Send 06 
19-02-18 at 15:55:06:175 Send 02 06 1A 00 00 00 00 79 65 
19-02-18 at 15:55:06:190 Recived 06 02 02 1A 4F 57 
19-02-18 at 15:55:06:205 Send 06 
19-02-18 at 15:55:20:690 Запуск программы. Инициализация считана из файла
19-02-18 at 15:55:20:690 Чек загружен.
19-02-18 at 15:55:20:691 Платежи по картам восстановлены
19-02-18 at 15:55:20:692 total calculated
19-02-18 at 15:55:20:693 now show on display
19-02-18 at 15:55:20:693                     Всего:        550.00
19-02-18 at 15:55:20:693 now open port for display
19-02-18 at 15:55:20:694 Com port opened
19-02-18 at 15:55:20:694 now clear port error ...
19-02-18 at 15:55:20:694 now write to port ...
19-02-18 at 15:55:20:828 ... done
19-02-18 at 15:55:20:828 Чек сжат
19-02-18 at 15:55:20:828 Сумма чека посчитана
19-02-18 at 15:55:20:828 Кардридер создан
19-02-18 at 15:55:20:828 Задание запуска модулей создано
19-02-18 at 15:55:20:829 Сканер создан
19-02-18 at 15:55:20:829 Регистратор создан
19-02-18 at 15:55:31:341 Запуск программы. Инициализация считана из файла
19-02-18 at 15:55:31:341 Чек загружен.
19-02-18 at 15:55:31:342 Платежи по картам восстановлены
19-02-18 at 15:55:31:342 total calculated
19-02-18 at 15:55:31:342 now show on display
19-02-18 at 15:55:31:342                     Всего:        550.00
19-02-18 at 15:55:31:343 now open port for display
19-02-18 at 15:55:31:344 Com port opened
19-02-18 at 15:55:31:344 now clear port error ...
19-02-18 at 15:55:31:344 now write to port ...
19-02-18 at 15:55:31:477 ... done
19-02-18 at 15:55:31:478 Чек сжат
19-02-18 at 15:55:31:478 Сумма чека посчитана
19-02-18 at 15:55:31:479 Кардридер создан
19-02-18 at 15:55:31:479 Задание запуска модулей создано
19-02-18 at 15:55:31:479 Сканер создан
19-02-18 at 15:56:13:355 Регистратор создан
19-02-18 at 16:22:07:719 Запуск программы. Инициализация считана из файла
19-02-18 at 16:22:07:719 Чек загружен.
19-02-18 at 16:22:07:720 Платежи по картам восстановлены
19-02-18 at 16:22:07:720 total calculated
19-02-18 at 16:22:07:721 now show on display
19-02-18 at 16:22:07:721                     Всего:        550.00
19-02-18 at 16:22:07:721 now open port for display
19-02-18 at 16:22:07:722 Com port opened
19-02-18 at 16:22:07:722 now clear port error ...
19-02-18 at 16:22:07:722 now write to port ...
19-02-18 at 16:22:07:855 ... done
19-02-18 at 16:22:07:856 Чек сжат
19-02-18 at 16:22:07:856 Сумма чека посчитана
19-02-18 at 16:22:07:856 Кардридер создан
19-02-18 at 16:22:07:857 Задание запуска модулей создано
19-02-18 at 16:22:07:857 Сканер создан
19-02-18 at 16:22:07:857 Регистратор создан
19-02-18 at 16:22:11:661 Часы созданы
19-02-18 at 16:22:11:662 Регистратор запущен
19-02-18 at 16:22:11:662 Сканер запущен
19-02-18 at 16:22:11:663 Часы запущены
19-02-18 at 16:22:11:663 Кардридер запущен
19-02-18 at 16:22:11:663 Передача данных запущена
19-02-18 at 16:22:11:664 Вход в FRInit
19-02-18 at 16:22:11:664 Вход в GetStatus
19-02-18 at 16:22:11:681 Send 05 
19-02-18 at 16:22:11:696 Recived 15 
19-02-18 at 16:22:11:696 Send 06 
19-02-18 at 16:22:11:711 Send 02 05 11 1E 00 00 00 0A 
19-02-18 at 16:22:11:726 Recived 06 02 30 11 00 1E 43 31 1C B3 14 0C 11 01 04 00 B2 02 03 00 00 4E 41 00 00 01 01 10 13 02 12 10 16 0C 00 2E 5D 00 00 03 00 00 00 00 00 EF 95 10 42 01 00 12 
19-02-18 at 16:22:11:741 Send 06 
19-02-18 at 16:22:11:746 KKMStatus 0000
19-02-18 at 16:22:11:756 Send 05 
19-02-18 at 16:22:11:771 Recived 15 
19-02-18 at 16:22:11:771 Send 06 
19-02-18 at 16:22:11:786 Send 02 05 11 1E 00 00 00 0A 
19-02-18 at 16:22:11:801 Recived 06 02 30 11 00 1E 43 31 1C B3 14 0C 11 01 04 00 B2 02 03 00 00 4E 41 00 00 01 01 10 13 02 12 10 16 0C 00 2E 5D 00 00 03 00 00 00 00 00 EF 95 10 42 01 00 12 
19-02-18 at 16:22:11:816 Send 06 
19-02-18 at 16:22:11:821 KKMStatus 0300
19-02-18 at 16:22:11:821 Номер ФР считан
19-02-18 at 16:22:12:038 СУБД подключена
19-02-18 at 16:22:12:057 Send 05 
19-02-18 at 16:22:12:072 Recived 15 
19-02-18 at 16:22:12:072 Send 06 
19-02-18 at 16:22:12:087 Send 02 0A 1E 1E 00 00 00 01 01 00 01 01 0A 
19-02-18 at 16:22:12:102 Recived 06 02 02 1E 00 1C 
19-02-18 at 16:22:12:117 Send 06 
19-02-18 at 16:22:12:132 Send 05 
19-02-18 at 16:22:12:147 Recived 15 
19-02-18 at 16:22:12:147 Send 06 
19-02-18 at 16:22:12:162 Send 02 0A 1E 1E 00 00 00 01 01 00 05 02 0D 
19-02-18 at 16:22:12:177 Recived 06 02 02 1E 00 1C 
19-02-18 at 16:22:12:192 Send 06 
19-02-18 at 16:22:12:207 Send 05 
19-02-18 at 16:22:12:222 Recived 15 
19-02-18 at 16:22:12:222 Send 06 
19-02-18 at 16:22:12:237 Send 02 0A 1E 1E 00 00 00 01 01 00 23 01 28 
19-02-18 at 16:22:12:252 Recived 06 02 02 1E 00 1C 
19-02-18 at 16:22:12:267 Send 06 
19-02-18 at 16:22:12:282 Send 05 
19-02-18 at 16:22:12:297 Recived 15 
19-02-18 at 16:22:12:297 Send 06 
19-02-18 at 16:22:12:312 Send 02 0A 1E 1E 00 00 00 01 01 00 06 00 0C 
19-02-18 at 16:22:12:327 Recived 06 02 02 1E 00 1C 
19-02-18 at 16:22:12:342 Send 06 
19-02-18 at 16:22:12:357 Send 05 
19-02-18 at 16:22:12:372 Recived 15 
19-02-18 at 16:22:12:372 Send 06 
19-02-18 at 16:22:12:387 Send 02 0A 1E 1E 00 00 00 01 01 00 07 01 0C 
19-02-18 at 16:22:12:402 Recived 06 02 02 1E 00 1C 
19-02-18 at 16:22:12:417 Send 06 
19-02-18 at 16:22:12:432 Send 05 
19-02-18 at 16:22:12:447 Recived 15 
19-02-18 at 16:22:12:447 Send 06 
19-02-18 at 16:22:12:462 Send 02 0A 1E 1E 00 00 00 01 01 00 14 01 1F 
19-02-18 at 16:22:12:477 Recived 06 02 02 1E 00 1C 
19-02-18 at 16:22:12:492 Send 06 
19-02-18 at 16:22:12:507 Send 05 
19-02-18 at 16:22:12:522 Recived 15 
19-02-18 at 16:22:12:522 Send 06 
19-02-18 at 16:22:12:537 Send 02 0A 1E 1E 00 00 00 01 01 00 15 01 1E 
19-02-18 at 16:22:12:552 Recived 06 02 02 1E 00 1C 
19-02-18 at 16:22:12:567 Send 06 
19-02-18 at 16:22:12:582 Send 05 
19-02-18 at 16:22:12:597 Recived 15 
19-02-18 at 16:22:12:597 Send 06 
19-02-18 at 16:22:12:612 Send 02 0A 1E 1E 00 00 00 01 01 00 0F 00 05 
19-02-18 at 16:22:12:627 Recived 06 02 02 1E 00 1C 
19-02-18 at 16:22:12:642 Send 06 
19-02-18 at 16:22:12:657 Send 05 
19-02-18 at 16:22:12:672 Recived 15 
19-02-18 at 16:22:12:672 Send 06 
19-02-18 at 16:22:12:687 Send 02 0A 1E 1E 00 00 00 01 01 00 11 00 1B 
19-02-18 at 16:22:12:702 Recived 06 02 02 1E 00 1C 
19-02-18 at 16:22:12:717 Send 06 
19-02-18 at 16:22:12:732 Send 05 
19-02-18 at 16:22:12:747 Recived 15 
19-02-18 at 16:22:12:747 Send 06 
19-02-18 at 16:22:12:762 Send 02 0A 1E 1E 00 00 00 11 01 00 03 02 1B 
19-02-18 at 16:22:12:777 Recived 06 02 02 1E 00 1C 
19-02-18 at 16:22:12:792 Send 06 
19-02-18 at 16:22:12:807 Send 05 
19-02-18 at 16:22:12:822 Recived 15 
19-02-18 at 16:22:12:822 Send 06 
19-02-18 at 16:22:12:837 Send 02 0A 1E 1E 00 00 00 01 01 00 29 01 22 
19-02-18 at 16:22:12:852 Recived 06 02 02 1E 00 1C 
19-02-18 at 16:22:12:867 Send 06 
19-02-18 at 16:22:12:882 Send 05 
19-02-18 at 16:22:12:897 Recived 15 
19-02-18 at 16:22:12:897 Send 06 
19-02-18 at 16:22:12:912 Send 02 26 1E 1E 00 00 00 04 0C 00 01 20 20 20 20 20 20 20 20 20 20 20 C4 CE C1 D0 CE 20 CF CE C6 C0 CB CE C2 C0 D2 DC 21 00 D5 
19-02-18 at 16:22:12:930 Recived 06 02 02 1E 00 1C 
19-02-18 at 16:22:12:945 Send 06 
19-02-18 at 16:22:12:960 Send 05 
19-02-18 at 16:22:12:975 Recived 15 
19-02-18 at 16:22:12:975 Send 06 
19-02-18 at 16:22:12:990 Send 02 29 1E 1E 00 00 00 04 0D 00 01 20 20 20 20 20 20 20 20 CE CE CE 20 CA EE EC EF E0 ED E8 FF 20 27 CA CE CB CE D0 CB CE CD 27 00 CB 
19-02-18 at 16:22:13:008 Recived 06 02 02 1E 00 1C 
19-02-18 at 16:22:13:023 Send 06 
19-02-18 at 16:22:13:038 Send 05 
19-02-18 at 16:22:13:053 Recived 15 
19-02-18 at 16:22:13:053 Send 06 
19-02-18 at 16:22:13:068 Send 02 2D 1E 1E 00 00 00 04 0E 00 01 20 20 20 20 20 CC E0 E3 E0 E7 E8 ED 20 27 C2 F1 E5 20 F2 EE E2 E0 F0 FB 20 E4 EB FF 20 E4 EE EC E0 27 20 00 DE 
19-02-18 at 16:22:13:086 Recived 06 02 02 1E 00 1C 
19-02-18 at 16:22:13:101 Send 06 
19-02-18 at 16:22:13:214 now clear port error ...
19-02-18 at 16:22:13:214 now write to port ...
19-02-18 at 16:22:13:348 ... done
19-02-18 at 16:22:13:371 Send 05 
19-02-18 at 16:22:13:386 Recived 15 
19-02-18 at 16:22:13:386 Send 06 
19-02-18 at 16:22:13:401 Send 02 06 1A 1E 00 00 00 79 7B 
19-02-18 at 16:22:13:416 Recived 06 02 09 1A 00 1E 64 96 00 00 00 00 FF 
19-02-18 at 16:22:13:431 Send 06 
19-02-18 at 16:22:15:880 Попытка очистки таблицы
19-02-18 at 16:22:15:880 Попытка очистки успешна
19-02-18 at 16:22:15:882 Cardreader  Антонов Сергей 
19-02-18 at 16:22:15:895 Send 05 
19-02-18 at 16:22:15:911 Recived 15 
19-02-18 at 16:22:15:911 Send 06 
19-02-18 at 16:22:15:926 Send 02 20 1E 1E 00 00 00 02 1E 00 02 CA E0 F1 F1 E8 F0 20 C0 ED F2 EE ED EE E2 20 D1 E5 F0 E3 E5 E9 20 00 D7 
19-02-18 at 16:22:15:944 Recived 06 02 02 1E 00 1C 
19-02-18 at 16:22:15:959 Send 06 
19-02-18 at 16:22:15:968 now clear port error ...
19-02-18 at 16:22:15:968 now write to port ...
19-02-18 at 16:22:16:102 ... done
19-02-18 at 16:22:16:889 Send 05 
19-02-18 at 16:22:16:904 Recived 15 
19-02-18 at 16:22:16:904 Send 06 
19-02-18 at 16:22:16:919 Send 02 06 FF 39 1E 00 00 00 DE 
19-02-18 at 16:22:16:934 Recived 06 02 10 FF 39 00 05 00 03 00 0A 00 00 00 12 02 10 10 2D E7 
19-02-18 at 16:22:16:949 Send 06 
19-02-18 at 16:22:19:662 Попытка очистки таблицы
19-02-18 at 16:22:19:662 Попытка очистки успешна
19-02-18 at 16:28:23:791 Попытка очистки таблицы
19-02-18 at 16:28:23:791 Попытка очистки успешна
19-02-18 at 16:28:25:592 114
19-02-18 at 16:28:25:592 014
19-02-18 at 16:28:26:472 114
19-02-18 at 16:28:26:472 014
19-02-18 at 16:29:21:034 Send 05 
19-02-18 at 16:29:21:049 Recived 15 
19-02-18 at 16:29:21:049 Send 06 
19-02-18 at 16:29:21:064 Send 02 06 FF 39 1E 00 00 00 DE 
19-02-18 at 16:29:21:079 Recived 06 02 10 FF 39 00 05 00 03 00 0A 00 00 00 12 02 10 10 2D E7 
19-02-18 at 16:29:21:094 Send 06 
19-02-18 at 16:31:22:232 Send 05 
19-02-18 at 16:31:22:247 Recived 15 
19-02-18 at 16:31:22:247 Send 06 
19-02-18 at 16:31:22:262 Send 02 06 FF 39 1E 00 00 00 DE 
19-02-18 at 16:31:22:277 Recived 06 02 10 FF 39 00 05 00 03 00 0A 00 00 00 12 
19-02-18 at 16:31:22:292 Recived 02 10 10 2D E7 
19-02-18 at 16:31:22:307 Send 06 
19-02-18 at 16:33:23:444 Send 05 
19-02-18 at 16:33:23:459 Recived 15 
19-02-18 at 16:33:23:459 Send 06 
19-02-18 at 16:33:23:474 Send 02 06 FF 39 1E 00 00 00 DE 
19-02-18 at 16:33:23:489 Recived 06 02 10 FF 39 00 02 00 03 00 0A 00 00 00 12 02 10 10 2D E0 
19-02-18 at 16:33:23:504 Send 06 
19-02-18 at 16:35:24:641 Send 05 
19-02-18 at 16:35:24:656 Recived 15 
19-02-18 at 16:35:24:656 Send 06 
19-02-18 at 16:35:24:671 Send 02 06 FF 39 1E 00 00 00 DE 
19-02-18 at 16:35:24:686 Recived 06 02 10 FF 39 00 05 00 03 00 0A 00 00 00 12 02 10 10 2D E7 
19-02-18 at 16:35:24:701 Send 06 
19-02-18 at 16:37:25:838 Send 05 
19-02-18 at 16:37:25:853 Recived 15 
19-02-18 at 16:37:25:853 Send 06 
19-02-18 at 16:37:25:868 Send 02 06 FF 39 1E 00 00 00 DE 
19-02-18 at 16:37:25:883 Recived 06 02 10 FF 39 00 05 00 03 00 0A 00 00 00 12 02 10 10 2D E7 
19-02-18 at 16:37:25:898 Send 06 
19-02-18 at 16:39:27:035 Send 05 
19-02-18 at 16:39:27:050 Recived 15 
19-02-18 at 16:39:27:050 Send 06 
19-02-18 at 16:39:27:065 Send 02 06 FF 39 1E 00 00 00 DE 
19-02-18 at 16:39:27:080 Recived 06 02 10 FF 39 00 05 00 03 00 0A 00 00 00 12 02 10 10 2D E7 
19-02-18 at 16:39:27:095 Send 06 
19-02-18 at 16:41:28:232 Send 05 
19-02-18 at 16:41:28:247 Recived 15 
19-02-18 at 16:41:28:247 Send 06 
19-02-18 at 16:41:28:262 Send 02 06 FF 39 1E 00 00 00 DE 
19-02-18 at 16:41:28:277 Recived 06 02 10 FF 39 00 05 00 03 00 0A 00 00 00 12 02 10 10 2D E7 
19-02-18 at 16:41:28:292 Send 06 
19-02-18 at 16:43:29:429 Send 05 
19-02-18 at 16:43:29:444 Recived 15 
19-02-18 at 16:43:29:444 Send 06 
19-02-18 at 16:43:29:459 Send 02 06 FF 39 1E 00 00 00 DE 
19-02-18 at 16:43:29:474 Recived 06 02 10 FF 39 00 05 00 03 00 0A 00 00 00 12 02 10 10 2D E7 
19-02-18 at 16:43:29:489 Send 06 
19-02-18 at 16:45:30:626 Send 05 
19-02-18 at 16:45:30:641 Recived 15 
19-02-18 at 16:45:30:641 Send 06 
19-02-18 at 16:45:30:656 Send 02 06 FF 39 1E 00 00 00 DE 
19-02-18 at 16:45:30:671 Recived 06 02 10 FF 39 00 05 00 03 00 0A 00 00 00 12 02 10 10 2D E7 
19-02-18 at 16:45:30:686 Send 06 
19-02-18 at 16:47:31:823 Send 05 
19-02-18 at 16:47:31:839 Recived 15 
19-02-18 at 16:47:31:839 Send 06 
19-02-18 at 16:47:31:854 Send 02 06 FF 39 1E 00 00 00 DE 
19-02-18 at 16:47:31:869 Recived 06 02 10 FF 39 00 02 00 03 00 0A 00 00 00 12 02 10 10 2D E0 
19-02-18 at 16:47:31:884 Send 06 
19-02-18 at 16:49:33:021 Send 05 
19-02-18 at 16:49:33:036 Recived 15 
19-02-18 at 16:49:33:036 Send 06 
19-02-18 at 16:49:33:051 Send 02 06 FF 39 1E 00 00 00 DE 
19-02-18 at 16:49:33:066 Recived 06 02 10 FF 39 00 05 00 03 00 0A 00 00 00 12 02 10 10 2D E7 
19-02-18 at 16:49:33:081 Send 06 
19-02-18 at 16:51:34:218 Send 05 
19-02-18 at 16:51:34:233 Recived 15 
19-02-18 at 16:51:34:233 Send 06 
19-02-18 at 16:51:34:248 Send 02 06 FF 39 1E 00 00 00 DE 
19-02-18 at 16:51:34:263 Recived 06 02 10 FF 39 00 02 00 03 00 0A 00 00 00 12 02 10 10 2D E0 
19-02-18 at 16:51:34:278 Send 06 
19-02-18 at 16:53:35:415 Send 05 
19-02-18 at 16:53:35:430 Recived 15 
19-02-18 at 16:53:35:430 Send 06 
19-02-18 at 16:53:35:445 Send 02 06 FF 39 1E 00 00 00 DE 
19-02-18 at 16:53:35:460 Recived 06 02 10 FF 39 00 05 00 03 00 0A 00 00 00 12 02 10 10 2D E7 
19-02-18 at 16:53:35:475 Send 06 
19-02-18 at 16:55:36:612 Send 05 
19-02-18 at 16:55:36:627 Recived 15 
19-02-18 at 16:55:36:627 Send 06 
19-02-18 at 16:55:36:642 Send 02 06 FF 39 1E 00 00 00 DE 
19-02-18 at 16:55:36:657 Recived 06 02 10 FF 39 00 05 00 03 00 0A 00 00 00 12 02 10 10 2D E7 
19-02-18 at 16:55:36:672 Send 06 
19-02-18 at 16:57:37:809 Send 05 
19-02-18 at 16:57:37:824 Recived 15 
19-02-18 at 16:57:37:824 Send 06 
19-02-18 at 16:57:37:839 Send 02 06 FF 39 1E 00 00 00 DE 
19-02-18 at 16:57:37:854 Recived 06 02 10 FF 39 00 05 00 03 00 0A 00 00 00 12 02 10 10 2D E7 
19-02-18 at 16:57:37:869 Send 06 
19-02-18 at 16:59:39:006 Send 05 
19-02-18 at 16:59:39:021 Recived 15 
19-02-18 at 16:59:39:021 Send 06 
19-02-18 at 16:59:39:036 Send 02 06 FF 39 1E 00 00 00 DE 
19-02-18 at 16:59:39:051 Recived 06 02 10 FF 39 00 05 00 03 00 0A 00 00 00 12 02 10 10 2D E7 
19-02-18 at 16:59:39:066 Send 06 
19-02-18 at 17:01:40:203 Send 05 
19-02-18 at 17:01:40:218 Recived 15 
19-02-18 at 17:01:40:218 Send 06 
19-02-18 at 17:01:40:233 Send 02 06 FF 39 1E 00 00 00 DE 
19-02-18 at 17:01:40:248 Recived 06 02 10 FF 39 00 05 00 03 00 0A 00 00 00 12 02 10 10 2D E7 
19-02-18 at 17:01:40:263 Send 06 
19-02-18 at 17:03:41:400 Send 05 
19-02-18 at 17:03:41:415 Recived 15 
19-02-18 at 17:03:41:415 Send 06 
19-02-18 at 17:03:41:430 Send 02 06 FF 39 1E 00 00 00 DE 
19-02-18 at 17:03:41:445 Recived 06 02 10 FF 39 00 05 00 03 00 0A 00 00 00 12 02 10 10 2D E7 
19-02-18 at 17:03:41:460 Send 06 
19-02-18 at 17:05:42:598 Send 05 
19-02-18 at 17:05:42:613 Recived 15 
19-02-18 at 17:05:42:613 Send 06 
19-02-18 at 17:05:42:628 Send 02 06 FF 39 1E 00 00 00 DE 
19-02-18 at 17:05:42:643 Recived 06 02 10 FF 39 00 02 00 03 00 0A 00 00 00 12 02 10 10 2D E0 
19-02-18 at 17:05:42:658 Send 06 
19-02-18 at 17:07:43:795 Send 05 
19-02-18 at 17:07:43:810 Recived 15 
19-02-18 at 17:07:43:810 Send 06 
19-02-18 at 17:07:43:825 Send 02 06 FF 39 1E 00 00 00 DE 
19-02-18 at 17:07:43:840 Recived 06 02 10 FF 39 00 02 00 03 00 0A 00 00 00 12 02 10 10 2D E0 
19-02-18 at 17:07:43:855 Send 06 
19-02-18 at 17:09:44:992 Send 05 
19-02-18 at 17:09:45:007 Recived 15 
19-02-18 at 17:09:45:007 Send 06 
19-02-18 at 17:09:45:022 Send 02 06 FF 39 1E 00 00 00 DE 
19-02-18 at 17:09:45:037 Recived 06 02 10 FF 39 00 05 00 03 00 0A 00 00 00 12 02 10 10 2D E7 
19-02-18 at 17:09:45:052 Send 06 
19-02-18 at 17:11:46:189 Send 05 
19-02-18 at 17:11:46:204 Recived 15 
19-02-18 at 17:11:46:204 Send 06 
19-02-18 at 17:11:46:219 Send 02 06 FF 39 1E 00 00 00 DE 
19-02-18 at 17:11:46:234 Recived 06 02 10 FF 39 00 05 00 03 00 0A 00 00 00 12 02 10 10 2D E7 
19-02-18 at 17:11:46:249 Send 06 
19-02-18 at 17:13:47:386 Send 05 
19-02-18 at 17:13:47:401 Recived 15 
19-02-18 at 17:13:47:401 Send 06 
19-02-18 at 17:13:47:416 Send 02 06 FF 39 1E 00 00 00 DE 
19-02-18 at 17:13:47:431 Recived 06 02 10 FF 39 00 05 00 03 00 0A 00 00 00 12 02 10 10 2D E7 
19-02-18 at 17:13:47:446 Send 06 
19-02-18 at 17:15:48:583 Send 05 
19-02-18 at 17:15:48:598 Recived 15 
19-02-18 at 17:15:48:598 Send 06 
19-02-18 at 17:15:48:613 Send 02 06 FF 39 1E 00 00 00 DE 
19-02-18 at 17:15:48:628 Recived 06 02 10 FF 39 00 05 00 03 00 0A 00 00 00 12 02 10 10 2D E7 
19-02-18 at 17:15:48:643 Send 06 
19-02-18 at 17:17:49:780 Send 05 
19-02-18 at 17:17:49:795 Recived 15 
19-02-18 at 17:17:49:795 Send 06 
19-02-18 at 17:17:49:810 Send 02 06 FF 39 1E 00 00 00 DE 
19-02-18 at 17:17:49:825 Recived 06 02 10 FF 39 00 02 00 03 00 0A 00 00 00 12 02 10 10 2D E0 
19-02-18 at 17:17:49:840 Send 06 
19-02-18 at 17:19:50:977 Send 05 
19-02-18 at 17:19:50:992 Recived 15 
19-02-18 at 17:19:50:992 Send 06 
19-02-18 at 17:19:51:007 Send 02 06 FF 39 1E 00 00 00 DE 
19-02-18 at 17:19:51:022 Recived 06 02 10 FF 39 00 05 00 03 00 0A 00 00 00 12 02 10 10 2D E7 
19-02-18 at 17:19:51:037 Send 06 
19-02-18 at 17:21:52:175 Send 05 
19-02-18 at 17:21:52:190 Recived 15 
19-02-18 at 17:21:52:190 Send 06 
19-02-18 at 17:21:52:205 Send 02 06 FF 39 1E 00 00 00 DE 
19-02-18 at 17:21:52:220 Recived 06 02 10 FF 39 00 05 00 03 00 0A 00 00 00 12 02 10 10 2D E7 
19-02-18 at 17:21:52:235 Send 06 
19-02-18 at 17:23:53:372 Send 05 
19-02-18 at 17:23:53:387 Recived 15 
19-02-18 at 17:23:53:387 Send 06 
19-02-18 at 17:23:53:402 Send 02 06 FF 39 1E 00 00 00 DE 
19-02-18 at 17:23:53:417 Recived 06 02 10 FF 39 00 02 00 03 00 0A 00 00 00 12 02 10 10 2D E0 
19-02-18 at 17:23:53:432 Send 06 
19-02-18 at 17:25:54:569 Send 05 
19-02-18 at 17:25:54:584 Recived 15 
19-02-18 at 17:25:54:584 Send 06 
19-02-18 at 17:25:54:599 Send 02 06 FF 39 1E 00 00 00 DE 
19-02-18 at 17:25:54:614 Recived 06 02 10 FF 39 00 05 00 03 00 0A 00 00 00 12 02 10 10 2D E7 
19-02-18 at 17:25:54:629 Send 06 
19-02-18 at 17:27:55:766 Send 05 
19-02-18 at 17:27:55:781 Recived 15 
19-02-18 at 17:27:55:781 Send 06 
19-02-18 at 17:27:55:796 Send 02 06 FF 39 1E 00 00 00 DE 
19-02-18 at 17:27:55:811 Recived 06 02 10 FF 39 00 02 00 03 00 0A 00 00 00 12 02 10 10 2D E0 
19-02-18 at 17:27:55:826 Send 06 
19-02-18 at 17:29:56:963 Send 05 
19-02-18 at 17:29:56:978 Recived 15 
19-02-18 at 17:29:56:978 Send 06 
19-02-18 at 17:29:56:993 Send 02 06 FF 39 1E 00 00 00 DE 
19-02-18 at 17:29:57:008 Recived 06 02 10 FF 39 00 05 00 03 00 0A 00 00 00 12 02 10 10 2D E7 
19-02-18 at 17:29:57:023 Send 06 
19-02-18 at 17:31:58:160 Send 05 
19-02-18 at 17:31:58:175 Recived 15 
19-02-18 at 17:31:58:175 Send 06 
19-02-18 at 17:31:58:190 Send 02 06 FF 39 1E 00 00 00 DE 
19-02-18 at 17:31:58:205 Recived 06 02 10 FF 39 00 05 00 03 00 0A 00 00 00 12 02 10 10 2D E7 
19-02-18 at 17:31:58:220 Send 06 
19-02-18 at 17:33:59:357 Send 05 
19-02-18 at 17:33:59:372 Recived 15 
19-02-18 at 17:33:59:372 Send 06 
19-02-18 at 17:33:59:387 Send 02 06 FF 39 1E 00 00 00 DE 
19-02-18 at 17:33:59:402 Recived 06 02 10 FF 39 00 05 00 03 00 0A 00 00 00 12 02 10 10 2D E7 
19-02-18 at 17:33:59:417 Send 06 
19-02-18 at 17:36:00:554 Send 05 
19-02-18 at 17:36:00:569 Recived 15 
19-02-18 at 17:36:00:569 Send 06 
19-02-18 at 17:36:00:584 Send 02 06 FF 39 1E 00 00 00 DE 
19-02-18 at 17:36:00:599 Recived 06 02 10 FF 39 00 05 00 03 00 0A 00 00 00 12 02 10 10 2D E7 
19-02-18 at 17:36:00:614 Send 06 
19-02-18 at 17:38:01:751 Send 05 
19-02-18 at 17:38:01:766 Recived 15 
19-02-18 at 17:38:01:766 Send 06 
19-02-18 at 17:38:01:781 Send 02 06 FF 39 1E 00 00 00 DE 
19-02-18 at 17:38:01:796 Recived 06 02 10 FF 39 00 05 00 03 00 0A 00 00 00 12 02 10 10 2D E7 
19-02-18 at 17:38:01:811 Send 06 
19-02-18 at 17:40:02:949 Send 05 
19-02-18 at 17:40:02:964 Recived 15 
19-02-18 at 17:40:02:964 Send 06 
19-02-18 at 17:40:02:979 Send 02 06 FF 39 1E 00 00 00 DE 
19-02-18 at 17:40:02:994 Recived 06 
19-02-18 at 17:40:03:009 Recived 02 10 FF 39 00 05 00 03 00 0A 00 00 00 12 02 10 10 2D E7 
19-02-18 at 17:40:03:024 Send 06 
19-02-18 at 17:42:04:161 Send 05 
19-02-18 at 17:42:04:176 Recived 15 
19-02-18 at 17:42:04:176 Send 06 
19-02-18 at 17:42:04:191 Send 02 06 FF 39 1E 00 00 00 DE 
19-02-18 at 17:42:04:206 Recived 06 02 10 FF 39 00 05 00 03 00 0A 00 00 00 12 02 10 10 2D E7 
19-02-18 at 17:42:04:221 Send 06 
19-02-18 at 17:44:05:358 Send 05 
19-02-18 at 17:44:05:373 Recived 15 
19-02-18 at 17:44:05:373 Send 06 
19-02-18 at 17:44:05:388 Send 02 06 FF 39 1E 00 00 00 DE 
19-02-18 at 17:44:05:403 Recived 06 02 10 FF 39 00 02 00 03 00 0A 00 00 00 12 02 10 10 2D E0 
19-02-18 at 17:44:05:418 Send 06 
19-02-18 at 17:46:06:555 Send 05 
19-02-18 at 17:46:06:570 Recived 15 
19-02-18 at 17:46:06:570 Send 06 
19-02-18 at 17:46:06:585 Send 02 06 FF 39 1E 00 00 00 DE 
19-02-18 at 17:46:06:600 Recived 06 02 10 FF 39 00 05 00 03 00 0A 00 00 00 12 02 10 10 2D E7 
19-02-18 at 17:46:06:615 Send 06 
19-02-18 at 17:48:07:752 Send 05 
19-02-18 at 17:48:07:767 Recived 15 
19-02-18 at 17:48:07:767 Send 06 
19-02-18 at 17:48:07:782 Send 02 06 FF 39 1E 00 00 00 DE 
19-02-18 at 17:48:07:797 Recived 06 02 10 FF 39 00 05 00 03 00 0A 00 00 00 12 02 10 10 2D E7 
19-02-18 at 17:48:07:812 Send 06 
19-02-18 at 17:50:08:949 Send 05 
19-02-18 at 17:50:08:964 Recived 15 
19-02-18 at 17:50:08:964 Send 06 
19-02-18 at 17:50:08:979 Send 02 06 FF 39 1E 00 00 00 DE 
19-02-18 at 17:50:08:994 Recived 06 02 10 FF 39 00 05 00 03 00 0A 00 00 00 12 02 10 10 2D E7 
19-02-18 at 17:50:09:009 Send 06 
19-02-18 at 17:52:10:146 Send 05 
19-02-18 at 17:52:10:161 Recived 15 
19-02-18 at 17:52:10:161 Send 06 
19-02-18 at 17:52:10:176 Send 02 06 FF 39 1E 00 00 00 DE 
19-02-18 at 17:52:10:191 Recived 06 
19-02-18 at 17:52:10:236 Recived 02 10 FF 39 00 05 00 03 00 0A 00 00 00 12 02 10 10 2D E7 
19-02-18 at 17:52:10:251 Send 06 
19-02-18 at 17:54:11:388 Send 05 
19-02-18 at 17:54:11:403 Recived 15 
19-02-18 at 17:54:11:403 Send 06 
19-02-18 at 17:54:11:418 Send 02 06 FF 39 1E 00 00 00 DE 
19-02-18 at 17:54:11:433 Recived 06 02 10 FF 39 00 05 00 03 00 0A 00 00 00 12 02 10 10 2D E7 
19-02-18 at 17:54:11:448 Send 06 
19-02-18 at 17:56:12:586 Send 05 
19-02-18 at 17:56:12:601 Recived 15 
19-02-18 at 17:56:12:601 Send 06 
19-02-18 at 17:56:12:616 Send 02 06 FF 39 1E 00 00 00 DE 
19-02-18 at 17:56:12:631 Recived 06 02 10 FF 39 00 05 00 03 00 0A 00 00 00 12 02 10 10 2D E7 
19-02-18 at 17:56:12:646 Send 06 
19-02-18 at 17:58:13:783 Send 05 
19-02-18 at 17:58:13:798 Recived 15 
19-02-18 at 17:58:13:798 Send 06 
19-02-18 at 17:58:13:813 Send 02 06 FF 39 1E 00 00 00 DE 
19-02-18 at 17:58:13:828 Recived 06 02 10 FF 39 00 05 00 03 00 0A 00 00 00 12 02 10 10 2D E7 
19-02-18 at 17:58:13:843 Send 06 
19-02-18 at 18:00:14:980 Send 05 
19-02-18 at 18:00:14:995 Recived 15 
19-02-18 at 18:00:14:995 Send 06 
19-02-18 at 18:00:15:010 Send 02 06 FF 39 1E 00 00 00 DE 
19-02-18 at 18:00:15:025 Recived 06 02 10 FF 39 00 05 00 03 00 0A 00 00 00 12 02 10 10 2D E7 
19-02-18 at 18:00:15:040 Send 06 
19-02-18 at 18:02:16:177 Send 05 
19-02-18 at 18:02:16:192 Recived 15 
19-02-18 at 18:02:16:192 Send 06 
19-02-18 at 18:02:16:207 Send 02 06 FF 39 1E 00 00 00 DE 
19-02-18 at 18:02:16:222 Recived 06 02 10 FF 39 00 05 00 03 00 0A 00 00 00 12 02 10 10 2D E7 
19-02-18 at 18:02:16:237 Send 06 
19-02-18 at 18:04:17:374 Send 05 
19-02-18 at 18:04:17:389 Recived 15 
19-02-18 at 18:04:17:389 Send 06 
19-02-18 at 18:04:17:404 Send 02 06 FF 39 1E 00 00 00 DE 
19-02-18 at 18:04:17:419 Recived 06 02 10 FF 39 00 05 00 03 00 0A 00 00 00 12 02 10 10 2D E7 
19-02-18 at 18:04:17:434 Send 06 
19-02-18 at 18:06:18:571 Send 05 
19-02-18 at 18:06:18:586 Recived 15 
19-02-18 at 18:06:18:586 Send 06 
19-02-18 at 18:06:18:601 Send 02 06 FF 39 1E 00 00 00 DE 
19-02-18 at 18:06:18:616 Recived 06 02 10 FF 39 00 05 00 03 00 0A 00 00 00 12 02 10 10 2D E7 
19-02-18 at 18:06:18:631 Send 06 
19-02-18 at 18:08:19:768 Send 05 
19-02-18 at 18:08:19:783 Recived 15 
19-02-18 at 18:08:19:783 Send 06 
19-02-18 at 18:08:19:798 Send 02 06 FF 39 1E 00 00 00 DE 
19-02-18 at 18:08:19:813 Recived 06 02 10 FF 39 00 05 00 03 00 0A 00 00 00 12 02 10 10 2D E7 
19-02-18 at 18:08:19:828 Send 06 
19-02-18 at 18:10:20:965 Send 05 
19-02-18 at 18:10:20:980 Recived 15 
19-02-18 at 18:10:20:980 Send 06 
19-02-18 at 18:10:20:995 Send 02 06 FF 39 1E 00 00 00 DE 
19-02-18 at 18:10:21:010 Recived 06 02 10 FF 39 00 02 00 03 00 0A 00 00 00 12 02 10 10 2D E0 
19-02-18 at 18:10:21:025 Send 06 
19-02-18 at 18:12:22:162 Send 05 
19-02-18 at 18:12:22:177 Recived 15 
19-02-18 at 18:12:22:177 Send 06 
19-02-18 at 18:12:22:192 Send 02 06 FF 39 1E 00 00 00 DE 
19-02-18 at 18:12:22:207 Recived 06 02 10 FF 39 00 05 00 03 00 0A 00 00 00 12 02 10 10 2D E7 
19-02-18 at 18:12:22:222 Send 06 
19-02-18 at 18:14:23:360 Send 05 
19-02-18 at 18:14:23:375 Recived 15 
19-02-18 at 18:14:23:375 Send 06 
19-02-18 at 18:14:23:390 Send 02 06 FF 39 1E 00 00 00 DE 
19-02-18 at 18:14:23:405 Recived 06 02 10 FF 39 00 05 00 03 00 0A 00 00 00 12 02 10 10 2D E7 
19-02-18 at 18:14:23:420 Send 06 
19-02-18 at 18:16:24:557 Send 05 
19-02-18 at 18:16:24:572 Recived 15 
19-02-18 at 18:16:24:572 Send 06 
19-02-18 at 18:16:24:587 Send 02 06 FF 39 1E 00 00 00 DE 
19-02-18 at 18:16:24:602 Recived 06 02 10 FF 39 00 05 00 03 00 0A 00 00 00 12 02 10 10 2D E7 
19-02-18 at 18:16:24:617 Send 06 
19-02-18 at 18:18:25:754 Send 05 
19-02-18 at 18:18:25:769 Recived 15 
19-02-18 at 18:18:25:769 Send 06 
19-02-18 at 18:18:25:784 Send 02 06 FF 39 1E 00 00 00 DE 
19-02-18 at 18:18:25:799 Recived 06 
19-02-18 at 18:18:25:829 Recived 02 10 FF 39 00 05 00 03 00 0A 00 00 00 12 02 10 10 2D E7 
19-02-18 at 18:18:25:844 Send 06 
19-02-18 at 18:20:26:981 Send 05 
19-02-18 at 18:20:26:996 Recived 15 
19-02-18 at 18:20:26:996 Send 06 
19-02-18 at 18:20:27:011 Send 02 06 FF 39 1E 00 00 00 DE 
19-02-18 at 18:20:27:026 Recived 06 02 10 FF 39 00 05 00 03 00 0A 00 00 00 12 02 10 10 2D E7 
19-02-18 at 18:20:27:041 Send 06 
19-02-18 at 18:22:28:178 Send 05 
19-02-18 at 18:22:28:193 Recived 15 
19-02-18 at 18:22:28:193 Send 06 
19-02-18 at 18:22:28:208 Send 02 06 FF 39 1E 00 00 00 DE 
19-02-18 at 18:22:28:223 Recived 06 02 10 FF 39 00 05 00 03 00 0A 00 00 00 12 02 10 10 2D E7 
19-02-18 at 18:22:28:238 Send 06 
19-02-18 at 18:24:29:375 Send 05 
19-02-18 at 18:24:29:390 Recived 15 
19-02-18 at 18:24:29:390 Send 06 
19-02-18 at 18:24:29:405 Send 02 06 FF 39 1E 00 00 00 DE 
19-02-18 at 18:24:29:420 Recived 06 02 10 FF 39 00 02 00 03 00 0A 00 00 00 12 02 10 10 2D E0 
19-02-18 at 18:24:29:435 Send 06 
19-02-18 at 18:26:30:572 Send 05 
19-02-18 at 18:26:30:587 Recived 15 
19-02-18 at 18:26:30:587 Send 06 
19-02-18 at 18:26:30:602 Send 02 06 FF 39 1E 00 00 00 DE 
19-02-18 at 18:26:30:617 Recived 06 02 10 FF 39 00 05 00 03 00 0A 00 00 00 12 02 10 10 2D E7 
19-02-18 at 18:26:30:632 Send 06 
19-02-18 at 18:28:31:769 Send 05 
19-02-18 at 18:28:31:784 Recived 15 
19-02-18 at 18:28:31:784 Send 06 
19-02-18 at 18:28:31:799 Send 02 06 FF 39 1E 00 00 00 DE 
19-02-18 at 18:28:31:814 Recived 06 02 10 FF 39 00 05 00 03 00 0A 00 00 00 12 02 10 10 2D E7 
19-02-18 at 18:28:31:829 Send 06 
19-02-18 at 18:30:32:967 Send 05 
19-02-18 at 18:30:32:982 Recived 15 
19-02-18 at 18:30:32:982 Send 06 
19-02-18 at 18:30:32:997 Send 02 06 FF 39 1E 00 00 00 DE 
19-02-18 at 18:30:33:012 Recived 06 02 10 FF 39 00 02 00 03 00 0A 00 00 00 12 02 10 10 2D E0 
19-02-18 at 18:30:33:027 Send 06 
19-02-18 at 18:32:34:164 Send 05 
19-02-18 at 18:32:34:179 Recived 15 
19-02-18 at 18:32:34:179 Send 06 
19-02-18 at 18:32:34:194 Send 02 06 FF 39 1E 00 00 00 DE 
19-02-18 at 18:32:34:209 Recived 06 02 10 FF 39 00 02 00 03 00 0A 00 00 00 12 02 10 10 2D E0 
19-02-18 at 18:32:34:224 Send 06 
19-02-18 at 18:34:35:181 Send 05 
19-02-18 at 18:34:35:196 Recived 15 
19-02-18 at 18:34:35:196 Send 06 
19-02-18 at 18:34:35:211 Send 02 06 FF 39 1E 00 00 00 DE 
19-02-18 at 18:34:35:226 Recived 06 02 10 FF 39 00 05 00 03 00 0A 00 00 00 12 02 10 10 2D E7 
19-02-18 at 18:34:35:241 Send 06 
19-02-18 at 18:36:35:954 Send 05 
19-02-18 at 18:36:35:969 Recived 15 
19-02-18 at 18:36:35:969 Send 06 
19-02-18 at 18:36:35:984 Send 02 06 FF 39 1E 00 00 00 DE 
19-02-18 at 18:36:35:999 Recived 06 02 10 FF 39 00 05 00 03 00 0A 00 00 00 12 02 10 10 2D E7 
19-02-18 at 18:36:36:014 Send 06 
19-02-18 at 18:38:36:727 Send 05 
19-02-18 at 18:38:36:742 Recived 15 
19-02-18 at 18:38:36:742 Send 06 
19-02-18 at 18:38:36:757 Send 02 06 FF 39 1E 00 00 00 DE 
19-02-18 at 18:38:36:772 Recived 06 02 10 FF 39 00 02 00 03 00 0A 00 00 00 12 02 10 10 2D E0 
19-02-18 at 18:38:36:787 Send 06 
19-02-18 at 18:40:37:753 Send 05 
19-02-18 at 18:40:37:768 Recived 15 
19-02-18 at 18:40:37:768 Send 06 
19-02-18 at 18:40:37:783 Send 02 06 FF 39 1E 00 00 00 DE 
19-02-18 at 18:40:37:798 Recived 06 02 10 FF 39 00 02 00 03 00 0A 00 00 00 12 02 10 10 2D E0 
19-02-18 at 18:40:37:813 Send 06 
19-02-18 at 18:42:38:792 Send 05 
19-02-18 at 18:42:38:807 Recived 15 
19-02-18 at 18:42:38:807 Send 06 
19-02-18 at 18:42:38:822 Send 02 06 FF 39 1E 00 00 00 DE 
19-02-18 at 18:42:38:837 Recived 06 02 10 FF 39 00 05 00 03 00 0A 00 00 00 12 02 10 10 2D E7 
19-02-18 at 18:42:38:852 Send 06 
19-02-18 at 18:44:39:878 Send 05 
19-02-18 at 18:44:39:893 Recived 15 
19-02-18 at 18:44:39:893 Send 06 
19-02-18 at 18:44:39:908 Send 02 06 FF 39 1E 00 00 00 DE 
19-02-18 at 18:44:39:923 Recived 06 02 10 FF 39 00 05 00 03 00 0A 00 00 00 12 02 10 10 2D E7 
19-02-18 at 18:44:39:938 Send 06 
19-02-18 at 18:46:41:014 Send 05 
19-02-18 at 18:46:41:029 Recived 15 
19-02-18 at 18:46:41:029 Send 06 
19-02-18 at 18:46:41:044 Send 02 06 FF 39 1E 00 00 00 DE 
19-02-18 at 18:46:41:059 Recived 06 02 10 FF 39 00 05 00 03 00 0A 00 00 00 12 02 10 10 2D E7 
19-02-18 at 18:46:41:074 Send 06 
19-02-18 at 18:48:42:151 Send 05 
19-02-18 at 18:48:42:166 Recived 15 
19-02-18 at 18:48:42:166 Send 06 
19-02-18 at 18:48:42:181 Send 02 06 FF 39 1E 00 00 00 DE 
19-02-18 at 18:48:42:196 Recived 06 02 10 FF 39 00 02 00 03 00 0A 00 00 00 12 02 10 10 2D E0 
19-02-18 at 18:48:42:211 Send 06 
19-02-18 at 18:50:43:324 Send 05 
19-02-18 at 18:50:43:339 Recived 15 
19-02-18 at 18:50:43:339 Send 06 
19-02-18 at 18:50:43:354 Send 02 06 FF 39 1E 00 00 00 DE 
19-02-18 at 18:50:43:369 Recived 06 02 10 FF 39 00 05 00 03 00 0A 00 00 00 12 02 10 10 2D E7 
19-02-18 at 18:50:43:384 Send 06 
19-02-18 at 18:52:44:497 Send 05 
19-02-18 at 18:52:44:512 Recived 15 
19-02-18 at 18:52:44:512 Send 06 
19-02-18 at 18:52:44:527 Send 02 06 FF 39 1E 00 00 00 DE 
19-02-18 at 18:52:44:542 Recived 06 02 10 FF 39 00 05 00 03 00 0A 00 00 00 12 02 10 10 2D E7 
19-02-18 at 18:52:44:557 Send 06 
19-02-18 at 18:54:45:676 Send 05 
19-02-18 at 18:54:45:691 Recived 15 
19-02-18 at 18:54:45:691 Send 06 
19-02-18 at 18:54:45:706 Send 02 06 FF 39 1E 00 00 00 DE 
19-02-18 at 18:54:45:721 Recived 06 02 10 FF 39 00 02 00 03 00 0A 00 00 00 12 02 10 10 2D E0 
19-02-18 at 18:54:45:736 Send 06 
19-02-18 at 18:56:46:861 Send 05 
19-02-18 at 18:56:46:876 Recived 15 
19-02-18 at 18:56:46:876 Send 06 
19-02-18 at 18:56:46:891 Send 02 06 FF 39 1E 00 00 00 DE 
19-02-18 at 18:56:46:906 Recived 06 02 10 FF 39 00 05 00 03 00 0A 00 00 00 12 02 10 10 2D E7 
19-02-18 at 18:56:46:921 Send 06 
19-02-18 at 18:58:48:046 Send 05 
19-02-18 at 18:58:48:061 Recived 15 
19-02-18 at 18:58:48:061 Send 06 
19-02-18 at 18:58:48:076 Send 02 06 FF 39 1E 00 00 00 DE 
19-02-18 at 18:58:48:091 Recived 06 02 10 FF 39 00 05 00 03 00 0A 00 00 00 12 02 10 10 2D E7 
19-02-18 at 18:58:48:106 Send 06 
19-02-18 at 19:00:49:231 Send 05 
19-02-18 at 19:00:49:246 Recived 15 
19-02-18 at 19:00:49:246 Send 06 
19-02-18 at 19:00:49:261 Send 02 06 FF 39 1E 00 00 00 DE 
19-02-18 at 19:00:49:276 Recived 06 02 10 FF 39 00 05 00 03 00 0A 00 00 00 12 02 10 10 2D E7 
19-02-18 at 19:00:49:291 Send 06 
19-02-18 at 19:02:50:416 Send 05 
19-02-18 at 19:02:50:431 Recived 15 
19-02-18 at 19:02:50:431 Send 06 
19-02-18 at 19:02:50:446 Send 02 06 FF 39 1E 00 00 00 DE 
19-02-18 at 19:02:50:461 Recived 06 02 10 FF 39 00 02 00 03 00 0A 00 00 00 12 02 10 10 2D E0 
19-02-18 at 19:02:50:476 Send 06 
19-02-18 at 19:04:51:601 Send 05 
19-02-18 at 19:04:51:616 Recived 15 
19-02-18 at 19:04:51:616 Send 06 
19-02-18 at 19:04:51:631 Send 02 06 FF 39 1E 00 00 00 DE 
19-02-18 at 19:04:51:646 Recived 06 02 10 FF 39 00 05 00 03 00 0A 00 00 00 12 02 10 10 2D E7 
19-02-18 at 19:04:51:661 Send 06 
19-02-18 at 19:06:52:786 Send 05 
19-02-18 at 19:06:52:801 Recived 15 
19-02-18 at 19:06:52:801 Send 06 
19-02-18 at 19:06:52:816 Send 02 06 FF 39 1E 00 00 00 DE 
19-02-18 at 19:06:52:831 Recived 06 02 10 FF 39 00 02 00 03 00 0A 00 00 00 12 02 10 10 2D E0 
19-02-18 at 19:06:52:846 Send 06 
19-02-18 at 19:08:53:971 Send 05 
19-02-18 at 19:08:53:986 Recived 15 
19-02-18 at 19:08:53:986 Send 06 
19-02-18 at 19:08:54:001 Send 02 06 FF 39 1E 00 00 00 DE 
19-02-18 at 19:08:54:016 Recived 06 02 10 FF 39 00 02 00 03 00 0A 00 00 00 12 02 10 10 2D E0 
19-02-18 at 19:08:54:031 Send 06 
19-02-18 at 19:10:55:156 Send 05 
19-02-18 at 19:10:55:171 Recived 15 
19-02-18 at 19:10:55:171 Send 06 
19-02-18 at 19:10:55:186 Send 02 06 FF 39 1E 00 00 00 DE 
19-02-18 at 19:10:55:201 Recived 06 02 10 FF 39 00 02 00 03 00 0A 00 00 00 12 02 10 10 2D E0 
19-02-18 at 19:10:55:216 Send 06 
19-02-18 at 19:12:56:341 Send 05 
19-02-18 at 19:12:56:356 Recived 15 
19-02-18 at 19:12:56:356 Send 06 
19-02-18 at 19:12:56:371 Send 02 06 FF 39 1E 00 00 00 DE 
19-02-18 at 19:12:56:386 Recived 06 02 10 FF 39 00 02 00 03 00 0A 00 00 00 12 02 10 10 2D E0 
19-02-18 at 19:12:56:401 Send 06 
19-02-18 at 19:14:57:526 Send 05 
19-02-18 at 19:14:57:541 Recived 15 
19-02-18 at 19:14:57:541 Send 06 
19-02-18 at 19:14:57:556 Send 02 06 FF 39 1E 00 00 00 DE 
19-02-18 at 19:14:57:571 Recived 06 02 10 FF 39 00 05 00 03 00 0A 00 00 00 12 02 10 10 2D E7 
19-02-18 at 19:14:57:586 Send 06 
19-02-18 at 19:16:58:711 Send 05 
19-02-18 at 19:16:58:726 Recived 15 
19-02-18 at 19:16:58:726 Send 06 
19-02-18 at 19:16:58:741 Send 02 06 FF 39 1E 00 00 00 DE 
19-02-18 at 19:16:58:756 Recived 06 
19-02-18 at 19:16:58:771 Recived 02 10 FF 39 00 02 00 03 00 0A 00 00 00 12 02 10 10 2D E0 
19-02-18 at 19:16:58:786 Send 06 
19-02-18 at 19:18:59:911 Send 05 
19-02-18 at 19:18:59:926 Recived 15 
19-02-18 at 19:18:59:926 Send 06 
19-02-18 at 19:18:59:941 Send 02 06 FF 39 1E 00 00 00 DE 
19-02-18 at 19:18:59:956 Recived 06 02 10 FF 39 00 05 00 03 00 0A 00 00 00 12 02 10 10 2D E7 
19-02-18 at 19:18:59:971 Send 06 
19-02-18 at 19:21:01:096 Send 05 
19-02-18 at 19:21:01:111 Recived 15 
19-02-18 at 19:21:01:111 Send 06 
19-02-18 at 19:21:01:126 Send 02 06 FF 39 1E 00 00 00 DE 
19-02-18 at 19:21:01:141 Recived 06 02 10 FF 39 00 05 00 03 00 0A 00 00 00 12 02 10 10 2D E7 
19-02-18 at 19:21:01:156 Send 06 
19-02-18 at 19:23:02:281 Send 05 
19-02-18 at 19:23:02:296 Recived 15 
19-02-18 at 19:23:02:296 Send 06 
19-02-18 at 19:23:02:311 Send 02 06 FF 39 1E 00 00 00 DE 
19-02-18 at 19:23:02:326 Recived 06 02 10 FF 39 00 05 00 03 00 0A 00 00 00 12 02 10 10 2D E7 
19-02-18 at 19:23:02:341 Send 06 
19-02-18 at 19:25:03:466 Send 05 
19-02-18 at 19:25:03:481 Recived 15 
19-02-18 at 19:25:03:481 Send 06 
19-02-18 at 19:25:03:496 Send 02 06 FF 39 1E 00 00 00 DE 
19-02-18 at 19:25:03:511 Recived 06 02 10 FF 39 00 02 00 03 00 0A 00 00 00 12 02 10 10 2D E0 
19-02-18 at 19:25:03:526 Send 06 
19-02-18 at 19:27:04:651 Send 05 
19-02-18 at 19:27:04:666 Recived 15 
19-02-18 at 19:27:04:666 Send 06 
19-02-18 at 19:27:04:681 Send 02 06 FF 39 1E 00 00 00 DE 
19-02-18 at 19:27:04:696 Recived 06 02 10 FF 39 00 02 00 03 00 0A 00 00 00 12 02 10 10 2D E0 
19-02-18 at 19:27:04:711 Send 06 
19-02-18 at 19:29:05:836 Send 05 
19-02-18 at 19:29:05:851 Recived 15 
19-02-18 at 19:29:05:851 Send 06 
19-02-18 at 19:29:05:866 Send 02 06 FF 39 1E 00 00 00 DE 
19-02-18 at 19:29:05:881 Recived 06 
19-02-18 at 19:29:05:911 Recived 02 10 FF 39 00 05 00 03 00 0A 00 00 00 12 02 10 10 2D E7 
19-02-18 at 19:29:05:926 Send 06 
19-02-18 at 19:31:07:051 Send 05 
19-02-18 at 19:31:07:066 Recived 15 
19-02-18 at 19:31:07:066 Send 06 
19-02-18 at 19:31:07:081 Send 02 06 FF 39 1E 00 00 00 DE 
19-02-18 at 19:31:07:096 Recived 06 02 10 FF 39 00 02 00 03 00 0A 00 00 00 12 02 10 10 2D E0 
19-02-18 at 19:31:07:111 Send 06 
19-02-18 at 19:33:08:236 Send 05 
19-02-18 at 19:33:08:251 Recived 15 
19-02-18 at 19:33:08:251 Send 06 
19-02-18 at 19:33:08:266 Send 02 06 FF 39 1E 00 00 00 DE 
19-02-18 at 19:33:08:281 Recived 06 
19-02-18 at 19:33:08:296 Recived 02 10 FF 39 00 05 00 03 00 0A 00 00 00 12 02 10 10 2D E7 
19-02-18 at 19:33:08:311 Send 06 
19-02-18 at 19:35:09:436 Send 05 
19-02-18 at 19:35:09:451 Recived 15 
19-02-18 at 19:35:09:451 Send 06 
19-02-18 at 19:35:09:466 Send 02 06 FF 39 1E 00 00 00 DE 
19-02-18 at 19:35:09:481 Recived 06 02 10 FF 39 00 05 00 03 00 0A 00 00 00 12 02 10 10 2D E7 
19-02-18 at 19:35:09:496 Send 06 
19-02-18 at 19:37:10:621 Send 05 
19-02-18 at 19:37:10:636 Recived 15 
19-02-18 at 19:37:10:636 Send 06 
19-02-18 at 19:37:10:651 Send 02 06 FF 39 1E 00 00 00 DE 
19-02-18 at 19:37:10:666 Recived 06 02 10 FF 39 00 05 00 03 00 0A 00 00 00 12 02 10 10 2D E7 
19-02-18 at 19:37:10:681 Send 06 
19-02-18 at 19:39:11:806 Send 05 
19-02-18 at 19:39:11:821 Recived 15 
19-02-18 at 19:39:11:821 Send 06 
19-02-18 at 19:39:11:836 Send 02 06 FF 39 1E 00 00 00 DE 
19-02-18 at 19:39:11:851 Recived 06 02 10 FF 39 00 02 00 03 00 0A 00 00 00 12 02 10 10 2D E0 
19-02-18 at 19:39:11:866 Send 06 
19-02-18 at 19:41:12:991 Send 05 
19-02-18 at 19:41:13:006 Recived 15 
19-02-18 at 19:41:13:006 Send 06 
19-02-18 at 19:41:13:021 Send 02 06 FF 39 1E 00 00 00 DE 
19-02-18 at 19:41:13:036 Recived 06 02 10 FF 39 00 05 00 03 00 0A 00 00 00 12 02 10 10 2D E7 
19-02-18 at 19:41:13:051 Send 06 
19-02-18 at 19:43:14:176 Send 05 
19-02-18 at 19:43:14:191 Recived 15 
19-02-18 at 19:43:14:191 Send 06 
19-02-18 at 19:43:14:206 Send 02 06 FF 39 1E 00 00 00 DE 
19-02-18 at 19:43:14:221 Recived 06 02 10 FF 39 00 05 00 03 00 0A 00 00 00 12 02 10 10 2D E7 
19-02-18 at 19:43:14:236 Send 06 
19-02-18 at 19:45:15:361 Send 05 
19-02-18 at 19:45:15:376 Recived 15 
19-02-18 at 19:45:15:376 Send 06 
19-02-18 at 19:45:15:391 Send 02 06 FF 39 1E 00 00 00 DE 
19-02-18 at 19:45:15:406 Recived 06 02 10 FF 39 00 05 00 03 00 0A 00 00 00 12 02 10 10 2D E7 
19-02-18 at 19:45:15:421 Send 06 
19-02-18 at 19:47:16:546 Send 05 
19-02-18 at 19:47:16:561 Recived 15 
19-02-18 at 19:47:16:561 Send 06 
19-02-18 at 19:47:16:576 Send 02 06 FF 39 1E 00 00 00 DE 
19-02-18 at 19:47:16:591 Recived 06 02 10 FF 39 00 05 00 03 00 0A 00 00 00 12 02 10 10 2D E7 
19-02-18 at 19:47:16:606 Send 06 
19-02-18 at 19:49:17:731 Send 05 
19-02-18 at 19:49:17:746 Recived 15 
19-02-18 at 19:49:17:746 Send 06 
19-02-18 at 19:49:17:761 Send 02 06 FF 39 1E 00 00 00 DE 
19-02-18 at 19:49:17:776 Recived 06 02 10 FF 39 00 05 00 03 00 0A 00 00 00 12 02 10 10 2D E7 
19-02-18 at 19:49:17:791 Send 06 
19-02-18 at 19:51:18:916 Send 05 
19-02-18 at 19:51:18:931 Recived 15 
19-02-18 at 19:51:18:931 Send 06 
19-02-18 at 19:51:18:946 Send 02 06 FF 39 1E 00 00 00 DE 
19-02-18 at 19:51:18:961 Recived 06 02 10 FF 39 00 02 00 03 00 0A 00 00 00 12 02 10 10 2D E0 
19-02-18 at 19:51:18:976 Send 06 
19-02-18 at 19:53:20:101 Send 05 
19-02-18 at 19:53:20:116 Recived 15 
19-02-18 at 19:53:20:116 Send 06 
19-02-18 at 19:53:20:131 Send 02 06 FF 39 1E 00 00 00 DE 
19-02-18 at 19:53:20:146 Recived 06 02 10 FF 39 00 02 00 03 00 0A 00 00 00 12 02 10 10 2D E0 
19-02-18 at 19:53:20:161 Send 06 
19-02-18 at 19:55:21:286 Send 05 
19-02-18 at 19:55:21:301 Recived 15 
19-02-18 at 19:55:21:301 Send 06 
19-02-18 at 19:55:21:316 Send 02 06 FF 39 1E 00 00 00 DE 
19-02-18 at 19:55:21:331 Recived 06 02 10 FF 39 00 05 00 03 00 0A 00 00 00 12 02 10 10 2D E7 
19-02-18 at 19:55:21:346 Send 06 
19-02-18 at 19:57:22:471 Send 05 
19-02-18 at 19:57:22:486 Recived 15 
19-02-18 at 19:57:22:486 Send 06 
19-02-18 at 19:57:22:501 Send 02 06 FF 39 1E 00 00 00 DE 
19-02-18 at 19:57:22:516 Recived 06 02 10 FF 39 00 05 00 03 00 0A 00 00 00 12 02 10 10 2D E7 
19-02-18 at 19:57:22:531 Send 06 
19-02-18 at 19:59:23:656 Send 05 
19-02-18 at 19:59:23:671 Recived 15 
19-02-18 at 19:59:23:671 Send 06 
19-02-18 at 19:59:23:686 Send 02 06 FF 39 1E 00 00 00 DE 
19-02-18 at 19:59:23:701 Recived 06 02 10 FF 39 00 02 00 03 00 0A 00 00 00 12 02 10 10 2D E0 
19-02-18 at 19:59:23:716 Send 06 
19-02-18 at 20:01:24:841 Send 05 
19-02-18 at 20:01:24:856 Recived 15 
19-02-18 at 20:01:24:856 Send 06 
19-02-18 at 20:01:24:871 Send 02 06 FF 39 1E 00 00 00 DE 
19-02-18 at 20:01:24:886 Recived 06 02 10 FF 39 00 02 00 03 00 0A 00 00 00 12 02 10 10 2D E0 
19-02-18 at 20:01:24:901 Send 06 
19-02-18 at 20:03:26:026 Send 05 
19-02-18 at 20:03:26:041 Recived 15 
19-02-18 at 20:03:26:041 Send 06 
19-02-18 at 20:03:26:056 Send 02 06 FF 39 1E 00 00 00 DE 
19-02-18 at 20:03:26:071 Recived 06 02 10 FF 39 00 05 00 03 00 0A 00 00 00 12 02 10 10 2D E7 
19-02-18 at 20:03:26:086 Send 06 
19-02-18 at 20:05:27:211 Send 05 
19-02-18 at 20:05:27:226 Recived 15 
19-02-18 at 20:05:27:226 Send 06 
19-02-18 at 20:05:27:241 Send 02 06 FF 39 1E 00 00 00 DE 
19-02-18 at 20:05:27:256 Recived 06 02 10 FF 39 00 05 00 03 00 0A 00 00 00 12 02 10 10 2D E7 
19-02-18 at 20:05:27:271 Send 06 
19-02-18 at 20:07:28:396 Send 05 
19-02-18 at 20:07:28:411 Recived 15 
19-02-18 at 20:07:28:411 Send 06 
19-02-18 at 20:07:28:426 Send 02 06 FF 39 1E 00 00 00 DE 
19-02-18 at 20:07:28:441 Recived 06 02 10 FF 39 00 05 00 03 00 0A 00 00 00 12 02 10 10 2D E7 
19-02-18 at 20:07:28:456 Send 06 
19-02-18 at 20:09:29:581 Send 05 
19-02-18 at 20:09:29:596 Recived 15 
19-02-18 at 20:09:29:596 Send 06 
19-02-18 at 20:09:29:611 Send 02 06 FF 39 1E 00 00 00 DE 
19-02-18 at 20:09:29:626 Recived 06 02 10 FF 39 00 02 00 03 00 0A 00 00 00 12 02 10 10 2D E0 
19-02-18 at 20:09:29:641 Send 06 
19-02-18 at 20:11:30:766 Send 05 
19-02-18 at 20:11:30:781 Recived 15 
19-02-18 at 20:11:30:781 Send 06 
19-02-18 at 20:11:30:796 Send 02 06 FF 39 1E 00 00 00 DE 
19-02-18 at 20:11:30:811 Recived 06 02 10 FF 39 00 05 00 03 00 0A 00 00 00 12 02 10 10 2D E7 
19-02-18 at 20:11:30:826 Send 06 
19-02-18 at 20:13:31:951 Send 05 
19-02-18 at 20:13:31:966 Recived 15 
19-02-18 at 20:13:31:966 Send 06 
19-02-18 at 20:13:31:981 Send 02 06 FF 39 1E 00 00 00 DE 
19-02-18 at 20:13:31:996 Recived 06 02 10 FF 39 00 05 00 03 00 0A 00 00 00 12 02 10 10 2D E7 
19-02-18 at 20:13:32:011 Send 06 
19-02-18 at 20:15:33:136 Send 05 
19-02-18 at 20:15:33:151 Recived 15 
19-02-18 at 20:15:33:151 Send 06 
19-02-18 at 20:15:33:166 Send 02 06 FF 39 1E 00 00 00 DE 
19-02-18 at 20:15:33:181 Recived 06 02 10 FF 39 00 02 00 03 00 0A 00 00 00 12 02 10 10 2D E0 
19-02-18 at 20:15:33:196 Send 06 
19-02-18 at 20:17:34:321 Send 05 
19-02-18 at 20:17:34:336 Recived 15 
19-02-18 at 20:17:34:336 Send 06 
19-02-18 at 20:17:34:351 Send 02 06 FF 39 1E 00 00 00 DE 
19-02-18 at 20:17:34:366 Recived 06 02 10 FF 39 00 05 00 03 00 0A 00 00 00 12 02 10 10 2D E7 
19-02-18 at 20:17:34:381 Send 06 
19-02-18 at 20:19:35:506 Send 05 
19-02-18 at 20:19:35:521 Recived 15 
19-02-18 at 20:19:35:521 Send 06 
19-02-18 at 20:19:35:536 Send 02 06 FF 39 1E 00 00 00 DE 
19-02-18 at 20:19:35:551 Recived 06 02 10 FF 39 00 05 00 03 00 0A 00 00 00 12 02 10 10 2D E7 
19-02-18 at 20:19:35:566 Send 06 
19-02-18 at 20:21:36:691 Send 05 
19-02-18 at 20:21:36:706 Recived 15 
19-02-18 at 20:21:36:706 Send 06 
19-02-18 at 20:21:36:721 Send 02 06 FF 39 1E 00 00 00 DE 
19-02-18 at 20:21:36:736 Recived 06 02 10 FF 39 00 02 00 03 00 0A 00 00 00 12 02 10 10 2D E0 
19-02-18 at 20:21:36:751 Send 06 
19-02-18 at 20:23:37:876 Send 05 
19-02-18 at 20:23:37:891 Recived 15 
19-02-18 at 20:23:37:891 Send 06 
19-02-18 at 20:23:37:906 Send 02 06 FF 39 1E 00 00 00 DE 
19-02-18 at 20:23:37:921 Recived 06 02 10 FF 39 00 05 00 03 00 0A 00 00 00 12 02 10 10 2D E7 
19-02-18 at 20:23:37:936 Send 06 
19-02-18 at 20:25:39:061 Send 05 
19-02-18 at 20:25:39:076 Recived 15 
19-02-18 at 20:25:39:076 Send 06 
19-02-18 at 20:25:39:091 Send 02 06 FF 39 1E 00 00 00 DE 
19-02-18 at 20:25:39:106 Recived 06 02 10 FF 39 00 05 00 03 00 0A 00 00 00 12 02 10 10 2D E7 
19-02-18 at 20:25:39:121 Send 06 
19-02-18 at 20:27:40:246 Send 05 
19-02-18 at 20:27:40:261 Recived 15 
19-02-18 at 20:27:40:261 Send 06 
19-02-18 at 20:27:40:276 Send 02 06 FF 39 1E 00 00 00 DE 
19-02-18 at 20:27:40:291 Recived 06 02 10 FF 39 00 02 00 03 00 0A 00 00 00 12 02 10 10 2D E0 
19-02-18 at 20:27:40:306 Send 06 
19-02-18 at 20:29:41:431 Send 05 
19-02-18 at 20:29:41:446 Recived 15 
19-02-18 at 20:29:41:446 Send 06 
19-02-18 at 20:29:41:461 Send 02 06 FF 39 1E 00 00 00 DE 
19-02-18 at 20:29:41:476 Recived 06 02 10 FF 39 00 02 00 03 00 0A 00 00 00 12 02 10 10 2D E0 
19-02-18 at 20:29:41:491 Send 06 
19-02-18 at 20:31:42:616 Send 05 
19-02-18 at 20:31:42:631 Recived 15 
19-02-18 at 20:31:42:631 Send 06 
19-02-18 at 20:31:42:646 Send 02 06 FF 39 1E 00 00 00 DE 
19-02-18 at 20:31:42:661 Recived 06 02 10 FF 39 00 05 00 03 00 0A 00 00 00 12 02 10 10 2D E7 
19-02-18 at 20:31:42:676 Send 06 
19-02-18 at 20:33:43:801 Send 05 
19-02-18 at 20:33:43:816 Recived 15 
19-02-18 at 20:33:43:816 Send 06 
19-02-18 at 20:33:43:831 Send 02 06 FF 39 1E 00 00 00 DE 
19-02-18 at 20:33:43:846 Recived 06 02 10 FF 39 00 05 00 03 00 0A 00 00 00 12 02 10 10 2D E7 
19-02-18 at 20:33:43:861 Send 06 
19-02-18 at 20:35:44:986 Send 05 
19-02-18 at 20:35:45:001 Recived 15 
19-02-18 at 20:35:45:001 Send 06 
19-02-18 at 20:35:45:016 Send 02 06 FF 39 1E 00 00 00 DE 
19-02-18 at 20:35:45:031 Recived 06 02 10 FF 39 00 02 00 03 00 0A 00 00 00 12 02 10 10 2D E0 
19-02-18 at 20:35:45:046 Send 06 
19-02-18 at 20:37:46:171 Send 05 
19-02-18 at 20:37:46:186 Recived 15 
19-02-18 at 20:37:46:186 Send 06 
19-02-18 at 20:37:46:201 Send 02 06 FF 39 1E 00 00 00 DE 
19-02-18 at 20:37:46:216 Recived 06 02 10 FF 39 00 02 00 03 00 0A 00 00 00 12 02 10 10 2D E0 
19-02-18 at 20:37:46:231 Send 06 
19-02-18 at 20:39:47:356 Send 05 
19-02-18 at 20:39:47:371 Recived 15 
19-02-18 at 20:39:47:371 Send 06 
19-02-18 at 20:39:47:386 Send 02 06 FF 39 1E 00 00 00 DE 
19-02-18 at 20:39:47:401 Recived 06 
19-02-18 at 20:39:47:416 Recived 02 10 FF 39 00 05 00 03 00 0A 00 00 00 12 02 10 10 2D E7 
19-02-18 at 20:39:47:431 Send 06 
19-02-18 at 20:41:48:556 Send 05 
19-02-18 at 20:41:48:571 Recived 15 
19-02-18 at 20:41:48:571 Send 06 
19-02-18 at 20:41:48:586 Send 02 06 FF 39 1E 00 00 00 DE 
19-02-18 at 20:41:48:601 Recived 06 02 10 FF 39 00 05 00 03 00 0A 00 00 00 12 02 10 10 2D E7 
19-02-18 at 20:41:48:616 Send 06 
19-02-18 at 20:43:49:741 Send 05 
19-02-18 at 20:43:49:756 Recived 15 
19-02-18 at 20:43:49:756 Send 06 
19-02-18 at 20:43:49:771 Send 02 06 FF 39 1E 00 00 00 DE 
19-02-18 at 20:43:49:786 Recived 06 02 10 FF 39 00 05 00 03 00 0A 00 00 00 12 02 10 10 2D E7 
19-02-18 at 20:43:49:801 Send 06 
19-02-18 at 20:45:50:926 Send 05 
19-02-18 at 20:45:50:941 Recived 15 
19-02-18 at 20:45:50:941 Send 06 
19-02-18 at 20:45:50:956 Send 02 06 FF 39 1E 00 00 00 DE 
19-02-18 at 20:45:50:971 Recived 06 02 10 FF 39 00 02 00 03 00 0A 00 00 00 12 02 10 10 2D E0 
19-02-18 at 20:45:50:986 Send 06 
19-02-18 at 20:47:52:111 Send 05 
19-02-18 at 20:47:52:126 Recived 15 
19-02-18 at 20:47:52:126 Send 06 
19-02-18 at 20:47:52:141 Send 02 06 FF 39 1E 00 00 00 DE 
19-02-18 at 20:47:52:156 Recived 06 02 10 FF 39 00 05 00 03 00 0A 00 00 00 12 02 10 10 2D E7 
19-02-18 at 20:47:52:171 Send 06 
19-02-18 at 20:49:53:296 Send 05 
19-02-18 at 20:49:53:311 Recived 15 
19-02-18 at 20:49:53:311 Send 06 
19-02-18 at 20:49:53:326 Send 02 06 FF 39 1E 00 00 00 DE 
19-02-18 at 20:49:53:341 Recived 06 02 10 FF 39 00 05 00 03 00 0A 00 00 00 12 02 10 10 2D E7 
19-02-18 at 20:49:53:356 Send 06 
19-02-18 at 20:51:54:481 Send 05 
19-02-18 at 20:51:54:496 Recived 15 
19-02-18 at 20:51:54:496 Send 06 
19-02-18 at 20:51:54:511 Send 02 06 FF 39 1E 00 00 00 DE 
19-02-18 at 20:51:54:526 Recived 06 02 10 FF 39 00 02 00 03 00 0A 00 00 00 12 02 10 10 2D E0 
19-02-18 at 20:51:54:541 Send 06 
19-02-18 at 20:53:55:666 Send 05 
19-02-18 at 20:53:55:681 Recived 15 
19-02-18 at 20:53:55:681 Send 06 
19-02-18 at 20:53:55:696 Send 02 06 FF 39 1E 00 00 00 DE 
19-02-18 at 20:53:55:711 Recived 06 02 10 FF 39 00 02 00 03 00 0A 00 00 00 12 02 10 10 2D E0 
19-02-18 at 20:53:55:726 Send 06 
19-02-18 at 20:55:56:851 Send 05 
19-02-18 at 20:55:56:866 Recived 15 
19-02-18 at 20:55:56:866 Send 06 
19-02-18 at 20:55:56:881 Send 02 06 FF 39 1E 00 00 00 DE 
19-02-18 at 20:55:56:896 Recived 06 02 10 FF 39 00 05 00 03 00 0A 00 00 00 12 02 10 10 2D E7 
19-02-18 at 20:55:56:911 Send 06 
19-02-18 at 20:57:58:036 Send 05 
19-02-18 at 20:57:58:051 Recived 15 
19-02-18 at 20:57:58:051 Send 06 
19-02-18 at 20:57:58:066 Send 02 06 FF 39 1E 00 00 00 DE 
19-02-18 at 20:57:58:081 Recived 06 02 10 FF 39 00 05 00 03 00 0A 00 00 00 12 02 10 10 2D E7 
19-02-18 at 20:57:58:096 Send 06 
19-02-18 at 20:59:59:221 Send 05 
19-02-18 at 20:59:59:236 Recived 15 
19-02-18 at 20:59:59:236 Send 06 
19-02-18 at 20:59:59:251 Send 02 06 FF 39 1E 00 00 00 DE 
19-02-18 at 20:59:59:266 Recived 06 02 10 FF 39 00 02 00 03 00 0A 00 00 00 12 02 10 10 2D E0 
19-02-18 at 20:59:59:281 Send 06 
19-02-18 at 21:02:00:406 Send 05 
19-02-18 at 21:02:00:421 Recived 15 
19-02-18 at 21:02:00:421 Send 06 
19-02-18 at 21:02:00:436 Send 02 06 FF 39 1E 00 00 00 DE 
19-02-18 at 21:02:00:451 Recived 06 02 10 FF 39 00 05 00 03 00 0A 00 00 00 12 02 10 10 2D E7 
19-02-18 at 21:02:00:466 Send 06 
19-02-18 at 21:04:01:591 Send 05 
19-02-18 at 21:04:01:606 Recived 15 
19-02-18 at 21:04:01:606 Send 06 
19-02-18 at 21:04:01:621 Send 02 06 FF 39 1E 00 00 00 DE 
19-02-18 at 21:04:01:636 Recived 06 02 10 FF 39 00 05 00 03 00 0A 00 00 00 12 02 10 10 2D E7 
19-02-18 at 21:04:01:651 Send 06 
19-02-18 at 21:06:02:776 Send 05 
19-02-18 at 21:06:02:791 Recived 15 
19-02-18 at 21:06:02:791 Send 06 
19-02-18 at 21:06:02:806 Send 02 06 FF 39 1E 00 00 00 DE 
19-02-18 at 21:06:02:821 Recived 06 02 10 FF 39 00 02 00 03 00 0A 00 00 00 12 02 10 10 2D E0 
19-02-18 at 21:06:02:836 Send 06 
19-02-18 at 21:08:03:961 Send 05 
19-02-18 at 21:08:03:976 Recived 15 
19-02-18 at 21:08:03:976 Send 06 
19-02-18 at 21:08:03:991 Send 02 06 FF 39 1E 00 00 00 DE 
19-02-18 at 21:08:04:006 Recived 06 02 10 FF 39 00 02 00 03 00 0A 00 00 00 12 02 10 10 2D E0 
19-02-18 at 21:08:04:021 Send 06 
19-02-18 at 21:10:05:146 Send 05 
19-02-18 at 21:10:05:161 Recived 15 
19-02-18 at 21:10:05:161 Send 06 
19-02-18 at 21:10:05:176 Send 02 06 FF 39 1E 00 00 00 DE 
19-02-18 at 21:10:05:191 Recived 06 02 10 FF 39 00 05 00 03 00 0A 00 00 00 12 02 10 10 2D E7 
19-02-18 at 21:10:05:206 Send 06 
19-02-18 at 21:12:06:331 Send 05 
19-02-18 at 21:12:06:346 Recived 15 
19-02-18 at 21:12:06:346 Send 06 
19-02-18 at 21:12:06:361 Send 02 06 FF 39 1E 00 00 00 DE 
19-02-18 at 21:12:06:376 Recived 06 02 10 FF 39 00 05 00 03 00 0A 00 00 00 12 02 10 10 2D E7 
19-02-18 at 21:12:06:391 Send 06 
19-02-18 at 21:14:07:516 Send 05 
19-02-18 at 21:14:07:531 Recived 15 
19-02-18 at 21:14:07:531 Send 06 
19-02-18 at 21:14:07:546 Send 02 06 FF 39 1E 00 00 00 DE 
19-02-18 at 21:14:07:561 Recived 06 02 10 FF 39 00 05 00 03 00 0A 00 00 00 12 02 10 10 2D E7 
19-02-18 at 21:14:07:576 Send 06 
19-02-18 at 21:16:08:701 Send 05 
19-02-18 at 21:16:08:716 Recived 15 
19-02-18 at 21:16:08:716 Send 06 
19-02-18 at 21:16:08:731 Send 02 06 FF 39 1E 00 00 00 DE 
19-02-18 at 21:16:08:746 Recived 06 02 10 FF 39 00 05 00 03 00 0A 00 00 00 12 02 10 10 2D E7 
19-02-18 at 21:16:08:761 Send 06 
19-02-18 at 21:18:09:886 Send 05 
19-02-18 at 21:18:09:901 Recived 15 
19-02-18 at 21:18:09:901 Send 06 
19-02-18 at 21:18:09:916 Send 02 06 FF 39 1E 00 00 00 DE 
19-02-18 at 21:18:09:931 Recived 06 02 10 FF 39 00 05 00 03 00 0A 00 00 00 12 02 10 10 2D E7 
19-02-18 at 21:18:09:946 Send 06 
19-02-18 at 21:20:11:071 Send 05 
19-02-18 at 21:20:11:086 Recived 15 
19-02-18 at 21:20:11:086 Send 06 
19-02-18 at 21:20:11:101 Send 02 06 FF 39 1E 00 00 00 DE 
19-02-18 at 21:20:11:116 Recived 06 02 10 FF 39 00 05 00 03 00 0A 00 00 00 12 02 10 10 2D E7 
19-02-18 at 21:20:11:131 Send 06 
19-02-18 at 21:22:12:256 Send 05 
19-02-18 at 21:22:12:271 Recived 15 
19-02-18 at 21:22:12:271 Send 06 
19-02-18 at 21:22:12:286 Send 02 06 FF 39 1E 00 00 00 DE 
19-02-18 at 21:22:12:301 Recived 06 02 10 FF 39 00 05 00 03 00 0A 00 00 00 12 02 10 10 2D E7 
19-02-18 at 21:22:12:316 Send 06 
19-02-18 at 21:24:13:441 Send 05 
19-02-18 at 21:24:13:456 Recived 15 
19-02-18 at 21:24:13:456 Send 06 
19-02-18 at 21:24:13:471 Send 02 06 FF 39 1E 00 00 00 DE 
19-02-18 at 21:24:13:486 Recived 06 02 10 FF 39 00 02 00 03 00 0A 00 00 00 12 02 10 10 2D E0 
19-02-18 at 21:24:13:501 Send 06 
19-02-18 at 21:26:14:626 Send 05 
19-02-18 at 21:26:14:641 Recived 15 
19-02-18 at 21:26:14:641 Send 06 
19-02-18 at 21:26:14:656 Send 02 06 FF 39 1E 00 00 00 DE 
19-02-18 at 21:26:14:671 Recived 06 02 10 FF 39 00 02 00 03 00 0A 00 00 00 12 02 10 10 2D E0 
19-02-18 at 21:26:14:686 Send 06 
19-02-18 at 21:28:15:811 Send 05 
19-02-18 at 21:28:15:826 Recived 15 
19-02-18 at 21:28:15:826 Send 06 
19-02-18 at 21:28:15:841 Send 02 06 FF 39 1E 00 00 00 DE 
19-02-18 at 21:28:15:856 Recived 06 02 10 FF 39 00 05 00 03 00 0A 00 00 00 12 02 10 10 2D E7 
19-02-18 at 21:28:15:871 Send 06 
19-02-18 at 21:30:16:996 Send 05 
19-02-18 at 21:30:17:011 Recived 15 
19-02-18 at 21:30:17:011 Send 06 
19-02-18 at 21:30:17:026 Send 02 06 FF 39 1E 00 00 00 DE 
19-02-18 at 21:30:17:041 Recived 06 02 10 FF 39 00 05 00 03 00 0A 00 00 00 12 02 10 10 2D E7 
19-02-18 at 21:30:17:056 Send 06 
19-02-18 at 21:32:18:181 Send 05 
19-02-18 at 21:32:18:196 Recived 15 
19-02-18 at 21:32:18:196 Send 06 
19-02-18 at 21:32:18:211 Send 02 06 FF 39 1E 00 00 00 DE 
19-02-18 at 21:32:18:226 Recived 06 02 10 FF 39 00 05 00 03 00 0A 00 00 00 12 02 10 10 2D E7 
19-02-18 at 21:32:18:241 Send 06 
19-02-18 at 21:34:19:366 Send 05 
19-02-18 at 21:34:19:381 Recived 15 
19-02-18 at 21:34:19:381 Send 06 
19-02-18 at 21:34:19:396 Send 02 06 FF 39 1E 00 00 00 DE 
19-02-18 at 21:34:19:411 Recived 06 02 10 FF 39 00 02 00 03 00 0A 00 00 00 12 02 10 10 2D E0 
19-02-18 at 21:34:19:426 Send 06 
19-02-18 at 21:36:20:551 Send 05 
19-02-18 at 21:36:20:566 Recived 15 
19-02-18 at 21:36:20:566 Send 06 
19-02-18 at 21:36:20:581 Send 02 06 FF 39 1E 00 00 00 DE 
19-02-18 at 21:36:20:596 Recived 06 02 10 FF 39 00 05 00 03 00 0A 00 00 00 12 02 10 10 2D E7 
19-02-18 at 21:36:20:611 Send 06 
19-02-18 at 21:38:21:736 Send 05 
19-02-18 at 21:38:21:751 Recived 15 
19-02-18 at 21:38:21:751 Send 06 
19-02-18 at 21:38:21:766 Send 02 06 FF 39 1E 00 00 00 DE 
19-02-18 at 21:38:21:781 Recived 06 02 10 FF 39 00 05 00 03 00 0A 00 00 00 12 02 10 10 2D E7 
19-02-18 at 21:38:21:796 Send 06 
19-02-18 at 21:40:22:921 Send 05 
19-02-18 at 21:40:22:936 Recived 15 
19-02-18 at 21:40:22:936 Send 06 
19-02-18 at 21:40:22:951 Send 02 06 FF 39 1E 00 00 00 DE 
19-02-18 at 21:40:22:966 Recived 06 02 10 FF 39 00 05 00 03 00 0A 00 00 00 12 02 10 10 2D E7 
19-02-18 at 21:40:22:981 Send 06 
19-02-18 at 21:42:24:106 Send 05 
19-02-18 at 21:42:24:121 Recived 15 
19-02-18 at 21:42:24:121 Send 06 
19-02-18 at 21:42:24:136 Send 02 06 FF 39 1E 00 00 00 DE 
19-02-18 at 21:42:24:151 Recived 06 02 10 FF 39 00 05 00 03 00 0A 00 00 00 12 02 10 10 2D E7 
19-02-18 at 21:42:24:166 Send 06 
19-02-18 at 21:44:25:291 Send 05 
19-02-18 at 21:44:25:306 Recived 15 
19-02-18 at 21:44:25:306 Send 06 
19-02-18 at 21:44:25:321 Send 02 06 FF 39 1E 00 00 00 DE 
19-02-18 at 21:44:25:336 Recived 06 02 10 FF 39 00 05 00 03 00 0A 00 00 00 12 02 10 10 2D E7 
19-02-18 at 21:44:25:351 Send 06 
19-02-18 at 21:46:26:476 Send 05 
19-02-18 at 21:46:26:491 Recived 15 
19-02-18 at 21:46:26:491 Send 06 
19-02-18 at 21:46:26:506 Send 02 06 FF 39 1E 00 00 00 DE 
19-02-18 at 21:46:26:521 Recived 06 02 10 FF 39 00 05 00 03 00 0A 00 00 00 12 02 10 10 2D E7 
19-02-18 at 21:46:26:536 Send 06 
19-02-18 at 21:48:27:661 Send 05 
19-02-18 at 21:48:27:676 Recived 15 
19-02-18 at 21:48:27:676 Send 06 
19-02-18 at 21:48:27:691 Send 02 06 FF 39 1E 00 00 00 DE 
19-02-18 at 21:48:27:706 Recived 06 02 10 FF 39 00 02 00 03 00 0A 00 00 00 12 02 10 10 2D E0 
19-02-18 at 21:48:27:721 Send 06 
19-02-18 at 21:50:28:846 Send 05 
19-02-18 at 21:50:28:861 Recived 15 
19-02-18 at 21:50:28:861 Send 06 
19-02-18 at 21:50:28:876 Send 02 06 FF 39 1E 00 00 00 DE 
19-02-18 at 21:50:28:891 Recived 06 02 10 FF 39 00 02 00 03 00 0A 00 00 00 12 02 10 10 2D E0 
19-02-18 at 21:50:28:906 Send 06 
19-02-18 at 21:52:30:031 Send 05 
19-02-18 at 21:52:30:046 Recived 15 
19-02-18 at 21:52:30:046 Send 06 
19-02-18 at 21:52:30:061 Send 02 06 FF 39 1E 00 00 00 DE 
19-02-18 at 21:52:30:076 Recived 06 02 10 FF 39 00 05 00 03 00 0A 00 00 00 12 02 10 10 2D E7 
19-02-18 at 21:52:30:091 Send 06 
19-02-18 at 21:54:31:216 Send 05 
19-02-18 at 21:54:31:231 Recived 15 
19-02-18 at 21:54:31:231 Send 06 
19-02-18 at 21:54:31:246 Send 02 06 FF 39 1E 00 00 00 DE 
19-02-18 at 21:54:31:261 Recived 06 02 10 FF 39 00 05 00 03 00 0A 00 00 00 12 02 10 10 2D E7 
19-02-18 at 21:54:31:276 Send 06 
19-02-18 at 21:56:32:401 Send 05 
19-02-18 at 21:56:32:416 Recived 15 
19-02-18 at 21:56:32:416 Send 06 
19-02-18 at 21:56:32:431 Send 02 06 FF 39 1E 00 00 00 DE 
19-02-18 at 21:56:32:446 Recived 06 02 10 FF 39 00 05 00 03 00 0A 00 00 00 12 02 10 10 2D E7 
19-02-18 at 21:56:32:461 Send 06 
19-02-18 at 21:58:33:586 Send 05 
19-02-18 at 21:58:33:601 Recived 15 
19-02-18 at 21:58:33:601 Send 06 
19-02-18 at 21:58:33:616 Send 02 06 FF 39 1E 00 00 00 DE 
19-02-18 at 21:58:33:631 Recived 06 02 10 FF 39 00 05 00 03 00 0A 00 00 00 12 02 10 10 2D E7 
19-02-18 at 21:58:33:646 Send 06 
19-02-18 at 22:00:34:771 Send 05 
19-02-18 at 22:00:34:786 Recived 15 
19-02-18 at 22:00:34:786 Send 06 
19-02-18 at 22:00:34:801 Send 02 06 FF 39 1E 00 00 00 DE 
19-02-18 at 22:00:34:816 Recived 06 02 10 FF 39 00 05 00 03 00 0A 00 00 00 12 02 10 10 2D E7 
19-02-18 at 22:00:34:831 Send 06 
19-02-18 at 22:02:35:956 Send 05 
19-02-18 at 22:02:35:971 Recived 15 
19-02-18 at 22:02:35:971 Send 06 
19-02-18 at 22:02:35:986 Send 02 06 FF 39 1E 00 00 00 DE 
19-02-18 at 22:02:36:001 Recived 06 02 10 FF 39 00 05 00 03 00 0A 00 00 00 12 02 10 10 2D E7 
19-02-18 at 22:02:36:016 Send 06 
19-02-18 at 22:04:37:141 Send 05 
19-02-18 at 22:04:37:156 Recived 15 
19-02-18 at 22:04:37:156 Send 06 
19-02-18 at 22:04:37:171 Send 02 06 FF 39 1E 00 00 00 DE 
19-02-18 at 22:04:37:186 Recived 06 02 10 FF 39 00 05 00 03 00 0A 00 00 00 12 02 10 10 2D E7 
19-02-18 at 22:04:37:201 Send 06 
19-02-18 at 22:06:38:326 Send 05 
19-02-18 at 22:06:38:341 Recived 15 
19-02-18 at 22:06:38:341 Send 06 
19-02-18 at 22:06:38:356 Send 02 06 FF 39 1E 00 00 00 DE 
19-02-18 at 22:06:38:371 Recived 06 02 10 FF 39 00 02 00 03 00 0A 00 00 00 12 02 10 10 2D E0 
19-02-18 at 22:06:38:386 Send 06 
19-02-18 at 22:08:39:511 Send 05 
19-02-18 at 22:08:39:526 Recived 15 
19-02-18 at 22:08:39:526 Send 06 
19-02-18 at 22:08:39:541 Send 02 06 FF 39 1E 00 00 00 DE 
19-02-18 at 22:08:39:556 Recived 06 02 10 FF 39 00 02 00 03 00 0A 00 00 00 12 02 10 10 2D E0 
19-02-18 at 22:08:39:571 Send 06 
19-02-18 at 22:10:40:696 Send 05 
19-02-18 at 22:10:40:711 Recived 15 
19-02-18 at 22:10:40:711 Send 06 
19-02-18 at 22:10:40:726 Send 02 06 FF 39 1E 00 00 00 DE 
19-02-18 at 22:10:40:741 Recived 06 02 10 FF 39 00 05 00 03 00 0A 00 00 00 12 02 10 10 2D E7 
19-02-18 at 22:10:40:756 Send 06 
19-02-18 at 22:12:41:881 Send 05 
19-02-18 at 22:12:41:896 Recived 15 
19-02-18 at 22:12:41:896 Send 06 
19-02-18 at 22:12:41:911 Send 02 06 FF 39 1E 00 00 00 DE 
19-02-18 at 22:12:41:926 Recived 06 02 10 FF 39 00 05 00 03 00 0A 00 00 00 12 02 10 10 2D E7 
19-02-18 at 22:12:41:941 Send 06 
19-02-18 at 22:14:43:066 Send 05 
19-02-18 at 22:14:43:081 Recived 15 
19-02-18 at 22:14:43:081 Send 06 
19-02-18 at 22:14:43:096 Send 02 06 FF 39 1E 00 00 00 DE 
19-02-18 at 22:14:43:111 Recived 06 02 10 FF 39 00 05 00 03 00 0A 00 00 00 12 02 10 10 2D E7 
19-02-18 at 22:14:43:126 Send 06 
19-02-18 at 22:16:44:251 Send 05 
19-02-18 at 22:16:44:266 Recived 15 
19-02-18 at 22:16:44:266 Send 06 
19-02-18 at 22:16:44:281 Send 02 06 FF 39 1E 00 00 00 DE 
19-02-18 at 22:16:44:296 Recived 06 02 10 FF 39 00 05 00 03 00 0A 00 00 00 12 02 10 10 2D E7 
19-02-18 at 22:16:44:311 Send 06 
19-02-18 at 22:18:45:436 Send 05 
19-02-18 at 22:18:45:451 Recived 15 
19-02-18 at 22:18:45:451 Send 06 
19-02-18 at 22:18:45:466 Send 02 06 FF 39 1E 00 00 00 DE 
19-02-18 at 22:18:45:481 Recived 06 02 10 FF 39 00 05 00 03 00 0A 00 00 00 12 02 10 10 2D E7 
19-02-18 at 22:18:45:496 Send 06 
19-02-18 at 22:20:46:621 Send 05 
19-02-18 at 22:20:46:636 Recived 15 
19-02-18 at 22:20:46:636 Send 06 
19-02-18 at 22:20:46:651 Send 02 06 FF 39 1E 00 00 00 DE 
19-02-18 at 22:20:46:666 Recived 06 02 10 FF 39 00 05 00 03 00 0A 00 00 00 12 02 10 10 2D E7 
19-02-18 at 22:20:46:681 Send 06 
19-02-18 at 22:22:47:806 Send 05 
19-02-18 at 22:22:47:821 Recived 15 
19-02-18 at 22:22:47:821 Send 06 
19-02-18 at 22:22:47:836 Send 02 06 FF 39 1E 00 00 00 DE 
19-02-18 at 22:22:47:851 Recived 06 02 10 FF 39 00 05 00 03 00 0A 00 00 00 12 02 10 10 2D E7 
19-02-18 at 22:22:47:866 Send 06 
19-02-18 at 22:24:48:991 Send 05 
19-02-18 at 22:24:49:006 Recived 15 
19-02-18 at 22:24:49:006 Send 06 
19-02-18 at 22:24:49:021 Send 02 06 FF 39 1E 00 00 00 DE 
19-02-18 at 22:24:49:036 Recived 06 02 10 FF 39 00 05 00 03 00 0A 00 00 00 12 02 10 10 2D E7 
19-02-18 at 22:24:49:051 Send 06 
19-02-18 at 22:26:50:176 Send 05 
19-02-18 at 22:26:50:191 Recived 15 
19-02-18 at 22:26:50:191 Send 06 
19-02-18 at 22:26:50:206 Send 02 06 FF 39 1E 00 00 00 DE 
19-02-18 at 22:26:50:221 Recived 06 02 10 FF 39 00 05 00 03 00 0A 00 00 00 12 02 10 10 2D E7 
19-02-18 at 22:26:50:236 Send 06 
19-02-18 at 22:28:51:361 Send 05 
19-02-18 at 22:28:51:376 Recived 15 
19-02-18 at 22:28:51:376 Send 06 
19-02-18 at 22:28:51:391 Send 02 06 FF 39 1E 00 00 00 DE 
19-02-18 at 22:28:51:406 Recived 06 02 10 FF 39 00 05 00 03 00 0A 00 00 00 12 02 10 10 2D E7 
19-02-18 at 22:28:51:421 Send 06 
19-02-18 at 22:30:52:546 Send 05 
19-02-18 at 22:30:52:561 Recived 15 
19-02-18 at 22:30:52:561 Send 06 
19-02-18 at 22:30:52:576 Send 02 06 FF 39 1E 00 00 00 DE 
19-02-18 at 22:30:52:591 Recived 06 02 10 FF 39 00 02 00 03 00 0A 00 00 00 12 02 10 10 2D E0 
19-02-18 at 22:30:52:606 Send 06 
19-02-18 at 22:32:53:731 Send 05 
19-02-18 at 22:32:53:746 Recived 15 
19-02-18 at 22:32:53:746 Send 06 
19-02-18 at 22:32:53:761 Send 02 06 FF 39 1E 00 00 00 DE 
19-02-18 at 22:32:53:776 Recived 06 02 10 FF 39 00 02 00 03 00 0A 00 00 00 12 02 10 10 2D E0 
19-02-18 at 22:32:53:791 Send 06 
19-02-18 at 22:34:54:916 Send 05 
19-02-18 at 22:34:54:931 Recived 15 
19-02-18 at 22:34:54:931 Send 06 
19-02-18 at 22:34:54:946 Send 02 06 FF 39 1E 00 00 00 DE 
19-02-18 at 22:34:54:961 Recived 06 02 10 FF 39 00 05 00 03 00 0A 00 00 00 12 02 10 10 2D E7 
19-02-18 at 22:34:54:976 Send 06 
19-02-18 at 22:36:56:101 Send 05 
19-02-18 at 22:36:56:116 Recived 15 
19-02-18 at 22:36:56:116 Send 06 
19-02-18 at 22:36:56:131 Send 02 06 FF 39 1E 00 00 00 DE 
19-02-18 at 22:36:56:146 Recived 06 02 10 FF 39 00 05 00 03 00 0A 00 00 00 12 02 10 10 2D E7 
19-02-18 at 22:36:56:161 Send 06 
19-02-18 at 22:38:57:286 Send 05 
19-02-18 at 22:38:57:301 Recived 15 
19-02-18 at 22:38:57:301 Send 06 
19-02-18 at 22:38:57:316 Send 02 06 FF 39 1E 00 00 00 DE 
19-02-18 at 22:38:57:331 Recived 06 02 10 FF 39 00 05 00 03 00 0A 00 00 00 12 02 10 10 2D E7 
19-02-18 at 22:38:57:346 Send 06 
19-02-18 at 22:40:58:471 Send 05 
19-02-18 at 22:40:58:486 Recived 15 
19-02-18 at 22:40:58:486 Send 06 
19-02-18 at 22:40:58:501 Send 02 06 FF 39 1E 00 00 00 DE 
19-02-18 at 22:40:58:516 Recived 06 02 10 FF 39 00 05 00 03 00 0A 00 00 00 12 02 10 10 2D E7 
19-02-18 at 22:40:58:531 Send 06 
19-02-18 at 22:42:59:656 Send 05 
19-02-18 at 22:42:59:671 Recived 15 
19-02-18 at 22:42:59:671 Send 06 
19-02-18 at 22:42:59:686 Send 02 06 FF 39 1E 00 00 00 DE 
19-02-18 at 22:42:59:701 Recived 06 02 10 FF 39 00 05 00 03 00 0A 00 00 00 12 02 10 10 2D E7 
19-02-18 at 22:42:59:716 Send 06 
19-02-18 at 22:45:00:841 Send 05 
19-02-18 at 22:45:00:856 Recived 15 
19-02-18 at 22:45:00:856 Send 06 
19-02-18 at 22:45:00:871 Send 02 06 FF 39 1E 00 00 00 DE 
19-02-18 at 22:45:00:886 Recived 06 02 10 FF 39 00 05 00 03 00 0A 00 00 00 12 02 10 10 2D E7 
19-02-18 at 22:45:00:901 Send 06 
19-02-18 at 22:47:02:026 Send 05 
19-02-18 at 22:47:02:041 Recived 15 
19-02-18 at 22:47:02:041 Send 06 
19-02-18 at 22:47:02:056 Send 02 06 FF 39 1E 00 00 00 DE 
19-02-18 at 22:47:02:071 Recived 06 02 10 FF 39 00 05 00 03 00 0A 00 00 00 12 02 10 10 2D E7 
19-02-18 at 22:47:02:086 Send 06 
19-02-18 at 22:49:03:211 Send 05 
19-02-18 at 22:49:03:226 Recived 15 
19-02-18 at 22:49:03:226 Send 06 
19-02-18 at 22:49:03:241 Send 02 06 FF 39 1E 00 00 00 DE 
19-02-18 at 22:49:03:256 Recived 06 02 10 FF 39 00 02 00 03 00 0A 00 00 00 12 02 10 10 2D E0 
19-02-18 at 22:49:03:271 Send 06 
19-02-18 at 22:51:04:396 Send 05 
19-02-18 at 22:51:04:411 Recived 15 
19-02-18 at 22:51:04:411 Send 06 
19-02-18 at 22:51:04:426 Send 02 06 FF 39 1E 00 00 00 DE 
19-02-18 at 22:51:04:441 Recived 06 02 10 FF 39 00 02 00 03 00 0A 00 00 00 12 02 10 10 2D E0 
19-02-18 at 22:51:04:456 Send 06 
19-02-18 at 22:53:05:581 Send 05 
19-02-18 at 22:53:05:596 Recived 15 
19-02-18 at 22:53:05:596 Send 06 
19-02-18 at 22:53:05:611 Send 02 06 FF 39 1E 00 00 00 DE 
19-02-18 at 22:53:05:626 Recived 06 02 10 FF 39 00 05 00 03 00 0A 00 00 00 12 02 10 10 2D E7 
19-02-18 at 22:53:05:641 Send 06 
19-02-18 at 22:55:06:766 Send 05 
19-02-18 at 22:55:06:781 Recived 15 
19-02-18 at 22:55:06:781 Send 06 
19-02-18 at 22:55:06:796 Send 02 06 FF 39 1E 00 00 00 DE 
19-02-18 at 22:55:06:811 Recived 06 02 10 FF 39 00 02 00 03 00 0A 00 00 00 12 02 10 10 2D E0 
19-02-18 at 22:55:06:826 Send 06 
19-02-18 at 22:57:07:951 Send 05 
19-02-18 at 22:57:07:966 Recived 15 
19-02-18 at 22:57:07:966 Send 06 
19-02-18 at 22:57:07:981 Send 02 06 FF 39 1E 00 00 00 DE 
19-02-18 at 22:57:07:996 Recived 06 02 10 FF 39 00 05 00 03 00 0A 00 00 00 12 02 10 10 2D E7 
19-02-18 at 22:57:08:011 Send 06 
19-02-18 at 22:59:09:136 Send 05 
19-02-18 at 22:59:09:151 Recived 15 
19-02-18 at 22:59:09:151 Send 06 
19-02-18 at 22:59:09:166 Send 02 06 FF 39 1E 00 00 00 DE 
19-02-18 at 22:59:09:181 Recived 06 02 10 FF 39 00 05 00 03 00 0A 00 00 00 12 02 10 10 2D E7 
19-02-18 at 22:59:09:196 Send 06 
19-02-18 at 23:01:10:321 Send 05 
19-02-18 at 23:01:10:336 Recived 15 
19-02-18 at 23:01:10:336 Send 06 
19-02-18 at 23:01:10:351 Send 02 06 FF 39 1E 00 00 00 DE 
19-02-18 at 23:01:10:366 Recived 06 02 10 FF 39 00 05 00 03 00 0A 00 00 00 12 02 10 10 2D E7 
19-02-18 at 23:01:10:381 Send 06 
19-02-18 at 23:03:11:506 Send 05 
19-02-18 at 23:03:11:521 Recived 15 
19-02-18 at 23:03:11:521 Send 06 
19-02-18 at 23:03:11:536 Send 02 06 FF 39 1E 00 00 00 DE 
19-02-18 at 23:03:11:551 Recived 06 02 10 FF 39 00 02 00 03 00 0A 00 00 00 12 02 10 10 2D E0 
19-02-18 at 23:03:11:566 Send 06 
19-02-18 at 23:05:12:691 Send 05 
19-02-18 at 23:05:12:706 Recived 15 
19-02-18 at 23:05:12:706 Send 06 
19-02-18 at 23:05:12:721 Send 02 06 FF 39 1E 00 00 00 DE 
19-02-18 at 23:05:12:736 Recived 06 02 10 FF 39 00 02 00 03 00 0A 00 00 00 12 02 10 10 2D E0 
19-02-18 at 23:05:12:751 Send 06 
19-02-18 at 23:07:13:876 Send 05 
19-02-18 at 23:07:13:891 Recived 15 
19-02-18 at 23:07:13:891 Send 06 
19-02-18 at 23:07:13:906 Send 02 06 FF 39 1E 00 00 00 DE 
19-02-18 at 23:07:13:921 Recived 06 02 10 FF 39 00 05 00 03 00 0A 00 00 00 12 02 10 10 2D E7 
19-02-18 at 23:07:13:936 Send 06 
19-02-18 at 23:09:15:061 Send 05 
19-02-18 at 23:09:15:076 Recived 15 
19-02-18 at 23:09:15:076 Send 06 
19-02-18 at 23:09:15:091 Send 02 06 FF 39 1E 00 00 00 DE 
19-02-18 at 23:09:15:106 Recived 06 02 10 FF 39 00 05 00 03 00 0A 00 00 00 12 02 10 10 2D E7 
19-02-18 at 23:09:15:121 Send 06 
19-02-18 at 23:11:16:246 Send 05 
19-02-18 at 23:11:16:261 Recived 15 
19-02-18 at 23:11:16:261 Send 06 
19-02-18 at 23:11:16:276 Send 02 06 FF 39 1E 00 00 00 DE 
19-02-18 at 23:11:16:291 Recived 06 02 10 FF 39 00 02 00 03 00 0A 00 00 00 12 02 10 10 2D E0 
19-02-18 at 23:11:16:306 Send 06 
19-02-18 at 23:13:17:431 Send 05 
19-02-18 at 23:13:17:446 Recived 15 
19-02-18 at 23:13:17:446 Send 06 
19-02-18 at 23:13:17:461 Send 02 06 FF 39 1E 00 00 00 DE 
19-02-18 at 23:13:17:476 Recived 06 02 10 FF 39 00 02 00 03 00 0A 00 00 00 12 02 10 10 2D E0 
19-02-18 at 23:13:17:491 Send 06 
19-02-18 at 23:15:18:616 Send 05 
19-02-18 at 23:15:18:631 Recived 15 
19-02-18 at 23:15:18:631 Send 06 
19-02-18 at 23:15:18:646 Send 02 06 FF 39 1E 00 00 00 DE 
19-02-18 at 23:15:18:661 Recived 06 
19-02-18 at 23:15:18:691 Recived 02 10 FF 39 00 05 00 03 00 0A 00 00 00 12 02 10 10 2D E7 
19-02-18 at 23:15:18:706 Send 06 
19-02-18 at 23:17:19:831 Send 05 
19-02-18 at 23:17:19:846 Recived 15 
19-02-18 at 23:17:19:846 Send 06 
19-02-18 at 23:17:19:861 Send 02 06 FF 39 1E 00 00 00 DE 
19-02-18 at 23:17:19:876 Recived 06 02 10 FF 39 00 05 00 03 00 0A 00 00 00 12 02 10 10 2D E7 
19-02-18 at 23:17:19:891 Send 06 
19-02-18 at 23:19:21:016 Send 05 
19-02-18 at 23:19:21:031 Recived 15 
19-02-18 at 23:19:21:031 Send 06 
19-02-18 at 23:19:21:046 Send 02 06 FF 39 1E 00 00 00 DE 
19-02-18 at 23:19:21:061 Recived 06 02 10 FF 39 00 05 00 03 00 0A 00 00 00 12 02 10 10 2D E7 
19-02-18 at 23:19:21:076 Send 06 
19-02-18 at 23:21:22:201 Send 05 
19-02-18 at 23:21:22:216 Recived 15 
19-02-18 at 23:21:22:216 Send 06 
19-02-18 at 23:21:22:231 Send 02 06 FF 39 1E 00 00 00 DE 
19-02-18 at 23:21:22:246 Recived 06 02 10 FF 39 00 05 00 03 00 0A 00 00 00 12 02 10 10 2D E7 
19-02-18 at 23:21:22:261 Send 06 
19-02-18 at 23:23:23:386 Send 05 
19-02-18 at 23:23:23:401 Recived 15 
19-02-18 at 23:23:23:401 Send 06 
19-02-18 at 23:23:23:416 Send 02 06 FF 39 1E 00 00 00 DE 
19-02-18 at 23:23:23:431 Recived 06 02 10 FF 39 00 05 00 03 00 0A 00 00 00 12 02 10 10 2D E7 
19-02-18 at 23:23:23:446 Send 06 
19-02-18 at 23:25:24:571 Send 05 
19-02-18 at 23:25:24:586 Recived 15 
19-02-18 at 23:25:24:586 Send 06 
19-02-18 at 23:25:24:601 Send 02 06 FF 39 1E 00 00 00 DE 
19-02-18 at 23:25:24:616 Recived 06 02 10 FF 39 00 05 00 03 00 0A 00 00 00 12 02 10 10 2D E7 
19-02-18 at 23:25:24:631 Send 06 
19-02-18 at 23:27:25:756 Send 05 
19-02-18 at 23:27:25:771 Recived 15 
19-02-18 at 23:27:25:771 Send 06 
19-02-18 at 23:27:25:786 Send 02 06 FF 39 1E 00 00 00 DE 
19-02-18 at 23:27:25:801 Recived 06 02 10 FF 39 00 05 00 03 00 0A 00 00 00 12 02 10 10 2D E7 
19-02-18 at 23:27:25:816 Send 06 
19-02-18 at 23:29:26:941 Send 05 
19-02-18 at 23:29:26:956 Recived 15 
19-02-18 at 23:29:26:956 Send 06 
19-02-18 at 23:29:26:971 Send 02 06 FF 39 1E 00 00 00 DE 
19-02-18 at 23:29:26:986 Recived 06 02 10 FF 39 00 02 00 03 00 0A 00 00 00 12 02 10 10 2D E0 
19-02-18 at 23:29:27:001 Send 06 
19-02-18 at 23:31:28:126 Send 05 
19-02-18 at 23:31:28:141 Recived 15 
19-02-18 at 23:31:28:141 Send 06 
19-02-18 at 23:31:28:156 Send 02 06 FF 39 1E 00 00 00 DE 
19-02-18 at 23:31:28:171 Recived 06 02 10 FF 39 00 05 00 03 00 0A 00 00 00 12 02 10 10 2D E7 
19-02-18 at 23:31:28:186 Send 06 
19-02-18 at 23:33:29:311 Send 05 
19-02-18 at 23:33:29:326 Recived 15 
19-02-18 at 23:33:29:326 Send 06 
19-02-18 at 23:33:29:341 Send 02 06 FF 39 1E 00 00 00 DE 
19-02-18 at 23:33:29:356 Recived 06 02 10 FF 39 00 05 00 03 00 0A 00 00 00 12 02 10 10 2D E7 
19-02-18 at 23:33:29:371 Send 06 
19-02-18 at 23:35:30:496 Send 05 
19-02-18 at 23:35:30:511 Recived 15 
19-02-18 at 23:35:30:511 Send 06 
19-02-18 at 23:35:30:526 Send 02 06 FF 39 1E 00 00 00 DE 
19-02-18 at 23:35:30:541 Recived 06 02 10 FF 39 00 05 00 03 00 0A 00 00 00 12 02 10 10 2D E7 
19-02-18 at 23:35:30:556 Send 06 
19-02-18 at 23:37:31:681 Send 05 
19-02-18 at 23:37:31:696 Recived 15 
19-02-18 at 23:37:31:696 Send 06 
19-02-18 at 23:37:31:711 Send 02 06 FF 39 1E 00 00 00 DE 
19-02-18 at 23:37:31:726 Recived 06 02 10 FF 39 00 05 00 03 00 0A 00 00 00 12 02 10 10 2D E7 
19-02-18 at 23:37:31:741 Send 06 
19-02-18 at 23:39:32:866 Send 05 
19-02-18 at 23:39:32:881 Recived 15 
19-02-18 at 23:39:32:881 Send 06 
19-02-18 at 23:39:32:896 Send 02 06 FF 39 1E 00 00 00 DE 
19-02-18 at 23:39:32:911 Recived 06 02 10 FF 39 00 05 00 03 00 0A 00 00 00 12 02 10 10 2D E7 
19-02-18 at 23:39:32:926 Send 06 
19-02-18 at 23:41:34:051 Send 05 
19-02-18 at 23:41:34:066 Recived 15 
19-02-18 at 23:41:34:066 Send 06 
19-02-18 at 23:41:34:081 Send 02 06 FF 39 1E 00 00 00 DE 
19-02-18 at 23:41:34:096 Recived 06 02 10 FF 39 00 05 00 03 00 0A 00 00 00 12 02 10 10 2D E7 
19-02-18 at 23:41:34:111 Send 06 
19-02-18 at 23:43:35:236 Send 05 
19-02-18 at 23:43:35:251 Recived 15 
19-02-18 at 23:43:35:251 Send 06 
19-02-18 at 23:43:35:266 Send 02 06 FF 39 1E 00 00 00 DE 
19-02-18 at 23:43:35:281 Recived 06 02 10 FF 39 00 05 00 03 00 0A 00 00 00 12 02 10 10 2D E7 
19-02-18 at 23:43:35:296 Send 06 
19-02-18 at 23:45:36:421 Send 05 
19-02-18 at 23:45:36:436 Recived 15 
19-02-18 at 23:45:36:436 Send 06 
19-02-18 at 23:45:36:451 Send 02 06 FF 39 1E 00 00 00 DE 
19-02-18 at 23:45:36:466 Recived 06 02 10 FF 39 00 02 00 03 00 0A 00 00 00 12 02 10 10 2D E0 
19-02-18 at 23:45:36:481 Send 06 
19-02-18 at 23:47:37:606 Send 05 
19-02-18 at 23:47:37:621 Recived 15 
19-02-18 at 23:47:37:621 Send 06 
19-02-18 at 23:47:37:636 Send 02 06 FF 39 1E 00 00 00 DE 
19-02-18 at 23:47:37:651 Recived 06 02 10 FF 39 00 02 00 03 00 0A 00 00 00 12 02 10 10 2D E0 
19-02-18 at 23:47:37:666 Send 06 
19-02-18 at 23:49:38:791 Send 05 
19-02-18 at 23:49:38:806 Recived 15 
19-02-18 at 23:49:38:806 Send 06 
19-02-18 at 23:49:38:821 Send 02 06 FF 39 1E 00 00 00 DE 
19-02-18 at 23:49:38:836 Recived 06 02 10 FF 39 00 05 00 03 00 0A 00 00 00 12 02 10 10 2D E7 
19-02-18 at 23:49:38:851 Send 06 
19-02-18 at 23:51:39:976 Send 05 
19-02-18 at 23:51:39:991 Recived 15 
19-02-18 at 23:51:39:991 Send 06 
19-02-18 at 23:51:40:006 Send 02 06 FF 39 1E 00 00 00 DE 
19-02-18 at 23:51:40:021 Recived 06 02 10 FF 39 00 05 00 03 00 0A 00 00 00 12 02 10 10 2D E7 
19-02-18 at 23:51:40:036 Send 06 
19-02-18 at 23:53:41:161 Send 05 
19-02-18 at 23:53:41:176 Recived 15 
19-02-18 at 23:53:41:176 Send 06 
19-02-18 at 23:53:41:191 Send 02 06 FF 39 1E 00 00 00 DE 
19-02-18 at 23:53:41:206 Recived 06 02 10 FF 39 00 05 00 03 00 0A 00 00 00 12 02 10 10 2D E7 
19-02-18 at 23:53:41:221 Send 06 
19-02-18 at 23:55:42:346 Send 05 
19-02-18 at 23:55:42:361 Recived 15 
19-02-18 at 23:55:42:361 Send 06 
19-02-18 at 23:55:42:376 Send 02 06 FF 39 1E 00 00 00 DE 
19-02-18 at 23:55:42:391 Recived 06 02 10 FF 39 00 05 00 03 00 0A 00 00 00 12 02 10 10 2D E7 
19-02-18 at 23:55:42:406 Send 06 
19-02-18 at 23:57:43:531 Send 05 
19-02-18 at 23:57:43:546 Recived 15 
19-02-18 at 23:57:43:546 Send 06 
19-02-18 at 23:57:43:561 Send 02 06 FF 39 1E 00 00 00 DE 
19-02-18 at 23:57:43:576 Recived 06 02 10 FF 39 00 05 00 03 00 0A 00 00 00 12 02 10 10 2D E7 
19-02-18 at 23:57:43:591 Send 06 
19-02-18 at 23:59:44:716 Send 05 
19-02-18 at 23:59:44:731 Recived 15 
19-02-18 at 23:59:44:731 Send 06 
19-02-18 at 23:59:44:746 Send 02 06 FF 39 1E 00 00 00 DE 
19-02-18 at 23:59:44:761 Recived 06 02 10 FF 39 00 05 00 03 00 0A 00 00 00 12 02 10 10 2D E7 
19-02-18 at 23:59:44:776 Send 06 
