07-03-18 at 15:37:01:778 Запуск программы. Инициализация считана из файла
07-03-18 at 15:37:01:779 Платежи по картам восстановлены
07-03-18 at 15:37:01:780 total calculated
07-03-18 at 15:37:01:780 now show on display
07-03-18 at 15:37:01:780                     Всего:          0.00
07-03-18 at 15:37:01:780 now open port for display
07-03-18 at 15:37:01:781 Com port opened
07-03-18 at 15:37:01:781 now clear port error ...
07-03-18 at 15:37:01:781 now write to port ...
07-03-18 at 15:37:01:915 ... done
07-03-18 at 15:37:01:915 total calculated
07-03-18 at 15:37:01:915 now show on display
07-03-18 at 15:37:01:915                     Всего:          0.00
07-03-18 at 15:37:01:915 now clear port error ...
07-03-18 at 15:37:01:916 now write to port ...
07-03-18 at 15:37:02:087 ... done
07-03-18 at 15:37:02:087 Чек сжат
07-03-18 at 15:37:02:087 Сумма чека посчитана
07-03-18 at 15:37:02:087 Кардридер создан
07-03-18 at 15:37:02:087 Задание запуска модулей создано
07-03-18 at 15:37:02:088 Сканер создан
07-03-18 at 15:37:02:088 Регистратор создан
07-03-18 at 15:37:02:088 Часы созданы
07-03-18 at 15:37:02:088 Регистратор запущен
07-03-18 at 15:37:02:088 Сканер запущен
07-03-18 at 15:37:02:088 Часы запущены
07-03-18 at 15:37:02:089 Кардридер запущен
07-03-18 at 15:37:02:089 Передача данных запущена
07-03-18 at 15:37:02:089 Вход в FRInit
07-03-18 at 15:37:02:089 Вход в GetStatus
07-03-18 at 15:37:02:089 Send 05 
07-03-18 at 15:37:02:105 Recived 15 
07-03-18 at 15:37:02:105 Send 06 
07-03-18 at 15:37:02:120 Send 02 05 11 1E 00 00 00 0A 
07-03-18 at 15:37:02:135 Recived 06 02 30 11 00 1E 43 31 1C B3 14 0C 11 01 12 00 B2 02 03 00 00 4E 41 00 00 01 01 10 07 03 12 0F 25 01 00 2E 5D 00 00 0A 00 00 00 00 00 EF 95 10 42 01 00 39 
07-03-18 at 15:37:02:150 Send 06 
07-03-18 at 15:37:02:155 KKMStatus 0000
07-03-18 at 15:37:02:165 Send 05 
07-03-18 at 15:37:02:180 Recived 15 
07-03-18 at 15:37:02:180 Send 06 
07-03-18 at 15:37:02:195 Send 02 05 11 1E 00 00 00 0A 
07-03-18 at 15:37:02:210 Recived 06 02 30 11 00 1E 43 31 1C B3 14 0C 11 01 12 00 B2 02 03 00 00 4E 41 00 00 01 01 10 07 03 12 0F 25 01 00 2E 5D 00 00 0A 00 00 00 00 00 EF 95 10 42 01 00 39 
07-03-18 at 15:37:02:225 Send 06 
07-03-18 at 15:37:02:230 KKMStatus 0300
07-03-18 at 15:37:02:230 Номер ФР считан
07-03-18 at 15:37:02:397 СУБД подключена
07-03-18 at 15:37:02:414 Send 05 
07-03-18 at 15:37:02:429 Recived 15 
07-03-18 at 15:37:02:429 Send 06 
07-03-18 at 15:37:02:444 Send 02 0A 1E 1E 00 00 00 01 01 00 01 01 0A 
07-03-18 at 15:37:02:459 Recived 06 02 02 1E 00 1C 
07-03-18 at 15:37:02:474 Send 06 
07-03-18 at 15:37:02:489 Send 05 
07-03-18 at 15:37:02:504 Recived 15 
07-03-18 at 15:37:02:504 Send 06 
07-03-18 at 15:37:02:519 Send 02 0A 1E 1E 00 00 00 01 01 00 05 02 0D 
07-03-18 at 15:37:02:534 Recived 06 02 02 1E 00 1C 
07-03-18 at 15:37:02:549 Send 06 
07-03-18 at 15:37:02:564 Send 05 
07-03-18 at 15:37:02:579 Recived 15 
07-03-18 at 15:37:02:579 Send 06 
07-03-18 at 15:37:02:594 Send 02 0A 1E 1E 00 00 00 01 01 00 23 01 28 
07-03-18 at 15:37:02:609 Recived 06 02 02 1E 00 1C 
07-03-18 at 15:37:02:624 Send 06 
07-03-18 at 15:37:02:639 Send 05 
07-03-18 at 15:37:02:654 Recived 15 
07-03-18 at 15:37:02:654 Send 06 
07-03-18 at 15:37:02:669 Send 02 0A 1E 1E 00 00 00 01 01 00 06 00 0C 
07-03-18 at 15:37:02:684 Recived 06 02 02 1E 00 1C 
07-03-18 at 15:37:02:699 Send 06 
07-03-18 at 15:37:02:714 Send 05 
07-03-18 at 15:37:02:729 Recived 15 
07-03-18 at 15:37:02:729 Send 06 
07-03-18 at 15:37:02:744 Send 02 0A 1E 1E 00 00 00 01 01 00 07 01 0C 
07-03-18 at 15:37:02:759 Recived 06 02 02 1E 00 1C 
07-03-18 at 15:37:02:774 Send 06 
07-03-18 at 15:37:02:789 Send 05 
07-03-18 at 15:37:02:804 Recived 15 
07-03-18 at 15:37:02:804 Send 06 
07-03-18 at 15:37:02:819 Send 02 0A 1E 1E 00 00 00 01 01 00 14 01 1F 
07-03-18 at 15:37:02:834 Recived 06 02 02 1E 00 1C 
07-03-18 at 15:37:02:849 Send 06 
07-03-18 at 15:37:02:864 Send 05 
07-03-18 at 15:37:02:879 Recived 15 
07-03-18 at 15:37:02:879 Send 06 
07-03-18 at 15:37:02:894 Send 02 0A 1E 1E 00 00 00 01 01 00 15 01 1E 
07-03-18 at 15:37:02:909 Recived 06 02 02 1E 00 1C 
07-03-18 at 15:37:02:924 Send 06 
07-03-18 at 15:37:02:939 Send 05 
07-03-18 at 15:37:02:954 Recived 15 
07-03-18 at 15:37:02:954 Send 06 
07-03-18 at 15:37:02:969 Send 02 0A 1E 1E 00 00 00 01 01 00 0F 00 05 
07-03-18 at 15:37:02:984 Recived 06 02 02 1E 00 1C 
07-03-18 at 15:37:02:999 Send 06 
07-03-18 at 15:37:03:014 Send 05 
07-03-18 at 15:37:03:029 Recived 15 
07-03-18 at 15:37:03:029 Send 06 
07-03-18 at 15:37:03:044 Send 02 0A 1E 1E 00 00 00 01 01 00 11 00 1B 
07-03-18 at 15:37:03:059 Recived 06 02 02 1E 00 1C 
07-03-18 at 15:37:03:074 Send 06 
07-03-18 at 15:37:03:089 Send 05 
07-03-18 at 15:37:03:104 Recived 15 
07-03-18 at 15:37:03:104 Send 06 
07-03-18 at 15:37:03:119 Send 02 0A 1E 1E 00 00 00 11 01 00 03 02 1B 
07-03-18 at 15:37:03:134 Recived 06 02 02 1E 00 1C 
07-03-18 at 15:37:03:149 Send 06 
07-03-18 at 15:37:03:164 Send 05 
07-03-18 at 15:37:03:179 Recived 15 
07-03-18 at 15:37:03:179 Send 06 
07-03-18 at 15:37:03:194 Send 02 0A 1E 1E 00 00 00 01 01 00 29 01 22 
07-03-18 at 15:37:03:209 Recived 06 02 02 1E 00 1C 
07-03-18 at 15:37:03:224 Send 06 
07-03-18 at 15:37:03:239 Send 05 
07-03-18 at 15:37:03:254 Recived 15 
07-03-18 at 15:37:03:254 Send 06 
07-03-18 at 15:37:03:269 Send 02 26 1E 1E 00 00 00 04 0C 00 01 20 20 20 20 20 20 20 20 20 20 20 C4 CE C1 D0 CE 20 CF CE C6 C0 CB CE C2 C0 D2 DC 21 00 D5 
07-03-18 at 15:37:03:286 Recived 06 02 02 1E 00 1C 
07-03-18 at 15:37:03:301 Send 06 
07-03-18 at 15:37:03:316 Send 05 
07-03-18 at 15:37:03:331 Recived 15 
07-03-18 at 15:37:03:331 Send 06 
07-03-18 at 15:37:03:346 Send 02 29 1E 1E 00 00 00 04 0D 00 01 20 20 20 20 20 20 20 20 CE CE CE 20 CA EE EC EF E0 ED E8 FF 20 27 CA CE CB CE D0 CB CE CD 27 00 CB 
07-03-18 at 15:37:03:364 Recived 06 02 02 1E 00 1C 
07-03-18 at 15:37:03:379 Send 06 
07-03-18 at 15:37:03:394 Send 05 
07-03-18 at 15:37:03:409 Recived 15 
07-03-18 at 15:37:03:409 Send 06 
07-03-18 at 15:37:03:424 Send 02 2D 1E 1E 00 00 00 04 0E 00 01 20 20 20 20 20 CC E0 E3 E0 E7 E8 ED 20 27 C2 F1 E5 20 F2 EE E2 E0 F0 FB 20 E4 EB FF 20 E4 EE EC E0 27 20 00 DE 
07-03-18 at 15:37:03:441 Recived 06 02 02 1E 00 1C 
07-03-18 at 15:37:03:456 Send 06 
07-03-18 at 15:37:03:464 now clear port error ...
07-03-18 at 15:37:03:464 now write to port ...
07-03-18 at 15:37:03:598 ... done
07-03-18 at 15:37:03:621 Send 05 
07-03-18 at 15:37:03:636 Recived 15 
07-03-18 at 15:37:03:636 Send 06 
07-03-18 at 15:37:03:651 Send 02 06 1A 1E 00 00 00 79 7B 
07-03-18 at 15:37:03:666 Recived 06 02 09 1A 00 1E 00 00 00 00 00 00 0D 
07-03-18 at 15:37:03:681 Send 06 
07-03-18 at 15:37:05:850 Cardreader  Антонов Сергей 
07-03-18 at 15:37:05:856 Send 05 
07-03-18 at 15:37:05:873 Recived 15 
07-03-18 at 15:37:05:873 Send 06 
07-03-18 at 15:37:05:889 Send 02 20 1E 1E 00 00 00 02 1E 00 02 CA E0 F1 F1 E8 F0 20 C0 ED F2 EE ED EE E2 20 D1 E5 F0 E3 E5 E9 20 00 D7 
07-03-18 at 15:37:05:907 Recived 06 02 02 1E 00 1C 
07-03-18 at 15:37:05:922 Send 06 
07-03-18 at 15:37:05:931 now clear port error ...
07-03-18 at 15:37:05:931 now write to port ...
07-03-18 at 15:37:06:064 ... done
07-03-18 at 15:37:06:852 Send 05 
07-03-18 at 15:37:06:867 Recived 15 
07-03-18 at 15:37:06:867 Send 06 
07-03-18 at 15:37:06:882 Send 02 06 FF 39 1E 00 00 00 DE 
07-03-18 at 15:37:06:897 Recived 06 02 10 FF 39 00 00 00 00 00 00 00 00 00 00 00 00 00 00 D6 
07-03-18 at 15:37:06:912 Send 06 
07-03-18 at 15:37:07:512 Попытка очистки таблицы
07-03-18 at 15:37:07:512 Попытка очистки успешна
07-03-18 at 15:37:09:200 total calculated
07-03-18 at 15:37:09:200 now show on display
07-03-18 at 15:37:09:200                     Всего:          0.00
07-03-18 at 15:37:09:200 now clear port error ...
07-03-18 at 15:37:09:200 now write to port ...
07-03-18 at 15:37:09:334 ... done
07-03-18 at 15:37:09:335 total calculated
07-03-18 at 15:37:09:335 now show on display
07-03-18 at 15:37:09:335                     Всего:          0.00
07-03-18 at 15:37:09:335 now clear port error ...
07-03-18 at 15:37:09:336 now write to port ...
07-03-18 at 15:37:09:506 ... done
07-03-18 at 15:37:09:508 111
07-03-18 at 15:37:09:508 Выход из программы
07-03-18 at 16:48:09:993 Запуск программы. Инициализация считана из файла
07-03-18 at 16:48:09:993 Платежи по картам восстановлены
07-03-18 at 16:48:09:994 total calculated
07-03-18 at 16:48:09:994 now show on display
07-03-18 at 16:48:09:994                     Всего:          0.00
07-03-18 at 16:48:09:994 now open port for display
07-03-18 at 16:48:09:995 Com port opened
07-03-18 at 16:48:09:995 now clear port error ...
07-03-18 at 16:48:09:995 now write to port ...
07-03-18 at 16:48:10:129 ... done
07-03-18 at 16:48:10:129 total calculated
07-03-18 at 16:48:10:129 now show on display
07-03-18 at 16:48:10:129                     Всего:          0.00
07-03-18 at 16:48:10:129 now clear port error ...
07-03-18 at 16:48:10:130 now write to port ...
07-03-18 at 16:48:10:301 ... done
07-03-18 at 16:48:10:301 Чек сжат
07-03-18 at 16:48:10:301 Сумма чека посчитана
07-03-18 at 16:48:10:301 Кардридер создан
07-03-18 at 16:48:10:302 Задание запуска модулей создано
07-03-18 at 16:48:10:302 Сканер создан
07-03-18 at 16:48:10:302 Регистратор создан
07-03-18 at 16:48:10:302 Часы созданы
07-03-18 at 16:48:10:303 Регистратор запущен
07-03-18 at 16:48:10:303 Сканер запущен
07-03-18 at 16:48:10:304 Часы запущены
07-03-18 at 16:48:10:304 Кардридер запущен
07-03-18 at 16:48:10:304 Передача данных запущена
07-03-18 at 16:48:10:304 Вход в FRInit
07-03-18 at 16:48:10:304 Вход в GetStatus
07-03-18 at 16:48:10:318 Send 05 
07-03-18 at 16:48:10:333 Recived 15 
07-03-18 at 16:48:10:333 Send 06 
07-03-18 at 16:48:10:348 Send 02 05 11 1E 00 00 00 0A 
07-03-18 at 16:48:10:363 Recived 06 02 30 11 00 1E 43 31 1C B3 14 0C 11 01 12 00 B2 02 03 00 00 4E 41 00 00 01 01 10 07 03 12 10 30 09 00 2E 5D 00 00 0A 00 00 00 00 00 EF 95 10 42 01 00 3B 
07-03-18 at 16:48:10:378 Send 06 
07-03-18 at 16:48:10:381 KKMStatus 0000
07-03-18 at 16:48:10:393 Send 05 
07-03-18 at 16:48:10:408 Recived 15 
07-03-18 at 16:48:10:408 Send 06 
07-03-18 at 16:48:10:423 Send 02 05 11 1E 00 00 00 0A 
07-03-18 at 16:48:10:438 Recived 06 02 30 11 00 1E 43 31 1C B3 14 0C 11 01 12 00 B2 02 03 00 00 4E 41 00 00 01 01 10 07 03 12 10 30 09 00 2E 5D 00 00 0A 00 00 00 00 00 EF 95 10 42 01 00 3B 
07-03-18 at 16:48:10:453 Send 06 
07-03-18 at 16:48:10:456 KKMStatus 0300
07-03-18 at 16:48:10:456 Номер ФР считан
07-03-18 at 16:48:10:603 СУБД подключена
07-03-18 at 16:48:10:616 Send 05 
07-03-18 at 16:48:10:631 Recived 15 
07-03-18 at 16:48:10:631 Send 06 
07-03-18 at 16:48:10:646 Send 02 0A 1E 1E 00 00 00 01 01 00 01 01 0A 
07-03-18 at 16:48:10:661 Recived 06 02 02 1E 00 1C 
07-03-18 at 16:48:10:676 Send 06 
07-03-18 at 16:48:10:691 Send 05 
07-03-18 at 16:48:10:706 Recived 15 
07-03-18 at 16:48:10:706 Send 06 
07-03-18 at 16:48:10:721 Send 02 0A 1E 1E 00 00 00 01 01 00 05 02 0D 
07-03-18 at 16:48:10:736 Recived 06 02 02 1E 00 1C 
07-03-18 at 16:48:10:751 Send 06 
07-03-18 at 16:48:10:766 Send 05 
07-03-18 at 16:48:10:781 Recived 15 
07-03-18 at 16:48:10:781 Send 06 
07-03-18 at 16:48:10:796 Send 02 0A 1E 1E 00 00 00 01 01 00 23 01 28 
07-03-18 at 16:48:10:811 Recived 06 02 02 1E 00 1C 
07-03-18 at 16:48:10:826 Send 06 
07-03-18 at 16:48:10:841 Send 05 
07-03-18 at 16:48:10:856 Recived 15 
07-03-18 at 16:48:10:856 Send 06 
07-03-18 at 16:48:10:871 Send 02 0A 1E 1E 00 00 00 01 01 00 06 00 0C 
07-03-18 at 16:48:10:886 Recived 06 02 02 1E 00 1C 
07-03-18 at 16:48:10:901 Send 06 
07-03-18 at 16:48:10:916 Send 05 
07-03-18 at 16:48:10:931 Recived 15 
07-03-18 at 16:48:10:931 Send 06 
07-03-18 at 16:48:10:946 Send 02 0A 1E 1E 00 00 00 01 01 00 07 01 0C 
07-03-18 at 16:48:10:961 Recived 06 02 02 1E 00 1C 
07-03-18 at 16:48:10:976 Send 06 
07-03-18 at 16:48:10:991 Send 05 
07-03-18 at 16:48:11:006 Recived 15 
07-03-18 at 16:48:11:006 Send 06 
07-03-18 at 16:48:11:021 Send 02 0A 1E 1E 00 00 00 01 01 00 14 01 1F 
07-03-18 at 16:48:11:036 Recived 06 02 02 1E 00 1C 
07-03-18 at 16:48:11:051 Send 06 
07-03-18 at 16:48:11:066 Send 05 
07-03-18 at 16:48:11:081 Recived 15 
07-03-18 at 16:48:11:081 Send 06 
07-03-18 at 16:48:11:096 Send 02 0A 1E 1E 00 00 00 01 01 00 15 01 1E 
07-03-18 at 16:48:11:111 Recived 06 02 02 1E 00 1C 
07-03-18 at 16:48:11:126 Send 06 
07-03-18 at 16:48:11:141 Send 05 
07-03-18 at 16:48:11:156 Recived 15 
07-03-18 at 16:48:11:156 Send 06 
07-03-18 at 16:48:11:171 Send 02 0A 1E 1E 00 00 00 01 01 00 0F 00 05 
07-03-18 at 16:48:11:186 Recived 06 02 02 1E 00 1C 
07-03-18 at 16:48:11:201 Send 06 
07-03-18 at 16:48:11:216 Send 05 
07-03-18 at 16:48:11:231 Recived 15 
07-03-18 at 16:48:11:231 Send 06 
07-03-18 at 16:48:11:246 Send 02 0A 1E 1E 00 00 00 01 01 00 11 00 1B 
07-03-18 at 16:48:11:261 Recived 06 02 02 1E 00 1C 
07-03-18 at 16:48:11:276 Send 06 
07-03-18 at 16:48:11:291 Send 05 
07-03-18 at 16:48:11:306 Recived 15 
07-03-18 at 16:48:11:306 Send 06 
07-03-18 at 16:48:11:321 Send 02 0A 1E 1E 00 00 00 11 01 00 03 02 1B 
07-03-18 at 16:48:11:336 Recived 06 02 02 1E 00 1C 
07-03-18 at 16:48:11:351 Send 06 
07-03-18 at 16:48:11:366 Send 05 
07-03-18 at 16:48:11:381 Recived 15 
07-03-18 at 16:48:11:381 Send 06 
07-03-18 at 16:48:11:396 Send 02 0A 1E 1E 00 00 00 01 01 00 29 01 22 
07-03-18 at 16:48:11:411 Recived 06 02 02 1E 00 1C 
07-03-18 at 16:48:11:426 Send 06 
07-03-18 at 16:48:11:441 Send 05 
07-03-18 at 16:48:11:456 Recived 15 
07-03-18 at 16:48:11:456 Send 06 
07-03-18 at 16:48:11:471 Send 02 26 1E 1E 00 00 00 04 0C 00 01 20 20 20 20 20 20 20 20 20 20 20 C4 CE C1 D0 CE 20 CF CE C6 C0 CB CE C2 C0 D2 DC 21 00 D5 
07-03-18 at 16:48:11:489 Recived 06 02 02 1E 00 1C 
07-03-18 at 16:48:11:504 Send 06 
07-03-18 at 16:48:11:519 Send 05 
07-03-18 at 16:48:11:534 Recived 15 
07-03-18 at 16:48:11:534 Send 06 
07-03-18 at 16:48:11:549 Send 02 29 1E 1E 00 00 00 04 0D 00 01 20 20 20 20 20 20 20 20 CE CE CE 20 CA EE EC EF E0 ED E8 FF 20 27 CA CE CB CE D0 CB CE CD 27 00 CB 
07-03-18 at 16:48:11:566 Recived 06 02 02 1E 00 1C 
07-03-18 at 16:48:11:581 Send 06 
07-03-18 at 16:48:11:596 Send 05 
07-03-18 at 16:48:11:611 Recived 15 
07-03-18 at 16:48:11:611 Send 06 
07-03-18 at 16:48:11:626 Send 02 2D 1E 1E 00 00 00 04 0E 00 01 20 20 20 20 20 CC E0 E3 E0 E7 E8 ED 20 27 C2 F1 E5 20 F2 EE E2 E0 F0 FB 20 E4 EB FF 20 E4 EE EC E0 27 20 00 DE 
07-03-18 at 16:48:11:644 Recived 06 02 02 1E 00 1C 
07-03-18 at 16:48:11:659 Send 06 
07-03-18 at 16:48:11:670 now clear port error ...
07-03-18 at 16:48:11:670 now write to port ...
07-03-18 at 16:48:11:804 ... done
07-03-18 at 16:48:11:824 Send 05 
07-03-18 at 16:48:11:839 Recived 15 
07-03-18 at 16:48:11:839 Send 06 
07-03-18 at 16:48:11:854 Send 02 06 1A 1E 00 00 00 79 7B 
07-03-18 at 16:48:11:869 Recived 06 02 09 1A 00 1E 00 00 00 00 00 00 0D 
07-03-18 at 16:48:11:884 Send 06 
07-03-18 at 16:48:14:046 Cardreader  Антонов Сергей 
07-03-18 at 16:48:14:064 Send 05 
07-03-18 at 16:48:14:084 Recived 15 
07-03-18 at 16:48:14:084 Send 06 
07-03-18 at 16:48:14:099 Send 02 20 1E 1E 00 00 00 02 1E 00 02 CA E0 F1 F1 E8 F0 20 C0 ED F2 EE ED EE E2 20 D1 E5 F0 E3 E5 E9 20 00 D7 
07-03-18 at 16:48:14:117 Recived 06 02 02 1E 00 1C 
07-03-18 at 16:48:14:132 Send 06 
07-03-18 at 16:48:14:140 now clear port error ...
07-03-18 at 16:48:14:140 now write to port ...
07-03-18 at 16:48:14:273 ... done
07-03-18 at 16:48:15:047 Send 05 
07-03-18 at 16:48:15:062 Recived 15 
07-03-18 at 16:48:15:062 Send 06 
07-03-18 at 16:48:15:077 Send 02 06 FF 39 1E 00 00 00 DE 
07-03-18 at 16:48:15:092 Recived 06 02 10 FF 39 00 00 00 00 00 00 00 00 00 00 00 00 00 00 D6 
07-03-18 at 16:48:15:107 Send 06 
07-03-18 at 16:48:15:642 Попытка очистки таблицы
07-03-18 at 16:48:15:642 Попытка очистки успешна
07-03-18 at 16:48:17:687 Send 05 
07-03-18 at 16:48:17:702 Recived 15 
07-03-18 at 16:48:17:702 Send 06 
07-03-18 at 16:48:17:717 Send 02 2E 17 1E 00 00 00 03 20 20 CF EE E4 E0 F0 EE F7 ED FB E5 20 EA E0 F0 F2 FB 20 ED E5 20 EF F0 EE E4 E0 E2 E0 EB E8 F1 FC 00 00 00 00 00 00 00 39 
07-03-18 at 16:48:17:736 Recived 06 02 03 17 00 1E 0A 
07-03-18 at 16:48:17:752 Send 06 
07-03-18 at 16:48:17:767 Send 05 
07-03-18 at 16:48:17:782 Recived 15 
07-03-18 at 16:48:17:782 Send 06 
07-03-18 at 16:48:17:797 Send 02 2E 17 1E 00 00 00 03 2D 2D 2D 2D 2D 2D 2D 2D 2D 2D 2D 2D 2D 2D 2D 2D 2D 2D 2D 2D 2D 2D 2D 2D 2D 2D 2D 2D 2D 2D 2D 2D 2D 2D 2D 2D 2D 2D 2D 2D 24 
07-03-18 at 16:48:17:816 Recived 06 02 03 17 00 1E 0A 
07-03-18 at 16:48:17:831 Send 06 
07-03-18 at 16:48:17:846 Send 05 
07-03-18 at 16:48:17:861 Recived 15 
07-03-18 at 16:48:17:861 Send 06 
07-03-18 at 16:48:17:876 Send 02 05 41 1E 00 00 00 5A 
07-03-18 at 16:48:17:891 Recived 06 
07-03-18 at 16:48:18:236 Recived 02 03 41 00 00 42 
07-03-18 at 16:48:18:251 Send 06 
07-03-18 at 16:48:18:253 111
07-03-18 at 16:48:20:426 Send 05 
07-03-18 at 16:48:20:441 Recived 15 
07-03-18 at 16:48:20:441 Send 06 
07-03-18 at 16:48:20:456 Send 02 08 21 1E 00 00 00 10 30 14 03 
07-03-18 at 16:48:20:471 Recived 06 02 02 21 00 23 
07-03-18 at 16:48:20:486 Send 06 
07-03-18 at 16:48:20:496 Вход в GetStatus
07-03-18 at 16:48:20:501 Send 05 
07-03-18 at 16:48:20:516 Recived 15 
07-03-18 at 16:48:20:516 Send 06 
07-03-18 at 16:48:20:531 Send 02 05 11 1E 00 00 00 0A 
07-03-18 at 16:48:20:546 Recived 06 02 30 11 00 1E 43 31 1C B3 14 0C 11 01 13 00 B2 02 04 00 00 4E 41 00 00 01 01 10 07 03 12 10 30 14 00 2E 5D 00 00 0B 00 00 00 00 00 EF 95 10 42 01 00 21 
07-03-18 at 16:48:20:561 Send 06 
07-03-18 at 16:48:20:561 KKMStatus 0000
07-03-18 at 16:48:20:576 Send 05 
07-03-18 at 16:48:20:591 Recived 15 
07-03-18 at 16:48:20:591 Send 06 
07-03-18 at 16:48:20:606 Send 02 05 E0 1E 00 00 00 FB 
07-03-18 at 16:48:20:621 Recived 06 
07-03-18 at 16:48:21:746 Recived 02 03 E0 00 1E FD 
07-03-18 at 16:48:21:761 Send 06 
07-03-18 at 16:48:26:737 114
07-03-18 at 16:48:26:737 014
07-03-18 at 16:48:26:737 114
07-03-18 at 16:48:26:737 014
07-03-18 at 16:48:26:738 Попытка очистки таблицы
07-03-18 at 16:48:26:738 Попытка очистки успешна
07-03-18 at 16:48:26:738 total calculated
07-03-18 at 16:48:26:739 now show on display
07-03-18 at 16:48:26:739                     Всего:          0.00
07-03-18 at 16:48:26:739 now clear port error ...
07-03-18 at 16:48:26:739 now write to port ...
07-03-18 at 16:48:26:873 ... done
07-03-18 at 16:48:26:873 114
07-03-18 at 16:48:26:874 014
07-03-18 at 16:48:26:874 Попытка очистки таблицы
07-03-18 at 16:48:26:874 Попытка очистки успешна
07-03-18 at 16:48:26:874 114
07-03-18 at 16:48:26:874 014
07-03-18 at 16:48:26:875 Попытка очистки таблицы
07-03-18 at 16:48:26:875 Попытка очистки успешна
07-03-18 at 16:48:26:875 114
07-03-18 at 16:48:26:875 014
07-03-18 at 16:48:26:876 Попытка очистки таблицы
07-03-18 at 16:48:26:876 Попытка очистки успешна
07-03-18 at 16:48:26:876 114
07-03-18 at 16:48:26:876 014
07-03-18 at 16:48:26:876 Попытка очистки таблицы
07-03-18 at 16:48:26:877 Попытка очистки успешна
07-03-18 at 16:48:26:877 114
07-03-18 at 16:48:26:877 014
07-03-18 at 16:48:26:877 Попытка очистки таблицы
07-03-18 at 16:48:26:878 Попытка очистки успешна
07-03-18 at 16:48:26:878 114
07-03-18 at 16:48:26:878 014
07-03-18 at 16:48:26:878 Попытка очистки таблицы
07-03-18 at 16:48:26:879 Попытка очистки успешна
07-03-18 at 16:48:26:879 114
07-03-18 at 16:48:26:879 014
07-03-18 at 16:48:26:879 Попытка очистки таблицы
07-03-18 at 16:48:26:879 Попытка очистки успешна
07-03-18 at 16:48:26:880 114
07-03-18 at 16:48:26:880 014
07-03-18 at 16:48:26:880 Попытка очистки таблицы
07-03-18 at 16:48:26:880 Попытка очистки успешна
07-03-18 at 16:48:26:881 114
07-03-18 at 16:48:26:881 014
07-03-18 at 16:48:26:881 Попытка очистки таблицы
07-03-18 at 16:48:26:881 Попытка очистки успешна
07-03-18 at 16:48:26:882 114
07-03-18 at 16:48:26:882 014
07-03-18 at 16:48:26:882 Попытка очистки таблицы
07-03-18 at 16:48:26:882 Попытка очистки успешна
07-03-18 at 16:48:26:883 114
07-03-18 at 16:48:26:883 014
07-03-18 at 16:48:26:883 Попытка очистки таблицы
07-03-18 at 16:48:26:883 Попытка очистки успешна
07-03-18 at 16:48:26:883 114
07-03-18 at 16:48:26:884 014
07-03-18 at 16:48:26:884 Попытка очистки таблицы
07-03-18 at 16:48:26:884 Попытка очистки успешна
07-03-18 at 16:48:26:885 114
07-03-18 at 16:48:26:885 014
07-03-18 at 16:48:26:885 Попытка очистки таблицы
07-03-18 at 16:48:26:885 Попытка очистки успешна
07-03-18 at 16:48:26:885 114
07-03-18 at 16:48:26:886 014
07-03-18 at 16:48:26:898 114
07-03-18 at 16:48:26:898 014
07-03-18 at 16:48:26:898 101
07-03-18 at 16:48:26:898 001
07-03-18 at 16:48:26:899 total calculated
07-03-18 at 16:48:26:900 now show on display
07-03-18 at 16:48:26:900 * Обои Палитра   350Всего:        350.00
07-03-18 at 16:48:26:901 now clear port error ...
07-03-18 at 16:48:26:901 now write to port ...
07-03-18 at 16:48:27:045 ... done
07-03-18 at 16:48:27:896 114
07-03-18 at 16:48:27:896 014
07-03-18 at 16:48:27:896 114
07-03-18 at 16:48:27:896 014
07-03-18 at 16:48:27:897 Попытка очистки таблицы
07-03-18 at 16:48:27:897 Попытка очистки успешна
07-03-18 at 16:48:27:897 114
07-03-18 at 16:48:27:897 014
07-03-18 at 16:48:27:897 Попытка очистки таблицы
07-03-18 at 16:48:27:898 Попытка очистки успешна
07-03-18 at 16:48:27:898 114
07-03-18 at 16:48:27:898 014
07-03-18 at 16:48:27:898 Попытка очистки таблицы
07-03-18 at 16:48:27:899 Попытка очистки успешна
07-03-18 at 16:48:28:099 114
07-03-18 at 16:48:28:099 014
07-03-18 at 16:48:28:099 114
07-03-18 at 16:48:28:099 014
07-03-18 at 16:48:28:100 Попытка очистки таблицы
07-03-18 at 16:48:28:100 Попытка очистки успешна
07-03-18 at 16:48:28:101 total calculated
07-03-18 at 16:48:28:101 now show on display
07-03-18 at 16:48:28:101 * Обои Палитра   350Всего:        350.00
07-03-18 at 16:48:28:102 now clear port error ...
07-03-18 at 16:48:28:102 now write to port ...
07-03-18 at 16:48:28:236 ... done
07-03-18 at 16:48:28:236 114
07-03-18 at 16:48:28:236 014
07-03-18 at 16:48:28:236 Попытка очистки таблицы
07-03-18 at 16:48:28:237 Попытка очистки успешна
07-03-18 at 16:48:28:237 114
07-03-18 at 16:48:28:237 014
07-03-18 at 16:48:28:237 Попытка очистки таблицы
07-03-18 at 16:48:28:238 Попытка очистки успешна
07-03-18 at 16:48:28:238 114
07-03-18 at 16:48:28:238 014
07-03-18 at 16:48:28:238 Попытка очистки таблицы
07-03-18 at 16:48:28:238 Попытка очистки успешна
07-03-18 at 16:48:28:239 114
07-03-18 at 16:48:28:239 014
07-03-18 at 16:48:28:239 Попытка очистки таблицы
07-03-18 at 16:48:28:239 Попытка очистки успешна
07-03-18 at 16:48:28:240 114
07-03-18 at 16:48:28:240 014
07-03-18 at 16:48:28:240 Попытка очистки таблицы
07-03-18 at 16:48:28:240 Попытка очистки успешна
07-03-18 at 16:48:28:241 114
07-03-18 at 16:48:28:241 014
07-03-18 at 16:48:28:241 Попытка очистки таблицы
07-03-18 at 16:48:28:241 Попытка очистки успешна
07-03-18 at 16:48:28:242 114
07-03-18 at 16:48:28:242 014
07-03-18 at 16:48:28:242 Попытка очистки таблицы
07-03-18 at 16:48:28:242 Попытка очистки успешна
07-03-18 at 16:48:28:242 114
07-03-18 at 16:48:28:243 014
07-03-18 at 16:48:28:243 Попытка очистки таблицы
07-03-18 at 16:48:28:243 Попытка очистки успешна
07-03-18 at 16:48:28:243 114
07-03-18 at 16:48:28:243 014
07-03-18 at 16:48:28:244 Попытка очистки таблицы
07-03-18 at 16:48:28:244 Попытка очистки успешна
07-03-18 at 16:48:28:244 114
07-03-18 at 16:48:28:244 014
07-03-18 at 16:48:28:245 Попытка очистки таблицы
07-03-18 at 16:48:28:245 Попытка очистки успешна
07-03-18 at 16:48:28:245 114
07-03-18 at 16:48:28:245 014
07-03-18 at 16:48:28:245 Попытка очистки таблицы
07-03-18 at 16:48:28:246 Попытка очистки успешна
07-03-18 at 16:48:28:246 114
07-03-18 at 16:48:28:246 014
07-03-18 at 16:48:28:246 Попытка очистки таблицы
07-03-18 at 16:48:28:246 Попытка очистки успешна
07-03-18 at 16:48:28:247 114
07-03-18 at 16:48:28:247 014
07-03-18 at 16:48:28:247 Попытка очистки таблицы
07-03-18 at 16:48:28:247 Попытка очистки успешна
07-03-18 at 16:48:28:248 114
07-03-18 at 16:48:28:248 014
07-03-18 at 16:48:28:256 114
07-03-18 at 16:48:28:256 014
07-03-18 at 16:48:28:256 101
07-03-18 at 16:48:28:256 001
07-03-18 at 16:48:28:257 total calculated
07-03-18 at 16:48:28:258 now show on display
07-03-18 at 16:48:28:258 ШТОРА  01345-17  675Всего:       1025.00
07-03-18 at 16:48:28:258 now clear port error ...
07-03-18 at 16:48:28:259 now write to port ...
07-03-18 at 16:48:28:407 ... done
07-03-18 at 16:48:28:858 114
07-03-18 at 16:48:28:858 014
07-03-18 at 16:48:28:858 114
07-03-18 at 16:48:28:858 014
07-03-18 at 16:48:28:859 Попытка очистки таблицы
07-03-18 at 16:48:28:859 Попытка очистки успешна
07-03-18 at 16:48:28:860 total calculated
07-03-18 at 16:48:28:860 now show on display
07-03-18 at 16:48:28:861 ШТОРА  01345-17  675Всего:       1025.00
07-03-18 at 16:48:28:861 now clear port error ...
07-03-18 at 16:48:28:861 now write to port ...
07-03-18 at 16:48:28:994 ... done
07-03-18 at 16:48:28:995 114
07-03-18 at 16:48:28:995 014
07-03-18 at 16:48:28:995 Попытка очистки таблицы
07-03-18 at 16:48:28:995 Попытка очистки успешна
07-03-18 at 16:48:28:996 114
07-03-18 at 16:48:28:996 014
07-03-18 at 16:48:28:996 Попытка очистки таблицы
07-03-18 at 16:48:28:996 Попытка очистки успешна
07-03-18 at 16:48:28:997 114
07-03-18 at 16:48:28:997 014
07-03-18 at 16:48:28:997 Попытка очистки таблицы
07-03-18 at 16:48:28:997 Попытка очистки успешна
07-03-18 at 16:48:28:998 114
07-03-18 at 16:48:28:998 014
07-03-18 at 16:48:28:998 Попытка очистки таблицы
07-03-18 at 16:48:28:998 Попытка очистки успешна
07-03-18 at 16:48:28:998 114
07-03-18 at 16:48:28:999 014
07-03-18 at 16:48:28:999 Попытка очистки таблицы
07-03-18 at 16:48:28:999 Попытка очистки успешна
07-03-18 at 16:48:28:999 114
07-03-18 at 16:48:28:999 014
07-03-18 at 16:48:29:000 Попытка очистки таблицы
07-03-18 at 16:48:29:000 Попытка очистки успешна
07-03-18 at 16:48:29:000 114
07-03-18 at 16:48:29:000 014
07-03-18 at 16:48:29:001 Попытка очистки таблицы
07-03-18 at 16:48:29:001 Попытка очистки успешна
07-03-18 at 16:48:29:001 114
07-03-18 at 16:48:29:001 014
07-03-18 at 16:48:29:001 Попытка очистки таблицы
07-03-18 at 16:48:29:002 Попытка очистки успешна
07-03-18 at 16:48:29:002 114
07-03-18 at 16:48:29:002 014
07-03-18 at 16:48:29:002 Попытка очистки таблицы
07-03-18 at 16:48:29:002 Попытка очистки успешна
07-03-18 at 16:48:29:003 114
07-03-18 at 16:48:29:003 014
07-03-18 at 16:48:29:003 Попытка очистки таблицы
07-03-18 at 16:48:29:003 Попытка очистки успешна
07-03-18 at 16:48:29:004 114
07-03-18 at 16:48:29:004 014
07-03-18 at 16:48:29:004 Попытка очистки таблицы
07-03-18 at 16:48:29:004 Попытка очистки успешна
07-03-18 at 16:48:29:005 114
07-03-18 at 16:48:29:005 014
07-03-18 at 16:48:29:005 Попытка очистки таблицы
07-03-18 at 16:48:29:005 Попытка очистки успешна
07-03-18 at 16:48:29:005 114
07-03-18 at 16:48:29:006 014
07-03-18 at 16:48:29:006 Попытка очистки таблицы
07-03-18 at 16:48:29:006 Попытка очистки успешна
07-03-18 at 16:48:29:006 114
07-03-18 at 16:48:29:006 014
07-03-18 at 16:48:29:007 114
07-03-18 at 16:48:29:007 014
07-03-18 at 16:48:29:007 101
07-03-18 at 16:48:29:008 001
07-03-18 at 16:48:29:008 total calculated
07-03-18 at 16:48:29:009 now show on display
07-03-18 at 16:48:29:009 ШТОРА  01345-17  675Всего:       1700.00
07-03-18 at 16:48:29:010 now clear port error ...
07-03-18 at 16:48:29:010 now write to port ...
07-03-18 at 16:48:29:166 ... done
07-03-18 at 16:48:33:260  Нажата клавиша комбинированного платежа.
07-03-18 at 16:48:33:260 114
07-03-18 at 16:48:33:260 014
07-03-18 at 16:48:33:261 115
07-03-18 at 16:48:33:261 015
07-03-18 at 16:48:33:262 total calculated
07-03-18 at 16:48:33:262 now show on display
07-03-18 at 16:48:33:263 ШТОРА  01345-17  675Всего:       1700.00
07-03-18 at 16:48:33:263 now clear port error ...
07-03-18 at 16:48:33:263 now write to port ...
07-03-18 at 16:48:33:397 ... done
07-03-18 at 16:48:33:414 now clear port error ...
07-03-18 at 16:48:33:414 now write to port ...
07-03-18 at 16:48:33:568 ... done
07-03-18 at 16:48:42:546 now clear port error ...
07-03-18 at 16:48:42:546 now write to port ...
07-03-18 at 16:48:42:680 ... done
07-03-18 at 16:48:42:680 116
07-03-18 at 16:48:42:681 016
07-03-18 at 16:48:47:732  Нажата клавиша Ctrl+B
07-03-18 at 16:48:47:732  Нажата клавиша комбинированного платежа.
07-03-18 at 16:48:47:732 114
07-03-18 at 16:48:47:733 014
07-03-18 at 16:48:47:733 115
07-03-18 at 16:48:47:733 015
07-03-18 at 16:48:47:734 total calculated
07-03-18 at 16:48:47:734 now show on display
07-03-18 at 16:48:47:734 ШТОРА  01345-17  675Всего:       1700.00
07-03-18 at 16:48:47:734 now clear port error ...
07-03-18 at 16:48:47:735 now write to port ...
07-03-18 at 16:48:47:869 ... done
07-03-18 at 16:48:47:880 now clear port error ...
07-03-18 at 16:48:47:880 now write to port ...
07-03-18 at 16:48:48:041 ... done
07-03-18 at 16:48:51:186 now clear port error ...
07-03-18 at 16:48:51:187 now write to port ...
07-03-18 at 16:48:51:320 ... done
07-03-18 at 16:48:51:321 116
07-03-18 at 16:48:51:321 016
07-03-18 at 16:48:52:581  Нажата клавиша Ctrl+B
07-03-18 at 16:48:52:581  Нажата клавиша комбинированного платежа.
07-03-18 at 16:48:52:581 114
07-03-18 at 16:48:52:581 014
07-03-18 at 16:48:52:581 115
07-03-18 at 16:48:52:582 015
07-03-18 at 16:48:52:583 total calculated
07-03-18 at 16:48:52:583 now show on display
07-03-18 at 16:48:52:583 ШТОРА  01345-17  675Всего:       1700.00
07-03-18 at 16:48:52:583 now clear port error ...
07-03-18 at 16:48:52:583 now write to port ...
07-03-18 at 16:48:52:717 ... done
07-03-18 at 16:48:52:728 now clear port error ...
07-03-18 at 16:48:52:728 now write to port ...
07-03-18 at 16:48:52:889 ... done
07-03-18 at 16:48:58:195 now clear port error ...
07-03-18 at 16:48:58:195 now write to port ...
07-03-18 at 16:48:58:329 ... done
07-03-18 at 16:48:58:330 Вход в FRInit
07-03-18 at 16:48:58:330 Вход в GetStatus
07-03-18 at 16:48:58:335 Send 05 
07-03-18 at 16:48:58:350 Recived 15 
07-03-18 at 16:48:58:350 Send 06 
07-03-18 at 16:48:58:365 Send 02 05 11 1E 00 00 00 0A 
07-03-18 at 16:48:58:380 Recived 06 02 30 11 00 1E 43 31 1C B3 14 0C 11 01 14 00 B2 02 02 00 00 4E 41 00 00 01 01 10 07 03 12 10 30 3A 00 2E 5D 00 00 0B 00 00 00 00 00 EF 95 10 42 01 00 0E 
07-03-18 at 16:48:58:395 Send 06 
07-03-18 at 16:48:58:395 KKMStatus 0000
07-03-18 at 16:48:58:410 Send 05 
07-03-18 at 16:48:58:425 Recived 15 
07-03-18 at 16:48:58:425 Send 06 
07-03-18 at 16:48:58:440 Send 02 06 8D 1E 00 00 00 00 95 
07-03-18 at 16:48:58:455 Recived 06 
07-03-18 at 16:48:58:470 Recived 02 03 8D 00 1E 90 
07-03-18 at 16:48:58:485 Send 06 
07-03-18 at 16:48:58:500 Send 05 
07-03-18 at 16:48:58:515 Recived 15 
07-03-18 at 16:48:58:515 Send 06 
07-03-18 at 16:48:58:530 Send 02 0A C2 1E 00 00 00 FA C7 6A 84 15 10 
07-03-18 at 16:48:58:545 Recived 06 02 03 C2 00 1E DF 
07-03-18 at 16:48:58:560 Send 06 
07-03-18 at 16:48:58:575 Send 05 
07-03-18 at 16:48:58:590 Recived 15 
07-03-18 at 16:48:58:590 Send 06 
07-03-18 at 16:48:58:605 Send 02 2E 17 1E 00 00 00 03 3D 3D 3D 3D 3D 3D 3D 3D 3D 3D 3D 3D 3D 3D 3D 3D 3D 3D 3D 3D 3D 3D 3D 3D 3D 3D 3D 3D 3D 3D 3D 3D 3D 3D 3D 3D 3D 3D 3D 3D 24 
07-03-18 at 16:48:58:624 Recived 06 02 03 17 00 1E 0A 
07-03-18 at 16:48:58:639 Send 06 
07-03-18 at 16:48:58:654 Send 05 
07-03-18 at 16:48:58:669 Recived 15 
07-03-18 at 16:48:58:669 Send 06 
07-03-18 at 16:48:58:684 Send 02 2E 17 1E 00 00 00 03 20 20 20 20 20 20 20 D7 C5 CA 20 30 32 2D 33 38 35 34 2D 31 38 30 33 2D 30 37 31 36 2D 34 38 35 38 00 00 00 00 00 00 00 FF 
07-03-18 at 16:48:58:703 Recived 06 02 03 17 00 1E 0A 
07-03-18 at 16:48:58:718 Send 06 
07-03-18 at 16:48:58:733 Send 05 
07-03-18 at 16:48:58:748 Recived 15 
07-03-18 at 16:48:58:748 Send 06 
07-03-18 at 16:48:58:763 Send 02 2E 17 1E 00 00 00 03 3D 3D 3D 3D 3D 3D 3D 3D 3D 3D 3D 3D 3D 3D 3D 3D 3D 3D 3D 3D 3D 3D 3D 3D 3D 3D 3D 3D 3D 3D 3D 3D 3D 3D 3D 3D 3D 3D 3D 3D 24 
07-03-18 at 16:48:58:782 Recived 06 02 03 17 00 1E 0A 
07-03-18 at 16:48:58:797 Send 06 
07-03-18 at 16:48:58:812 Send 05 
07-03-18 at 16:48:58:827 Recived 15 
07-03-18 at 16:48:58:827 Send 06 
07-03-18 at 16:48:58:842 Send 02 3C 80 1E 00 00 00 E8 03 00 00 00 B8 88 00 00 00 00 01 00 00 00 2F 2F 32 38 30 37 31 30 33 30 32 30 31 38 20 2A 20 CE E1 EE E8 20 CF E0 EB E8 F2 F0 E0 20 36 30 36 33 2D 32 38 20 20 00 95 
07-03-18 at 16:48:58:861 Recived 06 02 03 80 00 1E 9D 
07-03-18 at 16:48:58:876 Send 06 
07-03-18 at 16:48:58:891 Send 05 
07-03-18 at 16:48:58:906 Recived 15 
07-03-18 at 16:48:58:906 Send 06 
07-03-18 at 16:48:58:921 Send 02 3C 80 1E 00 00 00 D0 07 00 00 00 AC 07 01 00 00 00 01 00 00 00 2F 2F 32 38 30 31 31 30 31 30 39 30 38 36 20 D8 D2 CE D0 C0 20 20 30 31 33 34 35 2D 31 37 37 20 4F 4E 20 4C 4F 4F 50 00 14 
07-03-18 at 16:48:58:940 Recived 06 02 03 80 00 1E 9D 
07-03-18 at 16:48:58:955 Send 06 
07-03-18 at 16:48:58:970 Send 05 
07-03-18 at 16:48:58:985 Recived 15 
07-03-18 at 16:48:58:985 Send 06 
07-03-18 at 16:48:59:000 Send 02 2E 17 1E 00 00 00 03 32 38 30 37 31 30 33 30 32 30 31 38 20 2A 20 CE E1 EE E8 20 CF E0 EB E8 F2 F0 E0 20 36 30 36 33 2D 32 38 20 00 00 00 00 E9 
07-03-18 at 16:48:59:019 Recived 06 02 03 17 00 1E 0A 
07-03-18 at 16:48:59:034 Send 06 
07-03-18 at 16:48:59:049 Send 05 
07-03-18 at 16:48:59:064 Recived 15 
07-03-18 at 16:48:59:064 Send 06 
07-03-18 at 16:48:59:079 Send 02 2E 17 1E 00 00 00 03 F5 31 32 20 E2 E8 ED E8 EB 20 30 2C 35 33 2A 31 30 2C 30 35 EC 20 20 20 20 20 20 20 20 20 20 20 20 20 20 20 28 F8 F2 29 E9 
07-03-18 at 16:48:59:098 Recived 06 02 03 17 00 1E 0A 
07-03-18 at 16:48:59:113 Send 06 
07-03-18 at 16:48:59:128 Send 05 
07-03-18 at 16:48:59:143 Recived 15 
07-03-18 at 16:48:59:143 Send 06 
07-03-18 at 16:48:59:158 Send 02 2E 17 1E 00 00 00 03 20 20 20 20 20 20 20 20 20 20 20 20 20 20 20 20 20 20 20 20 20 20 20 20 20 20 31 2E 30 30 30 20 58 20 33 35 30 2E 30 30 4B 
07-03-18 at 16:48:59:177 Recived 06 02 03 17 00 1E 0A 
07-03-18 at 16:48:59:192 Send 06 
07-03-18 at 16:48:59:207 Send 05 
07-03-18 at 16:48:59:222 Recived 15 
07-03-18 at 16:48:59:222 Send 06 
07-03-18 at 16:48:59:237 Send 02 2E 17 1E 00 00 00 03 D1 F3 EC EC E0 2C E2 20 F2 2E F7 2E CD C4 D1 20 31 38 25 20 20 20 20 20 20 20 20 20 20 20 20 20 3D 20 33 35 30 2E 30 30 FC 
07-03-18 at 16:48:59:256 Recived 06 02 03 17 00 1E 0A 
07-03-18 at 16:48:59:271 Send 06 
07-03-18 at 16:48:59:286 Send 05 
07-03-18 at 16:48:59:301 Recived 15 
07-03-18 at 16:48:59:301 Send 06 
07-03-18 at 16:48:59:316 Send 02 2E 17 1E 00 00 00 03 32 38 30 31 31 30 31 30 39 30 38 36 20 D8 D2 CE D0 C0 20 30 31 33 34 35 2D 31 37 37 20 4F 4E 20 4C 4F 4F 50 53 20 00 00 BD 
07-03-18 at 16:48:59:335 Recived 06 02 03 17 00 1E 0A 
07-03-18 at 16:48:59:350 Send 06 
07-03-18 at 16:48:59:365 Send 05 
07-03-18 at 16:48:59:380 Recived 15 
07-03-18 at 16:48:59:380 Send 06 
07-03-18 at 16:48:59:395 Send 02 2E 17 1E 00 00 00 03 31 34 35 2A 32 39 30 20 20 20 20 20 20 20 20 20 20 20 20 20 20 20 20 20 20 20 20 20 20 20 20 20 20 20 20 20 28 F8 F2 29 2E 
07-03-18 at 16:48:59:414 Recived 06 02 03 17 00 1E 0A 
07-03-18 at 16:48:59:429 Send 06 
07-03-18 at 16:48:59:444 Send 05 
07-03-18 at 16:48:59:459 Recived 15 
07-03-18 at 16:48:59:459 Send 06 
07-03-18 at 16:48:59:474 Send 02 2E 17 1E 00 00 00 03 20 20 20 20 20 20 20 20 20 20 20 20 20 20 20 20 20 20 20 20 20 20 20 20 20 20 32 2E 30 30 30 20 58 20 36 37 35 2E 30 30 4A 
07-03-18 at 16:48:59:493 Recived 06 02 03 17 00 1E 0A 
07-03-18 at 16:48:59:508 Send 06 
07-03-18 at 16:48:59:523 Send 05 
07-03-18 at 16:48:59:538 Recived 15 
07-03-18 at 16:48:59:538 Send 06 
07-03-18 at 16:48:59:553 Send 02 2E 17 1E 00 00 00 03 D1 F3 EC EC E0 2C E2 20 F2 2E F7 2E CD C4 D1 20 31 38 25 20 20 20 20 20 20 20 20 20 20 20 20 3D 20 31 33 35 30 2E 30 30 ED 
07-03-18 at 16:48:59:572 Recived 06 02 03 17 00 1E 0A 
07-03-18 at 16:48:59:587 Send 06 
07-03-18 at 16:48:59:602 Send 05 
07-03-18 at 16:48:59:617 Recived 15 
07-03-18 at 16:48:59:617 Send 06 
07-03-18 at 16:48:59:632 Send 02 2E 17 1E 00 00 00 03 00 00 00 00 00 00 00 00 00 00 00 00 00 00 00 00 00 00 00 00 00 00 00 00 00 00 00 00 00 00 00 00 00 00 00 00 00 00 00 00 24 
07-03-18 at 16:48:59:651 Recived 06 02 03 17 00 1E 0A 
07-03-18 at 16:48:59:666 Send 06 
07-03-18 at 16:48:59:670 WAIT_OBJECT_0
07-03-18 at 16:48:59:682 WritePresent
07-03-18 at 16:48:59:682 UpdateCentralCounts
07-03-18 at 16:48:59:737 UpdateCentralCounts
07-03-18 at 16:48:59:737 ActivateGiftCards(PresentGrid)
07-03-18 at 16:48:59:737 ActivateGiftCards(Grid)
07-03-18 at 16:48:59:737 GiftCardDoPayments
07-03-18 at 16:48:59:737 GiftCardClearPayments
07-03-18 at 16:48:59:737 Попытка очистки таблицы
07-03-18 at 16:48:59:738 Попытка очистки успешна
07-03-18 at 16:48:59:738 Попытка очистки таблицы
07-03-18 at 16:48:59:738 Попытка очистки успешна
07-03-18 at 16:48:59:738 total calculated
07-03-18 at 16:48:59:738 now show on display
07-03-18 at 16:48:59:738                     Всего:          0.00
07-03-18 at 16:48:59:738 now clear port error ...
07-03-18 at 16:48:59:738 now write to port ...
07-03-18 at 16:48:59:872 ... done
07-03-18 at 16:48:59:872 now clear port error ...
07-03-18 at 16:48:59:872 now write to port ...
07-03-18 at 16:49:00:044 ... done
07-03-18 at 16:49:00:044 116
07-03-18 at 16:49:00:044 016
07-03-18 at 16:49:57:231 114
07-03-18 at 16:49:57:231 014
07-03-18 at 16:49:57:231 Попытка очистки таблицы
07-03-18 at 16:49:57:232 Попытка очистки успешна
07-03-18 at 16:50:19:144 Send 05 
07-03-18 at 16:50:19:159 Recived 15 
07-03-18 at 16:50:19:159 Send 06 
07-03-18 at 16:50:19:174 Send 02 06 FF 39 1E 00 00 00 DE 
07-03-18 at 16:50:19:189 Recived 06 02 10 FF 39 00 00 00 00 00 00 00 00 00 00 00 00 00 00 D6 
07-03-18 at 16:50:19:204 Send 06 
07-03-18 at 16:52:20:341 Send 05 
07-03-18 at 16:52:20:356 Recived 15 
07-03-18 at 16:52:20:356 Send 06 
07-03-18 at 16:52:20:371 Send 02 06 FF 39 1E 00 00 00 DE 
07-03-18 at 16:52:20:386 Recived 06 02 10 FF 39 00 00 00 00 00 00 00 00 00 00 00 00 00 00 D6 
07-03-18 at 16:52:20:401 Send 06 
07-03-18 at 16:54:21:538 Send 05 
07-03-18 at 16:54:21:553 Recived 15 
07-03-18 at 16:54:21:553 Send 06 
07-03-18 at 16:54:21:568 Send 02 06 FF 39 1E 00 00 00 DE 
07-03-18 at 16:54:21:583 Recived 06 02 10 FF 39 00 00 00 00 00 00 00 00 00 00 00 00 00 00 D6 
07-03-18 at 16:54:21:598 Send 06 
07-03-18 at 16:56:22:735 Send 05 
07-03-18 at 16:56:22:750 Recived 15 
07-03-18 at 16:56:22:750 Send 06 
07-03-18 at 16:56:22:765 Send 02 06 FF 39 1E 00 00 00 DE 
07-03-18 at 16:56:22:780 Recived 06 02 10 FF 39 00 00 00 00 00 00 00 00 00 00 00 00 00 00 D6 
07-03-18 at 16:56:22:795 Send 06 
07-03-18 at 16:58:23:932 Send 05 
07-03-18 at 16:58:23:947 Recived 15 
07-03-18 at 16:58:23:947 Send 06 
07-03-18 at 16:58:23:962 Send 02 06 FF 39 1E 00 00 00 DE 
07-03-18 at 16:58:23:977 Recived 06 02 10 FF 39 00 00 00 00 00 00 00 00 00 00 00 00 00 00 D6 
07-03-18 at 16:58:23:992 Send 06 
07-03-18 at 17:00:02:533 total calculated
07-03-18 at 17:00:02:534 now show on display
07-03-18 at 17:00:02:534                     Всего:          0.00
07-03-18 at 17:00:02:534 now clear port error ...
07-03-18 at 17:00:02:534 now write to port ...
07-03-18 at 17:00:02:668 ... done
07-03-18 at 17:00:02:669 total calculated
07-03-18 at 17:00:02:669 now show on display
07-03-18 at 17:00:02:669                     Всего:          0.00
07-03-18 at 17:00:02:669 now clear port error ...
07-03-18 at 17:00:02:669 now write to port ...
07-03-18 at 17:00:02:840 ... done
07-03-18 at 17:00:02:842 111
07-03-18 at 17:00:02:842 Выход из программы
07-03-18 at 17:01:47:624 Запуск программы. Инициализация считана из файла
07-03-18 at 17:01:47:625 Платежи по картам восстановлены
07-03-18 at 17:01:47:626 total calculated
07-03-18 at 17:01:47:626 now show on display
07-03-18 at 17:01:47:626                     Всего:          0.00
07-03-18 at 17:01:47:626 now open port for display
07-03-18 at 17:01:47:627 Com port opened
07-03-18 at 17:01:47:627 now clear port error ...
07-03-18 at 17:01:47:627 now write to port ...
07-03-18 at 17:01:47:761 ... done
07-03-18 at 17:01:47:761 total calculated
07-03-18 at 17:01:47:761 now show on display
07-03-18 at 17:01:47:761                     Всего:          0.00
07-03-18 at 17:01:47:761 now clear port error ...
07-03-18 at 17:01:47:761 now write to port ...
07-03-18 at 17:01:47:934 ... done
07-03-18 at 17:01:47:934 Чек сжат
07-03-18 at 17:01:47:934 Сумма чека посчитана
07-03-18 at 17:01:47:934 Кардридер создан
07-03-18 at 17:01:47:934 Задание запуска модулей создано
07-03-18 at 17:01:47:935 Сканер создан
07-03-18 at 17:01:47:935 Регистратор создан
07-03-18 at 17:01:47:935 Часы созданы
07-03-18 at 17:01:47:936 Регистратор запущен
07-03-18 at 17:01:47:936 Сканер запущен
07-03-18 at 17:01:47:936 Часы запущены
07-03-18 at 17:01:47:936 Кардридер запущен
07-03-18 at 17:01:47:937 Передача данных запущена
07-03-18 at 17:01:47:937 Вход в FRInit
07-03-18 at 17:01:47:937 Вход в GetStatus
07-03-18 at 17:01:47:951 Send 05 
07-03-18 at 17:01:47:966 Recived 15 
07-03-18 at 17:01:47:966 Send 06 
07-03-18 at 17:01:47:981 Send 02 05 11 1E 00 00 00 0A 
07-03-18 at 17:01:47:996 Recived 06 02 30 11 00 1E 43 31 1C B3 14 0C 11 01 14 00 B2 02 08 00 00 4E 41 00 00 01 01 10 07 03 12 11 01 30 00 2E 5D 00 00 0B 00 00 00 00 00 EF 95 10 42 01 00 3E 
07-03-18 at 17:01:48:011 Send 06 
07-03-18 at 17:01:48:012 KKMStatus 0000
07-03-18 at 17:01:48:026 Send 05 
07-03-18 at 17:01:48:041 Recived 15 
07-03-18 at 17:01:48:041 Send 06 
07-03-18 at 17:01:48:056 Send 02 05 88 1E 00 00 00 93 
07-03-18 at 17:01:48:071 Recived 06 02 03 88 00 1E 95 
07-03-18 at 17:01:48:086 Send 06 
07-03-18 at 17:01:48:087 Вход в FRInit
07-03-18 at 17:01:48:087 Вход в GetStatus
07-03-18 at 17:01:48:101 Send 05 
07-03-18 at 17:01:48:116 Recived 15 
07-03-18 at 17:01:48:116 Send 06 
07-03-18 at 17:01:48:131 Send 02 05 11 1E 00 00 00 0A 
07-03-18 at 17:01:48:146 Recived 06 02 30 11 00 1E 43 31 1C B3 14 0C 11 01 14 00 B2 02 02 00 00 4E 41 00 00 01 01 10 07 03 12 11 01 30 00 2E 5D 00 00 0B 00 00 00 00 00 EF 95 10 42 01 00 34 
07-03-18 at 17:01:48:161 Send 06 
07-03-18 at 17:01:48:162 KKMStatus 0000
07-03-18 at 17:01:48:176 Send 05 
07-03-18 at 17:01:48:191 Recived 15 
07-03-18 at 17:01:48:191 Send 06 
07-03-18 at 17:01:48:206 Send 02 05 11 1E 00 00 00 0A 
07-03-18 at 17:01:48:221 Recived 06 02 30 11 00 1E 43 31 1C B3 14 0C 11 01 14 00 B2 02 02 00 00 4E 41 00 00 01 01 10 07 03 12 11 01 30 00 2E 5D 00 00 0B 00 00 00 00 00 EF 95 10 42 01 00 34 
07-03-18 at 17:01:48:236 Send 06 
07-03-18 at 17:01:48:237 KKMStatus 0200
07-03-18 at 17:01:48:237 Номер ФР считан
07-03-18 at 17:01:48:388 СУБД подключена
07-03-18 at 17:01:48:413 Send 05 
07-03-18 at 17:01:48:428 Recived 15 
07-03-18 at 17:01:48:428 Send 06 
07-03-18 at 17:01:48:443 Send 02 0A 1E 1E 00 00 00 01 01 00 01 01 0A 
07-03-18 at 17:01:48:458 Recived 06 02 02 1E 00 1C 
07-03-18 at 17:01:48:473 Send 06 
07-03-18 at 17:01:48:488 Send 05 
07-03-18 at 17:01:48:503 Recived 15 
07-03-18 at 17:01:48:503 Send 06 
07-03-18 at 17:01:48:518 Send 02 0A 1E 1E 00 00 00 01 01 00 05 02 0D 
07-03-18 at 17:01:48:533 Recived 06 02 02 1E 00 1C 
07-03-18 at 17:01:48:548 Send 06 
07-03-18 at 17:01:48:563 Send 05 
07-03-18 at 17:01:48:578 Recived 15 
07-03-18 at 17:01:48:578 Send 06 
07-03-18 at 17:01:48:593 Send 02 0A 1E 1E 00 00 00 01 01 00 23 01 28 
07-03-18 at 17:01:48:608 Recived 06 02 02 1E 00 1C 
07-03-18 at 17:01:48:623 Send 06 
07-03-18 at 17:01:48:638 Send 05 
07-03-18 at 17:01:48:653 Recived 15 
07-03-18 at 17:01:48:653 Send 06 
07-03-18 at 17:01:48:668 Send 02 0A 1E 1E 00 00 00 01 01 00 06 00 0C 
07-03-18 at 17:01:48:683 Recived 06 02 02 1E 00 1C 
07-03-18 at 17:01:48:698 Send 06 
07-03-18 at 17:01:48:713 Send 05 
07-03-18 at 17:01:48:728 Recived 15 
07-03-18 at 17:01:48:728 Send 06 
07-03-18 at 17:01:48:743 Send 02 0A 1E 1E 00 00 00 01 01 00 07 01 0C 
07-03-18 at 17:01:48:758 Recived 06 02 02 1E 00 1C 
07-03-18 at 17:01:48:773 Send 06 
07-03-18 at 17:01:48:788 Send 05 
07-03-18 at 17:01:48:803 Recived 15 
07-03-18 at 17:01:48:803 Send 06 
07-03-18 at 17:01:48:818 Send 02 0A 1E 1E 00 00 00 01 01 00 14 01 1F 
07-03-18 at 17:01:48:833 Recived 06 02 02 1E 00 1C 
07-03-18 at 17:01:48:848 Send 06 
07-03-18 at 17:01:48:863 Send 05 
07-03-18 at 17:01:48:878 Recived 15 
07-03-18 at 17:01:48:878 Send 06 
07-03-18 at 17:01:48:893 Send 02 0A 1E 1E 00 00 00 01 01 00 15 01 1E 
07-03-18 at 17:01:48:908 Recived 06 02 02 1E 00 1C 
07-03-18 at 17:01:48:923 Send 06 
07-03-18 at 17:01:48:938 Send 05 
07-03-18 at 17:01:48:953 Recived 15 
07-03-18 at 17:01:48:953 Send 06 
07-03-18 at 17:01:48:968 Send 02 0A 1E 1E 00 00 00 01 01 00 0F 00 05 
07-03-18 at 17:01:48:983 Recived 06 02 02 1E 00 1C 
07-03-18 at 17:01:48:998 Send 06 
07-03-18 at 17:01:49:013 Send 05 
07-03-18 at 17:01:49:028 Recived 15 
07-03-18 at 17:01:49:028 Send 06 
07-03-18 at 17:01:49:043 Send 02 0A 1E 1E 00 00 00 01 01 00 11 00 1B 
07-03-18 at 17:01:49:058 Recived 06 02 02 1E 00 1C 
07-03-18 at 17:01:49:073 Send 06 
07-03-18 at 17:01:49:088 Send 05 
07-03-18 at 17:01:49:103 Recived 15 
07-03-18 at 17:01:49:103 Send 06 
07-03-18 at 17:01:49:118 Send 02 0A 1E 1E 00 00 00 11 01 00 03 02 1B 
07-03-18 at 17:01:49:133 Recived 06 02 02 1E 00 1C 
07-03-18 at 17:01:49:148 Send 06 
07-03-18 at 17:01:49:163 Send 05 
07-03-18 at 17:01:49:178 Recived 15 
07-03-18 at 17:01:49:178 Send 06 
07-03-18 at 17:01:49:193 Send 02 0A 1E 1E 00 00 00 01 01 00 29 01 22 
07-03-18 at 17:01:49:208 Recived 06 02 02 1E 00 1C 
07-03-18 at 17:01:49:223 Send 06 
07-03-18 at 17:01:49:238 Send 05 
07-03-18 at 17:01:49:253 Recived 15 
07-03-18 at 17:01:49:253 Send 06 
07-03-18 at 17:01:49:268 Send 02 26 1E 1E 00 00 00 04 0C 00 01 20 20 20 20 20 20 20 20 20 20 20 C4 CE C1 D0 CE 20 CF CE C6 C0 CB CE C2 C0 D2 DC 21 00 D5 
07-03-18 at 17:01:49:286 Recived 06 02 02 1E 00 1C 
07-03-18 at 17:01:49:301 Send 06 
07-03-18 at 17:01:49:316 Send 05 
07-03-18 at 17:01:49:331 Recived 15 
07-03-18 at 17:01:49:331 Send 06 
07-03-18 at 17:01:49:346 Send 02 29 1E 1E 00 00 00 04 0D 00 01 20 20 20 20 20 20 20 20 CE CE CE 20 CA EE EC EF E0 ED E8 FF 20 27 CA CE CB CE D0 CB CE CD 27 00 CB 
07-03-18 at 17:01:49:364 Recived 06 02 02 1E 00 1C 
07-03-18 at 17:01:49:379 Send 06 
07-03-18 at 17:01:49:394 Send 05 
07-03-18 at 17:01:49:409 Recived 15 
07-03-18 at 17:01:49:409 Send 06 
07-03-18 at 17:01:49:424 Send 02 2D 1E 1E 00 00 00 04 0E 00 01 20 20 20 20 20 CC E0 E3 E0 E7 E8 ED 20 27 C2 F1 E5 20 F2 EE E2 E0 F0 FB 20 E4 EB FF 20 E4 EE EC E0 27 20 00 DE 
07-03-18 at 17:01:49:442 Recived 06 02 02 1E 00 1C 
07-03-18 at 17:01:49:457 Send 06 
07-03-18 at 17:01:49:472 now clear port error ...
07-03-18 at 17:01:49:473 now write to port ...
07-03-18 at 17:01:49:606 ... done
07-03-18 at 17:01:49:641 Send 05 
07-03-18 at 17:01:49:656 Recived 15 
07-03-18 at 17:01:49:656 Send 06 
07-03-18 at 17:01:49:671 Send 02 06 1A 1E 00 00 00 79 7B 
07-03-18 at 17:01:49:686 Recived 06 02 09 1A 00 1E 00 00 00 00 00 00 0D 
07-03-18 at 17:01:49:701 Send 06 
07-03-18 at 17:01:51:773 Cardreader  Антонов Сергей 
07-03-18 at 17:01:51:786 Send 05 
07-03-18 at 17:01:51:802 Recived 15 
07-03-18 at 17:01:51:802 Send 06 
07-03-18 at 17:01:51:818 Send 02 20 1E 1E 00 00 00 02 1E 00 02 CA E0 F1 F1 E8 F0 20 C0 ED F2 EE ED EE E2 20 D1 E5 F0 E3 E5 E9 20 00 D7 
07-03-18 at 17:01:51:836 Recived 06 02 02 1E 00 1C 
07-03-18 at 17:01:51:851 Send 06 
07-03-18 at 17:01:51:853 now clear port error ...
07-03-18 at 17:01:51:853 now write to port ...
07-03-18 at 17:01:51:986 ... done
07-03-18 at 17:01:52:781 Send 05 
07-03-18 at 17:01:52:796 Recived 15 
07-03-18 at 17:01:52:796 Send 06 
07-03-18 at 17:01:52:811 Send 02 06 FF 39 1E 00 00 00 DE 
07-03-18 at 17:01:52:826 Recived 06 02 10 FF 39 00 00 00 00 00 00 00 00 00 00 00 00 00 00 D6 
07-03-18 at 17:01:52:841 Send 06 
07-03-18 at 17:01:53:492 Попытка очистки таблицы
07-03-18 at 17:01:53:492 Попытка очистки успешна
07-03-18 at 17:01:54:640 114
07-03-18 at 17:01:54:640 014
07-03-18 at 17:01:54:640 114
07-03-18 at 17:01:54:641 014
07-03-18 at 17:01:54:641 Попытка очистки таблицы
07-03-18 at 17:01:54:641 Попытка очистки успешна
07-03-18 at 17:01:54:642 total calculated
07-03-18 at 17:01:54:642 now show on display
07-03-18 at 17:01:54:642                     Всего:          0.00
07-03-18 at 17:01:54:642 now clear port error ...
07-03-18 at 17:01:54:642 now write to port ...
07-03-18 at 17:01:54:776 ... done
07-03-18 at 17:01:54:777 114
07-03-18 at 17:01:54:777 014
07-03-18 at 17:01:54:777 Попытка очистки таблицы
07-03-18 at 17:01:54:777 Попытка очистки успешна
07-03-18 at 17:01:54:778 114
07-03-18 at 17:01:54:778 014
07-03-18 at 17:01:54:778 Попытка очистки таблицы
07-03-18 at 17:01:54:778 Попытка очистки успешна
07-03-18 at 17:01:54:779 114
07-03-18 at 17:01:54:779 014
07-03-18 at 17:01:54:779 Попытка очистки таблицы
07-03-18 at 17:01:54:779 Попытка очистки успешна
07-03-18 at 17:01:54:780 114
07-03-18 at 17:01:54:780 014
07-03-18 at 17:01:54:780 Попытка очистки таблицы
07-03-18 at 17:01:54:780 Попытка очистки успешна
07-03-18 at 17:01:54:781 114
07-03-18 at 17:01:54:781 014
07-03-18 at 17:01:54:781 Попытка очистки таблицы
07-03-18 at 17:01:54:781 Попытка очистки успешна
07-03-18 at 17:01:54:782 114
07-03-18 at 17:01:54:782 014
07-03-18 at 17:01:54:782 Попытка очистки таблицы
07-03-18 at 17:01:54:782 Попытка очистки успешна
07-03-18 at 17:01:54:782 114
07-03-18 at 17:01:54:783 014
07-03-18 at 17:01:54:783 Попытка очистки таблицы
07-03-18 at 17:01:54:783 Попытка очистки успешна
07-03-18 at 17:01:54:783 114
07-03-18 at 17:01:54:784 014
07-03-18 at 17:01:54:784 Попытка очистки таблицы
07-03-18 at 17:01:54:784 Попытка очистки успешна
07-03-18 at 17:01:54:784 114
07-03-18 at 17:01:54:785 014
07-03-18 at 17:01:54:785 Попытка очистки таблицы
07-03-18 at 17:01:54:785 Попытка очистки успешна
07-03-18 at 17:01:54:785 114
07-03-18 at 17:01:54:785 014
07-03-18 at 17:01:54:786 Попытка очистки таблицы
07-03-18 at 17:01:54:786 Попытка очистки успешна
07-03-18 at 17:01:54:786 114
07-03-18 at 17:01:54:786 014
07-03-18 at 17:01:54:787 Попытка очистки таблицы
07-03-18 at 17:01:54:787 Попытка очистки успешна
07-03-18 at 17:01:54:787 114
07-03-18 at 17:01:54:787 014
07-03-18 at 17:01:54:788 Попытка очистки таблицы
07-03-18 at 17:01:54:788 Попытка очистки успешна
07-03-18 at 17:01:54:788 114
07-03-18 at 17:01:54:788 014
07-03-18 at 17:01:54:789 Попытка очистки таблицы
07-03-18 at 17:01:54:789 Попытка очистки успешна
07-03-18 at 17:01:54:789 114
07-03-18 at 17:01:54:789 014
07-03-18 at 17:01:54:802 114
07-03-18 at 17:01:54:802 014
07-03-18 at 17:01:54:803 101
07-03-18 at 17:01:54:803 001
07-03-18 at 17:01:54:804 total calculated
07-03-18 at 17:01:54:805 now show on display
07-03-18 at 17:01:54:805 RU25194 ТЕТРАДЬ 1  7Всего:          7.00
07-03-18 at 17:01:54:805 now clear port error ...
07-03-18 at 17:01:54:806 now write to port ...
07-03-18 at 17:01:54:948 ... done
07-03-18 at 17:01:55:348 114
07-03-18 at 17:01:55:348 014
07-03-18 at 17:01:55:348 114
07-03-18 at 17:01:55:348 014
07-03-18 at 17:01:55:349 Попытка очистки таблицы
07-03-18 at 17:01:55:349 Попытка очистки успешна
07-03-18 at 17:01:55:350 total calculated
07-03-18 at 17:01:55:350 now show on display
07-03-18 at 17:01:55:350 RU25194 ТЕТРАДЬ 1  7Всего:          7.00
07-03-18 at 17:01:55:351 now clear port error ...
07-03-18 at 17:01:55:351 now write to port ...
07-03-18 at 17:01:55:484 ... done
07-03-18 at 17:01:55:485 114
07-03-18 at 17:01:55:485 014
07-03-18 at 17:01:55:485 Попытка очистки таблицы
07-03-18 at 17:01:55:486 Попытка очистки успешна
07-03-18 at 17:01:55:486 114
07-03-18 at 17:01:55:486 014
07-03-18 at 17:01:55:486 Попытка очистки таблицы
07-03-18 at 17:01:55:486 Попытка очистки успешна
07-03-18 at 17:01:55:487 114
07-03-18 at 17:01:55:487 014
07-03-18 at 17:01:55:487 Попытка очистки таблицы
07-03-18 at 17:01:55:487 Попытка очистки успешна
07-03-18 at 17:01:55:488 114
07-03-18 at 17:01:55:488 014
07-03-18 at 17:01:55:488 Попытка очистки таблицы
07-03-18 at 17:01:55:488 Попытка очистки успешна
07-03-18 at 17:01:55:488 114
07-03-18 at 17:01:55:489 014
07-03-18 at 17:01:55:489 Попытка очистки таблицы
07-03-18 at 17:01:55:489 Попытка очистки успешна
07-03-18 at 17:01:55:489 114
07-03-18 at 17:01:55:490 014
07-03-18 at 17:01:55:490 Попытка очистки таблицы
07-03-18 at 17:01:55:490 Попытка очистки успешна
07-03-18 at 17:01:55:490 114
07-03-18 at 17:01:55:490 014
07-03-18 at 17:01:55:491 Попытка очистки таблицы
07-03-18 at 17:01:55:491 Попытка очистки успешна
07-03-18 at 17:01:55:491 114
07-03-18 at 17:01:55:491 014
07-03-18 at 17:01:55:492 Попытка очистки таблицы
07-03-18 at 17:01:55:492 Попытка очистки успешна
07-03-18 at 17:01:55:492 114
07-03-18 at 17:01:55:492 014
07-03-18 at 17:01:55:492 Попытка очистки таблицы
07-03-18 at 17:01:55:493 Попытка очистки успешна
07-03-18 at 17:01:55:493 114
07-03-18 at 17:01:55:493 014
07-03-18 at 17:01:55:493 Попытка очистки таблицы
07-03-18 at 17:01:55:493 Попытка очистки успешна
07-03-18 at 17:01:55:494 114
07-03-18 at 17:01:55:494 014
07-03-18 at 17:01:55:494 Попытка очистки таблицы
07-03-18 at 17:01:55:495 Попытка очистки успешна
07-03-18 at 17:01:55:495 114
07-03-18 at 17:01:55:495 014
07-03-18 at 17:01:55:495 Попытка очистки таблицы
07-03-18 at 17:01:55:495 Попытка очистки успешна
07-03-18 at 17:01:55:496 114
07-03-18 at 17:01:55:496 014
07-03-18 at 17:01:55:496 Попытка очистки таблицы
07-03-18 at 17:01:55:497 Попытка очистки успешна
07-03-18 at 17:01:55:497 114
07-03-18 at 17:01:55:497 014
07-03-18 at 17:01:55:503 114
07-03-18 at 17:01:55:504 014
07-03-18 at 17:01:55:504 101
07-03-18 at 17:01:55:504 001
07-03-18 at 17:01:55:505 total calculated
07-03-18 at 17:01:55:506 now show on display
07-03-18 at 17:01:55:506 10775 шапочка тр  56Всего:         63.00
07-03-18 at 17:01:55:506 now clear port error ...
07-03-18 at 17:01:55:506 now write to port ...
07-03-18 at 17:01:55:656 ... done
07-03-18 at 17:01:56:007 114
07-03-18 at 17:01:56:007 014
07-03-18 at 17:01:56:007 114
07-03-18 at 17:01:56:007 014
07-03-18 at 17:01:56:008 Попытка очистки таблицы
07-03-18 at 17:01:56:008 Попытка очистки успешна
07-03-18 at 17:01:56:009 total calculated
07-03-18 at 17:01:56:010 now show on display
07-03-18 at 17:01:56:010 10775 шапочка тр  56Всего:         63.00
07-03-18 at 17:01:56:010 now clear port error ...
07-03-18 at 17:01:56:010 now write to port ...
07-03-18 at 17:01:56:144 ... done
07-03-18 at 17:01:56:144 114
07-03-18 at 17:01:56:144 014
07-03-18 at 17:01:56:145 Попытка очистки таблицы
07-03-18 at 17:01:56:145 Попытка очистки успешна
07-03-18 at 17:01:56:145 114
07-03-18 at 17:01:56:145 014
07-03-18 at 17:01:56:146 Попытка очистки таблицы
07-03-18 at 17:01:56:146 Попытка очистки успешна
07-03-18 at 17:01:56:146 114
07-03-18 at 17:01:56:146 014
07-03-18 at 17:01:56:146 Попытка очистки таблицы
07-03-18 at 17:01:56:147 Попытка очистки успешна
07-03-18 at 17:01:56:147 114
07-03-18 at 17:01:56:147 014
07-03-18 at 17:01:56:147 Попытка очистки таблицы
07-03-18 at 17:01:56:148 Попытка очистки успешна
07-03-18 at 17:01:56:148 114
07-03-18 at 17:01:56:148 014
07-03-18 at 17:01:56:148 Попытка очистки таблицы
07-03-18 at 17:01:56:148 Попытка очистки успешна
07-03-18 at 17:01:56:149 114
07-03-18 at 17:01:56:149 014
07-03-18 at 17:01:56:149 Попытка очистки таблицы
07-03-18 at 17:01:56:149 Попытка очистки успешна
07-03-18 at 17:01:56:150 114
07-03-18 at 17:01:56:150 014
07-03-18 at 17:01:56:150 Попытка очистки таблицы
07-03-18 at 17:01:56:150 Попытка очистки успешна
07-03-18 at 17:01:56:150 114
07-03-18 at 17:01:56:151 014
07-03-18 at 17:01:56:151 Попытка очистки таблицы
07-03-18 at 17:01:56:151 Попытка очистки успешна
07-03-18 at 17:01:56:151 114
07-03-18 at 17:01:56:152 014
07-03-18 at 17:01:56:152 Попытка очистки таблицы
07-03-18 at 17:01:56:152 Попытка очистки успешна
07-03-18 at 17:01:56:152 114
07-03-18 at 17:01:56:152 014
07-03-18 at 17:01:56:153 Попытка очистки таблицы
07-03-18 at 17:01:56:153 Попытка очистки успешна
07-03-18 at 17:01:56:153 114
07-03-18 at 17:01:56:153 014
07-03-18 at 17:01:56:153 Попытка очистки таблицы
07-03-18 at 17:01:56:154 Попытка очистки успешна
07-03-18 at 17:01:56:154 114
07-03-18 at 17:01:56:154 014
07-03-18 at 17:01:56:155 Попытка очистки таблицы
07-03-18 at 17:01:56:155 Попытка очистки успешна
07-03-18 at 17:01:56:155 114
07-03-18 at 17:01:56:155 014
07-03-18 at 17:01:56:155 Попытка очистки таблицы
07-03-18 at 17:01:56:156 Попытка очистки успешна
07-03-18 at 17:01:56:156 114
07-03-18 at 17:01:56:156 014
07-03-18 at 17:01:56:162 114
07-03-18 at 17:01:56:163 014
07-03-18 at 17:01:56:163 101
07-03-18 at 17:01:56:163 001
07-03-18 at 17:01:56:164 total calculated
07-03-18 at 17:01:56:165 now show on display
07-03-18 at 17:01:56:165 ШТОРА  01345-17  675Всего:        738.00
07-03-18 at 17:01:56:166 now clear port error ...
07-03-18 at 17:01:56:166 now write to port ...
07-03-18 at 17:01:56:316 ... done
07-03-18 at 17:01:57:858  Нажата клавиша комбинированного платежа.
07-03-18 at 17:01:57:858 114
07-03-18 at 17:01:57:858 014
07-03-18 at 17:01:57:859 115
07-03-18 at 17:01:57:859 015
07-03-18 at 17:01:57:860 total calculated
07-03-18 at 17:01:57:860 now show on display
07-03-18 at 17:01:57:860 ШТОРА  01345-17  675Всего:        738.00
07-03-18 at 17:01:57:861 now clear port error ...
07-03-18 at 17:01:57:861 now write to port ...
07-03-18 at 17:01:57:994 ... done
07-03-18 at 17:01:58:054 now clear port error ...
07-03-18 at 17:01:58:055 now write to port ...
07-03-18 at 17:01:58:188 ... done
07-03-18 at 17:02:00:895 now clear port error ...
07-03-18 at 17:02:00:896 now write to port ...
07-03-18 at 17:02:01:029 ... done
07-03-18 at 17:02:01:030 116
07-03-18 at 17:02:01:030 016
07-03-18 at 17:02:01:810  Нажата клавиша Ctrl+B
07-03-18 at 17:02:01:810  Нажата клавиша комбинированного платежа.
07-03-18 at 17:02:01:810 114
07-03-18 at 17:02:01:810 014
07-03-18 at 17:02:01:810 115
07-03-18 at 17:02:01:811 015
07-03-18 at 17:02:01:812 total calculated
07-03-18 at 17:02:01:812 now show on display
07-03-18 at 17:02:01:812 ШТОРА  01345-17  675Всего:        738.00
07-03-18 at 17:02:01:812 now clear port error ...
07-03-18 at 17:02:01:813 now write to port ...
07-03-18 at 17:02:01:946 ... done
07-03-18 at 17:02:01:958 now clear port error ...
07-03-18 at 17:02:01:959 now write to port ...
07-03-18 at 17:02:02:118 ... done
07-03-18 at 17:02:04:286 now clear port error ...
07-03-18 at 17:02:04:287 now write to port ...
07-03-18 at 17:02:04:420 ... done
