26-07-18 at 14:39:11:062 Запуск программы. Инициализация считана из файла
26-07-18 at 14:39:11:062 total calculated
26-07-18 at 14:39:11:063 now show on display
26-07-18 at 14:39:11:063                     Всего:          0.00
26-07-18 at 14:39:11:063 now open port for display
26-07-18 at 14:39:11:064 Com port opened
26-07-18 at 14:39:11:064 now clear port error ...
26-07-18 at 14:39:11:064 now write to port ...
26-07-18 at 14:39:11:197 ... done
26-07-18 at 14:39:11:198 Чек сжат
26-07-18 at 14:39:11:198 Сумма чека посчитана
26-07-18 at 14:39:11:199 Кардридер создан
26-07-18 at 14:39:11:199 Задание запуска модулей создано
26-07-18 at 14:39:11:200 Сканер создан
26-07-18 at 14:39:11:200 Регистратор создан
26-07-18 at 14:39:11:200 Часы созданы
26-07-18 at 14:39:11:201 Регистратор запущен
26-07-18 at 14:39:11:201 Сканер запущен
26-07-18 at 14:39:11:202 Часы запущены
26-07-18 at 14:39:11:202 Кардридер запущен
26-07-18 at 14:39:11:202 Передача данных запущена
26-07-18 at 14:39:11:203 Вход в FRInit
26-07-18 at 14:39:11:204 Вход в GetStatus
26-07-18 at 14:39:11:218 Send 05 
26-07-18 at 14:39:11:233 Recived 15 
26-07-18 at 14:39:11:233 Send 06 
26-07-18 at 14:39:11:248 Send 02 05 11 1E 00 00 00 0A 
26-07-18 at 14:39:11:263 Recived 06 02 30 11 00 1E 43 31 1C B3 14 0C 11 01 FE 00 B2 02 03 00 00 4E 41 00 00 01 01 10 1A 07 12 0E 27 0A 00 2E 5D 00 00 3B 00 00 00 00 00 EF 95 10 42 01 00 F5 
26-07-18 at 14:39:11:278 Send 06 
26-07-18 at 14:39:11:284 KKMStatus 0000
26-07-18 at 14:39:11:293 Send 05 
26-07-18 at 14:39:11:308 Recived 15 
26-07-18 at 14:39:11:308 Send 06 
26-07-18 at 14:39:11:323 Send 02 05 11 1E 00 00 00 0A 
26-07-18 at 14:39:11:338 Recived 06 02 30 11 00 1E 43 31 1C B3 14 0C 11 01 FE 00 B2 02 03 00 00 4E 41 00 00 01 01 10 1A 07 12 0E 27 0A 00 2E 5D 00 00 3B 00 00 00 00 00 EF 95 10 42 01 00 F5 
26-07-18 at 14:39:11:353 Send 06 
26-07-18 at 14:39:11:356 KKMStatus 0300
26-07-18 at 14:39:11:356 Номер ФР считан
26-07-18 at 14:39:11:545 СУБД подключена
26-07-18 at 14:39:11:583 Send 05 
26-07-18 at 14:39:11:598 Recived 15 
26-07-18 at 14:39:11:598 Send 06 
26-07-18 at 14:39:11:613 Send 02 17 1E 1E 00 00 00 05 03 00 01 CA 41 D0 D2 CE C9 20 56 49 53 41 2F 4D 43 92 
26-07-18 at 14:39:11:629 Recived 06 02 02 1E 00 1C 
26-07-18 at 14:39:11:644 Send 06 
26-07-18 at 14:39:11:659 Send 05 
26-07-18 at 14:39:11:674 Recived 15 
26-07-18 at 14:39:11:674 Send 06 
26-07-18 at 14:39:11:689 Send 02 18 1E 1E 00 00 00 05 04 00 01 C4 D0 D3 C3 C8 CC C8 20 CA C0 D0 D2 C0 CC C8 3C 
26-07-18 at 14:39:11:705 Recived 06 02 02 1E 00 1C 
26-07-18 at 14:39:11:720 Send 06 
26-07-18 at 14:39:11:735 Send 05 
26-07-18 at 14:39:11:750 Recived 15 
26-07-18 at 14:39:11:750 Send 06 
26-07-18 at 14:39:11:765 Send 02 0A 1E 1E 00 00 00 01 01 00 01 01 0A 
26-07-18 at 14:39:11:780 Recived 06 02 02 1E 00 1C 
26-07-18 at 14:39:11:795 Send 06 
26-07-18 at 14:39:11:810 Send 05 
26-07-18 at 14:39:11:825 Recived 15 
26-07-18 at 14:39:11:825 Send 06 
26-07-18 at 14:39:11:840 Send 02 0A 1E 1E 00 00 00 01 01 00 05 02 0D 
26-07-18 at 14:39:11:855 Recived 06 02 02 1E 00 1C 
26-07-18 at 14:39:11:870 Send 06 
26-07-18 at 14:39:11:885 Send 05 
26-07-18 at 14:39:11:900 Recived 15 
26-07-18 at 14:39:11:900 Send 06 
26-07-18 at 14:39:11:915 Send 02 0A 1E 1E 00 00 00 01 01 00 23 01 28 
26-07-18 at 14:39:11:930 Recived 06 02 02 1E 00 1C 
26-07-18 at 14:39:11:945 Send 06 
26-07-18 at 14:39:11:960 Send 05 
26-07-18 at 14:39:11:975 Recived 15 
26-07-18 at 14:39:11:975 Send 06 
26-07-18 at 14:39:11:990 Send 02 0A 1E 1E 00 00 00 01 01 00 06 00 0C 
26-07-18 at 14:39:12:005 Recived 06 02 02 1E 00 1C 
26-07-18 at 14:39:12:020 Send 06 
26-07-18 at 14:39:12:035 Send 05 
26-07-18 at 14:39:12:050 Recived 15 
26-07-18 at 14:39:12:050 Send 06 
26-07-18 at 14:39:12:065 Send 02 0A 1E 1E 00 00 00 01 01 00 07 01 0C 
26-07-18 at 14:39:12:080 Recived 06 02 02 1E 00 1C 
26-07-18 at 14:39:12:095 Send 06 
26-07-18 at 14:39:12:110 Send 05 
26-07-18 at 14:39:12:125 Recived 15 
26-07-18 at 14:39:12:125 Send 06 
26-07-18 at 14:39:12:140 Send 02 0A 1E 1E 00 00 00 01 01 00 14 01 1F 
26-07-18 at 14:39:12:155 Recived 06 02 02 1E 00 1C 
26-07-18 at 14:39:12:170 Send 06 
26-07-18 at 14:39:12:185 Send 05 
26-07-18 at 14:39:12:200 Recived 15 
26-07-18 at 14:39:12:200 Send 06 
26-07-18 at 14:39:12:215 Send 02 0A 1E 1E 00 00 00 01 01 00 15 01 1E 
26-07-18 at 14:39:12:230 Recived 06 02 02 1E 00 1C 
26-07-18 at 14:39:12:245 Send 06 
26-07-18 at 14:39:12:260 Send 05 
26-07-18 at 14:39:12:275 Recived 15 
26-07-18 at 14:39:12:275 Send 06 
26-07-18 at 14:39:12:290 Send 02 0A 1E 1E 00 00 00 01 01 00 0F 00 05 
26-07-18 at 14:39:12:305 Recived 06 02 02 1E 00 1C 
26-07-18 at 14:39:12:320 Send 06 
26-07-18 at 14:39:12:335 Send 05 
26-07-18 at 14:39:12:350 Recived 15 
26-07-18 at 14:39:12:350 Send 06 
26-07-18 at 14:39:12:365 Send 02 0A 1E 1E 00 00 00 01 01 00 11 00 1B 
26-07-18 at 14:39:12:380 Recived 06 02 02 1E 00 1C 
26-07-18 at 14:39:12:395 Send 06 
26-07-18 at 14:39:12:410 Send 05 
26-07-18 at 14:39:12:425 Recived 15 
26-07-18 at 14:39:12:425 Send 06 
26-07-18 at 14:39:12:440 Send 02 0A 1E 1E 00 00 00 11 01 00 03 02 1B 
26-07-18 at 14:39:12:455 Recived 06 02 02 1E 00 1C 
26-07-18 at 14:39:12:470 Send 06 
26-07-18 at 14:39:12:485 Send 05 
26-07-18 at 14:39:12:500 Recived 15 
26-07-18 at 14:39:12:500 Send 06 
26-07-18 at 14:39:12:515 Send 02 0A 1E 1E 00 00 00 01 01 00 29 01 22 
26-07-18 at 14:39:12:530 Recived 06 02 02 1E 00 1C 
26-07-18 at 14:39:12:545 Send 06 
26-07-18 at 14:39:12:560 Send 05 
26-07-18 at 14:39:12:575 Recived 15 
26-07-18 at 14:39:12:575 Send 06 
26-07-18 at 14:39:12:590 Send 02 26 1E 1E 00 00 00 04 0C 00 01 20 20 20 20 20 20 20 20 20 20 20 C4 CE C1 D0 CE 20 CF CE C6 C0 CB CE C2 C0 D2 DC 21 00 D5 
26-07-18 at 14:39:12:608 Recived 06 02 02 1E 00 1C 
26-07-18 at 14:39:12:623 Send 06 
26-07-18 at 14:39:12:638 Send 05 
26-07-18 at 14:39:12:653 Recived 15 
26-07-18 at 14:39:12:653 Send 06 
26-07-18 at 14:39:12:668 Send 02 29 1E 1E 00 00 00 04 0D 00 01 20 20 20 20 20 20 20 20 CE CE CE 20 CA EE EC EF E0 ED E8 FF 20 27 CA CE CB CE D0 CB CE CD 27 00 CB 
26-07-18 at 14:39:12:686 Recived 06 02 02 1E 00 1C 
26-07-18 at 14:39:12:701 Send 06 
26-07-18 at 14:39:12:716 Send 05 
26-07-18 at 14:39:12:731 Recived 15 
26-07-18 at 14:39:12:731 Send 06 
26-07-18 at 14:39:12:746 Send 02 2D 1E 1E 00 00 00 04 0E 00 01 20 20 20 20 20 CC E0 E3 E0 E7 E8 ED 20 27 C2 F1 E5 20 F2 EE E2 E0 F0 FB 20 E4 EB FF 20 E4 EE EC E0 27 20 00 DE 
26-07-18 at 14:39:12:764 Recived 06 02 02 1E 00 1C 
26-07-18 at 14:39:12:779 Send 06 
26-07-18 at 14:39:12:928 now clear port error ...
26-07-18 at 14:39:12:928 now write to port ...
26-07-18 at 14:39:13:062 ... done
26-07-18 at 14:39:13:097 Send 05 
26-07-18 at 14:39:13:112 Recived 15 
26-07-18 at 14:39:13:112 Send 06 
26-07-18 at 14:39:13:127 Send 02 06 1A 1E 00 00 00 79 7B 
26-07-18 at 14:39:13:142 Recived 06 02 09 1A 00 1E 14 41 01 00 00 00 59 
26-07-18 at 14:39:13:157 Send 06 
26-07-18 at 14:39:15:798 Cardreader  Антонов Сергей 
26-07-18 at 14:39:15:803 Send 05 
26-07-18 at 14:39:15:820 Recived 15 
26-07-18 at 14:39:15:823 Send 06 
26-07-18 at 14:39:15:838 Send 02 20 1E 1E 00 00 00 02 1E 00 02 CA E0 F1 F1 E8 F0 20 C0 ED F2 EE ED EE E2 20 D1 E5 F0 E3 E5 E9 20 00 D7 
26-07-18 at 14:39:15:856 Recived 06 02 02 1E 00 1C 
26-07-18 at 14:39:15:871 Send 06 
26-07-18 at 14:39:15:875 now clear port error ...
26-07-18 at 14:39:15:875 now write to port ...
26-07-18 at 14:39:16:008 ... done
26-07-18 at 14:39:16:801 Send 05 
26-07-18 at 14:39:16:816 Recived 15 
26-07-18 at 14:39:16:816 Send 06 
26-07-18 at 14:39:16:831 Send 02 06 FF 39 1E 00 00 00 DE 
26-07-18 at 14:39:16:846 Recived 06 02 10 FF 39 00 00 00 00 00 00 00 00 00 00 00 00 00 00 D6 
26-07-18 at 14:39:16:861 Send 06 
26-07-18 at 14:39:18:601 Send 05 
26-07-18 at 14:39:18:616 Recived 15 
26-07-18 at 14:39:18:616 Send 06 
26-07-18 at 14:39:18:631 Send 02 2E 17 1E 00 00 00 03 20 20 CF EE E4 E0 F0 EE F7 ED FB E5 20 EA E0 F0 F2 FB 20 ED E5 20 EF F0 EE E4 E0 E2 E0 EB E8 F1 FC 00 00 00 00 00 00 00 39 
26-07-18 at 14:39:18:650 Recived 06 02 03 17 00 1E 0A 
26-07-18 at 14:39:18:665 Send 06 
26-07-18 at 14:39:18:680 Send 05 
26-07-18 at 14:39:18:695 Recived 15 
26-07-18 at 14:39:18:695 Send 06 
26-07-18 at 14:39:18:710 Send 02 2E 17 1E 00 00 00 03 2D 2D 2D 2D 2D 2D 2D 2D 2D 2D 2D 2D 2D 2D 2D 2D 2D 2D 2D 2D 2D 2D 2D 2D 2D 2D 2D 2D 2D 2D 2D 2D 2D 2D 2D 2D 2D 2D 2D 2D 24 
26-07-18 at 14:39:18:729 Recived 06 02 03 17 00 1E 0A 
26-07-18 at 14:39:18:744 Send 06 
26-07-18 at 14:39:18:759 Send 05 
26-07-18 at 14:39:18:774 Recived 15 
26-07-18 at 14:39:18:774 Send 06 
26-07-18 at 14:39:18:789 Send 02 05 41 1E 00 00 00 5A 
26-07-18 at 14:39:18:804 Recived 06 
26-07-18 at 14:39:20:079 Recived 02 03 41 00 00 42 
26-07-18 at 14:39:20:094 Send 06 
26-07-18 at 14:39:20:101 111
26-07-18 at 14:39:25:360 Send 05 
26-07-18 at 14:39:25:375 Recived 15 
26-07-18 at 14:39:25:375 Send 06 
26-07-18 at 14:39:25:390 Send 02 08 21 1E 00 00 00 0E 27 19 07 
26-07-18 at 14:39:25:405 Recived 06 02 02 21 00 23 
26-07-18 at 14:39:25:420 Send 06 
26-07-18 at 14:39:25:422 Вход в GetStatus
26-07-18 at 14:39:25:435 Send 05 
26-07-18 at 14:39:25:450 Recived 15 
26-07-18 at 14:39:25:450 Send 06 
26-07-18 at 14:39:25:465 Send 02 05 11 1E 00 00 00 0A 
26-07-18 at 14:39:25:480 Recived 06 02 30 11 00 1E 43 31 1C B3 14 0C 11 01 FF 00 B2 02 04 00 00 4E 41 00 00 01 01 10 1A 07 12 0E 27 19 00 2E 5D 00 00 3C 00 00 00 00 00 EF 95 10 42 01 00 E7 
26-07-18 at 14:39:25:495 Send 06 
26-07-18 at 14:39:25:497 KKMStatus 0000
26-07-18 at 14:39:25:510 Send 05 
26-07-18 at 14:39:25:525 Recived 15 
26-07-18 at 14:39:25:525 Send 06 
26-07-18 at 14:39:25:540 Send 02 05 E0 1E 00 00 00 FB 
26-07-18 at 14:39:25:555 Recived 06 
26-07-18 at 14:39:26:695 Recived 02 03 E0 00 1E FD 
26-07-18 at 14:39:26:710 Send 06 
26-07-18 at 14:39:37:535 114
26-07-18 at 14:39:37:535 014
26-07-18 at 14:39:37:535 total calculated
26-07-18 at 14:39:37:536 now show on display
26-07-18 at 14:39:37:536                     Всего:          0.00
26-07-18 at 14:39:37:536 now clear port error ...
26-07-18 at 14:39:37:536 now write to port ...
26-07-18 at 14:39:37:670 ... done
26-07-18 at 14:39:37:870 114
26-07-18 at 14:39:37:871 014
26-07-18 at 14:39:38:127 114
26-07-18 at 14:39:38:127 014
26-07-18 at 14:39:39:639 114
26-07-18 at 14:39:39:639 014
26-07-18 at 14:39:40:342 114
26-07-18 at 14:39:40:343 014
26-07-18 at 14:39:41:327 114
26-07-18 at 14:39:41:327 014
26-07-18 at 14:39:42:094 114
26-07-18 at 14:39:42:095 014
26-07-18 at 14:39:42:670 114
26-07-18 at 14:39:42:671 014
26-07-18 at 14:39:42:926 114
26-07-18 at 14:39:42:927 014
26-07-18 at 14:39:43:590 114
26-07-18 at 14:39:43:590 014
26-07-18 at 14:39:43:895 114
26-07-18 at 14:39:43:896 014
26-07-18 at 14:39:44:224 114
26-07-18 at 14:39:44:224 014
26-07-18 at 14:39:45:911 114
26-07-18 at 14:39:45:911 014
26-07-18 at 14:39:46:855 114
26-07-18 at 14:39:46:855 014
26-07-18 at 14:39:46:856 114
26-07-18 at 14:39:46:856 014
26-07-18 at 14:39:47:218 114
26-07-18 at 14:39:47:218 014
26-07-18 at 14:39:47:218 101
26-07-18 at 14:39:47:219 001
26-07-18 at 14:39:47:219 total calculated
26-07-18 at 14:39:47:220 now show on display
26-07-18 at 14:39:47:220 АКЦИЯ Ковровое   199Всего:          0.00
26-07-18 at 14:39:47:221 now clear port error ...
26-07-18 at 14:39:47:221 now write to port ...
26-07-18 at 14:39:47:355 ... done
26-07-18 at 14:39:51:879 114
26-07-18 at 14:39:51:879 014
26-07-18 at 14:39:52:135 114
26-07-18 at 14:39:52:135 014
26-07-18 at 14:39:52:407 114
26-07-18 at 14:39:52:407 014
26-07-18 at 14:39:52:639 114
26-07-18 at 14:39:52:639 014
26-07-18 at 14:39:54:791 114
26-07-18 at 14:39:54:792 014
26-07-18 at 14:39:54:792 102
26-07-18 at 14:39:54:793 002
26-07-18 at 14:39:54:794 total calculated
26-07-18 at 14:39:54:800 now show on display
26-07-18 at 14:39:54:800 АКЦИЯ Ковровое   199Всего:       2626.80
26-07-18 at 14:39:54:800 now clear port error ...
26-07-18 at 14:39:54:801 now write to port ...
26-07-18 at 14:39:54:934 ... done
26-07-18 at 14:39:57:704  Нажата клавиша F10.
26-07-18 at 14:39:57:704 114
26-07-18 at 14:39:57:704 014
26-07-18 at 14:39:57:704 115
26-07-18 at 14:39:57:705 015
26-07-18 at 14:39:57:706 total calculated
26-07-18 at 14:39:57:709 now show on display
26-07-18 at 14:39:57:709 АКЦИЯ Ковровое   199Всего:       2626.80
26-07-18 at 14:39:57:710 now clear port error ...
26-07-18 at 14:39:57:710 now write to port ...
26-07-18 at 14:39:57:843 ... done
26-07-18 at 14:39:57:906 now clear port error ...
26-07-18 at 14:39:57:906 now write to port ...
26-07-18 at 14:39:58:040 ... done
26-07-18 at 14:39:58:040 now clear port error ...
26-07-18 at 14:39:58:041 now write to port ...
26-07-18 at 14:39:58:212 ... done
26-07-18 at 14:41:20:346 Send 05 
26-07-18 at 14:41:20:361 Recived 15 
26-07-18 at 14:41:20:361 Send 06 
26-07-18 at 14:41:20:376 Send 02 06 FF 39 1E 00 00 00 DE 
26-07-18 at 14:41:20:391 Recived 06 02 10 FF 39 00 00 00 00 00 00 00 00 00 00 00 00 00 00 D6 
26-07-18 at 14:41:20:406 Send 06 
26-07-18 at 14:43:21:543 Send 05 
26-07-18 at 14:43:21:558 Recived 15 
26-07-18 at 14:43:21:558 Send 06 
26-07-18 at 14:43:21:573 Send 02 06 FF 39 1E 00 00 00 DE 
26-07-18 at 14:43:21:588 Recived 06 02 10 FF 39 00 00 00 00 00 00 00 00 00 00 00 00 00 00 D6 
26-07-18 at 14:43:21:603 Send 06 
26-07-18 at 14:45:22:740 Send 05 
26-07-18 at 14:45:22:755 Recived 15 
26-07-18 at 14:45:22:755 Send 06 
26-07-18 at 14:45:22:770 Send 02 06 FF 39 1E 00 00 00 DE 
26-07-18 at 14:45:22:785 Recived 06 02 10 FF 39 00 00 00 00 00 00 00 00 00 00 00 00 00 00 D6 
26-07-18 at 14:45:22:800 Send 06 
26-07-18 at 14:47:23:938 Send 05 
26-07-18 at 14:47:23:953 Recived 15 
26-07-18 at 14:47:23:953 Send 06 
26-07-18 at 14:47:23:968 Send 02 06 FF 39 1E 00 00 00 DE 
26-07-18 at 14:47:23:983 Recived 06 02 10 FF 39 00 00 00 00 00 00 00 00 00 00 00 00 00 00 D6 
26-07-18 at 14:47:23:998 Send 06 
26-07-18 at 14:49:25:135 Send 05 
26-07-18 at 14:49:25:150 Recived 15 
26-07-18 at 14:49:25:150 Send 06 
26-07-18 at 14:49:25:165 Send 02 06 FF 39 1E 00 00 00 DE 
26-07-18 at 14:49:25:180 Recived 06 02 10 FF 39 00 00 00 00 00 00 00 00 00 00 00 00 00 00 D6 
26-07-18 at 14:49:25:195 Send 06 
26-07-18 at 14:51:26:332 Send 05 
26-07-18 at 14:51:26:347 Recived 15 
26-07-18 at 14:51:26:347 Send 06 
26-07-18 at 14:51:26:362 Send 02 06 FF 39 1E 00 00 00 DE 
26-07-18 at 14:51:26:377 Recived 06 02 10 FF 39 00 00 00 00 00 00 00 00 00 00 00 00 00 00 D6 
26-07-18 at 14:51:26:392 Send 06 
26-07-18 at 14:53:27:529 Send 05 
26-07-18 at 14:53:27:544 Recived 15 
26-07-18 at 14:53:27:544 Send 06 
26-07-18 at 14:53:27:559 Send 02 06 FF 39 1E 00 00 00 DE 
26-07-18 at 14:53:27:574 Recived 06 02 10 FF 39 00 00 00 00 00 00 00 00 00 00 00 00 00 00 D6 
26-07-18 at 14:53:27:589 Send 06 
26-07-18 at 14:55:28:726 Send 05 
26-07-18 at 14:55:28:741 Recived 15 
26-07-18 at 14:55:28:741 Send 06 
26-07-18 at 14:55:28:756 Send 02 06 FF 39 1E 00 00 00 DE 
26-07-18 at 14:55:28:771 Recived 06 02 10 FF 39 00 00 00 00 00 00 00 00 00 00 00 00 00 00 D6 
26-07-18 at 14:55:28:786 Send 06 
26-07-18 at 14:57:29:923 Send 05 
26-07-18 at 14:57:29:938 Recived 15 
26-07-18 at 14:57:29:938 Send 06 
26-07-18 at 14:57:29:953 Send 02 06 FF 39 1E 00 00 00 DE 
26-07-18 at 14:57:29:968 Recived 06 02 10 FF 39 00 00 00 00 00 00 00 00 00 00 00 00 00 00 D6 
26-07-18 at 14:57:29:983 Send 06 
26-07-18 at 14:59:31:120 Send 05 
26-07-18 at 14:59:31:135 Recived 15 
26-07-18 at 14:59:31:135 Send 06 
26-07-18 at 14:59:31:150 Send 02 06 FF 39 1E 00 00 00 DE 
26-07-18 at 14:59:31:165 Recived 06 02 10 FF 39 00 00 00 00 00 00 00 00 00 00 00 00 00 00 D6 
26-07-18 at 14:59:31:180 Send 06 
26-07-18 at 15:01:32:317 Send 05 
26-07-18 at 15:01:32:332 Recived 15 
26-07-18 at 15:01:32:332 Send 06 
26-07-18 at 15:01:32:347 Send 02 06 FF 39 1E 00 00 00 DE 
26-07-18 at 15:01:32:362 Recived 06 02 10 FF 39 00 00 00 00 00 00 00 00 00 00 00 00 00 00 D6 
26-07-18 at 15:01:32:377 Send 06 
26-07-18 at 15:03:33:514 Send 05 
26-07-18 at 15:03:33:529 Recived 15 
26-07-18 at 15:03:33:529 Send 06 
26-07-18 at 15:03:33:544 Send 02 06 FF 39 1E 00 00 00 DE 
26-07-18 at 15:03:33:559 Recived 06 02 10 FF 39 00 00 00 00 00 00 00 00 00 00 00 00 00 00 D6 
26-07-18 at 15:03:33:574 Send 06 
26-07-18 at 15:05:34:712 Send 05 
26-07-18 at 15:05:34:727 Recived 15 
26-07-18 at 15:05:34:727 Send 06 
26-07-18 at 15:05:34:742 Send 02 06 FF 39 1E 00 00 00 DE 
26-07-18 at 15:05:34:757 Recived 06 02 10 FF 39 00 00 00 00 00 00 00 00 00 00 00 00 00 00 D6 
26-07-18 at 15:05:34:772 Send 06 
26-07-18 at 15:07:35:909 Send 05 
26-07-18 at 15:07:35:924 Recived 15 
26-07-18 at 15:07:35:924 Send 06 
26-07-18 at 15:07:35:939 Send 02 06 FF 39 1E 00 00 00 DE 
26-07-18 at 15:07:35:954 Recived 06 02 10 FF 39 00 00 00 00 00 00 00 00 00 00 00 00 00 00 D6 
26-07-18 at 15:07:35:969 Send 06 
26-07-18 at 15:09:37:106 Send 05 
26-07-18 at 15:09:37:121 Recived 15 
26-07-18 at 15:09:37:121 Send 06 
26-07-18 at 15:09:37:136 Send 02 06 FF 39 1E 00 00 00 DE 
26-07-18 at 15:09:37:151 Recived 06 02 10 FF 39 00 00 00 00 00 00 00 00 00 00 00 00 00 00 D6 
26-07-18 at 15:09:37:166 Send 06 
26-07-18 at 15:11:38:303 Send 05 
26-07-18 at 15:11:38:318 Recived 15 
26-07-18 at 15:11:38:318 Send 06 
26-07-18 at 15:11:38:333 Send 02 06 FF 39 1E 00 00 00 DE 
26-07-18 at 15:11:38:348 Recived 06 02 10 FF 39 00 00 00 00 00 00 00 00 00 00 00 00 00 00 D6 
26-07-18 at 15:11:38:363 Send 06 
26-07-18 at 15:13:39:500 Send 05 
26-07-18 at 15:13:39:515 Recived 15 
26-07-18 at 15:13:39:515 Send 06 
26-07-18 at 15:13:39:530 Send 02 06 FF 39 1E 00 00 00 DE 
26-07-18 at 15:13:39:545 Recived 06 02 10 FF 39 00 00 00 00 00 00 00 00 00 00 00 00 00 00 D6 
26-07-18 at 15:13:39:560 Send 06 
26-07-18 at 15:15:40:697 Send 05 
26-07-18 at 15:15:40:712 Recived 15 
26-07-18 at 15:15:40:712 Send 06 
26-07-18 at 15:15:40:727 Send 02 06 FF 39 1E 00 00 00 DE 
26-07-18 at 15:15:40:742 Recived 06 02 10 FF 39 00 00 00 00 00 00 00 00 00 00 00 00 00 00 D6 
26-07-18 at 15:15:40:757 Send 06 
26-07-18 at 15:17:41:894 Send 05 
26-07-18 at 15:17:41:909 Recived 15 
26-07-18 at 15:17:41:909 Send 06 
26-07-18 at 15:17:41:924 Send 02 06 FF 39 1E 00 00 00 DE 
26-07-18 at 15:17:41:939 Recived 06 02 10 FF 39 00 00 00 00 00 00 00 00 00 00 00 00 00 00 D6 
26-07-18 at 15:17:41:954 Send 06 
26-07-18 at 15:19:43:091 Send 05 
26-07-18 at 15:19:43:106 Recived 15 
26-07-18 at 15:19:43:106 Send 06 
26-07-18 at 15:19:43:121 Send 02 06 FF 39 1E 00 00 00 DE 
26-07-18 at 15:19:43:136 Recived 06 02 10 FF 39 00 00 00 00 00 00 00 00 00 00 00 00 00 00 D6 
26-07-18 at 15:19:43:151 Send 06 
26-07-18 at 15:21:44:289 Send 05 
26-07-18 at 15:21:44:304 Recived 15 
26-07-18 at 15:21:44:304 Send 06 
26-07-18 at 15:21:44:319 Send 02 06 FF 39 1E 00 00 00 DE 
26-07-18 at 15:21:44:334 Recived 06 02 10 FF 39 00 00 00 00 00 00 00 00 00 00 00 00 00 00 D6 
26-07-18 at 15:21:44:349 Send 06 
26-07-18 at 15:23:45:486 Send 05 
26-07-18 at 15:23:45:501 Recived 15 
26-07-18 at 15:23:45:501 Send 06 
26-07-18 at 15:23:45:516 Send 02 06 FF 39 1E 00 00 00 DE 
26-07-18 at 15:23:45:531 Recived 06 02 10 FF 39 00 00 00 00 00 00 00 00 00 00 00 00 00 00 D6 
26-07-18 at 15:23:45:546 Send 06 
26-07-18 at 15:25:46:683 Send 05 
26-07-18 at 15:25:46:698 Recived 15 
26-07-18 at 15:25:46:698 Send 06 
26-07-18 at 15:25:46:713 Send 02 06 FF 39 1E 00 00 00 DE 
26-07-18 at 15:25:46:728 Recived 06 02 10 FF 39 00 00 00 00 00 00 00 00 00 00 00 00 00 00 D6 
26-07-18 at 15:25:46:743 Send 06 
26-07-18 at 15:27:47:880 Send 05 
26-07-18 at 15:27:47:895 Recived 15 
26-07-18 at 15:27:47:895 Send 06 
26-07-18 at 15:27:47:910 Send 02 06 FF 39 1E 00 00 00 DE 
26-07-18 at 15:27:47:925 Recived 06 02 10 FF 39 00 00 00 00 00 00 00 00 00 00 00 00 00 00 D6 
26-07-18 at 15:27:47:940 Send 06 
26-07-18 at 15:29:49:077 Send 05 
26-07-18 at 15:29:49:092 Recived 15 
26-07-18 at 15:29:49:092 Send 06 
26-07-18 at 15:29:49:107 Send 02 06 FF 39 1E 00 00 00 DE 
26-07-18 at 15:29:49:122 Recived 06 02 10 FF 39 00 00 00 00 00 00 00 00 00 00 00 00 00 00 D6 
26-07-18 at 15:29:49:137 Send 06 
26-07-18 at 15:31:50:274 Send 05 
26-07-18 at 15:31:50:289 Recived 15 
26-07-18 at 15:31:50:289 Send 06 
26-07-18 at 15:31:50:304 Send 02 06 FF 39 1E 00 00 00 DE 
26-07-18 at 15:31:50:319 Recived 06 02 10 FF 39 00 00 00 00 00 00 00 00 00 00 00 00 00 00 D6 
26-07-18 at 15:31:50:334 Send 06 
26-07-18 at 15:33:51:471 Send 05 
26-07-18 at 15:33:51:486 Recived 15 
26-07-18 at 15:33:51:486 Send 06 
26-07-18 at 15:33:51:501 Send 02 06 FF 39 1E 00 00 00 DE 
26-07-18 at 15:33:51:516 Recived 06 02 10 FF 39 00 00 00 00 00 00 00 00 00 00 00 00 00 00 D6 
26-07-18 at 15:33:51:531 Send 06 
26-07-18 at 15:35:52:668 Send 05 
26-07-18 at 15:35:52:683 Recived 15 
26-07-18 at 15:35:52:683 Send 06 
26-07-18 at 15:35:52:698 Send 02 06 FF 39 1E 00 00 00 DE 
26-07-18 at 15:35:52:713 Recived 06 02 10 FF 39 00 00 00 00 00 00 00 00 00 00 00 00 00 00 D6 
26-07-18 at 15:35:52:728 Send 06 
26-07-18 at 15:37:53:865 Send 05 
26-07-18 at 15:37:53:880 Recived 15 
26-07-18 at 15:37:53:880 Send 06 
26-07-18 at 15:37:53:895 Send 02 06 FF 39 1E 00 00 00 DE 
26-07-18 at 15:37:53:910 Recived 06 02 10 FF 39 00 00 00 00 00 00 00 00 00 00 00 00 00 00 D6 
26-07-18 at 15:37:53:925 Send 06 
26-07-18 at 15:39:55:063 Send 05 
26-07-18 at 15:39:55:078 Recived 15 
26-07-18 at 15:39:55:078 Send 06 
26-07-18 at 15:39:55:093 Send 02 06 FF 39 1E 00 00 00 DE 
26-07-18 at 15:39:55:108 Recived 06 02 10 FF 39 00 00 00 00 00 00 00 00 00 00 00 00 00 00 D6 
26-07-18 at 15:39:55:123 Send 06 
26-07-18 at 15:41:56:260 Send 05 
26-07-18 at 15:41:56:275 Recived 15 
26-07-18 at 15:41:56:275 Send 06 
26-07-18 at 15:41:56:290 Send 02 06 FF 39 1E 00 00 00 DE 
26-07-18 at 15:41:56:305 Recived 06 02 10 FF 39 00 00 00 00 00 00 00 00 00 00 00 00 00 00 D6 
26-07-18 at 15:41:56:320 Send 06 
26-07-18 at 15:43:57:457 Send 05 
26-07-18 at 15:43:57:472 Recived 15 
26-07-18 at 15:43:57:472 Send 06 
26-07-18 at 15:43:57:487 Send 02 06 FF 39 1E 00 00 00 DE 
26-07-18 at 15:43:57:502 Recived 06 02 10 FF 39 00 00 00 00 00 00 00 00 00 00 00 00 00 00 D6 
26-07-18 at 15:43:57:517 Send 06 
26-07-18 at 15:45:58:654 Send 05 
26-07-18 at 15:45:58:669 Recived 15 
26-07-18 at 15:45:58:669 Send 06 
26-07-18 at 15:45:58:684 Send 02 06 FF 39 1E 00 00 00 DE 
26-07-18 at 15:45:58:699 Recived 06 02 10 FF 39 00 00 00 00 00 00 00 00 00 00 00 00 00 00 D6 
26-07-18 at 15:45:58:714 Send 06 
26-07-18 at 15:47:59:851 Send 05 
26-07-18 at 15:47:59:866 Recived 15 
26-07-18 at 15:47:59:866 Send 06 
26-07-18 at 15:47:59:881 Send 02 06 FF 39 1E 00 00 00 DE 
26-07-18 at 15:47:59:896 Recived 06 02 10 FF 39 00 00 00 00 00 00 00 00 00 00 00 00 00 00 D6 
26-07-18 at 15:47:59:911 Send 06 
26-07-18 at 15:50:01:048 Send 05 
26-07-18 at 15:50:01:063 Recived 15 
26-07-18 at 15:50:01:063 Send 06 
26-07-18 at 15:50:01:078 Send 02 06 FF 39 1E 00 00 00 DE 
26-07-18 at 15:50:01:093 Recived 06 02 10 FF 39 00 00 00 00 00 00 00 00 00 00 00 00 00 00 D6 
26-07-18 at 15:50:01:108 Send 06 
26-07-18 at 15:52:02:245 Send 05 
26-07-18 at 15:52:02:260 Recived 15 
26-07-18 at 15:52:02:260 Send 06 
26-07-18 at 15:52:02:275 Send 02 06 FF 39 1E 00 00 00 DE 
26-07-18 at 15:52:02:290 Recived 06 02 10 FF 39 00 00 00 00 00 00 00 00 00 00 00 00 00 00 D6 
26-07-18 at 15:52:02:305 Send 06 
26-07-18 at 15:54:03:442 Send 05 
26-07-18 at 15:54:03:457 Recived 15 
26-07-18 at 15:54:03:457 Send 06 
26-07-18 at 15:54:03:472 Send 02 06 FF 39 1E 00 00 00 DE 
26-07-18 at 15:54:03:487 Recived 06 02 10 FF 39 00 00 00 00 00 00 00 00 00 00 00 00 00 00 D6 
26-07-18 at 15:54:03:502 Send 06 
26-07-18 at 15:56:04:640 Send 05 
26-07-18 at 15:56:04:655 Recived 15 
26-07-18 at 15:56:04:655 Send 06 
26-07-18 at 15:56:04:670 Send 02 06 FF 39 1E 00 00 00 DE 
26-07-18 at 15:56:04:685 Recived 06 02 10 FF 39 00 00 00 00 00 00 00 00 00 00 00 00 00 00 D6 
26-07-18 at 15:56:04:700 Send 06 
26-07-18 at 15:58:05:837 Send 05 
26-07-18 at 15:58:05:852 Recived 15 
26-07-18 at 15:58:05:852 Send 06 
26-07-18 at 15:58:05:867 Send 02 06 FF 39 1E 00 00 00 DE 
26-07-18 at 15:58:05:882 Recived 06 02 10 FF 39 00 00 00 00 00 00 00 00 00 00 00 00 00 00 D6 
26-07-18 at 15:58:05:897 Send 06 
26-07-18 at 16:00:07:034 Send 05 
26-07-18 at 16:00:07:049 Recived 15 
26-07-18 at 16:00:07:049 Send 06 
26-07-18 at 16:00:07:064 Send 02 06 FF 39 1E 00 00 00 DE 
26-07-18 at 16:00:07:079 Recived 06 02 10 FF 39 00 00 00 00 00 00 00 00 00 00 00 00 00 00 D6 
26-07-18 at 16:00:07:094 Send 06 
26-07-18 at 16:02:08:231 Send 05 
26-07-18 at 16:02:08:246 Recived 15 
26-07-18 at 16:02:08:246 Send 06 
26-07-18 at 16:02:08:261 Send 02 06 FF 39 1E 00 00 00 DE 
26-07-18 at 16:02:08:276 Recived 06 02 10 FF 39 00 00 00 00 00 00 00 00 00 00 00 00 00 00 D6 
26-07-18 at 16:02:08:291 Send 06 
26-07-18 at 16:04:09:428 Send 05 
26-07-18 at 16:04:09:443 Recived 15 
26-07-18 at 16:04:09:443 Send 06 
26-07-18 at 16:04:09:458 Send 02 06 FF 39 1E 00 00 00 DE 
26-07-18 at 16:04:09:473 Recived 06 02 10 FF 39 00 00 00 00 00 00 00 00 00 00 00 00 00 00 D6 
26-07-18 at 16:04:09:488 Send 06 
26-07-18 at 16:06:10:625 Send 05 
26-07-18 at 16:06:10:640 Recived 15 
26-07-18 at 16:06:10:640 Send 06 
26-07-18 at 16:06:10:655 Send 02 06 FF 39 1E 00 00 00 DE 
26-07-18 at 16:06:10:670 Recived 06 02 10 FF 39 00 00 00 00 00 00 00 00 00 00 00 00 00 00 D6 
26-07-18 at 16:06:10:685 Send 06 
26-07-18 at 16:08:11:822 Send 05 
26-07-18 at 16:08:11:837 Recived 15 
26-07-18 at 16:08:11:837 Send 06 
26-07-18 at 16:08:11:852 Send 02 06 FF 39 1E 00 00 00 DE 
26-07-18 at 16:08:11:867 Recived 06 02 10 FF 39 00 00 00 00 00 00 00 00 00 00 00 00 00 00 D6 
26-07-18 at 16:08:11:882 Send 06 
26-07-18 at 16:10:13:019 Send 05 
26-07-18 at 16:10:13:034 Recived 15 
26-07-18 at 16:10:13:034 Send 06 
26-07-18 at 16:10:13:049 Send 02 06 FF 39 1E 00 00 00 DE 
26-07-18 at 16:10:13:064 Recived 06 02 10 FF 39 00 00 00 00 00 00 00 00 00 00 00 00 00 00 D6 
26-07-18 at 16:10:13:079 Send 06 
26-07-18 at 16:12:14:216 Send 05 
26-07-18 at 16:12:14:231 Recived 15 
26-07-18 at 16:12:14:231 Send 06 
26-07-18 at 16:12:14:246 Send 02 06 FF 39 1E 00 00 00 DE 
26-07-18 at 16:12:14:262 Recived 06 02 10 FF 39 00 00 00 00 00 00 00 00 00 00 00 00 00 00 D6 
26-07-18 at 16:12:14:277 Send 06 
26-07-18 at 16:14:15:414 Send 05 
26-07-18 at 16:14:15:429 Recived 15 
26-07-18 at 16:14:15:429 Send 06 
26-07-18 at 16:14:15:444 Send 02 06 FF 39 1E 00 00 00 DE 
26-07-18 at 16:14:15:459 Recived 06 02 10 FF 39 00 00 00 00 00 00 00 00 00 00 00 00 00 00 D6 
26-07-18 at 16:14:15:474 Send 06 
26-07-18 at 16:16:16:611 Send 05 
26-07-18 at 16:16:16:626 Recived 15 
26-07-18 at 16:16:16:626 Send 06 
26-07-18 at 16:16:16:641 Send 02 06 FF 39 1E 00 00 00 DE 
26-07-18 at 16:16:16:656 Recived 06 02 10 FF 39 00 00 00 00 00 00 00 00 00 00 00 00 00 00 D6 
26-07-18 at 16:16:16:671 Send 06 
26-07-18 at 16:18:17:808 Send 05 
26-07-18 at 16:18:17:823 Recived 15 
26-07-18 at 16:18:17:823 Send 06 
26-07-18 at 16:18:17:838 Send 02 06 FF 39 1E 00 00 00 DE 
26-07-18 at 16:18:17:853 Recived 06 02 10 FF 39 00 00 00 00 00 00 00 00 00 00 00 00 00 00 D6 
26-07-18 at 16:18:17:868 Send 06 
26-07-18 at 16:20:19:005 Send 05 
26-07-18 at 16:20:19:020 Recived 15 
26-07-18 at 16:20:19:020 Send 06 
26-07-18 at 16:20:19:035 Send 02 06 FF 39 1E 00 00 00 DE 
26-07-18 at 16:20:19:050 Recived 06 02 10 FF 39 00 00 00 00 00 00 00 00 00 00 00 00 00 00 D6 
26-07-18 at 16:20:19:065 Send 06 
26-07-18 at 16:22:20:202 Send 05 
26-07-18 at 16:22:20:217 Recived 15 
26-07-18 at 16:22:20:217 Send 06 
26-07-18 at 16:22:20:232 Send 02 06 FF 39 1E 00 00 00 DE 
26-07-18 at 16:22:20:247 Recived 06 02 10 FF 39 00 00 00 00 00 00 00 00 00 00 00 00 00 00 D6 
26-07-18 at 16:22:20:262 Send 06 
26-07-18 at 16:24:21:399 Send 05 
26-07-18 at 16:24:21:414 Recived 15 
26-07-18 at 16:24:21:414 Send 06 
26-07-18 at 16:24:21:429 Send 02 06 FF 39 1E 00 00 00 DE 
26-07-18 at 16:24:21:444 Recived 06 02 10 FF 39 00 00 00 00 00 00 00 00 00 00 00 00 00 00 D6 
26-07-18 at 16:24:21:459 Send 06 
26-07-18 at 16:26:22:596 Send 05 
26-07-18 at 16:26:22:611 Recived 15 
26-07-18 at 16:26:22:611 Send 06 
26-07-18 at 16:26:22:626 Send 02 06 FF 39 1E 00 00 00 DE 
26-07-18 at 16:26:22:641 Recived 06 02 10 FF 39 00 00 00 00 00 00 00 00 00 00 00 00 00 00 D6 
26-07-18 at 16:26:22:656 Send 06 
26-07-18 at 16:28:23:793 Send 05 
26-07-18 at 16:28:23:808 Recived 15 
26-07-18 at 16:28:23:808 Send 06 
26-07-18 at 16:28:23:823 Send 02 06 FF 39 1E 00 00 00 DE 
26-07-18 at 16:28:23:838 Recived 06 02 10 FF 39 00 00 00 00 00 00 00 00 00 00 00 00 00 00 D6 
26-07-18 at 16:28:23:853 Send 06 
26-07-18 at 16:30:24:991 Send 05 
26-07-18 at 16:30:25:006 Recived 15 
26-07-18 at 16:30:25:006 Send 06 
26-07-18 at 16:30:25:021 Send 02 06 FF 39 1E 00 00 00 DE 
26-07-18 at 16:30:25:036 Recived 06 02 10 FF 39 00 00 00 00 00 00 00 00 00 00 00 00 00 00 D6 
26-07-18 at 16:30:25:051 Send 06 
26-07-18 at 16:32:26:188 Send 05 
26-07-18 at 16:32:26:203 Recived 15 
26-07-18 at 16:32:26:203 Send 06 
26-07-18 at 16:32:26:218 Send 02 06 FF 39 1E 00 00 00 DE 
26-07-18 at 16:32:26:233 Recived 06 02 10 FF 39 00 00 00 00 00 00 00 00 00 00 00 00 00 00 D6 
26-07-18 at 16:32:26:248 Send 06 
26-07-18 at 16:34:27:385 Send 05 
26-07-18 at 16:34:27:400 Recived 15 
26-07-18 at 16:34:27:400 Send 06 
26-07-18 at 16:34:27:415 Send 02 06 FF 39 1E 00 00 00 DE 
26-07-18 at 16:34:27:430 Recived 06 02 10 FF 39 00 00 00 00 00 00 00 00 00 00 00 00 00 00 D6 
26-07-18 at 16:34:27:445 Send 06 
26-07-18 at 16:36:28:582 Send 05 
26-07-18 at 16:36:28:597 Recived 15 
26-07-18 at 16:36:28:597 Send 06 
26-07-18 at 16:36:28:612 Send 02 06 FF 39 1E 00 00 00 DE 
26-07-18 at 16:36:28:627 Recived 06 02 10 FF 39 00 00 00 00 00 00 00 00 00 00 00 00 00 00 D6 
26-07-18 at 16:36:28:642 Send 06 
26-07-18 at 16:38:29:779 Send 05 
26-07-18 at 16:38:29:794 Recived 15 
26-07-18 at 16:38:29:794 Send 06 
26-07-18 at 16:38:29:809 Send 02 06 FF 39 1E 00 00 00 DE 
26-07-18 at 16:38:29:824 Recived 06 02 10 FF 39 00 00 00 00 00 00 00 00 00 00 00 00 00 00 D6 
26-07-18 at 16:38:29:839 Send 06 
26-07-18 at 16:40:30:976 Send 05 
26-07-18 at 16:40:30:991 Recived 15 
26-07-18 at 16:40:30:991 Send 06 
26-07-18 at 16:40:31:006 Send 02 06 FF 39 1E 00 00 00 DE 
26-07-18 at 16:40:31:021 Recived 06 02 10 FF 39 00 00 00 00 00 00 00 00 00 00 00 00 00 00 D6 
26-07-18 at 16:40:31:036 Send 06 
26-07-18 at 16:42:32:173 Send 05 
26-07-18 at 16:42:32:188 Recived 15 
26-07-18 at 16:42:32:188 Send 06 
26-07-18 at 16:42:32:203 Send 02 06 FF 39 1E 00 00 00 DE 
26-07-18 at 16:42:32:218 Recived 06 02 10 FF 39 00 00 00 00 00 00 00 00 00 00 00 00 00 00 D6 
26-07-18 at 16:42:32:233 Send 06 
26-07-18 at 16:44:33:370 Send 05 
26-07-18 at 16:44:33:385 Recived 15 
26-07-18 at 16:44:33:385 Send 06 
26-07-18 at 16:44:33:400 Send 02 06 FF 39 1E 00 00 00 DE 
26-07-18 at 16:44:33:415 Recived 06 02 10 FF 39 00 00 00 00 00 00 00 00 00 00 00 00 00 00 D6 
26-07-18 at 16:44:33:430 Send 06 
26-07-18 at 16:46:34:568 Send 05 
26-07-18 at 16:46:34:583 Recived 15 
26-07-18 at 16:46:34:583 Send 06 
26-07-18 at 16:46:34:598 Send 02 06 FF 39 1E 00 00 00 DE 
26-07-18 at 16:46:34:613 Recived 06 02 10 FF 39 00 00 00 00 00 00 00 00 00 00 00 00 00 00 D6 
26-07-18 at 16:46:34:628 Send 06 
26-07-18 at 16:48:35:765 Send 05 
26-07-18 at 16:48:35:780 Recived 15 
26-07-18 at 16:48:35:780 Send 06 
26-07-18 at 16:48:35:795 Send 02 06 FF 39 1E 00 00 00 DE 
26-07-18 at 16:48:35:810 Recived 06 02 10 FF 39 00 00 00 00 00 00 00 00 00 00 00 00 00 00 D6 
26-07-18 at 16:48:35:825 Send 06 
26-07-18 at 16:50:36:962 Send 05 
26-07-18 at 16:50:36:977 Recived 15 
26-07-18 at 16:50:36:977 Send 06 
26-07-18 at 16:50:36:992 Send 02 06 FF 39 1E 00 00 00 DE 
26-07-18 at 16:50:37:007 Recived 06 02 10 FF 39 00 00 00 00 00 00 00 00 00 00 00 00 00 00 D6 
26-07-18 at 16:50:37:022 Send 06 
26-07-18 at 16:52:38:093 Send 05 
26-07-18 at 16:52:38:108 Recived 15 
26-07-18 at 16:52:38:108 Send 06 
26-07-18 at 16:52:38:123 Send 02 06 FF 39 1E 00 00 00 DE 
26-07-18 at 16:52:38:138 Recived 06 02 10 FF 39 00 00 00 00 00 00 00 00 00 00 00 00 00 00 D6 
26-07-18 at 16:52:38:153 Send 06 
26-07-18 at 16:54:39:096 Send 05 
26-07-18 at 16:54:39:111 Recived 15 
26-07-18 at 16:54:39:111 Send 06 
26-07-18 at 16:54:39:126 Send 02 06 FF 39 1E 00 00 00 DE 
26-07-18 at 16:54:39:141 Recived 06 02 10 FF 39 00 00 00 00 00 00 00 00 00 00 00 00 00 00 D6 
26-07-18 at 16:54:39:156 Send 06 
26-07-18 at 16:56:40:100 Send 05 
26-07-18 at 16:56:40:115 Recived 15 
26-07-18 at 16:56:40:115 Send 06 
26-07-18 at 16:56:40:130 Send 02 06 FF 39 1E 00 00 00 DE 
26-07-18 at 16:56:40:144 Recived 06 02 10 FF 39 00 00 00 00 00 00 00 00 00 00 00 00 00 00 D6 
26-07-18 at 16:56:40:159 Send 06 
26-07-18 at 16:58:41:207 Send 05 
26-07-18 at 16:58:41:222 Recived 15 
26-07-18 at 16:58:41:222 Send 06 
26-07-18 at 16:58:41:237 Send 02 06 FF 39 1E 00 00 00 DE 
26-07-18 at 16:58:41:252 Recived 06 02 10 FF 39 00 00 00 00 00 00 00 00 00 00 00 00 00 00 D6 
26-07-18 at 16:58:41:267 Send 06 
26-07-18 at 17:00:42:332 Send 05 
26-07-18 at 17:00:42:347 Recived 15 
26-07-18 at 17:00:42:347 Send 06 
26-07-18 at 17:00:42:362 Send 02 06 FF 39 1E 00 00 00 DE 
26-07-18 at 17:00:42:377 Recived 06 02 10 FF 39 00 00 00 00 00 00 00 00 00 00 00 00 00 00 D6 
26-07-18 at 17:00:42:392 Send 06 
26-07-18 at 17:02:43:470 Send 05 
26-07-18 at 17:02:43:485 Recived 15 
26-07-18 at 17:02:43:485 Send 06 
26-07-18 at 17:02:43:500 Send 02 06 FF 39 1E 00 00 00 DE 
26-07-18 at 17:02:43:515 Recived 06 02 10 FF 39 00 00 00 00 00 00 00 00 00 00 00 00 00 00 D6 
26-07-18 at 17:02:43:530 Send 06 
26-07-18 at 17:04:44:631 Send 05 
26-07-18 at 17:04:44:646 Recived 15 
26-07-18 at 17:04:44:646 Send 06 
26-07-18 at 17:04:44:661 Send 02 06 FF 39 1E 00 00 00 DE 
26-07-18 at 17:04:44:676 Recived 06 02 10 FF 39 00 00 00 00 00 00 00 00 00 00 00 00 00 00 D6 
26-07-18 at 17:04:44:691 Send 06 
26-07-18 at 17:06:45:792 Send 05 
26-07-18 at 17:06:45:807 Recived 15 
26-07-18 at 17:06:45:807 Send 06 
26-07-18 at 17:06:45:822 Send 02 06 FF 39 1E 00 00 00 DE 
26-07-18 at 17:06:45:837 Recived 06 02 10 FF 39 00 00 00 00 00 00 00 00 00 00 00 00 00 00 D6 
26-07-18 at 17:06:45:852 Send 06 
26-07-18 at 17:08:46:975 Send 05 
26-07-18 at 17:08:46:990 Recived 15 
26-07-18 at 17:08:46:990 Send 06 
26-07-18 at 17:08:47:005 Send 02 06 FF 39 1E 00 00 00 DE 
26-07-18 at 17:08:47:020 Recived 06 02 10 FF 39 00 00 00 00 00 00 00 00 00 00 00 00 00 00 D6 
26-07-18 at 17:08:47:035 Send 06 
26-07-18 at 17:10:48:160 Send 05 
26-07-18 at 17:10:48:175 Recived 15 
26-07-18 at 17:10:48:175 Send 06 
26-07-18 at 17:10:48:190 Send 02 06 FF 39 1E 00 00 00 DE 
26-07-18 at 17:10:48:205 Recived 06 02 10 FF 39 00 00 00 00 00 00 00 00 00 00 00 00 00 00 D6 
26-07-18 at 17:10:48:220 Send 06 
26-07-18 at 17:12:49:345 Send 05 
26-07-18 at 17:12:49:360 Recived 15 
26-07-18 at 17:12:49:360 Send 06 
26-07-18 at 17:12:49:375 Send 02 06 FF 39 1E 00 00 00 DE 
26-07-18 at 17:12:49:390 Recived 06 02 10 FF 39 00 00 00 00 00 00 00 00 00 00 00 00 00 00 D6 
26-07-18 at 17:12:49:405 Send 06 
26-07-18 at 17:14:50:530 Send 05 
26-07-18 at 17:14:50:545 Recived 15 
26-07-18 at 17:14:50:545 Send 06 
26-07-18 at 17:14:50:560 Send 02 06 FF 39 1E 00 00 00 DE 
26-07-18 at 17:14:50:575 Recived 06 02 10 FF 39 00 00 00 00 00 00 00 00 00 00 00 00 00 00 D6 
26-07-18 at 17:14:50:590 Send 06 
26-07-18 at 17:16:51:715 Send 05 
26-07-18 at 17:16:51:730 Recived 15 
26-07-18 at 17:16:51:730 Send 06 
26-07-18 at 17:16:51:745 Send 02 06 FF 39 1E 00 00 00 DE 
26-07-18 at 17:16:51:760 Recived 06 02 10 FF 39 00 00 00 00 00 00 00 00 00 00 00 00 00 00 D6 
26-07-18 at 17:16:51:775 Send 06 
26-07-18 at 17:18:52:900 Send 05 
26-07-18 at 17:18:52:915 Recived 15 
26-07-18 at 17:18:52:915 Send 06 
26-07-18 at 17:18:52:930 Send 02 06 FF 39 1E 00 00 00 DE 
26-07-18 at 17:18:52:945 Recived 06 02 10 FF 39 00 00 00 00 00 00 00 00 00 00 00 00 00 00 D6 
26-07-18 at 17:18:52:960 Send 06 
26-07-18 at 17:20:54:085 Send 05 
26-07-18 at 17:20:54:100 Recived 15 
26-07-18 at 17:20:54:100 Send 06 
26-07-18 at 17:20:54:115 Send 02 06 FF 39 1E 00 00 00 DE 
26-07-18 at 17:20:54:130 Recived 06 02 10 FF 39 00 00 00 00 00 00 00 00 00 00 00 00 00 00 D6 
26-07-18 at 17:20:54:145 Send 06 
26-07-18 at 17:22:55:270 Send 05 
26-07-18 at 17:22:55:285 Recived 15 
26-07-18 at 17:22:55:285 Send 06 
26-07-18 at 17:22:55:300 Send 02 06 FF 39 1E 00 00 00 DE 
26-07-18 at 17:22:55:315 Recived 06 02 10 FF 39 00 00 00 00 00 00 00 00 00 00 00 00 00 00 D6 
26-07-18 at 17:22:55:330 Send 06 
26-07-18 at 17:24:56:455 Send 05 
26-07-18 at 17:24:56:470 Recived 15 
26-07-18 at 17:24:56:470 Send 06 
26-07-18 at 17:24:56:485 Send 02 06 FF 39 1E 00 00 00 DE 
26-07-18 at 17:24:56:500 Recived 06 02 10 FF 39 00 00 00 00 00 00 00 00 00 00 00 00 00 00 D6 
26-07-18 at 17:24:56:515 Send 06 
26-07-18 at 17:26:57:640 Send 05 
26-07-18 at 17:26:57:655 Recived 15 
26-07-18 at 17:26:57:655 Send 06 
26-07-18 at 17:26:57:670 Send 02 06 FF 39 1E 00 00 00 DE 
26-07-18 at 17:26:57:685 Recived 06 02 10 FF 39 00 00 00 00 00 00 00 00 00 00 00 00 00 00 D6 
26-07-18 at 17:26:57:700 Send 06 
26-07-18 at 17:28:58:825 Send 05 
26-07-18 at 17:28:58:840 Recived 15 
26-07-18 at 17:28:58:840 Send 06 
26-07-18 at 17:28:58:855 Send 02 06 FF 39 1E 00 00 00 DE 
26-07-18 at 17:28:58:870 Recived 06 02 10 FF 39 00 00 00 00 00 00 00 00 00 00 00 00 00 00 D6 
26-07-18 at 17:28:58:885 Send 06 
26-07-18 at 17:31:00:010 Send 05 
26-07-18 at 17:31:00:025 Recived 15 
26-07-18 at 17:31:00:025 Send 06 
26-07-18 at 17:31:00:040 Send 02 06 FF 39 1E 00 00 00 DE 
26-07-18 at 17:31:00:055 Recived 06 02 10 FF 39 00 00 00 00 00 00 00 00 00 00 00 00 00 00 D6 
26-07-18 at 17:31:00:070 Send 06 
26-07-18 at 17:33:01:195 Send 05 
26-07-18 at 17:33:01:210 Recived 15 
26-07-18 at 17:33:01:210 Send 06 
26-07-18 at 17:33:01:225 Send 02 06 FF 39 1E 00 00 00 DE 
26-07-18 at 17:33:01:240 Recived 06 02 10 FF 39 00 00 00 00 00 00 00 00 00 00 00 00 00 00 D6 
26-07-18 at 17:33:01:255 Send 06 
26-07-18 at 17:35:02:380 Send 05 
26-07-18 at 17:35:02:395 Recived 15 
26-07-18 at 17:35:02:395 Send 06 
26-07-18 at 17:35:02:410 Send 02 06 FF 39 1E 00 00 00 DE 
26-07-18 at 17:35:02:425 Recived 06 02 10 FF 39 00 00 00 00 00 00 00 00 00 00 00 00 00 00 D6 
26-07-18 at 17:35:02:440 Send 06 
26-07-18 at 17:37:03:565 Send 05 
26-07-18 at 17:37:03:580 Recived 15 
26-07-18 at 17:37:03:580 Send 06 
26-07-18 at 17:37:03:595 Send 02 06 FF 39 1E 00 00 00 DE 
26-07-18 at 17:37:03:610 Recived 06 02 10 FF 39 00 00 00 00 00 00 00 00 00 00 00 00 00 00 D6 
26-07-18 at 17:37:03:625 Send 06 
26-07-18 at 17:39:04:750 Send 05 
26-07-18 at 17:39:04:765 Recived 15 
26-07-18 at 17:39:04:765 Send 06 
26-07-18 at 17:39:04:780 Send 02 06 FF 39 1E 00 00 00 DE 
26-07-18 at 17:39:04:795 Recived 06 02 10 FF 39 00 00 00 00 00 00 00 00 00 00 00 00 00 00 D6 
26-07-18 at 17:39:04:810 Send 06 
26-07-18 at 17:41:05:935 Send 05 
26-07-18 at 17:41:05:950 Recived 15 
26-07-18 at 17:41:05:950 Send 06 
26-07-18 at 17:41:05:965 Send 02 06 FF 39 1E 00 00 00 DE 
26-07-18 at 17:41:05:980 Recived 06 02 10 FF 39 00 00 00 00 00 00 00 00 00 00 00 00 00 00 D6 
26-07-18 at 17:41:05:995 Send 06 
26-07-18 at 17:43:07:120 Send 05 
26-07-18 at 17:43:07:135 Recived 15 
26-07-18 at 17:43:07:135 Send 06 
26-07-18 at 17:43:07:150 Send 02 06 FF 39 1E 00 00 00 DE 
26-07-18 at 17:43:07:165 Recived 06 02 10 FF 39 00 00 00 00 00 00 00 00 00 00 00 00 00 00 D6 
26-07-18 at 17:43:07:180 Send 06 
26-07-18 at 17:45:08:305 Send 05 
26-07-18 at 17:45:08:320 Recived 15 
26-07-18 at 17:45:08:320 Send 06 
26-07-18 at 17:45:08:335 Send 02 06 FF 39 1E 00 00 00 DE 
26-07-18 at 17:45:08:350 Recived 06 02 10 FF 39 00 00 00 00 00 00 00 00 00 00 00 00 00 00 D6 
26-07-18 at 17:45:08:365 Send 06 
26-07-18 at 17:47:09:490 Send 05 
26-07-18 at 17:47:09:505 Recived 15 
26-07-18 at 17:47:09:505 Send 06 
26-07-18 at 17:47:09:520 Send 02 06 FF 39 1E 00 00 00 DE 
26-07-18 at 17:47:09:535 Recived 06 02 10 FF 39 00 00 00 00 00 00 00 00 00 00 00 00 00 00 D6 
26-07-18 at 17:47:09:550 Send 06 
26-07-18 at 17:49:10:675 Send 05 
26-07-18 at 17:49:10:690 Recived 15 
26-07-18 at 17:49:10:690 Send 06 
26-07-18 at 17:49:10:705 Send 02 06 FF 39 1E 00 00 00 DE 
26-07-18 at 17:49:10:720 Recived 06 02 10 FF 39 00 00 00 00 00 00 00 00 00 00 00 00 00 00 D6 
26-07-18 at 17:49:10:735 Send 06 
26-07-18 at 17:51:11:860 Send 05 
26-07-18 at 17:51:11:875 Recived 15 
26-07-18 at 17:51:11:875 Send 06 
26-07-18 at 17:51:11:890 Send 02 06 FF 39 1E 00 00 00 DE 
26-07-18 at 17:51:11:905 Recived 06 02 10 FF 39 00 00 00 00 00 00 00 00 00 00 00 00 00 00 D6 
26-07-18 at 17:51:11:920 Send 06 
26-07-18 at 17:53:13:045 Send 05 
26-07-18 at 17:53:13:060 Recived 15 
26-07-18 at 17:53:13:060 Send 06 
26-07-18 at 17:53:13:075 Send 02 06 FF 39 1E 00 00 00 DE 
26-07-18 at 17:53:13:090 Recived 06 02 10 FF 39 00 00 00 00 00 00 00 00 00 00 00 00 00 00 D6 
26-07-18 at 17:53:13:105 Send 06 
26-07-18 at 17:55:14:230 Send 05 
26-07-18 at 17:55:14:245 Recived 15 
26-07-18 at 17:55:14:245 Send 06 
26-07-18 at 17:55:14:260 Send 02 06 FF 39 1E 00 00 00 DE 
26-07-18 at 17:55:14:275 Recived 06 02 10 FF 39 00 00 00 00 00 00 00 00 00 00 00 00 00 00 D6 
26-07-18 at 17:55:14:290 Send 06 
26-07-18 at 17:57:15:415 Send 05 
26-07-18 at 17:57:15:430 Recived 15 
26-07-18 at 17:57:15:430 Send 06 
26-07-18 at 17:57:15:445 Send 02 06 FF 39 1E 00 00 00 DE 
26-07-18 at 17:57:15:460 Recived 06 02 10 FF 39 00 00 00 00 00 00 00 00 00 00 00 00 00 00 D6 
26-07-18 at 17:57:15:475 Send 06 
26-07-18 at 17:59:16:600 Send 05 
26-07-18 at 17:59:16:615 Recived 15 
26-07-18 at 17:59:16:615 Send 06 
26-07-18 at 17:59:16:630 Send 02 06 FF 39 1E 00 00 00 DE 
26-07-18 at 17:59:16:645 Recived 06 02 10 FF 39 00 00 00 00 00 00 00 00 00 00 00 00 00 00 D6 
26-07-18 at 17:59:16:660 Send 06 
26-07-18 at 18:01:17:785 Send 05 
26-07-18 at 18:01:17:800 Recived 15 
26-07-18 at 18:01:17:800 Send 06 
26-07-18 at 18:01:17:815 Send 02 06 FF 39 1E 00 00 00 DE 
26-07-18 at 18:01:17:830 Recived 06 02 10 FF 39 00 00 00 00 00 00 00 00 00 00 00 00 00 00 D6 
26-07-18 at 18:01:17:845 Send 06 
26-07-18 at 18:03:18:970 Send 05 
26-07-18 at 18:03:18:985 Recived 15 
26-07-18 at 18:03:18:985 Send 06 
26-07-18 at 18:03:19:000 Send 02 06 FF 39 1E 00 00 00 DE 
26-07-18 at 18:03:19:015 Recived 06 02 10 FF 39 00 00 00 00 00 00 00 00 00 00 00 00 00 00 D6 
26-07-18 at 18:03:19:030 Send 06 
26-07-18 at 18:05:20:155 Send 05 
26-07-18 at 18:05:20:170 Recived 15 
26-07-18 at 18:05:20:170 Send 06 
26-07-18 at 18:05:20:185 Send 02 06 FF 39 1E 00 00 00 DE 
26-07-18 at 18:05:20:200 Recived 06 02 10 FF 39 00 00 00 00 00 00 00 00 00 00 00 00 00 00 D6 
26-07-18 at 18:05:20:215 Send 06 
26-07-18 at 18:07:21:340 Send 05 
26-07-18 at 18:07:21:355 Recived 15 
26-07-18 at 18:07:21:355 Send 06 
26-07-18 at 18:07:21:370 Send 02 06 FF 39 1E 00 00 00 DE 
26-07-18 at 18:07:21:385 Recived 06 02 10 FF 39 00 00 00 00 00 00 00 00 00 00 00 00 00 00 D6 
26-07-18 at 18:07:21:400 Send 06 
26-07-18 at 18:09:22:525 Send 05 
26-07-18 at 18:09:22:540 Recived 15 
26-07-18 at 18:09:22:540 Send 06 
26-07-18 at 18:09:22:555 Send 02 06 FF 39 1E 00 00 00 DE 
26-07-18 at 18:09:22:570 Recived 06 02 10 FF 39 00 00 00 00 00 00 00 00 00 00 00 00 00 00 D6 
26-07-18 at 18:09:22:585 Send 06 
26-07-18 at 18:11:23:710 Send 05 
26-07-18 at 18:11:23:725 Recived 15 
26-07-18 at 18:11:23:725 Send 06 
26-07-18 at 18:11:23:740 Send 02 06 FF 39 1E 00 00 00 DE 
26-07-18 at 18:11:23:755 Recived 06 02 10 FF 39 00 00 00 00 00 00 00 00 00 00 00 00 00 00 D6 
26-07-18 at 18:11:23:770 Send 06 
26-07-18 at 18:13:24:895 Send 05 
26-07-18 at 18:13:24:910 Recived 15 
26-07-18 at 18:13:24:910 Send 06 
26-07-18 at 18:13:24:925 Send 02 06 FF 39 1E 00 00 00 DE 
26-07-18 at 18:13:24:940 Recived 06 02 10 FF 39 00 00 00 00 00 00 00 00 00 00 00 00 00 00 D6 
26-07-18 at 18:13:24:955 Send 06 
26-07-18 at 18:15:26:080 Send 05 
26-07-18 at 18:15:26:095 Recived 15 
26-07-18 at 18:15:26:095 Send 06 
26-07-18 at 18:15:26:110 Send 02 06 FF 39 1E 00 00 00 DE 
26-07-18 at 18:15:26:125 Recived 06 02 10 FF 39 00 00 00 00 00 00 00 00 00 00 00 00 00 00 D6 
26-07-18 at 18:15:26:140 Send 06 
26-07-18 at 18:17:27:265 Send 05 
26-07-18 at 18:17:27:280 Recived 15 
26-07-18 at 18:17:27:280 Send 06 
26-07-18 at 18:17:27:295 Send 02 06 FF 39 1E 00 00 00 DE 
26-07-18 at 18:17:27:310 Recived 06 02 10 FF 39 00 00 00 00 00 00 00 00 00 00 00 00 00 00 D6 
26-07-18 at 18:17:27:325 Send 06 
26-07-18 at 18:19:28:450 Send 05 
26-07-18 at 18:19:28:465 Recived 15 
26-07-18 at 18:19:28:465 Send 06 
26-07-18 at 18:19:28:480 Send 02 06 FF 39 1E 00 00 00 DE 
26-07-18 at 18:19:28:495 Recived 06 02 10 FF 39 00 00 00 00 00 00 00 00 00 00 00 00 00 00 D6 
26-07-18 at 18:19:28:510 Send 06 
26-07-18 at 18:21:29:635 Send 05 
26-07-18 at 18:21:29:650 Recived 15 
26-07-18 at 18:21:29:650 Send 06 
26-07-18 at 18:21:29:665 Send 02 06 FF 39 1E 00 00 00 DE 
26-07-18 at 18:21:29:680 Recived 06 02 10 FF 39 00 00 00 00 00 00 00 00 00 00 00 00 00 00 D6 
26-07-18 at 18:21:29:695 Send 06 
26-07-18 at 18:23:30:820 Send 05 
26-07-18 at 18:23:30:835 Recived 15 
26-07-18 at 18:23:30:835 Send 06 
26-07-18 at 18:23:30:850 Send 02 06 FF 39 1E 00 00 00 DE 
26-07-18 at 18:23:30:865 Recived 06 02 10 FF 39 00 00 00 00 00 00 00 00 00 00 00 00 00 00 D6 
26-07-18 at 18:23:30:880 Send 06 
26-07-18 at 18:25:32:005 Send 05 
26-07-18 at 18:25:32:020 Recived 15 
26-07-18 at 18:25:32:020 Send 06 
26-07-18 at 18:25:32:035 Send 02 06 FF 39 1E 00 00 00 DE 
26-07-18 at 18:25:32:050 Recived 06 02 10 FF 39 00 00 00 00 00 00 00 00 00 00 00 00 00 00 D6 
26-07-18 at 18:25:32:065 Send 06 
26-07-18 at 18:27:33:190 Send 05 
26-07-18 at 18:27:33:205 Recived 15 
26-07-18 at 18:27:33:205 Send 06 
26-07-18 at 18:27:33:220 Send 02 06 FF 39 1E 00 00 00 DE 
26-07-18 at 18:27:33:235 Recived 06 02 10 FF 39 00 00 00 00 00 00 00 00 00 00 00 00 00 00 D6 
26-07-18 at 18:27:33:250 Send 06 
26-07-18 at 18:29:34:375 Send 05 
26-07-18 at 18:29:34:390 Recived 15 
26-07-18 at 18:29:34:390 Send 06 
26-07-18 at 18:29:34:405 Send 02 06 FF 39 1E 00 00 00 DE 
26-07-18 at 18:29:34:420 Recived 06 02 10 FF 39 00 00 00 00 00 00 00 00 00 00 00 00 00 00 D6 
26-07-18 at 18:29:34:435 Send 06 
26-07-18 at 18:31:35:560 Send 05 
26-07-18 at 18:31:35:575 Recived 15 
26-07-18 at 18:31:35:575 Send 06 
26-07-18 at 18:31:35:590 Send 02 06 FF 39 1E 00 00 00 DE 
26-07-18 at 18:31:35:605 Recived 06 02 10 FF 39 00 00 00 00 00 00 00 00 00 00 00 00 00 00 D6 
26-07-18 at 18:31:35:620 Send 06 
26-07-18 at 18:33:36:745 Send 05 
26-07-18 at 18:33:36:760 Recived 15 
26-07-18 at 18:33:36:760 Send 06 
26-07-18 at 18:33:36:775 Send 02 06 FF 39 1E 00 00 00 DE 
26-07-18 at 18:33:36:790 Recived 06 02 10 FF 39 00 00 00 00 00 00 00 00 00 00 00 00 00 00 D6 
26-07-18 at 18:33:36:805 Send 06 
26-07-18 at 18:35:37:930 Send 05 
26-07-18 at 18:35:37:945 Recived 15 
26-07-18 at 18:35:37:945 Send 06 
26-07-18 at 18:35:37:960 Send 02 06 FF 39 1E 00 00 00 DE 
26-07-18 at 18:35:37:975 Recived 06 02 10 FF 39 00 00 00 00 00 00 00 00 00 00 00 00 00 00 D6 
26-07-18 at 18:35:37:990 Send 06 
26-07-18 at 18:37:39:115 Send 05 
26-07-18 at 18:37:39:130 Recived 15 
26-07-18 at 18:37:39:130 Send 06 
26-07-18 at 18:37:39:145 Send 02 06 FF 39 1E 00 00 00 DE 
26-07-18 at 18:37:39:160 Recived 06 02 10 FF 39 00 00 00 00 00 00 00 00 00 00 00 00 00 00 D6 
26-07-18 at 18:37:39:175 Send 06 
26-07-18 at 18:39:40:300 Send 05 
26-07-18 at 18:39:40:315 Recived 15 
26-07-18 at 18:39:40:315 Send 06 
26-07-18 at 18:39:40:330 Send 02 06 FF 39 1E 00 00 00 DE 
26-07-18 at 18:39:40:345 Recived 06 02 10 FF 39 00 00 00 00 00 00 00 00 00 00 00 00 00 00 D6 
26-07-18 at 18:39:40:360 Send 06 
26-07-18 at 18:41:41:485 Send 05 
26-07-18 at 18:41:41:500 Recived 15 
26-07-18 at 18:41:41:500 Send 06 
26-07-18 at 18:41:41:515 Send 02 06 FF 39 1E 00 00 00 DE 
26-07-18 at 18:41:41:530 Recived 06 02 10 FF 39 00 00 00 00 00 00 00 00 00 00 00 00 00 00 D6 
26-07-18 at 18:41:41:545 Send 06 
26-07-18 at 18:43:42:670 Send 05 
26-07-18 at 18:43:42:685 Recived 15 
26-07-18 at 18:43:42:685 Send 06 
26-07-18 at 18:43:42:700 Send 02 06 FF 39 1E 00 00 00 DE 
26-07-18 at 18:43:42:715 Recived 06 02 10 FF 39 00 00 00 00 00 00 00 00 00 00 00 00 00 00 D6 
26-07-18 at 18:43:42:730 Send 06 
26-07-18 at 18:45:43:855 Send 05 
26-07-18 at 18:45:43:870 Recived 15 
26-07-18 at 18:45:43:870 Send 06 
26-07-18 at 18:45:43:885 Send 02 06 FF 39 1E 00 00 00 DE 
26-07-18 at 18:45:43:900 Recived 06 02 10 FF 39 00 00 00 00 00 00 00 00 00 00 00 00 00 00 D6 
26-07-18 at 18:45:43:915 Send 06 
26-07-18 at 18:47:45:040 Send 05 
26-07-18 at 18:47:45:055 Recived 15 
26-07-18 at 18:47:45:055 Send 06 
26-07-18 at 18:47:45:070 Send 02 06 FF 39 1E 00 00 00 DE 
26-07-18 at 18:47:45:085 Recived 06 02 10 FF 39 00 00 00 00 00 00 00 00 00 00 00 00 00 00 D6 
26-07-18 at 18:47:45:100 Send 06 
26-07-18 at 18:49:46:225 Send 05 
26-07-18 at 18:49:46:240 Recived 15 
26-07-18 at 18:49:46:240 Send 06 
26-07-18 at 18:49:46:255 Send 02 06 FF 39 1E 00 00 00 DE 
26-07-18 at 18:49:46:270 Recived 06 02 10 FF 39 00 00 00 00 00 00 00 00 00 00 00 00 00 00 D6 
26-07-18 at 18:49:46:285 Send 06 
26-07-18 at 18:51:47:410 Send 05 
26-07-18 at 18:51:47:425 Recived 15 
26-07-18 at 18:51:47:425 Send 06 
26-07-18 at 18:51:47:440 Send 02 06 FF 39 1E 00 00 00 DE 
26-07-18 at 18:51:47:455 Recived 06 02 10 FF 39 00 00 00 00 00 00 00 00 00 00 00 00 00 00 D6 
26-07-18 at 18:51:47:470 Send 06 
26-07-18 at 18:53:48:595 Send 05 
26-07-18 at 18:53:48:610 Recived 15 
26-07-18 at 18:53:48:610 Send 06 
26-07-18 at 18:53:48:625 Send 02 06 FF 39 1E 00 00 00 DE 
26-07-18 at 18:53:48:640 Recived 06 02 10 FF 39 00 00 00 00 00 00 00 00 00 00 00 00 00 00 D6 
26-07-18 at 18:53:48:655 Send 06 
26-07-18 at 18:55:49:780 Send 05 
26-07-18 at 18:55:49:795 Recived 15 
26-07-18 at 18:55:49:795 Send 06 
26-07-18 at 18:55:49:810 Send 02 06 FF 39 1E 00 00 00 DE 
26-07-18 at 18:55:49:825 Recived 06 02 10 FF 39 00 00 00 00 00 00 00 00 00 00 00 00 00 00 D6 
26-07-18 at 18:55:49:840 Send 06 
26-07-18 at 18:57:50:965 Send 05 
26-07-18 at 18:57:50:980 Recived 15 
26-07-18 at 18:57:50:980 Send 06 
26-07-18 at 18:57:50:995 Send 02 06 FF 39 1E 00 00 00 DE 
26-07-18 at 18:57:51:010 Recived 06 02 10 FF 39 00 00 00 00 00 00 00 00 00 00 00 00 00 00 D6 
26-07-18 at 18:57:51:025 Send 06 
26-07-18 at 18:59:52:150 Send 05 
26-07-18 at 18:59:52:165 Recived 15 
26-07-18 at 18:59:52:165 Send 06 
26-07-18 at 18:59:52:180 Send 02 06 FF 39 1E 00 00 00 DE 
26-07-18 at 18:59:52:195 Recived 06 02 10 FF 39 00 00 00 00 00 00 00 00 00 00 00 00 00 00 D6 
26-07-18 at 18:59:52:210 Send 06 
26-07-18 at 19:01:53:335 Send 05 
26-07-18 at 19:01:53:350 Recived 15 
26-07-18 at 19:01:53:350 Send 06 
26-07-18 at 19:01:53:365 Send 02 06 FF 39 1E 00 00 00 DE 
26-07-18 at 19:01:53:380 Recived 06 02 10 FF 39 00 00 00 00 00 00 00 00 00 00 00 00 00 00 D6 
26-07-18 at 19:01:53:395 Send 06 
26-07-18 at 19:03:54:520 Send 05 
26-07-18 at 19:03:54:535 Recived 15 
26-07-18 at 19:03:54:535 Send 06 
26-07-18 at 19:03:54:550 Send 02 06 FF 39 1E 00 00 00 DE 
26-07-18 at 19:03:54:565 Recived 06 02 10 FF 39 00 00 00 00 00 00 00 00 00 00 00 00 00 00 D6 
26-07-18 at 19:03:54:580 Send 06 
26-07-18 at 19:05:55:705 Send 05 
26-07-18 at 19:05:55:720 Recived 15 
26-07-18 at 19:05:55:720 Send 06 
26-07-18 at 19:05:55:735 Send 02 06 FF 39 1E 00 00 00 DE 
26-07-18 at 19:05:55:750 Recived 06 02 10 FF 39 00 00 00 00 00 00 00 00 00 00 00 00 00 00 D6 
26-07-18 at 19:05:55:765 Send 06 
26-07-18 at 19:07:56:890 Send 05 
26-07-18 at 19:07:56:905 Recived 15 
26-07-18 at 19:07:56:905 Send 06 
26-07-18 at 19:07:56:920 Send 02 06 FF 39 1E 00 00 00 DE 
26-07-18 at 19:07:56:935 Recived 06 02 10 FF 39 00 00 00 00 00 00 00 00 00 00 00 00 00 00 D6 
26-07-18 at 19:07:56:950 Send 06 
26-07-18 at 19:09:58:075 Send 05 
26-07-18 at 19:09:58:090 Recived 15 
26-07-18 at 19:09:58:090 Send 06 
26-07-18 at 19:09:58:105 Send 02 06 FF 39 1E 00 00 00 DE 
26-07-18 at 19:09:58:120 Recived 06 02 10 FF 39 00 00 00 00 00 00 00 00 00 00 00 00 00 00 D6 
26-07-18 at 19:09:58:135 Send 06 
26-07-18 at 19:11:59:260 Send 05 
26-07-18 at 19:11:59:275 Recived 15 
26-07-18 at 19:11:59:275 Send 06 
26-07-18 at 19:11:59:290 Send 02 06 FF 39 1E 00 00 00 DE 
26-07-18 at 19:11:59:305 Recived 06 02 10 FF 39 00 00 00 00 00 00 00 00 00 00 00 00 00 00 D6 
26-07-18 at 19:11:59:320 Send 06 
26-07-18 at 19:14:00:445 Send 05 
26-07-18 at 19:14:00:460 Recived 15 
26-07-18 at 19:14:00:460 Send 06 
26-07-18 at 19:14:00:475 Send 02 06 FF 39 1E 00 00 00 DE 
26-07-18 at 19:14:00:490 Recived 06 02 10 FF 39 00 00 00 00 00 00 00 00 00 00 00 00 00 00 D6 
26-07-18 at 19:14:00:505 Send 06 
26-07-18 at 19:16:01:630 Send 05 
26-07-18 at 19:16:01:645 Recived 15 
26-07-18 at 19:16:01:645 Send 06 
26-07-18 at 19:16:01:660 Send 02 06 FF 39 1E 00 00 00 DE 
26-07-18 at 19:16:01:675 Recived 06 02 10 FF 39 00 00 00 00 00 00 00 00 00 00 00 00 00 00 D6 
26-07-18 at 19:16:01:690 Send 06 
26-07-18 at 19:18:02:815 Send 05 
26-07-18 at 19:18:02:830 Recived 15 
26-07-18 at 19:18:02:830 Send 06 
26-07-18 at 19:18:02:845 Send 02 06 FF 39 1E 00 00 00 DE 
26-07-18 at 19:18:02:860 Recived 06 02 10 FF 39 00 00 00 00 00 00 00 00 00 00 00 00 00 00 D6 
26-07-18 at 19:18:02:875 Send 06 
26-07-18 at 19:20:04:000 Send 05 
26-07-18 at 19:20:04:015 Recived 15 
26-07-18 at 19:20:04:015 Send 06 
26-07-18 at 19:20:04:030 Send 02 06 FF 39 1E 00 00 00 DE 
26-07-18 at 19:20:04:045 Recived 06 02 10 FF 39 00 00 00 00 00 00 00 00 00 00 00 00 00 00 D6 
26-07-18 at 19:20:04:060 Send 06 
26-07-18 at 19:22:05:185 Send 05 
26-07-18 at 19:22:05:200 Recived 15 
26-07-18 at 19:22:05:200 Send 06 
26-07-18 at 19:22:05:215 Send 02 06 FF 39 1E 00 00 00 DE 
26-07-18 at 19:22:05:230 Recived 06 02 10 FF 39 00 00 00 00 00 00 00 00 00 00 00 00 00 00 D6 
26-07-18 at 19:22:05:245 Send 06 
26-07-18 at 19:24:06:370 Send 05 
26-07-18 at 19:24:06:385 Recived 15 
26-07-18 at 19:24:06:385 Send 06 
26-07-18 at 19:24:06:400 Send 02 06 FF 39 1E 00 00 00 DE 
26-07-18 at 19:24:06:415 Recived 06 02 10 FF 39 00 00 00 00 00 00 00 00 00 00 00 00 00 00 D6 
26-07-18 at 19:24:06:430 Send 06 
26-07-18 at 19:26:07:555 Send 05 
26-07-18 at 19:26:07:570 Recived 15 
26-07-18 at 19:26:07:570 Send 06 
26-07-18 at 19:26:07:585 Send 02 06 FF 39 1E 00 00 00 DE 
26-07-18 at 19:26:07:600 Recived 06 02 10 FF 39 00 00 00 00 00 00 00 00 00 00 00 00 00 00 D6 
26-07-18 at 19:26:07:615 Send 06 
26-07-18 at 19:28:08:740 Send 05 
26-07-18 at 19:28:08:755 Recived 15 
26-07-18 at 19:28:08:755 Send 06 
26-07-18 at 19:28:08:770 Send 02 06 FF 39 1E 00 00 00 DE 
26-07-18 at 19:28:08:785 Recived 06 02 10 FF 39 00 00 00 00 00 00 00 00 00 00 00 00 00 00 D6 
26-07-18 at 19:28:08:800 Send 06 
26-07-18 at 19:30:09:925 Send 05 
26-07-18 at 19:30:09:940 Recived 15 
26-07-18 at 19:30:09:940 Send 06 
26-07-18 at 19:30:09:955 Send 02 06 FF 39 1E 00 00 00 DE 
26-07-18 at 19:30:09:970 Recived 06 02 10 FF 39 00 00 00 00 00 00 00 00 00 00 00 00 00 00 D6 
26-07-18 at 19:30:09:985 Send 06 
26-07-18 at 19:32:11:110 Send 05 
26-07-18 at 19:32:11:125 Recived 15 
26-07-18 at 19:32:11:125 Send 06 
26-07-18 at 19:32:11:140 Send 02 06 FF 39 1E 00 00 00 DE 
26-07-18 at 19:32:11:155 Recived 06 02 10 FF 39 00 00 00 00 00 00 00 00 00 00 00 00 00 00 D6 
26-07-18 at 19:32:11:170 Send 06 
26-07-18 at 19:34:12:295 Send 05 
26-07-18 at 19:34:12:310 Recived 15 
26-07-18 at 19:34:12:310 Send 06 
26-07-18 at 19:34:12:325 Send 02 06 FF 39 1E 00 00 00 DE 
26-07-18 at 19:34:12:340 Recived 06 02 10 FF 39 00 00 00 00 00 00 00 00 00 00 00 00 00 00 D6 
26-07-18 at 19:34:12:355 Send 06 
26-07-18 at 19:36:13:480 Send 05 
26-07-18 at 19:36:13:495 Recived 15 
26-07-18 at 19:36:13:495 Send 06 
26-07-18 at 19:36:13:510 Send 02 06 FF 39 1E 00 00 00 DE 
26-07-18 at 19:36:13:525 Recived 06 02 10 FF 39 00 00 00 00 00 00 00 00 00 00 00 00 00 00 D6 
26-07-18 at 19:36:13:540 Send 06 
26-07-18 at 19:38:14:665 Send 05 
26-07-18 at 19:38:14:680 Recived 15 
26-07-18 at 19:38:14:680 Send 06 
26-07-18 at 19:38:14:695 Send 02 06 FF 39 1E 00 00 00 DE 
26-07-18 at 19:38:14:710 Recived 06 02 10 FF 39 00 00 00 00 00 00 00 00 00 00 00 00 00 00 D6 
26-07-18 at 19:38:14:725 Send 06 
26-07-18 at 19:40:15:850 Send 05 
26-07-18 at 19:40:15:865 Recived 15 
26-07-18 at 19:40:15:865 Send 06 
26-07-18 at 19:40:15:880 Send 02 06 FF 39 1E 00 00 00 DE 
26-07-18 at 19:40:15:895 Recived 06 02 10 FF 39 00 00 00 00 00 00 00 00 00 00 00 00 00 00 D6 
26-07-18 at 19:40:15:910 Send 06 
26-07-18 at 19:42:17:035 Send 05 
26-07-18 at 19:42:17:050 Recived 15 
26-07-18 at 19:42:17:050 Send 06 
26-07-18 at 19:42:17:065 Send 02 06 FF 39 1E 00 00 00 DE 
26-07-18 at 19:42:17:080 Recived 06 02 10 FF 39 00 00 00 00 00 00 00 00 00 00 00 00 00 00 D6 
26-07-18 at 19:42:17:095 Send 06 
26-07-18 at 19:44:18:220 Send 05 
26-07-18 at 19:44:18:235 Recived 15 
26-07-18 at 19:44:18:235 Send 06 
26-07-18 at 19:44:18:250 Send 02 06 FF 39 1E 00 00 00 DE 
26-07-18 at 19:44:18:265 Recived 06 02 10 FF 39 00 00 00 00 00 00 00 00 00 00 00 00 00 00 D6 
26-07-18 at 19:44:18:280 Send 06 
26-07-18 at 19:46:19:405 Send 05 
26-07-18 at 19:46:19:420 Recived 15 
26-07-18 at 19:46:19:420 Send 06 
26-07-18 at 19:46:19:435 Send 02 06 FF 39 1E 00 00 00 DE 
26-07-18 at 19:46:19:450 Recived 06 02 10 FF 39 00 00 00 00 00 00 00 00 00 00 00 00 00 00 D6 
26-07-18 at 19:46:19:465 Send 06 
26-07-18 at 19:48:20:590 Send 05 
26-07-18 at 19:48:20:605 Recived 15 
26-07-18 at 19:48:20:605 Send 06 
26-07-18 at 19:48:20:620 Send 02 06 FF 39 1E 00 00 00 DE 
26-07-18 at 19:48:20:635 Recived 06 02 10 FF 39 00 00 00 00 00 00 00 00 00 00 00 00 00 00 D6 
26-07-18 at 19:48:20:650 Send 06 
26-07-18 at 19:50:21:775 Send 05 
26-07-18 at 19:50:21:790 Recived 15 
26-07-18 at 19:50:21:790 Send 06 
26-07-18 at 19:50:21:805 Send 02 06 FF 39 1E 00 00 00 DE 
26-07-18 at 19:50:21:820 Recived 06 02 10 FF 39 00 00 00 00 00 00 00 00 00 00 00 00 00 00 D6 
26-07-18 at 19:50:21:835 Send 06 
26-07-18 at 19:52:22:960 Send 05 
26-07-18 at 19:52:22:975 Recived 15 
26-07-18 at 19:52:22:975 Send 06 
26-07-18 at 19:52:22:990 Send 02 06 FF 39 1E 00 00 00 DE 
26-07-18 at 19:52:23:005 Recived 06 02 10 FF 39 00 00 00 00 00 00 00 00 00 00 00 00 00 00 D6 
26-07-18 at 19:52:23:020 Send 06 
26-07-18 at 19:54:24:145 Send 05 
26-07-18 at 19:54:24:160 Recived 15 
26-07-18 at 19:54:24:160 Send 06 
26-07-18 at 19:54:24:175 Send 02 06 FF 39 1E 00 00 00 DE 
26-07-18 at 19:54:24:190 Recived 06 02 10 FF 39 00 00 00 00 00 00 00 00 00 00 00 00 00 00 D6 
26-07-18 at 19:54:24:205 Send 06 
26-07-18 at 19:56:25:330 Send 05 
26-07-18 at 19:56:25:345 Recived 15 
26-07-18 at 19:56:25:345 Send 06 
26-07-18 at 19:56:25:360 Send 02 06 FF 39 1E 00 00 00 DE 
26-07-18 at 19:56:25:375 Recived 06 02 10 FF 39 00 00 00 00 00 00 00 00 00 00 00 00 00 00 D6 
26-07-18 at 19:56:25:390 Send 06 
26-07-18 at 19:58:26:515 Send 05 
26-07-18 at 19:58:26:530 Recived 15 
26-07-18 at 19:58:26:530 Send 06 
26-07-18 at 19:58:26:545 Send 02 06 FF 39 1E 00 00 00 DE 
26-07-18 at 19:58:26:560 Recived 06 02 10 FF 39 00 00 00 00 00 00 00 00 00 00 00 00 00 00 D6 
26-07-18 at 19:58:26:575 Send 06 
26-07-18 at 20:00:27:700 Send 05 
26-07-18 at 20:00:27:715 Recived 15 
26-07-18 at 20:00:27:715 Send 06 
26-07-18 at 20:00:27:730 Send 02 06 FF 39 1E 00 00 00 DE 
26-07-18 at 20:00:27:745 Recived 06 02 10 FF 39 00 00 00 00 00 00 00 00 00 00 00 00 00 00 D6 
26-07-18 at 20:00:27:760 Send 06 
26-07-18 at 20:02:28:885 Send 05 
26-07-18 at 20:02:28:900 Recived 15 
26-07-18 at 20:02:28:900 Send 06 
26-07-18 at 20:02:28:915 Send 02 06 FF 39 1E 00 00 00 DE 
26-07-18 at 20:02:28:930 Recived 06 02 10 FF 39 00 00 00 00 00 00 00 00 00 00 00 00 00 00 D6 
26-07-18 at 20:02:28:945 Send 06 
26-07-18 at 20:04:30:070 Send 05 
26-07-18 at 20:04:30:085 Recived 15 
26-07-18 at 20:04:30:085 Send 06 
26-07-18 at 20:04:30:100 Send 02 06 FF 39 1E 00 00 00 DE 
26-07-18 at 20:04:30:115 Recived 06 02 10 FF 39 00 00 00 00 00 00 00 00 00 00 00 00 00 00 D6 
26-07-18 at 20:04:30:130 Send 06 
26-07-18 at 20:06:31:255 Send 05 
26-07-18 at 20:06:31:270 Recived 15 
26-07-18 at 20:06:31:270 Send 06 
26-07-18 at 20:06:31:285 Send 02 06 FF 39 1E 00 00 00 DE 
26-07-18 at 20:06:31:300 Recived 06 02 10 FF 39 00 00 00 00 00 00 00 00 00 00 00 00 00 00 D6 
26-07-18 at 20:06:31:315 Send 06 
26-07-18 at 20:08:32:440 Send 05 
26-07-18 at 20:08:32:455 Recived 15 
26-07-18 at 20:08:32:455 Send 06 
26-07-18 at 20:08:32:470 Send 02 06 FF 39 1E 00 00 00 DE 
26-07-18 at 20:08:32:485 Recived 06 02 10 FF 39 00 00 00 00 00 00 00 00 00 00 00 00 00 00 D6 
26-07-18 at 20:08:32:500 Send 06 
26-07-18 at 20:10:33:625 Send 05 
26-07-18 at 20:10:33:640 Recived 15 
26-07-18 at 20:10:33:640 Send 06 
26-07-18 at 20:10:33:655 Send 02 06 FF 39 1E 00 00 00 DE 
26-07-18 at 20:10:33:670 Recived 06 02 10 FF 39 00 00 00 00 00 00 00 00 00 00 00 00 00 00 D6 
26-07-18 at 20:10:33:685 Send 06 
26-07-18 at 20:12:34:810 Send 05 
26-07-18 at 20:12:34:825 Recived 15 
26-07-18 at 20:12:34:825 Send 06 
26-07-18 at 20:12:34:840 Send 02 06 FF 39 1E 00 00 00 DE 
26-07-18 at 20:12:34:855 Recived 06 02 10 FF 39 00 00 00 00 00 00 00 00 00 00 00 00 00 00 D6 
26-07-18 at 20:12:34:870 Send 06 
26-07-18 at 20:14:35:995 Send 05 
26-07-18 at 20:14:36:010 Recived 15 
26-07-18 at 20:14:36:010 Send 06 
26-07-18 at 20:14:36:025 Send 02 06 FF 39 1E 00 00 00 DE 
26-07-18 at 20:14:36:040 Recived 06 02 10 FF 39 00 00 00 00 00 00 00 00 00 00 00 00 00 00 D6 
26-07-18 at 20:14:36:055 Send 06 
26-07-18 at 20:16:37:180 Send 05 
26-07-18 at 20:16:37:195 Recived 15 
26-07-18 at 20:16:37:195 Send 06 
26-07-18 at 20:16:37:210 Send 02 06 FF 39 1E 00 00 00 DE 
26-07-18 at 20:16:37:225 Recived 06 02 10 FF 39 00 00 00 00 00 00 00 00 00 00 00 00 00 00 D6 
26-07-18 at 20:16:37:240 Send 06 
26-07-18 at 20:18:38:365 Send 05 
26-07-18 at 20:18:38:380 Recived 15 
26-07-18 at 20:18:38:380 Send 06 
26-07-18 at 20:18:38:395 Send 02 06 FF 39 1E 00 00 00 DE 
26-07-18 at 20:18:38:410 Recived 06 02 10 FF 39 00 00 00 00 00 00 00 00 00 00 00 00 00 00 D6 
26-07-18 at 20:18:38:425 Send 06 
26-07-18 at 20:20:39:550 Send 05 
26-07-18 at 20:20:39:565 Recived 15 
26-07-18 at 20:20:39:565 Send 06 
26-07-18 at 20:20:39:580 Send 02 06 FF 39 1E 00 00 00 DE 
26-07-18 at 20:20:39:595 Recived 06 02 10 FF 39 00 00 00 00 00 00 00 00 00 00 00 00 00 00 D6 
26-07-18 at 20:20:39:610 Send 06 
26-07-18 at 20:22:40:735 Send 05 
26-07-18 at 20:22:40:750 Recived 15 
26-07-18 at 20:22:40:750 Send 06 
26-07-18 at 20:22:40:765 Send 02 06 FF 39 1E 00 00 00 DE 
26-07-18 at 20:22:40:780 Recived 06 02 10 FF 39 00 00 00 00 00 00 00 00 00 00 00 00 00 00 D6 
26-07-18 at 20:22:40:795 Send 06 
26-07-18 at 20:24:41:920 Send 05 
26-07-18 at 20:24:41:935 Recived 15 
26-07-18 at 20:24:41:935 Send 06 
26-07-18 at 20:24:41:950 Send 02 06 FF 39 1E 00 00 00 DE 
26-07-18 at 20:24:41:965 Recived 06 02 10 FF 39 00 00 00 00 00 00 00 00 00 00 00 00 00 00 D6 
26-07-18 at 20:24:41:980 Send 06 
26-07-18 at 20:26:43:105 Send 05 
26-07-18 at 20:26:43:120 Recived 15 
26-07-18 at 20:26:43:120 Send 06 
26-07-18 at 20:26:43:135 Send 02 06 FF 39 1E 00 00 00 DE 
26-07-18 at 20:26:43:150 Recived 06 02 10 FF 39 00 00 00 00 00 00 00 00 00 00 00 00 00 00 D6 
26-07-18 at 20:26:43:165 Send 06 
26-07-18 at 20:28:44:290 Send 05 
26-07-18 at 20:28:44:305 Recived 15 
26-07-18 at 20:28:44:305 Send 06 
26-07-18 at 20:28:44:320 Send 02 06 FF 39 1E 00 00 00 DE 
26-07-18 at 20:28:44:335 Recived 06 02 10 FF 39 00 00 00 00 00 00 00 00 00 00 00 00 00 00 D6 
26-07-18 at 20:28:44:350 Send 06 
26-07-18 at 20:30:45:475 Send 05 
26-07-18 at 20:30:45:490 Recived 15 
26-07-18 at 20:30:45:490 Send 06 
26-07-18 at 20:30:45:505 Send 02 06 FF 39 1E 00 00 00 DE 
26-07-18 at 20:30:45:520 Recived 06 02 10 FF 39 00 00 00 00 00 00 00 00 00 00 00 00 00 00 D6 
26-07-18 at 20:30:45:535 Send 06 
26-07-18 at 20:32:46:660 Send 05 
26-07-18 at 20:32:46:675 Recived 15 
26-07-18 at 20:32:46:675 Send 06 
26-07-18 at 20:32:46:690 Send 02 06 FF 39 1E 00 00 00 DE 
26-07-18 at 20:32:46:705 Recived 06 02 10 FF 39 00 00 00 00 00 00 00 00 00 00 00 00 00 00 D6 
26-07-18 at 20:32:46:720 Send 06 
26-07-18 at 20:34:47:845 Send 05 
26-07-18 at 20:34:47:860 Recived 15 
26-07-18 at 20:34:47:860 Send 06 
26-07-18 at 20:34:47:875 Send 02 06 FF 39 1E 00 00 00 DE 
26-07-18 at 20:34:47:890 Recived 06 02 10 FF 39 00 00 00 00 00 00 00 00 00 00 00 00 00 00 D6 
26-07-18 at 20:34:47:905 Send 06 
26-07-18 at 20:36:49:030 Send 05 
26-07-18 at 20:36:49:045 Recived 15 
26-07-18 at 20:36:49:045 Send 06 
26-07-18 at 20:36:49:060 Send 02 06 FF 39 1E 00 00 00 DE 
26-07-18 at 20:36:49:075 Recived 06 02 10 FF 39 00 00 00 00 00 00 00 00 00 00 00 00 00 00 D6 
26-07-18 at 20:36:49:090 Send 06 
26-07-18 at 20:38:50:215 Send 05 
26-07-18 at 20:38:50:230 Recived 15 
26-07-18 at 20:38:50:230 Send 06 
26-07-18 at 20:38:50:245 Send 02 06 FF 39 1E 00 00 00 DE 
26-07-18 at 20:38:50:260 Recived 06 02 10 FF 39 00 00 00 00 00 00 00 00 00 00 00 00 00 00 D6 
26-07-18 at 20:38:50:283 Send 06 
26-07-18 at 20:40:51:423 Send 05 
26-07-18 at 20:40:51:438 Recived 15 
26-07-18 at 20:40:51:438 Send 06 
26-07-18 at 20:40:51:453 Send 02 06 FF 39 1E 00 00 00 DE 
26-07-18 at 20:40:51:468 Recived 06 02 10 FF 39 00 00 00 00 00 00 00 00 00 00 00 00 00 00 D6 
26-07-18 at 20:40:51:483 Send 06 
26-07-18 at 20:42:52:608 Send 05 
26-07-18 at 20:42:52:623 Recived 15 
26-07-18 at 20:42:52:623 Send 06 
26-07-18 at 20:42:52:638 Send 02 06 FF 39 1E 00 00 00 DE 
26-07-18 at 20:42:52:653 Recived 06 02 10 FF 39 00 00 00 00 00 00 00 00 00 00 00 00 00 00 D6 
26-07-18 at 20:42:52:668 Send 06 
26-07-18 at 20:44:53:793 Send 05 
26-07-18 at 20:44:53:808 Recived 15 
26-07-18 at 20:44:53:808 Send 06 
26-07-18 at 20:44:53:823 Send 02 06 FF 39 1E 00 00 00 DE 
26-07-18 at 20:44:53:838 Recived 06 02 10 FF 39 00 00 00 00 00 00 00 00 00 00 00 00 00 00 D6 
26-07-18 at 20:44:53:853 Send 06 
26-07-18 at 20:46:54:978 Send 05 
26-07-18 at 20:46:54:993 Recived 15 
26-07-18 at 20:46:54:993 Send 06 
26-07-18 at 20:46:55:008 Send 02 06 FF 39 1E 00 00 00 DE 
26-07-18 at 20:46:55:023 Recived 06 02 10 FF 39 00 00 00 00 00 00 00 00 00 00 00 00 00 00 D6 
26-07-18 at 20:46:55:038 Send 06 
26-07-18 at 20:48:56:163 Send 05 
26-07-18 at 20:48:56:178 Recived 15 
26-07-18 at 20:48:56:178 Send 06 
26-07-18 at 20:48:56:193 Send 02 06 FF 39 1E 00 00 00 DE 
26-07-18 at 20:48:56:208 Recived 06 02 10 FF 39 00 00 00 00 00 00 00 00 00 00 00 00 00 00 D6 
26-07-18 at 20:48:56:223 Send 06 
26-07-18 at 20:50:57:348 Send 05 
26-07-18 at 20:50:57:363 Recived 15 
26-07-18 at 20:50:57:363 Send 06 
26-07-18 at 20:50:57:378 Send 02 06 FF 39 1E 00 00 00 DE 
26-07-18 at 20:50:57:393 Recived 06 02 10 FF 39 00 00 00 00 00 00 00 00 00 00 00 00 00 00 D6 
26-07-18 at 20:50:57:408 Send 06 
26-07-18 at 20:52:58:533 Send 05 
26-07-18 at 20:52:58:548 Recived 15 
26-07-18 at 20:52:58:548 Send 06 
26-07-18 at 20:52:58:563 Send 02 06 FF 39 1E 00 00 00 DE 
26-07-18 at 20:52:58:578 Recived 06 02 10 FF 39 00 00 00 00 00 00 00 00 00 00 00 00 00 00 D6 
26-07-18 at 20:52:58:593 Send 06 
26-07-18 at 20:54:59:718 Send 05 
26-07-18 at 20:54:59:733 Recived 15 
26-07-18 at 20:54:59:733 Send 06 
26-07-18 at 20:54:59:748 Send 02 06 FF 39 1E 00 00 00 DE 
26-07-18 at 20:54:59:763 Recived 06 02 10 FF 39 00 00 00 00 00 00 00 00 00 00 00 00 00 00 D6 
26-07-18 at 20:54:59:778 Send 06 
26-07-18 at 20:57:00:903 Send 05 
26-07-18 at 20:57:00:918 Recived 15 
26-07-18 at 20:57:00:918 Send 06 
26-07-18 at 20:57:00:933 Send 02 06 FF 39 1E 00 00 00 DE 
26-07-18 at 20:57:00:948 Recived 06 02 10 FF 39 00 00 00 00 00 00 00 00 00 00 00 00 00 00 D6 
26-07-18 at 20:57:00:963 Send 06 
26-07-18 at 20:59:02:088 Send 05 
26-07-18 at 20:59:02:103 Recived 15 
26-07-18 at 20:59:02:103 Send 06 
26-07-18 at 20:59:02:118 Send 02 06 FF 39 1E 00 00 00 DE 
26-07-18 at 20:59:02:133 Recived 06 02 10 FF 39 00 00 00 00 00 00 00 00 00 00 00 00 00 00 D6 
26-07-18 at 20:59:02:148 Send 06 
26-07-18 at 21:01:03:273 Send 05 
26-07-18 at 21:01:03:288 Recived 15 
26-07-18 at 21:01:03:288 Send 06 
26-07-18 at 21:01:03:303 Send 02 06 FF 39 1E 00 00 00 DE 
26-07-18 at 21:01:03:318 Recived 06 02 10 FF 39 00 00 00 00 00 00 00 00 00 00 00 00 00 00 D6 
26-07-18 at 21:01:03:333 Send 06 
26-07-18 at 21:03:04:458 Send 05 
26-07-18 at 21:03:04:473 Recived 15 
26-07-18 at 21:03:04:473 Send 06 
26-07-18 at 21:03:04:488 Send 02 06 FF 39 1E 00 00 00 DE 
26-07-18 at 21:03:04:503 Recived 06 02 10 FF 39 00 00 00 00 00 00 00 00 00 00 00 00 00 00 D6 
26-07-18 at 21:03:04:518 Send 06 
26-07-18 at 21:05:05:643 Send 05 
26-07-18 at 21:05:05:658 Recived 15 
26-07-18 at 21:05:05:658 Send 06 
26-07-18 at 21:05:05:673 Send 02 06 FF 39 1E 00 00 00 DE 
26-07-18 at 21:05:05:688 Recived 06 02 10 FF 39 00 00 00 00 00 00 00 00 00 00 00 00 00 00 D6 
26-07-18 at 21:05:05:703 Send 06 
26-07-18 at 21:07:06:828 Send 05 
26-07-18 at 21:07:06:843 Recived 15 
26-07-18 at 21:07:06:843 Send 06 
26-07-18 at 21:07:06:858 Send 02 06 FF 39 1E 00 00 00 DE 
26-07-18 at 21:07:06:873 Recived 06 02 10 FF 39 00 00 00 00 00 00 00 00 00 00 00 00 00 00 D6 
26-07-18 at 21:07:06:888 Send 06 
26-07-18 at 21:09:08:013 Send 05 
26-07-18 at 21:09:08:028 Recived 15 
26-07-18 at 21:09:08:028 Send 06 
26-07-18 at 21:09:08:043 Send 02 06 FF 39 1E 00 00 00 DE 
26-07-18 at 21:09:08:058 Recived 06 02 10 FF 39 00 00 00 00 00 00 00 00 00 00 00 00 00 00 D6 
26-07-18 at 21:09:08:073 Send 06 
26-07-18 at 21:11:09:198 Send 05 
26-07-18 at 21:11:09:213 Recived 15 
26-07-18 at 21:11:09:213 Send 06 
26-07-18 at 21:11:09:228 Send 02 06 FF 39 1E 00 00 00 DE 
26-07-18 at 21:11:09:243 Recived 06 02 10 FF 39 00 00 00 00 00 00 00 00 00 00 00 00 00 00 D6 
26-07-18 at 21:11:09:258 Send 06 
26-07-18 at 21:13:10:383 Send 05 
26-07-18 at 21:13:10:398 Recived 15 
26-07-18 at 21:13:10:398 Send 06 
26-07-18 at 21:13:10:413 Send 02 06 FF 39 1E 00 00 00 DE 
26-07-18 at 21:13:10:428 Recived 06 02 10 FF 39 00 00 00 00 00 00 00 00 00 00 00 00 00 00 D6 
26-07-18 at 21:13:10:443 Send 06 
26-07-18 at 21:15:11:568 Send 05 
26-07-18 at 21:15:11:583 Recived 15 
26-07-18 at 21:15:11:583 Send 06 
26-07-18 at 21:15:11:598 Send 02 06 FF 39 1E 00 00 00 DE 
26-07-18 at 21:15:11:613 Recived 06 02 10 FF 39 00 00 00 00 00 00 00 00 00 00 00 00 00 00 D6 
26-07-18 at 21:15:11:628 Send 06 
26-07-18 at 21:17:12:753 Send 05 
26-07-18 at 21:17:12:768 Recived 15 
26-07-18 at 21:17:12:768 Send 06 
26-07-18 at 21:17:12:783 Send 02 06 FF 39 1E 00 00 00 DE 
26-07-18 at 21:17:12:798 Recived 06 02 10 FF 39 00 00 00 00 00 00 00 00 00 00 00 00 00 00 D6 
26-07-18 at 21:17:12:813 Send 06 
26-07-18 at 21:19:13:938 Send 05 
26-07-18 at 21:19:13:953 Recived 15 
26-07-18 at 21:19:13:953 Send 06 
26-07-18 at 21:19:13:968 Send 02 06 FF 39 1E 00 00 00 DE 
26-07-18 at 21:19:13:983 Recived 06 02 10 FF 39 00 00 00 00 00 00 00 00 00 00 00 00 00 00 D6 
26-07-18 at 21:19:13:998 Send 06 
26-07-18 at 21:21:15:123 Send 05 
26-07-18 at 21:21:15:138 Recived 15 
26-07-18 at 21:21:15:138 Send 06 
26-07-18 at 21:21:15:153 Send 02 06 FF 39 1E 00 00 00 DE 
26-07-18 at 21:21:15:168 Recived 06 02 10 FF 39 00 00 00 00 00 00 00 00 00 00 00 00 00 00 D6 
26-07-18 at 21:21:15:183 Send 06 
26-07-18 at 21:23:16:308 Send 05 
26-07-18 at 21:23:16:323 Recived 15 
26-07-18 at 21:23:16:323 Send 06 
26-07-18 at 21:23:16:338 Send 02 06 FF 39 1E 00 00 00 DE 
26-07-18 at 21:23:16:353 Recived 06 02 10 FF 39 00 00 00 00 00 00 00 00 00 00 00 00 00 00 D6 
26-07-18 at 21:23:16:368 Send 06 
26-07-18 at 21:25:17:496 Send 05 
26-07-18 at 21:25:17:511 Recived 15 
26-07-18 at 21:25:17:511 Send 06 
26-07-18 at 21:25:17:526 Send 02 06 FF 39 1E 00 00 00 DE 
26-07-18 at 21:25:17:541 Recived 06 02 10 FF 39 00 00 00 00 00 00 00 00 00 00 00 00 00 00 D6 
26-07-18 at 21:25:17:556 Send 06 
26-07-18 at 21:27:18:887 Send 05 
26-07-18 at 21:27:18:902 Recived 15 
26-07-18 at 21:27:18:902 Send 06 
26-07-18 at 21:27:18:917 Send 02 06 FF 39 1E 00 00 00 DE 
26-07-18 at 21:27:18:932 Recived 06 02 10 FF 39 00 00 00 00 00 00 00 00 00 00 00 00 00 00 D6 
26-07-18 at 21:27:18:947 Send 06 
26-07-18 at 21:29:20:278 Send 05 
26-07-18 at 21:29:20:293 Recived 15 
26-07-18 at 21:29:20:293 Send 06 
26-07-18 at 21:29:20:308 Send 02 06 FF 39 1E 00 00 00 DE 
26-07-18 at 21:29:20:323 Recived 06 02 10 FF 39 00 00 00 00 00 00 00 00 00 00 00 00 00 00 D6 
26-07-18 at 21:29:20:338 Send 06 
26-07-18 at 21:31:21:597 Send 05 
26-07-18 at 21:31:21:612 Recived 15 
26-07-18 at 21:31:21:612 Send 06 
26-07-18 at 21:31:21:627 Send 02 06 FF 39 1E 00 00 00 DE 
26-07-18 at 21:31:21:642 Recived 06 
26-07-18 at 21:31:21:657 Recived 02 10 FF 39 00 00 00 00 00 00 00 00 00 00 00 00 00 00 D6 
26-07-18 at 21:31:21:672 Send 06 
26-07-18 at 21:33:22:870 Send 05 
26-07-18 at 21:33:22:885 Recived 15 
26-07-18 at 21:33:22:885 Send 06 
26-07-18 at 21:33:22:900 Send 02 06 FF 39 1E 00 00 00 DE 
26-07-18 at 21:33:22:915 Recived 06 02 10 FF 39 00 00 00 00 00 00 00 00 00 00 00 00 00 00 D6 
26-07-18 at 21:33:22:930 Send 06 
26-07-18 at 21:35:24:125 Send 05 
26-07-18 at 21:35:24:140 Recived 15 
26-07-18 at 21:35:24:140 Send 06 
26-07-18 at 21:35:24:155 Send 02 06 FF 39 1E 00 00 00 DE 
26-07-18 at 21:35:24:170 Recived 06 02 10 FF 39 00 00 00 00 00 00 00 00 00 00 00 00 00 00 D6 
26-07-18 at 21:35:24:185 Send 06 
26-07-18 at 21:37:25:347 Send 05 
26-07-18 at 21:37:25:362 Recived 15 
26-07-18 at 21:37:25:362 Send 06 
26-07-18 at 21:37:25:377 Send 02 06 FF 39 1E 00 00 00 DE 
26-07-18 at 21:37:25:392 Recived 06 02 10 FF 39 00 00 00 00 00 00 00 00 00 00 00 00 00 00 D6 
26-07-18 at 21:37:25:407 Send 06 
26-07-18 at 21:39:26:568 Send 05 
26-07-18 at 21:39:26:583 Recived 15 
26-07-18 at 21:39:26:583 Send 06 
26-07-18 at 21:39:26:598 Send 02 06 FF 39 1E 00 00 00 DE 
26-07-18 at 21:39:26:613 Recived 06 02 10 FF 39 00 00 00 00 00 00 00 00 00 00 00 00 00 00 D6 
26-07-18 at 21:39:26:628 Send 06 
26-07-18 at 21:41:27:775 Send 05 
26-07-18 at 21:41:27:790 Recived 15 
26-07-18 at 21:41:27:790 Send 06 
26-07-18 at 21:41:27:805 Send 02 06 FF 39 1E 00 00 00 DE 
26-07-18 at 21:41:27:820 Recived 06 02 10 FF 39 00 00 00 00 00 00 00 00 00 00 00 00 00 00 D6 
26-07-18 at 21:41:27:835 Send 06 
26-07-18 at 21:43:28:972 Send 05 
26-07-18 at 21:43:28:987 Recived 15 
26-07-18 at 21:43:28:987 Send 06 
26-07-18 at 21:43:29:002 Send 02 06 FF 39 1E 00 00 00 DE 
26-07-18 at 21:43:29:017 Recived 06 02 10 FF 39 00 00 00 00 00 00 00 00 00 00 00 00 00 00 D6 
26-07-18 at 21:43:29:032 Send 06 
26-07-18 at 21:45:30:169 Send 05 
26-07-18 at 21:45:30:184 Recived 15 
26-07-18 at 21:45:30:184 Send 06 
26-07-18 at 21:45:30:199 Send 02 06 FF 39 1E 00 00 00 DE 
26-07-18 at 21:45:30:214 Recived 06 02 10 FF 39 00 00 00 00 00 00 00 00 00 00 00 00 00 00 D6 
26-07-18 at 21:45:30:229 Send 06 
26-07-18 at 21:47:31:366 Send 05 
26-07-18 at 21:47:31:381 Recived 15 
26-07-18 at 21:47:31:381 Send 06 
26-07-18 at 21:47:31:396 Send 02 06 FF 39 1E 00 00 00 DE 
26-07-18 at 21:47:31:411 Recived 06 02 10 FF 39 00 00 00 00 00 00 00 00 00 00 00 00 00 00 D6 
26-07-18 at 21:47:31:426 Send 06 
26-07-18 at 21:49:32:563 Send 05 
26-07-18 at 21:49:32:578 Recived 15 
26-07-18 at 21:49:32:578 Send 06 
26-07-18 at 21:49:32:593 Send 02 06 FF 39 1E 00 00 00 DE 
26-07-18 at 21:49:32:608 Recived 06 02 10 FF 39 00 00 00 00 00 00 00 00 00 00 00 00 00 00 D6 
26-07-18 at 21:49:32:623 Send 06 
26-07-18 at 21:51:33:760 Send 05 
26-07-18 at 21:51:33:776 Recived 15 
26-07-18 at 21:51:33:776 Send 06 
26-07-18 at 21:51:33:791 Send 02 06 FF 39 1E 00 00 00 DE 
26-07-18 at 21:51:33:806 Recived 06 02 10 FF 39 00 00 00 00 00 00 00 00 00 00 00 00 00 00 D6 
26-07-18 at 21:51:33:821 Send 06 
26-07-18 at 21:53:34:958 Send 05 
26-07-18 at 21:53:34:973 Recived 15 
26-07-18 at 21:53:34:973 Send 06 
26-07-18 at 21:53:34:988 Send 02 06 FF 39 1E 00 00 00 DE 
26-07-18 at 21:53:35:003 Recived 06 02 10 FF 39 00 00 00 00 00 00 00 00 00 00 00 00 00 00 D6 
26-07-18 at 21:53:35:018 Send 06 
26-07-18 at 21:55:36:155 Send 05 
26-07-18 at 21:55:36:170 Recived 15 
26-07-18 at 21:55:36:170 Send 06 
26-07-18 at 21:55:36:185 Send 02 06 FF 39 1E 00 00 00 DE 
26-07-18 at 21:55:36:200 Recived 06 02 10 FF 39 00 00 00 00 00 00 00 00 00 00 00 00 00 00 D6 
26-07-18 at 21:55:36:215 Send 06 
26-07-18 at 21:57:37:352 Send 05 
26-07-18 at 21:57:37:367 Recived 15 
26-07-18 at 21:57:37:367 Send 06 
26-07-18 at 21:57:37:382 Send 02 06 FF 39 1E 00 00 00 DE 
26-07-18 at 21:57:37:397 Recived 06 02 10 FF 39 00 00 00 00 00 00 00 00 00 00 00 00 00 00 D6 
26-07-18 at 21:57:37:412 Send 06 
26-07-18 at 21:59:38:549 Send 05 
26-07-18 at 21:59:38:564 Recived 15 
26-07-18 at 21:59:38:564 Send 06 
26-07-18 at 21:59:38:579 Send 02 06 FF 39 1E 00 00 00 DE 
26-07-18 at 21:59:38:594 Recived 06 02 10 FF 39 00 00 00 00 00 00 00 00 00 00 00 00 00 00 D6 
26-07-18 at 21:59:38:609 Send 06 
26-07-18 at 22:01:39:746 Send 05 
26-07-18 at 22:01:39:761 Recived 15 
26-07-18 at 22:01:39:761 Send 06 
26-07-18 at 22:01:39:776 Send 02 06 FF 39 1E 00 00 00 DE 
26-07-18 at 22:01:39:791 Recived 06 02 10 FF 39 00 00 00 00 00 00 00 00 00 00 00 00 00 00 D6 
26-07-18 at 22:01:39:806 Send 06 
26-07-18 at 22:03:40:943 Send 05 
26-07-18 at 22:03:40:958 Recived 15 
26-07-18 at 22:03:40:958 Send 06 
26-07-18 at 22:03:40:973 Send 02 06 FF 39 1E 00 00 00 DE 
26-07-18 at 22:03:40:988 Recived 06 02 10 FF 39 00 00 00 00 00 00 00 00 00 00 00 00 00 00 D6 
26-07-18 at 22:03:41:003 Send 06 
26-07-18 at 22:05:42:140 Send 05 
26-07-18 at 22:05:42:155 Recived 15 
26-07-18 at 22:05:42:155 Send 06 
26-07-18 at 22:05:42:170 Send 02 06 FF 39 1E 00 00 00 DE 
26-07-18 at 22:05:42:185 Recived 06 02 10 FF 39 00 00 00 00 00 00 00 00 00 00 00 00 00 00 D6 
26-07-18 at 22:05:42:200 Send 06 
26-07-18 at 22:07:43:337 Send 05 
26-07-18 at 22:07:43:352 Recived 15 
26-07-18 at 22:07:43:352 Send 06 
26-07-18 at 22:07:43:367 Send 02 06 FF 39 1E 00 00 00 DE 
26-07-18 at 22:07:43:382 Recived 06 02 10 FF 39 00 00 00 00 00 00 00 00 00 00 00 00 00 00 D6 
26-07-18 at 22:07:43:397 Send 06 
26-07-18 at 22:09:44:535 Send 05 
26-07-18 at 22:09:44:550 Recived 15 
26-07-18 at 22:09:44:550 Send 06 
26-07-18 at 22:09:44:565 Send 02 06 FF 39 1E 00 00 00 DE 
26-07-18 at 22:09:44:580 Recived 06 02 10 FF 39 00 00 00 00 00 00 00 00 00 00 00 00 00 00 D6 
26-07-18 at 22:09:44:595 Send 06 
26-07-18 at 22:11:45:732 Send 05 
26-07-18 at 22:11:45:747 Recived 15 
26-07-18 at 22:11:45:747 Send 06 
26-07-18 at 22:11:45:762 Send 02 06 FF 39 1E 00 00 00 DE 
26-07-18 at 22:11:45:777 Recived 06 02 10 FF 39 00 00 00 00 00 00 00 00 00 00 00 00 00 00 D6 
26-07-18 at 22:11:45:792 Send 06 
26-07-18 at 22:13:46:929 Send 05 
26-07-18 at 22:13:46:944 Recived 15 
26-07-18 at 22:13:46:944 Send 06 
26-07-18 at 22:13:46:959 Send 02 06 FF 39 1E 00 00 00 DE 
26-07-18 at 22:13:46:974 Recived 06 02 10 FF 39 00 00 00 00 00 00 00 00 00 00 00 00 00 00 D6 
26-07-18 at 22:13:46:989 Send 06 
26-07-18 at 22:15:48:126 Send 05 
26-07-18 at 22:15:48:141 Recived 15 
26-07-18 at 22:15:48:141 Send 06 
26-07-18 at 22:15:48:156 Send 02 06 FF 39 1E 00 00 00 DE 
26-07-18 at 22:15:48:171 Recived 06 02 10 FF 39 00 00 00 00 00 00 00 00 00 00 00 00 00 00 D6 
26-07-18 at 22:15:48:186 Send 06 
26-07-18 at 22:17:49:323 Send 05 
26-07-18 at 22:17:49:338 Recived 15 
26-07-18 at 22:17:49:338 Send 06 
26-07-18 at 22:17:49:353 Send 02 06 FF 39 1E 00 00 00 DE 
26-07-18 at 22:17:49:368 Recived 06 02 10 FF 39 00 00 00 00 00 00 00 00 00 00 00 00 00 00 D6 
26-07-18 at 22:17:49:383 Send 06 
26-07-18 at 22:19:50:520 Send 05 
26-07-18 at 22:19:50:535 Recived 15 
26-07-18 at 22:19:50:535 Send 06 
26-07-18 at 22:19:50:550 Send 02 06 FF 39 1E 00 00 00 DE 
26-07-18 at 22:19:50:565 Recived 06 02 10 FF 39 00 00 00 00 00 00 00 00 00 00 00 00 00 00 D6 
26-07-18 at 22:19:50:580 Send 06 
26-07-18 at 22:21:51:717 Send 05 
26-07-18 at 22:21:51:732 Recived 15 
26-07-18 at 22:21:51:732 Send 06 
26-07-18 at 22:21:51:747 Send 02 06 FF 39 1E 00 00 00 DE 
26-07-18 at 22:21:51:762 Recived 06 02 10 FF 39 00 00 00 00 00 00 00 00 00 00 00 00 00 00 D6 
26-07-18 at 22:21:51:777 Send 06 
26-07-18 at 22:23:52:914 Send 05 
26-07-18 at 22:23:52:929 Recived 15 
26-07-18 at 22:23:52:929 Send 06 
26-07-18 at 22:23:52:944 Send 02 06 FF 39 1E 00 00 00 DE 
26-07-18 at 22:23:52:959 Recived 06 02 10 FF 39 00 00 00 00 00 00 00 00 00 00 00 00 00 00 D6 
26-07-18 at 22:23:52:974 Send 06 
26-07-18 at 22:25:54:112 Send 05 
26-07-18 at 22:25:54:127 Recived 15 
26-07-18 at 22:25:54:127 Send 06 
26-07-18 at 22:25:54:142 Send 02 06 FF 39 1E 00 00 00 DE 
26-07-18 at 22:25:54:157 Recived 06 02 10 FF 39 00 00 00 00 00 00 00 00 00 00 00 00 00 00 D6 
26-07-18 at 22:25:54:172 Send 06 
26-07-18 at 22:27:55:309 Send 05 
26-07-18 at 22:27:55:324 Recived 15 
26-07-18 at 22:27:55:324 Send 06 
26-07-18 at 22:27:55:339 Send 02 06 FF 39 1E 00 00 00 DE 
26-07-18 at 22:27:55:354 Recived 06 02 10 FF 39 00 00 00 00 00 00 00 00 00 00 00 00 00 00 D6 
26-07-18 at 22:27:55:369 Send 06 
26-07-18 at 22:29:56:506 Send 05 
26-07-18 at 22:29:56:521 Recived 15 
26-07-18 at 22:29:56:521 Send 06 
26-07-18 at 22:29:56:536 Send 02 06 FF 39 1E 00 00 00 DE 
26-07-18 at 22:29:56:551 Recived 06 02 10 FF 39 00 00 00 00 00 00 00 00 00 00 00 00 00 00 D6 
26-07-18 at 22:29:56:566 Send 06 
26-07-18 at 22:31:57:703 Send 05 
26-07-18 at 22:31:57:718 Recived 15 
26-07-18 at 22:31:57:718 Send 06 
26-07-18 at 22:31:57:733 Send 02 06 FF 39 1E 00 00 00 DE 
26-07-18 at 22:31:57:748 Recived 06 02 10 FF 39 00 00 00 00 00 00 00 00 00 00 00 00 00 00 D6 
26-07-18 at 22:31:57:763 Send 06 
26-07-18 at 22:33:58:900 Send 05 
26-07-18 at 22:33:58:915 Recived 15 
26-07-18 at 22:33:58:915 Send 06 
26-07-18 at 22:33:58:930 Send 02 06 FF 39 1E 00 00 00 DE 
26-07-18 at 22:33:58:945 Recived 06 02 10 FF 39 00 00 00 00 00 00 00 00 00 00 00 00 00 00 D6 
26-07-18 at 22:33:58:960 Send 06 
26-07-18 at 22:36:00:097 Send 05 
26-07-18 at 22:36:00:112 Recived 15 
26-07-18 at 22:36:00:112 Send 06 
26-07-18 at 22:36:00:127 Send 02 06 FF 39 1E 00 00 00 DE 
26-07-18 at 22:36:00:142 Recived 06 02 10 FF 39 00 00 00 00 00 00 00 00 00 00 00 00 00 00 D6 
26-07-18 at 22:36:00:157 Send 06 
26-07-18 at 22:38:01:294 Send 05 
26-07-18 at 22:38:01:309 Recived 15 
26-07-18 at 22:38:01:309 Send 06 
26-07-18 at 22:38:01:324 Send 02 06 FF 39 1E 00 00 00 DE 
26-07-18 at 22:38:01:339 Recived 06 02 10 FF 39 00 00 00 00 00 00 00 00 00 00 00 00 00 00 D6 
26-07-18 at 22:38:01:354 Send 06 
26-07-18 at 22:40:02:491 Send 05 
26-07-18 at 22:40:02:506 Recived 15 
26-07-18 at 22:40:02:506 Send 06 
26-07-18 at 22:40:02:521 Send 02 06 FF 39 1E 00 00 00 DE 
26-07-18 at 22:40:02:536 Recived 06 02 10 FF 39 00 00 00 00 00 00 00 00 00 00 00 00 00 00 D6 
26-07-18 at 22:40:02:551 Send 06 
26-07-18 at 22:42:03:688 Send 05 
26-07-18 at 22:42:03:703 Recived 15 
26-07-18 at 22:42:03:703 Send 06 
26-07-18 at 22:42:03:718 Send 02 06 FF 39 1E 00 00 00 DE 
26-07-18 at 22:42:03:733 Recived 06 02 10 FF 39 00 00 00 00 00 00 00 00 00 00 00 00 00 00 D6 
26-07-18 at 22:42:03:748 Send 06 
26-07-18 at 22:44:04:886 Send 05 
26-07-18 at 22:44:04:901 Recived 15 
26-07-18 at 22:44:04:901 Send 06 
26-07-18 at 22:44:04:916 Send 02 06 FF 39 1E 00 00 00 DE 
26-07-18 at 22:44:04:931 Recived 06 02 10 FF 39 00 00 00 00 00 00 00 00 00 00 00 00 00 00 D6 
26-07-18 at 22:44:04:946 Send 06 
26-07-18 at 22:46:06:083 Send 05 
26-07-18 at 22:46:06:098 Recived 15 
26-07-18 at 22:46:06:098 Send 06 
26-07-18 at 22:46:06:113 Send 02 06 FF 39 1E 00 00 00 DE 
26-07-18 at 22:46:06:128 Recived 06 02 10 FF 39 00 00 00 00 00 00 00 00 00 00 00 00 00 00 D6 
26-07-18 at 22:46:06:143 Send 06 
26-07-18 at 22:48:07:280 Send 05 
26-07-18 at 22:48:07:295 Recived 15 
26-07-18 at 22:48:07:295 Send 06 
26-07-18 at 22:48:07:310 Send 02 06 FF 39 1E 00 00 00 DE 
26-07-18 at 22:48:07:325 Recived 06 02 10 FF 39 00 00 00 00 00 00 00 00 00 00 00 00 00 00 D6 
26-07-18 at 22:48:07:340 Send 06 
26-07-18 at 22:50:08:477 Send 05 
26-07-18 at 22:50:08:492 Recived 15 
26-07-18 at 22:50:08:492 Send 06 
26-07-18 at 22:50:08:507 Send 02 06 FF 39 1E 00 00 00 DE 
26-07-18 at 22:50:08:522 Recived 06 02 10 FF 39 00 00 00 00 00 00 00 00 00 00 00 00 00 00 D6 
26-07-18 at 22:50:08:537 Send 06 
26-07-18 at 22:52:09:674 Send 05 
26-07-18 at 22:52:09:689 Recived 15 
26-07-18 at 22:52:09:689 Send 06 
26-07-18 at 22:52:09:704 Send 02 06 FF 39 1E 00 00 00 DE 
26-07-18 at 22:52:09:719 Recived 06 02 10 FF 39 00 00 00 00 00 00 00 00 00 00 00 00 00 00 D6 
26-07-18 at 22:52:09:734 Send 06 
26-07-18 at 22:54:10:871 Send 05 
26-07-18 at 22:54:10:886 Recived 15 
26-07-18 at 22:54:10:886 Send 06 
26-07-18 at 22:54:10:901 Send 02 06 FF 39 1E 00 00 00 DE 
26-07-18 at 22:54:10:916 Recived 06 02 10 FF 39 00 00 00 00 00 00 00 00 00 00 00 00 00 00 D6 
26-07-18 at 22:54:10:931 Send 06 
26-07-18 at 22:56:12:068 Send 05 
26-07-18 at 22:56:12:083 Recived 15 
26-07-18 at 22:56:12:083 Send 06 
26-07-18 at 22:56:12:098 Send 02 06 FF 39 1E 00 00 00 DE 
26-07-18 at 22:56:12:113 Recived 06 02 10 FF 39 00 00 00 00 00 00 00 00 00 00 00 00 00 00 D6 
26-07-18 at 22:56:12:128 Send 06 
26-07-18 at 22:58:13:265 Send 05 
26-07-18 at 22:58:13:280 Recived 15 
26-07-18 at 22:58:13:280 Send 06 
26-07-18 at 22:58:13:295 Send 02 06 FF 39 1E 00 00 00 DE 
26-07-18 at 22:58:13:310 Recived 06 02 10 FF 39 00 00 00 00 00 00 00 00 00 00 00 00 00 00 D6 
26-07-18 at 22:58:13:325 Send 06 
26-07-18 at 23:00:14:463 Send 05 
26-07-18 at 23:00:14:478 Recived 15 
26-07-18 at 23:00:14:478 Send 06 
26-07-18 at 23:00:14:493 Send 02 06 FF 39 1E 00 00 00 DE 
26-07-18 at 23:00:14:508 Recived 06 02 10 FF 39 00 00 00 00 00 00 00 00 00 00 00 00 00 00 D6 
26-07-18 at 23:00:14:523 Send 06 
26-07-18 at 23:02:15:660 Send 05 
26-07-18 at 23:02:15:675 Recived 15 
26-07-18 at 23:02:15:675 Send 06 
26-07-18 at 23:02:15:690 Send 02 06 FF 39 1E 00 00 00 DE 
26-07-18 at 23:02:15:705 Recived 06 02 10 FF 39 00 00 00 00 00 00 00 00 00 00 00 00 00 00 D6 
26-07-18 at 23:02:15:720 Send 06 
26-07-18 at 23:04:16:857 Send 05 
26-07-18 at 23:04:16:872 Recived 15 
26-07-18 at 23:04:16:872 Send 06 
26-07-18 at 23:04:16:887 Send 02 06 FF 39 1E 00 00 00 DE 
26-07-18 at 23:04:16:902 Recived 06 02 10 FF 39 00 00 00 00 00 00 00 00 00 00 00 00 00 00 D6 
26-07-18 at 23:04:16:917 Send 06 
26-07-18 at 23:06:18:054 Send 05 
26-07-18 at 23:06:18:069 Recived 15 
26-07-18 at 23:06:18:069 Send 06 
26-07-18 at 23:06:18:084 Send 02 06 FF 39 1E 00 00 00 DE 
26-07-18 at 23:06:18:099 Recived 06 02 10 FF 39 00 00 00 00 00 00 00 00 00 00 00 00 00 00 D6 
26-07-18 at 23:06:18:114 Send 06 
26-07-18 at 23:08:19:251 Send 05 
26-07-18 at 23:08:19:266 Recived 15 
26-07-18 at 23:08:19:266 Send 06 
26-07-18 at 23:08:19:281 Send 02 06 FF 39 1E 00 00 00 DE 
26-07-18 at 23:08:19:296 Recived 06 02 10 FF 39 00 00 00 00 00 00 00 00 00 00 00 00 00 00 D6 
26-07-18 at 23:08:19:311 Send 06 
26-07-18 at 23:10:20:448 Send 05 
26-07-18 at 23:10:20:463 Recived 15 
26-07-18 at 23:10:20:463 Send 06 
26-07-18 at 23:10:20:478 Send 02 06 FF 39 1E 00 00 00 DE 
26-07-18 at 23:10:20:493 Recived 06 02 10 FF 39 00 00 00 00 00 00 00 00 00 00 00 00 00 00 D6 
26-07-18 at 23:10:20:508 Send 06 
26-07-18 at 23:12:21:645 Send 05 
26-07-18 at 23:12:21:660 Recived 15 
26-07-18 at 23:12:21:660 Send 06 
26-07-18 at 23:12:21:675 Send 02 06 FF 39 1E 00 00 00 DE 
26-07-18 at 23:12:21:690 Recived 06 02 10 FF 39 00 00 00 00 00 00 00 00 00 00 00 00 00 00 D6 
26-07-18 at 23:12:21:705 Send 06 
26-07-18 at 23:14:22:842 Send 05 
26-07-18 at 23:14:22:857 Recived 15 
26-07-18 at 23:14:22:857 Send 06 
26-07-18 at 23:14:22:872 Send 02 06 FF 39 1E 00 00 00 DE 
26-07-18 at 23:14:22:887 Recived 06 02 10 FF 39 00 00 00 00 00 00 00 00 00 00 00 00 00 00 D6 
26-07-18 at 23:14:22:902 Send 06 
26-07-18 at 23:16:24:039 Send 05 
26-07-18 at 23:16:24:054 Recived 15 
26-07-18 at 23:16:24:054 Send 06 
26-07-18 at 23:16:24:069 Send 02 06 FF 39 1E 00 00 00 DE 
26-07-18 at 23:16:24:084 Recived 06 02 10 FF 39 00 00 00 00 00 00 00 00 00 00 00 00 00 00 D6 
26-07-18 at 23:16:24:099 Send 06 
26-07-18 at 23:18:25:237 Send 05 
26-07-18 at 23:18:25:252 Recived 15 
26-07-18 at 23:18:25:252 Send 06 
26-07-18 at 23:18:25:267 Send 02 06 FF 39 1E 00 00 00 DE 
26-07-18 at 23:18:25:282 Recived 06 02 10 FF 39 00 00 00 00 00 00 00 00 00 00 00 00 00 00 D6 
26-07-18 at 23:18:25:297 Send 06 
26-07-18 at 23:20:26:434 Send 05 
26-07-18 at 23:20:26:449 Recived 15 
26-07-18 at 23:20:26:449 Send 06 
26-07-18 at 23:20:26:464 Send 02 06 FF 39 1E 00 00 00 DE 
26-07-18 at 23:20:26:479 Recived 06 02 10 FF 39 00 00 00 00 00 00 00 00 00 00 00 00 00 00 D6 
26-07-18 at 23:20:26:494 Send 06 
26-07-18 at 23:22:27:631 Send 05 
26-07-18 at 23:22:27:646 Recived 15 
26-07-18 at 23:22:27:646 Send 06 
26-07-18 at 23:22:27:661 Send 02 06 FF 39 1E 00 00 00 DE 
26-07-18 at 23:22:27:676 Recived 06 02 10 FF 39 00 00 00 00 00 00 00 00 00 00 00 00 00 00 D6 
26-07-18 at 23:22:27:691 Send 06 
26-07-18 at 23:24:28:828 Send 05 
26-07-18 at 23:24:28:843 Recived 15 
26-07-18 at 23:24:28:843 Send 06 
26-07-18 at 23:24:28:858 Send 02 06 FF 39 1E 00 00 00 DE 
26-07-18 at 23:24:28:873 Recived 06 02 10 FF 39 00 00 00 00 00 00 00 00 00 00 00 00 00 00 D6 
26-07-18 at 23:24:28:888 Send 06 
26-07-18 at 23:26:30:025 Send 05 
26-07-18 at 23:26:30:040 Recived 15 
26-07-18 at 23:26:30:040 Send 06 
26-07-18 at 23:26:30:055 Send 02 06 FF 39 1E 00 00 00 DE 
26-07-18 at 23:26:30:070 Recived 06 02 10 FF 39 00 00 00 00 00 00 00 00 00 00 00 00 00 00 D6 
26-07-18 at 23:26:30:085 Send 06 
26-07-18 at 23:28:31:222 Send 05 
26-07-18 at 23:28:31:237 Recived 15 
26-07-18 at 23:28:31:237 Send 06 
26-07-18 at 23:28:31:252 Send 02 06 FF 39 1E 00 00 00 DE 
26-07-18 at 23:28:31:267 Recived 06 02 10 FF 39 00 00 00 00 00 00 00 00 00 00 00 00 00 00 D6 
26-07-18 at 23:28:31:282 Send 06 
26-07-18 at 23:30:32:419 Send 05 
26-07-18 at 23:30:32:434 Recived 15 
26-07-18 at 23:30:32:434 Send 06 
26-07-18 at 23:30:32:449 Send 02 06 FF 39 1E 00 00 00 DE 
26-07-18 at 23:30:32:464 Recived 06 02 10 FF 39 00 00 00 00 00 00 00 00 00 00 00 00 00 00 D6 
26-07-18 at 23:30:32:479 Send 06 
26-07-18 at 23:32:33:616 Send 05 
26-07-18 at 23:32:33:631 Recived 15 
26-07-18 at 23:32:33:631 Send 06 
26-07-18 at 23:32:33:646 Send 02 06 FF 39 1E 00 00 00 DE 
26-07-18 at 23:32:33:661 Recived 06 02 10 FF 39 00 00 00 00 00 00 00 00 00 00 00 00 00 00 D6 
26-07-18 at 23:32:33:676 Send 06 
26-07-18 at 23:34:34:814 Send 05 
26-07-18 at 23:34:34:829 Recived 15 
26-07-18 at 23:34:34:829 Send 06 
26-07-18 at 23:34:34:844 Send 02 06 FF 39 1E 00 00 00 DE 
26-07-18 at 23:34:34:859 Recived 06 02 10 FF 39 00 00 00 00 00 00 00 00 00 00 00 00 00 00 D6 
26-07-18 at 23:34:34:874 Send 06 
26-07-18 at 23:36:36:011 Send 05 
26-07-18 at 23:36:36:026 Recived 15 
26-07-18 at 23:36:36:026 Send 06 
26-07-18 at 23:36:36:041 Send 02 06 FF 39 1E 00 00 00 DE 
26-07-18 at 23:36:36:056 Recived 06 02 10 FF 39 00 00 00 00 00 00 00 00 00 00 00 00 00 00 D6 
26-07-18 at 23:36:36:071 Send 06 
26-07-18 at 23:38:37:208 Send 05 
26-07-18 at 23:38:37:223 Recived 15 
26-07-18 at 23:38:37:223 Send 06 
26-07-18 at 23:38:37:238 Send 02 06 FF 39 1E 00 00 00 DE 
26-07-18 at 23:38:37:253 Recived 06 02 10 FF 39 00 00 00 00 00 00 00 00 00 00 00 00 00 00 D6 
26-07-18 at 23:38:37:268 Send 06 
26-07-18 at 23:40:38:405 Send 05 
26-07-18 at 23:40:38:420 Recived 15 
26-07-18 at 23:40:38:420 Send 06 
26-07-18 at 23:40:38:435 Send 02 06 FF 39 1E 00 00 00 DE 
26-07-18 at 23:40:38:450 Recived 06 02 10 FF 39 00 00 00 00 00 00 00 00 00 00 00 00 00 00 D6 
26-07-18 at 23:40:38:465 Send 06 
26-07-18 at 23:42:39:602 Send 05 
26-07-18 at 23:42:39:617 Recived 15 
26-07-18 at 23:42:39:617 Send 06 
26-07-18 at 23:42:39:632 Send 02 06 FF 39 1E 00 00 00 DE 
26-07-18 at 23:42:39:647 Recived 06 02 10 FF 39 00 00 00 00 00 00 00 00 00 00 00 00 00 00 D6 
26-07-18 at 23:42:39:662 Send 06 
26-07-18 at 23:44:40:799 Send 05 
26-07-18 at 23:44:40:814 Recived 15 
26-07-18 at 23:44:40:814 Send 06 
26-07-18 at 23:44:40:829 Send 02 06 FF 39 1E 00 00 00 DE 
26-07-18 at 23:44:40:844 Recived 06 02 10 FF 39 00 00 00 00 00 00 00 00 00 00 00 00 00 00 D6 
26-07-18 at 23:44:40:859 Send 06 
26-07-18 at 23:46:41:996 Send 05 
26-07-18 at 23:46:42:011 Recived 15 
26-07-18 at 23:46:42:011 Send 06 
26-07-18 at 23:46:42:026 Send 02 06 FF 39 1E 00 00 00 DE 
26-07-18 at 23:46:42:041 Recived 06 02 10 FF 39 00 00 00 00 00 00 00 00 00 00 00 00 00 00 D6 
26-07-18 at 23:46:42:056 Send 06 
26-07-18 at 23:48:43:193 Send 05 
26-07-18 at 23:48:43:208 Recived 15 
26-07-18 at 23:48:43:208 Send 06 
26-07-18 at 23:48:43:223 Send 02 06 FF 39 1E 00 00 00 DE 
26-07-18 at 23:48:43:238 Recived 06 02 10 FF 39 00 00 00 00 00 00 00 00 00 00 00 00 00 00 D6 
26-07-18 at 23:48:43:253 Send 06 
26-07-18 at 23:50:44:390 Send 05 
26-07-18 at 23:50:44:405 Recived 15 
26-07-18 at 23:50:44:405 Send 06 
26-07-18 at 23:50:44:420 Send 02 06 FF 39 1E 00 00 00 DE 
26-07-18 at 23:50:44:435 Recived 06 02 10 FF 39 00 00 00 00 00 00 00 00 00 00 00 00 00 00 D6 
26-07-18 at 23:50:44:450 Send 06 
26-07-18 at 23:52:45:588 Send 05 
26-07-18 at 23:52:45:603 Recived 15 
26-07-18 at 23:52:45:603 Send 06 
26-07-18 at 23:52:45:618 Send 02 06 FF 39 1E 00 00 00 DE 
26-07-18 at 23:52:45:633 Recived 06 02 10 FF 39 00 00 00 00 00 00 00 00 00 00 00 00 00 00 D6 
26-07-18 at 23:52:45:648 Send 06 
26-07-18 at 23:54:46:785 Send 05 
26-07-18 at 23:54:46:800 Recived 15 
26-07-18 at 23:54:46:800 Send 06 
26-07-18 at 23:54:46:815 Send 02 06 FF 39 1E 00 00 00 DE 
26-07-18 at 23:54:46:830 Recived 06 02 10 FF 39 00 00 00 00 00 00 00 00 00 00 00 00 00 00 D6 
26-07-18 at 23:54:46:845 Send 06 
26-07-18 at 23:56:47:982 Send 05 
26-07-18 at 23:56:47:997 Recived 15 
26-07-18 at 23:56:47:997 Send 06 
26-07-18 at 23:56:48:012 Send 02 06 FF 39 1E 00 00 00 DE 
26-07-18 at 23:56:48:027 Recived 06 02 10 FF 39 00 00 00 00 00 00 00 00 00 00 00 00 00 00 D6 
26-07-18 at 23:56:48:042 Send 06 
26-07-18 at 23:58:49:179 Send 05 
26-07-18 at 23:58:49:194 Recived 15 
26-07-18 at 23:58:49:194 Send 06 
26-07-18 at 23:58:49:209 Send 02 06 FF 39 1E 00 00 00 DE 
26-07-18 at 23:58:49:224 Recived 06 02 10 FF 39 00 00 00 00 00 00 00 00 00 00 00 00 00 00 D6 
26-07-18 at 23:58:49:239 Send 06 
