07-05-18 at 08:57:45:859 Запуск программы. Инициализация считана из файла
07-05-18 at 08:57:45:859 Чек загружен.
07-05-18 at 08:57:45:860 Платежи по картам восстановлены
07-05-18 at 08:57:45:861 total calculated
07-05-18 at 08:57:45:861 now show on display
07-05-18 at 08:57:45:861                     Всего:          7.00
07-05-18 at 08:57:45:861 now open port for display
07-05-18 at 08:57:45:862 Com port opened
07-05-18 at 08:57:45:862 now clear port error ...
07-05-18 at 08:57:45:862 now write to port ...
07-05-18 at 08:57:45:996 ... done
07-05-18 at 08:57:45:996 Чек сжат
07-05-18 at 08:57:45:996 Сумма чека посчитана
07-05-18 at 08:57:45:998 Кардридер создан
07-05-18 at 08:57:45:998 Задание запуска модулей создано
07-05-18 at 08:57:45:998 Сканер создан
07-05-18 at 08:57:45:999 Регистратор создан
07-05-18 at 08:57:45:999 Часы созданы
07-05-18 at 08:57:46:000 Регистратор запущен
07-05-18 at 08:57:46:000 Сканер запущен
07-05-18 at 08:57:46:001 Часы запущены
07-05-18 at 08:57:46:002 Кардридер запущен
07-05-18 at 08:57:46:003 Передача данных запущена
07-05-18 at 08:57:46:003 Вход в FRInit
07-05-18 at 08:57:46:003 Вход в GetStatus
07-05-18 at 08:57:46:026 Send 05 
07-05-18 at 08:57:46:041 Recived 15 
07-05-18 at 08:57:46:041 Send 06 
07-05-18 at 08:57:46:056 Send 02 05 11 1E 00 00 00 0A 
07-05-18 at 08:57:46:071 Recived 06 02 30 11 00 1E 43 31 1C B3 14 0C 11 01 4B 00 B2 02 03 00 00 4E 41 00 00 01 01 10 07 05 12 08 39 2E 00 2E 5D 00 00 1B 00 00 00 00 00 EF 95 10 42 01 00 43 
07-05-18 at 08:57:46:086 Send 06 
07-05-18 at 08:57:46:091 KKMStatus 0000
07-05-18 at 08:57:46:101 Send 05 
07-05-18 at 08:57:46:116 Recived 15 
07-05-18 at 08:57:46:116 Send 06 
07-05-18 at 08:57:46:131 Send 02 05 11 1E 00 00 00 0A 
07-05-18 at 08:57:46:146 Recived 06 02 30 11 00 1E 43 31 1C B3 14 0C 11 01 4B 00 B2 02 03 00 00 4E 41 00 00 01 01 10 07 05 12 08 39 2E 00 2E 5D 00 00 1B 00 00 00 00 00 EF 95 10 42 01 00 43 
07-05-18 at 08:57:46:161 Send 06 
07-05-18 at 08:57:46:166 KKMStatus 0300
07-05-18 at 08:57:46:166 Номер ФР считан
07-05-18 at 08:57:46:349 СУБД подключена
07-05-18 at 08:57:46:367 Send 05 
07-05-18 at 08:57:46:382 Recived 15 
07-05-18 at 08:57:46:382 Send 06 
07-05-18 at 08:57:46:397 Send 02 17 1E 1E 00 00 00 05 03 00 01 CA 41 D0 D2 CE C9 20 56 49 53 41 2F 4D 43 92 
07-05-18 at 08:57:46:413 Recived 06 02 02 1E 00 1C 
07-05-18 at 08:57:46:428 Send 06 
07-05-18 at 08:57:46:443 Send 05 
07-05-18 at 08:57:46:458 Recived 15 
07-05-18 at 08:57:46:458 Send 06 
07-05-18 at 08:57:46:473 Send 02 18 1E 1E 00 00 00 05 04 00 01 C4 D0 D3 C3 C8 CC C8 20 CA C0 D0 D2 C0 CC C8 3C 
07-05-18 at 08:57:46:489 Recived 06 02 02 1E 00 1C 
07-05-18 at 08:57:46:504 Send 06 
07-05-18 at 08:57:46:519 Send 05 
07-05-18 at 08:57:46:534 Recived 15 
07-05-18 at 08:57:46:534 Send 06 
07-05-18 at 08:57:46:549 Send 02 0A 1E 1E 00 00 00 01 01 00 01 01 0A 
07-05-18 at 08:57:46:564 Recived 06 02 02 1E 00 1C 
07-05-18 at 08:57:46:579 Send 06 
07-05-18 at 08:57:46:594 Send 05 
07-05-18 at 08:57:46:609 Recived 15 
07-05-18 at 08:57:46:609 Send 06 
07-05-18 at 08:57:46:624 Send 02 0A 1E 1E 00 00 00 01 01 00 05 02 0D 
07-05-18 at 08:57:46:639 Recived 06 02 02 1E 00 1C 
07-05-18 at 08:57:46:654 Send 06 
07-05-18 at 08:57:46:669 Send 05 
07-05-18 at 08:57:46:684 Recived 15 
07-05-18 at 08:57:46:684 Send 06 
07-05-18 at 08:57:46:699 Send 02 0A 1E 1E 00 00 00 01 01 00 23 01 28 
07-05-18 at 08:57:46:714 Recived 06 02 02 1E 00 1C 
07-05-18 at 08:57:46:729 Send 06 
07-05-18 at 08:57:46:744 Send 05 
07-05-18 at 08:57:46:759 Recived 15 
07-05-18 at 08:57:46:759 Send 06 
07-05-18 at 08:57:46:774 Send 02 0A 1E 1E 00 00 00 01 01 00 06 00 0C 
07-05-18 at 08:57:46:789 Recived 06 02 02 1E 00 1C 
07-05-18 at 08:57:46:804 Send 06 
07-05-18 at 08:57:46:819 Send 05 
07-05-18 at 08:57:46:834 Recived 15 
07-05-18 at 08:57:46:834 Send 06 
07-05-18 at 08:57:46:849 Send 02 0A 1E 1E 00 00 00 01 01 00 07 01 0C 
07-05-18 at 08:57:46:864 Recived 06 02 02 1E 00 1C 
07-05-18 at 08:57:46:879 Send 06 
07-05-18 at 08:57:46:894 Send 05 
07-05-18 at 08:57:46:909 Recived 15 
07-05-18 at 08:57:46:909 Send 06 
07-05-18 at 08:57:46:924 Send 02 0A 1E 1E 00 00 00 01 01 00 14 01 1F 
07-05-18 at 08:57:46:939 Recived 06 02 02 1E 00 1C 
07-05-18 at 08:57:46:954 Send 06 
07-05-18 at 08:57:46:969 Send 05 
07-05-18 at 08:57:46:984 Recived 15 
07-05-18 at 08:57:46:984 Send 06 
07-05-18 at 08:57:46:999 Send 02 0A 1E 1E 00 00 00 01 01 00 15 01 1E 
07-05-18 at 08:57:47:014 Recived 06 02 02 1E 00 1C 
07-05-18 at 08:57:47:029 Send 06 
07-05-18 at 08:57:47:044 Send 05 
07-05-18 at 08:57:47:059 Recived 15 
07-05-18 at 08:57:47:059 Send 06 
07-05-18 at 08:57:47:074 Send 02 0A 1E 1E 00 00 00 01 01 00 0F 00 05 
07-05-18 at 08:57:47:089 Recived 06 02 02 1E 00 1C 
07-05-18 at 08:57:47:104 Send 06 
07-05-18 at 08:57:47:119 Send 05 
07-05-18 at 08:57:47:134 Recived 15 
07-05-18 at 08:57:47:134 Send 06 
07-05-18 at 08:57:47:149 Send 02 0A 1E 1E 00 00 00 01 01 00 11 00 1B 
07-05-18 at 08:57:47:164 Recived 06 02 02 1E 00 1C 
07-05-18 at 08:57:47:179 Send 06 
07-05-18 at 08:57:47:194 Send 05 
07-05-18 at 08:57:47:209 Recived 15 
07-05-18 at 08:57:47:209 Send 06 
07-05-18 at 08:57:47:224 Send 02 0A 1E 1E 00 00 00 11 01 00 03 02 1B 
07-05-18 at 08:57:47:239 Recived 06 02 02 1E 00 1C 
07-05-18 at 08:57:47:254 Send 06 
07-05-18 at 08:57:47:269 Send 05 
07-05-18 at 08:57:47:284 Recived 15 
07-05-18 at 08:57:47:284 Send 06 
07-05-18 at 08:57:47:299 Send 02 0A 1E 1E 00 00 00 01 01 00 29 01 22 
07-05-18 at 08:57:47:314 Recived 06 02 02 1E 00 1C 
07-05-18 at 08:57:47:329 Send 06 
07-05-18 at 08:57:47:344 Send 05 
07-05-18 at 08:57:47:359 Recived 15 
07-05-18 at 08:57:47:359 Send 06 
07-05-18 at 08:57:47:374 Send 02 26 1E 1E 00 00 00 04 0C 00 01 20 20 20 20 20 20 20 20 20 20 20 C4 CE C1 D0 CE 20 CF CE C6 C0 CB CE C2 C0 D2 DC 21 00 D5 
07-05-18 at 08:57:47:392 Recived 06 02 02 1E 00 1C 
07-05-18 at 08:57:47:407 Send 06 
07-05-18 at 08:57:47:422 Send 05 
07-05-18 at 08:57:47:437 Recived 15 
07-05-18 at 08:57:47:437 Send 06 
07-05-18 at 08:57:47:452 Send 02 29 1E 1E 00 00 00 04 0D 00 01 20 20 20 20 20 20 20 20 CE CE CE 20 CA EE EC EF E0 ED E8 FF 20 27 CA CE CB CE D0 CB CE CD 27 00 CB 
07-05-18 at 08:57:47:470 Recived 06 02 02 1E 00 1C 
07-05-18 at 08:57:47:485 Send 06 
07-05-18 at 08:57:47:500 Send 05 
07-05-18 at 08:57:47:515 Recived 15 
07-05-18 at 08:57:47:515 Send 06 
07-05-18 at 08:57:47:530 Send 02 2D 1E 1E 00 00 00 04 0E 00 01 20 20 20 20 20 CC E0 E3 E0 E7 E8 ED 20 27 C2 F1 E5 20 F2 EE E2 E0 F0 FB 20 E4 EB FF 20 E4 EE EC E0 27 20 00 DE 
07-05-18 at 08:57:47:548 Recived 06 02 02 1E 00 1C 
07-05-18 at 08:57:47:563 Send 06 
07-05-18 at 08:57:47:583 now clear port error ...
07-05-18 at 08:57:47:583 now write to port ...
07-05-18 at 08:57:47:717 ... done
07-05-18 at 08:57:47:743 Send 05 
07-05-18 at 08:57:47:758 Recived 15 
07-05-18 at 08:57:47:758 Send 06 
07-05-18 at 08:57:47:773 Send 02 06 1A 1E 00 00 00 79 7B 
07-05-18 at 08:57:47:788 Recived 06 02 09 1A 00 1E 88 88 03 00 00 00 0E 
07-05-18 at 08:57:47:803 Send 06 
07-05-18 at 08:57:50:246 Cardreader  Антонов Сергей 
07-05-18 at 08:57:50:262 Send 05 
07-05-18 at 08:57:50:278 Recived 15 
07-05-18 at 08:57:50:279 Send 06 
07-05-18 at 08:57:50:294 Send 02 20 1E 1E 00 00 00 02 1E 00 02 CA E0 F1 F1 E8 F0 20 C0 ED F2 EE ED EE E2 20 D1 E5 F0 E3 E5 E9 20 00 D7 
07-05-18 at 08:57:50:312 Recived 06 02 02 1E 00 1C 
07-05-18 at 08:57:50:327 Send 06 
07-05-18 at 08:57:50:335 now clear port error ...
07-05-18 at 08:57:50:335 now write to port ...
07-05-18 at 08:57:50:468 ... done
07-05-18 at 08:57:51:257 Send 05 
07-05-18 at 08:57:51:272 Recived 15 
07-05-18 at 08:57:51:272 Send 06 
07-05-18 at 08:57:51:287 Send 02 06 FF 39 1E 00 00 00 DE 
07-05-18 at 08:57:51:302 Recived 06 02 10 FF 39 00 02 00 0A 00 4A 00 00 00 12 05 04 0F 06 8E 
07-05-18 at 08:57:51:317 Send 06 
07-05-18 at 08:57:52:877 Send 05 
07-05-18 at 08:57:52:892 Recived 15 
07-05-18 at 08:57:52:892 Send 06 
07-05-18 at 08:57:52:907 Send 02 2E 17 1E 00 00 00 03 20 20 CF EE E4 E0 F0 EE F7 ED FB E5 20 EA E0 F0 F2 FB 20 ED E5 20 EF F0 EE E4 E0 E2 E0 EB E8 F1 FC 00 00 00 00 00 00 00 39 
07-05-18 at 08:57:52:926 Recived 06 02 03 17 00 1E 0A 
07-05-18 at 08:57:52:941 Send 06 
07-05-18 at 08:57:52:956 Send 05 
07-05-18 at 08:57:52:971 Recived 15 
07-05-18 at 08:57:52:971 Send 06 
07-05-18 at 08:57:52:986 Send 02 2E 17 1E 00 00 00 03 2D 2D 2D 2D 2D 2D 2D 2D 2D 2D 2D 2D 2D 2D 2D 2D 2D 2D 2D 2D 2D 2D 2D 2D 2D 2D 2D 2D 2D 2D 2D 2D 2D 2D 2D 2D 2D 2D 2D 2D 24 
07-05-18 at 08:57:53:005 Recived 06 02 03 17 00 1E 0A 
07-05-18 at 08:57:53:020 Send 06 
07-05-18 at 08:57:53:035 Send 05 
07-05-18 at 08:57:53:050 Recived 15 
07-05-18 at 08:57:53:050 Send 06 
07-05-18 at 08:57:53:065 Send 02 05 41 1E 00 00 00 5A 
07-05-18 at 08:57:53:080 Recived 06 
07-05-18 at 08:57:53:425 Recived 02 03 41 00 00 42 
07-05-18 at 08:57:53:440 Send 06 
07-05-18 at 08:57:55:525 Send 05 
07-05-18 at 08:57:55:540 Recived 15 
07-05-18 at 08:57:55:540 Send 06 
07-05-18 at 08:57:55:555 Send 02 08 21 1E 00 00 00 08 39 37 31 
07-05-18 at 08:57:55:570 Recived 06 02 02 21 00 23 
07-05-18 at 08:57:55:585 Send 06 
07-05-18 at 08:57:55:588 Вход в GetStatus
07-05-18 at 08:57:55:600 Send 05 
07-05-18 at 08:57:55:615 Recived 15 
07-05-18 at 08:57:55:615 Send 06 
07-05-18 at 08:57:55:630 Send 02 05 11 1E 00 00 00 0A 
07-05-18 at 08:57:55:645 Recived 06 02 30 11 00 1E 43 31 1C B3 14 0C 11 01 4C 00 B2 02 04 00 00 4E 41 00 00 01 01 10 07 05 12 08 39 37 00 2E 5D 00 00 1C 00 00 00 00 00 EF 95 10 42 01 00 5D 
07-05-18 at 08:57:55:660 Send 06 
07-05-18 at 08:57:55:663 KKMStatus 0000
07-05-18 at 08:57:55:675 Send 05 
07-05-18 at 08:57:55:690 Recived 15 
07-05-18 at 08:57:55:690 Send 06 
07-05-18 at 08:57:55:705 Send 02 05 E0 1E 00 00 00 FB 
07-05-18 at 08:57:55:720 Recived 06 
07-05-18 at 08:57:56:861 Recived 02 03 E0 00 1E FD 
07-05-18 at 08:57:56:876 Send 06 
07-05-18 at 08:58:05:052 total calculated
07-05-18 at 08:58:05:054 now show on display
07-05-18 at 08:58:05:054                     Всего:          7.00
07-05-18 at 08:58:05:054 now clear port error ...
07-05-18 at 08:58:05:054 now write to port ...
07-05-18 at 08:58:05:188 ... done
07-05-18 at 08:58:05:189 total calculated
07-05-18 at 08:58:05:191 now show on display
07-05-18 at 08:58:05:191                     Всего:          7.00
07-05-18 at 08:58:05:191 now clear port error ...
07-05-18 at 08:58:05:191 now write to port ...
07-05-18 at 08:58:05:360 ... done
07-05-18 at 08:58:05:362 111
07-05-18 at 08:58:05:362 Выход из программы
07-05-18 at 17:27:05:897 Запуск программы. Инициализация считана из файла
07-05-18 at 17:27:05:897 Чек загружен.
07-05-18 at 17:27:05:898 Платежи по картам восстановлены
07-05-18 at 17:27:05:899 total calculated
07-05-18 at 17:27:05:900 now show on display
07-05-18 at 17:27:05:900                     Всего:          7.00
07-05-18 at 17:27:05:900 now open port for display
07-05-18 at 17:27:05:901 Com port opened
07-05-18 at 17:27:05:901 now clear port error ...
07-05-18 at 17:27:05:901 now write to port ...
07-05-18 at 17:27:06:035 ... done
07-05-18 at 17:27:06:035 Чек сжат
07-05-18 at 17:27:06:035 Сумма чека посчитана
07-05-18 at 17:27:06:036 Кардридер создан
07-05-18 at 17:27:06:036 Задание запуска модулей создано
07-05-18 at 17:27:06:036 Сканер создан
07-05-18 at 17:27:06:036 Регистратор создан
07-05-18 at 17:27:06:036 Часы созданы
07-05-18 at 17:27:06:037 Регистратор запущен
07-05-18 at 17:27:06:038 Сканер запущен
07-05-18 at 17:27:06:038 Часы запущены
07-05-18 at 17:27:06:038 Кардридер запущен
07-05-18 at 17:27:06:039 Передача данных запущена
07-05-18 at 17:27:06:039 Вход в FRInit
07-05-18 at 17:27:06:039 Вход в GetStatus
07-05-18 at 17:27:06:053 Send 05 
07-05-18 at 17:27:06:068 Recived 15 
07-05-18 at 17:27:06:068 Send 06 
07-05-18 at 17:27:06:083 Send 02 05 11 1E 00 00 00 0A 
07-05-18 at 17:27:06:098 Recived 06 02 30 11 00 1E 43 31 1C B3 14 0C 11 01 4D 00 B2 02 02 00 00 4E 41 00 00 01 01 10 07 05 12 11 1B 07 00 2E 5D 00 00 1C 00 00 00 00 00 EF 95 10 42 01 00 51 
07-05-18 at 17:27:06:113 Send 06 
07-05-18 at 17:27:06:116 KKMStatus 0000
07-05-18 at 17:27:06:128 Send 05 
07-05-18 at 17:27:06:143 Recived 15 
07-05-18 at 17:27:06:143 Send 06 
07-05-18 at 17:27:06:158 Send 02 05 11 1E 00 00 00 0A 
07-05-18 at 17:27:06:173 Recived 06 02 30 11 00 1E 43 31 1C B3 14 0C 11 01 4D 00 B2 02 02 00 00 4E 41 00 00 01 01 10 07 05 12 11 1B 07 00 2E 5D 00 00 1C 00 00 00 00 00 EF 95 10 42 01 00 51 
07-05-18 at 17:27:06:188 Send 06 
07-05-18 at 17:27:06:191 KKMStatus 0200
07-05-18 at 17:27:06:191 Номер ФР считан
07-05-18 at 17:27:06:358 СУБД подключена
07-05-18 at 17:27:06:383 Send 05 
07-05-18 at 17:27:06:398 Recived 15 
07-05-18 at 17:27:06:398 Send 06 
07-05-18 at 17:27:06:413 Send 02 17 1E 1E 00 00 00 05 03 00 01 CA 41 D0 D2 CE C9 20 56 49 53 41 2F 4D 43 92 
07-05-18 at 17:27:06:429 Recived 06 02 02 1E 00 1C 
07-05-18 at 17:27:06:444 Send 06 
07-05-18 at 17:27:06:459 Send 05 
07-05-18 at 17:27:06:474 Recived 15 
07-05-18 at 17:27:06:474 Send 06 
07-05-18 at 17:27:06:489 Send 02 18 1E 1E 00 00 00 05 04 00 01 C4 D0 D3 C3 C8 CC C8 20 CA C0 D0 D2 C0 CC C8 3C 
07-05-18 at 17:27:06:505 Recived 06 02 02 1E 00 1C 
07-05-18 at 17:27:06:520 Send 06 
07-05-18 at 17:27:06:535 Send 05 
07-05-18 at 17:27:06:550 Recived 15 
07-05-18 at 17:27:06:550 Send 06 
07-05-18 at 17:27:06:565 Send 02 0A 1E 1E 00 00 00 01 01 00 01 01 0A 
07-05-18 at 17:27:06:580 Recived 06 02 02 1E 00 1C 
07-05-18 at 17:27:06:595 Send 06 
07-05-18 at 17:27:06:610 Send 05 
07-05-18 at 17:27:06:625 Recived 15 
07-05-18 at 17:27:06:625 Send 06 
07-05-18 at 17:27:06:640 Send 02 0A 1E 1E 00 00 00 01 01 00 05 02 0D 
07-05-18 at 17:27:06:655 Recived 06 02 02 1E 00 1C 
07-05-18 at 17:27:06:670 Send 06 
07-05-18 at 17:27:06:685 Send 05 
07-05-18 at 17:27:06:700 Recived 15 
07-05-18 at 17:27:06:700 Send 06 
07-05-18 at 17:27:06:715 Send 02 0A 1E 1E 00 00 00 01 01 00 23 01 28 
07-05-18 at 17:27:06:730 Recived 06 02 02 1E 00 1C 
07-05-18 at 17:27:06:745 Send 06 
07-05-18 at 17:27:06:760 Send 05 
07-05-18 at 17:27:06:775 Recived 15 
07-05-18 at 17:27:06:775 Send 06 
07-05-18 at 17:27:06:790 Send 02 0A 1E 1E 00 00 00 01 01 00 06 00 0C 
07-05-18 at 17:27:06:805 Recived 06 02 02 1E 00 1C 
07-05-18 at 17:27:06:820 Send 06 
07-05-18 at 17:27:06:835 Send 05 
07-05-18 at 17:27:06:850 Recived 15 
07-05-18 at 17:27:06:850 Send 06 
07-05-18 at 17:27:06:865 Send 02 0A 1E 1E 00 00 00 01 01 00 07 01 0C 
07-05-18 at 17:27:06:880 Recived 06 02 02 1E 00 1C 
07-05-18 at 17:27:06:895 Send 06 
07-05-18 at 17:27:06:910 Send 05 
07-05-18 at 17:27:06:925 Recived 15 
07-05-18 at 17:27:06:925 Send 06 
07-05-18 at 17:27:06:940 Send 02 0A 1E 1E 00 00 00 01 01 00 14 01 1F 
07-05-18 at 17:27:06:955 Recived 06 02 02 1E 00 1C 
07-05-18 at 17:27:06:970 Send 06 
07-05-18 at 17:27:06:985 Send 05 
07-05-18 at 17:27:07:000 Recived 15 
07-05-18 at 17:27:07:000 Send 06 
07-05-18 at 17:27:07:015 Send 02 0A 1E 1E 00 00 00 01 01 00 15 01 1E 
07-05-18 at 17:27:07:030 Recived 06 02 02 1E 00 1C 
07-05-18 at 17:27:07:045 Send 06 
07-05-18 at 17:27:07:060 Send 05 
07-05-18 at 17:27:07:075 Recived 15 
07-05-18 at 17:27:07:075 Send 06 
07-05-18 at 17:27:07:090 Send 02 0A 1E 1E 00 00 00 01 01 00 0F 00 05 
07-05-18 at 17:27:07:105 Recived 06 02 02 1E 00 1C 
07-05-18 at 17:27:07:120 Send 06 
07-05-18 at 17:27:07:135 Send 05 
07-05-18 at 17:27:07:150 Recived 15 
07-05-18 at 17:27:07:150 Send 06 
07-05-18 at 17:27:07:165 Send 02 0A 1E 1E 00 00 00 01 01 00 11 00 1B 
07-05-18 at 17:27:07:180 Recived 06 02 02 1E 00 1C 
07-05-18 at 17:27:07:195 Send 06 
07-05-18 at 17:27:07:210 Send 05 
07-05-18 at 17:27:07:225 Recived 15 
07-05-18 at 17:27:07:225 Send 06 
07-05-18 at 17:27:07:240 Send 02 0A 1E 1E 00 00 00 11 01 00 03 02 1B 
07-05-18 at 17:27:07:255 Recived 06 02 02 1E 00 1C 
07-05-18 at 17:27:07:270 Send 06 
07-05-18 at 17:27:07:285 Send 05 
07-05-18 at 17:27:07:300 Recived 15 
07-05-18 at 17:27:07:300 Send 06 
07-05-18 at 17:27:07:315 Send 02 0A 1E 1E 00 00 00 01 01 00 29 01 22 
07-05-18 at 17:27:07:330 Recived 06 02 02 1E 00 1C 
07-05-18 at 17:27:07:345 Send 06 
07-05-18 at 17:27:07:360 Send 05 
07-05-18 at 17:27:07:375 Recived 15 
07-05-18 at 17:27:07:375 Send 06 
07-05-18 at 17:27:07:390 Send 02 26 1E 1E 00 00 00 04 0C 00 01 20 20 20 20 20 20 20 20 20 20 20 C4 CE C1 D0 CE 20 CF CE C6 C0 CB CE C2 C0 D2 DC 21 00 D5 
07-05-18 at 17:27:07:408 Recived 06 02 02 1E 00 1C 
07-05-18 at 17:27:07:423 Send 06 
07-05-18 at 17:27:07:438 Send 05 
07-05-18 at 17:27:07:453 Recived 15 
07-05-18 at 17:27:07:453 Send 06 
07-05-18 at 17:27:07:468 Send 02 29 1E 1E 00 00 00 04 0D 00 01 20 20 20 20 20 20 20 20 CE CE CE 20 CA EE EC EF E0 ED E8 FF 20 27 CA CE CB CE D0 CB CE CD 27 00 CB 
07-05-18 at 17:27:07:486 Recived 06 02 02 1E 00 1C 
07-05-18 at 17:27:07:501 Send 06 
07-05-18 at 17:27:07:516 Send 05 
07-05-18 at 17:27:07:531 Recived 15 
07-05-18 at 17:27:07:531 Send 06 
07-05-18 at 17:27:07:546 Send 02 2D 1E 1E 00 00 00 04 0E 00 01 20 20 20 20 20 CC E0 E3 E0 E7 E8 ED 20 27 C2 F1 E5 20 F2 EE E2 E0 F0 FB 20 E4 EB FF 20 E4 EE EC E0 27 20 00 DE 
07-05-18 at 17:27:07:564 Recived 06 02 02 1E 00 1C 
07-05-18 at 17:27:07:579 Send 06 
07-05-18 at 17:27:07:594 now clear port error ...
07-05-18 at 17:27:07:595 now write to port ...
07-05-18 at 17:27:07:728 ... done
07-05-18 at 17:27:07:766 Send 05 
07-05-18 at 17:27:07:781 Recived 15 
07-05-18 at 17:27:07:781 Send 06 
07-05-18 at 17:27:07:796 Send 02 06 1A 1E 00 00 00 79 7B 
07-05-18 at 17:27:07:811 Recived 06 02 09 1A 00 1E 00 00 00 00 00 00 0D 
07-05-18 at 17:27:07:826 Send 06 
07-05-18 at 17:27:10:384 Cardreader  Антонов Сергей 
07-05-18 at 17:27:10:391 Send 05 
07-05-18 at 17:27:10:407 Recived 15 
07-05-18 at 17:27:10:407 Send 06 
07-05-18 at 17:27:10:422 Send 02 20 1E 1E 00 00 00 02 1E 00 02 CA E0 F1 F1 E8 F0 20 C0 ED F2 EE ED EE E2 20 D1 E5 F0 E3 E5 E9 20 00 D7 
07-05-18 at 17:27:10:441 Recived 06 02 02 1E 00 1C 
07-05-18 at 17:27:10:456 Send 06 
07-05-18 at 17:27:10:459 now clear port error ...
07-05-18 at 17:27:10:459 now write to port ...
07-05-18 at 17:27:10:592 ... done
07-05-18 at 17:27:11:386 Send 05 
07-05-18 at 17:27:11:401 Recived 15 
07-05-18 at 17:27:11:401 Send 06 
07-05-18 at 17:27:11:416 Send 02 06 FF 39 1E 00 00 00 DE 
07-05-18 at 17:27:11:431 Recived 06 02 10 FF 39 00 05 00 0C 00 4A 00 00 00 12 05 04 0F 06 8F 
07-05-18 at 17:27:11:446 Send 06 
07-05-18 at 17:27:24:490  Нажата клавиша Ctrl+B
07-05-18 at 17:27:24:490 114
07-05-18 at 17:27:24:490 014
07-05-18 at 17:27:24:491 115
07-05-18 at 17:27:24:491 015
07-05-18 at 17:27:24:492 total calculated
07-05-18 at 17:27:24:493 now show on display
07-05-18 at 17:27:24:493                     Всего:          7.00
07-05-18 at 17:27:24:493 now clear port error ...
07-05-18 at 17:27:24:494 now write to port ...
07-05-18 at 17:27:24:627 ... done
07-05-18 at 17:27:24:641 now clear port error ...
07-05-18 at 17:27:24:642 now write to port ...
07-05-18 at 17:27:24:799 ... done
07-05-18 at 17:27:24:799 now clear port error ...
07-05-18 at 17:27:24:800 now write to port ...
07-05-18 at 17:27:24:971 ... done
07-05-18 at 17:27:44:961 now clear port error ...
07-05-18 at 17:27:44:961 now write to port ...
07-05-18 at 17:27:45:095 ... done
07-05-18 at 17:27:45:096 116
07-05-18 at 17:27:45:096 016
07-05-18 at 17:29:13:654 Send 05 
07-05-18 at 17:29:13:669 Recived 15 
07-05-18 at 17:29:13:669 Send 06 
07-05-18 at 17:29:13:684 Send 02 06 FF 39 1E 00 00 00 DE 
07-05-18 at 17:29:13:699 Recived 06 02 10 FF 39 00 05 00 0C 00 4A 00 00 00 12 05 04 0F 06 8F 
07-05-18 at 17:29:13:714 Send 06 
07-05-18 at 17:32:46:365 Запуск программы. Инициализация считана из файла
07-05-18 at 17:32:46:366 Чек загружен.
07-05-18 at 17:32:46:366 Чек загружен.
07-05-18 at 17:32:46:367 Платежи по картам восстановлены
07-05-18 at 17:32:46:367 total calculated
07-05-18 at 17:32:46:368 now show on display
07-05-18 at 17:32:46:368                     Всего:          7.00
07-05-18 at 17:32:46:368 now open port for display
07-05-18 at 17:32:46:369 Com port opened
07-05-18 at 17:32:46:369 now clear port error ...
07-05-18 at 17:32:46:369 now write to port ...
07-05-18 at 17:32:46:503 ... done
07-05-18 at 17:32:46:503 Чек сжат
07-05-18 at 17:32:46:503 Сумма чека посчитана
07-05-18 at 17:32:46:503 Кардридер создан
07-05-18 at 17:32:46:504 Задание запуска модулей создано
07-05-18 at 17:32:46:504 Сканер создан
07-05-18 at 17:32:46:504 Регистратор создан
07-05-18 at 17:32:46:504 Часы созданы
07-05-18 at 17:32:46:504 Регистратор запущен
07-05-18 at 17:32:46:505 Сканер запущен
07-05-18 at 17:32:46:505 Часы запущены
07-05-18 at 17:32:46:506 Кардридер запущен
07-05-18 at 17:32:46:506 Передача данных запущена
07-05-18 at 17:32:46:506 Вход в FRInit
07-05-18 at 17:32:46:506 Вход в GetStatus
07-05-18 at 17:32:46:520 Send 05 
07-05-18 at 17:32:46:535 Recived 15 
07-05-18 at 17:32:46:535 Send 06 
07-05-18 at 17:32:46:550 Send 02 05 11 1E 00 00 00 0A 
07-05-18 at 17:32:46:565 Recived 06 02 30 11 00 1E 43 31 1C B3 14 0C 11 01 4D 00 B2 02 02 00 00 4E 41 00 00 01 01 10 07 05 12 11 20 2F 00 2E 5D 00 00 1C 00 00 00 00 00 EF 95 10 42 01 00 42 
07-05-18 at 17:32:46:580 Send 06 
07-05-18 at 17:32:46:583 KKMStatus 0000
07-05-18 at 17:32:46:595 Send 05 
07-05-18 at 17:32:46:610 Recived 15 
07-05-18 at 17:32:46:610 Send 06 
07-05-18 at 17:32:46:625 Send 02 05 11 1E 00 00 00 0A 
07-05-18 at 17:32:46:640 Recived 06 02 30 11 00 1E 43 31 1C B3 14 0C 11 01 4D 00 B2 02 02 00 00 4E 41 00 00 01 01 10 07 05 12 11 20 2F 00 2E 5D 00 00 1C 00 00 00 00 00 EF 95 10 42 01 00 42 
07-05-18 at 17:32:46:655 Send 06 
07-05-18 at 17:32:46:658 KKMStatus 0200
07-05-18 at 17:32:46:658 Номер ФР считан
07-05-18 at 17:32:46:781 СУБД подключена
07-05-18 at 17:32:46:794 Send 05 
07-05-18 at 17:32:46:809 Recived 15 
07-05-18 at 17:32:46:809 Send 06 
07-05-18 at 17:32:46:824 Send 02 17 1E 1E 00 00 00 05 03 00 01 CA 41 D0 D2 CE C9 20 56 49 53 41 2F 4D 43 92 
07-05-18 at 17:32:46:840 Recived 06 02 02 1E 00 1C 
07-05-18 at 17:32:46:855 Send 06 
07-05-18 at 17:32:46:870 Send 05 
07-05-18 at 17:32:46:885 Recived 15 
07-05-18 at 17:32:46:885 Send 06 
07-05-18 at 17:32:46:900 Send 02 18 1E 1E 00 00 00 05 04 00 01 C4 D0 D3 C3 C8 CC C8 20 CA C0 D0 D2 C0 CC C8 3C 
07-05-18 at 17:32:46:916 Recived 06 02 02 1E 00 1C 
07-05-18 at 17:32:46:931 Send 06 
07-05-18 at 17:32:46:946 Send 05 
07-05-18 at 17:32:46:961 Recived 15 
07-05-18 at 17:32:46:961 Send 06 
07-05-18 at 17:32:46:976 Send 02 0A 1E 1E 00 00 00 01 01 00 01 01 0A 
07-05-18 at 17:32:46:991 Recived 06 02 02 1E 00 1C 
07-05-18 at 17:32:47:006 Send 06 
07-05-18 at 17:32:47:021 Send 05 
07-05-18 at 17:32:47:036 Recived 15 
07-05-18 at 17:32:47:036 Send 06 
07-05-18 at 17:32:47:051 Send 02 0A 1E 1E 00 00 00 01 01 00 05 02 0D 
07-05-18 at 17:32:47:066 Recived 06 02 02 1E 00 1C 
07-05-18 at 17:32:47:081 Send 06 
07-05-18 at 17:32:47:096 Send 05 
07-05-18 at 17:32:47:111 Recived 15 
07-05-18 at 17:32:47:111 Send 06 
07-05-18 at 17:32:47:126 Send 02 0A 1E 1E 00 00 00 01 01 00 23 01 28 
07-05-18 at 17:32:47:141 Recived 06 02 02 1E 00 1C 
07-05-18 at 17:32:47:156 Send 06 
07-05-18 at 17:32:47:171 Send 05 
07-05-18 at 17:32:47:186 Recived 15 
07-05-18 at 17:32:47:186 Send 06 
07-05-18 at 17:32:47:201 Send 02 0A 1E 1E 00 00 00 01 01 00 06 00 0C 
07-05-18 at 17:32:47:216 Recived 06 02 02 1E 00 1C 
07-05-18 at 17:32:47:231 Send 06 
07-05-18 at 17:32:47:246 Send 05 
07-05-18 at 17:32:47:261 Recived 15 
07-05-18 at 17:32:47:261 Send 06 
07-05-18 at 17:32:47:276 Send 02 0A 1E 1E 00 00 00 01 01 00 07 01 0C 
07-05-18 at 17:32:47:291 Recived 06 02 02 1E 00 1C 
07-05-18 at 17:32:47:306 Send 06 
07-05-18 at 17:32:47:321 Send 05 
07-05-18 at 17:32:47:336 Recived 15 
07-05-18 at 17:32:47:336 Send 06 
07-05-18 at 17:32:47:351 Send 02 0A 1E 1E 00 00 00 01 01 00 14 01 1F 
07-05-18 at 17:32:47:366 Recived 06 02 02 1E 00 1C 
07-05-18 at 17:32:47:381 Send 06 
07-05-18 at 17:32:47:396 Send 05 
07-05-18 at 17:32:47:411 Recived 15 
07-05-18 at 17:32:47:411 Send 06 
07-05-18 at 17:32:47:426 Send 02 0A 1E 1E 00 00 00 01 01 00 15 01 1E 
07-05-18 at 17:32:47:441 Recived 06 02 02 1E 00 1C 
07-05-18 at 17:32:47:456 Send 06 
07-05-18 at 17:32:47:471 Send 05 
07-05-18 at 17:32:47:486 Recived 15 
07-05-18 at 17:32:47:486 Send 06 
07-05-18 at 17:32:47:501 Send 02 0A 1E 1E 00 00 00 01 01 00 0F 00 05 
07-05-18 at 17:32:47:516 Recived 06 02 02 1E 00 1C 
07-05-18 at 17:32:47:531 Send 06 
07-05-18 at 17:32:47:546 Send 05 
07-05-18 at 17:32:47:561 Recived 15 
07-05-18 at 17:32:47:561 Send 06 
07-05-18 at 17:32:47:576 Send 02 0A 1E 1E 00 00 00 01 01 00 11 00 1B 
07-05-18 at 17:32:47:591 Recived 06 02 02 1E 00 1C 
07-05-18 at 17:32:47:606 Send 06 
07-05-18 at 17:32:47:621 Send 05 
07-05-18 at 17:32:47:636 Recived 15 
07-05-18 at 17:32:47:636 Send 06 
07-05-18 at 17:32:47:651 Send 02 0A 1E 1E 00 00 00 11 01 00 03 02 1B 
07-05-18 at 17:32:47:666 Recived 06 02 02 1E 00 1C 
07-05-18 at 17:32:47:681 Send 06 
07-05-18 at 17:32:47:696 Send 05 
07-05-18 at 17:32:47:711 Recived 15 
07-05-18 at 17:32:47:711 Send 06 
07-05-18 at 17:32:47:726 Send 02 0A 1E 1E 00 00 00 01 01 00 29 01 22 
07-05-18 at 17:32:47:741 Recived 06 
07-05-18 at 17:32:47:786 Recived 02 02 1E 00 1C 
07-05-18 at 17:32:47:801 Send 06 
07-05-18 at 17:32:47:816 Send 05 
07-05-18 at 17:32:47:831 Recived 15 
07-05-18 at 17:32:47:831 Send 06 
07-05-18 at 17:32:47:846 Send 02 26 1E 1E 00 00 00 04 0C 00 01 20 20 20 20 20 20 20 20 20 20 20 C4 CE C1 D0 CE 20 CF CE C6 C0 CB CE C2 C0 D2 DC 21 00 D5 
07-05-18 at 17:32:47:864 Recived 06 02 02 1E 00 1C 
07-05-18 at 17:32:47:879 Send 06 
07-05-18 at 17:32:47:894 Send 05 
07-05-18 at 17:32:47:909 Recived 15 
07-05-18 at 17:32:47:909 Send 06 
07-05-18 at 17:32:47:924 Send 02 29 1E 1E 00 00 00 04 0D 00 01 20 20 20 20 20 20 20 20 CE CE CE 20 CA EE EC EF E0 ED E8 FF 20 27 CA CE CB CE D0 CB CE CD 27 00 CB 
07-05-18 at 17:32:47:942 Recived 06 02 02 1E 00 1C 
07-05-18 at 17:32:47:957 Send 06 
07-05-18 at 17:32:47:972 Send 05 
07-05-18 at 17:32:47:987 Recived 15 
07-05-18 at 17:32:47:987 Send 06 
07-05-18 at 17:32:48:002 Send 02 2D 1E 1E 00 00 00 04 0E 00 01 20 20 20 20 20 CC E0 E3 E0 E7 E8 ED 20 27 C2 F1 E5 20 F2 EE E2 E0 F0 FB 20 E4 EB FF 20 E4 EE EC E0 27 20 00 DE 
07-05-18 at 17:32:48:020 Recived 06 02 02 1E 00 1C 
07-05-18 at 17:32:48:035 Send 06 
07-05-18 at 17:32:48:052 now clear port error ...
07-05-18 at 17:32:48:053 now write to port ...
07-05-18 at 17:32:48:186 ... done
07-05-18 at 17:32:48:216 Send 05 
07-05-18 at 17:32:48:231 Recived 15 
07-05-18 at 17:32:48:231 Send 06 
07-05-18 at 17:32:48:246 Send 02 06 1A 1E 00 00 00 79 7B 
07-05-18 at 17:32:48:261 Recived 06 02 09 1A 00 1E 00 00 00 00 00 00 0D 
07-05-18 at 17:32:48:276 Send 06 
07-05-18 at 17:32:50:478 Cardreader  Антонов Сергей 
07-05-18 at 17:32:50:486 Send 05 
07-05-18 at 17:32:50:503 Recived 15 
07-05-18 at 17:32:50:503 Send 06 
07-05-18 at 17:32:50:518 Send 02 20 1E 1E 00 00 00 02 1E 00 02 CA E0 F1 F1 E8 F0 20 C0 ED F2 EE ED EE E2 20 D1 E5 F0 E3 E5 E9 20 00 D7 
07-05-18 at 17:32:50:536 Recived 06 02 02 1E 00 1C 
07-05-18 at 17:32:50:551 Send 06 
07-05-18 at 17:32:50:554 now clear port error ...
07-05-18 at 17:32:50:554 now write to port ...
07-05-18 at 17:32:50:688 ... done
07-05-18 at 17:32:51:481 Send 05 
07-05-18 at 17:32:51:496 Recived 15 
07-05-18 at 17:32:51:496 Send 06 
07-05-18 at 17:32:51:511 Send 02 06 FF 39 1E 00 00 00 DE 
07-05-18 at 17:32:51:526 Recived 06 02 10 FF 39 00 05 00 0C 00 4A 00 00 00 12 05 04 0F 06 8F 
07-05-18 at 17:32:51:541 Send 06 
07-05-18 at 17:34:43:548 Запуск программы. Инициализация считана из файла
07-05-18 at 17:34:43:548 Чек загружен.
07-05-18 at 17:34:43:549 Чек загружен.
07-05-18 at 17:34:43:549 Платежи по картам восстановлены
07-05-18 at 17:34:43:550 total calculated
07-05-18 at 17:34:43:550 now show on display
07-05-18 at 17:34:43:550                     Всего:          7.00
07-05-18 at 17:34:43:550 now open port for display
07-05-18 at 17:34:43:551 Com port opened
07-05-18 at 17:34:43:551 now clear port error ...
07-05-18 at 17:34:43:551 now write to port ...
07-05-18 at 17:34:43:685 ... done
07-05-18 at 17:34:43:685 Чек сжат
07-05-18 at 17:34:43:685 Сумма чека посчитана
07-05-18 at 17:34:43:686 Кардридер создан
07-05-18 at 17:34:43:686 Задание запуска модулей создано
07-05-18 at 17:34:43:686 Сканер создан
07-05-18 at 17:34:43:686 Регистратор создан
07-05-18 at 17:34:43:686 Часы созданы
07-05-18 at 17:34:43:687 Регистратор запущен
07-05-18 at 17:34:43:687 Сканер запущен
07-05-18 at 17:34:43:688 Часы запущены
07-05-18 at 17:34:43:688 Кардридер запущен
07-05-18 at 17:34:43:688 Передача данных запущена
07-05-18 at 17:34:43:688 Вход в FRInit
07-05-18 at 17:34:43:689 Вход в GetStatus
07-05-18 at 17:34:43:703 Send 05 
07-05-18 at 17:34:43:718 Recived 15 
07-05-18 at 17:34:43:718 Send 06 
07-05-18 at 17:34:43:733 Send 02 05 11 1E 00 00 00 0A 
07-05-18 at 17:34:43:748 Recived 06 02 30 11 00 1E 43 31 1C B3 14 0C 11 01 4D 00 B2 02 02 00 00 4E 41 00 00 01 01 10 07 05 12 11 22 2C 00 2E 5D 00 00 1C 00 00 00 00 00 EF 95 10 42 01 00 43 
07-05-18 at 17:34:43:763 Send 06 
07-05-18 at 17:34:43:765 KKMStatus 0000
07-05-18 at 17:34:43:778 Send 05 
07-05-18 at 17:34:43:793 Recived 15 
07-05-18 at 17:34:43:793 Send 06 
07-05-18 at 17:34:43:808 Send 02 05 11 1E 00 00 00 0A 
07-05-18 at 17:34:43:823 Recived 06 02 30 11 00 1E 43 31 1C B3 14 0C 11 01 4D 00 B2 02 02 00 00 4E 41 00 00 01 01 10 07 05 12 11 22 2C 00 2E 5D 00 00 1C 00 00 00 00 00 EF 95 10 42 01 00 43 
07-05-18 at 17:34:43:838 Send 06 
07-05-18 at 17:34:43:840 KKMStatus 0200
07-05-18 at 17:34:43:840 Номер ФР считан
07-05-18 at 17:34:43:976 СУБД подключена
07-05-18 at 17:34:43:994 Send 05 
07-05-18 at 17:34:44:009 Recived 15 
07-05-18 at 17:34:44:009 Send 06 
07-05-18 at 17:34:44:024 Send 02 17 1E 1E 00 00 00 05 03 00 01 CA 41 D0 D2 CE C9 20 56 49 53 41 2F 4D 43 92 
07-05-18 at 17:34:44:040 Recived 06 
07-05-18 at 17:34:44:070 Recived 02 02 1E 00 1C 
07-05-18 at 17:34:44:085 Send 06 
07-05-18 at 17:34:44:100 Send 05 
07-05-18 at 17:34:44:115 Recived 15 
07-05-18 at 17:34:44:115 Send 06 
07-05-18 at 17:34:44:130 Send 02 18 1E 1E 00 00 00 05 04 00 01 C4 D0 D3 C3 C8 CC C8 20 CA C0 D0 D2 C0 CC C8 3C 
07-05-18 at 17:34:44:146 Recived 06 02 02 1E 00 1C 
07-05-18 at 17:34:44:161 Send 06 
07-05-18 at 17:34:44:176 Send 05 
07-05-18 at 17:34:44:191 Recived 15 
07-05-18 at 17:34:44:191 Send 06 
07-05-18 at 17:34:44:206 Send 02 0A 1E 1E 00 00 00 01 01 00 01 01 0A 
07-05-18 at 17:34:44:221 Recived 06 02 02 1E 00 1C 
07-05-18 at 17:34:44:236 Send 06 
07-05-18 at 17:34:44:251 Send 05 
07-05-18 at 17:34:44:266 Recived 15 
07-05-18 at 17:34:44:266 Send 06 
07-05-18 at 17:34:44:281 Send 02 0A 1E 1E 00 00 00 01 01 00 05 02 0D 
07-05-18 at 17:34:44:296 Recived 06 02 02 1E 00 1C 
07-05-18 at 17:34:44:311 Send 06 
07-05-18 at 17:34:44:326 Send 05 
07-05-18 at 17:34:44:341 Recived 15 
07-05-18 at 17:34:44:341 Send 06 
07-05-18 at 17:34:44:356 Send 02 0A 1E 1E 00 00 00 01 01 00 23 01 28 
07-05-18 at 17:34:44:371 Recived 06 02 02 1E 00 1C 
07-05-18 at 17:34:44:386 Send 06 
07-05-18 at 17:34:44:401 Send 05 
07-05-18 at 17:34:44:416 Recived 15 
07-05-18 at 17:34:44:416 Send 06 
07-05-18 at 17:34:44:431 Send 02 0A 1E 1E 00 00 00 01 01 00 06 00 0C 
07-05-18 at 17:34:44:446 Recived 06 02 02 1E 00 1C 
07-05-18 at 17:34:44:461 Send 06 
07-05-18 at 17:34:44:476 Send 05 
07-05-18 at 17:34:44:491 Recived 15 
07-05-18 at 17:34:44:491 Send 06 
07-05-18 at 17:34:44:506 Send 02 0A 1E 1E 00 00 00 01 01 00 07 01 0C 
07-05-18 at 17:34:44:521 Recived 06 02 02 1E 00 1C 
07-05-18 at 17:34:44:536 Send 06 
07-05-18 at 17:34:44:551 Send 05 
07-05-18 at 17:34:44:566 Recived 15 
07-05-18 at 17:34:44:566 Send 06 
07-05-18 at 17:34:44:581 Send 02 0A 1E 1E 00 00 00 01 01 00 14 01 1F 
07-05-18 at 17:34:44:596 Recived 06 02 02 1E 00 1C 
07-05-18 at 17:34:44:611 Send 06 
07-05-18 at 17:34:44:626 Send 05 
07-05-18 at 17:34:44:641 Recived 15 
07-05-18 at 17:34:44:641 Send 06 
07-05-18 at 17:34:44:656 Send 02 0A 1E 1E 00 00 00 01 01 00 15 01 1E 
07-05-18 at 17:34:44:671 Recived 06 02 02 1E 00 1C 
07-05-18 at 17:34:44:686 Send 06 
07-05-18 at 17:34:44:701 Send 05 
07-05-18 at 17:34:44:716 Recived 15 
07-05-18 at 17:34:44:716 Send 06 
07-05-18 at 17:34:44:731 Send 02 0A 1E 1E 00 00 00 01 01 00 0F 00 05 
07-05-18 at 17:34:44:746 Recived 06 02 02 1E 00 1C 
07-05-18 at 17:34:44:761 Send 06 
07-05-18 at 17:34:44:776 Send 05 
07-05-18 at 17:34:44:791 Recived 15 
07-05-18 at 17:34:44:791 Send 06 
07-05-18 at 17:34:44:806 Send 02 0A 1E 1E 00 00 00 01 01 00 11 00 1B 
07-05-18 at 17:34:44:821 Recived 06 02 02 1E 00 1C 
07-05-18 at 17:34:44:836 Send 06 
07-05-18 at 17:34:44:851 Send 05 
07-05-18 at 17:34:44:866 Recived 15 
07-05-18 at 17:34:44:866 Send 06 
07-05-18 at 17:34:44:881 Send 02 0A 1E 1E 00 00 00 11 01 00 03 02 1B 
07-05-18 at 17:34:44:896 Recived 06 02 02 1E 00 1C 
07-05-18 at 17:34:44:911 Send 06 
07-05-18 at 17:34:44:926 Send 05 
07-05-18 at 17:34:44:941 Recived 15 
07-05-18 at 17:34:44:941 Send 06 
07-05-18 at 17:34:44:956 Send 02 0A 1E 1E 00 00 00 01 01 00 29 01 22 
07-05-18 at 17:34:44:971 Recived 06 02 02 1E 00 1C 
07-05-18 at 17:34:44:986 Send 06 
07-05-18 at 17:34:45:001 Send 05 
07-05-18 at 17:34:45:016 Recived 15 
07-05-18 at 17:34:45:016 Send 06 
07-05-18 at 17:34:45:031 Send 02 26 1E 1E 00 00 00 04 0C 00 01 20 20 20 20 20 20 20 20 20 20 20 C4 CE C1 D0 CE 20 CF CE C6 C0 CB CE C2 C0 D2 DC 21 00 D5 
07-05-18 at 17:34:45:049 Recived 06 02 02 1E 00 1C 
07-05-18 at 17:34:45:064 Send 06 
07-05-18 at 17:34:45:079 Send 05 
07-05-18 at 17:34:45:094 Recived 15 
07-05-18 at 17:34:45:094 Send 06 
07-05-18 at 17:34:45:109 Send 02 29 1E 1E 00 00 00 04 0D 00 01 20 20 20 20 20 20 20 20 CE CE CE 20 CA EE EC EF E0 ED E8 FF 20 27 CA CE CB CE D0 CB CE CD 27 00 CB 
07-05-18 at 17:34:45:127 Recived 06 02 02 1E 00 1C 
07-05-18 at 17:34:45:142 Send 06 
07-05-18 at 17:34:45:157 Send 05 
07-05-18 at 17:34:45:172 Recived 15 
07-05-18 at 17:34:45:172 Send 06 
07-05-18 at 17:34:45:187 Send 02 2D 1E 1E 00 00 00 04 0E 00 01 20 20 20 20 20 CC E0 E3 E0 E7 E8 ED 20 27 C2 F1 E5 20 F2 EE E2 E0 F0 FB 20 E4 EB FF 20 E4 EE EC E0 27 20 00 DE 
07-05-18 at 17:34:45:205 Recived 06 02 02 1E 00 1C 
07-05-18 at 17:34:45:220 Send 06 
07-05-18 at 17:34:45:238 now clear port error ...
07-05-18 at 17:34:45:239 now write to port ...
07-05-18 at 17:34:45:372 ... done
07-05-18 at 17:34:45:406 Send 05 
07-05-18 at 17:34:45:421 Recived 15 
07-05-18 at 17:34:45:421 Send 06 
07-05-18 at 17:34:45:436 Send 02 06 1A 1E 00 00 00 79 7B 
07-05-18 at 17:34:45:451 Recived 06 02 09 1A 00 1E 00 00 00 00 00 00 0D 
07-05-18 at 17:34:45:466 Send 06 
07-05-18 at 17:34:47:671 Cardreader  Антонов Сергей 
07-05-18 at 17:34:47:675 Send 05 
07-05-18 at 17:34:47:690 Recived 15 
07-05-18 at 17:34:47:690 Send 06 
07-05-18 at 17:34:47:705 Send 02 20 1E 1E 00 00 00 02 1E 00 02 CA E0 F1 F1 E8 F0 20 C0 ED F2 EE ED EE E2 20 D1 E5 F0 E3 E5 E9 20 00 D7 
07-05-18 at 17:34:47:723 Recived 06 02 02 1E 00 1C 
07-05-18 at 17:34:47:738 Send 06 
07-05-18 at 17:34:47:746 now clear port error ...
07-05-18 at 17:34:47:746 now write to port ...
07-05-18 at 17:34:47:879 ... done
07-05-18 at 17:34:48:683 Send 05 
07-05-18 at 17:34:48:698 Recived 15 
07-05-18 at 17:34:48:698 Send 06 
07-05-18 at 17:34:48:713 Send 02 06 FF 39 1E 00 00 00 DE 
07-05-18 at 17:34:48:728 Recived 06 
07-05-18 at 17:34:48:743 Recived 02 10 FF 39 00 02 00 0C 00 4A 00 00 00 12 05 04 0F 06 88 
07-05-18 at 17:34:48:758 Send 06 
07-05-18 at 17:36:59:009 
07-05-18 at 17:37:18:625 Отмены платежа не произошло
 RRN: 713900960886
07-05-18 at 17:38:02:829 Recived 43 
07-05-18 at 17:38:03:024 Recived 43 
07-05-18 at 17:38:04:924 Recived C0 
07-05-18 at 17:38:05:164 Recived 43 
07-05-18 at 17:38:05:359 Recived 43 
07-05-18 at 17:38:05:554 Recived 15 
07-05-18 at 17:38:05:764 Recived 15 
07-05-18 at 17:38:06:109 Recived 18 18 18 58 6D 6F 64 65 6D 20 73 79 6E 63 20 65 72 72 6F 72 0D 0A 73 65 63 75 72 65 20 62 6F 6F 74 6C 6F 61 64 65 72 20 56 2E 31 31 38 0D 0A 
07-05-18 at 17:38:06:454 Recived 53 44 20 6D 6F 75 6E 74 20 66 61 69 6C 0D 0A 
07-05-18 at 17:38:06:469 Recived 73 74 61 72 74 69 6E 67 20 61 70 70 6C 69 63 61 74 69 6F 6E 2E 2E 2E 0D FF 
07-05-18 at 17:39:27:607 Send 05 
07-05-18 at 17:39:27:622 Recived 15 
07-05-18 at 17:39:27:622 Send 06 
07-05-18 at 17:39:27:637 Send 02 06 FF 39 1E 00 00 00 DE 
07-05-18 at 17:39:27:652 Recived 06 02 10 FF 39 00 05 00 0C 00 4A 00 00 00 12 05 04 0F 06 8F 
07-05-18 at 17:39:27:667 Send 06 
07-05-18 at 17:41:28:929 Send 05 
07-05-18 at 17:41:28:944 Recived 15 
07-05-18 at 17:41:28:944 Send 06 
07-05-18 at 17:41:28:959 Send 02 06 FF 39 1E 00 00 00 DE 
07-05-18 at 17:41:28:974 Recived 06 02 10 FF 39 00 05 00 0C 00 4A 00 00 00 12 05 04 0F 06 8F 
07-05-18 at 17:41:28:989 Send 06 
07-05-18 at 17:43:00:137 Запуск программы. Инициализация считана из файла
07-05-18 at 17:43:00:137 Чек загружен.
07-05-18 at 17:43:00:138 Чек загружен.
07-05-18 at 17:43:00:138 Платежи по картам восстановлены
07-05-18 at 17:43:00:139 total calculated
07-05-18 at 17:43:00:139 now show on display
07-05-18 at 17:43:00:139                     Всего:          7.00
07-05-18 at 17:43:00:140 now open port for display
07-05-18 at 17:43:00:140 Com port opened
07-05-18 at 17:43:00:141 now clear port error ...
07-05-18 at 17:43:00:141 now write to port ...
07-05-18 at 17:43:00:274 ... done
07-05-18 at 17:43:00:274 Чек сжат
07-05-18 at 17:43:00:274 Сумма чека посчитана
07-05-18 at 17:43:00:275 Кардридер создан
07-05-18 at 17:43:00:275 Задание запуска модулей создано
07-05-18 at 17:43:00:275 Сканер создан
07-05-18 at 17:43:00:275 Регистратор создан
07-05-18 at 17:43:00:275 Часы созданы
07-05-18 at 17:43:00:276 Регистратор запущен
07-05-18 at 17:43:00:276 Сканер запущен
07-05-18 at 17:43:00:277 Часы запущены
07-05-18 at 17:43:00:277 Кардридер запущен
07-05-18 at 17:43:00:277 Передача данных запущена
07-05-18 at 17:43:00:278 Вход в FRInit
07-05-18 at 17:43:00:278 Вход в GetStatus
07-05-18 at 17:43:00:292 Send 05 
07-05-18 at 17:43:00:307 Recived 15 
07-05-18 at 17:43:00:307 Send 06 
07-05-18 at 17:43:00:322 Send 02 05 11 1E 00 00 00 0A 
07-05-18 at 17:43:00:337 Recived 06 02 30 11 00 1E 43 31 1C B3 14 0C 11 01 4D 00 B2 02 02 00 00 4E 41 00 00 01 01 10 07 05 12 11 2B 01 00 2E 5D 00 00 1C 00 00 00 00 00 EF 95 10 42 01 00 67 
07-05-18 at 17:43:00:352 Send 06 
07-05-18 at 17:43:00:353 KKMStatus 0000
07-05-18 at 17:43:00:367 Send 05 
07-05-18 at 17:43:00:382 Recived 15 
07-05-18 at 17:43:00:382 Send 06 
07-05-18 at 17:43:00:397 Send 02 05 11 1E 00 00 00 0A 
07-05-18 at 17:43:00:412 Recived 06 02 30 11 00 1E 43 31 1C B3 14 0C 11 01 4D 00 B2 02 02 00 00 4E 41 00 00 01 01 10 07 05 12 11 2B 01 00 2E 5D 00 00 1C 00 00 00 00 00 EF 95 10 42 01 00 67 
07-05-18 at 17:43:00:427 Send 06 
07-05-18 at 17:43:00:428 KKMStatus 0200
07-05-18 at 17:43:00:428 Номер ФР считан
07-05-18 at 17:43:00:567 СУБД подключена
07-05-18 at 17:43:00:583 Send 05 
07-05-18 at 17:43:00:598 Recived 15 
07-05-18 at 17:43:00:598 Send 06 
07-05-18 at 17:43:00:613 Send 02 17 1E 1E 00 00 00 05 03 00 01 CA 41 D0 D2 CE C9 20 56 49 53 41 2F 4D 43 92 
07-05-18 at 17:43:00:629 Recived 06 02 02 1E 00 1C 
07-05-18 at 17:43:00:644 Send 06 
07-05-18 at 17:43:00:659 Send 05 
07-05-18 at 17:43:00:674 Recived 15 
07-05-18 at 17:43:00:674 Send 06 
07-05-18 at 17:43:00:689 Send 02 18 1E 1E 00 00 00 05 04 00 01 C4 D0 D3 C3 C8 CC C8 20 CA C0 D0 D2 C0 CC C8 3C 
07-05-18 at 17:43:00:705 Recived 06 02 02 1E 00 1C 
07-05-18 at 17:43:00:720 Send 06 
07-05-18 at 17:43:00:735 Send 05 
07-05-18 at 17:43:00:750 Recived 15 
07-05-18 at 17:43:00:750 Send 06 
07-05-18 at 17:43:00:765 Send 02 0A 1E 1E 00 00 00 01 01 00 01 01 0A 
07-05-18 at 17:43:00:780 Recived 06 02 02 1E 00 1C 
07-05-18 at 17:43:00:795 Send 06 
07-05-18 at 17:43:00:810 Send 05 
07-05-18 at 17:43:00:825 Recived 15 
07-05-18 at 17:43:00:825 Send 06 
07-05-18 at 17:43:00:840 Send 02 0A 1E 1E 00 00 00 01 01 00 05 02 0D 
07-05-18 at 17:43:00:855 Recived 06 02 02 1E 00 1C 
07-05-18 at 17:43:00:870 Send 06 
07-05-18 at 17:43:00:885 Send 05 
07-05-18 at 17:43:00:900 Recived 15 
07-05-18 at 17:43:00:900 Send 06 
07-05-18 at 17:43:00:915 Send 02 0A 1E 1E 00 00 00 01 01 00 23 01 28 
07-05-18 at 17:43:00:930 Recived 06 02 02 1E 00 1C 
07-05-18 at 17:43:00:945 Send 06 
07-05-18 at 17:43:00:960 Send 05 
07-05-18 at 17:43:00:975 Recived 15 
07-05-18 at 17:43:00:975 Send 06 
07-05-18 at 17:43:00:990 Send 02 0A 1E 1E 00 00 00 01 01 00 06 00 0C 
07-05-18 at 17:43:01:005 Recived 06 02 02 1E 00 1C 
07-05-18 at 17:43:01:021 Send 06 
07-05-18 at 17:43:01:036 Send 05 
07-05-18 at 17:43:01:051 Recived 15 
07-05-18 at 17:43:01:051 Send 06 
07-05-18 at 17:43:01:066 Send 02 0A 1E 1E 00 00 00 01 01 00 07 01 0C 
07-05-18 at 17:43:01:081 Recived 06 02 02 1E 00 1C 
07-05-18 at 17:43:01:096 Send 06 
07-05-18 at 17:43:01:111 Send 05 
07-05-18 at 17:43:01:126 Recived 15 
07-05-18 at 17:43:01:126 Send 06 
07-05-18 at 17:43:01:141 Send 02 0A 1E 1E 00 00 00 01 01 00 14 01 1F 
07-05-18 at 17:43:01:156 Recived 06 02 02 1E 00 1C 
07-05-18 at 17:43:01:171 Send 06 
07-05-18 at 17:43:01:186 Send 05 
07-05-18 at 17:43:01:201 Recived 15 
07-05-18 at 17:43:01:201 Send 06 
07-05-18 at 17:43:01:216 Send 02 0A 1E 1E 00 00 00 01 01 00 15 01 1E 
07-05-18 at 17:43:01:231 Recived 06 02 02 1E 00 1C 
07-05-18 at 17:43:01:246 Send 06 
07-05-18 at 17:43:01:261 Send 05 
07-05-18 at 17:43:01:276 Recived 15 
07-05-18 at 17:43:01:276 Send 06 
07-05-18 at 17:43:01:291 Send 02 0A 1E 1E 00 00 00 01 01 00 0F 00 05 
07-05-18 at 17:43:01:306 Recived 06 02 02 1E 00 1C 
07-05-18 at 17:43:01:321 Send 06 
07-05-18 at 17:43:01:336 Send 05 
07-05-18 at 17:43:01:351 Recived 15 
07-05-18 at 17:43:01:351 Send 06 
07-05-18 at 17:43:01:366 Send 02 0A 1E 1E 00 00 00 01 01 00 11 00 1B 
07-05-18 at 17:43:01:381 Recived 06 02 02 1E 00 1C 
07-05-18 at 17:43:01:396 Send 06 
07-05-18 at 17:43:01:411 Send 05 
07-05-18 at 17:43:01:426 Recived 15 
07-05-18 at 17:43:01:426 Send 06 
07-05-18 at 17:43:01:441 Send 02 0A 1E 1E 00 00 00 11 01 00 03 02 1B 
07-05-18 at 17:43:01:456 Recived 06 02 02 1E 00 1C 
07-05-18 at 17:43:01:471 Send 06 
07-05-18 at 17:43:01:486 Send 05 
07-05-18 at 17:43:01:501 Recived 15 
07-05-18 at 17:43:01:501 Send 06 
07-05-18 at 17:43:01:516 Send 02 0A 1E 1E 00 00 00 01 01 00 29 01 22 
07-05-18 at 17:43:01:531 Recived 06 02 02 1E 00 1C 
07-05-18 at 17:43:01:546 Send 06 
07-05-18 at 17:43:01:561 Send 05 
07-05-18 at 17:43:01:576 Recived 15 
07-05-18 at 17:43:01:576 Send 06 
07-05-18 at 17:43:01:591 Send 02 26 1E 1E 00 00 00 04 0C 00 01 20 20 20 20 20 20 20 20 20 20 20 C4 CE C1 D0 CE 20 CF CE C6 C0 CB CE C2 C0 D2 DC 21 00 D5 
07-05-18 at 17:43:01:609 Recived 06 02 02 1E 00 1C 
07-05-18 at 17:43:01:624 Send 06 
07-05-18 at 17:43:01:639 Send 05 
07-05-18 at 17:43:01:654 Recived 15 
07-05-18 at 17:43:01:654 Send 06 
07-05-18 at 17:43:01:669 Send 02 29 1E 1E 00 00 00 04 0D 00 01 20 20 20 20 20 20 20 20 CE CE CE 20 CA EE EC EF E0 ED E8 FF 20 27 CA CE CB CE D0 CB CE CD 27 00 CB 
07-05-18 at 17:43:01:687 Recived 06 02 02 1E 00 1C 
07-05-18 at 17:43:01:702 Send 06 
07-05-18 at 17:43:01:717 Send 05 
07-05-18 at 17:43:01:732 Recived 15 
07-05-18 at 17:43:01:732 Send 06 
07-05-18 at 17:43:01:747 Send 02 2D 1E 1E 00 00 00 04 0E 00 01 20 20 20 20 20 CC E0 E3 E0 E7 E8 ED 20 27 C2 F1 E5 20 F2 EE E2 E0 F0 FB 20 E4 EB FF 20 E4 EE EC E0 27 20 00 DE 
07-05-18 at 17:43:01:765 Recived 06 02 02 1E 00 1C 
07-05-18 at 17:43:01:780 Send 06 
07-05-18 at 17:43:01:797 now clear port error ...
07-05-18 at 17:43:01:798 now write to port ...
07-05-18 at 17:43:01:931 ... done
07-05-18 at 17:43:01:964 Send 05 
07-05-18 at 17:43:01:979 Recived 15 
07-05-18 at 17:43:01:979 Send 06 
07-05-18 at 17:43:01:994 Send 02 06 1A 1E 00 00 00 79 7B 
07-05-18 at 17:43:02:009 Recived 06 02 09 1A 00 1E 00 00 00 00 00 00 0D 
07-05-18 at 17:43:02:025 Send 06 
07-05-18 at 17:43:04:242 Cardreader  Антонов Сергей 
07-05-18 at 17:43:04:248 Send 05 
07-05-18 at 17:43:04:265 Recived 15 
07-05-18 at 17:43:04:265 Send 06 
07-05-18 at 17:43:04:280 Send 02 20 1E 1E 00 00 00 02 1E 00 02 CA E0 F1 F1 E8 F0 20 C0 ED F2 EE ED EE E2 20 D1 E5 F0 E3 E5 E9 20 00 D7 
07-05-18 at 17:43:04:300 Recived 06 02 02 1E 00 1C 
07-05-18 at 17:43:04:330 Send 06 
07-05-18 at 17:43:04:335 now clear port error ...
07-05-18 at 17:43:04:335 now write to port ...
07-05-18 at 17:43:04:469 ... done
07-05-18 at 17:43:05:246 Send 05 
07-05-18 at 17:43:05:261 Recived 15 
07-05-18 at 17:43:05:261 Send 06 
07-05-18 at 17:43:05:276 Send 02 06 FF 39 1E 00 00 00 DE 
07-05-18 at 17:43:05:291 Recived 06 02 10 FF 39 00 02 00 0C 00 4A 00 00 00 12 05 04 0F 06 88 
07-05-18 at 17:43:05:306 Send 06 
07-05-18 at 17:43:07:366  Нажата клавиша Ctrl+B
07-05-18 at 17:43:07:366 114
07-05-18 at 17:43:07:366 014
07-05-18 at 17:43:07:367 115
07-05-18 at 17:43:07:367 015
07-05-18 at 17:43:07:368 total calculated
07-05-18 at 17:43:07:369 now show on display
07-05-18 at 17:43:07:369                     Всего:          7.00
07-05-18 at 17:43:07:370 now clear port error ...
07-05-18 at 17:43:07:370 now write to port ...
07-05-18 at 17:43:07:503 ... done
07-05-18 at 17:43:07:549 now clear port error ...
07-05-18 at 17:43:07:549 now write to port ...
07-05-18 at 17:43:07:683 ... done
07-05-18 at 17:43:07:683 now clear port error ...
07-05-18 at 17:43:07:683 now write to port ...
07-05-18 at 17:43:07:854 ... done
07-05-18 at 17:43:24:911 now clear port error ...
07-05-18 at 17:43:24:912 now write to port ...
07-05-18 at 17:43:25:045 ... done
07-05-18 at 17:43:25:047 116
07-05-18 at 17:43:25:047 016
07-05-18 at 17:43:44:530 Send 05 
07-05-18 at 17:43:44:545 Recived 15 
07-05-18 at 17:43:44:545 Send 06 
07-05-18 at 17:43:44:560 Send 02 2E 17 1E 00 00 00 03 20 20 20 20 20 20 20 20 20 20 20 20 20 20 20 20 20 20 20 20 20 20 20 20 20 20 20 20 20 20 20 20 20 20 20 20 20 20 20 20 24 
07-05-18 at 17:43:44:579 Recived 06 02 03 17 00 1E 0A 
07-05-18 at 17:43:44:594 Send 06 
07-05-18 at 17:43:44:609 Send 05 
07-05-18 at 17:43:44:624 Recived 15 
07-05-18 at 17:43:44:624 Send 06 
07-05-18 at 17:43:44:639 Send 02 2E 17 1E 00 00 00 03 30 37 2E 30 35 2E 31 38 20 20 20 20 20 20 20 20 20 20 20 20 20 20 20 20 20 20 20 20 20 20 20 20 20 20 20 31 37 3A 34 33 34 
07-05-18 at 17:43:44:658 Recived 06 02 03 17 00 1E 0A 
07-05-18 at 17:43:44:673 Send 06 
07-05-18 at 17:43:44:688 Send 05 
07-05-18 at 17:43:44:703 Recived 15 
07-05-18 at 17:43:44:703 Send 06 
07-05-18 at 17:43:44:718 Send 02 2E 17 1E 00 00 00 03 20 20 20 20 20 20 20 20 20 20 20 20 20 20 20 20 20 20 D7 C5 CA 20 20 20 20 20 20 20 20 20 20 20 00 00 00 00 00 00 00 00 DC 
07-05-18 at 17:43:44:737 Recived 06 02 03 17 00 1E 0A 
07-05-18 at 17:43:44:752 Send 06 
07-05-18 at 17:43:44:767 Send 05 
07-05-18 at 17:43:44:782 Recived 15 
07-05-18 at 17:43:44:782 Send 06 
07-05-18 at 17:43:44:797 Send 02 2E 17 1E 00 00 00 03 20 20 20 20 20 20 20 20 20 20 20 20 20 20 20 20 20 CE F2 EC E5 ED E0 20 20 20 20 20 20 20 20 20 20 20 20 20 20 20 20 20 1C 
07-05-18 at 17:43:44:816 Recived 06 02 03 17 00 1E 0A 
07-05-18 at 17:43:44:831 Send 06 
07-05-18 at 17:43:44:846 Send 05 
07-05-18 at 17:43:44:861 Recived 15 
07-05-18 at 17:43:44:861 Send 06 
07-05-18 at 17:43:44:876 Send 02 2E 17 1E 00 00 00 03 CD EE EC E5 F0 20 EE EF E5 F0 E0 F6 E8 E8 3A 20 20 20 20 20 20 20 20 20 20 20 20 20 20 20 20 20 20 20 20 20 30 30 30 33 C5 
07-05-18 at 17:43:44:895 Recived 06 02 03 17 00 1E 0A 
07-05-18 at 17:43:44:910 Send 06 
07-05-18 at 17:43:44:925 Send 05 
07-05-18 at 17:43:44:940 Recived 15 
07-05-18 at 17:43:44:940 Send 06 
07-05-18 at 17:43:44:955 Send 02 2E 17 1E 00 00 00 03 D2 E5 F0 EC E8 ED E0 EB 3A 20 20 20 20 20 20 20 20 20 20 20 20 20 20 20 20 20 20 20 20 20 20 20 30 30 34 34 39 34 38 38 16 
07-05-18 at 17:43:44:974 Recived 06 02 03 17 00 1E 0A 
07-05-18 at 17:43:44:989 Send 06 
07-05-18 at 17:43:45:004 Send 05 
07-05-18 at 17:43:45:019 Recived 15 
07-05-18 at 17:43:45:019 Send 06 
07-05-18 at 17:43:45:034 Send 02 2E 17 1E 00 00 00 03 CF F3 ED EA F2 20 EE E1 F1 EB F3 E6 E8 E2 E0 ED E8 FF 3A 20 20 20 20 20 20 20 20 20 34 34 30 30 30 30 30 30 30 35 37 32 C7 
07-05-18 at 17:43:45:053 Recived 06 02 03 17 00 1E 0A 
07-05-18 at 17:43:45:068 Send 06 
07-05-18 at 17:43:45:083 Send 05 
07-05-18 at 17:43:45:098 Recived 15 
07-05-18 at 17:43:45:098 Send 06 
07-05-18 at 17:43:45:113 Send 02 2E 17 1E 00 00 00 03 20 20 20 20 20 20 20 20 20 20 20 20 4D 61 73 74 65 72 63 61 72 64 20 20 20 20 41 30 30 30 30 30 30 30 30 34 31 30 31 30 79 
07-05-18 at 17:43:45:132 Recived 06 02 03 17 00 1E 0A 
07-05-18 at 17:43:45:147 Send 06 
07-05-18 at 17:43:45:162 Send 05 
07-05-18 at 17:43:45:177 Recived 15 
07-05-18 at 17:43:45:177 Send 06 
07-05-18 at 17:43:45:192 Send 02 2E 17 1E 00 00 00 03 CA E0 F0 F2 E0 3A 28 45 29 20 20 20 20 20 20 20 20 20 20 20 20 20 20 20 2A 2A 2A 2A 2A 2A 2A 2A 2A 2A 2A 2A 30 31 35 31 B7 
07-05-18 at 17:43:45:211 Recived 06 02 03 17 00 1E 0A 
07-05-18 at 17:43:45:226 Send 06 
07-05-18 at 17:43:45:241 Send 05 
07-05-18 at 17:43:45:256 Recived 15 
07-05-18 at 17:43:45:256 Send 06 
07-05-18 at 17:43:45:271 Send 02 2E 17 1E 00 00 00 03 CA EB E8 E5 ED F2 3A 20 20 20 20 20 20 20 20 20 20 20 20 20 20 20 20 20 20 20 20 20 20 20 20 20 20 20 20 20 20 20 20 20 0D 
07-05-18 at 17:43:45:290 Recived 06 02 03 17 00 1E 0A 
07-05-18 at 17:43:45:305 Send 06 
07-05-18 at 17:43:45:320 Send 05 
07-05-18 at 17:43:45:335 Recived 15 
07-05-18 at 17:43:45:335 Send 06 
07-05-18 at 17:43:45:350 Send 02 2E 17 1E 00 00 00 03 20 00 00 00 00 00 00 00 00 00 00 00 00 00 00 00 00 00 00 00 00 00 00 00 00 00 00 00 00 00 00 00 00 00 00 00 00 00 00 00 04 
07-05-18 at 17:43:45:369 Recived 06 02 03 17 00 1E 0A 
07-05-18 at 17:43:45:384 Send 06 
07-05-18 at 17:43:45:399 Send 05 
07-05-18 at 17:43:45:415 Recived 15 
07-05-18 at 17:43:45:415 Send 06 
07-05-18 at 17:43:45:430 Send 02 2E 17 1E 00 00 00 03 D1 F3 EC EC E0 20 28 D0 F3 E1 29 3A 00 00 00 00 00 00 00 00 00 00 00 00 00 00 00 00 00 00 00 00 00 00 00 00 00 00 00 00 3F 
07-05-18 at 17:43:45:449 Recived 06 02 03 17 00 1E 0A 
07-05-18 at 17:43:45:464 Send 06 
07-05-18 at 17:43:45:479 Send 05 
07-05-18 at 17:43:45:494 Recived 15 
07-05-18 at 17:43:45:494 Send 06 
07-05-18 at 17:43:45:509 Send 02 2E 17 1E 00 00 00 03 20 20 20 20 20 20 20 20 20 20 20 20 20 20 20 20 35 2E 30 30 00 00 00 00 00 00 00 00 00 00 00 00 00 00 00 00 00 00 00 00 3F 
07-05-18 at 17:43:45:528 Recived 06 02 03 17 00 1E 0A 
07-05-18 at 17:43:45:543 Send 06 
07-05-18 at 17:43:45:558 Send 05 
07-05-18 at 17:43:45:573 Recived 15 
07-05-18 at 17:43:45:573 Send 06 
07-05-18 at 17:43:45:588 Send 02 2E 17 1E 00 00 00 03 CA EE EC E8 F1 F1 E8 FF 20 E7 E0 20 EE EF E5 F0 E0 F6 E8 FE 20 2D 20 30 20 D0 F3 E1 2E 00 00 00 00 00 00 00 00 00 00 00 D1 
07-05-18 at 17:43:45:607 Recived 06 02 03 17 00 1E 0A 
07-05-18 at 17:43:45:622 Send 06 
07-05-18 at 17:43:45:637 Send 05 
07-05-18 at 17:43:45:652 Recived 15 
07-05-18 at 17:43:45:652 Send 06 
07-05-18 at 17:43:45:667 Send 02 2E 17 1E 00 00 00 03 20 20 20 20 20 20 20 20 20 20 20 20 20 20 20 20 CE C4 CE C1 D0 C5 CD CE 20 20 20 20 20 20 20 20 20 20 20 20 20 20 20 20 37 
07-05-18 at 17:43:45:686 Recived 06 02 03 17 00 1E 0A 
07-05-18 at 17:43:45:701 Send 06 
07-05-18 at 17:43:45:716 Send 05 
07-05-18 at 17:43:45:731 Recived 15 
07-05-18 at 17:43:45:731 Send 06 
07-05-18 at 17:43:45:746 Send 02 2E 17 1E 00 00 00 03 CA EE E4 20 E0 E2 F2 EE F0 E8 E7 E0 F6 E8 E8 3A 20 20 20 20 20 20 20 20 20 20 20 20 20 20 20 20 20 20 38 37 30 39 33 35 09 
07-05-18 at 17:43:45:765 Recived 06 02 03 17 00 1E 0A 
07-05-18 at 17:43:45:780 Send 06 
07-05-18 at 17:43:45:795 Send 05 
07-05-18 at 17:43:45:810 Recived 15 
07-05-18 at 17:43:45:810 Send 06 
07-05-18 at 17:43:45:825 Send 02 2E 17 1E 00 00 00 03 CD EE EC E5 F0 20 F1 F1 FB EB EA E8 3A 20 20 20 20 20 20 20 20 20 20 20 20 20 20 20 37 31 33 39 30 31 31 35 36 39 33 38 DB 
07-05-18 at 17:43:45:844 Recived 06 02 03 17 00 1E 0A 
07-05-18 at 17:43:45:859 Send 06 
07-05-18 at 17:43:45:874 Send 05 
07-05-18 at 17:43:45:889 Recived 15 
07-05-18 at 17:43:45:889 Send 06 
07-05-18 at 17:43:45:904 Send 02 2E 17 1E 00 00 00 03 3D 3D 3D 3D 3D 3D 3D 3D 3D 3D 3D 3D 3D 3D 3D 3D 3D 3D 3D 3D 3D 3D 3D 3D 3D 3D 3D 3D 3D 3D 3D 3D 3D 3D 3D 3D 3D 3D 3D 3D 24 
07-05-18 at 17:43:45:923 Recived 06 02 03 17 00 1E 0A 
07-05-18 at 17:43:45:938 Send 06 
07-05-18 at 17:43:45:953 Send 05 
07-05-18 at 17:43:45:968 Recived 15 
07-05-18 at 17:43:45:968 Send 06 
07-05-18 at 17:43:45:983 Send 02 2E 17 1E 00 00 00 03 20 00 00 00 00 00 00 00 00 00 00 00 00 00 00 00 00 00 00 00 00 00 00 00 00 00 00 00 00 00 00 00 00 00 00 00 00 00 00 00 04 
07-05-18 at 17:43:46:002 Recived 06 02 03 17 00 1E 0A 
07-05-18 at 17:43:46:017 Send 06 
07-05-18 at 17:43:46:032 Send 05 
07-05-18 at 17:43:46:047 Recived 15 
07-05-18 at 17:43:46:047 Send 06 
07-05-18 at 17:43:46:062 Send 02 2E 17 1E 00 00 00 03 20 00 00 00 00 00 00 00 00 00 00 00 00 00 00 00 00 00 00 00 00 00 00 00 00 00 00 00 00 00 00 00 00 00 00 00 00 00 00 00 04 
07-05-18 at 17:43:46:081 Recived 06 02 03 17 00 1E 0A 
07-05-18 at 17:43:46:096 Send 06 
07-05-18 at 17:43:46:111 Send 05 
07-05-18 at 17:43:46:126 Recived 15 
07-05-18 at 17:43:46:126 Send 06 
07-05-18 at 17:43:46:141 Send 02 2E 17 1E 00 00 00 03 20 00 00 00 00 00 00 00 00 00 00 00 00 00 00 00 00 00 00 00 00 00 00 00 00 00 00 00 00 00 00 00 00 00 00 00 00 00 00 00 04 
07-05-18 at 17:43:46:160 Recived 06 02 03 17 00 1E 0A 
07-05-18 at 17:43:46:175 Send 06 
07-05-18 at 17:43:46:190 Send 05 
07-05-18 at 17:43:46:205 Recived 15 
07-05-18 at 17:43:46:205 Send 06 
07-05-18 at 17:43:46:220 Send 02 2E 17 1E 00 00 00 03 20 00 00 00 00 00 00 00 00 00 00 00 00 00 00 00 00 00 00 00 00 00 00 00 00 00 00 00 00 00 00 00 00 00 00 00 00 00 00 00 04 
07-05-18 at 17:43:46:239 Recived 06 02 03 17 00 1E 0A 
07-05-18 at 17:43:46:254 Send 06 
07-05-18 at 17:43:46:269 Send 05 
07-05-18 at 17:43:46:284 Recived 15 
07-05-18 at 17:43:46:284 Send 06 
07-05-18 at 17:43:46:299 Send 02 2E 17 1E 00 00 00 03 01 00 00 00 00 00 00 00 00 00 00 00 00 00 00 00 00 00 00 00 00 00 00 00 00 00 00 00 00 00 00 00 00 00 00 00 00 00 00 00 25 
07-05-18 at 17:43:46:318 Recived 06 02 03 17 00 1E 0A 
07-05-18 at 17:43:46:333 Send 06 
07-05-18 at 17:43:46:334 
07-05-18 at 17:45:12:467 Send 05 
07-05-18 at 17:45:12:482 Recived 15 
07-05-18 at 17:45:12:482 Send 06 
07-05-18 at 17:45:12:497 Send 02 06 FF 39 1E 00 00 00 DE 
07-05-18 at 17:45:12:512 Recived 06 02 10 FF 39 00 05 00 0C 00 4A 00 00 00 12 05 04 0F 06 8F 
07-05-18 at 17:45:12:527 Send 06 
