13-06-18 at 12:50:04:401 Запуск программы. Инициализация считана из файла
13-06-18 at 12:50:04:401 Чек загружен.
13-06-18 at 12:50:04:402 Чек загружен.
13-06-18 at 12:50:04:403 Попытка входа в критическую секцию: дисконт
13-06-18 at 12:50:04:403 total calculated
13-06-18 at 12:50:04:403 now show on display
13-06-18 at 12:50:04:403                     Всего:          7.00
13-06-18 at 12:50:04:404 now open port for display
13-06-18 at 12:50:04:405 Com port opened
13-06-18 at 12:50:04:405 now clear port error ...
13-06-18 at 12:50:04:405 now write to port ...
13-06-18 at 12:50:04:538 ... done
13-06-18 at 12:50:04:538 Чек сжат
13-06-18 at 12:50:04:539 Сумма чека посчитана
13-06-18 at 12:50:04:539 Кардридер создан
13-06-18 at 12:50:04:539 Задание запуска модулей создано
13-06-18 at 12:50:04:539 Сканер создан
13-06-18 at 12:50:04:540 Регистратор создан
13-06-18 at 12:50:04:540 Часы созданы
13-06-18 at 12:50:04:541 Регистратор запущен
13-06-18 at 12:50:04:541 Сканер запущен
13-06-18 at 12:50:04:541 Часы запущены
13-06-18 at 12:50:04:541 Кардридер запущен
13-06-18 at 12:50:04:541 Передача данных запущена
13-06-18 at 12:50:04:542 Вход в FRInit
13-06-18 at 12:50:04:542 Вход в GetStatus
13-06-18 at 12:50:04:557 Send 05 
13-06-18 at 12:50:04:572 Recived 15 
13-06-18 at 12:50:04:572 Send 06 
13-06-18 at 12:50:04:587 Send 02 05 11 1E 00 00 00 0A 
13-06-18 at 12:50:04:602 Recived 06 02 30 11 00 1E 43 31 1C B3 14 0C 11 01 A9 00 B2 02 03 00 00 4E 41 00 00 01 01 10 0D 06 12 0C 32 05 00 2E 5D 00 00 29 00 00 00 00 00 EF 95 10 42 01 00 BE 
13-06-18 at 12:50:04:617 Send 06 
13-06-18 at 12:50:04:622 KKMStatus 0000
13-06-18 at 12:50:04:632 Send 05 
13-06-18 at 12:50:04:647 Recived 15 
13-06-18 at 12:50:04:647 Send 06 
13-06-18 at 12:50:04:662 Send 02 05 11 1E 00 00 00 0A 
13-06-18 at 12:50:04:677 Recived 06 02 30 11 00 1E 43 31 1C B3 14 0C 11 01 A9 00 B2 02 03 00 00 4E 41 00 00 01 01 10 0D 06 12 0C 32 05 00 2E 5D 00 00 29 00 00 00 00 00 EF 95 10 42 01 00 BE 
13-06-18 at 12:50:04:692 Send 06 
13-06-18 at 12:50:04:697 KKMStatus 0300
13-06-18 at 12:50:04:697 Номер ФР считан
13-06-18 at 12:50:04:881 СУБД подключена
13-06-18 at 12:50:04:898 Send 05 
13-06-18 at 12:50:04:913 Recived 15 
13-06-18 at 12:50:04:913 Send 06 
13-06-18 at 12:50:04:928 Send 02 17 1E 1E 00 00 00 05 03 00 01 CA 41 D0 D2 CE C9 20 56 49 53 41 2F 4D 43 92 
13-06-18 at 12:50:04:944 Recived 06 02 02 1E 00 1C 
13-06-18 at 12:50:04:959 Send 06 
13-06-18 at 12:50:04:974 Send 05 
13-06-18 at 12:50:04:989 Recived 15 
13-06-18 at 12:50:04:989 Send 06 
13-06-18 at 12:50:05:004 Send 02 18 1E 1E 00 00 00 05 04 00 01 C4 D0 D3 C3 C8 CC C8 20 CA C0 D0 D2 C0 CC C8 3C 
13-06-18 at 12:50:05:020 Recived 06 02 02 1E 00 1C 
13-06-18 at 12:50:05:035 Send 06 
13-06-18 at 12:50:05:050 Send 05 
13-06-18 at 12:50:05:065 Recived 15 
13-06-18 at 12:50:05:065 Send 06 
13-06-18 at 12:50:05:080 Send 02 0A 1E 1E 00 00 00 01 01 00 01 01 0A 
13-06-18 at 12:50:05:095 Recived 06 02 02 1E 00 1C 
13-06-18 at 12:50:05:110 Send 06 
13-06-18 at 12:50:05:125 Send 05 
13-06-18 at 12:50:05:140 Recived 15 
13-06-18 at 12:50:05:140 Send 06 
13-06-18 at 12:50:05:155 Send 02 0A 1E 1E 00 00 00 01 01 00 05 02 0D 
13-06-18 at 12:50:05:170 Recived 06 02 02 1E 00 1C 
13-06-18 at 12:50:05:185 Send 06 
13-06-18 at 12:50:05:200 Send 05 
13-06-18 at 12:50:05:215 Recived 15 
13-06-18 at 12:50:05:215 Send 06 
13-06-18 at 12:50:05:230 Send 02 0A 1E 1E 00 00 00 01 01 00 23 01 28 
13-06-18 at 12:50:05:245 Recived 06 02 02 1E 00 1C 
13-06-18 at 12:50:05:260 Send 06 
13-06-18 at 12:50:05:275 Send 05 
13-06-18 at 12:50:05:290 Recived 15 
13-06-18 at 12:50:05:290 Send 06 
13-06-18 at 12:50:05:305 Send 02 0A 1E 1E 00 00 00 01 01 00 06 00 0C 
13-06-18 at 12:50:05:320 Recived 06 02 02 1E 00 1C 
13-06-18 at 12:50:05:335 Send 06 
13-06-18 at 12:50:05:350 Send 05 
13-06-18 at 12:50:05:365 Recived 15 
13-06-18 at 12:50:05:365 Send 06 
13-06-18 at 12:50:05:380 Send 02 0A 1E 1E 00 00 00 01 01 00 07 01 0C 
13-06-18 at 12:50:05:395 Recived 06 02 02 1E 00 1C 
13-06-18 at 12:50:05:410 Send 06 
13-06-18 at 12:50:05:425 Send 05 
13-06-18 at 12:50:05:440 Recived 15 
13-06-18 at 12:50:05:440 Send 06 
13-06-18 at 12:50:05:455 Send 02 0A 1E 1E 00 00 00 01 01 00 14 01 1F 
13-06-18 at 12:50:05:470 Recived 06 02 02 1E 00 1C 
13-06-18 at 12:50:05:485 Send 06 
13-06-18 at 12:50:05:500 Send 05 
13-06-18 at 12:50:05:515 Recived 15 
13-06-18 at 12:50:05:515 Send 06 
13-06-18 at 12:50:05:530 Send 02 0A 1E 1E 00 00 00 01 01 00 15 01 1E 
13-06-18 at 12:50:05:545 Recived 06 02 02 1E 00 1C 
13-06-18 at 12:50:05:560 Send 06 
13-06-18 at 12:50:05:575 Send 05 
13-06-18 at 12:50:05:590 Recived 15 
13-06-18 at 12:50:05:590 Send 06 
13-06-18 at 12:50:05:605 Send 02 0A 1E 1E 00 00 00 01 01 00 0F 00 05 
13-06-18 at 12:50:05:620 Recived 06 02 02 1E 00 1C 
13-06-18 at 12:50:05:635 Send 06 
13-06-18 at 12:50:05:650 Send 05 
13-06-18 at 12:50:05:665 Recived 15 
13-06-18 at 12:50:05:665 Send 06 
13-06-18 at 12:50:05:680 Send 02 0A 1E 1E 00 00 00 01 01 00 11 00 1B 
13-06-18 at 12:50:05:695 Recived 06 02 02 1E 00 1C 
13-06-18 at 12:50:05:710 Send 06 
13-06-18 at 12:50:05:725 Send 05 
13-06-18 at 12:50:05:740 Recived 15 
13-06-18 at 12:50:05:740 Send 06 
13-06-18 at 12:50:05:755 Send 02 0A 1E 1E 00 00 00 11 01 00 03 02 1B 
13-06-18 at 12:50:05:770 Recived 06 02 02 1E 00 1C 
13-06-18 at 12:50:05:785 Send 06 
13-06-18 at 12:50:05:800 Send 05 
13-06-18 at 12:50:05:815 Recived 15 
13-06-18 at 12:50:05:815 Send 06 
13-06-18 at 12:50:05:830 Send 02 0A 1E 1E 00 00 00 01 01 00 29 01 22 
13-06-18 at 12:50:05:845 Recived 06 02 02 1E 00 1C 
13-06-18 at 12:50:05:860 Send 06 
13-06-18 at 12:50:05:875 Send 05 
13-06-18 at 12:50:05:890 Recived 15 
13-06-18 at 12:50:05:890 Send 06 
13-06-18 at 12:50:05:905 Send 02 26 1E 1E 00 00 00 04 0C 00 01 20 20 20 20 20 20 20 20 20 20 20 C4 CE C1 D0 CE 20 CF CE C6 C0 CB CE C2 C0 D2 DC 21 00 D5 
13-06-18 at 12:50:05:922 Recived 06 02 02 1E 00 1C 
13-06-18 at 12:50:05:937 Send 06 
13-06-18 at 12:50:05:952 Send 05 
13-06-18 at 12:50:05:967 Recived 15 
13-06-18 at 12:50:05:967 Send 06 
13-06-18 at 12:50:05:982 Send 02 29 1E 1E 00 00 00 04 0D 00 01 20 20 20 20 20 20 20 20 CE CE CE 20 CA EE EC EF E0 ED E8 FF 20 27 CA CE CB CE D0 CB CE CD 27 00 CB 
13-06-18 at 12:50:06:000 Recived 06 02 02 1E 00 1C 
13-06-18 at 12:50:06:015 Send 06 
13-06-18 at 12:50:06:030 Send 05 
13-06-18 at 12:50:06:045 Recived 15 
13-06-18 at 12:50:06:045 Send 06 
13-06-18 at 12:50:06:060 Send 02 2D 1E 1E 00 00 00 04 0E 00 01 20 20 20 20 20 CC E0 E3 E0 E7 E8 ED 20 27 C2 F1 E5 20 F2 EE E2 E0 F0 FB 20 E4 EB FF 20 E4 EE EC E0 27 20 00 DE 
13-06-18 at 12:50:06:078 Recived 06 02 02 1E 00 1C 
13-06-18 at 12:50:06:093 Send 06 
13-06-18 at 12:50:06:115 now clear port error ...
13-06-18 at 12:50:06:115 now write to port ...
13-06-18 at 12:50:06:249 ... done
13-06-18 at 12:50:06:289 Send 05 
13-06-18 at 12:50:06:304 Recived 15 
13-06-18 at 12:50:06:304 Send 06 
13-06-18 at 12:50:06:319 Send 02 06 1A 1E 00 00 00 79 7B 
13-06-18 at 12:50:06:334 Recived 06 02 09 1A 00 1E 70 17 00 00 00 00 6A 
13-06-18 at 12:50:06:349 Send 06 
13-06-18 at 12:50:08:453 Cardreader  Антонов Сергей 
13-06-18 at 12:50:08:461 Send 05 
13-06-18 at 12:50:08:479 Recived 15 
13-06-18 at 12:50:08:482 Send 06 
13-06-18 at 12:50:08:500 Send 02 20 1E 1E 00 00 00 02 1E 00 02 CA E0 F1 F1 E8 F0 20 C0 ED F2 EE ED EE E2 20 D1 E5 F0 E3 E5 E9 20 00 D7 
13-06-18 at 12:50:08:526 Recived 06 02 02 1E 00 1C 
13-06-18 at 12:50:08:541 Send 06 
13-06-18 at 12:50:08:551 now clear port error ...
13-06-18 at 12:50:08:551 now write to port ...
13-06-18 at 12:50:08:684 ... done
13-06-18 at 12:50:09:456 Send 05 
13-06-18 at 12:50:09:471 Recived 15 
13-06-18 at 12:50:09:471 Send 06 
13-06-18 at 12:50:09:486 Send 02 06 FF 39 1E 00 00 00 DE 
13-06-18 at 12:50:09:501 Recived 06 02 10 FF 39 00 00 00 00 00 00 00 00 00 00 00 00 00 00 D6 
13-06-18 at 12:50:09:516 Send 06 
13-06-18 at 12:50:19:162 Send 05 
13-06-18 at 12:50:19:177 Recived 15 
13-06-18 at 12:50:19:177 Send 06 
13-06-18 at 12:50:19:192 Send 02 2E 17 1E 00 00 00 03 20 20 CF EE E4 E0 F0 EE F7 ED FB E5 20 EA E0 F0 F2 FB 20 ED E5 20 EF F0 EE E4 E0 E2 E0 EB E8 F1 FC 00 00 00 00 00 00 00 39 
13-06-18 at 12:50:19:211 Recived 06 02 03 17 00 1E 0A 
13-06-18 at 12:50:19:226 Send 06 
13-06-18 at 12:50:19:241 Send 05 
13-06-18 at 12:50:19:256 Recived 15 
13-06-18 at 12:50:19:256 Send 06 
13-06-18 at 12:50:19:271 Send 02 2E 17 1E 00 00 00 03 2D 2D 2D 2D 2D 2D 2D 2D 2D 2D 2D 2D 2D 2D 2D 2D 2D 2D 2D 2D 2D 2D 2D 2D 2D 2D 2D 2D 2D 2D 2D 2D 2D 2D 2D 2D 2D 2D 2D 2D 24 
13-06-18 at 12:50:19:290 Recived 06 02 03 17 00 1E 0A 
13-06-18 at 12:50:19:305 Send 06 
13-06-18 at 12:50:19:320 Send 05 
13-06-18 at 12:50:19:335 Recived 15 
13-06-18 at 12:50:19:335 Send 06 
13-06-18 at 12:50:19:350 Send 02 05 41 1E 00 00 00 5A 
13-06-18 at 12:50:19:365 Recived 06 
13-06-18 at 12:50:20:700 Recived 02 03 41 00 00 42 
13-06-18 at 12:50:20:715 Send 06 
13-06-18 at 12:50:22:909 Send 05 
13-06-18 at 12:50:22:924 Recived 15 
13-06-18 at 12:50:22:924 Send 06 
13-06-18 at 12:50:22:939 Send 02 08 21 1E 00 00 00 0C 32 16 1F 
13-06-18 at 12:50:22:954 Recived 06 02 02 21 00 23 
13-06-18 at 12:50:22:969 Send 06 
13-06-18 at 12:50:22:975 Вход в GetStatus
13-06-18 at 12:50:22:984 Send 05 
13-06-18 at 12:50:22:999 Recived 15 
13-06-18 at 12:50:22:999 Send 06 
13-06-18 at 12:50:23:014 Send 02 05 11 1E 00 00 00 0A 
13-06-18 at 12:50:23:029 Recived 06 02 30 11 00 1E 43 31 1C B3 14 0C 11 01 AA 00 B2 02 04 00 00 4E 41 00 00 01 01 10 0D 06 12 0C 32 16 00 2E 5D 00 00 2A 00 00 00 00 00 EF 95 10 42 01 00 AA 
13-06-18 at 12:50:23:044 Send 06 
13-06-18 at 12:50:23:050 KKMStatus 0000
13-06-18 at 12:50:23:059 Send 05 
13-06-18 at 12:50:23:074 Recived 15 
13-06-18 at 12:50:23:074 Send 06 
13-06-18 at 12:50:23:089 Send 02 05 E0 1E 00 00 00 FB 
13-06-18 at 12:50:23:104 Recived 06 
13-06-18 at 12:50:24:244 Recived 02 03 E0 00 1E FD 
13-06-18 at 12:50:24:259 Send 06 
13-06-18 at 12:52:12:379 Send 05 
13-06-18 at 12:52:12:394 Recived 15 
13-06-18 at 12:52:12:394 Send 06 
13-06-18 at 12:52:12:409 Send 02 06 FF 39 1E 00 00 00 DE 
13-06-18 at 12:52:12:424 Recived 06 02 10 FF 39 00 00 00 00 00 00 00 00 00 00 00 00 00 00 D6 
13-06-18 at 12:52:12:439 Send 06 
13-06-18 at 12:54:13:579 Send 05 
13-06-18 at 12:54:13:594 Recived 15 
13-06-18 at 12:54:13:594 Send 06 
13-06-18 at 12:54:13:609 Send 02 06 FF 39 1E 00 00 00 DE 
13-06-18 at 12:54:13:624 Recived 06 02 10 FF 39 00 00 00 00 00 00 00 00 00 00 00 00 00 00 D6 
13-06-18 at 12:54:13:639 Send 06 
13-06-18 at 12:56:14:764 Send 05 
13-06-18 at 12:56:14:779 Recived 15 
13-06-18 at 12:56:14:779 Send 06 
13-06-18 at 12:56:14:794 Send 02 06 FF 39 1E 00 00 00 DE 
13-06-18 at 12:56:14:809 Recived 06 02 10 FF 39 00 00 00 00 00 00 00 00 00 00 00 00 00 00 D6 
13-06-18 at 12:56:14:824 Send 06 
13-06-18 at 12:58:15:949 Send 05 
13-06-18 at 12:58:15:964 Recived 15 
13-06-18 at 12:58:15:964 Send 06 
13-06-18 at 12:58:15:979 Send 02 06 FF 39 1E 00 00 00 DE 
13-06-18 at 12:58:15:994 Recived 06 02 10 FF 39 00 00 00 00 00 00 00 00 00 00 00 00 00 00 D6 
13-06-18 at 12:58:16:009 Send 06 
13-06-18 at 13:00:17:134 Send 05 
13-06-18 at 13:00:17:149 Recived 15 
13-06-18 at 13:00:17:149 Send 06 
13-06-18 at 13:00:17:164 Send 02 06 FF 39 1E 00 00 00 DE 
13-06-18 at 13:00:17:179 Recived 06 02 10 FF 39 00 00 00 00 00 00 00 00 00 00 00 00 00 00 D6 
13-06-18 at 13:00:17:194 Send 06 
13-06-18 at 13:02:18:319 Send 05 
13-06-18 at 13:02:18:334 Recived 15 
13-06-18 at 13:02:18:334 Send 06 
13-06-18 at 13:02:18:349 Send 02 06 FF 39 1E 00 00 00 DE 
13-06-18 at 13:02:18:364 Recived 06 02 10 FF 39 00 00 00 00 00 00 00 00 00 00 00 00 00 00 D6 
13-06-18 at 13:02:18:379 Send 06 
13-06-18 at 13:04:19:504 Send 05 
13-06-18 at 13:04:19:519 Recived 15 
13-06-18 at 13:04:19:519 Send 06 
13-06-18 at 13:04:19:534 Send 02 06 FF 39 1E 00 00 00 DE 
13-06-18 at 13:04:19:549 Recived 06 02 10 FF 39 00 00 00 00 00 00 00 00 00 00 00 00 00 00 D6 
13-06-18 at 13:04:19:564 Send 06 
13-06-18 at 13:06:20:719 Send 05 
13-06-18 at 13:06:20:734 Recived 15 
13-06-18 at 13:06:20:734 Send 06 
13-06-18 at 13:06:20:749 Send 02 06 FF 39 1E 00 00 00 DE 
13-06-18 at 13:06:20:764 Recived 06 02 10 FF 39 00 00 00 00 00 00 00 00 00 00 00 00 00 00 D6 
13-06-18 at 13:06:20:779 Send 06 
13-06-18 at 13:08:21:919 Send 05 
13-06-18 at 13:08:21:934 Recived 15 
13-06-18 at 13:08:21:934 Send 06 
13-06-18 at 13:08:21:949 Send 02 06 FF 39 1E 00 00 00 DE 
13-06-18 at 13:08:21:964 Recived 06 02 10 FF 39 00 00 00 00 00 00 00 00 00 00 00 00 00 00 D6 
13-06-18 at 13:08:21:979 Send 06 
13-06-18 at 13:10:23:104 Send 05 
13-06-18 at 13:10:23:119 Recived 15 
13-06-18 at 13:10:23:119 Send 06 
13-06-18 at 13:10:23:134 Send 02 06 FF 39 1E 00 00 00 DE 
13-06-18 at 13:10:23:149 Recived 06 02 10 FF 39 00 00 00 00 00 00 00 00 00 00 00 00 00 00 D6 
13-06-18 at 13:10:23:164 Send 06 
13-06-18 at 13:12:24:289 Send 05 
13-06-18 at 13:12:24:304 Recived 15 
13-06-18 at 13:12:24:304 Send 06 
13-06-18 at 13:12:24:319 Send 02 06 FF 39 1E 00 00 00 DE 
13-06-18 at 13:12:24:334 Recived 06 02 10 FF 39 00 00 00 00 00 00 00 00 00 00 00 00 00 00 D6 
13-06-18 at 13:12:24:349 Send 06 
13-06-18 at 13:14:25:474 Send 05 
13-06-18 at 13:14:25:489 Recived 15 
13-06-18 at 13:14:25:489 Send 06 
13-06-18 at 13:14:25:504 Send 02 06 FF 39 1E 00 00 00 DE 
13-06-18 at 13:14:25:519 Recived 06 02 10 FF 39 00 00 00 00 00 00 00 00 00 00 00 00 00 00 D6 
13-06-18 at 13:14:25:534 Send 06 
13-06-18 at 13:16:26:659 Send 05 
13-06-18 at 13:16:26:674 Recived 15 
13-06-18 at 13:16:26:674 Send 06 
13-06-18 at 13:16:26:689 Send 02 06 FF 39 1E 00 00 00 DE 
13-06-18 at 13:16:26:704 Recived 06 02 10 FF 39 00 00 00 00 00 00 00 00 00 00 00 00 00 00 D6 
13-06-18 at 13:16:26:719 Send 06 
13-06-18 at 13:18:27:844 Send 05 
13-06-18 at 13:18:27:859 Recived 15 
13-06-18 at 13:18:27:859 Send 06 
13-06-18 at 13:18:27:874 Send 02 06 FF 39 1E 00 00 00 DE 
13-06-18 at 13:18:27:889 Recived 06 02 10 FF 39 00 00 00 00 00 00 00 00 00 00 00 00 00 00 D6 
13-06-18 at 13:18:27:904 Send 06 
13-06-18 at 13:20:29:029 Send 05 
13-06-18 at 13:20:29:044 Recived 15 
13-06-18 at 13:20:29:044 Send 06 
13-06-18 at 13:20:29:059 Send 02 06 FF 39 1E 00 00 00 DE 
13-06-18 at 13:20:29:074 Recived 06 02 10 FF 39 00 00 00 00 00 00 00 00 00 00 00 00 00 00 D6 
13-06-18 at 13:20:29:089 Send 06 
13-06-18 at 13:22:30:214 Send 05 
13-06-18 at 13:22:30:229 Recived 15 
13-06-18 at 13:22:30:229 Send 06 
13-06-18 at 13:22:30:244 Send 02 06 FF 39 1E 00 00 00 DE 
13-06-18 at 13:22:30:259 Recived 06 02 10 FF 39 00 00 00 00 00 00 00 00 00 00 00 00 00 00 D6 
13-06-18 at 13:22:30:274 Send 06 
13-06-18 at 13:24:31:399 Send 05 
13-06-18 at 13:24:31:414 Recived 15 
13-06-18 at 13:24:31:414 Send 06 
13-06-18 at 13:24:31:429 Send 02 06 FF 39 1E 00 00 00 DE 
13-06-18 at 13:24:31:444 Recived 06 02 10 FF 39 00 00 00 00 00 00 00 00 00 00 00 00 00 00 D6 
13-06-18 at 13:24:31:459 Send 06 
13-06-18 at 13:26:25:878 Попытка входа в критическую секцию: дисконт
13-06-18 at 13:26:25:879 total calculated
13-06-18 at 13:26:25:880 now show on display
13-06-18 at 13:26:25:880                     Всего:          7.00
13-06-18 at 13:26:25:880 now clear port error ...
13-06-18 at 13:26:25:881 now write to port ...
13-06-18 at 13:26:26:014 ... done
13-06-18 at 13:26:26:015 Попытка входа в критическую секцию: дисконт
13-06-18 at 13:26:26:016 total calculated
13-06-18 at 13:26:26:017 now show on display
13-06-18 at 13:26:26:017                     Всего:          7.00
13-06-18 at 13:26:26:018 now clear port error ...
13-06-18 at 13:26:26:018 now write to port ...
13-06-18 at 13:26:26:186 ... done
13-06-18 at 13:26:26:189 111
13-06-18 at 13:26:26:189 Выход из программы
13-06-18 at 13:42:41:471 Запуск программы. Инициализация считана из файла
13-06-18 at 13:42:41:472 Чек загружен.
13-06-18 at 13:42:41:472 Чек загружен.
13-06-18 at 13:42:41:473 Попытка входа в критическую секцию: дисконт
13-06-18 at 13:42:41:473 total calculated
13-06-18 at 13:42:41:473 now show on display
13-06-18 at 13:42:41:474                     Всего:          7.00
13-06-18 at 13:42:41:474 now open port for display
13-06-18 at 13:42:41:475 Com port opened
13-06-18 at 13:42:41:475 now clear port error ...
13-06-18 at 13:42:41:475 now write to port ...
13-06-18 at 13:42:41:609 ... done
13-06-18 at 13:42:41:609 Чек сжат
13-06-18 at 13:42:41:609 Сумма чека посчитана
13-06-18 at 13:42:41:609 Кардридер создан
13-06-18 at 13:42:41:610 Задание запуска модулей создано
13-06-18 at 13:42:41:610 Сканер создан
13-06-18 at 13:42:41:610 Регистратор создан
13-06-18 at 13:42:41:610 Часы созданы
13-06-18 at 13:42:41:611 Регистратор запущен
13-06-18 at 13:42:41:611 Сканер запущен
13-06-18 at 13:42:41:611 Часы запущены
13-06-18 at 13:42:41:611 Кардридер запущен
13-06-18 at 13:42:41:612 Передача данных запущена
13-06-18 at 13:42:41:612 Вход в FRInit
13-06-18 at 13:42:41:612 Вход в GetStatus
13-06-18 at 13:42:41:626 Send 05 
13-06-18 at 13:42:41:642 Recived 15 
13-06-18 at 13:42:41:642 Send 06 
13-06-18 at 13:42:41:657 Send 02 05 11 1E 00 00 00 0A 
13-06-18 at 13:42:41:672 Recived 06 02 30 11 00 1E 43 31 1C B3 14 0C 11 01 AB 00 B2 02 02 00 00 4E 41 00 00 01 01 10 0D 06 12 0D 2A 29 00 2E 5D 00 00 2A 00 00 00 00 00 EF 95 10 42 01 00 8B 
13-06-18 at 13:42:41:687 Send 06 
13-06-18 at 13:42:41:692 KKMStatus 0000
13-06-18 at 13:42:41:702 Send 05 
13-06-18 at 13:42:41:717 Recived 15 
13-06-18 at 13:42:41:717 Send 06 
13-06-18 at 13:42:41:732 Send 02 05 11 1E 00 00 00 0A 
13-06-18 at 13:42:41:747 Recived 06 02 30 11 00 1E 43 31 1C B3 14 0C 11 01 AB 00 B2 02 02 00 00 4E 41 00 00 01 01 10 0D 06 12 0D 2A 29 00 2E 5D 00 00 2A 00 00 00 00 00 EF 95 10 42 01 00 8B 
13-06-18 at 13:42:41:762 Send 06 
13-06-18 at 13:42:41:767 KKMStatus 0200
13-06-18 at 13:42:41:767 Номер ФР считан
13-06-18 at 13:42:41:921 СУБД подключена
13-06-18 at 13:42:41:936 Send 05 
13-06-18 at 13:42:41:951 Recived 15 
13-06-18 at 13:42:41:951 Send 06 
13-06-18 at 13:42:41:966 Send 02 17 1E 1E 00 00 00 05 03 00 01 CA 41 D0 D2 CE C9 20 56 49 53 41 2F 4D 43 92 
13-06-18 at 13:42:41:982 Recived 06 02 02 1E 00 1C 
13-06-18 at 13:42:41:997 Send 06 
13-06-18 at 13:42:42:012 Send 05 
13-06-18 at 13:42:42:027 Recived 15 
13-06-18 at 13:42:42:027 Send 06 
13-06-18 at 13:42:42:042 Send 02 18 1E 1E 00 00 00 05 04 00 01 C4 D0 D3 C3 C8 CC C8 20 CA C0 D0 D2 C0 CC C8 3C 
13-06-18 at 13:42:42:058 Recived 06 02 02 1E 00 1C 
13-06-18 at 13:42:42:073 Send 06 
13-06-18 at 13:42:42:088 Send 05 
13-06-18 at 13:42:42:103 Recived 15 
13-06-18 at 13:42:42:103 Send 06 
13-06-18 at 13:42:42:118 Send 02 0A 1E 1E 00 00 00 01 01 00 01 01 0A 
13-06-18 at 13:42:42:133 Recived 06 02 02 1E 00 1C 
13-06-18 at 13:42:42:148 Send 06 
13-06-18 at 13:42:42:163 Send 05 
13-06-18 at 13:42:42:178 Recived 15 
13-06-18 at 13:42:42:178 Send 06 
13-06-18 at 13:42:42:193 Send 02 0A 1E 1E 00 00 00 01 01 00 05 02 0D 
13-06-18 at 13:42:42:208 Recived 06 02 02 1E 00 1C 
13-06-18 at 13:42:42:223 Send 06 
13-06-18 at 13:42:42:238 Send 05 
13-06-18 at 13:42:42:253 Recived 15 
13-06-18 at 13:42:42:253 Send 06 
13-06-18 at 13:42:42:268 Send 02 0A 1E 1E 00 00 00 01 01 00 23 01 28 
13-06-18 at 13:42:42:283 Recived 06 02 02 1E 00 1C 
13-06-18 at 13:42:42:298 Send 06 
13-06-18 at 13:42:42:313 Send 05 
13-06-18 at 13:42:42:328 Recived 15 
13-06-18 at 13:42:42:328 Send 06 
13-06-18 at 13:42:42:343 Send 02 0A 1E 1E 00 00 00 01 01 00 06 00 0C 
13-06-18 at 13:42:42:358 Recived 06 02 02 1E 00 1C 
13-06-18 at 13:42:42:373 Send 06 
13-06-18 at 13:42:42:388 Send 05 
13-06-18 at 13:42:42:403 Recived 15 
13-06-18 at 13:42:42:403 Send 06 
13-06-18 at 13:42:42:418 Send 02 0A 1E 1E 00 00 00 01 01 00 07 01 0C 
13-06-18 at 13:42:42:433 Recived 06 02 02 1E 00 1C 
13-06-18 at 13:42:42:448 Send 06 
13-06-18 at 13:42:42:463 Send 05 
13-06-18 at 13:42:42:478 Recived 15 
13-06-18 at 13:42:42:478 Send 06 
13-06-18 at 13:42:42:493 Send 02 0A 1E 1E 00 00 00 01 01 00 14 01 1F 
13-06-18 at 13:42:42:508 Recived 06 02 02 1E 00 1C 
13-06-18 at 13:42:42:523 Send 06 
13-06-18 at 13:42:42:538 Send 05 
13-06-18 at 13:42:42:553 Recived 15 
13-06-18 at 13:42:42:553 Send 06 
13-06-18 at 13:42:42:568 Send 02 0A 1E 1E 00 00 00 01 01 00 15 01 1E 
13-06-18 at 13:42:42:583 Recived 06 02 02 1E 00 1C 
13-06-18 at 13:42:42:598 Send 06 
13-06-18 at 13:42:42:613 Send 05 
13-06-18 at 13:42:42:628 Recived 15 
13-06-18 at 13:42:42:628 Send 06 
13-06-18 at 13:42:42:643 Send 02 0A 1E 1E 00 00 00 01 01 00 0F 00 05 
13-06-18 at 13:42:42:658 Recived 06 02 02 1E 00 1C 
13-06-18 at 13:42:42:673 Send 06 
13-06-18 at 13:42:42:688 Send 05 
13-06-18 at 13:42:42:703 Recived 15 
13-06-18 at 13:42:42:703 Send 06 
13-06-18 at 13:42:42:718 Send 02 0A 1E 1E 00 00 00 01 01 00 11 00 1B 
13-06-18 at 13:42:42:733 Recived 06 02 02 1E 00 1C 
13-06-18 at 13:42:42:748 Send 06 
13-06-18 at 13:42:42:763 Send 05 
13-06-18 at 13:42:42:778 Recived 15 
13-06-18 at 13:42:42:778 Send 06 
13-06-18 at 13:42:42:793 Send 02 0A 1E 1E 00 00 00 11 01 00 03 02 1B 
13-06-18 at 13:42:42:808 Recived 06 02 02 1E 00 1C 
13-06-18 at 13:42:42:823 Send 06 
13-06-18 at 13:42:42:838 Send 05 
13-06-18 at 13:42:42:853 Recived 15 
13-06-18 at 13:42:42:853 Send 06 
13-06-18 at 13:42:42:868 Send 02 0A 1E 1E 00 00 00 01 01 00 29 01 22 
13-06-18 at 13:42:42:883 Recived 06 02 02 1E 00 1C 
13-06-18 at 13:42:42:898 Send 06 
13-06-18 at 13:42:42:913 Send 05 
13-06-18 at 13:42:42:928 Recived 15 
13-06-18 at 13:42:42:928 Send 06 
13-06-18 at 13:42:42:943 Send 02 26 1E 1E 00 00 00 04 0C 00 01 20 20 20 20 20 20 20 20 20 20 20 C4 CE C1 D0 CE 20 CF CE C6 C0 CB CE C2 C0 D2 DC 21 00 D5 
13-06-18 at 13:42:42:961 Recived 06 02 02 1E 00 1C 
13-06-18 at 13:42:42:976 Send 06 
13-06-18 at 13:42:42:991 Send 05 
13-06-18 at 13:42:43:006 Recived 15 
13-06-18 at 13:42:43:006 Send 06 
13-06-18 at 13:42:43:021 Send 02 29 1E 1E 00 00 00 04 0D 00 01 20 20 20 20 20 20 20 20 CE CE CE 20 CA EE EC EF E0 ED E8 FF 20 27 CA CE CB CE D0 CB CE CD 27 00 CB 
13-06-18 at 13:42:43:039 Recived 06 02 02 1E 00 1C 
13-06-18 at 13:42:43:054 Send 06 
13-06-18 at 13:42:43:069 Send 05 
13-06-18 at 13:42:43:084 Recived 15 
13-06-18 at 13:42:43:084 Send 06 
13-06-18 at 13:42:43:099 Send 02 2D 1E 1E 00 00 00 04 0E 00 01 20 20 20 20 20 CC E0 E3 E0 E7 E8 ED 20 27 C2 F1 E5 20 F2 EE E2 E0 F0 FB 20 E4 EB FF 20 E4 EE EC E0 27 20 00 DE 
13-06-18 at 13:42:43:117 Recived 06 02 02 1E 00 1C 
13-06-18 at 13:42:43:132 Send 06 
13-06-18 at 13:42:43:155 now clear port error ...
13-06-18 at 13:42:43:155 now write to port ...
13-06-18 at 13:42:43:289 ... done
13-06-18 at 13:42:43:327 Send 05 
13-06-18 at 13:42:43:342 Recived 15 
13-06-18 at 13:42:43:342 Send 06 
13-06-18 at 13:42:43:357 Send 02 06 1A 1E 00 00 00 79 7B 
13-06-18 at 13:42:43:372 Recived 06 02 09 1A 00 1E 00 00 00 00 00 00 0D 
13-06-18 at 13:42:43:387 Send 06 
13-06-18 at 13:42:45:890 Cardreader  Антонов Сергей 
13-06-18 at 13:42:45:893 Send 05 
13-06-18 at 13:42:45:909 Recived 15 
13-06-18 at 13:42:45:912 Send 06 
13-06-18 at 13:42:45:927 Send 02 20 1E 1E 00 00 00 02 1E 00 02 CA E0 F1 F1 E8 F0 20 C0 ED F2 EE ED EE E2 20 D1 E5 F0 E3 E5 E9 20 00 D7 
13-06-18 at 13:42:45:945 Recived 06 02 02 1E 00 1C 
13-06-18 at 13:42:45:960 Send 06 
13-06-18 at 13:42:45:967 now clear port error ...
13-06-18 at 13:42:45:967 now write to port ...
13-06-18 at 13:42:46:100 ... done
13-06-18 at 13:42:46:890 Send 05 
13-06-18 at 13:42:46:905 Recived 15 
13-06-18 at 13:42:46:905 Send 06 
13-06-18 at 13:42:46:920 Send 02 06 FF 39 1E 00 00 00 DE 
13-06-18 at 13:42:46:935 Recived 06 02 10 FF 39 00 00 00 00 00 00 00 00 00 00 00 00 00 00 D6 
13-06-18 at 13:42:46:950 Send 06 
13-06-18 at 13:42:47:591 114
13-06-18 at 13:42:47:591 014
13-06-18 at 13:42:47:592 115
13-06-18 at 13:42:47:592 015
13-06-18 at 13:42:47:593 Попытка входа в критическую секцию: дисконт
13-06-18 at 13:42:47:593 total calculated
13-06-18 at 13:42:47:594 now show on display
13-06-18 at 13:42:47:595                     Всего:          7.00
13-06-18 at 13:42:47:595 now clear port error ...
13-06-18 at 13:42:47:595 now write to port ...
13-06-18 at 13:42:47:729 ... done
13-06-18 at 13:42:47:784 now clear port error ...
13-06-18 at 13:42:47:785 now write to port ...
13-06-18 at 13:42:47:918 ... done
13-06-18 at 13:42:47:919 now clear port error ...
13-06-18 at 13:42:47:919 now write to port ...
13-06-18 at 13:42:48:090 ... done
13-06-18 at 13:42:48:092 now clear port error ...
13-06-18 at 13:42:48:092 now write to port ...
13-06-18 at 13:42:48:262 ... done
13-06-18 at 13:42:48:274 Вход в FRInit
13-06-18 at 13:42:48:274 Вход в GetStatus
13-06-18 at 13:42:48:285 Send 05 
13-06-18 at 13:42:48:300 Recived 15 
13-06-18 at 13:42:48:300 Send 06 
13-06-18 at 13:42:48:315 Send 02 05 11 1E 00 00 00 0A 
13-06-18 at 13:42:48:330 Recived 06 02 30 11 00 1E 43 31 1C B3 14 0C 11 01 AB 00 B2 02 02 00 00 4E 41 00 00 01 01 10 0D 06 12 0D 2A 2F 00 2E 5D 00 00 2A 00 00 00 00 00 EF 95 10 42 01 00 8D 
13-06-18 at 13:42:48:345 Send 06 
13-06-18 at 13:42:48:350 KKMStatus 0000
13-06-18 at 13:42:48:360 Send 05 
13-06-18 at 13:42:48:375 Recived 15 
13-06-18 at 13:42:48:375 Send 06 
13-06-18 at 13:42:48:390 Send 02 06 8D 1E 00 00 00 00 95 
13-06-18 at 13:42:48:405 Recived 06 
13-06-18 at 13:42:48:420 Recived 02 03 8D 00 1E 90 
13-06-18 at 13:42:48:435 Send 06 
13-06-18 at 13:42:48:450 Send 05 
13-06-18 at 13:42:48:465 Recived 15 
13-06-18 at 13:42:48:465 Send 06 
13-06-18 at 13:42:48:480 Send 02 0A C2 1E 00 00 00 58 CF EB 84 15 3B 
13-06-18 at 13:42:48:495 Recived 06 02 03 C2 00 1E DF 
13-06-18 at 13:42:48:510 Send 06 
13-06-18 at 13:42:48:525 Send 05 
13-06-18 at 13:42:48:540 Recived 15 
13-06-18 at 13:42:48:540 Send 06 
13-06-18 at 13:42:48:555 Send 02 2E 17 1E 00 00 00 03 3D 3D 3D 3D 3D 3D 3D 3D 3D 3D 3D 3D 3D 3D 3D 3D 3D 3D 3D 3D 3D 3D 3D 3D 3D 3D 3D 3D 3D 3D 3D 3D 3D 3D 3D 3D 3D 3D 3D 3D 24 
13-06-18 at 13:42:48:574 Recived 06 02 03 17 00 1E 0A 
13-06-18 at 13:42:48:589 Send 06 
13-06-18 at 13:42:48:604 Send 05 
13-06-18 at 13:42:48:619 Recived 15 
13-06-18 at 13:42:48:619 Send 06 
13-06-18 at 13:42:48:634 Send 02 2E 17 1E 00 00 00 03 20 20 20 20 20 20 20 D7 C5 CA 20 30 32 2D 33 38 35 34 2D 31 38 30 36 2D 31 33 31 33 2D 34 32 34 38 00 00 00 00 00 00 00 F1 
13-06-18 at 13:42:48:653 Recived 06 02 03 17 00 1E 0A 
13-06-18 at 13:42:48:668 Send 06 
13-06-18 at 13:42:48:683 Send 05 
13-06-18 at 13:42:48:698 Recived 15 
13-06-18 at 13:42:48:698 Send 06 
13-06-18 at 13:42:48:713 Send 02 2E 17 1E 00 00 00 03 3D 3D 3D 3D 3D 3D 3D 3D 3D 3D 3D 3D 3D 3D 3D 3D 3D 3D 3D 3D 3D 3D 3D 3D 3D 3D 3D 3D 3D 3D 3D 3D 3D 3D 3D 3D 3D 3D 3D 3D 24 
13-06-18 at 13:42:48:732 Recived 06 02 03 17 00 1E 0A 
13-06-18 at 13:42:48:747 Send 06 
13-06-18 at 13:42:48:762 Send 05 
13-06-18 at 13:42:48:777 Recived 15 
13-06-18 at 13:42:48:777 Send 06 
13-06-18 at 13:42:48:792 Send 02 3C 80 1E 00 00 00 E8 03 00 00 00 90 01 00 00 00 00 02 00 00 00 2F 2F 32 38 35 36 30 32 38 30 34 31 34 31 20 52 55 32 35 31 39 34 20 D2 C5 D2 D0 C0 C4 DC 20 31 32 20 CB 2E 2C 20 CA 00 08 
13-06-18 at 13:42:48:811 Recived 06 02 03 80 00 1E 9D 
13-06-18 at 13:42:48:826 Send 06 
13-06-18 at 13:42:48:841 Send 05 
13-06-18 at 13:42:48:856 Recived 15 
13-06-18 at 13:42:48:856 Send 06 
13-06-18 at 13:42:48:871 Send 02 2E 17 1E 00 00 00 03 32 38 35 36 30 32 38 30 34 31 34 31 20 52 55 32 35 31 39 34 20 D2 C5 D2 D0 C0 C4 DC 20 31 32 20 CB 2E 2C 20 00 00 00 00 3C 
13-06-18 at 13:42:48:890 Recived 06 02 03 17 00 1E 0A 
13-06-18 at 13:42:48:905 Send 06 
13-06-18 at 13:42:48:920 Send 05 
13-06-18 at 13:42:48:935 Recived 15 
13-06-18 at 13:42:48:935 Send 06 
13-06-18 at 13:42:48:950 Send 02 2E 17 1E 00 00 00 03 CA CB 2E 20 CF CE CB 2E 20 4D 49 43 4B 45 59 20 46 4F 4F 54 42 41 4C 4C 20 2F 32 35 2F 33 30 30 2F 20 20 20 28 F8 F2 29 DE 
13-06-18 at 13:42:48:969 Recived 06 02 03 17 00 1E 0A 
13-06-18 at 13:42:48:984 Send 06 
13-06-18 at 13:42:48:999 Send 05 
13-06-18 at 13:42:49:014 Recived 15 
13-06-18 at 13:42:49:014 Send 06 
13-06-18 at 13:42:49:029 Send 02 2E 17 1E 00 00 00 03 20 20 20 20 20 20 20 20 20 20 20 20 20 20 20 20 20 20 20 20 20 20 20 20 20 20 20 20 31 2E 30 30 30 20 58 20 37 2E 30 30 4A 
13-06-18 at 13:42:49:048 Recived 06 02 03 17 00 1E 0A 
13-06-18 at 13:42:49:063 Send 06 
13-06-18 at 13:42:49:078 Send 05 
13-06-18 at 13:42:49:093 Recived 15 
13-06-18 at 13:42:49:093 Send 06 
13-06-18 at 13:42:49:108 Send 02 2E 17 1E 00 00 00 03 D1 F3 EC EC E0 2C E2 20 F2 2E F7 2E CD C4 D1 20 31 30 25 20 20 20 20 20 20 20 20 20 20 20 20 20 20 20 3D 20 37 2E 30 30 F5 
13-06-18 at 13:42:49:127 Recived 06 02 03 17 00 1E 0A 
13-06-18 at 13:42:49:142 Send 06 
13-06-18 at 13:42:49:157 Send 05 
13-06-18 at 13:42:49:172 Recived 15 
13-06-18 at 13:42:49:172 Send 06 
13-06-18 at 13:42:49:187 Send 02 2E 17 1E 00 00 00 03 20 20 20 20 20 20 20 20 20 20 20 20 20 20 20 20 20 20 20 20 20 20 20 20 20 20 20 20 20 20 20 20 20 20 20 20 20 20 20 20 24 
13-06-18 at 13:42:49:206 Recived 06 02 03 17 00 1E 0A 
13-06-18 at 13:42:49:221 Send 06 
13-06-18 at 13:42:49:236 Send 05 
13-06-18 at 13:42:49:251 Recived 15 
13-06-18 at 13:42:49:251 Send 06 
13-06-18 at 13:42:49:266 Send 02 2E 17 1E 00 00 00 03 30 39 2E 30 36 2E 31 38 20 20 20 20 20 20 20 20 20 20 20 20 20 20 20 20 20 20 20 20 20 20 20 20 20 20 20 31 31 3A 32 32 38 
13-06-18 at 13:42:49:285 Recived 06 02 03 17 00 1E 0A 
13-06-18 at 13:42:49:300 Send 06 
13-06-18 at 13:42:49:315 Send 05 
13-06-18 at 13:42:49:330 Recived 15 
13-06-18 at 13:42:49:330 Send 06 
13-06-18 at 13:42:49:345 Send 02 2E 17 1E 00 00 00 03 20 20 20 20 20 20 20 20 20 20 20 20 20 20 20 20 20 20 D7 C5 CA 20 20 20 20 20 20 20 20 20 20 20 00 00 00 00 00 00 00 00 DC 
13-06-18 at 13:42:49:364 Recived 06 02 03 17 00 1E 0A 
13-06-18 at 13:42:49:379 Send 06 
13-06-18 at 13:42:49:394 Send 05 
13-06-18 at 13:42:49:409 Recived 15 
13-06-18 at 13:42:49:409 Send 06 
13-06-18 at 13:42:49:424 Send 02 2E 17 1E 00 00 00 03 20 20 20 20 20 20 20 20 20 20 20 20 20 20 20 20 20 CE EF EB E0 F2 E0 20 20 20 20 20 20 20 20 20 20 20 20 20 20 20 20 20 1C 
13-06-18 at 13:42:49:443 Recived 06 02 03 17 00 1E 0A 
13-06-18 at 13:42:49:458 Send 06 
13-06-18 at 13:42:49:473 Send 05 
13-06-18 at 13:42:49:488 Recived 15 
13-06-18 at 13:42:49:488 Send 06 
13-06-18 at 13:42:49:503 Send 02 2E 17 1E 00 00 00 03 CD EE EC E5 F0 20 EE EF E5 F0 E0 F6 E8 E8 3A 20 20 20 20 20 20 20 20 20 20 20 20 20 20 20 20 20 20 20 20 20 30 30 30 35 C3 
13-06-18 at 13:42:49:522 Recived 06 02 03 17 00 1E 0A 
13-06-18 at 13:42:49:537 Send 06 
13-06-18 at 13:42:49:552 Send 05 
13-06-18 at 13:42:49:567 Recived 15 
13-06-18 at 13:42:49:567 Send 06 
13-06-18 at 13:42:49:582 Send 02 2E 17 1E 00 00 00 03 D2 E5 F0 EC E8 ED E0 EB 3A 20 20 20 20 20 20 20 20 20 20 20 20 20 20 20 20 20 20 20 20 20 20 20 30 30 34 34 39 34 38 38 16 
13-06-18 at 13:42:49:601 Recived 06 02 03 17 00 1E 0A 
13-06-18 at 13:42:49:616 Send 06 
13-06-18 at 13:42:49:631 Send 05 
13-06-18 at 13:42:49:646 Recived 15 
13-06-18 at 13:42:49:646 Send 06 
13-06-18 at 13:42:49:661 Send 02 2E 17 1E 00 00 00 03 CF F3 ED EA F2 20 EE E1 F1 EB F3 E6 E8 E2 E0 ED E8 FF 3A 20 20 20 20 20 20 20 20 20 34 34 30 30 30 30 30 30 30 35 37 32 C7 
13-06-18 at 13:42:49:680 Recived 06 02 03 17 00 1E 0A 
13-06-18 at 13:42:49:695 Send 06 
13-06-18 at 13:42:49:710 Send 05 
13-06-18 at 13:42:49:725 Recived 15 
13-06-18 at 13:42:49:725 Send 06 
13-06-18 at 13:42:49:740 Send 02 2E 17 1E 00 00 00 03 20 20 20 20 20 20 20 20 20 20 20 20 4D 61 73 74 65 72 63 61 72 64 20 20 20 20 41 30 30 30 30 30 30 30 30 34 31 30 31 30 79 
13-06-18 at 13:42:49:759 Recived 06 02 03 17 00 1E 0A 
13-06-18 at 13:42:49:774 Send 06 
13-06-18 at 13:42:49:789 Send 05 
13-06-18 at 13:42:49:804 Recived 15 
13-06-18 at 13:42:49:804 Send 06 
13-06-18 at 13:42:49:819 Send 02 2E 17 1E 00 00 00 03 CA E0 F0 F2 E0 3A 28 45 29 20 20 20 20 20 20 20 20 20 20 20 20 20 20 20 2A 2A 2A 2A 2A 2A 2A 2A 2A 2A 2A 2A 30 31 35 31 B7 
13-06-18 at 13:42:49:838 Recived 06 02 03 17 00 1E 0A 
13-06-18 at 13:42:49:853 Send 06 
13-06-18 at 13:42:49:868 Send 05 
13-06-18 at 13:42:49:883 Recived 15 
13-06-18 at 13:42:49:883 Send 06 
13-06-18 at 13:42:49:898 Send 02 2E 17 1E 00 00 00 03 CA EB E8 E5 ED F2 3A 20 20 20 20 20 20 20 20 20 20 20 20 20 20 20 20 20 20 20 20 20 20 20 20 20 20 20 20 20 20 20 20 20 0D 
13-06-18 at 13:42:49:917 Recived 06 02 03 17 00 1E 0A 
13-06-18 at 13:42:49:932 Send 06 
13-06-18 at 13:42:49:947 Send 05 
13-06-18 at 13:42:49:962 Recived 15 
13-06-18 at 13:42:49:962 Send 06 
13-06-18 at 13:42:49:977 Send 02 2E 17 1E 00 00 00 03 20 00 00 00 00 00 00 00 00 00 00 00 00 00 00 00 00 00 00 00 00 00 00 00 00 00 00 00 00 00 00 00 00 00 00 00 00 00 00 00 04 
13-06-18 at 13:42:49:996 Recived 06 02 03 17 00 1E 0A 
13-06-18 at 13:42:50:011 Send 06 
13-06-18 at 13:42:50:026 Send 05 
13-06-18 at 13:42:50:041 Recived 15 
13-06-18 at 13:42:50:041 Send 06 
13-06-18 at 13:42:50:056 Send 02 2E 17 1E 00 00 00 03 D1 F3 EC EC E0 20 28 D0 F3 E1 29 3A 00 00 00 00 00 00 00 00 00 00 00 00 00 00 00 00 00 00 00 00 00 00 00 00 00 00 00 00 3F 
13-06-18 at 13:42:50:075 Recived 06 02 03 17 00 1E 0A 
13-06-18 at 13:42:50:090 Send 06 
13-06-18 at 13:42:50:105 Send 05 
13-06-18 at 13:42:50:120 Recived 15 
13-06-18 at 13:42:50:120 Send 06 
13-06-18 at 13:42:50:135 Send 02 2E 17 1E 00 00 00 03 20 20 20 20 20 20 20 20 20 20 20 20 20 20 20 20 33 2E 30 30 00 00 00 00 00 00 00 00 00 00 00 00 00 00 00 00 00 00 00 00 39 
13-06-18 at 13:42:50:154 Recived 06 02 03 17 00 1E 0A 
13-06-18 at 13:42:50:169 Send 06 
13-06-18 at 13:42:50:184 Send 05 
13-06-18 at 13:42:50:199 Recived 15 
13-06-18 at 13:42:50:199 Send 06 
13-06-18 at 13:42:50:214 Send 02 2E 17 1E 00 00 00 03 CA EE EC E8 F1 F1 E8 FF 20 E7 E0 20 EE EF E5 F0 E0 F6 E8 FE 20 2D 20 30 20 D0 F3 E1 2E 00 00 00 00 00 00 00 00 00 00 00 D1 
13-06-18 at 13:42:50:233 Recived 06 02 03 17 00 1E 0A 
13-06-18 at 13:42:50:248 Send 06 
13-06-18 at 13:42:50:263 Send 05 
13-06-18 at 13:42:50:278 Recived 15 
13-06-18 at 13:42:50:278 Send 06 
13-06-18 at 13:42:50:293 Send 02 2E 17 1E 00 00 00 03 20 20 20 20 20 20 20 20 20 20 20 20 20 20 20 20 CE C4 CE C1 D0 C5 CD CE 20 20 20 20 20 20 20 20 20 20 20 20 20 20 20 20 37 
13-06-18 at 13:42:50:312 Recived 06 02 03 17 00 1E 0A 
13-06-18 at 13:42:50:327 Send 06 
13-06-18 at 13:42:50:342 Send 05 
13-06-18 at 13:42:50:357 Recived 15 
13-06-18 at 13:42:50:357 Send 06 
13-06-18 at 13:42:50:372 Send 02 2E 17 1E 00 00 00 03 CA EE E4 20 E0 E2 F2 EE F0 E8 E7 E0 F6 E8 E8 3A 20 20 20 20 20 20 20 20 20 20 20 20 20 20 20 20 20 20 38 34 34 32 30 37 04 
13-06-18 at 13:42:50:391 Recived 06 02 03 17 00 1E 0A 
13-06-18 at 13:42:50:406 Send 06 
13-06-18 at 13:42:50:421 Send 05 
13-06-18 at 13:42:50:436 Recived 15 
13-06-18 at 13:42:50:436 Send 06 
13-06-18 at 13:42:50:451 Send 02 2E 17 1E 00 00 00 03 CD EE EC E5 F0 20 F1 F1 FB EB EA E8 3A 20 20 20 20 20 20 20 20 20 20 20 20 20 20 20 38 31 33 37 32 38 37 34 31 30 36 38 DD 
13-06-18 at 13:42:50:470 Recived 06 02 03 17 00 1E 0A 
13-06-18 at 13:42:50:485 Send 06 
13-06-18 at 13:42:50:500 Send 05 
13-06-18 at 13:42:50:515 Recived 15 
13-06-18 at 13:42:50:515 Send 06 
13-06-18 at 13:42:50:530 Send 02 2E 17 1E 00 00 00 03 20 20 20 20 20 20 CF EE E4 EF E8 F1 FC 20 EA EB E8 E5 ED F2 E0 20 ED E5 20 F2 F0 E5 E1 F3 E5 F2 F1 FF 20 20 20 20 20 20 DC 
13-06-18 at 13:42:50:549 Recived 06 02 03 17 00 1E 0A 
13-06-18 at 13:42:50:564 Send 06 
13-06-18 at 13:42:50:579 Send 05 
13-06-18 at 13:42:50:594 Recived 15 
13-06-18 at 13:42:50:594 Send 06 
13-06-18 at 13:42:50:609 Send 02 2E 17 1E 00 00 00 03 20 20 00 00 00 00 00 00 00 00 00 00 00 00 00 00 00 00 00 00 00 00 00 00 00 00 00 00 00 00 00 00 00 00 00 00 00 00 00 00 24 
13-06-18 at 13:42:50:628 Recived 06 02 03 17 00 1E 0A 
13-06-18 at 13:42:50:643 Send 06 
13-06-18 at 13:42:50:658 Send 05 
13-06-18 at 13:42:50:673 Recived 15 
13-06-18 at 13:42:50:673 Send 06 
13-06-18 at 13:42:50:688 Send 02 2E 17 1E 00 00 00 03 20 20 20 20 20 20 20 20 20 20 20 20 20 20 20 20 20 20 20 20 20 20 20 20 20 20 20 20 20 20 20 20 20 20 20 20 20 20 20 20 24 
13-06-18 at 13:42:50:707 Recived 06 02 03 17 00 1E 0A 
13-06-18 at 13:42:50:722 Send 06 
13-06-18 at 13:42:50:737 Send 05 
13-06-18 at 13:42:50:752 Recived 15 
13-06-18 at 13:42:50:752 Send 06 
13-06-18 at 13:42:50:767 Send 02 2E 17 1E 00 00 00 03 20 20 20 5F 5F 5F 5F 5F 5F 5F 5F 5F 5F 5F 5F 5F 5F 5F 5F 5F 5F 5F 5F 5F 5F 5F 5F 5F 5F 5F 5F 5F 5F 5F 5F 5F 00 00 00 00 5B 
13-06-18 at 13:42:50:786 Recived 06 02 03 17 00 1E 0A 
13-06-18 at 13:42:50:801 Send 06 
13-06-18 at 13:42:50:816 Send 05 
13-06-18 at 13:42:50:831 Recived 15 
13-06-18 at 13:42:50:831 Send 06 
13-06-18 at 13:42:50:846 Send 02 2E 17 1E 00 00 00 03 20 20 20 20 20 20 EF EE E4 EF E8 F1 FC 20 EA E0 F1 F1 E8 F0 E0 28 EA EE ED F2 F0 EE EB E5 F0 E0 29 00 00 00 00 00 00 00 03 
13-06-18 at 13:42:50:865 Recived 06 02 03 17 00 1E 0A 
13-06-18 at 13:42:50:880 Send 06 
13-06-18 at 13:42:50:895 Send 05 
13-06-18 at 13:42:50:910 Recived 15 
13-06-18 at 13:42:50:910 Send 06 
13-06-18 at 13:42:50:925 Send 02 2E 17 1E 00 00 00 03 39 35 44 37 34 34 41 38 41 46 46 42 43 37 42 36 46 45 37 30 33 34 32 42 41 37 46 37 31 42 46 33 30 46 34 45 34 41 34 31 24 
13-06-18 at 13:42:50:944 Recived 06 02 03 17 00 1E 0A 
13-06-18 at 13:42:50:959 Send 06 
13-06-18 at 13:42:50:974 Send 05 
13-06-18 at 13:42:50:989 Recived 15 
13-06-18 at 13:42:50:989 Send 06 
13-06-18 at 13:42:51:004 Send 02 2E 17 1E 00 00 00 03 3D 3D 3D 3D 3D 3D 3D 3D 3D 3D 3D 3D 3D 3D 3D 3D 3D 3D 3D 3D 3D 3D 3D 3D 3D 3D 3D 3D 3D 3D 3D 3D 3D 3D 3D 3D 3D 3D 3D 3D 24 
13-06-18 at 13:42:51:023 Recived 06 02 03 17 00 1E 0A 
13-06-18 at 13:42:51:038 Send 06 
13-06-18 at 13:42:51:053 Send 05 
13-06-18 at 13:42:51:068 Recived 15 
13-06-18 at 13:42:51:068 Send 06 
13-06-18 at 13:42:51:083 Send 02 2E 17 1E 00 00 00 03 20 00 00 00 00 00 00 00 00 00 00 00 00 00 00 00 00 00 00 00 00 00 00 00 00 00 00 00 00 00 00 00 00 00 00 00 00 00 00 00 04 
13-06-18 at 13:42:51:102 Recived 06 02 03 17 00 1E 0A 
13-06-18 at 13:42:51:117 Send 06 
13-06-18 at 13:42:51:132 Send 05 
13-06-18 at 13:42:51:147 Recived 15 
13-06-18 at 13:42:51:147 Send 06 
13-06-18 at 13:42:51:162 Send 02 2E 17 1E 00 00 00 03 20 00 00 00 00 00 00 00 00 00 00 00 00 00 00 00 00 00 00 00 00 00 00 00 00 00 00 00 00 00 00 00 00 00 00 00 00 00 00 00 04 
13-06-18 at 13:42:51:181 Recived 06 02 03 17 00 1E 0A 
13-06-18 at 13:42:51:196 Send 06 
13-06-18 at 13:42:51:211 Send 05 
13-06-18 at 13:42:51:226 Recived 15 
13-06-18 at 13:42:51:226 Send 06 
13-06-18 at 13:42:51:241 Send 02 2E 17 1E 00 00 00 03 20 00 00 00 00 00 00 00 00 00 00 00 00 00 00 00 00 00 00 00 00 00 00 00 00 00 00 00 00 00 00 00 00 00 00 00 00 00 00 00 04 
13-06-18 at 13:42:51:260 Recived 06 02 03 17 00 1E 0A 
13-06-18 at 13:42:51:275 Send 06 
13-06-18 at 13:42:51:290 Send 05 
13-06-18 at 13:42:51:305 Recived 15 
13-06-18 at 13:42:51:305 Send 06 
13-06-18 at 13:42:51:320 Send 02 2E 17 1E 00 00 00 03 20 00 00 00 00 00 00 00 00 00 00 00 00 00 00 00 00 00 00 00 00 00 00 00 00 00 00 00 00 00 00 00 00 00 00 00 00 00 00 00 04 
13-06-18 at 13:42:51:339 Recived 06 02 03 17 00 1E 0A 
13-06-18 at 13:42:51:354 Send 06 
13-06-18 at 13:42:51:369 Send 05 
13-06-18 at 13:42:51:384 Recived 15 
13-06-18 at 13:42:51:384 Send 06 
13-06-18 at 13:42:51:399 Send 02 2E 17 1E 00 00 00 03 01 00 00 00 00 00 00 00 00 00 00 00 00 00 00 00 00 00 00 00 00 00 00 00 00 00 00 00 00 00 00 00 00 00 00 00 00 00 00 00 25 
13-06-18 at 13:42:51:418 Recived 06 02 03 17 00 1E 0A 
13-06-18 at 13:42:51:433 Send 06 
13-06-18 at 13:42:51:448 Send 05 
13-06-18 at 13:42:51:463 Recived 15 
13-06-18 at 13:42:51:463 Send 06 
13-06-18 at 13:42:51:478 Send 02 2E 17 1E 00 00 00 03 2D 2D 2D 2D 2D 2D 2D 2D 2D 2D 2D 2D 2D 2D 2D 2D 2D 2D 2D 2D 2D 2D 2D 2D 2D 2D 2D 2D 2D 2D 2D 2D 2D 2D 2D 2D 2D 2D 2D 2D 24 
13-06-18 at 13:42:51:497 Recived 06 02 03 17 00 1E 0A 
13-06-18 at 13:42:51:512 Send 06 
13-06-18 at 13:42:51:527 Send 05 
13-06-18 at 13:42:51:542 Recived 15 
13-06-18 at 13:42:51:542 Send 06 
13-06-18 at 13:42:51:557 Send 02 2E 17 1E 00 00 00 03 CF EE E4 E0 F0 EE F7 ED E0 FF 20 EA E0 F0 F2 E0 20 30 30 38 38 37 36 35 37 34 33 20 EE EF EB E0 F2 E0 00 00 00 00 00 00 CE 
13-06-18 at 13:42:51:576 Recived 06 02 03 17 00 1E 0A 
13-06-18 at 13:42:51:591 Send 06 
13-06-18 at 13:42:51:606 Send 05 
13-06-18 at 13:42:51:621 Recived 15 
13-06-18 at 13:42:51:621 Send 06 
13-06-18 at 13:42:51:636 Send 02 2E 17 1E 00 00 00 03 EF F0 E8 ED FF F2 E0 20 ED E0 20 F1 F3 EC EC F3 20 33 2E 30 30 00 00 00 00 00 00 00 00 00 00 00 00 00 00 00 00 00 00 00 12 
13-06-18 at 13:42:51:655 Recived 06 02 03 17 00 1E 0A 
13-06-18 at 13:42:51:670 Send 06 
13-06-18 at 13:42:51:685 Send 05 
13-06-18 at 13:42:51:700 Recived 15 
13-06-18 at 13:42:51:700 Send 06 
13-06-18 at 13:42:51:715 Send 02 2E 17 1E 00 00 00 03 EE F1 F2 E0 F2 EE EA 20 ED E0 20 EA E0 F0 F2 E5 20 33 2E 38 38 00 00 00 00 00 00 00 00 00 00 00 00 00 00 00 00 00 00 00 02 
13-06-18 at 13:42:51:734 Recived 06 02 03 17 00 1E 0A 
13-06-18 at 13:42:51:749 Send 06 
13-06-18 at 13:42:51:764 Send 05 
13-06-18 at 13:42:51:779 Recived 15 
13-06-18 at 13:42:51:779 Send 06 
13-06-18 at 13:42:51:794 Send 02 2E 17 1E 00 00 00 03 3D 3D 3D 3D 3D 3D 3D 3D 3D 3D 3D 3D 3D 3D 3D 3D 3D 3D 3D 3D 3D 3D 3D 3D 3D 3D 3D 3D 3D 3D 3D 3D 3D 3D 3D 3D 3D 3D 3D 3D 24 
13-06-18 at 13:42:51:813 Recived 06 02 03 17 00 1E 0A 
13-06-18 at 13:42:51:828 Send 06 
13-06-18 at 13:42:51:843 Send 05 
13-06-18 at 13:42:51:858 Recived 15 
13-06-18 at 13:42:51:858 Send 06 
13-06-18 at 13:42:51:873 Send 02 2E 17 1E 00 00 00 03 20 00 00 00 00 00 00 00 00 00 00 00 00 00 00 00 00 00 00 00 00 00 00 00 00 00 00 00 00 00 00 00 00 00 00 00 00 00 00 00 04 
13-06-18 at 13:42:51:892 Recived 06 02 03 17 00 1E 0A 
13-06-18 at 13:42:51:907 Send 06 
13-06-18 at 13:42:51:922 Send 05 
13-06-18 at 13:42:51:937 Recived 15 
13-06-18 at 13:42:51:937 Send 06 
13-06-18 at 13:42:51:952 Send 02 2E 17 1E 00 00 00 03 20 20 20 20 CE EF EB E0 F2 E0 20 EF F0 E8 ED FF F2 E0 20 F1 20 E1 EB E0 E3 EE E4 E0 F0 ED EE F1 F2 FC FE 00 00 00 00 00 2B 
13-06-18 at 13:42:51:971 Recived 06 02 03 17 00 1E 0A 
13-06-18 at 13:42:51:986 Send 06 
13-06-18 at 13:42:52:001 Send 05 
13-06-18 at 13:42:52:016 Recived 15 
13-06-18 at 13:42:52:016 Send 06 
13-06-18 at 13:42:52:031 Send 02 2E 17 1E 00 00 00 03 20 20 C6 E4 E5 EC 20 E2 E0 F1 20 E5 E6 E5 E4 ED E5 E2 ED EE 20 F1 20 39 2E 30 30 20 E4 EE 20 32 32 2E 30 30 00 00 00 00 D5 
13-06-18 at 13:42:52:050 Recived 06 02 03 17 00 1E 0A 
13-06-18 at 13:42:52:065 Send 06 
13-06-18 at 13:42:52:080 Send 05 
13-06-18 at 13:42:52:095 Recived 15 
13-06-18 at 13:42:52:095 Send 06 
13-06-18 at 13:42:52:110 Send 02 2E 17 1E 00 00 00 03 20 20 20 20 EF EE 20 E0 E4 F0 E5 F1 F3 3A 36 33 30 30 32 37 2C E3 2E CD EE E2 EE F1 E8 E1 E8 F0 F1 EA 2C 00 00 00 00 00 35 
13-06-18 at 13:42:52:129 Recived 06 02 03 17 00 1E 0A 
13-06-18 at 13:42:52:144 Send 06 
13-06-18 at 13:42:52:159 Send 05 
13-06-18 at 13:42:52:174 Recived 15 
13-06-18 at 13:42:52:174 Send 06 
13-06-18 at 13:42:52:189 Send 02 2E 17 1E 00 00 00 03 F3 EB 2E D2 EE EB EC E0 F7 E5 E2 F1 EA E0 FF 2C 20 31 39 E0 20 EA 2E 32 2C 20 F2 E5 EB 2E 3A 33 36 33 2D 30 35 2D 30 35 DD 
13-06-18 at 13:42:52:208 Recived 06 02 03 17 00 1E 0A 
13-06-18 at 13:42:52:223 Send 06 
13-06-18 at 13:42:52:238 Send 05 
13-06-18 at 13:42:52:253 Recived 15 
13-06-18 at 13:42:52:253 Send 06 
13-06-18 at 13:42:52:268 Send 02 47 85 1E 00 00 00 64 00 00 00 00 00 00 00 00 00 2C 01 00 00 00 00 00 00 00 00 00 00 00 00 00 00 20 00 00 00 00 00 00 00 00 00 00 00 00 00 00 00 00 00 00 00 00 00 00 00 00 00 00 00 00 00 00 00 00 00 00 00 00 00 00 00 B5 
13-06-18 at 13:42:52:289 Recived 06 
13-06-18 at 13:42:52:424 Recived 02 08 85 00 1E 00 00 00 00 00 93 
13-06-18 at 13:42:52:439 Send 06 
13-06-18 at 13:42:52:440 WAIT_OBJECT_0
13-06-18 at 13:43:57:398 Запуск программы. Инициализация считана из файла
13-06-18 at 13:43:57:398 Чек загружен.
13-06-18 at 13:43:57:398 Чек загружен.
13-06-18 at 13:43:57:399 Попытка входа в критическую секцию: дисконт
13-06-18 at 13:43:57:399 total calculated
13-06-18 at 13:43:57:399 now show on display
13-06-18 at 13:43:57:399                     Всего:          7.00
13-06-18 at 13:43:57:399 now open port for display
13-06-18 at 13:43:57:400 Com port opened
13-06-18 at 13:43:57:400 now clear port error ...
13-06-18 at 13:43:57:401 now write to port ...
13-06-18 at 13:43:57:534 ... done
13-06-18 at 13:43:57:534 Чек сжат
13-06-18 at 13:43:57:535 Сумма чека посчитана
13-06-18 at 13:43:57:535 Кардридер создан
13-06-18 at 13:43:57:536 Задание запуска модулей создано
13-06-18 at 13:43:57:536 Сканер создан
13-06-18 at 13:43:57:537 Регистратор создан
13-06-18 at 13:43:57:537 Часы созданы
13-06-18 at 13:43:57:538 Регистратор запущен
13-06-18 at 13:43:57:538 Сканер запущен
13-06-18 at 13:43:57:538 Часы запущены
13-06-18 at 13:43:57:538 Кардридер запущен
13-06-18 at 13:43:57:540 Передача данных запущена
13-06-18 at 13:43:57:540 Вход в FRInit
13-06-18 at 13:43:57:540 Вход в GetStatus
13-06-18 at 13:43:57:563 Send 05 
13-06-18 at 13:43:57:578 Recived 15 
13-06-18 at 13:43:57:578 Send 06 
13-06-18 at 13:43:57:593 Send 02 05 11 1E 00 00 00 0A 
13-06-18 at 13:43:57:608 Recived 06 02 30 11 00 1E 43 31 1C B3 14 0C 11 01 AC 00 B2 02 02 00 00 4E 41 00 00 01 01 10 0D 06 12 0D 2B 39 00 2E 5D 00 00 2A 00 00 00 00 00 EF 95 10 42 01 00 9D 
13-06-18 at 13:43:57:623 Send 06 
13-06-18 at 13:43:57:628 KKMStatus 0000
13-06-18 at 13:43:57:638 Send 05 
13-06-18 at 13:43:57:653 Recived 15 
13-06-18 at 13:43:57:653 Send 06 
13-06-18 at 13:43:57:668 Send 02 05 11 1E 00 00 00 0A 
13-06-18 at 13:43:57:683 Recived 06 02 30 11 00 1E 43 31 1C B3 14 0C 11 01 AC 00 B2 02 02 00 00 4E 41 00 00 01 01 10 0D 06 12 0D 2B 39 00 2E 5D 00 00 2A 00 00 00 00 00 EF 95 10 42 01 00 9D 
13-06-18 at 13:43:57:698 Send 06 
13-06-18 at 13:43:57:703 KKMStatus 0200
13-06-18 at 13:43:57:703 Номер ФР считан
13-06-18 at 13:43:57:859 СУБД подключена
13-06-18 at 13:43:57:878 Send 05 
13-06-18 at 13:43:57:893 Recived 15 
13-06-18 at 13:43:57:893 Send 06 
13-06-18 at 13:43:57:908 Send 02 17 1E 1E 00 00 00 05 03 00 01 CA 41 D0 D2 CE C9 20 56 49 53 41 2F 4D 43 92 
13-06-18 at 13:43:57:924 Recived 06 02 02 1E 00 1C 
13-06-18 at 13:43:57:939 Send 06 
13-06-18 at 13:43:57:954 Send 05 
13-06-18 at 13:43:57:969 Recived 15 
13-06-18 at 13:43:57:969 Send 06 
13-06-18 at 13:43:57:984 Send 02 18 1E 1E 00 00 00 05 04 00 01 C4 D0 D3 C3 C8 CC C8 20 CA C0 D0 D2 C0 CC C8 3C 
13-06-18 at 13:43:58:000 Recived 06 02 02 1E 00 1C 
13-06-18 at 13:43:58:015 Send 06 
13-06-18 at 13:43:58:030 Send 05 
13-06-18 at 13:43:58:045 Recived 15 
13-06-18 at 13:43:58:045 Send 06 
13-06-18 at 13:43:58:060 Send 02 0A 1E 1E 00 00 00 01 01 00 01 01 0A 
13-06-18 at 13:43:58:075 Recived 06 02 02 1E 00 1C 
13-06-18 at 13:43:58:090 Send 06 
13-06-18 at 13:43:58:105 Send 05 
13-06-18 at 13:43:58:120 Recived 15 
13-06-18 at 13:43:58:120 Send 06 
13-06-18 at 13:43:58:135 Send 02 0A 1E 1E 00 00 00 01 01 00 05 02 0D 
13-06-18 at 13:43:58:150 Recived 06 02 02 1E 00 1C 
13-06-18 at 13:43:58:165 Send 06 
13-06-18 at 13:43:58:180 Send 05 
13-06-18 at 13:43:58:195 Recived 15 
13-06-18 at 13:43:58:195 Send 06 
13-06-18 at 13:43:58:210 Send 02 0A 1E 1E 00 00 00 01 01 00 23 01 28 
13-06-18 at 13:43:58:225 Recived 06 02 02 1E 00 1C 
13-06-18 at 13:43:58:240 Send 06 
13-06-18 at 13:43:58:255 Send 05 
13-06-18 at 13:43:58:270 Recived 15 
13-06-18 at 13:43:58:270 Send 06 
13-06-18 at 13:43:58:285 Send 02 0A 1E 1E 00 00 00 01 01 00 06 00 0C 
13-06-18 at 13:43:58:300 Recived 06 02 02 1E 00 1C 
13-06-18 at 13:43:58:315 Send 06 
13-06-18 at 13:43:58:330 Send 05 
13-06-18 at 13:43:58:345 Recived 15 
13-06-18 at 13:43:58:345 Send 06 
13-06-18 at 13:43:58:360 Send 02 0A 1E 1E 00 00 00 01 01 00 07 01 0C 
13-06-18 at 13:43:58:375 Recived 06 02 02 1E 00 1C 
13-06-18 at 13:43:58:390 Send 06 
13-06-18 at 13:43:58:405 Send 05 
13-06-18 at 13:43:58:420 Recived 15 
13-06-18 at 13:43:58:420 Send 06 
13-06-18 at 13:43:58:435 Send 02 0A 1E 1E 00 00 00 01 01 00 14 01 1F 
13-06-18 at 13:43:58:450 Recived 06 02 02 1E 00 1C 
13-06-18 at 13:43:58:465 Send 06 
13-06-18 at 13:43:58:480 Send 05 
13-06-18 at 13:43:58:495 Recived 15 
13-06-18 at 13:43:58:495 Send 06 
13-06-18 at 13:43:58:510 Send 02 0A 1E 1E 00 00 00 01 01 00 15 01 1E 
13-06-18 at 13:43:58:525 Recived 06 02 02 1E 00 1C 
13-06-18 at 13:43:58:540 Send 06 
13-06-18 at 13:43:58:555 Send 05 
13-06-18 at 13:43:58:570 Recived 15 
13-06-18 at 13:43:58:570 Send 06 
13-06-18 at 13:43:58:585 Send 02 0A 1E 1E 00 00 00 01 01 00 0F 00 05 
13-06-18 at 13:43:58:600 Recived 06 02 02 1E 00 1C 
13-06-18 at 13:43:58:615 Send 06 
13-06-18 at 13:43:58:630 Send 05 
13-06-18 at 13:43:58:645 Recived 15 
13-06-18 at 13:43:58:645 Send 06 
13-06-18 at 13:43:58:660 Send 02 0A 1E 1E 00 00 00 01 01 00 11 00 1B 
13-06-18 at 13:43:58:675 Recived 06 02 02 1E 00 1C 
13-06-18 at 13:43:58:690 Send 06 
13-06-18 at 13:43:58:705 Send 05 
13-06-18 at 13:43:58:720 Recived 15 
13-06-18 at 13:43:58:720 Send 06 
13-06-18 at 13:43:58:735 Send 02 0A 1E 1E 00 00 00 11 01 00 03 02 1B 
13-06-18 at 13:43:58:750 Recived 06 02 02 1E 00 1C 
13-06-18 at 13:43:58:765 Send 06 
13-06-18 at 13:43:58:780 Send 05 
13-06-18 at 13:43:58:795 Recived 15 
13-06-18 at 13:43:58:795 Send 06 
13-06-18 at 13:43:58:810 Send 02 0A 1E 1E 00 00 00 01 01 00 29 01 22 
13-06-18 at 13:43:58:825 Recived 06 02 02 1E 00 1C 
13-06-18 at 13:43:58:840 Send 06 
13-06-18 at 13:43:58:855 Send 05 
13-06-18 at 13:43:58:870 Recived 15 
13-06-18 at 13:43:58:870 Send 06 
13-06-18 at 13:43:58:885 Send 02 26 1E 1E 00 00 00 04 0C 00 01 20 20 20 20 20 20 20 20 20 20 20 C4 CE C1 D0 CE 20 CF CE C6 C0 CB CE C2 C0 D2 DC 21 00 D5 
13-06-18 at 13:43:58:903 Recived 06 02 02 1E 00 1C 
13-06-18 at 13:43:58:918 Send 06 
13-06-18 at 13:43:58:933 Send 05 
13-06-18 at 13:43:58:948 Recived 15 
13-06-18 at 13:43:58:948 Send 06 
13-06-18 at 13:43:58:963 Send 02 29 1E 1E 00 00 00 04 0D 00 01 20 20 20 20 20 20 20 20 CE CE CE 20 CA EE EC EF E0 ED E8 FF 20 27 CA CE CB CE D0 CB CE CD 27 00 CB 
13-06-18 at 13:43:58:981 Recived 06 02 02 1E 00 1C 
13-06-18 at 13:43:58:996 Send 06 
13-06-18 at 13:43:59:011 Send 05 
13-06-18 at 13:43:59:026 Recived 15 
13-06-18 at 13:43:59:026 Send 06 
13-06-18 at 13:43:59:041 Send 02 2D 1E 1E 00 00 00 04 0E 00 01 20 20 20 20 20 CC E0 E3 E0 E7 E8 ED 20 27 C2 F1 E5 20 F2 EE E2 E0 F0 FB 20 E4 EB FF 20 E4 EE EC E0 27 20 00 DE 
13-06-18 at 13:43:59:059 Recived 06 02 02 1E 00 1C 
13-06-18 at 13:43:59:074 Send 06 
13-06-18 at 13:43:59:101 now clear port error ...
13-06-18 at 13:43:59:101 now write to port ...
13-06-18 at 13:43:59:235 ... done
13-06-18 at 13:43:59:270 Send 05 
13-06-18 at 13:43:59:285 Recived 15 
13-06-18 at 13:43:59:285 Send 06 
13-06-18 at 13:43:59:300 Send 02 06 1A 1E 00 00 00 79 7B 
13-06-18 at 13:43:59:315 Recived 06 02 09 1A 00 1E 90 01 00 00 00 00 9C 
13-06-18 at 13:43:59:330 Send 06 
13-06-18 at 13:44:01:420 Cardreader  Антонов Сергей 
13-06-18 at 13:44:01:423 Send 05 
13-06-18 at 13:44:01:444 Recived 15 
13-06-18 at 13:44:01:444 Send 06 
13-06-18 at 13:44:01:462 Send 02 20 1E 1E 00 00 00 02 1E 00 02 CA E0 F1 F1 E8 F0 20 C0 ED F2 EE ED EE E2 20 D1 E5 F0 E3 E5 E9 20 00 D7 
13-06-18 at 13:44:01:480 Recived 06 02 02 1E 00 1C 
13-06-18 at 13:44:01:495 Send 06 
13-06-18 at 13:44:01:504 now clear port error ...
13-06-18 at 13:44:01:504 now write to port ...
13-06-18 at 13:44:01:637 ... done
13-06-18 at 13:44:02:425 Send 05 
13-06-18 at 13:44:02:440 Recived 15 
13-06-18 at 13:44:02:440 Send 06 
13-06-18 at 13:44:02:455 Send 02 06 FF 39 1E 00 00 00 DE 
13-06-18 at 13:44:02:470 Recived 06 02 10 FF 39 00 00 00 00 00 00 00 00 00 00 00 00 00 00 D6 
13-06-18 at 13:44:02:485 Send 06 
13-06-18 at 13:46:03:625 Send 05 
13-06-18 at 13:46:03:640 Recived 15 
13-06-18 at 13:46:03:640 Send 06 
13-06-18 at 13:46:03:655 Send 02 06 FF 39 1E 00 00 00 DE 
13-06-18 at 13:46:03:670 Recived 06 02 10 FF 39 00 00 00 00 00 00 00 00 00 00 00 00 00 00 D6 
13-06-18 at 13:46:03:685 Send 06 
13-06-18 at 13:46:23:946 Попытка входа в критическую секцию: дисконт
13-06-18 at 13:46:23:947 total calculated
13-06-18 at 13:46:23:948 now show on display
13-06-18 at 13:46:23:948                     Всего:          7.00
13-06-18 at 13:46:23:948 now clear port error ...
13-06-18 at 13:46:23:949 now write to port ...
13-06-18 at 13:46:24:082 ... done
13-06-18 at 13:46:24:083 Попытка входа в критическую секцию: дисконт
13-06-18 at 13:46:24:083 total calculated
13-06-18 at 13:46:24:085 now show on display
13-06-18 at 13:46:24:085                     Всего:          7.00
13-06-18 at 13:46:24:085 now clear port error ...
13-06-18 at 13:46:24:086 now write to port ...
13-06-18 at 13:46:24:254 ... done
13-06-18 at 13:46:24:257 111
13-06-18 at 13:46:24:257 Выход из программы
13-06-18 at 13:48:09:922 Запуск программы. Инициализация считана из файла
13-06-18 at 13:48:09:922 Чек загружен.
13-06-18 at 13:48:09:923 Чек загружен.
13-06-18 at 13:48:09:924 Попытка входа в критическую секцию: дисконт
13-06-18 at 13:48:09:924 total calculated
13-06-18 at 13:48:09:925 now show on display
13-06-18 at 13:48:09:925                     Всего:          7.00
13-06-18 at 13:48:09:925 now open port for display
13-06-18 at 13:48:09:926 Com port opened
13-06-18 at 13:48:09:926 now clear port error ...
13-06-18 at 13:48:09:926 now write to port ...
13-06-18 at 13:48:10:060 ... done
13-06-18 at 13:48:10:060 Чек сжат
13-06-18 at 13:48:10:060 Сумма чека посчитана
13-06-18 at 13:48:10:060 Кардридер создан
13-06-18 at 13:48:10:061 Задание запуска модулей создано
13-06-18 at 13:48:10:061 Сканер создан
13-06-18 at 13:48:10:061 Регистратор создан
13-06-18 at 13:48:10:061 Часы созданы
13-06-18 at 13:48:10:062 Регистратор запущен
13-06-18 at 13:48:10:062 Сканер запущен
13-06-18 at 13:48:10:063 Часы запущены
13-06-18 at 13:48:10:063 Кардридер запущен
13-06-18 at 13:48:10:063 Передача данных запущена
13-06-18 at 13:48:10:063 Вход в FRInit
13-06-18 at 13:48:10:063 Вход в GetStatus
13-06-18 at 13:48:10:079 Send 05 
13-06-18 at 13:48:10:094 Recived 15 
13-06-18 at 13:48:10:094 Send 06 
13-06-18 at 13:48:10:109 Send 02 05 11 1E 00 00 00 0A 
13-06-18 at 13:48:10:124 Recived 06 02 30 11 00 1E 43 31 1C B3 14 0C 11 01 AC 00 B2 02 02 00 00 4E 41 00 00 01 01 10 0D 06 12 0D 30 09 00 2E 5D 00 00 2A 00 00 00 00 00 EF 95 10 42 01 00 B6 
13-06-18 at 13:48:10:139 Send 06 
13-06-18 at 13:48:10:144 KKMStatus 0000
13-06-18 at 13:48:10:154 Send 05 
13-06-18 at 13:48:10:169 Recived 15 
13-06-18 at 13:48:10:169 Send 06 
13-06-18 at 13:48:10:184 Send 02 05 11 1E 00 00 00 0A 
13-06-18 at 13:48:10:199 Recived 06 02 30 11 00 1E 43 31 1C B3 14 0C 11 01 AC 00 B2 02 02 00 00 4E 41 00 00 01 01 10 0D 06 12 0D 30 09 00 2E 5D 00 00 2A 00 00 00 00 00 EF 95 10 42 01 00 B6 
13-06-18 at 13:48:10:214 Send 06 
13-06-18 at 13:48:10:220 KKMStatus 0200
13-06-18 at 13:48:10:220 Номер ФР считан
13-06-18 at 13:48:10:371 СУБД подключена
13-06-18 at 13:48:10:390 Send 05 
13-06-18 at 13:48:10:405 Recived 15 
13-06-18 at 13:48:10:405 Send 06 
13-06-18 at 13:48:10:420 Send 02 17 1E 1E 00 00 00 05 03 00 01 CA 41 D0 D2 CE C9 20 56 49 53 41 2F 4D 43 92 
13-06-18 at 13:48:10:436 Recived 06 02 02 1E 00 1C 
13-06-18 at 13:48:10:451 Send 06 
13-06-18 at 13:48:10:466 Send 05 
13-06-18 at 13:48:10:481 Recived 15 
13-06-18 at 13:48:10:481 Send 06 
13-06-18 at 13:48:10:496 Send 02 18 1E 1E 00 00 00 05 04 00 01 C4 D0 D3 C3 C8 CC C8 20 CA C0 D0 D2 C0 CC C8 3C 
13-06-18 at 13:48:10:512 Recived 06 02 02 1E 00 1C 
13-06-18 at 13:48:10:527 Send 06 
13-06-18 at 13:48:10:542 Send 05 
13-06-18 at 13:48:10:557 Recived 15 
13-06-18 at 13:48:10:557 Send 06 
13-06-18 at 13:48:10:572 Send 02 0A 1E 1E 00 00 00 01 01 00 01 01 0A 
13-06-18 at 13:48:10:587 Recived 06 02 02 1E 00 1C 
13-06-18 at 13:48:10:602 Send 06 
13-06-18 at 13:48:10:617 Send 05 
13-06-18 at 13:48:10:632 Recived 15 
13-06-18 at 13:48:10:632 Send 06 
13-06-18 at 13:48:10:647 Send 02 0A 1E 1E 00 00 00 01 01 00 05 02 0D 
13-06-18 at 13:48:10:662 Recived 06 02 02 1E 00 1C 
13-06-18 at 13:48:10:677 Send 06 
13-06-18 at 13:48:10:692 Send 05 
13-06-18 at 13:48:10:707 Recived 15 
13-06-18 at 13:48:10:707 Send 06 
13-06-18 at 13:48:10:722 Send 02 0A 1E 1E 00 00 00 01 01 00 23 01 28 
13-06-18 at 13:48:10:737 Recived 06 02 02 1E 00 1C 
13-06-18 at 13:48:10:752 Send 06 
13-06-18 at 13:48:10:767 Send 05 
13-06-18 at 13:48:10:782 Recived 15 
13-06-18 at 13:48:10:782 Send 06 
13-06-18 at 13:48:10:797 Send 02 0A 1E 1E 00 00 00 01 01 00 06 00 0C 
13-06-18 at 13:48:10:812 Recived 06 02 02 1E 00 1C 
13-06-18 at 13:48:10:827 Send 06 
13-06-18 at 13:48:10:842 Send 05 
13-06-18 at 13:48:10:857 Recived 15 
13-06-18 at 13:48:10:857 Send 06 
13-06-18 at 13:48:10:872 Send 02 0A 1E 1E 00 00 00 01 01 00 07 01 0C 
13-06-18 at 13:48:10:887 Recived 06 02 02 1E 00 1C 
13-06-18 at 13:48:10:902 Send 06 
13-06-18 at 13:48:10:917 Send 05 
13-06-18 at 13:48:10:932 Recived 15 
13-06-18 at 13:48:10:932 Send 06 
13-06-18 at 13:48:10:947 Send 02 0A 1E 1E 00 00 00 01 01 00 14 01 1F 
13-06-18 at 13:48:10:962 Recived 06 02 02 1E 00 1C 
13-06-18 at 13:48:10:977 Send 06 
13-06-18 at 13:48:10:992 Send 05 
13-06-18 at 13:48:11:007 Recived 15 
13-06-18 at 13:48:11:007 Send 06 
13-06-18 at 13:48:11:022 Send 02 0A 1E 1E 00 00 00 01 01 00 15 01 1E 
13-06-18 at 13:48:11:037 Recived 06 02 02 1E 00 1C 
13-06-18 at 13:48:11:052 Send 06 
13-06-18 at 13:48:11:067 Send 05 
13-06-18 at 13:48:11:082 Recived 15 
13-06-18 at 13:48:11:082 Send 06 
13-06-18 at 13:48:11:097 Send 02 0A 1E 1E 00 00 00 01 01 00 0F 00 05 
13-06-18 at 13:48:11:112 Recived 06 02 02 1E 00 1C 
13-06-18 at 13:48:11:127 Send 06 
13-06-18 at 13:48:11:142 Send 05 
13-06-18 at 13:48:11:157 Recived 15 
13-06-18 at 13:48:11:157 Send 06 
13-06-18 at 13:48:11:172 Send 02 0A 1E 1E 00 00 00 01 01 00 11 00 1B 
13-06-18 at 13:48:11:187 Recived 06 02 02 1E 00 1C 
13-06-18 at 13:48:11:202 Send 06 
13-06-18 at 13:48:11:217 Send 05 
13-06-18 at 13:48:11:232 Recived 15 
13-06-18 at 13:48:11:232 Send 06 
13-06-18 at 13:48:11:247 Send 02 0A 1E 1E 00 00 00 11 01 00 03 02 1B 
13-06-18 at 13:48:11:262 Recived 06 02 02 1E 00 1C 
13-06-18 at 13:48:11:277 Send 06 
13-06-18 at 13:48:11:292 Send 05 
13-06-18 at 13:48:11:307 Recived 15 
13-06-18 at 13:48:11:307 Send 06 
13-06-18 at 13:48:11:322 Send 02 0A 1E 1E 00 00 00 01 01 00 29 01 22 
13-06-18 at 13:48:11:337 Recived 06 02 02 1E 00 1C 
13-06-18 at 13:48:11:352 Send 06 
13-06-18 at 13:48:11:367 Send 05 
13-06-18 at 13:48:11:382 Recived 15 
13-06-18 at 13:48:11:382 Send 06 
13-06-18 at 13:48:11:397 Send 02 26 1E 1E 00 00 00 04 0C 00 01 20 20 20 20 20 20 20 20 20 20 20 C4 CE C1 D0 CE 20 CF CE C6 C0 CB CE C2 C0 D2 DC 21 00 D5 
13-06-18 at 13:48:11:415 Recived 06 02 02 1E 00 1C 
13-06-18 at 13:48:11:430 Send 06 
13-06-18 at 13:48:11:445 Send 05 
13-06-18 at 13:48:11:460 Recived 15 
13-06-18 at 13:48:11:460 Send 06 
13-06-18 at 13:48:11:475 Send 02 29 1E 1E 00 00 00 04 0D 00 01 20 20 20 20 20 20 20 20 CE CE CE 20 CA EE EC EF E0 ED E8 FF 20 27 CA CE CB CE D0 CB CE CD 27 00 CB 
13-06-18 at 13:48:11:493 Recived 06 02 02 1E 00 1C 
13-06-18 at 13:48:11:508 Send 06 
13-06-18 at 13:48:11:523 Send 05 
13-06-18 at 13:48:11:538 Recived 15 
13-06-18 at 13:48:11:538 Send 06 
13-06-18 at 13:48:11:553 Send 02 2D 1E 1E 00 00 00 04 0E 00 01 20 20 20 20 20 CC E0 E3 E0 E7 E8 ED 20 27 C2 F1 E5 20 F2 EE E2 E0 F0 FB 20 E4 EB FF 20 E4 EE EC E0 27 20 00 DE 
13-06-18 at 13:48:11:571 Recived 06 02 02 1E 00 1C 
13-06-18 at 13:48:11:586 Send 06 
13-06-18 at 13:48:11:612 now clear port error ...
13-06-18 at 13:48:11:613 now write to port ...
13-06-18 at 13:48:11:746 ... done
13-06-18 at 13:48:11:783 Send 05 
13-06-18 at 13:48:11:798 Recived 15 
13-06-18 at 13:48:11:798 Send 06 
13-06-18 at 13:48:11:813 Send 02 06 1A 1E 00 00 00 79 7B 
13-06-18 at 13:48:11:828 Recived 06 02 09 1A 00 1E 90 01 00 00 00 00 9C 
13-06-18 at 13:48:11:843 Send 06 
13-06-18 at 13:48:13:947 Cardreader  Антонов Сергей 
13-06-18 at 13:48:13:959 Send 05 
13-06-18 at 13:48:13:976 Recived 15 
13-06-18 at 13:48:13:979 Send 06 
13-06-18 at 13:48:13:997 Send 02 20 1E 1E 00 00 00 02 1E 00 02 CA E0 F1 F1 E8 F0 20 C0 ED F2 EE ED EE E2 20 D1 E5 F0 E3 E5 E9 20 00 D7 
13-06-18 at 13:48:14:015 Recived 06 02 02 1E 00 1C 
13-06-18 at 13:48:14:030 Send 06 
13-06-18 at 13:48:14:032 now clear port error ...
13-06-18 at 13:48:14:032 now write to port ...
13-06-18 at 13:48:14:165 ... done
13-06-18 at 13:48:14:960 Send 05 
13-06-18 at 13:48:14:975 Recived 15 
13-06-18 at 13:48:14:975 Send 06 
13-06-18 at 13:48:14:990 Send 02 06 FF 39 1E 00 00 00 DE 
13-06-18 at 13:48:15:005 Recived 06 02 10 FF 39 00 00 00 00 00 00 00 00 00 00 00 00 00 00 D6 
13-06-18 at 13:48:15:020 Send 06 
13-06-18 at 13:48:16:922 114
13-06-18 at 13:48:16:922 014
13-06-18 at 13:48:16:923 115
13-06-18 at 13:48:16:923 015
13-06-18 at 13:48:16:924 Попытка входа в критическую секцию: дисконт
13-06-18 at 13:48:16:924 total calculated
13-06-18 at 13:48:16:926 now show on display
13-06-18 at 13:48:16:926                     Всего:          7.00
13-06-18 at 13:48:16:926 now clear port error ...
13-06-18 at 13:48:16:926 now write to port ...
13-06-18 at 13:48:17:060 ... done
13-06-18 at 13:48:17:073 now clear port error ...
13-06-18 at 13:48:17:074 now write to port ...
13-06-18 at 13:48:17:232 ... done
13-06-18 at 13:48:17:232 now clear port error ...
13-06-18 at 13:48:17:232 now write to port ...
13-06-18 at 13:48:17:404 ... done
13-06-18 at 13:48:17:405 now clear port error ...
13-06-18 at 13:48:17:405 now write to port ...
13-06-18 at 13:48:17:575 ... done
13-06-18 at 13:49:23:809 Запуск программы. Инициализация считана из файла
13-06-18 at 13:49:23:810 Чек загружен.
13-06-18 at 13:49:23:810 Чек загружен.
13-06-18 at 13:49:23:811 Попытка входа в критическую секцию: дисконт
13-06-18 at 13:49:23:812 total calculated
13-06-18 at 13:49:23:812 now show on display
13-06-18 at 13:49:23:812                     Всего:          7.00
13-06-18 at 13:49:23:812 now open port for display
13-06-18 at 13:49:23:813 Com port opened
13-06-18 at 13:49:23:814 now clear port error ...
13-06-18 at 13:49:23:814 now write to port ...
13-06-18 at 13:49:23:947 ... done
13-06-18 at 13:49:23:947 Чек сжат
13-06-18 at 13:49:23:947 Сумма чека посчитана
13-06-18 at 13:49:23:948 Кардридер создан
13-06-18 at 13:49:23:948 Задание запуска модулей создано
13-06-18 at 13:49:23:948 Сканер создан
13-06-18 at 13:49:23:948 Регистратор создан
13-06-18 at 13:49:23:949 Часы созданы
13-06-18 at 13:49:23:950 Регистратор запущен
13-06-18 at 13:49:23:950 Сканер запущен
13-06-18 at 13:49:23:950 Часы запущены
13-06-18 at 13:49:23:950 Кардридер запущен
13-06-18 at 13:49:23:950 Передача данных запущена
13-06-18 at 13:49:23:950 Вход в FRInit
13-06-18 at 13:49:23:951 Вход в GetStatus
13-06-18 at 13:49:23:967 Send 05 
13-06-18 at 13:49:23:982 Recived 15 
13-06-18 at 13:49:23:982 Send 06 
13-06-18 at 13:49:23:997 Send 02 05 11 1E 00 00 00 0A 
13-06-18 at 13:49:24:012 Recived 06 02 30 11 00 1E 43 31 1C B3 14 0C 11 01 AC 00 B2 02 02 00 00 4E 41 00 00 01 01 10 0D 06 12 0D 31 17 00 2E 5D 00 00 2A 00 00 00 00 00 EF 95 10 42 01 00 A9 
13-06-18 at 13:49:24:027 Send 06 
13-06-18 at 13:49:24:032 KKMStatus 0000
13-06-18 at 13:49:24:042 Send 05 
13-06-18 at 13:49:24:057 Recived 15 
13-06-18 at 13:49:24:057 Send 06 
13-06-18 at 13:49:24:072 Send 02 05 11 1E 00 00 00 0A 
13-06-18 at 13:49:24:087 Recived 06 02 30 11 00 1E 43 31 1C B3 14 0C 11 01 AC 00 B2 02 02 00 00 4E 41 00 00 01 01 10 0D 06 12 0D 31 17 00 2E 5D 00 00 2A 00 00 00 00 00 EF 95 10 42 01 00 A9 
13-06-18 at 13:49:24:117 Send 06 
13-06-18 at 13:49:24:122 KKMStatus 0200
13-06-18 at 13:49:24:122 Номер ФР считан
13-06-18 at 13:49:24:267 СУБД подключена
13-06-18 at 13:49:24:295 Send 05 
13-06-18 at 13:49:24:310 Recived 15 
13-06-18 at 13:49:24:310 Send 06 
13-06-18 at 13:49:24:325 Send 02 17 1E 1E 00 00 00 05 03 00 01 CA 41 D0 D2 CE C9 20 56 49 53 41 2F 4D 43 92 
13-06-18 at 13:49:24:341 Recived 06 02 02 1E 00 1C 
13-06-18 at 13:49:24:356 Send 06 
13-06-18 at 13:49:24:371 Send 05 
13-06-18 at 13:49:24:386 Recived 15 
13-06-18 at 13:49:24:386 Send 06 
13-06-18 at 13:49:24:401 Send 02 18 1E 1E 00 00 00 05 04 00 01 C4 D0 D3 C3 C8 CC C8 20 CA C0 D0 D2 C0 CC C8 3C 
13-06-18 at 13:49:24:417 Recived 06 02 02 1E 00 1C 
13-06-18 at 13:49:24:432 Send 06 
13-06-18 at 13:49:24:447 Send 05 
13-06-18 at 13:49:24:462 Recived 15 
13-06-18 at 13:49:24:462 Send 06 
13-06-18 at 13:49:24:477 Send 02 0A 1E 1E 00 00 00 01 01 00 01 01 0A 
13-06-18 at 13:49:24:492 Recived 06 02 02 1E 00 1C 
13-06-18 at 13:49:24:507 Send 06 
13-06-18 at 13:49:24:522 Send 05 
13-06-18 at 13:49:24:537 Recived 15 
13-06-18 at 13:49:24:537 Send 06 
13-06-18 at 13:49:24:552 Send 02 0A 1E 1E 00 00 00 01 01 00 05 02 0D 
13-06-18 at 13:49:24:567 Recived 06 02 02 1E 00 1C 
13-06-18 at 13:49:24:582 Send 06 
13-06-18 at 13:49:24:597 Send 05 
13-06-18 at 13:49:24:612 Recived 15 
13-06-18 at 13:49:24:612 Send 06 
13-06-18 at 13:49:24:627 Send 02 0A 1E 1E 00 00 00 01 01 00 23 01 28 
13-06-18 at 13:49:24:642 Recived 06 02 02 1E 00 1C 
13-06-18 at 13:49:24:657 Send 06 
13-06-18 at 13:49:24:672 Send 05 
13-06-18 at 13:49:24:687 Recived 15 
13-06-18 at 13:49:24:687 Send 06 
13-06-18 at 13:49:24:702 Send 02 0A 1E 1E 00 00 00 01 01 00 06 00 0C 
13-06-18 at 13:49:24:717 Recived 06 02 02 1E 00 1C 
13-06-18 at 13:49:24:732 Send 06 
13-06-18 at 13:49:24:747 Send 05 
13-06-18 at 13:49:24:762 Recived 15 
13-06-18 at 13:49:24:762 Send 06 
13-06-18 at 13:49:24:777 Send 02 0A 1E 1E 00 00 00 01 01 00 07 01 0C 
13-06-18 at 13:49:24:792 Recived 06 02 02 1E 00 1C 
13-06-18 at 13:49:24:807 Send 06 
13-06-18 at 13:49:24:822 Send 05 
13-06-18 at 13:49:24:837 Recived 15 
13-06-18 at 13:49:24:837 Send 06 
13-06-18 at 13:49:24:852 Send 02 0A 1E 1E 00 00 00 01 01 00 14 01 1F 
13-06-18 at 13:49:24:867 Recived 06 02 02 1E 00 1C 
13-06-18 at 13:49:24:882 Send 06 
13-06-18 at 13:49:24:897 Send 05 
13-06-18 at 13:49:24:912 Recived 15 
13-06-18 at 13:49:24:912 Send 06 
13-06-18 at 13:49:24:927 Send 02 0A 1E 1E 00 00 00 01 01 00 15 01 1E 
13-06-18 at 13:49:24:942 Recived 06 02 02 1E 00 1C 
13-06-18 at 13:49:24:957 Send 06 
13-06-18 at 13:49:24:972 Send 05 
13-06-18 at 13:49:24:987 Recived 15 
13-06-18 at 13:49:24:987 Send 06 
13-06-18 at 13:49:25:002 Send 02 0A 1E 1E 00 00 00 01 01 00 0F 00 05 
13-06-18 at 13:49:25:017 Recived 06 02 02 1E 00 1C 
13-06-18 at 13:49:25:032 Send 06 
13-06-18 at 13:49:25:047 Send 05 
13-06-18 at 13:49:25:062 Recived 15 
13-06-18 at 13:49:25:062 Send 06 
13-06-18 at 13:49:25:077 Send 02 0A 1E 1E 00 00 00 01 01 00 11 00 1B 
13-06-18 at 13:49:25:092 Recived 06 02 02 1E 00 1C 
13-06-18 at 13:49:25:107 Send 06 
13-06-18 at 13:49:25:122 Send 05 
13-06-18 at 13:49:25:137 Recived 15 
13-06-18 at 13:49:25:137 Send 06 
13-06-18 at 13:49:25:152 Send 02 0A 1E 1E 00 00 00 11 01 00 03 02 1B 
13-06-18 at 13:49:25:167 Recived 06 02 02 1E 00 1C 
13-06-18 at 13:49:25:182 Send 06 
13-06-18 at 13:49:25:197 Send 05 
13-06-18 at 13:49:25:212 Recived 15 
13-06-18 at 13:49:25:212 Send 06 
13-06-18 at 13:49:25:227 Send 02 0A 1E 1E 00 00 00 01 01 00 29 01 22 
13-06-18 at 13:49:25:242 Recived 06 02 02 1E 00 1C 
13-06-18 at 13:49:25:257 Send 06 
13-06-18 at 13:49:25:272 Send 05 
13-06-18 at 13:49:25:287 Recived 15 
13-06-18 at 13:49:25:287 Send 06 
13-06-18 at 13:49:25:302 Send 02 26 1E 1E 00 00 00 04 0C 00 01 20 20 20 20 20 20 20 20 20 20 20 C4 CE C1 D0 CE 20 CF CE C6 C0 CB CE C2 C0 D2 DC 21 00 D5 
13-06-18 at 13:49:25:319 Recived 06 02 02 1E 00 1C 
13-06-18 at 13:49:25:334 Send 06 
13-06-18 at 13:49:25:349 Send 05 
13-06-18 at 13:49:25:364 Recived 15 
13-06-18 at 13:49:25:364 Send 06 
13-06-18 at 13:49:25:379 Send 02 29 1E 1E 00 00 00 04 0D 00 01 20 20 20 20 20 20 20 20 CE CE CE 20 CA EE EC EF E0 ED E8 FF 20 27 CA CE CB CE D0 CB CE CD 27 00 CB 
13-06-18 at 13:49:25:397 Recived 06 02 02 1E 00 1C 
13-06-18 at 13:49:25:412 Send 06 
13-06-18 at 13:49:25:427 Send 05 
13-06-18 at 13:49:25:442 Recived 15 
13-06-18 at 13:49:25:442 Send 06 
13-06-18 at 13:49:25:457 Send 02 2D 1E 1E 00 00 00 04 0E 00 01 20 20 20 20 20 CC E0 E3 E0 E7 E8 ED 20 27 C2 F1 E5 20 F2 EE E2 E0 F0 FB 20 E4 EB FF 20 E4 EE EC E0 27 20 00 DE 
13-06-18 at 13:49:25:475 Recived 06 02 02 1E 00 1C 
13-06-18 at 13:49:25:490 Send 06 
13-06-18 at 13:49:25:521 now clear port error ...
13-06-18 at 13:49:25:521 now write to port ...
13-06-18 at 13:49:25:655 ... done
13-06-18 at 13:49:25:700 Send 05 
13-06-18 at 13:49:25:715 Recived 15 
13-06-18 at 13:49:25:715 Send 06 
13-06-18 at 13:49:25:730 Send 02 06 1A 1E 00 00 00 79 7B 
13-06-18 at 13:49:25:745 Recived 06 02 09 1A 00 1E 90 01 00 00 00 00 9C 
13-06-18 at 13:49:25:760 Send 06 
13-06-18 at 13:49:27:843 Cardreader  Антонов Сергей 
13-06-18 at 13:49:27:849 Send 05 
13-06-18 at 13:49:27:866 Recived 15 
13-06-18 at 13:49:27:869 Send 06 
13-06-18 at 13:49:27:886 Send 02 20 1E 1E 00 00 00 02 1E 00 02 CA E0 F1 F1 E8 F0 20 C0 ED F2 EE ED EE E2 20 D1 E5 F0 E3 E5 E9 20 00 D7 
13-06-18 at 13:49:27:904 Recived 06 02 02 1E 00 1C 
13-06-18 at 13:49:27:919 Send 06 
13-06-18 at 13:49:27:928 now clear port error ...
13-06-18 at 13:49:27:928 now write to port ...
13-06-18 at 13:49:28:061 ... done
13-06-18 at 13:49:28:849 Send 05 
13-06-18 at 13:49:28:864 Recived 15 
13-06-18 at 13:49:28:864 Send 06 
13-06-18 at 13:49:28:879 Send 02 06 FF 39 1E 00 00 00 DE 
13-06-18 at 13:49:28:894 Recived 06 02 10 FF 39 00 00 00 00 00 00 00 00 00 00 00 00 00 00 D6 
13-06-18 at 13:49:28:909 Send 06 
13-06-18 at 13:49:31:997 114
13-06-18 at 13:49:31:997 014
13-06-18 at 13:49:31:998 115
13-06-18 at 13:49:31:998 015
13-06-18 at 13:49:31:999 Попытка входа в критическую секцию: дисконт
13-06-18 at 13:49:31:999 total calculated
13-06-18 at 13:49:32:001 now show on display
13-06-18 at 13:49:32:001                     Всего:          7.00
13-06-18 at 13:49:32:001 now clear port error ...
13-06-18 at 13:49:32:001 now write to port ...
13-06-18 at 13:49:32:135 ... done
13-06-18 at 13:49:32:149 now clear port error ...
13-06-18 at 13:49:32:149 now write to port ...
13-06-18 at 13:49:32:307 ... done
13-06-18 at 13:49:32:307 now clear port error ...
13-06-18 at 13:49:32:307 now write to port ...
13-06-18 at 13:49:32:479 ... done
13-06-18 at 13:49:32:480 now clear port error ...
13-06-18 at 13:49:32:480 now write to port ...
13-06-18 at 13:49:32:650 ... done
13-06-18 at 14:35:49:661 Запуск программы. Инициализация считана из файла
13-06-18 at 14:35:49:661 Чек загружен.
13-06-18 at 14:35:49:662 Чек загружен.
13-06-18 at 14:35:49:663 Попытка входа в критическую секцию: дисконт
13-06-18 at 14:35:49:663 total calculated
13-06-18 at 14:35:49:663 now show on display
13-06-18 at 14:35:49:663                     Всего:          7.00
13-06-18 at 14:35:49:663 now open port for display
13-06-18 at 14:35:49:664 Com port opened
13-06-18 at 14:35:49:664 now clear port error ...
13-06-18 at 14:35:49:664 now write to port ...
13-06-18 at 14:35:49:798 ... done
13-06-18 at 14:35:49:798 Чек сжат
13-06-18 at 14:35:49:798 Сумма чека посчитана
13-06-18 at 14:35:49:798 Кардридер создан
13-06-18 at 14:35:49:799 Задание запуска модулей создано
13-06-18 at 14:35:49:799 Сканер создан
13-06-18 at 14:35:49:799 Регистратор создан
13-06-18 at 14:35:49:799 Часы созданы
13-06-18 at 14:35:49:800 Регистратор запущен
13-06-18 at 14:35:49:800 Сканер запущен
13-06-18 at 14:35:49:800 Часы запущены
13-06-18 at 14:35:49:801 Кардридер запущен
13-06-18 at 14:35:49:801 Передача данных запущена
13-06-18 at 14:35:49:801 Вход в FRInit
13-06-18 at 14:35:49:801 Вход в GetStatus
13-06-18 at 14:35:49:815 Send 05 
13-06-18 at 14:35:49:830 Recived 15 
13-06-18 at 14:35:49:830 Send 06 
13-06-18 at 14:35:49:845 Send 02 05 11 1E 00 00 00 0A 
13-06-18 at 14:35:49:860 Recived 06 02 30 11 00 1E 43 31 1C B3 14 0C 11 01 AC 00 B2 02 02 00 00 4E 41 00 00 01 01 10 0D 06 12 0E 23 31 00 2E 5D 00 00 2A 00 00 00 00 00 EF 95 10 42 01 00 9E 
13-06-18 at 14:35:49:875 Send 06 
13-06-18 at 14:35:49:880 KKMStatus 0000
13-06-18 at 14:35:49:890 Send 05 
13-06-18 at 14:35:49:905 Recived 15 
13-06-18 at 14:35:49:905 Send 06 
13-06-18 at 14:35:49:920 Send 02 05 11 1E 00 00 00 0A 
13-06-18 at 14:35:49:935 Recived 06 02 30 11 00 1E 43 31 1C B3 14 0C 11 01 AC 00 B2 02 02 00 00 4E 41 00 00 01 01 10 0D 06 12 0E 23 31 00 2E 5D 00 00 2A 00 00 00 00 00 EF 95 10 42 01 00 9E 
13-06-18 at 14:35:49:950 Send 06 
13-06-18 at 14:35:49:956 KKMStatus 0200
13-06-18 at 14:35:49:956 Номер ФР считан
13-06-18 at 14:35:50:113 СУБД подключена
13-06-18 at 14:35:50:140 Send 05 
13-06-18 at 14:35:50:155 Recived 15 
13-06-18 at 14:35:50:155 Send 06 
13-06-18 at 14:35:50:170 Send 02 17 1E 1E 00 00 00 05 03 00 01 CA 41 D0 D2 CE C9 20 56 49 53 41 2F 4D 43 92 
13-06-18 at 14:35:50:186 Recived 06 02 02 1E 00 1C 
13-06-18 at 14:35:50:201 Send 06 
13-06-18 at 14:35:50:216 Send 05 
13-06-18 at 14:35:50:231 Recived 15 
13-06-18 at 14:35:50:231 Send 06 
13-06-18 at 14:35:50:246 Send 02 18 1E 1E 00 00 00 05 04 00 01 C4 D0 D3 C3 C8 CC C8 20 CA C0 D0 D2 C0 CC C8 3C 
13-06-18 at 14:35:50:262 Recived 06 02 02 1E 00 1C 
13-06-18 at 14:35:50:277 Send 06 
13-06-18 at 14:35:50:292 Send 05 
13-06-18 at 14:35:50:307 Recived 15 
13-06-18 at 14:35:50:307 Send 06 
13-06-18 at 14:35:50:322 Send 02 0A 1E 1E 00 00 00 01 01 00 01 01 0A 
13-06-18 at 14:35:50:337 Recived 06 02 02 1E 00 1C 
13-06-18 at 14:35:50:352 Send 06 
13-06-18 at 14:35:50:367 Send 05 
13-06-18 at 14:35:50:382 Recived 15 
13-06-18 at 14:35:50:382 Send 06 
13-06-18 at 14:35:50:397 Send 02 0A 1E 1E 00 00 00 01 01 00 05 02 0D 
13-06-18 at 14:35:50:412 Recived 06 02 02 1E 00 1C 
13-06-18 at 14:35:50:427 Send 06 
13-06-18 at 14:35:50:442 Send 05 
13-06-18 at 14:35:50:457 Recived 15 
13-06-18 at 14:35:50:457 Send 06 
13-06-18 at 14:35:50:472 Send 02 0A 1E 1E 00 00 00 01 01 00 23 01 28 
13-06-18 at 14:35:50:487 Recived 06 02 02 1E 00 1C 
13-06-18 at 14:35:50:502 Send 06 
13-06-18 at 14:35:50:517 Send 05 
13-06-18 at 14:35:50:532 Recived 15 
13-06-18 at 14:35:50:532 Send 06 
13-06-18 at 14:35:50:547 Send 02 0A 1E 1E 00 00 00 01 01 00 06 00 0C 
13-06-18 at 14:35:50:562 Recived 06 02 02 1E 00 1C 
13-06-18 at 14:35:50:577 Send 06 
13-06-18 at 14:35:50:592 Send 05 
13-06-18 at 14:35:50:607 Recived 15 
13-06-18 at 14:35:50:607 Send 06 
13-06-18 at 14:35:50:622 Send 02 0A 1E 1E 00 00 00 01 01 00 07 01 0C 
13-06-18 at 14:35:50:637 Recived 06 02 02 1E 00 1C 
13-06-18 at 14:35:50:652 Send 06 
13-06-18 at 14:35:50:667 Send 05 
13-06-18 at 14:35:50:682 Recived 15 
13-06-18 at 14:35:50:682 Send 06 
13-06-18 at 14:35:50:697 Send 02 0A 1E 1E 00 00 00 01 01 00 14 01 1F 
13-06-18 at 14:35:50:712 Recived 06 02 02 1E 00 1C 
13-06-18 at 14:35:50:727 Send 06 
13-06-18 at 14:35:50:742 Send 05 
13-06-18 at 14:35:50:757 Recived 15 
13-06-18 at 14:35:50:757 Send 06 
13-06-18 at 14:35:50:772 Send 02 0A 1E 1E 00 00 00 01 01 00 15 01 1E 
13-06-18 at 14:35:50:787 Recived 06 02 02 1E 00 1C 
13-06-18 at 14:35:50:802 Send 06 
13-06-18 at 14:35:50:817 Send 05 
13-06-18 at 14:35:50:832 Recived 15 
13-06-18 at 14:35:50:832 Send 06 
13-06-18 at 14:35:50:847 Send 02 0A 1E 1E 00 00 00 01 01 00 0F 00 05 
13-06-18 at 14:35:50:862 Recived 06 02 02 1E 00 1C 
13-06-18 at 14:35:50:877 Send 06 
13-06-18 at 14:35:50:892 Send 05 
13-06-18 at 14:35:50:907 Recived 15 
13-06-18 at 14:35:50:907 Send 06 
13-06-18 at 14:35:50:922 Send 02 0A 1E 1E 00 00 00 01 01 00 11 00 1B 
13-06-18 at 14:35:50:937 Recived 06 02 02 1E 00 1C 
13-06-18 at 14:35:50:952 Send 06 
13-06-18 at 14:35:50:967 Send 05 
13-06-18 at 14:35:50:982 Recived 15 
13-06-18 at 14:35:50:982 Send 06 
13-06-18 at 14:35:50:997 Send 02 0A 1E 1E 00 00 00 11 01 00 03 02 1B 
13-06-18 at 14:35:51:012 Recived 06 02 02 1E 00 1C 
13-06-18 at 14:35:51:027 Send 06 
13-06-18 at 14:35:51:042 Send 05 
13-06-18 at 14:35:51:057 Recived 15 
13-06-18 at 14:35:51:057 Send 06 
13-06-18 at 14:35:51:072 Send 02 0A 1E 1E 00 00 00 01 01 00 29 01 22 
13-06-18 at 14:35:51:087 Recived 06 02 02 1E 00 1C 
13-06-18 at 14:35:51:102 Send 06 
13-06-18 at 14:35:51:117 Send 05 
13-06-18 at 14:35:51:132 Recived 15 
13-06-18 at 14:35:51:132 Send 06 
13-06-18 at 14:35:51:147 Send 02 26 1E 1E 00 00 00 04 0C 00 01 20 20 20 20 20 20 20 20 20 20 20 C4 CE C1 D0 CE 20 CF CE C6 C0 CB CE C2 C0 D2 DC 21 00 D5 
13-06-18 at 14:35:51:165 Recived 06 02 02 1E 00 1C 
13-06-18 at 14:35:51:180 Send 06 
13-06-18 at 14:35:51:195 Send 05 
13-06-18 at 14:35:51:210 Recived 15 
13-06-18 at 14:35:51:210 Send 06 
13-06-18 at 14:35:51:225 Send 02 29 1E 1E 00 00 00 04 0D 00 01 20 20 20 20 20 20 20 20 CE CE CE 20 CA EE EC EF E0 ED E8 FF 20 27 CA CE CB CE D0 CB CE CD 27 00 CB 
13-06-18 at 14:35:51:243 Recived 06 02 02 1E 00 1C 
13-06-18 at 14:35:51:258 Send 06 
13-06-18 at 14:35:51:273 Send 05 
13-06-18 at 14:35:51:288 Recived 15 
13-06-18 at 14:35:51:288 Send 06 
13-06-18 at 14:35:51:303 Send 02 2D 1E 1E 00 00 00 04 0E 00 01 20 20 20 20 20 CC E0 E3 E0 E7 E8 ED 20 27 C2 F1 E5 20 F2 EE E2 E0 F0 FB 20 E4 EB FF 20 E4 EE EC E0 27 20 00 DE 
13-06-18 at 14:35:51:321 Recived 06 02 02 1E 00 1C 
13-06-18 at 14:35:51:336 Send 06 
13-06-18 at 14:35:51:357 now clear port error ...
13-06-18 at 14:35:51:357 now write to port ...
13-06-18 at 14:35:51:491 ... done
13-06-18 at 14:35:51:531 Send 05 
13-06-18 at 14:35:51:546 Recived 15 
13-06-18 at 14:35:51:546 Send 06 
13-06-18 at 14:35:51:561 Send 02 06 1A 1E 00 00 00 79 7B 
13-06-18 at 14:35:51:576 Recived 06 02 09 1A 00 1E 90 01 00 00 00 00 9C 
13-06-18 at 14:35:51:591 Send 06 
13-06-18 at 14:35:53:675 Cardreader  Антонов Сергей 
13-06-18 at 14:35:53:681 Send 05 
13-06-18 at 14:35:53:697 Recived 15 
13-06-18 at 14:35:53:712 Send 06 
13-06-18 at 14:35:53:727 Send 02 20 1E 1E 00 00 00 02 1E 00 02 CA E0 F1 F1 E8 F0 20 C0 ED F2 EE ED EE E2 20 D1 E5 F0 E3 E5 E9 20 00 D7 
13-06-18 at 14:35:53:745 Recived 06 02 02 1E 00 1C 
13-06-18 at 14:35:53:760 Send 06 
13-06-18 at 14:35:53:764 now clear port error ...
13-06-18 at 14:35:53:764 now write to port ...
13-06-18 at 14:35:53:897 ... done
13-06-18 at 14:35:54:675 Send 05 
13-06-18 at 14:35:54:690 Recived 15 
13-06-18 at 14:35:54:690 Send 06 
13-06-18 at 14:35:54:705 Send 02 06 FF 39 1E 00 00 00 DE 
13-06-18 at 14:35:54:720 Recived 06 02 10 FF 39 00 00 00 00 00 00 00 00 00 00 00 00 00 00 D6 
13-06-18 at 14:35:54:735 Send 06 
13-06-18 at 14:35:57:588 114
13-06-18 at 14:35:57:588 014
13-06-18 at 14:35:57:589 115
13-06-18 at 14:35:57:589 015
13-06-18 at 14:35:57:590 Попытка входа в критическую секцию: дисконт
13-06-18 at 14:35:57:590 total calculated
13-06-18 at 14:35:57:592 now show on display
13-06-18 at 14:35:57:592                     Всего:          7.00
13-06-18 at 14:35:57:592 now clear port error ...
13-06-18 at 14:35:57:592 now write to port ...
13-06-18 at 14:35:57:726 ... done
13-06-18 at 14:35:57:739 now clear port error ...
13-06-18 at 14:35:57:740 now write to port ...
13-06-18 at 14:35:57:898 ... done
13-06-18 at 14:35:57:898 now clear port error ...
13-06-18 at 14:35:57:898 now write to port ...
13-06-18 at 14:35:58:070 ... done
13-06-18 at 14:35:58:071 now clear port error ...
13-06-18 at 14:35:58:072 now write to port ...
13-06-18 at 14:35:58:241 ... done
13-06-18 at 14:36:32:867 total calculated
13-06-18 at 14:36:32:868 now show on display
13-06-18 at 14:36:32:868                     Всего:          7.00
13-06-18 at 14:36:32:869 now clear port error ...
13-06-18 at 14:36:32:869 now write to port ...
13-06-18 at 14:36:33:002 ... done
13-06-18 at 14:36:33:003 total calculated
13-06-18 at 14:36:33:005 now show on display
13-06-18 at 14:36:33:005                     Всего:          7.00
13-06-18 at 14:36:33:005 now clear port error ...
13-06-18 at 14:36:33:006 now write to port ...
13-06-18 at 14:36:33:174 ... done
13-06-18 at 14:36:33:177 111
13-06-18 at 14:36:33:178 Выход из программы
