25-07-18 at 00:00:42:806 Send 05 
25-07-18 at 00:00:42:821 Recived 15 
25-07-18 at 00:00:42:821 Send 06 
25-07-18 at 00:00:42:836 Send 02 06 FF 39 1E 00 00 00 DE 
25-07-18 at 00:00:42:851 Recived 06 02 10 FF 39 00 00 00 00 00 00 00 00 00 00 00 00 00 00 D6 
25-07-18 at 00:00:42:866 Send 06 
25-07-18 at 00:02:44:004 Send 05 
25-07-18 at 00:02:44:019 Recived 15 
25-07-18 at 00:02:44:019 Send 06 
25-07-18 at 00:02:44:034 Send 02 06 FF 39 1E 00 00 00 DE 
25-07-18 at 00:02:44:049 Recived 06 02 10 FF 39 00 00 00 00 00 00 00 00 00 00 00 00 00 00 D6 
25-07-18 at 00:02:44:064 Send 06 
25-07-18 at 00:04:45:201 Send 05 
25-07-18 at 00:04:45:216 Recived 15 
25-07-18 at 00:04:45:216 Send 06 
25-07-18 at 00:04:45:231 Send 02 06 FF 39 1E 00 00 00 DE 
25-07-18 at 00:04:45:246 Recived 06 02 10 FF 39 00 00 00 00 00 00 00 00 00 00 00 00 00 00 D6 
25-07-18 at 00:04:45:261 Send 06 
25-07-18 at 00:06:46:398 Send 05 
25-07-18 at 00:06:46:413 Recived 15 
25-07-18 at 00:06:46:413 Send 06 
25-07-18 at 00:06:46:428 Send 02 06 FF 39 1E 00 00 00 DE 
25-07-18 at 00:06:46:443 Recived 06 02 10 FF 39 00 00 00 00 00 00 00 00 00 00 00 00 00 00 D6 
25-07-18 at 00:06:46:458 Send 06 
25-07-18 at 00:08:47:595 Send 05 
25-07-18 at 00:08:47:610 Recived 15 
25-07-18 at 00:08:47:610 Send 06 
25-07-18 at 00:08:47:625 Send 02 06 FF 39 1E 00 00 00 DE 
25-07-18 at 00:08:47:640 Recived 06 02 10 FF 39 00 00 00 00 00 00 00 00 00 00 00 00 00 00 D6 
25-07-18 at 00:08:47:655 Send 06 
25-07-18 at 00:10:48:792 Send 05 
25-07-18 at 00:10:48:807 Recived 15 
25-07-18 at 00:10:48:807 Send 06 
25-07-18 at 00:10:48:822 Send 02 06 FF 39 1E 00 00 00 DE 
25-07-18 at 00:10:48:837 Recived 06 02 10 FF 39 00 00 00 00 00 00 00 00 00 00 00 00 00 00 D6 
25-07-18 at 00:10:48:852 Send 06 
25-07-18 at 00:12:49:989 Send 05 
25-07-18 at 00:12:50:004 Recived 15 
25-07-18 at 00:12:50:004 Send 06 
25-07-18 at 00:12:50:019 Send 02 06 FF 39 1E 00 00 00 DE 
25-07-18 at 00:12:50:034 Recived 06 02 10 FF 39 00 00 00 00 00 00 00 00 00 00 00 00 00 00 D6 
25-07-18 at 00:12:50:049 Send 06 
25-07-18 at 00:14:51:186 Send 05 
25-07-18 at 00:14:51:201 Recived 15 
25-07-18 at 00:14:51:201 Send 06 
25-07-18 at 00:14:51:216 Send 02 06 FF 39 1E 00 00 00 DE 
25-07-18 at 00:14:51:231 Recived 06 02 10 FF 39 00 00 00 00 00 00 00 00 00 00 00 00 00 00 D6 
25-07-18 at 00:14:51:246 Send 06 
25-07-18 at 00:16:52:383 Send 05 
25-07-18 at 00:16:52:398 Recived 15 
25-07-18 at 00:16:52:398 Send 06 
25-07-18 at 00:16:52:413 Send 02 06 FF 39 1E 00 00 00 DE 
25-07-18 at 00:16:52:428 Recived 06 02 10 FF 39 00 00 00 00 00 00 00 00 00 00 00 00 00 00 D6 
25-07-18 at 00:16:52:443 Send 06 
25-07-18 at 00:18:53:581 Send 05 
25-07-18 at 00:18:53:596 Recived 15 
25-07-18 at 00:18:53:596 Send 06 
25-07-18 at 00:18:53:611 Send 02 06 FF 39 1E 00 00 00 DE 
25-07-18 at 00:18:53:626 Recived 06 02 10 FF 39 00 00 00 00 00 00 00 00 00 00 00 00 00 00 D6 
25-07-18 at 00:18:53:641 Send 06 
25-07-18 at 00:20:54:778 Send 05 
25-07-18 at 00:20:54:793 Recived 15 
25-07-18 at 00:20:54:793 Send 06 
25-07-18 at 00:20:54:808 Send 02 06 FF 39 1E 00 00 00 DE 
25-07-18 at 00:20:54:823 Recived 06 02 10 FF 39 00 00 00 00 00 00 00 00 00 00 00 00 00 00 D6 
25-07-18 at 00:20:54:838 Send 06 
25-07-18 at 00:22:55:975 Send 05 
25-07-18 at 00:22:55:990 Recived 15 
25-07-18 at 00:22:55:990 Send 06 
25-07-18 at 00:22:56:005 Send 02 06 FF 39 1E 00 00 00 DE 
25-07-18 at 00:22:56:020 Recived 06 02 10 FF 39 00 00 00 00 00 00 00 00 00 00 00 00 00 00 D6 
25-07-18 at 00:22:56:035 Send 06 
25-07-18 at 00:24:57:172 Send 05 
25-07-18 at 00:24:57:187 Recived 15 
25-07-18 at 00:24:57:187 Send 06 
25-07-18 at 00:24:57:202 Send 02 06 FF 39 1E 00 00 00 DE 
25-07-18 at 00:24:57:217 Recived 06 02 10 FF 39 00 00 00 00 00 00 00 00 00 00 00 00 00 00 D6 
25-07-18 at 00:24:57:232 Send 06 
25-07-18 at 00:26:58:369 Send 05 
25-07-18 at 00:26:58:384 Recived 15 
25-07-18 at 00:26:58:384 Send 06 
25-07-18 at 00:26:58:399 Send 02 06 FF 39 1E 00 00 00 DE 
25-07-18 at 00:26:58:414 Recived 06 02 10 FF 39 00 00 00 00 00 00 00 00 00 00 00 00 00 00 D6 
25-07-18 at 00:26:58:429 Send 06 
25-07-18 at 00:28:59:566 Send 05 
25-07-18 at 00:28:59:581 Recived 15 
25-07-18 at 00:28:59:581 Send 06 
25-07-18 at 00:28:59:596 Send 02 06 FF 39 1E 00 00 00 DE 
25-07-18 at 00:28:59:611 Recived 06 02 10 FF 39 00 00 00 00 00 00 00 00 00 00 00 00 00 00 D6 
25-07-18 at 00:28:59:626 Send 06 
25-07-18 at 00:31:00:763 Send 05 
25-07-18 at 00:31:00:778 Recived 15 
25-07-18 at 00:31:00:778 Send 06 
25-07-18 at 00:31:00:793 Send 02 06 FF 39 1E 00 00 00 DE 
25-07-18 at 00:31:00:808 Recived 06 02 10 FF 39 00 00 00 00 00 00 00 00 00 00 00 00 00 00 D6 
25-07-18 at 00:31:00:823 Send 06 
25-07-18 at 00:33:01:960 Send 05 
25-07-18 at 00:33:01:975 Recived 15 
25-07-18 at 00:33:01:975 Send 06 
25-07-18 at 00:33:01:990 Send 02 06 FF 39 1E 00 00 00 DE 
25-07-18 at 00:33:02:005 Recived 06 02 10 FF 39 00 00 00 00 00 00 00 00 00 00 00 00 00 00 D6 
25-07-18 at 00:33:02:020 Send 06 
25-07-18 at 00:35:03:158 Send 05 
25-07-18 at 00:35:03:173 Recived 15 
25-07-18 at 00:35:03:173 Send 06 
25-07-18 at 00:35:03:188 Send 02 06 FF 39 1E 00 00 00 DE 
25-07-18 at 00:35:03:203 Recived 06 02 10 FF 39 00 00 00 00 00 00 00 00 00 00 00 00 00 00 D6 
25-07-18 at 00:35:03:218 Send 06 
25-07-18 at 00:37:04:355 Send 05 
25-07-18 at 00:37:04:370 Recived 15 
25-07-18 at 00:37:04:370 Send 06 
25-07-18 at 00:37:04:385 Send 02 06 FF 39 1E 00 00 00 DE 
25-07-18 at 00:37:04:400 Recived 06 02 10 FF 39 00 00 00 00 00 00 00 00 00 00 00 00 00 00 D6 
25-07-18 at 00:37:04:415 Send 06 
25-07-18 at 00:39:05:552 Send 05 
25-07-18 at 00:39:05:567 Recived 15 
25-07-18 at 00:39:05:567 Send 06 
25-07-18 at 00:39:05:582 Send 02 06 FF 39 1E 00 00 00 DE 
25-07-18 at 00:39:05:597 Recived 06 02 10 FF 39 00 00 00 00 00 00 00 00 00 00 00 00 00 00 D6 
25-07-18 at 00:39:05:612 Send 06 
25-07-18 at 00:41:06:749 Send 05 
25-07-18 at 00:41:06:764 Recived 15 
25-07-18 at 00:41:06:764 Send 06 
25-07-18 at 00:41:06:779 Send 02 06 FF 39 1E 00 00 00 DE 
25-07-18 at 00:41:06:794 Recived 06 02 10 FF 39 00 00 00 00 00 00 00 00 00 00 00 00 00 00 D6 
25-07-18 at 00:41:06:809 Send 06 
25-07-18 at 00:43:07:946 Send 05 
25-07-18 at 00:43:07:961 Recived 15 
25-07-18 at 00:43:07:961 Send 06 
25-07-18 at 00:43:07:976 Send 02 06 FF 39 1E 00 00 00 DE 
25-07-18 at 00:43:07:991 Recived 06 02 10 FF 39 00 00 00 00 00 00 00 00 00 00 00 00 00 00 D6 
25-07-18 at 00:43:08:006 Send 06 
25-07-18 at 00:45:09:143 Send 05 
25-07-18 at 00:45:09:158 Recived 15 
25-07-18 at 00:45:09:158 Send 06 
25-07-18 at 00:45:09:173 Send 02 06 FF 39 1E 00 00 00 DE 
25-07-18 at 00:45:09:188 Recived 06 02 10 FF 39 00 00 00 00 00 00 00 00 00 00 00 00 00 00 D6 
25-07-18 at 00:45:09:203 Send 06 
25-07-18 at 00:47:10:340 Send 05 
25-07-18 at 00:47:10:355 Recived 15 
25-07-18 at 00:47:10:355 Send 06 
25-07-18 at 00:47:10:370 Send 02 06 FF 39 1E 00 00 00 DE 
25-07-18 at 00:47:10:385 Recived 06 02 10 FF 39 00 00 00 00 00 00 00 00 00 00 00 00 00 00 D6 
25-07-18 at 00:47:10:400 Send 06 
25-07-18 at 00:49:11:537 Send 05 
25-07-18 at 00:49:11:552 Recived 15 
25-07-18 at 00:49:11:552 Send 06 
25-07-18 at 00:49:11:567 Send 02 06 FF 39 1E 00 00 00 DE 
25-07-18 at 00:49:11:582 Recived 06 02 10 FF 39 00 00 00 00 00 00 00 00 00 00 00 00 00 00 D6 
25-07-18 at 00:49:11:597 Send 06 
25-07-18 at 00:51:12:734 Send 05 
25-07-18 at 00:51:12:749 Recived 15 
25-07-18 at 00:51:12:749 Send 06 
25-07-18 at 00:51:12:764 Send 02 06 FF 39 1E 00 00 00 DE 
25-07-18 at 00:51:12:779 Recived 06 02 10 FF 39 00 00 00 00 00 00 00 00 00 00 00 00 00 00 D6 
25-07-18 at 00:51:12:794 Send 06 
25-07-18 at 00:53:13:932 Send 05 
25-07-18 at 00:53:13:947 Recived 15 
25-07-18 at 00:53:13:947 Send 06 
25-07-18 at 00:53:13:962 Send 02 06 FF 39 1E 00 00 00 DE 
25-07-18 at 00:53:13:977 Recived 06 02 10 FF 39 00 00 00 00 00 00 00 00 00 00 00 00 00 00 D6 
25-07-18 at 00:53:13:992 Send 06 
25-07-18 at 00:55:15:129 Send 05 
25-07-18 at 00:55:15:144 Recived 15 
25-07-18 at 00:55:15:144 Send 06 
25-07-18 at 00:55:15:159 Send 02 06 FF 39 1E 00 00 00 DE 
25-07-18 at 00:55:15:174 Recived 06 02 10 FF 39 00 00 00 00 00 00 00 00 00 00 00 00 00 00 D6 
25-07-18 at 00:55:15:189 Send 06 
25-07-18 at 00:57:16:326 Send 05 
25-07-18 at 00:57:16:341 Recived 15 
25-07-18 at 00:57:16:341 Send 06 
25-07-18 at 00:57:16:356 Send 02 06 FF 39 1E 00 00 00 DE 
25-07-18 at 00:57:16:371 Recived 06 02 10 FF 39 00 00 00 00 00 00 00 00 00 00 00 00 00 00 D6 
25-07-18 at 00:57:16:386 Send 06 
25-07-18 at 00:59:17:523 Send 05 
25-07-18 at 00:59:17:538 Recived 15 
25-07-18 at 00:59:17:538 Send 06 
25-07-18 at 00:59:17:553 Send 02 06 FF 39 1E 00 00 00 DE 
25-07-18 at 00:59:17:568 Recived 06 02 10 FF 39 00 00 00 00 00 00 00 00 00 00 00 00 00 00 D6 
25-07-18 at 00:59:17:583 Send 06 
25-07-18 at 01:01:18:720 Send 05 
25-07-18 at 01:01:18:735 Recived 15 
25-07-18 at 01:01:18:735 Send 06 
25-07-18 at 01:01:18:750 Send 02 06 FF 39 1E 00 00 00 DE 
25-07-18 at 01:01:18:765 Recived 06 02 10 FF 39 00 00 00 00 00 00 00 00 00 00 00 00 00 00 D6 
25-07-18 at 01:01:18:780 Send 06 
25-07-18 at 01:03:19:917 Send 05 
25-07-18 at 01:03:19:932 Recived 15 
25-07-18 at 01:03:19:932 Send 06 
25-07-18 at 01:03:19:947 Send 02 06 FF 39 1E 00 00 00 DE 
25-07-18 at 01:03:19:962 Recived 06 02 10 FF 39 00 00 00 00 00 00 00 00 00 00 00 00 00 00 D6 
25-07-18 at 01:03:19:977 Send 06 
25-07-18 at 01:05:21:114 Send 05 
25-07-18 at 01:05:21:129 Recived 15 
25-07-18 at 01:05:21:129 Send 06 
25-07-18 at 01:05:21:144 Send 02 06 FF 39 1E 00 00 00 DE 
25-07-18 at 01:05:21:159 Recived 06 02 10 FF 39 00 00 00 00 00 00 00 00 00 00 00 00 00 00 D6 
25-07-18 at 01:05:21:174 Send 06 
25-07-18 at 01:07:22:311 Send 05 
25-07-18 at 01:07:22:326 Recived 15 
25-07-18 at 01:07:22:326 Send 06 
25-07-18 at 01:07:22:341 Send 02 06 FF 39 1E 00 00 00 DE 
25-07-18 at 01:07:22:356 Recived 06 02 10 FF 39 00 00 00 00 00 00 00 00 00 00 00 00 00 00 D6 
25-07-18 at 01:07:22:371 Send 06 
25-07-18 at 01:09:23:509 Send 05 
25-07-18 at 01:09:23:524 Recived 15 
25-07-18 at 01:09:23:524 Send 06 
25-07-18 at 01:09:23:539 Send 02 06 FF 39 1E 00 00 00 DE 
25-07-18 at 01:09:23:554 Recived 06 02 10 FF 39 00 00 00 00 00 00 00 00 00 00 00 00 00 00 D6 
25-07-18 at 01:09:23:569 Send 06 
25-07-18 at 01:11:24:706 Send 05 
25-07-18 at 01:11:24:721 Recived 15 
25-07-18 at 01:11:24:721 Send 06 
25-07-18 at 01:11:24:736 Send 02 06 FF 39 1E 00 00 00 DE 
25-07-18 at 01:11:24:751 Recived 06 02 10 FF 39 00 00 00 00 00 00 00 00 00 00 00 00 00 00 D6 
25-07-18 at 01:11:24:766 Send 06 
25-07-18 at 01:13:25:903 Send 05 
25-07-18 at 01:13:25:918 Recived 15 
25-07-18 at 01:13:25:918 Send 06 
25-07-18 at 01:13:25:933 Send 02 06 FF 39 1E 00 00 00 DE 
25-07-18 at 01:13:25:948 Recived 06 02 10 FF 39 00 00 00 00 00 00 00 00 00 00 00 00 00 00 D6 
25-07-18 at 01:13:25:963 Send 06 
25-07-18 at 01:15:27:100 Send 05 
25-07-18 at 01:15:27:115 Recived 15 
25-07-18 at 01:15:27:115 Send 06 
25-07-18 at 01:15:27:130 Send 02 06 FF 39 1E 00 00 00 DE 
25-07-18 at 01:15:27:145 Recived 06 02 10 FF 39 00 00 00 00 00 00 00 00 00 00 00 00 00 00 D6 
25-07-18 at 01:15:27:160 Send 06 
25-07-18 at 01:17:28:297 Send 05 
25-07-18 at 01:17:28:312 Recived 15 
25-07-18 at 01:17:28:312 Send 06 
25-07-18 at 01:17:28:327 Send 02 06 FF 39 1E 00 00 00 DE 
25-07-18 at 01:17:28:342 Recived 06 02 10 FF 39 00 00 00 00 00 00 00 00 00 00 00 00 00 00 D6 
25-07-18 at 01:17:28:357 Send 06 
25-07-18 at 01:19:29:494 Send 05 
25-07-18 at 01:19:29:509 Recived 15 
25-07-18 at 01:19:29:509 Send 06 
25-07-18 at 01:19:29:524 Send 02 06 FF 39 1E 00 00 00 DE 
25-07-18 at 01:19:29:539 Recived 06 02 10 FF 39 00 00 00 00 00 00 00 00 00 00 00 00 00 00 D6 
25-07-18 at 01:19:29:554 Send 06 
25-07-18 at 01:21:30:691 Send 05 
25-07-18 at 01:21:30:706 Recived 15 
25-07-18 at 01:21:30:706 Send 06 
25-07-18 at 01:21:30:721 Send 02 06 FF 39 1E 00 00 00 DE 
25-07-18 at 01:21:30:736 Recived 06 02 10 FF 39 00 00 00 00 00 00 00 00 00 00 00 00 00 00 D6 
25-07-18 at 01:21:30:751 Send 06 
25-07-18 at 01:23:31:888 Send 05 
25-07-18 at 01:23:31:903 Recived 15 
25-07-18 at 01:23:31:903 Send 06 
25-07-18 at 01:23:31:918 Send 02 06 FF 39 1E 00 00 00 DE 
25-07-18 at 01:23:31:933 Recived 06 02 10 FF 39 00 00 00 00 00 00 00 00 00 00 00 00 00 00 D6 
25-07-18 at 01:23:31:948 Send 06 
25-07-18 at 01:25:33:023 Send 05 
25-07-18 at 01:25:33:038 Recived 15 
25-07-18 at 01:25:33:038 Send 06 
25-07-18 at 01:25:33:053 Send 02 06 FF 39 1E 00 00 00 DE 
25-07-18 at 01:25:33:068 Recived 06 02 10 FF 39 00 00 00 00 00 00 00 00 00 00 00 00 00 00 D6 
25-07-18 at 01:25:33:082 Send 06 
25-07-18 at 01:27:33:808 Send 05 
25-07-18 at 01:27:33:823 Recived 15 
25-07-18 at 01:27:33:823 Send 06 
25-07-18 at 01:27:33:838 Send 02 06 FF 39 1E 00 00 00 DE 
25-07-18 at 01:27:33:853 Recived 06 02 10 FF 39 00 00 00 00 00 00 00 00 00 00 00 00 00 00 D6 
25-07-18 at 01:27:33:868 Send 06 
25-07-18 at 01:29:34:593 Send 05 
25-07-18 at 01:29:34:608 Recived 15 
25-07-18 at 01:29:34:608 Send 06 
25-07-18 at 01:29:34:623 Send 02 06 FF 39 1E 00 00 00 DE 
25-07-18 at 01:29:34:638 Recived 06 02 10 FF 39 00 00 00 00 00 00 00 00 00 00 00 00 00 00 D6 
25-07-18 at 01:29:34:653 Send 06 
25-07-18 at 01:31:35:550 Send 05 
25-07-18 at 01:31:35:565 Recived 15 
25-07-18 at 01:31:35:565 Send 06 
25-07-18 at 01:31:35:580 Send 02 06 FF 39 1E 00 00 00 DE 
25-07-18 at 01:31:35:595 Recived 06 02 10 FF 39 00 00 00 00 00 00 00 00 00 00 00 00 00 00 D6 
25-07-18 at 01:31:35:610 Send 06 
25-07-18 at 01:33:36:590 Send 05 
25-07-18 at 01:33:36:605 Recived 15 
25-07-18 at 01:33:36:605 Send 06 
25-07-18 at 01:33:36:620 Send 02 06 FF 39 1E 00 00 00 DE 
25-07-18 at 01:33:36:635 Recived 06 02 10 FF 39 00 00 00 00 00 00 00 00 00 00 00 00 00 00 D6 
25-07-18 at 01:33:36:650 Send 06 
25-07-18 at 01:35:37:649 Send 05 
25-07-18 at 01:35:37:664 Recived 15 
25-07-18 at 01:35:37:664 Send 06 
25-07-18 at 01:35:37:679 Send 02 06 FF 39 1E 00 00 00 DE 
25-07-18 at 01:35:37:694 Recived 06 02 10 FF 39 00 00 00 00 00 00 00 00 00 00 00 00 00 00 D6 
25-07-18 at 01:35:37:709 Send 06 
25-07-18 at 01:37:38:785 Send 05 
25-07-18 at 01:37:38:800 Recived 15 
25-07-18 at 01:37:38:800 Send 06 
25-07-18 at 01:37:38:815 Send 02 06 FF 39 1E 00 00 00 DE 
25-07-18 at 01:37:38:830 Recived 06 02 10 FF 39 00 00 00 00 00 00 00 00 00 00 00 00 00 00 D6 
25-07-18 at 01:37:38:845 Send 06 
25-07-18 at 01:39:39:922 Send 05 
25-07-18 at 01:39:39:937 Recived 15 
25-07-18 at 01:39:39:937 Send 06 
25-07-18 at 01:39:39:952 Send 02 06 FF 39 1E 00 00 00 DE 
25-07-18 at 01:39:39:967 Recived 06 02 10 FF 39 00 00 00 00 00 00 00 00 00 00 00 00 00 00 D6 
25-07-18 at 01:39:39:982 Send 06 
25-07-18 at 01:41:41:085 Send 05 
25-07-18 at 01:41:41:100 Recived 15 
25-07-18 at 01:41:41:100 Send 06 
25-07-18 at 01:41:41:115 Send 02 06 FF 39 1E 00 00 00 DE 
25-07-18 at 01:41:41:130 Recived 06 02 10 FF 39 00 00 00 00 00 00 00 00 00 00 00 00 00 00 D6 
25-07-18 at 01:41:41:145 Send 06 
25-07-18 at 01:43:42:258 Send 05 
25-07-18 at 01:43:42:273 Recived 15 
25-07-18 at 01:43:42:273 Send 06 
25-07-18 at 01:43:42:288 Send 02 06 FF 39 1E 00 00 00 DE 
25-07-18 at 01:43:42:303 Recived 06 02 10 FF 39 00 00 00 00 00 00 00 00 00 00 00 00 00 00 D6 
25-07-18 at 01:43:42:318 Send 06 
25-07-18 at 01:45:43:434 Send 05 
25-07-18 at 01:45:43:449 Recived 15 
25-07-18 at 01:45:43:449 Send 06 
25-07-18 at 01:45:43:464 Send 02 06 FF 39 1E 00 00 00 DE 
25-07-18 at 01:45:43:479 Recived 06 02 10 FF 39 00 00 00 00 00 00 00 00 00 00 00 00 00 00 D6 
25-07-18 at 01:45:43:494 Send 06 
25-07-18 at 01:47:44:619 Send 05 
25-07-18 at 01:47:44:634 Recived 15 
25-07-18 at 01:47:44:634 Send 06 
25-07-18 at 01:47:44:649 Send 02 06 FF 39 1E 00 00 00 DE 
25-07-18 at 01:47:44:664 Recived 06 02 10 FF 39 00 00 00 00 00 00 00 00 00 00 00 00 00 00 D6 
25-07-18 at 01:47:44:679 Send 06 
25-07-18 at 01:49:45:804 Send 05 
25-07-18 at 01:49:45:819 Recived 15 
25-07-18 at 01:49:45:819 Send 06 
25-07-18 at 01:49:45:834 Send 02 06 FF 39 1E 00 00 00 DE 
25-07-18 at 01:49:45:849 Recived 06 02 10 FF 39 00 00 00 00 00 00 00 00 00 00 00 00 00 00 D6 
25-07-18 at 01:49:45:864 Send 06 
25-07-18 at 01:51:46:989 Send 05 
25-07-18 at 01:51:47:004 Recived 15 
25-07-18 at 01:51:47:004 Send 06 
25-07-18 at 01:51:47:019 Send 02 06 FF 39 1E 00 00 00 DE 
25-07-18 at 01:51:47:034 Recived 06 02 10 FF 39 00 00 00 00 00 00 00 00 00 00 00 00 00 00 D6 
25-07-18 at 01:51:47:049 Send 06 
25-07-18 at 01:53:48:174 Send 05 
25-07-18 at 01:53:48:189 Recived 15 
25-07-18 at 01:53:48:189 Send 06 
25-07-18 at 01:53:48:204 Send 02 06 FF 39 1E 00 00 00 DE 
25-07-18 at 01:53:48:219 Recived 06 02 10 FF 39 00 00 00 00 00 00 00 00 00 00 00 00 00 00 D6 
25-07-18 at 01:53:48:234 Send 06 
25-07-18 at 01:55:49:359 Send 05 
25-07-18 at 01:55:49:374 Recived 15 
25-07-18 at 01:55:49:374 Send 06 
25-07-18 at 01:55:49:389 Send 02 06 FF 39 1E 00 00 00 DE 
25-07-18 at 01:55:49:404 Recived 06 02 10 FF 39 00 00 00 00 00 00 00 00 00 00 00 00 00 00 D6 
25-07-18 at 01:55:49:419 Send 06 
25-07-18 at 01:57:50:544 Send 05 
25-07-18 at 01:57:50:559 Recived 15 
25-07-18 at 01:57:50:559 Send 06 
25-07-18 at 01:57:50:574 Send 02 06 FF 39 1E 00 00 00 DE 
25-07-18 at 01:57:50:589 Recived 06 02 10 FF 39 00 00 00 00 00 00 00 00 00 00 00 00 00 00 D6 
25-07-18 at 01:57:50:604 Send 06 
25-07-18 at 01:59:51:729 Send 05 
25-07-18 at 01:59:51:744 Recived 15 
25-07-18 at 01:59:51:744 Send 06 
25-07-18 at 01:59:51:759 Send 02 06 FF 39 1E 00 00 00 DE 
25-07-18 at 01:59:51:774 Recived 06 02 10 FF 39 00 00 00 00 00 00 00 00 00 00 00 00 00 00 D6 
25-07-18 at 01:59:51:789 Send 06 
25-07-18 at 02:01:52:914 Send 05 
25-07-18 at 02:01:52:929 Recived 15 
25-07-18 at 02:01:52:929 Send 06 
25-07-18 at 02:01:52:944 Send 02 06 FF 39 1E 00 00 00 DE 
25-07-18 at 02:01:52:959 Recived 06 02 10 FF 39 00 00 00 00 00 00 00 00 00 00 00 00 00 00 D6 
25-07-18 at 02:01:52:974 Send 06 
25-07-18 at 02:03:54:099 Send 05 
25-07-18 at 02:03:54:114 Recived 15 
25-07-18 at 02:03:54:114 Send 06 
25-07-18 at 02:03:54:129 Send 02 06 FF 39 1E 00 00 00 DE 
25-07-18 at 02:03:54:144 Recived 06 02 10 FF 39 00 00 00 00 00 00 00 00 00 00 00 00 00 00 D6 
25-07-18 at 02:03:54:159 Send 06 
25-07-18 at 02:05:55:284 Send 05 
25-07-18 at 02:05:55:299 Recived 15 
25-07-18 at 02:05:55:299 Send 06 
25-07-18 at 02:05:55:314 Send 02 06 FF 39 1E 00 00 00 DE 
25-07-18 at 02:05:55:329 Recived 06 02 10 FF 39 00 00 00 00 00 00 00 00 00 00 00 00 00 00 D6 
25-07-18 at 02:05:55:344 Send 06 
25-07-18 at 02:07:56:469 Send 05 
25-07-18 at 02:07:56:484 Recived 15 
25-07-18 at 02:07:56:484 Send 06 
25-07-18 at 02:07:56:499 Send 02 06 FF 39 1E 00 00 00 DE 
25-07-18 at 02:07:56:514 Recived 06 02 10 FF 39 00 00 00 00 00 00 00 00 00 00 00 00 00 00 D6 
25-07-18 at 02:07:56:529 Send 06 
25-07-18 at 02:09:57:654 Send 05 
25-07-18 at 02:09:57:669 Recived 15 
25-07-18 at 02:09:57:669 Send 06 
25-07-18 at 02:09:57:684 Send 02 06 FF 39 1E 00 00 00 DE 
25-07-18 at 02:09:57:699 Recived 06 02 10 FF 39 00 00 00 00 00 00 00 00 00 00 00 00 00 00 D6 
25-07-18 at 02:09:57:714 Send 06 
25-07-18 at 02:11:58:854 Send 05 
25-07-18 at 02:11:58:869 Recived 15 
25-07-18 at 02:11:58:869 Send 06 
25-07-18 at 02:11:58:884 Send 02 06 FF 39 1E 00 00 00 DE 
25-07-18 at 02:11:58:899 Recived 06 02 10 FF 39 00 00 00 00 00 00 00 00 00 00 00 00 00 00 D6 
25-07-18 at 02:11:58:914 Send 06 
25-07-18 at 02:14:00:054 Send 05 
25-07-18 at 02:14:00:069 Recived 15 
25-07-18 at 02:14:00:069 Send 06 
25-07-18 at 02:14:00:084 Send 02 06 FF 39 1E 00 00 00 DE 
25-07-18 at 02:14:00:099 Recived 06 02 10 FF 39 00 00 00 00 00 00 00 00 00 00 00 00 00 00 D6 
25-07-18 at 02:14:00:114 Send 06 
25-07-18 at 02:16:01:254 Send 05 
25-07-18 at 02:16:01:269 Recived 15 
25-07-18 at 02:16:01:269 Send 06 
25-07-18 at 02:16:01:284 Send 02 06 FF 39 1E 00 00 00 DE 
25-07-18 at 02:16:01:299 Recived 06 02 10 FF 39 00 00 00 00 00 00 00 00 00 00 00 00 00 00 D6 
25-07-18 at 02:16:01:314 Send 06 
25-07-18 at 02:18:02:439 Send 05 
25-07-18 at 02:18:02:454 Recived 15 
25-07-18 at 02:18:02:454 Send 06 
25-07-18 at 02:18:02:469 Send 02 06 FF 39 1E 00 00 00 DE 
25-07-18 at 02:18:02:484 Recived 06 02 10 FF 39 00 00 00 00 00 00 00 00 00 00 00 00 00 00 D6 
25-07-18 at 02:18:02:499 Send 06 
25-07-18 at 02:20:03:639 Send 05 
25-07-18 at 02:20:03:654 Recived 15 
25-07-18 at 02:20:03:654 Send 06 
25-07-18 at 02:20:03:669 Send 02 06 FF 39 1E 00 00 00 DE 
25-07-18 at 02:20:03:684 Recived 06 02 10 FF 39 00 00 00 00 00 00 00 00 00 00 00 00 00 00 D6 
25-07-18 at 02:20:03:699 Send 06 
25-07-18 at 02:22:04:839 Send 05 
25-07-18 at 02:22:04:854 Recived 15 
25-07-18 at 02:22:04:854 Send 06 
25-07-18 at 02:22:04:869 Send 02 06 FF 39 1E 00 00 00 DE 
25-07-18 at 02:22:04:884 Recived 06 02 10 FF 39 00 00 00 00 00 00 00 00 00 00 00 00 00 00 D6 
25-07-18 at 02:22:04:899 Send 06 
25-07-18 at 02:24:06:039 Send 05 
25-07-18 at 02:24:06:054 Recived 15 
25-07-18 at 02:24:06:054 Send 06 
25-07-18 at 02:24:06:069 Send 02 06 FF 39 1E 00 00 00 DE 
25-07-18 at 02:24:06:084 Recived 06 02 10 FF 39 00 00 00 00 00 00 00 00 00 00 00 00 00 00 D6 
25-07-18 at 02:24:06:099 Send 06 
25-07-18 at 02:26:07:239 Send 05 
25-07-18 at 02:26:07:254 Recived 15 
25-07-18 at 02:26:07:254 Send 06 
25-07-18 at 02:26:07:269 Send 02 06 FF 39 1E 00 00 00 DE 
25-07-18 at 02:26:07:284 Recived 06 02 10 FF 39 00 00 00 00 00 00 00 00 00 00 00 00 00 00 D6 
25-07-18 at 02:26:07:299 Send 06 
25-07-18 at 02:28:08:439 Send 05 
25-07-18 at 02:28:08:454 Recived 15 
25-07-18 at 02:28:08:454 Send 06 
25-07-18 at 02:28:08:469 Send 02 06 FF 39 1E 00 00 00 DE 
25-07-18 at 02:28:08:484 Recived 06 02 10 FF 39 00 00 00 00 00 00 00 00 00 00 00 00 00 00 D6 
25-07-18 at 02:28:08:499 Send 06 
25-07-18 at 02:30:09:639 Send 05 
25-07-18 at 02:30:09:654 Recived 15 
25-07-18 at 02:30:09:654 Send 06 
25-07-18 at 02:30:09:669 Send 02 06 FF 39 1E 00 00 00 DE 
25-07-18 at 02:30:09:684 Recived 06 02 10 FF 39 00 00 00 00 00 00 00 00 00 00 00 00 00 00 D6 
25-07-18 at 02:30:09:699 Send 06 
25-07-18 at 02:32:10:839 Send 05 
25-07-18 at 02:32:10:854 Recived 15 
25-07-18 at 02:32:10:854 Send 06 
25-07-18 at 02:32:10:869 Send 02 06 FF 39 1E 00 00 00 DE 
25-07-18 at 02:32:10:884 Recived 06 02 10 FF 39 00 00 00 00 00 00 00 00 00 00 00 00 00 00 D6 
25-07-18 at 02:32:10:899 Send 06 
25-07-18 at 02:34:12:039 Send 05 
25-07-18 at 02:34:12:054 Recived 15 
25-07-18 at 02:34:12:054 Send 06 
25-07-18 at 02:34:12:069 Send 02 06 FF 39 1E 00 00 00 DE 
25-07-18 at 02:34:12:084 Recived 06 02 10 FF 39 00 00 00 00 00 00 00 00 00 00 00 00 00 00 D6 
25-07-18 at 02:34:12:099 Send 06 
25-07-18 at 02:36:13:239 Send 05 
25-07-18 at 02:36:13:254 Recived 15 
25-07-18 at 02:36:13:254 Send 06 
25-07-18 at 02:36:13:269 Send 02 06 FF 39 1E 00 00 00 DE 
25-07-18 at 02:36:13:284 Recived 06 02 10 FF 39 00 00 00 00 00 00 00 00 00 00 00 00 00 00 D6 
25-07-18 at 02:36:13:299 Send 06 
25-07-18 at 02:38:14:439 Send 05 
25-07-18 at 02:38:14:454 Recived 15 
25-07-18 at 02:38:14:454 Send 06 
25-07-18 at 02:38:14:469 Send 02 06 FF 39 1E 00 00 00 DE 
25-07-18 at 02:38:14:484 Recived 06 02 10 FF 39 00 00 00 00 00 00 00 00 00 00 00 00 00 00 D6 
25-07-18 at 02:38:14:499 Send 06 
25-07-18 at 02:40:15:639 Send 05 
25-07-18 at 02:40:15:654 Recived 15 
25-07-18 at 02:40:15:654 Send 06 
25-07-18 at 02:40:15:669 Send 02 06 FF 39 1E 00 00 00 DE 
25-07-18 at 02:40:15:684 Recived 06 02 10 FF 39 00 00 00 00 00 00 00 00 00 00 00 00 00 00 D6 
25-07-18 at 02:40:15:699 Send 06 
25-07-18 at 02:42:16:839 Send 05 
25-07-18 at 02:42:16:854 Recived 15 
25-07-18 at 02:42:16:854 Send 06 
25-07-18 at 02:42:16:869 Send 02 06 FF 39 1E 00 00 00 DE 
25-07-18 at 02:42:16:884 Recived 06 02 10 FF 39 00 00 00 00 00 00 00 00 00 00 00 00 00 00 D6 
25-07-18 at 02:42:16:899 Send 06 
25-07-18 at 02:44:18:039 Send 05 
25-07-18 at 02:44:18:054 Recived 15 
25-07-18 at 02:44:18:054 Send 06 
25-07-18 at 02:44:18:069 Send 02 06 FF 39 1E 00 00 00 DE 
25-07-18 at 02:44:18:084 Recived 06 02 10 FF 39 00 00 00 00 00 00 00 00 00 00 00 00 00 00 D6 
25-07-18 at 02:44:18:099 Send 06 
25-07-18 at 02:46:19:239 Send 05 
25-07-18 at 02:46:19:254 Recived 15 
25-07-18 at 02:46:19:254 Send 06 
25-07-18 at 02:46:19:269 Send 02 06 FF 39 1E 00 00 00 DE 
25-07-18 at 02:46:19:284 Recived 06 02 10 FF 39 00 00 00 00 00 00 00 00 00 00 00 00 00 00 D6 
25-07-18 at 02:46:19:299 Send 06 
25-07-18 at 02:48:20:439 Send 05 
25-07-18 at 02:48:20:454 Recived 15 
25-07-18 at 02:48:20:454 Send 06 
25-07-18 at 02:48:20:469 Send 02 06 FF 39 1E 00 00 00 DE 
25-07-18 at 02:48:20:484 Recived 06 02 10 FF 39 00 00 00 00 00 00 00 00 00 00 00 00 00 00 D6 
25-07-18 at 02:48:20:499 Send 06 
25-07-18 at 02:50:21:639 Send 05 
25-07-18 at 02:50:21:654 Recived 15 
25-07-18 at 02:50:21:654 Send 06 
25-07-18 at 02:50:21:669 Send 02 06 FF 39 1E 00 00 00 DE 
25-07-18 at 02:50:21:684 Recived 06 02 10 FF 39 00 00 00 00 00 00 00 00 00 00 00 00 00 00 D6 
25-07-18 at 02:50:21:699 Send 06 
25-07-18 at 02:52:22:839 Send 05 
25-07-18 at 02:52:22:854 Recived 15 
25-07-18 at 02:52:22:854 Send 06 
25-07-18 at 02:52:22:869 Send 02 06 FF 39 1E 00 00 00 DE 
25-07-18 at 02:52:22:884 Recived 06 02 10 FF 39 00 00 00 00 00 00 00 00 00 00 00 00 00 00 D6 
25-07-18 at 02:52:22:899 Send 06 
25-07-18 at 02:54:24:039 Send 05 
25-07-18 at 02:54:24:054 Recived 15 
25-07-18 at 02:54:24:054 Send 06 
25-07-18 at 02:54:24:069 Send 02 06 FF 39 1E 00 00 00 DE 
25-07-18 at 02:54:24:084 Recived 06 02 10 FF 39 00 00 00 00 00 00 00 00 00 00 00 00 00 00 D6 
25-07-18 at 02:54:24:099 Send 06 
25-07-18 at 02:56:25:239 Send 05 
25-07-18 at 02:56:25:254 Recived 15 
25-07-18 at 02:56:25:254 Send 06 
25-07-18 at 02:56:25:269 Send 02 06 FF 39 1E 00 00 00 DE 
25-07-18 at 02:56:25:284 Recived 06 02 10 FF 39 00 00 00 00 00 00 00 00 00 00 00 00 00 00 D6 
25-07-18 at 02:56:25:299 Send 06 
25-07-18 at 02:58:26:439 Send 05 
25-07-18 at 02:58:26:454 Recived 15 
25-07-18 at 02:58:26:454 Send 06 
25-07-18 at 02:58:26:469 Send 02 06 FF 39 1E 00 00 00 DE 
25-07-18 at 02:58:26:484 Recived 06 02 10 FF 39 00 00 00 00 00 00 00 00 00 00 00 00 00 00 D6 
25-07-18 at 02:58:26:499 Send 06 
25-07-18 at 03:00:27:639 Send 05 
25-07-18 at 03:00:27:654 Recived 15 
25-07-18 at 03:00:27:654 Send 06 
25-07-18 at 03:00:27:669 Send 02 06 FF 39 1E 00 00 00 DE 
25-07-18 at 03:00:27:684 Recived 06 02 10 FF 39 00 00 00 00 00 00 00 00 00 00 00 00 00 00 D6 
25-07-18 at 03:00:27:699 Send 06 
25-07-18 at 03:02:28:839 Send 05 
25-07-18 at 03:02:28:854 Recived 15 
25-07-18 at 03:02:28:854 Send 06 
25-07-18 at 03:02:28:869 Send 02 06 FF 39 1E 00 00 00 DE 
25-07-18 at 03:02:28:884 Recived 06 02 10 FF 39 00 00 00 00 00 00 00 00 00 00 00 00 00 00 D6 
25-07-18 at 03:02:28:899 Send 06 
25-07-18 at 03:04:30:039 Send 05 
25-07-18 at 03:04:30:054 Recived 15 
25-07-18 at 03:04:30:054 Send 06 
25-07-18 at 03:04:30:069 Send 02 06 FF 39 1E 00 00 00 DE 
25-07-18 at 03:04:30:084 Recived 06 02 10 FF 39 00 00 00 00 00 00 00 00 00 00 00 00 00 00 D6 
25-07-18 at 03:04:30:099 Send 06 
25-07-18 at 03:06:31:239 Send 05 
25-07-18 at 03:06:31:254 Recived 15 
25-07-18 at 03:06:31:254 Send 06 
25-07-18 at 03:06:31:269 Send 02 06 FF 39 1E 00 00 00 DE 
25-07-18 at 03:06:31:284 Recived 06 02 10 FF 39 00 00 00 00 00 00 00 00 00 00 00 00 00 00 D6 
25-07-18 at 03:06:31:299 Send 06 
25-07-18 at 03:08:32:439 Send 05 
25-07-18 at 03:08:32:454 Recived 15 
25-07-18 at 03:08:32:454 Send 06 
25-07-18 at 03:08:32:469 Send 02 06 FF 39 1E 00 00 00 DE 
25-07-18 at 03:08:32:484 Recived 06 02 10 FF 39 00 00 00 00 00 00 00 00 00 00 00 00 00 00 D6 
25-07-18 at 03:08:32:499 Send 06 
25-07-18 at 03:10:33:639 Send 05 
25-07-18 at 03:10:33:654 Recived 15 
25-07-18 at 03:10:33:654 Send 06 
25-07-18 at 03:10:33:669 Send 02 06 FF 39 1E 00 00 00 DE 
25-07-18 at 03:10:33:684 Recived 06 02 10 FF 39 00 00 00 00 00 00 00 00 00 00 00 00 00 00 D6 
25-07-18 at 03:10:33:699 Send 06 
25-07-18 at 03:12:34:839 Send 05 
25-07-18 at 03:12:34:854 Recived 15 
25-07-18 at 03:12:34:854 Send 06 
25-07-18 at 03:12:34:869 Send 02 06 FF 39 1E 00 00 00 DE 
25-07-18 at 03:12:34:884 Recived 06 02 10 FF 39 00 00 00 00 00 00 00 00 00 00 00 00 00 00 D6 
25-07-18 at 03:12:34:899 Send 06 
25-07-18 at 03:14:36:039 Send 05 
25-07-18 at 03:14:36:054 Recived 15 
25-07-18 at 03:14:36:054 Send 06 
25-07-18 at 03:14:36:069 Send 02 06 FF 39 1E 00 00 00 DE 
25-07-18 at 03:14:36:084 Recived 06 02 10 FF 39 00 00 00 00 00 00 00 00 00 00 00 00 00 00 D6 
25-07-18 at 03:14:36:099 Send 06 
25-07-18 at 03:16:37:239 Send 05 
25-07-18 at 03:16:37:254 Recived 15 
25-07-18 at 03:16:37:254 Send 06 
25-07-18 at 03:16:37:269 Send 02 06 FF 39 1E 00 00 00 DE 
25-07-18 at 03:16:37:284 Recived 06 02 10 FF 39 00 00 00 00 00 00 00 00 00 00 00 00 00 00 D6 
25-07-18 at 03:16:37:299 Send 06 
25-07-18 at 03:18:38:439 Send 05 
25-07-18 at 03:18:38:454 Recived 15 
25-07-18 at 03:18:38:454 Send 06 
25-07-18 at 03:18:38:469 Send 02 06 FF 39 1E 00 00 00 DE 
25-07-18 at 03:18:38:484 Recived 06 02 10 FF 39 00 00 00 00 00 00 00 00 00 00 00 00 00 00 D6 
25-07-18 at 03:18:38:499 Send 06 
25-07-18 at 03:20:39:639 Send 05 
25-07-18 at 03:20:39:654 Recived 15 
25-07-18 at 03:20:39:654 Send 06 
25-07-18 at 03:20:39:669 Send 02 06 FF 39 1E 00 00 00 DE 
25-07-18 at 03:20:39:684 Recived 06 02 10 FF 39 00 00 00 00 00 00 00 00 00 00 00 00 00 00 D6 
25-07-18 at 03:20:39:699 Send 06 
25-07-18 at 03:22:40:839 Send 05 
25-07-18 at 03:22:40:854 Recived 15 
25-07-18 at 03:22:40:854 Send 06 
25-07-18 at 03:22:40:869 Send 02 06 FF 39 1E 00 00 00 DE 
25-07-18 at 03:22:40:884 Recived 06 02 10 FF 39 00 00 00 00 00 00 00 00 00 00 00 00 00 00 D6 
25-07-18 at 03:22:40:899 Send 06 
25-07-18 at 03:24:42:039 Send 05 
25-07-18 at 03:24:42:054 Recived 15 
25-07-18 at 03:24:42:054 Send 06 
25-07-18 at 03:24:42:069 Send 02 06 FF 39 1E 00 00 00 DE 
25-07-18 at 03:24:42:084 Recived 06 02 10 FF 39 00 00 00 00 00 00 00 00 00 00 00 00 00 00 D6 
25-07-18 at 03:24:42:099 Send 06 
25-07-18 at 03:26:43:239 Send 05 
25-07-18 at 03:26:43:254 Recived 15 
25-07-18 at 03:26:43:254 Send 06 
25-07-18 at 03:26:43:269 Send 02 06 FF 39 1E 00 00 00 DE 
25-07-18 at 03:26:43:284 Recived 06 02 10 FF 39 00 00 00 00 00 00 00 00 00 00 00 00 00 00 D6 
25-07-18 at 03:26:43:299 Send 06 
25-07-18 at 03:28:44:439 Send 05 
25-07-18 at 03:28:44:454 Recived 15 
25-07-18 at 03:28:44:454 Send 06 
25-07-18 at 03:28:44:469 Send 02 06 FF 39 1E 00 00 00 DE 
25-07-18 at 03:28:44:484 Recived 06 02 10 FF 39 00 00 00 00 00 00 00 00 00 00 00 00 00 00 D6 
25-07-18 at 03:28:44:499 Send 06 
25-07-18 at 03:30:45:639 Send 05 
25-07-18 at 03:30:45:654 Recived 15 
25-07-18 at 03:30:45:654 Send 06 
25-07-18 at 03:30:45:669 Send 02 06 FF 39 1E 00 00 00 DE 
25-07-18 at 03:30:45:684 Recived 06 02 10 FF 39 00 00 00 00 00 00 00 00 00 00 00 00 00 00 D6 
25-07-18 at 03:30:45:699 Send 06 
25-07-18 at 03:32:46:839 Send 05 
25-07-18 at 03:32:46:854 Recived 15 
25-07-18 at 03:32:46:854 Send 06 
25-07-18 at 03:32:46:869 Send 02 06 FF 39 1E 00 00 00 DE 
25-07-18 at 03:32:46:884 Recived 06 02 10 FF 39 00 00 00 00 00 00 00 00 00 00 00 00 00 00 D6 
25-07-18 at 03:32:46:899 Send 06 
25-07-18 at 03:34:48:039 Send 05 
25-07-18 at 03:34:48:054 Recived 15 
25-07-18 at 03:34:48:054 Send 06 
25-07-18 at 03:34:48:069 Send 02 06 FF 39 1E 00 00 00 DE 
25-07-18 at 03:34:48:084 Recived 06 02 10 FF 39 00 00 00 00 00 00 00 00 00 00 00 00 00 00 D6 
25-07-18 at 03:34:48:099 Send 06 
25-07-18 at 03:36:49:239 Send 05 
25-07-18 at 03:36:49:254 Recived 15 
25-07-18 at 03:36:49:254 Send 06 
25-07-18 at 03:36:49:269 Send 02 06 FF 39 1E 00 00 00 DE 
25-07-18 at 03:36:49:284 Recived 06 02 10 FF 39 00 00 00 00 00 00 00 00 00 00 00 00 00 00 D6 
25-07-18 at 03:36:49:299 Send 06 
25-07-18 at 03:38:50:439 Send 05 
25-07-18 at 03:38:50:454 Recived 15 
25-07-18 at 03:38:50:454 Send 06 
25-07-18 at 03:38:50:469 Send 02 06 FF 39 1E 00 00 00 DE 
25-07-18 at 03:38:50:484 Recived 06 02 10 FF 39 00 00 00 00 00 00 00 00 00 00 00 00 00 00 D6 
25-07-18 at 03:38:50:499 Send 06 
25-07-18 at 03:40:51:639 Send 05 
25-07-18 at 03:40:51:654 Recived 15 
25-07-18 at 03:40:51:654 Send 06 
25-07-18 at 03:40:51:669 Send 02 06 FF 39 1E 00 00 00 DE 
25-07-18 at 03:40:51:684 Recived 06 02 10 FF 39 00 00 00 00 00 00 00 00 00 00 00 00 00 00 D6 
25-07-18 at 03:40:51:699 Send 06 
25-07-18 at 03:42:52:839 Send 05 
25-07-18 at 03:42:52:854 Recived 15 
25-07-18 at 03:42:52:854 Send 06 
25-07-18 at 03:42:52:869 Send 02 06 FF 39 1E 00 00 00 DE 
25-07-18 at 03:42:52:884 Recived 06 02 10 FF 39 00 00 00 00 00 00 00 00 00 00 00 00 00 00 D6 
25-07-18 at 03:42:52:899 Send 06 
25-07-18 at 03:44:54:039 Send 05 
25-07-18 at 03:44:54:054 Recived 15 
25-07-18 at 03:44:54:054 Send 06 
25-07-18 at 03:44:54:069 Send 02 06 FF 39 1E 00 00 00 DE 
25-07-18 at 03:44:54:084 Recived 06 02 10 FF 39 00 00 00 00 00 00 00 00 00 00 00 00 00 00 D6 
25-07-18 at 03:44:54:099 Send 06 
25-07-18 at 03:46:55:239 Send 05 
25-07-18 at 03:46:55:254 Recived 15 
25-07-18 at 03:46:55:254 Send 06 
25-07-18 at 03:46:55:269 Send 02 06 FF 39 1E 00 00 00 DE 
25-07-18 at 03:46:55:284 Recived 06 02 10 FF 39 00 00 00 00 00 00 00 00 00 00 00 00 00 00 D6 
25-07-18 at 03:46:55:299 Send 06 
25-07-18 at 03:48:56:439 Send 05 
25-07-18 at 03:48:56:454 Recived 15 
25-07-18 at 03:48:56:454 Send 06 
25-07-18 at 03:48:56:469 Send 02 06 FF 39 1E 00 00 00 DE 
25-07-18 at 03:48:56:484 Recived 06 02 10 FF 39 00 00 00 00 00 00 00 00 00 00 00 00 00 00 D6 
25-07-18 at 03:48:56:499 Send 06 
25-07-18 at 03:50:57:639 Send 05 
25-07-18 at 03:50:57:654 Recived 15 
25-07-18 at 03:50:57:654 Send 06 
25-07-18 at 03:50:57:669 Send 02 06 FF 39 1E 00 00 00 DE 
25-07-18 at 03:50:57:684 Recived 06 02 10 FF 39 00 00 00 00 00 00 00 00 00 00 00 00 00 00 D6 
25-07-18 at 03:50:57:699 Send 06 
25-07-18 at 03:52:58:839 Send 05 
25-07-18 at 03:52:58:854 Recived 15 
25-07-18 at 03:52:58:854 Send 06 
25-07-18 at 03:52:58:869 Send 02 06 FF 39 1E 00 00 00 DE 
25-07-18 at 03:52:58:884 Recived 06 02 10 FF 39 00 00 00 00 00 00 00 00 00 00 00 00 00 00 D6 
25-07-18 at 03:52:58:899 Send 06 
25-07-18 at 03:55:00:039 Send 05 
25-07-18 at 03:55:00:054 Recived 15 
25-07-18 at 03:55:00:054 Send 06 
25-07-18 at 03:55:00:069 Send 02 06 FF 39 1E 00 00 00 DE 
25-07-18 at 03:55:00:084 Recived 06 02 10 FF 39 00 00 00 00 00 00 00 00 00 00 00 00 00 00 D6 
25-07-18 at 03:55:00:099 Send 06 
25-07-18 at 03:57:01:239 Send 05 
25-07-18 at 03:57:01:254 Recived 15 
25-07-18 at 03:57:01:254 Send 06 
25-07-18 at 03:57:01:269 Send 02 06 FF 39 1E 00 00 00 DE 
25-07-18 at 03:57:01:284 Recived 06 02 10 FF 39 00 00 00 00 00 00 00 00 00 00 00 00 00 00 D6 
25-07-18 at 03:57:01:299 Send 06 
25-07-18 at 03:59:02:439 Send 05 
25-07-18 at 03:59:02:454 Recived 15 
25-07-18 at 03:59:02:454 Send 06 
25-07-18 at 03:59:02:469 Send 02 06 FF 39 1E 00 00 00 DE 
25-07-18 at 03:59:02:484 Recived 06 02 10 FF 39 00 00 00 00 00 00 00 00 00 00 00 00 00 00 D6 
25-07-18 at 03:59:02:499 Send 06 
25-07-18 at 04:01:03:639 Send 05 
25-07-18 at 04:01:03:654 Recived 15 
25-07-18 at 04:01:03:654 Send 06 
25-07-18 at 04:01:03:669 Send 02 06 FF 39 1E 00 00 00 DE 
25-07-18 at 04:01:03:684 Recived 06 02 10 FF 39 00 00 00 00 00 00 00 00 00 00 00 00 00 00 D6 
25-07-18 at 04:01:03:699 Send 06 
25-07-18 at 04:03:04:839 Send 05 
25-07-18 at 04:03:04:854 Recived 15 
25-07-18 at 04:03:04:854 Send 06 
25-07-18 at 04:03:04:869 Send 02 06 FF 39 1E 00 00 00 DE 
25-07-18 at 04:03:04:884 Recived 06 02 10 FF 39 00 00 00 00 00 00 00 00 00 00 00 00 00 00 D6 
25-07-18 at 04:03:04:899 Send 06 
25-07-18 at 04:05:06:039 Send 05 
25-07-18 at 04:05:06:054 Recived 15 
25-07-18 at 04:05:06:054 Send 06 
25-07-18 at 04:05:06:069 Send 02 06 FF 39 1E 00 00 00 DE 
25-07-18 at 04:05:06:084 Recived 06 02 10 FF 39 00 00 00 00 00 00 00 00 00 00 00 00 00 00 D6 
25-07-18 at 04:05:06:099 Send 06 
25-07-18 at 04:07:07:239 Send 05 
25-07-18 at 04:07:07:254 Recived 15 
25-07-18 at 04:07:07:254 Send 06 
25-07-18 at 04:07:07:269 Send 02 06 FF 39 1E 00 00 00 DE 
25-07-18 at 04:07:07:284 Recived 06 02 10 FF 39 00 00 00 00 00 00 00 00 00 00 00 00 00 00 D6 
25-07-18 at 04:07:07:299 Send 06 
25-07-18 at 04:09:08:439 Send 05 
25-07-18 at 04:09:08:454 Recived 15 
25-07-18 at 04:09:08:454 Send 06 
25-07-18 at 04:09:08:469 Send 02 06 FF 39 1E 00 00 00 DE 
25-07-18 at 04:09:08:484 Recived 06 02 10 FF 39 00 00 00 00 00 00 00 00 00 00 00 00 00 00 D6 
25-07-18 at 04:09:08:499 Send 06 
25-07-18 at 04:11:09:639 Send 05 
25-07-18 at 04:11:09:654 Recived 15 
25-07-18 at 04:11:09:654 Send 06 
25-07-18 at 04:11:09:669 Send 02 06 FF 39 1E 00 00 00 DE 
25-07-18 at 04:11:09:684 Recived 06 02 10 FF 39 00 00 00 00 00 00 00 00 00 00 00 00 00 00 D6 
25-07-18 at 04:11:09:699 Send 06 
25-07-18 at 04:13:10:839 Send 05 
25-07-18 at 04:13:10:854 Recived 15 
25-07-18 at 04:13:10:854 Send 06 
25-07-18 at 04:13:10:869 Send 02 06 FF 39 1E 00 00 00 DE 
25-07-18 at 04:13:10:884 Recived 06 02 10 FF 39 00 00 00 00 00 00 00 00 00 00 00 00 00 00 D6 
25-07-18 at 04:13:10:899 Send 06 
25-07-18 at 04:15:12:039 Send 05 
25-07-18 at 04:15:12:054 Recived 15 
25-07-18 at 04:15:12:054 Send 06 
25-07-18 at 04:15:12:069 Send 02 06 FF 39 1E 00 00 00 DE 
25-07-18 at 04:15:12:084 Recived 06 02 10 FF 39 00 00 00 00 00 00 00 00 00 00 00 00 00 00 D6 
25-07-18 at 04:15:12:099 Send 06 
25-07-18 at 04:17:13:239 Send 05 
25-07-18 at 04:17:13:254 Recived 15 
25-07-18 at 04:17:13:254 Send 06 
25-07-18 at 04:17:13:269 Send 02 06 FF 39 1E 00 00 00 DE 
25-07-18 at 04:17:13:284 Recived 06 02 10 FF 39 00 00 00 00 00 00 00 00 00 00 00 00 00 00 D6 
25-07-18 at 04:17:13:299 Send 06 
25-07-18 at 04:19:14:439 Send 05 
25-07-18 at 04:19:14:454 Recived 15 
25-07-18 at 04:19:14:454 Send 06 
25-07-18 at 04:19:14:469 Send 02 06 FF 39 1E 00 00 00 DE 
25-07-18 at 04:19:14:484 Recived 06 02 10 FF 39 00 00 00 00 00 00 00 00 00 00 00 00 00 00 D6 
25-07-18 at 04:19:14:499 Send 06 
25-07-18 at 04:21:15:624 Send 05 
25-07-18 at 04:21:15:639 Recived 15 
25-07-18 at 04:21:15:639 Send 06 
25-07-18 at 04:21:15:654 Send 02 06 FF 39 1E 00 00 00 DE 
25-07-18 at 04:21:15:669 Recived 06 02 10 FF 39 00 00 00 00 00 00 00 00 00 00 00 00 00 00 D6 
25-07-18 at 04:21:15:684 Send 06 
25-07-18 at 04:23:16:824 Send 05 
25-07-18 at 04:23:16:839 Recived 15 
25-07-18 at 04:23:16:839 Send 06 
25-07-18 at 04:23:16:854 Send 02 06 FF 39 1E 00 00 00 DE 
25-07-18 at 04:23:16:869 Recived 06 02 10 FF 39 00 00 00 00 00 00 00 00 00 00 00 00 00 00 D6 
25-07-18 at 04:23:16:884 Send 06 
25-07-18 at 04:25:18:024 Send 05 
25-07-18 at 04:25:18:039 Recived 15 
25-07-18 at 04:25:18:039 Send 06 
25-07-18 at 04:25:18:054 Send 02 06 FF 39 1E 00 00 00 DE 
25-07-18 at 04:25:18:069 Recived 06 02 10 FF 39 00 00 00 00 00 00 00 00 00 00 00 00 00 00 D6 
25-07-18 at 04:25:18:084 Send 06 
25-07-18 at 04:27:19:224 Send 05 
25-07-18 at 04:27:19:239 Recived 15 
25-07-18 at 04:27:19:239 Send 06 
25-07-18 at 04:27:19:254 Send 02 06 FF 39 1E 00 00 00 DE 
25-07-18 at 04:27:19:269 Recived 06 02 10 FF 39 00 00 00 00 00 00 00 00 00 00 00 00 00 00 D6 
25-07-18 at 04:27:19:284 Send 06 
25-07-18 at 04:29:20:424 Send 05 
25-07-18 at 04:29:20:439 Recived 15 
25-07-18 at 04:29:20:439 Send 06 
25-07-18 at 04:29:20:454 Send 02 06 FF 39 1E 00 00 00 DE 
25-07-18 at 04:29:20:469 Recived 06 02 10 FF 39 00 00 00 00 00 00 00 00 00 00 00 00 00 00 D6 
25-07-18 at 04:29:20:484 Send 06 
25-07-18 at 04:31:21:624 Send 05 
25-07-18 at 04:31:21:639 Recived 15 
25-07-18 at 04:31:21:639 Send 06 
25-07-18 at 04:31:21:654 Send 02 06 FF 39 1E 00 00 00 DE 
25-07-18 at 04:31:21:669 Recived 06 02 10 FF 39 00 00 00 00 00 00 00 00 00 00 00 00 00 00 D6 
25-07-18 at 04:31:21:684 Send 06 
25-07-18 at 04:33:22:824 Send 05 
25-07-18 at 04:33:22:839 Recived 15 
25-07-18 at 04:33:22:839 Send 06 
25-07-18 at 04:33:22:854 Send 02 06 FF 39 1E 00 00 00 DE 
25-07-18 at 04:33:22:869 Recived 06 02 10 FF 39 00 00 00 00 00 00 00 00 00 00 00 00 00 00 D6 
25-07-18 at 04:33:22:884 Send 06 
25-07-18 at 04:35:24:024 Send 05 
25-07-18 at 04:35:24:039 Recived 15 
25-07-18 at 04:35:24:039 Send 06 
25-07-18 at 04:35:24:054 Send 02 06 FF 39 1E 00 00 00 DE 
25-07-18 at 04:35:24:069 Recived 06 02 10 FF 39 00 00 00 00 00 00 00 00 00 00 00 00 00 00 D6 
25-07-18 at 04:35:24:084 Send 06 
25-07-18 at 04:37:25:224 Send 05 
25-07-18 at 04:37:25:239 Recived 15 
25-07-18 at 04:37:25:239 Send 06 
25-07-18 at 04:37:25:254 Send 02 06 FF 39 1E 00 00 00 DE 
25-07-18 at 04:37:25:269 Recived 06 02 10 FF 39 00 00 00 00 00 00 00 00 00 00 00 00 00 00 D6 
25-07-18 at 04:37:25:284 Send 06 
25-07-18 at 04:39:26:424 Send 05 
25-07-18 at 04:39:26:439 Recived 15 
25-07-18 at 04:39:26:439 Send 06 
25-07-18 at 04:39:26:454 Send 02 06 FF 39 1E 00 00 00 DE 
25-07-18 at 04:39:26:469 Recived 06 02 10 FF 39 00 00 00 00 00 00 00 00 00 00 00 00 00 00 D6 
25-07-18 at 04:39:26:484 Send 06 
25-07-18 at 04:41:27:624 Send 05 
25-07-18 at 04:41:27:639 Recived 15 
25-07-18 at 04:41:27:639 Send 06 
25-07-18 at 04:41:27:654 Send 02 06 FF 39 1E 00 00 00 DE 
25-07-18 at 04:41:27:669 Recived 06 02 10 FF 39 00 00 00 00 00 00 00 00 00 00 00 00 00 00 D6 
25-07-18 at 04:41:27:684 Send 06 
25-07-18 at 04:43:28:824 Send 05 
25-07-18 at 04:43:28:839 Recived 15 
25-07-18 at 04:43:28:839 Send 06 
25-07-18 at 04:43:28:854 Send 02 06 FF 39 1E 00 00 00 DE 
25-07-18 at 04:43:28:869 Recived 06 02 10 FF 39 00 00 00 00 00 00 00 00 00 00 00 00 00 00 D6 
25-07-18 at 04:43:28:884 Send 06 
25-07-18 at 04:45:30:024 Send 05 
25-07-18 at 04:45:30:039 Recived 15 
25-07-18 at 04:45:30:039 Send 06 
25-07-18 at 04:45:30:054 Send 02 06 FF 39 1E 00 00 00 DE 
25-07-18 at 04:45:30:069 Recived 06 02 10 FF 39 00 00 00 00 00 00 00 00 00 00 00 00 00 00 D6 
25-07-18 at 04:45:30:084 Send 06 
25-07-18 at 04:47:31:224 Send 05 
25-07-18 at 04:47:31:239 Recived 15 
25-07-18 at 04:47:31:239 Send 06 
25-07-18 at 04:47:31:254 Send 02 06 FF 39 1E 00 00 00 DE 
25-07-18 at 04:47:31:269 Recived 06 02 10 FF 39 00 00 00 00 00 00 00 00 00 00 00 00 00 00 D6 
25-07-18 at 04:47:31:284 Send 06 
25-07-18 at 04:49:32:424 Send 05 
25-07-18 at 04:49:32:439 Recived 15 
25-07-18 at 04:49:32:439 Send 06 
25-07-18 at 04:49:32:454 Send 02 06 FF 39 1E 00 00 00 DE 
25-07-18 at 04:49:32:469 Recived 06 02 10 FF 39 00 00 00 00 00 00 00 00 00 00 00 00 00 00 D6 
25-07-18 at 04:49:32:484 Send 06 
25-07-18 at 04:51:33:624 Send 05 
25-07-18 at 04:51:33:639 Recived 15 
25-07-18 at 04:51:33:639 Send 06 
25-07-18 at 04:51:33:654 Send 02 06 FF 39 1E 00 00 00 DE 
25-07-18 at 04:51:33:669 Recived 06 02 10 FF 39 00 00 00 00 00 00 00 00 00 00 00 00 00 00 D6 
25-07-18 at 04:51:33:684 Send 06 
25-07-18 at 04:53:34:824 Send 05 
25-07-18 at 04:53:34:839 Recived 15 
25-07-18 at 04:53:34:839 Send 06 
25-07-18 at 04:53:34:854 Send 02 06 FF 39 1E 00 00 00 DE 
25-07-18 at 04:53:34:869 Recived 06 02 10 FF 39 00 00 00 00 00 00 00 00 00 00 00 00 00 00 D6 
25-07-18 at 04:53:34:884 Send 06 
25-07-18 at 04:55:36:024 Send 05 
25-07-18 at 04:55:36:039 Recived 15 
25-07-18 at 04:55:36:039 Send 06 
25-07-18 at 04:55:36:054 Send 02 06 FF 39 1E 00 00 00 DE 
25-07-18 at 04:55:36:069 Recived 06 02 10 FF 39 00 00 00 00 00 00 00 00 00 00 00 00 00 00 D6 
25-07-18 at 04:55:36:084 Send 06 
25-07-18 at 04:57:37:224 Send 05 
25-07-18 at 04:57:37:239 Recived 15 
25-07-18 at 04:57:37:239 Send 06 
25-07-18 at 04:57:37:254 Send 02 06 FF 39 1E 00 00 00 DE 
25-07-18 at 04:57:37:269 Recived 06 02 10 FF 39 00 00 00 00 00 00 00 00 00 00 00 00 00 00 D6 
25-07-18 at 04:57:37:284 Send 06 
25-07-18 at 04:59:38:424 Send 05 
25-07-18 at 04:59:38:439 Recived 15 
25-07-18 at 04:59:38:439 Send 06 
25-07-18 at 04:59:38:454 Send 02 06 FF 39 1E 00 00 00 DE 
25-07-18 at 04:59:38:469 Recived 06 02 10 FF 39 00 00 00 00 00 00 00 00 00 00 00 00 00 00 D6 
25-07-18 at 04:59:38:484 Send 06 
25-07-18 at 05:01:39:624 Send 05 
25-07-18 at 05:01:39:639 Recived 15 
25-07-18 at 05:01:39:639 Send 06 
25-07-18 at 05:01:39:654 Send 02 06 FF 39 1E 00 00 00 DE 
25-07-18 at 05:01:39:669 Recived 06 02 10 FF 39 00 00 00 00 00 00 00 00 00 00 00 00 00 00 D6 
25-07-18 at 05:01:39:684 Send 06 
25-07-18 at 05:03:40:824 Send 05 
25-07-18 at 05:03:40:839 Recived 15 
25-07-18 at 05:03:40:839 Send 06 
25-07-18 at 05:03:40:854 Send 02 06 FF 39 1E 00 00 00 DE 
25-07-18 at 05:03:40:869 Recived 06 02 10 FF 39 00 00 00 00 00 00 00 00 00 00 00 00 00 00 D6 
25-07-18 at 05:03:40:884 Send 06 
25-07-18 at 05:05:42:024 Send 05 
25-07-18 at 05:05:42:039 Recived 15 
25-07-18 at 05:05:42:039 Send 06 
25-07-18 at 05:05:42:054 Send 02 06 FF 39 1E 00 00 00 DE 
25-07-18 at 05:05:42:069 Recived 06 02 10 FF 39 00 00 00 00 00 00 00 00 00 00 00 00 00 00 D6 
25-07-18 at 05:05:42:084 Send 06 
25-07-18 at 05:07:43:224 Send 05 
25-07-18 at 05:07:43:239 Recived 15 
25-07-18 at 05:07:43:239 Send 06 
25-07-18 at 05:07:43:254 Send 02 06 FF 39 1E 00 00 00 DE 
25-07-18 at 05:07:43:269 Recived 06 02 10 FF 39 00 00 00 00 00 00 00 00 00 00 00 00 00 00 D6 
25-07-18 at 05:07:43:284 Send 06 
25-07-18 at 05:09:44:424 Send 05 
25-07-18 at 05:09:44:439 Recived 15 
25-07-18 at 05:09:44:439 Send 06 
25-07-18 at 05:09:44:454 Send 02 06 FF 39 1E 00 00 00 DE 
25-07-18 at 05:09:44:469 Recived 06 02 10 FF 39 00 00 00 00 00 00 00 00 00 00 00 00 00 00 D6 
25-07-18 at 05:09:44:484 Send 06 
25-07-18 at 05:11:45:624 Send 05 
25-07-18 at 05:11:45:639 Recived 15 
25-07-18 at 05:11:45:639 Send 06 
25-07-18 at 05:11:45:654 Send 02 06 FF 39 1E 00 00 00 DE 
25-07-18 at 05:11:45:669 Recived 06 02 10 FF 39 00 00 00 00 00 00 00 00 00 00 00 00 00 00 D6 
25-07-18 at 05:11:45:684 Send 06 
25-07-18 at 05:13:46:824 Send 05 
25-07-18 at 05:13:46:839 Recived 15 
25-07-18 at 05:13:46:839 Send 06 
25-07-18 at 05:13:46:854 Send 02 06 FF 39 1E 00 00 00 DE 
25-07-18 at 05:13:46:869 Recived 06 02 10 FF 39 00 00 00 00 00 00 00 00 00 00 00 00 00 00 D6 
25-07-18 at 05:13:46:884 Send 06 
25-07-18 at 05:15:48:024 Send 05 
25-07-18 at 05:15:48:039 Recived 15 
25-07-18 at 05:15:48:039 Send 06 
25-07-18 at 05:15:48:054 Send 02 06 FF 39 1E 00 00 00 DE 
25-07-18 at 05:15:48:069 Recived 06 02 10 FF 39 00 00 00 00 00 00 00 00 00 00 00 00 00 00 D6 
25-07-18 at 05:15:48:084 Send 06 
25-07-18 at 05:17:49:224 Send 05 
25-07-18 at 05:17:49:239 Recived 15 
25-07-18 at 05:17:49:239 Send 06 
25-07-18 at 05:17:49:254 Send 02 06 FF 39 1E 00 00 00 DE 
25-07-18 at 05:17:49:269 Recived 06 02 10 FF 39 00 00 00 00 00 00 00 00 00 00 00 00 00 00 D6 
25-07-18 at 05:17:49:284 Send 06 
25-07-18 at 05:19:50:424 Send 05 
25-07-18 at 05:19:50:439 Recived 15 
25-07-18 at 05:19:50:439 Send 06 
25-07-18 at 05:19:50:454 Send 02 06 FF 39 1E 00 00 00 DE 
25-07-18 at 05:19:50:469 Recived 06 02 10 FF 39 00 00 00 00 00 00 00 00 00 00 00 00 00 00 D6 
25-07-18 at 05:19:50:484 Send 06 
25-07-18 at 05:21:51:624 Send 05 
25-07-18 at 05:21:51:639 Recived 15 
25-07-18 at 05:21:51:639 Send 06 
25-07-18 at 05:21:51:654 Send 02 06 FF 39 1E 00 00 00 DE 
25-07-18 at 05:21:51:669 Recived 06 02 10 FF 39 00 00 00 00 00 00 00 00 00 00 00 00 00 00 D6 
25-07-18 at 05:21:51:684 Send 06 
25-07-18 at 05:23:52:824 Send 05 
25-07-18 at 05:23:52:839 Recived 15 
25-07-18 at 05:23:52:839 Send 06 
25-07-18 at 05:23:52:854 Send 02 06 FF 39 1E 00 00 00 DE 
25-07-18 at 05:23:52:869 Recived 06 02 10 FF 39 00 00 00 00 00 00 00 00 00 00 00 00 00 00 D6 
25-07-18 at 05:23:52:884 Send 06 
25-07-18 at 05:25:54:024 Send 05 
25-07-18 at 05:25:54:039 Recived 15 
25-07-18 at 05:25:54:039 Send 06 
25-07-18 at 05:25:54:054 Send 02 06 FF 39 1E 00 00 00 DE 
25-07-18 at 05:25:54:069 Recived 06 02 10 FF 39 00 00 00 00 00 00 00 00 00 00 00 00 00 00 D6 
25-07-18 at 05:25:54:084 Send 06 
25-07-18 at 05:27:55:224 Send 05 
25-07-18 at 05:27:55:239 Recived 15 
25-07-18 at 05:27:55:239 Send 06 
25-07-18 at 05:27:55:254 Send 02 06 FF 39 1E 00 00 00 DE 
25-07-18 at 05:27:55:269 Recived 06 02 10 FF 39 00 00 00 00 00 00 00 00 00 00 00 00 00 00 D6 
25-07-18 at 05:27:55:284 Send 06 
25-07-18 at 05:29:56:424 Send 05 
25-07-18 at 05:29:56:439 Recived 15 
25-07-18 at 05:29:56:439 Send 06 
25-07-18 at 05:29:56:454 Send 02 06 FF 39 1E 00 00 00 DE 
25-07-18 at 05:29:56:469 Recived 06 02 10 FF 39 00 00 00 00 00 00 00 00 00 00 00 00 00 00 D6 
25-07-18 at 05:29:56:484 Send 06 
25-07-18 at 05:31:57:624 Send 05 
25-07-18 at 05:31:57:639 Recived 15 
25-07-18 at 05:31:57:639 Send 06 
25-07-18 at 05:31:57:654 Send 02 06 FF 39 1E 00 00 00 DE 
25-07-18 at 05:31:57:669 Recived 06 02 10 FF 39 00 00 00 00 00 00 00 00 00 00 00 00 00 00 D6 
25-07-18 at 05:31:57:684 Send 06 
25-07-18 at 05:33:58:824 Send 05 
25-07-18 at 05:33:58:839 Recived 15 
25-07-18 at 05:33:58:839 Send 06 
25-07-18 at 05:33:58:854 Send 02 06 FF 39 1E 00 00 00 DE 
25-07-18 at 05:33:58:869 Recived 06 02 10 FF 39 00 00 00 00 00 00 00 00 00 00 00 00 00 00 D6 
25-07-18 at 05:33:58:884 Send 06 
25-07-18 at 05:36:00:024 Send 05 
25-07-18 at 05:36:00:039 Recived 15 
25-07-18 at 05:36:00:039 Send 06 
25-07-18 at 05:36:00:054 Send 02 06 FF 39 1E 00 00 00 DE 
25-07-18 at 05:36:00:069 Recived 06 02 10 FF 39 00 00 00 00 00 00 00 00 00 00 00 00 00 00 D6 
25-07-18 at 05:36:00:084 Send 06 
25-07-18 at 05:38:01:224 Send 05 
25-07-18 at 05:38:01:239 Recived 15 
25-07-18 at 05:38:01:239 Send 06 
25-07-18 at 05:38:01:254 Send 02 06 FF 39 1E 00 00 00 DE 
25-07-18 at 05:38:01:269 Recived 06 02 10 FF 39 00 00 00 00 00 00 00 00 00 00 00 00 00 00 D6 
25-07-18 at 05:38:01:284 Send 06 
25-07-18 at 05:40:02:424 Send 05 
25-07-18 at 05:40:02:439 Recived 15 
25-07-18 at 05:40:02:439 Send 06 
25-07-18 at 05:40:02:454 Send 02 06 FF 39 1E 00 00 00 DE 
25-07-18 at 05:40:02:469 Recived 06 02 10 FF 39 00 00 00 00 00 00 00 00 00 00 00 00 00 00 D6 
25-07-18 at 05:40:02:484 Send 06 
25-07-18 at 05:42:03:624 Send 05 
25-07-18 at 05:42:03:639 Recived 15 
25-07-18 at 05:42:03:639 Send 06 
25-07-18 at 05:42:03:654 Send 02 06 FF 39 1E 00 00 00 DE 
25-07-18 at 05:42:03:669 Recived 06 02 10 FF 39 00 00 00 00 00 00 00 00 00 00 00 00 00 00 D6 
25-07-18 at 05:42:03:684 Send 06 
25-07-18 at 05:44:04:824 Send 05 
25-07-18 at 05:44:04:839 Recived 15 
25-07-18 at 05:44:04:839 Send 06 
25-07-18 at 05:44:04:854 Send 02 06 FF 39 1E 00 00 00 DE 
25-07-18 at 05:44:04:869 Recived 06 02 10 FF 39 00 00 00 00 00 00 00 00 00 00 00 00 00 00 D6 
25-07-18 at 05:44:04:884 Send 06 
25-07-18 at 05:46:06:024 Send 05 
25-07-18 at 05:46:06:039 Recived 15 
25-07-18 at 05:46:06:039 Send 06 
25-07-18 at 05:46:06:054 Send 02 06 FF 39 1E 00 00 00 DE 
25-07-18 at 05:46:06:069 Recived 06 02 10 FF 39 00 00 00 00 00 00 00 00 00 00 00 00 00 00 D6 
25-07-18 at 05:46:06:084 Send 06 
25-07-18 at 05:48:07:224 Send 05 
25-07-18 at 05:48:07:239 Recived 15 
25-07-18 at 05:48:07:239 Send 06 
25-07-18 at 05:48:07:254 Send 02 06 FF 39 1E 00 00 00 DE 
25-07-18 at 05:48:07:269 Recived 06 02 10 FF 39 00 00 00 00 00 00 00 00 00 00 00 00 00 00 D6 
25-07-18 at 05:48:07:284 Send 06 
25-07-18 at 05:50:08:424 Send 05 
25-07-18 at 05:50:08:439 Recived 15 
25-07-18 at 05:50:08:439 Send 06 
25-07-18 at 05:50:08:454 Send 02 06 FF 39 1E 00 00 00 DE 
25-07-18 at 05:50:08:469 Recived 06 02 10 FF 39 00 00 00 00 00 00 00 00 00 00 00 00 00 00 D6 
25-07-18 at 05:50:08:484 Send 06 
25-07-18 at 05:52:09:624 Send 05 
25-07-18 at 05:52:09:639 Recived 15 
25-07-18 at 05:52:09:639 Send 06 
25-07-18 at 05:52:09:654 Send 02 06 FF 39 1E 00 00 00 DE 
25-07-18 at 05:52:09:669 Recived 06 02 10 FF 39 00 00 00 00 00 00 00 00 00 00 00 00 00 00 D6 
25-07-18 at 05:52:09:684 Send 06 
25-07-18 at 05:54:10:824 Send 05 
25-07-18 at 05:54:10:839 Recived 15 
25-07-18 at 05:54:10:839 Send 06 
25-07-18 at 05:54:10:854 Send 02 06 FF 39 1E 00 00 00 DE 
25-07-18 at 05:54:10:869 Recived 06 02 10 FF 39 00 00 00 00 00 00 00 00 00 00 00 00 00 00 D6 
25-07-18 at 05:54:10:884 Send 06 
25-07-18 at 05:56:12:024 Send 05 
25-07-18 at 05:56:12:039 Recived 15 
25-07-18 at 05:56:12:039 Send 06 
25-07-18 at 05:56:12:054 Send 02 06 FF 39 1E 00 00 00 DE 
25-07-18 at 05:56:12:069 Recived 06 02 10 FF 39 00 00 00 00 00 00 00 00 00 00 00 00 00 00 D6 
25-07-18 at 05:56:12:084 Send 06 
25-07-18 at 05:58:13:224 Send 05 
25-07-18 at 05:58:13:239 Recived 15 
25-07-18 at 05:58:13:239 Send 06 
25-07-18 at 05:58:13:254 Send 02 06 FF 39 1E 00 00 00 DE 
25-07-18 at 05:58:13:269 Recived 06 02 10 FF 39 00 00 00 00 00 00 00 00 00 00 00 00 00 00 D6 
25-07-18 at 05:58:13:284 Send 06 
25-07-18 at 06:00:14:424 Send 05 
25-07-18 at 06:00:14:439 Recived 15 
25-07-18 at 06:00:14:439 Send 06 
25-07-18 at 06:00:14:454 Send 02 06 FF 39 1E 00 00 00 DE 
25-07-18 at 06:00:14:469 Recived 06 02 10 FF 39 00 00 00 00 00 00 00 00 00 00 00 00 00 00 D6 
25-07-18 at 06:00:14:484 Send 06 
25-07-18 at 06:02:15:624 Send 05 
25-07-18 at 06:02:15:639 Recived 15 
25-07-18 at 06:02:15:639 Send 06 
25-07-18 at 06:02:15:654 Send 02 06 FF 39 1E 00 00 00 DE 
25-07-18 at 06:02:15:669 Recived 06 02 10 FF 39 00 00 00 00 00 00 00 00 00 00 00 00 00 00 D6 
25-07-18 at 06:02:15:684 Send 06 
25-07-18 at 06:04:16:824 Send 05 
25-07-18 at 06:04:16:839 Recived 15 
25-07-18 at 06:04:16:839 Send 06 
25-07-18 at 06:04:16:854 Send 02 06 FF 39 1E 00 00 00 DE 
25-07-18 at 06:04:16:869 Recived 06 02 10 FF 39 00 00 00 00 00 00 00 00 00 00 00 00 00 00 D6 
25-07-18 at 06:04:16:884 Send 06 
25-07-18 at 06:06:18:024 Send 05 
25-07-18 at 06:06:18:039 Recived 15 
25-07-18 at 06:06:18:039 Send 06 
25-07-18 at 06:06:18:054 Send 02 06 FF 39 1E 00 00 00 DE 
25-07-18 at 06:06:18:069 Recived 06 02 10 FF 39 00 00 00 00 00 00 00 00 00 00 00 00 00 00 D6 
25-07-18 at 06:06:18:084 Send 06 
25-07-18 at 06:08:19:224 Send 05 
25-07-18 at 06:08:19:239 Recived 15 
25-07-18 at 06:08:19:239 Send 06 
25-07-18 at 06:08:19:254 Send 02 06 FF 39 1E 00 00 00 DE 
25-07-18 at 06:08:19:269 Recived 06 02 10 FF 39 00 00 00 00 00 00 00 00 00 00 00 00 00 00 D6 
25-07-18 at 06:08:19:284 Send 06 
25-07-18 at 06:10:20:424 Send 05 
25-07-18 at 06:10:20:439 Recived 15 
25-07-18 at 06:10:20:439 Send 06 
25-07-18 at 06:10:20:454 Send 02 06 FF 39 1E 00 00 00 DE 
25-07-18 at 06:10:20:469 Recived 06 02 10 FF 39 00 00 00 00 00 00 00 00 00 00 00 00 00 00 D6 
25-07-18 at 06:10:20:484 Send 06 
25-07-18 at 06:12:21:624 Send 05 
25-07-18 at 06:12:21:639 Recived 15 
25-07-18 at 06:12:21:639 Send 06 
25-07-18 at 06:12:21:654 Send 02 06 FF 39 1E 00 00 00 DE 
25-07-18 at 06:12:21:669 Recived 06 02 10 FF 39 00 00 00 00 00 00 00 00 00 00 00 00 00 00 D6 
25-07-18 at 06:12:21:684 Send 06 
25-07-18 at 06:14:22:824 Send 05 
25-07-18 at 06:14:22:839 Recived 15 
25-07-18 at 06:14:22:839 Send 06 
25-07-18 at 06:14:22:854 Send 02 06 FF 39 1E 00 00 00 DE 
25-07-18 at 06:14:22:869 Recived 06 02 10 FF 39 00 00 00 00 00 00 00 00 00 00 00 00 00 00 D6 
25-07-18 at 06:14:22:884 Send 06 
25-07-18 at 06:16:24:024 Send 05 
25-07-18 at 06:16:24:039 Recived 15 
25-07-18 at 06:16:24:039 Send 06 
25-07-18 at 06:16:24:054 Send 02 06 FF 39 1E 00 00 00 DE 
25-07-18 at 06:16:24:069 Recived 06 02 10 FF 39 00 00 00 00 00 00 00 00 00 00 00 00 00 00 D6 
25-07-18 at 06:16:24:084 Send 06 
25-07-18 at 06:18:25:224 Send 05 
25-07-18 at 06:18:25:239 Recived 15 
25-07-18 at 06:18:25:239 Send 06 
25-07-18 at 06:18:25:254 Send 02 06 FF 39 1E 00 00 00 DE 
25-07-18 at 06:18:25:269 Recived 06 02 10 FF 39 00 00 00 00 00 00 00 00 00 00 00 00 00 00 D6 
25-07-18 at 06:18:25:284 Send 06 
25-07-18 at 06:20:26:424 Send 05 
25-07-18 at 06:20:26:439 Recived 15 
25-07-18 at 06:20:26:439 Send 06 
25-07-18 at 06:20:26:454 Send 02 06 FF 39 1E 00 00 00 DE 
25-07-18 at 06:20:26:469 Recived 06 02 10 FF 39 00 00 00 00 00 00 00 00 00 00 00 00 00 00 D6 
25-07-18 at 06:20:26:484 Send 06 
25-07-18 at 06:22:27:624 Send 05 
25-07-18 at 06:22:27:639 Recived 15 
25-07-18 at 06:22:27:639 Send 06 
25-07-18 at 06:22:27:654 Send 02 06 FF 39 1E 00 00 00 DE 
25-07-18 at 06:22:27:669 Recived 06 02 10 FF 39 00 00 00 00 00 00 00 00 00 00 00 00 00 00 D6 
25-07-18 at 06:22:27:684 Send 06 
25-07-18 at 06:24:28:824 Send 05 
25-07-18 at 06:24:28:839 Recived 15 
25-07-18 at 06:24:28:839 Send 06 
25-07-18 at 06:24:28:854 Send 02 06 FF 39 1E 00 00 00 DE 
25-07-18 at 06:24:28:869 Recived 06 02 10 FF 39 00 00 00 00 00 00 00 00 00 00 00 00 00 00 D6 
25-07-18 at 06:24:28:884 Send 06 
25-07-18 at 06:26:30:024 Send 05 
25-07-18 at 06:26:30:039 Recived 15 
25-07-18 at 06:26:30:039 Send 06 
25-07-18 at 06:26:30:054 Send 02 06 FF 39 1E 00 00 00 DE 
25-07-18 at 06:26:30:069 Recived 06 02 10 FF 39 00 00 00 00 00 00 00 00 00 00 00 00 00 00 D6 
25-07-18 at 06:26:30:084 Send 06 
25-07-18 at 06:28:31:224 Send 05 
25-07-18 at 06:28:31:239 Recived 15 
25-07-18 at 06:28:31:239 Send 06 
25-07-18 at 06:28:31:254 Send 02 06 FF 39 1E 00 00 00 DE 
25-07-18 at 06:28:31:269 Recived 06 02 10 FF 39 00 00 00 00 00 00 00 00 00 00 00 00 00 00 D6 
25-07-18 at 06:28:31:284 Send 06 
25-07-18 at 06:30:32:424 Send 05 
25-07-18 at 06:30:32:439 Recived 15 
25-07-18 at 06:30:32:439 Send 06 
25-07-18 at 06:30:32:454 Send 02 06 FF 39 1E 00 00 00 DE 
25-07-18 at 06:30:32:469 Recived 06 02 10 FF 39 00 00 00 00 00 00 00 00 00 00 00 00 00 00 D6 
25-07-18 at 06:30:32:484 Send 06 
25-07-18 at 06:32:33:624 Send 05 
25-07-18 at 06:32:33:639 Recived 15 
25-07-18 at 06:32:33:639 Send 06 
25-07-18 at 06:32:33:654 Send 02 06 FF 39 1E 00 00 00 DE 
25-07-18 at 06:32:33:669 Recived 06 02 10 FF 39 00 00 00 00 00 00 00 00 00 00 00 00 00 00 D6 
25-07-18 at 06:32:33:684 Send 06 
25-07-18 at 06:34:34:824 Send 05 
25-07-18 at 06:34:34:839 Recived 15 
25-07-18 at 06:34:34:839 Send 06 
25-07-18 at 06:34:34:854 Send 02 06 FF 39 1E 00 00 00 DE 
25-07-18 at 06:34:34:869 Recived 06 02 10 FF 39 00 00 00 00 00 00 00 00 00 00 00 00 00 00 D6 
25-07-18 at 06:34:34:884 Send 06 
25-07-18 at 06:36:36:024 Send 05 
25-07-18 at 06:36:36:039 Recived 15 
25-07-18 at 06:36:36:039 Send 06 
25-07-18 at 06:36:36:054 Send 02 06 FF 39 1E 00 00 00 DE 
25-07-18 at 06:36:36:069 Recived 06 02 10 FF 39 00 00 00 00 00 00 00 00 00 00 00 00 00 00 D6 
25-07-18 at 06:36:36:084 Send 06 
25-07-18 at 06:38:37:224 Send 05 
25-07-18 at 06:38:37:239 Recived 15 
25-07-18 at 06:38:37:239 Send 06 
25-07-18 at 06:38:37:254 Send 02 06 FF 39 1E 00 00 00 DE 
25-07-18 at 06:38:37:269 Recived 06 02 10 FF 39 00 00 00 00 00 00 00 00 00 00 00 00 00 00 D6 
25-07-18 at 06:38:37:284 Send 06 
25-07-18 at 06:40:38:424 Send 05 
25-07-18 at 06:40:38:439 Recived 15 
25-07-18 at 06:40:38:439 Send 06 
25-07-18 at 06:40:38:454 Send 02 06 FF 39 1E 00 00 00 DE 
25-07-18 at 06:40:38:469 Recived 06 02 10 FF 39 00 00 00 00 00 00 00 00 00 00 00 00 00 00 D6 
25-07-18 at 06:40:38:484 Send 06 
25-07-18 at 06:42:39:624 Send 05 
25-07-18 at 06:42:39:639 Recived 15 
25-07-18 at 06:42:39:639 Send 06 
25-07-18 at 06:42:39:654 Send 02 06 FF 39 1E 00 00 00 DE 
25-07-18 at 06:42:39:669 Recived 06 02 10 FF 39 00 00 00 00 00 00 00 00 00 00 00 00 00 00 D6 
25-07-18 at 06:42:39:684 Send 06 
25-07-18 at 06:44:40:824 Send 05 
25-07-18 at 06:44:40:839 Recived 15 
25-07-18 at 06:44:40:839 Send 06 
25-07-18 at 06:44:40:854 Send 02 06 FF 39 1E 00 00 00 DE 
25-07-18 at 06:44:40:869 Recived 06 02 10 FF 39 00 00 00 00 00 00 00 00 00 00 00 00 00 00 D6 
25-07-18 at 06:44:40:884 Send 06 
25-07-18 at 06:46:42:024 Send 05 
25-07-18 at 06:46:42:039 Recived 15 
25-07-18 at 06:46:42:039 Send 06 
25-07-18 at 06:46:42:054 Send 02 06 FF 39 1E 00 00 00 DE 
25-07-18 at 06:46:42:069 Recived 06 02 10 FF 39 00 00 00 00 00 00 00 00 00 00 00 00 00 00 D6 
25-07-18 at 06:46:42:084 Send 06 
25-07-18 at 06:48:43:224 Send 05 
25-07-18 at 06:48:43:239 Recived 15 
25-07-18 at 06:48:43:239 Send 06 
25-07-18 at 06:48:43:254 Send 02 06 FF 39 1E 00 00 00 DE 
25-07-18 at 06:48:43:269 Recived 06 02 10 FF 39 00 00 00 00 00 00 00 00 00 00 00 00 00 00 D6 
25-07-18 at 06:48:43:284 Send 06 
25-07-18 at 06:50:44:424 Send 05 
25-07-18 at 06:50:44:439 Recived 15 
25-07-18 at 06:50:44:439 Send 06 
25-07-18 at 06:50:44:454 Send 02 06 FF 39 1E 00 00 00 DE 
25-07-18 at 06:50:44:469 Recived 06 02 10 FF 39 00 00 00 00 00 00 00 00 00 00 00 00 00 00 D6 
25-07-18 at 06:50:44:484 Send 06 
25-07-18 at 06:52:45:624 Send 05 
25-07-18 at 06:52:45:639 Recived 15 
25-07-18 at 06:52:45:639 Send 06 
25-07-18 at 06:52:45:654 Send 02 06 FF 39 1E 00 00 00 DE 
25-07-18 at 06:52:45:669 Recived 06 02 10 FF 39 00 00 00 00 00 00 00 00 00 00 00 00 00 00 D6 
25-07-18 at 06:52:45:684 Send 06 
25-07-18 at 06:54:46:824 Send 05 
25-07-18 at 06:54:46:839 Recived 15 
25-07-18 at 06:54:46:839 Send 06 
25-07-18 at 06:54:46:854 Send 02 06 FF 39 1E 00 00 00 DE 
25-07-18 at 06:54:46:869 Recived 06 02 10 FF 39 00 00 00 00 00 00 00 00 00 00 00 00 00 00 D6 
25-07-18 at 06:54:46:884 Send 06 
25-07-18 at 06:56:48:024 Send 05 
25-07-18 at 06:56:48:039 Recived 15 
25-07-18 at 06:56:48:039 Send 06 
25-07-18 at 06:56:48:054 Send 02 06 FF 39 1E 00 00 00 DE 
25-07-18 at 06:56:48:069 Recived 06 02 10 FF 39 00 00 00 00 00 00 00 00 00 00 00 00 00 00 D6 
25-07-18 at 06:56:48:084 Send 06 
25-07-18 at 06:58:49:224 Send 05 
25-07-18 at 06:58:49:239 Recived 15 
25-07-18 at 06:58:49:239 Send 06 
25-07-18 at 06:58:49:254 Send 02 06 FF 39 1E 00 00 00 DE 
25-07-18 at 06:58:49:269 Recived 06 02 10 FF 39 00 00 00 00 00 00 00 00 00 00 00 00 00 00 D6 
25-07-18 at 06:58:49:284 Send 06 
25-07-18 at 07:00:50:424 Send 05 
25-07-18 at 07:00:50:439 Recived 15 
25-07-18 at 07:00:50:439 Send 06 
25-07-18 at 07:00:50:454 Send 02 06 FF 39 1E 00 00 00 DE 
25-07-18 at 07:00:50:469 Recived 06 02 10 FF 39 00 00 00 00 00 00 00 00 00 00 00 00 00 00 D6 
25-07-18 at 07:00:50:484 Send 06 
25-07-18 at 07:02:51:624 Send 05 
25-07-18 at 07:02:51:639 Recived 15 
25-07-18 at 07:02:51:639 Send 06 
25-07-18 at 07:02:51:654 Send 02 06 FF 39 1E 00 00 00 DE 
25-07-18 at 07:02:51:669 Recived 06 02 10 FF 39 00 00 00 00 00 00 00 00 00 00 00 00 00 00 D6 
25-07-18 at 07:02:51:684 Send 06 
25-07-18 at 07:04:52:824 Send 05 
25-07-18 at 07:04:52:839 Recived 15 
25-07-18 at 07:04:52:839 Send 06 
25-07-18 at 07:04:52:854 Send 02 06 FF 39 1E 00 00 00 DE 
25-07-18 at 07:04:52:869 Recived 06 02 10 FF 39 00 00 00 00 00 00 00 00 00 00 00 00 00 00 D6 
25-07-18 at 07:04:52:884 Send 06 
25-07-18 at 07:06:54:024 Send 05 
25-07-18 at 07:06:54:039 Recived 15 
25-07-18 at 07:06:54:039 Send 06 
25-07-18 at 07:06:54:054 Send 02 06 FF 39 1E 00 00 00 DE 
25-07-18 at 07:06:54:069 Recived 06 02 10 FF 39 00 00 00 00 00 00 00 00 00 00 00 00 00 00 D6 
25-07-18 at 07:06:54:084 Send 06 
25-07-18 at 07:08:55:224 Send 05 
25-07-18 at 07:08:55:239 Recived 15 
25-07-18 at 07:08:55:239 Send 06 
25-07-18 at 07:08:55:254 Send 02 06 FF 39 1E 00 00 00 DE 
25-07-18 at 07:08:55:269 Recived 06 02 10 FF 39 00 00 00 00 00 00 00 00 00 00 00 00 00 00 D6 
25-07-18 at 07:08:55:284 Send 06 
25-07-18 at 07:10:56:424 Send 05 
25-07-18 at 07:10:56:439 Recived 15 
25-07-18 at 07:10:56:439 Send 06 
25-07-18 at 07:10:56:454 Send 02 06 FF 39 1E 00 00 00 DE 
25-07-18 at 07:10:56:469 Recived 06 02 10 FF 39 00 00 00 00 00 00 00 00 00 00 00 00 00 00 D6 
25-07-18 at 07:10:56:484 Send 06 
25-07-18 at 07:12:57:624 Send 05 
25-07-18 at 07:12:57:639 Recived 15 
25-07-18 at 07:12:57:639 Send 06 
25-07-18 at 07:12:57:654 Send 02 06 FF 39 1E 00 00 00 DE 
25-07-18 at 07:12:57:669 Recived 06 02 10 FF 39 00 00 00 00 00 00 00 00 00 00 00 00 00 00 D6 
25-07-18 at 07:12:57:684 Send 06 
25-07-18 at 07:14:58:824 Send 05 
25-07-18 at 07:14:58:839 Recived 15 
25-07-18 at 07:14:58:839 Send 06 
25-07-18 at 07:14:58:854 Send 02 06 FF 39 1E 00 00 00 DE 
25-07-18 at 07:14:58:869 Recived 06 02 10 FF 39 00 00 00 00 00 00 00 00 00 00 00 00 00 00 D6 
25-07-18 at 07:14:58:884 Send 06 
25-07-18 at 07:17:00:024 Send 05 
25-07-18 at 07:17:00:039 Recived 15 
25-07-18 at 07:17:00:039 Send 06 
25-07-18 at 07:17:00:054 Send 02 06 FF 39 1E 00 00 00 DE 
25-07-18 at 07:17:00:069 Recived 06 02 10 FF 39 00 00 00 00 00 00 00 00 00 00 00 00 00 00 D6 
25-07-18 at 07:17:00:084 Send 06 
25-07-18 at 07:19:01:224 Send 05 
25-07-18 at 07:19:01:239 Recived 15 
25-07-18 at 07:19:01:239 Send 06 
25-07-18 at 07:19:01:254 Send 02 06 FF 39 1E 00 00 00 DE 
25-07-18 at 07:19:01:269 Recived 06 02 10 FF 39 00 00 00 00 00 00 00 00 00 00 00 00 00 00 D6 
25-07-18 at 07:19:01:284 Send 06 
25-07-18 at 07:21:02:424 Send 05 
25-07-18 at 07:21:02:439 Recived 15 
25-07-18 at 07:21:02:439 Send 06 
25-07-18 at 07:21:02:454 Send 02 06 FF 39 1E 00 00 00 DE 
25-07-18 at 07:21:02:469 Recived 06 02 10 FF 39 00 00 00 00 00 00 00 00 00 00 00 00 00 00 D6 
25-07-18 at 07:21:02:484 Send 06 
25-07-18 at 07:23:03:624 Send 05 
25-07-18 at 07:23:03:639 Recived 15 
25-07-18 at 07:23:03:639 Send 06 
25-07-18 at 07:23:03:654 Send 02 06 FF 39 1E 00 00 00 DE 
25-07-18 at 07:23:03:669 Recived 06 02 10 FF 39 00 00 00 00 00 00 00 00 00 00 00 00 00 00 D6 
25-07-18 at 07:23:03:684 Send 06 
25-07-18 at 07:25:04:824 Send 05 
25-07-18 at 07:25:04:839 Recived 15 
25-07-18 at 07:25:04:839 Send 06 
25-07-18 at 07:25:04:854 Send 02 06 FF 39 1E 00 00 00 DE 
25-07-18 at 07:25:04:869 Recived 06 02 10 FF 39 00 00 00 00 00 00 00 00 00 00 00 00 00 00 D6 
25-07-18 at 07:25:04:884 Send 06 
25-07-18 at 07:27:06:024 Send 05 
25-07-18 at 07:27:06:039 Recived 15 
25-07-18 at 07:27:06:039 Send 06 
25-07-18 at 07:27:06:054 Send 02 06 FF 39 1E 00 00 00 DE 
25-07-18 at 07:27:06:069 Recived 06 02 10 FF 39 00 00 00 00 00 00 00 00 00 00 00 00 00 00 D6 
25-07-18 at 07:27:06:084 Send 06 
25-07-18 at 07:29:07:209 Send 05 
25-07-18 at 07:29:07:224 Recived 15 
25-07-18 at 07:29:07:224 Send 06 
25-07-18 at 07:29:07:239 Send 02 06 FF 39 1E 00 00 00 DE 
25-07-18 at 07:29:07:254 Recived 06 02 10 FF 39 00 00 00 00 00 00 00 00 00 00 00 00 00 00 D6 
25-07-18 at 07:29:07:269 Send 06 
25-07-18 at 07:31:08:409 Send 05 
25-07-18 at 07:31:08:424 Recived 15 
25-07-18 at 07:31:08:424 Send 06 
25-07-18 at 07:31:08:439 Send 02 06 FF 39 1E 00 00 00 DE 
25-07-18 at 07:31:08:454 Recived 06 02 10 FF 39 00 00 00 00 00 00 00 00 00 00 00 00 00 00 D6 
25-07-18 at 07:31:08:469 Send 06 
25-07-18 at 07:33:09:609 Send 05 
25-07-18 at 07:33:09:624 Recived 15 
25-07-18 at 07:33:09:624 Send 06 
25-07-18 at 07:33:09:639 Send 02 06 FF 39 1E 00 00 00 DE 
25-07-18 at 07:33:09:654 Recived 06 02 10 FF 39 00 00 00 00 00 00 00 00 00 00 00 00 00 00 D6 
25-07-18 at 07:33:09:669 Send 06 
25-07-18 at 07:35:10:809 Send 05 
25-07-18 at 07:35:10:824 Recived 15 
25-07-18 at 07:35:10:824 Send 06 
25-07-18 at 07:35:10:839 Send 02 06 FF 39 1E 00 00 00 DE 
25-07-18 at 07:35:10:854 Recived 06 02 10 FF 39 00 00 00 00 00 00 00 00 00 00 00 00 00 00 D6 
25-07-18 at 07:35:10:869 Send 06 
25-07-18 at 07:37:12:009 Send 05 
25-07-18 at 07:37:12:024 Recived 15 
25-07-18 at 07:37:12:024 Send 06 
25-07-18 at 07:37:12:039 Send 02 06 FF 39 1E 00 00 00 DE 
25-07-18 at 07:37:12:054 Recived 06 02 10 FF 39 00 00 00 00 00 00 00 00 00 00 00 00 00 00 D6 
25-07-18 at 07:37:12:069 Send 06 
25-07-18 at 07:39:13:209 Send 05 
25-07-18 at 07:39:13:224 Recived 15 
25-07-18 at 07:39:13:224 Send 06 
25-07-18 at 07:39:13:239 Send 02 06 FF 39 1E 00 00 00 DE 
25-07-18 at 07:39:13:254 Recived 06 02 10 FF 39 00 00 00 00 00 00 00 00 00 00 00 00 00 00 D6 
25-07-18 at 07:39:13:269 Send 06 
25-07-18 at 07:41:14:409 Send 05 
25-07-18 at 07:41:14:424 Recived 15 
25-07-18 at 07:41:14:424 Send 06 
25-07-18 at 07:41:14:439 Send 02 06 FF 39 1E 00 00 00 DE 
25-07-18 at 07:41:14:454 Recived 06 02 10 FF 39 00 00 00 00 00 00 00 00 00 00 00 00 00 00 D6 
25-07-18 at 07:41:14:469 Send 06 
25-07-18 at 07:43:15:609 Send 05 
25-07-18 at 07:43:15:624 Recived 15 
25-07-18 at 07:43:15:624 Send 06 
25-07-18 at 07:43:15:639 Send 02 06 FF 39 1E 00 00 00 DE 
25-07-18 at 07:43:15:654 Recived 06 02 10 FF 39 00 00 00 00 00 00 00 00 00 00 00 00 00 00 D6 
25-07-18 at 07:43:15:669 Send 06 
25-07-18 at 07:45:16:809 Send 05 
25-07-18 at 07:45:16:824 Recived 15 
25-07-18 at 07:45:16:824 Send 06 
25-07-18 at 07:45:16:839 Send 02 06 FF 39 1E 00 00 00 DE 
25-07-18 at 07:45:16:854 Recived 06 02 10 FF 39 00 00 00 00 00 00 00 00 00 00 00 00 00 00 D6 
25-07-18 at 07:45:16:869 Send 06 
25-07-18 at 07:47:18:009 Send 05 
25-07-18 at 07:47:18:024 Recived 15 
25-07-18 at 07:47:18:024 Send 06 
25-07-18 at 07:47:18:039 Send 02 06 FF 39 1E 00 00 00 DE 
25-07-18 at 07:47:18:054 Recived 06 02 10 FF 39 00 00 00 00 00 00 00 00 00 00 00 00 00 00 D6 
25-07-18 at 07:47:18:069 Send 06 
25-07-18 at 07:49:19:209 Send 05 
25-07-18 at 07:49:19:224 Recived 15 
25-07-18 at 07:49:19:224 Send 06 
25-07-18 at 07:49:19:239 Send 02 06 FF 39 1E 00 00 00 DE 
25-07-18 at 07:49:19:254 Recived 06 02 10 FF 39 00 00 00 00 00 00 00 00 00 00 00 00 00 00 D6 
25-07-18 at 07:49:19:269 Send 06 
25-07-18 at 07:51:20:409 Send 05 
25-07-18 at 07:51:20:424 Recived 15 
25-07-18 at 07:51:20:424 Send 06 
25-07-18 at 07:51:20:439 Send 02 06 FF 39 1E 00 00 00 DE 
25-07-18 at 07:51:20:454 Recived 06 02 10 FF 39 00 00 00 00 00 00 00 00 00 00 00 00 00 00 D6 
25-07-18 at 07:51:20:469 Send 06 
25-07-18 at 07:53:21:609 Send 05 
25-07-18 at 07:53:21:624 Recived 15 
25-07-18 at 07:53:21:624 Send 06 
25-07-18 at 07:53:21:639 Send 02 06 FF 39 1E 00 00 00 DE 
25-07-18 at 07:53:21:654 Recived 06 02 10 FF 39 00 00 00 00 00 00 00 00 00 00 00 00 00 00 D6 
25-07-18 at 07:53:21:669 Send 06 
25-07-18 at 07:55:22:809 Send 05 
25-07-18 at 07:55:22:824 Recived 15 
25-07-18 at 07:55:22:824 Send 06 
25-07-18 at 07:55:22:839 Send 02 06 FF 39 1E 00 00 00 DE 
25-07-18 at 07:55:22:854 Recived 06 02 10 FF 39 00 00 00 00 00 00 00 00 00 00 00 00 00 00 D6 
25-07-18 at 07:55:22:869 Send 06 
25-07-18 at 07:57:24:009 Send 05 
25-07-18 at 07:57:24:024 Recived 15 
25-07-18 at 07:57:24:024 Send 06 
25-07-18 at 07:57:24:039 Send 02 06 FF 39 1E 00 00 00 DE 
25-07-18 at 07:57:24:054 Recived 06 02 10 FF 39 00 00 00 00 00 00 00 00 00 00 00 00 00 00 D6 
25-07-18 at 07:57:24:069 Send 06 
25-07-18 at 07:59:25:194 Send 05 
25-07-18 at 07:59:25:209 Recived 15 
25-07-18 at 07:59:25:209 Send 06 
25-07-18 at 07:59:25:224 Send 02 06 FF 39 1E 00 00 00 DE 
25-07-18 at 07:59:25:239 Recived 06 02 10 FF 39 00 00 00 00 00 00 00 00 00 00 00 00 00 00 D6 
25-07-18 at 07:59:25:254 Send 06 
25-07-18 at 08:01:26:394 Send 05 
25-07-18 at 08:01:26:409 Recived 15 
25-07-18 at 08:01:26:409 Send 06 
25-07-18 at 08:01:26:424 Send 02 06 FF 39 1E 00 00 00 DE 
25-07-18 at 08:01:26:439 Recived 06 02 10 FF 39 00 00 00 00 00 00 00 00 00 00 00 00 00 00 D6 
25-07-18 at 08:01:26:469 Send 06 
25-07-18 at 08:03:27:604 Send 05 
25-07-18 at 08:03:27:619 Recived 15 
25-07-18 at 08:03:27:619 Send 06 
25-07-18 at 08:03:27:634 Send 02 06 FF 39 1E 00 00 00 DE 
25-07-18 at 08:03:27:649 Recived 06 02 10 FF 39 00 00 00 00 00 00 00 00 00 00 00 00 00 00 D6 
25-07-18 at 08:03:27:664 Send 06 
25-07-18 at 08:05:28:804 Send 05 
25-07-18 at 08:05:28:819 Recived 15 
25-07-18 at 08:05:28:819 Send 06 
25-07-18 at 08:05:28:834 Send 02 06 FF 39 1E 00 00 00 DE 
25-07-18 at 08:05:28:849 Recived 06 02 10 FF 39 00 00 00 00 00 00 00 00 00 00 00 00 00 00 D6 
25-07-18 at 08:05:28:864 Send 06 
25-07-18 at 08:07:30:004 Send 05 
25-07-18 at 08:07:30:019 Recived 15 
25-07-18 at 08:07:30:019 Send 06 
25-07-18 at 08:07:30:034 Send 02 06 FF 39 1E 00 00 00 DE 
25-07-18 at 08:07:30:049 Recived 06 02 10 FF 39 00 00 00 00 00 00 00 00 00 00 00 00 00 00 D6 
25-07-18 at 08:07:30:064 Send 06 
25-07-18 at 08:09:31:204 Send 05 
25-07-18 at 08:09:31:219 Recived 15 
25-07-18 at 08:09:31:219 Send 06 
25-07-18 at 08:09:31:234 Send 02 06 FF 39 1E 00 00 00 DE 
25-07-18 at 08:09:31:249 Recived 06 02 10 FF 39 00 00 00 00 00 00 00 00 00 00 00 00 00 00 D6 
25-07-18 at 08:09:31:264 Send 06 
25-07-18 at 08:11:32:404 Send 05 
25-07-18 at 08:11:32:419 Recived 15 
25-07-18 at 08:11:32:419 Send 06 
25-07-18 at 08:11:32:434 Send 02 06 FF 39 1E 00 00 00 DE 
25-07-18 at 08:11:32:449 Recived 06 02 10 FF 39 00 00 00 00 00 00 00 00 00 00 00 00 00 00 D6 
25-07-18 at 08:11:32:464 Send 06 
25-07-18 at 08:13:33:604 Send 05 
25-07-18 at 08:13:33:619 Recived 15 
25-07-18 at 08:13:33:619 Send 06 
25-07-18 at 08:13:33:634 Send 02 06 FF 39 1E 00 00 00 DE 
25-07-18 at 08:13:33:649 Recived 06 02 10 FF 39 00 00 00 00 00 00 00 00 00 00 00 00 00 00 D6 
25-07-18 at 08:13:33:664 Send 06 
25-07-18 at 08:15:34:804 Send 05 
25-07-18 at 08:15:34:819 Recived 15 
25-07-18 at 08:15:34:819 Send 06 
25-07-18 at 08:15:34:834 Send 02 06 FF 39 1E 00 00 00 DE 
25-07-18 at 08:15:34:849 Recived 06 02 10 FF 39 00 00 00 00 00 00 00 00 00 00 00 00 00 00 D6 
25-07-18 at 08:15:34:864 Send 06 
25-07-18 at 08:17:36:004 Send 05 
25-07-18 at 08:17:36:019 Recived 15 
25-07-18 at 08:17:36:019 Send 06 
25-07-18 at 08:17:36:034 Send 02 06 FF 39 1E 00 00 00 DE 
25-07-18 at 08:17:36:049 Recived 06 02 10 FF 39 00 00 00 00 00 00 00 00 00 00 00 00 00 00 D6 
25-07-18 at 08:17:36:064 Send 06 
25-07-18 at 08:19:37:204 Send 05 
25-07-18 at 08:19:37:219 Recived 15 
25-07-18 at 08:19:37:219 Send 06 
25-07-18 at 08:19:37:234 Send 02 06 FF 39 1E 00 00 00 DE 
25-07-18 at 08:19:37:249 Recived 06 02 10 FF 39 00 00 00 00 00 00 00 00 00 00 00 00 00 00 D6 
25-07-18 at 08:19:37:264 Send 06 
25-07-18 at 08:21:38:404 Send 05 
25-07-18 at 08:21:38:419 Recived 15 
25-07-18 at 08:21:38:419 Send 06 
25-07-18 at 08:21:38:434 Send 02 06 FF 39 1E 00 00 00 DE 
25-07-18 at 08:21:38:449 Recived 06 02 10 FF 39 00 00 00 00 00 00 00 00 00 00 00 00 00 00 D6 
25-07-18 at 08:21:38:464 Send 06 
25-07-18 at 08:23:39:604 Send 05 
25-07-18 at 08:23:39:619 Recived 15 
25-07-18 at 08:23:39:619 Send 06 
25-07-18 at 08:23:39:634 Send 02 06 FF 39 1E 00 00 00 DE 
25-07-18 at 08:23:39:649 Recived 06 02 10 FF 39 00 00 00 00 00 00 00 00 00 00 00 00 00 00 D6 
25-07-18 at 08:23:39:664 Send 06 
25-07-18 at 08:25:40:804 Send 05 
25-07-18 at 08:25:40:819 Recived 15 
25-07-18 at 08:25:40:819 Send 06 
25-07-18 at 08:25:40:834 Send 02 06 FF 39 1E 00 00 00 DE 
25-07-18 at 08:25:40:849 Recived 06 02 10 FF 39 00 00 00 00 00 00 00 00 00 00 00 00 00 00 D6 
25-07-18 at 08:25:40:864 Send 06 
25-07-18 at 08:27:42:004 Send 05 
25-07-18 at 08:27:42:019 Recived 15 
25-07-18 at 08:27:42:019 Send 06 
25-07-18 at 08:27:42:034 Send 02 06 FF 39 1E 00 00 00 DE 
25-07-18 at 08:27:42:049 Recived 06 02 10 FF 39 00 00 00 00 00 00 00 00 00 00 00 00 00 00 D6 
25-07-18 at 08:27:42:064 Send 06 
25-07-18 at 08:29:43:204 Send 05 
25-07-18 at 08:29:43:219 Recived 15 
25-07-18 at 08:29:43:219 Send 06 
25-07-18 at 08:29:43:234 Send 02 06 FF 39 1E 00 00 00 DE 
25-07-18 at 08:29:43:249 Recived 06 02 10 FF 39 00 00 00 00 00 00 00 00 00 00 00 00 00 00 D6 
25-07-18 at 08:29:43:264 Send 06 
25-07-18 at 08:31:44:404 Send 05 
25-07-18 at 08:31:44:419 Recived 15 
25-07-18 at 08:31:44:419 Send 06 
25-07-18 at 08:31:44:434 Send 02 06 FF 39 1E 00 00 00 DE 
25-07-18 at 08:31:44:449 Recived 06 02 10 FF 39 00 00 00 00 00 00 00 00 00 00 00 00 00 00 D6 
25-07-18 at 08:31:44:464 Send 06 
25-07-18 at 08:33:45:604 Send 05 
25-07-18 at 08:33:45:619 Recived 15 
25-07-18 at 08:33:45:619 Send 06 
25-07-18 at 08:33:45:634 Send 02 06 FF 39 1E 00 00 00 DE 
25-07-18 at 08:33:45:649 Recived 06 02 10 FF 39 00 00 00 00 00 00 00 00 00 00 00 00 00 00 D6 
25-07-18 at 08:33:45:664 Send 06 
25-07-18 at 08:35:46:804 Send 05 
25-07-18 at 08:35:46:819 Recived 15 
25-07-18 at 08:35:46:819 Send 06 
25-07-18 at 08:35:46:834 Send 02 06 FF 39 1E 00 00 00 DE 
25-07-18 at 08:35:46:849 Recived 06 02 10 FF 39 00 00 00 00 00 00 00 00 00 00 00 00 00 00 D6 
25-07-18 at 08:35:46:864 Send 06 
25-07-18 at 08:37:48:004 Send 05 
25-07-18 at 08:37:48:019 Recived 15 
25-07-18 at 08:37:48:019 Send 06 
25-07-18 at 08:37:48:034 Send 02 06 FF 39 1E 00 00 00 DE 
25-07-18 at 08:37:48:049 Recived 06 02 10 FF 39 00 00 00 00 00 00 00 00 00 00 00 00 00 00 D6 
25-07-18 at 08:37:48:064 Send 06 
25-07-18 at 08:39:49:204 Send 05 
25-07-18 at 08:39:49:219 Recived 15 
25-07-18 at 08:39:49:219 Send 06 
25-07-18 at 08:39:49:234 Send 02 06 FF 39 1E 00 00 00 DE 
25-07-18 at 08:39:49:249 Recived 06 02 10 FF 39 00 00 00 00 00 00 00 00 00 00 00 00 00 00 D6 
25-07-18 at 08:39:49:264 Send 06 
25-07-18 at 08:41:50:404 Send 05 
25-07-18 at 08:41:50:419 Recived 15 
25-07-18 at 08:41:50:419 Send 06 
25-07-18 at 08:41:50:434 Send 02 06 FF 39 1E 00 00 00 DE 
25-07-18 at 08:41:50:449 Recived 06 02 10 FF 39 00 00 00 00 00 00 00 00 00 00 00 00 00 00 D6 
25-07-18 at 08:41:50:464 Send 06 
25-07-18 at 08:43:51:604 Send 05 
25-07-18 at 08:43:51:619 Recived 15 
25-07-18 at 08:43:51:619 Send 06 
25-07-18 at 08:43:51:634 Send 02 06 FF 39 1E 00 00 00 DE 
25-07-18 at 08:43:51:649 Recived 06 02 10 FF 39 00 00 00 00 00 00 00 00 00 00 00 00 00 00 D6 
25-07-18 at 08:43:51:664 Send 06 
25-07-18 at 08:45:52:804 Send 05 
25-07-18 at 08:45:52:819 Recived 15 
25-07-18 at 08:45:52:819 Send 06 
25-07-18 at 08:45:52:834 Send 02 06 FF 39 1E 00 00 00 DE 
25-07-18 at 08:45:52:849 Recived 06 02 10 FF 39 00 00 00 00 00 00 00 00 00 00 00 00 00 00 D6 
25-07-18 at 08:45:52:864 Send 06 
25-07-18 at 08:47:54:004 Send 05 
25-07-18 at 08:47:54:019 Recived 15 
25-07-18 at 08:47:54:019 Send 06 
25-07-18 at 08:47:54:034 Send 02 06 FF 39 1E 00 00 00 DE 
25-07-18 at 08:47:54:049 Recived 06 02 10 FF 39 00 00 00 00 00 00 00 00 00 00 00 00 00 00 D6 
25-07-18 at 08:47:54:064 Send 06 
25-07-18 at 08:49:55:204 Send 05 
25-07-18 at 08:49:55:219 Recived 15 
25-07-18 at 08:49:55:219 Send 06 
25-07-18 at 08:49:55:234 Send 02 06 FF 39 1E 00 00 00 DE 
25-07-18 at 08:49:55:249 Recived 06 02 10 FF 39 00 00 00 00 00 00 00 00 00 00 00 00 00 00 D6 
25-07-18 at 08:49:55:264 Send 06 
25-07-18 at 08:51:56:404 Send 05 
25-07-18 at 08:51:56:419 Recived 15 
25-07-18 at 08:51:56:419 Send 06 
25-07-18 at 08:51:56:434 Send 02 06 FF 39 1E 00 00 00 DE 
25-07-18 at 08:51:56:449 Recived 06 02 10 FF 39 00 00 00 00 00 00 00 00 00 00 00 00 00 00 D6 
25-07-18 at 08:51:56:464 Send 06 
25-07-18 at 08:53:57:604 Send 05 
25-07-18 at 08:53:57:619 Recived 15 
25-07-18 at 08:53:57:619 Send 06 
25-07-18 at 08:53:57:634 Send 02 06 FF 39 1E 00 00 00 DE 
25-07-18 at 08:53:57:649 Recived 06 02 10 FF 39 00 00 00 00 00 00 00 00 00 00 00 00 00 00 D6 
25-07-18 at 08:53:57:664 Send 06 
25-07-18 at 08:55:58:804 Send 05 
25-07-18 at 08:55:58:819 Recived 15 
25-07-18 at 08:55:58:819 Send 06 
25-07-18 at 08:55:58:834 Send 02 06 FF 39 1E 00 00 00 DE 
25-07-18 at 08:55:58:849 Recived 06 02 10 FF 39 00 00 00 00 00 00 00 00 00 00 00 00 00 00 D6 
25-07-18 at 08:55:58:864 Send 06 
25-07-18 at 08:58:00:004 Send 05 
25-07-18 at 08:58:00:019 Recived 15 
25-07-18 at 08:58:00:019 Send 06 
25-07-18 at 08:58:00:034 Send 02 06 FF 39 1E 00 00 00 DE 
25-07-18 at 08:58:00:049 Recived 06 02 10 FF 39 00 00 00 00 00 00 00 00 00 00 00 00 00 00 D6 
25-07-18 at 08:58:00:064 Send 06 
25-07-18 at 09:00:01:204 Send 05 
25-07-18 at 09:00:01:219 Recived 15 
25-07-18 at 09:00:01:219 Send 06 
25-07-18 at 09:00:01:234 Send 02 06 FF 39 1E 00 00 00 DE 
25-07-18 at 09:00:01:249 Recived 06 02 10 FF 39 00 00 00 00 00 00 00 00 00 00 00 00 00 00 D6 
25-07-18 at 09:00:01:264 Send 06 
25-07-18 at 09:02:02:404 Send 05 
25-07-18 at 09:02:02:419 Recived 15 
25-07-18 at 09:02:02:419 Send 06 
25-07-18 at 09:02:02:434 Send 02 06 FF 39 1E 00 00 00 DE 
25-07-18 at 09:02:02:449 Recived 06 02 10 FF 39 00 00 00 00 00 00 00 00 00 00 00 00 00 00 D6 
25-07-18 at 09:02:02:464 Send 06 
25-07-18 at 09:04:03:604 Send 05 
25-07-18 at 09:04:03:619 Recived 15 
25-07-18 at 09:04:03:619 Send 06 
25-07-18 at 09:04:03:634 Send 02 06 FF 39 1E 00 00 00 DE 
25-07-18 at 09:04:03:649 Recived 06 02 10 FF 39 00 00 00 00 00 00 00 00 00 00 00 00 00 00 D6 
25-07-18 at 09:04:03:664 Send 06 
25-07-18 at 09:06:04:804 Send 05 
25-07-18 at 09:06:04:819 Recived 15 
25-07-18 at 09:06:04:819 Send 06 
25-07-18 at 09:06:04:834 Send 02 06 FF 39 1E 00 00 00 DE 
25-07-18 at 09:06:04:849 Recived 06 02 10 FF 39 00 00 00 00 00 00 00 00 00 00 00 00 00 00 D6 
25-07-18 at 09:06:04:864 Send 06 
25-07-18 at 09:08:06:004 Send 05 
25-07-18 at 09:08:06:019 Recived 15 
25-07-18 at 09:08:06:019 Send 06 
25-07-18 at 09:08:06:034 Send 02 06 FF 39 1E 00 00 00 DE 
25-07-18 at 09:08:06:049 Recived 06 02 10 FF 39 00 00 00 00 00 00 00 00 00 00 00 00 00 00 D6 
25-07-18 at 09:08:06:064 Send 06 
25-07-18 at 09:10:07:204 Send 05 
25-07-18 at 09:10:07:219 Recived 15 
25-07-18 at 09:10:07:219 Send 06 
25-07-18 at 09:10:07:234 Send 02 06 FF 39 1E 00 00 00 DE 
25-07-18 at 09:10:07:249 Recived 06 02 10 FF 39 00 00 00 00 00 00 00 00 00 00 00 00 00 00 D6 
25-07-18 at 09:10:07:264 Send 06 
25-07-18 at 09:12:08:404 Send 05 
25-07-18 at 09:12:08:419 Recived 15 
25-07-18 at 09:12:08:419 Send 06 
25-07-18 at 09:12:08:434 Send 02 06 FF 39 1E 00 00 00 DE 
25-07-18 at 09:12:08:449 Recived 06 02 10 FF 39 00 00 00 00 00 00 00 00 00 00 00 00 00 00 D6 
25-07-18 at 09:12:08:464 Send 06 
25-07-18 at 09:14:09:604 Send 05 
25-07-18 at 09:14:09:619 Recived 15 
25-07-18 at 09:14:09:619 Send 06 
25-07-18 at 09:14:09:634 Send 02 06 FF 39 1E 00 00 00 DE 
25-07-18 at 09:14:09:649 Recived 06 02 10 FF 39 00 00 00 00 00 00 00 00 00 00 00 00 00 00 D6 
25-07-18 at 09:14:09:664 Send 06 
25-07-18 at 09:16:10:804 Send 05 
25-07-18 at 09:16:10:819 Recived 15 
25-07-18 at 09:16:10:819 Send 06 
25-07-18 at 09:16:10:834 Send 02 06 FF 39 1E 00 00 00 DE 
25-07-18 at 09:16:10:849 Recived 06 02 10 FF 39 00 00 00 00 00 00 00 00 00 00 00 00 00 00 D6 
25-07-18 at 09:16:10:864 Send 06 
25-07-18 at 09:18:12:004 Send 05 
25-07-18 at 09:18:12:019 Recived 15 
25-07-18 at 09:18:12:019 Send 06 
25-07-18 at 09:18:12:034 Send 02 06 FF 39 1E 00 00 00 DE 
25-07-18 at 09:18:12:049 Recived 06 02 10 FF 39 00 00 00 00 00 00 00 00 00 00 00 00 00 00 D6 
25-07-18 at 09:18:12:064 Send 06 
25-07-18 at 09:20:13:204 Send 05 
25-07-18 at 09:20:13:219 Recived 15 
25-07-18 at 09:20:13:219 Send 06 
25-07-18 at 09:20:13:234 Send 02 06 FF 39 1E 00 00 00 DE 
25-07-18 at 09:20:13:249 Recived 06 02 10 FF 39 00 00 00 00 00 00 00 00 00 00 00 00 00 00 D6 
25-07-18 at 09:20:13:264 Send 06 
25-07-18 at 09:22:14:404 Send 05 
25-07-18 at 09:22:14:419 Recived 15 
25-07-18 at 09:22:14:419 Send 06 
25-07-18 at 09:22:14:434 Send 02 06 FF 39 1E 00 00 00 DE 
25-07-18 at 09:22:14:449 Recived 06 02 10 FF 39 00 00 00 00 00 00 00 00 00 00 00 00 00 00 D6 
25-07-18 at 09:22:14:464 Send 06 
25-07-18 at 09:24:15:604 Send 05 
25-07-18 at 09:24:15:619 Recived 15 
25-07-18 at 09:24:15:619 Send 06 
25-07-18 at 09:24:15:634 Send 02 06 FF 39 1E 00 00 00 DE 
25-07-18 at 09:24:15:649 Recived 06 02 10 FF 39 00 00 00 00 00 00 00 00 00 00 00 00 00 00 D6 
25-07-18 at 09:24:15:664 Send 06 
25-07-18 at 09:26:16:804 Send 05 
25-07-18 at 09:26:16:819 Recived 15 
25-07-18 at 09:26:16:819 Send 06 
25-07-18 at 09:26:16:834 Send 02 06 FF 39 1E 00 00 00 DE 
25-07-18 at 09:26:16:849 Recived 06 02 10 FF 39 00 00 00 00 00 00 00 00 00 00 00 00 00 00 D6 
25-07-18 at 09:26:16:879 Send 06 
25-07-18 at 09:28:18:019 Send 05 
25-07-18 at 09:28:18:034 Recived 15 
25-07-18 at 09:28:18:034 Send 06 
25-07-18 at 09:28:18:049 Send 02 06 FF 39 1E 00 00 00 DE 
25-07-18 at 09:28:18:064 Recived 06 02 10 FF 39 00 00 00 00 00 00 00 00 00 00 00 00 00 00 D6 
25-07-18 at 09:28:18:079 Send 06 
25-07-18 at 09:30:19:219 Send 05 
25-07-18 at 09:30:19:234 Recived 15 
25-07-18 at 09:30:19:234 Send 06 
25-07-18 at 09:30:19:249 Send 02 06 FF 39 1E 00 00 00 DE 
25-07-18 at 09:30:19:264 Recived 06 02 10 FF 39 00 00 00 00 00 00 00 00 00 00 00 00 00 00 D6 
25-07-18 at 09:30:19:279 Send 06 
25-07-18 at 09:32:20:419 Send 05 
25-07-18 at 09:32:20:434 Recived 15 
25-07-18 at 09:32:20:434 Send 06 
25-07-18 at 09:32:20:449 Send 02 06 FF 39 1E 00 00 00 DE 
25-07-18 at 09:32:20:464 Recived 06 02 10 FF 39 00 00 00 00 00 00 00 00 00 00 00 00 00 00 D6 
25-07-18 at 09:32:20:479 Send 06 
25-07-18 at 09:34:21:619 Send 05 
25-07-18 at 09:34:21:634 Recived 15 
25-07-18 at 09:34:21:634 Send 06 
25-07-18 at 09:34:21:649 Send 02 06 FF 39 1E 00 00 00 DE 
25-07-18 at 09:34:21:664 Recived 06 02 10 FF 39 00 00 00 00 00 00 00 00 00 00 00 00 00 00 D6 
25-07-18 at 09:34:21:679 Send 06 
25-07-18 at 09:36:22:819 Send 05 
25-07-18 at 09:36:22:834 Recived 15 
25-07-18 at 09:36:22:834 Send 06 
25-07-18 at 09:36:22:849 Send 02 06 FF 39 1E 00 00 00 DE 
25-07-18 at 09:36:22:864 Recived 06 02 10 FF 39 00 00 00 00 00 00 00 00 00 00 00 00 00 00 D6 
25-07-18 at 09:36:22:879 Send 06 
25-07-18 at 09:38:24:019 Send 05 
25-07-18 at 09:38:24:034 Recived 15 
25-07-18 at 09:38:24:034 Send 06 
25-07-18 at 09:38:24:049 Send 02 06 FF 39 1E 00 00 00 DE 
25-07-18 at 09:38:24:064 Recived 06 02 10 FF 39 00 00 00 00 00 00 00 00 00 00 00 00 00 00 D6 
25-07-18 at 09:38:24:094 Send 06 
25-07-18 at 09:40:25:234 Send 05 
25-07-18 at 09:40:25:249 Recived 15 
25-07-18 at 09:40:25:249 Send 06 
25-07-18 at 09:40:25:264 Send 02 06 FF 39 1E 00 00 00 DE 
25-07-18 at 09:40:25:279 Recived 06 02 10 FF 39 00 00 00 00 00 00 00 00 00 00 00 00 00 00 D6 
25-07-18 at 09:40:25:294 Send 06 
25-07-18 at 09:42:26:434 Send 05 
25-07-18 at 09:42:26:449 Recived 15 
25-07-18 at 09:42:26:449 Send 06 
25-07-18 at 09:42:26:464 Send 02 06 FF 39 1E 00 00 00 DE 
25-07-18 at 09:42:26:479 Recived 06 02 10 FF 39 00 00 00 00 00 00 00 00 00 00 00 00 00 00 D6 
25-07-18 at 09:42:26:494 Send 06 
25-07-18 at 09:44:27:634 Send 05 
25-07-18 at 09:44:27:649 Recived 15 
25-07-18 at 09:44:27:649 Send 06 
25-07-18 at 09:44:27:664 Send 02 06 FF 39 1E 00 00 00 DE 
25-07-18 at 09:44:27:679 Recived 06 02 10 FF 39 00 00 00 00 00 00 00 00 00 00 00 00 00 00 D6 
25-07-18 at 09:44:27:694 Send 06 
25-07-18 at 09:46:28:834 Send 05 
25-07-18 at 09:46:28:849 Recived 15 
25-07-18 at 09:46:28:849 Send 06 
25-07-18 at 09:46:28:864 Send 02 06 FF 39 1E 00 00 00 DE 
25-07-18 at 09:46:28:879 Recived 06 02 10 FF 39 00 00 00 00 00 00 00 00 00 00 00 00 00 00 D6 
25-07-18 at 09:46:28:894 Send 06 
25-07-18 at 09:48:30:034 Send 05 
25-07-18 at 09:48:30:049 Recived 15 
25-07-18 at 09:48:30:049 Send 06 
25-07-18 at 09:48:30:064 Send 02 06 FF 39 1E 00 00 00 DE 
25-07-18 at 09:48:30:079 Recived 06 02 10 FF 39 00 00 00 00 00 00 00 00 00 00 00 00 00 00 D6 
25-07-18 at 09:48:30:094 Send 06 
25-07-18 at 09:50:31:234 Send 05 
25-07-18 at 09:50:31:249 Recived 15 
25-07-18 at 09:50:31:249 Send 06 
25-07-18 at 09:50:31:264 Send 02 06 FF 39 1E 00 00 00 DE 
25-07-18 at 09:50:31:279 Recived 06 02 10 FF 39 00 00 00 00 00 00 00 00 00 00 00 00 00 00 D6 
25-07-18 at 09:50:31:294 Send 06 
25-07-18 at 09:52:32:434 Send 05 
25-07-18 at 09:52:32:449 Recived 15 
25-07-18 at 09:52:32:449 Send 06 
25-07-18 at 09:52:32:464 Send 02 06 FF 39 1E 00 00 00 DE 
25-07-18 at 09:52:32:479 Recived 06 02 10 FF 39 00 00 00 00 00 00 00 00 00 00 00 00 00 00 D6 
25-07-18 at 09:52:32:494 Send 06 
25-07-18 at 09:54:33:634 Send 05 
25-07-18 at 09:54:33:649 Recived 15 
25-07-18 at 09:54:33:649 Send 06 
25-07-18 at 09:54:33:664 Send 02 06 FF 39 1E 00 00 00 DE 
25-07-18 at 09:54:33:679 Recived 06 02 10 FF 39 00 00 00 00 00 00 00 00 00 00 00 00 00 00 D6 
25-07-18 at 09:54:33:694 Send 06 
25-07-18 at 09:56:34:834 Send 05 
25-07-18 at 09:56:34:849 Recived 15 
25-07-18 at 09:56:34:849 Send 06 
25-07-18 at 09:56:34:864 Send 02 06 FF 39 1E 00 00 00 DE 
25-07-18 at 09:56:34:879 Recived 06 02 10 FF 39 00 00 00 00 00 00 00 00 00 00 00 00 00 00 D6 
25-07-18 at 09:56:34:894 Send 06 
25-07-18 at 09:58:36:034 Send 05 
25-07-18 at 09:58:36:049 Recived 15 
25-07-18 at 09:58:36:049 Send 06 
25-07-18 at 09:58:36:064 Send 02 06 FF 39 1E 00 00 00 DE 
25-07-18 at 09:58:36:079 Recived 06 02 10 FF 39 00 00 00 00 00 00 00 00 00 00 00 00 00 00 D6 
25-07-18 at 09:58:36:094 Send 06 
25-07-18 at 10:00:37:234 Send 05 
25-07-18 at 10:00:37:249 Recived 15 
25-07-18 at 10:00:37:249 Send 06 
25-07-18 at 10:00:37:264 Send 02 06 FF 39 1E 00 00 00 DE 
25-07-18 at 10:00:37:279 Recived 06 02 10 FF 39 00 00 00 00 00 00 00 00 00 00 00 00 00 00 D6 
25-07-18 at 10:00:37:294 Send 06 
25-07-18 at 10:02:38:434 Send 05 
25-07-18 at 10:02:38:449 Recived 15 
25-07-18 at 10:02:38:449 Send 06 
25-07-18 at 10:02:38:464 Send 02 06 FF 39 1E 00 00 00 DE 
25-07-18 at 10:02:38:479 Recived 06 02 10 FF 39 00 00 00 00 00 00 00 00 00 00 00 00 00 00 D6 
25-07-18 at 10:02:38:494 Send 06 
25-07-18 at 10:04:39:634 Send 05 
25-07-18 at 10:04:39:649 Recived 15 
25-07-18 at 10:04:39:649 Send 06 
25-07-18 at 10:04:39:664 Send 02 06 FF 39 1E 00 00 00 DE 
25-07-18 at 10:04:39:679 Recived 06 02 10 FF 39 00 00 00 00 00 00 00 00 00 00 00 00 00 00 D6 
25-07-18 at 10:04:39:694 Send 06 
25-07-18 at 10:06:40:834 Send 05 
25-07-18 at 10:06:40:849 Recived 15 
25-07-18 at 10:06:40:849 Send 06 
25-07-18 at 10:06:40:864 Send 02 06 FF 39 1E 00 00 00 DE 
25-07-18 at 10:06:40:879 Recived 06 02 10 FF 39 00 00 00 00 00 00 00 00 00 00 00 00 00 00 D6 
25-07-18 at 10:06:40:894 Send 06 
25-07-18 at 10:08:42:034 Send 05 
25-07-18 at 10:08:42:049 Recived 15 
25-07-18 at 10:08:42:049 Send 06 
25-07-18 at 10:08:42:064 Send 02 06 FF 39 1E 00 00 00 DE 
25-07-18 at 10:08:42:079 Recived 06 02 10 FF 39 00 00 00 00 00 00 00 00 00 00 00 00 00 00 D6 
25-07-18 at 10:08:42:094 Send 06 
25-07-18 at 10:10:43:219 Send 05 
25-07-18 at 10:10:43:234 Recived 15 
25-07-18 at 10:10:43:234 Send 06 
25-07-18 at 10:10:43:249 Send 02 06 FF 39 1E 00 00 00 DE 
25-07-18 at 10:10:43:264 Recived 06 02 10 FF 39 00 00 00 00 00 00 00 00 00 00 00 00 00 00 D6 
25-07-18 at 10:10:43:279 Send 06 
25-07-18 at 10:12:44:419 Send 05 
25-07-18 at 10:12:44:434 Recived 15 
25-07-18 at 10:12:44:434 Send 06 
25-07-18 at 10:12:44:449 Send 02 06 FF 39 1E 00 00 00 DE 
25-07-18 at 10:12:44:464 Recived 06 02 10 FF 39 00 00 00 00 00 00 00 00 00 00 00 00 00 00 D6 
25-07-18 at 10:12:44:479 Send 06 
25-07-18 at 10:14:45:619 Send 05 
25-07-18 at 10:14:45:634 Recived 15 
25-07-18 at 10:14:45:634 Send 06 
25-07-18 at 10:14:45:649 Send 02 06 FF 39 1E 00 00 00 DE 
25-07-18 at 10:14:45:664 Recived 06 02 10 FF 39 00 00 00 00 00 00 00 00 00 00 00 00 00 00 D6 
25-07-18 at 10:14:45:679 Send 06 
25-07-18 at 10:16:46:819 Send 05 
25-07-18 at 10:16:46:834 Recived 15 
25-07-18 at 10:16:46:834 Send 06 
25-07-18 at 10:16:46:849 Send 02 06 FF 39 1E 00 00 00 DE 
25-07-18 at 10:16:46:864 Recived 06 02 10 FF 39 00 00 00 00 00 00 00 00 00 00 00 00 00 00 D6 
25-07-18 at 10:16:46:879 Send 06 
25-07-18 at 10:18:48:019 Send 05 
25-07-18 at 10:18:48:034 Recived 15 
25-07-18 at 10:18:48:034 Send 06 
25-07-18 at 10:18:48:049 Send 02 06 FF 39 1E 00 00 00 DE 
25-07-18 at 10:18:48:064 Recived 06 02 10 FF 39 00 00 00 00 00 00 00 00 00 00 00 00 00 00 D6 
25-07-18 at 10:18:48:079 Send 06 
25-07-18 at 10:20:49:219 Send 05 
25-07-18 at 10:20:49:234 Recived 15 
25-07-18 at 10:20:49:234 Send 06 
25-07-18 at 10:20:49:249 Send 02 06 FF 39 1E 00 00 00 DE 
25-07-18 at 10:20:49:264 Recived 06 02 10 FF 39 00 00 00 00 00 00 00 00 00 00 00 00 00 00 D6 
25-07-18 at 10:20:49:279 Send 06 
25-07-18 at 10:22:50:419 Send 05 
25-07-18 at 10:22:50:434 Recived 15 
25-07-18 at 10:22:50:434 Send 06 
25-07-18 at 10:22:50:449 Send 02 06 FF 39 1E 00 00 00 DE 
25-07-18 at 10:22:50:464 Recived 06 02 10 FF 39 00 00 00 00 00 00 00 00 00 00 00 00 00 00 D6 
25-07-18 at 10:22:50:479 Send 06 
25-07-18 at 10:24:51:619 Send 05 
25-07-18 at 10:24:51:634 Recived 15 
25-07-18 at 10:24:51:634 Send 06 
25-07-18 at 10:24:51:649 Send 02 06 FF 39 1E 00 00 00 DE 
25-07-18 at 10:24:51:664 Recived 06 02 10 FF 39 00 00 00 00 00 00 00 00 00 00 00 00 00 00 D6 
25-07-18 at 10:24:51:679 Send 06 
25-07-18 at 10:26:52:819 Send 05 
25-07-18 at 10:26:52:834 Recived 15 
25-07-18 at 10:26:52:834 Send 06 
25-07-18 at 10:26:52:849 Send 02 06 FF 39 1E 00 00 00 DE 
25-07-18 at 10:26:52:864 Recived 06 02 10 FF 39 00 00 00 00 00 00 00 00 00 00 00 00 00 00 D6 
25-07-18 at 10:26:52:879 Send 06 
25-07-18 at 10:28:54:019 Send 05 
25-07-18 at 10:28:54:034 Recived 15 
25-07-18 at 10:28:54:034 Send 06 
25-07-18 at 10:28:54:049 Send 02 06 FF 39 1E 00 00 00 DE 
25-07-18 at 10:28:54:064 Recived 06 02 10 FF 39 00 00 00 00 00 00 00 00 00 00 00 00 00 00 D6 
25-07-18 at 10:28:54:079 Send 06 
25-07-18 at 10:30:55:219 Send 05 
25-07-18 at 10:30:55:234 Recived 15 
25-07-18 at 10:30:55:234 Send 06 
25-07-18 at 10:30:55:249 Send 02 06 FF 39 1E 00 00 00 DE 
25-07-18 at 10:30:55:264 Recived 06 02 10 FF 39 00 00 00 00 00 00 00 00 00 00 00 00 00 00 D6 
25-07-18 at 10:30:55:279 Send 06 
25-07-18 at 10:31:20:038 total calculated
25-07-18 at 10:31:20:039 now show on display
25-07-18 at 10:31:20:039                     :          0.00
25-07-18 at 10:31:20:039 now clear port error ...
25-07-18 at 10:31:20:039 now write to port ...
25-07-18 at 10:31:20:173 ... done
25-07-18 at 10:31:20:173 total calculated
25-07-18 at 10:31:20:173 now show on display
25-07-18 at 10:31:20:174                     :          0.00
25-07-18 at 10:31:20:174 now clear port error ...
25-07-18 at 10:31:20:174 now write to port ...
25-07-18 at 10:31:20:345 ... done
25-07-18 at 10:31:20:347 111
25-07-18 at 10:31:20:347   
25-07-18 at 11:07:09:202  .    
25-07-18 at 11:07:09:202 total calculated
25-07-18 at 11:07:09:203 now show on display
25-07-18 at 11:07:09:203                     :          0.00
25-07-18 at 11:07:09:203 now open port for display
25-07-18 at 11:07:09:204 Com port opened
25-07-18 at 11:07:09:204 now clear port error ...
25-07-18 at 11:07:09:204 now write to port ...
25-07-18 at 11:07:09:337 ... done
25-07-18 at 11:07:09:338  
25-07-18 at 11:07:09:338   
25-07-18 at 11:07:09:338  
25-07-18 at 11:07:09:338    
25-07-18 at 11:07:09:338  
25-07-18 at 11:07:09:339  
25-07-18 at 11:07:09:339  
25-07-18 at 11:07:09:339  
25-07-18 at 11:07:09:339  
25-07-18 at 11:07:09:340  
25-07-18 at 11:07:09:340  
25-07-18 at 11:07:09:340   
25-07-18 at 11:07:09:340   FRInit
25-07-18 at 11:07:09:340   GetStatus
25-07-18 at 11:07:11:341 KKMStatus 0000
25-07-18 at 11:07:13:341 KKMStatus 0000
25-07-18 at 11:07:13:341   
25-07-18 at 11:07:13:571  
25-07-18 at 11:07:13:581 Cardreader    
25-07-18 at 11:07:15:586 now clear port error ...
25-07-18 at 11:07:15:586 now write to port ...
25-07-18 at 11:07:15:720 ... done
