15-03-18 at 16:35:51:870 Запуск программы. Инициализация считана из файла
15-03-18 at 16:35:51:871 Чек загружен.
15-03-18 at 16:35:51:871 Платежи по картам восстановлены
15-03-18 at 16:35:51:872 total calculated
15-03-18 at 16:35:51:872 now show on display
15-03-18 at 16:35:51:873                     Всего:        738.00
15-03-18 at 16:35:51:873 now open port for display
15-03-18 at 16:35:51:874 Com port opened
15-03-18 at 16:35:51:874 now clear port error ...
15-03-18 at 16:35:51:874 now write to port ...
15-03-18 at 16:35:52:007 ... done
15-03-18 at 16:35:52:008 Чек сжат
15-03-18 at 16:35:52:008 Сумма чека посчитана
15-03-18 at 16:35:52:008 Кардридер создан
15-03-18 at 16:35:52:009 Задание запуска модулей создано
15-03-18 at 16:35:52:009 Сканер создан
15-03-18 at 16:35:52:009 Регистратор создан
15-03-18 at 16:35:52:009 Часы созданы
15-03-18 at 16:35:52:010 Регистратор запущен
15-03-18 at 16:35:52:010 Сканер запущен
15-03-18 at 16:35:52:010 Часы запущены
15-03-18 at 16:35:52:010 Кардридер запущен
15-03-18 at 16:35:52:010 Передача данных запущена
15-03-18 at 16:35:52:011 Вход в FRInit
15-03-18 at 16:35:52:011 Вход в GetStatus
15-03-18 at 16:35:52:025 Send 05 
15-03-18 at 16:35:52:040 Recived 15 
15-03-18 at 16:35:52:040 Send 06 
15-03-18 at 16:35:52:055 Send 02 05 11 1E 00 00 00 0A 
15-03-18 at 16:35:52:070 Recived 06 02 30 11 00 1E 43 31 1C B3 14 0C 11 01 1D 00 B2 02 03 00 00 4E 41 00 00 01 01 10 0F 03 12 10 23 38 00 2E 5D 00 00 0D 00 00 00 00 00 EF 95 10 42 01 00 19 
15-03-18 at 16:35:52:085 Send 06 
15-03-18 at 16:35:52:086 KKMStatus 0000
15-03-18 at 16:35:52:100 Send 05 
15-03-18 at 16:35:52:115 Recived 15 
15-03-18 at 16:35:52:115 Send 06 
15-03-18 at 16:35:52:130 Send 02 05 11 1E 00 00 00 0A 
15-03-18 at 16:35:52:145 Recived 06 02 30 11 00 1E 43 31 1C B3 14 0C 11 01 1D 00 B2 02 03 00 00 4E 41 00 00 01 01 10 0F 03 12 10 23 38 00 2E 5D 00 00 0D 00 00 00 00 00 EF 95 10 42 01 00 19 
15-03-18 at 16:35:52:160 Send 06 
15-03-18 at 16:35:52:161 KKMStatus 0300
15-03-18 at 16:35:52:161 Номер ФР считан
15-03-18 at 16:35:52:357 СУБД подключена
15-03-18 at 16:35:52:375 Send 05 
15-03-18 at 16:35:52:390 Recived 15 
15-03-18 at 16:35:52:390 Send 06 
15-03-18 at 16:35:52:405 Send 02 0A 1E 1E 00 00 00 01 01 00 01 01 0A 
15-03-18 at 16:35:52:420 Recived 06 02 02 1E 00 1C 
15-03-18 at 16:35:52:435 Send 06 
15-03-18 at 16:35:52:450 Send 05 
15-03-18 at 16:35:52:465 Recived 15 
15-03-18 at 16:35:52:465 Send 06 
15-03-18 at 16:35:52:480 Send 02 0A 1E 1E 00 00 00 01 01 00 05 02 0D 
15-03-18 at 16:35:52:495 Recived 06 02 02 1E 00 1C 
15-03-18 at 16:35:52:510 Send 06 
15-03-18 at 16:35:52:525 Send 05 
15-03-18 at 16:35:52:540 Recived 15 
15-03-18 at 16:35:52:540 Send 06 
15-03-18 at 16:35:52:555 Send 02 0A 1E 1E 00 00 00 01 01 00 23 01 28 
15-03-18 at 16:35:52:570 Recived 06 02 02 1E 00 1C 
15-03-18 at 16:35:52:585 Send 06 
15-03-18 at 16:35:52:600 Send 05 
15-03-18 at 16:35:52:615 Recived 15 
15-03-18 at 16:35:52:615 Send 06 
15-03-18 at 16:35:52:630 Send 02 0A 1E 1E 00 00 00 01 01 00 06 00 0C 
15-03-18 at 16:35:52:645 Recived 06 02 02 1E 00 1C 
15-03-18 at 16:35:52:660 Send 06 
15-03-18 at 16:35:52:675 Send 05 
15-03-18 at 16:35:52:690 Recived 15 
15-03-18 at 16:35:52:690 Send 06 
15-03-18 at 16:35:52:705 Send 02 0A 1E 1E 00 00 00 01 01 00 07 01 0C 
15-03-18 at 16:35:52:720 Recived 06 02 02 1E 00 1C 
15-03-18 at 16:35:52:735 Send 06 
15-03-18 at 16:35:52:750 Send 05 
15-03-18 at 16:35:52:765 Recived 15 
15-03-18 at 16:35:52:765 Send 06 
15-03-18 at 16:35:52:780 Send 02 0A 1E 1E 00 00 00 01 01 00 14 01 1F 
15-03-18 at 16:35:52:795 Recived 06 02 02 1E 00 1C 
15-03-18 at 16:35:52:810 Send 06 
15-03-18 at 16:35:52:825 Send 05 
15-03-18 at 16:35:52:840 Recived 15 
15-03-18 at 16:35:52:840 Send 06 
15-03-18 at 16:35:52:855 Send 02 0A 1E 1E 00 00 00 01 01 00 15 01 1E 
15-03-18 at 16:35:52:870 Recived 06 02 02 1E 00 1C 
15-03-18 at 16:35:52:885 Send 06 
15-03-18 at 16:35:52:900 Send 05 
15-03-18 at 16:35:52:915 Recived 15 
15-03-18 at 16:35:52:915 Send 06 
15-03-18 at 16:35:52:930 Send 02 0A 1E 1E 00 00 00 01 01 00 0F 00 05 
15-03-18 at 16:35:52:945 Recived 06 02 02 1E 00 1C 
15-03-18 at 16:35:52:960 Send 06 
15-03-18 at 16:35:52:975 Send 05 
15-03-18 at 16:35:52:990 Recived 15 
15-03-18 at 16:35:52:990 Send 06 
15-03-18 at 16:35:53:005 Send 02 0A 1E 1E 00 00 00 01 01 00 11 00 1B 
15-03-18 at 16:35:53:020 Recived 06 02 02 1E 00 1C 
15-03-18 at 16:35:53:035 Send 06 
15-03-18 at 16:35:53:050 Send 05 
15-03-18 at 16:35:53:065 Recived 15 
15-03-18 at 16:35:53:065 Send 06 
15-03-18 at 16:35:53:080 Send 02 0A 1E 1E 00 00 00 11 01 00 03 02 1B 
15-03-18 at 16:35:53:095 Recived 06 02 02 1E 00 1C 
15-03-18 at 16:35:53:110 Send 06 
15-03-18 at 16:35:53:125 Send 05 
15-03-18 at 16:35:53:140 Recived 15 
15-03-18 at 16:35:53:140 Send 06 
15-03-18 at 16:35:53:155 Send 02 0A 1E 1E 00 00 00 01 01 00 29 01 22 
15-03-18 at 16:35:53:170 Recived 06 02 02 1E 00 1C 
15-03-18 at 16:35:53:185 Send 06 
15-03-18 at 16:35:53:200 Send 05 
15-03-18 at 16:35:53:215 Recived 15 
15-03-18 at 16:35:53:215 Send 06 
15-03-18 at 16:35:53:230 Send 02 26 1E 1E 00 00 00 04 0C 00 01 20 20 20 20 20 20 20 20 20 20 20 C4 CE C1 D0 CE 20 CF CE C6 C0 CB CE C2 C0 D2 DC 21 00 D5 
15-03-18 at 16:35:53:247 Recived 06 02 02 1E 00 1C 
15-03-18 at 16:35:53:262 Send 06 
15-03-18 at 16:35:53:277 Send 05 
15-03-18 at 16:35:53:292 Recived 15 
15-03-18 at 16:35:53:292 Send 06 
15-03-18 at 16:35:53:307 Send 02 29 1E 1E 00 00 00 04 0D 00 01 20 20 20 20 20 20 20 20 CE CE CE 20 CA EE EC EF E0 ED E8 FF 20 27 CA CE CB CE D0 CB CE CD 27 00 CB 
15-03-18 at 16:35:53:325 Recived 06 02 02 1E 00 1C 
15-03-18 at 16:35:53:355 Send 06 
15-03-18 at 16:35:53:370 Send 05 
15-03-18 at 16:35:53:385 Recived 15 
15-03-18 at 16:35:53:385 Send 06 
15-03-18 at 16:35:53:400 Send 02 2D 1E 1E 00 00 00 04 0E 00 01 20 20 20 20 20 CC E0 E3 E0 E7 E8 ED 20 27 C2 F1 E5 20 F2 EE E2 E0 F0 FB 20 E4 EB FF 20 E4 EE EC E0 27 20 00 DE 
15-03-18 at 16:35:53:418 Recived 06 02 02 1E 00 1C 
15-03-18 at 16:35:53:433 Send 06 
15-03-18 at 16:35:53:502 now clear port error ...
15-03-18 at 16:35:53:502 now write to port ...
15-03-18 at 16:35:53:636 ... done
15-03-18 at 16:35:53:658 Send 05 
15-03-18 at 16:35:53:673 Recived 15 
15-03-18 at 16:35:53:673 Send 06 
15-03-18 at 16:35:53:688 Send 02 06 1A 1E 00 00 00 79 7B 
15-03-18 at 16:35:53:703 Recived 06 02 09 1A 00 1E 10 27 00 00 00 00 3A 
15-03-18 at 16:35:53:718 Send 06 
15-03-18 at 16:35:55:902 Cardreader  Антонов Сергей 
15-03-18 at 16:35:55:909 Send 05 
15-03-18 at 16:35:55:931 Recived 15 
15-03-18 at 16:35:55:932 Send 06 
15-03-18 at 16:35:55:949 Send 02 20 1E 1E 00 00 00 02 1E 00 02 CA E0 F1 F1 E8 F0 20 C0 ED F2 EE ED EE E2 20 D1 E5 F0 E3 E5 E9 20 00 D7 
15-03-18 at 16:35:55:967 Recived 06 02 02 1E 00 1C 
15-03-18 at 16:35:55:982 Send 06 
15-03-18 at 16:35:55:983 now clear port error ...
15-03-18 at 16:35:55:983 now write to port ...
15-03-18 at 16:35:56:116 ... done
15-03-18 at 16:35:56:912 Send 05 
15-03-18 at 16:35:56:927 Recived 15 
15-03-18 at 16:35:56:927 Send 06 
15-03-18 at 16:35:56:942 Send 02 06 FF 39 1E 00 00 00 DE 
15-03-18 at 16:35:56:957 Recived 06 02 10 FF 39 00 00 00 00 00 00 00 00 00 00 00 00 00 00 D6 
15-03-18 at 16:35:56:972 Send 06 
15-03-18 at 16:35:57:565 Попытка очистки таблицы
15-03-18 at 16:35:57:565 Попытка очистки успешна
15-03-18 at 16:35:59:286 total calculated
15-03-18 at 16:35:59:286 now show on display
15-03-18 at 16:35:59:286                     Всего:        738.00
15-03-18 at 16:35:59:286 now clear port error ...
15-03-18 at 16:35:59:287 now write to port ...
15-03-18 at 16:35:59:420 ... done
15-03-18 at 16:35:59:421 total calculated
15-03-18 at 16:35:59:422 now show on display
15-03-18 at 16:35:59:422                     Всего:        738.00
15-03-18 at 16:35:59:422 now clear port error ...
15-03-18 at 16:35:59:422 now write to port ...
15-03-18 at 16:35:59:592 ... done
15-03-18 at 16:35:59:594 111
15-03-18 at 16:35:59:594 Выход из программы
15-03-18 at 16:39:03:111 Запуск программы. Инициализация считана из файла
15-03-18 at 16:39:03:111 Чек загружен.
15-03-18 at 16:39:03:112 Платежи по картам восстановлены
15-03-18 at 16:39:03:112 total calculated
15-03-18 at 16:39:03:113 now show on display
15-03-18 at 16:39:03:113                     Всего:        738.00
15-03-18 at 16:39:03:113 now open port for display
15-03-18 at 16:39:03:114 Com port opened
15-03-18 at 16:39:03:114 now clear port error ...
15-03-18 at 16:39:03:114 now write to port ...
15-03-18 at 16:39:03:248 ... done
15-03-18 at 16:39:03:248 Чек сжат
15-03-18 at 16:39:03:248 Сумма чека посчитана
15-03-18 at 16:39:03:249 Кардридер создан
15-03-18 at 16:39:03:249 Задание запуска модулей создано
15-03-18 at 16:39:03:249 Сканер создан
15-03-18 at 16:39:03:249 Регистратор создан
15-03-18 at 16:39:03:249 Часы созданы
15-03-18 at 16:39:03:250 Регистратор запущен
15-03-18 at 16:39:03:250 Сканер запущен
15-03-18 at 16:39:03:250 Часы запущены
15-03-18 at 16:39:03:250 Кардридер запущен
15-03-18 at 16:39:03:251 Передача данных запущена
15-03-18 at 16:39:03:251 Вход в FRInit
15-03-18 at 16:39:03:252 Вход в GetStatus
15-03-18 at 16:39:03:266 Send 05 
15-03-18 at 16:39:03:281 Recived 15 
15-03-18 at 16:39:03:281 Send 06 
15-03-18 at 16:39:03:296 Send 02 05 11 1E 00 00 00 0A 
15-03-18 at 16:39:03:311 Recived 06 02 30 11 00 1E 43 31 1C B3 14 0C 11 01 1D 00 B2 02 03 00 00 4E 41 00 00 01 01 10 0F 03 12 10 27 07 00 2E 5D 00 00 0D 00 00 00 00 00 EF 95 10 42 01 00 22 
15-03-18 at 16:39:03:326 Send 06 
15-03-18 at 16:39:03:327 KKMStatus 0000
15-03-18 at 16:39:03:341 Send 05 
15-03-18 at 16:39:03:356 Recived 15 
15-03-18 at 16:39:03:356 Send 06 
15-03-18 at 16:39:03:371 Send 02 05 11 1E 00 00 00 0A 
15-03-18 at 16:39:03:386 Recived 06 02 30 11 00 1E 43 31 1C B3 14 0C 11 01 1D 00 B2 02 03 00 00 4E 41 00 00 01 01 10 0F 03 12 10 27 07 00 2E 5D 00 00 0D 00 00 00 00 00 EF 95 10 42 01 00 22 
15-03-18 at 16:39:03:401 Send 06 
15-03-18 at 16:39:03:402 KKMStatus 0300
15-03-18 at 16:39:03:402 Номер ФР считан
15-03-18 at 16:39:03:569 СУБД подключена
15-03-18 at 16:39:03:583 Send 05 
15-03-18 at 16:39:03:598 Recived 15 
15-03-18 at 16:39:03:598 Send 06 
15-03-18 at 16:39:03:613 Send 02 0A 1E 1E 00 00 00 01 01 00 01 01 0A 
15-03-18 at 16:39:03:628 Recived 06 02 02 1E 00 1C 
15-03-18 at 16:39:03:643 Send 06 
15-03-18 at 16:39:03:658 Send 05 
15-03-18 at 16:39:03:673 Recived 15 
15-03-18 at 16:39:03:673 Send 06 
15-03-18 at 16:39:03:688 Send 02 0A 1E 1E 00 00 00 01 01 00 05 02 0D 
15-03-18 at 16:39:03:703 Recived 06 02 02 1E 00 1C 
15-03-18 at 16:39:03:718 Send 06 
15-03-18 at 16:39:03:733 Send 05 
15-03-18 at 16:39:03:748 Recived 15 
15-03-18 at 16:39:03:748 Send 06 
15-03-18 at 16:39:03:763 Send 02 0A 1E 1E 00 00 00 01 01 00 23 01 28 
15-03-18 at 16:39:03:778 Recived 06 02 02 1E 00 1C 
15-03-18 at 16:39:03:793 Send 06 
15-03-18 at 16:39:03:808 Send 05 
15-03-18 at 16:39:03:823 Recived 15 
15-03-18 at 16:39:03:823 Send 06 
15-03-18 at 16:39:03:838 Send 02 0A 1E 1E 00 00 00 01 01 00 06 00 0C 
15-03-18 at 16:39:03:853 Recived 06 02 02 1E 00 1C 
15-03-18 at 16:39:03:868 Send 06 
15-03-18 at 16:39:03:883 Send 05 
15-03-18 at 16:39:03:898 Recived 15 
15-03-18 at 16:39:03:898 Send 06 
15-03-18 at 16:39:03:913 Send 02 0A 1E 1E 00 00 00 01 01 00 07 01 0C 
15-03-18 at 16:39:03:928 Recived 06 02 02 1E 00 1C 
15-03-18 at 16:39:03:943 Send 06 
15-03-18 at 16:39:03:958 Send 05 
15-03-18 at 16:39:03:973 Recived 15 
15-03-18 at 16:39:03:973 Send 06 
15-03-18 at 16:39:03:988 Send 02 0A 1E 1E 00 00 00 01 01 00 14 01 1F 
15-03-18 at 16:39:04:003 Recived 06 02 02 1E 00 1C 
15-03-18 at 16:39:04:018 Send 06 
15-03-18 at 16:39:04:033 Send 05 
15-03-18 at 16:39:04:048 Recived 15 
15-03-18 at 16:39:04:048 Send 06 
15-03-18 at 16:39:04:063 Send 02 0A 1E 1E 00 00 00 01 01 00 15 01 1E 
15-03-18 at 16:39:04:078 Recived 06 02 02 1E 00 1C 
15-03-18 at 16:39:04:093 Send 06 
15-03-18 at 16:39:04:108 Send 05 
15-03-18 at 16:39:04:123 Recived 15 
15-03-18 at 16:39:04:123 Send 06 
15-03-18 at 16:39:04:138 Send 02 0A 1E 1E 00 00 00 01 01 00 0F 00 05 
15-03-18 at 16:39:04:153 Recived 06 02 02 1E 00 1C 
15-03-18 at 16:39:04:168 Send 06 
15-03-18 at 16:39:04:183 Send 05 
15-03-18 at 16:39:04:198 Recived 15 
15-03-18 at 16:39:04:198 Send 06 
15-03-18 at 16:39:04:213 Send 02 0A 1E 1E 00 00 00 01 01 00 11 00 1B 
15-03-18 at 16:39:04:228 Recived 06 02 02 1E 00 1C 
15-03-18 at 16:39:04:243 Send 06 
15-03-18 at 16:39:04:258 Send 05 
15-03-18 at 16:39:04:273 Recived 15 
15-03-18 at 16:39:04:273 Send 06 
15-03-18 at 16:39:04:288 Send 02 0A 1E 1E 00 00 00 11 01 00 03 02 1B 
15-03-18 at 16:39:04:303 Recived 06 02 02 1E 00 1C 
15-03-18 at 16:39:04:318 Send 06 
15-03-18 at 16:39:04:333 Send 05 
15-03-18 at 16:39:04:348 Recived 15 
15-03-18 at 16:39:04:348 Send 06 
15-03-18 at 16:39:04:363 Send 02 0A 1E 1E 00 00 00 01 01 00 29 01 22 
15-03-18 at 16:39:04:378 Recived 06 02 02 1E 00 1C 
15-03-18 at 16:39:04:393 Send 06 
15-03-18 at 16:39:04:408 Send 05 
15-03-18 at 16:39:04:423 Recived 15 
15-03-18 at 16:39:04:423 Send 06 
15-03-18 at 16:39:04:438 Send 02 26 1E 1E 00 00 00 04 0C 00 01 20 20 20 20 20 20 20 20 20 20 20 C4 CE C1 D0 CE 20 CF CE C6 C0 CB CE C2 C0 D2 DC 21 00 D5 
15-03-18 at 16:39:04:456 Recived 06 02 02 1E 00 1C 
15-03-18 at 16:39:04:471 Send 06 
15-03-18 at 16:39:04:486 Send 05 
15-03-18 at 16:39:04:501 Recived 15 
15-03-18 at 16:39:04:501 Send 06 
15-03-18 at 16:39:04:516 Send 02 29 1E 1E 00 00 00 04 0D 00 01 20 20 20 20 20 20 20 20 CE CE CE 20 CA EE EC EF E0 ED E8 FF 20 27 CA CE CB CE D0 CB CE CD 27 00 CB 
15-03-18 at 16:39:04:533 Recived 06 02 02 1E 00 1C 
15-03-18 at 16:39:04:548 Send 06 
15-03-18 at 16:39:04:563 Send 05 
15-03-18 at 16:39:04:578 Recived 15 
15-03-18 at 16:39:04:578 Send 06 
15-03-18 at 16:39:04:593 Send 02 2D 1E 1E 00 00 00 04 0E 00 01 20 20 20 20 20 CC E0 E3 E0 E7 E8 ED 20 27 C2 F1 E5 20 F2 EE E2 E0 F0 FB 20 E4 EB FF 20 E4 EE EC E0 27 20 00 DE 
15-03-18 at 16:39:04:611 Recived 06 02 02 1E 00 1C 
15-03-18 at 16:39:04:626 Send 06 
15-03-18 at 16:39:04:701 now clear port error ...
15-03-18 at 16:39:04:702 now write to port ...
15-03-18 at 16:39:04:835 ... done
15-03-18 at 16:39:04:867 Send 05 
15-03-18 at 16:39:04:882 Recived 15 
15-03-18 at 16:39:04:882 Send 06 
15-03-18 at 16:39:04:897 Send 02 06 1A 1E 00 00 00 79 7B 
15-03-18 at 16:39:04:912 Recived 06 02 09 1A 00 1E 10 27 00 00 00 00 3A 
15-03-18 at 16:39:04:927 Send 06 
15-03-18 at 16:39:07:000 Cardreader  Антонов Сергей 
15-03-18 at 16:39:07:017 Send 05 
15-03-18 at 16:39:07:040 Recived 15 
15-03-18 at 16:39:07:055 Send 06 
15-03-18 at 16:39:07:070 Send 02 20 1E 1E 00 00 00 02 1E 00 02 CA E0 F1 F1 E8 F0 20 C0 ED F2 EE ED EE E2 20 D1 E5 F0 E3 E5 E9 20 00 D7 
15-03-18 at 16:39:07:088 Recived 06 02 02 1E 00 1C 
15-03-18 at 16:39:07:103 Send 06 
15-03-18 at 16:39:07:105 now clear port error ...
15-03-18 at 16:39:07:105 now write to port ...
15-03-18 at 16:39:07:238 ... done
15-03-18 at 16:39:08:003 Send 05 
15-03-18 at 16:39:08:018 Recived 15 
15-03-18 at 16:39:08:018 Send 06 
15-03-18 at 16:39:08:033 Send 02 06 FF 39 1E 00 00 00 DE 
15-03-18 at 16:39:08:048 Recived 06 02 10 FF 39 00 00 00 00 00 00 00 00 00 00 00 00 00 00 D6 
15-03-18 at 16:39:08:063 Send 06 
15-03-18 at 16:39:08:544 Попытка очистки таблицы
15-03-18 at 16:39:08:545 Попытка очистки успешна
15-03-18 at 16:39:09:805 total calculated
15-03-18 at 16:39:09:805 now show on display
15-03-18 at 16:39:09:805                     Всего:        738.00
15-03-18 at 16:39:09:805 now clear port error ...
15-03-18 at 16:39:09:806 now write to port ...
15-03-18 at 16:39:09:939 ... done
15-03-18 at 16:39:09:940 total calculated
15-03-18 at 16:39:09:940 now show on display
15-03-18 at 16:39:09:941                     Всего:        738.00
15-03-18 at 16:39:09:941 now clear port error ...
15-03-18 at 16:39:09:941 now write to port ...
15-03-18 at 16:39:10:111 ... done
15-03-18 at 16:39:10:113 111
15-03-18 at 16:39:10:113 Выход из программы
15-03-18 at 16:49:27:026 Запуск программы. Инициализация считана из файла
15-03-18 at 16:49:27:027 Чек загружен.
15-03-18 at 16:49:27:028 Платежи по картам восстановлены
15-03-18 at 16:49:27:029 total calculated
15-03-18 at 16:49:27:029 now show on display
15-03-18 at 16:49:27:029                     Всего:        738.00
15-03-18 at 16:49:27:029 now open port for display
15-03-18 at 16:49:27:030 Com port opened
15-03-18 at 16:49:27:030 now clear port error ...
15-03-18 at 16:49:27:030 now write to port ...
15-03-18 at 16:49:27:164 ... done
15-03-18 at 16:49:27:164 Чек сжат
15-03-18 at 16:49:27:164 Сумма чека посчитана
15-03-18 at 16:49:27:165 Кардридер создан
15-03-18 at 16:49:27:165 Задание запуска модулей создано
15-03-18 at 16:49:27:165 Сканер создан
15-03-18 at 16:49:27:165 Регистратор создан
15-03-18 at 16:49:27:165 Часы созданы
15-03-18 at 16:49:27:166 Регистратор запущен
15-03-18 at 16:49:27:166 Сканер запущен
15-03-18 at 16:49:27:166 Часы запущены
15-03-18 at 16:49:27:166 Кардридер запущен
15-03-18 at 16:49:27:167 Передача данных запущена
15-03-18 at 16:49:27:167 Вход в FRInit
15-03-18 at 16:49:27:167 Вход в GetStatus
15-03-18 at 16:49:27:182 Send 05 
15-03-18 at 16:49:27:197 Recived 15 
15-03-18 at 16:49:27:197 Send 06 
15-03-18 at 16:49:27:212 Send 02 05 11 1E 00 00 00 0A 
15-03-18 at 16:49:27:227 Recived 06 02 30 11 00 1E 43 31 1C B3 14 0C 11 01 1D 00 B2 02 03 00 00 4E 41 00 00 01 01 10 0F 03 12 10 31 1F 00 2E 5D 00 00 0D 00 00 00 00 00 EF 95 10 42 01 00 2C 
15-03-18 at 16:49:27:242 Send 06 
15-03-18 at 16:49:27:252 KKMStatus 0000
15-03-18 at 16:49:27:257 Send 05 
15-03-18 at 16:49:27:272 Recived 15 
15-03-18 at 16:49:27:272 Send 06 
15-03-18 at 16:49:27:287 Send 02 05 11 1E 00 00 00 0A 
15-03-18 at 16:49:27:302 Recived 06 02 30 11 00 1E 43 31 1C B3 14 0C 11 01 1D 00 B2 02 03 00 00 4E 41 00 00 01 01 10 0F 03 12 10 31 1F 00 2E 5D 00 00 0D 00 00 00 00 00 EF 95 10 42 01 00 2C 
15-03-18 at 16:49:27:317 Send 06 
15-03-18 at 16:49:27:327 KKMStatus 0300
15-03-18 at 16:49:27:327 Номер ФР считан
15-03-18 at 16:49:27:505 СУБД подключена
15-03-18 at 16:49:27:531 Send 05 
15-03-18 at 16:49:27:546 Recived 15 
15-03-18 at 16:49:27:546 Send 06 
15-03-18 at 16:49:27:561 Send 02 0A 1E 1E 00 00 00 01 01 00 01 01 0A 
15-03-18 at 16:49:27:576 Recived 06 02 02 1E 00 1C 
15-03-18 at 16:49:27:591 Send 06 
15-03-18 at 16:49:27:606 Send 05 
15-03-18 at 16:49:27:621 Recived 15 
15-03-18 at 16:49:27:621 Send 06 
15-03-18 at 16:49:27:636 Send 02 0A 1E 1E 00 00 00 01 01 00 05 02 0D 
15-03-18 at 16:49:27:651 Recived 06 02 02 1E 00 1C 
15-03-18 at 16:49:27:666 Send 06 
15-03-18 at 16:49:27:681 Send 05 
15-03-18 at 16:49:27:696 Recived 15 
15-03-18 at 16:49:27:696 Send 06 
15-03-18 at 16:49:27:711 Send 02 0A 1E 1E 00 00 00 01 01 00 23 01 28 
15-03-18 at 16:49:27:726 Recived 06 02 02 1E 00 1C 
15-03-18 at 16:49:27:741 Send 06 
15-03-18 at 16:49:27:756 Send 05 
15-03-18 at 16:49:27:771 Recived 15 
15-03-18 at 16:49:27:771 Send 06 
15-03-18 at 16:49:27:786 Send 02 0A 1E 1E 00 00 00 01 01 00 06 00 0C 
15-03-18 at 16:49:27:801 Recived 06 02 02 1E 00 1C 
15-03-18 at 16:49:27:816 Send 06 
15-03-18 at 16:49:27:831 Send 05 
15-03-18 at 16:49:27:846 Recived 15 
15-03-18 at 16:49:27:846 Send 06 
15-03-18 at 16:49:27:861 Send 02 0A 1E 1E 00 00 00 01 01 00 07 01 0C 
15-03-18 at 16:49:27:876 Recived 06 02 02 1E 00 1C 
15-03-18 at 16:49:27:891 Send 06 
15-03-18 at 16:49:27:906 Send 05 
15-03-18 at 16:49:27:921 Recived 15 
15-03-18 at 16:49:27:921 Send 06 
15-03-18 at 16:49:27:936 Send 02 0A 1E 1E 00 00 00 01 01 00 14 01 1F 
15-03-18 at 16:49:27:951 Recived 06 02 02 1E 00 1C 
15-03-18 at 16:49:27:966 Send 06 
15-03-18 at 16:49:27:981 Send 05 
15-03-18 at 16:49:27:996 Recived 15 
15-03-18 at 16:49:27:996 Send 06 
15-03-18 at 16:49:28:011 Send 02 0A 1E 1E 00 00 00 01 01 00 15 01 1E 
15-03-18 at 16:49:28:026 Recived 06 02 02 1E 00 1C 
15-03-18 at 16:49:28:041 Send 06 
15-03-18 at 16:49:28:056 Send 05 
15-03-18 at 16:49:28:071 Recived 15 
15-03-18 at 16:49:28:071 Send 06 
15-03-18 at 16:49:28:086 Send 02 0A 1E 1E 00 00 00 01 01 00 0F 00 05 
15-03-18 at 16:49:28:101 Recived 06 02 02 1E 00 1C 
15-03-18 at 16:49:28:116 Send 06 
15-03-18 at 16:49:28:131 Send 05 
15-03-18 at 16:49:28:146 Recived 15 
15-03-18 at 16:49:28:146 Send 06 
15-03-18 at 16:49:28:161 Send 02 0A 1E 1E 00 00 00 01 01 00 11 00 1B 
15-03-18 at 16:49:28:176 Recived 06 02 02 1E 00 1C 
15-03-18 at 16:49:28:191 Send 06 
15-03-18 at 16:49:28:206 Send 05 
15-03-18 at 16:49:28:221 Recived 15 
15-03-18 at 16:49:28:221 Send 06 
15-03-18 at 16:49:28:236 Send 02 0A 1E 1E 00 00 00 11 01 00 03 02 1B 
15-03-18 at 16:49:28:251 Recived 06 02 02 1E 00 1C 
15-03-18 at 16:49:28:266 Send 06 
15-03-18 at 16:49:28:281 Send 05 
15-03-18 at 16:49:28:296 Recived 15 
15-03-18 at 16:49:28:296 Send 06 
15-03-18 at 16:49:28:311 Send 02 0A 1E 1E 00 00 00 01 01 00 29 01 22 
15-03-18 at 16:49:28:326 Recived 06 02 02 1E 00 1C 
15-03-18 at 16:49:28:341 Send 06 
15-03-18 at 16:49:28:356 Send 05 
15-03-18 at 16:49:28:371 Recived 15 
15-03-18 at 16:49:28:371 Send 06 
15-03-18 at 16:49:28:386 Send 02 26 1E 1E 00 00 00 04 0C 00 01 20 20 20 20 20 20 20 20 20 20 20 C4 CE C1 D0 CE 20 CF CE C6 C0 CB CE C2 C0 D2 DC 21 00 D5 
15-03-18 at 16:49:28:404 Recived 06 02 02 1E 00 1C 
15-03-18 at 16:49:28:419 Send 06 
15-03-18 at 16:49:28:434 Send 05 
15-03-18 at 16:49:28:449 Recived 15 
15-03-18 at 16:49:28:449 Send 06 
15-03-18 at 16:49:28:464 Send 02 29 1E 1E 00 00 00 04 0D 00 01 20 20 20 20 20 20 20 20 CE CE CE 20 CA EE EC EF E0 ED E8 FF 20 27 CA CE CB CE D0 CB CE CD 27 00 CB 
15-03-18 at 16:49:28:482 Recived 06 02 02 1E 00 1C 
15-03-18 at 16:49:28:497 Send 06 
15-03-18 at 16:49:28:512 Send 05 
15-03-18 at 16:49:28:527 Recived 15 
15-03-18 at 16:49:28:527 Send 06 
15-03-18 at 16:49:28:542 Send 02 2D 1E 1E 00 00 00 04 0E 00 01 20 20 20 20 20 CC E0 E3 E0 E7 E8 ED 20 27 C2 F1 E5 20 F2 EE E2 E0 F0 FB 20 E4 EB FF 20 E4 EE EC E0 27 20 00 DE 
15-03-18 at 16:49:28:560 Recived 06 02 02 1E 00 1C 
15-03-18 at 16:49:28:575 Send 06 
15-03-18 at 16:49:28:644 now clear port error ...
15-03-18 at 16:49:28:644 now write to port ...
15-03-18 at 16:49:28:778 ... done
15-03-18 at 16:49:28:800 Send 05 
15-03-18 at 16:49:28:815 Recived 15 
15-03-18 at 16:49:28:815 Send 06 
15-03-18 at 16:49:28:830 Send 02 06 1A 1E 00 00 00 79 7B 
15-03-18 at 16:49:28:845 Recived 06 02 09 1A 00 1E 10 27 00 00 00 00 3A 
15-03-18 at 16:49:28:860 Send 06 
15-03-18 at 16:49:30:937 Cardreader  Антонов Сергей 
15-03-18 at 16:49:30:947 Send 05 
15-03-18 at 16:49:30:966 Recived 15 
15-03-18 at 16:49:30:967 Send 06 
15-03-18 at 16:49:30:982 Send 02 20 1E 1E 00 00 00 02 1E 00 02 CA E0 F1 F1 E8 F0 20 C0 ED F2 EE ED EE E2 20 D1 E5 F0 E3 E5 E9 20 00 D7 
15-03-18 at 16:49:31:000 Recived 06 02 02 1E 00 1C 
15-03-18 at 16:49:31:015 Send 06 
15-03-18 at 16:49:31:017 now clear port error ...
15-03-18 at 16:49:31:017 now write to port ...
15-03-18 at 16:49:31:150 ... done
15-03-18 at 16:49:31:945 Send 05 
15-03-18 at 16:49:31:960 Recived 15 
15-03-18 at 16:49:31:960 Send 06 
15-03-18 at 16:49:31:975 Send 02 06 FF 39 1E 00 00 00 DE 
15-03-18 at 16:49:31:990 Recived 06 02 10 FF 39 00 00 00 00 00 00 00 00 00 00 00 00 00 00 D6 
15-03-18 at 16:49:32:005 Send 06 
15-03-18 at 16:49:32:773 Попытка очистки таблицы
15-03-18 at 16:49:32:773 Попытка очистки успешна
15-03-18 at 16:49:33:907 total calculated
15-03-18 at 16:49:33:907 now show on display
15-03-18 at 16:49:33:908                     Всего:        738.00
15-03-18 at 16:49:33:908 now clear port error ...
15-03-18 at 16:49:33:908 now write to port ...
15-03-18 at 16:49:34:042 ... done
15-03-18 at 16:49:34:043 total calculated
15-03-18 at 16:49:34:043 now show on display
15-03-18 at 16:49:34:043                     Всего:        738.00
15-03-18 at 16:49:34:043 now clear port error ...
15-03-18 at 16:49:34:044 now write to port ...
15-03-18 at 16:49:34:213 ... done
15-03-18 at 16:49:34:216 111
15-03-18 at 16:49:34:216 Выход из программы
15-03-18 at 17:01:43:477 Запуск программы. Инициализация считана из файла
15-03-18 at 17:01:43:477 Чек загружен.
15-03-18 at 17:01:43:478 Платежи по картам восстановлены
15-03-18 at 17:01:43:479 total calculated
15-03-18 at 17:01:43:479 now show on display
15-03-18 at 17:01:43:479                     Всего:        738.00
15-03-18 at 17:01:43:479 now open port for display
15-03-18 at 17:01:43:480 Com port opened
15-03-18 at 17:01:43:480 now clear port error ...
15-03-18 at 17:01:43:480 now write to port ...
15-03-18 at 17:01:43:614 ... done
15-03-18 at 17:01:43:614 Чек сжат
15-03-18 at 17:01:43:614 Сумма чека посчитана
15-03-18 at 17:01:43:615 Кардридер создан
15-03-18 at 17:01:43:615 Задание запуска модулей создано
15-03-18 at 17:01:43:615 Сканер создан
15-03-18 at 17:01:43:615 Регистратор создан
15-03-18 at 17:01:43:616 Часы созданы
15-03-18 at 17:01:43:616 Регистратор запущен
15-03-18 at 17:01:43:616 Сканер запущен
15-03-18 at 17:01:43:616 Часы запущены
15-03-18 at 17:01:43:616 Кардридер запущен
15-03-18 at 17:01:43:617 Передача данных запущена
15-03-18 at 17:01:43:617 Вход в FRInit
15-03-18 at 17:01:43:618 Вход в GetStatus
15-03-18 at 17:01:43:632 Send 05 
15-03-18 at 17:01:43:647 Recived 15 
15-03-18 at 17:01:43:647 Send 06 
15-03-18 at 17:01:43:662 Send 02 05 11 1E 00 00 00 0A 
15-03-18 at 17:01:43:677 Recived 06 02 30 11 00 1E 43 31 1C B3 14 0C 11 01 1D 00 B2 02 03 00 00 4E 41 00 00 01 01 10 0F 03 12 11 01 2F 00 2E 5D 00 00 0D 00 00 00 00 00 EF 95 10 42 01 00 2D 
15-03-18 at 17:01:43:692 Send 06 
15-03-18 at 17:01:43:693 KKMStatus 0000
15-03-18 at 17:01:43:707 Send 05 
15-03-18 at 17:01:43:722 Recived 15 
15-03-18 at 17:01:43:722 Send 06 
15-03-18 at 17:01:43:737 Send 02 05 11 1E 00 00 00 0A 
15-03-18 at 17:01:43:752 Recived 06 02 30 11 00 1E 43 31 1C B3 14 0C 11 01 1D 00 B2 02 03 00 00 4E 41 00 00 01 01 10 0F 03 12 11 01 2F 00 2E 5D 00 00 0D 00 00 00 00 00 EF 95 10 42 01 00 2D 
15-03-18 at 17:01:43:767 Send 06 
15-03-18 at 17:01:43:768 KKMStatus 0300
15-03-18 at 17:01:43:768 Номер ФР считан
15-03-18 at 17:01:43:944 СУБД подключена
15-03-18 at 17:01:43:971 Send 05 
15-03-18 at 17:01:43:986 Recived 15 
15-03-18 at 17:01:43:986 Send 06 
15-03-18 at 17:01:44:001 Send 02 0A 1E 1E 00 00 00 01 01 00 01 01 0A 
15-03-18 at 17:01:44:016 Recived 06 02 02 1E 00 1C 
15-03-18 at 17:01:44:031 Send 06 
15-03-18 at 17:01:44:046 Send 05 
15-03-18 at 17:01:44:061 Recived 15 
15-03-18 at 17:01:44:061 Send 06 
15-03-18 at 17:01:44:076 Send 02 0A 1E 1E 00 00 00 01 01 00 05 02 0D 
15-03-18 at 17:01:44:091 Recived 06 02 02 1E 00 1C 
15-03-18 at 17:01:44:106 Send 06 
15-03-18 at 17:01:44:121 Send 05 
15-03-18 at 17:01:44:136 Recived 15 
15-03-18 at 17:01:44:136 Send 06 
15-03-18 at 17:01:44:151 Send 02 0A 1E 1E 00 00 00 01 01 00 23 01 28 
15-03-18 at 17:01:44:166 Recived 06 02 02 1E 00 1C 
15-03-18 at 17:01:44:181 Send 06 
15-03-18 at 17:01:44:196 Send 05 
15-03-18 at 17:01:44:211 Recived 15 
15-03-18 at 17:01:44:211 Send 06 
15-03-18 at 17:01:44:226 Send 02 0A 1E 1E 00 00 00 01 01 00 06 00 0C 
15-03-18 at 17:01:44:241 Recived 06 02 02 1E 00 1C 
15-03-18 at 17:01:44:256 Send 06 
15-03-18 at 17:01:44:271 Send 05 
15-03-18 at 17:01:44:286 Recived 15 
15-03-18 at 17:01:44:286 Send 06 
15-03-18 at 17:01:44:301 Send 02 0A 1E 1E 00 00 00 01 01 00 07 01 0C 
15-03-18 at 17:01:44:316 Recived 06 02 02 1E 00 1C 
15-03-18 at 17:01:44:331 Send 06 
15-03-18 at 17:01:44:346 Send 05 
15-03-18 at 17:01:44:361 Recived 15 
15-03-18 at 17:01:44:361 Send 06 
15-03-18 at 17:01:44:376 Send 02 0A 1E 1E 00 00 00 01 01 00 14 01 1F 
15-03-18 at 17:01:44:391 Recived 06 02 02 1E 00 1C 
15-03-18 at 17:01:44:406 Send 06 
15-03-18 at 17:01:44:421 Send 05 
15-03-18 at 17:01:44:436 Recived 15 
15-03-18 at 17:01:44:436 Send 06 
15-03-18 at 17:01:44:451 Send 02 0A 1E 1E 00 00 00 01 01 00 15 01 1E 
15-03-18 at 17:01:44:466 Recived 06 02 02 1E 00 1C 
15-03-18 at 17:01:44:481 Send 06 
15-03-18 at 17:01:44:496 Send 05 
15-03-18 at 17:01:44:511 Recived 15 
15-03-18 at 17:01:44:511 Send 06 
15-03-18 at 17:01:44:526 Send 02 0A 1E 1E 00 00 00 01 01 00 0F 00 05 
15-03-18 at 17:01:44:541 Recived 06 02 02 1E 00 1C 
15-03-18 at 17:01:44:556 Send 06 
15-03-18 at 17:01:44:571 Send 05 
15-03-18 at 17:01:44:586 Recived 15 
15-03-18 at 17:01:44:586 Send 06 
15-03-18 at 17:01:44:601 Send 02 0A 1E 1E 00 00 00 01 01 00 11 00 1B 
15-03-18 at 17:01:44:616 Recived 06 02 02 1E 00 1C 
15-03-18 at 17:01:44:631 Send 06 
15-03-18 at 17:01:44:646 Send 05 
15-03-18 at 17:01:44:661 Recived 15 
15-03-18 at 17:01:44:661 Send 06 
15-03-18 at 17:01:44:676 Send 02 0A 1E 1E 00 00 00 11 01 00 03 02 1B 
15-03-18 at 17:01:44:691 Recived 06 02 02 1E 00 1C 
15-03-18 at 17:01:44:706 Send 06 
15-03-18 at 17:01:44:721 Send 05 
15-03-18 at 17:01:44:736 Recived 15 
15-03-18 at 17:01:44:736 Send 06 
15-03-18 at 17:01:44:751 Send 02 0A 1E 1E 00 00 00 01 01 00 29 01 22 
15-03-18 at 17:01:44:766 Recived 06 02 02 1E 00 1C 
15-03-18 at 17:01:44:781 Send 06 
15-03-18 at 17:01:44:796 Send 05 
15-03-18 at 17:01:44:811 Recived 15 
15-03-18 at 17:01:44:811 Send 06 
15-03-18 at 17:01:44:826 Send 02 26 1E 1E 00 00 00 04 0C 00 01 20 20 20 20 20 20 20 20 20 20 20 C4 CE C1 D0 CE 20 CF CE C6 C0 CB CE C2 C0 D2 DC 21 00 D5 
15-03-18 at 17:01:44:843 Recived 06 02 02 1E 00 1C 
15-03-18 at 17:01:44:858 Send 06 
15-03-18 at 17:01:44:873 Send 05 
15-03-18 at 17:01:44:888 Recived 15 
15-03-18 at 17:01:44:888 Send 06 
15-03-18 at 17:01:44:903 Send 02 29 1E 1E 00 00 00 04 0D 00 01 20 20 20 20 20 20 20 20 CE CE CE 20 CA EE EC EF E0 ED E8 FF 20 27 CA CE CB CE D0 CB CE CD 27 00 CB 
15-03-18 at 17:01:44:921 Recived 06 02 02 1E 00 1C 
15-03-18 at 17:01:44:936 Send 06 
15-03-18 at 17:01:44:951 Send 05 
15-03-18 at 17:01:44:966 Recived 15 
15-03-18 at 17:01:44:966 Send 06 
15-03-18 at 17:01:44:981 Send 02 2D 1E 1E 00 00 00 04 0E 00 01 20 20 20 20 20 CC E0 E3 E0 E7 E8 ED 20 27 C2 F1 E5 20 F2 EE E2 E0 F0 FB 20 E4 EB FF 20 E4 EE EC E0 27 20 00 DE 
15-03-18 at 17:01:44:998 Recived 06 02 02 1E 00 1C 
15-03-18 at 17:01:45:013 Send 06 
15-03-18 at 17:01:45:085 now clear port error ...
15-03-18 at 17:01:45:085 now write to port ...
15-03-18 at 17:01:45:219 ... done
15-03-18 at 17:01:45:253 Send 05 
15-03-18 at 17:01:45:268 Recived 15 
15-03-18 at 17:01:45:268 Send 06 
15-03-18 at 17:01:45:283 Send 02 06 1A 1E 00 00 00 79 7B 
15-03-18 at 17:01:45:298 Recived 06 02 09 1A 00 1E 10 27 00 00 00 00 3A 
15-03-18 at 17:01:45:313 Send 06 
15-03-18 at 17:01:47:389 Cardreader  Антонов Сергей 
15-03-18 at 17:01:47:399 Send 05 
15-03-18 at 17:01:47:414 Recived 15 
15-03-18 at 17:01:47:414 Send 06 
15-03-18 at 17:01:47:429 Send 02 20 1E 1E 00 00 00 02 1E 00 02 CA E0 F1 F1 E8 F0 20 C0 ED F2 EE ED EE E2 20 D1 E5 F0 E3 E5 E9 20 00 D7 
15-03-18 at 17:01:47:447 Recived 06 02 02 1E 00 1C 
15-03-18 at 17:01:47:462 Send 06 
15-03-18 at 17:01:47:469 now clear port error ...
15-03-18 at 17:01:47:469 now write to port ...
15-03-18 at 17:01:47:602 ... done
15-03-18 at 17:01:48:392 Send 05 
15-03-18 at 17:01:48:407 Recived 15 
15-03-18 at 17:01:48:407 Send 06 
15-03-18 at 17:01:48:422 Send 02 06 FF 39 1E 00 00 00 DE 
15-03-18 at 17:01:48:437 Recived 06 02 10 FF 39 00 00 00 00 00 00 00 00 00 00 00 00 00 00 D6 
15-03-18 at 17:01:48:452 Send 06 
15-03-18 at 17:01:49:595 Попытка очистки таблицы
15-03-18 at 17:01:49:595 Попытка очистки успешна
15-03-18 at 17:01:50:974 total calculated
15-03-18 at 17:01:50:974 now show on display
15-03-18 at 17:01:50:975                     Всего:        738.00
15-03-18 at 17:01:50:975 now clear port error ...
15-03-18 at 17:01:50:975 now write to port ...
15-03-18 at 17:01:51:109 ... done
15-03-18 at 17:01:51:110 total calculated
15-03-18 at 17:01:51:110 now show on display
15-03-18 at 17:01:51:110                     Всего:        738.00
15-03-18 at 17:01:51:111 now clear port error ...
15-03-18 at 17:01:51:111 now write to port ...
15-03-18 at 17:01:51:281 ... done
15-03-18 at 17:01:51:283 111
15-03-18 at 17:01:51:283 Выход из программы
