22-08-18 at 10:45:41:526 Запуск программы. Инициализация считана из файла
22-08-18 at 10:45:41:526 Чек загружен.
22-08-18 at 10:45:41:527 total calculated
22-08-18 at 10:45:41:527 now show on display
22-08-18 at 10:45:41:527                     Всего:          0.00
22-08-18 at 10:45:41:527 now open port for display
22-08-18 at 10:45:41:528 Com port opened
22-08-18 at 10:45:41:528 now clear port error ...
22-08-18 at 10:45:41:528 now write to port ...
22-08-18 at 10:45:41:662 ... done
22-08-18 at 10:45:41:662 Чек сжат
22-08-18 at 10:45:41:663 Сумма чека посчитана
22-08-18 at 10:45:41:663 Кардридер создан
22-08-18 at 10:45:41:663 Задание запуска модулей создано
22-08-18 at 10:45:41:664 Сканер создан
22-08-18 at 10:45:41:664 Регистратор создан
22-08-18 at 10:45:41:664 Часы созданы
22-08-18 at 10:45:41:665 Регистратор запущен
22-08-18 at 10:45:41:665 Сканер запущен
22-08-18 at 10:45:41:665 Часы запущены
22-08-18 at 10:45:41:665 Кардридер запущен
22-08-18 at 10:45:41:666 Передача данных запущена
22-08-18 at 10:45:41:666 Вход в FRInit
22-08-18 at 10:45:41:666 Вход в GetStatus
22-08-18 at 10:45:41:682 Send 05 
22-08-18 at 10:45:41:697 Recived 15 
22-08-18 at 10:45:41:697 Send 06 
22-08-18 at 10:45:41:712 Send 02 05 11 1E 00 00 00 0A 
22-08-18 at 10:45:41:727 Recived 06 02 30 11 00 1E 43 31 CB D3 19 04 12 01 34 00 92 02 02 00 00 4E 41 00 00 01 01 10 16 08 12 0A 2D 2A 00 2E 5D 00 00 0E 00 00 00 00 00 D2 E9 1E 42 01 00 F8 
22-08-18 at 10:45:41:742 Send 06 
22-08-18 at 10:45:41:747 KKMStatus 0000
22-08-18 at 10:45:41:757 Send 05 
22-08-18 at 10:45:41:772 Recived 15 
22-08-18 at 10:45:41:772 Send 06 
22-08-18 at 10:45:41:787 Send 02 05 11 1E 00 00 00 0A 
22-08-18 at 10:45:41:802 Recived 06 02 30 11 00 1E 43 31 CB D3 19 04 12 01 34 00 92 02 02 00 00 4E 41 00 00 01 01 10 16 08 12 0A 2D 2A 00 2E 5D 00 00 0E 00 00 00 00 00 D2 E9 1E 42 01 00 F8 
22-08-18 at 10:45:41:817 Send 06 
22-08-18 at 10:45:41:822 KKMStatus 0200
22-08-18 at 10:45:41:822 Номер ФР считан
22-08-18 at 10:45:42:040 СУБД подключена
22-08-18 at 10:45:42:069 Send 05 
22-08-18 at 10:45:42:084 Recived 15 
22-08-18 at 10:45:42:084 Send 06 
22-08-18 at 10:45:42:099 Send 02 17 1E 1E 00 00 00 05 03 00 01 CA 41 D0 D2 CE C9 20 56 49 53 41 2F 4D 43 92 
22-08-18 at 10:45:42:115 Recived 06 02 02 1E 00 1C 
22-08-18 at 10:45:42:130 Send 06 
22-08-18 at 10:45:42:145 Send 05 
22-08-18 at 10:45:42:160 Recived 15 
22-08-18 at 10:45:42:160 Send 06 
22-08-18 at 10:45:42:175 Send 02 18 1E 1E 00 00 00 05 04 00 01 C4 D0 D3 C3 C8 CC C8 20 CA C0 D0 D2 C0 CC C8 3C 
22-08-18 at 10:45:42:191 Recived 06 02 02 1E 00 1C 
22-08-18 at 10:45:42:206 Send 06 
22-08-18 at 10:45:42:221 Send 05 
22-08-18 at 10:45:42:236 Recived 15 
22-08-18 at 10:45:42:236 Send 06 
22-08-18 at 10:45:42:251 Send 02 0A 1E 1E 00 00 00 01 01 00 01 01 0A 
22-08-18 at 10:45:42:266 Recived 06 02 02 1E 00 1C 
22-08-18 at 10:45:42:281 Send 06 
22-08-18 at 10:45:42:296 Send 05 
22-08-18 at 10:45:42:311 Recived 15 
22-08-18 at 10:45:42:311 Send 06 
22-08-18 at 10:45:42:326 Send 02 0A 1E 1E 00 00 00 01 01 00 05 02 0D 
22-08-18 at 10:45:42:341 Recived 06 02 02 1E 00 1C 
22-08-18 at 10:45:42:356 Send 06 
22-08-18 at 10:45:42:371 Send 05 
22-08-18 at 10:45:42:386 Recived 15 
22-08-18 at 10:45:42:386 Send 06 
22-08-18 at 10:45:42:401 Send 02 0A 1E 1E 00 00 00 01 01 00 23 01 28 
22-08-18 at 10:45:42:416 Recived 06 02 02 1E 00 1C 
22-08-18 at 10:45:42:431 Send 06 
22-08-18 at 10:45:42:446 Send 05 
22-08-18 at 10:45:42:461 Recived 15 
22-08-18 at 10:45:42:461 Send 06 
22-08-18 at 10:45:42:476 Send 02 0A 1E 1E 00 00 00 01 01 00 06 00 0C 
22-08-18 at 10:45:42:491 Recived 06 02 02 1E 00 1C 
22-08-18 at 10:45:42:506 Send 06 
22-08-18 at 10:45:42:521 Send 05 
22-08-18 at 10:45:42:536 Recived 15 
22-08-18 at 10:45:42:536 Send 06 
22-08-18 at 10:45:42:551 Send 02 0A 1E 1E 00 00 00 01 01 00 07 01 0C 
22-08-18 at 10:45:42:566 Recived 06 02 02 1E 00 1C 
22-08-18 at 10:45:42:581 Send 06 
22-08-18 at 10:45:42:596 Send 05 
22-08-18 at 10:45:42:611 Recived 15 
22-08-18 at 10:45:42:611 Send 06 
22-08-18 at 10:45:42:626 Send 02 0A 1E 1E 00 00 00 01 01 00 14 01 1F 
22-08-18 at 10:45:42:641 Recived 06 02 02 1E 00 1C 
22-08-18 at 10:45:42:656 Send 06 
22-08-18 at 10:45:42:671 Send 05 
22-08-18 at 10:45:42:686 Recived 15 
22-08-18 at 10:45:42:686 Send 06 
22-08-18 at 10:45:42:701 Send 02 0A 1E 1E 00 00 00 01 01 00 15 01 1E 
22-08-18 at 10:45:42:716 Recived 06 02 02 1E 00 1C 
22-08-18 at 10:45:42:731 Send 06 
22-08-18 at 10:45:42:746 Send 05 
22-08-18 at 10:45:42:761 Recived 15 
22-08-18 at 10:45:42:761 Send 06 
22-08-18 at 10:45:42:776 Send 02 0A 1E 1E 00 00 00 01 01 00 0F 00 05 
22-08-18 at 10:45:42:791 Recived 06 02 02 1E 00 1C 
22-08-18 at 10:45:42:806 Send 06 
22-08-18 at 10:45:42:821 Send 05 
22-08-18 at 10:45:42:836 Recived 15 
22-08-18 at 10:45:42:836 Send 06 
22-08-18 at 10:45:42:851 Send 02 0A 1E 1E 00 00 00 01 01 00 11 00 1B 
22-08-18 at 10:45:42:866 Recived 06 02 02 1E 00 1C 
22-08-18 at 10:45:42:881 Send 06 
22-08-18 at 10:45:42:896 Send 05 
22-08-18 at 10:45:42:911 Recived 15 
22-08-18 at 10:45:42:911 Send 06 
22-08-18 at 10:45:42:926 Send 02 0A 1E 1E 00 00 00 11 01 00 03 02 1B 
22-08-18 at 10:45:42:941 Recived 06 02 02 1E 00 1C 
22-08-18 at 10:45:42:956 Send 06 
22-08-18 at 10:45:42:971 Send 05 
22-08-18 at 10:45:42:986 Recived 15 
22-08-18 at 10:45:42:986 Send 06 
22-08-18 at 10:45:43:001 Send 02 0A 1E 1E 00 00 00 01 01 00 29 01 22 
22-08-18 at 10:45:43:016 Recived 06 02 02 1E 00 1C 
22-08-18 at 10:45:43:031 Send 06 
22-08-18 at 10:45:43:046 Send 05 
22-08-18 at 10:45:43:061 Recived 15 
22-08-18 at 10:45:43:061 Send 06 
22-08-18 at 10:45:43:076 Send 02 26 1E 1E 00 00 00 04 0C 00 01 20 20 20 20 20 20 20 20 20 20 20 C4 CE C1 D0 CE 20 CF CE C6 C0 CB CE C2 C0 D2 DC 21 00 D5 
22-08-18 at 10:45:43:093 Recived 06 02 02 1E 00 1C 
22-08-18 at 10:45:43:108 Send 06 
22-08-18 at 10:45:43:123 Send 05 
22-08-18 at 10:45:43:138 Recived 15 
22-08-18 at 10:45:43:138 Send 06 
22-08-18 at 10:45:43:153 Send 02 29 1E 1E 00 00 00 04 0D 00 01 20 20 20 20 20 20 20 20 CE CE CE 20 CA EE EC EF E0 ED E8 FF 20 27 CA CE CB CE D0 CB CE CD 27 00 CB 
22-08-18 at 10:45:43:171 Recived 06 02 02 1E 00 1C 
22-08-18 at 10:45:43:186 Send 06 
22-08-18 at 10:45:43:201 Send 05 
22-08-18 at 10:45:43:216 Recived 15 
22-08-18 at 10:45:43:216 Send 06 
22-08-18 at 10:45:43:231 Send 02 2D 1E 1E 00 00 00 04 0E 00 01 20 20 20 20 20 CC E0 E3 E0 E7 E8 ED 20 27 C2 F1 E5 20 F2 EE E2 E0 F0 FB 20 E4 EB FF 20 E4 EE EC E0 27 20 00 DE 
22-08-18 at 10:45:43:249 Recived 06 02 02 1E 00 1C 
22-08-18 at 10:45:43:264 Send 06 
22-08-18 at 10:45:43:299 now clear port error ...
22-08-18 at 10:45:43:299 now write to port ...
22-08-18 at 10:45:43:432 ... done
22-08-18 at 10:45:43:474 Send 05 
22-08-18 at 10:45:43:489 Recived 15 
22-08-18 at 10:45:43:489 Send 06 
22-08-18 at 10:45:43:504 Send 02 06 1A 1E 00 00 00 79 7B 
22-08-18 at 10:45:43:519 Recived 06 02 09 1A 00 1E 00 00 00 00 00 00 0D 
22-08-18 at 10:45:43:534 Send 06 
22-08-18 at 10:45:45:853 Cardreader  Антонов Сергей 
22-08-18 at 10:45:45:864 Send 05 
22-08-18 at 10:45:45:882 Recived 15 
22-08-18 at 10:45:45:882 Send 06 
22-08-18 at 10:45:45:897 Send 02 19 1E 1E 00 00 00 02 1E 00 02 C0 ED F2 EE ED EE E2 20 D1 E5 F0 E3 E5 E9 20 00 FC 
22-08-18 at 10:45:45:913 Recived 06 02 02 1E 00 1C 
22-08-18 at 10:45:45:931 Send 06 
22-08-18 at 10:45:45:941 now clear port error ...
22-08-18 at 10:45:45:941 now write to port ...
22-08-18 at 10:45:46:075 ... done
22-08-18 at 10:45:46:861 Send 05 
22-08-18 at 10:45:46:876 Recived 15 
22-08-18 at 10:45:46:876 Send 06 
22-08-18 at 10:45:46:891 Send 02 06 FF 39 1E 00 00 00 DE 
22-08-18 at 10:45:46:906 Recived 06 02 10 FF 39 00 00 00 00 00 00 00 00 00 00 00 00 00 00 D6 
22-08-18 at 10:45:46:921 Send 06 
22-08-18 at 10:45:49:217 114
22-08-18 at 10:45:49:217 014
22-08-18 at 10:45:49:217 114
22-08-18 at 10:45:49:218 014
22-08-18 at 10:45:49:218 Попытка очистки таблицы
22-08-18 at 10:45:49:218 Попытка очистки успешна
22-08-18 at 10:45:49:219 total calculated
22-08-18 at 10:45:49:219 now show on display
22-08-18 at 10:45:49:220                     Всего:          0.00
22-08-18 at 10:45:49:220 now clear port error ...
22-08-18 at 10:45:49:220 now write to port ...
22-08-18 at 10:45:49:354 ... done
22-08-18 at 10:45:49:354 114
22-08-18 at 10:45:49:354 014
22-08-18 at 10:45:49:354 114
22-08-18 at 10:45:49:355 014
22-08-18 at 10:45:49:355 114
22-08-18 at 10:45:49:355 014
22-08-18 at 10:45:49:355 114
22-08-18 at 10:45:49:356 014
22-08-18 at 10:45:49:356 114
22-08-18 at 10:45:49:356 014
22-08-18 at 10:45:49:356 114
22-08-18 at 10:45:49:357 014
22-08-18 at 10:45:49:357 114
22-08-18 at 10:45:49:357 014
22-08-18 at 10:45:49:357 114
22-08-18 at 10:45:49:358 014
22-08-18 at 10:45:49:358 114
22-08-18 at 10:45:49:358 014
22-08-18 at 10:45:49:358 114
22-08-18 at 10:45:49:359 014
22-08-18 at 10:45:49:359 114
22-08-18 at 10:45:49:359 014
22-08-18 at 10:45:49:359 114
22-08-18 at 10:45:49:359 014
22-08-18 at 10:45:49:360 114
22-08-18 at 10:45:49:360 014
22-08-18 at 10:45:49:360 114
22-08-18 at 10:45:49:360 014
22-08-18 at 10:45:49:373 114
22-08-18 at 10:45:49:374 014
22-08-18 at 10:45:49:374 101
22-08-18 at 10:45:49:374 001
22-08-18 at 10:45:49:374 total calculated
22-08-18 at 10:45:49:387 now show on display
22-08-18 at 10:45:49:387 RU25194 ТЕТРАДЬ 1  7Всего:          7.00
22-08-18 at 10:45:49:387 now clear port error ...
22-08-18 at 10:45:49:387 now write to port ...
22-08-18 at 10:45:49:525 ... done
22-08-18 at 10:45:49:626 114
22-08-18 at 10:45:49:626 014
22-08-18 at 10:45:49:626 114
22-08-18 at 10:45:49:626 014
22-08-18 at 10:45:49:628 total calculated
22-08-18 at 10:45:49:631 now show on display
22-08-18 at 10:45:49:632 RU25194 ТЕТРАДЬ 1  7Всего:          7.00
22-08-18 at 10:45:49:632 now clear port error ...
22-08-18 at 10:45:49:632 now write to port ...
22-08-18 at 10:45:49:766 ... done
22-08-18 at 10:45:49:766 114
22-08-18 at 10:45:49:766 014
22-08-18 at 10:45:49:767 114
22-08-18 at 10:45:49:767 014
22-08-18 at 10:45:49:767 114
22-08-18 at 10:45:49:768 014
22-08-18 at 10:45:49:768 114
22-08-18 at 10:45:49:768 014
22-08-18 at 10:45:49:768 114
22-08-18 at 10:45:49:769 014
22-08-18 at 10:45:49:769 114
22-08-18 at 10:45:49:769 014
22-08-18 at 10:45:49:769 114
22-08-18 at 10:45:49:769 014
22-08-18 at 10:45:49:770 114
22-08-18 at 10:45:49:770 014
22-08-18 at 10:45:49:770 114
22-08-18 at 10:45:49:770 014
22-08-18 at 10:45:49:771 114
22-08-18 at 10:45:49:771 014
22-08-18 at 10:45:49:771 114
22-08-18 at 10:45:49:771 014
22-08-18 at 10:45:49:772 114
22-08-18 at 10:45:49:772 014
22-08-18 at 10:45:49:772 114
22-08-18 at 10:45:49:773 014
22-08-18 at 10:45:49:773 114
22-08-18 at 10:45:49:773 014
22-08-18 at 10:45:49:784 114
22-08-18 at 10:45:49:784 014
22-08-18 at 10:45:49:784 101
22-08-18 at 10:45:49:784 001
22-08-18 at 10:45:49:785 total calculated
22-08-18 at 10:45:49:794 now show on display
22-08-18 at 10:45:49:794 * Обои Палитра   350Всего:        357.00
22-08-18 at 10:45:49:795 now clear port error ...
22-08-18 at 10:45:49:795 now write to port ...
22-08-18 at 10:45:49:938 ... done
22-08-18 at 10:45:51:492  Нажата клавиша F10.
22-08-18 at 10:45:51:492 114
22-08-18 at 10:45:51:492 014
22-08-18 at 10:45:51:492 115
22-08-18 at 10:45:51:493 015
22-08-18 at 10:45:51:494 total calculated
22-08-18 at 10:45:51:497 now show on display
22-08-18 at 10:45:51:497 * Обои Палитра   350Всего:        357.00
22-08-18 at 10:45:51:498 now clear port error ...
22-08-18 at 10:45:51:498 now write to port ...
22-08-18 at 10:45:51:631 ... done
22-08-18 at 10:45:51:646 now clear port error ...
22-08-18 at 10:45:51:646 now write to port ...
22-08-18 at 10:45:51:803 ... done
22-08-18 at 10:45:51:804 now clear port error ...
22-08-18 at 10:45:51:804 now write to port ...
22-08-18 at 10:45:51:975 ... done
22-08-18 at 10:45:54:916 Подтверждена сумма 100, тип платежа  1
22-08-18 at 10:45:54:927 now clear port error ...
22-08-18 at 10:45:54:928 now write to port ...
22-08-18 at 10:45:55:061 ... done
22-08-18 at 10:45:55:062 116
22-08-18 at 10:45:55:062 016
22-08-18 at 10:45:56:380 total calculated
22-08-18 at 10:45:56:383 now show on display
22-08-18 at 10:45:56:383 * Обои Палитра   350Всего:        357.00
22-08-18 at 10:45:56:383 now clear port error ...
22-08-18 at 10:45:56:384 now write to port ...
22-08-18 at 10:45:56:517 ... done
22-08-18 at 10:45:56:518 total calculated
22-08-18 at 10:45:56:521 now show on display
22-08-18 at 10:45:56:521 * Обои Палитра   350Всего:        357.00
22-08-18 at 10:45:56:521 now clear port error ...
22-08-18 at 10:45:56:522 now write to port ...
22-08-18 at 10:45:56:689 ... done
22-08-18 at 10:45:56:692 Удаление критической сессии
22-08-18 at 10:45:56:692 Выход из программы
22-08-18 at 10:46:21:308 Запуск программы. Инициализация считана из файла
22-08-18 at 10:46:21:309 Чек загружен.
22-08-18 at 10:46:21:309 Чек загружен.
22-08-18 at 10:46:21:309 total calculated
22-08-18 at 10:46:21:310 now show on display
22-08-18 at 10:46:21:310                     Всего:        357.00
22-08-18 at 10:46:21:310 now open port for display
22-08-18 at 10:46:21:311 Com port opened
22-08-18 at 10:46:21:311 now clear port error ...
22-08-18 at 10:46:21:311 now write to port ...
22-08-18 at 10:46:21:445 ... done
22-08-18 at 10:46:21:445 Чек сжат
22-08-18 at 10:46:21:445 Сумма чека посчитана
22-08-18 at 10:46:21:446 Кардридер создан
22-08-18 at 10:46:21:446 Задание запуска модулей создано
22-08-18 at 10:46:21:447 Сканер создан
22-08-18 at 10:46:21:447 Регистратор создан
22-08-18 at 10:46:21:447 Часы созданы
22-08-18 at 10:46:21:448 Регистратор запущен
22-08-18 at 10:46:21:448 Сканер запущен
22-08-18 at 10:46:21:448 Часы запущены
22-08-18 at 10:46:21:449 Кардридер запущен
22-08-18 at 10:46:21:450 Передача данных запущена
22-08-18 at 10:46:21:450 Вход в FRInit
22-08-18 at 10:46:21:450 Вход в GetStatus
22-08-18 at 10:46:21:476 Send 05 
22-08-18 at 10:46:21:491 Recived 15 
22-08-18 at 10:46:21:491 Send 06 
22-08-18 at 10:46:21:506 Send 02 05 11 1E 00 00 00 0A 
22-08-18 at 10:46:21:521 Recived 06 02 30 11 00 1E 43 31 CB D3 19 04 12 01 34 00 92 02 02 00 00 4E 41 00 00 01 01 10 16 08 12 0A 2E 15 00 2E 5D 00 00 0E 00 00 00 00 00 D2 E9 1E 42 01 00 C4 
22-08-18 at 10:46:21:536 Send 06 
22-08-18 at 10:46:21:541 KKMStatus 0000
22-08-18 at 10:46:21:551 Send 05 
22-08-18 at 10:46:21:566 Recived 15 
22-08-18 at 10:46:21:566 Send 06 
22-08-18 at 10:46:21:581 Send 02 05 11 1E 00 00 00 0A 
22-08-18 at 10:46:21:596 Recived 06 02 30 11 00 1E 43 31 CB D3 19 04 12 01 34 00 92 02 02 00 00 4E 41 00 00 01 01 10 16 08 12 0A 2E 16 00 2E 5D 00 00 0E 00 00 00 00 00 D2 E9 1E 42 01 00 C7 
22-08-18 at 10:46:21:611 Send 06 
22-08-18 at 10:46:21:616 KKMStatus 0200
22-08-18 at 10:46:21:616 Номер ФР считан
22-08-18 at 10:46:21:789 СУБД подключена
22-08-18 at 10:46:21:805 Send 05 
22-08-18 at 10:46:21:820 Recived 15 
22-08-18 at 10:46:21:820 Send 06 
22-08-18 at 10:46:21:835 Send 02 17 1E 1E 00 00 00 05 03 00 01 CA 41 D0 D2 CE C9 20 56 49 53 41 2F 4D 43 92 
22-08-18 at 10:46:21:851 Recived 06 02 02 1E 00 1C 
22-08-18 at 10:46:21:866 Send 06 
22-08-18 at 10:46:21:881 Send 05 
22-08-18 at 10:46:21:896 Recived 15 
22-08-18 at 10:46:21:896 Send 06 
22-08-18 at 10:46:21:911 Send 02 18 1E 1E 00 00 00 05 04 00 01 C4 D0 D3 C3 C8 CC C8 20 CA C0 D0 D2 C0 CC C8 3C 
22-08-18 at 10:46:21:929 Recived 06 02 02 1E 00 1C 
22-08-18 at 10:46:21:944 Send 06 
22-08-18 at 10:46:21:959 Send 05 
22-08-18 at 10:46:21:974 Recived 15 
22-08-18 at 10:46:21:974 Send 06 
22-08-18 at 10:46:21:989 Send 02 0A 1E 1E 00 00 00 01 01 00 01 01 0A 
22-08-18 at 10:46:22:004 Recived 06 02 02 1E 00 1C 
22-08-18 at 10:46:22:019 Send 06 
22-08-18 at 10:46:22:034 Send 05 
22-08-18 at 10:46:22:049 Recived 15 
22-08-18 at 10:46:22:049 Send 06 
22-08-18 at 10:46:22:064 Send 02 0A 1E 1E 00 00 00 01 01 00 05 02 0D 
22-08-18 at 10:46:22:079 Recived 06 02 02 1E 00 1C 
22-08-18 at 10:46:22:094 Send 06 
22-08-18 at 10:46:22:109 Send 05 
22-08-18 at 10:46:22:124 Recived 15 
22-08-18 at 10:46:22:124 Send 06 
22-08-18 at 10:46:22:139 Send 02 0A 1E 1E 00 00 00 01 01 00 23 01 28 
22-08-18 at 10:46:22:154 Recived 06 02 02 1E 00 1C 
22-08-18 at 10:46:22:169 Send 06 
22-08-18 at 10:46:22:184 Send 05 
22-08-18 at 10:46:22:199 Recived 15 
22-08-18 at 10:46:22:199 Send 06 
22-08-18 at 10:46:22:214 Send 02 0A 1E 1E 00 00 00 01 01 00 06 00 0C 
22-08-18 at 10:46:22:229 Recived 06 02 02 1E 00 1C 
22-08-18 at 10:46:22:244 Send 06 
22-08-18 at 10:46:22:259 Send 05 
22-08-18 at 10:46:22:274 Recived 15 
22-08-18 at 10:46:22:274 Send 06 
22-08-18 at 10:46:22:289 Send 02 0A 1E 1E 00 00 00 01 01 00 07 01 0C 
22-08-18 at 10:46:22:304 Recived 06 02 02 1E 00 1C 
22-08-18 at 10:46:22:319 Send 06 
22-08-18 at 10:46:22:334 Send 05 
22-08-18 at 10:46:22:349 Recived 15 
22-08-18 at 10:46:22:349 Send 06 
22-08-18 at 10:46:22:364 Send 02 0A 1E 1E 00 00 00 01 01 00 14 01 1F 
22-08-18 at 10:46:22:379 Recived 06 02 02 1E 00 1C 
22-08-18 at 10:46:22:394 Send 06 
22-08-18 at 10:46:22:409 Send 05 
22-08-18 at 10:46:22:424 Recived 15 
22-08-18 at 10:46:22:424 Send 06 
22-08-18 at 10:46:22:439 Send 02 0A 1E 1E 00 00 00 01 01 00 15 01 1E 
22-08-18 at 10:46:22:454 Recived 06 02 02 1E 00 1C 
22-08-18 at 10:46:22:469 Send 06 
22-08-18 at 10:46:22:484 Send 05 
22-08-18 at 10:46:22:499 Recived 15 
22-08-18 at 10:46:22:499 Send 06 
22-08-18 at 10:46:22:514 Send 02 0A 1E 1E 00 00 00 01 01 00 0F 00 05 
22-08-18 at 10:46:22:529 Recived 06 02 02 1E 00 1C 
22-08-18 at 10:46:22:544 Send 06 
22-08-18 at 10:46:22:559 Send 05 
22-08-18 at 10:46:22:574 Recived 15 
22-08-18 at 10:46:22:574 Send 06 
22-08-18 at 10:46:22:589 Send 02 0A 1E 1E 00 00 00 01 01 00 11 00 1B 
22-08-18 at 10:46:22:604 Recived 06 02 02 1E 00 1C 
22-08-18 at 10:46:22:619 Send 06 
22-08-18 at 10:46:22:634 Send 05 
22-08-18 at 10:46:22:649 Recived 15 
22-08-18 at 10:46:22:649 Send 06 
22-08-18 at 10:46:22:664 Send 02 0A 1E 1E 00 00 00 11 01 00 03 02 1B 
22-08-18 at 10:46:22:679 Recived 06 02 02 1E 00 1C 
22-08-18 at 10:46:22:694 Send 06 
22-08-18 at 10:46:22:709 Send 05 
22-08-18 at 10:46:22:724 Recived 15 
22-08-18 at 10:46:22:724 Send 06 
22-08-18 at 10:46:22:739 Send 02 0A 1E 1E 00 00 00 01 01 00 29 01 22 
22-08-18 at 10:46:22:754 Recived 06 02 02 1E 00 1C 
22-08-18 at 10:46:22:769 Send 06 
22-08-18 at 10:46:22:784 Send 05 
22-08-18 at 10:46:22:799 Recived 15 
22-08-18 at 10:46:22:799 Send 06 
22-08-18 at 10:46:22:814 Send 02 26 1E 1E 00 00 00 04 0C 00 01 20 20 20 20 20 20 20 20 20 20 20 C4 CE C1 D0 CE 20 CF CE C6 C0 CB CE C2 C0 D2 DC 21 00 D5 
22-08-18 at 10:46:22:832 Recived 06 02 02 1E 00 1C 
22-08-18 at 10:46:22:847 Send 06 
22-08-18 at 10:46:22:862 Send 05 
22-08-18 at 10:46:22:877 Recived 15 
22-08-18 at 10:46:22:877 Send 06 
22-08-18 at 10:46:22:892 Send 02 29 1E 1E 00 00 00 04 0D 00 01 20 20 20 20 20 20 20 20 CE CE CE 20 CA EE EC EF E0 ED E8 FF 20 27 CA CE CB CE D0 CB CE CD 27 00 CB 
22-08-18 at 10:46:22:910 Recived 06 02 02 1E 00 1C 
22-08-18 at 10:46:22:925 Send 06 
22-08-18 at 10:46:22:940 Send 05 
22-08-18 at 10:46:22:955 Recived 15 
22-08-18 at 10:46:22:955 Send 06 
22-08-18 at 10:46:22:970 Send 02 2D 1E 1E 00 00 00 04 0E 00 01 20 20 20 20 20 CC E0 E3 E0 E7 E8 ED 20 27 C2 F1 E5 20 F2 EE E2 E0 F0 FB 20 E4 EB FF 20 E4 EE EC E0 27 20 00 DE 
22-08-18 at 10:46:22:988 Recived 06 02 02 1E 00 1C 
22-08-18 at 10:46:23:003 Send 06 
22-08-18 at 10:46:23:042 now clear port error ...
22-08-18 at 10:46:23:042 now write to port ...
22-08-18 at 10:46:23:176 ... done
22-08-18 at 10:46:23:218 Send 05 
22-08-18 at 10:46:23:233 Recived 15 
22-08-18 at 10:46:23:233 Send 06 
22-08-18 at 10:46:23:248 Send 02 06 1A 1E 00 00 00 79 7B 
22-08-18 at 10:46:23:263 Recived 06 02 09 1A 00 1E 00 00 00 00 00 00 0D 
22-08-18 at 10:46:23:278 Send 06 
22-08-18 at 10:46:25:500 Cardreader  Антонов Сергей 
22-08-18 at 10:46:25:506 Send 05 
22-08-18 at 10:46:25:524 Recived 15 
22-08-18 at 10:46:25:527 Send 06 
22-08-18 at 10:46:25:542 Send 02 19 1E 1E 00 00 00 02 1E 00 02 C0 ED F2 EE ED EE E2 20 D1 E5 F0 E3 E5 E9 20 00 FC 
22-08-18 at 10:46:25:558 Recived 06 02 02 1E 00 1C 
22-08-18 at 10:46:25:573 Send 06 
22-08-18 at 10:46:25:577 now clear port error ...
22-08-18 at 10:46:25:577 now write to port ...
22-08-18 at 10:46:25:710 ... done
22-08-18 at 10:46:26:503 Send 05 
22-08-18 at 10:46:26:518 Recived 15 
22-08-18 at 10:46:26:518 Send 06 
22-08-18 at 10:46:26:533 Send 02 06 FF 39 1E 00 00 00 DE 
22-08-18 at 10:46:26:548 Recived 06 02 10 FF 39 00 00 00 00 00 00 00 00 00 00 00 00 00 00 D6 
22-08-18 at 10:46:26:563 Send 06 
22-08-18 at 10:46:29:930 total calculated
22-08-18 at 10:46:29:933 now show on display
22-08-18 at 10:46:29:933                     Всего:        357.00
22-08-18 at 10:46:29:934 now clear port error ...
22-08-18 at 10:46:29:934 now write to port ...
22-08-18 at 10:46:30:067 ... done
22-08-18 at 10:46:30:068 total calculated
22-08-18 at 10:46:30:071 now show on display
22-08-18 at 10:46:30:071                     Всего:        357.00
22-08-18 at 10:46:30:071 now clear port error ...
22-08-18 at 10:46:30:072 now write to port ...
22-08-18 at 10:46:30:239 ... done
22-08-18 at 10:46:30:242 Удаление критической сессии
22-08-18 at 10:46:30:242 Выход из программы
22-08-18 at 10:46:40:885 Запуск программы. Инициализация считана из файла
22-08-18 at 10:46:40:885 Чек загружен.
22-08-18 at 10:46:40:886 Чек загружен.
22-08-18 at 10:46:40:886 total calculated
22-08-18 at 10:46:40:886 now show on display
22-08-18 at 10:46:40:887                     Всего:        357.00
22-08-18 at 10:46:40:887 now open port for display
22-08-18 at 10:46:40:888 Com port opened
22-08-18 at 10:46:40:888 now clear port error ...
22-08-18 at 10:46:40:888 now write to port ...
22-08-18 at 10:46:41:021 ... done
22-08-18 at 10:46:41:022 Чек сжат
22-08-18 at 10:46:41:022 Сумма чека посчитана
22-08-18 at 10:46:41:023 Кардридер создан
22-08-18 at 10:46:41:023 Задание запуска модулей создано
22-08-18 at 10:46:41:024 Сканер создан
22-08-18 at 10:46:41:024 Регистратор создан
22-08-18 at 10:46:41:024 Часы созданы
22-08-18 at 10:46:41:025 Регистратор запущен
22-08-18 at 10:46:41:025 Сканер запущен
22-08-18 at 10:46:41:025 Часы запущены
22-08-18 at 10:46:41:026 Кардридер запущен
22-08-18 at 10:46:41:026 Передача данных запущена
22-08-18 at 10:46:41:027 Вход в FRInit
22-08-18 at 10:46:41:028 Вход в GetStatus
22-08-18 at 10:46:41:053 Send 05 
22-08-18 at 10:46:41:068 Recived 15 
22-08-18 at 10:46:41:068 Send 06 
22-08-18 at 10:46:41:083 Send 02 05 11 1E 00 00 00 0A 
22-08-18 at 10:46:41:098 Recived 06 02 30 11 00 1E 43 31 CB D3 19 04 12 01 34 00 92 02 02 00 00 4E 41 00 00 01 01 10 16 08 12 0A 2E 29 00 2E 5D 00 00 0E 00 00 00 00 00 D2 E9 1E 42 01 00 F8 
22-08-18 at 10:46:41:128 Send 06 
22-08-18 at 10:46:41:133 KKMStatus 0000
22-08-18 at 10:46:41:143 Send 05 
22-08-18 at 10:46:41:158 Recived 15 
22-08-18 at 10:46:41:158 Send 06 
22-08-18 at 10:46:41:173 Send 02 05 11 1E 00 00 00 0A 
22-08-18 at 10:46:41:188 Recived 06 02 30 11 00 1E 43 31 CB D3 19 04 12 01 34 00 92 02 02 00 00 4E 41 00 00 01 01 10 16 08 12 0A 2E 29 00 2E 5D 00 00 0E 00 00 00 00 00 D2 E9 1E 42 01 00 F8 
22-08-18 at 10:46:41:203 Send 06 
22-08-18 at 10:46:41:208 KKMStatus 0200
22-08-18 at 10:46:41:208 Номер ФР считан
22-08-18 at 10:46:41:386 СУБД подключена
22-08-18 at 10:46:41:406 Send 05 
22-08-18 at 10:46:41:421 Recived 15 
22-08-18 at 10:46:41:421 Send 06 
22-08-18 at 10:46:41:436 Send 02 17 1E 1E 00 00 00 05 03 00 01 CA 41 D0 D2 CE C9 20 56 49 53 41 2F 4D 43 92 
22-08-18 at 10:46:41:452 Recived 06 02 02 1E 00 1C 
22-08-18 at 10:46:41:467 Send 06 
22-08-18 at 10:46:41:482 Send 05 
22-08-18 at 10:46:41:497 Recived 15 
22-08-18 at 10:46:41:497 Send 06 
22-08-18 at 10:46:41:512 Send 02 18 1E 1E 00 00 00 05 04 00 01 C4 D0 D3 C3 C8 CC C8 20 CA C0 D0 D2 C0 CC C8 3C 
22-08-18 at 10:46:41:528 Recived 06 02 02 1E 00 1C 
22-08-18 at 10:46:41:543 Send 06 
22-08-18 at 10:46:41:558 Send 05 
22-08-18 at 10:46:41:573 Recived 15 
22-08-18 at 10:46:41:573 Send 06 
22-08-18 at 10:46:41:588 Send 02 0A 1E 1E 00 00 00 01 01 00 01 01 0A 
22-08-18 at 10:46:41:603 Recived 06 02 02 1E 00 1C 
22-08-18 at 10:46:41:618 Send 06 
22-08-18 at 10:46:41:633 Send 05 
22-08-18 at 10:46:41:648 Recived 15 
22-08-18 at 10:46:41:648 Send 06 
22-08-18 at 10:46:41:663 Send 02 0A 1E 1E 00 00 00 01 01 00 05 02 0D 
22-08-18 at 10:46:41:678 Recived 06 02 02 1E 00 1C 
22-08-18 at 10:46:41:693 Send 06 
22-08-18 at 10:46:41:708 Send 05 
22-08-18 at 10:46:41:723 Recived 15 
22-08-18 at 10:46:41:723 Send 06 
22-08-18 at 10:46:41:738 Send 02 0A 1E 1E 00 00 00 01 01 00 23 01 28 
22-08-18 at 10:46:41:753 Recived 06 02 02 1E 00 1C 
22-08-18 at 10:46:41:768 Send 06 
22-08-18 at 10:46:41:783 Send 05 
22-08-18 at 10:46:41:798 Recived 15 
22-08-18 at 10:46:41:798 Send 06 
22-08-18 at 10:46:41:813 Send 02 0A 1E 1E 00 00 00 01 01 00 06 00 0C 
22-08-18 at 10:46:41:828 Recived 06 02 02 1E 00 1C 
22-08-18 at 10:46:41:843 Send 06 
22-08-18 at 10:46:41:858 Send 05 
22-08-18 at 10:46:41:873 Recived 15 
22-08-18 at 10:46:41:873 Send 06 
22-08-18 at 10:46:41:888 Send 02 0A 1E 1E 00 00 00 01 01 00 07 01 0C 
22-08-18 at 10:46:41:903 Recived 06 02 02 1E 00 1C 
22-08-18 at 10:46:41:918 Send 06 
22-08-18 at 10:46:41:933 Send 05 
22-08-18 at 10:46:41:948 Recived 15 
22-08-18 at 10:46:41:948 Send 06 
22-08-18 at 10:46:41:963 Send 02 0A 1E 1E 00 00 00 01 01 00 14 01 1F 
22-08-18 at 10:46:41:978 Recived 06 02 02 1E 00 1C 
22-08-18 at 10:46:41:993 Send 06 
22-08-18 at 10:46:42:008 Send 05 
22-08-18 at 10:46:42:023 Recived 15 
22-08-18 at 10:46:42:023 Send 06 
22-08-18 at 10:46:42:038 Send 02 0A 1E 1E 00 00 00 01 01 00 15 01 1E 
22-08-18 at 10:46:42:053 Recived 06 02 02 1E 00 1C 
22-08-18 at 10:46:42:068 Send 06 
22-08-18 at 10:46:42:083 Send 05 
22-08-18 at 10:46:42:098 Recived 15 
22-08-18 at 10:46:42:098 Send 06 
22-08-18 at 10:46:42:113 Send 02 0A 1E 1E 00 00 00 01 01 00 0F 00 05 
22-08-18 at 10:46:42:128 Recived 06 02 02 1E 00 1C 
22-08-18 at 10:46:42:143 Send 06 
22-08-18 at 10:46:42:158 Send 05 
22-08-18 at 10:46:42:173 Recived 15 
22-08-18 at 10:46:42:173 Send 06 
22-08-18 at 10:46:42:188 Send 02 0A 1E 1E 00 00 00 01 01 00 11 00 1B 
22-08-18 at 10:46:42:203 Recived 06 02 02 1E 00 1C 
22-08-18 at 10:46:42:218 Send 06 
22-08-18 at 10:46:42:233 Send 05 
22-08-18 at 10:46:42:248 Recived 15 
22-08-18 at 10:46:42:248 Send 06 
22-08-18 at 10:46:42:263 Send 02 0A 1E 1E 00 00 00 11 01 00 03 02 1B 
22-08-18 at 10:46:42:278 Recived 06 02 02 1E 00 1C 
22-08-18 at 10:46:42:293 Send 06 
22-08-18 at 10:46:42:308 Send 05 
22-08-18 at 10:46:42:323 Recived 15 
22-08-18 at 10:46:42:323 Send 06 
22-08-18 at 10:46:42:338 Send 02 0A 1E 1E 00 00 00 01 01 00 29 01 22 
22-08-18 at 10:46:42:353 Recived 06 02 02 1E 00 1C 
22-08-18 at 10:46:42:368 Send 06 
22-08-18 at 10:46:42:383 Send 05 
22-08-18 at 10:46:42:398 Recived 15 
22-08-18 at 10:46:42:398 Send 06 
22-08-18 at 10:46:42:413 Send 02 26 1E 1E 00 00 00 04 0C 00 01 20 20 20 20 20 20 20 20 20 20 20 C4 CE C1 D0 CE 20 CF CE C6 C0 CB CE C2 C0 D2 DC 21 00 D5 
22-08-18 at 10:46:42:431 Recived 06 02 02 1E 00 1C 
22-08-18 at 10:46:42:446 Send 06 
22-08-18 at 10:46:42:461 Send 05 
22-08-18 at 10:46:42:476 Recived 15 
22-08-18 at 10:46:42:476 Send 06 
22-08-18 at 10:46:42:491 Send 02 29 1E 1E 00 00 00 04 0D 00 01 20 20 20 20 20 20 20 20 CE CE CE 20 CA EE EC EF E0 ED E8 FF 20 27 CA CE CB CE D0 CB CE CD 27 00 CB 
22-08-18 at 10:46:42:509 Recived 06 02 02 1E 00 1C 
22-08-18 at 10:46:42:524 Send 06 
22-08-18 at 10:46:42:539 Send 05 
22-08-18 at 10:46:42:554 Recived 15 
22-08-18 at 10:46:42:554 Send 06 
22-08-18 at 10:46:42:569 Send 02 2D 1E 1E 00 00 00 04 0E 00 01 20 20 20 20 20 CC E0 E3 E0 E7 E8 ED 20 27 C2 F1 E5 20 F2 EE E2 E0 F0 FB 20 E4 EB FF 20 E4 EE EC E0 27 20 00 DE 
22-08-18 at 10:46:42:587 Recived 06 02 02 1E 00 1C 
22-08-18 at 10:46:42:602 Send 06 
22-08-18 at 10:46:42:642 now clear port error ...
22-08-18 at 10:46:42:642 now write to port ...
22-08-18 at 10:46:42:776 ... done
22-08-18 at 10:46:42:820 Send 05 
22-08-18 at 10:46:42:835 Recived 15 
22-08-18 at 10:46:42:835 Send 06 
22-08-18 at 10:46:42:850 Send 02 06 1A 1E 00 00 00 79 7B 
22-08-18 at 10:46:42:865 Recived 06 02 09 1A 00 1E 00 00 00 00 00 00 0D 
22-08-18 at 10:46:42:880 Send 06 
22-08-18 at 10:46:45:212 Cardreader  Антонов Сергей 
22-08-18 at 10:46:45:218 Send 05 
22-08-18 at 10:46:45:235 Recived 15 
22-08-18 at 10:46:45:238 Send 06 
22-08-18 at 10:46:45:253 Send 02 19 1E 1E 00 00 00 02 1E 00 02 C0 ED F2 EE ED EE E2 20 D1 E5 F0 E3 E5 E9 20 00 FC 
22-08-18 at 10:46:45:269 Recived 06 02 02 1E 00 1C 
22-08-18 at 10:46:45:284 Send 06 
22-08-18 at 10:46:45:289 now clear port error ...
22-08-18 at 10:46:45:289 now write to port ...
22-08-18 at 10:46:45:422 ... done
22-08-18 at 10:46:46:214 Send 05 
22-08-18 at 10:46:46:229 Recived 15 
22-08-18 at 10:46:46:229 Send 06 
22-08-18 at 10:46:46:244 Send 02 06 FF 39 1E 00 00 00 DE 
22-08-18 at 10:46:46:259 Recived 06 02 10 FF 39 00 00 00 00 00 00 00 00 00 00 00 00 00 00 D6 
22-08-18 at 10:46:46:274 Send 06 
22-08-18 at 10:46:56:336 total calculated
22-08-18 at 10:46:56:339 now show on display
22-08-18 at 10:46:56:339                     Всего:        357.00
22-08-18 at 10:46:56:340 now clear port error ...
22-08-18 at 10:46:56:340 now write to port ...
22-08-18 at 10:46:56:473 ... done
22-08-18 at 10:46:56:474 total calculated
22-08-18 at 10:46:56:477 now show on display
22-08-18 at 10:46:56:477                     Всего:        357.00
22-08-18 at 10:46:56:478 now clear port error ...
22-08-18 at 10:46:56:478 now write to port ...
22-08-18 at 10:46:56:645 ... done
22-08-18 at 10:46:56:648 Удаление критической сессии
22-08-18 at 10:46:56:648 Выход из программы
22-08-18 at 10:47:10:279 Запуск программы. Инициализация считана из файла
22-08-18 at 10:47:10:279 Чек загружен.
22-08-18 at 10:47:10:280 Чек загружен.
22-08-18 at 10:47:10:280 total calculated
22-08-18 at 10:47:10:281 now show on display
22-08-18 at 10:47:10:281                     Всего:        357.00
22-08-18 at 10:47:10:281 now open port for display
22-08-18 at 10:47:10:282 Com port opened
22-08-18 at 10:47:10:282 now clear port error ...
22-08-18 at 10:47:10:282 now write to port ...
22-08-18 at 10:47:10:416 ... done
22-08-18 at 10:47:10:416 Чек сжат
22-08-18 at 10:47:10:416 Сумма чека посчитана
22-08-18 at 10:47:10:416 Кардридер создан
22-08-18 at 10:47:10:416 Задание запуска модулей создано
22-08-18 at 10:47:10:417 Сканер создан
22-08-18 at 10:47:10:417 Регистратор создан
22-08-18 at 10:47:10:417 Часы созданы
22-08-18 at 10:47:10:418 Регистратор запущен
22-08-18 at 10:47:10:418 Сканер запущен
22-08-18 at 10:47:10:418 Часы запущены
22-08-18 at 10:47:10:418 Кардридер запущен
22-08-18 at 10:47:10:418 Передача данных запущена
22-08-18 at 10:47:10:419 Вход в FRInit
22-08-18 at 10:47:10:419 Вход в GetStatus
22-08-18 at 10:47:10:433 Send 05 
22-08-18 at 10:47:10:448 Recived 15 
22-08-18 at 10:47:10:448 Send 06 
22-08-18 at 10:47:10:463 Send 02 05 11 1E 00 00 00 0A 
22-08-18 at 10:47:10:478 Recived 06 02 30 11 00 1E 43 31 CB D3 19 04 12 01 34 00 92 02 02 00 00 4E 41 00 00 01 01 10 16 08 12 0A 2F 0A 00 2E 5D 00 00 0E 00 00 00 00 00 D2 E9 1E 42 01 00 DA 
22-08-18 at 10:47:10:493 Send 06 
22-08-18 at 10:47:10:497 KKMStatus 0000
22-08-18 at 10:47:10:508 Send 05 
22-08-18 at 10:47:10:523 Recived 15 
22-08-18 at 10:47:10:523 Send 06 
22-08-18 at 10:47:10:538 Send 02 05 11 1E 00 00 00 0A 
22-08-18 at 10:47:10:553 Recived 06 02 30 11 00 1E 43 31 CB D3 19 04 12 01 34 00 92 02 02 00 00 4E 41 00 00 01 01 10 16 08 12 0A 2F 0A 00 2E 5D 00 00 0E 00 00 00 00 00 D2 E9 1E 42 01 00 DA 
22-08-18 at 10:47:10:568 Send 06 
22-08-18 at 10:47:10:572 KKMStatus 0200
22-08-18 at 10:47:10:572 Номер ФР считан
22-08-18 at 10:47:10:742 СУБД подключена
22-08-18 at 10:47:10:772 Send 05 
22-08-18 at 10:47:10:787 Recived 15 
22-08-18 at 10:47:10:787 Send 06 
22-08-18 at 10:47:10:802 Send 02 17 1E 1E 00 00 00 05 03 00 01 CA 41 D0 D2 CE C9 20 56 49 53 41 2F 4D 43 92 
22-08-18 at 10:47:10:818 Recived 06 02 02 1E 00 1C 
22-08-18 at 10:47:10:833 Send 06 
22-08-18 at 10:47:10:848 Send 05 
22-08-18 at 10:47:10:863 Recived 15 
22-08-18 at 10:47:10:863 Send 06 
22-08-18 at 10:47:10:878 Send 02 18 1E 1E 00 00 00 05 04 00 01 C4 D0 D3 C3 C8 CC C8 20 CA C0 D0 D2 C0 CC C8 3C 
22-08-18 at 10:47:10:894 Recived 06 02 02 1E 00 1C 
22-08-18 at 10:47:10:909 Send 06 
22-08-18 at 10:47:10:924 Send 05 
22-08-18 at 10:47:10:939 Recived 15 
22-08-18 at 10:47:10:939 Send 06 
22-08-18 at 10:47:10:954 Send 02 0A 1E 1E 00 00 00 01 01 00 01 01 0A 
22-08-18 at 10:47:10:969 Recived 06 02 02 1E 00 1C 
22-08-18 at 10:47:10:984 Send 06 
22-08-18 at 10:47:10:999 Send 05 
22-08-18 at 10:47:11:014 Recived 15 
22-08-18 at 10:47:11:014 Send 06 
22-08-18 at 10:47:11:029 Send 02 0A 1E 1E 00 00 00 01 01 00 05 02 0D 
22-08-18 at 10:47:11:044 Recived 06 02 02 1E 00 1C 
22-08-18 at 10:47:11:059 Send 06 
22-08-18 at 10:47:11:074 Send 05 
22-08-18 at 10:47:11:089 Recived 15 
22-08-18 at 10:47:11:089 Send 06 
22-08-18 at 10:47:11:104 Send 02 0A 1E 1E 00 00 00 01 01 00 23 01 28 
22-08-18 at 10:47:11:119 Recived 06 02 02 1E 00 1C 
22-08-18 at 10:47:11:134 Send 06 
22-08-18 at 10:47:11:149 Send 05 
22-08-18 at 10:47:11:164 Recived 15 
22-08-18 at 10:47:11:164 Send 06 
22-08-18 at 10:47:11:179 Send 02 0A 1E 1E 00 00 00 01 01 00 06 00 0C 
22-08-18 at 10:47:11:194 Recived 06 02 02 1E 00 1C 
22-08-18 at 10:47:11:209 Send 06 
22-08-18 at 10:47:11:224 Send 05 
22-08-18 at 10:47:11:239 Recived 15 
22-08-18 at 10:47:11:239 Send 06 
22-08-18 at 10:47:11:254 Send 02 0A 1E 1E 00 00 00 01 01 00 07 01 0C 
22-08-18 at 10:47:11:269 Recived 06 02 02 1E 00 1C 
22-08-18 at 10:47:11:284 Send 06 
22-08-18 at 10:47:11:299 Send 05 
22-08-18 at 10:47:11:314 Recived 15 
22-08-18 at 10:47:11:314 Send 06 
22-08-18 at 10:47:11:329 Send 02 0A 1E 1E 00 00 00 01 01 00 14 01 1F 
22-08-18 at 10:47:11:344 Recived 06 02 02 1E 00 1C 
22-08-18 at 10:47:11:359 Send 06 
22-08-18 at 10:47:11:374 Send 05 
22-08-18 at 10:47:11:389 Recived 15 
22-08-18 at 10:47:11:389 Send 06 
22-08-18 at 10:47:11:404 Send 02 0A 1E 1E 00 00 00 01 01 00 15 01 1E 
22-08-18 at 10:47:11:419 Recived 06 02 02 1E 00 1C 
22-08-18 at 10:47:11:434 Send 06 
22-08-18 at 10:47:11:449 Send 05 
22-08-18 at 10:47:11:464 Recived 15 
22-08-18 at 10:47:11:464 Send 06 
22-08-18 at 10:47:11:479 Send 02 0A 1E 1E 00 00 00 01 01 00 0F 00 05 
22-08-18 at 10:47:11:494 Recived 06 02 02 1E 00 1C 
22-08-18 at 10:47:11:509 Send 06 
22-08-18 at 10:47:11:524 Send 05 
22-08-18 at 10:47:11:539 Recived 15 
22-08-18 at 10:47:11:539 Send 06 
22-08-18 at 10:47:11:554 Send 02 0A 1E 1E 00 00 00 01 01 00 11 00 1B 
22-08-18 at 10:47:11:569 Recived 06 02 02 1E 00 1C 
22-08-18 at 10:47:11:584 Send 06 
22-08-18 at 10:47:11:599 Send 05 
22-08-18 at 10:47:11:614 Recived 15 
22-08-18 at 10:47:11:614 Send 06 
22-08-18 at 10:47:11:629 Send 02 0A 1E 1E 00 00 00 11 01 00 03 02 1B 
22-08-18 at 10:47:11:644 Recived 06 02 02 1E 00 1C 
22-08-18 at 10:47:11:659 Send 06 
22-08-18 at 10:47:11:674 Send 05 
22-08-18 at 10:47:11:689 Recived 15 
22-08-18 at 10:47:11:689 Send 06 
22-08-18 at 10:47:11:704 Send 02 0A 1E 1E 00 00 00 01 01 00 29 01 22 
22-08-18 at 10:47:11:719 Recived 06 02 02 1E 00 1C 
22-08-18 at 10:47:11:734 Send 06 
22-08-18 at 10:47:11:749 Send 05 
22-08-18 at 10:47:11:764 Recived 15 
22-08-18 at 10:47:11:764 Send 06 
22-08-18 at 10:47:11:779 Send 02 26 1E 1E 00 00 00 04 0C 00 01 20 20 20 20 20 20 20 20 20 20 20 C4 CE C1 D0 CE 20 CF CE C6 C0 CB CE C2 C0 D2 DC 21 00 D5 
22-08-18 at 10:47:11:797 Recived 06 02 02 1E 00 1C 
22-08-18 at 10:47:11:812 Send 06 
22-08-18 at 10:47:11:827 Send 05 
22-08-18 at 10:47:11:842 Recived 15 
22-08-18 at 10:47:11:842 Send 06 
22-08-18 at 10:47:11:857 Send 02 29 1E 1E 00 00 00 04 0D 00 01 20 20 20 20 20 20 20 20 CE CE CE 20 CA EE EC EF E0 ED E8 FF 20 27 CA CE CB CE D0 CB CE CD 27 00 CB 
22-08-18 at 10:47:11:875 Recived 06 02 02 1E 00 1C 
22-08-18 at 10:47:11:890 Send 06 
22-08-18 at 10:47:11:905 Send 05 
22-08-18 at 10:47:11:920 Recived 15 
22-08-18 at 10:47:11:920 Send 06 
22-08-18 at 10:47:11:935 Send 02 2D 1E 1E 00 00 00 04 0E 00 01 20 20 20 20 20 CC E0 E3 E0 E7 E8 ED 20 27 C2 F1 E5 20 F2 EE E2 E0 F0 FB 20 E4 EB FF 20 E4 EE EC E0 27 20 00 DE 
22-08-18 at 10:47:11:953 Recived 06 02 02 1E 00 1C 
22-08-18 at 10:47:11:968 Send 06 
22-08-18 at 10:47:12:010 now clear port error ...
22-08-18 at 10:47:12:010 now write to port ...
22-08-18 at 10:47:12:144 ... done
22-08-18 at 10:47:12:182 Send 05 
22-08-18 at 10:47:12:197 Recived 15 
22-08-18 at 10:47:12:197 Send 06 
22-08-18 at 10:47:12:212 Send 02 06 1A 1E 00 00 00 79 7B 
22-08-18 at 10:47:12:227 Recived 06 02 09 1A 00 1E 00 00 00 00 00 00 0D 
22-08-18 at 10:47:12:242 Send 06 
22-08-18 at 10:47:14:461 Cardreader  Антонов Сергей 
22-08-18 at 10:47:14:471 Send 05 
22-08-18 at 10:47:14:489 Recived 15 
22-08-18 at 10:47:14:489 Send 06 
22-08-18 at 10:47:14:504 Send 02 19 1E 1E 00 00 00 02 1E 00 02 C0 ED F2 EE ED EE E2 20 D1 E5 F0 E3 E5 E9 20 00 FC 
22-08-18 at 10:47:14:520 Recived 06 02 02 1E 00 1C 
22-08-18 at 10:47:14:535 Send 06 
22-08-18 at 10:47:14:539 now clear port error ...
22-08-18 at 10:47:14:539 now write to port ...
22-08-18 at 10:47:14:672 ... done
22-08-18 at 10:47:15:465 Send 05 
22-08-18 at 10:47:15:480 Recived 15 
22-08-18 at 10:47:15:480 Send 06 
22-08-18 at 10:47:15:495 Send 02 06 FF 39 1E 00 00 00 DE 
22-08-18 at 10:47:15:510 Recived 06 02 10 FF 39 00 00 00 00 00 00 00 00 00 00 00 00 00 00 D6 
22-08-18 at 10:47:15:525 Send 06 
22-08-18 at 10:47:55:469 total calculated
22-08-18 at 10:47:55:471 now show on display
22-08-18 at 10:47:55:472                     Всего:        357.00
22-08-18 at 10:47:55:472 now clear port error ...
22-08-18 at 10:47:55:472 now write to port ...
22-08-18 at 10:47:55:606 ... done
22-08-18 at 10:47:55:607 total calculated
22-08-18 at 10:47:55:609 now show on display
22-08-18 at 10:47:55:610                     Всего:        357.00
22-08-18 at 10:47:55:610 now clear port error ...
22-08-18 at 10:47:55:610 now write to port ...
22-08-18 at 10:47:55:778 ... done
22-08-18 at 10:47:55:780 Удаление критической сессии
22-08-18 at 10:47:55:781 Выход из программы
22-08-18 at 10:51:11:003 Запуск программы. Инициализация считана из файла
22-08-18 at 10:51:11:004 Чек загружен.
22-08-18 at 10:51:11:004 Чек загружен.
22-08-18 at 10:51:11:005 total calculated
22-08-18 at 10:51:11:005 now show on display
22-08-18 at 10:51:11:005                     Всего:        357.00
22-08-18 at 10:51:11:005 now open port for display
22-08-18 at 10:51:11:006 Com port opened
22-08-18 at 10:51:11:007 now clear port error ...
22-08-18 at 10:51:11:007 now write to port ...
22-08-18 at 10:51:11:140 ... done
22-08-18 at 10:51:11:140 Чек сжат
22-08-18 at 10:51:11:141 Сумма чека посчитана
22-08-18 at 10:51:11:141 Кардридер создан
22-08-18 at 10:51:11:141 Задание запуска модулей создано
22-08-18 at 10:51:11:141 Сканер создан
22-08-18 at 10:51:11:142 Регистратор создан
22-08-18 at 10:51:11:142 Часы созданы
22-08-18 at 10:51:11:143 Регистратор запущен
22-08-18 at 10:51:11:143 Сканер запущен
22-08-18 at 10:51:11:143 Часы запущены
22-08-18 at 10:51:11:143 Кардридер запущен
22-08-18 at 10:51:11:143 Передача данных запущена
22-08-18 at 10:51:11:143 Вход в FRInit
22-08-18 at 10:51:11:143 Вход в GetStatus
22-08-18 at 10:51:11:160 Send 05 
22-08-18 at 10:51:11:175 Recived 15 
22-08-18 at 10:51:11:175 Send 06 
22-08-18 at 10:51:11:190 Send 02 05 11 1E 00 00 00 0A 
22-08-18 at 10:51:11:205 Recived 06 02 30 11 00 1E 43 31 CB D3 19 04 12 01 34 00 92 02 02 00 00 4E 41 00 00 01 01 10 16 08 12 0A 33 0B 00 2E 5D 00 00 0E 00 00 00 00 00 D2 E9 1E 42 01 00 C7 
22-08-18 at 10:51:11:220 Send 06 
22-08-18 at 10:51:11:229 KKMStatus 0000
22-08-18 at 10:51:11:235 Send 05 
22-08-18 at 10:51:11:250 Recived 15 
22-08-18 at 10:51:11:250 Send 06 
22-08-18 at 10:51:11:265 Send 02 05 11 1E 00 00 00 0A 
22-08-18 at 10:51:11:280 Recived 06 02 30 11 00 1E 43 31 CB D3 19 04 12 01 34 00 92 02 02 00 00 4E 41 00 00 01 01 10 16 08 12 0A 33 0B 00 2E 5D 00 00 0E 00 00 00 00 00 D2 E9 1E 42 01 00 C7 
22-08-18 at 10:51:11:295 Send 06 
22-08-18 at 10:51:11:304 KKMStatus 0200
22-08-18 at 10:51:11:304 Номер ФР считан
22-08-18 at 10:51:11:474 СУБД подключена
22-08-18 at 10:51:11:508 Send 05 
22-08-18 at 10:51:11:523 Recived 15 
22-08-18 at 10:51:11:523 Send 06 
22-08-18 at 10:51:11:538 Send 02 17 1E 1E 00 00 00 05 03 00 01 CA 41 D0 D2 CE C9 20 56 49 53 41 2F 4D 43 92 
22-08-18 at 10:51:11:554 Recived 06 02 02 1E 00 1C 
22-08-18 at 10:51:11:569 Send 06 
22-08-18 at 10:51:11:584 Send 05 
22-08-18 at 10:51:11:599 Recived 15 
22-08-18 at 10:51:11:599 Send 06 
22-08-18 at 10:51:11:614 Send 02 18 1E 1E 00 00 00 05 04 00 01 C4 D0 D3 C3 C8 CC C8 20 CA C0 D0 D2 C0 CC C8 3C 
22-08-18 at 10:51:11:630 Recived 06 02 02 1E 00 1C 
22-08-18 at 10:51:11:645 Send 06 
22-08-18 at 10:51:11:660 Send 05 
22-08-18 at 10:51:11:675 Recived 15 
22-08-18 at 10:51:11:675 Send 06 
22-08-18 at 10:51:11:690 Send 02 0A 1E 1E 00 00 00 01 01 00 01 01 0A 
22-08-18 at 10:51:11:705 Recived 06 02 02 1E 00 1C 
22-08-18 at 10:51:11:720 Send 06 
22-08-18 at 10:51:11:735 Send 05 
22-08-18 at 10:51:11:750 Recived 15 
22-08-18 at 10:51:11:750 Send 06 
22-08-18 at 10:51:11:765 Send 02 0A 1E 1E 00 00 00 01 01 00 05 02 0D 
22-08-18 at 10:51:11:780 Recived 06 02 02 1E 00 1C 
22-08-18 at 10:51:11:795 Send 06 
22-08-18 at 10:51:11:810 Send 05 
22-08-18 at 10:51:11:825 Recived 15 
22-08-18 at 10:51:11:825 Send 06 
22-08-18 at 10:51:11:840 Send 02 0A 1E 1E 00 00 00 01 01 00 23 01 28 
22-08-18 at 10:51:11:855 Recived 06 02 02 1E 00 1C 
22-08-18 at 10:51:11:870 Send 06 
22-08-18 at 10:51:11:885 Send 05 
22-08-18 at 10:51:11:900 Recived 15 
22-08-18 at 10:51:11:900 Send 06 
22-08-18 at 10:51:11:915 Send 02 0A 1E 1E 00 00 00 01 01 00 06 00 0C 
22-08-18 at 10:51:11:930 Recived 06 02 02 1E 00 1C 
22-08-18 at 10:51:11:945 Send 06 
22-08-18 at 10:51:11:960 Send 05 
22-08-18 at 10:51:11:975 Recived 15 
22-08-18 at 10:51:11:975 Send 06 
22-08-18 at 10:51:11:990 Send 02 0A 1E 1E 00 00 00 01 01 00 07 01 0C 
22-08-18 at 10:51:12:005 Recived 06 02 02 1E 00 1C 
22-08-18 at 10:51:12:020 Send 06 
22-08-18 at 10:51:12:035 Send 05 
22-08-18 at 10:51:12:050 Recived 15 
22-08-18 at 10:51:12:050 Send 06 
22-08-18 at 10:51:12:065 Send 02 0A 1E 1E 00 00 00 01 01 00 14 01 1F 
22-08-18 at 10:51:12:080 Recived 06 02 02 1E 00 1C 
22-08-18 at 10:51:12:095 Send 06 
22-08-18 at 10:51:12:110 Send 05 
22-08-18 at 10:51:12:125 Recived 15 
22-08-18 at 10:51:12:125 Send 06 
22-08-18 at 10:51:12:140 Send 02 0A 1E 1E 00 00 00 01 01 00 15 01 1E 
22-08-18 at 10:51:12:155 Recived 06 02 02 1E 00 1C 
22-08-18 at 10:51:12:170 Send 06 
22-08-18 at 10:51:12:185 Send 05 
22-08-18 at 10:51:12:200 Recived 15 
22-08-18 at 10:51:12:200 Send 06 
22-08-18 at 10:51:12:215 Send 02 0A 1E 1E 00 00 00 01 01 00 0F 00 05 
22-08-18 at 10:51:12:230 Recived 06 02 02 1E 00 1C 
22-08-18 at 10:51:12:245 Send 06 
22-08-18 at 10:51:12:260 Send 05 
22-08-18 at 10:51:12:275 Recived 15 
22-08-18 at 10:51:12:275 Send 06 
22-08-18 at 10:51:12:290 Send 02 0A 1E 1E 00 00 00 01 01 00 11 00 1B 
22-08-18 at 10:51:12:305 Recived 06 02 02 1E 00 1C 
22-08-18 at 10:51:12:320 Send 06 
22-08-18 at 10:51:12:335 Send 05 
22-08-18 at 10:51:12:350 Recived 15 
22-08-18 at 10:51:12:350 Send 06 
22-08-18 at 10:51:12:365 Send 02 0A 1E 1E 00 00 00 11 01 00 03 02 1B 
22-08-18 at 10:51:12:380 Recived 06 02 02 1E 00 1C 
22-08-18 at 10:51:12:395 Send 06 
22-08-18 at 10:51:12:410 Send 05 
22-08-18 at 10:51:12:425 Recived 15 
22-08-18 at 10:51:12:425 Send 06 
22-08-18 at 10:51:12:440 Send 02 0A 1E 1E 00 00 00 01 01 00 29 01 22 
22-08-18 at 10:51:12:455 Recived 06 02 02 1E 00 1C 
22-08-18 at 10:51:12:470 Send 06 
22-08-18 at 10:51:12:485 Send 05 
22-08-18 at 10:51:12:500 Recived 15 
22-08-18 at 10:51:12:500 Send 06 
22-08-18 at 10:51:12:515 Send 02 26 1E 1E 00 00 00 04 0C 00 01 20 20 20 20 20 20 20 20 20 20 20 C4 CE C1 D0 CE 20 CF CE C6 C0 CB CE C2 C0 D2 DC 21 00 D5 
22-08-18 at 10:51:12:533 Recived 06 02 02 1E 00 1C 
22-08-18 at 10:51:12:548 Send 06 
22-08-18 at 10:51:12:563 Send 05 
22-08-18 at 10:51:12:578 Recived 15 
22-08-18 at 10:51:12:578 Send 06 
22-08-18 at 10:51:12:593 Send 02 29 1E 1E 00 00 00 04 0D 00 01 20 20 20 20 20 20 20 20 CE CE CE 20 CA EE EC EF E0 ED E8 FF 20 27 CA CE CB CE D0 CB CE CD 27 00 CB 
22-08-18 at 10:51:12:611 Recived 06 02 02 1E 00 1C 
22-08-18 at 10:51:12:626 Send 06 
22-08-18 at 10:51:12:641 Send 05 
22-08-18 at 10:51:12:656 Recived 15 
22-08-18 at 10:51:12:656 Send 06 
22-08-18 at 10:51:12:671 Send 02 2D 1E 1E 00 00 00 04 0E 00 01 20 20 20 20 20 CC E0 E3 E0 E7 E8 ED 20 27 C2 F1 E5 20 F2 EE E2 E0 F0 FB 20 E4 EB FF 20 E4 EE EC E0 27 20 00 DE 
22-08-18 at 10:51:12:689 Recived 06 02 02 1E 00 1C 
22-08-18 at 10:51:12:704 Send 06 
22-08-18 at 10:51:12:744 now clear port error ...
22-08-18 at 10:51:12:745 now write to port ...
22-08-18 at 10:51:12:878 ... done
22-08-18 at 10:51:12:918 Send 05 
22-08-18 at 10:51:12:933 Recived 15 
22-08-18 at 10:51:12:933 Send 06 
22-08-18 at 10:51:12:948 Send 02 06 1A 1E 00 00 00 79 7B 
22-08-18 at 10:51:12:963 Recived 06 02 09 1A 00 1E 00 00 00 00 00 00 0D 
22-08-18 at 10:51:12:978 Send 06 
22-08-18 at 10:51:15:287 Cardreader  Антонов Сергей 
22-08-18 at 10:51:15:293 Send 05 
22-08-18 at 10:51:15:311 Recived 15 
22-08-18 at 10:51:15:314 Send 06 
22-08-18 at 10:51:15:329 Send 02 19 1E 1E 00 00 00 02 1E 00 02 C0 ED F2 EE ED EE E2 20 D1 E5 F0 E3 E5 E9 20 00 FC 
22-08-18 at 10:51:15:345 Recived 06 02 02 1E 00 1C 
22-08-18 at 10:51:15:360 Send 06 
22-08-18 at 10:51:15:365 now clear port error ...
22-08-18 at 10:51:15:365 now write to port ...
22-08-18 at 10:51:15:498 ... done
22-08-18 at 10:51:16:290 Send 05 
22-08-18 at 10:51:16:305 Recived 15 
22-08-18 at 10:51:16:305 Send 06 
22-08-18 at 10:51:16:320 Send 02 06 FF 39 1E 00 00 00 DE 
22-08-18 at 10:51:16:335 Recived 06 02 10 FF 39 00 00 00 00 00 00 00 00 00 00 00 00 00 00 D6 
22-08-18 at 10:51:16:350 Send 06 
22-08-18 at 10:51:22:223 total calculated
22-08-18 at 10:51:22:226 now show on display
22-08-18 at 10:51:22:226                     Всего:        357.00
22-08-18 at 10:51:22:226 now clear port error ...
22-08-18 at 10:51:22:226 now write to port ...
22-08-18 at 10:51:22:360 ... done
22-08-18 at 10:51:22:361 total calculated
22-08-18 at 10:51:22:364 now show on display
22-08-18 at 10:51:22:364                     Всего:        357.00
22-08-18 at 10:51:22:364 now clear port error ...
22-08-18 at 10:51:22:365 now write to port ...
22-08-18 at 10:51:22:532 ... done
22-08-18 at 10:51:22:534 Удаление критической сессии
22-08-18 at 10:51:22:535 Выход из программы
22-08-18 at 10:51:54:334 Запуск программы. Инициализация считана из файла
22-08-18 at 10:51:54:334 Чек загружен.
22-08-18 at 10:51:54:335 Чек загружен.
22-08-18 at 10:51:54:335 total calculated
22-08-18 at 10:51:54:336 now show on display
22-08-18 at 10:51:54:336                     Всего:        357.00
22-08-18 at 10:51:54:336 now open port for display
22-08-18 at 10:51:54:337 Com port opened
22-08-18 at 10:51:54:337 now clear port error ...
22-08-18 at 10:51:54:337 now write to port ...
22-08-18 at 10:51:54:471 ... done
22-08-18 at 10:51:54:471 Чек сжат
22-08-18 at 10:51:54:471 Сумма чека посчитана
22-08-18 at 10:51:54:472 Кардридер создан
22-08-18 at 10:51:54:472 Задание запуска модулей создано
22-08-18 at 10:51:54:472 Сканер создан
22-08-18 at 10:51:54:472 Регистратор создан
22-08-18 at 10:51:54:472 Часы созданы
22-08-18 at 10:51:54:473 Регистратор запущен
22-08-18 at 10:51:54:474 Сканер запущен
22-08-18 at 10:51:54:474 Часы запущены
22-08-18 at 10:51:54:474 Кардридер запущен
22-08-18 at 10:51:54:474 Передача данных запущена
22-08-18 at 10:51:54:474 Вход в FRInit
22-08-18 at 10:51:54:474 Вход в GetStatus
22-08-18 at 10:51:54:488 Send 05 
22-08-18 at 10:51:54:503 Recived 15 
22-08-18 at 10:51:54:503 Send 06 
22-08-18 at 10:51:54:518 Send 02 05 11 1E 00 00 00 0A 
22-08-18 at 10:51:54:533 Recived 06 02 30 11 00 1E 43 31 CB D3 19 04 12 01 34 00 92 02 02 00 00 4E 41 00 00 01 01 10 16 08 12 0A 33 36 00 2E 5D 00 00 0E 00 00 00 00 00 D2 E9 1E 42 01 00 FA 
22-08-18 at 10:51:54:548 Send 06 
22-08-18 at 10:51:54:551 KKMStatus 0000
22-08-18 at 10:51:54:563 Send 05 
22-08-18 at 10:51:54:578 Recived 15 
22-08-18 at 10:51:54:578 Send 06 
22-08-18 at 10:51:54:593 Send 02 05 11 1E 00 00 00 0A 
22-08-18 at 10:51:54:608 Recived 06 02 30 11 00 1E 43 31 CB D3 19 04 12 01 34 00 92 02 02 00 00 4E 41 00 00 01 01 10 16 08 12 0A 33 37 00 2E 5D 00 00 0E 00 00 00 00 00 D2 E9 1E 42 01 00 FB 
22-08-18 at 10:51:54:623 Send 06 
22-08-18 at 10:51:54:626 KKMStatus 0200
22-08-18 at 10:51:54:626 Номер ФР считан
22-08-18 at 10:51:54:796 СУБД подключена
22-08-18 at 10:51:54:818 Send 05 
22-08-18 at 10:51:54:833 Recived 15 
22-08-18 at 10:51:54:833 Send 06 
22-08-18 at 10:51:54:848 Send 02 17 1E 1E 00 00 00 05 03 00 01 CA 41 D0 D2 CE C9 20 56 49 53 41 2F 4D 43 92 
22-08-18 at 10:51:54:864 Recived 06 02 02 1E 00 1C 
22-08-18 at 10:51:54:879 Send 06 
22-08-18 at 10:51:54:894 Send 05 
22-08-18 at 10:51:54:909 Recived 15 
22-08-18 at 10:51:54:909 Send 06 
22-08-18 at 10:51:54:924 Send 02 18 1E 1E 00 00 00 05 04 00 01 C4 D0 D3 C3 C8 CC C8 20 CA C0 D0 D2 C0 CC C8 3C 
22-08-18 at 10:51:54:940 Recived 06 02 02 1E 00 1C 
22-08-18 at 10:51:54:955 Send 06 
22-08-18 at 10:51:54:970 Send 05 
22-08-18 at 10:51:54:985 Recived 15 
22-08-18 at 10:51:54:985 Send 06 
22-08-18 at 10:51:55:000 Send 02 0A 1E 1E 00 00 00 01 01 00 01 01 0A 
22-08-18 at 10:51:55:015 Recived 06 02 02 1E 00 1C 
22-08-18 at 10:51:55:030 Send 06 
22-08-18 at 10:51:55:045 Send 05 
22-08-18 at 10:51:55:060 Recived 15 
22-08-18 at 10:51:55:060 Send 06 
22-08-18 at 10:51:55:075 Send 02 0A 1E 1E 00 00 00 01 01 00 05 02 0D 
22-08-18 at 10:51:55:090 Recived 06 02 02 1E 00 1C 
22-08-18 at 10:51:55:105 Send 06 
22-08-18 at 10:51:55:120 Send 05 
22-08-18 at 10:51:55:135 Recived 15 
22-08-18 at 10:51:55:135 Send 06 
22-08-18 at 10:51:55:150 Send 02 0A 1E 1E 00 00 00 01 01 00 23 01 28 
22-08-18 at 10:51:55:165 Recived 06 02 02 1E 00 1C 
22-08-18 at 10:51:55:180 Send 06 
22-08-18 at 10:51:55:195 Send 05 
22-08-18 at 10:51:55:210 Recived 15 
22-08-18 at 10:51:55:210 Send 06 
22-08-18 at 10:51:55:225 Send 02 0A 1E 1E 00 00 00 01 01 00 06 00 0C 
22-08-18 at 10:51:55:240 Recived 06 02 02 1E 00 1C 
22-08-18 at 10:51:55:255 Send 06 
22-08-18 at 10:51:55:270 Send 05 
22-08-18 at 10:51:55:285 Recived 15 
22-08-18 at 10:51:55:285 Send 06 
22-08-18 at 10:51:55:300 Send 02 0A 1E 1E 00 00 00 01 01 00 07 01 0C 
22-08-18 at 10:51:55:315 Recived 06 02 02 1E 00 1C 
22-08-18 at 10:51:55:330 Send 06 
22-08-18 at 10:51:55:345 Send 05 
22-08-18 at 10:51:55:360 Recived 15 
22-08-18 at 10:51:55:360 Send 06 
22-08-18 at 10:51:55:375 Send 02 0A 1E 1E 00 00 00 01 01 00 14 01 1F 
22-08-18 at 10:51:55:390 Recived 06 02 02 1E 00 1C 
22-08-18 at 10:51:55:405 Send 06 
22-08-18 at 10:51:55:420 Send 05 
22-08-18 at 10:51:55:435 Recived 15 
22-08-18 at 10:51:55:435 Send 06 
22-08-18 at 10:51:55:450 Send 02 0A 1E 1E 00 00 00 01 01 00 15 01 1E 
22-08-18 at 10:51:55:465 Recived 06 02 02 1E 00 1C 
22-08-18 at 10:51:55:480 Send 06 
22-08-18 at 10:51:55:495 Send 05 
22-08-18 at 10:51:55:510 Recived 15 
22-08-18 at 10:51:55:510 Send 06 
22-08-18 at 10:51:55:525 Send 02 0A 1E 1E 00 00 00 01 01 00 0F 00 05 
22-08-18 at 10:51:55:540 Recived 06 02 02 1E 00 1C 
22-08-18 at 10:51:55:555 Send 06 
22-08-18 at 10:51:55:570 Send 05 
22-08-18 at 10:51:55:585 Recived 15 
22-08-18 at 10:51:55:585 Send 06 
22-08-18 at 10:51:55:600 Send 02 0A 1E 1E 00 00 00 01 01 00 11 00 1B 
22-08-18 at 10:51:55:615 Recived 06 02 02 1E 00 1C 
22-08-18 at 10:51:55:630 Send 06 
22-08-18 at 10:51:55:645 Send 05 
22-08-18 at 10:51:55:660 Recived 15 
22-08-18 at 10:51:55:660 Send 06 
22-08-18 at 10:51:55:675 Send 02 0A 1E 1E 00 00 00 11 01 00 03 02 1B 
22-08-18 at 10:51:55:690 Recived 06 02 02 1E 00 1C 
22-08-18 at 10:51:55:705 Send 06 
22-08-18 at 10:51:55:720 Send 05 
22-08-18 at 10:51:55:735 Recived 15 
22-08-18 at 10:51:55:735 Send 06 
22-08-18 at 10:51:55:750 Send 02 0A 1E 1E 00 00 00 01 01 00 29 01 22 
22-08-18 at 10:51:55:765 Recived 06 02 02 1E 00 1C 
22-08-18 at 10:51:55:780 Send 06 
22-08-18 at 10:51:55:795 Send 05 
22-08-18 at 10:51:55:810 Recived 15 
22-08-18 at 10:51:55:810 Send 06 
22-08-18 at 10:51:55:825 Send 02 26 1E 1E 00 00 00 04 0C 00 01 20 20 20 20 20 20 20 20 20 20 20 C4 CE C1 D0 CE 20 CF CE C6 C0 CB CE C2 C0 D2 DC 21 00 D5 
22-08-18 at 10:51:55:843 Recived 06 02 02 1E 00 1C 
22-08-18 at 10:51:55:858 Send 06 
22-08-18 at 10:51:55:873 Send 05 
22-08-18 at 10:51:55:888 Recived 15 
22-08-18 at 10:51:55:888 Send 06 
22-08-18 at 10:51:55:903 Send 02 29 1E 1E 00 00 00 04 0D 00 01 20 20 20 20 20 20 20 20 CE CE CE 20 CA EE EC EF E0 ED E8 FF 20 27 CA CE CB CE D0 CB CE CD 27 00 CB 
22-08-18 at 10:51:55:921 Recived 06 02 02 1E 00 1C 
22-08-18 at 10:51:55:936 Send 06 
22-08-18 at 10:51:55:951 Send 05 
22-08-18 at 10:51:55:966 Recived 15 
22-08-18 at 10:51:55:966 Send 06 
22-08-18 at 10:51:55:981 Send 02 2D 1E 1E 00 00 00 04 0E 00 01 20 20 20 20 20 CC E0 E3 E0 E7 E8 ED 20 27 C2 F1 E5 20 F2 EE E2 E0 F0 FB 20 E4 EB FF 20 E4 EE EC E0 27 20 00 DE 
22-08-18 at 10:51:55:999 Recived 06 02 02 1E 00 1C 
22-08-18 at 10:51:56:014 Send 06 
22-08-18 at 10:51:56:052 now clear port error ...
22-08-18 at 10:51:56:052 now write to port ...
22-08-18 at 10:51:56:186 ... done
22-08-18 at 10:51:56:228 Send 05 
22-08-18 at 10:51:56:243 Recived 15 
22-08-18 at 10:51:56:243 Send 06 
22-08-18 at 10:51:56:258 Send 02 06 1A 1E 00 00 00 79 7B 
22-08-18 at 10:51:56:273 Recived 06 02 09 1A 00 1E 00 00 00 00 00 00 0D 
22-08-18 at 10:51:56:288 Send 06 
22-08-18 at 10:51:58:519 Cardreader  Антонов Сергей 
22-08-18 at 10:51:58:529 Send 05 
22-08-18 at 10:51:58:547 Recived 15 
22-08-18 at 10:51:58:547 Send 06 
22-08-18 at 10:51:58:562 Send 02 19 1E 1E 00 00 00 02 1E 00 02 C0 ED F2 EE ED EE E2 20 D1 E5 F0 E3 E5 E9 20 00 FC 
22-08-18 at 10:51:58:578 Recived 06 02 02 1E 00 1C 
22-08-18 at 10:51:58:593 Send 06 
22-08-18 at 10:51:58:597 now clear port error ...
22-08-18 at 10:51:58:597 now write to port ...
22-08-18 at 10:51:58:730 ... done
22-08-18 at 10:51:59:523 Send 05 
22-08-18 at 10:51:59:538 Recived 15 
22-08-18 at 10:51:59:538 Send 06 
22-08-18 at 10:51:59:553 Send 02 06 FF 39 1E 00 00 00 DE 
22-08-18 at 10:51:59:568 Recived 06 02 10 FF 39 00 00 00 00 00 00 00 00 00 00 00 00 00 00 D6 
22-08-18 at 10:51:59:583 Send 06 
22-08-18 at 10:52:20:236 total calculated
22-08-18 at 10:52:20:239 now show on display
22-08-18 at 10:52:20:239                     Всего:        357.00
22-08-18 at 10:52:20:240 now clear port error ...
22-08-18 at 10:52:20:240 now write to port ...
22-08-18 at 10:52:20:374 ... done
22-08-18 at 10:52:20:375 total calculated
22-08-18 at 10:52:20:377 now show on display
22-08-18 at 10:52:20:378                     Всего:        357.00
22-08-18 at 10:52:20:378 now clear port error ...
22-08-18 at 10:52:20:378 now write to port ...
22-08-18 at 10:52:20:545 ... done
22-08-18 at 10:52:20:548 Удаление критической сессии
22-08-18 at 10:52:20:548 Выход из программы
22-08-18 at 10:52:49:353 Запуск программы. Инициализация считана из файла
22-08-18 at 10:52:49:354 Чек загружен.
22-08-18 at 10:52:49:354 Чек загружен.
22-08-18 at 10:52:49:355 total calculated
22-08-18 at 10:52:49:355 now show on display
22-08-18 at 10:52:49:355                     Всего:        357.00
22-08-18 at 10:52:49:356 now open port for display
22-08-18 at 10:52:49:356 Com port opened
22-08-18 at 10:52:49:357 now clear port error ...
22-08-18 at 10:52:49:357 now write to port ...
22-08-18 at 10:52:49:490 ... done
22-08-18 at 10:52:49:490 Чек сжат
22-08-18 at 10:52:49:490 Сумма чека посчитана
22-08-18 at 10:52:49:491 Кардридер создан
22-08-18 at 10:52:49:491 Задание запуска модулей создано
22-08-18 at 10:52:49:491 Сканер создан
22-08-18 at 10:52:49:491 Регистратор создан
22-08-18 at 10:52:49:491 Часы созданы
22-08-18 at 10:52:49:493 Регистратор запущен
22-08-18 at 10:52:49:493 Сканер запущен
22-08-18 at 10:52:49:493 Часы запущены
22-08-18 at 10:52:49:493 Кардридер запущен
22-08-18 at 10:52:49:493 Передача данных запущена
22-08-18 at 10:52:49:493 Вход в FRInit
22-08-18 at 10:52:49:494 Вход в GetStatus
22-08-18 at 10:52:49:509 Send 05 
22-08-18 at 10:52:49:524 Recived 15 
22-08-18 at 10:52:49:524 Send 06 
22-08-18 at 10:52:49:539 Send 02 05 11 1E 00 00 00 0A 
22-08-18 at 10:52:49:554 Recived 06 02 30 11 00 1E 43 31 CB D3 19 04 12 01 34 00 92 02 02 00 00 4E 41 00 00 01 01 10 16 08 12 0A 34 32 00 2E 5D 00 00 0E 00 00 00 00 00 D2 E9 1E 42 01 00 F9 
22-08-18 at 10:52:49:569 Send 06 
22-08-18 at 10:52:49:579 KKMStatus 0000
22-08-18 at 10:52:49:584 Send 05 
22-08-18 at 10:52:49:599 Recived 15 
22-08-18 at 10:52:49:599 Send 06 
22-08-18 at 10:52:49:614 Send 02 05 11 1E 00 00 00 0A 
22-08-18 at 10:52:49:629 Recived 06 02 30 11 00 1E 43 31 CB D3 19 04 12 01 34 00 92 02 02 00 00 4E 41 00 00 01 01 10 16 08 12 0A 34 32 00 2E 5D 00 00 0E 00 00 00 00 00 D2 E9 1E 42 01 00 F9 
22-08-18 at 10:52:49:644 Send 06 
22-08-18 at 10:52:49:654 KKMStatus 0200
22-08-18 at 10:52:49:654 Номер ФР считан
22-08-18 at 10:52:49:826 СУБД подключена
22-08-18 at 10:52:49:849 Send 05 
22-08-18 at 10:52:49:864 Recived 15 
22-08-18 at 10:52:49:864 Send 06 
22-08-18 at 10:52:49:879 Send 02 17 1E 1E 00 00 00 05 03 00 01 CA 41 D0 D2 CE C9 20 56 49 53 41 2F 4D 43 92 
22-08-18 at 10:52:49:895 Recived 06 02 02 1E 00 1C 
22-08-18 at 10:52:49:910 Send 06 
22-08-18 at 10:52:49:925 Send 05 
22-08-18 at 10:52:49:940 Recived 15 
22-08-18 at 10:52:49:940 Send 06 
22-08-18 at 10:52:49:955 Send 02 18 1E 1E 00 00 00 05 04 00 01 C4 D0 D3 C3 C8 CC C8 20 CA C0 D0 D2 C0 CC C8 3C 
22-08-18 at 10:52:49:971 Recived 06 02 02 1E 00 1C 
22-08-18 at 10:52:49:986 Send 06 
22-08-18 at 10:52:50:001 Send 05 
22-08-18 at 10:52:50:016 Recived 15 
22-08-18 at 10:52:50:016 Send 06 
22-08-18 at 10:52:50:031 Send 02 0A 1E 1E 00 00 00 01 01 00 01 01 0A 
22-08-18 at 10:52:50:046 Recived 06 02 02 1E 00 1C 
22-08-18 at 10:52:50:061 Send 06 
22-08-18 at 10:52:50:076 Send 05 
22-08-18 at 10:52:50:091 Recived 15 
22-08-18 at 10:52:50:091 Send 06 
22-08-18 at 10:52:50:106 Send 02 0A 1E 1E 00 00 00 01 01 00 05 02 0D 
22-08-18 at 10:52:50:121 Recived 06 02 02 1E 00 1C 
22-08-18 at 10:52:50:136 Send 06 
22-08-18 at 10:52:50:151 Send 05 
22-08-18 at 10:52:50:166 Recived 15 
22-08-18 at 10:52:50:166 Send 06 
22-08-18 at 10:52:50:181 Send 02 0A 1E 1E 00 00 00 01 01 00 23 01 28 
22-08-18 at 10:52:50:196 Recived 06 02 02 1E 00 1C 
22-08-18 at 10:52:50:211 Send 06 
22-08-18 at 10:52:50:226 Send 05 
22-08-18 at 10:52:50:241 Recived 15 
22-08-18 at 10:52:50:241 Send 06 
22-08-18 at 10:52:50:256 Send 02 0A 1E 1E 00 00 00 01 01 00 06 00 0C 
22-08-18 at 10:52:50:271 Recived 06 02 02 1E 00 1C 
22-08-18 at 10:52:50:286 Send 06 
22-08-18 at 10:52:50:301 Send 05 
22-08-18 at 10:52:50:316 Recived 15 
22-08-18 at 10:52:50:316 Send 06 
22-08-18 at 10:52:50:331 Send 02 0A 1E 1E 00 00 00 01 01 00 07 01 0C 
22-08-18 at 10:52:50:346 Recived 06 02 02 1E 00 1C 
22-08-18 at 10:52:50:361 Send 06 
22-08-18 at 10:52:50:376 Send 05 
22-08-18 at 10:52:50:391 Recived 15 
22-08-18 at 10:52:50:391 Send 06 
22-08-18 at 10:52:50:406 Send 02 0A 1E 1E 00 00 00 01 01 00 14 01 1F 
22-08-18 at 10:52:50:421 Recived 06 02 02 1E 00 1C 
22-08-18 at 10:52:50:436 Send 06 
22-08-18 at 10:52:50:451 Send 05 
22-08-18 at 10:52:50:466 Recived 15 
22-08-18 at 10:52:50:466 Send 06 
22-08-18 at 10:52:50:481 Send 02 0A 1E 1E 00 00 00 01 01 00 15 01 1E 
22-08-18 at 10:52:50:496 Recived 06 02 02 1E 00 1C 
22-08-18 at 10:52:50:511 Send 06 
22-08-18 at 10:52:50:526 Send 05 
22-08-18 at 10:52:50:541 Recived 15 
22-08-18 at 10:52:50:541 Send 06 
22-08-18 at 10:52:50:556 Send 02 0A 1E 1E 00 00 00 01 01 00 0F 00 05 
22-08-18 at 10:52:50:571 Recived 06 02 02 1E 00 1C 
22-08-18 at 10:52:50:586 Send 06 
22-08-18 at 10:52:50:601 Send 05 
22-08-18 at 10:52:50:616 Recived 15 
22-08-18 at 10:52:50:616 Send 06 
22-08-18 at 10:52:50:631 Send 02 0A 1E 1E 00 00 00 01 01 00 11 00 1B 
22-08-18 at 10:52:50:646 Recived 06 02 02 1E 00 1C 
22-08-18 at 10:52:50:661 Send 06 
22-08-18 at 10:52:50:676 Send 05 
22-08-18 at 10:52:50:691 Recived 15 
22-08-18 at 10:52:50:691 Send 06 
22-08-18 at 10:52:50:706 Send 02 0A 1E 1E 00 00 00 11 01 00 03 02 1B 
22-08-18 at 10:52:50:721 Recived 06 02 02 1E 00 1C 
22-08-18 at 10:52:50:736 Send 06 
22-08-18 at 10:52:50:751 Send 05 
22-08-18 at 10:52:50:766 Recived 15 
22-08-18 at 10:52:50:766 Send 06 
22-08-18 at 10:52:50:781 Send 02 0A 1E 1E 00 00 00 01 01 00 29 01 22 
22-08-18 at 10:52:50:796 Recived 06 02 02 1E 00 1C 
22-08-18 at 10:52:50:811 Send 06 
22-08-18 at 10:52:50:826 Send 05 
22-08-18 at 10:52:50:841 Recived 15 
22-08-18 at 10:52:50:841 Send 06 
22-08-18 at 10:52:50:856 Send 02 26 1E 1E 00 00 00 04 0C 00 01 20 20 20 20 20 20 20 20 20 20 20 C4 CE C1 D0 CE 20 CF CE C6 C0 CB CE C2 C0 D2 DC 21 00 D5 
22-08-18 at 10:52:50:874 Recived 06 02 02 1E 00 1C 
22-08-18 at 10:52:50:889 Send 06 
22-08-18 at 10:52:50:904 Send 05 
22-08-18 at 10:52:50:919 Recived 15 
22-08-18 at 10:52:50:919 Send 06 
22-08-18 at 10:52:50:934 Send 02 29 1E 1E 00 00 00 04 0D 00 01 20 20 20 20 20 20 20 20 CE CE CE 20 CA EE EC EF E0 ED E8 FF 20 27 CA CE CB CE D0 CB CE CD 27 00 CB 
22-08-18 at 10:52:50:952 Recived 06 02 02 1E 00 1C 
22-08-18 at 10:52:50:967 Send 06 
22-08-18 at 10:52:50:982 Send 05 
22-08-18 at 10:52:50:997 Recived 15 
22-08-18 at 10:52:50:997 Send 06 
22-08-18 at 10:52:51:012 Send 02 2D 1E 1E 00 00 00 04 0E 00 01 20 20 20 20 20 CC E0 E3 E0 E7 E8 ED 20 27 C2 F1 E5 20 F2 EE E2 E0 F0 FB 20 E4 EB FF 20 E4 EE EC E0 27 20 00 DE 
22-08-18 at 10:52:51:030 Recived 06 02 02 1E 00 1C 
22-08-18 at 10:52:51:045 Send 06 
22-08-18 at 10:52:51:086 now clear port error ...
22-08-18 at 10:52:51:086 now write to port ...
22-08-18 at 10:52:51:220 ... done
22-08-18 at 10:52:51:241 Send 05 
22-08-18 at 10:52:51:256 Recived 15 
22-08-18 at 10:52:51:256 Send 06 
22-08-18 at 10:52:51:271 Send 02 06 1A 1E 00 00 00 79 7B 
22-08-18 at 10:52:51:286 Recived 06 02 09 1A 00 1E 00 00 00 00 00 00 0D 
22-08-18 at 10:52:51:301 Send 06 
22-08-18 at 10:52:53:517 Cardreader  Антонов Сергей 
22-08-18 at 10:52:53:523 Send 05 
22-08-18 at 10:52:53:541 Recived 15 
22-08-18 at 10:52:53:544 Send 06 
22-08-18 at 10:52:53:559 Send 02 19 1E 1E 00 00 00 02 1E 00 02 C0 ED F2 EE ED EE E2 20 D1 E5 F0 E3 E5 E9 20 00 FC 
22-08-18 at 10:52:53:575 Recived 06 02 02 1E 00 1C 
22-08-18 at 10:52:53:590 Send 06 
22-08-18 at 10:52:53:594 now clear port error ...
22-08-18 at 10:52:53:594 now write to port ...
22-08-18 at 10:52:53:727 ... done
22-08-18 at 10:52:54:520 Send 05 
22-08-18 at 10:52:54:535 Recived 15 
22-08-18 at 10:52:54:535 Send 06 
22-08-18 at 10:52:54:550 Send 02 06 FF 39 1E 00 00 00 DE 
22-08-18 at 10:52:54:565 Recived 06 02 10 FF 39 00 00 00 00 00 00 00 00 00 00 00 00 00 00 D6 
22-08-18 at 10:52:54:580 Send 06 
22-08-18 at 10:53:05:113 total calculated
22-08-18 at 10:53:05:115 now show on display
22-08-18 at 10:53:05:115                     Всего:        357.00
22-08-18 at 10:53:05:116 now clear port error ...
22-08-18 at 10:53:05:116 now write to port ...
22-08-18 at 10:53:05:249 ... done
22-08-18 at 10:53:05:250 total calculated
22-08-18 at 10:53:05:254 now show on display
22-08-18 at 10:53:05:254                     Всего:        357.00
22-08-18 at 10:53:05:254 now clear port error ...
22-08-18 at 10:53:05:254 now write to port ...
22-08-18 at 10:53:05:421 ... done
22-08-18 at 10:53:05:424 Удаление критической сессии
22-08-18 at 10:53:05:424 Выход из программы
