30-10-18 at 10:15:18:035 Запуск программы. Инициализация считана из файла
30-10-18 at 10:15:18:036 Чек загружен.
30-10-18 at 10:15:18:036 total calculated
30-10-18 at 10:15:18:037 now show on display
30-10-18 at 10:15:18:037                     Всего:          0.00
30-10-18 at 10:15:18:037 now open port for display
30-10-18 at 10:15:18:038 Com port opened
30-10-18 at 10:15:18:038 now clear port error ...
30-10-18 at 10:15:18:038 now write to port ...
30-10-18 at 10:15:18:279 ... done
30-10-18 at 10:15:18:280 Чек сжат
30-10-18 at 10:15:18:280 Сумма чека посчитана
30-10-18 at 10:15:18:280 Кардридер создан
30-10-18 at 10:15:18:281 Задание запуска модулей создано
30-10-18 at 10:15:18:281 Сканер создан
30-10-18 at 10:15:18:281 Запуск потока обмена COM-порта
30-10-18 at 10:15:18:281 Регистратор создан
30-10-18 at 10:15:18:288 Часы созданы
30-10-18 at 10:15:18:288 Регистратор запущен
30-10-18 at 10:15:18:289 Сканер запущен
30-10-18 at 10:15:18:289 Часы запущены
30-10-18 at 10:15:18:289 Кардридер запущен
30-10-18 at 10:15:18:289 Передача данных запущена
30-10-18 at 10:15:18:289 Вход в FRInit mstar
30-10-18 at 10:15:18:289 Вход в GetStatus
30-10-18 at 10:15:18:289 Send 05 
30-10-18 at 10:15:18:310 Recived 15 
30-10-18 at 10:15:18:310 Send 06 
30-10-18 at 10:15:18:330 Send 02 05 11 1E 00 00 00 0A 
30-10-18 at 10:15:18:350 Recived 06 02 30 11 00 1E 43 31 C7 E0 01 08 12 01 7C 00 92 02 04 00 00 4E 41 00 00 01 01 10 1E 0A 12 0A 0F 11 00 2E 5D 00 00 2F 00 00 00 00 00 D2 E9 1E 42 01 00 AF 
30-10-18 at 10:15:18:370 Send 06 
30-10-18 at 10:15:18:374 KKMStatus 0000
30-10-18 at 10:15:18:390 Send 05 
30-10-18 at 10:15:18:410 Recived 15 
30-10-18 at 10:15:18:410 Send 06 
30-10-18 at 10:15:18:430 Send 02 05 11 1E 00 00 00 0A 
30-10-18 at 10:15:18:450 Recived 06 02 30 11 00 1E 43 31 C7 E0 01 08 12 01 7C 00 92 02 04 00 00 4E 41 00 00 01 01 10 1E 0A 12 0A 0F 12 00 2E 5D 00 00 2F 00 00 00 00 00 D2 E9 1E 42 01 00 AC 
30-10-18 at 10:15:18:470 Send 06 
30-10-18 at 10:15:18:474 KKMStatus 0400
30-10-18 at 10:15:18:474 Номер ФР считан
30-10-18 at 10:15:18:769 СУБД подключена
30-10-18 at 10:15:18:813 Send 05 
30-10-18 at 10:15:18:833 Recived 15 
30-10-18 at 10:15:18:833 Send 06 
30-10-18 at 10:15:18:853 Send 02 0B 1E 1E 00 00 00 06 03 00 01 00 00 0F 
30-10-18 at 10:15:18:873 Recived 06 02 02 1E 00 1C 
30-10-18 at 10:15:18:893 Send 06 
30-10-18 at 10:15:18:913 Send 05 
30-10-18 at 10:15:18:933 Recived 15 
30-10-18 at 10:15:18:933 Send 06 
30-10-18 at 10:15:18:953 Send 02 10 1E 1E 00 00 00 06 03 00 02 CD C4 D1 20 30 25 00 FA 
30-10-18 at 10:15:18:974 Recived 06 02 02 1E 00 1C 
30-10-18 at 10:15:18:994 Send 06 
30-10-18 at 10:15:19:014 Send 05 
30-10-18 at 10:15:19:034 Recived 15 
30-10-18 at 10:15:19:034 Send 06 
30-10-18 at 10:15:19:054 Send 02 0B 1E 1E 00 00 00 06 02 00 01 E8 03 E5 
30-10-18 at 10:15:19:074 Recived 06 02 02 1E 00 1C 
30-10-18 at 10:15:19:094 Send 06 
30-10-18 at 10:15:19:114 Send 05 
30-10-18 at 10:15:19:134 Recived 15 
30-10-18 at 10:15:19:134 Send 06 
30-10-18 at 10:15:19:154 Send 02 10 1E 1E 00 00 00 06 02 00 02 CD C4 D1 20 31 30 25 CA 
30-10-18 at 10:15:19:175 Recived 06 02 02 1E 00 1C 
30-10-18 at 10:15:19:195 Send 06 
30-10-18 at 10:15:19:215 Send 05 
30-10-18 at 10:15:19:235 Recived 15 
30-10-18 at 10:15:19:235 Send 06 
30-10-18 at 10:15:19:255 Send 02 0B 1E 1E 00 00 00 06 01 00 01 08 07 02 
30-10-18 at 10:15:19:275 Recived 06 02 02 1E 00 1C 
30-10-18 at 10:15:19:295 Send 06 
30-10-18 at 10:15:19:315 Send 05 
30-10-18 at 10:15:19:335 Recived 15 
30-10-18 at 10:15:19:335 Send 06 
30-10-18 at 10:15:19:355 Send 02 10 1E 1E 00 00 00 06 01 00 02 CD C4 D1 20 31 38 25 C1 
30-10-18 at 10:15:19:376 Recived 06 02 02 1E 00 1C 
30-10-18 at 10:15:19:396 Send 06 
30-10-18 at 10:15:19:416 Send 05 
30-10-18 at 10:15:19:436 Recived 15 
30-10-18 at 10:15:19:436 Send 06 
30-10-18 at 10:15:19:456 Send 02 17 1E 1E 00 00 00 05 03 00 01 CA 41 D0 D2 CE C9 20 56 49 53 41 2F 4D 43 92 
30-10-18 at 10:15:19:477 Recived 06 02 02 1E 00 1C 
30-10-18 at 10:15:19:497 Send 06 
30-10-18 at 10:15:19:516 Send 05 
30-10-18 at 10:15:19:536 Recived 15 
30-10-18 at 10:15:19:536 Send 06 
30-10-18 at 10:15:19:556 Send 02 18 1E 1E 00 00 00 05 04 00 01 C4 D0 D3 C3 C8 CC C8 20 CA C0 D0 D2 C0 CC C8 3C 
30-10-18 at 10:15:19:577 Recived 06 02 02 1E 00 1C 
30-10-18 at 10:15:19:597 Send 06 
30-10-18 at 10:15:19:617 Send 05 
30-10-18 at 10:15:19:637 Recived 15 
30-10-18 at 10:15:19:637 Send 06 
30-10-18 at 10:15:19:657 Send 02 1D 1E 1E 00 00 00 05 0E 00 01 CF CE C4 C0 D0 CE D7 CD DB CC C8 20 CA C0 D0 D2 C0 CC C8 00 25 
30-10-18 at 10:15:19:678 Recived 06 02 02 1E 00 1C 
30-10-18 at 10:15:19:698 Send 06 
30-10-18 at 10:15:19:718 Send 05 
30-10-18 at 10:15:19:738 Recived 15 
30-10-18 at 10:15:19:738 Send 06 
30-10-18 at 10:15:19:758 Send 02 0A 1E 1E 00 00 00 01 01 00 01 01 0A 
30-10-18 at 10:15:19:778 Recived 06 02 02 1E 00 1C 
30-10-18 at 10:15:19:798 Send 06 
30-10-18 at 10:15:19:818 Send 05 
30-10-18 at 10:15:19:838 Recived 15 
30-10-18 at 10:15:19:838 Send 06 
30-10-18 at 10:15:19:858 Send 02 0A 1E 1E 00 00 00 01 01 00 05 02 0D 
30-10-18 at 10:15:19:878 Recived 06 02 02 1E 00 1C 
30-10-18 at 10:15:19:898 Send 06 
30-10-18 at 10:15:19:918 Send 05 
30-10-18 at 10:15:19:938 Recived 15 
30-10-18 at 10:15:19:938 Send 06 
30-10-18 at 10:15:19:958 Send 02 0A 1E 1E 00 00 00 01 01 00 23 01 28 
30-10-18 at 10:15:19:978 Recived 06 02 02 1E 00 1C 
30-10-18 at 10:15:19:998 Send 06 
30-10-18 at 10:15:20:018 Send 05 
30-10-18 at 10:15:20:038 Recived 15 
30-10-18 at 10:15:20:038 Send 06 
30-10-18 at 10:15:20:058 Send 02 0A 1E 1E 00 00 00 01 01 00 06 00 0C 
30-10-18 at 10:15:20:078 Recived 06 02 02 1E 00 1C 
30-10-18 at 10:15:20:098 Send 06 
30-10-18 at 10:15:20:118 Send 05 
30-10-18 at 10:15:20:138 Recived 15 
30-10-18 at 10:15:20:138 Send 06 
30-10-18 at 10:15:20:158 Send 02 0A 1E 1E 00 00 00 01 01 00 07 01 0C 
30-10-18 at 10:15:20:178 Recived 06 02 02 1E 00 1C 
30-10-18 at 10:15:20:198 Send 06 
30-10-18 at 10:15:20:218 Send 05 
30-10-18 at 10:15:20:238 Recived 15 
30-10-18 at 10:15:20:238 Send 06 
30-10-18 at 10:15:20:258 Send 02 0A 1E 1E 00 00 00 01 01 00 14 01 1F 
30-10-18 at 10:15:20:278 Recived 06 02 02 1E 00 1C 
30-10-18 at 10:15:20:298 Send 06 
30-10-18 at 10:15:20:318 Send 05 
30-10-18 at 10:15:20:338 Recived 15 
30-10-18 at 10:15:20:338 Send 06 
30-10-18 at 10:15:20:358 Send 02 0A 1E 1E 00 00 00 01 01 00 15 01 1E 
30-10-18 at 10:15:20:378 Recived 06 02 02 1E 00 1C 
30-10-18 at 10:15:20:398 Send 06 
30-10-18 at 10:15:20:418 Send 05 
30-10-18 at 10:15:20:438 Recived 15 
30-10-18 at 10:15:20:438 Send 06 
30-10-18 at 10:15:20:458 Send 02 0A 1E 1E 00 00 00 01 01 00 0F 00 05 
30-10-18 at 10:15:20:478 Recived 06 02 02 1E 00 1C 
30-10-18 at 10:15:20:498 Send 06 
30-10-18 at 10:15:20:518 Send 05 
30-10-18 at 10:15:20:538 Recived 15 
30-10-18 at 10:15:20:538 Send 06 
30-10-18 at 10:15:20:558 Send 02 0A 1E 1E 00 00 00 01 01 00 11 00 1B 
30-10-18 at 10:15:20:578 Recived 06 02 02 1E 00 1C 
30-10-18 at 10:15:20:598 Send 06 
30-10-18 at 10:15:20:618 Send 05 
30-10-18 at 10:15:20:638 Recived 15 
30-10-18 at 10:15:20:638 Send 06 
30-10-18 at 10:15:20:658 Send 02 0A 1E 1E 00 00 00 11 01 00 03 02 1B 
30-10-18 at 10:15:20:678 Recived 06 02 02 1E 00 1C 
30-10-18 at 10:15:20:698 Send 06 
30-10-18 at 10:15:20:718 Send 05 
30-10-18 at 10:15:20:738 Recived 15 
30-10-18 at 10:15:20:738 Send 06 
30-10-18 at 10:15:20:758 Send 02 0A 1E 1E 00 00 00 11 01 00 0C 00 16 
30-10-18 at 10:15:20:778 Recived 06 02 02 1E 00 1C 
30-10-18 at 10:15:20:798 Send 06 
30-10-18 at 10:15:20:818 Send 05 
30-10-18 at 10:15:20:838 Recived 15 
30-10-18 at 10:15:20:838 Send 06 
30-10-18 at 10:15:20:858 Send 02 0A 1E 1E 00 00 00 01 01 00 29 01 22 
30-10-18 at 10:15:20:878 Recived 06 02 02 1E 00 1C 
30-10-18 at 10:15:20:898 Send 06 
30-10-18 at 10:15:20:918 Send 05 
30-10-18 at 10:15:20:938 Recived 15 
30-10-18 at 10:15:20:938 Send 06 
30-10-18 at 10:15:20:958 Send 02 26 1E 1E 00 00 00 04 0C 00 01 20 20 20 20 20 20 20 20 20 20 20 C4 CE C1 D0 CE 20 CF CE C6 C0 CB CE C2 C0 D2 DC 21 00 D5 
30-10-18 at 10:15:20:981 Recived 06 02 02 1E 00 1C 
30-10-18 at 10:15:21:001 Send 06 
30-10-18 at 10:15:21:021 Send 05 
30-10-18 at 10:15:21:041 Recived 15 
30-10-18 at 10:15:21:041 Send 06 
30-10-18 at 10:15:21:061 Send 02 29 1E 1E 00 00 00 04 0D 00 01 20 20 20 20 20 20 20 20 CE CE CE 20 CA EE EC EF E0 ED E8 FF 20 27 CA CE CB CE D0 CB CE CD 27 00 CB 
30-10-18 at 10:15:21:084 Recived 06 02 02 1E 00 1C 
30-10-18 at 10:15:21:104 Send 06 
30-10-18 at 10:15:21:124 Send 05 
30-10-18 at 10:15:21:144 Recived 15 
30-10-18 at 10:15:21:144 Send 06 
30-10-18 at 10:15:21:164 Send 02 2D 1E 1E 00 00 00 04 0E 00 01 20 20 20 20 20 CC E0 E3 E0 E7 E8 ED 20 27 C2 F1 E5 20 F2 EE E2 E0 F0 FB 20 E4 EB FF 20 E4 EE EC E0 27 20 00 DE 
30-10-18 at 10:15:21:187 Recived 06 02 02 1E 00 1C 
30-10-18 at 10:15:21:207 Send 06 
30-10-18 at 10:15:21:386 now clear port error ...
30-10-18 at 10:15:21:387 now write to port ...
30-10-18 at 10:15:21:628 ... done
30-10-18 at 10:15:21:690 Send 05 
30-10-18 at 10:15:21:710 Recived 15 
30-10-18 at 10:15:21:710 Send 06 
30-10-18 at 10:15:21:730 Send 02 06 1A 1E 00 00 00 C1 C3 
30-10-18 at 10:15:21:750 Recived 06 02 09 1A 00 1E 00 00 00 00 00 00 0D 
30-10-18 at 10:15:21:770 Send 06 
30-10-18 at 10:15:21:790 Send 05 
30-10-18 at 10:15:21:810 Recived 15 
30-10-18 at 10:15:21:810 Send 06 
30-10-18 at 10:15:21:830 Send 02 06 1A 1E 00 00 00 C3 C1 
30-10-18 at 10:15:21:850 Recived 06 02 09 1A 00 1E 00 00 00 00 00 00 0D 
30-10-18 at 10:15:21:870 Send 06 
30-10-18 at 10:15:21:890 Send 05 
30-10-18 at 10:15:21:910 Recived 15 
30-10-18 at 10:15:21:910 Send 06 
30-10-18 at 10:15:21:930 Send 02 06 1A 1E 00 00 00 C5 C7 
30-10-18 at 10:15:21:950 Recived 06 02 09 1A 00 1E 00 00 00 00 00 00 0D 
30-10-18 at 10:15:21:970 Send 06 
30-10-18 at 10:15:21:990 Send 05 
30-10-18 at 10:15:22:010 Recived 15 
30-10-18 at 10:15:22:010 Send 06 
30-10-18 at 10:15:22:030 Send 02 06 1A 1E 00 00 00 C7 C5 
30-10-18 at 10:15:22:050 Recived 06 02 09 1A 00 1E 00 00 00 00 00 00 0D 
30-10-18 at 10:15:22:070 Send 06 
30-10-18 at 10:15:22:090 Send 05 
30-10-18 at 10:15:22:110 Recived 15 
30-10-18 at 10:15:22:110 Send 06 
30-10-18 at 10:15:22:130 Send 02 06 1A 1E 00 00 00 C9 CB 
30-10-18 at 10:15:22:150 Recived 06 02 09 1A 00 1E 00 00 00 00 00 00 0D 
30-10-18 at 10:15:22:170 Send 06 
30-10-18 at 10:15:22:190 Send 05 
30-10-18 at 10:15:22:210 Recived 15 
30-10-18 at 10:15:22:210 Send 06 
30-10-18 at 10:15:22:230 Send 02 06 1A 1E 00 00 00 CB C9 
30-10-18 at 10:15:22:250 Recived 06 02 09 1A 00 1E 00 00 00 00 00 00 0D 
30-10-18 at 10:15:22:270 Send 06 
30-10-18 at 10:15:22:290 Send 05 
30-10-18 at 10:15:22:310 Recived 15 
30-10-18 at 10:15:22:310 Send 06 
30-10-18 at 10:15:22:330 Send 02 06 1A 1E 00 00 00 CD CF 
30-10-18 at 10:15:22:350 Recived 06 02 09 1A 00 1E 00 00 00 00 00 00 0D 
30-10-18 at 10:15:22:370 Send 06 
30-10-18 at 10:15:22:390 Send 05 
30-10-18 at 10:15:22:410 Recived 15 
30-10-18 at 10:15:22:410 Send 06 
30-10-18 at 10:15:22:430 Send 02 06 1A 1E 00 00 00 CF CD 
30-10-18 at 10:15:22:450 Recived 06 02 09 1A 00 1E 00 00 00 00 00 00 0D 
30-10-18 at 10:15:22:470 Send 06 
30-10-18 at 10:15:22:490 Send 05 
30-10-18 at 10:15:22:510 Recived 15 
30-10-18 at 10:15:22:510 Send 06 
30-10-18 at 10:15:22:530 Send 02 07 1A 1E 00 00 00 54 10 47 
30-10-18 at 10:15:22:550 Recived 06 02 09 1A 00 1E 00 00 00 00 00 00 0D 
30-10-18 at 10:15:22:570 Send 06 
30-10-18 at 10:15:22:590 Send 05 
30-10-18 at 10:15:22:610 Recived 15 
30-10-18 at 10:15:22:610 Send 06 
30-10-18 at 10:15:22:630 Send 02 07 1A 1E 00 00 00 56 10 45 
30-10-18 at 10:15:22:650 Recived 06 02 09 1A 00 1E 00 00 00 00 00 00 0D 
30-10-18 at 10:15:22:670 Send 06 
30-10-18 at 10:15:22:942 Cardreader  Антонов Сергей 
30-10-18 at 10:15:22:953 Send 05 
30-10-18 at 10:15:22:973 Recived 15 
30-10-18 at 10:15:22:973 Send 06 
30-10-18 at 10:15:22:993 Send 02 19 1E 1E 00 00 00 02 1E 00 02 C0 ED F2 EE ED EE E2 20 D1 E5 F0 E3 E5 E9 20 00 FC 
30-10-18 at 10:15:23:014 Recived 06 02 02 1E 00 1C 
30-10-18 at 10:15:23:034 Send 06 
30-10-18 at 10:15:23:042 now clear port error ...
30-10-18 at 10:15:23:042 now write to port ...
30-10-18 at 10:15:23:283 ... done
30-10-18 at 10:15:23:954 Send 05 
30-10-18 at 10:15:23:974 Recived 15 
30-10-18 at 10:15:23:974 Send 06 
30-10-18 at 10:15:23:994 Send 02 06 FF 39 1E 00 00 00 DE 
30-10-18 at 10:15:24:014 Recived 06 02 10 FF 39 00 00 00 00 00 00 00 00 00 00 00 00 00 00 D6 
30-10-18 at 10:15:24:034 Send 06 
30-10-18 at 10:15:24:678 total calculated
30-10-18 at 10:15:24:678 now show on display
30-10-18 at 10:15:24:678                     Всего:          0.00
30-10-18 at 10:15:24:679 now clear port error ...
30-10-18 at 10:15:24:679 now write to port ...
30-10-18 at 10:15:24:920 ... done
30-10-18 at 10:15:24:920 total calculated
30-10-18 at 10:15:24:921 now show on display
30-10-18 at 10:15:24:921                     Всего:          0.00
30-10-18 at 10:15:24:921 now clear port error ...
30-10-18 at 10:15:24:921 now write to port ...
30-10-18 at 10:15:25:230 ... done
30-10-18 at 10:15:25:233 Удаление критической сессии
30-10-18 at 10:15:25:234 Выход из программы
