26-02-18 at 15:17:13:581 Запуск программы. Инициализация считана из файла
26-02-18 at 15:17:13:581 Чек загружен.
26-02-18 at 15:17:13:581 Платежи по картам восстановлены
26-02-18 at 15:17:13:582 total calculated
26-02-18 at 15:17:13:582 now show on display
26-02-18 at 15:17:13:582                     Всего:        550.00
26-02-18 at 15:17:13:582 now open port for display
26-02-18 at 15:17:13:583 Com port opened
26-02-18 at 15:17:13:583 now clear port error ...
26-02-18 at 15:17:13:584 now write to port ...
26-02-18 at 15:17:13:717 ... done
26-02-18 at 15:17:13:717 Чек сжат
26-02-18 at 15:17:13:717 Сумма чека посчитана
26-02-18 at 15:17:13:718 Кардридер создан
26-02-18 at 15:17:13:718 Задание запуска модулей создано
26-02-18 at 15:17:13:718 Сканер создан
26-02-18 at 15:17:13:718 Регистратор создан
26-02-18 at 15:17:13:719 Часы созданы
26-02-18 at 15:17:13:719 Регистратор запущен
26-02-18 at 15:17:13:719 Сканер запущен
26-02-18 at 15:17:13:720 Часы запущены
26-02-18 at 15:17:13:720 Кардридер запущен
26-02-18 at 15:17:13:721 Передача данных запущена
26-02-18 at 15:17:13:721 Вход в FRInit
26-02-18 at 15:17:13:721 Вход в GetStatus
26-02-18 at 15:17:13:735 Send 05 
26-02-18 at 15:17:13:750 Recived 15 
26-02-18 at 15:17:13:750 Send 06 
26-02-18 at 15:17:13:765 Send 02 05 11 1E 00 00 00 0A 
26-02-18 at 15:17:13:780 Recived 06 02 30 11 00 1E 43 31 1C B3 14 0C 11 01 0A 00 B2 02 03 00 00 4E 41 00 00 01 01 10 1A 02 12 0F 11 0E 00 2E 5D 00 00 06 00 00 00 00 00 EF 95 10 42 01 00 0A 
26-02-18 at 15:17:13:795 Send 06 
26-02-18 at 15:17:13:796 KKMStatus 0000
26-02-18 at 15:17:13:810 Send 05 
26-02-18 at 15:17:13:825 Recived 15 
26-02-18 at 15:17:13:825 Send 06 
26-02-18 at 15:17:13:840 Send 02 05 11 1E 00 00 00 0A 
26-02-18 at 15:17:13:855 Recived 06 02 30 11 00 1E 43 31 1C B3 14 0C 11 01 0A 00 B2 02 03 00 00 4E 41 00 00 01 01 10 1A 02 12 0F 11 0E 00 2E 5D 00 00 06 00 00 00 00 00 EF 95 10 42 01 00 0A 
26-02-18 at 15:17:13:870 Send 06 
26-02-18 at 15:17:13:871 KKMStatus 0300
26-02-18 at 15:17:13:871 Номер ФР считан
26-02-18 at 15:17:14:078 СУБД подключена
26-02-18 at 15:17:14:099 Send 05 
26-02-18 at 15:17:14:114 Recived 15 
26-02-18 at 15:17:14:114 Send 06 
26-02-18 at 15:17:14:129 Send 02 0A 1E 1E 00 00 00 01 01 00 01 01 0A 
26-02-18 at 15:17:14:144 Recived 06 02 02 1E 00 1C 
26-02-18 at 15:17:14:159 Send 06 
26-02-18 at 15:17:14:174 Send 05 
26-02-18 at 15:17:14:189 Recived 15 
26-02-18 at 15:17:14:189 Send 06 
26-02-18 at 15:17:14:204 Send 02 0A 1E 1E 00 00 00 01 01 00 05 02 0D 
26-02-18 at 15:17:14:219 Recived 06 02 02 1E 00 1C 
26-02-18 at 15:17:14:234 Send 06 
26-02-18 at 15:17:14:249 Send 05 
26-02-18 at 15:17:14:264 Recived 15 
26-02-18 at 15:17:14:264 Send 06 
26-02-18 at 15:17:14:279 Send 02 0A 1E 1E 00 00 00 01 01 00 23 01 28 
26-02-18 at 15:17:14:294 Recived 06 02 02 1E 00 1C 
26-02-18 at 15:17:14:309 Send 06 
26-02-18 at 15:17:14:324 Send 05 
26-02-18 at 15:17:14:339 Recived 15 
26-02-18 at 15:17:14:339 Send 06 
26-02-18 at 15:17:14:354 Send 02 0A 1E 1E 00 00 00 01 01 00 06 00 0C 
26-02-18 at 15:17:14:369 Recived 06 02 02 1E 00 1C 
26-02-18 at 15:17:14:384 Send 06 
26-02-18 at 15:17:14:399 Send 05 
26-02-18 at 15:17:14:414 Recived 15 
26-02-18 at 15:17:14:414 Send 06 
26-02-18 at 15:17:14:429 Send 02 0A 1E 1E 00 00 00 01 01 00 07 01 0C 
26-02-18 at 15:17:14:444 Recived 06 02 02 1E 00 1C 
26-02-18 at 15:17:14:459 Send 06 
26-02-18 at 15:17:14:474 Send 05 
26-02-18 at 15:17:14:489 Recived 15 
26-02-18 at 15:17:14:489 Send 06 
26-02-18 at 15:17:14:504 Send 02 0A 1E 1E 00 00 00 01 01 00 14 01 1F 
26-02-18 at 15:17:14:519 Recived 06 02 02 1E 00 1C 
26-02-18 at 15:17:14:534 Send 06 
26-02-18 at 15:17:14:549 Send 05 
26-02-18 at 15:17:14:564 Recived 15 
26-02-18 at 15:17:14:564 Send 06 
26-02-18 at 15:17:14:579 Send 02 0A 1E 1E 00 00 00 01 01 00 15 01 1E 
26-02-18 at 15:17:14:594 Recived 06 02 02 1E 00 1C 
26-02-18 at 15:17:14:609 Send 06 
26-02-18 at 15:17:14:624 Send 05 
26-02-18 at 15:17:14:639 Recived 15 
26-02-18 at 15:17:14:639 Send 06 
26-02-18 at 15:17:14:654 Send 02 0A 1E 1E 00 00 00 01 01 00 0F 00 05 
26-02-18 at 15:17:14:669 Recived 06 02 02 1E 00 1C 
26-02-18 at 15:17:14:684 Send 06 
26-02-18 at 15:17:14:699 Send 05 
26-02-18 at 15:17:14:714 Recived 15 
26-02-18 at 15:17:14:714 Send 06 
26-02-18 at 15:17:14:729 Send 02 0A 1E 1E 00 00 00 01 01 00 11 00 1B 
26-02-18 at 15:17:14:744 Recived 06 02 02 1E 00 1C 
26-02-18 at 15:17:14:759 Send 06 
26-02-18 at 15:17:14:774 Send 05 
26-02-18 at 15:17:14:789 Recived 15 
26-02-18 at 15:17:14:789 Send 06 
26-02-18 at 15:17:14:804 Send 02 0A 1E 1E 00 00 00 11 01 00 03 02 1B 
26-02-18 at 15:17:14:819 Recived 06 02 02 1E 00 1C 
26-02-18 at 15:17:14:834 Send 06 
26-02-18 at 15:17:14:849 Send 05 
26-02-18 at 15:17:14:864 Recived 15 
26-02-18 at 15:17:14:864 Send 06 
26-02-18 at 15:17:14:879 Send 02 0A 1E 1E 00 00 00 01 01 00 29 01 22 
26-02-18 at 15:17:14:894 Recived 06 02 02 1E 00 1C 
26-02-18 at 15:17:14:909 Send 06 
26-02-18 at 15:17:14:924 Send 05 
26-02-18 at 15:17:14:939 Recived 15 
26-02-18 at 15:17:14:939 Send 06 
26-02-18 at 15:17:14:954 Send 02 26 1E 1E 00 00 00 04 0C 00 01 20 20 20 20 20 20 20 20 20 20 20 C4 CE C1 D0 CE 20 CF CE C6 C0 CB CE C2 C0 D2 DC 21 00 D5 
26-02-18 at 15:17:14:972 Recived 06 02 02 1E 00 1C 
26-02-18 at 15:17:14:987 Send 06 
26-02-18 at 15:17:15:002 Send 05 
26-02-18 at 15:17:15:017 Recived 15 
26-02-18 at 15:17:15:017 Send 06 
26-02-18 at 15:17:15:032 Send 02 29 1E 1E 00 00 00 04 0D 00 01 20 20 20 20 20 20 20 20 CE CE CE 20 CA EE EC EF E0 ED E8 FF 20 27 CA CE CB CE D0 CB CE CD 27 00 CB 
26-02-18 at 15:17:15:049 Recived 06 02 02 1E 00 1C 
26-02-18 at 15:17:15:064 Send 06 
26-02-18 at 15:17:15:079 Send 05 
26-02-18 at 15:17:15:094 Recived 15 
26-02-18 at 15:17:15:094 Send 06 
26-02-18 at 15:17:15:109 Send 02 2D 1E 1E 00 00 00 04 0E 00 01 20 20 20 20 20 CC E0 E3 E0 E7 E8 ED 20 27 C2 F1 E5 20 F2 EE E2 E0 F0 FB 20 E4 EB FF 20 E4 EE EC E0 27 20 00 DE 
26-02-18 at 15:17:15:127 Recived 06 02 02 1E 00 1C 
26-02-18 at 15:17:15:142 Send 06 
26-02-18 at 15:17:15:214 now clear port error ...
26-02-18 at 15:17:15:214 now write to port ...
26-02-18 at 15:17:15:348 ... done
26-02-18 at 15:17:15:382 Send 05 
26-02-18 at 15:17:15:397 Recived 15 
26-02-18 at 15:17:15:397 Send 06 
26-02-18 at 15:17:15:412 Send 02 06 1A 1E 00 00 00 79 7B 
26-02-18 at 15:17:15:427 Recived 06 02 09 1A 00 1E 00 00 00 00 00 00 0D 
26-02-18 at 15:17:15:442 Send 06 
26-02-18 at 15:17:17:925 Попытка очистки таблицы
26-02-18 at 15:17:17:925 Попытка очистки успешна
26-02-18 at 15:17:17:928 Cardreader  Антонов Сергей 
26-02-18 at 15:17:17:935 Send 05 
26-02-18 at 15:17:17:951 Recived 15 
26-02-18 at 15:17:17:951 Send 06 
26-02-18 at 15:17:17:966 Send 02 20 1E 1E 00 00 00 02 1E 00 02 CA E0 F1 F1 E8 F0 20 C0 ED F2 EE ED EE E2 20 D1 E5 F0 E3 E5 E9 20 00 D7 
26-02-18 at 15:17:17:984 Recived 06 02 02 1E 00 1C 
26-02-18 at 15:17:17:999 Send 06 
26-02-18 at 15:17:18:004 now clear port error ...
26-02-18 at 15:17:18:004 now write to port ...
26-02-18 at 15:17:18:138 ... done
26-02-18 at 15:17:18:929 Send 05 
26-02-18 at 15:17:18:944 Recived 15 
26-02-18 at 15:17:18:944 Send 06 
26-02-18 at 15:17:18:959 Send 02 06 FF 39 1E 00 00 00 DE 
26-02-18 at 15:17:18:974 Recived 06 02 10 FF 39 00 00 00 00 00 00 00 00 00 00 00 00 00 00 D6 
26-02-18 at 15:17:18:989 Send 06 
26-02-18 at 15:17:23:835 Send 05 
26-02-18 at 15:17:23:850 Recived 15 
26-02-18 at 15:17:23:850 Send 06 
26-02-18 at 15:17:23:865 Send 02 2E 17 1E 00 00 00 03 20 20 CF EE E4 E0 F0 EE F7 ED FB E5 20 EA E0 F0 F2 FB 20 ED E5 20 EF F0 EE E4 E0 E2 E0 EB E8 F1 FC 00 00 00 00 00 00 00 39 
26-02-18 at 15:17:23:884 Recived 06 02 03 17 00 1E 0A 
26-02-18 at 15:17:23:899 Send 06 
26-02-18 at 15:17:23:914 Send 05 
26-02-18 at 15:17:23:929 Recived 15 
26-02-18 at 15:17:23:929 Send 06 
26-02-18 at 15:17:23:944 Send 02 2E 17 1E 00 00 00 03 2D 2D 2D 2D 2D 2D 2D 2D 2D 2D 2D 2D 2D 2D 2D 2D 2D 2D 2D 2D 2D 2D 2D 2D 2D 2D 2D 2D 2D 2D 2D 2D 2D 2D 2D 2D 2D 2D 2D 2D 24 
26-02-18 at 15:17:23:963 Recived 06 02 03 17 00 1E 0A 
26-02-18 at 15:17:23:978 Send 06 
26-02-18 at 15:17:23:993 Send 05 
26-02-18 at 15:17:24:008 Recived 15 
26-02-18 at 15:17:24:008 Send 06 
26-02-18 at 15:17:24:023 Send 02 05 41 1E 00 00 00 5A 
26-02-18 at 15:17:24:038 Recived 06 
26-02-18 at 15:17:24:383 Recived 02 03 41 00 00 42 
26-02-18 at 15:17:24:398 Send 06 
26-02-18 at 15:17:28:989 Send 05 
26-02-18 at 15:17:29:004 Recived 15 
26-02-18 at 15:17:29:004 Send 06 
26-02-18 at 15:17:29:019 Send 02 08 21 1E 00 00 00 0F 11 1C 35 
26-02-18 at 15:17:29:034 Recived 06 02 02 21 00 23 
26-02-18 at 15:17:29:049 Send 06 
26-02-18 at 15:17:29:055 Вход в GetStatus
26-02-18 at 15:17:29:064 Send 05 
26-02-18 at 15:17:29:079 Recived 15 
26-02-18 at 15:17:29:079 Send 06 
26-02-18 at 15:17:29:094 Send 02 05 11 1E 00 00 00 0A 
26-02-18 at 15:17:29:109 Recived 06 02 30 11 00 1E 43 31 1C B3 14 0C 11 01 0B 00 B2 02 04 00 00 4E 41 00 00 01 01 10 1A 02 12 0F 11 1C 00 2E 5D 00 00 07 00 00 00 00 00 EF 95 10 42 01 00 1F 
26-02-18 at 15:17:29:124 Send 06 
26-02-18 at 15:17:29:130 KKMStatus 0000
26-02-18 at 15:17:29:139 Send 05 
26-02-18 at 15:17:29:154 Recived 15 
26-02-18 at 15:17:29:154 Send 06 
26-02-18 at 15:17:29:169 Send 02 05 E0 1E 00 00 00 FB 
26-02-18 at 15:17:29:184 Recived 06 
26-02-18 at 15:17:30:324 Recived 02 03 E0 00 1E FD 
26-02-18 at 15:17:30:339 Send 06 
26-02-18 at 15:17:44:423  Нажата клавиша комбинированного платежа.
26-02-18 at 15:17:44:423 114
26-02-18 at 15:17:44:424 014
26-02-18 at 15:17:44:424 115
26-02-18 at 15:17:44:424 015
26-02-18 at 15:17:44:425 total calculated
26-02-18 at 15:17:44:425 now show on display
26-02-18 at 15:17:44:425                     Всего:        550.00
26-02-18 at 15:17:44:426 now clear port error ...
26-02-18 at 15:17:44:426 now write to port ...
26-02-18 at 15:17:44:560 ... done
26-02-18 at 15:17:44:598 now clear port error ...
26-02-18 at 15:17:44:598 now write to port ...
26-02-18 at 15:17:44:732 ... done
26-02-18 at 15:17:46:698 now clear port error ...
26-02-18 at 15:17:46:699 now write to port ...
26-02-18 at 15:17:46:832 ... done
26-02-18 at 15:17:46:833 116
26-02-18 at 15:17:46:833 016
26-02-18 at 15:17:55:709  Нажата клавиша Ctrl+B
26-02-18 at 15:17:55:709  Нажата клавиша комбинированного платежа.
26-02-18 at 15:17:55:709 114
26-02-18 at 15:17:55:709 014
26-02-18 at 15:17:55:709 115
26-02-18 at 15:17:55:710 015
26-02-18 at 15:17:55:711 total calculated
26-02-18 at 15:17:55:711 now show on display
26-02-18 at 15:17:55:711                     Всего:        550.00
26-02-18 at 15:17:55:711 now clear port error ...
26-02-18 at 15:17:55:712 now write to port ...
26-02-18 at 15:17:55:845 ... done
26-02-18 at 15:17:55:856 now clear port error ...
26-02-18 at 15:17:55:856 now write to port ...
26-02-18 at 15:17:56:017 ... done
26-02-18 at 15:18:13:129 116
26-02-18 at 15:18:13:129 016
26-02-18 at 15:18:13:129 Попытка очистки таблицы
26-02-18 at 15:18:13:129 Попытка очистки успешна
26-02-18 at 15:18:13:465 114
26-02-18 at 15:18:13:465 014
26-02-18 at 15:18:13:465 Попытка очистки таблицы
26-02-18 at 15:18:13:466 Попытка очистки успешна
26-02-18 at 15:18:13:735 114
26-02-18 at 15:18:13:735 014
26-02-18 at 15:18:13:736 Попытка очистки таблицы
26-02-18 at 15:18:13:736 Попытка очистки успешна
26-02-18 at 15:18:13:906 114
26-02-18 at 15:18:13:906 014
26-02-18 at 15:18:13:906 Попытка очистки таблицы
26-02-18 at 15:18:13:907 Попытка очистки успешна
26-02-18 at 15:18:16:015 total calculated
26-02-18 at 15:18:16:015 now show on display
26-02-18 at 15:18:16:015                     Всего:        550.00
26-02-18 at 15:18:16:015 now clear port error ...
26-02-18 at 15:18:16:015 now write to port ...
26-02-18 at 15:18:16:149 ... done
26-02-18 at 15:18:16:150 total calculated
26-02-18 at 15:18:16:151 now show on display
26-02-18 at 15:18:16:151                     Всего:        550.00
26-02-18 at 15:18:16:151 now clear port error ...
26-02-18 at 15:18:16:151 now write to port ...
26-02-18 at 15:18:16:321 ... done
26-02-18 at 15:18:16:323 111
26-02-18 at 15:18:16:324 Выход из программы
26-02-18 at 15:18:35:188 Запуск программы. Инициализация считана из файла
26-02-18 at 15:18:35:188 Чек загружен.
26-02-18 at 15:18:35:189 Платежи по картам восстановлены
26-02-18 at 15:18:35:189 total calculated
26-02-18 at 15:18:35:189 now show on display
26-02-18 at 15:18:35:190                     Всего:        550.00
26-02-18 at 15:18:35:190 now open port for display
26-02-18 at 15:18:35:191 Com port opened
26-02-18 at 15:18:35:191 now clear port error ...
26-02-18 at 15:18:35:191 now write to port ...
26-02-18 at 15:18:35:324 ... done
26-02-18 at 15:18:35:325 Чек сжат
26-02-18 at 15:18:35:325 Сумма чека посчитана
26-02-18 at 15:18:35:326 Кардридер создан
26-02-18 at 15:18:35:326 Задание запуска модулей создано
26-02-18 at 15:18:35:326 Сканер создан
26-02-18 at 15:18:35:327 Регистратор создан
26-02-18 at 15:18:35:327 Часы созданы
26-02-18 at 15:18:35:328 Регистратор запущен
26-02-18 at 15:18:35:328 Сканер запущен
26-02-18 at 15:18:35:328 Часы запущены
26-02-18 at 15:18:35:328 Кардридер запущен
26-02-18 at 15:18:35:329 Передача данных запущена
26-02-18 at 15:18:35:330 Вход в FRInit
26-02-18 at 15:18:35:330 Вход в GetStatus
26-02-18 at 15:18:35:347 Send 05 
26-02-18 at 15:18:35:362 Recived 15 
26-02-18 at 15:18:35:362 Send 06 
26-02-18 at 15:18:35:377 Send 02 05 11 1E 00 00 00 0A 
26-02-18 at 15:18:35:392 Recived 06 02 30 11 00 1E 43 31 1C B3 14 0C 11 01 0C 00 B2 02 02 00 00 4E 41 00 00 01 01 10 1A 02 12 0F 12 22 00 2E 5D 00 00 07 00 00 00 00 00 EF 95 10 42 01 00 23 
26-02-18 at 15:18:35:422 Send 06 
26-02-18 at 15:18:35:427 KKMStatus 0000
26-02-18 at 15:18:35:437 Send 05 
26-02-18 at 15:18:35:452 Recived 15 
26-02-18 at 15:18:35:452 Send 06 
26-02-18 at 15:18:35:467 Send 02 05 11 1E 00 00 00 0A 
26-02-18 at 15:18:35:482 Recived 06 02 30 11 00 1E 43 31 1C B3 14 0C 11 01 0C 00 B2 02 02 00 00 4E 41 00 00 01 01 10 1A 02 12 0F 12 22 00 2E 5D 00 00 07 00 00 00 00 00 EF 95 10 42 01 00 23 
26-02-18 at 15:18:35:497 Send 06 
26-02-18 at 15:18:35:502 KKMStatus 0200
26-02-18 at 15:18:35:502 Номер ФР считан
26-02-18 at 15:18:35:671 СУБД подключена
26-02-18 at 15:18:35:689 Send 05 
26-02-18 at 15:18:35:704 Recived 15 
26-02-18 at 15:18:35:704 Send 06 
26-02-18 at 15:18:35:719 Send 02 0A 1E 1E 00 00 00 01 01 00 01 01 0A 
26-02-18 at 15:18:35:734 Recived 06 02 02 1E 00 1C 
26-02-18 at 15:18:35:749 Send 06 
26-02-18 at 15:18:35:764 Send 05 
26-02-18 at 15:18:35:779 Recived 15 
26-02-18 at 15:18:35:779 Send 06 
26-02-18 at 15:18:35:794 Send 02 0A 1E 1E 00 00 00 01 01 00 05 02 0D 
26-02-18 at 15:18:35:809 Recived 06 02 02 1E 00 1C 
26-02-18 at 15:18:35:824 Send 06 
26-02-18 at 15:18:35:839 Send 05 
26-02-18 at 15:18:35:854 Recived 15 
26-02-18 at 15:18:35:854 Send 06 
26-02-18 at 15:18:35:869 Send 02 0A 1E 1E 00 00 00 01 01 00 23 01 28 
26-02-18 at 15:18:35:884 Recived 06 02 02 1E 00 1C 
26-02-18 at 15:18:35:899 Send 06 
26-02-18 at 15:18:35:914 Send 05 
26-02-18 at 15:18:35:929 Recived 15 
26-02-18 at 15:18:35:929 Send 06 
26-02-18 at 15:18:35:944 Send 02 0A 1E 1E 00 00 00 01 01 00 06 00 0C 
26-02-18 at 15:18:35:959 Recived 06 02 02 1E 00 1C 
26-02-18 at 15:18:35:974 Send 06 
26-02-18 at 15:18:35:989 Send 05 
26-02-18 at 15:18:36:004 Recived 15 
26-02-18 at 15:18:36:004 Send 06 
26-02-18 at 15:18:36:019 Send 02 0A 1E 1E 00 00 00 01 01 00 07 01 0C 
26-02-18 at 15:18:36:034 Recived 06 02 02 1E 00 1C 
26-02-18 at 15:18:36:049 Send 06 
26-02-18 at 15:18:36:064 Send 05 
26-02-18 at 15:18:36:079 Recived 15 
26-02-18 at 15:18:36:079 Send 06 
26-02-18 at 15:18:36:094 Send 02 0A 1E 1E 00 00 00 01 01 00 14 01 1F 
26-02-18 at 15:18:36:109 Recived 06 02 02 1E 00 1C 
26-02-18 at 15:18:36:124 Send 06 
26-02-18 at 15:18:36:139 Send 05 
26-02-18 at 15:18:36:154 Recived 15 
26-02-18 at 15:18:36:154 Send 06 
26-02-18 at 15:18:36:169 Send 02 0A 1E 1E 00 00 00 01 01 00 15 01 1E 
26-02-18 at 15:18:36:184 Recived 06 02 02 1E 00 1C 
26-02-18 at 15:18:36:199 Send 06 
26-02-18 at 15:18:36:214 Send 05 
26-02-18 at 15:18:36:229 Recived 15 
26-02-18 at 15:18:36:229 Send 06 
26-02-18 at 15:18:36:244 Send 02 0A 1E 1E 00 00 00 01 01 00 0F 00 05 
26-02-18 at 15:18:36:259 Recived 06 02 02 1E 00 1C 
26-02-18 at 15:18:36:274 Send 06 
26-02-18 at 15:18:36:289 Send 05 
26-02-18 at 15:18:36:304 Recived 15 
26-02-18 at 15:18:36:304 Send 06 
26-02-18 at 15:18:36:319 Send 02 0A 1E 1E 00 00 00 01 01 00 11 00 1B 
26-02-18 at 15:18:36:334 Recived 06 02 02 1E 00 1C 
26-02-18 at 15:18:36:349 Send 06 
26-02-18 at 15:18:36:364 Send 05 
26-02-18 at 15:18:36:379 Recived 15 
26-02-18 at 15:18:36:379 Send 06 
26-02-18 at 15:18:36:394 Send 02 0A 1E 1E 00 00 00 11 01 00 03 02 1B 
26-02-18 at 15:18:36:409 Recived 06 02 02 1E 00 1C 
26-02-18 at 15:18:36:424 Send 06 
26-02-18 at 15:18:36:439 Send 05 
26-02-18 at 15:18:36:454 Recived 15 
26-02-18 at 15:18:36:454 Send 06 
26-02-18 at 15:18:36:469 Send 02 0A 1E 1E 00 00 00 01 01 00 29 01 22 
26-02-18 at 15:18:36:484 Recived 06 02 02 1E 00 1C 
26-02-18 at 15:18:36:499 Send 06 
26-02-18 at 15:18:36:514 Send 05 
26-02-18 at 15:18:36:529 Recived 15 
26-02-18 at 15:18:36:529 Send 06 
26-02-18 at 15:18:36:544 Send 02 26 1E 1E 00 00 00 04 0C 00 01 20 20 20 20 20 20 20 20 20 20 20 C4 CE C1 D0 CE 20 CF CE C6 C0 CB CE C2 C0 D2 DC 21 00 D5 
26-02-18 at 15:18:36:562 Recived 06 02 02 1E 00 1C 
26-02-18 at 15:18:36:577 Send 06 
26-02-18 at 15:18:36:592 Send 05 
26-02-18 at 15:18:36:607 Recived 15 
26-02-18 at 15:18:36:607 Send 06 
26-02-18 at 15:18:36:622 Send 02 29 1E 1E 00 00 00 04 0D 00 01 20 20 20 20 20 20 20 20 CE CE CE 20 CA EE EC EF E0 ED E8 FF 20 27 CA CE CB CE D0 CB CE CD 27 00 CB 
26-02-18 at 15:18:36:640 Recived 06 02 02 1E 00 1C 
26-02-18 at 15:18:36:655 Send 06 
26-02-18 at 15:18:36:670 Send 05 
26-02-18 at 15:18:36:685 Recived 15 
26-02-18 at 15:18:36:685 Send 06 
26-02-18 at 15:18:36:700 Send 02 2D 1E 1E 00 00 00 04 0E 00 01 20 20 20 20 20 CC E0 E3 E0 E7 E8 ED 20 27 C2 F1 E5 20 F2 EE E2 E0 F0 FB 20 E4 EB FF 20 E4 EE EC E0 27 20 00 DE 
26-02-18 at 15:18:36:718 Recived 06 02 02 1E 00 1C 
26-02-18 at 15:18:36:733 Send 06 
26-02-18 at 15:18:36:845 now clear port error ...
26-02-18 at 15:18:36:845 now write to port ...
26-02-18 at 15:18:36:979 ... done
26-02-18 at 15:18:37:003 Send 05 
26-02-18 at 15:18:37:018 Recived 15 
26-02-18 at 15:18:37:018 Send 06 
26-02-18 at 15:18:37:033 Send 02 06 1A 1E 00 00 00 79 7B 
26-02-18 at 15:18:37:048 Recived 06 02 09 1A 00 1E 00 00 00 00 00 00 0D 
26-02-18 at 15:18:37:063 Send 06 
26-02-18 at 15:18:39:275 Попытка очистки таблицы
26-02-18 at 15:18:39:276 Попытка очистки успешна
26-02-18 at 15:18:39:278 Cardreader  Антонов Сергей 
26-02-18 at 15:18:39:285 Send 05 
26-02-18 at 15:18:39:300 Recived 15 
26-02-18 at 15:18:39:301 Send 06 
26-02-18 at 15:18:39:316 Send 02 20 1E 1E 00 00 00 02 1E 00 02 CA E0 F1 F1 E8 F0 20 C0 ED F2 EE ED EE E2 20 D1 E5 F0 E3 E5 E9 20 00 D7 
26-02-18 at 15:18:39:334 Recived 06 02 02 1E 00 1C 
26-02-18 at 15:18:39:349 Send 06 
26-02-18 at 15:18:39:353 now clear port error ...
26-02-18 at 15:18:39:353 now write to port ...
26-02-18 at 15:18:39:486 ... done
26-02-18 at 15:18:40:279 Send 05 
26-02-18 at 15:18:40:294 Recived 15 
26-02-18 at 15:18:40:294 Send 06 
26-02-18 at 15:18:40:309 Send 02 06 FF 39 1E 00 00 00 DE 
26-02-18 at 15:18:40:324 Recived 06 02 10 FF 39 00 00 00 00 00 00 00 00 00 00 00 00 00 00 D6 
26-02-18 at 15:18:40:339 Send 06 
26-02-18 at 15:18:41:716  Нажата клавиша Ctrl+B
26-02-18 at 15:18:41:716  Нажата клавиша комбинированного платежа.
26-02-18 at 15:18:41:716 114
26-02-18 at 15:18:41:716 014
26-02-18 at 15:18:41:716 115
26-02-18 at 15:18:41:717 015
26-02-18 at 15:18:41:718 total calculated
26-02-18 at 15:18:41:718 now show on display
26-02-18 at 15:18:41:718                     Всего:        550.00
26-02-18 at 15:18:41:718 now clear port error ...
26-02-18 at 15:18:41:719 now write to port ...
26-02-18 at 15:18:41:852 ... done
26-02-18 at 15:18:41:894 now clear port error ...
26-02-18 at 15:18:41:894 now write to port ...
26-02-18 at 15:18:42:028 ... done
26-02-18 at 15:18:50:526 now clear port error ...
26-02-18 at 15:18:50:526 now write to port ...
26-02-18 at 15:18:50:660 ... done
26-02-18 at 15:18:50:660 116
26-02-18 at 15:18:50:661 016
26-02-18 at 15:18:54:869 total calculated
26-02-18 at 15:18:54:869 now show on display
26-02-18 at 15:18:54:869                     Всего:        550.00
26-02-18 at 15:18:54:870 now clear port error ...
26-02-18 at 15:18:54:870 now write to port ...
26-02-18 at 15:18:55:003 ... done
26-02-18 at 15:18:55:004 total calculated
26-02-18 at 15:18:55:005 now show on display
26-02-18 at 15:18:55:005                     Всего:        550.00
26-02-18 at 15:18:55:005 now clear port error ...
26-02-18 at 15:18:55:005 now write to port ...
26-02-18 at 15:18:55:175 ... done
26-02-18 at 15:18:55:178 111
26-02-18 at 15:18:55:178 Выход из программы
