19-06-18 at 00:00:09:917 Send 05 
19-06-18 at 00:00:09:932 Recived 15 
19-06-18 at 00:00:09:932 Send 06 
19-06-18 at 00:00:09:947 Send 02 06 FF 39 1E 00 00 00 DE 
19-06-18 at 00:00:09:962 Recived 06 02 10 FF 39 00 00 00 00 00 00 00 00 00 00 00 00 00 00 D6 
19-06-18 at 00:00:09:977 Send 06 
19-06-18 at 00:02:11:102 Send 05 
19-06-18 at 00:02:11:117 Recived 15 
19-06-18 at 00:02:11:117 Send 06 
19-06-18 at 00:02:11:132 Send 02 06 FF 39 1E 00 00 00 DE 
19-06-18 at 00:02:11:147 Recived 06 02 10 FF 39 00 00 00 00 00 00 00 00 00 00 00 00 00 00 D6 
19-06-18 at 00:02:11:162 Send 06 
19-06-18 at 00:04:12:287 Send 05 
19-06-18 at 00:04:12:302 Recived 15 
19-06-18 at 00:04:12:302 Send 06 
19-06-18 at 00:04:12:317 Send 02 06 FF 39 1E 00 00 00 DE 
19-06-18 at 00:04:12:332 Recived 06 02 10 FF 39 00 00 00 00 00 00 00 00 00 00 00 00 00 00 D6 
19-06-18 at 00:04:12:347 Send 06 
19-06-18 at 00:06:13:472 Send 05 
19-06-18 at 00:06:13:487 Recived 15 
19-06-18 at 00:06:13:487 Send 06 
19-06-18 at 00:06:13:502 Send 02 06 FF 39 1E 00 00 00 DE 
19-06-18 at 00:06:13:517 Recived 06 02 10 FF 39 00 00 00 00 00 00 00 00 00 00 00 00 00 00 D6 
19-06-18 at 00:06:13:532 Send 06 
19-06-18 at 00:08:14:658 Send 05 
19-06-18 at 00:08:14:673 Recived 15 
19-06-18 at 00:08:14:673 Send 06 
19-06-18 at 00:08:14:688 Send 02 06 FF 39 1E 00 00 00 DE 
19-06-18 at 00:08:14:703 Recived 06 02 10 FF 39 00 00 00 00 00 00 00 00 00 00 00 00 00 00 D6 
19-06-18 at 00:08:14:718 Send 06 
19-06-18 at 00:10:15:843 Send 05 
19-06-18 at 00:10:15:858 Recived 15 
19-06-18 at 00:10:15:858 Send 06 
19-06-18 at 00:10:15:873 Send 02 06 FF 39 1E 00 00 00 DE 
19-06-18 at 00:10:15:888 Recived 06 02 10 FF 39 00 00 00 00 00 00 00 00 00 00 00 00 00 00 D6 
19-06-18 at 00:10:15:903 Send 06 
19-06-18 at 00:12:17:028 Send 05 
19-06-18 at 00:12:17:043 Recived 15 
19-06-18 at 00:12:17:043 Send 06 
19-06-18 at 00:12:17:058 Send 02 06 FF 39 1E 00 00 00 DE 
19-06-18 at 00:12:17:073 Recived 06 02 10 FF 39 00 00 00 00 00 00 00 00 00 00 00 00 00 00 D6 
19-06-18 at 00:12:17:088 Send 06 
19-06-18 at 00:14:18:213 Send 05 
19-06-18 at 00:14:18:228 Recived 15 
19-06-18 at 00:14:18:228 Send 06 
19-06-18 at 00:14:18:243 Send 02 06 FF 39 1E 00 00 00 DE 
19-06-18 at 00:14:18:258 Recived 06 02 10 FF 39 00 00 00 00 00 00 00 00 00 00 00 00 00 00 D6 
19-06-18 at 00:14:18:273 Send 06 
19-06-18 at 00:16:19:398 Send 05 
19-06-18 at 00:16:19:413 Recived 15 
19-06-18 at 00:16:19:413 Send 06 
19-06-18 at 00:16:19:428 Send 02 06 FF 39 1E 00 00 00 DE 
19-06-18 at 00:16:19:443 Recived 06 02 10 FF 39 00 00 00 00 00 00 00 00 00 00 00 00 00 00 D6 
19-06-18 at 00:16:19:458 Send 06 
19-06-18 at 00:18:20:583 Send 05 
19-06-18 at 00:18:20:598 Recived 15 
19-06-18 at 00:18:20:598 Send 06 
19-06-18 at 00:18:20:613 Send 02 06 FF 39 1E 00 00 00 DE 
19-06-18 at 00:18:20:628 Recived 06 02 10 FF 39 00 00 00 00 00 00 00 00 00 00 00 00 00 00 D6 
19-06-18 at 00:18:20:643 Send 06 
19-06-18 at 00:20:21:768 Send 05 
19-06-18 at 00:20:21:783 Recived 15 
19-06-18 at 00:20:21:783 Send 06 
19-06-18 at 00:20:21:798 Send 02 06 FF 39 1E 00 00 00 DE 
19-06-18 at 00:20:21:813 Recived 06 02 10 FF 39 00 00 00 00 00 00 00 00 00 00 00 00 00 00 D6 
19-06-18 at 00:20:21:828 Send 06 
19-06-18 at 00:22:22:953 Send 05 
19-06-18 at 00:22:22:968 Recived 15 
19-06-18 at 00:22:22:968 Send 06 
19-06-18 at 00:22:22:983 Send 02 06 FF 39 1E 00 00 00 DE 
19-06-18 at 00:22:22:998 Recived 06 02 10 FF 39 00 00 00 00 00 00 00 00 00 00 00 00 00 00 D6 
19-06-18 at 00:22:23:013 Send 06 
19-06-18 at 00:24:24:138 Send 05 
19-06-18 at 00:24:24:153 Recived 15 
19-06-18 at 00:24:24:153 Send 06 
19-06-18 at 00:24:24:168 Send 02 06 FF 39 1E 00 00 00 DE 
19-06-18 at 00:24:24:183 Recived 06 02 10 FF 39 00 00 00 00 00 00 00 00 00 00 00 00 00 00 D6 
19-06-18 at 00:24:24:198 Send 06 
19-06-18 at 00:26:25:323 Send 05 
19-06-18 at 00:26:25:338 Recived 15 
19-06-18 at 00:26:25:338 Send 06 
19-06-18 at 00:26:25:353 Send 02 06 FF 39 1E 00 00 00 DE 
19-06-18 at 00:26:25:368 Recived 06 02 10 FF 39 00 00 00 00 00 00 00 00 00 00 00 00 00 00 D6 
19-06-18 at 00:26:25:383 Send 06 
19-06-18 at 00:28:26:509 Send 05 
19-06-18 at 00:28:26:524 Recived 15 
19-06-18 at 00:28:26:524 Send 06 
19-06-18 at 00:28:26:539 Send 02 06 FF 39 1E 00 00 00 DE 
19-06-18 at 00:28:26:554 Recived 06 02 10 FF 39 00 00 00 00 00 00 00 00 00 00 00 00 00 00 D6 
19-06-18 at 00:28:26:569 Send 06 
19-06-18 at 00:30:27:709 Send 05 
19-06-18 at 00:30:27:724 Recived 15 
19-06-18 at 00:30:27:724 Send 06 
19-06-18 at 00:30:27:739 Send 02 06 FF 39 1E 00 00 00 DE 
19-06-18 at 00:30:27:754 Recived 06 02 10 FF 39 00 00 00 00 00 00 00 00 00 00 00 00 00 00 D6 
19-06-18 at 00:30:27:769 Send 06 
19-06-18 at 00:32:28:909 Send 05 
19-06-18 at 00:32:28:924 Recived 15 
19-06-18 at 00:32:28:924 Send 06 
19-06-18 at 00:32:28:939 Send 02 06 FF 39 1E 00 00 00 DE 
19-06-18 at 00:32:28:954 Recived 06 02 10 FF 39 00 00 00 00 00 00 00 00 00 00 00 00 00 00 D6 
19-06-18 at 00:32:28:969 Send 06 
19-06-18 at 00:34:30:109 Send 05 
19-06-18 at 00:34:30:124 Recived 15 
19-06-18 at 00:34:30:124 Send 06 
19-06-18 at 00:34:30:139 Send 02 06 FF 39 1E 00 00 00 DE 
19-06-18 at 00:34:30:154 Recived 06 02 10 FF 39 00 00 00 00 00 00 00 00 00 00 00 00 00 00 D6 
19-06-18 at 00:34:30:169 Send 06 
19-06-18 at 00:36:31:309 Send 05 
19-06-18 at 00:36:31:324 Recived 15 
19-06-18 at 00:36:31:324 Send 06 
19-06-18 at 00:36:31:339 Send 02 06 FF 39 1E 00 00 00 DE 
19-06-18 at 00:36:31:354 Recived 06 02 10 FF 39 00 00 00 00 00 00 00 00 00 00 00 00 00 00 D6 
19-06-18 at 00:36:31:369 Send 06 
19-06-18 at 00:38:32:509 Send 05 
19-06-18 at 00:38:32:524 Recived 15 
19-06-18 at 00:38:32:524 Send 06 
19-06-18 at 00:38:32:539 Send 02 06 FF 39 1E 00 00 00 DE 
19-06-18 at 00:38:32:554 Recived 06 02 10 FF 39 00 00 00 00 00 00 00 00 00 00 00 00 00 00 D6 
19-06-18 at 00:38:32:569 Send 06 
19-06-18 at 00:40:33:709 Send 05 
19-06-18 at 00:40:33:724 Recived 15 
19-06-18 at 00:40:33:724 Send 06 
19-06-18 at 00:40:33:739 Send 02 06 FF 39 1E 00 00 00 DE 
19-06-18 at 00:40:33:754 Recived 06 02 10 FF 39 00 00 00 00 00 00 00 00 00 00 00 00 00 00 D6 
19-06-18 at 00:40:33:769 Send 06 
19-06-18 at 00:42:34:909 Send 05 
19-06-18 at 00:42:34:924 Recived 15 
19-06-18 at 00:42:34:924 Send 06 
19-06-18 at 00:42:34:939 Send 02 06 FF 39 1E 00 00 00 DE 
19-06-18 at 00:42:34:954 Recived 06 02 10 FF 39 00 00 00 00 00 00 00 00 00 00 00 00 00 00 D6 
19-06-18 at 00:42:34:969 Send 06 
19-06-18 at 00:44:36:109 Send 05 
19-06-18 at 00:44:36:124 Recived 15 
19-06-18 at 00:44:36:124 Send 06 
19-06-18 at 00:44:36:139 Send 02 06 FF 39 1E 00 00 00 DE 
19-06-18 at 00:44:36:154 Recived 06 02 10 FF 39 00 00 00 00 00 00 00 00 00 00 00 00 00 00 D6 
19-06-18 at 00:44:36:169 Send 06 
19-06-18 at 00:46:37:309 Send 05 
19-06-18 at 00:46:37:324 Recived 15 
19-06-18 at 00:46:37:324 Send 06 
19-06-18 at 00:46:37:339 Send 02 06 FF 39 1E 00 00 00 DE 
19-06-18 at 00:46:37:354 Recived 06 02 10 FF 39 00 00 00 00 00 00 00 00 00 00 00 00 00 00 D6 
19-06-18 at 00:46:37:369 Send 06 
19-06-18 at 00:48:38:495 Send 05 
19-06-18 at 00:48:38:510 Recived 15 
19-06-18 at 00:48:38:510 Send 06 
19-06-18 at 00:48:38:525 Send 02 06 FF 39 1E 00 00 00 DE 
19-06-18 at 00:48:38:540 Recived 06 02 10 FF 39 00 00 00 00 00 00 00 00 00 00 00 00 00 00 D6 
19-06-18 at 00:48:38:555 Send 06 
19-06-18 at 00:50:39:680 Send 05 
19-06-18 at 00:50:39:695 Recived 15 
19-06-18 at 00:50:39:695 Send 06 
19-06-18 at 00:50:39:710 Send 02 06 FF 39 1E 00 00 00 DE 
19-06-18 at 00:50:39:725 Recived 06 02 10 FF 39 00 00 00 00 00 00 00 00 00 00 00 00 00 00 D6 
19-06-18 at 00:50:39:740 Send 06 
19-06-18 at 00:52:40:865 Send 05 
19-06-18 at 00:52:40:880 Recived 15 
19-06-18 at 00:52:40:880 Send 06 
19-06-18 at 00:52:40:895 Send 02 06 FF 39 1E 00 00 00 DE 
19-06-18 at 00:52:40:910 Recived 06 02 10 FF 39 00 00 00 00 00 00 00 00 00 00 00 00 00 00 D6 
19-06-18 at 00:52:40:925 Send 06 
19-06-18 at 00:54:42:050 Send 05 
19-06-18 at 00:54:42:065 Recived 15 
19-06-18 at 00:54:42:065 Send 06 
19-06-18 at 00:54:42:080 Send 02 06 FF 39 1E 00 00 00 DE 
19-06-18 at 00:54:42:095 Recived 06 02 10 FF 39 00 00 00 00 00 00 00 00 00 00 00 00 00 00 D6 
19-06-18 at 00:54:42:110 Send 06 
19-06-18 at 00:56:43:235 Send 05 
19-06-18 at 00:56:43:250 Recived 15 
19-06-18 at 00:56:43:250 Send 06 
19-06-18 at 00:56:43:265 Send 02 06 FF 39 1E 00 00 00 DE 
19-06-18 at 00:56:43:280 Recived 06 02 10 FF 39 00 00 00 00 00 00 00 00 00 00 00 00 00 00 D6 
19-06-18 at 00:56:43:295 Send 06 
19-06-18 at 00:58:44:420 Send 05 
19-06-18 at 00:58:44:435 Recived 15 
19-06-18 at 00:58:44:435 Send 06 
19-06-18 at 00:58:44:450 Send 02 06 FF 39 1E 00 00 00 DE 
19-06-18 at 00:58:44:465 Recived 06 02 10 FF 39 00 00 00 00 00 00 00 00 00 00 00 00 00 00 D6 
19-06-18 at 00:58:44:480 Send 06 
19-06-18 at 01:00:45:605 Send 05 
19-06-18 at 01:00:45:620 Recived 15 
19-06-18 at 01:00:45:620 Send 06 
19-06-18 at 01:00:45:635 Send 02 06 FF 39 1E 00 00 00 DE 
19-06-18 at 01:00:45:650 Recived 06 02 10 FF 39 00 00 00 00 00 00 00 00 00 00 00 00 00 00 D6 
19-06-18 at 01:00:45:665 Send 06 
19-06-18 at 01:02:46:791 Send 05 
19-06-18 at 01:02:46:806 Recived 15 
19-06-18 at 01:02:46:806 Send 06 
19-06-18 at 01:02:46:821 Send 02 06 FF 39 1E 00 00 00 DE 
19-06-18 at 01:02:46:836 Recived 06 02 10 FF 39 00 00 00 00 00 00 00 00 00 00 00 00 00 00 D6 
19-06-18 at 01:02:46:851 Send 06 
19-06-18 at 01:04:47:976 Send 05 
19-06-18 at 01:04:47:991 Recived 15 
19-06-18 at 01:04:47:991 Send 06 
19-06-18 at 01:04:48:006 Send 02 06 FF 39 1E 00 00 00 DE 
19-06-18 at 01:04:48:021 Recived 06 02 10 FF 39 00 00 00 00 00 00 00 00 00 00 00 00 00 00 D6 
19-06-18 at 01:04:48:036 Send 06 
19-06-18 at 01:06:49:161 Send 05 
19-06-18 at 01:06:49:176 Recived 15 
19-06-18 at 01:06:49:176 Send 06 
19-06-18 at 01:06:49:191 Send 02 06 FF 39 1E 00 00 00 DE 
19-06-18 at 01:06:49:206 Recived 06 02 10 FF 39 00 00 00 00 00 00 00 00 00 00 00 00 00 00 D6 
19-06-18 at 01:06:49:221 Send 06 
19-06-18 at 01:08:50:346 Send 05 
19-06-18 at 01:08:50:361 Recived 15 
19-06-18 at 01:08:50:361 Send 06 
19-06-18 at 01:08:50:376 Send 02 06 FF 39 1E 00 00 00 DE 
19-06-18 at 01:08:50:391 Recived 06 02 10 FF 39 00 00 00 00 00 00 00 00 00 00 00 00 00 00 D6 
19-06-18 at 01:08:50:406 Send 06 
19-06-18 at 01:10:51:531 Send 05 
19-06-18 at 01:10:51:546 Recived 15 
19-06-18 at 01:10:51:546 Send 06 
19-06-18 at 01:10:51:561 Send 02 06 FF 39 1E 00 00 00 DE 
19-06-18 at 01:10:51:576 Recived 06 02 10 FF 39 00 00 00 00 00 00 00 00 00 00 00 00 00 00 D6 
19-06-18 at 01:10:51:591 Send 06 
19-06-18 at 01:12:52:716 Send 05 
19-06-18 at 01:12:52:731 Recived 15 
19-06-18 at 01:12:52:731 Send 06 
19-06-18 at 01:12:52:746 Send 02 06 FF 39 1E 00 00 00 DE 
19-06-18 at 01:12:52:761 Recived 06 02 10 FF 39 00 00 00 00 00 00 00 00 00 00 00 00 00 00 D6 
19-06-18 at 01:12:52:776 Send 06 
19-06-18 at 01:14:53:901 Send 05 
19-06-18 at 01:14:53:916 Recived 15 
19-06-18 at 01:14:53:916 Send 06 
19-06-18 at 01:14:53:931 Send 02 06 FF 39 1E 00 00 00 DE 
19-06-18 at 01:14:53:946 Recived 06 02 10 FF 39 00 00 00 00 00 00 00 00 00 00 00 00 00 00 D6 
19-06-18 at 01:14:53:961 Send 06 
19-06-18 at 01:16:55:086 Send 05 
19-06-18 at 01:16:55:101 Recived 15 
19-06-18 at 01:16:55:101 Send 06 
19-06-18 at 01:16:55:116 Send 02 06 FF 39 1E 00 00 00 DE 
19-06-18 at 01:16:55:131 Recived 06 02 10 FF 39 00 00 00 00 00 00 00 00 00 00 00 00 00 00 D6 
19-06-18 at 01:16:55:146 Send 06 
19-06-18 at 01:18:56:271 Send 05 
19-06-18 at 01:18:56:286 Recived 15 
19-06-18 at 01:18:56:286 Send 06 
19-06-18 at 01:18:56:301 Send 02 06 FF 39 1E 00 00 00 DE 
19-06-18 at 01:18:56:316 Recived 06 02 10 FF 39 00 00 00 00 00 00 00 00 00 00 00 00 00 00 D6 
19-06-18 at 01:18:56:331 Send 06 
19-06-18 at 01:20:57:456 Send 05 
19-06-18 at 01:20:57:471 Recived 15 
19-06-18 at 01:20:57:471 Send 06 
19-06-18 at 01:20:57:486 Send 02 06 FF 39 1E 00 00 00 DE 
19-06-18 at 01:20:57:501 Recived 06 02 10 FF 39 00 00 00 00 00 00 00 00 00 00 00 00 00 00 D6 
19-06-18 at 01:20:57:516 Send 06 
19-06-18 at 01:22:58:641 Send 05 
19-06-18 at 01:22:58:656 Recived 15 
19-06-18 at 01:22:58:656 Send 06 
19-06-18 at 01:22:58:671 Send 02 06 FF 39 1E 00 00 00 DE 
19-06-18 at 01:22:58:686 Recived 06 02 10 FF 39 00 00 00 00 00 00 00 00 00 00 00 00 00 00 D6 
19-06-18 at 01:22:58:701 Send 06 
19-06-18 at 01:24:59:826 Send 05 
19-06-18 at 01:24:59:841 Recived 15 
19-06-18 at 01:24:59:841 Send 06 
19-06-18 at 01:24:59:856 Send 02 06 FF 39 1E 00 00 00 DE 
19-06-18 at 01:24:59:871 Recived 06 02 10 FF 39 00 00 00 00 00 00 00 00 00 00 00 00 00 00 D6 
19-06-18 at 01:24:59:886 Send 06 
19-06-18 at 01:27:01:388 Send 05 
19-06-18 at 01:27:01:403 Recived 15 
19-06-18 at 01:27:01:403 Send 06 
19-06-18 at 01:27:01:418 Send 02 06 FF 39 1E 00 00 00 DE 
19-06-18 at 01:27:01:433 Recived 06 02 10 FF 39 00 00 00 00 00 00 00 00 00 00 00 00 00 00 D6 
19-06-18 at 01:27:01:448 Send 06 
19-06-18 at 01:29:02:985 Send 05 
19-06-18 at 01:29:03:000 Recived 15 
19-06-18 at 01:29:03:000 Send 06 
19-06-18 at 01:29:03:015 Send 02 06 FF 39 1E 00 00 00 DE 
19-06-18 at 01:29:03:030 Recived 06 02 10 FF 39 00 00 00 00 00 00 00 00 00 00 00 00 00 00 D6 
19-06-18 at 01:29:03:045 Send 06 
19-06-18 at 01:31:04:470 Send 05 
19-06-18 at 01:31:04:485 Recived 15 
19-06-18 at 01:31:04:485 Send 06 
19-06-18 at 01:31:04:500 Send 02 06 FF 39 1E 00 00 00 DE 
19-06-18 at 01:31:04:515 Recived 06 02 10 FF 39 00 00 00 00 00 00 00 00 00 00 00 00 00 00 D6 
19-06-18 at 01:31:04:530 Send 06 
19-06-18 at 01:33:05:813 Send 05 
19-06-18 at 01:33:05:828 Recived 15 
19-06-18 at 01:33:05:828 Send 06 
19-06-18 at 01:33:05:843 Send 02 06 FF 39 1E 00 00 00 DE 
19-06-18 at 01:33:05:858 Recived 06 02 10 FF 39 00 00 00 00 00 00 00 00 00 00 00 00 00 00 D6 
19-06-18 at 01:33:05:873 Send 06 
19-06-18 at 01:35:07:155 Send 05 
19-06-18 at 01:35:07:170 Recived 15 
19-06-18 at 01:35:07:170 Send 06 
19-06-18 at 01:35:07:185 Send 02 06 FF 39 1E 00 00 00 DE 
19-06-18 at 01:35:07:200 Recived 06 02 10 FF 39 00 00 00 00 00 00 00 00 00 00 00 00 00 00 D6 
19-06-18 at 01:35:07:215 Send 06 
19-06-18 at 01:37:08:405 Send 05 
19-06-18 at 01:37:08:420 Recived 15 
19-06-18 at 01:37:08:420 Send 06 
19-06-18 at 01:37:08:435 Send 02 06 FF 39 1E 00 00 00 DE 
19-06-18 at 01:37:08:450 Recived 06 02 10 FF 39 00 00 00 00 00 00 00 00 00 00 00 00 00 00 D6 
19-06-18 at 01:37:08:465 Send 06 
19-06-18 at 01:39:09:651 Send 05 
19-06-18 at 01:39:09:666 Recived 15 
19-06-18 at 01:39:09:666 Send 06 
19-06-18 at 01:39:09:681 Send 02 06 FF 39 1E 00 00 00 DE 
19-06-18 at 01:39:09:696 Recived 06 02 10 FF 39 00 00 00 00 00 00 00 00 00 00 00 00 00 00 D6 
19-06-18 at 01:39:09:711 Send 06 
19-06-18 at 01:41:10:879 Send 05 
19-06-18 at 01:41:10:894 Recived 15 
19-06-18 at 01:41:10:894 Send 06 
19-06-18 at 01:41:10:909 Send 02 06 FF 39 1E 00 00 00 DE 
19-06-18 at 01:41:10:924 Recived 06 02 10 FF 39 00 00 00 00 00 00 00 00 00 00 00 00 00 00 D6 
19-06-18 at 01:41:10:939 Send 06 
19-06-18 at 01:43:12:088 Send 05 
19-06-18 at 01:43:12:103 Recived 15 
19-06-18 at 01:43:12:103 Send 06 
19-06-18 at 01:43:12:118 Send 02 06 FF 39 1E 00 00 00 DE 
19-06-18 at 01:43:12:133 Recived 06 02 10 FF 39 00 00 00 00 00 00 00 00 00 00 00 00 00 00 D6 
19-06-18 at 01:43:12:148 Send 06 
19-06-18 at 01:45:13:297 Send 05 
19-06-18 at 01:45:13:312 Recived 15 
19-06-18 at 01:45:13:312 Send 06 
19-06-18 at 01:45:13:327 Send 02 06 FF 39 1E 00 00 00 DE 
19-06-18 at 01:45:13:342 Recived 06 02 10 FF 39 00 00 00 00 00 00 00 00 00 00 00 00 00 00 D6 
19-06-18 at 01:45:13:357 Send 06 
19-06-18 at 01:47:14:495 Send 05 
19-06-18 at 01:47:14:510 Recived 15 
19-06-18 at 01:47:14:510 Send 06 
19-06-18 at 01:47:14:525 Send 02 06 FF 39 1E 00 00 00 DE 
19-06-18 at 01:47:14:540 Recived 06 02 10 FF 39 00 00 00 00 00 00 00 00 00 00 00 00 00 00 D6 
19-06-18 at 01:47:14:555 Send 06 
19-06-18 at 01:49:15:692 Send 05 
19-06-18 at 01:49:15:707 Recived 15 
19-06-18 at 01:49:15:707 Send 06 
19-06-18 at 01:49:15:722 Send 02 06 FF 39 1E 00 00 00 DE 
19-06-18 at 01:49:15:737 Recived 06 02 10 FF 39 00 00 00 00 00 00 00 00 00 00 00 00 00 00 D6 
19-06-18 at 01:49:15:752 Send 06 
19-06-18 at 01:51:16:889 Send 05 
19-06-18 at 01:51:16:904 Recived 15 
19-06-18 at 01:51:16:904 Send 06 
19-06-18 at 01:51:16:919 Send 02 06 FF 39 1E 00 00 00 DE 
19-06-18 at 01:51:16:934 Recived 06 02 10 FF 39 00 00 00 00 00 00 00 00 00 00 00 00 00 00 D6 
19-06-18 at 01:51:16:949 Send 06 
19-06-18 at 01:53:18:086 Send 05 
19-06-18 at 01:53:18:101 Recived 15 
19-06-18 at 01:53:18:101 Send 06 
19-06-18 at 01:53:18:116 Send 02 06 FF 39 1E 00 00 00 DE 
19-06-18 at 01:53:18:131 Recived 06 02 10 FF 39 00 00 00 00 00 00 00 00 00 00 00 00 00 00 D6 
19-06-18 at 01:53:18:146 Send 06 
19-06-18 at 01:55:19:283 Send 05 
19-06-18 at 01:55:19:298 Recived 15 
19-06-18 at 01:55:19:298 Send 06 
19-06-18 at 01:55:19:313 Send 02 06 FF 39 1E 00 00 00 DE 
19-06-18 at 01:55:19:328 Recived 06 02 10 FF 39 00 00 00 00 00 00 00 00 00 00 00 00 00 00 D6 
19-06-18 at 01:55:19:343 Send 06 
19-06-18 at 01:57:20:480 Send 05 
19-06-18 at 01:57:20:495 Recived 15 
19-06-18 at 01:57:20:495 Send 06 
19-06-18 at 01:57:20:510 Send 02 06 FF 39 1E 00 00 00 DE 
19-06-18 at 01:57:20:525 Recived 06 02 10 FF 39 00 00 00 00 00 00 00 00 00 00 00 00 00 00 D6 
19-06-18 at 01:57:20:540 Send 06 
19-06-18 at 01:59:21:677 Send 05 
19-06-18 at 01:59:21:692 Recived 15 
19-06-18 at 01:59:21:692 Send 06 
19-06-18 at 01:59:21:707 Send 02 06 FF 39 1E 00 00 00 DE 
19-06-18 at 01:59:21:722 Recived 06 02 10 FF 39 00 00 00 00 00 00 00 00 00 00 00 00 00 00 D6 
19-06-18 at 01:59:21:737 Send 06 
19-06-18 at 02:01:22:874 Send 05 
19-06-18 at 02:01:22:889 Recived 15 
19-06-18 at 02:01:22:889 Send 06 
19-06-18 at 02:01:22:904 Send 02 06 FF 39 1E 00 00 00 DE 
19-06-18 at 02:01:22:919 Recived 06 02 10 FF 39 00 00 00 00 00 00 00 00 00 00 00 00 00 00 D6 
19-06-18 at 02:01:22:934 Send 06 
19-06-18 at 02:03:24:072 Send 05 
19-06-18 at 02:03:24:087 Recived 15 
19-06-18 at 02:03:24:087 Send 06 
19-06-18 at 02:03:24:102 Send 02 06 FF 39 1E 00 00 00 DE 
19-06-18 at 02:03:24:117 Recived 06 02 10 FF 39 00 00 00 00 00 00 00 00 00 00 00 00 00 00 D6 
19-06-18 at 02:03:24:132 Send 06 
19-06-18 at 02:05:25:269 Send 05 
19-06-18 at 02:05:25:284 Recived 15 
19-06-18 at 02:05:25:284 Send 06 
19-06-18 at 02:05:25:299 Send 02 06 FF 39 1E 00 00 00 DE 
19-06-18 at 02:05:25:314 Recived 06 02 10 FF 39 00 00 00 00 00 00 00 00 00 00 00 00 00 00 D6 
19-06-18 at 02:05:25:329 Send 06 
19-06-18 at 02:07:26:466 Send 05 
19-06-18 at 02:07:26:481 Recived 15 
19-06-18 at 02:07:26:481 Send 06 
19-06-18 at 02:07:26:496 Send 02 06 FF 39 1E 00 00 00 DE 
19-06-18 at 02:07:26:511 Recived 06 02 10 FF 39 00 00 00 00 00 00 00 00 00 00 00 00 00 00 D6 
19-06-18 at 02:07:26:526 Send 06 
19-06-18 at 02:09:27:663 Send 05 
19-06-18 at 02:09:27:678 Recived 15 
19-06-18 at 02:09:27:678 Send 06 
19-06-18 at 02:09:27:693 Send 02 06 FF 39 1E 00 00 00 DE 
19-06-18 at 02:09:27:708 Recived 06 02 10 FF 39 00 00 00 00 00 00 00 00 00 00 00 00 00 00 D6 
19-06-18 at 02:09:27:723 Send 06 
19-06-18 at 02:11:28:860 Send 05 
19-06-18 at 02:11:28:875 Recived 15 
19-06-18 at 02:11:28:875 Send 06 
19-06-18 at 02:11:28:890 Send 02 06 FF 39 1E 00 00 00 DE 
19-06-18 at 02:11:28:905 Recived 06 02 10 FF 39 00 00 00 00 00 00 00 00 00 00 00 00 00 00 D6 
19-06-18 at 02:11:28:920 Send 06 
19-06-18 at 02:13:30:058 Send 05 
19-06-18 at 02:13:30:073 Recived 15 
19-06-18 at 02:13:30:073 Send 06 
19-06-18 at 02:13:30:088 Send 02 06 FF 39 1E 00 00 00 DE 
19-06-18 at 02:13:30:103 Recived 06 02 10 FF 39 00 00 00 00 00 00 00 00 00 00 00 00 00 00 D6 
19-06-18 at 02:13:30:118 Send 06 
19-06-18 at 02:15:31:255 Send 05 
19-06-18 at 02:15:31:270 Recived 15 
19-06-18 at 02:15:31:270 Send 06 
19-06-18 at 02:15:31:285 Send 02 06 FF 39 1E 00 00 00 DE 
19-06-18 at 02:15:31:300 Recived 06 02 10 FF 39 00 00 00 00 00 00 00 00 00 00 00 00 00 00 D6 
19-06-18 at 02:15:31:315 Send 06 
19-06-18 at 02:17:32:452 Send 05 
19-06-18 at 02:17:32:467 Recived 15 
19-06-18 at 02:17:32:467 Send 06 
19-06-18 at 02:17:32:482 Send 02 06 FF 39 1E 00 00 00 DE 
19-06-18 at 02:17:32:497 Recived 06 02 10 FF 39 00 00 00 00 00 00 00 00 00 00 00 00 00 00 D6 
19-06-18 at 02:17:32:512 Send 06 
19-06-18 at 02:19:33:649 Send 05 
19-06-18 at 02:19:33:664 Recived 15 
19-06-18 at 02:19:33:664 Send 06 
19-06-18 at 02:19:33:679 Send 02 06 FF 39 1E 00 00 00 DE 
19-06-18 at 02:19:33:694 Recived 06 02 10 FF 39 00 00 00 00 00 00 00 00 00 00 00 00 00 00 D6 
19-06-18 at 02:19:33:709 Send 06 
19-06-18 at 02:21:34:847 Send 05 
19-06-18 at 02:21:34:862 Recived 15 
19-06-18 at 02:21:34:862 Send 06 
19-06-18 at 02:21:34:877 Send 02 06 FF 39 1E 00 00 00 DE 
19-06-18 at 02:21:34:892 Recived 06 02 10 FF 39 00 00 00 00 00 00 00 00 00 00 00 00 00 00 D6 
19-06-18 at 02:21:34:907 Send 06 
19-06-18 at 02:23:36:044 Send 05 
19-06-18 at 02:23:36:059 Recived 15 
19-06-18 at 02:23:36:059 Send 06 
19-06-18 at 02:23:36:074 Send 02 06 FF 39 1E 00 00 00 DE 
19-06-18 at 02:23:36:089 Recived 06 02 10 FF 39 00 00 00 00 00 00 00 00 00 00 00 00 00 00 D6 
19-06-18 at 02:23:36:104 Send 06 
19-06-18 at 02:25:37:241 Send 05 
19-06-18 at 02:25:37:256 Recived 15 
19-06-18 at 02:25:37:256 Send 06 
19-06-18 at 02:25:37:271 Send 02 06 FF 39 1E 00 00 00 DE 
19-06-18 at 02:25:37:286 Recived 06 02 10 FF 39 00 00 00 00 00 00 00 00 00 00 00 00 00 00 D6 
19-06-18 at 02:25:37:301 Send 06 
19-06-18 at 02:27:38:438 Send 05 
19-06-18 at 02:27:38:453 Recived 15 
19-06-18 at 02:27:38:453 Send 06 
19-06-18 at 02:27:38:468 Send 02 06 FF 39 1E 00 00 00 DE 
19-06-18 at 02:27:38:483 Recived 06 02 10 FF 39 00 00 00 00 00 00 00 00 00 00 00 00 00 00 D6 
19-06-18 at 02:27:38:498 Send 06 
19-06-18 at 02:29:39:635 Send 05 
19-06-18 at 02:29:39:650 Recived 15 
19-06-18 at 02:29:39:650 Send 06 
19-06-18 at 02:29:39:665 Send 02 06 FF 39 1E 00 00 00 DE 
19-06-18 at 02:29:39:680 Recived 06 02 10 FF 39 00 00 00 00 00 00 00 00 00 00 00 00 00 00 D6 
19-06-18 at 02:29:39:695 Send 06 
19-06-18 at 02:31:40:832 Send 05 
19-06-18 at 02:31:40:847 Recived 15 
19-06-18 at 02:31:40:847 Send 06 
19-06-18 at 02:31:40:862 Send 02 06 FF 39 1E 00 00 00 DE 
19-06-18 at 02:31:40:877 Recived 06 02 10 FF 39 00 00 00 00 00 00 00 00 00 00 00 00 00 00 D6 
19-06-18 at 02:31:40:892 Send 06 
19-06-18 at 02:33:42:029 Send 05 
19-06-18 at 02:33:42:044 Recived 15 
19-06-18 at 02:33:42:044 Send 06 
19-06-18 at 02:33:42:059 Send 02 06 FF 39 1E 00 00 00 DE 
19-06-18 at 02:33:42:074 Recived 06 02 10 FF 39 00 00 00 00 00 00 00 00 00 00 00 00 00 00 D6 
19-06-18 at 02:33:42:089 Send 06 
19-06-18 at 02:35:43:226 Send 05 
19-06-18 at 02:35:43:241 Recived 15 
19-06-18 at 02:35:43:241 Send 06 
19-06-18 at 02:35:43:256 Send 02 06 FF 39 1E 00 00 00 DE 
19-06-18 at 02:35:43:271 Recived 06 02 10 FF 39 00 00 00 00 00 00 00 00 00 00 00 00 00 00 D6 
19-06-18 at 02:35:43:286 Send 06 
19-06-18 at 02:37:44:424 Send 05 
19-06-18 at 02:37:44:439 Recived 15 
19-06-18 at 02:37:44:439 Send 06 
19-06-18 at 02:37:44:454 Send 02 06 FF 39 1E 00 00 00 DE 
19-06-18 at 02:37:44:469 Recived 06 02 10 FF 39 00 00 00 00 00 00 00 00 00 00 00 00 00 00 D6 
19-06-18 at 02:37:44:484 Send 06 
19-06-18 at 02:39:45:621 Send 05 
19-06-18 at 02:39:45:636 Recived 15 
19-06-18 at 02:39:45:636 Send 06 
19-06-18 at 02:39:45:651 Send 02 06 FF 39 1E 00 00 00 DE 
19-06-18 at 02:39:45:666 Recived 06 02 10 FF 39 00 00 00 00 00 00 00 00 00 00 00 00 00 00 D6 
19-06-18 at 02:39:45:681 Send 06 
19-06-18 at 02:41:46:818 Send 05 
19-06-18 at 02:41:46:833 Recived 15 
19-06-18 at 02:41:46:833 Send 06 
19-06-18 at 02:41:46:848 Send 02 06 FF 39 1E 00 00 00 DE 
19-06-18 at 02:41:46:863 Recived 06 02 10 FF 39 00 00 00 00 00 00 00 00 00 00 00 00 00 00 D6 
19-06-18 at 02:41:46:878 Send 06 
19-06-18 at 02:43:48:015 Send 05 
19-06-18 at 02:43:48:030 Recived 15 
19-06-18 at 02:43:48:030 Send 06 
19-06-18 at 02:43:48:045 Send 02 06 FF 39 1E 00 00 00 DE 
19-06-18 at 02:43:48:060 Recived 06 02 10 FF 39 00 00 00 00 00 00 00 00 00 00 00 00 00 00 D6 
19-06-18 at 02:43:48:075 Send 06 
19-06-18 at 02:45:49:213 Send 05 
19-06-18 at 02:45:49:228 Recived 15 
19-06-18 at 02:45:49:228 Send 06 
19-06-18 at 02:45:49:243 Send 02 06 FF 39 1E 00 00 00 DE 
19-06-18 at 02:45:49:258 Recived 06 02 10 FF 39 00 00 00 00 00 00 00 00 00 00 00 00 00 00 D6 
19-06-18 at 02:45:49:273 Send 06 
19-06-18 at 02:47:50:425 Send 05 
19-06-18 at 02:47:50:440 Recived 15 
19-06-18 at 02:47:50:440 Send 06 
19-06-18 at 02:47:50:455 Send 02 06 FF 39 1E 00 00 00 DE 
19-06-18 at 02:47:50:470 Recived 06 02 10 FF 39 00 00 00 00 00 00 00 00 00 00 00 00 00 00 D6 
19-06-18 at 02:47:50:485 Send 06 
19-06-18 at 02:49:51:637 Send 05 
19-06-18 at 02:49:51:652 Recived 15 
19-06-18 at 02:49:51:652 Send 06 
19-06-18 at 02:49:51:667 Send 02 06 FF 39 1E 00 00 00 DE 
19-06-18 at 02:49:51:682 Recived 06 02 10 FF 39 00 00 00 00 00 00 00 00 00 00 00 00 00 00 D6 
19-06-18 at 02:49:51:697 Send 06 
19-06-18 at 02:51:52:849 Send 05 
19-06-18 at 02:51:52:864 Recived 15 
19-06-18 at 02:51:52:864 Send 06 
19-06-18 at 02:51:52:879 Send 02 06 FF 39 1E 00 00 00 DE 
19-06-18 at 02:51:52:894 Recived 06 02 10 FF 39 00 00 00 00 00 00 00 00 00 00 00 00 00 00 D6 
19-06-18 at 02:51:52:909 Send 06 
19-06-18 at 02:53:54:061 Send 05 
19-06-18 at 02:53:54:077 Recived 15 
19-06-18 at 02:53:54:077 Send 06 
19-06-18 at 02:53:54:092 Send 02 06 FF 39 1E 00 00 00 DE 
19-06-18 at 02:53:54:107 Recived 06 02 10 FF 39 00 00 00 00 00 00 00 00 00 00 00 00 00 00 D6 
19-06-18 at 02:53:54:122 Send 06 
19-06-18 at 02:55:55:260 Send 05 
19-06-18 at 02:55:55:275 Recived 15 
19-06-18 at 02:55:55:275 Send 06 
19-06-18 at 02:55:55:290 Send 02 06 FF 39 1E 00 00 00 DE 
19-06-18 at 02:55:55:305 Recived 06 02 10 FF 39 00 00 00 00 00 00 00 00 00 00 00 00 00 00 D6 
19-06-18 at 02:55:55:320 Send 06 
19-06-18 at 02:57:56:472 Send 05 
19-06-18 at 02:57:56:487 Recived 15 
19-06-18 at 02:57:56:487 Send 06 
19-06-18 at 02:57:56:502 Send 02 06 FF 39 1E 00 00 00 DE 
19-06-18 at 02:57:56:517 Recived 06 02 10 FF 39 00 00 00 00 00 00 00 00 00 00 00 00 00 00 D6 
19-06-18 at 02:57:56:532 Send 06 
19-06-18 at 02:59:57:684 Send 05 
19-06-18 at 02:59:57:699 Recived 15 
19-06-18 at 02:59:57:699 Send 06 
19-06-18 at 02:59:57:714 Send 02 06 FF 39 1E 00 00 00 DE 
19-06-18 at 02:59:57:729 Recived 06 02 10 FF 39 00 00 00 00 00 00 00 00 00 00 00 00 00 00 D6 
19-06-18 at 02:59:57:744 Send 06 
19-06-18 at 03:01:58:896 Send 05 
19-06-18 at 03:01:58:911 Recived 15 
19-06-18 at 03:01:58:911 Send 06 
19-06-18 at 03:01:58:926 Send 02 06 FF 39 1E 00 00 00 DE 
19-06-18 at 03:01:58:941 Recived 06 02 10 FF 39 00 00 00 00 00 00 00 00 00 00 00 00 00 00 D6 
19-06-18 at 03:01:58:956 Send 06 
19-06-18 at 03:04:00:108 Send 05 
19-06-18 at 03:04:00:123 Recived 15 
19-06-18 at 03:04:00:123 Send 06 
19-06-18 at 03:04:00:138 Send 02 06 FF 39 1E 00 00 00 DE 
19-06-18 at 03:04:00:153 Recived 06 02 10 FF 39 00 00 00 00 00 00 00 00 00 00 00 00 00 00 D6 
19-06-18 at 03:04:00:168 Send 06 
19-06-18 at 03:06:01:321 Send 05 
19-06-18 at 03:06:01:336 Recived 15 
19-06-18 at 03:06:01:336 Send 06 
19-06-18 at 03:06:01:351 Send 02 06 FF 39 1E 00 00 00 DE 
19-06-18 at 03:06:01:366 Recived 06 02 10 FF 39 00 00 00 00 00 00 00 00 00 00 00 00 00 00 D6 
19-06-18 at 03:06:01:381 Send 06 
19-06-18 at 03:08:02:518 Send 05 
19-06-18 at 03:08:02:533 Recived 15 
19-06-18 at 03:08:02:533 Send 06 
19-06-18 at 03:08:02:548 Send 02 06 FF 39 1E 00 00 00 DE 
19-06-18 at 03:08:02:563 Recived 06 02 10 FF 39 00 00 00 00 00 00 00 00 00 00 00 00 00 00 D6 
19-06-18 at 03:08:02:578 Send 06 
19-06-18 at 03:10:03:715 Send 05 
19-06-18 at 03:10:03:730 Recived 15 
19-06-18 at 03:10:03:730 Send 06 
19-06-18 at 03:10:03:745 Send 02 06 FF 39 1E 00 00 00 DE 
19-06-18 at 03:10:03:760 Recived 06 02 10 FF 39 00 00 00 00 00 00 00 00 00 00 00 00 00 00 D6 
19-06-18 at 03:10:03:775 Send 06 
19-06-18 at 03:12:04:914 Send 05 
19-06-18 at 03:12:04:929 Recived 15 
19-06-18 at 03:12:04:929 Send 06 
19-06-18 at 03:12:04:944 Send 02 06 FF 39 1E 00 00 00 DE 
19-06-18 at 03:12:04:959 Recived 06 02 10 FF 39 00 00 00 00 00 00 00 00 00 00 00 00 00 00 D6 
19-06-18 at 03:12:04:974 Send 06 
19-06-18 at 03:14:06:111 Send 05 
19-06-18 at 03:14:06:126 Recived 15 
19-06-18 at 03:14:06:126 Send 06 
19-06-18 at 03:14:06:141 Send 02 06 FF 39 1E 00 00 00 DE 
19-06-18 at 03:14:06:156 Recived 06 02 10 FF 39 00 00 00 00 00 00 00 00 00 00 00 00 00 00 D6 
19-06-18 at 03:14:06:171 Send 06 
19-06-18 at 03:16:07:308 Send 05 
19-06-18 at 03:16:07:323 Recived 15 
19-06-18 at 03:16:07:323 Send 06 
19-06-18 at 03:16:07:338 Send 02 06 FF 39 1E 00 00 00 DE 
19-06-18 at 03:16:07:353 Recived 06 02 10 FF 39 00 00 00 00 00 00 00 00 00 00 00 00 00 00 D6 
19-06-18 at 03:16:07:368 Send 06 
19-06-18 at 03:18:08:505 Send 05 
19-06-18 at 03:18:08:520 Recived 15 
19-06-18 at 03:18:08:520 Send 06 
19-06-18 at 03:18:08:535 Send 02 06 FF 39 1E 00 00 00 DE 
19-06-18 at 03:18:08:550 Recived 06 02 10 FF 39 00 00 00 00 00 00 00 00 00 00 00 00 00 00 D6 
19-06-18 at 03:18:08:565 Send 06 
19-06-18 at 03:20:09:702 Send 05 
19-06-18 at 03:20:09:717 Recived 15 
19-06-18 at 03:20:09:717 Send 06 
19-06-18 at 03:20:09:732 Send 02 06 FF 39 1E 00 00 00 DE 
19-06-18 at 03:20:09:747 Recived 06 02 10 FF 39 00 00 00 00 00 00 00 00 00 00 00 00 00 00 D6 
19-06-18 at 03:20:09:762 Send 06 
19-06-18 at 03:22:10:899 Send 05 
19-06-18 at 03:22:10:914 Recived 15 
19-06-18 at 03:22:10:914 Send 06 
19-06-18 at 03:22:10:929 Send 02 06 FF 39 1E 00 00 00 DE 
19-06-18 at 03:22:10:944 Recived 06 02 10 FF 39 00 00 00 00 00 00 00 00 00 00 00 00 00 00 D6 
19-06-18 at 03:22:10:959 Send 06 
19-06-18 at 03:24:12:096 Send 05 
19-06-18 at 03:24:12:111 Recived 15 
19-06-18 at 03:24:12:111 Send 06 
19-06-18 at 03:24:12:126 Send 02 06 FF 39 1E 00 00 00 DE 
19-06-18 at 03:24:12:141 Recived 06 02 10 FF 39 00 00 00 00 00 00 00 00 00 00 00 00 00 00 D6 
19-06-18 at 03:24:12:156 Send 06 
19-06-18 at 03:26:13:293 Send 05 
19-06-18 at 03:26:13:308 Recived 15 
19-06-18 at 03:26:13:308 Send 06 
19-06-18 at 03:26:13:323 Send 02 06 FF 39 1E 00 00 00 DE 
19-06-18 at 03:26:13:338 Recived 06 02 10 FF 39 00 00 00 00 00 00 00 00 00 00 00 00 00 00 D6 
19-06-18 at 03:26:13:353 Send 06 
19-06-18 at 03:28:14:491 Send 05 
19-06-18 at 03:28:14:506 Recived 15 
19-06-18 at 03:28:14:506 Send 06 
19-06-18 at 03:28:14:521 Send 02 06 FF 39 1E 00 00 00 DE 
19-06-18 at 03:28:14:536 Recived 06 02 10 FF 39 00 00 00 00 00 00 00 00 00 00 00 00 00 00 D6 
19-06-18 at 03:28:14:551 Send 06 
19-06-18 at 03:30:15:688 Send 05 
19-06-18 at 03:30:15:703 Recived 15 
19-06-18 at 03:30:15:703 Send 06 
19-06-18 at 03:30:15:718 Send 02 06 FF 39 1E 00 00 00 DE 
19-06-18 at 03:30:15:733 Recived 06 02 10 FF 39 00 00 00 00 00 00 00 00 00 00 00 00 00 00 D6 
19-06-18 at 03:30:15:748 Send 06 
19-06-18 at 03:32:16:885 Send 05 
19-06-18 at 03:32:16:900 Recived 15 
19-06-18 at 03:32:16:900 Send 06 
19-06-18 at 03:32:16:915 Send 02 06 FF 39 1E 00 00 00 DE 
19-06-18 at 03:32:16:930 Recived 06 02 10 FF 39 00 00 00 00 00 00 00 00 00 00 00 00 00 00 D6 
19-06-18 at 03:32:16:945 Send 06 
19-06-18 at 03:34:18:082 Send 05 
19-06-18 at 03:34:18:097 Recived 15 
19-06-18 at 03:34:18:097 Send 06 
19-06-18 at 03:34:18:112 Send 02 06 FF 39 1E 00 00 00 DE 
19-06-18 at 03:34:18:127 Recived 06 02 10 FF 39 00 00 00 00 00 00 00 00 00 00 00 00 00 00 D6 
19-06-18 at 03:34:18:142 Send 06 
19-06-18 at 03:36:19:279 Send 05 
19-06-18 at 03:36:19:294 Recived 15 
19-06-18 at 03:36:19:294 Send 06 
19-06-18 at 03:36:19:309 Send 02 06 FF 39 1E 00 00 00 DE 
19-06-18 at 03:36:19:324 Recived 06 02 10 FF 39 00 00 00 00 00 00 00 00 00 00 00 00 00 00 D6 
19-06-18 at 03:36:19:339 Send 06 
19-06-18 at 03:38:20:476 Send 05 
19-06-18 at 03:38:20:491 Recived 15 
19-06-18 at 03:38:20:491 Send 06 
19-06-18 at 03:38:20:506 Send 02 06 FF 39 1E 00 00 00 DE 
19-06-18 at 03:38:20:521 Recived 06 02 10 FF 39 00 00 00 00 00 00 00 00 00 00 00 00 00 00 D6 
19-06-18 at 03:38:20:536 Send 06 
19-06-18 at 03:40:21:673 Send 05 
19-06-18 at 03:40:21:688 Recived 15 
19-06-18 at 03:40:21:688 Send 06 
19-06-18 at 03:40:21:703 Send 02 06 FF 39 1E 00 00 00 DE 
19-06-18 at 03:40:21:718 Recived 06 02 10 FF 39 00 00 00 00 00 00 00 00 00 00 00 00 00 00 D6 
19-06-18 at 03:40:21:733 Send 06 
19-06-18 at 03:42:22:870 Send 05 
19-06-18 at 03:42:22:885 Recived 15 
19-06-18 at 03:42:22:885 Send 06 
19-06-18 at 03:42:22:900 Send 02 06 FF 39 1E 00 00 00 DE 
19-06-18 at 03:42:22:915 Recived 06 02 10 FF 39 00 00 00 00 00 00 00 00 00 00 00 00 00 00 D6 
19-06-18 at 03:42:22:930 Send 06 
19-06-18 at 03:44:24:067 Send 05 
19-06-18 at 03:44:24:082 Recived 15 
19-06-18 at 03:44:24:082 Send 06 
19-06-18 at 03:44:24:097 Send 02 06 FF 39 1E 00 00 00 DE 
19-06-18 at 03:44:24:112 Recived 06 02 10 FF 39 00 00 00 00 00 00 00 00 00 00 00 00 00 00 D6 
19-06-18 at 03:44:24:127 Send 06 
19-06-18 at 03:46:25:265 Send 05 
19-06-18 at 03:46:25:280 Recived 15 
19-06-18 at 03:46:25:280 Send 06 
19-06-18 at 03:46:25:295 Send 02 06 FF 39 1E 00 00 00 DE 
19-06-18 at 03:46:25:310 Recived 06 02 10 FF 39 00 00 00 00 00 00 00 00 00 00 00 00 00 00 D6 
19-06-18 at 03:46:25:325 Send 06 
19-06-18 at 03:48:26:462 Send 05 
19-06-18 at 03:48:26:477 Recived 15 
19-06-18 at 03:48:26:477 Send 06 
19-06-18 at 03:48:26:492 Send 02 06 FF 39 1E 00 00 00 DE 
19-06-18 at 03:48:26:507 Recived 06 02 10 FF 39 00 00 00 00 00 00 00 00 00 00 00 00 00 00 D6 
19-06-18 at 03:48:26:522 Send 06 
19-06-18 at 03:50:27:659 Send 05 
19-06-18 at 03:50:27:674 Recived 15 
19-06-18 at 03:50:27:674 Send 06 
19-06-18 at 03:50:27:689 Send 02 06 FF 39 1E 00 00 00 DE 
19-06-18 at 03:50:27:704 Recived 06 02 10 FF 39 00 00 00 00 00 00 00 00 00 00 00 00 00 00 D6 
19-06-18 at 03:50:27:719 Send 06 
19-06-18 at 03:52:28:856 Send 05 
19-06-18 at 03:52:28:871 Recived 15 
19-06-18 at 03:52:28:871 Send 06 
19-06-18 at 03:52:28:886 Send 02 06 FF 39 1E 00 00 00 DE 
19-06-18 at 03:52:28:901 Recived 06 02 10 FF 39 00 00 00 00 00 00 00 00 00 00 00 00 00 00 D6 
19-06-18 at 03:52:28:916 Send 06 
19-06-18 at 03:54:30:053 Send 05 
19-06-18 at 03:54:30:068 Recived 15 
19-06-18 at 03:54:30:068 Send 06 
19-06-18 at 03:54:30:083 Send 02 06 FF 39 1E 00 00 00 DE 
19-06-18 at 03:54:30:098 Recived 06 02 10 FF 39 00 00 00 00 00 00 00 00 00 00 00 00 00 00 D6 
19-06-18 at 03:54:30:113 Send 06 
19-06-18 at 03:56:31:250 Send 05 
19-06-18 at 03:56:31:265 Recived 15 
19-06-18 at 03:56:31:265 Send 06 
19-06-18 at 03:56:31:280 Send 02 06 FF 39 1E 00 00 00 DE 
19-06-18 at 03:56:31:295 Recived 06 02 10 FF 39 00 00 00 00 00 00 00 00 00 00 00 00 00 00 D6 
19-06-18 at 03:56:31:310 Send 06 
19-06-18 at 03:58:32:447 Send 05 
19-06-18 at 03:58:32:462 Recived 15 
19-06-18 at 03:58:32:462 Send 06 
19-06-18 at 03:58:32:477 Send 02 06 FF 39 1E 00 00 00 DE 
19-06-18 at 03:58:32:492 Recived 06 02 10 FF 39 00 00 00 00 00 00 00 00 00 00 00 00 00 00 D6 
19-06-18 at 03:58:32:507 Send 06 
19-06-18 at 04:00:33:644 Send 05 
19-06-18 at 04:00:33:659 Recived 15 
19-06-18 at 04:00:33:659 Send 06 
19-06-18 at 04:00:33:674 Send 02 06 FF 39 1E 00 00 00 DE 
19-06-18 at 04:00:33:689 Recived 06 02 10 FF 39 00 00 00 00 00 00 00 00 00 00 00 00 00 00 D6 
19-06-18 at 04:00:33:704 Send 06 
19-06-18 at 04:02:34:842 Send 05 
19-06-18 at 04:02:34:857 Recived 15 
19-06-18 at 04:02:34:857 Send 06 
19-06-18 at 04:02:34:872 Send 02 06 FF 39 1E 00 00 00 DE 
19-06-18 at 04:02:34:887 Recived 06 02 10 FF 39 00 00 00 00 00 00 00 00 00 00 00 00 00 00 D6 
19-06-18 at 04:02:34:902 Send 06 
19-06-18 at 04:04:36:039 Send 05 
19-06-18 at 04:04:36:054 Recived 15 
19-06-18 at 04:04:36:054 Send 06 
19-06-18 at 04:04:36:069 Send 02 06 FF 39 1E 00 00 00 DE 
19-06-18 at 04:04:36:084 Recived 06 02 10 FF 39 00 00 00 00 00 00 00 00 00 00 00 00 00 00 D6 
19-06-18 at 04:04:36:099 Send 06 
19-06-18 at 04:06:37:236 Send 05 
19-06-18 at 04:06:37:251 Recived 15 
19-06-18 at 04:06:37:251 Send 06 
19-06-18 at 04:06:37:266 Send 02 06 FF 39 1E 00 00 00 DE 
19-06-18 at 04:06:37:281 Recived 06 02 10 FF 39 00 00 00 00 00 00 00 00 00 00 00 00 00 00 D6 
19-06-18 at 04:06:37:296 Send 06 
19-06-18 at 04:08:38:433 Send 05 
19-06-18 at 04:08:38:448 Recived 15 
19-06-18 at 04:08:38:448 Send 06 
19-06-18 at 04:08:38:463 Send 02 06 FF 39 1E 00 00 00 DE 
19-06-18 at 04:08:38:478 Recived 06 02 10 FF 39 00 00 00 00 00 00 00 00 00 00 00 00 00 00 D6 
19-06-18 at 04:08:38:493 Send 06 
19-06-18 at 04:10:39:630 Send 05 
19-06-18 at 04:10:39:645 Recived 15 
19-06-18 at 04:10:39:645 Send 06 
19-06-18 at 04:10:39:660 Send 02 06 FF 39 1E 00 00 00 DE 
19-06-18 at 04:10:39:675 Recived 06 02 10 FF 39 00 00 00 00 00 00 00 00 00 00 00 00 00 00 D6 
19-06-18 at 04:10:39:690 Send 06 
19-06-18 at 04:12:40:827 Send 05 
19-06-18 at 04:12:40:842 Recived 15 
19-06-18 at 04:12:40:842 Send 06 
19-06-18 at 04:12:40:857 Send 02 06 FF 39 1E 00 00 00 DE 
19-06-18 at 04:12:40:872 Recived 06 02 10 FF 39 00 00 00 00 00 00 00 00 00 00 00 00 00 00 D6 
19-06-18 at 04:12:40:887 Send 06 
19-06-18 at 04:14:42:024 Send 05 
19-06-18 at 04:14:42:039 Recived 15 
19-06-18 at 04:14:42:039 Send 06 
19-06-18 at 04:14:42:054 Send 02 06 FF 39 1E 00 00 00 DE 
19-06-18 at 04:14:42:069 Recived 06 02 10 FF 39 00 00 00 00 00 00 00 00 00 00 00 00 00 00 D6 
19-06-18 at 04:14:42:084 Send 06 
19-06-18 at 04:16:43:221 Send 05 
19-06-18 at 04:16:43:236 Recived 15 
19-06-18 at 04:16:43:236 Send 06 
19-06-18 at 04:16:43:251 Send 02 06 FF 39 1E 00 00 00 DE 
19-06-18 at 04:16:43:266 Recived 06 02 10 FF 39 00 00 00 00 00 00 00 00 00 00 00 00 00 00 D6 
19-06-18 at 04:16:43:281 Send 06 
19-06-18 at 04:18:44:418 Send 05 
19-06-18 at 04:18:44:433 Recived 15 
19-06-18 at 04:18:44:433 Send 06 
19-06-18 at 04:18:44:448 Send 02 06 FF 39 1E 00 00 00 DE 
19-06-18 at 04:18:44:463 Recived 06 02 10 FF 39 00 00 00 00 00 00 00 00 00 00 00 00 00 00 D6 
19-06-18 at 04:18:44:478 Send 06 
19-06-18 at 04:20:45:616 Send 05 
19-06-18 at 04:20:45:631 Recived 15 
19-06-18 at 04:20:45:631 Send 06 
19-06-18 at 04:20:45:646 Send 02 06 FF 39 1E 00 00 00 DE 
19-06-18 at 04:20:45:661 Recived 06 02 10 FF 39 00 00 00 00 00 00 00 00 00 00 00 00 00 00 D6 
19-06-18 at 04:20:45:676 Send 06 
19-06-18 at 04:22:46:813 Send 05 
19-06-18 at 04:22:46:828 Recived 15 
19-06-18 at 04:22:46:828 Send 06 
19-06-18 at 04:22:46:843 Send 02 06 FF 39 1E 00 00 00 DE 
19-06-18 at 04:22:46:858 Recived 06 02 10 FF 39 00 00 00 00 00 00 00 00 00 00 00 00 00 00 D6 
19-06-18 at 04:22:46:873 Send 06 
19-06-18 at 04:24:48:010 Send 05 
19-06-18 at 04:24:48:025 Recived 15 
19-06-18 at 04:24:48:025 Send 06 
19-06-18 at 04:24:48:040 Send 02 06 FF 39 1E 00 00 00 DE 
19-06-18 at 04:24:48:055 Recived 06 02 10 FF 39 00 00 00 00 00 00 00 00 00 00 00 00 00 00 D6 
19-06-18 at 04:24:48:070 Send 06 
19-06-18 at 04:26:49:207 Send 05 
19-06-18 at 04:26:49:222 Recived 15 
19-06-18 at 04:26:49:222 Send 06 
19-06-18 at 04:26:49:237 Send 02 06 FF 39 1E 00 00 00 DE 
19-06-18 at 04:26:49:252 Recived 06 02 10 FF 39 00 00 00 00 00 00 00 00 00 00 00 00 00 00 D6 
19-06-18 at 04:26:49:267 Send 06 
19-06-18 at 04:28:50:404 Send 05 
19-06-18 at 04:28:50:419 Recived 15 
19-06-18 at 04:28:50:419 Send 06 
19-06-18 at 04:28:50:434 Send 02 06 FF 39 1E 00 00 00 DE 
19-06-18 at 04:28:50:449 Recived 06 02 10 FF 39 00 00 00 00 00 00 00 00 00 00 00 00 00 00 D6 
19-06-18 at 04:28:50:464 Send 06 
19-06-18 at 04:30:51:601 Send 05 
19-06-18 at 04:30:51:616 Recived 15 
19-06-18 at 04:30:51:616 Send 06 
19-06-18 at 04:30:51:631 Send 02 06 FF 39 1E 00 00 00 DE 
19-06-18 at 04:30:51:646 Recived 06 02 10 FF 39 00 00 00 00 00 00 00 00 00 00 00 00 00 00 D6 
19-06-18 at 04:30:51:661 Send 06 
19-06-18 at 04:32:52:798 Send 05 
19-06-18 at 04:32:52:813 Recived 15 
19-06-18 at 04:32:52:813 Send 06 
19-06-18 at 04:32:52:828 Send 02 06 FF 39 1E 00 00 00 DE 
19-06-18 at 04:32:52:843 Recived 06 02 10 FF 39 00 00 00 00 00 00 00 00 00 00 00 00 00 00 D6 
19-06-18 at 04:32:52:858 Send 06 
19-06-18 at 04:34:53:995 Send 05 
19-06-18 at 04:34:54:010 Recived 15 
19-06-18 at 04:34:54:010 Send 06 
19-06-18 at 04:34:54:025 Send 02 06 FF 39 1E 00 00 00 DE 
19-06-18 at 04:34:54:040 Recived 06 02 10 FF 39 00 00 00 00 00 00 00 00 00 00 00 00 00 00 D6 
19-06-18 at 04:34:54:055 Send 06 
19-06-18 at 04:36:55:193 Send 05 
19-06-18 at 04:36:55:208 Recived 15 
19-06-18 at 04:36:55:208 Send 06 
19-06-18 at 04:36:55:223 Send 02 06 FF 39 1E 00 00 00 DE 
19-06-18 at 04:36:55:238 Recived 06 02 10 FF 39 00 00 00 00 00 00 00 00 00 00 00 00 00 00 D6 
19-06-18 at 04:36:55:253 Send 06 
19-06-18 at 04:38:56:390 Send 05 
19-06-18 at 04:38:56:405 Recived 15 
19-06-18 at 04:38:56:405 Send 06 
19-06-18 at 04:38:56:420 Send 02 06 FF 39 1E 00 00 00 DE 
19-06-18 at 04:38:56:435 Recived 06 02 10 FF 39 00 00 00 00 00 00 00 00 00 00 00 00 00 00 D6 
19-06-18 at 04:38:56:450 Send 06 
19-06-18 at 04:40:57:587 Send 05 
19-06-18 at 04:40:57:602 Recived 15 
19-06-18 at 04:40:57:602 Send 06 
19-06-18 at 04:40:57:617 Send 02 06 FF 39 1E 00 00 00 DE 
19-06-18 at 04:40:57:632 Recived 06 02 10 FF 39 00 00 00 00 00 00 00 00 00 00 00 00 00 00 D6 
19-06-18 at 04:40:57:647 Send 06 
19-06-18 at 04:42:58:784 Send 05 
19-06-18 at 04:42:58:799 Recived 15 
19-06-18 at 04:42:58:799 Send 06 
19-06-18 at 04:42:58:814 Send 02 06 FF 39 1E 00 00 00 DE 
19-06-18 at 04:42:58:829 Recived 06 02 10 FF 39 00 00 00 00 00 00 00 00 00 00 00 00 00 00 D6 
19-06-18 at 04:42:58:844 Send 06 
19-06-18 at 04:44:59:982 Send 05 
19-06-18 at 04:44:59:997 Recived 15 
19-06-18 at 04:44:59:997 Send 06 
19-06-18 at 04:45:00:012 Send 02 06 FF 39 1E 00 00 00 DE 
19-06-18 at 04:45:00:027 Recived 06 02 10 FF 39 00 00 00 00 00 00 00 00 00 00 00 00 00 00 D6 
19-06-18 at 04:45:00:042 Send 06 
19-06-18 at 04:47:01:179 Send 05 
19-06-18 at 04:47:01:194 Recived 15 
19-06-18 at 04:47:01:194 Send 06 
19-06-18 at 04:47:01:209 Send 02 06 FF 39 1E 00 00 00 DE 
19-06-18 at 04:47:01:224 Recived 06 02 10 FF 39 00 00 00 00 00 00 00 00 00 00 00 00 00 00 D6 
19-06-18 at 04:47:01:239 Send 06 
19-06-18 at 04:49:02:376 Send 05 
19-06-18 at 04:49:02:391 Recived 15 
19-06-18 at 04:49:02:391 Send 06 
19-06-18 at 04:49:02:406 Send 02 06 FF 39 1E 00 00 00 DE 
19-06-18 at 04:49:02:421 Recived 06 02 10 FF 39 00 00 00 00 00 00 00 00 00 00 00 00 00 00 D6 
19-06-18 at 04:49:02:436 Send 06 
19-06-18 at 04:51:03:573 Send 05 
19-06-18 at 04:51:03:588 Recived 15 
19-06-18 at 04:51:03:588 Send 06 
19-06-18 at 04:51:03:603 Send 02 06 FF 39 1E 00 00 00 DE 
19-06-18 at 04:51:03:618 Recived 06 02 10 FF 39 00 00 00 00 00 00 00 00 00 00 00 00 00 00 D6 
19-06-18 at 04:51:03:633 Send 06 
19-06-18 at 04:53:04:770 Send 05 
19-06-18 at 04:53:04:786 Recived 15 
19-06-18 at 04:53:04:786 Send 06 
19-06-18 at 04:53:04:801 Send 02 06 FF 39 1E 00 00 00 DE 
19-06-18 at 04:53:04:816 Recived 06 02 10 FF 39 00 00 00 00 00 00 00 00 00 00 00 00 00 00 D6 
19-06-18 at 04:53:04:831 Send 06 
19-06-18 at 04:55:05:968 Send 05 
19-06-18 at 04:55:05:983 Recived 15 
19-06-18 at 04:55:05:983 Send 06 
19-06-18 at 04:55:05:998 Send 02 06 FF 39 1E 00 00 00 DE 
19-06-18 at 04:55:06:013 Recived 06 02 10 FF 39 00 00 00 00 00 00 00 00 00 00 00 00 00 00 D6 
19-06-18 at 04:55:06:028 Send 06 
19-06-18 at 04:57:07:165 Send 05 
19-06-18 at 04:57:07:180 Recived 15 
19-06-18 at 04:57:07:180 Send 06 
19-06-18 at 04:57:07:195 Send 02 06 FF 39 1E 00 00 00 DE 
19-06-18 at 04:57:07:210 Recived 06 02 10 FF 39 00 00 00 00 00 00 00 00 00 00 00 00 00 00 D6 
19-06-18 at 04:57:07:225 Send 06 
19-06-18 at 04:59:08:363 Send 05 
19-06-18 at 04:59:08:378 Recived 15 
19-06-18 at 04:59:08:378 Send 06 
19-06-18 at 04:59:08:393 Send 02 06 FF 39 1E 00 00 00 DE 
19-06-18 at 04:59:08:408 Recived 06 02 10 FF 39 00 00 00 00 00 00 00 00 00 00 00 00 00 00 D6 
19-06-18 at 04:59:08:423 Send 06 
19-06-18 at 05:01:09:560 Send 05 
19-06-18 at 05:01:09:575 Recived 15 
19-06-18 at 05:01:09:575 Send 06 
19-06-18 at 05:01:09:590 Send 02 06 FF 39 1E 00 00 00 DE 
19-06-18 at 05:01:09:605 Recived 06 02 10 FF 39 00 00 00 00 00 00 00 00 00 00 00 00 00 00 D6 
19-06-18 at 05:01:09:620 Send 06 
19-06-18 at 05:03:10:757 Send 05 
19-06-18 at 05:03:10:772 Recived 15 
19-06-18 at 05:03:10:772 Send 06 
19-06-18 at 05:03:10:787 Send 02 06 FF 39 1E 00 00 00 DE 
19-06-18 at 05:03:10:802 Recived 06 02 10 FF 39 00 00 00 00 00 00 00 00 00 00 00 00 00 00 D6 
19-06-18 at 05:03:10:817 Send 06 
19-06-18 at 05:05:11:954 Send 05 
19-06-18 at 05:05:11:969 Recived 15 
19-06-18 at 05:05:11:969 Send 06 
19-06-18 at 05:05:11:984 Send 02 06 FF 39 1E 00 00 00 DE 
19-06-18 at 05:05:11:999 Recived 06 02 10 FF 39 00 00 00 00 00 00 00 00 00 00 00 00 00 00 D6 
19-06-18 at 05:05:12:014 Send 06 
19-06-18 at 05:07:13:151 Send 05 
19-06-18 at 05:07:13:166 Recived 15 
19-06-18 at 05:07:13:166 Send 06 
19-06-18 at 05:07:13:181 Send 02 06 FF 39 1E 00 00 00 DE 
19-06-18 at 05:07:13:196 Recived 06 02 10 FF 39 00 00 00 00 00 00 00 00 00 00 00 00 00 00 D6 
19-06-18 at 05:07:13:211 Send 06 
19-06-18 at 05:09:14:348 Send 05 
19-06-18 at 05:09:14:363 Recived 15 
19-06-18 at 05:09:14:363 Send 06 
19-06-18 at 05:09:14:378 Send 02 06 FF 39 1E 00 00 00 DE 
19-06-18 at 05:09:14:393 Recived 06 02 10 FF 39 00 00 00 00 00 00 00 00 00 00 00 00 00 00 D6 
19-06-18 at 05:09:14:408 Send 06 
19-06-18 at 05:11:15:546 Send 05 
19-06-18 at 05:11:15:561 Recived 15 
19-06-18 at 05:11:15:561 Send 06 
19-06-18 at 05:11:15:576 Send 02 06 FF 39 1E 00 00 00 DE 
19-06-18 at 05:11:15:591 Recived 06 02 10 FF 39 00 00 00 00 00 00 00 00 00 00 00 00 00 00 D6 
19-06-18 at 05:11:15:606 Send 06 
19-06-18 at 05:13:16:743 Send 05 
19-06-18 at 05:13:16:758 Recived 15 
19-06-18 at 05:13:16:758 Send 06 
19-06-18 at 05:13:16:773 Send 02 06 FF 39 1E 00 00 00 DE 
19-06-18 at 05:13:16:788 Recived 06 02 10 FF 39 00 00 00 00 00 00 00 00 00 00 00 00 00 00 D6 
19-06-18 at 05:13:16:803 Send 06 
19-06-18 at 05:15:17:940 Send 05 
19-06-18 at 05:15:17:955 Recived 15 
19-06-18 at 05:15:17:955 Send 06 
19-06-18 at 05:15:17:970 Send 02 06 FF 39 1E 00 00 00 DE 
19-06-18 at 05:15:17:985 Recived 06 02 10 FF 39 00 00 00 00 00 00 00 00 00 00 00 00 00 00 D6 
19-06-18 at 05:15:18:000 Send 06 
19-06-18 at 05:17:19:137 Send 05 
19-06-18 at 05:17:19:152 Recived 15 
19-06-18 at 05:17:19:152 Send 06 
19-06-18 at 05:17:19:167 Send 02 06 FF 39 1E 00 00 00 DE 
19-06-18 at 05:17:19:182 Recived 06 02 10 FF 39 00 00 00 00 00 00 00 00 00 00 00 00 00 00 D6 
19-06-18 at 05:17:19:197 Send 06 
19-06-18 at 05:19:20:334 Send 05 
19-06-18 at 05:19:20:349 Recived 15 
19-06-18 at 05:19:20:349 Send 06 
19-06-18 at 05:19:20:364 Send 02 06 FF 39 1E 00 00 00 DE 
19-06-18 at 05:19:20:379 Recived 06 02 10 FF 39 00 00 00 00 00 00 00 00 00 00 00 00 00 00 D6 
19-06-18 at 05:19:20:394 Send 06 
19-06-18 at 05:21:21:532 Send 05 
19-06-18 at 05:21:21:547 Recived 15 
19-06-18 at 05:21:21:547 Send 06 
19-06-18 at 05:21:21:562 Send 02 06 FF 39 1E 00 00 00 DE 
19-06-18 at 05:21:21:577 Recived 06 02 10 FF 39 00 00 00 00 00 00 00 00 00 00 00 00 00 00 D6 
19-06-18 at 05:21:21:592 Send 06 
19-06-18 at 05:23:22:744 Send 05 
19-06-18 at 05:23:22:759 Recived 15 
19-06-18 at 05:23:22:759 Send 06 
19-06-18 at 05:23:22:774 Send 02 06 FF 39 1E 00 00 00 DE 
19-06-18 at 05:23:22:789 Recived 06 02 10 FF 39 00 00 00 00 00 00 00 00 00 00 00 00 00 00 D6 
19-06-18 at 05:23:22:804 Send 06 
19-06-18 at 05:25:23:956 Send 05 
19-06-18 at 05:25:23:971 Recived 15 
19-06-18 at 05:25:23:971 Send 06 
19-06-18 at 05:25:23:986 Send 02 06 FF 39 1E 00 00 00 DE 
19-06-18 at 05:25:24:001 Recived 06 02 10 FF 39 00 00 00 00 00 00 00 00 00 00 00 00 00 00 D6 
19-06-18 at 05:25:24:016 Send 06 
19-06-18 at 05:27:25:169 Send 05 
19-06-18 at 05:27:25:184 Recived 15 
19-06-18 at 05:27:25:184 Send 06 
19-06-18 at 05:27:25:199 Send 02 06 FF 39 1E 00 00 00 DE 
19-06-18 at 05:27:25:214 Recived 06 02 10 FF 39 00 00 00 00 00 00 00 00 00 00 00 00 00 00 D6 
19-06-18 at 05:27:25:229 Send 06 
19-06-18 at 05:29:26:381 Send 05 
19-06-18 at 05:29:26:396 Recived 15 
19-06-18 at 05:29:26:396 Send 06 
19-06-18 at 05:29:26:411 Send 02 06 FF 39 1E 00 00 00 DE 
19-06-18 at 05:29:26:426 Recived 06 02 10 FF 39 00 00 00 00 00 00 00 00 00 00 00 00 00 00 D6 
19-06-18 at 05:29:26:441 Send 06 
19-06-18 at 05:31:27:593 Send 05 
19-06-18 at 05:31:27:608 Recived 15 
19-06-18 at 05:31:27:608 Send 06 
19-06-18 at 05:31:27:623 Send 02 06 FF 39 1E 00 00 00 DE 
19-06-18 at 05:31:27:638 Recived 06 02 10 FF 39 00 00 00 00 00 00 00 00 00 00 00 00 00 00 D6 
19-06-18 at 05:31:27:653 Send 06 
19-06-18 at 05:33:28:805 Send 05 
19-06-18 at 05:33:28:820 Recived 15 
19-06-18 at 05:33:28:820 Send 06 
19-06-18 at 05:33:28:835 Send 02 06 FF 39 1E 00 00 00 DE 
19-06-18 at 05:33:28:850 Recived 06 02 10 FF 39 00 00 00 00 00 00 00 00 00 00 00 00 00 00 D6 
19-06-18 at 05:33:28:865 Send 06 
19-06-18 at 05:35:30:002 Send 05 
19-06-18 at 05:35:30:017 Recived 15 
19-06-18 at 05:35:30:017 Send 06 
19-06-18 at 05:35:30:032 Send 02 06 FF 39 1E 00 00 00 DE 
19-06-18 at 05:35:30:047 Recived 06 02 10 FF 39 00 00 00 00 00 00 00 00 00 00 00 00 00 00 D6 
19-06-18 at 05:35:30:062 Send 06 
19-06-18 at 05:37:31:215 Send 05 
19-06-18 at 05:37:31:230 Recived 15 
19-06-18 at 05:37:31:230 Send 06 
19-06-18 at 05:37:31:245 Send 02 06 FF 39 1E 00 00 00 DE 
19-06-18 at 05:37:31:260 Recived 06 02 10 FF 39 00 00 00 00 00 00 00 00 00 00 00 00 00 00 D6 
19-06-18 at 05:37:31:275 Send 06 
19-06-18 at 05:39:32:412 Send 05 
19-06-18 at 05:39:32:427 Recived 15 
19-06-18 at 05:39:32:427 Send 06 
19-06-18 at 05:39:32:442 Send 02 06 FF 39 1E 00 00 00 DE 
19-06-18 at 05:39:32:457 Recived 06 02 10 FF 39 00 00 00 00 00 00 00 00 00 00 00 00 00 00 D6 
19-06-18 at 05:39:32:472 Send 06 
19-06-18 at 05:41:33:609 Send 05 
19-06-18 at 05:41:33:624 Recived 15 
19-06-18 at 05:41:33:624 Send 06 
19-06-18 at 05:41:33:639 Send 02 06 FF 39 1E 00 00 00 DE 
19-06-18 at 05:41:33:654 Recived 06 02 10 FF 39 00 00 00 00 00 00 00 00 00 00 00 00 00 00 D6 
19-06-18 at 05:41:33:669 Send 06 
19-06-18 at 05:43:34:806 Send 05 
19-06-18 at 05:43:34:821 Recived 15 
19-06-18 at 05:43:34:821 Send 06 
19-06-18 at 05:43:34:836 Send 02 06 FF 39 1E 00 00 00 DE 
19-06-18 at 05:43:34:851 Recived 06 02 10 FF 39 00 00 00 00 00 00 00 00 00 00 00 00 00 00 D6 
19-06-18 at 05:43:34:866 Send 06 
19-06-18 at 05:45:36:004 Send 05 
19-06-18 at 05:45:36:019 Recived 15 
19-06-18 at 05:45:36:019 Send 06 
19-06-18 at 05:45:36:034 Send 02 06 FF 39 1E 00 00 00 DE 
19-06-18 at 05:45:36:049 Recived 06 02 10 FF 39 00 00 00 00 00 00 00 00 00 00 00 00 00 00 D6 
19-06-18 at 05:45:36:064 Send 06 
19-06-18 at 05:47:37:201 Send 05 
19-06-18 at 05:47:37:216 Recived 15 
19-06-18 at 05:47:37:216 Send 06 
19-06-18 at 05:47:37:231 Send 02 06 FF 39 1E 00 00 00 DE 
19-06-18 at 05:47:37:246 Recived 06 02 10 FF 39 00 00 00 00 00 00 00 00 00 00 00 00 00 00 D6 
19-06-18 at 05:47:37:261 Send 06 
19-06-18 at 05:49:38:398 Send 05 
19-06-18 at 05:49:38:413 Recived 15 
19-06-18 at 05:49:38:413 Send 06 
19-06-18 at 05:49:38:428 Send 02 06 FF 39 1E 00 00 00 DE 
19-06-18 at 05:49:38:443 Recived 06 02 10 FF 39 00 00 00 00 00 00 00 00 00 00 00 00 00 00 D6 
19-06-18 at 05:49:38:458 Send 06 
19-06-18 at 05:51:39:595 Send 05 
19-06-18 at 05:51:39:610 Recived 15 
19-06-18 at 05:51:39:610 Send 06 
19-06-18 at 05:51:39:625 Send 02 06 FF 39 1E 00 00 00 DE 
19-06-18 at 05:51:39:640 Recived 06 02 10 FF 39 00 00 00 00 00 00 00 00 00 00 00 00 00 00 D6 
19-06-18 at 05:51:39:655 Send 06 
19-06-18 at 05:53:40:792 Send 05 
19-06-18 at 05:53:40:807 Recived 15 
19-06-18 at 05:53:40:807 Send 06 
19-06-18 at 05:53:40:822 Send 02 06 FF 39 1E 00 00 00 DE 
19-06-18 at 05:53:40:837 Recived 06 02 10 FF 39 00 00 00 00 00 00 00 00 00 00 00 00 00 00 D6 
19-06-18 at 05:53:40:852 Send 06 
19-06-18 at 05:55:41:989 Send 05 
19-06-18 at 05:55:42:004 Recived 15 
19-06-18 at 05:55:42:004 Send 06 
19-06-18 at 05:55:42:019 Send 02 06 FF 39 1E 00 00 00 DE 
19-06-18 at 05:55:42:034 Recived 06 02 10 FF 39 00 00 00 00 00 00 00 00 00 00 00 00 00 00 D6 
19-06-18 at 05:55:42:049 Send 06 
19-06-18 at 05:57:43:186 Send 05 
19-06-18 at 05:57:43:201 Recived 15 
19-06-18 at 05:57:43:201 Send 06 
19-06-18 at 05:57:43:216 Send 02 06 FF 39 1E 00 00 00 DE 
19-06-18 at 05:57:43:231 Recived 06 02 10 FF 39 00 00 00 00 00 00 00 00 00 00 00 00 00 00 D6 
19-06-18 at 05:57:43:246 Send 06 
19-06-18 at 05:59:44:383 Send 05 
19-06-18 at 05:59:44:398 Recived 15 
19-06-18 at 05:59:44:398 Send 06 
19-06-18 at 05:59:44:413 Send 02 06 FF 39 1E 00 00 00 DE 
19-06-18 at 05:59:44:428 Recived 06 02 10 FF 39 00 00 00 00 00 00 00 00 00 00 00 00 00 00 D6 
19-06-18 at 05:59:44:443 Send 06 
19-06-18 at 06:01:45:581 Send 05 
19-06-18 at 06:01:45:596 Recived 15 
19-06-18 at 06:01:45:596 Send 06 
19-06-18 at 06:01:45:611 Send 02 06 FF 39 1E 00 00 00 DE 
19-06-18 at 06:01:45:626 Recived 06 02 10 FF 39 00 00 00 00 00 00 00 00 00 00 00 00 00 00 D6 
19-06-18 at 06:01:45:641 Send 06 
19-06-18 at 06:03:46:778 Send 05 
19-06-18 at 06:03:46:793 Recived 15 
19-06-18 at 06:03:46:793 Send 06 
19-06-18 at 06:03:46:808 Send 02 06 FF 39 1E 00 00 00 DE 
19-06-18 at 06:03:46:823 Recived 06 02 10 FF 39 00 00 00 00 00 00 00 00 00 00 00 00 00 00 D6 
19-06-18 at 06:03:46:838 Send 06 
19-06-18 at 06:05:47:975 Send 05 
19-06-18 at 06:05:47:990 Recived 15 
19-06-18 at 06:05:47:990 Send 06 
19-06-18 at 06:05:48:005 Send 02 06 FF 39 1E 00 00 00 DE 
19-06-18 at 06:05:48:020 Recived 06 02 10 FF 39 00 00 00 00 00 00 00 00 00 00 00 00 00 00 D6 
19-06-18 at 06:05:48:035 Send 06 
19-06-18 at 06:07:49:172 Send 05 
19-06-18 at 06:07:49:187 Recived 15 
19-06-18 at 06:07:49:187 Send 06 
19-06-18 at 06:07:49:202 Send 02 06 FF 39 1E 00 00 00 DE 
19-06-18 at 06:07:49:217 Recived 06 02 10 FF 39 00 00 00 00 00 00 00 00 00 00 00 00 00 00 D6 
19-06-18 at 06:07:49:232 Send 06 
19-06-18 at 06:09:50:369 Send 05 
19-06-18 at 06:09:50:384 Recived 15 
19-06-18 at 06:09:50:384 Send 06 
19-06-18 at 06:09:50:399 Send 02 06 FF 39 1E 00 00 00 DE 
19-06-18 at 06:09:50:414 Recived 06 02 10 FF 39 00 00 00 00 00 00 00 00 00 00 00 00 00 00 D6 
19-06-18 at 06:09:50:429 Send 06 
19-06-18 at 06:11:51:566 Send 05 
19-06-18 at 06:11:51:581 Recived 15 
19-06-18 at 06:11:51:581 Send 06 
19-06-18 at 06:11:51:596 Send 02 06 FF 39 1E 00 00 00 DE 
19-06-18 at 06:11:51:611 Recived 06 02 10 FF 39 00 00 00 00 00 00 00 00 00 00 00 00 00 00 D6 
19-06-18 at 06:11:51:626 Send 06 
19-06-18 at 06:13:52:763 Send 05 
19-06-18 at 06:13:52:778 Recived 15 
19-06-18 at 06:13:52:778 Send 06 
19-06-18 at 06:13:52:793 Send 02 06 FF 39 1E 00 00 00 DE 
19-06-18 at 06:13:52:808 Recived 06 02 10 FF 39 00 00 00 00 00 00 00 00 00 00 00 00 00 00 D6 
19-06-18 at 06:13:52:823 Send 06 
19-06-18 at 06:15:53:960 Send 05 
19-06-18 at 06:15:53:975 Recived 15 
19-06-18 at 06:15:53:975 Send 06 
19-06-18 at 06:15:53:990 Send 02 06 FF 39 1E 00 00 00 DE 
19-06-18 at 06:15:54:005 Recived 06 02 10 FF 39 00 00 00 00 00 00 00 00 00 00 00 00 00 00 D6 
19-06-18 at 06:15:54:020 Send 06 
19-06-18 at 06:17:55:157 Send 05 
19-06-18 at 06:17:55:172 Recived 15 
19-06-18 at 06:17:55:172 Send 06 
19-06-18 at 06:17:55:187 Send 02 06 FF 39 1E 00 00 00 DE 
19-06-18 at 06:17:55:202 Recived 06 02 10 FF 39 00 00 00 00 00 00 00 00 00 00 00 00 00 00 D6 
19-06-18 at 06:17:55:217 Send 06 
19-06-18 at 06:19:56:355 Send 05 
19-06-18 at 06:19:56:370 Recived 15 
19-06-18 at 06:19:56:370 Send 06 
19-06-18 at 06:19:56:385 Send 02 06 FF 39 1E 00 00 00 DE 
19-06-18 at 06:19:56:400 Recived 06 02 10 FF 39 00 00 00 00 00 00 00 00 00 00 00 00 00 00 D6 
19-06-18 at 06:19:56:415 Send 06 
19-06-18 at 06:21:57:552 Send 05 
19-06-18 at 06:21:57:567 Recived 15 
19-06-18 at 06:21:57:567 Send 06 
19-06-18 at 06:21:57:582 Send 02 06 FF 39 1E 00 00 00 DE 
19-06-18 at 06:21:57:597 Recived 06 02 10 FF 39 00 00 00 00 00 00 00 00 00 00 00 00 00 00 D6 
19-06-18 at 06:21:57:612 Send 06 
19-06-18 at 06:23:58:749 Send 05 
19-06-18 at 06:23:58:764 Recived 15 
19-06-18 at 06:23:58:764 Send 06 
19-06-18 at 06:23:58:779 Send 02 06 FF 39 1E 00 00 00 DE 
19-06-18 at 06:23:58:794 Recived 06 02 10 FF 39 00 00 00 00 00 00 00 00 00 00 00 00 00 00 D6 
19-06-18 at 06:23:58:809 Send 06 
19-06-18 at 06:25:59:946 Send 05 
19-06-18 at 06:25:59:961 Recived 15 
19-06-18 at 06:25:59:961 Send 06 
19-06-18 at 06:25:59:976 Send 02 06 FF 39 1E 00 00 00 DE 
19-06-18 at 06:25:59:991 Recived 06 02 10 FF 39 00 00 00 00 00 00 00 00 00 00 00 00 00 00 D6 
19-06-18 at 06:26:00:006 Send 06 
19-06-18 at 06:28:01:143 Send 05 
19-06-18 at 06:28:01:158 Recived 15 
19-06-18 at 06:28:01:158 Send 06 
19-06-18 at 06:28:01:173 Send 02 06 FF 39 1E 00 00 00 DE 
19-06-18 at 06:28:01:188 Recived 06 02 10 FF 39 00 00 00 00 00 00 00 00 00 00 00 00 00 00 D6 
19-06-18 at 06:28:01:203 Send 06 
19-06-18 at 06:30:02:340 Send 05 
19-06-18 at 06:30:02:355 Recived 15 
19-06-18 at 06:30:02:355 Send 06 
19-06-18 at 06:30:02:370 Send 02 06 FF 39 1E 00 00 00 DE 
19-06-18 at 06:30:02:385 Recived 06 02 10 FF 39 00 00 00 00 00 00 00 00 00 00 00 00 00 00 D6 
19-06-18 at 06:30:02:400 Send 06 
19-06-18 at 06:32:03:537 Send 05 
19-06-18 at 06:32:03:552 Recived 15 
19-06-18 at 06:32:03:552 Send 06 
19-06-18 at 06:32:03:567 Send 02 06 FF 39 1E 00 00 00 DE 
19-06-18 at 06:32:03:582 Recived 06 02 10 FF 39 00 00 00 00 00 00 00 00 00 00 00 00 00 00 D6 
19-06-18 at 06:32:03:597 Send 06 
19-06-18 at 06:34:04:734 Send 05 
19-06-18 at 06:34:04:749 Recived 15 
19-06-18 at 06:34:04:749 Send 06 
19-06-18 at 06:34:04:764 Send 02 06 FF 39 1E 00 00 00 DE 
19-06-18 at 06:34:04:779 Recived 06 02 10 FF 39 00 00 00 00 00 00 00 00 00 00 00 00 00 00 D6 
19-06-18 at 06:34:04:794 Send 06 
19-06-18 at 06:36:05:932 Send 05 
19-06-18 at 06:36:05:947 Recived 15 
19-06-18 at 06:36:05:947 Send 06 
19-06-18 at 06:36:05:962 Send 02 06 FF 39 1E 00 00 00 DE 
19-06-18 at 06:36:05:977 Recived 06 02 10 FF 39 00 00 00 00 00 00 00 00 00 00 00 00 00 00 D6 
19-06-18 at 06:36:05:992 Send 06 
19-06-18 at 06:38:07:129 Send 05 
19-06-18 at 06:38:07:144 Recived 15 
19-06-18 at 06:38:07:144 Send 06 
19-06-18 at 06:38:07:159 Send 02 06 FF 39 1E 00 00 00 DE 
19-06-18 at 06:38:07:174 Recived 06 02 10 FF 39 00 00 00 00 00 00 00 00 00 00 00 00 00 00 D6 
19-06-18 at 06:38:07:189 Send 06 
19-06-18 at 06:40:08:326 Send 05 
19-06-18 at 06:40:08:341 Recived 15 
19-06-18 at 06:40:08:341 Send 06 
19-06-18 at 06:40:08:356 Send 02 06 FF 39 1E 00 00 00 DE 
19-06-18 at 06:40:08:371 Recived 06 02 10 FF 39 00 00 00 00 00 00 00 00 00 00 00 00 00 00 D6 
19-06-18 at 06:40:08:386 Send 06 
19-06-18 at 06:42:09:523 Send 05 
19-06-18 at 06:42:09:538 Recived 15 
19-06-18 at 06:42:09:538 Send 06 
19-06-18 at 06:42:09:553 Send 02 06 FF 39 1E 00 00 00 DE 
19-06-18 at 06:42:09:568 Recived 06 02 10 FF 39 00 00 00 00 00 00 00 00 00 00 00 00 00 00 D6 
19-06-18 at 06:42:09:583 Send 06 
19-06-18 at 06:44:10:722 Send 05 
19-06-18 at 06:44:10:737 Recived 15 
19-06-18 at 06:44:10:737 Send 06 
19-06-18 at 06:44:10:752 Send 02 06 FF 39 1E 00 00 00 DE 
19-06-18 at 06:44:10:767 Recived 06 02 10 FF 39 00 00 00 00 00 00 00 00 00 00 00 00 00 00 D6 
19-06-18 at 06:44:10:782 Send 06 
19-06-18 at 06:46:11:921 Send 05 
19-06-18 at 06:46:11:936 Recived 15 
19-06-18 at 06:46:11:936 Send 06 
19-06-18 at 06:46:11:951 Send 02 06 FF 39 1E 00 00 00 DE 
19-06-18 at 06:46:11:966 Recived 06 02 10 FF 39 00 00 00 00 00 00 00 00 00 00 00 00 00 00 D6 
19-06-18 at 06:46:11:981 Send 06 
19-06-18 at 06:48:13:134 Send 05 
19-06-18 at 06:48:13:149 Recived 15 
19-06-18 at 06:48:13:149 Send 06 
19-06-18 at 06:48:13:164 Send 02 06 FF 39 1E 00 00 00 DE 
19-06-18 at 06:48:13:179 Recived 06 02 10 FF 39 00 00 00 00 00 00 00 00 00 00 00 00 00 00 D6 
19-06-18 at 06:48:13:194 Send 06 
19-06-18 at 06:50:14:331 Send 05 
19-06-18 at 06:50:14:346 Recived 15 
19-06-18 at 06:50:14:346 Send 06 
19-06-18 at 06:50:14:361 Send 02 06 FF 39 1E 00 00 00 DE 
19-06-18 at 06:50:14:376 Recived 06 02 10 FF 39 00 00 00 00 00 00 00 00 00 00 00 00 00 00 D6 
19-06-18 at 06:50:14:391 Send 06 
19-06-18 at 06:52:15:529 Send 05 
19-06-18 at 06:52:15:544 Recived 15 
19-06-18 at 06:52:15:544 Send 06 
19-06-18 at 06:52:15:559 Send 02 06 FF 39 1E 00 00 00 DE 
19-06-18 at 06:52:15:574 Recived 06 02 10 FF 39 00 00 00 00 00 00 00 00 00 00 00 00 00 00 D6 
19-06-18 at 06:52:15:589 Send 06 
19-06-18 at 06:54:16:726 Send 05 
19-06-18 at 06:54:16:741 Recived 15 
19-06-18 at 06:54:16:741 Send 06 
19-06-18 at 06:54:16:756 Send 02 06 FF 39 1E 00 00 00 DE 
19-06-18 at 06:54:16:771 Recived 06 02 10 FF 39 00 00 00 00 00 00 00 00 00 00 00 00 00 00 D6 
19-06-18 at 06:54:16:786 Send 06 
19-06-18 at 06:56:17:923 Send 05 
19-06-18 at 06:56:17:938 Recived 15 
19-06-18 at 06:56:17:938 Send 06 
19-06-18 at 06:56:17:953 Send 02 06 FF 39 1E 00 00 00 DE 
19-06-18 at 06:56:17:968 Recived 06 02 10 FF 39 00 00 00 00 00 00 00 00 00 00 00 00 00 00 D6 
19-06-18 at 06:56:17:983 Send 06 
19-06-18 at 06:58:19:120 Send 05 
19-06-18 at 06:58:19:135 Recived 15 
19-06-18 at 06:58:19:135 Send 06 
19-06-18 at 06:58:19:150 Send 02 06 FF 39 1E 00 00 00 DE 
19-06-18 at 06:58:19:165 Recived 06 02 10 FF 39 00 00 00 00 00 00 00 00 00 00 00 00 00 00 D6 
19-06-18 at 06:58:19:180 Send 06 
19-06-18 at 07:00:20:318 Send 05 
19-06-18 at 07:00:20:333 Recived 15 
19-06-18 at 07:00:20:333 Send 06 
19-06-18 at 07:00:20:348 Send 02 06 FF 39 1E 00 00 00 DE 
19-06-18 at 07:00:20:363 Recived 06 02 10 FF 39 00 00 00 00 00 00 00 00 00 00 00 00 00 00 D6 
19-06-18 at 07:00:20:378 Send 06 
19-06-18 at 07:02:21:516 Send 05 
19-06-18 at 07:02:21:531 Recived 15 
19-06-18 at 07:02:21:531 Send 06 
19-06-18 at 07:02:21:546 Send 02 06 FF 39 1E 00 00 00 DE 
19-06-18 at 07:02:21:561 Recived 06 02 10 FF 39 00 00 00 00 00 00 00 00 00 00 00 00 00 00 D6 
19-06-18 at 07:02:21:576 Send 06 
19-06-18 at 07:04:22:713 Send 05 
19-06-18 at 07:04:22:728 Recived 15 
19-06-18 at 07:04:22:728 Send 06 
19-06-18 at 07:04:22:743 Send 02 06 FF 39 1E 00 00 00 DE 
19-06-18 at 07:04:22:758 Recived 06 02 10 FF 39 00 00 00 00 00 00 00 00 00 00 00 00 00 00 D6 
19-06-18 at 07:04:22:773 Send 06 
19-06-18 at 07:06:23:910 Send 05 
19-06-18 at 07:06:23:925 Recived 15 
19-06-18 at 07:06:23:925 Send 06 
19-06-18 at 07:06:23:940 Send 02 06 FF 39 1E 00 00 00 DE 
19-06-18 at 07:06:23:955 Recived 06 02 10 FF 39 00 00 00 00 00 00 00 00 00 00 00 00 00 00 D6 
19-06-18 at 07:06:23:970 Send 06 
19-06-18 at 07:08:25:107 Send 05 
19-06-18 at 07:08:25:122 Recived 15 
19-06-18 at 07:08:25:122 Send 06 
19-06-18 at 07:08:25:137 Send 02 06 FF 39 1E 00 00 00 DE 
19-06-18 at 07:08:25:152 Recived 06 02 10 FF 39 00 00 00 00 00 00 00 00 00 00 00 00 00 00 D6 
19-06-18 at 07:08:25:167 Send 06 
19-06-18 at 07:10:26:305 Send 05 
19-06-18 at 07:10:26:320 Recived 15 
19-06-18 at 07:10:26:320 Send 06 
19-06-18 at 07:10:26:335 Send 02 06 FF 39 1E 00 00 00 DE 
19-06-18 at 07:10:26:350 Recived 06 02 10 FF 39 00 00 00 00 00 00 00 00 00 00 00 00 00 00 D6 
19-06-18 at 07:10:26:365 Send 06 
19-06-18 at 07:12:27:502 Send 05 
19-06-18 at 07:12:27:517 Recived 15 
19-06-18 at 07:12:27:517 Send 06 
19-06-18 at 07:12:27:532 Send 02 06 FF 39 1E 00 00 00 DE 
19-06-18 at 07:12:27:547 Recived 06 02 10 FF 39 00 00 00 00 00 00 00 00 00 00 00 00 00 00 D6 
19-06-18 at 07:12:27:562 Send 06 
19-06-18 at 07:14:28:699 Send 05 
19-06-18 at 07:14:28:714 Recived 15 
19-06-18 at 07:14:28:714 Send 06 
19-06-18 at 07:14:28:729 Send 02 06 FF 39 1E 00 00 00 DE 
19-06-18 at 07:14:28:744 Recived 06 02 10 FF 39 00 00 00 00 00 00 00 00 00 00 00 00 00 00 D6 
19-06-18 at 07:14:28:759 Send 06 
19-06-18 at 07:16:29:896 Send 05 
19-06-18 at 07:16:29:911 Recived 15 
19-06-18 at 07:16:29:911 Send 06 
19-06-18 at 07:16:29:926 Send 02 06 FF 39 1E 00 00 00 DE 
19-06-18 at 07:16:29:941 Recived 06 02 10 FF 39 00 00 00 00 00 00 00 00 00 00 00 00 00 00 D6 
19-06-18 at 07:16:29:956 Send 06 
19-06-18 at 07:18:31:093 Send 05 
19-06-18 at 07:18:31:108 Recived 15 
19-06-18 at 07:18:31:108 Send 06 
19-06-18 at 07:18:31:123 Send 02 06 FF 39 1E 00 00 00 DE 
19-06-18 at 07:18:31:138 Recived 06 02 10 FF 39 00 00 00 00 00 00 00 00 00 00 00 00 00 00 D6 
19-06-18 at 07:18:31:153 Send 06 
19-06-18 at 07:20:32:290 Send 05 
19-06-18 at 07:20:32:305 Recived 15 
19-06-18 at 07:20:32:305 Send 06 
19-06-18 at 07:20:32:320 Send 02 06 FF 39 1E 00 00 00 DE 
19-06-18 at 07:20:32:335 Recived 06 02 10 FF 39 00 00 00 00 00 00 00 00 00 00 00 00 00 00 D6 
19-06-18 at 07:20:32:350 Send 06 
19-06-18 at 07:22:33:487 Send 05 
19-06-18 at 07:22:33:502 Recived 15 
19-06-18 at 07:22:33:502 Send 06 
19-06-18 at 07:22:33:517 Send 02 06 FF 39 1E 00 00 00 DE 
19-06-18 at 07:22:33:532 Recived 06 02 10 FF 39 00 00 00 00 00 00 00 00 00 00 00 00 00 00 D6 
19-06-18 at 07:22:33:547 Send 06 
19-06-18 at 07:24:34:684 Send 05 
19-06-18 at 07:24:34:699 Recived 15 
19-06-18 at 07:24:34:699 Send 06 
19-06-18 at 07:24:34:714 Send 02 06 FF 39 1E 00 00 00 DE 
19-06-18 at 07:24:34:729 Recived 06 02 10 FF 39 00 00 00 00 00 00 00 00 00 00 00 00 00 00 D6 
19-06-18 at 07:24:34:744 Send 06 
19-06-18 at 07:26:35:882 Send 05 
19-06-18 at 07:26:35:897 Recived 15 
19-06-18 at 07:26:35:897 Send 06 
19-06-18 at 07:26:35:912 Send 02 06 FF 39 1E 00 00 00 DE 
19-06-18 at 07:26:35:927 Recived 06 02 10 FF 39 00 00 00 00 00 00 00 00 00 00 00 00 00 00 D6 
19-06-18 at 07:26:35:942 Send 06 
19-06-18 at 07:28:37:079 Send 05 
19-06-18 at 07:28:37:094 Recived 15 
19-06-18 at 07:28:37:094 Send 06 
19-06-18 at 07:28:37:109 Send 02 06 FF 39 1E 00 00 00 DE 
19-06-18 at 07:28:37:124 Recived 06 02 10 FF 39 00 00 00 00 00 00 00 00 00 00 00 00 00 00 D6 
19-06-18 at 07:28:37:139 Send 06 
19-06-18 at 07:30:38:276 Send 05 
19-06-18 at 07:30:38:291 Recived 15 
19-06-18 at 07:30:38:291 Send 06 
19-06-18 at 07:30:38:306 Send 02 06 FF 39 1E 00 00 00 DE 
19-06-18 at 07:30:38:321 Recived 06 02 10 FF 39 00 00 00 00 00 00 00 00 00 00 00 00 00 00 D6 
19-06-18 at 07:30:38:336 Send 06 
19-06-18 at 07:32:39:473 Send 05 
19-06-18 at 07:32:39:488 Recived 15 
19-06-18 at 07:32:39:488 Send 06 
19-06-18 at 07:32:39:503 Send 02 06 FF 39 1E 00 00 00 DE 
19-06-18 at 07:32:39:518 Recived 06 02 10 FF 39 00 00 00 00 00 00 00 00 00 00 00 00 00 00 D6 
19-06-18 at 07:32:39:533 Send 06 
19-06-18 at 07:34:40:670 Send 05 
19-06-18 at 07:34:40:685 Recived 15 
19-06-18 at 07:34:40:685 Send 06 
19-06-18 at 07:34:40:700 Send 02 06 FF 39 1E 00 00 00 DE 
19-06-18 at 07:34:40:715 Recived 06 02 10 FF 39 00 00 00 00 00 00 00 00 00 00 00 00 00 00 D6 
19-06-18 at 07:34:40:730 Send 06 
19-06-18 at 07:36:41:867 Send 05 
19-06-18 at 07:36:41:882 Recived 15 
19-06-18 at 07:36:41:882 Send 06 
19-06-18 at 07:36:41:897 Send 02 06 FF 39 1E 00 00 00 DE 
19-06-18 at 07:36:41:912 Recived 06 02 10 FF 39 00 00 00 00 00 00 00 00 00 00 00 00 00 00 D6 
19-06-18 at 07:36:41:927 Send 06 
19-06-18 at 07:38:43:065 Send 05 
19-06-18 at 07:38:43:080 Recived 15 
19-06-18 at 07:38:43:080 Send 06 
19-06-18 at 07:38:43:095 Send 02 06 FF 39 1E 00 00 00 DE 
19-06-18 at 07:38:43:110 Recived 06 02 10 FF 39 00 00 00 00 00 00 00 00 00 00 00 00 00 00 D6 
19-06-18 at 07:38:43:125 Send 06 
19-06-18 at 07:40:44:262 Send 05 
19-06-18 at 07:40:44:277 Recived 15 
19-06-18 at 07:40:44:277 Send 06 
19-06-18 at 07:40:44:292 Send 02 06 FF 39 1E 00 00 00 DE 
19-06-18 at 07:40:44:307 Recived 06 02 10 FF 39 00 00 00 00 00 00 00 00 00 00 00 00 00 00 D6 
19-06-18 at 07:40:44:322 Send 06 
19-06-18 at 07:42:45:459 Send 05 
19-06-18 at 07:42:45:474 Recived 15 
19-06-18 at 07:42:45:474 Send 06 
19-06-18 at 07:42:45:489 Send 02 06 FF 39 1E 00 00 00 DE 
19-06-18 at 07:42:45:504 Recived 06 02 10 FF 39 00 00 00 00 00 00 00 00 00 00 00 00 00 00 D6 
19-06-18 at 07:42:45:519 Send 06 
19-06-18 at 07:44:46:657 Send 05 
19-06-18 at 07:44:46:672 Recived 15 
19-06-18 at 07:44:46:672 Send 06 
19-06-18 at 07:44:46:687 Send 02 06 FF 39 1E 00 00 00 DE 
19-06-18 at 07:44:46:702 Recived 06 02 10 FF 39 00 00 00 00 00 00 00 00 00 00 00 00 00 00 D6 
19-06-18 at 07:44:46:717 Send 06 
19-06-18 at 07:46:47:854 Send 05 
19-06-18 at 07:46:47:869 Recived 15 
19-06-18 at 07:46:47:869 Send 06 
19-06-18 at 07:46:47:884 Send 02 06 FF 39 1E 00 00 00 DE 
19-06-18 at 07:46:47:899 Recived 06 02 10 FF 39 00 00 00 00 00 00 00 00 00 00 00 00 00 00 D6 
19-06-18 at 07:46:47:914 Send 06 
19-06-18 at 07:48:49:051 Send 05 
19-06-18 at 07:48:49:066 Recived 15 
19-06-18 at 07:48:49:066 Send 06 
19-06-18 at 07:48:49:081 Send 02 06 FF 39 1E 00 00 00 DE 
19-06-18 at 07:48:49:096 Recived 06 02 10 FF 39 00 00 00 00 00 00 00 00 00 00 00 00 00 00 D6 
19-06-18 at 07:48:49:111 Send 06 
19-06-18 at 07:50:50:248 Send 05 
19-06-18 at 07:50:50:263 Recived 15 
19-06-18 at 07:50:50:263 Send 06 
19-06-18 at 07:50:50:278 Send 02 06 FF 39 1E 00 00 00 DE 
19-06-18 at 07:50:50:293 Recived 06 02 10 FF 39 00 00 00 00 00 00 00 00 00 00 00 00 00 00 D6 
19-06-18 at 07:50:50:308 Send 06 
19-06-18 at 07:52:51:445 Send 05 
19-06-18 at 07:52:51:460 Recived 15 
19-06-18 at 07:52:51:460 Send 06 
19-06-18 at 07:52:51:475 Send 02 06 FF 39 1E 00 00 00 DE 
19-06-18 at 07:52:51:490 Recived 06 02 10 FF 39 00 00 00 00 00 00 00 00 00 00 00 00 00 00 D6 
19-06-18 at 07:52:51:505 Send 06 
19-06-18 at 07:54:52:642 Send 05 
19-06-18 at 07:54:52:657 Recived 15 
19-06-18 at 07:54:52:657 Send 06 
19-06-18 at 07:54:52:672 Send 02 06 FF 39 1E 00 00 00 DE 
19-06-18 at 07:54:52:687 Recived 06 02 10 FF 39 00 00 00 00 00 00 00 00 00 00 00 00 00 00 D6 
19-06-18 at 07:54:52:702 Send 06 
19-06-18 at 07:56:53:839 Send 05 
19-06-18 at 07:56:53:854 Recived 15 
19-06-18 at 07:56:53:854 Send 06 
19-06-18 at 07:56:53:869 Send 02 06 FF 39 1E 00 00 00 DE 
19-06-18 at 07:56:53:884 Recived 06 02 10 FF 39 00 00 00 00 00 00 00 00 00 00 00 00 00 00 D6 
19-06-18 at 07:56:53:899 Send 06 
19-06-18 at 07:58:55:036 Send 05 
19-06-18 at 07:58:55:051 Recived 15 
19-06-18 at 07:58:55:051 Send 06 
19-06-18 at 07:58:55:066 Send 02 06 FF 39 1E 00 00 00 DE 
19-06-18 at 07:58:55:081 Recived 06 02 10 FF 39 00 00 00 00 00 00 00 00 00 00 00 00 00 00 D6 
19-06-18 at 07:58:55:096 Send 06 
19-06-18 at 08:00:56:234 Send 05 
19-06-18 at 08:00:56:249 Recived 15 
19-06-18 at 08:00:56:249 Send 06 
19-06-18 at 08:00:56:264 Send 02 06 FF 39 1E 00 00 00 DE 
19-06-18 at 08:00:56:279 Recived 06 02 10 FF 39 00 00 00 00 00 00 00 00 00 00 00 00 00 00 D6 
19-06-18 at 08:00:56:294 Send 06 
19-06-18 at 08:02:57:433 Send 05 
19-06-18 at 08:02:57:448 Recived 15 
19-06-18 at 08:02:57:448 Send 06 
19-06-18 at 08:02:57:463 Send 02 06 FF 39 1E 00 00 00 DE 
19-06-18 at 08:02:57:478 Recived 06 02 10 FF 39 00 00 00 00 00 00 00 00 00 00 00 00 00 00 D6 
19-06-18 at 08:02:57:493 Send 06 
19-06-18 at 08:04:58:645 Send 05 
19-06-18 at 08:04:58:660 Recived 15 
19-06-18 at 08:04:58:660 Send 06 
19-06-18 at 08:04:58:675 Send 02 06 FF 39 1E 00 00 00 DE 
19-06-18 at 08:04:58:690 Recived 06 02 10 FF 39 00 00 00 00 00 00 00 00 00 00 00 00 00 00 D6 
19-06-18 at 08:04:58:705 Send 06 
19-06-18 at 08:06:59:842 Send 05 
19-06-18 at 08:06:59:857 Recived 15 
19-06-18 at 08:06:59:857 Send 06 
19-06-18 at 08:06:59:872 Send 02 06 FF 39 1E 00 00 00 DE 
19-06-18 at 08:06:59:887 Recived 06 02 10 FF 39 00 00 00 00 00 00 00 00 00 00 00 00 00 00 D6 
19-06-18 at 08:06:59:902 Send 06 
19-06-18 at 08:09:01:039 Send 05 
19-06-18 at 08:09:01:054 Recived 15 
19-06-18 at 08:09:01:054 Send 06 
19-06-18 at 08:09:01:069 Send 02 06 FF 39 1E 00 00 00 DE 
19-06-18 at 08:09:01:084 Recived 06 02 10 FF 39 00 00 00 00 00 00 00 00 00 00 00 00 00 00 D6 
19-06-18 at 08:09:01:099 Send 06 
19-06-18 at 08:11:02:236 Send 05 
19-06-18 at 08:11:02:251 Recived 15 
19-06-18 at 08:11:02:251 Send 06 
19-06-18 at 08:11:02:266 Send 02 06 FF 39 1E 00 00 00 DE 
19-06-18 at 08:11:02:281 Recived 06 02 10 FF 39 00 00 00 00 00 00 00 00 00 00 00 00 00 00 D6 
19-06-18 at 08:11:02:296 Send 06 
19-06-18 at 08:13:03:433 Send 05 
19-06-18 at 08:13:03:448 Recived 15 
19-06-18 at 08:13:03:448 Send 06 
19-06-18 at 08:13:03:463 Send 02 06 FF 39 1E 00 00 00 DE 
19-06-18 at 08:13:03:478 Recived 06 02 10 FF 39 00 00 00 00 00 00 00 00 00 00 00 00 00 00 D6 
19-06-18 at 08:13:03:493 Send 06 
19-06-18 at 08:15:04:630 Send 05 
19-06-18 at 08:15:04:645 Recived 15 
19-06-18 at 08:15:04:645 Send 06 
19-06-18 at 08:15:04:660 Send 02 06 FF 39 1E 00 00 00 DE 
19-06-18 at 08:15:04:675 Recived 06 02 10 FF 39 00 00 00 00 00 00 00 00 00 00 00 00 00 00 D6 
19-06-18 at 08:15:04:690 Send 06 
19-06-18 at 08:17:05:827 Send 05 
19-06-18 at 08:17:05:842 Recived 15 
19-06-18 at 08:17:05:842 Send 06 
19-06-18 at 08:17:05:857 Send 02 06 FF 39 1E 00 00 00 DE 
19-06-18 at 08:17:05:872 Recived 06 02 10 FF 39 00 00 00 00 00 00 00 00 00 00 00 00 00 00 D6 
19-06-18 at 08:17:05:887 Send 06 
19-06-18 at 08:19:07:025 Send 05 
19-06-18 at 08:19:07:040 Recived 15 
19-06-18 at 08:19:07:040 Send 06 
19-06-18 at 08:19:07:055 Send 02 06 FF 39 1E 00 00 00 DE 
19-06-18 at 08:19:07:070 Recived 06 02 10 FF 39 00 00 00 00 00 00 00 00 00 00 00 00 00 00 D6 
19-06-18 at 08:19:07:085 Send 06 
19-06-18 at 08:21:08:222 Send 05 
19-06-18 at 08:21:08:237 Recived 15 
19-06-18 at 08:21:08:237 Send 06 
19-06-18 at 08:21:08:252 Send 02 06 FF 39 1E 00 00 00 DE 
19-06-18 at 08:21:08:267 Recived 06 02 10 FF 39 00 00 00 00 00 00 00 00 00 00 00 00 00 00 D6 
19-06-18 at 08:21:08:282 Send 06 
19-06-18 at 08:23:09:419 Send 05 
19-06-18 at 08:23:09:434 Recived 15 
19-06-18 at 08:23:09:434 Send 06 
19-06-18 at 08:23:09:449 Send 02 06 FF 39 1E 00 00 00 DE 
19-06-18 at 08:23:09:464 Recived 06 02 10 FF 39 00 00 00 00 00 00 00 00 00 00 00 00 00 00 D6 
19-06-18 at 08:23:09:479 Send 06 
19-06-18 at 08:25:10:616 Send 05 
19-06-18 at 08:25:10:631 Recived 15 
19-06-18 at 08:25:10:631 Send 06 
19-06-18 at 08:25:10:646 Send 02 06 FF 39 1E 00 00 00 DE 
19-06-18 at 08:25:10:661 Recived 06 02 10 FF 39 00 00 00 00 00 00 00 00 00 00 00 00 00 00 D6 
19-06-18 at 08:25:10:676 Send 06 
19-06-18 at 08:27:11:813 Send 05 
19-06-18 at 08:27:11:828 Recived 15 
19-06-18 at 08:27:11:828 Send 06 
19-06-18 at 08:27:11:843 Send 02 06 FF 39 1E 00 00 00 DE 
19-06-18 at 08:27:11:858 Recived 06 02 10 FF 39 00 00 00 00 00 00 00 00 00 00 00 00 00 00 D6 
19-06-18 at 08:27:11:873 Send 06 
19-06-18 at 08:29:13:010 Send 05 
19-06-18 at 08:29:13:025 Recived 15 
19-06-18 at 08:29:13:025 Send 06 
19-06-18 at 08:29:13:040 Send 02 06 FF 39 1E 00 00 00 DE 
19-06-18 at 08:29:13:055 Recived 06 02 10 FF 39 00 00 00 00 00 00 00 00 00 00 00 00 00 00 D6 
19-06-18 at 08:29:13:070 Send 06 
19-06-18 at 08:31:14:207 Send 05 
19-06-18 at 08:31:14:222 Recived 15 
19-06-18 at 08:31:14:222 Send 06 
19-06-18 at 08:31:14:237 Send 02 06 FF 39 1E 00 00 00 DE 
19-06-18 at 08:31:14:252 Recived 06 02 10 FF 39 00 00 00 00 00 00 00 00 00 00 00 00 00 00 D6 
19-06-18 at 08:31:14:267 Send 06 
19-06-18 at 08:33:15:404 Send 05 
19-06-18 at 08:33:15:419 Recived 15 
19-06-18 at 08:33:15:419 Send 06 
19-06-18 at 08:33:15:434 Send 02 06 FF 39 1E 00 00 00 DE 
19-06-18 at 08:33:15:449 Recived 06 02 10 FF 39 00 00 00 00 00 00 00 00 00 00 00 00 00 00 D6 
19-06-18 at 08:33:15:464 Send 06 
19-06-18 at 08:35:16:602 Send 05 
19-06-18 at 08:35:16:617 Recived 15 
19-06-18 at 08:35:16:617 Send 06 
19-06-18 at 08:35:16:632 Send 02 06 FF 39 1E 00 00 00 DE 
19-06-18 at 08:35:16:647 Recived 06 02 10 FF 39 00 00 00 00 00 00 00 00 00 00 00 00 00 00 D6 
19-06-18 at 08:35:16:662 Send 06 
19-06-18 at 08:37:17:799 Send 05 
19-06-18 at 08:37:17:814 Recived 15 
19-06-18 at 08:37:17:814 Send 06 
19-06-18 at 08:37:17:829 Send 02 06 FF 39 1E 00 00 00 DE 
19-06-18 at 08:37:17:844 Recived 06 02 10 FF 39 00 00 00 00 00 00 00 00 00 00 00 00 00 00 D6 
19-06-18 at 08:37:17:859 Send 06 
19-06-18 at 08:39:18:996 Send 05 
19-06-18 at 08:39:19:011 Recived 15 
19-06-18 at 08:39:19:011 Send 06 
19-06-18 at 08:39:19:026 Send 02 06 FF 39 1E 00 00 00 DE 
19-06-18 at 08:39:19:041 Recived 06 02 10 FF 39 00 00 00 00 00 00 00 00 00 00 00 00 00 00 D6 
19-06-18 at 08:39:19:056 Send 06 
19-06-18 at 08:41:20:193 Send 05 
19-06-18 at 08:41:20:208 Recived 15 
19-06-18 at 08:41:20:208 Send 06 
19-06-18 at 08:41:20:223 Send 02 06 FF 39 1E 00 00 00 DE 
19-06-18 at 08:41:20:238 Recived 06 02 10 FF 39 00 00 00 00 00 00 00 00 00 00 00 00 00 00 D6 
19-06-18 at 08:41:20:253 Send 06 
19-06-18 at 08:43:21:390 Send 05 
19-06-18 at 08:43:21:405 Recived 15 
19-06-18 at 08:43:21:405 Send 06 
19-06-18 at 08:43:21:420 Send 02 06 FF 39 1E 00 00 00 DE 
19-06-18 at 08:43:21:435 Recived 06 02 10 FF 39 00 00 00 00 00 00 00 00 00 00 00 00 00 00 D6 
19-06-18 at 08:43:21:450 Send 06 
19-06-18 at 08:45:22:587 Send 05 
19-06-18 at 08:45:22:602 Recived 15 
19-06-18 at 08:45:22:602 Send 06 
19-06-18 at 08:45:22:617 Send 02 06 FF 39 1E 00 00 00 DE 
19-06-18 at 08:45:22:632 Recived 06 02 10 FF 39 00 00 00 00 00 00 00 00 00 00 00 00 00 00 D6 
19-06-18 at 08:45:22:647 Send 06 
19-06-18 at 08:47:23:785 Send 05 
19-06-18 at 08:47:23:800 Recived 15 
19-06-18 at 08:47:23:800 Send 06 
19-06-18 at 08:47:23:815 Send 02 06 FF 39 1E 00 00 00 DE 
19-06-18 at 08:47:23:830 Recived 06 02 10 FF 39 00 00 00 00 00 00 00 00 00 00 00 00 00 00 D6 
19-06-18 at 08:47:23:845 Send 06 
19-06-18 at 08:49:24:984 Send 05 
19-06-18 at 08:49:24:999 Recived 15 
19-06-18 at 08:49:24:999 Send 06 
19-06-18 at 08:49:25:014 Send 02 06 FF 39 1E 00 00 00 DE 
19-06-18 at 08:49:25:029 Recived 06 02 10 FF 39 00 00 00 00 00 00 00 00 00 00 00 00 00 00 D6 
19-06-18 at 08:49:25:044 Send 06 
19-06-18 at 08:51:00:011 total calculated
19-06-18 at 08:51:00:012 now show on display
19-06-18 at 08:51:00:013   01345-17  675:       1032.00
19-06-18 at 08:51:00:013 now clear port error ...
19-06-18 at 08:51:00:013 now write to port ...
19-06-18 at 08:51:00:147 ... done
19-06-18 at 08:51:00:148 total calculated
19-06-18 at 08:51:00:150 now show on display
19-06-18 at 08:51:00:151   01345-17  675:       1032.00
19-06-18 at 08:51:00:151 now clear port error ...
19-06-18 at 08:51:00:151 now write to port ...
19-06-18 at 08:51:00:319 ... done
19-06-18 at 08:51:00:320 111
19-06-18 at 08:51:00:321   
19-06-18 at 08:52:07:483  .    
19-06-18 at 08:52:07:483  .
19-06-18 at 08:52:07:484 total calculated
19-06-18 at 08:52:07:484 now show on display
19-06-18 at 08:52:07:484                     :       1032.00
19-06-18 at 08:52:07:485 now open port for display
19-06-18 at 08:52:07:486 Com port opened
19-06-18 at 08:52:07:486 now clear port error ...
19-06-18 at 08:52:07:486 now write to port ...
19-06-18 at 08:52:07:619 ... done
19-06-18 at 08:52:07:620  
19-06-18 at 08:52:07:620   
19-06-18 at 08:52:07:621  
19-06-18 at 08:52:07:621    
19-06-18 at 08:52:07:621  
19-06-18 at 08:52:07:622  
19-06-18 at 08:52:07:622  
19-06-18 at 08:52:07:623  
19-06-18 at 08:52:07:623  
19-06-18 at 08:52:07:623  
19-06-18 at 08:52:07:623  
19-06-18 at 08:52:07:625   
19-06-18 at 08:52:07:625   FRInit
19-06-18 at 08:52:07:625   GetStatus
19-06-18 at 08:52:07:653 Send 05 
19-06-18 at 08:52:07:668 Recived 15 
19-06-18 at 08:52:07:668 Send 06 
19-06-18 at 08:52:07:683 Send 02 05 11 1E 00 00 00 0A 
19-06-18 at 08:52:07:698 Recived 06 02 30 11 00 1E 43 31 1C B3 14 0C 11 01 BA 00 B2 02 02 00 00 4E 41 00 00 01 01 10 13 06 12 08 34 06 00 2E 5D 00 00 2D 00 00 00 00 00 EF 95 10 42 01 00 B7 
19-06-18 at 08:52:07:713 Send 06 
19-06-18 at 08:52:07:718 KKMStatus 0000
19-06-18 at 08:52:07:728 Send 05 
19-06-18 at 08:52:07:743 Recived 15 
19-06-18 at 08:52:07:743 Send 06 
19-06-18 at 08:52:07:758 Send 02 05 11 1E 00 00 00 0A 
19-06-18 at 08:52:07:773 Recived 06 02 30 11 00 1E 43 31 1C B3 14 0C 11 01 BA 00 B2 02 02 00 00 4E 41 00 00 01 01 10 13 06 12 08 34 06 00 2E 5D 00 00 2D 00 00 00 00 00 EF 95 10 42 01 00 B7 
19-06-18 at 08:52:07:788 Send 06 
19-06-18 at 08:52:07:793 KKMStatus 0200
19-06-18 at 08:52:07:793   
19-06-18 at 08:52:07:965  
19-06-18 at 08:52:07:978 Send 05 
19-06-18 at 08:52:07:993 Recived 15 
19-06-18 at 08:52:07:993 Send 06 
19-06-18 at 08:52:08:008 Send 02 17 1E 1E 00 00 00 05 03 00 01 CA 41 D0 D2 CE C9 20 56 49 53 41 2F 4D 43 92 
19-06-18 at 08:52:08:024 Recived 06 02 02 1E 00 1C 
19-06-18 at 08:52:08:039 Send 06 
19-06-18 at 08:52:08:054 Send 05 
19-06-18 at 08:52:08:069 Recived 15 
19-06-18 at 08:52:08:069 Send 06 
19-06-18 at 08:52:08:084 Send 02 18 1E 1E 00 00 00 05 04 00 01 C4 D0 D3 C3 C8 CC C8 20 CA C0 D0 D2 C0 CC C8 3C 
19-06-18 at 08:52:08:100 Recived 06 02 02 1E 00 1C 
19-06-18 at 08:52:08:115 Send 06 
19-06-18 at 08:52:08:130 Send 05 
19-06-18 at 08:52:08:145 Recived 15 
19-06-18 at 08:52:08:145 Send 06 
19-06-18 at 08:52:08:160 Send 02 0A 1E 1E 00 00 00 01 01 00 01 01 0A 
19-06-18 at 08:52:08:175 Recived 06 02 02 1E 00 1C 
19-06-18 at 08:52:08:190 Send 06 
19-06-18 at 08:52:08:205 Send 05 
19-06-18 at 08:52:08:220 Recived 15 
19-06-18 at 08:52:08:220 Send 06 
19-06-18 at 08:52:08:235 Send 02 0A 1E 1E 00 00 00 01 01 00 05 02 0D 
19-06-18 at 08:52:08:250 Recived 06 02 02 1E 00 1C 
19-06-18 at 08:52:08:265 Send 06 
19-06-18 at 08:52:08:280 Send 05 
19-06-18 at 08:52:08:295 Recived 15 
19-06-18 at 08:52:08:295 Send 06 
19-06-18 at 08:52:08:310 Send 02 0A 1E 1E 00 00 00 01 01 00 23 01 28 
19-06-18 at 08:52:08:325 Recived 06 02 02 1E 00 1C 
19-06-18 at 08:52:08:340 Send 06 
19-06-18 at 08:52:08:355 Send 05 
19-06-18 at 08:52:08:370 Recived 15 
19-06-18 at 08:52:08:370 Send 06 
19-06-18 at 08:52:08:385 Send 02 0A 1E 1E 00 00 00 01 01 00 06 00 0C 
19-06-18 at 08:52:08:400 Recived 06 02 02 1E 00 1C 
19-06-18 at 08:52:08:415 Send 06 
19-06-18 at 08:52:08:430 Send 05 
19-06-18 at 08:52:08:445 Recived 15 
19-06-18 at 08:52:08:445 Send 06 
19-06-18 at 08:52:08:460 Send 02 0A 1E 1E 00 00 00 01 01 00 07 01 0C 
19-06-18 at 08:52:08:475 Recived 06 02 02 1E 00 1C 
19-06-18 at 08:52:08:490 Send 06 
19-06-18 at 08:52:08:505 Send 05 
19-06-18 at 08:52:08:520 Recived 15 
19-06-18 at 08:52:08:520 Send 06 
19-06-18 at 08:52:08:535 Send 02 0A 1E 1E 00 00 00 01 01 00 14 01 1F 
19-06-18 at 08:52:08:550 Recived 06 02 02 1E 00 1C 
19-06-18 at 08:52:08:565 Send 06 
19-06-18 at 08:52:08:580 Send 05 
19-06-18 at 08:52:08:595 Recived 15 
19-06-18 at 08:52:08:595 Send 06 
19-06-18 at 08:52:08:610 Send 02 0A 1E 1E 00 00 00 01 01 00 15 01 1E 
19-06-18 at 08:52:08:625 Recived 06 02 02 1E 00 1C 
19-06-18 at 08:52:08:640 Send 06 
19-06-18 at 08:52:08:655 Send 05 
19-06-18 at 08:52:08:670 Recived 15 
19-06-18 at 08:52:08:670 Send 06 
19-06-18 at 08:52:08:685 Send 02 0A 1E 1E 00 00 00 01 01 00 0F 00 05 
19-06-18 at 08:52:08:700 Recived 06 02 02 1E 00 1C 
19-06-18 at 08:52:08:715 Send 06 
19-06-18 at 08:52:08:730 Send 05 
19-06-18 at 08:52:08:745 Recived 15 
19-06-18 at 08:52:08:745 Send 06 
19-06-18 at 08:52:08:760 Send 02 0A 1E 1E 00 00 00 01 01 00 11 00 1B 
19-06-18 at 08:52:08:775 Recived 06 02 02 1E 00 1C 
19-06-18 at 08:52:08:790 Send 06 
19-06-18 at 08:52:08:805 Send 05 
19-06-18 at 08:52:08:820 Recived 15 
19-06-18 at 08:52:08:820 Send 06 
19-06-18 at 08:52:08:835 Send 02 0A 1E 1E 00 00 00 11 01 00 03 02 1B 
19-06-18 at 08:52:08:850 Recived 06 02 02 1E 00 1C 
19-06-18 at 08:52:08:865 Send 06 
19-06-18 at 08:52:08:880 Send 05 
19-06-18 at 08:52:08:895 Recived 15 
19-06-18 at 08:52:08:895 Send 06 
19-06-18 at 08:52:08:910 Send 02 0A 1E 1E 00 00 00 01 01 00 29 01 22 
19-06-18 at 08:52:08:925 Recived 06 02 02 1E 00 1C 
19-06-18 at 08:52:08:940 Send 06 
19-06-18 at 08:52:08:955 Send 05 
19-06-18 at 08:52:08:970 Recived 15 
19-06-18 at 08:52:08:970 Send 06 
19-06-18 at 08:52:08:985 Send 02 26 1E 1E 00 00 00 04 0C 00 01 20 20 20 20 20 20 20 20 20 20 20 C4 CE C1 D0 CE 20 CF CE C6 C0 CB CE C2 C0 D2 DC 21 00 D5 
19-06-18 at 08:52:09:003 Recived 06 02 02 1E 00 1C 
19-06-18 at 08:52:09:018 Send 06 
19-06-18 at 08:52:09:033 Send 05 
19-06-18 at 08:52:09:048 Recived 15 
19-06-18 at 08:52:09:048 Send 06 
19-06-18 at 08:52:09:063 Send 02 29 1E 1E 00 00 00 04 0D 00 01 20 20 20 20 20 20 20 20 CE CE CE 20 CA EE EC EF E0 ED E8 FF 20 27 CA CE CB CE D0 CB CE CD 27 00 CB 
19-06-18 at 08:52:09:081 Recived 06 02 02 1E 00 1C 
19-06-18 at 08:52:09:096 Send 06 
19-06-18 at 08:52:09:111 Send 05 
19-06-18 at 08:52:09:126 Recived 15 
19-06-18 at 08:52:09:126 Send 06 
19-06-18 at 08:52:09:141 Send 02 2D 1E 1E 00 00 00 04 0E 00 01 20 20 20 20 20 CC E0 E3 E0 E7 E8 ED 20 27 C2 F1 E5 20 F2 EE E2 E0 F0 FB 20 E4 EB FF 20 E4 EE EC E0 27 20 00 DE 
19-06-18 at 08:52:09:159 Recived 06 02 02 1E 00 1C 
19-06-18 at 08:52:09:174 Send 06 
19-06-18 at 08:52:09:301 now clear port error ...
19-06-18 at 08:52:09:301 now write to port ...
19-06-18 at 08:52:09:435 ... done
19-06-18 at 08:52:09:474 Send 05 
19-06-18 at 08:52:09:489 Recived 15 
19-06-18 at 08:52:09:489 Send 06 
19-06-18 at 08:52:09:504 Send 02 06 1A 1E 00 00 00 79 7B 
19-06-18 at 08:52:09:519 Recived 06 02 09 1A 00 1E 0C AF 06 00 00 00 A8 
19-06-18 at 08:52:09:534 Send 06 
19-06-18 at 08:52:11:626 Cardreader    
19-06-18 at 08:52:11:648 Send 05 
19-06-18 at 08:52:11:663 Recived 15 
19-06-18 at 08:52:11:663 Send 06 
19-06-18 at 08:52:11:693 Send 02 20 1E 1E 00 00 00 02 1E 00 02 CA E0 F1 F1 E8 F0 20 C0 ED F2 EE ED EE E2 20 D1 E5 F0 E3 E5 E9 20 00 D7 
19-06-18 at 08:52:11:711 Recived 06 02 02 1E 00 1C 
19-06-18 at 08:52:11:726 Send 06 
19-06-18 at 08:52:11:733 now clear port error ...
19-06-18 at 08:52:11:733 now write to port ...
19-06-18 at 08:52:11:867 ... done
19-06-18 at 08:52:12:626 Send 05 
19-06-18 at 08:52:12:641 Recived 15 
19-06-18 at 08:52:12:641 Send 06 
19-06-18 at 08:52:12:656 Send 02 06 FF 39 1E 00 00 00 DE 
19-06-18 at 08:52:12:671 Recived 06 02 10 FF 39 00 00 00 00 00 00 00 00 00 00 00 00 00 00 D6 
19-06-18 at 08:52:12:686 Send 06 
19-06-18 at 08:54:14:708 Send 05 
19-06-18 at 08:54:14:723 Recived 15 
19-06-18 at 08:54:14:723 Send 06 
19-06-18 at 08:54:14:738 Send 02 06 FF 39 1E 00 00 00 DE 
19-06-18 at 08:54:14:753 Recived 06 02 10 FF 39 00 00 00 00 00 00 00 00 00 00 00 00 00 00 D6 
19-06-18 at 08:54:14:768 Send 06 
19-06-18 at 08:56:15:920 Send 05 
19-06-18 at 08:56:15:935 Recived 15 
19-06-18 at 08:56:15:935 Send 06 
19-06-18 at 08:56:15:950 Send 02 06 FF 39 1E 00 00 00 DE 
19-06-18 at 08:56:15:965 Recived 06 02 10 FF 39 00 00 00 00 00 00 00 00 00 00 00 00 00 00 D6 
19-06-18 at 08:56:15:980 Send 06 
19-06-18 at 08:58:17:133 Send 05 
19-06-18 at 08:58:17:148 Recived 15 
19-06-18 at 08:58:17:148 Send 06 
19-06-18 at 08:58:17:163 Send 02 06 FF 39 1E 00 00 00 DE 
19-06-18 at 08:58:17:178 Recived 06 02 10 FF 39 00 00 00 00 00 00 00 00 00 00 00 00 00 00 D6 
19-06-18 at 08:58:17:193 Send 06 
19-06-18 at 09:00:18:345 Send 05 
19-06-18 at 09:00:18:360 Recived 15 
19-06-18 at 09:00:18:360 Send 06 
19-06-18 at 09:00:18:375 Send 02 06 FF 39 1E 00 00 00 DE 
19-06-18 at 09:00:18:390 Recived 06 02 10 FF 39 00 00 00 00 00 00 00 00 00 00 00 00 00 00 D6 
19-06-18 at 09:00:18:405 Send 06 
19-06-18 at 09:02:19:557 Send 05 
19-06-18 at 09:02:19:572 Recived 15 
19-06-18 at 09:02:19:572 Send 06 
19-06-18 at 09:02:19:587 Send 02 06 FF 39 1E 00 00 00 DE 
19-06-18 at 09:02:19:602 Recived 06 02 10 FF 39 00 00 00 00 00 00 00 00 00 00 00 00 00 00 D6 
19-06-18 at 09:02:19:617 Send 06 
19-06-18 at 09:04:20:769 Send 05 
19-06-18 at 09:04:20:784 Recived 15 
19-06-18 at 09:04:20:784 Send 06 
19-06-18 at 09:04:20:799 Send 02 06 FF 39 1E 00 00 00 DE 
19-06-18 at 09:04:20:814 Recived 06 02 10 FF 39 00 00 00 00 00 00 00 00 00 00 00 00 00 00 D6 
19-06-18 at 09:04:20:829 Send 06 
19-06-18 at 09:06:21:981 Send 05 
19-06-18 at 09:06:21:996 Recived 15 
19-06-18 at 09:06:21:996 Send 06 
19-06-18 at 09:06:22:011 Send 02 06 FF 39 1E 00 00 00 DE 
19-06-18 at 09:06:22:026 Recived 06 02 10 FF 39 00 00 00 00 00 00 00 00 00 00 00 00 00 00 D6 
19-06-18 at 09:06:22:041 Send 06 
19-06-18 at 09:08:23:193 Send 05 
19-06-18 at 09:08:23:208 Recived 15 
19-06-18 at 09:08:23:208 Send 06 
19-06-18 at 09:08:23:223 Send 02 06 FF 39 1E 00 00 00 DE 
19-06-18 at 09:08:23:238 Recived 06 02 10 FF 39 00 00 00 00 00 00 00 00 00 00 00 00 00 00 D6 
19-06-18 at 09:08:23:253 Send 06 
19-06-18 at 09:10:24:405 Send 05 
19-06-18 at 09:10:24:420 Recived 15 
19-06-18 at 09:10:24:420 Send 06 
19-06-18 at 09:10:24:435 Send 02 06 FF 39 1E 00 00 00 DE 
19-06-18 at 09:10:24:450 Recived 06 02 10 FF 39 00 00 00 00 00 00 00 00 00 00 00 00 00 00 D6 
19-06-18 at 09:10:24:465 Send 06 
19-06-18 at 09:12:25:617 Send 05 
19-06-18 at 09:12:25:632 Recived 15 
19-06-18 at 09:12:25:632 Send 06 
19-06-18 at 09:12:25:647 Send 02 06 FF 39 1E 00 00 00 DE 
19-06-18 at 09:12:25:662 Recived 06 02 10 FF 39 00 00 00 00 00 00 00 00 00 00 00 00 00 00 D6 
19-06-18 at 09:12:25:677 Send 06 
19-06-18 at 09:14:26:830 Send 05 
19-06-18 at 09:14:26:845 Recived 15 
19-06-18 at 09:14:26:845 Send 06 
19-06-18 at 09:14:26:860 Send 02 06 FF 39 1E 00 00 00 DE 
19-06-18 at 09:14:26:875 Recived 06 02 10 FF 39 00 00 00 00 00 00 00 00 00 00 00 00 00 00 D6 
19-06-18 at 09:14:26:890 Send 06 
19-06-18 at 09:15:22:655 total calculated
19-06-18 at 09:15:22:657 now show on display
19-06-18 at 09:15:22:658                     :       1032.00
19-06-18 at 09:15:22:658 now clear port error ...
19-06-18 at 09:15:22:658 now write to port ...
19-06-18 at 09:15:22:792 ... done
19-06-18 at 09:15:22:793 total calculated
19-06-18 at 09:15:22:794 now show on display
19-06-18 at 09:15:22:795                     :       1032.00
19-06-18 at 09:15:22:795 now clear port error ...
19-06-18 at 09:15:22:795 now write to port ...
19-06-18 at 09:15:22:964 ... done
19-06-18 at 09:15:22:965 111
19-06-18 at 09:15:22:965   
