05-02-18 at 15:45:09:634 Запуск программы. Инициализация считана из файла
05-02-18 at 15:45:09:635 Платежи по картам восстановлены
05-02-18 at 15:45:09:635 total calculated
05-02-18 at 15:45:09:635 now show on display
05-02-18 at 15:45:09:636                     Всего:          0.00
05-02-18 at 15:45:09:636 now open port for display
05-02-18 at 15:45:09:637 Com port opened
05-02-18 at 15:45:09:637 now clear port error ...
05-02-18 at 15:45:09:637 now write to port ...
05-02-18 at 15:45:09:771 ... done
05-02-18 at 15:45:09:771 Чек сжат
05-02-18 at 15:45:09:771 Сумма чека посчитана
05-02-18 at 15:45:09:771 Кардридер создан
05-02-18 at 15:45:09:772 Задание запуска модулей создано
05-02-18 at 15:45:09:772 Сканер создан
05-02-18 at 15:45:09:772 Регистратор создан
05-02-18 at 15:45:09:772 Часы созданы
05-02-18 at 15:45:09:773 Регистратор запущен
05-02-18 at 15:45:09:773 Сканер запущен
05-02-18 at 15:45:09:773 Часы запущены
05-02-18 at 15:45:09:773 Кардридер запущен
05-02-18 at 15:45:09:774 Передача данных запущена
05-02-18 at 15:45:09:774 Вход в FRInit
05-02-18 at 15:45:09:774 Вход в GetStatus
05-02-18 at 15:45:09:789 Send 05 
05-02-18 at 15:45:09:804 Recived 15 
05-02-18 at 15:45:09:804 Send 06 
05-02-18 at 15:45:09:819 Send 02 05 11 1E 00 00 00 0A 
05-02-18 at 15:45:09:834 Recived 06 02 30 11 00 1E 43 31 1C B3 14 0C 11 01 00 00 B2 02 04 00 00 4E 41 00 00 01 01 10 05 02 12 0F 2D 08 00 2E 5D 00 00 6C 00 00 00 00 00 D2 E9 1E 42 01 00 07 
05-02-18 at 15:45:09:849 Send 06 
05-02-18 at 15:45:09:859 KKMStatus 0000
05-02-18 at 15:45:09:864 Send 05 
05-02-18 at 15:45:09:879 Recived 15 
05-02-18 at 15:45:09:879 Send 06 
05-02-18 at 15:45:09:894 Send 02 05 11 1E 00 00 00 0A 
05-02-18 at 15:45:09:909 Recived 06 02 30 11 00 1E 43 31 1C B3 14 0C 11 01 00 00 B2 02 04 00 00 4E 41 00 00 01 01 10 05 02 12 0F 2D 08 00 2E 5D 00 00 6C 00 00 00 00 00 D2 E9 1E 42 01 00 07 
05-02-18 at 15:45:09:924 Send 06 
05-02-18 at 15:45:09:934 KKMStatus 0400
05-02-18 at 15:45:09:934 Номер ФР считан
05-02-18 at 15:45:10:077 СУБД подключена
05-02-18 at 15:45:10:089 Send 05 
05-02-18 at 15:45:10:104 Recived 15 
05-02-18 at 15:45:10:104 Send 06 
05-02-18 at 15:45:10:119 Send 02 0B 1E 1E 00 00 00 06 03 00 01 00 00 0F 
05-02-18 at 15:45:10:134 Recived 06 02 02 1E 00 1C 
05-02-18 at 15:45:10:149 Send 06 
05-02-18 at 15:45:10:164 Send 05 
05-02-18 at 15:45:10:179 Recived 15 
05-02-18 at 15:45:10:179 Send 06 
05-02-18 at 15:45:10:194 Send 02 10 1E 1E 00 00 00 06 03 00 02 CD C4 D1 20 30 25 00 FA 
05-02-18 at 15:45:10:210 Recived 06 02 02 1E 00 1C 
05-02-18 at 15:45:10:225 Send 06 
05-02-18 at 15:45:10:240 Send 05 
05-02-18 at 15:45:10:255 Recived 15 
05-02-18 at 15:45:10:255 Send 06 
05-02-18 at 15:45:10:270 Send 02 0B 1E 1E 00 00 00 06 02 00 01 E8 03 E5 
05-02-18 at 15:45:10:285 Recived 06 02 02 1E 00 1C 
05-02-18 at 15:45:10:300 Send 06 
05-02-18 at 15:45:10:315 Send 05 
05-02-18 at 15:45:10:330 Recived 15 
05-02-18 at 15:45:10:330 Send 06 
05-02-18 at 15:45:10:345 Send 02 10 1E 1E 00 00 00 06 02 00 02 CD C4 D1 20 31 30 25 CA 
05-02-18 at 15:45:10:361 Recived 06 02 02 1E 00 1C 
05-02-18 at 15:45:10:376 Send 06 
05-02-18 at 15:45:10:391 Send 05 
05-02-18 at 15:45:10:406 Recived 15 
05-02-18 at 15:45:10:406 Send 06 
05-02-18 at 15:45:10:421 Send 02 0B 1E 1E 00 00 00 06 01 00 01 08 07 02 
05-02-18 at 15:45:10:436 Recived 06 02 02 1E 00 1C 
05-02-18 at 15:45:10:451 Send 06 
05-02-18 at 15:45:10:466 Send 05 
05-02-18 at 15:45:10:481 Recived 15 
05-02-18 at 15:45:10:481 Send 06 
05-02-18 at 15:45:10:496 Send 02 10 1E 1E 00 00 00 06 01 00 02 CD C4 D1 20 31 38 25 C1 
05-02-18 at 15:45:10:512 Recived 06 02 02 1E 00 1C 
05-02-18 at 15:45:10:527 Send 06 
05-02-18 at 15:45:10:542 Send 05 
05-02-18 at 15:45:10:557 Recived 15 
05-02-18 at 15:45:10:557 Send 06 
05-02-18 at 15:45:10:572 Send 02 0A 1E 1E 00 00 00 01 01 00 01 01 0A 
05-02-18 at 15:45:10:587 Recived 06 02 02 1E 00 1C 
05-02-18 at 15:45:10:602 Send 06 
05-02-18 at 15:45:10:617 Send 05 
05-02-18 at 15:45:10:632 Recived 15 
05-02-18 at 15:45:10:632 Send 06 
05-02-18 at 15:45:10:647 Send 02 0A 1E 1E 00 00 00 01 01 00 05 02 0D 
05-02-18 at 15:45:10:662 Recived 06 02 02 1E 00 1C 
05-02-18 at 15:45:10:677 Send 06 
05-02-18 at 15:45:10:692 Send 05 
05-02-18 at 15:45:10:707 Recived 15 
05-02-18 at 15:45:10:707 Send 06 
05-02-18 at 15:45:10:722 Send 02 0A 1E 1E 00 00 00 01 01 00 23 01 28 
05-02-18 at 15:45:10:737 Recived 06 02 02 1E 00 1C 
05-02-18 at 15:45:10:752 Send 06 
05-02-18 at 15:45:10:767 Send 05 
05-02-18 at 15:45:10:782 Recived 15 
05-02-18 at 15:45:10:782 Send 06 
05-02-18 at 15:45:10:797 Send 02 0A 1E 1E 00 00 00 01 01 00 06 00 0C 
05-02-18 at 15:45:10:812 Recived 06 02 02 1E 00 1C 
05-02-18 at 15:45:10:827 Send 06 
05-02-18 at 15:45:10:842 Send 05 
05-02-18 at 15:45:10:857 Recived 15 
05-02-18 at 15:45:10:857 Send 06 
05-02-18 at 15:45:10:872 Send 02 0A 1E 1E 00 00 00 01 01 00 07 01 0C 
05-02-18 at 15:45:10:887 Recived 06 02 02 1E 00 1C 
05-02-18 at 15:45:10:902 Send 06 
05-02-18 at 15:45:10:917 Send 05 
05-02-18 at 15:45:10:932 Recived 15 
05-02-18 at 15:45:10:932 Send 06 
05-02-18 at 15:45:10:947 Send 02 0A 1E 1E 00 00 00 01 01 00 14 01 1F 
05-02-18 at 15:45:10:962 Recived 06 02 02 1E 00 1C 
05-02-18 at 15:45:10:977 Send 06 
05-02-18 at 15:45:10:992 Send 05 
05-02-18 at 15:45:11:007 Recived 15 
05-02-18 at 15:45:11:007 Send 06 
05-02-18 at 15:45:11:022 Send 02 0A 1E 1E 00 00 00 01 01 00 15 01 1E 
05-02-18 at 15:45:11:037 Recived 06 02 02 1E 00 1C 
05-02-18 at 15:45:11:052 Send 06 
05-02-18 at 15:45:11:067 Send 05 
05-02-18 at 15:45:11:082 Recived 15 
05-02-18 at 15:45:11:082 Send 06 
05-02-18 at 15:45:11:097 Send 02 0A 1E 1E 00 00 00 01 01 00 0F 00 05 
05-02-18 at 15:45:11:112 Recived 06 02 02 1E 00 1C 
05-02-18 at 15:45:11:127 Send 06 
05-02-18 at 15:45:11:142 Send 05 
05-02-18 at 15:45:11:157 Recived 15 
05-02-18 at 15:45:11:157 Send 06 
05-02-18 at 15:45:11:172 Send 02 0A 1E 1E 00 00 00 01 01 00 11 00 1B 
05-02-18 at 15:45:11:187 Recived 06 02 02 1E 00 1C 
05-02-18 at 15:45:11:202 Send 06 
05-02-18 at 15:45:11:217 Send 05 
05-02-18 at 15:45:11:232 Recived 15 
05-02-18 at 15:45:11:232 Send 06 
05-02-18 at 15:45:11:247 Send 02 0A 1E 1E 00 00 00 11 01 00 03 02 1B 
05-02-18 at 15:45:11:262 Recived 06 02 02 1E 00 1C 
05-02-18 at 15:45:11:277 Send 06 
05-02-18 at 15:45:11:292 Send 05 
05-02-18 at 15:45:11:307 Recived 15 
05-02-18 at 15:45:11:307 Send 06 
05-02-18 at 15:45:11:322 Send 02 0A 1E 1E 00 00 00 01 01 00 29 01 22 
05-02-18 at 15:45:11:337 Recived 06 02 02 1E 00 1C 
05-02-18 at 15:45:11:352 Send 06 
05-02-18 at 15:45:11:367 Send 05 
05-02-18 at 15:45:11:382 Recived 15 
05-02-18 at 15:45:11:382 Send 06 
05-02-18 at 15:45:11:397 Send 02 26 1E 1E 00 00 00 04 0C 00 01 20 20 20 20 20 20 20 20 20 20 20 C4 CE C1 D0 CE 20 CF CE C6 C0 CB CE C2 C0 D2 DC 21 00 D5 
05-02-18 at 15:45:11:415 Recived 06 02 02 1E 00 1C 
05-02-18 at 15:45:11:430 Send 06 
05-02-18 at 15:45:11:445 Send 05 
05-02-18 at 15:45:11:460 Recived 15 
05-02-18 at 15:45:11:460 Send 06 
05-02-18 at 15:45:11:475 Send 02 29 1E 1E 00 00 00 04 0D 00 01 20 20 20 20 20 20 20 20 CE CE CE 20 CA EE EC EF E0 ED E8 FF 20 27 CA CE CB CE D0 CB CE CD 27 00 CB 
05-02-18 at 15:45:11:493 Recived 06 02 02 1E 00 1C 
05-02-18 at 15:45:11:508 Send 06 
05-02-18 at 15:45:11:523 Send 05 
05-02-18 at 15:45:11:538 Recived 15 
05-02-18 at 15:45:11:538 Send 06 
05-02-18 at 15:45:11:553 Send 02 2D 1E 1E 00 00 00 04 0E 00 01 20 20 20 20 20 CC E0 E3 E0 E7 E8 ED 20 27 C2 F1 E5 20 F2 EE E2 E0 F0 FB 20 E4 EB FF 20 E4 EE EC E0 27 20 00 DE 
05-02-18 at 15:45:11:571 Recived 06 02 02 1E 00 1C 
05-02-18 at 15:45:11:586 Send 06 
05-02-18 at 15:45:11:609 now clear port error ...
05-02-18 at 15:45:11:609 now write to port ...
05-02-18 at 15:45:11:743 ... done
05-02-18 at 15:45:11:766 Send 05 
05-02-18 at 15:45:11:781 Recived 15 
05-02-18 at 15:45:11:781 Send 06 
05-02-18 at 15:45:11:796 Send 02 06 1A 1E 00 00 00 79 7B 
05-02-18 at 15:45:11:811 Recived 06 02 09 1A 00 1E 00 00 00 00 00 00 0D 
05-02-18 at 15:45:11:826 Send 06 
05-02-18 at 15:45:15:022 Cardreader  Антонов Сергей 
05-02-18 at 15:45:15:037 Send 05 
05-02-18 at 15:45:15:052 Recived 15 
05-02-18 at 15:45:15:052 Send 06 
05-02-18 at 15:45:15:067 Send 02 20 1E 1E 00 00 00 02 1E 00 02 CA E0 F1 F1 E8 F0 20 C0 ED F2 EE ED EE E2 20 D1 E5 F0 E3 E5 E9 20 00 D7 
05-02-18 at 15:45:15:085 Recived 06 02 02 1E 00 1C 
05-02-18 at 15:45:15:100 Send 06 
05-02-18 at 15:45:15:107 now clear port error ...
05-02-18 at 15:45:15:107 now write to port ...
05-02-18 at 15:45:15:241 ... done
05-02-18 at 15:45:16:030 Send 05 
05-02-18 at 15:45:16:045 Recived 15 
05-02-18 at 15:45:16:045 Send 06 
05-02-18 at 15:45:16:060 Send 02 06 FF 39 1E 00 00 00 DE 
05-02-18 at 15:45:16:075 Recived 06 02 10 FF 39 00 00 00 00 00 00 00 00 00 00 00 00 00 00 D6 
05-02-18 at 15:45:16:090 Send 06 
05-02-18 at 15:45:25:293 total calculated
05-02-18 at 15:45:25:293 now show on display
05-02-18 at 15:45:25:294                     Всего:          0.00
05-02-18 at 15:45:25:294 now clear port error ...
05-02-18 at 15:45:25:294 now write to port ...
05-02-18 at 15:45:25:428 ... done
05-02-18 at 15:45:25:428 total calculated
05-02-18 at 15:45:25:428 now show on display
05-02-18 at 15:45:25:429                     Всего:          0.00
05-02-18 at 15:45:25:429 now clear port error ...
05-02-18 at 15:45:25:429 now write to port ...
05-02-18 at 15:45:25:600 ... done
05-02-18 at 15:45:25:602 111
05-02-18 at 15:45:25:602 Выход из программы
