23-07-18 at 15:27:14:815 Запуск программы. Инициализация считана из файла
23-07-18 at 15:27:14:816 Чек загружен.
23-07-18 at 15:27:14:816 total calculated
23-07-18 at 15:27:14:816 now show on display
23-07-18 at 15:27:14:817                     Всего:          0.00
23-07-18 at 15:27:14:817 now open port for display
23-07-18 at 15:27:14:818 Com port opened
23-07-18 at 15:27:14:818 now clear port error ...
23-07-18 at 15:27:14:818 now write to port ...
23-07-18 at 15:27:14:952 ... done
23-07-18 at 15:27:14:952 Чек сжат
23-07-18 at 15:27:14:952 Сумма чека посчитана
23-07-18 at 15:27:14:953 Кардридер создан
23-07-18 at 15:27:14:953 Задание запуска модулей создано
23-07-18 at 15:27:14:953 Сканер создан
23-07-18 at 15:27:14:953 Регистратор создан
23-07-18 at 15:27:14:953 Часы созданы
23-07-18 at 15:27:14:954 Регистратор запущен
23-07-18 at 15:27:14:954 Сканер запущен
23-07-18 at 15:27:14:954 Часы запущены
23-07-18 at 15:27:14:954 Кардридер запущен
23-07-18 at 15:27:14:955 Передача данных запущена
23-07-18 at 15:27:14:955 Вход в FRInit
23-07-18 at 15:27:14:955 Вход в GetStatus
23-07-18 at 15:27:14:970 Send 05 
23-07-18 at 15:27:14:985 Recived 15 
23-07-18 at 15:27:14:985 Send 06 
23-07-18 at 15:27:15:000 Send 02 05 11 1E 00 00 00 0A 
23-07-18 at 15:27:15:015 Recived 06 02 30 11 00 1E 43 31 1C B3 14 0C 11 01 F7 00 B2 02 03 00 00 4E 41 00 00 01 01 10 17 07 12 0F 1B 0E 00 2E 5D 00 00 39 00 00 00 00 00 EF 95 10 42 01 00 CA 
23-07-18 at 15:27:15:030 Send 06 
23-07-18 at 15:27:15:035 KKMStatus 0000
23-07-18 at 15:27:15:045 Send 05 
23-07-18 at 15:27:15:060 Recived 15 
23-07-18 at 15:27:15:060 Send 06 
23-07-18 at 15:27:15:075 Send 02 05 11 1E 00 00 00 0A 
23-07-18 at 15:27:15:090 Recived 06 02 30 11 00 1E 43 31 1C B3 14 0C 11 01 F7 00 B2 02 03 00 00 4E 41 00 00 01 01 10 17 07 12 0F 1B 0E 00 2E 5D 00 00 39 00 00 00 00 00 EF 95 10 42 01 00 CA 
23-07-18 at 15:27:15:105 Send 06 
23-07-18 at 15:27:15:110 KKMStatus 0300
23-07-18 at 15:27:15:110 Номер ФР считан
23-07-18 at 15:27:15:299 СУБД подключена
23-07-18 at 15:27:15:327 Send 05 
23-07-18 at 15:27:15:342 Recived 15 
23-07-18 at 15:27:15:342 Send 06 
23-07-18 at 15:27:15:357 Send 02 17 1E 1E 00 00 00 05 03 00 01 CA 41 D0 D2 CE C9 20 56 49 53 41 2F 4D 43 92 
23-07-18 at 15:27:15:373 Recived 06 02 02 1E 00 1C 
23-07-18 at 15:27:15:388 Send 06 
23-07-18 at 15:27:15:403 Send 05 
23-07-18 at 15:27:15:418 Recived 15 
23-07-18 at 15:27:15:418 Send 06 
23-07-18 at 15:27:15:433 Send 02 18 1E 1E 00 00 00 05 04 00 01 C4 D0 D3 C3 C8 CC C8 20 CA C0 D0 D2 C0 CC C8 3C 
23-07-18 at 15:27:15:449 Recived 06 02 02 1E 00 1C 
23-07-18 at 15:27:15:464 Send 06 
23-07-18 at 15:27:15:479 Send 05 
23-07-18 at 15:27:15:494 Recived 15 
23-07-18 at 15:27:15:494 Send 06 
23-07-18 at 15:27:15:509 Send 02 0A 1E 1E 00 00 00 01 01 00 01 01 0A 
23-07-18 at 15:27:15:524 Recived 06 02 02 1E 00 1C 
23-07-18 at 15:27:15:539 Send 06 
23-07-18 at 15:27:15:554 Send 05 
23-07-18 at 15:27:15:569 Recived 15 
23-07-18 at 15:27:15:569 Send 06 
23-07-18 at 15:27:15:584 Send 02 0A 1E 1E 00 00 00 01 01 00 05 02 0D 
23-07-18 at 15:27:15:599 Recived 06 02 02 1E 00 1C 
23-07-18 at 15:27:15:614 Send 06 
23-07-18 at 15:27:15:629 Send 05 
23-07-18 at 15:27:15:644 Recived 15 
23-07-18 at 15:27:15:644 Send 06 
23-07-18 at 15:27:15:659 Send 02 0A 1E 1E 00 00 00 01 01 00 23 01 28 
23-07-18 at 15:27:15:674 Recived 06 02 02 1E 00 1C 
23-07-18 at 15:27:15:689 Send 06 
23-07-18 at 15:27:15:704 Send 05 
23-07-18 at 15:27:15:719 Recived 15 
23-07-18 at 15:27:15:719 Send 06 
23-07-18 at 15:27:15:734 Send 02 0A 1E 1E 00 00 00 01 01 00 06 00 0C 
23-07-18 at 15:27:15:749 Recived 06 02 02 1E 00 1C 
23-07-18 at 15:27:15:764 Send 06 
23-07-18 at 15:27:15:779 Send 05 
23-07-18 at 15:27:15:794 Recived 15 
23-07-18 at 15:27:15:794 Send 06 
23-07-18 at 15:27:15:809 Send 02 0A 1E 1E 00 00 00 01 01 00 07 01 0C 
23-07-18 at 15:27:15:824 Recived 06 02 02 1E 00 1C 
23-07-18 at 15:27:15:839 Send 06 
23-07-18 at 15:27:15:854 Send 05 
23-07-18 at 15:27:15:869 Recived 15 
23-07-18 at 15:27:15:869 Send 06 
23-07-18 at 15:27:15:884 Send 02 0A 1E 1E 00 00 00 01 01 00 14 01 1F 
23-07-18 at 15:27:15:899 Recived 06 02 02 1E 00 1C 
23-07-18 at 15:27:15:914 Send 06 
23-07-18 at 15:27:15:929 Send 05 
23-07-18 at 15:27:15:944 Recived 15 
23-07-18 at 15:27:15:944 Send 06 
23-07-18 at 15:27:15:959 Send 02 0A 1E 1E 00 00 00 01 01 00 15 01 1E 
23-07-18 at 15:27:15:974 Recived 06 02 02 1E 00 1C 
23-07-18 at 15:27:15:989 Send 06 
23-07-18 at 15:27:16:004 Send 05 
23-07-18 at 15:27:16:019 Recived 15 
23-07-18 at 15:27:16:019 Send 06 
23-07-18 at 15:27:16:034 Send 02 0A 1E 1E 00 00 00 01 01 00 0F 00 05 
23-07-18 at 15:27:16:049 Recived 06 02 02 1E 00 1C 
23-07-18 at 15:27:16:064 Send 06 
23-07-18 at 15:27:16:079 Send 05 
23-07-18 at 15:27:16:094 Recived 15 
23-07-18 at 15:27:16:094 Send 06 
23-07-18 at 15:27:16:109 Send 02 0A 1E 1E 00 00 00 01 01 00 11 00 1B 
23-07-18 at 15:27:16:124 Recived 06 02 02 1E 00 1C 
23-07-18 at 15:27:16:139 Send 06 
23-07-18 at 15:27:16:154 Send 05 
23-07-18 at 15:27:16:169 Recived 15 
23-07-18 at 15:27:16:169 Send 06 
23-07-18 at 15:27:16:184 Send 02 0A 1E 1E 00 00 00 11 01 00 03 02 1B 
23-07-18 at 15:27:16:199 Recived 06 02 02 1E 00 1C 
23-07-18 at 15:27:16:214 Send 06 
23-07-18 at 15:27:16:229 Send 05 
23-07-18 at 15:27:16:244 Recived 15 
23-07-18 at 15:27:16:244 Send 06 
23-07-18 at 15:27:16:259 Send 02 0A 1E 1E 00 00 00 01 01 00 29 01 22 
23-07-18 at 15:27:16:274 Recived 06 02 02 1E 00 1C 
23-07-18 at 15:27:16:289 Send 06 
23-07-18 at 15:27:16:304 Send 05 
23-07-18 at 15:27:16:319 Recived 15 
23-07-18 at 15:27:16:319 Send 06 
23-07-18 at 15:27:16:334 Send 02 26 1E 1E 00 00 00 04 0C 00 01 20 20 20 20 20 20 20 20 20 20 20 C4 CE C1 D0 CE 20 CF CE C6 C0 CB CE C2 C0 D2 DC 21 00 D5 
23-07-18 at 15:27:16:352 Recived 06 02 02 1E 00 1C 
23-07-18 at 15:27:16:367 Send 06 
23-07-18 at 15:27:16:382 Send 05 
23-07-18 at 15:27:16:397 Recived 15 
23-07-18 at 15:27:16:397 Send 06 
23-07-18 at 15:27:16:412 Send 02 29 1E 1E 00 00 00 04 0D 00 01 20 20 20 20 20 20 20 20 CE CE CE 20 CA EE EC EF E0 ED E8 FF 20 27 CA CE CB CE D0 CB CE CD 27 00 CB 
23-07-18 at 15:27:16:430 Recived 06 02 02 1E 00 1C 
23-07-18 at 15:27:16:445 Send 06 
23-07-18 at 15:27:16:460 Send 05 
23-07-18 at 15:27:16:475 Recived 15 
23-07-18 at 15:27:16:475 Send 06 
23-07-18 at 15:27:16:490 Send 02 2D 1E 1E 00 00 00 04 0E 00 01 20 20 20 20 20 CC E0 E3 E0 E7 E8 ED 20 27 C2 F1 E5 20 F2 EE E2 E0 F0 FB 20 E4 EB FF 20 E4 EE EC E0 27 20 00 DE 
23-07-18 at 15:27:16:508 Recived 06 02 02 1E 00 1C 
23-07-18 at 15:27:16:523 Send 06 
23-07-18 at 15:27:16:564 now clear port error ...
23-07-18 at 15:27:16:565 now write to port ...
23-07-18 at 15:27:16:698 ... done
23-07-18 at 15:27:16:734 Send 05 
23-07-18 at 15:27:16:749 Recived 15 
23-07-18 at 15:27:16:749 Send 06 
23-07-18 at 15:27:16:764 Send 02 06 1A 1E 00 00 00 79 7B 
23-07-18 at 15:27:16:779 Recived 06 02 09 1A 00 1E 18 42 05 00 00 00 52 
23-07-18 at 15:27:16:794 Send 06 
23-07-18 at 15:27:19:014 Cardreader  Антонов Сергей 
23-07-18 at 15:27:19:026 Send 05 
23-07-18 at 15:27:19:049 Recived 15 
23-07-18 at 15:27:19:053 Send 06 
23-07-18 at 15:27:19:077 Send 02 20 1E 1E 00 00 00 02 1E 00 02 CA E0 F1 F1 E8 F0 20 C0 ED F2 EE ED EE E2 20 D1 E5 F0 E3 E5 E9 20 00 D7 
23-07-18 at 15:27:19:095 Recived 06 02 02 1E 00 1C 
23-07-18 at 15:27:19:110 Send 06 
23-07-18 at 15:27:19:112 now clear port error ...
23-07-18 at 15:27:19:112 now write to port ...
23-07-18 at 15:27:19:245 ... done
23-07-18 at 15:27:20:025 Send 05 
23-07-18 at 15:27:20:040 Recived 15 
23-07-18 at 15:27:20:040 Send 06 
23-07-18 at 15:27:20:055 Send 02 06 FF 39 1E 00 00 00 DE 
23-07-18 at 15:27:20:070 Recived 06 02 10 FF 39 00 00 00 00 00 00 00 00 00 00 00 00 00 00 D6 
23-07-18 at 15:27:20:085 Send 06 
23-07-18 at 15:27:24:330 Send 05 
23-07-18 at 15:27:24:345 Recived 15 
23-07-18 at 15:27:24:345 Send 06 
23-07-18 at 15:27:24:360 Send 02 2E 17 1E 00 00 00 03 20 20 CF EE E4 E0 F0 EE F7 ED FB E5 20 EA E0 F0 F2 FB 20 ED E5 20 EF F0 EE E4 E0 E2 E0 EB E8 F1 FC 00 00 00 00 00 00 00 39 
23-07-18 at 15:27:24:379 Recived 06 02 03 17 00 1E 0A 
23-07-18 at 15:27:24:394 Send 06 
23-07-18 at 15:27:24:409 Send 05 
23-07-18 at 15:27:24:424 Recived 15 
23-07-18 at 15:27:24:424 Send 06 
23-07-18 at 15:27:24:439 Send 02 2E 17 1E 00 00 00 03 2D 2D 2D 2D 2D 2D 2D 2D 2D 2D 2D 2D 2D 2D 2D 2D 2D 2D 2D 2D 2D 2D 2D 2D 2D 2D 2D 2D 2D 2D 2D 2D 2D 2D 2D 2D 2D 2D 2D 2D 24 
23-07-18 at 15:27:24:458 Recived 06 02 03 17 00 1E 0A 
23-07-18 at 15:27:24:473 Send 06 
23-07-18 at 15:27:24:488 Send 05 
23-07-18 at 15:27:24:503 Recived 15 
23-07-18 at 15:27:24:503 Send 06 
23-07-18 at 15:27:24:518 Send 02 05 41 1E 00 00 00 5A 
23-07-18 at 15:27:24:533 Recived 06 
23-07-18 at 15:27:24:878 Recived 02 03 41 00 00 42 
23-07-18 at 15:27:24:893 Send 06 
23-07-18 at 15:27:24:899 111
23-07-18 at 15:27:32:079 Send 05 
23-07-18 at 15:27:32:094 Recived 15 
23-07-18 at 15:27:32:094 Send 06 
23-07-18 at 15:27:32:109 Send 02 08 21 1E 00 00 00 0F 1B 20 03 
23-07-18 at 15:27:32:124 Recived 06 02 02 21 00 23 
23-07-18 at 15:27:32:139 Send 06 
23-07-18 at 15:27:32:140 Вход в GetStatus
23-07-18 at 15:27:32:154 Send 05 
23-07-18 at 15:27:32:169 Recived 15 
23-07-18 at 15:27:32:169 Send 06 
23-07-18 at 15:27:32:184 Send 02 05 11 1E 00 00 00 0A 
23-07-18 at 15:27:32:199 Recived 06 02 30 11 00 1E 43 31 1C B3 14 0C 11 01 F8 00 B2 02 04 00 00 4E 41 00 00 01 01 10 17 07 12 0F 1B 20 00 2E 5D 00 00 3A 00 00 00 00 00 EF 95 10 42 01 00 EF 
23-07-18 at 15:27:32:214 Send 06 
23-07-18 at 15:27:32:215 KKMStatus 0000
23-07-18 at 15:27:32:229 Send 05 
23-07-18 at 15:27:32:244 Recived 15 
23-07-18 at 15:27:32:244 Send 06 
23-07-18 at 15:27:32:259 Send 02 05 E0 1E 00 00 00 FB 
23-07-18 at 15:27:32:274 Recived 06 
23-07-18 at 15:27:33:399 Recived 02 03 E0 00 1E FD 
23-07-18 at 15:27:33:414 Send 06 
23-07-18 at 15:27:40:103 total calculated
23-07-18 at 15:27:40:103 now show on display
23-07-18 at 15:27:40:104                     Всего:          0.00
23-07-18 at 15:27:40:104 now clear port error ...
23-07-18 at 15:27:40:104 now write to port ...
23-07-18 at 15:27:40:238 ... done
23-07-18 at 15:27:40:238 total calculated
23-07-18 at 15:27:40:238 now show on display
23-07-18 at 15:27:40:239                     Всего:          0.00
23-07-18 at 15:27:40:239 now clear port error ...
23-07-18 at 15:27:40:239 now write to port ...
23-07-18 at 15:27:40:410 ... done
23-07-18 at 15:27:40:412 111
23-07-18 at 15:27:40:412 Выход из программы
23-07-18 at 15:44:48:887 Запуск программы. Инициализация считана из файла
23-07-18 at 15:44:48:887 Чек загружен.
23-07-18 at 15:44:48:888 total calculated
23-07-18 at 15:44:48:888 now show on display
23-07-18 at 15:44:48:888                     Всего:          0.00
23-07-18 at 15:44:48:888 now open port for display
23-07-18 at 15:44:48:889 Com port opened
23-07-18 at 15:44:48:889 now clear port error ...
23-07-18 at 15:44:48:889 now write to port ...
23-07-18 at 15:44:49:023 ... done
23-07-18 at 15:44:49:023 Чек сжат
23-07-18 at 15:44:49:023 Сумма чека посчитана
23-07-18 at 15:44:49:024 Кардридер создан
23-07-18 at 15:44:49:024 Задание запуска модулей создано
23-07-18 at 15:44:49:024 Сканер создан
23-07-18 at 15:44:49:025 Регистратор создан
23-07-18 at 15:44:49:025 Часы созданы
23-07-18 at 15:44:49:026 Регистратор запущен
23-07-18 at 15:44:49:026 Сканер запущен
23-07-18 at 15:44:49:026 Часы запущены
23-07-18 at 15:44:49:027 Кардридер запущен
23-07-18 at 15:44:49:028 Передача данных запущена
23-07-18 at 15:44:49:028 Вход в FRInit
23-07-18 at 15:44:49:029 Вход в GetStatus
23-07-18 at 15:44:49:054 Send 05 
23-07-18 at 15:44:49:069 Recived 15 
23-07-18 at 15:44:49:069 Send 06 
23-07-18 at 15:44:49:084 Send 02 05 11 1E 00 00 00 0A 
23-07-18 at 15:44:49:099 Recived 06 02 30 11 00 1E 43 31 1C B3 14 0C 11 01 F9 00 B2 02 02 00 00 4E 41 00 00 01 01 10 17 07 12 0F 2C 31 00 2E 5D 00 00 3A 00 00 00 00 00 EF 95 10 42 01 00 CE 
23-07-18 at 15:44:49:129 Send 06 
23-07-18 at 15:44:49:134 KKMStatus 0000
23-07-18 at 15:44:49:144 Send 05 
23-07-18 at 15:44:49:159 Recived 15 
23-07-18 at 15:44:49:159 Send 06 
23-07-18 at 15:44:49:174 Send 02 05 11 1E 00 00 00 0A 
23-07-18 at 15:44:49:189 Recived 06 02 30 11 00 1E 43 31 1C B3 14 0C 11 01 F9 00 B2 02 02 00 00 4E 41 00 00 01 01 10 17 07 12 0F 2C 31 00 2E 5D 00 00 3A 00 00 00 00 00 EF 95 10 42 01 00 CE 
23-07-18 at 15:44:49:204 Send 06 
23-07-18 at 15:44:49:209 KKMStatus 0200
23-07-18 at 15:44:49:209 Номер ФР считан
23-07-18 at 15:44:49:375 СУБД подключена
23-07-18 at 15:44:49:394 Send 05 
23-07-18 at 15:44:49:409 Recived 15 
23-07-18 at 15:44:49:409 Send 06 
23-07-18 at 15:44:49:424 Send 02 17 1E 1E 00 00 00 05 03 00 01 CA 41 D0 D2 CE C9 20 56 49 53 41 2F 4D 43 92 
23-07-18 at 15:44:49:440 Recived 06 02 02 1E 00 1C 
23-07-18 at 15:44:49:455 Send 06 
23-07-18 at 15:44:49:470 Send 05 
23-07-18 at 15:44:49:485 Recived 15 
23-07-18 at 15:44:49:485 Send 06 
23-07-18 at 15:44:49:500 Send 02 18 1E 1E 00 00 00 05 04 00 01 C4 D0 D3 C3 C8 CC C8 20 CA C0 D0 D2 C0 CC C8 3C 
23-07-18 at 15:44:49:516 Recived 06 02 02 1E 00 1C 
23-07-18 at 15:44:49:531 Send 06 
23-07-18 at 15:44:49:546 Send 05 
23-07-18 at 15:44:49:561 Recived 15 
23-07-18 at 15:44:49:561 Send 06 
23-07-18 at 15:44:49:576 Send 02 0A 1E 1E 00 00 00 01 01 00 01 01 0A 
23-07-18 at 15:44:49:591 Recived 06 02 02 1E 00 1C 
23-07-18 at 15:44:49:606 Send 06 
23-07-18 at 15:44:49:621 Send 05 
23-07-18 at 15:44:49:636 Recived 15 
23-07-18 at 15:44:49:636 Send 06 
23-07-18 at 15:44:49:651 Send 02 0A 1E 1E 00 00 00 01 01 00 05 02 0D 
23-07-18 at 15:44:49:666 Recived 06 02 02 1E 00 1C 
23-07-18 at 15:44:49:681 Send 06 
23-07-18 at 15:44:49:696 Send 05 
23-07-18 at 15:44:49:711 Recived 15 
23-07-18 at 15:44:49:711 Send 06 
23-07-18 at 15:44:49:726 Send 02 0A 1E 1E 00 00 00 01 01 00 23 01 28 
23-07-18 at 15:44:49:741 Recived 06 02 02 1E 00 1C 
23-07-18 at 15:44:49:756 Send 06 
23-07-18 at 15:44:49:771 Send 05 
23-07-18 at 15:44:49:786 Recived 15 
23-07-18 at 15:44:49:786 Send 06 
23-07-18 at 15:44:49:801 Send 02 0A 1E 1E 00 00 00 01 01 00 06 00 0C 
23-07-18 at 15:44:49:816 Recived 06 02 02 1E 00 1C 
23-07-18 at 15:44:49:831 Send 06 
23-07-18 at 15:44:49:846 Send 05 
23-07-18 at 15:44:49:861 Recived 15 
23-07-18 at 15:44:49:861 Send 06 
23-07-18 at 15:44:49:876 Send 02 0A 1E 1E 00 00 00 01 01 00 07 01 0C 
23-07-18 at 15:44:49:891 Recived 06 02 02 1E 00 1C 
23-07-18 at 15:44:49:906 Send 06 
23-07-18 at 15:44:49:921 Send 05 
23-07-18 at 15:44:49:936 Recived 15 
23-07-18 at 15:44:49:936 Send 06 
23-07-18 at 15:44:49:951 Send 02 0A 1E 1E 00 00 00 01 01 00 14 01 1F 
23-07-18 at 15:44:49:966 Recived 06 02 02 1E 00 1C 
23-07-18 at 15:44:49:981 Send 06 
23-07-18 at 15:44:49:996 Send 05 
23-07-18 at 15:44:50:011 Recived 15 
23-07-18 at 15:44:50:011 Send 06 
23-07-18 at 15:44:50:026 Send 02 0A 1E 1E 00 00 00 01 01 00 15 01 1E 
23-07-18 at 15:44:50:041 Recived 06 02 02 1E 00 1C 
23-07-18 at 15:44:50:056 Send 06 
23-07-18 at 15:44:50:071 Send 05 
23-07-18 at 15:44:50:086 Recived 15 
23-07-18 at 15:44:50:086 Send 06 
23-07-18 at 15:44:50:101 Send 02 0A 1E 1E 00 00 00 01 01 00 0F 00 05 
23-07-18 at 15:44:50:116 Recived 06 02 02 1E 00 1C 
23-07-18 at 15:44:50:131 Send 06 
23-07-18 at 15:44:50:146 Send 05 
23-07-18 at 15:44:50:161 Recived 15 
23-07-18 at 15:44:50:161 Send 06 
23-07-18 at 15:44:50:176 Send 02 0A 1E 1E 00 00 00 01 01 00 11 00 1B 
23-07-18 at 15:44:50:191 Recived 06 02 02 1E 00 1C 
23-07-18 at 15:44:50:206 Send 06 
23-07-18 at 15:44:50:221 Send 05 
23-07-18 at 15:44:50:236 Recived 15 
23-07-18 at 15:44:50:236 Send 06 
23-07-18 at 15:44:50:251 Send 02 0A 1E 1E 00 00 00 11 01 00 03 02 1B 
23-07-18 at 15:44:50:266 Recived 06 02 02 1E 00 1C 
23-07-18 at 15:44:50:281 Send 06 
23-07-18 at 15:44:50:296 Send 05 
23-07-18 at 15:44:50:311 Recived 15 
23-07-18 at 15:44:50:311 Send 06 
23-07-18 at 15:44:50:326 Send 02 0A 1E 1E 00 00 00 01 01 00 29 01 22 
23-07-18 at 15:44:50:341 Recived 06 02 02 1E 00 1C 
23-07-18 at 15:44:50:356 Send 06 
23-07-18 at 15:44:50:371 Send 05 
23-07-18 at 15:44:50:386 Recived 15 
23-07-18 at 15:44:50:386 Send 06 
23-07-18 at 15:44:50:401 Send 02 26 1E 1E 00 00 00 04 0C 00 01 20 20 20 20 20 20 20 20 20 20 20 C4 CE C1 D0 CE 20 CF CE C6 C0 CB CE C2 C0 D2 DC 21 00 D5 
23-07-18 at 15:44:50:419 Recived 06 02 02 1E 00 1C 
23-07-18 at 15:44:50:434 Send 06 
23-07-18 at 15:44:50:449 Send 05 
23-07-18 at 15:44:50:464 Recived 15 
23-07-18 at 15:44:50:464 Send 06 
23-07-18 at 15:44:50:479 Send 02 29 1E 1E 00 00 00 04 0D 00 01 20 20 20 20 20 20 20 20 CE CE CE 20 CA EE EC EF E0 ED E8 FF 20 27 CA CE CB CE D0 CB CE CD 27 00 CB 
23-07-18 at 15:44:50:497 Recived 06 02 02 1E 00 1C 
23-07-18 at 15:44:50:512 Send 06 
23-07-18 at 15:44:50:527 Send 05 
23-07-18 at 15:44:50:542 Recived 15 
23-07-18 at 15:44:50:542 Send 06 
23-07-18 at 15:44:50:557 Send 02 2D 1E 1E 00 00 00 04 0E 00 01 20 20 20 20 20 CC E0 E3 E0 E7 E8 ED 20 27 C2 F1 E5 20 F2 EE E2 E0 F0 FB 20 E4 EB FF 20 E4 EE EC E0 27 20 00 DE 
23-07-18 at 15:44:50:575 Recived 06 02 02 1E 00 1C 
23-07-18 at 15:44:50:590 Send 06 
23-07-18 at 15:44:50:615 now clear port error ...
23-07-18 at 15:44:50:615 now write to port ...
23-07-18 at 15:44:50:749 ... done
23-07-18 at 15:44:50:786 Send 05 
23-07-18 at 15:44:50:801 Recived 15 
23-07-18 at 15:44:50:801 Send 06 
23-07-18 at 15:44:50:816 Send 02 06 1A 1E 00 00 00 79 7B 
23-07-18 at 15:44:50:831 Recived 06 02 09 1A 00 1E 00 00 00 00 00 00 0D 
23-07-18 at 15:44:50:846 Send 06 
23-07-18 at 15:44:53:156 Cardreader  Антонов Сергей 
23-07-18 at 15:44:53:162 Send 05 
23-07-18 at 15:44:53:178 Recived 15 
23-07-18 at 15:44:53:178 Send 06 
23-07-18 at 15:44:53:193 Send 02 20 1E 1E 00 00 00 02 1E 00 02 CA E0 F1 F1 E8 F0 20 C0 ED F2 EE ED EE E2 20 D1 E5 F0 E3 E5 E9 20 00 D7 
23-07-18 at 15:44:53:211 Recived 06 02 02 1E 00 1C 
23-07-18 at 15:44:53:226 Send 06 
23-07-18 at 15:44:53:234 now clear port error ...
23-07-18 at 15:44:53:234 now write to port ...
23-07-18 at 15:44:53:367 ... done
23-07-18 at 15:44:54:156 Send 05 
23-07-18 at 15:44:54:171 Recived 15 
23-07-18 at 15:44:54:171 Send 06 
23-07-18 at 15:44:54:186 Send 02 06 FF 39 1E 00 00 00 DE 
23-07-18 at 15:44:54:201 Recived 06 02 10 FF 39 00 00 00 00 00 00 00 00 00 00 00 00 00 00 D6 
23-07-18 at 15:44:54:216 Send 06 
23-07-18 at 15:44:55:373 114
23-07-18 at 15:44:55:373 014
23-07-18 at 15:44:55:373 114
23-07-18 at 15:44:55:374 014
23-07-18 at 15:44:55:374 Попытка очистки таблицы
23-07-18 at 15:44:55:374 Попытка очистки успешна
23-07-18 at 15:44:55:375 total calculated
23-07-18 at 15:44:55:375 now show on display
23-07-18 at 15:44:55:376                     Всего:          0.00
23-07-18 at 15:44:55:376 now clear port error ...
23-07-18 at 15:44:55:376 now write to port ...
23-07-18 at 15:44:55:510 ... done
23-07-18 at 15:44:55:510 114
23-07-18 at 15:44:55:510 014
23-07-18 at 15:44:55:510 114
23-07-18 at 15:44:55:511 014
23-07-18 at 15:44:55:511 114
23-07-18 at 15:44:55:511 014
23-07-18 at 15:44:55:511 114
23-07-18 at 15:44:55:512 014
23-07-18 at 15:44:55:512 114
23-07-18 at 15:44:55:512 014
23-07-18 at 15:44:55:513 114
23-07-18 at 15:44:55:513 014
23-07-18 at 15:44:55:513 114
23-07-18 at 15:44:55:513 014
23-07-18 at 15:44:55:513 114
23-07-18 at 15:44:55:514 014
23-07-18 at 15:44:55:514 114
23-07-18 at 15:44:55:514 014
23-07-18 at 15:44:55:514 114
23-07-18 at 15:44:55:515 014
23-07-18 at 15:44:55:515 114
23-07-18 at 15:44:55:515 014
23-07-18 at 15:44:55:515 114
23-07-18 at 15:44:55:516 014
23-07-18 at 15:44:55:516 114
23-07-18 at 15:44:55:516 014
23-07-18 at 15:44:55:524 114
23-07-18 at 15:44:55:525 014
23-07-18 at 15:44:55:525 101
23-07-18 at 15:44:55:525 001
23-07-18 at 15:44:55:526 total calculated
23-07-18 at 15:44:55:545 now show on display
23-07-18 at 15:44:55:545 RU25194 ТЕТРАДЬ 1  7Всего:          7.00
23-07-18 at 15:44:55:545 now clear port error ...
23-07-18 at 15:44:55:545 now write to port ...
23-07-18 at 15:44:55:681 ... done
23-07-18 at 15:44:55:782 114
23-07-18 at 15:44:55:782 014
23-07-18 at 15:44:55:782 114
23-07-18 at 15:44:55:782 014
23-07-18 at 15:44:55:784 total calculated
23-07-18 at 15:44:55:788 now show on display
23-07-18 at 15:44:55:788 RU25194 ТЕТРАДЬ 1  7Всего:          7.00
23-07-18 at 15:44:55:788 now clear port error ...
23-07-18 at 15:44:55:788 now write to port ...
23-07-18 at 15:44:55:922 ... done
23-07-18 at 15:44:55:922 114
23-07-18 at 15:44:55:923 014
23-07-18 at 15:44:55:923 114
23-07-18 at 15:44:55:923 014
23-07-18 at 15:44:55:923 114
23-07-18 at 15:44:55:924 014
23-07-18 at 15:44:55:924 114
23-07-18 at 15:44:55:924 014
23-07-18 at 15:44:55:924 114
23-07-18 at 15:44:55:925 014
23-07-18 at 15:44:55:925 114
23-07-18 at 15:44:55:925 014
23-07-18 at 15:44:55:925 114
23-07-18 at 15:44:55:926 014
23-07-18 at 15:44:55:926 114
23-07-18 at 15:44:55:926 014
23-07-18 at 15:44:55:926 114
23-07-18 at 15:44:55:926 014
23-07-18 at 15:44:55:927 114
23-07-18 at 15:44:55:927 014
23-07-18 at 15:44:55:927 114
23-07-18 at 15:44:55:927 014
23-07-18 at 15:44:55:928 114
23-07-18 at 15:44:55:928 014
23-07-18 at 15:44:55:928 114
23-07-18 at 15:44:55:928 014
23-07-18 at 15:44:55:935 114
23-07-18 at 15:44:55:935 014
23-07-18 at 15:44:55:935 101
23-07-18 at 15:44:55:935 001
23-07-18 at 15:44:55:936 total calculated
23-07-18 at 15:44:55:946 now show on display
23-07-18 at 15:44:55:946 * Обои Палитра   350Всего:        357.00
23-07-18 at 15:44:55:947 now clear port error ...
23-07-18 at 15:44:55:947 now write to port ...
23-07-18 at 15:44:56:094 ... done
23-07-18 at 15:44:56:194 114
23-07-18 at 15:44:56:194 014
23-07-18 at 15:44:56:194 114
23-07-18 at 15:44:56:194 014
23-07-18 at 15:44:56:196 total calculated
23-07-18 at 15:44:56:199 now show on display
23-07-18 at 15:44:56:200 * Обои Палитра   350Всего:        357.00
23-07-18 at 15:44:56:200 now clear port error ...
23-07-18 at 15:44:56:200 now write to port ...
23-07-18 at 15:44:56:334 ... done
23-07-18 at 15:44:56:334 114
23-07-18 at 15:44:56:334 014
23-07-18 at 15:44:56:335 114
23-07-18 at 15:44:56:335 014
23-07-18 at 15:44:56:335 114
23-07-18 at 15:44:56:335 014
23-07-18 at 15:44:56:336 114
23-07-18 at 15:44:56:336 014
23-07-18 at 15:44:56:336 114
23-07-18 at 15:44:56:336 014
23-07-18 at 15:44:56:337 114
23-07-18 at 15:44:56:337 014
23-07-18 at 15:44:56:337 114
23-07-18 at 15:44:56:337 014
23-07-18 at 15:44:56:338 114
23-07-18 at 15:44:56:338 014
23-07-18 at 15:44:56:338 114
23-07-18 at 15:44:56:338 014
23-07-18 at 15:44:56:338 114
23-07-18 at 15:44:56:339 014
23-07-18 at 15:44:56:339 114
23-07-18 at 15:44:56:339 014
23-07-18 at 15:44:56:339 114
23-07-18 at 15:44:56:340 014
23-07-18 at 15:44:56:340 114
23-07-18 at 15:44:56:340 014
23-07-18 at 15:44:56:346 114
23-07-18 at 15:44:56:347 014
23-07-18 at 15:44:56:347 101
23-07-18 at 15:44:56:347 001
23-07-18 at 15:44:56:348 total calculated
23-07-18 at 15:44:56:357 now show on display
23-07-18 at 15:44:56:357 10775 шапочка тр  56Всего:        413.00
23-07-18 at 15:44:56:357 now clear port error ...
23-07-18 at 15:44:56:357 now write to port ...
23-07-18 at 15:44:56:506 ... done
23-07-18 at 15:44:59:348  Нажата клавиша F10.
23-07-18 at 15:44:59:348 114
23-07-18 at 15:44:59:348 014
23-07-18 at 15:44:59:349 115
23-07-18 at 15:44:59:349 015
23-07-18 at 15:44:59:350 total calculated
23-07-18 at 15:44:59:353 now show on display
23-07-18 at 15:44:59:354 10775 шапочка тр  56Всего:        413.00
23-07-18 at 15:44:59:354 now clear port error ...
23-07-18 at 15:44:59:354 now write to port ...
23-07-18 at 15:44:59:488 ... done
23-07-18 at 15:44:59:501 now clear port error ...
23-07-18 at 15:44:59:501 now write to port ...
23-07-18 at 15:44:59:659 ... done
23-07-18 at 15:44:59:660 now clear port error ...
23-07-18 at 15:44:59:660 now write to port ...
23-07-18 at 15:44:59:831 ... done
23-07-18 at 15:45:00:631 now clear port error ...
23-07-18 at 15:45:00:631 now write to port ...
23-07-18 at 15:45:00:765 ... done
23-07-18 at 15:45:00:771 Send 05 
23-07-18 at 15:45:00:786 Recived 15 
23-07-18 at 15:45:00:786 Send 06 
23-07-18 at 15:45:00:801 Send 02 06 28 1E 00 00 00 00 30 
23-07-18 at 15:45:00:816 Recived 06 02 03 28 00 1E 35 
23-07-18 at 15:45:00:831 Send 06 
23-07-18 at 15:45:00:840 Вход в FRInit
23-07-18 at 15:45:00:840 Вход в GetStatus
23-07-18 at 15:45:00:846 Send 05 
23-07-18 at 15:45:00:861 Recived 15 
23-07-18 at 15:45:00:861 Send 06 
23-07-18 at 15:45:00:876 Send 02 05 11 1E 00 00 00 0A 
23-07-18 at 15:45:00:891 Recived 06 02 30 11 00 1E 43 31 1C B3 14 0C 11 01 F9 00 B2 02 02 00 00 4E 41 00 00 01 01 10 17 07 12 0F 2D 01 00 2E 5D 00 00 3A 00 00 00 00 00 EF 95 10 42 01 00 FF 
23-07-18 at 15:45:00:906 Send 06 
23-07-18 at 15:45:00:915 KKMStatus 0000
23-07-18 at 15:45:00:921 Send 05 
23-07-18 at 15:45:00:936 Recived 15 
23-07-18 at 15:45:00:936 Send 06 
23-07-18 at 15:45:00:951 Send 02 06 8D 1E 00 00 00 00 95 
23-07-18 at 15:45:00:966 Recived 06 
23-07-18 at 15:45:00:981 Recived 02 03 8D 00 1E 90 
23-07-18 at 15:45:00:996 Send 06 
23-07-18 at 15:45:01:011 Send 05 
23-07-18 at 15:45:01:026 Recived 15 
23-07-18 at 15:45:01:026 Send 06 
23-07-18 at 15:45:01:041 Send 02 0A C2 1E 00 00 00 FC A7 20 85 15 3D 
23-07-18 at 15:45:01:056 Recived 06 02 03 C2 00 1E DF 
23-07-18 at 15:45:01:071 Send 06 
23-07-18 at 15:45:01:086 Send 05 
23-07-18 at 15:45:01:101 Recived 15 
23-07-18 at 15:45:01:101 Send 06 
23-07-18 at 15:45:01:116 Send 02 2E 17 1E 00 00 00 03 3D 3D 3D 3D 3D 3D 3D 3D 3D 3D 3D 3D 3D 3D 3D 3D 3D 3D 3D 3D 3D 3D 3D 3D 3D 3D 3D 3D 3D 3D 3D 3D 3D 3D 3D 3D 3D 3D 3D 3D 24 
23-07-18 at 15:45:01:135 Recived 06 02 03 17 00 1E 0A 
23-07-18 at 15:45:01:150 Send 06 
23-07-18 at 15:45:01:165 Send 05 
23-07-18 at 15:45:01:180 Recived 15 
23-07-18 at 15:45:01:180 Send 06 
23-07-18 at 15:45:01:195 Send 02 2E 17 1E 00 00 00 03 20 20 20 20 20 20 20 D7 C5 CA 20 30 32 2D 33 38 35 34 2D 31 38 30 37 2D 32 33 31 35 2D 34 35 30 30 00 00 00 00 00 00 00 FE 
23-07-18 at 15:45:01:214 Recived 06 02 03 17 00 1E 0A 
23-07-18 at 15:45:01:229 Send 06 
23-07-18 at 15:45:01:244 Send 05 
23-07-18 at 15:45:01:259 Recived 15 
23-07-18 at 15:45:01:259 Send 06 
23-07-18 at 15:45:01:274 Send 02 2E 17 1E 00 00 00 03 3D 3D 3D 3D 3D 3D 3D 3D 3D 3D 3D 3D 3D 3D 3D 3D 3D 3D 3D 3D 3D 3D 3D 3D 3D 3D 3D 3D 3D 3D 3D 3D 3D 3D 3D 3D 3D 3D 3D 3D 24 
23-07-18 at 15:45:01:293 Recived 06 02 03 17 00 1E 0A 
23-07-18 at 15:45:01:308 Send 06 
23-07-18 at 15:45:01:323 Send 05 
23-07-18 at 15:45:01:338 Recived 15 
23-07-18 at 15:45:01:338 Send 06 
23-07-18 at 15:45:01:353 Send 02 3C 80 1E 00 00 00 E8 03 00 00 00 BC 02 00 00 00 00 02 00 00 00 2F 2F 32 38 35 36 30 32 38 30 34 31 34 31 20 52 55 32 35 31 39 34 20 D2 C5 D2 D0 C0 C4 DC 20 31 32 20 CB 2E 2C 20 CA 00 27 
23-07-18 at 15:45:01:372 Recived 06 02 03 80 00 1E 9D 
23-07-18 at 15:45:01:387 Send 06 
23-07-18 at 15:45:01:402 Send 05 
23-07-18 at 15:45:01:417 Recived 15 
23-07-18 at 15:45:01:417 Send 06 
23-07-18 at 15:45:01:432 Send 02 3C 80 1E 00 00 00 E8 03 00 00 00 B8 88 00 00 00 00 01 00 00 00 2F 2F 32 38 30 37 31 30 33 30 32 30 31 38 20 2A 20 CE E1 EE E8 20 CF E0 EB E8 F2 F0 E0 20 36 30 36 33 2D 32 38 20 20 00 95 
23-07-18 at 15:45:01:451 Recived 06 02 03 80 00 1E 9D 
23-07-18 at 15:45:01:466 Send 06 
23-07-18 at 15:45:01:481 Send 05 
23-07-18 at 15:45:01:496 Recived 15 
23-07-18 at 15:45:01:496 Send 06 
23-07-18 at 15:45:01:511 Send 02 3C 80 1E 00 00 00 E8 03 00 00 00 E0 15 00 00 00 00 02 00 00 00 2F 2F 32 38 35 33 30 32 32 30 31 30 30 30 20 31 30 37 37 35 20 F8 E0 EF EE F7 EA E0 20 F2 F0 E8 EA EE F2 2E FF F1 E5 00 9A 
23-07-18 at 15:45:01:530 Recived 06 02 03 80 00 1E 9D 
23-07-18 at 15:45:01:545 Send 06 
23-07-18 at 15:45:01:560 Send 05 
23-07-18 at 15:45:01:575 Recived 15 
23-07-18 at 15:45:01:575 Send 06 
23-07-18 at 15:45:01:590 Send 02 2E 17 1E 00 00 00 03 32 38 35 36 30 32 38 30 34 31 34 31 20 52 55 32 35 31 39 34 20 D2 C5 D2 D0 C0 C4 DC 20 31 32 20 CB 2E 2C 20 00 00 00 00 3C 
23-07-18 at 15:45:01:609 Recived 06 02 03 17 00 1E 0A 
23-07-18 at 15:45:01:624 Send 06 
23-07-18 at 15:45:01:639 Send 05 
23-07-18 at 15:45:01:654 Recived 15 
23-07-18 at 15:45:01:654 Send 06 
23-07-18 at 15:45:01:669 Send 02 2E 17 1E 00 00 00 03 CA CB 2E 20 CF CE CB 2E 20 4D 49 43 4B 45 59 20 46 4F 4F 54 42 41 4C 4C 20 2F 32 35 2F 33 30 30 2F 20 20 20 28 F8 F2 29 DE 
23-07-18 at 15:45:01:688 Recived 06 02 03 17 00 1E 0A 
23-07-18 at 15:45:01:703 Send 06 
23-07-18 at 15:45:01:718 Send 05 
23-07-18 at 15:45:01:733 Recived 15 
23-07-18 at 15:45:01:733 Send 06 
23-07-18 at 15:45:01:748 Send 02 2E 17 1E 00 00 00 03 20 20 20 20 20 20 20 20 20 20 20 20 20 20 20 20 20 20 20 20 20 20 20 20 20 20 20 20 31 2E 30 30 30 20 58 20 37 2E 30 30 4A 
23-07-18 at 15:45:01:767 Recived 06 02 03 17 00 1E 0A 
23-07-18 at 15:45:01:782 Send 06 
23-07-18 at 15:45:01:797 Send 05 
23-07-18 at 15:45:01:812 Recived 15 
23-07-18 at 15:45:01:812 Send 06 
23-07-18 at 15:45:01:827 Send 02 2E 17 1E 00 00 00 03 D1 F3 EC EC E0 2C E2 20 F2 2E F7 2E CD C4 D1 20 31 30 25 20 20 20 20 20 20 20 20 20 20 20 20 20 20 20 3D 20 37 2E 30 30 F5 
23-07-18 at 15:45:01:846 Recived 06 02 03 17 00 1E 0A 
23-07-18 at 15:45:01:861 Send 06 
23-07-18 at 15:45:01:876 Send 05 
23-07-18 at 15:45:01:891 Recived 15 
23-07-18 at 15:45:01:891 Send 06 
23-07-18 at 15:45:01:906 Send 02 2E 17 1E 00 00 00 03 32 38 30 37 31 30 33 30 32 30 31 38 20 2A 20 CE E1 EE E8 20 CF E0 EB E8 F2 F0 E0 20 36 30 36 33 2D 32 38 20 00 00 00 00 E9 
23-07-18 at 15:45:01:925 Recived 06 02 03 17 00 1E 0A 
23-07-18 at 15:45:01:940 Send 06 
23-07-18 at 15:45:01:955 Send 05 
23-07-18 at 15:45:01:970 Recived 15 
23-07-18 at 15:45:01:970 Send 06 
23-07-18 at 15:45:01:985 Send 02 2E 17 1E 00 00 00 03 F5 31 32 20 E2 E8 ED E8 EB 20 30 2C 35 33 2A 31 30 2C 30 35 EC 20 20 20 20 20 20 20 20 20 20 20 20 20 20 20 28 F8 F2 29 E9 
23-07-18 at 15:45:02:004 Recived 06 02 03 17 00 1E 0A 
23-07-18 at 15:45:02:019 Send 06 
23-07-18 at 15:45:02:034 Send 05 
23-07-18 at 15:45:02:049 Recived 15 
23-07-18 at 15:45:02:049 Send 06 
23-07-18 at 15:45:02:064 Send 02 2E 17 1E 00 00 00 03 20 20 20 20 20 20 20 20 20 20 20 20 20 20 20 20 20 20 20 20 20 20 20 20 20 20 31 2E 30 30 30 20 58 20 33 35 30 2E 30 30 4B 
23-07-18 at 15:45:02:083 Recived 06 02 03 17 00 1E 0A 
23-07-18 at 15:45:02:098 Send 06 
23-07-18 at 15:45:02:113 Send 05 
23-07-18 at 15:45:02:128 Recived 15 
23-07-18 at 15:45:02:128 Send 06 
23-07-18 at 15:45:02:143 Send 02 2E 17 1E 00 00 00 03 D1 F3 EC EC E0 2C E2 20 F2 2E F7 2E CD C4 D1 20 31 38 25 20 20 20 20 20 20 20 20 20 20 20 20 20 3D 20 33 35 30 2E 30 30 FC 
23-07-18 at 15:45:02:162 Recived 06 02 03 17 00 1E 0A 
23-07-18 at 15:45:02:177 Send 06 
23-07-18 at 15:45:02:192 Send 05 
23-07-18 at 15:45:02:207 Recived 15 
23-07-18 at 15:45:02:207 Send 06 
23-07-18 at 15:45:02:222 Send 02 2E 17 1E 00 00 00 03 32 38 35 33 30 32 32 30 31 30 30 30 20 31 30 37 37 35 20 F8 E0 EF EE F7 EA E0 20 00 00 00 00 00 00 00 00 00 00 00 00 00 D9 
23-07-18 at 15:45:02:241 Recived 06 02 03 17 00 1E 0A 
23-07-18 at 15:45:02:256 Send 06 
23-07-18 at 15:45:02:271 Send 05 
23-07-18 at 15:45:02:286 Recived 15 
23-07-18 at 15:45:02:286 Send 06 
23-07-18 at 15:45:02:301 Send 02 2E 17 1E 00 00 00 03 F2 F0 E8 EA EE F2 2E FF F1 E5 EB FC ED E0 FF 20 30 2F 36 20 EC E5 F1 20 20 20 20 20 20 20 20 20 20 20 20 20 28 F8 F2 29 E2 
23-07-18 at 15:45:02:320 Recived 06 02 03 17 00 1E 0A 
23-07-18 at 15:45:02:335 Send 06 
23-07-18 at 15:45:02:350 Send 05 
23-07-18 at 15:45:02:365 Recived 15 
23-07-18 at 15:45:02:365 Send 06 
23-07-18 at 15:45:02:380 Send 02 2E 17 1E 00 00 00 03 20 20 20 20 20 20 20 20 20 20 20 20 20 20 20 20 20 20 20 20 20 20 20 20 20 20 20 31 2E 30 30 30 20 58 20 35 36 2E 30 30 5E 
23-07-18 at 15:45:02:399 Recived 06 02 03 17 00 1E 0A 
23-07-18 at 15:45:02:414 Send 06 
23-07-18 at 15:45:02:429 Send 05 
23-07-18 at 15:45:02:444 Recived 15 
23-07-18 at 15:45:02:444 Send 06 
23-07-18 at 15:45:02:459 Send 02 2E 17 1E 00 00 00 03 D1 F3 EC EC E0 2C E2 20 F2 2E F7 2E CD C4 D1 20 31 30 25 20 20 20 20 20 20 20 20 20 20 20 20 20 20 3D 20 35 36 2E 30 30 E1 
23-07-18 at 15:45:02:478 Recived 06 02 03 17 00 1E 0A 
23-07-18 at 15:45:02:493 Send 06 
23-07-18 at 15:45:02:508 Send 05 
23-07-18 at 15:45:02:523 Recived 15 
23-07-18 at 15:45:02:523 Send 06 
23-07-18 at 15:45:02:538 Send 02 2E 17 1E 00 00 00 03 3D 3D 3D 3D 3D 3D 3D 3D 3D 3D 3D 3D 3D 3D 3D 3D 3D 3D 3D 3D 3D 3D 3D 3D 3D 3D 3D 3D 3D 3D 3D 3D 3D 3D 3D 3D 3D 3D 3D 3D 24 
23-07-18 at 15:45:02:557 Recived 06 02 03 17 00 1E 0A 
23-07-18 at 15:45:02:572 Send 06 
23-07-18 at 15:45:02:587 Send 05 
23-07-18 at 15:45:02:602 Recived 15 
23-07-18 at 15:45:02:602 Send 06 
23-07-18 at 15:45:02:617 Send 02 2E 17 1E 00 00 00 03 20 00 00 00 00 00 00 00 00 00 00 00 00 00 00 00 00 00 00 00 00 00 00 00 00 00 00 00 00 00 00 00 00 00 00 00 00 00 00 00 04 
23-07-18 at 15:45:02:636 Recived 06 02 03 17 00 1E 0A 
23-07-18 at 15:45:02:651 Send 06 
23-07-18 at 15:45:02:666 Send 05 
23-07-18 at 15:45:02:681 Recived 15 
23-07-18 at 15:45:02:681 Send 06 
23-07-18 at 15:45:02:696 Send 02 2E 17 1E 00 00 00 03 20 20 20 20 CE EF EB E0 F2 E0 20 EF F0 E8 ED FF F2 E0 20 F1 20 E1 EB E0 E3 EE E4 E0 F0 ED EE F1 F2 FC FE 00 00 00 00 00 2B 
23-07-18 at 15:45:02:715 Recived 06 02 03 17 00 1E 0A 
23-07-18 at 15:45:02:730 Send 06 
23-07-18 at 15:45:02:745 Send 05 
23-07-18 at 15:45:02:760 Recived 15 
23-07-18 at 15:45:02:760 Send 06 
23-07-18 at 15:45:02:775 Send 02 2E 17 1E 00 00 00 03 20 20 C6 E4 E5 EC 20 E2 E0 F1 20 E5 E6 E5 E4 ED E5 E2 ED EE 20 F1 20 39 2E 30 30 20 E4 EE 20 32 32 2E 30 30 00 00 00 00 D5 
23-07-18 at 15:45:02:794 Recived 06 02 03 17 00 1E 0A 
23-07-18 at 15:45:02:809 Send 06 
23-07-18 at 15:45:02:824 Send 05 
23-07-18 at 15:45:02:839 Recived 15 
23-07-18 at 15:45:02:839 Send 06 
23-07-18 at 15:45:02:854 Send 02 2E 17 1E 00 00 00 03 20 20 20 20 EF EE 20 E0 E4 F0 E5 F1 F3 3A 36 33 30 30 32 37 2C E3 2E CD EE E2 EE F1 E8 E1 E8 F0 F1 EA 2C 00 00 00 00 00 35 
23-07-18 at 15:45:02:873 Recived 06 02 03 17 00 1E 0A 
23-07-18 at 15:45:02:888 Send 06 
23-07-18 at 15:45:02:903 Send 05 
23-07-18 at 15:45:02:918 Recived 15 
23-07-18 at 15:45:02:918 Send 06 
23-07-18 at 15:45:02:933 Send 02 2E 17 1E 00 00 00 03 F3 EB 2E D2 EE EB EC E0 F7 E5 E2 F1 EA E0 FF 2C 20 31 39 E0 20 EA 2E 32 2C 20 F2 E5 EB 2E 3A 33 36 33 2D 30 35 2D 30 35 DD 
23-07-18 at 15:45:02:952 Recived 06 02 03 17 00 1E 0A 
23-07-18 at 15:45:02:967 Send 06 
23-07-18 at 15:45:02:982 Send 05 
23-07-18 at 15:45:02:997 Recived 15 
23-07-18 at 15:45:02:997 Send 06 
23-07-18 at 15:45:03:012 Send 02 47 85 1E 00 00 00 54 A1 00 00 00 00 00 00 00 00 00 00 00 00 00 00 00 00 00 00 00 00 00 00 00 00 20 00 00 00 00 00 00 00 00 00 00 00 00 00 00 00 00 00 00 00 00 00 00 00 00 00 00 00 00 00 00 00 00 00 00 00 00 00 00 00 09 
23-07-18 at 15:45:03:033 Recived 06 
23-07-18 at 15:45:04:128 Recived 02 08 85 00 1E 00 00 00 00 00 93 
23-07-18 at 15:45:04:143 Send 06 
23-07-18 at 15:45:04:150 WAIT_OBJECT_0
23-07-18 at 15:45:04:165 WritePresent
23-07-18 at 15:45:04:165 UpdateCentralCounts
23-07-18 at 15:45:04:251 UpdateCentralCounts
23-07-18 at 15:45:04:251 ActivateGiftCards(PresentGrid)
23-07-18 at 15:45:04:252 ActivateGiftCards(Grid)
23-07-18 at 15:45:04:252 GiftCardDoPayments
23-07-18 at 15:45:04:252 GiftCardClearPayments
23-07-18 at 15:45:04:252 Попытка очистки таблицы
23-07-18 at 15:45:04:253 Попытка очистки успешна
23-07-18 at 15:45:04:253 Попытка очистки таблицы
23-07-18 at 15:45:04:253 Попытка очистки успешна
23-07-18 at 15:45:04:253 total calculated
23-07-18 at 15:45:04:253 now show on display
23-07-18 at 15:45:04:254                     Всего:          0.00
23-07-18 at 15:45:04:254 now clear port error ...
23-07-18 at 15:45:04:254 now write to port ...
23-07-18 at 15:45:04:387 ... done
23-07-18 at 15:45:04:388 now clear port error ...
23-07-18 at 15:45:04:388 now write to port ...
23-07-18 at 15:45:04:559 ... done
23-07-18 at 15:45:04:562 116
23-07-18 at 15:45:04:562 016
23-07-18 at 15:46:59:688 Send 05 
23-07-18 at 15:46:59:703 Recived 15 
23-07-18 at 15:46:59:703 Send 06 
23-07-18 at 15:46:59:718 Send 02 06 FF 39 1E 00 00 00 DE 
23-07-18 at 15:46:59:733 Recived 06 02 10 FF 39 00 00 00 00 00 00 00 00 00 00 00 00 00 00 D6 
23-07-18 at 15:46:59:748 Send 06 
23-07-18 at 15:49:00:888 Send 05 
23-07-18 at 15:49:00:903 Recived 15 
23-07-18 at 15:49:00:903 Send 06 
23-07-18 at 15:49:00:918 Send 02 06 FF 39 1E 00 00 00 DE 
23-07-18 at 15:49:00:933 Recived 06 02 10 FF 39 00 00 00 00 00 00 00 00 00 00 00 00 00 00 D6 
23-07-18 at 15:49:00:948 Send 06 
23-07-18 at 15:51:02:073 Send 05 
23-07-18 at 15:51:02:088 Recived 15 
23-07-18 at 15:51:02:088 Send 06 
23-07-18 at 15:51:02:103 Send 02 06 FF 39 1E 00 00 00 DE 
23-07-18 at 15:51:02:118 Recived 06 02 10 FF 39 00 00 00 00 00 00 00 00 00 00 00 00 00 00 D6 
23-07-18 at 15:51:02:133 Send 06 
23-07-18 at 15:53:03:258 Send 05 
23-07-18 at 15:53:03:273 Recived 15 
23-07-18 at 15:53:03:273 Send 06 
23-07-18 at 15:53:03:288 Send 02 06 FF 39 1E 00 00 00 DE 
23-07-18 at 15:53:03:303 Recived 06 02 10 FF 39 00 00 00 00 00 00 00 00 00 00 00 00 00 00 D6 
23-07-18 at 15:53:03:318 Send 06 
23-07-18 at 15:55:04:443 Send 05 
23-07-18 at 15:55:04:458 Recived 15 
23-07-18 at 15:55:04:458 Send 06 
23-07-18 at 15:55:04:473 Send 02 06 FF 39 1E 00 00 00 DE 
23-07-18 at 15:55:04:488 Recived 06 02 10 FF 39 00 00 00 00 00 00 00 00 00 00 00 00 00 00 D6 
23-07-18 at 15:55:04:503 Send 06 
23-07-18 at 15:57:05:628 Send 05 
23-07-18 at 15:57:05:643 Recived 15 
23-07-18 at 15:57:05:643 Send 06 
23-07-18 at 15:57:05:658 Send 02 06 FF 39 1E 00 00 00 DE 
23-07-18 at 15:57:05:673 Recived 06 02 10 FF 39 00 00 00 00 00 00 00 00 00 00 00 00 00 00 D6 
23-07-18 at 15:57:05:688 Send 06 
23-07-18 at 15:59:06:813 Send 05 
23-07-18 at 15:59:06:828 Recived 15 
23-07-18 at 15:59:06:828 Send 06 
23-07-18 at 15:59:06:843 Send 02 06 FF 39 1E 00 00 00 DE 
23-07-18 at 15:59:06:858 Recived 06 02 10 FF 39 00 00 00 00 00 00 00 00 00 00 00 00 00 00 D6 
23-07-18 at 15:59:06:873 Send 06 
23-07-18 at 16:01:07:998 Send 05 
23-07-18 at 16:01:08:013 Recived 15 
23-07-18 at 16:01:08:013 Send 06 
23-07-18 at 16:01:08:028 Send 02 06 FF 39 1E 00 00 00 DE 
23-07-18 at 16:01:08:043 Recived 06 02 10 FF 39 00 00 00 00 00 00 00 00 00 00 00 00 00 00 D6 
23-07-18 at 16:01:08:058 Send 06 
23-07-18 at 16:03:09:183 Send 05 
23-07-18 at 16:03:09:198 Recived 15 
23-07-18 at 16:03:09:198 Send 06 
23-07-18 at 16:03:09:213 Send 02 06 FF 39 1E 00 00 00 DE 
23-07-18 at 16:03:09:228 Recived 06 02 10 FF 39 00 00 00 00 00 00 00 00 00 00 00 00 00 00 D6 
23-07-18 at 16:03:09:243 Send 06 
23-07-18 at 16:05:10:368 Send 05 
23-07-18 at 16:05:10:383 Recived 15 
23-07-18 at 16:05:10:383 Send 06 
23-07-18 at 16:05:10:398 Send 02 06 FF 39 1E 00 00 00 DE 
23-07-18 at 16:05:10:413 Recived 06 02 10 FF 39 00 00 00 00 00 00 00 00 00 00 00 00 00 00 D6 
23-07-18 at 16:05:10:428 Send 06 
23-07-18 at 16:07:02:752 total calculated
23-07-18 at 16:07:02:752 now show on display
23-07-18 at 16:07:02:752                     Всего:          0.00
23-07-18 at 16:07:02:753 now clear port error ...
23-07-18 at 16:07:02:753 now write to port ...
23-07-18 at 16:07:02:886 ... done
23-07-18 at 16:07:02:887 total calculated
23-07-18 at 16:07:02:887 now show on display
23-07-18 at 16:07:02:887                     Всего:          0.00
23-07-18 at 16:07:02:887 now clear port error ...
23-07-18 at 16:07:02:888 now write to port ...
23-07-18 at 16:07:03:058 ... done
23-07-18 at 16:07:03:061 111
23-07-18 at 16:07:03:061 Выход из программы
