10-05-18 at 10:54:55:421 Запуск программы. Инициализация считана из файла
10-05-18 at 10:54:55:422 Чек загружен.
10-05-18 at 10:54:55:422 Чек загружен.
10-05-18 at 10:54:55:423 Попытка входа в критическую секцию: дисконт
10-05-18 at 10:54:55:423 total calculated
10-05-18 at 10:54:55:423 now show on display
10-05-18 at 10:54:55:423                     Всего:        355.52
10-05-18 at 10:54:55:423 now open port for display
10-05-18 at 10:54:55:424 Com port opened
10-05-18 at 10:54:55:425 now clear port error ...
10-05-18 at 10:54:55:425 now write to port ...
10-05-18 at 10:54:55:558 ... done
10-05-18 at 10:54:55:558 Чек сжат
10-05-18 at 10:54:55:558 Сумма чека посчитана
10-05-18 at 10:54:55:559 Кардридер создан
10-05-18 at 10:54:55:559 Задание запуска модулей создано
10-05-18 at 10:54:55:559 Сканер создан
10-05-18 at 10:54:55:559 Регистратор создан
10-05-18 at 10:54:55:560 Часы созданы
10-05-18 at 10:54:55:561 Регистратор запущен
10-05-18 at 10:54:55:561 Сканер запущен
10-05-18 at 10:54:55:561 Часы запущены
10-05-18 at 10:54:55:561 Кардридер запущен
10-05-18 at 10:54:55:562 Передача данных запущена
10-05-18 at 10:54:55:562 Вход в FRInit
10-05-18 at 10:54:55:562 Вход в GetStatus
10-05-18 at 10:54:55:578 Send 05 
10-05-18 at 10:54:55:593 Recived 15 
10-05-18 at 10:54:55:593 Send 06 
10-05-18 at 10:54:55:608 Send 02 05 11 1E 00 00 00 0A 
10-05-18 at 10:54:55:623 Recived 06 02 30 11 00 1E 43 31 1C B3 14 0C 11 01 4F 00 B2 02 03 00 00 4E 41 00 00 01 01 10 0A 05 12 0A 36 38 00 2E 5D 00 00 1D 00 00 00 00 00 EF 95 10 42 01 00 57 
10-05-18 at 10:54:55:638 Send 06 
10-05-18 at 10:54:55:639 KKMStatus 0000
10-05-18 at 10:54:55:653 Send 05 
10-05-18 at 10:54:55:668 Recived 15 
10-05-18 at 10:54:55:668 Send 06 
10-05-18 at 10:54:55:683 Send 02 05 11 1E 00 00 00 0A 
10-05-18 at 10:54:55:698 Recived 06 02 30 11 00 1E 43 31 1C B3 14 0C 11 01 4F 00 B2 02 03 00 00 4E 41 00 00 01 01 10 0A 05 12 0A 36 38 00 2E 5D 00 00 1D 00 00 00 00 00 EF 95 10 42 01 00 57 
10-05-18 at 10:54:55:713 Send 06 
10-05-18 at 10:54:55:714 KKMStatus 0300
10-05-18 at 10:54:55:714 Номер ФР считан
10-05-18 at 10:54:55:901 СУБД подключена
10-05-18 at 10:54:55:926 Send 05 
10-05-18 at 10:54:55:941 Recived 15 
10-05-18 at 10:54:55:941 Send 06 
10-05-18 at 10:54:55:956 Send 02 17 1E 1E 00 00 00 05 03 00 01 CA 41 D0 D2 CE C9 20 56 49 53 41 2F 4D 43 92 
10-05-18 at 10:54:55:972 Recived 06 02 02 1E 00 1C 
10-05-18 at 10:54:55:987 Send 06 
10-05-18 at 10:54:56:002 Send 05 
10-05-18 at 10:54:56:017 Recived 15 
10-05-18 at 10:54:56:017 Send 06 
10-05-18 at 10:54:56:032 Send 02 18 1E 1E 00 00 00 05 04 00 01 C4 D0 D3 C3 C8 CC C8 20 CA C0 D0 D2 C0 CC C8 3C 
10-05-18 at 10:54:56:048 Recived 06 02 02 1E 00 1C 
10-05-18 at 10:54:56:063 Send 06 
10-05-18 at 10:54:56:078 Send 05 
10-05-18 at 10:54:56:093 Recived 15 
10-05-18 at 10:54:56:093 Send 06 
10-05-18 at 10:54:56:108 Send 02 0A 1E 1E 00 00 00 01 01 00 01 01 0A 
10-05-18 at 10:54:56:123 Recived 06 02 02 1E 00 1C 
10-05-18 at 10:54:56:138 Send 06 
10-05-18 at 10:54:56:153 Send 05 
10-05-18 at 10:54:56:168 Recived 15 
10-05-18 at 10:54:56:168 Send 06 
10-05-18 at 10:54:56:183 Send 02 0A 1E 1E 00 00 00 01 01 00 05 02 0D 
10-05-18 at 10:54:56:198 Recived 06 02 02 1E 00 1C 
10-05-18 at 10:54:56:213 Send 06 
10-05-18 at 10:54:56:228 Send 05 
10-05-18 at 10:54:56:243 Recived 15 
10-05-18 at 10:54:56:243 Send 06 
10-05-18 at 10:54:56:258 Send 02 0A 1E 1E 00 00 00 01 01 00 23 01 28 
10-05-18 at 10:54:56:273 Recived 06 02 02 1E 00 1C 
10-05-18 at 10:54:56:288 Send 06 
10-05-18 at 10:54:56:303 Send 05 
10-05-18 at 10:54:56:318 Recived 15 
10-05-18 at 10:54:56:318 Send 06 
10-05-18 at 10:54:56:333 Send 02 0A 1E 1E 00 00 00 01 01 00 06 00 0C 
10-05-18 at 10:54:56:348 Recived 06 02 02 1E 00 1C 
10-05-18 at 10:54:56:363 Send 06 
10-05-18 at 10:54:56:378 Send 05 
10-05-18 at 10:54:56:393 Recived 15 
10-05-18 at 10:54:56:393 Send 06 
10-05-18 at 10:54:56:408 Send 02 0A 1E 1E 00 00 00 01 01 00 07 01 0C 
10-05-18 at 10:54:56:423 Recived 06 02 02 1E 00 1C 
10-05-18 at 10:54:56:438 Send 06 
10-05-18 at 10:54:56:453 Send 05 
10-05-18 at 10:54:56:468 Recived 15 
10-05-18 at 10:54:56:468 Send 06 
10-05-18 at 10:54:56:483 Send 02 0A 1E 1E 00 00 00 01 01 00 14 01 1F 
10-05-18 at 10:54:56:498 Recived 06 02 02 1E 00 1C 
10-05-18 at 10:54:56:513 Send 06 
10-05-18 at 10:54:56:528 Send 05 
10-05-18 at 10:54:56:543 Recived 15 
10-05-18 at 10:54:56:543 Send 06 
10-05-18 at 10:54:56:558 Send 02 0A 1E 1E 00 00 00 01 01 00 15 01 1E 
10-05-18 at 10:54:56:573 Recived 06 02 02 1E 00 1C 
10-05-18 at 10:54:56:588 Send 06 
10-05-18 at 10:54:56:603 Send 05 
10-05-18 at 10:54:56:618 Recived 15 
10-05-18 at 10:54:56:618 Send 06 
10-05-18 at 10:54:56:633 Send 02 0A 1E 1E 00 00 00 01 01 00 0F 00 05 
10-05-18 at 10:54:56:648 Recived 06 02 02 1E 00 1C 
10-05-18 at 10:54:56:663 Send 06 
10-05-18 at 10:54:56:678 Send 05 
10-05-18 at 10:54:56:693 Recived 15 
10-05-18 at 10:54:56:693 Send 06 
10-05-18 at 10:54:56:708 Send 02 0A 1E 1E 00 00 00 01 01 00 11 00 1B 
10-05-18 at 10:54:56:723 Recived 06 02 02 1E 00 1C 
10-05-18 at 10:54:56:738 Send 06 
10-05-18 at 10:54:56:753 Send 05 
10-05-18 at 10:54:56:768 Recived 15 
10-05-18 at 10:54:56:768 Send 06 
10-05-18 at 10:54:56:783 Send 02 0A 1E 1E 00 00 00 11 01 00 03 02 1B 
10-05-18 at 10:54:56:798 Recived 06 02 02 1E 00 1C 
10-05-18 at 10:54:56:813 Send 06 
10-05-18 at 10:54:56:828 Send 05 
10-05-18 at 10:54:56:843 Recived 15 
10-05-18 at 10:54:56:843 Send 06 
10-05-18 at 10:54:56:858 Send 02 0A 1E 1E 00 00 00 01 01 00 29 01 22 
10-05-18 at 10:54:56:873 Recived 06 02 02 1E 00 1C 
10-05-18 at 10:54:56:888 Send 06 
10-05-18 at 10:54:56:903 Send 05 
10-05-18 at 10:54:56:918 Recived 15 
10-05-18 at 10:54:56:918 Send 06 
10-05-18 at 10:54:56:933 Send 02 26 1E 1E 00 00 00 04 0C 00 01 20 20 20 20 20 20 20 20 20 20 20 C4 CE C1 D0 CE 20 CF CE C6 C0 CB CE C2 C0 D2 DC 21 00 D5 
10-05-18 at 10:54:56:951 Recived 06 02 02 1E 00 1C 
10-05-18 at 10:54:56:966 Send 06 
10-05-18 at 10:54:56:981 Send 05 
10-05-18 at 10:54:56:996 Recived 15 
10-05-18 at 10:54:56:996 Send 06 
10-05-18 at 10:54:57:011 Send 02 29 1E 1E 00 00 00 04 0D 00 01 20 20 20 20 20 20 20 20 CE CE CE 20 CA EE EC EF E0 ED E8 FF 20 27 CA CE CB CE D0 CB CE CD 27 00 CB 
10-05-18 at 10:54:57:029 Recived 06 02 02 1E 00 1C 
10-05-18 at 10:54:57:044 Send 06 
10-05-18 at 10:54:57:059 Send 05 
10-05-18 at 10:54:57:074 Recived 15 
10-05-18 at 10:54:57:074 Send 06 
10-05-18 at 10:54:57:089 Send 02 2D 1E 1E 00 00 00 04 0E 00 01 20 20 20 20 20 CC E0 E3 E0 E7 E8 ED 20 27 C2 F1 E5 20 F2 EE E2 E0 F0 FB 20 E4 EB FF 20 E4 EE EC E0 27 20 00 DE 
10-05-18 at 10:54:57:107 Recived 06 02 02 1E 00 1C 
10-05-18 at 10:54:57:122 Send 06 
10-05-18 at 10:54:57:138 now clear port error ...
10-05-18 at 10:54:57:138 now write to port ...
10-05-18 at 10:54:57:272 ... done
10-05-18 at 10:54:57:309 Send 05 
10-05-18 at 10:54:57:324 Recived 15 
10-05-18 at 10:54:57:324 Send 06 
10-05-18 at 10:54:57:339 Send 02 06 1A 1E 00 00 00 79 7B 
10-05-18 at 10:54:57:354 Recived 06 02 09 1A 00 1E 00 00 00 00 00 00 0D 
10-05-18 at 10:54:57:369 Send 06 
10-05-18 at 10:54:59:886 Cardreader  Антонов Сергей 
10-05-18 at 10:54:59:895 Send 05 
10-05-18 at 10:54:59:910 Recived 15 
10-05-18 at 10:54:59:910 Send 06 
10-05-18 at 10:54:59:926 Send 02 20 1E 1E 00 00 00 02 1E 00 02 CA E0 F1 F1 E8 F0 20 C0 ED F2 EE ED EE E2 20 D1 E5 F0 E3 E5 E9 20 00 D7 
10-05-18 at 10:54:59:944 Recived 06 02 02 1E 00 1C 
10-05-18 at 10:54:59:959 Send 06 
10-05-18 at 10:54:59:962 now clear port error ...
10-05-18 at 10:54:59:962 now write to port ...
10-05-18 at 10:55:00:096 ... done
10-05-18 at 10:55:00:889 Send 05 
10-05-18 at 10:55:00:904 Recived 15 
10-05-18 at 10:55:00:904 Send 06 
10-05-18 at 10:55:00:919 Send 02 06 FF 39 1E 00 00 00 DE 
10-05-18 at 10:55:00:934 Recived 06 02 10 FF 39 00 00 00 00 00 00 00 00 00 00 00 00 00 00 D6 
10-05-18 at 10:55:00:949 Send 06 
10-05-18 at 10:55:03:841 Попытка входа в критическую секцию: дисконт
10-05-18 at 10:55:03:841 total calculated
10-05-18 at 10:55:03:842 now show on display
10-05-18 at 10:55:03:843                     Всего:        355.52
10-05-18 at 10:55:03:843 now clear port error ...
10-05-18 at 10:55:03:843 now write to port ...
10-05-18 at 10:55:03:977 ... done
10-05-18 at 10:55:03:978 Попытка входа в критическую секцию: дисконт
10-05-18 at 10:55:03:978 total calculated
10-05-18 at 10:55:03:980 now show on display
10-05-18 at 10:55:03:980                     Всего:        355.52
10-05-18 at 10:55:03:980 now clear port error ...
10-05-18 at 10:55:03:980 now write to port ...
10-05-18 at 10:55:04:148 ... done
10-05-18 at 10:55:04:151 111
10-05-18 at 10:55:04:152 Выход из программы
10-05-18 at 13:20:18:905 Запуск программы. Инициализация считана из файла
10-05-18 at 13:20:18:906 Чек загружен.
10-05-18 at 13:20:18:906 Чек загружен.
10-05-18 at 13:20:18:907 Попытка входа в критическую секцию: дисконт
10-05-18 at 13:20:18:907 total calculated
10-05-18 at 13:20:18:907 now show on display
10-05-18 at 13:20:18:908                     Всего:        355.52
10-05-18 at 13:20:18:908 now open port for display
10-05-18 at 13:20:18:909 Com port opened
10-05-18 at 13:20:18:909 now clear port error ...
10-05-18 at 13:20:18:909 now write to port ...
10-05-18 at 13:20:19:042 ... done
10-05-18 at 13:20:19:043 Чек сжат
10-05-18 at 13:20:19:043 Сумма чека посчитана
10-05-18 at 13:20:19:043 Кардридер создан
10-05-18 at 13:20:19:043 Задание запуска модулей создано
10-05-18 at 13:20:19:044 Сканер создан
10-05-18 at 13:20:19:044 Регистратор создан
10-05-18 at 13:20:19:044 Часы созданы
10-05-18 at 13:20:19:044 Регистратор запущен
10-05-18 at 13:20:19:044 Сканер запущен
10-05-18 at 13:20:19:045 Часы запущены
10-05-18 at 13:20:19:045 Кардридер запущен
10-05-18 at 13:20:19:045 Передача данных запущена
10-05-18 at 13:20:19:045 Вход в FRInit
10-05-18 at 13:20:19:046 Вход в GetStatus
10-05-18 at 13:20:19:060 Send 05 
10-05-18 at 13:20:19:075 Recived 15 
10-05-18 at 13:20:19:075 Send 06 
10-05-18 at 13:20:19:090 Send 02 05 11 1E 00 00 00 0A 
10-05-18 at 13:20:19:105 Recived 06 02 30 11 00 1E 43 31 1C B3 14 0C 11 01 4F 00 B2 02 03 00 00 4E 41 00 00 01 01 10 0A 05 12 0D 14 14 00 2E 5D 00 00 1D 00 00 00 00 00 EF 95 10 42 01 00 5E 
10-05-18 at 13:20:19:120 Send 06 
10-05-18 at 13:20:19:122 KKMStatus 0000
10-05-18 at 13:20:19:135 Send 05 
10-05-18 at 13:20:19:150 Recived 15 
10-05-18 at 13:20:19:150 Send 06 
10-05-18 at 13:20:19:165 Send 02 05 11 1E 00 00 00 0A 
10-05-18 at 13:20:19:180 Recived 06 02 30 11 00 1E 43 31 1C B3 14 0C 11 01 4F 00 B2 02 03 00 00 4E 41 00 00 01 01 10 0A 05 12 0D 14 14 00 2E 5D 00 00 1D 00 00 00 00 00 EF 95 10 42 01 00 5E 
10-05-18 at 13:20:19:195 Send 06 
10-05-18 at 13:20:19:197 KKMStatus 0300
10-05-18 at 13:20:19:197 Номер ФР считан
10-05-18 at 13:20:19:356 СУБД подключена
10-05-18 at 13:20:19:381 Send 05 
10-05-18 at 13:20:19:396 Recived 15 
10-05-18 at 13:20:19:396 Send 06 
10-05-18 at 13:20:19:411 Send 02 17 1E 1E 00 00 00 05 03 00 01 CA 41 D0 D2 CE C9 20 56 49 53 41 2F 4D 43 92 
10-05-18 at 13:20:19:427 Recived 06 02 02 1E 00 1C 
10-05-18 at 13:20:19:442 Send 06 
10-05-18 at 13:20:19:457 Send 05 
10-05-18 at 13:20:19:472 Recived 15 
10-05-18 at 13:20:19:472 Send 06 
10-05-18 at 13:20:19:487 Send 02 18 1E 1E 00 00 00 05 04 00 01 C4 D0 D3 C3 C8 CC C8 20 CA C0 D0 D2 C0 CC C8 3C 
10-05-18 at 13:20:19:503 Recived 06 02 02 1E 00 1C 
10-05-18 at 13:20:19:518 Send 06 
10-05-18 at 13:20:19:533 Send 05 
10-05-18 at 13:20:19:548 Recived 15 
10-05-18 at 13:20:19:548 Send 06 
10-05-18 at 13:20:19:563 Send 02 0A 1E 1E 00 00 00 01 01 00 01 01 0A 
10-05-18 at 13:20:19:578 Recived 06 02 02 1E 00 1C 
10-05-18 at 13:20:19:593 Send 06 
10-05-18 at 13:20:19:608 Send 05 
10-05-18 at 13:20:19:623 Recived 15 
10-05-18 at 13:20:19:623 Send 06 
10-05-18 at 13:20:19:638 Send 02 0A 1E 1E 00 00 00 01 01 00 05 02 0D 
10-05-18 at 13:20:19:653 Recived 06 02 02 1E 00 1C 
10-05-18 at 13:20:19:668 Send 06 
10-05-18 at 13:20:19:683 Send 05 
10-05-18 at 13:20:19:698 Recived 15 
10-05-18 at 13:20:19:698 Send 06 
10-05-18 at 13:20:19:713 Send 02 0A 1E 1E 00 00 00 01 01 00 23 01 28 
10-05-18 at 13:20:19:728 Recived 06 02 02 1E 00 1C 
10-05-18 at 13:20:19:743 Send 06 
10-05-18 at 13:20:19:758 Send 05 
10-05-18 at 13:20:19:773 Recived 15 
10-05-18 at 13:20:19:773 Send 06 
10-05-18 at 13:20:19:788 Send 02 0A 1E 1E 00 00 00 01 01 00 06 00 0C 
10-05-18 at 13:20:19:803 Recived 06 02 02 1E 00 1C 
10-05-18 at 13:20:19:818 Send 06 
10-05-18 at 13:20:19:833 Send 05 
10-05-18 at 13:20:19:848 Recived 15 
10-05-18 at 13:20:19:848 Send 06 
10-05-18 at 13:20:19:863 Send 02 0A 1E 1E 00 00 00 01 01 00 07 01 0C 
10-05-18 at 13:20:19:878 Recived 06 02 02 1E 00 1C 
10-05-18 at 13:20:19:893 Send 06 
10-05-18 at 13:20:19:908 Send 05 
10-05-18 at 13:20:19:923 Recived 15 
10-05-18 at 13:20:19:923 Send 06 
10-05-18 at 13:20:19:938 Send 02 0A 1E 1E 00 00 00 01 01 00 14 01 1F 
10-05-18 at 13:20:19:953 Recived 06 02 02 1E 00 1C 
10-05-18 at 13:20:19:968 Send 06 
10-05-18 at 13:20:19:983 Send 05 
10-05-18 at 13:20:19:998 Recived 15 
10-05-18 at 13:20:19:998 Send 06 
10-05-18 at 13:20:20:013 Send 02 0A 1E 1E 00 00 00 01 01 00 15 01 1E 
10-05-18 at 13:20:20:028 Recived 06 02 02 1E 00 1C 
10-05-18 at 13:20:20:043 Send 06 
10-05-18 at 13:20:20:058 Send 05 
10-05-18 at 13:20:20:073 Recived 15 
10-05-18 at 13:20:20:073 Send 06 
10-05-18 at 13:20:20:088 Send 02 0A 1E 1E 00 00 00 01 01 00 0F 00 05 
10-05-18 at 13:20:20:103 Recived 06 02 02 1E 00 1C 
10-05-18 at 13:20:20:118 Send 06 
10-05-18 at 13:20:20:133 Send 05 
10-05-18 at 13:20:20:148 Recived 15 
10-05-18 at 13:20:20:148 Send 06 
10-05-18 at 13:20:20:163 Send 02 0A 1E 1E 00 00 00 01 01 00 11 00 1B 
10-05-18 at 13:20:20:178 Recived 06 02 02 1E 00 1C 
10-05-18 at 13:20:20:193 Send 06 
10-05-18 at 13:20:20:208 Send 05 
10-05-18 at 13:20:20:223 Recived 15 
10-05-18 at 13:20:20:223 Send 06 
10-05-18 at 13:20:20:238 Send 02 0A 1E 1E 00 00 00 11 01 00 03 02 1B 
10-05-18 at 13:20:20:253 Recived 06 02 02 1E 00 1C 
10-05-18 at 13:20:20:268 Send 06 
10-05-18 at 13:20:20:283 Send 05 
10-05-18 at 13:20:20:298 Recived 15 
10-05-18 at 13:20:20:298 Send 06 
10-05-18 at 13:20:20:313 Send 02 0A 1E 1E 00 00 00 01 01 00 29 01 22 
10-05-18 at 13:20:20:328 Recived 06 02 02 1E 00 1C 
10-05-18 at 13:20:20:343 Send 06 
10-05-18 at 13:20:20:358 Send 05 
10-05-18 at 13:20:20:373 Recived 15 
10-05-18 at 13:20:20:373 Send 06 
10-05-18 at 13:20:20:388 Send 02 26 1E 1E 00 00 00 04 0C 00 01 20 20 20 20 20 20 20 20 20 20 20 C4 CE C1 D0 CE 20 CF CE C6 C0 CB CE C2 C0 D2 DC 21 00 D5 
10-05-18 at 13:20:20:406 Recived 06 02 02 1E 00 1C 
10-05-18 at 13:20:20:421 Send 06 
10-05-18 at 13:20:20:436 Send 05 
10-05-18 at 13:20:20:451 Recived 15 
10-05-18 at 13:20:20:451 Send 06 
10-05-18 at 13:20:20:466 Send 02 29 1E 1E 00 00 00 04 0D 00 01 20 20 20 20 20 20 20 20 CE CE CE 20 CA EE EC EF E0 ED E8 FF 20 27 CA CE CB CE D0 CB CE CD 27 00 CB 
10-05-18 at 13:20:20:484 Recived 06 02 02 1E 00 1C 
10-05-18 at 13:20:20:499 Send 06 
10-05-18 at 13:20:20:514 Send 05 
10-05-18 at 13:20:20:529 Recived 15 
10-05-18 at 13:20:20:529 Send 06 
10-05-18 at 13:20:20:544 Send 02 2D 1E 1E 00 00 00 04 0E 00 01 20 20 20 20 20 CC E0 E3 E0 E7 E8 ED 20 27 C2 F1 E5 20 F2 EE E2 E0 F0 FB 20 E4 EB FF 20 E4 EE EC E0 27 20 00 DE 
10-05-18 at 13:20:20:562 Recived 06 02 02 1E 00 1C 
10-05-18 at 13:20:20:577 Send 06 
10-05-18 at 13:20:20:594 now clear port error ...
10-05-18 at 13:20:20:594 now write to port ...
10-05-18 at 13:20:20:728 ... done
10-05-18 at 13:20:20:757 Send 05 
10-05-18 at 13:20:20:772 Recived 15 
10-05-18 at 13:20:20:772 Send 06 
10-05-18 at 13:20:20:787 Send 02 06 1A 1E 00 00 00 79 7B 
10-05-18 at 13:20:20:802 Recived 06 02 09 1A 00 1E 00 00 00 00 00 00 0D 
10-05-18 at 13:20:20:817 Send 06 
10-05-18 at 13:20:23:365 Cardreader  Антонов Сергей 
10-05-18 at 13:20:23:370 Send 05 
10-05-18 at 13:20:23:385 Recived 15 
10-05-18 at 13:20:23:385 Send 06 
10-05-18 at 13:20:23:400 Send 02 20 1E 1E 00 00 00 02 1E 00 02 CA E0 F1 F1 E8 F0 20 C0 ED F2 EE ED EE E2 20 D1 E5 F0 E3 E5 E9 20 00 D7 
10-05-18 at 13:20:23:418 Recived 06 02 02 1E 00 1C 
10-05-18 at 13:20:23:433 Send 06 
10-05-18 at 13:20:23:442 now clear port error ...
10-05-18 at 13:20:23:442 now write to port ...
10-05-18 at 13:20:23:576 ... done
10-05-18 at 13:20:24:378 Send 05 
10-05-18 at 13:20:24:393 Recived 15 
10-05-18 at 13:20:24:393 Send 06 
10-05-18 at 13:20:24:408 Send 02 06 FF 39 1E 00 00 00 DE 
10-05-18 at 13:20:24:423 Recived 06 02 10 FF 39 00 00 00 00 00 00 00 00 00 00 00 00 00 00 D6 
10-05-18 at 13:20:24:438 Send 06 
10-05-18 at 13:22:25:578 Send 05 
10-05-18 at 13:22:25:593 Recived 15 
10-05-18 at 13:22:25:593 Send 06 
10-05-18 at 13:22:25:608 Send 02 06 FF 39 1E 00 00 00 DE 
10-05-18 at 13:22:25:623 Recived 06 02 10 FF 39 00 00 00 00 00 00 00 00 00 00 00 00 00 00 D6 
10-05-18 at 13:22:25:638 Send 06 
10-05-18 at 13:24:26:778 Send 05 
10-05-18 at 13:24:26:793 Recived 15 
10-05-18 at 13:24:26:793 Send 06 
10-05-18 at 13:24:26:808 Send 02 06 FF 39 1E 00 00 00 DE 
10-05-18 at 13:24:26:823 Recived 06 02 10 FF 39 00 00 00 00 00 00 00 00 00 00 00 00 00 00 D6 
10-05-18 at 13:24:26:838 Send 06 
10-05-18 at 13:25:40:618 Попытка входа в критическую секцию: дисконт
10-05-18 at 13:25:40:619 total calculated
10-05-18 at 13:25:40:620 now show on display
10-05-18 at 13:25:40:621                     Всего:        355.52
10-05-18 at 13:25:40:621 now clear port error ...
10-05-18 at 13:25:40:621 now write to port ...
10-05-18 at 13:25:40:755 ... done
10-05-18 at 13:25:40:756 Попытка входа в критическую секцию: дисконт
10-05-18 at 13:25:40:756 total calculated
10-05-18 at 13:25:40:758 now show on display
10-05-18 at 13:25:40:758                     Всего:        355.52
10-05-18 at 13:25:40:758 now clear port error ...
10-05-18 at 13:25:40:758 now write to port ...
10-05-18 at 13:25:40:926 ... done
10-05-18 at 13:25:40:929 111
10-05-18 at 13:25:40:929 Выход из программы
10-05-18 at 14:15:31:823 Запуск программы. Инициализация считана из файла
10-05-18 at 14:15:31:824 Чек загружен.
10-05-18 at 14:15:31:824 Чек загружен.
10-05-18 at 14:15:31:825 Попытка входа в критическую секцию: дисконт
10-05-18 at 14:15:31:826 total calculated
10-05-18 at 14:15:31:827 now show on display
10-05-18 at 14:15:31:827                     Всего:        355.52
10-05-18 at 14:15:31:828 now open port for display
10-05-18 at 14:15:31:828 Com port opened
10-05-18 at 14:15:31:829 now clear port error ...
10-05-18 at 14:15:31:829 now write to port ...
10-05-18 at 14:15:31:962 ... done
10-05-18 at 14:15:31:962 Чек сжат
10-05-18 at 14:15:31:963 Сумма чека посчитана
10-05-18 at 14:15:31:963 Кардридер создан
10-05-18 at 14:15:31:963 Задание запуска модулей создано
10-05-18 at 14:15:31:963 Сканер создан
10-05-18 at 14:15:31:964 Регистратор создан
10-05-18 at 14:15:31:964 Часы созданы
10-05-18 at 14:15:31:964 Регистратор запущен
10-05-18 at 14:15:31:964 Сканер запущен
10-05-18 at 14:15:31:965 Часы запущены
10-05-18 at 14:15:31:965 Кардридер запущен
10-05-18 at 14:15:31:966 Передача данных запущена
10-05-18 at 14:15:31:966 Вход в FRInit
10-05-18 at 14:15:31:966 Вход в GetStatus
10-05-18 at 14:15:31:982 Send 05 
10-05-18 at 14:15:31:997 Recived 15 
10-05-18 at 14:15:31:997 Send 06 
10-05-18 at 14:15:32:012 Send 02 05 11 1E 00 00 00 0A 
10-05-18 at 14:15:32:027 Recived 06 02 30 11 00 1E 43 31 1C B3 14 0C 11 01 4F 00 B2 02 03 00 00 4E 41 00 00 01 01 10 0A 05 12 0E 0F 1F 00 2E 5D 00 00 1D 00 00 00 00 00 EF 95 10 42 01 00 4D 
10-05-18 at 14:15:32:042 Send 06 
10-05-18 at 14:15:32:051 KKMStatus 0000
10-05-18 at 14:15:32:057 Send 05 
10-05-18 at 14:15:32:072 Recived 15 
10-05-18 at 14:15:32:072 Send 06 
10-05-18 at 14:15:32:087 Send 02 05 11 1E 00 00 00 0A 
10-05-18 at 14:15:32:102 Recived 06 02 30 11 00 1E 43 31 1C B3 14 0C 11 01 4F 00 B2 02 03 00 00 4E 41 00 00 01 01 10 0A 05 12 0E 0F 1F 00 2E 5D 00 00 1D 00 00 00 00 00 EF 95 10 42 01 00 4D 
10-05-18 at 14:15:32:117 Send 06 
10-05-18 at 14:15:32:126 KKMStatus 0300
10-05-18 at 14:15:32:126 Номер ФР считан
10-05-18 at 14:15:32:273 СУБД подключена
10-05-18 at 14:15:32:295 Send 05 
10-05-18 at 14:15:32:310 Recived 15 
10-05-18 at 14:15:32:310 Send 06 
10-05-18 at 14:15:32:325 Send 02 17 1E 1E 00 00 00 05 03 00 01 CA 41 D0 D2 CE C9 20 56 49 53 41 2F 4D 43 92 
10-05-18 at 14:15:32:341 Recived 06 02 02 1E 00 1C 
10-05-18 at 14:15:32:356 Send 06 
10-05-18 at 14:15:32:371 Send 05 
10-05-18 at 14:15:32:386 Recived 15 
10-05-18 at 14:15:32:386 Send 06 
10-05-18 at 14:15:32:401 Send 02 18 1E 1E 00 00 00 05 04 00 01 C4 D0 D3 C3 C8 CC C8 20 CA C0 D0 D2 C0 CC C8 3C 
10-05-18 at 14:15:32:417 Recived 06 02 02 1E 00 1C 
10-05-18 at 14:15:32:432 Send 06 
10-05-18 at 14:15:32:447 Send 05 
10-05-18 at 14:15:32:463 Recived 15 
10-05-18 at 14:15:32:463 Send 06 
10-05-18 at 14:15:32:478 Send 02 0A 1E 1E 00 00 00 01 01 00 01 01 0A 
10-05-18 at 14:15:32:493 Recived 06 02 02 1E 00 1C 
10-05-18 at 14:15:32:508 Send 06 
10-05-18 at 14:15:32:523 Send 05 
10-05-18 at 14:15:32:538 Recived 15 
10-05-18 at 14:15:32:538 Send 06 
10-05-18 at 14:15:32:553 Send 02 0A 1E 1E 00 00 00 01 01 00 05 02 0D 
10-05-18 at 14:15:32:568 Recived 06 02 02 1E 00 1C 
10-05-18 at 14:15:32:583 Send 06 
10-05-18 at 14:15:32:598 Send 05 
10-05-18 at 14:15:32:613 Recived 15 
10-05-18 at 14:15:32:613 Send 06 
10-05-18 at 14:15:32:628 Send 02 0A 1E 1E 00 00 00 01 01 00 23 01 28 
10-05-18 at 14:15:32:643 Recived 06 02 02 1E 00 1C 
10-05-18 at 14:15:32:658 Send 06 
10-05-18 at 14:15:32:673 Send 05 
10-05-18 at 14:15:32:688 Recived 15 
10-05-18 at 14:15:32:688 Send 06 
10-05-18 at 14:15:32:703 Send 02 0A 1E 1E 00 00 00 01 01 00 06 00 0C 
10-05-18 at 14:15:32:718 Recived 06 02 02 1E 00 1C 
10-05-18 at 14:15:32:733 Send 06 
10-05-18 at 14:15:32:748 Send 05 
10-05-18 at 14:15:32:763 Recived 15 
10-05-18 at 14:15:32:763 Send 06 
10-05-18 at 14:15:32:778 Send 02 0A 1E 1E 00 00 00 01 01 00 07 01 0C 
10-05-18 at 14:15:32:793 Recived 06 02 02 1E 00 1C 
10-05-18 at 14:15:32:808 Send 06 
10-05-18 at 14:15:32:823 Send 05 
10-05-18 at 14:15:32:838 Recived 15 
10-05-18 at 14:15:32:838 Send 06 
10-05-18 at 14:15:32:853 Send 02 0A 1E 1E 00 00 00 01 01 00 14 01 1F 
10-05-18 at 14:15:32:868 Recived 06 02 02 1E 00 1C 
10-05-18 at 14:15:32:883 Send 06 
10-05-18 at 14:15:32:898 Send 05 
10-05-18 at 14:15:32:913 Recived 15 
10-05-18 at 14:15:32:913 Send 06 
10-05-18 at 14:15:32:928 Send 02 0A 1E 1E 00 00 00 01 01 00 15 01 1E 
10-05-18 at 14:15:32:943 Recived 06 02 02 1E 00 1C 
10-05-18 at 14:15:32:958 Send 06 
10-05-18 at 14:15:32:973 Send 05 
10-05-18 at 14:15:32:988 Recived 15 
10-05-18 at 14:15:32:988 Send 06 
10-05-18 at 14:15:33:003 Send 02 0A 1E 1E 00 00 00 01 01 00 0F 00 05 
10-05-18 at 14:15:33:018 Recived 06 02 02 1E 00 1C 
10-05-18 at 14:15:33:033 Send 06 
10-05-18 at 14:15:33:048 Send 05 
10-05-18 at 14:15:33:063 Recived 15 
10-05-18 at 14:15:33:063 Send 06 
10-05-18 at 14:15:33:078 Send 02 0A 1E 1E 00 00 00 01 01 00 11 00 1B 
10-05-18 at 14:15:33:093 Recived 06 02 02 1E 00 1C 
10-05-18 at 14:15:33:108 Send 06 
10-05-18 at 14:15:33:123 Send 05 
10-05-18 at 14:15:33:138 Recived 15 
10-05-18 at 14:15:33:138 Send 06 
10-05-18 at 14:15:33:153 Send 02 0A 1E 1E 00 00 00 11 01 00 03 02 1B 
10-05-18 at 14:15:33:168 Recived 06 02 02 1E 00 1C 
10-05-18 at 14:15:33:183 Send 06 
10-05-18 at 14:15:33:198 Send 05 
10-05-18 at 14:15:33:213 Recived 15 
10-05-18 at 14:15:33:213 Send 06 
10-05-18 at 14:15:33:228 Send 02 0A 1E 1E 00 00 00 01 01 00 29 01 22 
10-05-18 at 14:15:33:243 Recived 06 02 02 1E 00 1C 
10-05-18 at 14:15:33:258 Send 06 
10-05-18 at 14:15:33:273 Send 05 
10-05-18 at 14:15:33:288 Recived 15 
10-05-18 at 14:15:33:288 Send 06 
10-05-18 at 14:15:33:303 Send 02 26 1E 1E 00 00 00 04 0C 00 01 20 20 20 20 20 20 20 20 20 20 20 C4 CE C1 D0 CE 20 CF CE C6 C0 CB CE C2 C0 D2 DC 21 00 D5 
10-05-18 at 14:15:33:320 Recived 06 02 02 1E 00 1C 
10-05-18 at 14:15:33:335 Send 06 
10-05-18 at 14:15:33:350 Send 05 
10-05-18 at 14:15:33:365 Recived 15 
10-05-18 at 14:15:33:365 Send 06 
10-05-18 at 14:15:33:380 Send 02 29 1E 1E 00 00 00 04 0D 00 01 20 20 20 20 20 20 20 20 CE CE CE 20 CA EE EC EF E0 ED E8 FF 20 27 CA CE CB CE D0 CB CE CD 27 00 CB 
10-05-18 at 14:15:33:398 Recived 06 02 02 1E 00 1C 
10-05-18 at 14:15:33:413 Send 06 
10-05-18 at 14:15:33:428 Send 05 
10-05-18 at 14:15:33:443 Recived 15 
10-05-18 at 14:15:33:443 Send 06 
10-05-18 at 14:15:33:458 Send 02 2D 1E 1E 00 00 00 04 0E 00 01 20 20 20 20 20 CC E0 E3 E0 E7 E8 ED 20 27 C2 F1 E5 20 F2 EE E2 E0 F0 FB 20 E4 EB FF 20 E4 EE EC E0 27 20 00 DE 
10-05-18 at 14:15:33:476 Recived 06 02 02 1E 00 1C 
10-05-18 at 14:15:33:491 Send 06 
10-05-18 at 14:15:33:511 now clear port error ...
10-05-18 at 14:15:33:511 now write to port ...
10-05-18 at 14:15:33:645 ... done
10-05-18 at 14:15:33:671 Send 05 
10-05-18 at 14:15:33:686 Recived 15 
10-05-18 at 14:15:33:686 Send 06 
10-05-18 at 14:15:33:701 Send 02 06 1A 1E 00 00 00 79 7B 
10-05-18 at 14:15:33:716 Recived 06 02 09 1A 00 1E 00 00 00 00 00 00 0D 
10-05-18 at 14:15:33:731 Send 06 
10-05-18 at 14:15:36:152 Cardreader  Антонов Сергей 
10-05-18 at 14:15:36:162 Send 05 
10-05-18 at 14:15:36:178 Recived 15 
10-05-18 at 14:15:36:181 Send 06 
10-05-18 at 14:15:36:198 Send 02 20 1E 1E 00 00 00 02 1E 00 02 CA E0 F1 F1 E8 F0 20 C0 ED F2 EE ED EE E2 20 D1 E5 F0 E3 E5 E9 20 00 D7 
10-05-18 at 14:15:36:216 Recived 06 02 02 1E 00 1C 
10-05-18 at 14:15:36:231 Send 06 
10-05-18 at 14:15:36:240 now clear port error ...
10-05-18 at 14:15:36:240 now write to port ...
10-05-18 at 14:15:36:374 ... done
10-05-18 at 14:15:37:161 Send 05 
10-05-18 at 14:15:37:176 Recived 15 
10-05-18 at 14:15:37:176 Send 06 
10-05-18 at 14:15:37:191 Send 02 06 FF 39 1E 00 00 00 DE 
10-05-18 at 14:15:37:206 Recived 06 02 10 FF 39 00 00 00 00 00 00 00 00 00 00 00 00 00 00 D6 
10-05-18 at 14:15:37:221 Send 06 
10-05-18 at 14:15:56:845 Попытка входа в критическую секцию: дисконт
10-05-18 at 14:15:56:845 total calculated
10-05-18 at 14:15:56:847 now show on display
10-05-18 at 14:15:56:847                     Всего:        355.52
10-05-18 at 14:15:56:847 now clear port error ...
10-05-18 at 14:15:56:848 now write to port ...
10-05-18 at 14:15:56:981 ... done
10-05-18 at 14:15:56:982 Попытка входа в критическую секцию: дисконт
10-05-18 at 14:15:56:983 total calculated
10-05-18 at 14:15:56:984 now show on display
10-05-18 at 14:15:56:984                     Всего:        355.52
10-05-18 at 14:15:56:985 now clear port error ...
10-05-18 at 14:15:56:985 now write to port ...
10-05-18 at 14:15:57:153 ... done
10-05-18 at 14:15:57:155 111
10-05-18 at 14:15:57:156 Выход из программы
10-05-18 at 14:16:55:803 Запуск программы. Инициализация считана из файла
10-05-18 at 14:16:55:803 Чек загружен.
10-05-18 at 14:16:55:804 Чек загружен.
10-05-18 at 14:16:55:804 Попытка входа в критическую секцию: дисконт
10-05-18 at 14:16:55:804 total calculated
10-05-18 at 14:16:55:805 now show on display
10-05-18 at 14:16:55:805                     Всего:        355.52
10-05-18 at 14:16:55:805 now open port for display
10-05-18 at 14:16:55:806 Com port opened
10-05-18 at 14:16:55:806 now clear port error ...
10-05-18 at 14:16:55:806 now write to port ...
10-05-18 at 14:16:55:940 ... done
10-05-18 at 14:16:55:940 Чек сжат
10-05-18 at 14:16:55:940 Сумма чека посчитана
10-05-18 at 14:16:55:941 Кардридер создан
10-05-18 at 14:16:55:941 Задание запуска модулей создано
10-05-18 at 14:16:55:941 Сканер создан
10-05-18 at 14:16:55:942 Регистратор создан
10-05-18 at 14:16:55:942 Часы созданы
10-05-18 at 14:16:55:943 Регистратор запущен
10-05-18 at 14:16:55:943 Сканер запущен
10-05-18 at 14:16:55:943 Часы запущены
10-05-18 at 14:16:55:943 Кардридер запущен
10-05-18 at 14:16:55:945 Передача данных запущена
10-05-18 at 14:16:55:945 Вход в FRInit
10-05-18 at 14:16:55:945 Вход в GetStatus
10-05-18 at 14:16:55:969 Send 05 
10-05-18 at 14:16:55:984 Recived 15 
10-05-18 at 14:16:55:984 Send 06 
10-05-18 at 14:16:55:999 Send 02 05 11 1E 00 00 00 0A 
10-05-18 at 14:16:56:014 Recived 06 02 30 11 00 1E 43 31 1C B3 14 0C 11 01 4F 00 B2 02 03 00 00 4E 41 00 00 01 01 10 0A 05 12 0E 10 37 00 2E 5D 00 00 1D 00 00 00 00 00 EF 95 10 42 01 00 7A 
10-05-18 at 14:16:56:029 Send 06 
10-05-18 at 14:16:56:034 KKMStatus 0000
10-05-18 at 14:16:56:044 Send 05 
10-05-18 at 14:16:56:059 Recived 15 
10-05-18 at 14:16:56:059 Send 06 
10-05-18 at 14:16:56:074 Send 02 05 11 1E 00 00 00 0A 
10-05-18 at 14:16:56:089 Recived 06 02 30 11 00 1E 43 31 1C B3 14 0C 11 01 4F 00 B2 02 03 00 00 4E 41 00 00 01 01 10 0A 05 12 0E 10 37 00 2E 5D 00 00 1D 00 00 00 00 00 EF 95 10 42 01 00 7A 
10-05-18 at 14:16:56:104 Send 06 
10-05-18 at 14:16:56:109 KKMStatus 0300
10-05-18 at 14:16:56:109 Номер ФР считан
10-05-18 at 14:16:56:280 СУБД подключена
10-05-18 at 14:16:56:299 Send 05 
10-05-18 at 14:16:56:314 Recived 15 
10-05-18 at 14:16:56:314 Send 06 
10-05-18 at 14:16:56:329 Send 02 17 1E 1E 00 00 00 05 03 00 01 CA 41 D0 D2 CE C9 20 56 49 53 41 2F 4D 43 92 
10-05-18 at 14:16:56:345 Recived 06 02 02 1E 00 1C 
10-05-18 at 14:16:56:360 Send 06 
10-05-18 at 14:16:56:375 Send 05 
10-05-18 at 14:16:56:390 Recived 15 
10-05-18 at 14:16:56:390 Send 06 
10-05-18 at 14:16:56:405 Send 02 18 1E 1E 00 00 00 05 04 00 01 C4 D0 D3 C3 C8 CC C8 20 CA C0 D0 D2 C0 CC C8 3C 
10-05-18 at 14:16:56:421 Recived 06 02 02 1E 00 1C 
10-05-18 at 14:16:56:436 Send 06 
10-05-18 at 14:16:56:451 Send 05 
10-05-18 at 14:16:56:466 Recived 15 
10-05-18 at 14:16:56:466 Send 06 
10-05-18 at 14:16:56:481 Send 02 0A 1E 1E 00 00 00 01 01 00 01 01 0A 
10-05-18 at 14:16:56:496 Recived 06 02 02 1E 00 1C 
10-05-18 at 14:16:56:511 Send 06 
10-05-18 at 14:16:56:526 Send 05 
10-05-18 at 14:16:56:541 Recived 15 
10-05-18 at 14:16:56:541 Send 06 
10-05-18 at 14:16:56:556 Send 02 0A 1E 1E 00 00 00 01 01 00 05 02 0D 
10-05-18 at 14:16:56:571 Recived 06 02 02 1E 00 1C 
10-05-18 at 14:16:56:586 Send 06 
10-05-18 at 14:16:56:601 Send 05 
10-05-18 at 14:16:56:616 Recived 15 
10-05-18 at 14:16:56:616 Send 06 
10-05-18 at 14:16:56:631 Send 02 0A 1E 1E 00 00 00 01 01 00 23 01 28 
10-05-18 at 14:16:56:646 Recived 06 02 02 1E 00 1C 
10-05-18 at 14:16:56:661 Send 06 
10-05-18 at 14:16:56:676 Send 05 
10-05-18 at 14:16:56:691 Recived 15 
10-05-18 at 14:16:56:691 Send 06 
10-05-18 at 14:16:56:706 Send 02 0A 1E 1E 00 00 00 01 01 00 06 00 0C 
10-05-18 at 14:16:56:721 Recived 06 02 02 1E 00 1C 
10-05-18 at 14:16:56:736 Send 06 
10-05-18 at 14:16:56:751 Send 05 
10-05-18 at 14:16:56:766 Recived 15 
10-05-18 at 14:16:56:766 Send 06 
10-05-18 at 14:16:56:781 Send 02 0A 1E 1E 00 00 00 01 01 00 07 01 0C 
10-05-18 at 14:16:56:796 Recived 06 02 02 1E 00 1C 
10-05-18 at 14:16:56:811 Send 06 
10-05-18 at 14:16:56:826 Send 05 
10-05-18 at 14:16:56:841 Recived 15 
10-05-18 at 14:16:56:841 Send 06 
10-05-18 at 14:16:56:856 Send 02 0A 1E 1E 00 00 00 01 01 00 14 01 1F 
10-05-18 at 14:16:56:871 Recived 06 02 02 1E 00 1C 
10-05-18 at 14:16:56:886 Send 06 
10-05-18 at 14:16:56:901 Send 05 
10-05-18 at 14:16:56:916 Recived 15 
10-05-18 at 14:16:56:916 Send 06 
10-05-18 at 14:16:56:931 Send 02 0A 1E 1E 00 00 00 01 01 00 15 01 1E 
10-05-18 at 14:16:56:946 Recived 06 02 02 1E 00 1C 
10-05-18 at 14:16:56:961 Send 06 
10-05-18 at 14:16:56:976 Send 05 
10-05-18 at 14:16:56:991 Recived 15 
10-05-18 at 14:16:56:991 Send 06 
10-05-18 at 14:16:57:006 Send 02 0A 1E 1E 00 00 00 01 01 00 0F 00 05 
10-05-18 at 14:16:57:021 Recived 06 02 02 1E 00 1C 
10-05-18 at 14:16:57:036 Send 06 
10-05-18 at 14:16:57:051 Send 05 
10-05-18 at 14:16:57:066 Recived 15 
10-05-18 at 14:16:57:066 Send 06 
10-05-18 at 14:16:57:081 Send 02 0A 1E 1E 00 00 00 01 01 00 11 00 1B 
10-05-18 at 14:16:57:096 Recived 06 02 02 1E 00 1C 
10-05-18 at 14:16:57:111 Send 06 
10-05-18 at 14:16:57:126 Send 05 
10-05-18 at 14:16:57:141 Recived 15 
10-05-18 at 14:16:57:141 Send 06 
10-05-18 at 14:16:57:156 Send 02 0A 1E 1E 00 00 00 11 01 00 03 02 1B 
10-05-18 at 14:16:57:171 Recived 06 02 02 1E 00 1C 
10-05-18 at 14:16:57:186 Send 06 
10-05-18 at 14:16:57:201 Send 05 
10-05-18 at 14:16:57:216 Recived 15 
10-05-18 at 14:16:57:216 Send 06 
10-05-18 at 14:16:57:231 Send 02 0A 1E 1E 00 00 00 01 01 00 29 01 22 
10-05-18 at 14:16:57:246 Recived 06 02 02 1E 00 1C 
10-05-18 at 14:16:57:261 Send 06 
10-05-18 at 14:16:57:276 Send 05 
10-05-18 at 14:16:57:291 Recived 15 
10-05-18 at 14:16:57:291 Send 06 
10-05-18 at 14:16:57:306 Send 02 26 1E 1E 00 00 00 04 0C 00 01 20 20 20 20 20 20 20 20 20 20 20 C4 CE C1 D0 CE 20 CF CE C6 C0 CB CE C2 C0 D2 DC 21 00 D5 
10-05-18 at 14:16:57:324 Recived 06 02 02 1E 00 1C 
10-05-18 at 14:16:57:339 Send 06 
10-05-18 at 14:16:57:354 Send 05 
10-05-18 at 14:16:57:369 Recived 15 
10-05-18 at 14:16:57:369 Send 06 
10-05-18 at 14:16:57:384 Send 02 29 1E 1E 00 00 00 04 0D 00 01 20 20 20 20 20 20 20 20 CE CE CE 20 CA EE EC EF E0 ED E8 FF 20 27 CA CE CB CE D0 CB CE CD 27 00 CB 
10-05-18 at 14:16:57:402 Recived 06 02 02 1E 00 1C 
10-05-18 at 14:16:57:417 Send 06 
10-05-18 at 14:16:57:432 Send 05 
10-05-18 at 14:16:57:447 Recived 15 
10-05-18 at 14:16:57:447 Send 06 
10-05-18 at 14:16:57:462 Send 02 2D 1E 1E 00 00 00 04 0E 00 01 20 20 20 20 20 CC E0 E3 E0 E7 E8 ED 20 27 C2 F1 E5 20 F2 EE E2 E0 F0 FB 20 E4 EB FF 20 E4 EE EC E0 27 20 00 DE 
10-05-18 at 14:16:57:480 Recived 06 02 02 1E 00 1C 
10-05-18 at 14:16:57:495 Send 06 
10-05-18 at 14:16:57:517 now clear port error ...
10-05-18 at 14:16:57:517 now write to port ...
10-05-18 at 14:16:57:651 ... done
10-05-18 at 14:16:57:690 Send 05 
10-05-18 at 14:16:57:705 Recived 15 
10-05-18 at 14:16:57:705 Send 06 
10-05-18 at 14:16:57:720 Send 02 06 1A 1E 00 00 00 79 7B 
10-05-18 at 14:16:57:735 Recived 06 02 09 1A 00 1E 00 00 00 00 00 00 0D 
10-05-18 at 14:16:57:750 Send 06 
10-05-18 at 14:16:59:954 Cardreader  Антонов Сергей 
10-05-18 at 14:16:59:956 Send 05 
10-05-18 at 14:16:59:974 Recived 15 
10-05-18 at 14:16:59:975 Send 06 
10-05-18 at 14:16:59:990 Send 02 20 1E 1E 00 00 00 02 1E 00 02 CA E0 F1 F1 E8 F0 20 C0 ED F2 EE ED EE E2 20 D1 E5 F0 E3 E5 E9 20 00 D7 
10-05-18 at 14:17:00:008 Recived 06 02 02 1E 00 1C 
10-05-18 at 14:17:00:023 Send 06 
10-05-18 at 14:17:00:024 now clear port error ...
10-05-18 at 14:17:00:024 now write to port ...
10-05-18 at 14:17:00:157 ... done
10-05-18 at 14:17:00:968 Send 05 
10-05-18 at 14:17:00:983 Recived 15 
10-05-18 at 14:17:00:983 Send 06 
10-05-18 at 14:17:00:998 Send 02 06 FF 39 1E 00 00 00 DE 
10-05-18 at 14:17:01:013 Recived 06 02 10 FF 39 00 00 00 00 00 00 00 00 00 00 00 00 00 00 D6 
10-05-18 at 14:17:01:028 Send 06 
10-05-18 at 14:19:02:180 Send 05 
10-05-18 at 14:19:02:195 Recived 15 
10-05-18 at 14:19:02:195 Send 06 
10-05-18 at 14:19:02:210 Send 02 06 FF 39 1E 00 00 00 DE 
10-05-18 at 14:19:02:225 Recived 06 02 10 FF 39 00 00 00 00 00 00 00 00 00 00 00 00 00 00 D6 
10-05-18 at 14:19:02:240 Send 06 
10-05-18 at 14:20:11:190 Попытка входа в критическую секцию: дисконт
10-05-18 at 14:20:11:190 total calculated
10-05-18 at 14:20:11:191 now show on display
10-05-18 at 14:20:11:192                     Всего:        355.52
10-05-18 at 14:20:11:192 now clear port error ...
10-05-18 at 14:20:11:192 now write to port ...
10-05-18 at 14:20:11:326 ... done
10-05-18 at 14:20:11:327 Попытка входа в критическую секцию: дисконт
10-05-18 at 14:20:11:327 total calculated
10-05-18 at 14:20:11:328 now show on display
10-05-18 at 14:20:11:329                     Всего:        355.52
10-05-18 at 14:20:11:329 now clear port error ...
10-05-18 at 14:20:11:329 now write to port ...
10-05-18 at 14:20:11:498 ... done
10-05-18 at 14:20:11:500 111
10-05-18 at 14:20:11:500 Выход из программы
10-05-18 at 15:20:41:610 Запуск программы. Инициализация считана из файла
10-05-18 at 15:20:41:610 Чек загружен.
10-05-18 at 15:20:41:610 Чек загружен.
10-05-18 at 15:21:12:591 Попытка входа в критическую секцию: дисконт
10-05-18 at 15:22:51:960 total calculated
10-05-18 at 15:24:48:373 Запуск программы. Инициализация считана из файла
10-05-18 at 15:24:48:374 Чек загружен.
10-05-18 at 15:24:48:374 Чек загружен.
10-05-18 at 15:24:48:375 total calculated
10-05-18 at 15:24:48:375 now show on display
10-05-18 at 15:24:48:375                     Всего:        475.40
10-05-18 at 15:24:48:375 now open port for display
10-05-18 at 15:24:48:376 Com port opened
10-05-18 at 15:24:48:376 now clear port error ...
10-05-18 at 15:24:48:376 now write to port ...
10-05-18 at 15:24:48:510 ... done
10-05-18 at 15:24:48:510 Чек сжат
10-05-18 at 15:24:48:510 Сумма чека посчитана
10-05-18 at 15:24:48:510 Кардридер создан
10-05-18 at 15:24:48:511 Задание запуска модулей создано
10-05-18 at 15:24:48:511 Сканер создан
10-05-18 at 15:24:48:511 Регистратор создан
10-05-18 at 15:24:48:511 Часы созданы
10-05-18 at 15:24:48:512 Регистратор запущен
10-05-18 at 15:24:48:512 Сканер запущен
10-05-18 at 15:24:48:512 Часы запущены
10-05-18 at 15:24:48:512 Кардридер запущен
10-05-18 at 15:24:48:513 Передача данных запущена
10-05-18 at 15:24:48:513 Вход в FRInit
10-05-18 at 15:24:48:513 Вход в GetStatus
10-05-18 at 15:24:48:528 Send 05 
10-05-18 at 15:24:48:543 Recived 15 
10-05-18 at 15:24:48:543 Send 06 
10-05-18 at 15:24:48:558 Send 02 05 11 1E 00 00 00 0A 
10-05-18 at 15:24:48:573 Recived 06 02 30 11 00 1E 43 31 1C B3 14 0C 11 01 4F 00 B2 02 03 00 00 4E 41 00 00 01 01 10 0A 05 12 0F 18 30 00 2E 5D 00 00 1D 00 00 00 00 00 EF 95 10 42 01 00 74 
10-05-18 at 15:24:48:588 Send 06 
10-05-18 at 15:24:48:593 KKMStatus 0000
10-05-18 at 15:24:48:603 Send 05 
10-05-18 at 15:24:48:618 Recived 15 
10-05-18 at 15:24:48:618 Send 06 
10-05-18 at 15:24:48:633 Send 02 05 11 1E 00 00 00 0A 
10-05-18 at 15:24:48:648 Recived 06 02 30 11 00 1E 43 31 1C B3 14 0C 11 01 4F 00 B2 02 03 00 00 4E 41 00 00 01 01 10 0A 05 12 0F 18 30 00 2E 5D 00 00 1D 00 00 00 00 00 EF 95 10 42 01 00 74 
10-05-18 at 15:24:48:663 Send 06 
10-05-18 at 15:24:48:668 KKMStatus 0300
10-05-18 at 15:24:48:668 Номер ФР считан
10-05-18 at 15:24:48:872 СУБД подключена
10-05-18 at 15:24:48:901 Send 05 
10-05-18 at 15:24:48:916 Recived 15 
10-05-18 at 15:24:48:916 Send 06 
10-05-18 at 15:24:48:931 Send 02 17 1E 1E 00 00 00 05 03 00 01 CA 41 D0 D2 CE C9 20 56 49 53 41 2F 4D 43 92 
10-05-18 at 15:24:48:947 Recived 06 02 02 1E 00 1C 
10-05-18 at 15:24:48:962 Send 06 
10-05-18 at 15:24:48:977 Send 05 
10-05-18 at 15:24:48:992 Recived 15 
10-05-18 at 15:24:48:992 Send 06 
10-05-18 at 15:24:49:007 Send 02 18 1E 1E 00 00 00 05 04 00 01 C4 D0 D3 C3 C8 CC C8 20 CA C0 D0 D2 C0 CC C8 3C 
10-05-18 at 15:24:49:023 Recived 06 02 02 1E 00 1C 
10-05-18 at 15:24:49:038 Send 06 
10-05-18 at 15:24:49:053 Send 05 
10-05-18 at 15:24:49:068 Recived 15 
10-05-18 at 15:24:49:068 Send 06 
10-05-18 at 15:24:49:083 Send 02 0A 1E 1E 00 00 00 01 01 00 01 01 0A 
10-05-18 at 15:24:49:098 Recived 06 02 02 1E 00 1C 
10-05-18 at 15:24:49:113 Send 06 
10-05-18 at 15:24:49:128 Send 05 
10-05-18 at 15:24:49:143 Recived 15 
10-05-18 at 15:24:49:143 Send 06 
10-05-18 at 15:24:49:158 Send 02 0A 1E 1E 00 00 00 01 01 00 05 02 0D 
10-05-18 at 15:24:49:173 Recived 06 02 02 1E 00 1C 
10-05-18 at 15:24:49:188 Send 06 
10-05-18 at 15:24:49:203 Send 05 
10-05-18 at 15:24:49:218 Recived 15 
10-05-18 at 15:24:49:218 Send 06 
10-05-18 at 15:24:49:233 Send 02 0A 1E 1E 00 00 00 01 01 00 23 01 28 
10-05-18 at 15:24:49:248 Recived 06 02 02 1E 00 1C 
10-05-18 at 15:24:49:263 Send 06 
10-05-18 at 15:24:49:278 Send 05 
10-05-18 at 15:24:49:293 Recived 15 
10-05-18 at 15:24:49:293 Send 06 
10-05-18 at 15:24:49:308 Send 02 0A 1E 1E 00 00 00 01 01 00 06 00 0C 
10-05-18 at 15:24:49:323 Recived 06 02 02 1E 00 1C 
10-05-18 at 15:24:49:338 Send 06 
10-05-18 at 15:24:49:353 Send 05 
10-05-18 at 15:24:49:368 Recived 15 
10-05-18 at 15:24:49:368 Send 06 
10-05-18 at 15:24:49:383 Send 02 0A 1E 1E 00 00 00 01 01 00 07 01 0C 
10-05-18 at 15:24:49:398 Recived 06 02 02 1E 00 1C 
10-05-18 at 15:24:49:413 Send 06 
10-05-18 at 15:24:49:428 Send 05 
10-05-18 at 15:24:49:443 Recived 15 
10-05-18 at 15:24:49:443 Send 06 
10-05-18 at 15:24:49:458 Send 02 0A 1E 1E 00 00 00 01 01 00 14 01 1F 
10-05-18 at 15:24:49:473 Recived 06 02 02 1E 00 1C 
10-05-18 at 15:24:49:488 Send 06 
10-05-18 at 15:24:49:503 Send 05 
10-05-18 at 15:24:49:518 Recived 15 
10-05-18 at 15:24:49:518 Send 06 
10-05-18 at 15:24:49:533 Send 02 0A 1E 1E 00 00 00 01 01 00 15 01 1E 
10-05-18 at 15:24:49:548 Recived 06 02 02 1E 00 1C 
10-05-18 at 15:24:49:563 Send 06 
10-05-18 at 15:24:49:578 Send 05 
10-05-18 at 15:24:49:593 Recived 15 
10-05-18 at 15:24:49:593 Send 06 
10-05-18 at 15:24:49:608 Send 02 0A 1E 1E 00 00 00 01 01 00 0F 00 05 
10-05-18 at 15:24:49:623 Recived 06 02 02 1E 00 1C 
10-05-18 at 15:24:49:638 Send 06 
10-05-18 at 15:24:49:653 Send 05 
10-05-18 at 15:24:49:668 Recived 15 
10-05-18 at 15:24:49:668 Send 06 
10-05-18 at 15:24:49:683 Send 02 0A 1E 1E 00 00 00 01 01 00 11 00 1B 
10-05-18 at 15:24:49:698 Recived 06 02 02 1E 00 1C 
10-05-18 at 15:24:49:713 Send 06 
10-05-18 at 15:24:49:728 Send 05 
10-05-18 at 15:24:49:743 Recived 15 
10-05-18 at 15:24:49:743 Send 06 
10-05-18 at 15:24:49:758 Send 02 0A 1E 1E 00 00 00 11 01 00 03 02 1B 
10-05-18 at 15:24:49:773 Recived 06 02 02 1E 00 1C 
10-05-18 at 15:24:49:788 Send 06 
10-05-18 at 15:24:49:803 Send 05 
10-05-18 at 15:24:49:818 Recived 15 
10-05-18 at 15:24:49:818 Send 06 
10-05-18 at 15:24:49:833 Send 02 0A 1E 1E 00 00 00 01 01 00 29 01 22 
10-05-18 at 15:24:49:848 Recived 06 02 02 1E 00 1C 
10-05-18 at 15:24:49:863 Send 06 
10-05-18 at 15:24:49:878 Send 05 
10-05-18 at 15:24:49:893 Recived 15 
10-05-18 at 15:24:49:893 Send 06 
10-05-18 at 15:24:49:908 Send 02 26 1E 1E 00 00 00 04 0C 00 01 20 20 20 20 20 20 20 20 20 20 20 C4 CE C1 D0 CE 20 CF CE C6 C0 CB CE C2 C0 D2 DC 21 00 D5 
10-05-18 at 15:24:49:926 Recived 06 02 02 1E 00 1C 
10-05-18 at 15:24:49:941 Send 06 
10-05-18 at 15:24:49:956 Send 05 
10-05-18 at 15:24:49:971 Recived 15 
10-05-18 at 15:24:49:971 Send 06 
10-05-18 at 15:24:49:986 Send 02 29 1E 1E 00 00 00 04 0D 00 01 20 20 20 20 20 20 20 20 CE CE CE 20 CA EE EC EF E0 ED E8 FF 20 27 CA CE CB CE D0 CB CE CD 27 00 CB 
10-05-18 at 15:24:50:004 Recived 06 02 02 1E 00 1C 
10-05-18 at 15:24:50:019 Send 06 
10-05-18 at 15:24:50:034 Send 05 
10-05-18 at 15:24:50:049 Recived 15 
10-05-18 at 15:24:50:049 Send 06 
10-05-18 at 15:24:50:064 Send 02 2D 1E 1E 00 00 00 04 0E 00 01 20 20 20 20 20 CC E0 E3 E0 E7 E8 ED 20 27 C2 F1 E5 20 F2 EE E2 E0 F0 FB 20 E4 EB FF 20 E4 EE EC E0 27 20 00 DE 
10-05-18 at 15:24:50:082 Recived 06 02 02 1E 00 1C 
10-05-18 at 15:24:50:097 Send 06 
10-05-18 at 15:24:50:115 now clear port error ...
10-05-18 at 15:24:50:115 now write to port ...
10-05-18 at 15:24:50:249 ... done
10-05-18 at 15:24:50:285 Send 05 
10-05-18 at 15:24:50:300 Recived 15 
10-05-18 at 15:24:50:300 Send 06 
10-05-18 at 15:24:50:315 Send 02 06 1A 1E 00 00 00 79 7B 
10-05-18 at 15:24:50:330 Recived 06 02 09 1A 00 1E 00 00 00 00 00 00 0D 
10-05-18 at 15:24:50:345 Send 06 
10-05-18 at 15:24:52:816 Cardreader  Антонов Сергей 
10-05-18 at 15:24:52:827 Send 05 
10-05-18 at 15:24:52:845 Recived 15 
10-05-18 at 15:24:52:845 Send 06 
10-05-18 at 15:24:52:860 Send 02 20 1E 1E 00 00 00 02 1E 00 02 CA E0 F1 F1 E8 F0 20 C0 ED F2 EE ED EE E2 20 D1 E5 F0 E3 E5 E9 20 00 D7 
10-05-18 at 15:24:52:879 Recived 06 02 02 1E 00 1C 
10-05-18 at 15:24:52:894 Send 06 
10-05-18 at 15:24:52:896 now clear port error ...
10-05-18 at 15:24:52:896 now write to port ...
10-05-18 at 15:24:53:029 ... done
10-05-18 at 15:24:53:044 Send 05 
10-05-18 at 15:24:53:059 Recived 15 
10-05-18 at 15:24:53:059 Send 06 
10-05-18 at 15:24:53:074 Send 02 06 28 1E 00 00 00 00 30 
10-05-18 at 15:24:53:089 Recived 06 02 03 28 00 1E 35 
10-05-18 at 15:24:53:104 Send 06 
10-05-18 at 15:24:53:824 Send 05 
10-05-18 at 15:24:53:839 Recived 15 
10-05-18 at 15:24:53:839 Send 06 
10-05-18 at 15:24:53:854 Send 02 06 FF 39 1E 00 00 00 DE 
10-05-18 at 15:24:53:869 Recived 06 02 10 FF 39 00 00 00 00 00 00 00 00 00 00 00 00 00 00 D6 
10-05-18 at 15:24:53:884 Send 06 
10-05-18 at 15:26:55:036 Send 05 
10-05-18 at 15:26:55:051 Recived 15 
10-05-18 at 15:26:55:051 Send 06 
10-05-18 at 15:26:55:066 Send 02 06 FF 39 1E 00 00 00 DE 
10-05-18 at 15:26:55:081 Recived 06 02 10 FF 39 00 00 00 00 00 00 00 00 00 00 00 00 00 00 D6 
10-05-18 at 15:26:55:096 Send 06 
10-05-18 at 15:28:56:233 Send 05 
10-05-18 at 15:28:56:248 Recived 15 
10-05-18 at 15:28:56:248 Send 06 
10-05-18 at 15:28:56:263 Send 02 06 FF 39 1E 00 00 00 DE 
10-05-18 at 15:28:56:278 Recived 06 02 10 FF 39 00 00 00 00 00 00 00 00 00 00 00 00 00 00 D6 
10-05-18 at 15:28:56:293 Send 06 
10-05-18 at 15:30:57:430 Send 05 
10-05-18 at 15:30:57:445 Recived 15 
10-05-18 at 15:30:57:445 Send 06 
10-05-18 at 15:30:57:460 Send 02 06 FF 39 1E 00 00 00 DE 
10-05-18 at 15:30:57:475 Recived 06 02 10 FF 39 00 00 00 00 00 00 00 00 00 00 00 00 00 00 D6 
10-05-18 at 15:30:57:490 Send 06 
10-05-18 at 15:32:58:627 Send 05 
10-05-18 at 15:32:58:642 Recived 15 
10-05-18 at 15:32:58:642 Send 06 
10-05-18 at 15:32:58:657 Send 02 06 FF 39 1E 00 00 00 DE 
10-05-18 at 15:32:58:672 Recived 06 02 10 FF 39 00 00 00 00 00 00 00 00 00 00 00 00 00 00 D6 
10-05-18 at 15:32:58:687 Send 06 
10-05-18 at 15:34:59:824 Send 05 
10-05-18 at 15:34:59:839 Recived 15 
10-05-18 at 15:34:59:839 Send 06 
10-05-18 at 15:34:59:854 Send 02 06 FF 39 1E 00 00 00 DE 
10-05-18 at 15:34:59:869 Recived 06 02 10 FF 39 00 00 00 00 00 00 00 00 00 00 00 00 00 00 D6 
10-05-18 at 15:34:59:884 Send 06 
10-05-18 at 15:37:01:021 Send 05 
10-05-18 at 15:37:01:036 Recived 15 
10-05-18 at 15:37:01:036 Send 06 
10-05-18 at 15:37:01:051 Send 02 06 FF 39 1E 00 00 00 DE 
10-05-18 at 15:37:01:066 Recived 06 02 10 FF 39 00 00 00 00 00 00 00 00 00 00 00 00 00 00 D6 
10-05-18 at 15:37:01:081 Send 06 
10-05-18 at 15:39:02:218 Send 05 
10-05-18 at 15:39:02:233 Recived 15 
10-05-18 at 15:39:02:233 Send 06 
10-05-18 at 15:39:02:248 Send 02 06 FF 39 1E 00 00 00 DE 
10-05-18 at 15:39:02:263 Recived 06 02 10 FF 39 00 00 00 00 00 00 00 00 00 00 00 00 00 00 D6 
10-05-18 at 15:39:02:278 Send 06 
10-05-18 at 15:41:03:416 Send 05 
10-05-18 at 15:41:03:431 Recived 15 
10-05-18 at 15:41:03:431 Send 06 
10-05-18 at 15:41:03:446 Send 02 06 FF 39 1E 00 00 00 DE 
10-05-18 at 15:41:03:461 Recived 06 02 10 FF 39 00 00 00 00 00 00 00 00 00 00 00 00 00 00 D6 
10-05-18 at 15:41:03:476 Send 06 
10-05-18 at 15:41:26:846 114
10-05-18 at 15:41:26:846 014
10-05-18 at 15:43:04:613 Send 05 
10-05-18 at 15:43:04:628 Recived 15 
10-05-18 at 15:43:04:628 Send 06 
10-05-18 at 15:43:04:643 Send 02 06 FF 39 1E 00 00 00 DE 
10-05-18 at 15:43:04:658 Recived 06 02 10 FF 39 00 00 00 00 00 00 00 00 00 00 00 00 00 00 D6 
10-05-18 at 15:43:04:673 Send 06 
10-05-18 at 15:43:30:634 114
10-05-18 at 15:43:30:634 014
10-05-18 at 15:43:32:950 Send 05 
10-05-18 at 15:43:32:965 Recived 15 
10-05-18 at 15:43:32:965 Send 06 
10-05-18 at 15:43:32:980 Send 02 2E 17 1E 00 00 00 03 20 20 CF EE E4 E0 F0 EE F7 ED FB E5 20 EA E0 F0 F2 FB 20 ED E5 20 EF F0 EE E4 E0 E2 E0 EB E8 F1 FC 00 00 00 00 00 00 00 39 
10-05-18 at 15:43:33:000 Recived 06 02 03 17 00 1E 0A 
10-05-18 at 15:43:33:015 Send 06 
10-05-18 at 15:43:33:030 Send 05 
10-05-18 at 15:43:33:045 Recived 15 
10-05-18 at 15:43:33:045 Send 06 
10-05-18 at 15:43:33:060 Send 02 2E 17 1E 00 00 00 03 2D 2D 2D 2D 2D 2D 2D 2D 2D 2D 2D 2D 2D 2D 2D 2D 2D 2D 2D 2D 2D 2D 2D 2D 2D 2D 2D 2D 2D 2D 2D 2D 2D 2D 2D 2D 2D 2D 2D 2D 24 
10-05-18 at 15:43:33:079 Recived 06 02 03 17 00 1E 0A 
10-05-18 at 15:43:33:094 Send 06 
10-05-18 at 15:43:33:109 Send 05 
10-05-18 at 15:43:33:124 Recived 15 
10-05-18 at 15:43:33:124 Send 06 
10-05-18 at 15:43:33:139 Send 02 05 41 1E 00 00 00 5A 
10-05-18 at 15:43:33:154 Recived 06 
10-05-18 at 15:43:34:414 Recived 02 03 41 00 00 42 
10-05-18 at 15:43:34:429 Send 06 
10-05-18 at 15:43:37:549 Send 05 
10-05-18 at 15:43:37:564 Recived 15 
10-05-18 at 15:43:37:564 Send 06 
10-05-18 at 15:43:37:579 Send 02 08 21 1E 00 00 00 0F 2B 25 36 
10-05-18 at 15:43:37:594 Recived 06 02 02 21 00 23 
10-05-18 at 15:43:37:609 Send 06 
10-05-18 at 15:43:37:610 Вход в GetStatus
10-05-18 at 15:43:37:624 Send 05 
10-05-18 at 15:43:37:639 Recived 15 
10-05-18 at 15:43:37:639 Send 06 
10-05-18 at 15:43:37:654 Send 02 05 11 1E 00 00 00 0A 
10-05-18 at 15:43:37:669 Recived 06 02 30 11 00 1E 43 31 1C B3 14 0C 11 01 50 00 B2 02 04 00 00 4E 41 00 00 01 01 10 0A 05 12 0F 2B 25 00 2E 5D 00 00 1E 00 00 00 00 00 EF 95 10 42 01 00 49 
10-05-18 at 15:43:37:684 Send 06 
10-05-18 at 15:43:37:685 KKMStatus 0000
10-05-18 at 15:43:37:699 Send 05 
10-05-18 at 15:43:37:714 Recived 15 
10-05-18 at 15:43:37:714 Send 06 
10-05-18 at 15:43:37:729 Send 02 05 E0 1E 00 00 00 FB 
10-05-18 at 15:43:37:744 Recived 06 
10-05-18 at 15:43:38:869 Recived 02 03 E0 00 1E FD 
10-05-18 at 15:43:38:884 Send 06 
10-05-18 at 15:43:41:778 114
10-05-18 at 15:43:41:779 014
10-05-18 at 15:43:41:779 115
10-05-18 at 15:43:41:779 015
10-05-18 at 15:43:41:780 total calculated
10-05-18 at 15:43:41:782 now show on display
10-05-18 at 15:43:41:782                     Всего:        475.40
10-05-18 at 15:43:41:782 now clear port error ...
10-05-18 at 15:43:41:783 now write to port ...
10-05-18 at 15:43:41:916 ... done
10-05-18 at 15:43:41:956 now clear port error ...
10-05-18 at 15:43:41:956 now write to port ...
10-05-18 at 15:43:42:090 ... done
10-05-18 at 15:43:42:090 now clear port error ...
10-05-18 at 15:43:42:090 now write to port ...
10-05-18 at 15:43:42:262 ... done
10-05-18 at 15:44:04:032 116
10-05-18 at 15:44:04:032 016
10-05-18 at 15:44:04:032 Попытка очистки таблицы
10-05-18 at 15:44:04:033 Попытка очистки успешна
10-05-18 at 15:44:05:188 114
10-05-18 at 15:44:05:188 014
10-05-18 at 15:44:05:189 115
10-05-18 at 15:44:05:189 015
10-05-18 at 15:44:05:190 total calculated
10-05-18 at 15:44:05:191 now show on display
10-05-18 at 15:44:05:191                     Всего:        475.40
10-05-18 at 15:44:05:192 now clear port error ...
10-05-18 at 15:44:05:192 now write to port ...
10-05-18 at 15:44:05:326 ... done
10-05-18 at 15:44:05:337 now clear port error ...
10-05-18 at 15:44:05:338 now write to port ...
10-05-18 at 15:44:05:497 ... done
10-05-18 at 15:44:05:498 now clear port error ...
10-05-18 at 15:44:05:498 now write to port ...
10-05-18 at 15:44:05:669 ... done
10-05-18 at 15:44:22:288 116
10-05-18 at 15:44:22:289 016
10-05-18 at 15:44:22:289 Попытка очистки таблицы
10-05-18 at 15:44:22:289 Попытка очистки успешна
10-05-18 at 15:44:23:084  Нажата клавиша Ctrl+B
10-05-18 at 15:44:23:085 114
10-05-18 at 15:44:23:085 014
10-05-18 at 15:44:23:085 115
10-05-18 at 15:44:23:085 015
10-05-18 at 15:44:23:086 total calculated
10-05-18 at 15:44:23:088 now show on display
10-05-18 at 15:44:23:088                     Всего:        475.40
10-05-18 at 15:44:23:088 now clear port error ...
10-05-18 at 15:44:23:089 now write to port ...
10-05-18 at 15:44:23:222 ... done
10-05-18 at 15:44:23:235 now clear port error ...
10-05-18 at 15:44:23:235 now write to port ...
10-05-18 at 15:44:23:394 ... done
10-05-18 at 15:44:23:394 now clear port error ...
10-05-18 at 15:44:23:395 now write to port ...
10-05-18 at 15:44:23:566 ... done
10-05-18 at 15:44:47:807 116
10-05-18 at 15:44:47:807 016
10-05-18 at 15:44:47:807 Попытка очистки таблицы
10-05-18 at 15:44:47:808 Попытка очистки успешна
10-05-18 at 15:44:48:597  Нажата клавиша Ctrl+B
10-05-18 at 15:44:48:597 114
10-05-18 at 15:44:48:598 014
10-05-18 at 15:44:48:598 115
10-05-18 at 15:44:48:598 015
10-05-18 at 15:44:48:599 total calculated
10-05-18 at 15:44:48:601 now show on display
10-05-18 at 15:44:48:601                     Всего:        475.40
10-05-18 at 15:44:48:601 now clear port error ...
10-05-18 at 15:44:48:601 now write to port ...
10-05-18 at 15:44:48:735 ... done
10-05-18 at 15:44:48:745 now clear port error ...
10-05-18 at 15:44:48:745 now write to port ...
10-05-18 at 15:44:48:907 ... done
10-05-18 at 15:44:48:907 now clear port error ...
10-05-18 at 15:44:48:907 now write to port ...
10-05-18 at 15:44:49:079 ... done
10-05-18 at 15:45:08:113 Send 05 
10-05-18 at 15:45:08:128 Recived 15 
10-05-18 at 15:45:08:128 Send 06 
10-05-18 at 15:45:08:143 Send 02 06 FF 39 1E 00 00 00 DE 
10-05-18 at 15:45:08:158 Recived 06 02 10 FF 39 00 00 00 00 00 00 00 00 00 00 00 00 00 00 D6 
10-05-18 at 15:45:08:173 Send 06 
10-05-18 at 15:47:09:310 Send 05 
10-05-18 at 15:47:09:325 Recived 15 
10-05-18 at 15:47:09:325 Send 06 
10-05-18 at 15:47:09:340 Send 02 06 FF 39 1E 00 00 00 DE 
10-05-18 at 15:47:09:355 Recived 06 02 10 FF 39 00 00 00 00 00 00 00 00 00 00 00 00 00 00 D6 
10-05-18 at 15:47:09:370 Send 06 
10-05-18 at 15:47:23:112 116
10-05-18 at 15:47:23:112 016
10-05-18 at 15:47:23:112 Попытка очистки таблицы
10-05-18 at 15:47:23:112 Попытка очистки успешна
10-05-18 at 15:47:51:387 114
10-05-18 at 15:47:51:388 014
10-05-18 at 15:47:51:388 115
10-05-18 at 15:47:51:388 015
10-05-18 at 15:47:51:389 total calculated
10-05-18 at 15:47:51:391 now show on display
10-05-18 at 15:47:51:391                     Всего:        475.40
10-05-18 at 15:47:51:391 now clear port error ...
10-05-18 at 15:47:51:391 now write to port ...
10-05-18 at 15:47:51:525 ... done
10-05-18 at 15:47:51:537 now clear port error ...
10-05-18 at 15:47:51:538 now write to port ...
10-05-18 at 15:47:51:697 ... done
10-05-18 at 15:47:51:698 now clear port error ...
10-05-18 at 15:47:51:698 now write to port ...
10-05-18 at 15:47:51:869 ... done
10-05-18 at 15:48:59:801 116
10-05-18 at 15:48:59:801 016
10-05-18 at 15:48:59:801 Попытка очистки таблицы
10-05-18 at 15:48:59:801 Попытка очистки успешна
10-05-18 at 15:49:10:972 Send 05 
10-05-18 at 15:49:10:987 Recived 15 
10-05-18 at 15:49:10:987 Send 06 
10-05-18 at 15:49:11:002 Send 02 06 FF 39 1E 00 00 00 DE 
10-05-18 at 15:49:11:017 Recived 06 02 10 FF 39 00 00 00 00 00 00 00 00 00 00 00 00 00 00 D6 
10-05-18 at 15:49:11:032 Send 06 
10-05-18 at 15:51:12:184 Send 05 
10-05-18 at 15:51:12:199 Recived 15 
10-05-18 at 15:51:12:199 Send 06 
10-05-18 at 15:51:12:214 Send 02 06 FF 39 1E 00 00 00 DE 
10-05-18 at 15:51:12:229 Recived 06 02 10 FF 39 00 00 00 00 00 00 00 00 00 00 00 00 00 00 D6 
10-05-18 at 15:51:12:244 Send 06 
10-05-18 at 15:53:13:382 Send 05 
10-05-18 at 15:53:13:397 Recived 15 
10-05-18 at 15:53:13:397 Send 06 
10-05-18 at 15:53:13:412 Send 02 06 FF 39 1E 00 00 00 DE 
10-05-18 at 15:53:13:427 Recived 06 02 10 FF 39 00 00 00 00 00 00 00 00 00 00 00 00 00 00 D6 
10-05-18 at 15:53:13:442 Send 06 
10-05-18 at 15:55:14:579 Send 05 
10-05-18 at 15:55:14:594 Recived 15 
10-05-18 at 15:55:14:594 Send 06 
10-05-18 at 15:55:14:609 Send 02 06 FF 39 1E 00 00 00 DE 
10-05-18 at 15:55:14:624 Recived 06 02 10 FF 39 00 00 00 00 00 00 00 00 00 00 00 00 00 00 D6 
10-05-18 at 15:55:14:639 Send 06 
10-05-18 at 15:57:15:776 Send 05 
10-05-18 at 15:57:15:791 Recived 15 
10-05-18 at 15:57:15:791 Send 06 
10-05-18 at 15:57:15:806 Send 02 06 FF 39 1E 00 00 00 DE 
10-05-18 at 15:57:15:821 Recived 06 02 10 FF 39 00 00 00 00 00 00 00 00 00 00 00 00 00 00 D6 
10-05-18 at 15:57:15:836 Send 06 
10-05-18 at 15:59:16:973 Send 05 
10-05-18 at 15:59:16:988 Recived 15 
10-05-18 at 15:59:16:988 Send 06 
10-05-18 at 15:59:17:003 Send 02 06 FF 39 1E 00 00 00 DE 
10-05-18 at 15:59:17:018 Recived 06 02 10 FF 39 00 00 00 00 00 00 00 00 00 00 00 00 00 00 D6 
10-05-18 at 15:59:17:033 Send 06 
10-05-18 at 16:01:18:170 Send 05 
10-05-18 at 16:01:18:185 Recived 15 
10-05-18 at 16:01:18:185 Send 06 
10-05-18 at 16:01:18:200 Send 02 06 FF 39 1E 00 00 00 DE 
10-05-18 at 16:01:18:215 Recived 06 02 10 FF 39 00 00 00 00 00 00 00 00 00 00 00 00 00 00 D6 
10-05-18 at 16:01:18:230 Send 06 
10-05-18 at 16:03:19:367 Send 05 
10-05-18 at 16:03:19:382 Recived 15 
10-05-18 at 16:03:19:382 Send 06 
10-05-18 at 16:03:19:397 Send 02 06 FF 39 1E 00 00 00 DE 
10-05-18 at 16:03:19:412 Recived 06 02 10 FF 39 00 00 00 00 00 00 00 00 00 00 00 00 00 00 D6 
10-05-18 at 16:03:19:427 Send 06 
10-05-18 at 16:05:20:564 Send 05 
10-05-18 at 16:05:20:579 Recived 15 
10-05-18 at 16:05:20:579 Send 06 
10-05-18 at 16:05:20:594 Send 02 06 FF 39 1E 00 00 00 DE 
10-05-18 at 16:05:20:609 Recived 06 02 10 FF 39 00 00 00 00 00 00 00 00 00 00 00 00 00 00 D6 
10-05-18 at 16:05:20:624 Send 06 
10-05-18 at 16:07:21:761 Send 05 
10-05-18 at 16:07:21:776 Recived 15 
10-05-18 at 16:07:21:776 Send 06 
10-05-18 at 16:07:21:791 Send 02 06 FF 39 1E 00 00 00 DE 
10-05-18 at 16:07:21:806 Recived 06 02 10 FF 39 00 00 00 00 00 00 00 00 00 00 00 00 00 00 D6 
10-05-18 at 16:07:21:821 Send 06 
10-05-18 at 16:09:22:958 Send 05 
10-05-18 at 16:09:22:973 Recived 15 
10-05-18 at 16:09:22:973 Send 06 
10-05-18 at 16:09:22:988 Send 02 06 FF 39 1E 00 00 00 DE 
10-05-18 at 16:09:23:003 Recived 06 02 10 FF 39 00 00 00 00 00 00 00 00 00 00 00 00 00 00 D6 
10-05-18 at 16:09:23:018 Send 06 
10-05-18 at 16:11:24:156 Send 05 
10-05-18 at 16:11:24:171 Recived 15 
10-05-18 at 16:11:24:171 Send 06 
10-05-18 at 16:11:24:186 Send 02 06 FF 39 1E 00 00 00 DE 
10-05-18 at 16:11:24:201 Recived 06 02 10 FF 39 00 00 00 00 00 00 00 00 00 00 00 00 00 00 D6 
10-05-18 at 16:11:24:216 Send 06 
10-05-18 at 16:12:06:448 114
10-05-18 at 16:12:06:449 014
10-05-18 at 16:12:06:449 115
10-05-18 at 16:12:06:449 015
10-05-18 at 16:12:06:450 total calculated
10-05-18 at 16:12:06:452 now show on display
10-05-18 at 16:12:06:452                     Всего:        475.40
10-05-18 at 16:12:06:452 now clear port error ...
10-05-18 at 16:12:06:452 now write to port ...
10-05-18 at 16:12:06:586 ... done
10-05-18 at 16:12:06:599 now clear port error ...
10-05-18 at 16:12:06:599 now write to port ...
10-05-18 at 16:12:06:758 ... done
10-05-18 at 16:12:06:758 now clear port error ...
10-05-18 at 16:12:06:758 now write to port ...
10-05-18 at 16:12:06:930 ... done
10-05-18 at 16:22:36:038 Запуск программы. Инициализация считана из файла
10-05-18 at 16:22:36:038 Чек загружен.
10-05-18 at 16:22:36:038 Чек загружен.
10-05-18 at 16:22:36:039 total calculated
10-05-18 at 16:22:36:039 now show on display
10-05-18 at 16:22:36:039                     Всего:        475.40
10-05-18 at 16:22:36:040 now open port for display
10-05-18 at 16:22:36:040 Com port opened
10-05-18 at 16:22:36:041 now clear port error ...
10-05-18 at 16:22:36:041 now write to port ...
10-05-18 at 16:22:36:174 ... done
10-05-18 at 16:22:36:174 Чек сжат
10-05-18 at 16:22:36:174 Сумма чека посчитана
10-05-18 at 16:22:36:175 Кардридер создан
10-05-18 at 16:22:36:175 Задание запуска модулей создано
10-05-18 at 16:22:36:175 Сканер создан
10-05-18 at 16:22:36:175 Регистратор создан
10-05-18 at 16:22:36:176 Часы созданы
10-05-18 at 16:22:36:176 Регистратор запущен
10-05-18 at 16:22:36:176 Сканер запущен
10-05-18 at 16:22:36:176 Часы запущены
10-05-18 at 16:22:36:176 Кардридер запущен
10-05-18 at 16:22:36:177 Передача данных запущена
10-05-18 at 16:22:36:177 Вход в FRInit
10-05-18 at 16:22:36:178 Вход в GetStatus
10-05-18 at 16:22:36:192 Send 05 
10-05-18 at 16:22:36:207 Recived 15 
10-05-18 at 16:22:36:207 Send 06 
10-05-18 at 16:22:36:222 Send 02 05 11 1E 00 00 00 0A 
10-05-18 at 16:22:36:237 Recived 06 02 30 11 00 1E 43 31 1C B3 14 0C 11 01 51 00 B2 02 02 00 00 4E 41 00 00 01 01 10 0A 05 12 10 16 23 00 2E 5D 00 00 1E 00 00 00 00 00 EF 95 10 42 01 00 6A 
10-05-18 at 16:22:36:252 Send 06 
10-05-18 at 16:22:36:257 KKMStatus 0000
10-05-18 at 16:22:36:267 Send 05 
10-05-18 at 16:22:36:282 Recived 15 
10-05-18 at 16:22:36:282 Send 06 
10-05-18 at 16:22:36:297 Send 02 05 11 1E 00 00 00 0A 
10-05-18 at 16:22:36:312 Recived 06 02 30 11 00 1E 43 31 1C B3 14 0C 11 01 51 00 B2 02 02 00 00 4E 41 00 00 01 01 10 0A 05 12 10 16 23 00 2E 5D 00 00 1E 00 00 00 00 00 EF 95 10 42 01 00 6A 
10-05-18 at 16:22:36:327 Send 06 
10-05-18 at 16:22:36:332 KKMStatus 0200
10-05-18 at 16:22:36:332 Номер ФР считан
10-05-18 at 16:22:36:486 СУБД подключена
10-05-18 at 16:22:36:501 Send 05 
10-05-18 at 16:22:36:516 Recived 15 
10-05-18 at 16:22:36:516 Send 06 
10-05-18 at 16:22:36:531 Send 02 17 1E 1E 00 00 00 05 03 00 01 CA 41 D0 D2 CE C9 20 56 49 53 41 2F 4D 43 92 
10-05-18 at 16:22:36:547 Recived 06 02 02 1E 00 1C 
10-05-18 at 16:22:36:562 Send 06 
10-05-18 at 16:22:36:577 Send 05 
10-05-18 at 16:22:36:592 Recived 15 
10-05-18 at 16:22:36:592 Send 06 
10-05-18 at 16:22:36:607 Send 02 18 1E 1E 00 00 00 05 04 00 01 C4 D0 D3 C3 C8 CC C8 20 CA C0 D0 D2 C0 CC C8 3C 
10-05-18 at 16:22:36:623 Recived 06 02 02 1E 00 1C 
10-05-18 at 16:22:36:638 Send 06 
10-05-18 at 16:22:36:653 Send 05 
10-05-18 at 16:22:36:668 Recived 15 
10-05-18 at 16:22:36:668 Send 06 
10-05-18 at 16:22:36:683 Send 02 0A 1E 1E 00 00 00 01 01 00 01 01 0A 
10-05-18 at 16:22:36:698 Recived 06 02 02 1E 00 1C 
10-05-18 at 16:22:36:713 Send 06 
10-05-18 at 16:22:36:728 Send 05 
10-05-18 at 16:22:36:743 Recived 15 
10-05-18 at 16:22:36:743 Send 06 
10-05-18 at 16:22:36:758 Send 02 0A 1E 1E 00 00 00 01 01 00 05 02 0D 
10-05-18 at 16:22:36:773 Recived 06 02 02 1E 00 1C 
10-05-18 at 16:22:36:788 Send 06 
10-05-18 at 16:22:36:803 Send 05 
10-05-18 at 16:22:36:818 Recived 15 
10-05-18 at 16:22:36:818 Send 06 
10-05-18 at 16:22:36:833 Send 02 0A 1E 1E 00 00 00 01 01 00 23 01 28 
10-05-18 at 16:22:36:848 Recived 06 02 02 1E 00 1C 
10-05-18 at 16:22:36:863 Send 06 
10-05-18 at 16:22:36:878 Send 05 
10-05-18 at 16:22:36:893 Recived 15 
10-05-18 at 16:22:36:893 Send 06 
10-05-18 at 16:22:36:908 Send 02 0A 1E 1E 00 00 00 01 01 00 06 00 0C 
10-05-18 at 16:22:36:923 Recived 06 02 02 1E 00 1C 
10-05-18 at 16:22:36:938 Send 06 
10-05-18 at 16:22:36:953 Send 05 
10-05-18 at 16:22:36:968 Recived 15 
10-05-18 at 16:22:36:968 Send 06 
10-05-18 at 16:22:36:983 Send 02 0A 1E 1E 00 00 00 01 01 00 07 01 0C 
10-05-18 at 16:22:36:998 Recived 06 02 02 1E 00 1C 
10-05-18 at 16:22:37:013 Send 06 
10-05-18 at 16:22:37:028 Send 05 
10-05-18 at 16:22:37:043 Recived 15 
10-05-18 at 16:22:37:043 Send 06 
10-05-18 at 16:22:37:058 Send 02 0A 1E 1E 00 00 00 01 01 00 14 01 1F 
10-05-18 at 16:22:37:073 Recived 06 02 02 1E 00 1C 
10-05-18 at 16:22:37:088 Send 06 
10-05-18 at 16:22:37:103 Send 05 
10-05-18 at 16:22:37:118 Recived 15 
10-05-18 at 16:22:37:118 Send 06 
10-05-18 at 16:22:37:133 Send 02 0A 1E 1E 00 00 00 01 01 00 15 01 1E 
10-05-18 at 16:22:37:148 Recived 06 02 02 1E 00 1C 
10-05-18 at 16:22:37:163 Send 06 
10-05-18 at 16:22:37:178 Send 05 
10-05-18 at 16:22:37:193 Recived 15 
10-05-18 at 16:22:37:193 Send 06 
10-05-18 at 16:22:37:208 Send 02 0A 1E 1E 00 00 00 01 01 00 0F 00 05 
10-05-18 at 16:22:37:223 Recived 06 02 02 1E 00 1C 
10-05-18 at 16:22:37:238 Send 06 
10-05-18 at 16:22:37:253 Send 05 
10-05-18 at 16:22:37:268 Recived 15 
10-05-18 at 16:22:37:268 Send 06 
10-05-18 at 16:22:37:283 Send 02 0A 1E 1E 00 00 00 01 01 00 11 00 1B 
10-05-18 at 16:22:37:298 Recived 06 02 02 1E 00 1C 
10-05-18 at 16:22:37:313 Send 06 
10-05-18 at 16:22:37:328 Send 05 
10-05-18 at 16:22:37:343 Recived 15 
10-05-18 at 16:22:37:343 Send 06 
10-05-18 at 16:22:37:358 Send 02 0A 1E 1E 00 00 00 11 01 00 03 02 1B 
10-05-18 at 16:22:37:373 Recived 06 02 02 1E 00 1C 
10-05-18 at 16:22:37:388 Send 06 
10-05-18 at 16:22:37:403 Send 05 
10-05-18 at 16:22:37:418 Recived 15 
10-05-18 at 16:22:37:418 Send 06 
10-05-18 at 16:22:37:433 Send 02 0A 1E 1E 00 00 00 01 01 00 29 01 22 
10-05-18 at 16:22:37:448 Recived 06 02 02 1E 00 1C 
10-05-18 at 16:22:37:463 Send 06 
10-05-18 at 16:22:37:478 Send 05 
10-05-18 at 16:22:37:493 Recived 15 
10-05-18 at 16:22:37:493 Send 06 
10-05-18 at 16:22:37:508 Send 02 26 1E 1E 00 00 00 04 0C 00 01 20 20 20 20 20 20 20 20 20 20 20 C4 CE C1 D0 CE 20 CF CE C6 C0 CB CE C2 C0 D2 DC 21 00 D5 
10-05-18 at 16:22:37:526 Recived 06 02 02 1E 00 1C 
10-05-18 at 16:22:37:541 Send 06 
10-05-18 at 16:22:37:556 Send 05 
10-05-18 at 16:22:37:571 Recived 15 
10-05-18 at 16:22:37:571 Send 06 
10-05-18 at 16:22:37:586 Send 02 29 1E 1E 00 00 00 04 0D 00 01 20 20 20 20 20 20 20 20 CE CE CE 20 CA EE EC EF E0 ED E8 FF 20 27 CA CE CB CE D0 CB CE CD 27 00 CB 
10-05-18 at 16:22:37:604 Recived 06 02 02 1E 00 1C 
10-05-18 at 16:22:37:619 Send 06 
10-05-18 at 16:22:37:634 Send 05 
10-05-18 at 16:22:37:649 Recived 15 
10-05-18 at 16:22:37:649 Send 06 
10-05-18 at 16:22:37:664 Send 02 2D 1E 1E 00 00 00 04 0E 00 01 20 20 20 20 20 CC E0 E3 E0 E7 E8 ED 20 27 C2 F1 E5 20 F2 EE E2 E0 F0 FB 20 E4 EB FF 20 E4 EE EC E0 27 20 00 DE 
10-05-18 at 16:22:37:682 Recived 06 02 02 1E 00 1C 
10-05-18 at 16:22:37:697 Send 06 
10-05-18 at 16:22:37:716 now clear port error ...
10-05-18 at 16:22:37:716 now write to port ...
10-05-18 at 16:22:37:850 ... done
10-05-18 at 16:22:37:880 Send 05 
10-05-18 at 16:22:37:895 Recived 15 
10-05-18 at 16:22:37:895 Send 06 
10-05-18 at 16:22:37:910 Send 02 06 1A 1E 00 00 00 79 7B 
10-05-18 at 16:22:37:925 Recived 06 02 09 1A 00 1E 00 00 00 00 00 00 0D 
10-05-18 at 16:22:37:940 Send 06 
10-05-18 at 16:22:40:351 Cardreader  Антонов Сергей 
10-05-18 at 16:22:40:363 Send 05 
10-05-18 at 16:22:40:378 Recived 15 
10-05-18 at 16:22:40:378 Send 06 
10-05-18 at 16:22:40:393 Send 02 20 1E 1E 00 00 00 02 1E 00 02 CA E0 F1 F1 E8 F0 20 C0 ED F2 EE ED EE E2 20 D1 E5 F0 E3 E5 E9 20 00 D7 
10-05-18 at 16:22:40:411 Recived 06 02 02 1E 00 1C 
10-05-18 at 16:22:40:426 Send 06 
10-05-18 at 16:22:40:436 now clear port error ...
10-05-18 at 16:22:40:436 now write to port ...
10-05-18 at 16:22:40:570 ... done
10-05-18 at 16:22:41:356 Send 05 
10-05-18 at 16:22:41:371 Recived 15 
10-05-18 at 16:22:41:371 Send 06 
10-05-18 at 16:22:41:386 Send 02 06 FF 39 1E 00 00 00 DE 
10-05-18 at 16:22:41:401 Recived 06 02 10 FF 39 00 00 00 00 00 00 00 00 00 00 00 00 00 00 D6 
10-05-18 at 16:22:41:416 Send 06 
10-05-18 at 16:22:41:505 total calculated
10-05-18 at 16:22:41:506 now show on display
10-05-18 at 16:22:41:506                     Всего:        475.40
10-05-18 at 16:22:41:507 now clear port error ...
10-05-18 at 16:22:41:507 now write to port ...
10-05-18 at 16:22:41:641 ... done
10-05-18 at 16:22:41:642 total calculated
10-05-18 at 16:22:41:643 now show on display
10-05-18 at 16:22:41:643                     Всего:        475.40
10-05-18 at 16:22:41:643 now clear port error ...
10-05-18 at 16:22:41:644 now write to port ...
10-05-18 at 16:22:41:812 ... done
10-05-18 at 16:22:41:815 111
10-05-18 at 16:22:41:816 Выход из программы
10-05-18 at 16:22:47:617 Запуск программы. Инициализация считана из файла
10-05-18 at 16:22:47:618 Чек загружен.
10-05-18 at 16:22:47:618 Чек загружен.
10-05-18 at 16:22:47:619 total calculated
10-05-18 at 16:22:47:620 now show on display
10-05-18 at 16:22:47:620                     Всего:        475.40
10-05-18 at 16:22:47:620 now open port for display
10-05-18 at 16:22:47:621 Com port opened
10-05-18 at 16:22:47:621 now clear port error ...
10-05-18 at 16:22:47:621 now write to port ...
10-05-18 at 16:22:47:754 ... done
10-05-18 at 16:22:47:755 Чек сжат
10-05-18 at 16:22:47:755 Сумма чека посчитана
10-05-18 at 16:22:47:755 Кардридер создан
10-05-18 at 16:22:47:755 Задание запуска модулей создано
10-05-18 at 16:22:47:755 Сканер создан
10-05-18 at 16:22:47:755 Регистратор создан
10-05-18 at 16:22:47:756 Часы созданы
10-05-18 at 16:22:47:756 Регистратор запущен
10-05-18 at 16:22:47:756 Сканер запущен
10-05-18 at 16:22:47:757 Часы запущены
10-05-18 at 16:22:47:757 Кардридер запущен
10-05-18 at 16:22:47:758 Передача данных запущена
10-05-18 at 16:22:47:758 Вход в FRInit
10-05-18 at 16:22:47:758 Вход в GetStatus
10-05-18 at 16:22:47:772 Send 05 
10-05-18 at 16:22:47:787 Recived 15 
10-05-18 at 16:22:47:788 Send 06 
10-05-18 at 16:22:47:803 Send 02 05 11 1E 00 00 00 0A 
10-05-18 at 16:22:47:818 Recived 06 02 30 11 00 1E 43 31 1C B3 14 0C 11 01 51 00 B2 02 02 00 00 4E 41 00 00 01 01 10 0A 05 12 10 16 2F 00 2E 5D 00 00 1E 00 00 00 00 00 EF 95 10 42 01 00 66 
10-05-18 at 16:22:47:833 Send 06 
10-05-18 at 16:22:47:835 KKMStatus 0000
10-05-18 at 16:22:47:848 Send 05 
10-05-18 at 16:22:47:863 Recived 15 
10-05-18 at 16:22:47:863 Send 06 
10-05-18 at 16:22:47:878 Send 02 05 11 1E 00 00 00 0A 
10-05-18 at 16:22:47:893 Recived 06 02 30 11 00 1E 43 31 1C B3 14 0C 11 01 51 00 B2 02 02 00 00 4E 41 00 00 01 01 10 0A 05 12 10 16 2F 00 2E 5D 00 00 1E 00 00 00 00 00 EF 95 10 42 01 00 66 
10-05-18 at 16:22:47:908 Send 06 
10-05-18 at 16:22:47:910 KKMStatus 0200
10-05-18 at 16:22:47:910 Номер ФР считан
10-05-18 at 16:22:48:055 СУБД подключена
10-05-18 at 16:22:48:080 Send 05 
10-05-18 at 16:22:48:095 Recived 15 
10-05-18 at 16:22:48:095 Send 06 
10-05-18 at 16:22:48:110 Send 02 17 1E 1E 00 00 00 05 03 00 01 CA 41 D0 D2 CE C9 20 56 49 53 41 2F 4D 43 92 
10-05-18 at 16:22:48:126 Recived 06 02 02 1E 00 1C 
10-05-18 at 16:22:48:141 Send 06 
10-05-18 at 16:22:48:156 Send 05 
10-05-18 at 16:22:48:171 Recived 15 
10-05-18 at 16:22:48:171 Send 06 
10-05-18 at 16:22:48:186 Send 02 18 1E 1E 00 00 00 05 04 00 01 C4 D0 D3 C3 C8 CC C8 20 CA C0 D0 D2 C0 CC C8 3C 
10-05-18 at 16:22:48:202 Recived 06 02 02 1E 00 1C 
10-05-18 at 16:22:48:217 Send 06 
10-05-18 at 16:22:48:232 Send 05 
10-05-18 at 16:22:48:247 Recived 15 
10-05-18 at 16:22:48:247 Send 06 
10-05-18 at 16:22:48:262 Send 02 0A 1E 1E 00 00 00 01 01 00 01 01 0A 
10-05-18 at 16:22:48:277 Recived 06 02 02 1E 00 1C 
10-05-18 at 16:22:48:292 Send 06 
10-05-18 at 16:22:48:307 Send 05 
10-05-18 at 16:22:48:322 Recived 15 
10-05-18 at 16:22:48:322 Send 06 
10-05-18 at 16:22:48:337 Send 02 0A 1E 1E 00 00 00 01 01 00 05 02 0D 
10-05-18 at 16:22:48:352 Recived 06 02 02 1E 00 1C 
10-05-18 at 16:22:48:367 Send 06 
10-05-18 at 16:22:48:382 Send 05 
10-05-18 at 16:22:48:397 Recived 15 
10-05-18 at 16:22:48:397 Send 06 
10-05-18 at 16:22:48:412 Send 02 0A 1E 1E 00 00 00 01 01 00 23 01 28 
10-05-18 at 16:22:48:427 Recived 06 02 02 1E 00 1C 
10-05-18 at 16:22:48:442 Send 06 
10-05-18 at 16:22:48:457 Send 05 
10-05-18 at 16:22:48:472 Recived 15 
10-05-18 at 16:22:48:472 Send 06 
10-05-18 at 16:22:48:487 Send 02 0A 1E 1E 00 00 00 01 01 00 06 00 0C 
10-05-18 at 16:22:48:502 Recived 06 02 02 1E 00 1C 
10-05-18 at 16:22:48:517 Send 06 
10-05-18 at 16:22:48:532 Send 05 
10-05-18 at 16:22:48:547 Recived 15 
10-05-18 at 16:22:48:547 Send 06 
10-05-18 at 16:22:48:562 Send 02 0A 1E 1E 00 00 00 01 01 00 07 01 0C 
10-05-18 at 16:22:48:577 Recived 06 02 02 1E 00 1C 
10-05-18 at 16:22:48:592 Send 06 
10-05-18 at 16:22:48:607 Send 05 
10-05-18 at 16:22:48:622 Recived 15 
10-05-18 at 16:22:48:622 Send 06 
10-05-18 at 16:22:48:637 Send 02 0A 1E 1E 00 00 00 01 01 00 14 01 1F 
10-05-18 at 16:22:48:652 Recived 06 02 02 1E 00 1C 
10-05-18 at 16:22:48:667 Send 06 
10-05-18 at 16:22:48:682 Send 05 
10-05-18 at 16:22:48:697 Recived 15 
10-05-18 at 16:22:48:697 Send 06 
10-05-18 at 16:22:48:712 Send 02 0A 1E 1E 00 00 00 01 01 00 15 01 1E 
10-05-18 at 16:22:48:727 Recived 06 02 02 1E 00 1C 
10-05-18 at 16:22:48:742 Send 06 
10-05-18 at 16:22:48:757 Send 05 
10-05-18 at 16:22:48:772 Recived 15 
10-05-18 at 16:22:48:772 Send 06 
10-05-18 at 16:22:48:787 Send 02 0A 1E 1E 00 00 00 01 01 00 0F 00 05 
10-05-18 at 16:22:48:802 Recived 06 02 02 1E 00 1C 
10-05-18 at 16:22:48:817 Send 06 
10-05-18 at 16:22:48:832 Send 05 
10-05-18 at 16:22:48:847 Recived 15 
10-05-18 at 16:22:48:847 Send 06 
10-05-18 at 16:22:48:862 Send 02 0A 1E 1E 00 00 00 01 01 00 11 00 1B 
10-05-18 at 16:22:48:877 Recived 06 02 02 1E 00 1C 
10-05-18 at 16:22:48:892 Send 06 
10-05-18 at 16:22:48:907 Send 05 
10-05-18 at 16:22:48:922 Recived 15 
10-05-18 at 16:22:48:922 Send 06 
10-05-18 at 16:22:48:937 Send 02 0A 1E 1E 00 00 00 11 01 00 03 02 1B 
10-05-18 at 16:22:48:952 Recived 06 02 02 1E 00 1C 
10-05-18 at 16:22:48:967 Send 06 
10-05-18 at 16:22:48:982 Send 05 
10-05-18 at 16:22:48:997 Recived 15 
10-05-18 at 16:22:48:997 Send 06 
10-05-18 at 16:22:49:012 Send 02 0A 1E 1E 00 00 00 01 01 00 29 01 22 
10-05-18 at 16:22:49:027 Recived 06 02 02 1E 00 1C 
10-05-18 at 16:22:49:042 Send 06 
10-05-18 at 16:22:49:057 Send 05 
10-05-18 at 16:22:49:072 Recived 15 
10-05-18 at 16:22:49:072 Send 06 
10-05-18 at 16:22:49:087 Send 02 26 1E 1E 00 00 00 04 0C 00 01 20 20 20 20 20 20 20 20 20 20 20 C4 CE C1 D0 CE 20 CF CE C6 C0 CB CE C2 C0 D2 DC 21 00 D5 
10-05-18 at 16:22:49:105 Recived 06 02 02 1E 00 1C 
10-05-18 at 16:22:49:120 Send 06 
10-05-18 at 16:22:49:135 Send 05 
10-05-18 at 16:22:49:150 Recived 15 
10-05-18 at 16:22:49:150 Send 06 
10-05-18 at 16:22:49:165 Send 02 29 1E 1E 00 00 00 04 0D 00 01 20 20 20 20 20 20 20 20 CE CE CE 20 CA EE EC EF E0 ED E8 FF 20 27 CA CE CB CE D0 CB CE CD 27 00 CB 
10-05-18 at 16:22:49:183 Recived 06 02 02 1E 00 1C 
10-05-18 at 16:22:49:198 Send 06 
10-05-18 at 16:22:49:213 Send 05 
10-05-18 at 16:22:49:228 Recived 15 
10-05-18 at 16:22:49:228 Send 06 
10-05-18 at 16:22:49:243 Send 02 2D 1E 1E 00 00 00 04 0E 00 01 20 20 20 20 20 CC E0 E3 E0 E7 E8 ED 20 27 C2 F1 E5 20 F2 EE E2 E0 F0 FB 20 E4 EB FF 20 E4 EE EC E0 27 20 00 DE 
10-05-18 at 16:22:49:261 Recived 06 02 02 1E 00 1C 
10-05-18 at 16:22:49:276 Send 06 
10-05-18 at 16:22:49:293 now clear port error ...
10-05-18 at 16:22:49:293 now write to port ...
10-05-18 at 16:22:49:427 ... done
10-05-18 at 16:22:49:459 Send 05 
10-05-18 at 16:22:49:474 Recived 15 
10-05-18 at 16:22:49:474 Send 06 
10-05-18 at 16:22:49:489 Send 02 06 1A 1E 00 00 00 79 7B 
10-05-18 at 16:22:49:504 Recived 06 02 09 1A 00 1E 00 00 00 00 00 00 0D 
10-05-18 at 16:22:49:519 Send 06 
10-05-18 at 16:22:51:721 Cardreader  Антонов Сергей 
10-05-18 at 16:22:51:728 Send 05 
10-05-18 at 16:22:51:743 Recived 15 
10-05-18 at 16:22:51:743 Send 06 
10-05-18 at 16:22:51:758 Send 02 20 1E 1E 00 00 00 02 1E 00 02 CA E0 F1 F1 E8 F0 20 C0 ED F2 EE ED EE E2 20 D1 E5 F0 E3 E5 E9 20 00 D7 
10-05-18 at 16:22:51:777 Recived 06 02 02 1E 00 1C 
10-05-18 at 16:22:51:792 Send 06 
10-05-18 at 16:22:51:802 now clear port error ...
10-05-18 at 16:22:51:802 now write to port ...
10-05-18 at 16:22:51:936 ... done
10-05-18 at 16:22:52:722 Send 05 
10-05-18 at 16:22:52:737 Recived 15 
10-05-18 at 16:22:52:737 Send 06 
10-05-18 at 16:22:52:752 Send 02 06 FF 39 1E 00 00 00 DE 
10-05-18 at 16:22:52:767 Recived 06 02 10 FF 39 00 00 00 00 00 00 00 00 00 00 00 00 00 00 D6 
10-05-18 at 16:22:52:782 Send 06 
10-05-18 at 16:22:54:688 114
10-05-18 at 16:22:54:689 014
10-05-18 at 16:22:54:689 115
10-05-18 at 16:22:54:689 015
10-05-18 at 16:22:54:690 total calculated
10-05-18 at 16:22:54:692 now show on display
10-05-18 at 16:22:54:692                     Всего:        475.40
10-05-18 at 16:22:54:692 now clear port error ...
10-05-18 at 16:22:54:692 now write to port ...
10-05-18 at 16:22:54:826 ... done
10-05-18 at 16:22:54:842 now clear port error ...
10-05-18 at 16:22:54:842 now write to port ...
10-05-18 at 16:22:54:998 ... done
10-05-18 at 16:22:54:998 now clear port error ...
10-05-18 at 16:22:54:998 now write to port ...
10-05-18 at 16:22:55:170 ... done
10-05-18 at 16:24:57:176 Send 05 
10-05-18 at 16:24:57:191 Recived 15 
10-05-18 at 16:24:57:191 Send 06 
10-05-18 at 16:24:57:206 Send 02 06 FF 39 1E 00 00 00 DE 
10-05-18 at 16:24:57:221 Recived 06 02 10 FF 39 00 00 00 00 00 00 00 00 00 00 00 00 00 00 D6 
10-05-18 at 16:24:57:236 Send 06 
10-05-18 at 16:26:04:395 116
10-05-18 at 16:26:04:395 016
10-05-18 at 16:26:04:396 Попытка очистки таблицы
10-05-18 at 16:26:04:396 Попытка очистки успешна
10-05-18 at 16:26:05:231  Нажата клавиша Ctrl+B
10-05-18 at 16:26:05:232 114
10-05-18 at 16:26:05:232 014
10-05-18 at 16:26:05:232 115
10-05-18 at 16:26:05:232 015
10-05-18 at 16:26:05:233 total calculated
10-05-18 at 16:26:05:235 now show on display
10-05-18 at 16:26:05:235                     Всего:        475.40
10-05-18 at 16:26:05:235 now clear port error ...
10-05-18 at 16:26:05:236 now write to port ...
10-05-18 at 16:26:05:369 ... done
10-05-18 at 16:26:05:380 now clear port error ...
10-05-18 at 16:26:05:381 now write to port ...
10-05-18 at 16:26:05:541 ... done
10-05-18 at 16:26:05:541 now clear port error ...
10-05-18 at 16:26:05:542 now write to port ...
10-05-18 at 16:26:05:713 ... done
10-05-18 at 16:27:01:616 Send 05 
10-05-18 at 16:27:01:631 Recived 15 
10-05-18 at 16:27:01:631 Send 06 
10-05-18 at 16:27:01:646 Send 02 06 FF 39 1E 00 00 00 DE 
10-05-18 at 16:27:01:661 Recived 06 02 10 FF 39 00 00 00 00 00 00 00 00 00 00 00 00 00 00 D6 
10-05-18 at 16:27:01:676 Send 06 
10-05-18 at 16:29:02:831 Send 05 
10-05-18 at 16:29:02:846 Recived 15 
10-05-18 at 16:29:02:846 Send 06 
10-05-18 at 16:29:02:861 Send 02 06 FF 39 1E 00 00 00 DE 
10-05-18 at 16:29:02:876 Recived 06 02 10 FF 39 00 00 00 00 00 00 00 00 00 00 00 00 00 00 D6 
10-05-18 at 16:29:02:891 Send 06 
10-05-18 at 16:30:21:117 116
10-05-18 at 16:30:21:117 016
10-05-18 at 16:30:21:117 Попытка очистки таблицы
10-05-18 at 16:30:21:117 Попытка очистки успешна
10-05-18 at 16:30:21:912 114
10-05-18 at 16:30:21:912 014
10-05-18 at 16:30:21:912 115
10-05-18 at 16:30:21:913 015
10-05-18 at 16:30:21:914 total calculated
10-05-18 at 16:30:21:915 now show on display
10-05-18 at 16:30:21:915                     Всего:        475.40
10-05-18 at 16:30:21:916 now clear port error ...
10-05-18 at 16:30:21:916 now write to port ...
10-05-18 at 16:30:22:049 ... done
10-05-18 at 16:30:22:062 now clear port error ...
10-05-18 at 16:30:22:062 now write to port ...
10-05-18 at 16:30:22:221 ... done
10-05-18 at 16:30:22:222 now clear port error ...
10-05-18 at 16:30:22:222 now write to port ...
10-05-18 at 16:30:22:393 ... done
10-05-18 at 16:30:23:893 116
10-05-18 at 16:30:23:894 016
10-05-18 at 16:30:23:894 Попытка очистки таблицы
10-05-18 at 16:30:23:894 Попытка очистки успешна
10-05-18 at 16:30:25:113  Нажата клавиша Ctrl+B
10-05-18 at 16:30:25:113 114
10-05-18 at 16:30:25:113 014
10-05-18 at 16:30:25:113 115
10-05-18 at 16:30:25:113 015
10-05-18 at 16:30:25:114 total calculated
10-05-18 at 16:30:25:116 now show on display
10-05-18 at 16:30:25:116                     Всего:        475.40
10-05-18 at 16:30:25:117 now clear port error ...
10-05-18 at 16:30:25:117 now write to port ...
10-05-18 at 16:30:25:250 ... done
10-05-18 at 16:30:25:262 now clear port error ...
10-05-18 at 16:30:25:262 now write to port ...
10-05-18 at 16:30:25:422 ... done
10-05-18 at 16:30:25:423 now clear port error ...
10-05-18 at 16:30:25:423 now write to port ...
10-05-18 at 16:30:25:594 ... done
10-05-18 at 16:31:04:659 Send 05 
10-05-18 at 16:31:04:674 Recived 15 
10-05-18 at 16:31:04:674 Send 06 
10-05-18 at 16:31:04:689 Send 02 06 FF 39 1E 00 00 00 DE 
10-05-18 at 16:31:04:704 Recived 06 02 10 FF 39 00 00 00 00 00 00 00 00 00 00 00 00 00 00 D6 
10-05-18 at 16:31:04:719 Send 06 
10-05-18 at 16:33:05:856 Send 05 
10-05-18 at 16:33:05:871 Recived 15 
10-05-18 at 16:33:05:871 Send 06 
10-05-18 at 16:33:05:886 Send 02 06 FF 39 1E 00 00 00 DE 
10-05-18 at 16:33:05:901 Recived 06 02 10 FF 39 00 00 00 00 00 00 00 00 00 00 00 00 00 00 D6 
10-05-18 at 16:33:05:916 Send 06 
10-05-18 at 16:35:07:053 Send 05 
10-05-18 at 16:35:07:068 Recived 15 
10-05-18 at 16:35:07:068 Send 06 
10-05-18 at 16:35:07:083 Send 02 06 FF 39 1E 00 00 00 DE 
10-05-18 at 16:35:07:098 Recived 06 02 10 FF 39 00 00 00 00 00 00 00 00 00 00 00 00 00 00 D6 
10-05-18 at 16:35:07:113 Send 06 
10-05-18 at 16:35:33:368 116
10-05-18 at 16:35:33:368 016
10-05-18 at 16:35:33:369 Попытка очистки таблицы
10-05-18 at 16:35:33:369 Попытка очистки успешна
10-05-18 at 16:35:34:460 114
10-05-18 at 16:35:34:460 014
10-05-18 at 16:35:34:460 115
10-05-18 at 16:35:34:460 015
10-05-18 at 16:35:34:461 total calculated
10-05-18 at 16:35:34:463 now show on display
10-05-18 at 16:35:34:463                     Всего:        475.40
10-05-18 at 16:35:34:463 now clear port error ...
10-05-18 at 16:35:34:464 now write to port ...
10-05-18 at 16:35:34:597 ... done
10-05-18 at 16:35:34:610 now clear port error ...
10-05-18 at 16:35:34:610 now write to port ...
10-05-18 at 16:35:34:769 ... done
10-05-18 at 16:35:34:769 now clear port error ...
10-05-18 at 16:35:34:770 now write to port ...
10-05-18 at 16:35:34:941 ... done
10-05-18 at 16:35:42:584 116
10-05-18 at 16:35:42:584 016
10-05-18 at 16:35:42:584 Попытка очистки таблицы
10-05-18 at 16:35:42:585 Попытка очистки успешна
10-05-18 at 16:35:44:492 114
10-05-18 at 16:35:44:492 014
10-05-18 at 16:35:44:493 115
10-05-18 at 16:35:44:493 015
10-05-18 at 16:35:44:494 total calculated
10-05-18 at 16:35:44:495 now show on display
10-05-18 at 16:35:44:496                     Всего:        475.40
10-05-18 at 16:35:44:496 now clear port error ...
10-05-18 at 16:35:44:496 now write to port ...
10-05-18 at 16:35:44:630 ... done
10-05-18 at 16:35:44:641 now clear port error ...
10-05-18 at 16:35:44:641 now write to port ...
10-05-18 at 16:35:44:802 ... done
10-05-18 at 16:35:44:802 now clear port error ...
10-05-18 at 16:35:44:802 now write to port ...
10-05-18 at 16:35:44:973 ... done
10-05-18 at 16:35:53:821 now clear port error ...
10-05-18 at 16:35:53:822 now write to port ...
10-05-18 at 16:35:53:956 ... done
10-05-18 at 16:35:53:957 116
10-05-18 at 16:35:53:957 016
10-05-18 at 16:37:08:250 Send 05 
10-05-18 at 16:37:08:265 Recived 15 
10-05-18 at 16:37:08:265 Send 06 
10-05-18 at 16:37:08:280 Send 02 06 FF 39 1E 00 00 00 DE 
10-05-18 at 16:37:08:295 Recived 06 02 10 FF 39 00 00 00 00 00 00 00 00 00 00 00 00 00 00 D6 
10-05-18 at 16:37:08:310 Send 06 
10-05-18 at 16:39:09:447 Send 05 
10-05-18 at 16:39:09:462 Recived 15 
10-05-18 at 16:39:09:462 Send 06 
10-05-18 at 16:39:09:477 Send 02 06 FF 39 1E 00 00 00 DE 
10-05-18 at 16:39:09:492 Recived 06 02 10 FF 39 00 00 00 00 00 00 00 00 00 00 00 00 00 00 D6 
10-05-18 at 16:39:09:507 Send 06 
10-05-18 at 16:41:10:644 Send 05 
10-05-18 at 16:41:10:659 Recived 15 
10-05-18 at 16:41:10:659 Send 06 
10-05-18 at 16:41:10:674 Send 02 06 FF 39 1E 00 00 00 DE 
10-05-18 at 16:41:10:689 Recived 06 02 10 FF 39 00 00 00 00 00 00 00 00 00 00 00 00 00 00 D6 
10-05-18 at 16:41:10:704 Send 06 
10-05-18 at 16:42:46:499  Нажата клавиша Ctrl+B
10-05-18 at 16:42:46:499 114
10-05-18 at 16:42:46:500 014
10-05-18 at 16:42:46:500 115
10-05-18 at 16:42:46:500 015
10-05-18 at 16:42:46:501 total calculated
10-05-18 at 16:42:46:502 now show on display
10-05-18 at 16:42:46:503                     Всего:        475.40
10-05-18 at 16:42:46:503 now clear port error ...
10-05-18 at 16:42:46:503 now write to port ...
10-05-18 at 16:42:46:637 ... done
10-05-18 at 16:42:46:649 now clear port error ...
10-05-18 at 16:42:46:649 now write to port ...
10-05-18 at 16:42:46:809 ... done
10-05-18 at 16:42:46:809 now clear port error ...
10-05-18 at 16:42:46:809 now write to port ...
10-05-18 at 16:42:46:980 ... done
10-05-18 at 16:42:51:951 116
10-05-18 at 16:42:51:952 016
10-05-18 at 16:42:51:952 Попытка очистки таблицы
10-05-18 at 16:42:51:952 Попытка очистки успешна
10-05-18 at 16:43:12:021 Send 05 
10-05-18 at 16:43:12:036 Recived 15 
10-05-18 at 16:43:12:036 Send 06 
10-05-18 at 16:43:12:051 Send 02 06 FF 39 1E 00 00 00 DE 
10-05-18 at 16:43:12:066 Recived 06 02 10 FF 39 00 00 00 00 00 00 00 00 00 00 00 00 00 00 D6 
10-05-18 at 16:43:12:081 Send 06 
10-05-18 at 16:45:11:792 total calculated
10-05-18 at 16:45:11:794 now show on display
10-05-18 at 16:45:11:794                     Всего:        475.40
10-05-18 at 16:45:11:794 now clear port error ...
10-05-18 at 16:45:11:794 now write to port ...
10-05-18 at 16:45:11:928 ... done
10-05-18 at 16:45:11:929 total calculated
10-05-18 at 16:45:11:931 now show on display
10-05-18 at 16:45:11:931                     Всего:        475.40
10-05-18 at 16:45:11:931 now clear port error ...
10-05-18 at 16:45:11:931 now write to port ...
10-05-18 at 16:45:12:100 ... done
10-05-18 at 16:45:12:102 111
10-05-18 at 16:45:12:103 Выход из программы
