06-04-18 at 00:00:43:350 Send 05 
06-04-18 at 00:00:43:365 Recived 15 
06-04-18 at 00:00:43:365 Send 06 
06-04-18 at 00:00:43:380 Send 02 06 FF 39 1E 00 00 00 DE 
06-04-18 at 00:00:43:395 Recived 06 02 10 FF 39 00 00 00 00 00 00 00 00 00 00 00 00 00 00 D6 
06-04-18 at 00:00:43:410 Send 06 
06-04-18 at 00:02:44:547 Send 05 
06-04-18 at 00:02:44:562 Recived 15 
06-04-18 at 00:02:44:562 Send 06 
06-04-18 at 00:02:44:577 Send 02 06 FF 39 1E 00 00 00 DE 
06-04-18 at 00:02:44:592 Recived 06 02 10 FF 39 00 00 00 00 00 00 00 00 00 00 00 00 00 00 D6 
06-04-18 at 00:02:44:607 Send 06 
06-04-18 at 00:04:45:744 Send 05 
06-04-18 at 00:04:45:759 Recived 15 
06-04-18 at 00:04:45:759 Send 06 
06-04-18 at 00:04:45:774 Send 02 06 FF 39 1E 00 00 00 DE 
06-04-18 at 00:04:45:789 Recived 06 02 10 FF 39 00 00 00 00 00 00 00 00 00 00 00 00 00 00 D6 
06-04-18 at 00:04:45:804 Send 06 
06-04-18 at 00:06:46:942 Send 05 
06-04-18 at 00:06:46:957 Recived 15 
06-04-18 at 00:06:46:957 Send 06 
06-04-18 at 00:06:46:972 Send 02 06 FF 39 1E 00 00 00 DE 
06-04-18 at 00:06:46:987 Recived 06 02 10 FF 39 00 00 00 00 00 00 00 00 00 00 00 00 00 00 D6 
06-04-18 at 00:06:47:002 Send 06 
06-04-18 at 00:08:48:139 Send 05 
06-04-18 at 00:08:48:154 Recived 15 
06-04-18 at 00:08:48:154 Send 06 
06-04-18 at 00:08:48:169 Send 02 06 FF 39 1E 00 00 00 DE 
06-04-18 at 00:08:48:184 Recived 06 02 10 FF 39 00 00 00 00 00 00 00 00 00 00 00 00 00 00 D6 
06-04-18 at 00:08:48:199 Send 06 
06-04-18 at 00:10:49:336 Send 05 
06-04-18 at 00:10:49:351 Recived 15 
06-04-18 at 00:10:49:351 Send 06 
06-04-18 at 00:10:49:366 Send 02 06 FF 39 1E 00 00 00 DE 
06-04-18 at 00:10:49:381 Recived 06 02 10 FF 39 00 00 00 00 00 00 00 00 00 00 00 00 00 00 D6 
06-04-18 at 00:10:49:396 Send 06 
06-04-18 at 00:12:50:533 Send 05 
06-04-18 at 00:12:50:548 Recived 15 
06-04-18 at 00:12:50:548 Send 06 
06-04-18 at 00:12:50:563 Send 02 06 FF 39 1E 00 00 00 DE 
06-04-18 at 00:12:50:578 Recived 06 02 10 FF 39 00 00 00 00 00 00 00 00 00 00 00 00 00 00 D6 
06-04-18 at 00:12:50:593 Send 06 
06-04-18 at 00:14:51:730 Send 05 
06-04-18 at 00:14:51:745 Recived 15 
06-04-18 at 00:14:51:745 Send 06 
06-04-18 at 00:14:51:760 Send 02 06 FF 39 1E 00 00 00 DE 
06-04-18 at 00:14:51:775 Recived 06 02 10 FF 39 00 00 00 00 00 00 00 00 00 00 00 00 00 00 D6 
06-04-18 at 00:14:51:790 Send 06 
06-04-18 at 00:16:52:927 Send 05 
06-04-18 at 00:16:52:942 Recived 15 
06-04-18 at 00:16:52:942 Send 06 
06-04-18 at 00:16:52:957 Send 02 06 FF 39 1E 00 00 00 DE 
06-04-18 at 00:16:52:972 Recived 06 02 10 FF 39 00 00 00 00 00 00 00 00 00 00 00 00 00 00 D6 
06-04-18 at 00:16:52:987 Send 06 
06-04-18 at 00:18:54:124 Send 05 
06-04-18 at 00:18:54:139 Recived 15 
06-04-18 at 00:18:54:139 Send 06 
06-04-18 at 00:18:54:154 Send 02 06 FF 39 1E 00 00 00 DE 
06-04-18 at 00:18:54:169 Recived 06 02 10 FF 39 00 00 00 00 00 00 00 00 00 00 00 00 00 00 D6 
06-04-18 at 00:18:54:184 Send 06 
06-04-18 at 00:20:55:321 Send 05 
06-04-18 at 00:20:55:336 Recived 15 
06-04-18 at 00:20:55:336 Send 06 
06-04-18 at 00:20:55:351 Send 02 06 FF 39 1E 00 00 00 DE 
06-04-18 at 00:20:55:366 Recived 06 02 10 FF 39 00 00 00 00 00 00 00 00 00 00 00 00 00 00 D6 
06-04-18 at 00:20:55:381 Send 06 
06-04-18 at 00:22:56:519 Send 05 
06-04-18 at 00:22:56:534 Recived 15 
06-04-18 at 00:22:56:534 Send 06 
06-04-18 at 00:22:56:549 Send 02 06 FF 39 1E 00 00 00 DE 
06-04-18 at 00:22:56:564 Recived 06 02 10 FF 39 00 00 00 00 00 00 00 00 00 00 00 00 00 00 D6 
06-04-18 at 00:22:56:579 Send 06 
06-04-18 at 00:24:57:716 Send 05 
06-04-18 at 00:24:57:731 Recived 15 
06-04-18 at 00:24:57:731 Send 06 
06-04-18 at 00:24:57:746 Send 02 06 FF 39 1E 00 00 00 DE 
06-04-18 at 00:24:57:761 Recived 06 02 10 FF 39 00 00 00 00 00 00 00 00 00 00 00 00 00 00 D6 
06-04-18 at 00:24:57:776 Send 06 
06-04-18 at 00:26:58:913 Send 05 
06-04-18 at 00:26:58:928 Recived 15 
06-04-18 at 00:26:58:928 Send 06 
06-04-18 at 00:26:58:943 Send 02 06 FF 39 1E 00 00 00 DE 
06-04-18 at 00:26:58:958 Recived 06 02 10 FF 39 00 00 00 00 00 00 00 00 00 00 00 00 00 00 D6 
06-04-18 at 00:26:58:973 Send 06 
06-04-18 at 00:29:00:110 Send 05 
06-04-18 at 00:29:00:125 Recived 15 
06-04-18 at 00:29:00:125 Send 06 
06-04-18 at 00:29:00:140 Send 02 06 FF 39 1E 00 00 00 DE 
06-04-18 at 00:29:00:155 Recived 06 02 10 FF 39 00 00 00 00 00 00 00 00 00 00 00 00 00 00 D6 
06-04-18 at 00:29:00:170 Send 06 
06-04-18 at 00:31:01:024 Send 05 
06-04-18 at 00:31:01:039 Recived 15 
06-04-18 at 00:31:01:039 Send 06 
06-04-18 at 00:31:01:054 Send 02 06 FF 39 1E 00 00 00 DE 
06-04-18 at 00:31:01:069 Recived 06 02 10 FF 39 00 00 00 00 00 00 00 00 00 00 00 00 00 00 D6 
06-04-18 at 00:31:01:084 Send 06 
06-04-18 at 00:33:01:797 Send 05 
06-04-18 at 00:33:01:812 Recived 15 
06-04-18 at 00:33:01:812 Send 06 
06-04-18 at 00:33:01:827 Send 02 06 FF 39 1E 00 00 00 DE 
06-04-18 at 00:33:01:842 Recived 06 02 10 FF 39 00 00 00 00 00 00 00 00 00 00 00 00 00 00 D6 
06-04-18 at 00:33:01:857 Send 06 
06-04-18 at 00:35:02:621 Send 05 
06-04-18 at 00:35:02:636 Recived 15 
06-04-18 at 00:35:02:636 Send 06 
06-04-18 at 00:35:02:651 Send 02 06 FF 39 1E 00 00 00 DE 
06-04-18 at 00:35:02:666 Recived 06 02 10 FF 39 00 00 00 00 00 00 00 00 00 00 00 00 00 00 D6 
06-04-18 at 00:35:02:681 Send 06 
06-04-18 at 00:37:03:661 Send 05 
06-04-18 at 00:37:03:676 Recived 15 
06-04-18 at 00:37:03:676 Send 06 
06-04-18 at 00:37:03:691 Send 02 06 FF 39 1E 00 00 00 DE 
06-04-18 at 00:37:03:706 Recived 06 02 10 FF 39 00 00 00 00 00 00 00 00 00 00 00 00 00 00 D6 
06-04-18 at 00:37:03:721 Send 06 
06-04-18 at 00:39:04:700 Send 05 
06-04-18 at 00:39:04:715 Recived 15 
06-04-18 at 00:39:04:715 Send 06 
06-04-18 at 00:39:04:730 Send 02 06 FF 39 1E 00 00 00 DE 
06-04-18 at 00:39:04:745 Recived 06 02 10 FF 39 00 00 00 00 00 00 00 00 00 00 00 00 00 00 D6 
06-04-18 at 00:39:04:760 Send 06 
06-04-18 at 00:41:05:809 Send 05 
06-04-18 at 00:41:05:824 Recived 15 
06-04-18 at 00:41:05:824 Send 06 
06-04-18 at 00:41:05:839 Send 02 06 FF 39 1E 00 00 00 DE 
06-04-18 at 00:41:05:854 Recived 06 02 10 FF 39 00 00 00 00 00 00 00 00 00 00 00 00 00 00 D6 
06-04-18 at 00:41:05:869 Send 06 
06-04-18 at 00:43:06:946 Send 05 
06-04-18 at 00:43:06:961 Recived 15 
06-04-18 at 00:43:06:961 Send 06 
06-04-18 at 00:43:06:976 Send 02 06 FF 39 1E 00 00 00 DE 
06-04-18 at 00:43:06:991 Recived 06 02 10 FF 39 00 00 00 00 00 00 00 00 00 00 00 00 00 00 D6 
06-04-18 at 00:43:07:006 Send 06 
06-04-18 at 00:45:08:091 Send 05 
06-04-18 at 00:45:08:106 Recived 15 
06-04-18 at 00:45:08:106 Send 06 
06-04-18 at 00:45:08:121 Send 02 06 FF 39 1E 00 00 00 DE 
06-04-18 at 00:45:08:136 Recived 06 02 10 FF 39 00 00 00 00 00 00 00 00 00 00 00 00 00 00 D6 
06-04-18 at 00:45:08:151 Send 06 
06-04-18 at 00:47:09:264 Send 05 
06-04-18 at 00:47:09:279 Recived 15 
06-04-18 at 00:47:09:279 Send 06 
06-04-18 at 00:47:09:294 Send 02 06 FF 39 1E 00 00 00 DE 
06-04-18 at 00:47:09:309 Recived 06 02 10 FF 39 00 00 00 00 00 00 00 00 00 00 00 00 00 00 D6 
06-04-18 at 00:47:09:324 Send 06 
06-04-18 at 00:49:10:437 Send 05 
06-04-18 at 00:49:10:452 Recived 15 
06-04-18 at 00:49:10:452 Send 06 
06-04-18 at 00:49:10:467 Send 02 06 FF 39 1E 00 00 00 DE 
06-04-18 at 00:49:10:482 Recived 06 02 10 FF 39 00 00 00 00 00 00 00 00 00 00 00 00 00 00 D6 
06-04-18 at 00:49:10:497 Send 06 
06-04-18 at 00:51:11:619 Send 05 
06-04-18 at 00:51:11:634 Recived 15 
06-04-18 at 00:51:11:634 Send 06 
06-04-18 at 00:51:11:649 Send 02 06 FF 39 1E 00 00 00 DE 
06-04-18 at 00:51:11:664 Recived 06 02 10 FF 39 00 00 00 00 00 00 00 00 00 00 00 00 00 00 D6 
06-04-18 at 00:51:11:679 Send 06 
06-04-18 at 00:53:12:804 Send 05 
06-04-18 at 00:53:12:819 Recived 15 
06-04-18 at 00:53:12:819 Send 06 
06-04-18 at 00:53:12:834 Send 02 06 FF 39 1E 00 00 00 DE 
06-04-18 at 00:53:12:849 Recived 06 02 10 FF 39 00 00 00 00 00 00 00 00 00 00 00 00 00 00 D6 
06-04-18 at 00:53:12:864 Send 06 
06-04-18 at 00:55:13:989 Send 05 
06-04-18 at 00:55:14:004 Recived 15 
06-04-18 at 00:55:14:004 Send 06 
06-04-18 at 00:55:14:019 Send 02 06 FF 39 1E 00 00 00 DE 
06-04-18 at 00:55:14:034 Recived 06 02 10 FF 39 00 00 00 00 00 00 00 00 00 00 00 00 00 00 D6 
06-04-18 at 00:55:14:049 Send 06 
06-04-18 at 00:57:15:174 Send 05 
06-04-18 at 00:57:15:189 Recived 15 
06-04-18 at 00:57:15:189 Send 06 
06-04-18 at 00:57:15:204 Send 02 06 FF 39 1E 00 00 00 DE 
06-04-18 at 00:57:15:219 Recived 06 02 10 FF 39 00 00 00 00 00 00 00 00 00 00 00 00 00 00 D6 
06-04-18 at 00:57:15:234 Send 06 
06-04-18 at 00:59:16:359 Send 05 
06-04-18 at 00:59:16:374 Recived 15 
06-04-18 at 00:59:16:374 Send 06 
06-04-18 at 00:59:16:389 Send 02 06 FF 39 1E 00 00 00 DE 
06-04-18 at 00:59:16:404 Recived 06 02 10 FF 39 00 00 00 00 00 00 00 00 00 00 00 00 00 00 D6 
06-04-18 at 00:59:16:419 Send 06 
06-04-18 at 01:01:17:544 Send 05 
06-04-18 at 01:01:17:559 Recived 15 
06-04-18 at 01:01:17:559 Send 06 
06-04-18 at 01:01:17:574 Send 02 06 FF 39 1E 00 00 00 DE 
06-04-18 at 01:01:17:589 Recived 06 02 10 FF 39 00 00 00 00 00 00 00 00 00 00 00 00 00 00 D6 
06-04-18 at 01:01:17:604 Send 06 
06-04-18 at 01:03:18:729 Send 05 
06-04-18 at 01:03:18:744 Recived 15 
06-04-18 at 01:03:18:744 Send 06 
06-04-18 at 01:03:18:759 Send 02 06 FF 39 1E 00 00 00 DE 
06-04-18 at 01:03:18:774 Recived 06 02 10 FF 39 00 00 00 00 00 00 00 00 00 00 00 00 00 00 D6 
06-04-18 at 01:03:18:789 Send 06 
06-04-18 at 01:05:19:914 Send 05 
06-04-18 at 01:05:19:929 Recived 15 
06-04-18 at 01:05:19:929 Send 06 
06-04-18 at 01:05:19:944 Send 02 06 FF 39 1E 00 00 00 DE 
06-04-18 at 01:05:19:959 Recived 06 02 10 FF 39 00 00 00 00 00 00 00 00 00 00 00 00 00 00 D6 
06-04-18 at 01:05:19:974 Send 06 
06-04-18 at 01:07:21:099 Send 05 
06-04-18 at 01:07:21:114 Recived 15 
06-04-18 at 01:07:21:114 Send 06 
06-04-18 at 01:07:21:129 Send 02 06 FF 39 1E 00 00 00 DE 
06-04-18 at 01:07:21:144 Recived 06 02 10 FF 39 00 00 00 00 00 00 00 00 00 00 00 00 00 00 D6 
06-04-18 at 01:07:21:159 Send 06 
06-04-18 at 01:09:22:284 Send 05 
06-04-18 at 01:09:22:299 Recived 15 
06-04-18 at 01:09:22:299 Send 06 
06-04-18 at 01:09:22:314 Send 02 06 FF 39 1E 00 00 00 DE 
06-04-18 at 01:09:22:329 Recived 06 02 10 FF 39 00 00 00 00 00 00 00 00 00 00 00 00 00 00 D6 
06-04-18 at 01:09:22:344 Send 06 
06-04-18 at 01:11:23:469 Send 05 
06-04-18 at 01:11:23:484 Recived 15 
06-04-18 at 01:11:23:484 Send 06 
06-04-18 at 01:11:23:499 Send 02 06 FF 39 1E 00 00 00 DE 
06-04-18 at 01:11:23:514 Recived 06 02 10 FF 39 00 00 00 00 00 00 00 00 00 00 00 00 00 00 D6 
06-04-18 at 01:11:23:529 Send 06 
06-04-18 at 01:13:24:654 Send 05 
06-04-18 at 01:13:24:669 Recived 15 
06-04-18 at 01:13:24:669 Send 06 
06-04-18 at 01:13:24:684 Send 02 06 FF 39 1E 00 00 00 DE 
06-04-18 at 01:13:24:699 Recived 06 02 10 FF 39 00 00 00 00 00 00 00 00 00 00 00 00 00 00 D6 
06-04-18 at 01:13:24:714 Send 06 
06-04-18 at 01:15:25:839 Send 05 
06-04-18 at 01:15:25:854 Recived 15 
06-04-18 at 01:15:25:854 Send 06 
06-04-18 at 01:15:25:869 Send 02 06 FF 39 1E 00 00 00 DE 
06-04-18 at 01:15:25:884 Recived 06 02 10 FF 39 00 00 00 00 00 00 00 00 00 00 00 00 00 00 D6 
06-04-18 at 01:15:25:899 Send 06 
06-04-18 at 01:17:27:024 Send 05 
06-04-18 at 01:17:27:039 Recived 15 
06-04-18 at 01:17:27:039 Send 06 
06-04-18 at 01:17:27:054 Send 02 06 FF 39 1E 00 00 00 DE 
06-04-18 at 01:17:27:069 Recived 06 02 10 FF 39 00 00 00 00 00 00 00 00 00 00 00 00 00 00 D6 
06-04-18 at 01:17:27:084 Send 06 
06-04-18 at 01:19:28:209 Send 05 
06-04-18 at 01:19:28:224 Recived 15 
06-04-18 at 01:19:28:224 Send 06 
06-04-18 at 01:19:28:239 Send 02 06 FF 39 1E 00 00 00 DE 
06-04-18 at 01:19:28:254 Recived 06 02 10 FF 39 00 00 00 00 00 00 00 00 00 00 00 00 00 00 D6 
06-04-18 at 01:19:28:269 Send 06 
06-04-18 at 01:21:29:394 Send 05 
06-04-18 at 01:21:29:409 Recived 15 
06-04-18 at 01:21:29:409 Send 06 
06-04-18 at 01:21:29:424 Send 02 06 FF 39 1E 00 00 00 DE 
06-04-18 at 01:21:29:439 Recived 06 02 10 FF 39 00 00 00 00 00 00 00 00 00 00 00 00 00 00 D6 
06-04-18 at 01:21:29:454 Send 06 
06-04-18 at 01:23:30:579 Send 05 
06-04-18 at 01:23:30:594 Recived 15 
06-04-18 at 01:23:30:594 Send 06 
06-04-18 at 01:23:30:609 Send 02 06 FF 39 1E 00 00 00 DE 
06-04-18 at 01:23:30:624 Recived 06 02 10 FF 39 00 00 00 00 00 00 00 00 00 00 00 00 00 00 D6 
06-04-18 at 01:23:30:639 Send 06 
06-04-18 at 01:25:31:764 Send 05 
06-04-18 at 01:25:31:779 Recived 15 
06-04-18 at 01:25:31:779 Send 06 
06-04-18 at 01:25:31:794 Send 02 06 FF 39 1E 00 00 00 DE 
06-04-18 at 01:25:31:809 Recived 06 02 10 FF 39 00 00 00 00 00 00 00 00 00 00 00 00 00 00 D6 
06-04-18 at 01:25:31:824 Send 06 
06-04-18 at 01:27:32:949 Send 05 
06-04-18 at 01:27:32:964 Recived 15 
06-04-18 at 01:27:32:964 Send 06 
06-04-18 at 01:27:32:979 Send 02 06 FF 39 1E 00 00 00 DE 
06-04-18 at 01:27:32:994 Recived 06 02 10 FF 39 00 00 00 00 00 00 00 00 00 00 00 00 00 00 D6 
06-04-18 at 01:27:33:009 Send 06 
06-04-18 at 01:29:34:134 Send 05 
06-04-18 at 01:29:34:149 Recived 15 
06-04-18 at 01:29:34:149 Send 06 
06-04-18 at 01:29:34:164 Send 02 06 FF 39 1E 00 00 00 DE 
06-04-18 at 01:29:34:179 Recived 06 02 10 FF 39 00 00 00 00 00 00 00 00 00 00 00 00 00 00 D6 
06-04-18 at 01:29:34:194 Send 06 
06-04-18 at 01:31:35:319 Send 05 
06-04-18 at 01:31:35:334 Recived 15 
06-04-18 at 01:31:35:334 Send 06 
06-04-18 at 01:31:35:349 Send 02 06 FF 39 1E 00 00 00 DE 
06-04-18 at 01:31:35:364 Recived 06 02 10 FF 39 00 00 00 00 00 00 00 00 00 00 00 00 00 00 D6 
06-04-18 at 01:31:35:379 Send 06 
06-04-18 at 01:33:36:504 Send 05 
06-04-18 at 01:33:36:519 Recived 15 
06-04-18 at 01:33:36:519 Send 06 
06-04-18 at 01:33:36:534 Send 02 06 FF 39 1E 00 00 00 DE 
06-04-18 at 01:33:36:549 Recived 06 02 10 FF 39 00 00 00 00 00 00 00 00 00 00 00 00 00 00 D6 
06-04-18 at 01:33:36:564 Send 06 
06-04-18 at 01:35:37:689 Send 05 
06-04-18 at 01:35:37:704 Recived 15 
06-04-18 at 01:35:37:704 Send 06 
06-04-18 at 01:35:37:719 Send 02 06 FF 39 1E 00 00 00 DE 
06-04-18 at 01:35:37:734 Recived 06 02 10 FF 39 00 00 00 00 00 00 00 00 00 00 00 00 00 00 D6 
06-04-18 at 01:35:37:749 Send 06 
06-04-18 at 01:37:38:874 Send 05 
06-04-18 at 01:37:38:889 Recived 15 
06-04-18 at 01:37:38:889 Send 06 
06-04-18 at 01:37:38:904 Send 02 06 FF 39 1E 00 00 00 DE 
06-04-18 at 01:37:38:919 Recived 06 02 10 FF 39 00 00 00 00 00 00 00 00 00 00 00 00 00 00 D6 
06-04-18 at 01:37:38:934 Send 06 
06-04-18 at 01:39:40:059 Send 05 
06-04-18 at 01:39:40:074 Recived 15 
06-04-18 at 01:39:40:074 Send 06 
06-04-18 at 01:39:40:089 Send 02 06 FF 39 1E 00 00 00 DE 
06-04-18 at 01:39:40:104 Recived 06 02 10 FF 39 00 00 00 00 00 00 00 00 00 00 00 00 00 00 D6 
06-04-18 at 01:39:40:119 Send 06 
06-04-18 at 01:41:41:244 Send 05 
06-04-18 at 01:41:41:259 Recived 15 
06-04-18 at 01:41:41:259 Send 06 
06-04-18 at 01:41:41:274 Send 02 06 FF 39 1E 00 00 00 DE 
06-04-18 at 01:41:41:289 Recived 06 02 10 FF 39 00 00 00 00 00 00 00 00 00 00 00 00 00 00 D6 
06-04-18 at 01:41:41:304 Send 06 
06-04-18 at 01:43:42:429 Send 05 
06-04-18 at 01:43:42:444 Recived 15 
06-04-18 at 01:43:42:444 Send 06 
06-04-18 at 01:43:42:459 Send 02 06 FF 39 1E 00 00 00 DE 
06-04-18 at 01:43:42:474 Recived 06 02 10 FF 39 00 00 00 00 00 00 00 00 00 00 00 00 00 00 D6 
06-04-18 at 01:43:42:489 Send 06 
06-04-18 at 01:45:43:614 Send 05 
06-04-18 at 01:45:43:629 Recived 15 
06-04-18 at 01:45:43:629 Send 06 
06-04-18 at 01:45:43:644 Send 02 06 FF 39 1E 00 00 00 DE 
06-04-18 at 01:45:43:659 Recived 06 02 10 FF 39 00 00 00 00 00 00 00 00 00 00 00 00 00 00 D6 
06-04-18 at 01:45:43:674 Send 06 
06-04-18 at 01:47:44:799 Send 05 
06-04-18 at 01:47:44:814 Recived 15 
06-04-18 at 01:47:44:814 Send 06 
06-04-18 at 01:47:44:829 Send 02 06 FF 39 1E 00 00 00 DE 
06-04-18 at 01:47:44:844 Recived 06 02 10 FF 39 00 00 00 00 00 00 00 00 00 00 00 00 00 00 D6 
06-04-18 at 01:47:44:859 Send 06 
06-04-18 at 01:49:45:984 Send 05 
06-04-18 at 01:49:45:999 Recived 15 
06-04-18 at 01:49:45:999 Send 06 
06-04-18 at 01:49:46:014 Send 02 06 FF 39 1E 00 00 00 DE 
06-04-18 at 01:49:46:029 Recived 06 02 10 FF 39 00 00 00 00 00 00 00 00 00 00 00 00 00 00 D6 
06-04-18 at 01:49:46:044 Send 06 
06-04-18 at 01:51:47:169 Send 05 
06-04-18 at 01:51:47:184 Recived 15 
06-04-18 at 01:51:47:184 Send 06 
06-04-18 at 01:51:47:199 Send 02 06 FF 39 1E 00 00 00 DE 
06-04-18 at 01:51:47:214 Recived 06 02 10 FF 39 00 00 00 00 00 00 00 00 00 00 00 00 00 00 D6 
06-04-18 at 01:51:47:229 Send 06 
06-04-18 at 01:53:48:354 Send 05 
06-04-18 at 01:53:48:369 Recived 15 
06-04-18 at 01:53:48:369 Send 06 
06-04-18 at 01:53:48:384 Send 02 06 FF 39 1E 00 00 00 DE 
06-04-18 at 01:53:48:399 Recived 06 02 10 FF 39 00 00 00 00 00 00 00 00 00 00 00 00 00 00 D6 
06-04-18 at 01:53:48:414 Send 06 
06-04-18 at 01:55:49:539 Send 05 
06-04-18 at 01:55:49:554 Recived 15 
06-04-18 at 01:55:49:554 Send 06 
06-04-18 at 01:55:49:569 Send 02 06 FF 39 1E 00 00 00 DE 
06-04-18 at 01:55:49:584 Recived 06 02 10 FF 39 00 00 00 00 00 00 00 00 00 00 00 00 00 00 D6 
06-04-18 at 01:55:49:599 Send 06 
06-04-18 at 01:57:50:724 Send 05 
06-04-18 at 01:57:50:739 Recived 15 
06-04-18 at 01:57:50:739 Send 06 
06-04-18 at 01:57:50:754 Send 02 06 FF 39 1E 00 00 00 DE 
06-04-18 at 01:57:50:769 Recived 06 02 10 FF 39 00 00 00 00 00 00 00 00 00 00 00 00 00 00 D6 
06-04-18 at 01:57:50:784 Send 06 
06-04-18 at 01:59:51:909 Send 05 
06-04-18 at 01:59:51:924 Recived 15 
06-04-18 at 01:59:51:924 Send 06 
06-04-18 at 01:59:51:939 Send 02 06 FF 39 1E 00 00 00 DE 
06-04-18 at 01:59:51:954 Recived 06 02 10 FF 39 00 00 00 00 00 00 00 00 00 00 00 00 00 00 D6 
06-04-18 at 01:59:51:969 Send 06 
06-04-18 at 02:01:53:094 Send 05 
06-04-18 at 02:01:53:109 Recived 15 
06-04-18 at 02:01:53:109 Send 06 
06-04-18 at 02:01:53:124 Send 02 06 FF 39 1E 00 00 00 DE 
06-04-18 at 02:01:53:139 Recived 06 02 10 FF 39 00 00 00 00 00 00 00 00 00 00 00 00 00 00 D6 
06-04-18 at 02:01:53:154 Send 06 
06-04-18 at 02:03:54:279 Send 05 
06-04-18 at 02:03:54:294 Recived 15 
06-04-18 at 02:03:54:294 Send 06 
06-04-18 at 02:03:54:309 Send 02 06 FF 39 1E 00 00 00 DE 
06-04-18 at 02:03:54:324 Recived 06 02 10 FF 39 00 00 00 00 00 00 00 00 00 00 00 00 00 00 D6 
06-04-18 at 02:03:54:339 Send 06 
06-04-18 at 02:05:55:464 Send 05 
06-04-18 at 02:05:55:479 Recived 15 
06-04-18 at 02:05:55:479 Send 06 
06-04-18 at 02:05:55:494 Send 02 06 FF 39 1E 00 00 00 DE 
06-04-18 at 02:05:55:509 Recived 06 02 10 FF 39 00 00 00 00 00 00 00 00 00 00 00 00 00 00 D6 
06-04-18 at 02:05:55:524 Send 06 
06-04-18 at 02:07:56:649 Send 05 
06-04-18 at 02:07:56:664 Recived 15 
06-04-18 at 02:07:56:664 Send 06 
06-04-18 at 02:07:56:679 Send 02 06 FF 39 1E 00 00 00 DE 
06-04-18 at 02:07:56:694 Recived 06 02 10 FF 39 00 00 00 00 00 00 00 00 00 00 00 00 00 00 D6 
06-04-18 at 02:07:56:709 Send 06 
06-04-18 at 02:09:57:834 Send 05 
06-04-18 at 02:09:57:849 Recived 15 
06-04-18 at 02:09:57:849 Send 06 
06-04-18 at 02:09:57:864 Send 02 06 FF 39 1E 00 00 00 DE 
06-04-18 at 02:09:57:879 Recived 06 02 10 FF 39 00 00 00 00 00 00 00 00 00 00 00 00 00 00 D6 
06-04-18 at 02:09:57:894 Send 06 
06-04-18 at 02:11:59:019 Send 05 
06-04-18 at 02:11:59:034 Recived 15 
06-04-18 at 02:11:59:034 Send 06 
06-04-18 at 02:11:59:049 Send 02 06 FF 39 1E 00 00 00 DE 
06-04-18 at 02:11:59:064 Recived 06 02 10 FF 39 00 00 00 00 00 00 00 00 00 00 00 00 00 00 D6 
06-04-18 at 02:11:59:079 Send 06 
06-04-18 at 02:14:00:204 Send 05 
06-04-18 at 02:14:00:219 Recived 15 
06-04-18 at 02:14:00:219 Send 06 
06-04-18 at 02:14:00:234 Send 02 06 FF 39 1E 00 00 00 DE 
06-04-18 at 02:14:00:249 Recived 06 02 10 FF 39 00 00 00 00 00 00 00 00 00 00 00 00 00 00 D6 
06-04-18 at 02:14:00:264 Send 06 
06-04-18 at 02:16:01:389 Send 05 
06-04-18 at 02:16:01:404 Recived 15 
06-04-18 at 02:16:01:404 Send 06 
06-04-18 at 02:16:01:419 Send 02 06 FF 39 1E 00 00 00 DE 
06-04-18 at 02:16:01:434 Recived 06 02 10 FF 39 00 00 00 00 00 00 00 00 00 00 00 00 00 00 D6 
06-04-18 at 02:16:01:449 Send 06 
06-04-18 at 02:18:02:574 Send 05 
06-04-18 at 02:18:02:589 Recived 15 
06-04-18 at 02:18:02:589 Send 06 
06-04-18 at 02:18:02:604 Send 02 06 FF 39 1E 00 00 00 DE 
06-04-18 at 02:18:02:619 Recived 06 02 10 FF 39 00 00 00 00 00 00 00 00 00 00 00 00 00 00 D6 
06-04-18 at 02:18:02:634 Send 06 
06-04-18 at 02:20:03:759 Send 05 
06-04-18 at 02:20:03:774 Recived 15 
06-04-18 at 02:20:03:774 Send 06 
06-04-18 at 02:20:03:789 Send 02 06 FF 39 1E 00 00 00 DE 
06-04-18 at 02:20:03:804 Recived 06 02 10 FF 39 00 00 00 00 00 00 00 00 00 00 00 00 00 00 D6 
06-04-18 at 02:20:03:819 Send 06 
06-04-18 at 02:22:04:944 Send 05 
06-04-18 at 02:22:04:959 Recived 15 
06-04-18 at 02:22:04:959 Send 06 
06-04-18 at 02:22:04:974 Send 02 06 FF 39 1E 00 00 00 DE 
06-04-18 at 02:22:04:989 Recived 06 02 10 FF 39 00 00 00 00 00 00 00 00 00 00 00 00 00 00 D6 
06-04-18 at 02:22:05:004 Send 06 
06-04-18 at 02:24:06:129 Send 05 
06-04-18 at 02:24:06:144 Recived 15 
06-04-18 at 02:24:06:144 Send 06 
06-04-18 at 02:24:06:159 Send 02 06 FF 39 1E 00 00 00 DE 
06-04-18 at 02:24:06:174 Recived 06 02 10 FF 39 00 00 00 00 00 00 00 00 00 00 00 00 00 00 D6 
06-04-18 at 02:24:06:189 Send 06 
06-04-18 at 02:26:07:314 Send 05 
06-04-18 at 02:26:07:329 Recived 15 
06-04-18 at 02:26:07:329 Send 06 
06-04-18 at 02:26:07:344 Send 02 06 FF 39 1E 00 00 00 DE 
06-04-18 at 02:26:07:359 Recived 06 02 10 FF 39 00 00 00 00 00 00 00 00 00 00 00 00 00 00 D6 
06-04-18 at 02:26:07:374 Send 06 
06-04-18 at 02:28:08:499 Send 05 
06-04-18 at 02:28:08:514 Recived 15 
06-04-18 at 02:28:08:514 Send 06 
06-04-18 at 02:28:08:529 Send 02 06 FF 39 1E 00 00 00 DE 
06-04-18 at 02:28:08:544 Recived 06 02 10 FF 39 00 00 00 00 00 00 00 00 00 00 00 00 00 00 D6 
06-04-18 at 02:28:08:559 Send 06 
06-04-18 at 02:30:09:684 Send 05 
06-04-18 at 02:30:09:699 Recived 15 
06-04-18 at 02:30:09:699 Send 06 
06-04-18 at 02:30:09:714 Send 02 06 FF 39 1E 00 00 00 DE 
06-04-18 at 02:30:09:729 Recived 06 02 10 FF 39 00 00 00 00 00 00 00 00 00 00 00 00 00 00 D6 
06-04-18 at 02:30:09:744 Send 06 
06-04-18 at 02:32:10:869 Send 05 
06-04-18 at 02:32:10:884 Recived 15 
06-04-18 at 02:32:10:884 Send 06 
06-04-18 at 02:32:10:899 Send 02 06 FF 39 1E 00 00 00 DE 
06-04-18 at 02:32:10:914 Recived 06 02 10 FF 39 00 00 00 00 00 00 00 00 00 00 00 00 00 00 D6 
06-04-18 at 02:32:10:929 Send 06 
06-04-18 at 02:34:12:054 Send 05 
06-04-18 at 02:34:12:069 Recived 15 
06-04-18 at 02:34:12:069 Send 06 
06-04-18 at 02:34:12:084 Send 02 06 FF 39 1E 00 00 00 DE 
06-04-18 at 02:34:12:099 Recived 06 02 10 FF 39 00 00 00 00 00 00 00 00 00 00 00 00 00 00 D6 
06-04-18 at 02:34:12:114 Send 06 
06-04-18 at 02:36:13:239 Send 05 
06-04-18 at 02:36:13:254 Recived 15 
06-04-18 at 02:36:13:254 Send 06 
06-04-18 at 02:36:13:269 Send 02 06 FF 39 1E 00 00 00 DE 
06-04-18 at 02:36:13:284 Recived 06 02 10 FF 39 00 00 00 00 00 00 00 00 00 00 00 00 00 00 D6 
06-04-18 at 02:36:13:299 Send 06 
06-04-18 at 02:38:14:424 Send 05 
06-04-18 at 02:38:14:439 Recived 15 
06-04-18 at 02:38:14:439 Send 06 
06-04-18 at 02:38:14:454 Send 02 06 FF 39 1E 00 00 00 DE 
06-04-18 at 02:38:14:469 Recived 06 02 10 FF 39 00 00 00 00 00 00 00 00 00 00 00 00 00 00 D6 
06-04-18 at 02:38:14:484 Send 06 
06-04-18 at 02:40:15:609 Send 05 
06-04-18 at 02:40:15:624 Recived 15 
06-04-18 at 02:40:15:624 Send 06 
06-04-18 at 02:40:15:639 Send 02 06 FF 39 1E 00 00 00 DE 
06-04-18 at 02:40:15:654 Recived 06 02 10 FF 39 00 00 00 00 00 00 00 00 00 00 00 00 00 00 D6 
06-04-18 at 02:40:15:669 Send 06 
06-04-18 at 02:42:16:794 Send 05 
06-04-18 at 02:42:16:809 Recived 15 
06-04-18 at 02:42:16:809 Send 06 
06-04-18 at 02:42:16:824 Send 02 06 FF 39 1E 00 00 00 DE 
06-04-18 at 02:42:16:839 Recived 06 02 10 FF 39 00 00 00 00 00 00 00 00 00 00 00 00 00 00 D6 
06-04-18 at 02:42:16:854 Send 06 
06-04-18 at 02:44:17:979 Send 05 
06-04-18 at 02:44:17:994 Recived 15 
06-04-18 at 02:44:17:994 Send 06 
06-04-18 at 02:44:18:009 Send 02 06 FF 39 1E 00 00 00 DE 
06-04-18 at 02:44:18:024 Recived 06 02 10 FF 39 00 00 00 00 00 00 00 00 00 00 00 00 00 00 D6 
06-04-18 at 02:44:18:039 Send 06 
06-04-18 at 02:46:19:164 Send 05 
06-04-18 at 02:46:19:179 Recived 15 
06-04-18 at 02:46:19:179 Send 06 
06-04-18 at 02:46:19:194 Send 02 06 FF 39 1E 00 00 00 DE 
06-04-18 at 02:46:19:209 Recived 06 02 10 FF 39 00 00 00 00 00 00 00 00 00 00 00 00 00 00 D6 
06-04-18 at 02:46:19:224 Send 06 
06-04-18 at 02:48:20:349 Send 05 
06-04-18 at 02:48:20:364 Recived 15 
06-04-18 at 02:48:20:364 Send 06 
06-04-18 at 02:48:20:379 Send 02 06 FF 39 1E 00 00 00 DE 
06-04-18 at 02:48:20:394 Recived 06 02 10 FF 39 00 00 00 00 00 00 00 00 00 00 00 00 00 00 D6 
06-04-18 at 02:48:20:409 Send 06 
06-04-18 at 02:50:21:534 Send 05 
06-04-18 at 02:50:21:549 Recived 15 
06-04-18 at 02:50:21:549 Send 06 
06-04-18 at 02:50:21:564 Send 02 06 FF 39 1E 00 00 00 DE 
06-04-18 at 02:50:21:579 Recived 06 02 10 FF 39 00 00 00 00 00 00 00 00 00 00 00 00 00 00 D6 
06-04-18 at 02:50:21:594 Send 06 
06-04-18 at 02:52:22:719 Send 05 
06-04-18 at 02:52:22:734 Recived 15 
06-04-18 at 02:52:22:734 Send 06 
06-04-18 at 02:52:22:749 Send 02 06 FF 39 1E 00 00 00 DE 
06-04-18 at 02:52:22:764 Recived 06 02 10 FF 39 00 00 00 00 00 00 00 00 00 00 00 00 00 00 D6 
06-04-18 at 02:52:22:779 Send 06 
06-04-18 at 02:54:23:904 Send 05 
06-04-18 at 02:54:23:919 Recived 15 
06-04-18 at 02:54:23:919 Send 06 
06-04-18 at 02:54:23:934 Send 02 06 FF 39 1E 00 00 00 DE 
06-04-18 at 02:54:23:949 Recived 06 02 10 FF 39 00 00 00 00 00 00 00 00 00 00 00 00 00 00 D6 
06-04-18 at 02:54:23:964 Send 06 
06-04-18 at 02:56:25:089 Send 05 
06-04-18 at 02:56:25:104 Recived 15 
06-04-18 at 02:56:25:104 Send 06 
06-04-18 at 02:56:25:119 Send 02 06 FF 39 1E 00 00 00 DE 
06-04-18 at 02:56:25:134 Recived 06 02 10 FF 39 00 00 00 00 00 00 00 00 00 00 00 00 00 00 D6 
06-04-18 at 02:56:25:149 Send 06 
06-04-18 at 02:58:26:274 Send 05 
06-04-18 at 02:58:26:289 Recived 15 
06-04-18 at 02:58:26:289 Send 06 
06-04-18 at 02:58:26:304 Send 02 06 FF 39 1E 00 00 00 DE 
06-04-18 at 02:58:26:319 Recived 06 02 10 FF 39 00 00 00 00 00 00 00 00 00 00 00 00 00 00 D6 
06-04-18 at 02:58:26:334 Send 06 
06-04-18 at 03:00:27:459 Send 05 
06-04-18 at 03:00:27:474 Recived 15 
06-04-18 at 03:00:27:474 Send 06 
06-04-18 at 03:00:27:489 Send 02 06 FF 39 1E 00 00 00 DE 
06-04-18 at 03:00:27:504 Recived 06 02 10 FF 39 00 00 00 00 00 00 00 00 00 00 00 00 00 00 D6 
06-04-18 at 03:00:27:519 Send 06 
06-04-18 at 03:02:28:644 Send 05 
06-04-18 at 03:02:28:659 Recived 15 
06-04-18 at 03:02:28:659 Send 06 
06-04-18 at 03:02:28:674 Send 02 06 FF 39 1E 00 00 00 DE 
06-04-18 at 03:02:28:689 Recived 06 02 10 FF 39 00 00 00 00 00 00 00 00 00 00 00 00 00 00 D6 
06-04-18 at 03:02:28:704 Send 06 
06-04-18 at 03:04:29:829 Send 05 
06-04-18 at 03:04:29:844 Recived 15 
06-04-18 at 03:04:29:844 Send 06 
06-04-18 at 03:04:29:859 Send 02 06 FF 39 1E 00 00 00 DE 
06-04-18 at 03:04:29:874 Recived 06 02 10 FF 39 00 00 00 00 00 00 00 00 00 00 00 00 00 00 D6 
06-04-18 at 03:04:29:889 Send 06 
06-04-18 at 03:06:31:014 Send 05 
06-04-18 at 03:06:31:029 Recived 15 
06-04-18 at 03:06:31:029 Send 06 
06-04-18 at 03:06:31:044 Send 02 06 FF 39 1E 00 00 00 DE 
06-04-18 at 03:06:31:059 Recived 06 02 10 FF 39 00 00 00 00 00 00 00 00 00 00 00 00 00 00 D6 
06-04-18 at 03:06:31:074 Send 06 
06-04-18 at 03:08:32:199 Send 05 
06-04-18 at 03:08:32:214 Recived 15 
06-04-18 at 03:08:32:214 Send 06 
06-04-18 at 03:08:32:229 Send 02 06 FF 39 1E 00 00 00 DE 
06-04-18 at 03:08:32:244 Recived 06 02 10 FF 39 00 00 00 00 00 00 00 00 00 00 00 00 00 00 D6 
06-04-18 at 03:08:32:259 Send 06 
06-04-18 at 03:10:33:384 Send 05 
06-04-18 at 03:10:33:399 Recived 15 
06-04-18 at 03:10:33:399 Send 06 
06-04-18 at 03:10:33:414 Send 02 06 FF 39 1E 00 00 00 DE 
06-04-18 at 03:10:33:429 Recived 06 02 10 FF 39 00 00 00 00 00 00 00 00 00 00 00 00 00 00 D6 
06-04-18 at 03:10:33:444 Send 06 
06-04-18 at 03:12:34:569 Send 05 
06-04-18 at 03:12:34:584 Recived 15 
06-04-18 at 03:12:34:584 Send 06 
06-04-18 at 03:12:34:599 Send 02 06 FF 39 1E 00 00 00 DE 
06-04-18 at 03:12:34:614 Recived 06 02 10 FF 39 00 00 00 00 00 00 00 00 00 00 00 00 00 00 D6 
06-04-18 at 03:12:34:629 Send 06 
06-04-18 at 03:14:35:754 Send 05 
06-04-18 at 03:14:35:769 Recived 15 
06-04-18 at 03:14:35:769 Send 06 
06-04-18 at 03:14:35:784 Send 02 06 FF 39 1E 00 00 00 DE 
06-04-18 at 03:14:35:799 Recived 06 02 10 FF 39 00 00 00 00 00 00 00 00 00 00 00 00 00 00 D6 
06-04-18 at 03:14:35:814 Send 06 
06-04-18 at 03:16:36:939 Send 05 
06-04-18 at 03:16:36:954 Recived 15 
06-04-18 at 03:16:36:954 Send 06 
06-04-18 at 03:16:36:969 Send 02 06 FF 39 1E 00 00 00 DE 
06-04-18 at 03:16:36:984 Recived 06 02 10 FF 39 00 00 00 00 00 00 00 00 00 00 00 00 00 00 D6 
06-04-18 at 03:16:36:999 Send 06 
06-04-18 at 03:18:38:124 Send 05 
06-04-18 at 03:18:38:139 Recived 15 
06-04-18 at 03:18:38:139 Send 06 
06-04-18 at 03:18:38:154 Send 02 06 FF 39 1E 00 00 00 DE 
06-04-18 at 03:18:38:169 Recived 06 02 10 FF 39 00 00 00 00 00 00 00 00 00 00 00 00 00 00 D6 
06-04-18 at 03:18:38:184 Send 06 
06-04-18 at 03:20:39:309 Send 05 
06-04-18 at 03:20:39:324 Recived 15 
06-04-18 at 03:20:39:324 Send 06 
06-04-18 at 03:20:39:339 Send 02 06 FF 39 1E 00 00 00 DE 
06-04-18 at 03:20:39:354 Recived 06 02 10 FF 39 00 00 00 00 00 00 00 00 00 00 00 00 00 00 D6 
06-04-18 at 03:20:39:369 Send 06 
06-04-18 at 03:22:40:494 Send 05 
06-04-18 at 03:22:40:509 Recived 15 
06-04-18 at 03:22:40:509 Send 06 
06-04-18 at 03:22:40:524 Send 02 06 FF 39 1E 00 00 00 DE 
06-04-18 at 03:22:40:539 Recived 06 02 10 FF 39 00 00 00 00 00 00 00 00 00 00 00 00 00 00 D6 
06-04-18 at 03:22:40:554 Send 06 
06-04-18 at 03:24:41:679 Send 05 
06-04-18 at 03:24:41:694 Recived 15 
06-04-18 at 03:24:41:694 Send 06 
06-04-18 at 03:24:41:709 Send 02 06 FF 39 1E 00 00 00 DE 
06-04-18 at 03:24:41:724 Recived 06 02 10 FF 39 00 00 00 00 00 00 00 00 00 00 00 00 00 00 D6 
06-04-18 at 03:24:41:739 Send 06 
06-04-18 at 03:26:42:864 Send 05 
06-04-18 at 03:26:42:879 Recived 15 
06-04-18 at 03:26:42:879 Send 06 
06-04-18 at 03:26:42:894 Send 02 06 FF 39 1E 00 00 00 DE 
06-04-18 at 03:26:42:909 Recived 06 02 10 FF 39 00 00 00 00 00 00 00 00 00 00 00 00 00 00 D6 
06-04-18 at 03:26:42:924 Send 06 
06-04-18 at 03:28:44:049 Send 05 
06-04-18 at 03:28:44:064 Recived 15 
06-04-18 at 03:28:44:064 Send 06 
06-04-18 at 03:28:44:079 Send 02 06 FF 39 1E 00 00 00 DE 
06-04-18 at 03:28:44:094 Recived 06 02 10 FF 39 00 00 00 00 00 00 00 00 00 00 00 00 00 00 D6 
06-04-18 at 03:28:44:109 Send 06 
06-04-18 at 03:30:45:234 Send 05 
06-04-18 at 03:30:45:249 Recived 15 
06-04-18 at 03:30:45:249 Send 06 
06-04-18 at 03:30:45:264 Send 02 06 FF 39 1E 00 00 00 DE 
06-04-18 at 03:30:45:279 Recived 06 02 10 FF 39 00 00 00 00 00 00 00 00 00 00 00 00 00 00 D6 
06-04-18 at 03:30:45:294 Send 06 
06-04-18 at 03:32:46:419 Send 05 
06-04-18 at 03:32:46:434 Recived 15 
06-04-18 at 03:32:46:434 Send 06 
06-04-18 at 03:32:46:449 Send 02 06 FF 39 1E 00 00 00 DE 
06-04-18 at 03:32:46:464 Recived 06 02 10 FF 39 00 00 00 00 00 00 00 00 00 00 00 00 00 00 D6 
06-04-18 at 03:32:46:479 Send 06 
06-04-18 at 03:34:47:604 Send 05 
06-04-18 at 03:34:47:619 Recived 15 
06-04-18 at 03:34:47:619 Send 06 
06-04-18 at 03:34:47:634 Send 02 06 FF 39 1E 00 00 00 DE 
06-04-18 at 03:34:47:649 Recived 06 02 10 FF 39 00 00 00 00 00 00 00 00 00 00 00 00 00 00 D6 
06-04-18 at 03:34:47:664 Send 06 
06-04-18 at 03:36:48:789 Send 05 
06-04-18 at 03:36:48:804 Recived 15 
06-04-18 at 03:36:48:804 Send 06 
06-04-18 at 03:36:48:819 Send 02 06 FF 39 1E 00 00 00 DE 
06-04-18 at 03:36:48:834 Recived 06 02 10 FF 39 00 00 00 00 00 00 00 00 00 00 00 00 00 00 D6 
06-04-18 at 03:36:48:849 Send 06 
06-04-18 at 03:38:49:974 Send 05 
06-04-18 at 03:38:49:989 Recived 15 
06-04-18 at 03:38:49:989 Send 06 
06-04-18 at 03:38:50:004 Send 02 06 FF 39 1E 00 00 00 DE 
06-04-18 at 03:38:50:019 Recived 06 02 10 FF 39 00 00 00 00 00 00 00 00 00 00 00 00 00 00 D6 
06-04-18 at 03:38:50:034 Send 06 
06-04-18 at 03:40:51:159 Send 05 
06-04-18 at 03:40:51:174 Recived 15 
06-04-18 at 03:40:51:174 Send 06 
06-04-18 at 03:40:51:189 Send 02 06 FF 39 1E 00 00 00 DE 
06-04-18 at 03:40:51:204 Recived 06 02 10 FF 39 00 00 00 00 00 00 00 00 00 00 00 00 00 00 D6 
06-04-18 at 03:40:51:219 Send 06 
06-04-18 at 03:42:52:344 Send 05 
06-04-18 at 03:42:52:359 Recived 15 
06-04-18 at 03:42:52:359 Send 06 
06-04-18 at 03:42:52:374 Send 02 06 FF 39 1E 00 00 00 DE 
06-04-18 at 03:42:52:389 Recived 06 02 10 FF 39 00 00 00 00 00 00 00 00 00 00 00 00 00 00 D6 
06-04-18 at 03:42:52:404 Send 06 
06-04-18 at 03:44:53:529 Send 05 
06-04-18 at 03:44:53:544 Recived 15 
06-04-18 at 03:44:53:544 Send 06 
06-04-18 at 03:44:53:559 Send 02 06 FF 39 1E 00 00 00 DE 
06-04-18 at 03:44:53:574 Recived 06 02 10 FF 39 00 00 00 00 00 00 00 00 00 00 00 00 00 00 D6 
06-04-18 at 03:44:53:589 Send 06 
06-04-18 at 03:46:54:714 Send 05 
06-04-18 at 03:46:54:729 Recived 15 
06-04-18 at 03:46:54:729 Send 06 
06-04-18 at 03:46:54:744 Send 02 06 FF 39 1E 00 00 00 DE 
06-04-18 at 03:46:54:759 Recived 06 02 10 FF 39 00 00 00 00 00 00 00 00 00 00 00 00 00 00 D6 
06-04-18 at 03:46:54:774 Send 06 
06-04-18 at 03:48:55:899 Send 05 
06-04-18 at 03:48:55:914 Recived 15 
06-04-18 at 03:48:55:914 Send 06 
06-04-18 at 03:48:55:929 Send 02 06 FF 39 1E 00 00 00 DE 
06-04-18 at 03:48:55:944 Recived 06 02 10 FF 39 00 00 00 00 00 00 00 00 00 00 00 00 00 00 D6 
06-04-18 at 03:48:55:959 Send 06 
06-04-18 at 03:50:57:084 Send 05 
06-04-18 at 03:50:57:099 Recived 15 
06-04-18 at 03:50:57:099 Send 06 
06-04-18 at 03:50:57:114 Send 02 06 FF 39 1E 00 00 00 DE 
06-04-18 at 03:50:57:129 Recived 06 02 10 FF 39 00 00 00 00 00 00 00 00 00 00 00 00 00 00 D6 
06-04-18 at 03:50:57:144 Send 06 
06-04-18 at 03:52:58:269 Send 05 
06-04-18 at 03:52:58:284 Recived 15 
06-04-18 at 03:52:58:284 Send 06 
06-04-18 at 03:52:58:299 Send 02 06 FF 39 1E 00 00 00 DE 
06-04-18 at 03:52:58:314 Recived 06 02 10 FF 39 00 00 00 00 00 00 00 00 00 00 00 00 00 00 D6 
06-04-18 at 03:52:58:329 Send 06 
06-04-18 at 03:54:59:454 Send 05 
06-04-18 at 03:54:59:469 Recived 15 
06-04-18 at 03:54:59:469 Send 06 
06-04-18 at 03:54:59:484 Send 02 06 FF 39 1E 00 00 00 DE 
06-04-18 at 03:54:59:499 Recived 06 02 10 FF 39 00 00 00 00 00 00 00 00 00 00 00 00 00 00 D6 
06-04-18 at 03:54:59:514 Send 06 
06-04-18 at 03:57:00:639 Send 05 
06-04-18 at 03:57:00:654 Recived 15 
06-04-18 at 03:57:00:654 Send 06 
06-04-18 at 03:57:00:669 Send 02 06 FF 39 1E 00 00 00 DE 
06-04-18 at 03:57:00:684 Recived 06 02 10 FF 39 00 00 00 00 00 00 00 00 00 00 00 00 00 00 D6 
06-04-18 at 03:57:00:699 Send 06 
06-04-18 at 03:59:01:824 Send 05 
06-04-18 at 03:59:01:839 Recived 15 
06-04-18 at 03:59:01:839 Send 06 
06-04-18 at 03:59:01:854 Send 02 06 FF 39 1E 00 00 00 DE 
06-04-18 at 03:59:01:869 Recived 06 02 10 FF 39 00 00 00 00 00 00 00 00 00 00 00 00 00 00 D6 
06-04-18 at 03:59:01:884 Send 06 
06-04-18 at 04:01:03:009 Send 05 
06-04-18 at 04:01:03:024 Recived 15 
06-04-18 at 04:01:03:024 Send 06 
06-04-18 at 04:01:03:039 Send 02 06 FF 39 1E 00 00 00 DE 
06-04-18 at 04:01:03:054 Recived 06 02 10 FF 39 00 00 00 00 00 00 00 00 00 00 00 00 00 00 D6 
06-04-18 at 04:01:03:069 Send 06 
06-04-18 at 04:03:04:194 Send 05 
06-04-18 at 04:03:04:209 Recived 15 
06-04-18 at 04:03:04:209 Send 06 
06-04-18 at 04:03:04:224 Send 02 06 FF 39 1E 00 00 00 DE 
06-04-18 at 04:03:04:239 Recived 06 02 10 FF 39 00 00 00 00 00 00 00 00 00 00 00 00 00 00 D6 
06-04-18 at 04:03:04:254 Send 06 
06-04-18 at 04:05:05:379 Send 05 
06-04-18 at 04:05:05:394 Recived 15 
06-04-18 at 04:05:05:394 Send 06 
06-04-18 at 04:05:05:409 Send 02 06 FF 39 1E 00 00 00 DE 
06-04-18 at 04:05:05:424 Recived 06 02 10 FF 39 00 00 00 00 00 00 00 00 00 00 00 00 00 00 D6 
06-04-18 at 04:05:05:439 Send 06 
06-04-18 at 04:07:06:564 Send 05 
06-04-18 at 04:07:06:579 Recived 15 
06-04-18 at 04:07:06:579 Send 06 
06-04-18 at 04:07:06:594 Send 02 06 FF 39 1E 00 00 00 DE 
06-04-18 at 04:07:06:609 Recived 06 02 10 FF 39 00 00 00 00 00 00 00 00 00 00 00 00 00 00 D6 
06-04-18 at 04:07:06:624 Send 06 
06-04-18 at 04:09:07:749 Send 05 
06-04-18 at 04:09:07:764 Recived 15 
06-04-18 at 04:09:07:764 Send 06 
06-04-18 at 04:09:07:779 Send 02 06 FF 39 1E 00 00 00 DE 
06-04-18 at 04:09:07:794 Recived 06 02 10 FF 39 00 00 00 00 00 00 00 00 00 00 00 00 00 00 D6 
06-04-18 at 04:09:07:809 Send 06 
06-04-18 at 04:11:08:934 Send 05 
06-04-18 at 04:11:08:949 Recived 15 
06-04-18 at 04:11:08:949 Send 06 
06-04-18 at 04:11:08:964 Send 02 06 FF 39 1E 00 00 00 DE 
06-04-18 at 04:11:08:979 Recived 06 02 10 FF 39 00 00 00 00 00 00 00 00 00 00 00 00 00 00 D6 
06-04-18 at 04:11:08:994 Send 06 
06-04-18 at 04:13:10:119 Send 05 
06-04-18 at 04:13:10:134 Recived 15 
06-04-18 at 04:13:10:134 Send 06 
06-04-18 at 04:13:10:149 Send 02 06 FF 39 1E 00 00 00 DE 
06-04-18 at 04:13:10:164 Recived 06 02 10 FF 39 00 00 00 00 00 00 00 00 00 00 00 00 00 00 D6 
06-04-18 at 04:13:10:179 Send 06 
06-04-18 at 04:15:11:304 Send 05 
06-04-18 at 04:15:11:319 Recived 15 
06-04-18 at 04:15:11:319 Send 06 
06-04-18 at 04:15:11:334 Send 02 06 FF 39 1E 00 00 00 DE 
06-04-18 at 04:15:11:349 Recived 06 02 10 FF 39 00 00 00 00 00 00 00 00 00 00 00 00 00 00 D6 
06-04-18 at 04:15:11:364 Send 06 
06-04-18 at 04:17:12:489 Send 05 
06-04-18 at 04:17:12:504 Recived 15 
06-04-18 at 04:17:12:504 Send 06 
06-04-18 at 04:17:12:519 Send 02 06 FF 39 1E 00 00 00 DE 
06-04-18 at 04:17:12:534 Recived 06 02 10 FF 39 00 00 00 00 00 00 00 00 00 00 00 00 00 00 D6 
06-04-18 at 04:17:12:549 Send 06 
06-04-18 at 04:19:13:674 Send 05 
06-04-18 at 04:19:13:689 Recived 15 
06-04-18 at 04:19:13:689 Send 06 
06-04-18 at 04:19:13:704 Send 02 06 FF 39 1E 00 00 00 DE 
06-04-18 at 04:19:13:719 Recived 06 02 10 FF 39 00 00 00 00 00 00 00 00 00 00 00 00 00 00 D6 
06-04-18 at 04:19:13:734 Send 06 
06-04-18 at 04:21:14:859 Send 05 
06-04-18 at 04:21:14:874 Recived 15 
06-04-18 at 04:21:14:874 Send 06 
06-04-18 at 04:21:14:889 Send 02 06 FF 39 1E 00 00 00 DE 
06-04-18 at 04:21:14:904 Recived 06 02 10 FF 39 00 00 00 00 00 00 00 00 00 00 00 00 00 00 D6 
06-04-18 at 04:21:14:919 Send 06 
06-04-18 at 04:23:16:044 Send 05 
06-04-18 at 04:23:16:059 Recived 15 
06-04-18 at 04:23:16:059 Send 06 
06-04-18 at 04:23:16:074 Send 02 06 FF 39 1E 00 00 00 DE 
06-04-18 at 04:23:16:089 Recived 06 02 10 FF 39 00 00 00 00 00 00 00 00 00 00 00 00 00 00 D6 
06-04-18 at 04:23:16:104 Send 06 
06-04-18 at 04:25:17:229 Send 05 
06-04-18 at 04:25:17:244 Recived 15 
06-04-18 at 04:25:17:244 Send 06 
06-04-18 at 04:25:17:259 Send 02 06 FF 39 1E 00 00 00 DE 
06-04-18 at 04:25:17:274 Recived 06 02 10 FF 39 00 00 00 00 00 00 00 00 00 00 00 00 00 00 D6 
06-04-18 at 04:25:17:289 Send 06 
06-04-18 at 04:27:18:414 Send 05 
06-04-18 at 04:27:18:429 Recived 15 
06-04-18 at 04:27:18:429 Send 06 
06-04-18 at 04:27:18:444 Send 02 06 FF 39 1E 00 00 00 DE 
06-04-18 at 04:27:18:459 Recived 06 02 10 FF 39 00 00 00 00 00 00 00 00 00 00 00 00 00 00 D6 
06-04-18 at 04:27:18:474 Send 06 
06-04-18 at 04:29:19:599 Send 05 
06-04-18 at 04:29:19:614 Recived 15 
06-04-18 at 04:29:19:614 Send 06 
06-04-18 at 04:29:19:629 Send 02 06 FF 39 1E 00 00 00 DE 
06-04-18 at 04:29:19:644 Recived 06 02 10 FF 39 00 00 00 00 00 00 00 00 00 00 00 00 00 00 D6 
06-04-18 at 04:29:19:659 Send 06 
06-04-18 at 04:31:20:784 Send 05 
06-04-18 at 04:31:20:799 Recived 15 
06-04-18 at 04:31:20:799 Send 06 
06-04-18 at 04:31:20:814 Send 02 06 FF 39 1E 00 00 00 DE 
06-04-18 at 04:31:20:829 Recived 06 02 10 FF 39 00 00 00 00 00 00 00 00 00 00 00 00 00 00 D6 
06-04-18 at 04:31:20:844 Send 06 
06-04-18 at 04:33:21:969 Send 05 
06-04-18 at 04:33:21:984 Recived 15 
06-04-18 at 04:33:21:984 Send 06 
06-04-18 at 04:33:21:999 Send 02 06 FF 39 1E 00 00 00 DE 
06-04-18 at 04:33:22:014 Recived 06 02 10 FF 39 00 00 00 00 00 00 00 00 00 00 00 00 00 00 D6 
06-04-18 at 04:33:22:029 Send 06 
06-04-18 at 04:35:23:154 Send 05 
06-04-18 at 04:35:23:169 Recived 15 
06-04-18 at 04:35:23:169 Send 06 
06-04-18 at 04:35:23:184 Send 02 06 FF 39 1E 00 00 00 DE 
06-04-18 at 04:35:23:199 Recived 06 02 10 FF 39 00 00 00 00 00 00 00 00 00 00 00 00 00 00 D6 
06-04-18 at 04:35:23:214 Send 06 
06-04-18 at 04:37:24:339 Send 05 
06-04-18 at 04:37:24:354 Recived 15 
06-04-18 at 04:37:24:354 Send 06 
06-04-18 at 04:37:24:369 Send 02 06 FF 39 1E 00 00 00 DE 
06-04-18 at 04:37:24:384 Recived 06 02 10 FF 39 00 00 00 00 00 00 00 00 00 00 00 00 00 00 D6 
06-04-18 at 04:37:24:399 Send 06 
06-04-18 at 04:39:25:524 Send 05 
06-04-18 at 04:39:25:539 Recived 15 
06-04-18 at 04:39:25:539 Send 06 
06-04-18 at 04:39:25:554 Send 02 06 FF 39 1E 00 00 00 DE 
06-04-18 at 04:39:25:569 Recived 06 02 10 FF 39 00 00 00 00 00 00 00 00 00 00 00 00 00 00 D6 
06-04-18 at 04:39:25:584 Send 06 
06-04-18 at 04:41:26:709 Send 05 
06-04-18 at 04:41:26:724 Recived 15 
06-04-18 at 04:41:26:724 Send 06 
06-04-18 at 04:41:26:739 Send 02 06 FF 39 1E 00 00 00 DE 
06-04-18 at 04:41:26:754 Recived 06 02 10 FF 39 00 00 00 00 00 00 00 00 00 00 00 00 00 00 D6 
06-04-18 at 04:41:26:769 Send 06 
06-04-18 at 04:43:27:894 Send 05 
06-04-18 at 04:43:27:909 Recived 15 
06-04-18 at 04:43:27:909 Send 06 
06-04-18 at 04:43:27:924 Send 02 06 FF 39 1E 00 00 00 DE 
06-04-18 at 04:43:27:939 Recived 06 02 10 FF 39 00 00 00 00 00 00 00 00 00 00 00 00 00 00 D6 
06-04-18 at 04:43:27:954 Send 06 
06-04-18 at 04:45:29:079 Send 05 
06-04-18 at 04:45:29:094 Recived 15 
06-04-18 at 04:45:29:094 Send 06 
06-04-18 at 04:45:29:109 Send 02 06 FF 39 1E 00 00 00 DE 
06-04-18 at 04:45:29:124 Recived 06 02 10 FF 39 00 00 00 00 00 00 00 00 00 00 00 00 00 00 D6 
06-04-18 at 04:45:29:139 Send 06 
06-04-18 at 04:47:30:264 Send 05 
06-04-18 at 04:47:30:279 Recived 15 
06-04-18 at 04:47:30:279 Send 06 
06-04-18 at 04:47:30:294 Send 02 06 FF 39 1E 00 00 00 DE 
06-04-18 at 04:47:30:309 Recived 06 02 10 FF 39 00 00 00 00 00 00 00 00 00 00 00 00 00 00 D6 
06-04-18 at 04:47:30:324 Send 06 
06-04-18 at 04:49:31:449 Send 05 
06-04-18 at 04:49:31:464 Recived 15 
06-04-18 at 04:49:31:464 Send 06 
06-04-18 at 04:49:31:479 Send 02 06 FF 39 1E 00 00 00 DE 
06-04-18 at 04:49:31:494 Recived 06 02 10 FF 39 00 00 00 00 00 00 00 00 00 00 00 00 00 00 D6 
06-04-18 at 04:49:31:509 Send 06 
06-04-18 at 04:51:32:634 Send 05 
06-04-18 at 04:51:32:649 Recived 15 
06-04-18 at 04:51:32:649 Send 06 
06-04-18 at 04:51:32:664 Send 02 06 FF 39 1E 00 00 00 DE 
06-04-18 at 04:51:32:679 Recived 06 02 10 FF 39 00 00 00 00 00 00 00 00 00 00 00 00 00 00 D6 
06-04-18 at 04:51:32:694 Send 06 
06-04-18 at 04:53:33:819 Send 05 
06-04-18 at 04:53:33:834 Recived 15 
06-04-18 at 04:53:33:834 Send 06 
06-04-18 at 04:53:33:849 Send 02 06 FF 39 1E 00 00 00 DE 
06-04-18 at 04:53:33:864 Recived 06 02 10 FF 39 00 00 00 00 00 00 00 00 00 00 00 00 00 00 D6 
06-04-18 at 04:53:33:879 Send 06 
06-04-18 at 04:55:35:004 Send 05 
06-04-18 at 04:55:35:019 Recived 15 
06-04-18 at 04:55:35:019 Send 06 
06-04-18 at 04:55:35:034 Send 02 06 FF 39 1E 00 00 00 DE 
06-04-18 at 04:55:35:049 Recived 06 02 10 FF 39 00 00 00 00 00 00 00 00 00 00 00 00 00 00 D6 
06-04-18 at 04:55:35:064 Send 06 
06-04-18 at 04:57:36:189 Send 05 
06-04-18 at 04:57:36:204 Recived 15 
06-04-18 at 04:57:36:204 Send 06 
06-04-18 at 04:57:36:219 Send 02 06 FF 39 1E 00 00 00 DE 
06-04-18 at 04:57:36:234 Recived 06 02 10 FF 39 00 00 00 00 00 00 00 00 00 00 00 00 00 00 D6 
06-04-18 at 04:57:36:249 Send 06 
06-04-18 at 04:59:37:374 Send 05 
06-04-18 at 04:59:37:389 Recived 15 
06-04-18 at 04:59:37:389 Send 06 
06-04-18 at 04:59:37:404 Send 02 06 FF 39 1E 00 00 00 DE 
06-04-18 at 04:59:37:419 Recived 06 02 10 FF 39 00 00 00 00 00 00 00 00 00 00 00 00 00 00 D6 
06-04-18 at 04:59:37:434 Send 06 
06-04-18 at 05:01:38:559 Send 05 
06-04-18 at 05:01:38:574 Recived 15 
06-04-18 at 05:01:38:574 Send 06 
06-04-18 at 05:01:38:589 Send 02 06 FF 39 1E 00 00 00 DE 
06-04-18 at 05:01:38:604 Recived 06 02 10 FF 39 00 00 00 00 00 00 00 00 00 00 00 00 00 00 D6 
06-04-18 at 05:01:38:619 Send 06 
06-04-18 at 05:03:39:744 Send 05 
06-04-18 at 05:03:39:759 Recived 15 
06-04-18 at 05:03:39:759 Send 06 
06-04-18 at 05:03:39:774 Send 02 06 FF 39 1E 00 00 00 DE 
06-04-18 at 05:03:39:789 Recived 06 02 10 FF 39 00 00 00 00 00 00 00 00 00 00 00 00 00 00 D6 
06-04-18 at 05:03:39:804 Send 06 
06-04-18 at 05:05:40:929 Send 05 
06-04-18 at 05:05:40:944 Recived 15 
06-04-18 at 05:05:40:944 Send 06 
06-04-18 at 05:05:40:959 Send 02 06 FF 39 1E 00 00 00 DE 
06-04-18 at 05:05:40:974 Recived 06 02 10 FF 39 00 00 00 00 00 00 00 00 00 00 00 00 00 00 D6 
06-04-18 at 05:05:40:989 Send 06 
06-04-18 at 05:07:42:114 Send 05 
06-04-18 at 05:07:42:129 Recived 15 
06-04-18 at 05:07:42:129 Send 06 
06-04-18 at 05:07:42:144 Send 02 06 FF 39 1E 00 00 00 DE 
06-04-18 at 05:07:42:159 Recived 06 02 10 FF 39 00 00 00 00 00 00 00 00 00 00 00 00 00 00 D6 
06-04-18 at 05:07:42:174 Send 06 
06-04-18 at 05:09:43:299 Send 05 
06-04-18 at 05:09:43:314 Recived 15 
06-04-18 at 05:09:43:314 Send 06 
06-04-18 at 05:09:43:329 Send 02 06 FF 39 1E 00 00 00 DE 
06-04-18 at 05:09:43:344 Recived 06 02 10 FF 39 00 00 00 00 00 00 00 00 00 00 00 00 00 00 D6 
06-04-18 at 05:09:43:359 Send 06 
06-04-18 at 05:11:44:484 Send 05 
06-04-18 at 05:11:44:499 Recived 15 
06-04-18 at 05:11:44:499 Send 06 
06-04-18 at 05:11:44:514 Send 02 06 FF 39 1E 00 00 00 DE 
06-04-18 at 05:11:44:529 Recived 06 02 10 FF 39 00 00 00 00 00 00 00 00 00 00 00 00 00 00 D6 
06-04-18 at 05:11:44:544 Send 06 
06-04-18 at 05:13:45:669 Send 05 
06-04-18 at 05:13:45:684 Recived 15 
06-04-18 at 05:13:45:684 Send 06 
06-04-18 at 05:13:45:699 Send 02 06 FF 39 1E 00 00 00 DE 
06-04-18 at 05:13:45:714 Recived 06 02 10 FF 39 00 00 00 00 00 00 00 00 00 00 00 00 00 00 D6 
06-04-18 at 05:13:45:729 Send 06 
06-04-18 at 05:15:46:854 Send 05 
06-04-18 at 05:15:46:869 Recived 15 
06-04-18 at 05:15:46:869 Send 06 
06-04-18 at 05:15:46:884 Send 02 06 FF 39 1E 00 00 00 DE 
06-04-18 at 05:15:46:899 Recived 06 02 10 FF 39 00 00 00 00 00 00 00 00 00 00 00 00 00 00 D6 
06-04-18 at 05:15:46:914 Send 06 
06-04-18 at 05:17:48:039 Send 05 
06-04-18 at 05:17:48:054 Recived 15 
06-04-18 at 05:17:48:054 Send 06 
06-04-18 at 05:17:48:069 Send 02 06 FF 39 1E 00 00 00 DE 
06-04-18 at 05:17:48:084 Recived 06 02 10 FF 39 00 00 00 00 00 00 00 00 00 00 00 00 00 00 D6 
06-04-18 at 05:17:48:099 Send 06 
06-04-18 at 05:19:49:224 Send 05 
06-04-18 at 05:19:49:239 Recived 15 
06-04-18 at 05:19:49:239 Send 06 
06-04-18 at 05:19:49:254 Send 02 06 FF 39 1E 00 00 00 DE 
06-04-18 at 05:19:49:269 Recived 06 02 10 FF 39 00 00 00 00 00 00 00 00 00 00 00 00 00 00 D6 
06-04-18 at 05:19:49:284 Send 06 
06-04-18 at 05:21:50:409 Send 05 
06-04-18 at 05:21:50:424 Recived 15 
06-04-18 at 05:21:50:424 Send 06 
06-04-18 at 05:21:50:439 Send 02 06 FF 39 1E 00 00 00 DE 
06-04-18 at 05:21:50:454 Recived 06 02 10 FF 39 00 00 00 00 00 00 00 00 00 00 00 00 00 00 D6 
06-04-18 at 05:21:50:469 Send 06 
06-04-18 at 05:23:51:594 Send 05 
06-04-18 at 05:23:51:609 Recived 15 
06-04-18 at 05:23:51:609 Send 06 
06-04-18 at 05:23:51:624 Send 02 06 FF 39 1E 00 00 00 DE 
06-04-18 at 05:23:51:639 Recived 06 02 10 FF 39 00 00 00 00 00 00 00 00 00 00 00 00 00 00 D6 
06-04-18 at 05:23:51:654 Send 06 
06-04-18 at 05:25:52:779 Send 05 
06-04-18 at 05:25:52:794 Recived 15 
06-04-18 at 05:25:52:794 Send 06 
06-04-18 at 05:25:52:809 Send 02 06 FF 39 1E 00 00 00 DE 
06-04-18 at 05:25:52:824 Recived 06 02 10 FF 39 00 00 00 00 00 00 00 00 00 00 00 00 00 00 D6 
06-04-18 at 05:25:52:839 Send 06 
06-04-18 at 05:27:53:964 Send 05 
06-04-18 at 05:27:53:979 Recived 15 
06-04-18 at 05:27:53:979 Send 06 
06-04-18 at 05:27:53:994 Send 02 06 FF 39 1E 00 00 00 DE 
06-04-18 at 05:27:54:009 Recived 06 02 10 FF 39 00 00 00 00 00 00 00 00 00 00 00 00 00 00 D6 
06-04-18 at 05:27:54:024 Send 06 
06-04-18 at 05:29:55:149 Send 05 
06-04-18 at 05:29:55:164 Recived 15 
06-04-18 at 05:29:55:164 Send 06 
06-04-18 at 05:29:55:179 Send 02 06 FF 39 1E 00 00 00 DE 
06-04-18 at 05:29:55:194 Recived 06 02 10 FF 39 00 00 00 00 00 00 00 00 00 00 00 00 00 00 D6 
06-04-18 at 05:29:55:209 Send 06 
06-04-18 at 05:31:56:334 Send 05 
06-04-18 at 05:31:56:349 Recived 15 
06-04-18 at 05:31:56:349 Send 06 
06-04-18 at 05:31:56:364 Send 02 06 FF 39 1E 00 00 00 DE 
06-04-18 at 05:31:56:379 Recived 06 02 10 FF 39 00 00 00 00 00 00 00 00 00 00 00 00 00 00 D6 
06-04-18 at 05:31:56:394 Send 06 
06-04-18 at 05:33:57:519 Send 05 
06-04-18 at 05:33:57:534 Recived 15 
06-04-18 at 05:33:57:534 Send 06 
06-04-18 at 05:33:57:549 Send 02 06 FF 39 1E 00 00 00 DE 
06-04-18 at 05:33:57:564 Recived 06 02 10 FF 39 00 00 00 00 00 00 00 00 00 00 00 00 00 00 D6 
06-04-18 at 05:33:57:579 Send 06 
06-04-18 at 05:35:58:704 Send 05 
06-04-18 at 05:35:58:719 Recived 15 
06-04-18 at 05:35:58:719 Send 06 
06-04-18 at 05:35:58:734 Send 02 06 FF 39 1E 00 00 00 DE 
06-04-18 at 05:35:58:749 Recived 06 02 10 FF 39 00 00 00 00 00 00 00 00 00 00 00 00 00 00 D6 
06-04-18 at 05:35:58:764 Send 06 
06-04-18 at 05:37:59:889 Send 05 
06-04-18 at 05:37:59:904 Recived 15 
06-04-18 at 05:37:59:904 Send 06 
06-04-18 at 05:37:59:919 Send 02 06 FF 39 1E 00 00 00 DE 
06-04-18 at 05:37:59:934 Recived 06 02 10 FF 39 00 00 00 00 00 00 00 00 00 00 00 00 00 00 D6 
06-04-18 at 05:37:59:949 Send 06 
06-04-18 at 05:40:01:074 Send 05 
06-04-18 at 05:40:01:089 Recived 15 
06-04-18 at 05:40:01:089 Send 06 
06-04-18 at 05:40:01:104 Send 02 06 FF 39 1E 00 00 00 DE 
06-04-18 at 05:40:01:119 Recived 06 02 10 FF 39 00 00 00 00 00 00 00 00 00 00 00 00 00 00 D6 
06-04-18 at 05:40:01:134 Send 06 
06-04-18 at 05:42:02:259 Send 05 
06-04-18 at 05:42:02:274 Recived 15 
06-04-18 at 05:42:02:274 Send 06 
06-04-18 at 05:42:02:289 Send 02 06 FF 39 1E 00 00 00 DE 
06-04-18 at 05:42:02:304 Recived 06 02 10 FF 39 00 00 00 00 00 00 00 00 00 00 00 00 00 00 D6 
06-04-18 at 05:42:02:319 Send 06 
06-04-18 at 05:44:03:444 Send 05 
06-04-18 at 05:44:03:459 Recived 15 
06-04-18 at 05:44:03:459 Send 06 
06-04-18 at 05:44:03:474 Send 02 06 FF 39 1E 00 00 00 DE 
06-04-18 at 05:44:03:489 Recived 06 02 10 FF 39 00 00 00 00 00 00 00 00 00 00 00 00 00 00 D6 
06-04-18 at 05:44:03:504 Send 06 
06-04-18 at 05:46:04:629 Send 05 
06-04-18 at 05:46:04:644 Recived 15 
06-04-18 at 05:46:04:644 Send 06 
06-04-18 at 05:46:04:659 Send 02 06 FF 39 1E 00 00 00 DE 
06-04-18 at 05:46:04:674 Recived 06 02 10 FF 39 00 00 00 00 00 00 00 00 00 00 00 00 00 00 D6 
06-04-18 at 05:46:04:689 Send 06 
06-04-18 at 05:48:05:814 Send 05 
06-04-18 at 05:48:05:829 Recived 15 
06-04-18 at 05:48:05:829 Send 06 
06-04-18 at 05:48:05:844 Send 02 06 FF 39 1E 00 00 00 DE 
06-04-18 at 05:48:05:859 Recived 06 02 10 FF 39 00 00 00 00 00 00 00 00 00 00 00 00 00 00 D6 
06-04-18 at 05:48:05:874 Send 06 
06-04-18 at 05:50:06:999 Send 05 
06-04-18 at 05:50:07:014 Recived 15 
06-04-18 at 05:50:07:014 Send 06 
06-04-18 at 05:50:07:029 Send 02 06 FF 39 1E 00 00 00 DE 
06-04-18 at 05:50:07:044 Recived 06 02 10 FF 39 00 00 00 00 00 00 00 00 00 00 00 00 00 00 D6 
06-04-18 at 05:50:07:059 Send 06 
06-04-18 at 05:52:08:184 Send 05 
06-04-18 at 05:52:08:199 Recived 15 
06-04-18 at 05:52:08:199 Send 06 
06-04-18 at 05:52:08:214 Send 02 06 FF 39 1E 00 00 00 DE 
06-04-18 at 05:52:08:229 Recived 06 02 10 FF 39 00 00 00 00 00 00 00 00 00 00 00 00 00 00 D6 
06-04-18 at 05:52:08:244 Send 06 
06-04-18 at 05:54:09:369 Send 05 
06-04-18 at 05:54:09:384 Recived 15 
06-04-18 at 05:54:09:384 Send 06 
06-04-18 at 05:54:09:399 Send 02 06 FF 39 1E 00 00 00 DE 
06-04-18 at 05:54:09:414 Recived 06 02 10 FF 39 00 00 00 00 00 00 00 00 00 00 00 00 00 00 D6 
06-04-18 at 05:54:09:429 Send 06 
06-04-18 at 05:56:10:554 Send 05 
06-04-18 at 05:56:10:569 Recived 15 
06-04-18 at 05:56:10:569 Send 06 
06-04-18 at 05:56:10:584 Send 02 06 FF 39 1E 00 00 00 DE 
06-04-18 at 05:56:10:599 Recived 06 02 10 FF 39 00 00 00 00 00 00 00 00 00 00 00 00 00 00 D6 
06-04-18 at 05:56:10:614 Send 06 
06-04-18 at 05:58:11:739 Send 05 
06-04-18 at 05:58:11:754 Recived 15 
06-04-18 at 05:58:11:754 Send 06 
06-04-18 at 05:58:11:769 Send 02 06 FF 39 1E 00 00 00 DE 
06-04-18 at 05:58:11:784 Recived 06 02 10 FF 39 00 00 00 00 00 00 00 00 00 00 00 00 00 00 D6 
06-04-18 at 05:58:11:799 Send 06 
06-04-18 at 06:00:12:924 Send 05 
06-04-18 at 06:00:12:939 Recived 15 
06-04-18 at 06:00:12:939 Send 06 
06-04-18 at 06:00:12:954 Send 02 06 FF 39 1E 00 00 00 DE 
06-04-18 at 06:00:12:969 Recived 06 02 10 FF 39 00 00 00 00 00 00 00 00 00 00 00 00 00 00 D6 
06-04-18 at 06:00:12:984 Send 06 
06-04-18 at 06:02:14:109 Send 05 
06-04-18 at 06:02:14:124 Recived 15 
06-04-18 at 06:02:14:124 Send 06 
06-04-18 at 06:02:14:139 Send 02 06 FF 39 1E 00 00 00 DE 
06-04-18 at 06:02:14:154 Recived 06 02 10 FF 39 00 00 00 00 00 00 00 00 00 00 00 00 00 00 D6 
06-04-18 at 06:02:14:169 Send 06 
06-04-18 at 06:04:15:294 Send 05 
06-04-18 at 06:04:15:309 Recived 15 
06-04-18 at 06:04:15:309 Send 06 
06-04-18 at 06:04:15:324 Send 02 06 FF 39 1E 00 00 00 DE 
06-04-18 at 06:04:15:339 Recived 06 02 10 FF 39 00 00 00 00 00 00 00 00 00 00 00 00 00 00 D6 
06-04-18 at 06:04:15:354 Send 06 
06-04-18 at 06:06:16:479 Send 05 
06-04-18 at 06:06:16:494 Recived 15 
06-04-18 at 06:06:16:494 Send 06 
06-04-18 at 06:06:16:509 Send 02 06 FF 39 1E 00 00 00 DE 
06-04-18 at 06:06:16:524 Recived 06 02 10 FF 39 00 00 00 00 00 00 00 00 00 00 00 00 00 00 D6 
06-04-18 at 06:06:16:539 Send 06 
06-04-18 at 06:08:17:664 Send 05 
06-04-18 at 06:08:17:679 Recived 15 
06-04-18 at 06:08:17:679 Send 06 
06-04-18 at 06:08:17:694 Send 02 06 FF 39 1E 00 00 00 DE 
06-04-18 at 06:08:17:709 Recived 06 02 10 FF 39 00 00 00 00 00 00 00 00 00 00 00 00 00 00 D6 
06-04-18 at 06:08:17:724 Send 06 
06-04-18 at 06:10:18:849 Send 05 
06-04-18 at 06:10:18:864 Recived 15 
06-04-18 at 06:10:18:864 Send 06 
06-04-18 at 06:10:18:879 Send 02 06 FF 39 1E 00 00 00 DE 
06-04-18 at 06:10:18:894 Recived 06 02 10 FF 39 00 00 00 00 00 00 00 00 00 00 00 00 00 00 D6 
06-04-18 at 06:10:18:909 Send 06 
06-04-18 at 06:12:20:034 Send 05 
06-04-18 at 06:12:20:049 Recived 15 
06-04-18 at 06:12:20:049 Send 06 
06-04-18 at 06:12:20:064 Send 02 06 FF 39 1E 00 00 00 DE 
06-04-18 at 06:12:20:079 Recived 06 02 10 FF 39 00 00 00 00 00 00 00 00 00 00 00 00 00 00 D6 
06-04-18 at 06:12:20:094 Send 06 
06-04-18 at 06:14:21:219 Send 05 
06-04-18 at 06:14:21:234 Recived 15 
06-04-18 at 06:14:21:234 Send 06 
06-04-18 at 06:14:21:249 Send 02 06 FF 39 1E 00 00 00 DE 
06-04-18 at 06:14:21:264 Recived 06 02 10 FF 39 00 00 00 00 00 00 00 00 00 00 00 00 00 00 D6 
06-04-18 at 06:14:21:279 Send 06 
06-04-18 at 06:16:22:404 Send 05 
06-04-18 at 06:16:22:419 Recived 15 
06-04-18 at 06:16:22:419 Send 06 
06-04-18 at 06:16:22:434 Send 02 06 FF 39 1E 00 00 00 DE 
06-04-18 at 06:16:22:449 Recived 06 02 10 FF 39 00 00 00 00 00 00 00 00 00 00 00 00 00 00 D6 
06-04-18 at 06:16:22:464 Send 06 
06-04-18 at 06:18:23:589 Send 05 
06-04-18 at 06:18:23:604 Recived 15 
06-04-18 at 06:18:23:604 Send 06 
06-04-18 at 06:18:23:619 Send 02 06 FF 39 1E 00 00 00 DE 
06-04-18 at 06:18:23:634 Recived 06 02 10 FF 39 00 00 00 00 00 00 00 00 00 00 00 00 00 00 D6 
06-04-18 at 06:18:23:649 Send 06 
06-04-18 at 06:20:24:774 Send 05 
06-04-18 at 06:20:24:789 Recived 15 
06-04-18 at 06:20:24:789 Send 06 
06-04-18 at 06:20:24:804 Send 02 06 FF 39 1E 00 00 00 DE 
06-04-18 at 06:20:24:819 Recived 06 02 10 FF 39 00 00 00 00 00 00 00 00 00 00 00 00 00 00 D6 
06-04-18 at 06:20:24:834 Send 06 
06-04-18 at 06:22:25:959 Send 05 
06-04-18 at 06:22:25:974 Recived 15 
06-04-18 at 06:22:25:974 Send 06 
06-04-18 at 06:22:25:989 Send 02 06 FF 39 1E 00 00 00 DE 
06-04-18 at 06:22:26:004 Recived 06 02 10 FF 39 00 00 00 00 00 00 00 00 00 00 00 00 00 00 D6 
06-04-18 at 06:22:26:019 Send 06 
06-04-18 at 06:24:27:144 Send 05 
06-04-18 at 06:24:27:159 Recived 15 
06-04-18 at 06:24:27:159 Send 06 
06-04-18 at 06:24:27:174 Send 02 06 FF 39 1E 00 00 00 DE 
06-04-18 at 06:24:27:189 Recived 06 02 10 FF 39 00 00 00 00 00 00 00 00 00 00 00 00 00 00 D6 
06-04-18 at 06:24:27:204 Send 06 
06-04-18 at 06:26:28:329 Send 05 
06-04-18 at 06:26:28:344 Recived 15 
06-04-18 at 06:26:28:344 Send 06 
06-04-18 at 06:26:28:359 Send 02 06 FF 39 1E 00 00 00 DE 
06-04-18 at 06:26:28:374 Recived 06 02 10 FF 39 00 00 00 00 00 00 00 00 00 00 00 00 00 00 D6 
06-04-18 at 06:26:28:389 Send 06 
06-04-18 at 06:28:29:514 Send 05 
06-04-18 at 06:28:29:529 Recived 15 
06-04-18 at 06:28:29:529 Send 06 
06-04-18 at 06:28:29:544 Send 02 06 FF 39 1E 00 00 00 DE 
06-04-18 at 06:28:29:559 Recived 06 02 10 FF 39 00 00 00 00 00 00 00 00 00 00 00 00 00 00 D6 
06-04-18 at 06:28:29:574 Send 06 
06-04-18 at 06:30:30:699 Send 05 
06-04-18 at 06:30:30:714 Recived 15 
06-04-18 at 06:30:30:714 Send 06 
06-04-18 at 06:30:30:729 Send 02 06 FF 39 1E 00 00 00 DE 
06-04-18 at 06:30:30:744 Recived 06 02 10 FF 39 00 00 00 00 00 00 00 00 00 00 00 00 00 00 D6 
06-04-18 at 06:30:30:759 Send 06 
06-04-18 at 06:32:31:884 Send 05 
06-04-18 at 06:32:31:899 Recived 15 
06-04-18 at 06:32:31:899 Send 06 
06-04-18 at 06:32:31:914 Send 02 06 FF 39 1E 00 00 00 DE 
06-04-18 at 06:32:31:929 Recived 06 02 10 FF 39 00 00 00 00 00 00 00 00 00 00 00 00 00 00 D6 
06-04-18 at 06:32:31:944 Send 06 
06-04-18 at 06:34:33:069 Send 05 
06-04-18 at 06:34:33:084 Recived 15 
06-04-18 at 06:34:33:084 Send 06 
06-04-18 at 06:34:33:099 Send 02 06 FF 39 1E 00 00 00 DE 
06-04-18 at 06:34:33:114 Recived 06 02 10 FF 39 00 00 00 00 00 00 00 00 00 00 00 00 00 00 D6 
06-04-18 at 06:34:33:129 Send 06 
06-04-18 at 06:36:34:254 Send 05 
06-04-18 at 06:36:34:269 Recived 15 
06-04-18 at 06:36:34:269 Send 06 
06-04-18 at 06:36:34:284 Send 02 06 FF 39 1E 00 00 00 DE 
06-04-18 at 06:36:34:299 Recived 06 02 10 FF 39 00 00 00 00 00 00 00 00 00 00 00 00 00 00 D6 
06-04-18 at 06:36:34:314 Send 06 
06-04-18 at 06:38:35:439 Send 05 
06-04-18 at 06:38:35:454 Recived 15 
06-04-18 at 06:38:35:454 Send 06 
06-04-18 at 06:38:35:469 Send 02 06 FF 39 1E 00 00 00 DE 
06-04-18 at 06:38:35:484 Recived 06 02 10 FF 39 00 00 00 00 00 00 00 00 00 00 00 00 00 00 D6 
06-04-18 at 06:38:35:499 Send 06 
06-04-18 at 06:40:36:624 Send 05 
06-04-18 at 06:40:36:639 Recived 15 
06-04-18 at 06:40:36:639 Send 06 
06-04-18 at 06:40:36:654 Send 02 06 FF 39 1E 00 00 00 DE 
06-04-18 at 06:40:36:669 Recived 06 02 10 FF 39 00 00 00 00 00 00 00 00 00 00 00 00 00 00 D6 
06-04-18 at 06:40:36:684 Send 06 
06-04-18 at 06:42:37:809 Send 05 
06-04-18 at 06:42:37:824 Recived 15 
06-04-18 at 06:42:37:824 Send 06 
06-04-18 at 06:42:37:839 Send 02 06 FF 39 1E 00 00 00 DE 
06-04-18 at 06:42:37:854 Recived 06 02 10 FF 39 00 00 00 00 00 00 00 00 00 00 00 00 00 00 D6 
06-04-18 at 06:42:37:869 Send 06 
06-04-18 at 06:44:38:994 Send 05 
06-04-18 at 06:44:39:009 Recived 15 
06-04-18 at 06:44:39:009 Send 06 
06-04-18 at 06:44:39:024 Send 02 06 FF 39 1E 00 00 00 DE 
06-04-18 at 06:44:39:039 Recived 06 02 10 FF 39 00 00 00 00 00 00 00 00 00 00 00 00 00 00 D6 
06-04-18 at 06:44:39:054 Send 06 
06-04-18 at 06:46:40:179 Send 05 
06-04-18 at 06:46:40:194 Recived 15 
06-04-18 at 06:46:40:194 Send 06 
06-04-18 at 06:46:40:209 Send 02 06 FF 39 1E 00 00 00 DE 
06-04-18 at 06:46:40:224 Recived 06 02 10 FF 39 00 00 00 00 00 00 00 00 00 00 00 00 00 00 D6 
06-04-18 at 06:46:40:239 Send 06 
06-04-18 at 06:48:41:364 Send 05 
06-04-18 at 06:48:41:379 Recived 15 
06-04-18 at 06:48:41:379 Send 06 
06-04-18 at 06:48:41:394 Send 02 06 FF 39 1E 00 00 00 DE 
06-04-18 at 06:48:41:409 Recived 06 02 10 FF 39 00 00 00 00 00 00 00 00 00 00 00 00 00 00 D6 
06-04-18 at 06:48:41:424 Send 06 
06-04-18 at 06:50:42:549 Send 05 
06-04-18 at 06:50:42:564 Recived 15 
06-04-18 at 06:50:42:564 Send 06 
06-04-18 at 06:50:42:579 Send 02 06 FF 39 1E 00 00 00 DE 
06-04-18 at 06:50:42:594 Recived 06 02 10 FF 39 00 00 00 00 00 00 00 00 00 00 00 00 00 00 D6 
06-04-18 at 06:50:42:609 Send 06 
06-04-18 at 06:52:43:734 Send 05 
06-04-18 at 06:52:43:749 Recived 15 
06-04-18 at 06:52:43:749 Send 06 
06-04-18 at 06:52:43:764 Send 02 06 FF 39 1E 00 00 00 DE 
06-04-18 at 06:52:43:779 Recived 06 02 10 FF 39 00 00 00 00 00 00 00 00 00 00 00 00 00 00 D6 
06-04-18 at 06:52:43:794 Send 06 
06-04-18 at 06:54:44:919 Send 05 
06-04-18 at 06:54:44:934 Recived 15 
06-04-18 at 06:54:44:934 Send 06 
06-04-18 at 06:54:44:949 Send 02 06 FF 39 1E 00 00 00 DE 
06-04-18 at 06:54:44:964 Recived 06 02 10 FF 39 00 00 00 00 00 00 00 00 00 00 00 00 00 00 D6 
06-04-18 at 06:54:44:979 Send 06 
06-04-18 at 06:56:46:104 Send 05 
06-04-18 at 06:56:46:119 Recived 15 
06-04-18 at 06:56:46:119 Send 06 
06-04-18 at 06:56:46:134 Send 02 06 FF 39 1E 00 00 00 DE 
06-04-18 at 06:56:46:149 Recived 06 02 10 FF 39 00 00 00 00 00 00 00 00 00 00 00 00 00 00 D6 
06-04-18 at 06:56:46:164 Send 06 
06-04-18 at 06:58:47:289 Send 05 
06-04-18 at 06:58:47:304 Recived 15 
06-04-18 at 06:58:47:304 Send 06 
06-04-18 at 06:58:47:319 Send 02 06 FF 39 1E 00 00 00 DE 
06-04-18 at 06:58:47:334 Recived 06 02 10 FF 39 00 00 00 00 00 00 00 00 00 00 00 00 00 00 D6 
06-04-18 at 06:58:47:349 Send 06 
06-04-18 at 07:00:48:474 Send 05 
06-04-18 at 07:00:48:489 Recived 15 
06-04-18 at 07:00:48:489 Send 06 
06-04-18 at 07:00:48:504 Send 02 06 FF 39 1E 00 00 00 DE 
06-04-18 at 07:00:48:519 Recived 06 02 10 FF 39 00 00 00 00 00 00 00 00 00 00 00 00 00 00 D6 
06-04-18 at 07:00:48:534 Send 06 
06-04-18 at 07:02:49:659 Send 05 
06-04-18 at 07:02:49:674 Recived 15 
06-04-18 at 07:02:49:674 Send 06 
06-04-18 at 07:02:49:689 Send 02 06 FF 39 1E 00 00 00 DE 
06-04-18 at 07:02:49:704 Recived 06 02 10 FF 39 00 00 00 00 00 00 00 00 00 00 00 00 00 00 D6 
06-04-18 at 07:02:49:719 Send 06 
06-04-18 at 07:04:50:844 Send 05 
06-04-18 at 07:04:50:859 Recived 15 
06-04-18 at 07:04:50:859 Send 06 
06-04-18 at 07:04:50:874 Send 02 06 FF 39 1E 00 00 00 DE 
06-04-18 at 07:04:50:889 Recived 06 02 10 FF 39 00 00 00 00 00 00 00 00 00 00 00 00 00 00 D6 
06-04-18 at 07:04:50:904 Send 06 
06-04-18 at 07:06:52:029 Send 05 
06-04-18 at 07:06:52:044 Recived 15 
06-04-18 at 07:06:52:044 Send 06 
06-04-18 at 07:06:52:059 Send 02 06 FF 39 1E 00 00 00 DE 
06-04-18 at 07:06:52:074 Recived 06 02 10 FF 39 00 00 00 00 00 00 00 00 00 00 00 00 00 00 D6 
06-04-18 at 07:06:52:089 Send 06 
06-04-18 at 07:08:53:214 Send 05 
06-04-18 at 07:08:53:229 Recived 15 
06-04-18 at 07:08:53:229 Send 06 
06-04-18 at 07:08:53:244 Send 02 06 FF 39 1E 00 00 00 DE 
06-04-18 at 07:08:53:259 Recived 06 02 10 FF 39 00 00 00 00 00 00 00 00 00 00 00 00 00 00 D6 
06-04-18 at 07:08:53:274 Send 06 
06-04-18 at 07:10:54:399 Send 05 
06-04-18 at 07:10:54:414 Recived 15 
06-04-18 at 07:10:54:414 Send 06 
06-04-18 at 07:10:54:429 Send 02 06 FF 39 1E 00 00 00 DE 
06-04-18 at 07:10:54:444 Recived 06 02 10 FF 39 00 00 00 00 00 00 00 00 00 00 00 00 00 00 D6 
06-04-18 at 07:10:54:459 Send 06 
06-04-18 at 07:12:55:584 Send 05 
06-04-18 at 07:12:55:599 Recived 15 
06-04-18 at 07:12:55:599 Send 06 
06-04-18 at 07:12:55:614 Send 02 06 FF 39 1E 00 00 00 DE 
06-04-18 at 07:12:55:629 Recived 06 02 10 FF 39 00 00 00 00 00 00 00 00 00 00 00 00 00 00 D6 
06-04-18 at 07:12:55:644 Send 06 
06-04-18 at 07:14:56:769 Send 05 
06-04-18 at 07:14:56:784 Recived 15 
06-04-18 at 07:14:56:784 Send 06 
06-04-18 at 07:14:56:799 Send 02 06 FF 39 1E 00 00 00 DE 
06-04-18 at 07:14:56:814 Recived 06 02 10 FF 39 00 00 00 00 00 00 00 00 00 00 00 00 00 00 D6 
06-04-18 at 07:14:56:829 Send 06 
06-04-18 at 07:16:57:954 Send 05 
06-04-18 at 07:16:57:969 Recived 15 
06-04-18 at 07:16:57:969 Send 06 
06-04-18 at 07:16:57:984 Send 02 06 FF 39 1E 00 00 00 DE 
06-04-18 at 07:16:57:999 Recived 06 02 10 FF 39 00 00 00 00 00 00 00 00 00 00 00 00 00 00 D6 
06-04-18 at 07:16:58:014 Send 06 
06-04-18 at 07:18:59:139 Send 05 
06-04-18 at 07:18:59:154 Recived 15 
06-04-18 at 07:18:59:154 Send 06 
06-04-18 at 07:18:59:169 Send 02 06 FF 39 1E 00 00 00 DE 
06-04-18 at 07:18:59:184 Recived 06 02 10 FF 39 00 00 00 00 00 00 00 00 00 00 00 00 00 00 D6 
06-04-18 at 07:18:59:199 Send 06 
06-04-18 at 07:21:00:324 Send 05 
06-04-18 at 07:21:00:339 Recived 15 
06-04-18 at 07:21:00:339 Send 06 
06-04-18 at 07:21:00:354 Send 02 06 FF 39 1E 00 00 00 DE 
06-04-18 at 07:21:00:369 Recived 06 02 10 FF 39 00 00 00 00 00 00 00 00 00 00 00 00 00 00 D6 
06-04-18 at 07:21:00:384 Send 06 
06-04-18 at 07:23:01:509 Send 05 
06-04-18 at 07:23:01:524 Recived 15 
06-04-18 at 07:23:01:524 Send 06 
06-04-18 at 07:23:01:539 Send 02 06 FF 39 1E 00 00 00 DE 
06-04-18 at 07:23:01:554 Recived 06 02 10 FF 39 00 00 00 00 00 00 00 00 00 00 00 00 00 00 D6 
06-04-18 at 07:23:01:569 Send 06 
06-04-18 at 07:25:02:694 Send 05 
06-04-18 at 07:25:02:709 Recived 15 
06-04-18 at 07:25:02:709 Send 06 
06-04-18 at 07:25:02:724 Send 02 06 FF 39 1E 00 00 00 DE 
06-04-18 at 07:25:02:739 Recived 06 02 10 FF 39 00 00 00 00 00 00 00 00 00 00 00 00 00 00 D6 
06-04-18 at 07:25:02:754 Send 06 
06-04-18 at 07:27:03:879 Send 05 
06-04-18 at 07:27:03:894 Recived 15 
06-04-18 at 07:27:03:894 Send 06 
06-04-18 at 07:27:03:909 Send 02 06 FF 39 1E 00 00 00 DE 
06-04-18 at 07:27:03:924 Recived 06 02 10 FF 39 00 00 00 00 00 00 00 00 00 00 00 00 00 00 D6 
06-04-18 at 07:27:03:939 Send 06 
06-04-18 at 07:29:05:064 Send 05 
06-04-18 at 07:29:05:079 Recived 15 
06-04-18 at 07:29:05:079 Send 06 
06-04-18 at 07:29:05:094 Send 02 06 FF 39 1E 00 00 00 DE 
06-04-18 at 07:29:05:109 Recived 06 02 10 FF 39 00 00 00 00 00 00 00 00 00 00 00 00 00 00 D6 
06-04-18 at 07:29:05:124 Send 06 
06-04-18 at 07:31:06:249 Send 05 
06-04-18 at 07:31:06:264 Recived 15 
06-04-18 at 07:31:06:264 Send 06 
06-04-18 at 07:31:06:279 Send 02 06 FF 39 1E 00 00 00 DE 
06-04-18 at 07:31:06:294 Recived 06 02 10 FF 39 00 00 00 00 00 00 00 00 00 00 00 00 00 00 D6 
06-04-18 at 07:31:06:309 Send 06 
06-04-18 at 07:33:07:434 Send 05 
06-04-18 at 07:33:07:449 Recived 15 
06-04-18 at 07:33:07:449 Send 06 
06-04-18 at 07:33:07:464 Send 02 06 FF 39 1E 00 00 00 DE 
06-04-18 at 07:33:07:479 Recived 06 02 10 FF 39 00 00 00 00 00 00 00 00 00 00 00 00 00 00 D6 
06-04-18 at 07:33:07:494 Send 06 
06-04-18 at 07:35:08:619 Send 05 
06-04-18 at 07:35:08:634 Recived 15 
06-04-18 at 07:35:08:634 Send 06 
06-04-18 at 07:35:08:649 Send 02 06 FF 39 1E 00 00 00 DE 
06-04-18 at 07:35:08:664 Recived 06 02 10 FF 39 00 00 00 00 00 00 00 00 00 00 00 00 00 00 D6 
06-04-18 at 07:35:08:679 Send 06 
06-04-18 at 07:37:09:804 Send 05 
06-04-18 at 07:37:09:819 Recived 15 
06-04-18 at 07:37:09:819 Send 06 
06-04-18 at 07:37:09:834 Send 02 06 FF 39 1E 00 00 00 DE 
06-04-18 at 07:37:09:849 Recived 06 02 10 FF 39 00 00 00 00 00 00 00 00 00 00 00 00 00 00 D6 
06-04-18 at 07:37:09:864 Send 06 
06-04-18 at 07:39:10:989 Send 05 
06-04-18 at 07:39:11:004 Recived 15 
06-04-18 at 07:39:11:004 Send 06 
06-04-18 at 07:39:11:019 Send 02 06 FF 39 1E 00 00 00 DE 
06-04-18 at 07:39:11:034 Recived 06 02 10 FF 39 00 00 00 00 00 00 00 00 00 00 00 00 00 00 D6 
06-04-18 at 07:39:11:049 Send 06 
06-04-18 at 07:41:12:174 Send 05 
06-04-18 at 07:41:12:189 Recived 15 
06-04-18 at 07:41:12:189 Send 06 
06-04-18 at 07:41:12:204 Send 02 06 FF 39 1E 00 00 00 DE 
06-04-18 at 07:41:12:219 Recived 06 02 10 FF 39 00 00 00 00 00 00 00 00 00 00 00 00 00 00 D6 
06-04-18 at 07:41:12:234 Send 06 
06-04-18 at 07:43:13:359 Send 05 
06-04-18 at 07:43:13:374 Recived 15 
06-04-18 at 07:43:13:374 Send 06 
06-04-18 at 07:43:13:389 Send 02 06 FF 39 1E 00 00 00 DE 
06-04-18 at 07:43:13:404 Recived 06 02 10 FF 39 00 00 00 00 00 00 00 00 00 00 00 00 00 00 D6 
06-04-18 at 07:43:13:419 Send 06 
06-04-18 at 07:45:14:544 Send 05 
06-04-18 at 07:45:14:559 Recived 15 
06-04-18 at 07:45:14:559 Send 06 
06-04-18 at 07:45:14:574 Send 02 06 FF 39 1E 00 00 00 DE 
06-04-18 at 07:45:14:589 Recived 06 02 10 FF 39 00 00 00 00 00 00 00 00 00 00 00 00 00 00 D6 
06-04-18 at 07:45:14:604 Send 06 
06-04-18 at 07:47:15:729 Send 05 
06-04-18 at 07:47:15:744 Recived 15 
06-04-18 at 07:47:15:744 Send 06 
06-04-18 at 07:47:15:759 Send 02 06 FF 39 1E 00 00 00 DE 
06-04-18 at 07:47:15:774 Recived 06 02 10 FF 39 00 00 00 00 00 00 00 00 00 00 00 00 00 00 D6 
06-04-18 at 07:47:15:789 Send 06 
06-04-18 at 07:49:16:914 Send 05 
06-04-18 at 07:49:16:929 Recived 15 
06-04-18 at 07:49:16:929 Send 06 
06-04-18 at 07:49:16:944 Send 02 06 FF 39 1E 00 00 00 DE 
06-04-18 at 07:49:16:959 Recived 06 02 10 FF 39 00 00 00 00 00 00 00 00 00 00 00 00 00 00 D6 
06-04-18 at 07:49:16:974 Send 06 
06-04-18 at 07:51:18:099 Send 05 
06-04-18 at 07:51:18:114 Recived 15 
06-04-18 at 07:51:18:114 Send 06 
06-04-18 at 07:51:18:129 Send 02 06 FF 39 1E 00 00 00 DE 
06-04-18 at 07:51:18:144 Recived 06 02 10 FF 39 00 00 00 00 00 00 00 00 00 00 00 00 00 00 D6 
06-04-18 at 07:51:18:159 Send 06 
06-04-18 at 07:53:19:284 Send 05 
06-04-18 at 07:53:19:299 Recived 15 
06-04-18 at 07:53:19:299 Send 06 
06-04-18 at 07:53:19:314 Send 02 06 FF 39 1E 00 00 00 DE 
06-04-18 at 07:53:19:329 Recived 06 02 10 FF 39 00 00 00 00 00 00 00 00 00 00 00 00 00 00 D6 
06-04-18 at 07:53:19:344 Send 06 
06-04-18 at 07:54:22:142 total calculated
06-04-18 at 07:54:22:144 now show on display
06-04-18 at 07:54:22:144                     :       2210.00
06-04-18 at 07:54:22:144 now clear port error ...
06-04-18 at 07:54:22:144 now write to port ...
06-04-18 at 07:54:22:278 ... done
06-04-18 at 07:54:22:279 total calculated
06-04-18 at 07:54:22:280 now show on display
06-04-18 at 07:54:22:280                     :       2210.00
06-04-18 at 07:54:22:281 now clear port error ...
06-04-18 at 07:54:22:281 now write to port ...
06-04-18 at 07:54:22:450 ... done
06-04-18 at 07:54:22:452 111
06-04-18 at 07:54:22:452   
