30-05-19 at 19:53:47:380 Запуск программы. Инициализация считана из файла
30-05-19 at 19:53:47:381 total calculated
30-05-19 at 19:53:47:381 now show on display
30-05-19 at 19:53:47:381                     Всего:          0.00
30-05-19 at 19:53:47:381 now open port for display
30-05-19 at 19:53:47:382 Com port opened
30-05-19 at 19:53:47:382 now clear port error ...
30-05-19 at 19:53:47:382 now write to port ...
30-05-19 at 19:53:47:623 ... done
30-05-19 at 19:53:47:623 Чек сжат
30-05-19 at 19:53:47:624 Сумма чека посчитана
30-05-19 at 19:53:47:624 Кардридер создан
30-05-19 at 19:53:47:624 Задание запуска модулей создано
30-05-19 at 19:53:47:624 Сканер создан
30-05-19 at 19:53:47:625 Запуск потока обмена COM-порта
30-05-19 at 19:53:47:625 Регистратор создан
30-05-19 at 19:53:47:632 Часы созданы
30-05-19 at 19:53:47:633 Регистратор запущен
30-05-19 at 19:53:47:633 Сканер запущен
30-05-19 at 19:53:47:633 Часы запущены
30-05-19 at 19:53:47:633 Кардридер запущен
30-05-19 at 19:53:47:634 Передача данных запущена
30-05-19 at 19:53:47:634 Вход в FRInit mstar
30-05-19 at 19:53:47:635 Вход в GetStatus
30-05-19 at 19:53:47:654 Send 05 
30-05-19 at 19:53:47:674 Recived 15 
30-05-19 at 19:53:47:674 Send 06 
30-05-19 at 19:53:47:694 Send 02 05 11 1E 00 00 00 0A 
30-05-19 at 19:53:47:714 Recived 06 02 30 11 00 1E 43 31 A5 EB 18 0A 12 01 2C 00 92 02 03 00 00 4E 41 00 00 01 01 10 1E 05 13 13 35 33 00 2E 5D 00 00 55 00 00 00 00 00 D2 E9 1E 42 01 00 FF 
30-05-19 at 19:53:47:734 Send 06 
30-05-19 at 19:53:47:734 KKMStatus 0000
30-05-19 at 19:53:47:754 Send 05 
30-05-19 at 19:53:47:774 Recived 15 
30-05-19 at 19:53:47:774 Send 06 
30-05-19 at 19:53:47:794 Send 02 05 11 1E 00 00 00 0A 
30-05-19 at 19:53:47:814 Recived 06 02 30 11 00 1E 43 31 A5 EB 18 0A 12 01 2C 00 92 02 03 00 00 4E 41 00 00 01 01 10 1E 05 13 13 35 33 00 2E 5D 00 00 55 00 00 00 00 00 D2 E9 1E 42 01 00 FF 
30-05-19 at 19:53:47:834 Send 06 
30-05-19 at 19:53:47:834 KKMStatus 0300
30-05-19 at 19:53:47:834 Номер ФР считан
30-05-19 at 19:53:48:047 СУБД подключена
30-05-19 at 19:53:48:083 Send 05 
30-05-19 at 19:53:48:103 Recived 15 
30-05-19 at 19:53:48:103 Send 06 
30-05-19 at 19:53:48:123 Send 02 18 1E 1E 00 00 00 05 03 00 01 CA 41 D0 D2 CE C9 20 56 49 53 41 2F 4D 43 00 9D 
30-05-19 at 19:53:48:144 Recived 06 02 02 1E 00 1C 
30-05-19 at 19:53:48:164 Send 06 
30-05-19 at 19:53:48:184 Send 05 
30-05-19 at 19:53:48:204 Recived 15 
30-05-19 at 19:53:48:204 Send 06 
30-05-19 at 19:53:48:224 Send 02 19 1E 1E 00 00 00 05 04 00 01 C4 D0 D3 C3 C8 CC C8 20 CA C0 D0 D2 C0 CC C8 00 3D 
30-05-19 at 19:53:48:245 Recived 06 02 02 1E 00 1C 
30-05-19 at 19:53:48:265 Send 06 
30-05-19 at 19:53:48:285 Send 05 
30-05-19 at 19:53:48:305 Recived 15 
30-05-19 at 19:53:48:305 Send 06 
30-05-19 at 19:53:48:325 Send 02 1E 1E 1E 00 00 00 05 0E 00 01 CF CE C4 C0 D0 CE D7 CD DB CC C8 20 CA C0 D0 D2 C0 CC C8 00 01 27 
30-05-19 at 19:53:48:348 Recived 06 02 02 1E 00 1C 
30-05-19 at 19:53:48:368 Send 06 
30-05-19 at 19:53:48:388 Send 05 
30-05-19 at 19:53:48:408 Recived 15 
30-05-19 at 19:53:48:408 Send 06 
30-05-19 at 19:53:48:428 Send 02 0B 1E 1E 00 00 00 01 01 00 01 01 00 0B 
30-05-19 at 19:53:48:448 Recived 06 02 02 1E 00 1C 
30-05-19 at 19:53:48:468 Send 06 
30-05-19 at 19:53:48:488 Send 05 
30-05-19 at 19:53:48:508 Recived 15 
30-05-19 at 19:53:48:508 Send 06 
30-05-19 at 19:53:48:528 Send 02 0B 1E 1E 00 00 00 01 01 00 05 02 00 0C 
30-05-19 at 19:53:48:548 Recived 06 02 02 1E 00 1C 
30-05-19 at 19:53:48:568 Send 06 
30-05-19 at 19:53:48:588 Send 05 
30-05-19 at 19:53:48:608 Recived 15 
30-05-19 at 19:53:48:608 Send 06 
30-05-19 at 19:53:48:628 Send 02 0B 1E 1E 00 00 00 01 01 00 23 01 00 29 
30-05-19 at 19:53:48:648 Recived 06 02 02 1E 00 1C 
30-05-19 at 19:53:48:668 Send 06 
30-05-19 at 19:53:48:688 Send 05 
30-05-19 at 19:53:48:708 Recived 15 
30-05-19 at 19:53:48:708 Send 06 
30-05-19 at 19:53:48:728 Send 02 0B 1E 1E 00 00 00 01 01 00 06 00 00 0D 
30-05-19 at 19:53:48:748 Recived 06 02 02 1E 00 1C 
30-05-19 at 19:53:48:768 Send 06 
30-05-19 at 19:53:48:788 Send 05 
30-05-19 at 19:53:48:808 Recived 15 
30-05-19 at 19:53:48:808 Send 06 
30-05-19 at 19:53:48:828 Send 02 0B 1E 1E 00 00 00 01 01 00 07 01 00 0D 
30-05-19 at 19:53:48:848 Recived 06 02 02 1E 00 1C 
30-05-19 at 19:53:48:868 Send 06 
30-05-19 at 19:53:48:888 Send 05 
30-05-19 at 19:53:48:908 Recived 15 
30-05-19 at 19:53:48:908 Send 06 
30-05-19 at 19:53:48:928 Send 02 0B 1E 1E 00 00 00 01 01 00 14 01 00 1E 
30-05-19 at 19:53:48:948 Recived 06 02 02 1E 00 1C 
30-05-19 at 19:53:48:968 Send 06 
30-05-19 at 19:53:48:988 Send 05 
30-05-19 at 19:53:49:008 Recived 15 
30-05-19 at 19:53:49:008 Send 06 
30-05-19 at 19:53:49:028 Send 02 0B 1E 1E 00 00 00 01 01 00 15 01 00 1F 
30-05-19 at 19:53:49:048 Recived 06 02 02 1E 00 1C 
30-05-19 at 19:53:49:068 Send 06 
30-05-19 at 19:53:49:088 Send 05 
30-05-19 at 19:53:49:108 Recived 15 
30-05-19 at 19:53:49:108 Send 06 
30-05-19 at 19:53:49:128 Send 02 0B 1E 1E 00 00 00 01 01 00 0F 00 00 04 
30-05-19 at 19:53:49:148 Recived 06 02 02 1E 00 1C 
30-05-19 at 19:53:49:168 Send 06 
30-05-19 at 19:53:49:188 Send 05 
30-05-19 at 19:53:49:208 Recived 15 
30-05-19 at 19:53:49:208 Send 06 
30-05-19 at 19:53:49:228 Send 02 0B 1E 1E 00 00 00 01 01 00 11 00 00 1A 
30-05-19 at 19:53:49:248 Recived 06 02 02 1E 00 1C 
30-05-19 at 19:53:49:268 Send 06 
30-05-19 at 19:53:49:288 Send 05 
30-05-19 at 19:53:49:308 Recived 15 
30-05-19 at 19:53:49:308 Send 06 
30-05-19 at 19:53:49:328 Send 02 0B 1E 1E 00 00 00 11 01 00 03 02 00 1A 
30-05-19 at 19:53:49:348 Recived 06 02 02 1E 00 1C 
30-05-19 at 19:53:49:368 Send 06 
30-05-19 at 19:53:49:388 Send 05 
30-05-19 at 19:53:49:408 Recived 15 
30-05-19 at 19:53:49:408 Send 06 
30-05-19 at 19:53:49:428 Send 02 0B 1E 1E 00 00 00 11 01 00 0C 00 00 17 
30-05-19 at 19:53:49:448 Recived 06 02 02 1E 00 1C 
30-05-19 at 19:53:49:468 Send 06 
30-05-19 at 19:53:49:488 Send 05 
30-05-19 at 19:53:49:508 Recived 15 
30-05-19 at 19:53:49:508 Send 06 
30-05-19 at 19:53:49:528 Send 02 0B 1E 1E 00 00 00 01 01 00 29 01 00 23 
30-05-19 at 19:53:49:548 Recived 06 02 02 1E 00 1C 
30-05-19 at 19:53:49:568 Send 06 
30-05-19 at 19:53:49:588 Send 05 
30-05-19 at 19:53:49:608 Recived 15 
30-05-19 at 19:53:49:608 Send 06 
30-05-19 at 19:53:49:628 Send 02 27 1E 1E 00 00 00 04 0C 00 01 20 20 20 20 20 20 20 20 20 20 20 C4 CE C1 D0 CE 20 CF CE C6 C0 CB CE C2 C0 D2 DC 21 00 00 D4 
30-05-19 at 19:53:49:651 Recived 06 02 02 1E 00 1C 
30-05-19 at 19:53:49:671 Send 06 
30-05-19 at 19:53:49:691 Send 05 
30-05-19 at 19:53:49:711 Recived 15 
30-05-19 at 19:53:49:711 Send 06 
30-05-19 at 19:53:49:731 Send 02 2A 1E 1E 00 00 00 04 0D 00 01 20 20 20 20 20 20 20 20 CE CE CE 20 CA EE EC EF E0 ED E8 FF 20 27 CA CE CB CE D0 CB CE CD 27 00 32 FA 
30-05-19 at 19:53:49:754 Recived 06 02 02 1E 00 1C 
30-05-19 at 19:53:49:774 Send 06 
30-05-19 at 19:53:49:794 Send 05 
30-05-19 at 19:53:49:814 Recived 15 
30-05-19 at 19:53:49:814 Send 06 
30-05-19 at 19:53:49:834 Send 02 2E 1E 1E 00 00 00 04 0E 00 01 20 20 20 20 20 CC E0 E3 E0 E7 E8 ED 20 27 C2 F1 E5 20 F2 EE E2 E0 F0 FB 20 E4 EB FF 20 E4 EE EC E0 27 20 00 2A F7 
30-05-19 at 19:53:49:858 Recived 06 02 02 1E 00 1C 
30-05-19 at 19:53:49:878 Send 06 
30-05-19 at 19:54:30:626 Cardreader  Антонов Сергей 
30-05-19 at 19:54:30:641 Send 05 
30-05-19 at 19:54:30:661 Recived 15 
30-05-19 at 19:54:30:661 Send 06 
30-05-19 at 19:54:30:681 Send 02 1A 1E 1E 00 00 00 02 1E 00 02 C0 ED F2 EE ED EE E2 20 D1 E5 F0 E3 E5 E9 20 00 32 CD 
30-05-19 at 19:54:30:702 Recived 06 02 02 1E 00 1C 
30-05-19 at 19:54:30:722 Send 06 
30-05-19 at 19:54:30:724 now clear port error ...
30-05-19 at 19:54:30:724 now write to port ...
30-05-19 at 19:54:30:965 ... done
30-05-19 at 19:54:31:642 Send 05 
30-05-19 at 19:54:31:662 Recived 15 
30-05-19 at 19:54:31:662 Send 06 
30-05-19 at 19:54:31:682 Send 02 06 FF 39 1E 00 00 00 DE 
30-05-19 at 19:54:31:702 Recived 06 02 10 FF 39 00 00 00 00 00 00 00 00 00 00 00 00 00 00 D6 
30-05-19 at 19:54:31:722 Send 06 
30-05-19 at 19:54:36:807 Запуск программы. Инициализация считана из файла
30-05-19 at 19:54:36:807 total calculated
30-05-19 at 19:54:36:807 now show on display
30-05-19 at 19:54:36:808                     Всего:          0.00
30-05-19 at 19:54:36:808 now open port for display
30-05-19 at 19:54:36:809 Com port opened
30-05-19 at 19:54:36:809 now clear port error ...
30-05-19 at 19:54:36:809 now write to port ...
30-05-19 at 19:54:37:050 ... done
30-05-19 at 19:54:37:050 Чек сжат
30-05-19 at 19:54:37:050 Сумма чека посчитана
30-05-19 at 19:54:37:051 Кардридер создан
30-05-19 at 19:54:37:051 Задание запуска модулей создано
30-05-19 at 19:54:37:051 Сканер создан
30-05-19 at 19:54:37:051 Запуск потока обмена COM-порта
30-05-19 at 19:54:37:051 Регистратор создан
30-05-19 at 19:54:37:057 Часы созданы
30-05-19 at 19:54:37:058 Регистратор запущен
30-05-19 at 19:54:37:059 Сканер запущен
30-05-19 at 19:54:37:059 Часы запущены
30-05-19 at 19:54:37:059 Кардридер запущен
30-05-19 at 19:54:37:059 Передача данных запущена
30-05-19 at 19:54:37:059 Вход в FRInit mstar
30-05-19 at 19:54:37:059 Вход в GetStatus
30-05-19 at 19:54:37:081 Send 05 
30-05-19 at 19:54:37:101 Recived 15 
30-05-19 at 19:54:37:101 Send 06 
30-05-19 at 19:54:37:121 Send 02 05 11 1E 00 00 00 0A 
30-05-19 at 19:54:37:141 Recived 06 02 30 11 00 1E 43 31 A5 EB 18 0A 12 01 2C 00 92 02 03 00 00 4E 41 00 00 01 01 10 1E 05 13 13 36 28 00 2E 5D 00 00 55 00 00 00 00 00 D2 E9 1E 42 01 00 E7 
30-05-19 at 19:54:37:161 Send 06 
30-05-19 at 19:54:37:165 KKMStatus 0000
30-05-19 at 19:54:37:181 Send 05 
30-05-19 at 19:54:37:201 Recived 15 
30-05-19 at 19:54:37:201 Send 06 
30-05-19 at 19:54:37:221 Send 02 05 11 1E 00 00 00 0A 
30-05-19 at 19:54:37:241 Recived 06 02 30 11 00 1E 43 31 A5 EB 18 0A 12 01 2C 00 92 02 03 00 00 4E 41 00 00 01 01 10 1E 05 13 13 36 29 00 2E 5D 00 00 55 00 00 00 00 00 D2 E9 1E 42 01 00 E6 
30-05-19 at 19:54:37:261 Send 06 
30-05-19 at 19:54:37:265 KKMStatus 0300
30-05-19 at 19:54:37:265 Номер ФР считан
30-05-19 at 19:54:37:444 СУБД подключена
30-05-19 at 19:54:37:473 Send 05 
30-05-19 at 19:54:37:493 Recived 15 
30-05-19 at 19:54:37:493 Send 06 
30-05-19 at 19:54:37:513 Send 02 18 1E 1E 00 00 00 05 03 00 01 CA 41 D0 D2 CE C9 20 56 49 53 41 2F 4D 43 00 9D 
30-05-19 at 19:54:37:534 Recived 06 02 02 1E 00 1C 
30-05-19 at 19:54:37:554 Send 06 
30-05-19 at 19:54:37:574 Send 05 
30-05-19 at 19:54:37:594 Recived 15 
30-05-19 at 19:54:37:594 Send 06 
30-05-19 at 19:54:37:614 Send 02 19 1E 1E 00 00 00 05 04 00 01 C4 D0 D3 C3 C8 CC C8 20 CA C0 D0 D2 C0 CC C8 00 3D 
30-05-19 at 19:54:37:635 Recived 06 02 02 1E 00 1C 
30-05-19 at 19:54:37:655 Send 06 
30-05-19 at 19:54:37:675 Send 05 
30-05-19 at 19:54:37:695 Recived 15 
30-05-19 at 19:54:37:695 Send 06 
30-05-19 at 19:54:37:715 Send 02 1E 1E 1E 00 00 00 05 0E 00 01 CF CE C4 C0 D0 CE D7 CD DB CC C8 20 CA C0 D0 D2 C0 CC C8 00 01 27 
30-05-19 at 19:54:37:738 Recived 06 02 02 1E 00 1C 
30-05-19 at 19:54:37:758 Send 06 
30-05-19 at 19:54:37:778 Send 05 
30-05-19 at 19:54:37:798 Recived 15 
30-05-19 at 19:54:37:798 Send 06 
30-05-19 at 19:54:37:818 Send 02 0B 1E 1E 00 00 00 01 01 00 01 01 00 0B 
30-05-19 at 19:54:37:838 Recived 06 02 02 1E 00 1C 
30-05-19 at 19:54:37:858 Send 06 
30-05-19 at 19:54:37:878 Send 05 
30-05-19 at 19:54:37:898 Recived 15 
30-05-19 at 19:54:37:898 Send 06 
30-05-19 at 19:54:37:918 Send 02 0B 1E 1E 00 00 00 01 01 00 05 02 00 0C 
30-05-19 at 19:54:37:938 Recived 06 02 02 1E 00 1C 
30-05-19 at 19:54:37:958 Send 06 
30-05-19 at 19:54:37:978 Send 05 
30-05-19 at 19:54:37:998 Recived 15 
30-05-19 at 19:54:37:998 Send 06 
30-05-19 at 19:54:38:018 Send 02 0B 1E 1E 00 00 00 01 01 00 23 01 00 29 
30-05-19 at 19:54:38:038 Recived 06 02 02 1E 00 1C 
30-05-19 at 19:54:38:058 Send 06 
30-05-19 at 19:54:38:078 Send 05 
30-05-19 at 19:54:38:098 Recived 15 
30-05-19 at 19:54:38:098 Send 06 
30-05-19 at 19:54:38:118 Send 02 0B 1E 1E 00 00 00 01 01 00 06 00 00 0D 
30-05-19 at 19:54:38:138 Recived 06 02 02 1E 00 1C 
30-05-19 at 19:54:38:158 Send 06 
30-05-19 at 19:54:38:178 Send 05 
30-05-19 at 19:54:38:198 Recived 15 
30-05-19 at 19:54:38:198 Send 06 
30-05-19 at 19:54:38:218 Send 02 0B 1E 1E 00 00 00 01 01 00 07 01 00 0D 
30-05-19 at 19:54:38:238 Recived 06 02 02 1E 00 1C 
30-05-19 at 19:54:38:258 Send 06 
30-05-19 at 19:54:38:278 Send 05 
30-05-19 at 19:54:38:298 Recived 15 
30-05-19 at 19:54:38:298 Send 06 
30-05-19 at 19:54:38:318 Send 02 0B 1E 1E 00 00 00 01 01 00 14 01 00 1E 
30-05-19 at 19:54:38:338 Recived 06 02 02 1E 00 1C 
30-05-19 at 19:54:38:358 Send 06 
30-05-19 at 19:54:38:378 Send 05 
30-05-19 at 19:54:38:398 Recived 15 
30-05-19 at 19:54:38:398 Send 06 
30-05-19 at 19:54:38:418 Send 02 0B 1E 1E 00 00 00 01 01 00 15 01 00 1F 
30-05-19 at 19:54:38:438 Recived 06 02 02 1E 00 1C 
30-05-19 at 19:54:38:458 Send 06 
30-05-19 at 19:54:38:478 Send 05 
30-05-19 at 19:54:38:498 Recived 15 
30-05-19 at 19:54:38:498 Send 06 
30-05-19 at 19:54:38:518 Send 02 0B 1E 1E 00 00 00 01 01 00 0F 00 00 04 
30-05-19 at 19:54:38:538 Recived 06 02 02 1E 00 1C 
30-05-19 at 19:54:38:558 Send 06 
30-05-19 at 19:54:38:578 Send 05 
30-05-19 at 19:54:38:598 Recived 15 
30-05-19 at 19:54:38:598 Send 06 
30-05-19 at 19:54:38:618 Send 02 0B 1E 1E 00 00 00 01 01 00 11 00 00 1A 
30-05-19 at 19:54:38:638 Recived 06 02 02 1E 00 1C 
30-05-19 at 19:54:38:658 Send 06 
30-05-19 at 19:54:38:678 Send 05 
30-05-19 at 19:54:38:698 Recived 15 
30-05-19 at 19:54:38:698 Send 06 
30-05-19 at 19:54:38:718 Send 02 0B 1E 1E 00 00 00 11 01 00 03 02 00 1A 
30-05-19 at 19:54:38:738 Recived 06 02 02 1E 00 1C 
30-05-19 at 19:54:38:758 Send 06 
30-05-19 at 19:54:38:778 Send 05 
30-05-19 at 19:54:38:798 Recived 15 
30-05-19 at 19:54:38:798 Send 06 
30-05-19 at 19:54:38:818 Send 02 0B 1E 1E 00 00 00 11 01 00 0C 00 00 17 
30-05-19 at 19:54:38:838 Recived 06 02 02 1E 00 1C 
30-05-19 at 19:54:38:858 Send 06 
30-05-19 at 19:54:38:878 Send 05 
30-05-19 at 19:54:38:898 Recived 15 
30-05-19 at 19:54:38:898 Send 06 
30-05-19 at 19:54:38:918 Send 02 0B 1E 1E 00 00 00 01 01 00 29 01 00 23 
30-05-19 at 19:54:38:938 Recived 06 02 02 1E 00 1C 
30-05-19 at 19:54:38:958 Send 06 
30-05-19 at 19:54:38:978 Send 05 
30-05-19 at 19:54:38:998 Recived 15 
30-05-19 at 19:54:38:998 Send 06 
30-05-19 at 19:54:39:018 Send 02 27 1E 1E 00 00 00 04 0C 00 01 20 20 20 20 20 20 20 20 20 20 20 C4 CE C1 D0 CE 20 CF CE C6 C0 CB CE C2 C0 D2 DC 21 00 00 D4 
30-05-19 at 19:54:39:041 Recived 06 02 02 1E 00 1C 
30-05-19 at 19:54:39:061 Send 06 
30-05-19 at 19:54:39:081 Send 05 
30-05-19 at 19:54:39:101 Recived 15 
30-05-19 at 19:54:39:101 Send 06 
30-05-19 at 19:54:39:121 Send 02 2A 1E 1E 00 00 00 04 0D 00 01 20 20 20 20 20 20 20 20 CE CE CE 20 CA EE EC EF E0 ED E8 FF 20 27 CA CE CB CE D0 CB CE CD 27 00 32 FA 
30-05-19 at 19:54:39:144 Recived 06 02 02 1E 00 1C 
30-05-19 at 19:54:39:164 Send 06 
30-05-19 at 19:54:39:184 Send 05 
30-05-19 at 19:54:39:204 Recived 15 
30-05-19 at 19:54:39:204 Send 06 
30-05-19 at 19:54:39:224 Send 02 2E 1E 1E 00 00 00 04 0E 00 01 20 20 20 20 20 CC E0 E3 E0 E7 E8 ED 20 27 C2 F1 E5 20 F2 EE E2 E0 F0 FB 20 E4 EB FF 20 E4 EE EC E0 27 20 00 2A F7 
30-05-19 at 19:54:39:248 Recived 06 02 02 1E 00 1C 
30-05-19 at 19:54:39:268 Send 06 
30-05-19 at 19:57:16:400 Запуск программы. Инициализация считана из файла
30-05-19 at 19:57:16:400 total calculated
30-05-19 at 19:57:16:400 now show on display
30-05-19 at 19:57:16:401                     Всего:          0.00
30-05-19 at 19:57:16:401 now open port for display
30-05-19 at 19:57:16:402 Com port opened
30-05-19 at 19:57:16:402 now clear port error ...
30-05-19 at 19:57:16:402 now write to port ...
30-05-19 at 19:57:16:643 ... done
30-05-19 at 19:57:16:643 Чек сжат
30-05-19 at 19:57:16:643 Сумма чека посчитана
30-05-19 at 19:57:16:644 Кардридер создан
30-05-19 at 19:57:16:644 Задание запуска модулей создано
30-05-19 at 19:57:16:644 Сканер создан
30-05-19 at 19:57:16:644 Запуск потока обмена COM-порта
30-05-19 at 19:57:16:644 Регистратор создан
30-05-19 at 19:57:16:650 Часы созданы
30-05-19 at 19:57:16:651 Регистратор запущен
30-05-19 at 19:57:16:651 Сканер запущен
30-05-19 at 19:57:16:651 Часы запущены
30-05-19 at 19:57:16:651 Кардридер запущен
30-05-19 at 19:57:16:651 Передача данных запущена
30-05-19 at 19:57:16:651 Вход в FRInit mstar
30-05-19 at 19:57:16:651 Вход в GetStatus
30-05-19 at 19:57:16:652 Send 05 
30-05-19 at 19:57:16:673 Recived 15 
30-05-19 at 19:57:16:674 Send 06 
30-05-19 at 19:57:16:694 Send 02 05 11 1E 00 00 00 0A 
30-05-19 at 19:57:16:714 Recived 06 02 30 11 00 1E 43 31 A5 EB 18 0A 12 01 2C 00 92 02 03 00 00 4E 41 00 00 01 01 10 1E 05 13 13 39 14 00 2E 5D 00 00 55 00 00 00 00 00 D2 E9 1E 42 01 00 D4 
30-05-19 at 19:57:16:734 Send 06 
30-05-19 at 19:57:16:738 KKMStatus 0000
30-05-19 at 19:57:16:754 Send 05 
30-05-19 at 19:57:16:774 Recived 15 
30-05-19 at 19:57:16:774 Send 06 
30-05-19 at 19:57:16:794 Send 02 05 11 1E 00 00 00 0A 
30-05-19 at 19:57:16:814 Recived 06 02 30 11 00 1E 43 31 A5 EB 18 0A 12 01 2C 00 92 02 03 00 00 4E 41 00 00 01 01 10 1E 05 13 13 39 14 00 2E 5D 00 00 55 00 00 00 00 00 D2 E9 1E 42 01 00 D4 
30-05-19 at 19:57:16:834 Send 06 
30-05-19 at 19:57:16:838 KKMStatus 0300
30-05-19 at 19:57:16:838 Номер ФР считан
30-05-19 at 19:57:17:028 СУБД подключена
30-05-19 at 19:57:17:053 Send 05 
30-05-19 at 19:57:17:073 Recived 15 
30-05-19 at 19:57:17:073 Send 06 
30-05-19 at 19:57:17:093 Send 02 18 1E 1E 00 00 00 05 03 00 01 CA 41 D0 D2 CE C9 20 56 49 53 41 2F 4D 43 00 9D 
30-05-19 at 19:57:17:114 Recived 06 02 02 1E 00 1C 
30-05-19 at 19:57:17:134 Send 06 
30-05-19 at 19:57:17:154 Send 05 
30-05-19 at 19:57:17:174 Recived 15 
30-05-19 at 19:57:17:174 Send 06 
30-05-19 at 19:57:17:194 Send 02 19 1E 1E 00 00 00 05 04 00 01 C4 D0 D3 C3 C8 CC C8 20 CA C0 D0 D2 C0 CC C8 00 3D 
30-05-19 at 19:57:17:215 Recived 06 02 02 1E 00 1C 
30-05-19 at 19:57:17:235 Send 06 
30-05-19 at 19:57:17:255 Send 05 
30-05-19 at 19:57:17:275 Recived 15 
30-05-19 at 19:57:17:275 Send 06 
30-05-19 at 19:57:17:295 Send 02 1E 1E 1E 00 00 00 05 0E 00 01 CF CE C4 C0 D0 CE D7 CD DB CC C8 20 CA C0 D0 D2 C0 CC C8 00 01 27 
30-05-19 at 19:57:17:318 Recived 06 02 02 1E 00 1C 
30-05-19 at 19:57:17:338 Send 06 
30-05-19 at 19:57:17:358 Send 05 
30-05-19 at 19:57:17:378 Recived 15 
30-05-19 at 19:57:17:378 Send 06 
30-05-19 at 19:57:17:398 Send 02 0B 1E 1E 00 00 00 01 01 00 01 01 00 0B 
30-05-19 at 19:57:17:418 Recived 06 02 02 1E 00 1C 
30-05-19 at 19:57:17:438 Send 06 
30-05-19 at 19:57:17:458 Send 05 
30-05-19 at 19:57:17:478 Recived 15 
30-05-19 at 19:57:17:478 Send 06 
30-05-19 at 19:57:17:498 Send 02 0B 1E 1E 00 00 00 01 01 00 05 02 00 0C 
30-05-19 at 19:57:17:518 Recived 06 02 02 1E 00 1C 
30-05-19 at 19:57:17:538 Send 06 
30-05-19 at 19:57:17:558 Send 05 
30-05-19 at 19:57:17:578 Recived 15 
30-05-19 at 19:57:17:578 Send 06 
30-05-19 at 19:57:17:598 Send 02 0B 1E 1E 00 00 00 01 01 00 23 01 00 29 
30-05-19 at 19:57:17:618 Recived 06 02 02 1E 00 1C 
30-05-19 at 19:57:17:638 Send 06 
30-05-19 at 19:57:17:658 Send 05 
30-05-19 at 19:57:17:678 Recived 15 
30-05-19 at 19:57:17:678 Send 06 
30-05-19 at 19:57:17:698 Send 02 0B 1E 1E 00 00 00 01 01 00 06 00 00 0D 
30-05-19 at 19:57:17:718 Recived 06 02 02 1E 00 1C 
30-05-19 at 19:57:17:738 Send 06 
30-05-19 at 19:57:17:758 Send 05 
30-05-19 at 19:57:17:778 Recived 15 
30-05-19 at 19:57:17:778 Send 06 
30-05-19 at 19:57:17:798 Send 02 0B 1E 1E 00 00 00 01 01 00 07 01 00 0D 
30-05-19 at 19:57:17:818 Recived 06 02 02 1E 00 1C 
30-05-19 at 19:57:17:838 Send 06 
30-05-19 at 19:57:17:858 Send 05 
30-05-19 at 19:57:17:878 Recived 15 
30-05-19 at 19:57:17:878 Send 06 
30-05-19 at 19:57:17:898 Send 02 0B 1E 1E 00 00 00 01 01 00 14 01 00 1E 
30-05-19 at 19:57:17:918 Recived 06 02 02 1E 00 1C 
30-05-19 at 19:57:17:938 Send 06 
30-05-19 at 19:57:17:958 Send 05 
30-05-19 at 19:57:17:978 Recived 15 
30-05-19 at 19:57:17:978 Send 06 
30-05-19 at 19:57:17:998 Send 02 0B 1E 1E 00 00 00 01 01 00 15 01 00 1F 
30-05-19 at 19:57:18:018 Recived 06 02 02 1E 00 1C 
30-05-19 at 19:57:18:038 Send 06 
30-05-19 at 19:57:18:058 Send 05 
30-05-19 at 19:57:18:078 Recived 15 
30-05-19 at 19:57:18:078 Send 06 
30-05-19 at 19:57:18:098 Send 02 0B 1E 1E 00 00 00 01 01 00 0F 00 00 04 
30-05-19 at 19:57:18:118 Recived 06 02 02 1E 00 1C 
30-05-19 at 19:57:18:138 Send 06 
30-05-19 at 19:57:18:158 Send 05 
30-05-19 at 19:57:18:178 Recived 15 
30-05-19 at 19:57:18:178 Send 06 
30-05-19 at 19:57:18:198 Send 02 0B 1E 1E 00 00 00 01 01 00 11 00 00 1A 
30-05-19 at 19:57:18:218 Recived 06 02 02 1E 00 1C 
30-05-19 at 19:57:18:238 Send 06 
30-05-19 at 19:57:18:258 Send 05 
30-05-19 at 19:57:18:278 Recived 15 
30-05-19 at 19:57:18:278 Send 06 
30-05-19 at 19:57:18:298 Send 02 0B 1E 1E 00 00 00 11 01 00 03 02 00 1A 
30-05-19 at 19:57:18:318 Recived 06 02 02 1E 00 1C 
30-05-19 at 19:57:18:338 Send 06 
30-05-19 at 19:57:18:358 Send 05 
30-05-19 at 19:57:18:378 Recived 15 
30-05-19 at 19:57:18:378 Send 06 
30-05-19 at 19:57:18:398 Send 02 0B 1E 1E 00 00 00 11 01 00 0C 00 00 17 
30-05-19 at 19:57:18:418 Recived 06 02 02 1E 00 1C 
30-05-19 at 19:57:18:438 Send 06 
30-05-19 at 19:57:18:458 Send 05 
30-05-19 at 19:57:18:478 Recived 15 
30-05-19 at 19:57:18:478 Send 06 
30-05-19 at 19:57:18:498 Send 02 0B 1E 1E 00 00 00 01 01 00 29 01 00 23 
30-05-19 at 19:57:18:518 Recived 06 02 02 1E 00 1C 
30-05-19 at 19:57:18:538 Send 06 
30-05-19 at 19:57:18:558 Send 05 
30-05-19 at 19:57:18:578 Recived 15 
30-05-19 at 19:57:18:578 Send 06 
30-05-19 at 19:57:18:598 Send 02 27 1E 1E 00 00 00 04 0C 00 01 20 20 20 20 20 20 20 20 20 20 20 C4 CE C1 D0 CE 20 CF CE C6 C0 CB CE C2 C0 D2 DC 21 00 00 D4 
30-05-19 at 19:57:18:621 Recived 06 02 02 1E 00 1C 
30-05-19 at 19:57:18:641 Send 06 
30-05-19 at 19:57:18:661 Send 05 
30-05-19 at 19:57:18:681 Recived 15 
30-05-19 at 19:57:18:681 Send 06 
30-05-19 at 19:57:18:701 Send 02 2A 1E 1E 00 00 00 04 0D 00 01 20 20 20 20 20 20 20 20 CE CE CE 20 CA EE EC EF E0 ED E8 FF 20 27 CA CE CB CE D0 CB CE CD 27 00 32 FA 
30-05-19 at 19:57:18:724 Recived 06 02 02 1E 00 1C 
30-05-19 at 19:57:18:744 Send 06 
30-05-19 at 19:57:18:764 Send 05 
30-05-19 at 19:57:18:784 Recived 15 
30-05-19 at 19:57:18:784 Send 06 
30-05-19 at 19:57:18:804 Send 02 2E 1E 1E 00 00 00 04 0E 00 01 20 20 20 20 20 CC E0 E3 E0 E7 E8 ED 20 27 C2 F1 E5 20 F2 EE E2 E0 F0 FB 20 E4 EB FF 20 E4 EE EC E0 27 20 00 2A F7 
30-05-19 at 19:57:18:828 Recived 06 02 02 1E 00 1C 
30-05-19 at 19:57:18:848 Send 06 
30-05-19 at 20:28:59:076 Запуск программы. Инициализация считана из файла
30-05-19 at 20:28:59:077 total calculated
30-05-19 at 20:28:59:077 now show on display
30-05-19 at 20:28:59:077                     Всего:          0.00
30-05-19 at 20:28:59:077 now open port for display
30-05-19 at 20:28:59:079 Com port opened
30-05-19 at 20:28:59:079 now clear port error ...
30-05-19 at 20:28:59:079 now write to port ...
30-05-19 at 20:28:59:320 ... done
30-05-19 at 20:28:59:320 Чек сжат
30-05-19 at 20:28:59:320 Сумма чека посчитана
30-05-19 at 20:28:59:321 Кардридер создан
30-05-19 at 20:28:59:321 Задание запуска модулей создано
30-05-19 at 20:28:59:321 Сканер создан
30-05-19 at 20:28:59:321 Запуск потока обмена COM-порта
30-05-19 at 20:28:59:321 Регистратор создан
30-05-19 at 20:28:59:327 Часы созданы
30-05-19 at 20:28:59:328 Регистратор запущен
30-05-19 at 20:28:59:328 Сканер запущен
30-05-19 at 20:28:59:328 Часы запущены
30-05-19 at 20:28:59:328 Кардридер запущен
30-05-19 at 20:28:59:328 Передача данных запущена
30-05-19 at 20:28:59:328 Вход в FRInit mstar
30-05-19 at 20:28:59:328 Вход в GetStatus
30-05-19 at 20:28:59:328 Send 05 
30-05-19 at 20:28:59:349 Recived 15 
30-05-19 at 20:28:59:349 Send 06 
30-05-19 at 20:28:59:369 Send 02 05 11 1E 00 00 00 0A 
30-05-19 at 20:28:59:389 Recived 06 02 30 11 00 1E 43 31 A5 EB 18 0A 12 01 2C 00 92 02 03 00 00 4E 41 00 00 01 01 10 1E 05 13 14 1D 03 00 2E 5D 00 00 55 00 00 00 00 00 D2 E9 1E 42 01 00 E0 
30-05-19 at 20:28:59:409 Send 06 
30-05-19 at 20:28:59:412 KKMStatus 0000
30-05-19 at 20:28:59:429 Send 05 
30-05-19 at 20:28:59:449 Recived 15 
30-05-19 at 20:28:59:449 Send 06 
30-05-19 at 20:28:59:469 Send 02 05 11 1E 00 00 00 0A 
30-05-19 at 20:28:59:489 Recived 06 02 30 11 00 1E 43 31 A5 EB 18 0A 12 01 2C 00 92 02 03 00 00 4E 41 00 00 01 01 10 1E 05 13 14 1D 03 00 2E 5D 00 00 55 00 00 00 00 00 D2 E9 1E 42 01 00 E0 
30-05-19 at 20:28:59:509 Send 06 
30-05-19 at 20:28:59:512 KKMStatus 0300
30-05-19 at 20:28:59:512 Номер ФР считан
30-05-19 at 20:28:59:706 СУБД подключена
30-05-19 at 20:28:59:727 Send 05 
30-05-19 at 20:28:59:747 Recived 15 
30-05-19 at 20:28:59:747 Send 06 
30-05-19 at 20:28:59:767 Send 02 18 1E 1E 00 00 00 05 03 00 01 CA 41 D0 D2 CE C9 20 56 49 53 41 2F 4D 43 00 9D 
30-05-19 at 20:28:59:788 Recived 06 02 02 1E 00 1C 
30-05-19 at 20:28:59:808 Send 06 
30-05-19 at 20:28:59:828 Send 05 
30-05-19 at 20:28:59:848 Recived 15 
30-05-19 at 20:28:59:848 Send 06 
30-05-19 at 20:28:59:868 Send 02 19 1E 1E 00 00 00 05 04 00 01 C4 D0 D3 C3 C8 CC C8 20 CA C0 D0 D2 C0 CC C8 00 3D 
30-05-19 at 20:28:59:889 Recived 06 02 02 1E 00 1C 
30-05-19 at 20:28:59:909 Send 06 
30-05-19 at 20:28:59:929 Send 05 
30-05-19 at 20:28:59:949 Recived 15 
30-05-19 at 20:28:59:949 Send 06 
30-05-19 at 20:28:59:969 Send 02 1E 1E 1E 00 00 00 05 0E 00 01 CF CE C4 C0 D0 CE D7 CD DB CC C8 20 CA C0 D0 D2 C0 CC C8 00 01 27 
30-05-19 at 20:28:59:992 Recived 06 02 02 1E 00 1C 
30-05-19 at 20:29:00:012 Send 06 
30-05-19 at 20:29:00:032 Send 05 
30-05-19 at 20:29:00:052 Recived 15 
30-05-19 at 20:29:00:052 Send 06 
30-05-19 at 20:29:00:072 Send 02 0B 1E 1E 00 00 00 01 01 00 01 01 00 0B 
30-05-19 at 20:29:00:092 Recived 06 02 02 1E 00 1C 
30-05-19 at 20:29:00:112 Send 06 
30-05-19 at 20:29:00:132 Send 05 
30-05-19 at 20:29:00:152 Recived 15 
30-05-19 at 20:29:00:152 Send 06 
30-05-19 at 20:29:00:172 Send 02 0B 1E 1E 00 00 00 01 01 00 05 02 00 0C 
30-05-19 at 20:29:00:192 Recived 06 02 02 1E 00 1C 
30-05-19 at 20:29:00:212 Send 06 
30-05-19 at 20:29:00:232 Send 05 
30-05-19 at 20:29:00:252 Recived 15 
30-05-19 at 20:29:00:252 Send 06 
30-05-19 at 20:29:00:272 Send 02 0B 1E 1E 00 00 00 01 01 00 23 01 00 29 
30-05-19 at 20:29:00:292 Recived 06 02 02 1E 00 1C 
30-05-19 at 20:29:00:312 Send 06 
30-05-19 at 20:29:00:332 Send 05 
30-05-19 at 20:29:00:352 Recived 15 
30-05-19 at 20:29:00:352 Send 06 
30-05-19 at 20:29:00:372 Send 02 0B 1E 1E 00 00 00 01 01 00 06 00 00 0D 
30-05-19 at 20:29:00:392 Recived 06 02 02 1E 00 1C 
30-05-19 at 20:29:00:412 Send 06 
30-05-19 at 20:29:00:432 Send 05 
30-05-19 at 20:29:00:452 Recived 15 
30-05-19 at 20:29:00:452 Send 06 
30-05-19 at 20:29:00:472 Send 02 0B 1E 1E 00 00 00 01 01 00 07 01 00 0D 
30-05-19 at 20:29:00:492 Recived 06 02 02 1E 00 1C 
30-05-19 at 20:29:00:512 Send 06 
30-05-19 at 20:29:00:532 Send 05 
30-05-19 at 20:29:00:552 Recived 15 
30-05-19 at 20:29:00:552 Send 06 
30-05-19 at 20:29:00:572 Send 02 0B 1E 1E 00 00 00 01 01 00 14 01 00 1E 
30-05-19 at 20:29:00:592 Recived 06 02 02 1E 00 1C 
30-05-19 at 20:29:00:612 Send 06 
30-05-19 at 20:29:00:632 Send 05 
30-05-19 at 20:29:00:652 Recived 15 
30-05-19 at 20:29:00:652 Send 06 
30-05-19 at 20:29:00:672 Send 02 0B 1E 1E 00 00 00 01 01 00 15 01 00 1F 
30-05-19 at 20:29:00:692 Recived 06 02 02 1E 00 1C 
30-05-19 at 20:29:00:712 Send 06 
30-05-19 at 20:29:00:732 Send 05 
30-05-19 at 20:29:00:752 Recived 15 
30-05-19 at 20:29:00:752 Send 06 
30-05-19 at 20:29:00:772 Send 02 0B 1E 1E 00 00 00 01 01 00 0F 00 00 04 
30-05-19 at 20:29:00:792 Recived 06 02 02 1E 00 1C 
30-05-19 at 20:29:00:812 Send 06 
30-05-19 at 20:29:00:832 Send 05 
30-05-19 at 20:29:00:852 Recived 15 
30-05-19 at 20:29:00:852 Send 06 
30-05-19 at 20:29:00:872 Send 02 0B 1E 1E 00 00 00 01 01 00 11 00 00 1A 
30-05-19 at 20:29:00:892 Recived 06 02 02 1E 00 1C 
30-05-19 at 20:29:00:912 Send 06 
30-05-19 at 20:29:00:932 Send 05 
30-05-19 at 20:29:00:952 Recived 15 
30-05-19 at 20:29:00:952 Send 06 
30-05-19 at 20:29:00:972 Send 02 0B 1E 1E 00 00 00 11 01 00 03 02 00 1A 
30-05-19 at 20:29:00:992 Recived 06 02 02 1E 00 1C 
30-05-19 at 20:29:01:012 Send 06 
30-05-19 at 20:29:01:032 Send 05 
30-05-19 at 20:29:01:052 Recived 15 
30-05-19 at 20:29:01:052 Send 06 
30-05-19 at 20:29:01:072 Send 02 0B 1E 1E 00 00 00 11 01 00 0C 00 00 17 
30-05-19 at 20:29:01:092 Recived 06 02 02 1E 00 1C 
30-05-19 at 20:29:01:112 Send 06 
30-05-19 at 20:29:01:132 Send 05 
30-05-19 at 20:29:01:152 Recived 15 
30-05-19 at 20:29:01:152 Send 06 
30-05-19 at 20:29:01:172 Send 02 0B 1E 1E 00 00 00 01 01 00 29 01 00 23 
30-05-19 at 20:29:01:192 Recived 06 02 02 1E 00 1C 
30-05-19 at 20:29:01:212 Send 06 
30-05-19 at 20:29:01:232 Send 05 
30-05-19 at 20:29:01:252 Recived 15 
30-05-19 at 20:29:01:252 Send 06 
30-05-19 at 20:29:01:272 Send 02 27 1E 1E 00 00 00 04 0C 00 01 20 20 20 20 20 20 20 20 20 20 20 C4 CE C1 D0 CE 20 CF CE C6 C0 CB CE C2 C0 D2 DC 21 00 00 D4 
30-05-19 at 20:29:01:295 Recived 06 02 02 1E 00 1C 
30-05-19 at 20:29:01:315 Send 06 
30-05-19 at 20:29:01:335 Send 05 
30-05-19 at 20:29:01:355 Recived 15 
30-05-19 at 20:29:01:355 Send 06 
30-05-19 at 20:29:01:375 Send 02 2A 1E 1E 00 00 00 04 0D 00 01 20 20 20 20 20 20 20 20 CE CE CE 20 CA EE EC EF E0 ED E8 FF 20 27 CA CE CB CE D0 CB CE CD 27 00 32 FA 
30-05-19 at 20:29:01:398 Recived 06 02 02 1E 00 1C 
30-05-19 at 20:29:01:418 Send 06 
30-05-19 at 20:29:01:438 Send 05 
30-05-19 at 20:29:01:458 Recived 15 
30-05-19 at 20:29:01:458 Send 06 
30-05-19 at 20:29:01:478 Send 02 2E 1E 1E 00 00 00 04 0E 00 01 20 20 20 20 20 CC E0 E3 E0 E7 E8 ED 20 27 C2 F1 E5 20 F2 EE E2 E0 F0 FB 20 E4 EB FF 20 E4 EE EC E0 27 20 00 2A F7 
30-05-19 at 20:29:01:502 Recived 06 02 02 1E 00 1C 
30-05-19 at 20:29:01:522 Send 06 
30-05-19 at 20:29:08:072 Send 05 
30-05-19 at 20:29:08:092 Recived 15 
30-05-19 at 20:29:08:092 Send 06 
30-05-19 at 20:29:08:112 Send 02 3A 2F 1E 00 00 00 42 02 20 20 20 20 20 20 C4 EE F1 F2 E0 E2 EA E0 00 00 00 00 00 00 00 00 00 00 00 00 00 00 00 00 00 00 00 00 00 00 00 00 00 00 00 00 00 00 00 00 00 00 00 00 00 6A 
30-05-19 at 20:29:08:136 Recived 06 02 03 2F 00 1E 32 
30-05-19 at 20:29:08:156 Send 06 
30-05-19 at 20:29:08:176 Send 05 
30-05-19 at 20:29:08:196 Recived 15 
30-05-19 at 20:29:08:196 Send 06 
30-05-19 at 20:29:08:216 Send 02 3A 2F 1E 00 00 00 42 07 C4 E0 F2 E0 3A 20 31 36 2E 30 35 2E 32 30 31 39 20 31 31 3A 31 30 3A 33 39 00 00 00 00 00 00 00 00 00 00 00 00 00 00 00 00 00 00 00 00 00 00 00 00 00 00 41 
30-05-19 at 20:29:08:240 Recived 06 02 03 2F 00 1E 32 
30-05-19 at 20:29:08:260 Send 06 
30-05-19 at 20:29:08:280 Send 05 
30-05-19 at 20:29:08:300 Recived 15 
30-05-19 at 20:29:08:300 Send 06 
30-05-19 at 20:29:08:320 Send 02 3A 2F 1E 00 00 00 42 07 CA E0 F1 F1 E8 F0 3A 20 C8 E2 E0 ED EE F4 F4 20 D4 E0 ED FF 20 20 20 06 00 00 00 00 00 00 00 00 00 00 00 00 00 00 00 00 00 00 00 00 00 00 00 00 00 00 00 8F 
30-05-19 at 20:29:08:344 Recived 06 02 03 2F 00 1E 32 
30-05-19 at 20:29:08:364 Send 06 
30-05-19 at 20:29:08:384 Send 05 
30-05-19 at 20:29:08:404 Recived 15 
30-05-19 at 20:29:08:404 Send 06 
30-05-19 at 20:29:08:424 Send 02 3A 2F 1E 00 00 00 42 05 34 36 39 30 34 30 36 33 33 31 39 39 00 00 00 00 00 00 00 00 00 00 00 00 00 00 00 00 00 00 00 00 00 00 00 00 00 00 00 00 00 00 00 00 00 00 00 00 00 00 00 44 
30-05-19 at 20:29:08:448 Recived 06 02 03 2F 00 1E 32 
30-05-19 at 20:29:08:468 Send 06 
30-05-19 at 20:29:08:488 Send 05 
30-05-19 at 20:29:08:508 Recived 15 
30-05-19 at 20:29:08:508 Send 06 
30-05-19 at 20:29:08:528 Send 02 3A 2F 1E 00 00 00 42 05 34 36 39 30 34 30 36 33 33 31 39 39 00 00 00 00 00 00 00 00 00 00 00 00 00 00 00 00 00 00 00 00 00 00 00 00 00 00 00 00 00 00 00 00 00 00 00 00 00 00 00 44 
30-05-19 at 20:29:08:552 Recived 06 02 03 2F 00 1E 32 
30-05-19 at 20:29:08:572 Send 06 
30-05-19 at 20:29:08:592 Send 05 
30-05-19 at 20:29:08:612 Recived 15 
30-05-19 at 20:29:08:612 Send 06 
30-05-19 at 20:29:08:632 Send 02 3A 2F 1E 00 00 00 42 05 34 36 39 30 34 30 36 33 33 31 39 39 00 00 00 00 00 00 00 00 00 00 00 00 00 00 00 00 00 00 00 00 00 00 00 00 00 00 00 00 00 00 00 00 00 00 00 00 00 00 00 44 
30-05-19 at 20:29:08:656 Recived 06 02 03 2F 00 1E 32 
30-05-19 at 20:29:08:676 Send 06 
30-05-19 at 20:29:39:133 now clear port error ...
30-05-19 at 20:29:39:134 now write to port ...
30-05-19 at 20:29:39:375 ... done
30-05-19 at 20:29:39:436 Send 05 
30-05-19 at 20:29:39:456 Recived 15 
30-05-19 at 20:29:39:456 Send 06 
30-05-19 at 20:29:39:476 Send 02 06 1A 1E 00 00 00 C1 C3 
30-05-19 at 20:29:39:496 Recived 06 02 09 1A 00 1E 00 00 00 00 00 00 0D 
30-05-19 at 20:29:39:516 Send 06 
30-05-19 at 20:29:39:536 Send 05 
30-05-19 at 20:29:39:556 Recived 15 
30-05-19 at 20:29:39:556 Send 06 
30-05-19 at 20:29:39:576 Send 02 06 1A 1E 00 00 00 C1 C3 
30-05-19 at 20:29:39:596 Recived 06 02 09 1A 00 1E 00 00 00 00 00 00 0D 
30-05-19 at 20:29:39:616 Send 06 
30-05-19 at 20:29:39:636 Send 05 
30-05-19 at 20:29:39:656 Recived 15 
30-05-19 at 20:29:39:656 Send 06 
30-05-19 at 20:29:39:676 Send 02 06 1A 1E 00 00 00 C3 C1 
30-05-19 at 20:29:39:696 Recived 06 02 09 1A 00 1E 00 00 00 00 00 00 0D 
30-05-19 at 20:29:39:716 Send 06 
30-05-19 at 20:29:39:736 Send 05 
30-05-19 at 20:29:39:756 Recived 15 
30-05-19 at 20:29:39:756 Send 06 
30-05-19 at 20:29:39:776 Send 02 06 1A 1E 00 00 00 C3 C1 
30-05-19 at 20:29:39:796 Recived 06 02 09 1A 00 1E 00 00 00 00 00 00 0D 
30-05-19 at 20:29:39:816 Send 06 
30-05-19 at 20:29:39:836 Send 05 
30-05-19 at 20:29:39:856 Recived 15 
30-05-19 at 20:29:39:856 Send 06 
30-05-19 at 20:29:39:876 Send 02 06 1A 1E 00 00 00 C5 C7 
30-05-19 at 20:29:39:896 Recived 06 02 09 1A 00 1E 00 00 00 00 00 00 0D 
30-05-19 at 20:29:39:916 Send 06 
30-05-19 at 20:29:39:936 Send 05 
30-05-19 at 20:29:39:956 Recived 15 
30-05-19 at 20:29:39:956 Send 06 
30-05-19 at 20:29:39:976 Send 02 06 1A 1E 00 00 00 C5 C7 
30-05-19 at 20:29:39:996 Recived 06 02 09 1A 00 1E 00 00 00 00 00 00 0D 
30-05-19 at 20:29:40:016 Send 06 
30-05-19 at 20:29:40:036 Send 05 
30-05-19 at 20:29:40:056 Recived 15 
30-05-19 at 20:29:40:056 Send 06 
30-05-19 at 20:29:40:076 Send 02 06 1A 1E 00 00 00 C7 C5 
30-05-19 at 20:29:40:096 Recived 06 02 09 1A 00 1E 00 00 00 00 00 00 0D 
30-05-19 at 20:29:40:116 Send 06 
30-05-19 at 20:29:40:136 Send 05 
30-05-19 at 20:29:40:156 Recived 15 
30-05-19 at 20:29:40:156 Send 06 
30-05-19 at 20:29:40:176 Send 02 06 1A 1E 00 00 00 C7 C5 
30-05-19 at 20:29:40:196 Recived 06 02 09 1A 00 1E 00 00 00 00 00 00 0D 
30-05-19 at 20:29:40:216 Send 06 
30-05-19 at 20:29:40:236 Send 05 
30-05-19 at 20:29:40:256 Recived 15 
30-05-19 at 20:29:40:256 Send 06 
30-05-19 at 20:29:40:276 Send 02 06 1A 1E 00 00 00 C9 CB 
30-05-19 at 20:29:40:296 Recived 06 02 09 1A 00 1E 00 00 00 00 00 00 0D 
30-05-19 at 20:29:40:316 Send 06 
30-05-19 at 20:29:40:336 Send 05 
30-05-19 at 20:29:40:356 Recived 15 
30-05-19 at 20:29:40:356 Send 06 
30-05-19 at 20:29:40:376 Send 02 06 1A 1E 00 00 00 C9 CB 
30-05-19 at 20:29:40:396 Recived 06 02 09 1A 00 1E 00 00 00 00 00 00 0D 
30-05-19 at 20:29:40:416 Send 06 
30-05-19 at 20:29:40:436 Send 05 
30-05-19 at 20:29:40:456 Recived 15 
30-05-19 at 20:29:40:456 Send 06 
30-05-19 at 20:29:40:476 Send 02 06 1A 1E 00 00 00 CB C9 
30-05-19 at 20:29:40:496 Recived 06 02 09 1A 00 1E 00 00 00 00 00 00 0D 
30-05-19 at 20:29:40:516 Send 06 
30-05-19 at 20:29:40:536 Send 05 
30-05-19 at 20:29:40:556 Recived 15 
30-05-19 at 20:29:40:556 Send 06 
30-05-19 at 20:29:40:576 Send 02 06 1A 1E 00 00 00 CB C9 
30-05-19 at 20:29:40:596 Recived 06 02 09 1A 00 1E 00 00 00 00 00 00 0D 
30-05-19 at 20:29:40:616 Send 06 
30-05-19 at 20:29:40:636 Send 05 
30-05-19 at 20:29:40:656 Recived 15 
30-05-19 at 20:29:40:656 Send 06 
30-05-19 at 20:29:40:676 Send 02 06 1A 1E 00 00 00 CD CF 
30-05-19 at 20:29:40:696 Recived 06 02 09 1A 00 1E 00 00 00 00 00 00 0D 
30-05-19 at 20:29:40:716 Send 06 
30-05-19 at 20:29:40:736 Send 05 
30-05-19 at 20:29:40:756 Recived 15 
30-05-19 at 20:29:40:756 Send 06 
30-05-19 at 20:29:40:776 Send 02 06 1A 1E 00 00 00 CD CF 
30-05-19 at 20:29:40:796 Recived 06 02 09 1A 00 1E 00 00 00 00 00 00 0D 
30-05-19 at 20:29:40:816 Send 06 
30-05-19 at 20:29:40:836 Send 05 
30-05-19 at 20:29:40:856 Recived 15 
30-05-19 at 20:29:40:856 Send 06 
30-05-19 at 20:29:40:876 Send 02 06 1A 1E 00 00 00 CF CD 
30-05-19 at 20:29:40:896 Recived 06 02 09 1A 00 1E 00 00 00 00 00 00 0D 
30-05-19 at 20:29:40:916 Send 06 
30-05-19 at 20:29:40:936 Send 05 
30-05-19 at 20:29:40:956 Recived 15 
30-05-19 at 20:29:40:956 Send 06 
30-05-19 at 20:29:40:976 Send 02 06 1A 1E 00 00 00 CF CD 
30-05-19 at 20:29:40:996 Recived 06 02 09 1A 00 1E 00 00 00 00 00 00 0D 
30-05-19 at 20:29:41:016 Send 06 
30-05-19 at 20:29:41:036 Send 05 
30-05-19 at 20:29:41:056 Recived 15 
30-05-19 at 20:29:41:056 Send 06 
30-05-19 at 20:29:41:076 Send 02 07 1A 1E 00 00 00 54 10 47 
30-05-19 at 20:29:41:096 Recived 06 02 09 1A 00 1E 00 00 00 00 00 00 0D 
30-05-19 at 20:29:41:116 Send 06 
30-05-19 at 20:29:41:136 Send 05 
30-05-19 at 20:29:41:156 Recived 15 
30-05-19 at 20:29:41:156 Send 06 
30-05-19 at 20:29:41:176 Send 02 07 1A 1E 00 00 00 54 10 47 
30-05-19 at 20:29:41:196 Recived 06 02 09 1A 00 1E 00 00 00 00 00 00 0D 
30-05-19 at 20:29:41:216 Send 06 
30-05-19 at 20:29:41:236 Send 05 
30-05-19 at 20:29:41:256 Recived 15 
30-05-19 at 20:29:41:256 Send 06 
30-05-19 at 20:29:41:276 Send 02 07 1A 1E 00 00 00 56 10 45 
30-05-19 at 20:29:41:296 Recived 06 02 09 1A 00 1E 00 00 00 00 00 00 0D 
30-05-19 at 20:29:41:316 Send 06 
30-05-19 at 20:29:41:336 Send 05 
30-05-19 at 20:29:41:356 Recived 15 
30-05-19 at 20:29:41:356 Send 06 
30-05-19 at 20:29:41:376 Send 02 07 1A 1E 00 00 00 56 10 45 
30-05-19 at 20:29:41:396 Recived 06 02 09 1A 00 1E 00 00 00 00 00 00 0D 
30-05-19 at 20:29:41:416 Send 06 
30-05-19 at 20:29:41:645 111
30-05-19 at 20:29:41:760 Cardreader  Антонов Сергей 
30-05-19 at 20:29:41:776 Send 05 
30-05-19 at 20:29:41:799 Recived 15 
30-05-19 at 20:29:41:799 Send 06 
30-05-19 at 20:29:41:819 Send 02 1A 1E 1E 00 00 00 02 1E 00 02 C0 ED F2 EE ED EE E2 20 D1 E5 F0 E3 E5 E9 20 00 36 C9 
30-05-19 at 20:29:41:840 Recived 06 02 02 1E 00 1C 
30-05-19 at 20:29:41:860 Send 06 
30-05-19 at 20:29:41:863 now clear port error ...
30-05-19 at 20:29:41:863 now write to port ...
30-05-19 at 20:29:42:104 ... done
30-05-19 at 20:29:42:640 Send 05 
30-05-19 at 20:29:42:660 Recived 15 
30-05-19 at 20:29:42:660 Send 06 
30-05-19 at 20:29:42:680 Send 02 06 FF 39 1E 00 00 00 DE 
30-05-19 at 20:29:42:700 Recived 06 02 10 FF 39 00 00 00 00 00 00 00 00 00 00 00 00 00 00 D6 
30-05-19 at 20:29:42:720 Send 06 
30-05-19 at 20:29:45:325 Запуск программы. Инициализация считана из файла
30-05-19 at 20:29:45:326 total calculated
30-05-19 at 20:29:45:326 now show on display
30-05-19 at 20:29:45:326                     Всего:          0.00
30-05-19 at 20:29:45:326 now open port for display
30-05-19 at 20:29:45:327 Com port opened
30-05-19 at 20:29:45:327 now clear port error ...
30-05-19 at 20:29:45:327 now write to port ...
30-05-19 at 20:29:45:568 ... done
30-05-19 at 20:29:45:569 Чек сжат
30-05-19 at 20:29:45:569 Сумма чека посчитана
30-05-19 at 20:29:45:570 Кардридер создан
30-05-19 at 20:29:45:570 Задание запуска модулей создано
30-05-19 at 20:29:45:570 Сканер создан
30-05-19 at 20:29:45:571 Запуск потока обмена COM-порта
30-05-19 at 20:29:45:571 Регистратор создан
30-05-19 at 20:29:45:584 Часы созданы
30-05-19 at 20:29:45:585 Регистратор запущен
30-05-19 at 20:29:45:585 Сканер запущен
30-05-19 at 20:29:45:586 Часы запущены
30-05-19 at 20:29:45:586 Кардридер запущен
30-05-19 at 20:29:45:587 Передача данных запущена
30-05-19 at 20:29:45:588 Вход в FRInit mstar
30-05-19 at 20:29:45:588 Вход в GetStatus
30-05-19 at 20:29:45:606 Send 05 
30-05-19 at 20:29:45:626 Recived 15 
30-05-19 at 20:29:45:626 Send 06 
30-05-19 at 20:29:45:646 Send 02 05 11 1E 00 00 00 0A 
30-05-19 at 20:29:45:666 Recived 06 02 30 11 00 1E 43 31 A5 EB 18 0A 12 01 2C 00 92 02 03 00 00 4E 41 00 00 01 01 10 1E 05 13 14 1D 31 00 2E 5D 00 00 55 00 00 00 00 00 D2 E9 1E 42 01 00 D2 
30-05-19 at 20:29:45:686 Send 06 
30-05-19 at 20:29:45:690 KKMStatus 0000
30-05-19 at 20:29:45:706 Send 05 
30-05-19 at 20:29:45:726 Recived 15 
30-05-19 at 20:29:45:726 Send 06 
30-05-19 at 20:29:45:746 Send 02 05 11 1E 00 00 00 0A 
30-05-19 at 20:29:45:766 Recived 06 02 30 11 00 1E 43 31 A5 EB 18 0A 12 01 2C 00 92 02 03 00 00 4E 41 00 00 01 01 10 1E 05 13 14 1D 31 00 2E 5D 00 00 55 00 00 00 00 00 D2 E9 1E 42 01 00 D2 
30-05-19 at 20:29:45:786 Send 06 
30-05-19 at 20:29:45:790 KKMStatus 0300
30-05-19 at 20:29:45:790 Номер ФР считан
30-05-19 at 20:29:45:960 СУБД подключена
30-05-19 at 20:29:45:978 Send 05 
30-05-19 at 20:29:45:998 Recived 15 
30-05-19 at 20:29:45:998 Send 06 
30-05-19 at 20:29:46:018 Send 02 18 1E 1E 00 00 00 05 03 00 01 CA 41 D0 D2 CE C9 20 56 49 53 41 2F 4D 43 00 9D 
30-05-19 at 20:29:46:040 Recived 06 02 02 1E 00 1C 
30-05-19 at 20:29:46:060 Send 06 
30-05-19 at 20:29:46:080 Send 05 
30-05-19 at 20:29:46:100 Recived 15 
30-05-19 at 20:29:46:100 Send 06 
30-05-19 at 20:29:46:120 Send 02 19 1E 1E 00 00 00 05 04 00 01 C4 D0 D3 C3 C8 CC C8 20 CA C0 D0 D2 C0 CC C8 00 3D 
30-05-19 at 20:29:46:141 Recived 06 02 02 1E 00 1C 
30-05-19 at 20:29:46:161 Send 06 
30-05-19 at 20:29:46:181 Send 05 
30-05-19 at 20:29:46:201 Recived 15 
30-05-19 at 20:29:46:201 Send 06 
30-05-19 at 20:29:46:221 Send 02 1E 1E 1E 00 00 00 05 0E 00 01 CF CE C4 C0 D0 CE D7 CD DB CC C8 20 CA C0 D0 D2 C0 CC C8 00 01 27 
30-05-19 at 20:29:46:244 Recived 06 02 02 1E 00 1C 
30-05-19 at 20:29:46:264 Send 06 
30-05-19 at 20:29:46:284 Send 05 
30-05-19 at 20:29:46:304 Recived 15 
30-05-19 at 20:29:46:304 Send 06 
30-05-19 at 20:29:46:324 Send 02 0B 1E 1E 00 00 00 01 01 00 01 01 00 0B 
30-05-19 at 20:29:46:344 Recived 06 02 02 1E 00 1C 
30-05-19 at 20:29:46:364 Send 06 
30-05-19 at 20:29:46:384 Send 05 
30-05-19 at 20:29:46:404 Recived 15 
30-05-19 at 20:29:46:404 Send 06 
30-05-19 at 20:29:46:424 Send 02 0B 1E 1E 00 00 00 01 01 00 05 02 00 0C 
30-05-19 at 20:29:46:444 Recived 06 02 02 1E 00 1C 
30-05-19 at 20:29:46:464 Send 06 
30-05-19 at 20:29:46:484 Send 05 
30-05-19 at 20:29:46:504 Recived 15 
30-05-19 at 20:29:46:504 Send 06 
30-05-19 at 20:29:46:524 Send 02 0B 1E 1E 00 00 00 01 01 00 23 01 00 29 
30-05-19 at 20:29:46:544 Recived 06 02 02 1E 00 1C 
30-05-19 at 20:29:46:564 Send 06 
30-05-19 at 20:29:46:584 Send 05 
30-05-19 at 20:29:46:604 Recived 15 
30-05-19 at 20:29:46:604 Send 06 
30-05-19 at 20:29:46:624 Send 02 0B 1E 1E 00 00 00 01 01 00 06 00 00 0D 
30-05-19 at 20:29:46:644 Recived 06 02 02 1E 00 1C 
30-05-19 at 20:29:46:664 Send 06 
30-05-19 at 20:29:46:684 Send 05 
30-05-19 at 20:29:46:704 Recived 15 
30-05-19 at 20:29:46:704 Send 06 
30-05-19 at 20:29:46:724 Send 02 0B 1E 1E 00 00 00 01 01 00 07 01 00 0D 
30-05-19 at 20:29:46:744 Recived 06 02 02 1E 00 1C 
30-05-19 at 20:29:46:764 Send 06 
30-05-19 at 20:29:46:784 Send 05 
30-05-19 at 20:29:46:804 Recived 15 
30-05-19 at 20:29:46:804 Send 06 
30-05-19 at 20:29:46:824 Send 02 0B 1E 1E 00 00 00 01 01 00 14 01 00 1E 
30-05-19 at 20:29:46:844 Recived 06 02 02 1E 00 1C 
30-05-19 at 20:29:46:864 Send 06 
30-05-19 at 20:29:46:884 Send 05 
30-05-19 at 20:29:46:904 Recived 15 
30-05-19 at 20:29:46:904 Send 06 
30-05-19 at 20:29:46:924 Send 02 0B 1E 1E 00 00 00 01 01 00 15 01 00 1F 
30-05-19 at 20:29:46:944 Recived 06 02 02 1E 00 1C 
30-05-19 at 20:29:46:964 Send 06 
30-05-19 at 20:29:46:984 Send 05 
30-05-19 at 20:29:47:004 Recived 15 
30-05-19 at 20:29:47:004 Send 06 
30-05-19 at 20:29:47:024 Send 02 0B 1E 1E 00 00 00 01 01 00 0F 00 00 04 
30-05-19 at 20:29:47:044 Recived 06 02 02 1E 00 1C 
30-05-19 at 20:29:47:064 Send 06 
30-05-19 at 20:29:47:084 Send 05 
30-05-19 at 20:29:47:104 Recived 15 
30-05-19 at 20:29:47:104 Send 06 
30-05-19 at 20:29:47:124 Send 02 0B 1E 1E 00 00 00 01 01 00 11 00 00 1A 
30-05-19 at 20:29:47:144 Recived 06 02 02 1E 00 1C 
30-05-19 at 20:29:47:164 Send 06 
30-05-19 at 20:29:47:184 Send 05 
30-05-19 at 20:29:47:204 Recived 15 
30-05-19 at 20:29:47:204 Send 06 
30-05-19 at 20:29:47:224 Send 02 0B 1E 1E 00 00 00 11 01 00 03 02 00 1A 
30-05-19 at 20:29:47:244 Recived 06 02 02 1E 00 1C 
30-05-19 at 20:29:47:264 Send 06 
30-05-19 at 20:29:47:284 Send 05 
30-05-19 at 20:29:47:304 Recived 15 
30-05-19 at 20:29:47:304 Send 06 
30-05-19 at 20:29:47:324 Send 02 0B 1E 1E 00 00 00 11 01 00 0C 00 00 17 
30-05-19 at 20:29:47:344 Recived 06 02 02 1E 00 1C 
30-05-19 at 20:29:47:364 Send 06 
30-05-19 at 20:29:47:384 Send 05 
30-05-19 at 20:29:47:404 Recived 15 
30-05-19 at 20:29:47:404 Send 06 
30-05-19 at 20:29:47:424 Send 02 0B 1E 1E 00 00 00 01 01 00 29 01 00 23 
30-05-19 at 20:29:47:444 Recived 06 02 02 1E 00 1C 
30-05-19 at 20:29:47:464 Send 06 
30-05-19 at 20:29:47:484 Send 05 
30-05-19 at 20:29:47:504 Recived 15 
30-05-19 at 20:29:47:504 Send 06 
30-05-19 at 20:29:47:524 Send 02 27 1E 1E 00 00 00 04 0C 00 01 20 20 20 20 20 20 20 20 20 20 20 C4 CE C1 D0 CE 20 CF CE C6 C0 CB CE C2 C0 D2 DC 21 00 00 D4 
30-05-19 at 20:29:47:547 Recived 06 02 02 1E 00 1C 
30-05-19 at 20:29:47:567 Send 06 
30-05-19 at 20:29:47:587 Send 05 
30-05-19 at 20:29:47:607 Recived 15 
30-05-19 at 20:29:47:607 Send 06 
30-05-19 at 20:29:47:627 Send 02 2A 1E 1E 00 00 00 04 0D 00 01 20 20 20 20 20 20 20 20 CE CE CE 20 CA EE EC EF E0 ED E8 FF 20 27 CA CE CB CE D0 CB CE CD 27 00 32 FA 
30-05-19 at 20:29:47:650 Recived 06 02 02 1E 00 1C 
30-05-19 at 20:29:47:670 Send 06 
30-05-19 at 20:29:47:690 Send 05 
30-05-19 at 20:29:47:710 Recived 15 
30-05-19 at 20:29:47:710 Send 06 
30-05-19 at 20:29:47:730 Send 02 2E 1E 1E 00 00 00 04 0E 00 01 20 20 20 20 20 CC E0 E3 E0 E7 E8 ED 20 27 C2 F1 E5 20 F2 EE E2 E0 F0 FB 20 E4 EB FF 20 E4 EE EC E0 27 20 00 2A F7 
30-05-19 at 20:29:47:754 Recived 06 02 02 1E 00 1C 
30-05-19 at 20:29:47:774 Send 06 
30-05-19 at 20:30:53:091 Запуск программы. Инициализация считана из файла
30-05-19 at 20:30:53:092 total calculated
30-05-19 at 20:30:53:092 now show on display
30-05-19 at 20:30:53:092                     Всего:          0.00
30-05-19 at 20:30:53:092 now open port for display
30-05-19 at 20:30:53:093 Com port opened
30-05-19 at 20:30:53:093 now clear port error ...
30-05-19 at 20:30:53:093 now write to port ...
30-05-19 at 20:30:53:335 ... done
30-05-19 at 20:30:53:335 Чек сжат
30-05-19 at 20:30:53:335 Сумма чека посчитана
30-05-19 at 20:30:53:336 Кардридер создан
30-05-19 at 20:30:53:336 Задание запуска модулей создано
30-05-19 at 20:30:53:336 Сканер создан
30-05-19 at 20:30:53:336 Запуск потока обмена COM-порта
30-05-19 at 20:30:53:336 Регистратор создан
30-05-19 at 20:30:53:342 Часы созданы
30-05-19 at 20:30:53:344 Регистратор запущен
30-05-19 at 20:30:53:344 Сканер запущен
30-05-19 at 20:30:53:344 Часы запущены
30-05-19 at 20:30:53:344 Кардридер запущен
30-05-19 at 20:30:53:344 Передача данных запущена
30-05-19 at 20:30:53:344 Вход в FRInit mstar
30-05-19 at 20:30:53:344 Вход в GetStatus
30-05-19 at 20:30:53:364 Send 05 
30-05-19 at 20:30:53:384 Recived 15 
30-05-19 at 20:30:53:384 Send 06 
30-05-19 at 20:30:53:404 Send 02 05 11 1E 00 00 00 0A 
30-05-19 at 20:30:53:424 Recived 06 02 30 11 00 1E 43 31 A5 EB 18 0A 12 01 2C 00 92 02 03 00 00 4E 41 00 00 01 01 10 1E 05 13 14 1E 39 00 2E 5D 00 00 55 00 00 00 00 00 D2 E9 1E 42 01 00 D9 
30-05-19 at 20:30:53:444 Send 06 
30-05-19 at 20:30:53:448 KKMStatus 0000
30-05-19 at 20:30:53:464 Send 05 
30-05-19 at 20:30:53:484 Recived 15 
30-05-19 at 20:30:53:484 Send 06 
30-05-19 at 20:30:53:504 Send 02 05 11 1E 00 00 00 0A 
30-05-19 at 20:30:53:524 Recived 06 02 30 11 00 1E 43 31 A5 EB 18 0A 12 01 2C 00 92 02 03 00 00 4E 41 00 00 01 01 10 1E 05 13 14 1E 39 00 2E 5D 00 00 55 00 00 00 00 00 D2 E9 1E 42 01 00 D9 
30-05-19 at 20:30:53:544 Send 06 
30-05-19 at 20:30:53:548 KKMStatus 0300
30-05-19 at 20:30:53:548 Номер ФР считан
30-05-19 at 20:30:53:732 СУБД подключена
30-05-19 at 20:30:53:758 Send 05 
30-05-19 at 20:30:53:778 Recived 15 
30-05-19 at 20:30:53:778 Send 06 
30-05-19 at 20:30:53:798 Send 02 18 1E 1E 00 00 00 05 03 00 01 CA 41 D0 D2 CE C9 20 56 49 53 41 2F 4D 43 00 9D 
30-05-19 at 20:30:53:819 Recived 06 02 02 1E 00 1C 
30-05-19 at 20:30:53:839 Send 06 
30-05-19 at 20:30:53:859 Send 05 
30-05-19 at 20:30:53:879 Recived 15 
30-05-19 at 20:30:53:879 Send 06 
30-05-19 at 20:30:53:899 Send 02 19 1E 1E 00 00 00 05 04 00 01 C4 D0 D3 C3 C8 CC C8 20 CA C0 D0 D2 C0 CC C8 00 3D 
30-05-19 at 20:30:53:920 Recived 06 02 02 1E 00 1C 
30-05-19 at 20:30:53:940 Send 06 
30-05-19 at 20:30:53:960 Send 05 
30-05-19 at 20:30:53:980 Recived 15 
30-05-19 at 20:30:53:980 Send 06 
30-05-19 at 20:30:54:000 Send 02 1E 1E 1E 00 00 00 05 0E 00 01 CF CE C4 C0 D0 CE D7 CD DB CC C8 20 CA C0 D0 D2 C0 CC C8 00 01 27 
30-05-19 at 20:30:54:023 Recived 06 02 02 1E 00 1C 
30-05-19 at 20:30:54:043 Send 06 
30-05-19 at 20:30:54:063 Send 05 
30-05-19 at 20:30:54:083 Recived 15 
30-05-19 at 20:30:54:083 Send 06 
30-05-19 at 20:30:54:103 Send 02 0B 1E 1E 00 00 00 01 01 00 01 01 00 0B 
30-05-19 at 20:30:54:123 Recived 06 02 02 1E 00 1C 
30-05-19 at 20:30:54:143 Send 06 
30-05-19 at 20:30:54:163 Send 05 
30-05-19 at 20:30:54:183 Recived 15 
30-05-19 at 20:30:54:183 Send 06 
30-05-19 at 20:30:54:203 Send 02 0B 1E 1E 00 00 00 01 01 00 05 02 00 0C 
30-05-19 at 20:30:54:223 Recived 06 02 02 1E 00 1C 
30-05-19 at 20:30:54:243 Send 06 
30-05-19 at 20:30:54:263 Send 05 
30-05-19 at 20:30:54:283 Recived 15 
30-05-19 at 20:30:54:283 Send 06 
30-05-19 at 20:30:54:303 Send 02 0B 1E 1E 00 00 00 01 01 00 23 01 00 29 
30-05-19 at 20:30:54:323 Recived 06 02 02 1E 00 1C 
30-05-19 at 20:30:54:343 Send 06 
30-05-19 at 20:30:54:363 Send 05 
30-05-19 at 20:30:54:383 Recived 15 
30-05-19 at 20:30:54:383 Send 06 
30-05-19 at 20:30:54:403 Send 02 0B 1E 1E 00 00 00 01 01 00 06 00 00 0D 
30-05-19 at 20:30:54:423 Recived 06 02 02 1E 00 1C 
30-05-19 at 20:30:54:443 Send 06 
30-05-19 at 20:30:54:463 Send 05 
30-05-19 at 20:30:54:483 Recived 15 
30-05-19 at 20:30:54:483 Send 06 
30-05-19 at 20:30:54:503 Send 02 0B 1E 1E 00 00 00 01 01 00 07 01 00 0D 
30-05-19 at 20:30:54:523 Recived 06 02 02 1E 00 1C 
30-05-19 at 20:30:54:543 Send 06 
30-05-19 at 20:30:54:563 Send 05 
30-05-19 at 20:30:54:583 Recived 15 
30-05-19 at 20:30:54:583 Send 06 
30-05-19 at 20:30:54:603 Send 02 0B 1E 1E 00 00 00 01 01 00 14 01 00 1E 
30-05-19 at 20:30:54:623 Recived 06 02 02 1E 00 1C 
30-05-19 at 20:30:54:643 Send 06 
30-05-19 at 20:30:54:663 Send 05 
30-05-19 at 20:30:54:683 Recived 15 
30-05-19 at 20:30:54:683 Send 06 
30-05-19 at 20:30:54:703 Send 02 0B 1E 1E 00 00 00 01 01 00 15 01 00 1F 
30-05-19 at 20:30:54:723 Recived 06 02 02 1E 00 1C 
30-05-19 at 20:30:54:743 Send 06 
30-05-19 at 20:30:54:763 Send 05 
30-05-19 at 20:30:54:783 Recived 15 
30-05-19 at 20:30:54:783 Send 06 
30-05-19 at 20:30:54:803 Send 02 0B 1E 1E 00 00 00 01 01 00 0F 00 00 04 
30-05-19 at 20:30:54:823 Recived 06 02 02 1E 00 1C 
30-05-19 at 20:30:54:843 Send 06 
30-05-19 at 20:30:54:863 Send 05 
30-05-19 at 20:30:54:883 Recived 15 
30-05-19 at 20:30:54:883 Send 06 
30-05-19 at 20:30:54:903 Send 02 0B 1E 1E 00 00 00 01 01 00 11 00 00 1A 
30-05-19 at 20:30:54:923 Recived 06 02 02 1E 00 1C 
30-05-19 at 20:30:54:943 Send 06 
30-05-19 at 20:30:54:963 Send 05 
30-05-19 at 20:30:54:983 Recived 15 
30-05-19 at 20:30:54:983 Send 06 
30-05-19 at 20:30:55:003 Send 02 0B 1E 1E 00 00 00 11 01 00 03 02 00 1A 
30-05-19 at 20:30:55:023 Recived 06 02 02 1E 00 1C 
30-05-19 at 20:30:55:043 Send 06 
30-05-19 at 20:30:55:063 Send 05 
30-05-19 at 20:30:55:083 Recived 15 
30-05-19 at 20:30:55:083 Send 06 
30-05-19 at 20:30:55:103 Send 02 0B 1E 1E 00 00 00 11 01 00 0C 00 00 17 
30-05-19 at 20:30:55:123 Recived 06 02 02 1E 00 1C 
30-05-19 at 20:30:55:143 Send 06 
30-05-19 at 20:30:55:163 Send 05 
30-05-19 at 20:30:55:183 Recived 15 
30-05-19 at 20:30:55:183 Send 06 
30-05-19 at 20:30:55:203 Send 02 0B 1E 1E 00 00 00 01 01 00 29 01 00 23 
30-05-19 at 20:30:55:223 Recived 06 02 02 1E 00 1C 
30-05-19 at 20:30:55:243 Send 06 
30-05-19 at 20:30:55:263 Send 05 
30-05-19 at 20:30:55:283 Recived 15 
30-05-19 at 20:30:55:283 Send 06 
30-05-19 at 20:30:55:303 Send 02 27 1E 1E 00 00 00 04 0C 00 01 20 20 20 20 20 20 20 20 20 20 20 C4 CE C1 D0 CE 20 CF CE C6 C0 CB CE C2 C0 D2 DC 21 00 00 D4 
30-05-19 at 20:30:55:326 Recived 06 02 02 1E 00 1C 
30-05-19 at 20:30:55:346 Send 06 
30-05-19 at 20:30:55:366 Send 05 
30-05-19 at 20:30:55:386 Recived 15 
30-05-19 at 20:30:55:386 Send 06 
30-05-19 at 20:30:55:406 Send 02 2A 1E 1E 00 00 00 04 0D 00 01 20 20 20 20 20 20 20 20 CE CE CE 20 CA EE EC EF E0 ED E8 FF 20 27 CA CE CB CE D0 CB CE CD 27 00 32 FA 
30-05-19 at 20:30:55:429 Recived 06 02 02 1E 00 1C 
30-05-19 at 20:30:55:449 Send 06 
30-05-19 at 20:30:55:469 Send 05 
30-05-19 at 20:30:55:489 Recived 15 
30-05-19 at 20:30:55:489 Send 06 
30-05-19 at 20:30:55:509 Send 02 2E 1E 1E 00 00 00 04 0E 00 01 20 20 20 20 20 CC E0 E3 E0 E7 E8 ED 20 27 C2 F1 E5 20 F2 EE E2 E0 F0 FB 20 E4 EB FF 20 E4 EE EC E0 27 20 00 2A F7 
30-05-19 at 20:30:55:533 Recived 06 02 02 1E 00 1C 
30-05-19 at 20:30:55:553 Send 06 
30-05-19 at 20:30:57:471 Send 05 
30-05-19 at 20:30:57:491 Recived 15 
30-05-19 at 20:30:57:491 Send 06 
30-05-19 at 20:30:57:511 Send 02 3A 2F 1E 00 00 00 42 02 20 20 20 20 20 20 C4 EE F1 F2 E0 E2 EA E0 00 00 00 00 00 00 00 00 00 00 00 00 00 00 00 00 00 00 00 00 00 00 00 00 00 00 00 00 00 00 00 00 00 00 00 00 00 6A 
30-05-19 at 20:30:57:535 Recived 06 02 03 2F 00 1E 32 
30-05-19 at 20:30:57:555 Send 06 
30-05-19 at 20:30:57:575 Send 05 
30-05-19 at 20:30:57:595 Recived 15 
30-05-19 at 20:30:57:595 Send 06 
30-05-19 at 20:30:57:615 Send 02 3A 2F 1E 00 00 00 42 07 C4 E0 F2 E0 3A 20 31 36 2E 30 35 2E 32 30 31 39 20 31 31 3A 31 30 3A 33 39 00 00 00 00 00 00 00 00 00 00 00 00 00 00 00 00 00 00 00 00 00 00 00 00 00 00 41 
30-05-19 at 20:30:57:639 Recived 06 02 03 2F 00 1E 32 
30-05-19 at 20:30:57:659 Send 06 
30-05-19 at 20:30:57:679 Send 05 
30-05-19 at 20:30:57:699 Recived 15 
30-05-19 at 20:30:57:699 Send 06 
30-05-19 at 20:30:57:719 Send 02 3A 2F 1E 00 00 00 42 07 CA E0 F1 F1 E8 F0 3A 20 C8 E2 E0 ED EE F4 F4 20 D4 E0 ED FF 20 20 20 06 00 00 00 00 00 00 00 00 00 00 00 00 00 00 00 00 00 00 00 00 00 00 00 00 00 00 00 8F 
30-05-19 at 20:30:57:743 Recived 06 02 03 2F 00 1E 32 
30-05-19 at 20:30:57:763 Send 06 
30-05-19 at 20:30:57:783 Send 05 
30-05-19 at 20:30:57:803 Recived 15 
30-05-19 at 20:30:57:803 Send 06 
30-05-19 at 20:30:57:823 Send 02 3A 2F 1E 00 00 00 42 05 D8 F3 F0 F3 EF FB 20 34 F5 31 36 20 E4 EB FF 20 E4 E5 F0 E5 E2 E0 2C 20 EF EE F2 E0 E9 2C 20 F8 EB E8 F6 20 50 6F 7A 69 2C 20 E6 E5 EB F2 FB E9 20 F6 00 59 
30-05-19 at 20:30:57:847 Recived 06 02 03 2F 00 1E 32 
30-05-19 at 20:30:57:867 Send 06 
30-05-19 at 20:30:57:887 Send 05 
30-05-19 at 20:30:57:907 Recived 15 
30-05-19 at 20:30:57:907 Send 06 
30-05-19 at 20:30:57:927 Send 02 3A 2F 1E 00 00 00 42 05 D8 F3 F0 F3 EF FB 20 34 F5 31 36 20 E4 EB FF 20 E4 E5 F0 E5 E2 E0 2C 20 EF EE F2 E0 E9 2C 20 F8 EB E8 F6 20 50 6F 7A 69 2C 20 E6 E5 EB F2 FB E9 20 F6 00 59 
30-05-19 at 20:30:57:951 Recived 06 02 03 2F 00 1E 32 
30-05-19 at 20:30:57:971 Send 06 
30-05-19 at 20:30:57:991 Send 05 
30-05-19 at 20:30:58:011 Recived 15 
30-05-19 at 20:30:58:011 Send 06 
30-05-19 at 20:30:58:031 Send 02 3A 2F 1E 00 00 00 42 05 D8 F3 F0 F3 EF FB 20 34 F5 31 36 20 E4 EB FF 20 E4 E5 F0 E5 E2 E0 2C 20 EF EE F2 E0 E9 2C 20 F8 EB E8 F6 20 50 6F 7A 69 2C 20 E6 E5 EB F2 FB E9 20 F6 00 59 
30-05-19 at 20:30:58:055 Recived 06 02 03 2F 00 1E 32 
30-05-19 at 20:30:58:075 Send 06 
