07-02-19 at 00:01:35:050 Send 05 
07-02-19 at 00:01:35:081 Recived 15 
07-02-19 at 00:01:35:081 Send 06 
07-02-19 at 00:01:35:112 Send 02 06 FF 39 1E 00 00 00 DE 
07-02-19 at 00:01:35:143 Recived 06 02 10 FF 39 00 05 00 0D 00 46 01 00 00 13 01 09 0A 19 91 
07-02-19 at 00:01:35:175 Send 06 
07-02-19 at 00:03:39:801 Send 05 
07-02-19 at 00:03:39:832 Recived 15 
07-02-19 at 00:03:39:832 Send 06 
07-02-19 at 00:03:39:863 Send 02 06 FF 39 1E 00 00 00 DE 
07-02-19 at 00:03:39:894 Recived 06 02 10 FF 39 00 05 00 0D 00 46 01 00 00 13 01 09 0A 19 91 
07-02-19 at 00:03:39:925 Send 06 
07-02-19 at 00:05:44:536 Send 05 
07-02-19 at 00:05:44:567 Recived 15 
07-02-19 at 00:05:44:567 Send 06 
07-02-19 at 00:05:44:598 Send 02 06 FF 39 1E 00 00 00 DE 
07-02-19 at 00:05:44:630 Recived 06 02 10 FF 39 00 05 00 0D 00 46 01 00 00 13 01 09 0A 19 91 
07-02-19 at 00:05:44:661 Send 06 
07-02-19 at 00:07:49:242 Send 05 
07-02-19 at 00:07:49:274 Recived 15 
07-02-19 at 00:07:49:274 Send 06 
07-02-19 at 00:07:49:305 Send 02 06 FF 39 1E 00 00 00 DE 
07-02-19 at 00:07:49:336 Recived 06 02 10 FF 39 00 02 00 0D 00 46 01 00 00 13 01 09 0A 19 96 
07-02-19 at 00:07:49:367 Send 06 
07-02-19 at 00:09:53:964 Send 05 
07-02-19 at 00:09:53:996 Recived 15 
07-02-19 at 00:09:53:996 Send 06 
07-02-19 at 00:09:54:027 Send 02 06 FF 39 1E 00 00 00 DE 
07-02-19 at 00:09:54:058 Recived 06 02 10 FF 39 00 05 00 0D 00 46 01 00 00 13 01 09 0A 19 91 
07-02-19 at 00:09:54:089 Send 06 
07-02-19 at 00:11:58:702 Send 05 
07-02-19 at 00:11:58:733 Recived 15 
07-02-19 at 00:11:58:733 Send 06 
07-02-19 at 00:11:58:764 Send 02 06 FF 39 1E 00 00 00 DE 
07-02-19 at 00:11:58:796 Recived 06 02 10 FF 39 00 05 00 0D 00 46 01 00 00 13 01 09 0A 19 91 
07-02-19 at 00:11:58:827 Send 06 
07-02-19 at 00:14:03:440 Send 05 
07-02-19 at 00:14:03:471 Recived 15 
07-02-19 at 00:14:03:471 Send 06 
07-02-19 at 00:14:03:502 Send 02 06 FF 39 1E 00 00 00 DE 
07-02-19 at 00:14:03:533 Recived 06 02 10 FF 39 00 05 00 0D 00 46 01 00 00 13 01 09 0A 19 91 
07-02-19 at 00:14:03:564 Send 06 
07-02-19 at 00:16:08:177 Send 05 
07-02-19 at 00:16:08:208 Recived 15 
07-02-19 at 00:16:08:208 Send 06 
07-02-19 at 00:16:08:240 Send 02 06 FF 39 1E 00 00 00 DE 
07-02-19 at 00:16:08:271 Recived 06 02 10 FF 39 00 02 00 0D 00 46 01 00 00 13 01 09 0A 19 96 
07-02-19 at 00:16:08:302 Send 06 
07-02-19 at 00:18:12:915 Send 05 
07-02-19 at 00:18:12:946 Recived 15 
07-02-19 at 00:18:12:946 Send 06 
07-02-19 at 00:18:12:977 Send 02 06 FF 39 1E 00 00 00 DE 
07-02-19 at 00:18:13:008 Recived 06 02 10 FF 39 00 05 00 0D 00 46 01 00 00 13 01 09 0A 19 91 
07-02-19 at 00:18:13:040 Send 06 
07-02-19 at 00:20:17:652 Send 05 
07-02-19 at 00:20:17:684 Recived 15 
07-02-19 at 00:20:17:684 Send 06 
07-02-19 at 00:20:17:715 Send 02 06 FF 39 1E 00 00 00 DE 
07-02-19 at 00:20:17:746 Recived 06 02 10 FF 39 00 05 00 0D 00 46 01 00 00 13 01 09 0A 19 91 
07-02-19 at 00:20:17:777 Send 06 
07-02-19 at 00:22:22:390 Send 05 
07-02-19 at 00:22:22:421 Recived 15 
07-02-19 at 00:22:22:421 Send 06 
07-02-19 at 00:22:22:452 Send 02 06 FF 39 1E 00 00 00 DE 
07-02-19 at 00:22:22:484 Recived 06 02 10 FF 39 00 05 00 0D 00 46 01 00 00 13 01 09 0A 19 91 
07-02-19 at 00:22:22:515 Send 06 
07-02-19 at 00:24:27:096 Send 05 
07-02-19 at 00:24:27:128 Recived 15 
07-02-19 at 00:24:27:128 Send 06 
07-02-19 at 00:24:27:159 Send 02 06 FF 39 1E 00 00 00 DE 
07-02-19 at 00:24:27:190 Recived 06 02 10 FF 39 00 05 00 0D 00 46 01 00 00 13 01 09 0A 19 91 
07-02-19 at 00:24:27:221 Send 06 
07-02-19 at 00:26:31:834 Send 05 
07-02-19 at 00:26:31:865 Recived 15 
07-02-19 at 00:26:31:865 Send 06 
07-02-19 at 00:26:31:896 Send 02 06 FF 39 1E 00 00 00 DE 
07-02-19 at 00:26:31:928 Recived 06 02 10 FF 39 00 05 00 0D 00 46 01 00 00 13 01 09 0A 19 91 
07-02-19 at 00:26:31:959 Send 06 
07-02-19 at 00:28:36:540 Send 05 
07-02-19 at 00:28:36:572 Recived 15 
07-02-19 at 00:28:36:572 Send 06 
07-02-19 at 00:28:36:603 Send 02 06 FF 39 1E 00 00 00 DE 
07-02-19 at 00:28:36:634 Recived 06 02 10 FF 39 00 05 00 0D 00 46 01 00 00 13 01 09 0A 19 91 
07-02-19 at 00:28:36:665 Send 06 
07-02-19 at 00:30:41:262 Send 05 
07-02-19 at 00:30:41:294 Recived 15 
07-02-19 at 00:30:41:294 Send 06 
07-02-19 at 00:30:41:325 Send 02 06 FF 39 1E 00 00 00 DE 
07-02-19 at 00:30:41:356 Recived 06 02 10 FF 39 00 05 00 0D 00 46 01 00 00 13 01 09 0A 19 91 
07-02-19 at 00:30:41:387 Send 06 
07-02-19 at 00:32:46:000 Send 05 
07-02-19 at 00:32:46:031 Recived 15 
07-02-19 at 00:32:46:031 Send 06 
07-02-19 at 00:32:46:062 Send 02 06 FF 39 1E 00 00 00 DE 
07-02-19 at 00:32:46:094 Recived 06 02 10 FF 39 00 05 00 0D 00 46 01 00 00 13 01 09 0A 19 91 
07-02-19 at 00:32:46:125 Send 06 
07-02-19 at 00:34:50:706 Send 05 
07-02-19 at 00:34:50:738 Recived 15 
07-02-19 at 00:34:50:738 Send 06 
07-02-19 at 00:34:50:769 Send 02 06 FF 39 1E 00 00 00 DE 
07-02-19 at 00:34:50:800 Recived 06 02 10 FF 39 00 05 00 0D 00 46 01 00 00 13 01 09 0A 19 91 
07-02-19 at 00:34:50:831 Send 06 
07-02-19 at 00:36:55:444 Send 05 
07-02-19 at 00:36:55:475 Recived 15 
07-02-19 at 00:36:55:475 Send 06 
07-02-19 at 00:36:55:506 Send 02 06 FF 39 1E 00 00 00 DE 
07-02-19 at 00:36:55:538 Recived 06 02 10 FF 39 00 05 00 0D 00 46 01 00 00 13 01 09 0A 19 91 
07-02-19 at 00:36:55:569 Send 06 
07-02-19 at 00:39:00:150 Send 05 
07-02-19 at 00:39:00:182 Recived 15 
07-02-19 at 00:39:00:182 Send 06 
07-02-19 at 00:39:00:213 Send 02 06 FF 39 1E 00 00 00 DE 
07-02-19 at 00:39:00:244 Recived 06 02 10 FF 39 00 05 00 0D 00 46 01 00 00 13 01 09 0A 19 91 
07-02-19 at 00:39:00:275 Send 06 
07-02-19 at 00:41:04:888 Send 05 
07-02-19 at 00:41:04:919 Recived 15 
07-02-19 at 00:41:04:919 Send 06 
07-02-19 at 00:41:04:950 Send 02 06 FF 39 1E 00 00 00 DE 
07-02-19 at 00:41:04:982 Recived 06 02 10 FF 39 00 05 00 0D 00 46 01 00 00 13 01 09 0A 19 91 
07-02-19 at 00:41:05:013 Send 06 
07-02-19 at 00:43:09:594 Send 05 
07-02-19 at 00:43:09:626 Recived 15 
07-02-19 at 00:43:09:626 Send 06 
07-02-19 at 00:43:09:657 Send 02 06 FF 39 1E 00 00 00 DE 
07-02-19 at 00:43:09:688 Recived 06 02 10 FF 39 00 02 00 0D 00 46 01 00 00 13 01 09 0A 19 96 
07-02-19 at 00:43:09:719 Send 06 
07-02-19 at 00:45:14:332 Send 05 
07-02-19 at 00:45:14:363 Recived 15 
07-02-19 at 00:45:14:363 Send 06 
07-02-19 at 00:45:14:394 Send 02 06 FF 39 1E 00 00 00 DE 
07-02-19 at 00:45:14:426 Recived 06 02 10 FF 39 00 05 00 0D 00 46 01 00 00 13 01 09 0A 19 91 
07-02-19 at 00:45:14:457 Send 06 
07-02-19 at 00:47:19:038 Send 05 
07-02-19 at 00:47:19:070 Recived 15 
07-02-19 at 00:47:19:070 Send 06 
07-02-19 at 00:47:19:101 Send 02 06 FF 39 1E 00 00 00 DE 
07-02-19 at 00:47:19:132 Recived 06 02 10 FF 39 00 05 00 0D 00 46 01 00 00 13 01 09 0A 19 91 
07-02-19 at 00:47:19:163 Send 06 
07-02-19 at 00:49:23:776 Send 05 
07-02-19 at 00:49:23:807 Recived 15 
07-02-19 at 00:49:23:807 Send 06 
07-02-19 at 00:49:23:838 Send 02 06 FF 39 1E 00 00 00 DE 
07-02-19 at 00:49:23:870 Recived 06 02 10 FF 39 00 05 00 0D 00 46 01 00 00 13 01 09 0A 19 91 
07-02-19 at 00:49:23:901 Send 06 
07-02-19 at 00:51:28:498 Send 05 
07-02-19 at 00:51:28:529 Recived 15 
07-02-19 at 00:51:28:529 Send 06 
07-02-19 at 00:51:28:560 Send 02 06 FF 39 1E 00 00 00 DE 
07-02-19 at 00:51:28:592 Recived 06 02 10 FF 39 00 05 00 0D 00 46 01 00 00 13 01 09 0A 19 91 
07-02-19 at 00:51:28:623 Send 06 
07-02-19 at 00:53:33:236 Send 05 
07-02-19 at 00:53:33:267 Recived 15 
07-02-19 at 00:53:33:267 Send 06 
07-02-19 at 00:53:33:298 Send 02 06 FF 39 1E 00 00 00 DE 
07-02-19 at 00:53:33:329 Recived 06 02 10 FF 39 00 05 00 0D 00 46 01 00 00 13 01 09 0A 19 91 
07-02-19 at 00:53:33:360 Send 06 
07-02-19 at 00:55:37:973 Send 05 
07-02-19 at 00:55:38:004 Recived 15 
07-02-19 at 00:55:38:004 Send 06 
07-02-19 at 00:55:38:036 Send 02 06 FF 39 1E 00 00 00 DE 
07-02-19 at 00:55:38:067 Recived 06 02 10 FF 39 00 05 00 0D 00 46 01 00 00 13 01 09 0A 19 91 
07-02-19 at 00:55:38:098 Send 06 
07-02-19 at 00:57:42:711 Send 05 
07-02-19 at 00:57:42:742 Recived 15 
07-02-19 at 00:57:42:742 Send 06 
07-02-19 at 00:57:42:773 Send 02 06 FF 39 1E 00 00 00 DE 
07-02-19 at 00:57:42:804 Recived 06 02 10 FF 39 00 05 00 0D 00 46 01 00 00 13 01 09 0A 19 91 
07-02-19 at 00:57:42:836 Send 06 
07-02-19 at 00:59:47:448 Send 05 
07-02-19 at 00:59:47:480 Recived 15 
07-02-19 at 00:59:47:480 Send 06 
07-02-19 at 00:59:47:511 Send 02 06 FF 39 1E 00 00 00 DE 
07-02-19 at 00:59:47:542 Recived 06 02 10 FF 39 00 05 00 0D 00 46 01 00 00 13 01 09 0A 19 91 
07-02-19 at 00:59:47:573 Send 06 
07-02-19 at 01:01:52:186 Send 05 
07-02-19 at 01:01:52:217 Recived 15 
07-02-19 at 01:01:52:217 Send 06 
07-02-19 at 01:01:52:248 Send 02 06 FF 39 1E 00 00 00 DE 
07-02-19 at 01:01:52:280 Recived 06 02 10 FF 39 00 05 00 0D 00 46 01 00 00 13 01 09 0A 19 91 
07-02-19 at 01:01:52:311 Send 06 
07-02-19 at 01:03:56:924 Send 05 
07-02-19 at 01:03:56:955 Recived 15 
07-02-19 at 01:03:56:955 Send 06 
07-02-19 at 01:03:56:986 Send 02 06 FF 39 1E 00 00 00 DE 
07-02-19 at 01:03:57:017 Recived 06 02 10 FF 39 00 05 00 0D 00 46 01 00 00 13 01 09 0A 19 91 
07-02-19 at 01:03:57:048 Send 06 
07-02-19 at 01:06:01:646 Send 05 
07-02-19 at 01:06:01:677 Recived 15 
07-02-19 at 01:06:01:677 Send 06 
07-02-19 at 01:06:01:708 Send 02 06 FF 39 1E 00 00 00 DE 
07-02-19 at 01:06:01:739 Recived 06 02 10 FF 39 00 05 00 0D 00 46 01 00 00 13 01 09 0A 19 91 
07-02-19 at 01:06:01:770 Send 06 
07-02-19 at 01:08:06:352 Send 05 
07-02-19 at 01:08:06:383 Recived 15 
07-02-19 at 01:08:06:383 Send 06 
07-02-19 at 01:08:06:414 Send 02 06 FF 39 1E 00 00 00 DE 
07-02-19 at 01:08:06:446 Recived 06 02 10 FF 39 00 05 00 0D 00 46 01 00 00 13 01 09 0A 19 91 
07-02-19 at 01:08:06:477 Send 06 
07-02-19 at 01:10:11:090 Send 05 
07-02-19 at 01:10:11:121 Recived 15 
07-02-19 at 01:10:11:121 Send 06 
07-02-19 at 01:10:11:152 Send 02 06 FF 39 1E 00 00 00 DE 
07-02-19 at 01:10:11:183 Recived 06 02 10 FF 39 00 02 00 0D 00 46 01 00 00 13 01 09 0A 19 96 
07-02-19 at 01:10:11:214 Send 06 
07-02-19 at 01:12:15:827 Send 05 
07-02-19 at 01:12:15:858 Recived 15 
07-02-19 at 01:12:15:858 Send 06 
07-02-19 at 01:12:15:890 Send 02 06 FF 39 1E 00 00 00 DE 
07-02-19 at 01:12:15:921 Recived 06 02 10 FF 39 00 05 00 0D 00 46 01 00 00 13 01 09 0A 19 91 
07-02-19 at 01:12:15:952 Send 06 
07-02-19 at 01:14:20:565 Send 05 
07-02-19 at 01:14:20:596 Recived 15 
07-02-19 at 01:14:20:596 Send 06 
07-02-19 at 01:14:20:627 Send 02 06 FF 39 1E 00 00 00 DE 
07-02-19 at 01:14:20:658 Recived 06 02 10 FF 39 00 02 00 0D 00 46 01 00 00 13 01 09 0A 19 96 
07-02-19 at 01:14:20:690 Send 06 
07-02-19 at 01:16:25:318 Send 05 
07-02-19 at 01:16:25:349 Recived 15 
07-02-19 at 01:16:25:349 Send 06 
07-02-19 at 01:16:25:380 Send 02 06 FF 39 1E 00 00 00 DE 
07-02-19 at 01:16:25:412 Recived 06 02 10 FF 39 00 02 00 0D 00 46 01 00 00 13 01 09 0A 19 96 
07-02-19 at 01:16:25:443 Send 06 
07-02-19 at 01:18:30:056 Send 05 
07-02-19 at 01:18:30:087 Recived 15 
07-02-19 at 01:18:30:087 Send 06 
07-02-19 at 01:18:30:118 Send 02 06 FF 39 1E 00 00 00 DE 
07-02-19 at 01:18:30:149 Recived 06 02 10 FF 39 00 05 00 0D 00 46 01 00 00 13 01 09 0A 19 91 
07-02-19 at 01:18:30:180 Send 06 
07-02-19 at 01:20:34:793 Send 05 
07-02-19 at 01:20:34:824 Recived 15 
07-02-19 at 01:20:34:824 Send 06 
07-02-19 at 01:20:34:856 Send 02 06 FF 39 1E 00 00 00 DE 
07-02-19 at 01:20:34:887 Recived 06 02 10 FF 39 00 05 00 0D 00 46 01 00 00 13 01 09 0A 19 91 
07-02-19 at 01:20:34:918 Send 06 
07-02-19 at 01:22:39:531 Send 05 
07-02-19 at 01:22:39:562 Recived 15 
07-02-19 at 01:22:39:562 Send 06 
07-02-19 at 01:22:39:593 Send 02 06 FF 39 1E 00 00 00 DE 
07-02-19 at 01:22:39:624 Recived 06 02 10 FF 39 00 05 00 0D 00 46 01 00 00 13 01 09 0A 19 91 
07-02-19 at 01:22:39:656 Send 06 
07-02-19 at 01:24:44:268 Send 05 
07-02-19 at 01:24:44:300 Recived 15 
07-02-19 at 01:24:44:300 Send 06 
07-02-19 at 01:24:44:331 Send 02 06 FF 39 1E 00 00 00 DE 
07-02-19 at 01:24:44:362 Recived 06 02 10 FF 39 00 05 00 0D 00 46 01 00 00 13 01 09 0A 19 91 
07-02-19 at 01:24:44:393 Send 06 
07-02-19 at 01:26:48:990 Send 05 
07-02-19 at 01:26:49:022 Recived 15 
07-02-19 at 01:26:49:022 Send 06 
07-02-19 at 01:26:49:053 Send 02 06 FF 39 1E 00 00 00 DE 
07-02-19 at 01:26:49:084 Recived 06 02 10 FF 39 00 05 00 0D 00 46 01 00 00 13 01 09 0A 19 91 
07-02-19 at 01:26:49:115 Send 06 
07-02-19 at 01:28:53:697 Send 05 
07-02-19 at 01:28:53:728 Recived 15 
07-02-19 at 01:28:53:728 Send 06 
07-02-19 at 01:28:53:759 Send 02 06 FF 39 1E 00 00 00 DE 
07-02-19 at 01:28:53:790 Recived 06 02 10 FF 39 00 05 00 0D 00 46 01 00 00 13 01 09 0A 19 91 
07-02-19 at 01:28:53:822 Send 06 
07-02-19 at 01:30:58:419 Send 05 
07-02-19 at 01:30:58:450 Recived 15 
07-02-19 at 01:30:58:450 Send 06 
07-02-19 at 01:30:58:481 Send 02 06 FF 39 1E 00 00 00 DE 
07-02-19 at 01:30:58:512 Recived 06 02 10 FF 39 00 05 00 0D 00 46 01 00 00 13 01 09 0A 19 91 
07-02-19 at 01:30:58:544 Send 06 
07-02-19 at 01:33:03:156 Send 05 
07-02-19 at 01:33:03:188 Recived 15 
07-02-19 at 01:33:03:188 Send 06 
07-02-19 at 01:33:03:219 Send 02 06 FF 39 1E 00 00 00 DE 
07-02-19 at 01:33:03:250 Recived 06 02 10 FF 39 00 05 00 0D 00 46 01 00 00 13 01 09 0A 19 91 
07-02-19 at 01:33:03:281 Send 06 
07-02-19 at 01:35:07:863 Send 05 
07-02-19 at 01:35:07:894 Recived 15 
07-02-19 at 01:35:07:894 Send 06 
07-02-19 at 01:35:07:925 Send 02 06 FF 39 1E 00 00 00 DE 
07-02-19 at 01:35:07:956 Recived 06 02 10 FF 39 00 05 00 0D 00 46 01 00 00 13 01 09 0A 19 91 
07-02-19 at 01:35:07:988 Send 06 
07-02-19 at 01:37:12:585 Send 05 
07-02-19 at 01:37:12:616 Recived 15 
07-02-19 at 01:37:12:616 Send 06 
07-02-19 at 01:37:12:647 Send 02 06 FF 39 1E 00 00 00 DE 
07-02-19 at 01:37:12:678 Recived 06 02 10 FF 39 00 05 00 0D 00 46 01 00 00 13 01 09 0A 19 91 
07-02-19 at 01:37:12:710 Send 06 
07-02-19 at 01:39:17:322 Send 05 
07-02-19 at 01:39:17:354 Recived 15 
07-02-19 at 01:39:17:354 Send 06 
07-02-19 at 01:39:17:385 Send 02 06 FF 39 1E 00 00 00 DE 
07-02-19 at 01:39:17:416 Recived 06 02 10 FF 39 00 02 00 0D 00 46 01 00 00 13 01 09 0A 19 96 
07-02-19 at 01:39:17:447 Send 06 
07-02-19 at 01:41:22:044 Send 05 
07-02-19 at 01:41:22:076 Recived 15 
07-02-19 at 01:41:22:076 Send 06 
07-02-19 at 01:41:22:107 Send 02 06 FF 39 1E 00 00 00 DE 
07-02-19 at 01:41:22:138 Recived 06 02 10 FF 39 00 05 00 0D 00 46 01 00 00 13 01 09 0A 19 91 
07-02-19 at 01:41:22:169 Send 06 
07-02-19 at 01:43:26:782 Send 05 
07-02-19 at 01:43:26:813 Recived 15 
07-02-19 at 01:43:26:813 Send 06 
07-02-19 at 01:43:26:844 Send 02 06 FF 39 1E 00 00 00 DE 
07-02-19 at 01:43:26:876 Recived 06 02 10 FF 39 00 05 00 0D 00 46 01 00 00 13 01 09 0A 19 91 
07-02-19 at 01:43:26:907 Send 06 
07-02-19 at 01:45:31:520 Send 05 
07-02-19 at 01:45:31:551 Recived 15 
07-02-19 at 01:45:31:551 Send 06 
07-02-19 at 01:45:31:582 Send 02 06 FF 39 1E 00 00 00 DE 
07-02-19 at 01:45:31:613 Recived 06 02 10 FF 39 00 05 00 0D 00 46 01 00 00 13 01 09 0A 19 91 
07-02-19 at 01:45:31:644 Send 06 
07-02-19 at 01:47:36:273 Send 05 
07-02-19 at 01:47:36:304 Recived 15 
07-02-19 at 01:47:36:304 Send 06 
07-02-19 at 01:47:36:335 Send 02 06 FF 39 1E 00 00 00 DE 
07-02-19 at 01:47:36:366 Recived 06 02 10 FF 39 00 05 00 0D 00 46 01 00 00 13 01 09 0A 19 91 
07-02-19 at 01:47:36:398 Send 06 
07-02-19 at 01:49:41:010 Send 05 
07-02-19 at 01:49:41:042 Recived 15 
07-02-19 at 01:49:41:042 Send 06 
07-02-19 at 01:49:41:073 Send 02 06 FF 39 1E 00 00 00 DE 
07-02-19 at 01:49:41:104 Recived 06 02 10 FF 39 00 02 00 0D 00 46 01 00 00 13 01 09 0A 19 96 
07-02-19 at 01:49:41:135 Send 06 
07-02-19 at 01:51:45:748 Send 05 
07-02-19 at 01:51:45:779 Recived 15 
07-02-19 at 01:51:45:779 Send 06 
07-02-19 at 01:51:45:810 Send 02 06 FF 39 1E 00 00 00 DE 
07-02-19 at 01:51:45:842 Recived 06 02 10 FF 39 00 05 00 0D 00 46 01 00 00 13 01 09 0A 19 91 
07-02-19 at 01:51:45:873 Send 06 
07-02-19 at 01:53:50:486 Send 05 
07-02-19 at 01:53:50:517 Recived 15 
07-02-19 at 01:53:50:517 Send 06 
07-02-19 at 01:53:50:548 Send 02 06 FF 39 1E 00 00 00 DE 
07-02-19 at 01:53:50:579 Recived 06 02 10 FF 39 00 05 00 0D 00 46 01 00 00 13 01 09 0A 19 91 
07-02-19 at 01:53:50:610 Send 06 
07-02-19 at 01:55:55:192 Send 05 
07-02-19 at 01:55:55:223 Recived 15 
07-02-19 at 01:55:55:223 Send 06 
07-02-19 at 01:55:55:254 Send 02 06 FF 39 1E 00 00 00 DE 
07-02-19 at 01:55:55:286 Recived 06 02 10 FF 39 00 05 00 0D 00 46 01 00 00 13 01 09 0A 19 91 
07-02-19 at 01:55:55:317 Send 06 
07-02-19 at 01:57:59:930 Send 05 
07-02-19 at 01:57:59:961 Recived 15 
07-02-19 at 01:57:59:961 Send 06 
07-02-19 at 01:57:59:992 Send 02 06 FF 39 1E 00 00 00 DE 
07-02-19 at 01:58:00:023 Recived 06 02 10 FF 39 00 05 00 0D 00 46 01 00 00 13 01 09 0A 19 91 
07-02-19 at 01:58:00:054 Send 06 
07-02-19 at 02:00:04:636 Send 05 
07-02-19 at 02:00:04:667 Recived 15 
07-02-19 at 02:00:04:667 Send 06 
07-02-19 at 02:00:04:698 Send 02 06 FF 39 1E 00 00 00 DE 
07-02-19 at 02:00:04:730 Recived 06 02 10 FF 39 00 05 00 0D 00 46 01 00 00 13 01 09 0A 19 91 
07-02-19 at 02:00:04:761 Send 06 
07-02-19 at 02:02:09:358 Send 05 
07-02-19 at 02:02:09:389 Recived 15 
07-02-19 at 02:02:09:389 Send 06 
07-02-19 at 02:02:09:420 Send 02 06 FF 39 1E 00 00 00 DE 
07-02-19 at 02:02:09:452 Recived 06 02 10 FF 39 00 05 00 0D 00 46 01 00 00 13 01 09 0A 19 91 
07-02-19 at 02:02:09:483 Send 06 
07-02-19 at 02:04:14:096 Send 05 
07-02-19 at 02:04:14:127 Recived 15 
07-02-19 at 02:04:14:127 Send 06 
07-02-19 at 02:04:14:158 Send 02 06 FF 39 1E 00 00 00 DE 
07-02-19 at 02:04:14:189 Recived 06 02 10 FF 39 00 05 00 0D 00 46 01 00 00 13 01 09 0A 19 91 
07-02-19 at 02:04:14:220 Send 06 
07-02-19 at 02:06:18:833 Send 05 
07-02-19 at 02:06:18:864 Recived 15 
07-02-19 at 02:06:18:864 Send 06 
07-02-19 at 02:06:18:896 Send 02 06 FF 39 1E 00 00 00 DE 
07-02-19 at 02:06:18:927 Recived 06 02 10 FF 39 00 05 00 0D 00 46 01 00 00 13 01 09 0A 19 91 
07-02-19 at 02:06:18:958 Send 06 
07-02-19 at 02:08:23:555 Send 05 
07-02-19 at 02:08:23:586 Recived 15 
07-02-19 at 02:08:23:586 Send 06 
07-02-19 at 02:08:23:618 Send 02 06 FF 39 1E 00 00 00 DE 
07-02-19 at 02:08:23:649 Recived 06 02 10 FF 39 00 05 00 0D 00 46 01 00 00 13 01 09 0A 19 91 
07-02-19 at 02:08:23:680 Send 06 
07-02-19 at 02:10:28:293 Send 05 
07-02-19 at 02:10:28:324 Recived 15 
07-02-19 at 02:10:28:324 Send 06 
07-02-19 at 02:10:28:355 Send 02 06 FF 39 1E 00 00 00 DE 
07-02-19 at 02:10:28:386 Recived 06 02 10 FF 39 00 05 00 0D 00 46 01 00 00 13 01 09 0A 19 91 
07-02-19 at 02:10:28:418 Send 06 
07-02-19 at 02:12:33:015 Send 05 
07-02-19 at 02:12:33:046 Recived 15 
07-02-19 at 02:12:33:046 Send 06 
07-02-19 at 02:12:33:077 Send 02 06 FF 39 1E 00 00 00 DE 
07-02-19 at 02:12:33:108 Recived 06 02 10 FF 39 00 05 00 0D 00 46 01 00 00 13 01 09 0A 19 91 
07-02-19 at 02:12:33:140 Send 06 
07-02-19 at 02:14:37:752 Send 05 
07-02-19 at 02:14:37:784 Recived 15 
07-02-19 at 02:14:37:784 Send 06 
07-02-19 at 02:14:37:815 Send 02 06 FF 39 1E 00 00 00 DE 
07-02-19 at 02:14:37:846 Recived 06 02 10 FF 39 00 05 00 0D 00 46 01 00 00 13 01 09 0A 19 91 
07-02-19 at 02:14:37:877 Send 06 
07-02-19 at 02:16:42:490 Send 05 
07-02-19 at 02:16:42:521 Recived 15 
07-02-19 at 02:16:42:521 Send 06 
07-02-19 at 02:16:42:552 Send 02 06 FF 39 1E 00 00 00 DE 
07-02-19 at 02:16:42:584 Recived 06 02 10 FF 39 00 02 00 0D 00 46 01 00 00 13 01 09 0A 19 96 
07-02-19 at 02:16:42:615 Send 06 
07-02-19 at 02:18:47:196 Send 05 
07-02-19 at 02:18:47:228 Recived 15 
07-02-19 at 02:18:47:228 Send 06 
07-02-19 at 02:18:47:259 Send 02 06 FF 39 1E 00 00 00 DE 
07-02-19 at 02:18:47:290 Recived 06 02 10 FF 39 00 05 00 0D 00 46 01 00 00 13 01 09 0A 19 91 
07-02-19 at 02:18:47:321 Send 06 
07-02-19 at 02:20:51:934 Send 05 
07-02-19 at 02:20:51:965 Recived 15 
07-02-19 at 02:20:51:965 Send 06 
07-02-19 at 02:20:51:996 Send 02 06 FF 39 1E 00 00 00 DE 
07-02-19 at 02:20:52:028 Recived 06 02 10 FF 39 00 05 00 0D 00 46 01 00 00 13 01 09 0A 19 91 
07-02-19 at 02:20:52:059 Send 06 
07-02-19 at 02:22:56:672 Send 05 
07-02-19 at 02:22:56:703 Recived 15 
07-02-19 at 02:22:56:703 Send 06 
07-02-19 at 02:22:56:734 Send 02 06 FF 39 1E 00 00 00 DE 
07-02-19 at 02:22:56:765 Recived 06 02 10 FF 39 00 05 00 0D 00 46 01 00 00 13 01 09 0A 19 91 
07-02-19 at 02:22:56:796 Send 06 
07-02-19 at 02:25:01:409 Send 05 
07-02-19 at 02:25:01:440 Recived 15 
07-02-19 at 02:25:01:440 Send 06 
07-02-19 at 02:25:01:472 Send 02 06 FF 39 1E 00 00 00 DE 
07-02-19 at 02:25:01:503 Recived 06 02 10 FF 39 00 05 00 0D 00 46 01 00 00 13 01 09 0A 19 91 
07-02-19 at 02:25:01:534 Send 06 
07-02-19 at 02:27:06:147 Send 05 
07-02-19 at 02:27:06:178 Recived 15 
07-02-19 at 02:27:06:178 Send 06 
07-02-19 at 02:27:06:209 Send 02 06 FF 39 1E 00 00 00 DE 
07-02-19 at 02:27:06:240 Recived 06 02 10 FF 39 00 05 00 0D 00 46 01 00 00 13 01 09 0A 19 91 
07-02-19 at 02:27:06:272 Send 06 
07-02-19 at 02:29:10:884 Send 05 
07-02-19 at 02:29:10:916 Recived 15 
07-02-19 at 02:29:10:916 Send 06 
07-02-19 at 02:29:10:947 Send 02 06 FF 39 1E 00 00 00 DE 
07-02-19 at 02:29:10:978 Recived 06 02 10 FF 39 00 05 00 0D 00 46 01 00 00 13 01 09 0A 19 91 
07-02-19 at 02:29:11:009 Send 06 
07-02-19 at 02:31:15:622 Send 05 
07-02-19 at 02:31:15:653 Recived 15 
07-02-19 at 02:31:15:653 Send 06 
07-02-19 at 02:31:15:684 Send 02 06 FF 39 1E 00 00 00 DE 
07-02-19 at 02:31:15:716 Recived 06 02 10 FF 39 00 05 00 0D 00 46 01 00 00 13 01 09 0A 19 91 
07-02-19 at 02:31:15:747 Send 06 
07-02-19 at 02:33:20:360 Send 05 
07-02-19 at 02:33:20:391 Recived 15 
07-02-19 at 02:33:20:391 Send 06 
07-02-19 at 02:33:20:422 Send 02 06 FF 39 1E 00 00 00 DE 
07-02-19 at 02:33:20:453 Recived 06 02 10 FF 39 00 05 00 0D 00 46 01 00 00 13 01 09 0A 19 91 
07-02-19 at 02:33:20:484 Send 06 
07-02-19 at 02:35:25:097 Send 05 
07-02-19 at 02:35:25:128 Recived 15 
07-02-19 at 02:35:25:128 Send 06 
07-02-19 at 02:35:25:160 Send 02 06 FF 39 1E 00 00 00 DE 
07-02-19 at 02:35:25:191 Recived 06 02 10 FF 39 00 05 00 0D 00 46 01 00 00 13 01 09 0A 19 91 
07-02-19 at 02:35:25:222 Send 06 
07-02-19 at 02:37:29:819 Send 05 
07-02-19 at 02:37:29:850 Recived 15 
07-02-19 at 02:37:29:850 Send 06 
07-02-19 at 02:37:29:882 Send 02 06 FF 39 1E 00 00 00 DE 
07-02-19 at 02:37:29:913 Recived 06 02 10 FF 39 00 05 00 0D 00 46 01 00 00 13 01 09 0A 19 91 
07-02-19 at 02:37:29:944 Send 06 
07-02-19 at 02:39:34:557 Send 05 
07-02-19 at 02:39:34:588 Recived 15 
07-02-19 at 02:39:34:588 Send 06 
07-02-19 at 02:39:34:619 Send 02 06 FF 39 1E 00 00 00 DE 
07-02-19 at 02:39:34:650 Recived 06 02 10 FF 39 00 05 00 0D 00 46 01 00 00 13 01 09 0A 19 91 
07-02-19 at 02:39:34:682 Send 06 
07-02-19 at 02:41:39:294 Send 05 
07-02-19 at 02:41:39:326 Recived 15 
07-02-19 at 02:41:39:326 Send 06 
07-02-19 at 02:41:39:357 Send 02 06 FF 39 1E 00 00 00 DE 
07-02-19 at 02:41:39:388 Recived 06 02 10 FF 39 00 05 00 0D 00 46 01 00 00 13 01 09 0A 19 91 
07-02-19 at 02:41:39:419 Send 06 
07-02-19 at 02:43:44:001 Send 05 
07-02-19 at 02:43:44:032 Recived 15 
07-02-19 at 02:43:44:032 Send 06 
07-02-19 at 02:43:44:063 Send 02 06 FF 39 1E 00 00 00 DE 
07-02-19 at 02:43:44:094 Recived 06 02 10 FF 39 00 05 00 0D 00 46 01 00 00 13 01 09 0A 19 91 
07-02-19 at 02:43:44:126 Send 06 
07-02-19 at 02:45:48:738 Send 05 
07-02-19 at 02:45:48:770 Recived 15 
07-02-19 at 02:45:48:770 Send 06 
07-02-19 at 02:45:48:801 Send 02 06 FF 39 1E 00 00 00 DE 
07-02-19 at 02:45:48:832 Recived 06 02 10 FF 39 00 05 00 0D 00 46 01 00 00 13 01 09 0A 19 91 
07-02-19 at 02:45:48:863 Send 06 
07-02-19 at 02:47:53:476 Send 05 
07-02-19 at 02:47:53:507 Recived 15 
07-02-19 at 02:47:53:507 Send 06 
07-02-19 at 02:47:53:538 Send 02 06 FF 39 1E 00 00 00 DE 
07-02-19 at 02:47:53:570 Recived 06 02 10 FF 39 00 05 00 0D 00 46 01 00 00 13 01 09 0A 19 91 
07-02-19 at 02:47:53:601 Send 06 
07-02-19 at 02:49:58:214 Send 05 
07-02-19 at 02:49:58:245 Recived 15 
07-02-19 at 02:49:58:245 Send 06 
07-02-19 at 02:49:58:276 Send 02 06 FF 39 1E 00 00 00 DE 
07-02-19 at 02:49:58:307 Recived 06 02 10 FF 39 00 05 00 0D 00 46 01 00 00 13 01 09 0A 19 91 
07-02-19 at 02:49:58:338 Send 06 
07-02-19 at 02:52:02:951 Send 05 
07-02-19 at 02:52:02:982 Recived 15 
07-02-19 at 02:52:02:982 Send 06 
07-02-19 at 02:52:03:014 Send 02 06 FF 39 1E 00 00 00 DE 
07-02-19 at 02:52:03:045 Recived 06 02 10 FF 39 00 05 00 0D 00 46 01 00 00 13 01 09 0A 19 91 
07-02-19 at 02:52:03:076 Send 06 
07-02-19 at 02:54:07:689 Send 05 
07-02-19 at 02:54:07:720 Recived 15 
07-02-19 at 02:54:07:720 Send 06 
07-02-19 at 02:54:07:751 Send 02 06 FF 39 1E 00 00 00 DE 
07-02-19 at 02:54:07:782 Recived 06 02 10 FF 39 00 02 00 0D 00 46 01 00 00 13 01 09 0A 19 96 
07-02-19 at 02:54:07:814 Send 06 
07-02-19 at 02:56:12:426 Send 05 
07-02-19 at 02:56:12:458 Recived 15 
07-02-19 at 02:56:12:458 Send 06 
07-02-19 at 02:56:12:489 Send 02 06 FF 39 1E 00 00 00 DE 
07-02-19 at 02:56:12:520 Recived 06 02 10 FF 39 00 05 00 0D 00 46 01 00 00 13 01 09 0A 19 91 
07-02-19 at 02:56:12:551 Send 06 
07-02-19 at 02:58:17:148 Send 05 
07-02-19 at 02:58:17:180 Recived 15 
07-02-19 at 02:58:17:180 Send 06 
07-02-19 at 02:58:17:211 Send 02 06 FF 39 1E 00 00 00 DE 
07-02-19 at 02:58:17:242 Recived 06 02 10 FF 39 00 05 00 0D 00 46 01 00 00 13 01 09 0A 19 91 
07-02-19 at 02:58:17:273 Send 06 
07-02-19 at 03:00:21:886 Send 05 
07-02-19 at 03:00:21:917 Recived 15 
07-02-19 at 03:00:21:917 Send 06 
07-02-19 at 03:00:21:948 Send 02 06 FF 39 1E 00 00 00 DE 
07-02-19 at 03:00:21:980 Recived 06 02 10 FF 39 00 05 00 0D 00 46 01 00 00 13 01 09 0A 19 91 
07-02-19 at 03:00:22:011 Send 06 
07-02-19 at 03:02:26:624 Send 05 
07-02-19 at 03:02:26:655 Recived 15 
07-02-19 at 03:02:26:655 Send 06 
07-02-19 at 03:02:26:686 Send 02 06 FF 39 1E 00 00 00 DE 
07-02-19 at 03:02:26:717 Recived 06 02 10 FF 39 00 05 00 0D 00 46 01 00 00 13 01 09 0A 19 91 
07-02-19 at 03:02:26:748 Send 06 
07-02-19 at 03:04:31:361 Send 05 
07-02-19 at 03:04:31:392 Recived 15 
07-02-19 at 03:04:31:392 Send 06 
07-02-19 at 03:04:31:424 Send 02 06 FF 39 1E 00 00 00 DE 
07-02-19 at 03:04:31:455 Recived 06 02 10 FF 39 00 05 00 0D 00 46 01 00 00 13 01 09 0A 19 91 
07-02-19 at 03:04:31:486 Send 06 
07-02-19 at 03:06:36:099 Send 05 
07-02-19 at 03:06:36:130 Recived 15 
07-02-19 at 03:06:36:130 Send 06 
07-02-19 at 03:06:36:161 Send 02 06 FF 39 1E 00 00 00 DE 
07-02-19 at 03:06:36:192 Recived 06 02 10 FF 39 00 05 00 0D 00 46 01 00 00 13 01 09 0A 19 91 
07-02-19 at 03:06:36:224 Send 06 
07-02-19 at 03:08:40:821 Send 05 
07-02-19 at 03:08:40:852 Recived 15 
07-02-19 at 03:08:40:852 Send 06 
07-02-19 at 03:08:40:883 Send 02 06 FF 39 1E 00 00 00 DE 
07-02-19 at 03:08:40:914 Recived 06 02 10 FF 39 00 05 00 0D 00 46 01 00 00 13 01 09 0A 19 91 
07-02-19 at 03:08:40:946 Send 06 
07-02-19 at 03:10:45:558 Send 05 
07-02-19 at 03:10:45:590 Recived 15 
07-02-19 at 03:10:45:590 Send 06 
07-02-19 at 03:10:45:621 Send 02 06 FF 39 1E 00 00 00 DE 
07-02-19 at 03:10:45:652 Recived 06 02 10 FF 39 00 05 00 0D 00 46 01 00 00 13 01 09 0A 19 91 
07-02-19 at 03:10:45:683 Send 06 
07-02-19 at 03:12:50:296 Send 05 
07-02-19 at 03:12:50:327 Recived 15 
07-02-19 at 03:12:50:327 Send 06 
07-02-19 at 03:12:50:358 Send 02 06 FF 39 1E 00 00 00 DE 
07-02-19 at 03:12:50:390 Recived 06 02 10 FF 39 00 05 00 0D 00 46 01 00 00 13 01 09 0A 19 91 
07-02-19 at 03:12:50:421 Send 06 
07-02-19 at 03:14:55:034 Send 05 
07-02-19 at 03:14:55:065 Recived 15 
07-02-19 at 03:14:55:065 Send 06 
07-02-19 at 03:14:55:096 Send 02 06 FF 39 1E 00 00 00 DE 
07-02-19 at 03:14:55:127 Recived 06 02 10 FF 39 00 05 00 0D 00 46 01 00 00 13 01 09 0A 19 91 
07-02-19 at 03:14:55:158 Send 06 
07-02-19 at 03:16:59:771 Send 05 
07-02-19 at 03:16:59:802 Recived 15 
07-02-19 at 03:16:59:802 Send 06 
07-02-19 at 03:16:59:834 Send 02 06 FF 39 1E 00 00 00 DE 
07-02-19 at 03:16:59:865 Recived 06 02 10 FF 39 00 05 00 0D 00 46 01 00 00 13 01 09 0A 19 91 
07-02-19 at 03:16:59:896 Send 06 
07-02-19 at 03:19:04:509 Send 05 
07-02-19 at 03:19:04:540 Recived 15 
07-02-19 at 03:19:04:540 Send 06 
07-02-19 at 03:19:04:571 Send 02 06 FF 39 1E 00 00 00 DE 
07-02-19 at 03:19:04:602 Recived 06 02 10 FF 39 00 05 00 0D 00 46 01 00 00 13 01 09 0A 19 91 
07-02-19 at 03:19:04:634 Send 06 
07-02-19 at 03:21:09:246 Send 05 
07-02-19 at 03:21:09:278 Recived 15 
07-02-19 at 03:21:09:278 Send 06 
07-02-19 at 03:21:09:309 Send 02 06 FF 39 1E 00 00 00 DE 
07-02-19 at 03:21:09:340 Recived 06 02 10 FF 39 00 05 00 0D 00 46 01 00 00 13 01 09 0A 19 91 
07-02-19 at 03:21:09:371 Send 06 
07-02-19 at 03:23:13:953 Send 05 
07-02-19 at 03:23:13:984 Recived 15 
07-02-19 at 03:23:13:984 Send 06 
07-02-19 at 03:23:14:015 Send 02 06 FF 39 1E 00 00 00 DE 
07-02-19 at 03:23:14:046 Recived 06 02 10 FF 39 00 05 00 0D 00 46 01 00 00 13 01 09 0A 19 91 
07-02-19 at 03:23:14:078 Send 06 
07-02-19 at 03:25:18:690 Send 05 
07-02-19 at 03:25:18:722 Recived 15 
07-02-19 at 03:25:18:722 Send 06 
07-02-19 at 03:25:18:753 Send 02 06 FF 39 1E 00 00 00 DE 
07-02-19 at 03:25:18:784 Recived 06 02 10 FF 39 00 05 00 0D 00 46 01 00 00 13 01 09 0A 19 91 
07-02-19 at 03:25:18:815 Send 06 
07-02-19 at 03:27:23:397 Send 05 
07-02-19 at 03:27:23:428 Recived 15 
07-02-19 at 03:27:23:428 Send 06 
07-02-19 at 03:27:23:459 Send 02 06 FF 39 1E 00 00 00 DE 
07-02-19 at 03:27:23:490 Recived 06 02 10 FF 39 00 05 00 0D 00 46 01 00 00 13 01 09 0A 19 91 
07-02-19 at 03:27:23:522 Send 06 
07-02-19 at 03:29:28:134 Send 05 
07-02-19 at 03:29:28:166 Recived 15 
07-02-19 at 03:29:28:166 Send 06 
07-02-19 at 03:29:28:197 Send 02 06 FF 39 1E 00 00 00 DE 
07-02-19 at 03:29:28:228 Recived 06 02 10 FF 39 00 05 00 0D 00 46 01 00 00 13 01 09 0A 19 91 
07-02-19 at 03:29:28:259 Send 06 
07-02-19 at 03:31:32:872 Send 05 
07-02-19 at 03:31:32:903 Recived 15 
07-02-19 at 03:31:32:903 Send 06 
07-02-19 at 03:31:32:934 Send 02 06 FF 39 1E 00 00 00 DE 
07-02-19 at 03:31:32:966 Recived 06 02 10 FF 39 00 05 00 0D 00 46 01 00 00 13 01 09 0A 19 91 
07-02-19 at 03:31:32:997 Send 06 
07-02-19 at 03:33:37:594 Send 05 
07-02-19 at 03:33:37:625 Recived 15 
07-02-19 at 03:33:37:625 Send 06 
07-02-19 at 03:33:37:656 Send 02 06 FF 39 1E 00 00 00 DE 
07-02-19 at 03:33:37:688 Recived 06 02 10 FF 39 00 05 00 0D 00 46 01 00 00 13 01 09 0A 19 91 
07-02-19 at 03:33:37:719 Send 06 
07-02-19 at 03:35:42:332 Send 05 
07-02-19 at 03:35:42:363 Recived 15 
07-02-19 at 03:35:42:363 Send 06 
07-02-19 at 03:35:42:394 Send 02 06 FF 39 1E 00 00 00 DE 
07-02-19 at 03:35:42:425 Recived 06 02 10 FF 39 00 05 00 0D 00 46 01 00 00 13 01 09 0A 19 91 
07-02-19 at 03:35:42:456 Send 06 
07-02-19 at 03:37:47:069 Send 05 
07-02-19 at 03:37:47:100 Recived 15 
07-02-19 at 03:37:47:100 Send 06 
07-02-19 at 03:37:47:132 Send 02 06 FF 39 1E 00 00 00 DE 
07-02-19 at 03:37:47:163 Recived 06 02 10 FF 39 00 05 00 0D 00 46 01 00 00 13 01 09 0A 19 91 
07-02-19 at 03:37:47:194 Send 06 
07-02-19 at 03:39:51:807 Send 05 
07-02-19 at 03:39:51:838 Recived 15 
07-02-19 at 03:39:51:838 Send 06 
07-02-19 at 03:39:51:869 Send 02 06 FF 39 1E 00 00 00 DE 
07-02-19 at 03:39:51:900 Recived 06 02 10 FF 39 00 05 00 0D 00 46 01 00 00 13 01 09 0A 19 91 
07-02-19 at 03:39:51:932 Send 06 
07-02-19 at 03:41:56:544 Send 05 
07-02-19 at 03:41:56:576 Recived 15 
07-02-19 at 03:41:56:576 Send 06 
07-02-19 at 03:41:56:607 Send 02 06 FF 39 1E 00 00 00 DE 
07-02-19 at 03:41:56:638 Recived 06 02 10 FF 39 00 05 00 0D 00 46 01 00 00 13 01 09 0A 19 91 
07-02-19 at 03:41:56:669 Send 06 
07-02-19 at 03:44:01:282 Send 05 
07-02-19 at 03:44:01:313 Recived 15 
07-02-19 at 03:44:01:313 Send 06 
07-02-19 at 03:44:01:344 Send 02 06 FF 39 1E 00 00 00 DE 
07-02-19 at 03:44:01:376 Recived 06 02 10 FF 39 00 05 00 0D 00 46 01 00 00 13 01 09 0A 19 91 
07-02-19 at 03:44:01:407 Send 06 
07-02-19 at 03:46:06:020 Send 05 
07-02-19 at 03:46:06:051 Recived 15 
07-02-19 at 03:46:06:051 Send 06 
07-02-19 at 03:46:06:082 Send 02 06 FF 39 1E 00 00 00 DE 
07-02-19 at 03:46:06:113 Recived 06 02 10 FF 39 00 05 00 0D 00 46 01 00 00 13 01 09 0A 19 91 
07-02-19 at 03:46:06:144 Send 06 
07-02-19 at 03:48:10:757 Send 05 
07-02-19 at 03:48:10:788 Recived 15 
07-02-19 at 03:48:10:788 Send 06 
07-02-19 at 03:48:10:820 Send 02 06 FF 39 1E 00 00 00 DE 
07-02-19 at 03:48:10:851 Recived 06 02 10 FF 39 00 05 00 0D 00 46 01 00 00 13 01 09 0A 19 91 
07-02-19 at 03:48:10:882 Send 06 
07-02-19 at 03:50:15:479 Send 05 
07-02-19 at 03:50:15:510 Recived 15 
07-02-19 at 03:50:15:510 Send 06 
07-02-19 at 03:50:15:542 Send 02 06 FF 39 1E 00 00 00 DE 
07-02-19 at 03:50:15:573 Recived 06 02 10 FF 39 00 05 00 0D 00 46 01 00 00 13 01 09 0A 19 91 
07-02-19 at 03:50:15:604 Send 06 
07-02-19 at 03:52:20:217 Send 05 
07-02-19 at 03:52:20:248 Recived 15 
07-02-19 at 03:52:20:248 Send 06 
07-02-19 at 03:52:20:279 Send 02 06 FF 39 1E 00 00 00 DE 
07-02-19 at 03:52:20:310 Recived 06 02 10 FF 39 00 05 00 0D 00 46 01 00 00 13 01 09 0A 19 91 
07-02-19 at 03:52:20:342 Send 06 
07-02-19 at 03:54:24:923 Send 05 
07-02-19 at 03:54:24:954 Recived 15 
07-02-19 at 03:54:24:954 Send 06 
07-02-19 at 03:54:24:986 Send 02 06 FF 39 1E 00 00 00 DE 
07-02-19 at 03:54:25:017 Recived 06 02 10 FF 39 00 05 00 0D 00 46 01 00 00 13 01 09 0A 19 91 
07-02-19 at 03:54:25:048 Send 06 
07-02-19 at 03:56:29:661 Send 05 
07-02-19 at 03:56:29:692 Recived 15 
07-02-19 at 03:56:29:692 Send 06 
07-02-19 at 03:56:29:723 Send 02 06 FF 39 1E 00 00 00 DE 
07-02-19 at 03:56:29:754 Recived 06 02 10 FF 39 00 05 00 0D 00 46 01 00 00 13 01 09 0A 19 91 
07-02-19 at 03:56:29:786 Send 06 
07-02-19 at 03:58:34:383 Send 05 
07-02-19 at 03:58:34:414 Recived 15 
07-02-19 at 03:58:34:414 Send 06 
07-02-19 at 03:58:34:445 Send 02 06 FF 39 1E 00 00 00 DE 
07-02-19 at 03:58:34:476 Recived 06 02 10 FF 39 00 05 00 0D 00 46 01 00 00 13 01 09 0A 19 91 
07-02-19 at 03:58:34:508 Send 06 
07-02-19 at 04:00:39:105 Send 05 
07-02-19 at 04:00:39:136 Recived 15 
07-02-19 at 04:00:39:136 Send 06 
07-02-19 at 04:00:39:167 Send 02 06 FF 39 1E 00 00 00 DE 
07-02-19 at 04:00:39:198 Recived 06 02 10 FF 39 00 05 00 0D 00 46 01 00 00 13 01 09 0A 19 91 
07-02-19 at 04:00:39:230 Send 06 
07-02-19 at 04:02:43:811 Send 05 
07-02-19 at 04:02:43:842 Recived 15 
07-02-19 at 04:02:43:842 Send 06 
07-02-19 at 04:02:43:874 Send 02 06 FF 39 1E 00 00 00 DE 
07-02-19 at 04:02:43:905 Recived 06 
07-02-19 at 04:02:43:936 Recived 02 10 FF 39 00 05 00 0D 00 46 01 00 00 13 01 09 0A 19 91 
07-02-19 at 04:02:43:967 Send 06 
07-02-19 at 04:04:48:580 Send 05 
07-02-19 at 04:04:48:611 Recived 15 
07-02-19 at 04:04:48:611 Send 06 
07-02-19 at 04:04:48:642 Send 02 06 FF 39 1E 00 00 00 DE 
07-02-19 at 04:04:48:674 Recived 06 02 10 FF 39 00 05 00 0D 00 46 01 00 00 13 01 09 0A 19 91 
07-02-19 at 04:04:48:705 Send 06 
07-02-19 at 04:06:53:318 Send 05 
07-02-19 at 04:06:53:349 Recived 15 
07-02-19 at 04:06:53:349 Send 06 
07-02-19 at 04:06:53:380 Send 02 06 FF 39 1E 00 00 00 DE 
07-02-19 at 04:06:53:411 Recived 06 02 10 FF 39 00 05 00 0D 00 46 01 00 00 13 01 09 0A 19 91 
07-02-19 at 04:06:53:442 Send 06 
07-02-19 at 04:08:58:055 Send 05 
07-02-19 at 04:08:58:086 Recived 15 
07-02-19 at 04:08:58:086 Send 06 
07-02-19 at 04:08:58:118 Send 02 06 FF 39 1E 00 00 00 DE 
07-02-19 at 04:08:58:149 Recived 06 02 10 FF 39 00 05 00 0D 00 46 01 00 00 13 01 09 0A 19 91 
07-02-19 at 04:08:58:180 Send 06 
07-02-19 at 04:11:02:762 Send 05 
07-02-19 at 04:11:02:793 Recived 15 
07-02-19 at 04:11:02:793 Send 06 
07-02-19 at 04:11:02:824 Send 02 06 FF 39 1E 00 00 00 DE 
07-02-19 at 04:11:02:855 Recived 06 
07-02-19 at 04:11:02:886 Recived 02 10 FF 39 00 05 00 0D 00 46 01 00 00 13 01 09 0A 19 91 
07-02-19 at 04:11:02:918 Send 06 
07-02-19 at 04:13:07:530 Send 05 
07-02-19 at 04:13:07:562 Recived 15 
07-02-19 at 04:13:07:562 Send 06 
07-02-19 at 04:13:07:593 Send 02 06 FF 39 1E 00 00 00 DE 
07-02-19 at 04:13:07:624 Recived 06 02 10 FF 39 00 05 00 0D 00 46 01 00 00 13 01 09 0A 19 91 
07-02-19 at 04:13:07:655 Send 06 
07-02-19 at 04:15:12:252 Send 05 
07-02-19 at 04:15:12:284 Recived 15 
07-02-19 at 04:15:12:284 Send 06 
07-02-19 at 04:15:12:315 Send 02 06 FF 39 1E 00 00 00 DE 
07-02-19 at 04:15:12:346 Recived 06 02 10 FF 39 00 05 00 0D 00 46 01 00 00 13 01 09 0A 19 91 
07-02-19 at 04:15:12:377 Send 06 
07-02-19 at 04:17:16:990 Send 05 
07-02-19 at 04:17:17:021 Recived 15 
07-02-19 at 04:17:17:021 Send 06 
07-02-19 at 04:17:17:052 Send 02 06 FF 39 1E 00 00 00 DE 
07-02-19 at 04:17:17:084 Recived 06 02 10 FF 39 00 05 00 0D 00 46 01 00 00 13 01 09 0A 19 91 
07-02-19 at 04:17:17:115 Send 06 
07-02-19 at 04:19:21:743 Send 05 
07-02-19 at 04:19:21:774 Recived 15 
07-02-19 at 04:19:21:774 Send 06 
07-02-19 at 04:19:21:806 Send 02 06 FF 39 1E 00 00 00 DE 
07-02-19 at 04:19:21:837 Recived 06 02 10 FF 39 00 05 00 0D 00 46 01 00 00 13 01 09 0A 19 91 
07-02-19 at 04:19:21:868 Send 06 
07-02-19 at 04:21:26:481 Send 05 
07-02-19 at 04:21:26:512 Recived 15 
07-02-19 at 04:21:26:512 Send 06 
07-02-19 at 04:21:26:543 Send 02 06 FF 39 1E 00 00 00 DE 
07-02-19 at 04:21:26:574 Recived 06 02 10 FF 39 00 02 00 0D 00 46 01 00 00 13 01 09 0A 19 96 
07-02-19 at 04:21:26:606 Send 06 
07-02-19 at 04:23:31:218 Send 05 
07-02-19 at 04:23:31:250 Recived 15 
07-02-19 at 04:23:31:250 Send 06 
07-02-19 at 04:23:31:281 Send 02 06 FF 39 1E 00 00 00 DE 
07-02-19 at 04:23:31:312 Recived 06 02 10 FF 39 00 05 00 0D 00 46 01 00 00 13 01 09 0A 19 91 
07-02-19 at 04:23:31:343 Send 06 
07-02-19 at 04:25:35:956 Send 05 
07-02-19 at 04:25:35:987 Recived 15 
07-02-19 at 04:25:35:987 Send 06 
07-02-19 at 04:25:36:018 Send 02 06 FF 39 1E 00 00 00 DE 
07-02-19 at 04:25:36:050 Recived 06 02 10 FF 39 00 05 00 0D 00 46 01 00 00 13 01 09 0A 19 91 
07-02-19 at 04:25:36:081 Send 06 
07-02-19 at 04:27:40:694 Send 05 
07-02-19 at 04:27:40:725 Recived 15 
07-02-19 at 04:27:40:725 Send 06 
07-02-19 at 04:27:40:756 Send 02 06 FF 39 1E 00 00 00 DE 
07-02-19 at 04:27:40:787 Recived 06 02 10 FF 39 00 05 00 0D 00 46 01 00 00 13 01 09 0A 19 91 
07-02-19 at 04:27:40:818 Send 06 
07-02-19 at 04:29:45:431 Send 05 
07-02-19 at 04:29:45:462 Recived 15 
07-02-19 at 04:29:45:462 Send 06 
07-02-19 at 04:29:45:494 Send 02 06 FF 39 1E 00 00 00 DE 
07-02-19 at 04:29:45:525 Recived 06 02 10 FF 39 00 05 00 0D 00 46 01 00 00 13 01 09 0A 19 91 
07-02-19 at 04:29:45:556 Send 06 
07-02-19 at 04:31:50:169 Send 05 
07-02-19 at 04:31:50:200 Recived 15 
07-02-19 at 04:31:50:200 Send 06 
07-02-19 at 04:31:50:231 Send 02 06 FF 39 1E 00 00 00 DE 
07-02-19 at 04:31:50:262 Recived 06 02 10 FF 39 00 05 00 0D 00 46 01 00 00 13 01 09 0A 19 91 
07-02-19 at 04:31:50:294 Send 06 
07-02-19 at 04:33:54:906 Send 05 
07-02-19 at 04:33:54:938 Recived 15 
07-02-19 at 04:33:54:938 Send 06 
07-02-19 at 04:33:54:969 Send 02 06 FF 39 1E 00 00 00 DE 
07-02-19 at 04:33:55:000 Recived 06 02 10 FF 39 00 05 00 0D 00 46 01 00 00 13 01 09 0A 19 91 
07-02-19 at 04:33:55:031 Send 06 
07-02-19 at 04:35:59:640 Send 05 
07-02-19 at 04:35:59:671 Recived 15 
07-02-19 at 04:35:59:671 Send 06 
07-02-19 at 04:35:59:702 Send 02 06 FF 39 1E 00 00 00 DE 
07-02-19 at 04:35:59:734 Recived 06 02 10 FF 39 00 05 00 0D 00 46 01 00 00 13 01 09 0A 19 91 
07-02-19 at 04:35:59:765 Send 06 
07-02-19 at 04:38:04:378 Send 05 
07-02-19 at 04:38:04:409 Recived 15 
07-02-19 at 04:38:04:409 Send 06 
07-02-19 at 04:38:04:440 Send 02 06 FF 39 1E 00 00 00 DE 
07-02-19 at 04:38:04:471 Recived 06 02 10 FF 39 00 05 00 0D 00 46 01 00 00 13 01 09 0A 19 91 
07-02-19 at 04:38:04:502 Send 06 
07-02-19 at 04:40:09:115 Send 05 
07-02-19 at 04:40:09:146 Recived 15 
07-02-19 at 04:40:09:146 Send 06 
07-02-19 at 04:40:09:178 Send 02 06 FF 39 1E 00 00 00 DE 
07-02-19 at 04:40:09:209 Recived 06 02 10 FF 39 00 02 00 0D 00 46 01 00 00 13 01 09 0A 19 96 
07-02-19 at 04:40:09:240 Send 06 
07-02-19 at 04:42:13:822 Send 05 
07-02-19 at 04:42:13:853 Recived 15 
07-02-19 at 04:42:13:853 Send 06 
07-02-19 at 04:42:13:884 Send 02 06 FF 39 1E 00 00 00 DE 
07-02-19 at 04:42:13:915 Recived 06 02 10 FF 39 00 05 00 0D 00 46 01 00 00 13 01 09 0A 19 91 
07-02-19 at 04:42:13:946 Send 06 
07-02-19 at 04:44:18:559 Send 05 
07-02-19 at 04:44:18:590 Recived 15 
07-02-19 at 04:44:18:590 Send 06 
07-02-19 at 04:44:18:622 Send 02 06 FF 39 1E 00 00 00 DE 
07-02-19 at 04:44:18:653 Recived 06 02 10 FF 39 00 05 00 0D 00 46 01 00 00 13 01 09 0A 19 91 
07-02-19 at 04:44:18:684 Send 06 
07-02-19 at 04:46:23:297 Send 05 
07-02-19 at 04:46:23:328 Recived 15 
07-02-19 at 04:46:23:328 Send 06 
07-02-19 at 04:46:23:359 Send 02 06 FF 39 1E 00 00 00 DE 
07-02-19 at 04:46:23:390 Recived 06 02 10 FF 39 00 05 00 0D 00 46 01 00 00 13 01 09 0A 19 91 
07-02-19 at 04:46:23:422 Send 06 
07-02-19 at 04:48:28:005 Send 05 
07-02-19 at 04:48:28:036 Recived 15 
07-02-19 at 04:48:28:036 Send 06 
07-02-19 at 04:48:28:067 Send 02 06 FF 39 1E 00 00 00 DE 
07-02-19 at 04:48:28:098 Recived 06 02 10 FF 39 00 05 00 0D 00 46 01 00 00 13 01 09 0A 19 91 
07-02-19 at 04:48:28:130 Send 06 
07-02-19 at 04:50:32:727 Send 05 
07-02-19 at 04:50:32:758 Recived 15 
07-02-19 at 04:50:32:758 Send 06 
07-02-19 at 04:50:32:789 Send 02 06 FF 39 1E 00 00 00 DE 
07-02-19 at 04:50:32:820 Recived 06 02 10 FF 39 00 05 00 0D 00 46 01 00 00 13 01 09 0A 19 91 
07-02-19 at 04:50:32:852 Send 06 
07-02-19 at 04:52:37:464 Send 05 
07-02-19 at 04:52:37:496 Recived 15 
07-02-19 at 04:52:37:496 Send 06 
07-02-19 at 04:52:37:527 Send 02 06 FF 39 1E 00 00 00 DE 
07-02-19 at 04:52:37:558 Recived 06 02 10 FF 39 00 05 00 0D 00 46 01 00 00 13 01 09 0A 19 91 
07-02-19 at 04:52:37:589 Send 06 
07-02-19 at 04:54:42:202 Send 05 
07-02-19 at 04:54:42:233 Recived 15 
07-02-19 at 04:54:42:233 Send 06 
07-02-19 at 04:54:42:264 Send 02 06 FF 39 1E 00 00 00 DE 
07-02-19 at 04:54:42:296 Recived 06 02 10 FF 39 00 05 00 0D 00 46 01 00 00 13 01 09 0A 19 91 
07-02-19 at 04:54:42:327 Send 06 
07-02-19 at 04:56:46:955 Send 05 
07-02-19 at 04:56:46:986 Recived 15 
07-02-19 at 04:56:46:986 Send 06 
07-02-19 at 04:56:47:018 Send 02 06 FF 39 1E 00 00 00 DE 
07-02-19 at 04:56:47:049 Recived 06 02 10 FF 39 00 02 00 0D 00 46 01 00 00 13 01 09 0A 19 96 
07-02-19 at 04:56:47:080 Send 06 
07-02-19 at 04:58:51:693 Send 05 
07-02-19 at 04:58:51:724 Recived 15 
07-02-19 at 04:58:51:724 Send 06 
07-02-19 at 04:58:51:755 Send 02 06 FF 39 1E 00 00 00 DE 
07-02-19 at 04:58:51:786 Recived 06 02 10 FF 39 00 05 00 0D 00 46 01 00 00 13 01 09 0A 19 91 
07-02-19 at 04:58:51:818 Send 06 
07-02-19 at 05:00:56:399 Send 05 
07-02-19 at 05:00:56:430 Recived 15 
07-02-19 at 05:00:56:430 Send 06 
07-02-19 at 05:00:56:462 Send 02 06 FF 39 1E 00 00 00 DE 
07-02-19 at 05:00:56:493 Recived 06 02 10 FF 39 00 05 00 0D 00 46 01 00 00 13 01 09 0A 19 91 
07-02-19 at 05:00:56:524 Send 06 
07-02-19 at 05:03:01:106 Send 05 
07-02-19 at 05:03:01:137 Recived 15 
07-02-19 at 05:03:01:137 Send 06 
07-02-19 at 05:03:01:168 Send 02 06 FF 39 1E 00 00 00 DE 
07-02-19 at 05:03:01:199 Recived 06 02 10 FF 39 00 05 00 0D 00 46 01 00 00 13 01 09 0A 19 91 
07-02-19 at 05:03:01:230 Send 06 
07-02-19 at 05:05:05:874 Send 05 
07-02-19 at 05:05:05:906 Recived 15 
07-02-19 at 05:05:05:906 Send 06 
07-02-19 at 05:05:05:937 Send 02 06 FF 39 1E 00 00 00 DE 
07-02-19 at 05:05:05:968 Recived 06 02 10 FF 39 00 05 00 0D 00 46 01 00 00 13 01 09 0A 19 91 
07-02-19 at 05:05:05:999 Send 06 
07-02-19 at 05:07:10:581 Send 05 
07-02-19 at 05:07:10:612 Recived 15 
07-02-19 at 05:07:10:612 Send 06 
07-02-19 at 05:07:10:643 Send 02 06 FF 39 1E 00 00 00 DE 
07-02-19 at 05:07:10:674 Recived 06 02 10 FF 39 00 05 00 0D 00 46 01 00 00 13 01 09 0A 19 91 
07-02-19 at 05:07:10:706 Send 06 
07-02-19 at 05:09:15:318 Send 05 
07-02-19 at 05:09:15:350 Recived 15 
07-02-19 at 05:09:15:350 Send 06 
07-02-19 at 05:09:15:381 Send 02 06 FF 39 1E 00 00 00 DE 
07-02-19 at 05:09:15:412 Recived 06 02 10 FF 39 00 05 00 0D 00 46 01 00 00 13 01 09 0A 19 91 
07-02-19 at 05:09:15:443 Send 06 
07-02-19 at 05:11:20:040 Send 05 
07-02-19 at 05:11:20:072 Recived 15 
07-02-19 at 05:11:20:072 Send 06 
07-02-19 at 05:11:20:103 Send 02 06 FF 39 1E 00 00 00 DE 
07-02-19 at 05:11:20:134 Recived 06 02 10 FF 39 00 05 00 0D 00 46 01 00 00 13 01 09 0A 19 91 
07-02-19 at 05:11:20:165 Send 06 
07-02-19 at 05:13:24:747 Send 05 
07-02-19 at 05:13:24:778 Recived 15 
07-02-19 at 05:13:24:778 Send 06 
07-02-19 at 05:13:24:809 Send 02 06 FF 39 1E 00 00 00 DE 
07-02-19 at 05:13:24:840 Recived 06 02 10 FF 39 00 05 00 0D 00 46 01 00 00 13 01 09 0A 19 91 
07-02-19 at 05:13:24:872 Send 06 
07-02-19 at 05:15:29:469 Send 05 
07-02-19 at 05:15:29:500 Recived 15 
07-02-19 at 05:15:29:500 Send 06 
07-02-19 at 05:15:29:531 Send 02 06 FF 39 1E 00 00 00 DE 
07-02-19 at 05:15:29:562 Recived 06 02 10 FF 39 00 05 00 0D 00 46 01 00 00 13 01 09 0A 19 91 
07-02-19 at 05:15:29:594 Send 06 
07-02-19 at 05:17:34:206 Send 05 
07-02-19 at 05:17:34:238 Recived 15 
07-02-19 at 05:17:34:238 Send 06 
07-02-19 at 05:17:34:269 Send 02 06 FF 39 1E 00 00 00 DE 
07-02-19 at 05:17:34:300 Recived 06 02 10 FF 39 00 05 00 0D 00 46 01 00 00 13 01 09 0A 19 91 
07-02-19 at 05:17:34:331 Send 06 
07-02-19 at 05:19:38:913 Send 05 
07-02-19 at 05:19:38:944 Recived 15 
07-02-19 at 05:19:38:944 Send 06 
07-02-19 at 05:19:38:975 Send 02 06 FF 39 1E 00 00 00 DE 
07-02-19 at 05:19:39:006 Recived 06 02 10 FF 39 00 05 00 0D 00 46 01 00 00 13 01 09 0A 19 91 
07-02-19 at 05:19:39:038 Send 06 
07-02-19 at 05:21:43:650 Send 05 
07-02-19 at 05:21:43:682 Recived 15 
07-02-19 at 05:21:43:682 Send 06 
07-02-19 at 05:21:43:713 Send 02 06 FF 39 1E 00 00 00 DE 
07-02-19 at 05:21:43:744 Recived 06 02 10 FF 39 00 05 00 0D 00 46 01 00 00 13 01 09 0A 19 91 
07-02-19 at 05:21:43:775 Send 06 
07-02-19 at 05:23:48:388 Send 05 
07-02-19 at 05:23:48:419 Recived 15 
07-02-19 at 05:23:48:419 Send 06 
07-02-19 at 05:23:48:450 Send 02 06 FF 39 1E 00 00 00 DE 
07-02-19 at 05:23:48:482 Recived 06 02 10 FF 39 00 05 00 0D 00 46 01 00 00 13 01 09 0A 19 91 
07-02-19 at 05:23:48:513 Send 06 
07-02-19 at 05:25:53:157 Send 05 
07-02-19 at 05:25:53:188 Recived 15 
07-02-19 at 05:25:53:188 Send 06 
07-02-19 at 05:25:53:219 Send 02 06 FF 39 1E 00 00 00 DE 
07-02-19 at 05:25:53:250 Recived 06 02 10 FF 39 00 05 00 0D 00 46 01 00 00 13 01 09 0A 19 91 
07-02-19 at 05:25:53:282 Send 06 
07-02-19 at 05:27:57:894 Send 05 
07-02-19 at 05:27:57:926 Recived 15 
07-02-19 at 05:27:57:926 Send 06 
07-02-19 at 05:27:57:957 Send 02 06 FF 39 1E 00 00 00 DE 
07-02-19 at 05:27:57:988 Recived 06 02 10 FF 39 00 05 00 0D 00 46 01 00 00 13 01 09 0A 19 91 
07-02-19 at 05:27:58:019 Send 06 
07-02-19 at 05:30:02:632 Send 05 
07-02-19 at 05:30:02:663 Recived 15 
07-02-19 at 05:30:02:663 Send 06 
07-02-19 at 05:30:02:694 Send 02 06 FF 39 1E 00 00 00 DE 
07-02-19 at 05:30:02:726 Recived 06 02 10 FF 39 00 02 00 0D 00 46 01 00 00 13 01 09 0A 19 96 
07-02-19 at 05:30:02:757 Send 06 
07-02-19 at 05:32:07:354 Send 05 
07-02-19 at 05:32:07:385 Recived 15 
07-02-19 at 05:32:07:385 Send 06 
07-02-19 at 05:32:07:416 Send 02 06 FF 39 1E 00 00 00 DE 
07-02-19 at 05:32:07:448 Recived 06 02 10 FF 39 00 05 00 0D 00 46 01 00 00 13 01 09 0A 19 91 
07-02-19 at 05:32:07:479 Send 06 
07-02-19 at 05:34:12:092 Send 05 
07-02-19 at 05:34:12:123 Recived 15 
07-02-19 at 05:34:12:123 Send 06 
07-02-19 at 05:34:12:154 Send 02 06 FF 39 1E 00 00 00 DE 
07-02-19 at 05:34:12:185 Recived 06 02 10 FF 39 00 05 00 0D 00 46 01 00 00 13 01 09 0A 19 91 
07-02-19 at 05:34:12:216 Send 06 
07-02-19 at 05:36:16:829 Send 05 
07-02-19 at 05:36:16:860 Recived 15 
07-02-19 at 05:36:16:860 Send 06 
07-02-19 at 05:36:16:892 Send 02 06 FF 39 1E 00 00 00 DE 
07-02-19 at 05:36:16:923 Recived 06 02 10 FF 39 00 05 00 0D 00 46 01 00 00 13 01 09 0A 19 91 
07-02-19 at 05:36:16:954 Send 06 
07-02-19 at 05:38:21:536 Send 05 
07-02-19 at 05:38:21:567 Recived 15 
07-02-19 at 05:38:21:567 Send 06 
07-02-19 at 05:38:21:598 Send 02 06 FF 39 1E 00 00 00 DE 
07-02-19 at 05:38:21:629 Recived 06 02 10 FF 39 00 05 00 0D 00 46 01 00 00 13 01 09 0A 19 91 
07-02-19 at 05:38:21:660 Send 06 
07-02-19 at 05:40:26:273 Send 05 
07-02-19 at 05:40:26:304 Recived 15 
07-02-19 at 05:40:26:304 Send 06 
07-02-19 at 05:40:26:336 Send 02 06 FF 39 1E 00 00 00 DE 
07-02-19 at 05:40:26:367 Recived 06 02 10 FF 39 00 05 00 0D 00 46 01 00 00 13 01 09 0A 19 91 
07-02-19 at 05:40:26:398 Send 06 
07-02-19 at 05:42:31:011 Send 05 
07-02-19 at 05:42:31:042 Recived 15 
07-02-19 at 05:42:31:042 Send 06 
07-02-19 at 05:42:31:073 Send 02 06 FF 39 1E 00 00 00 DE 
07-02-19 at 05:42:31:104 Recived 06 02 10 FF 39 00 05 00 0D 00 46 01 00 00 13 01 09 0A 19 91 
07-02-19 at 05:42:31:136 Send 06 
07-02-19 at 05:44:35:748 Send 05 
07-02-19 at 05:44:35:780 Recived 15 
07-02-19 at 05:44:35:780 Send 06 
07-02-19 at 05:44:35:811 Send 02 06 FF 39 1E 00 00 00 DE 
07-02-19 at 05:44:35:842 Recived 06 02 10 FF 39 00 05 00 0D 00 46 01 00 00 13 01 09 0A 19 91 
07-02-19 at 05:44:35:873 Send 06 
07-02-19 at 05:46:40:486 Send 05 
07-02-19 at 05:46:40:517 Recived 15 
07-02-19 at 05:46:40:517 Send 06 
07-02-19 at 05:46:40:548 Send 02 06 FF 39 1E 00 00 00 DE 
07-02-19 at 05:46:40:580 Recived 06 02 10 FF 39 00 05 00 0D 00 46 01 00 00 13 01 09 0A 19 91 
07-02-19 at 05:46:40:611 Send 06 
07-02-19 at 05:48:45:224 Send 05 
07-02-19 at 05:48:45:255 Recived 15 
07-02-19 at 05:48:45:255 Send 06 
07-02-19 at 05:48:45:286 Send 02 06 FF 39 1E 00 00 00 DE 
07-02-19 at 05:48:45:317 Recived 06 02 10 FF 39 00 02 00 0D 00 46 01 00 00 13 01 09 0A 19 96 
07-02-19 at 05:48:45:348 Send 06 
07-02-19 at 05:50:49:961 Send 05 
07-02-19 at 05:50:49:992 Recived 15 
07-02-19 at 05:50:49:992 Send 06 
07-02-19 at 05:50:50:024 Send 02 06 FF 39 1E 00 00 00 DE 
07-02-19 at 05:50:50:055 Recived 06 02 10 FF 39 00 05 00 0D 00 46 01 00 00 13 01 09 0A 19 91 
07-02-19 at 05:50:50:086 Send 06 
07-02-19 at 05:52:54:699 Send 05 
07-02-19 at 05:52:54:730 Recived 15 
07-02-19 at 05:52:54:730 Send 06 
07-02-19 at 05:52:54:761 Send 02 06 FF 39 1E 00 00 00 DE 
07-02-19 at 05:52:54:792 Recived 06 02 10 FF 39 00 05 00 0D 00 46 01 00 00 13 01 09 0A 19 91 
07-02-19 at 05:52:54:824 Send 06 
07-02-19 at 05:54:59:436 Send 05 
07-02-19 at 05:54:59:468 Recived 15 
07-02-19 at 05:54:59:468 Send 06 
07-02-19 at 05:54:59:499 Send 02 06 FF 39 1E 00 00 00 DE 
07-02-19 at 05:54:59:530 Recived 06 02 10 FF 39 00 05 00 0D 00 46 01 00 00 13 01 09 0A 19 91 
07-02-19 at 05:54:59:561 Send 06 
07-02-19 at 05:57:04:158 Send 05 
07-02-19 at 05:57:04:190 Recived 15 
07-02-19 at 05:57:04:190 Send 06 
07-02-19 at 05:57:04:221 Send 02 06 FF 39 1E 00 00 00 DE 
07-02-19 at 05:57:04:252 Recived 06 02 10 FF 39 00 05 00 0D 00 46 01 00 00 13 01 09 0A 19 91 
07-02-19 at 05:57:04:283 Send 06 
07-02-19 at 05:59:08:896 Send 05 
07-02-19 at 05:59:08:927 Recived 15 
07-02-19 at 05:59:08:927 Send 06 
07-02-19 at 05:59:08:958 Send 02 06 FF 39 1E 00 00 00 DE 
07-02-19 at 05:59:08:990 Recived 06 02 10 FF 39 00 02 00 0D 00 46 01 00 00 13 01 09 0A 19 96 
07-02-19 at 05:59:09:021 Send 06 
07-02-19 at 06:01:13:649 Send 05 
07-02-19 at 06:01:13:680 Recived 15 
07-02-19 at 06:01:13:680 Send 06 
07-02-19 at 06:01:13:712 Send 02 06 FF 39 1E 00 00 00 DE 
07-02-19 at 06:01:13:743 Recived 06 02 10 FF 39 00 05 00 0D 00 46 01 00 00 13 01 09 0A 19 91 
07-02-19 at 06:01:13:774 Send 06 
07-02-19 at 06:03:18:387 Send 05 
07-02-19 at 06:03:18:418 Recived 15 
07-02-19 at 06:03:18:418 Send 06 
07-02-19 at 06:03:18:449 Send 02 06 FF 39 1E 00 00 00 DE 
07-02-19 at 06:03:18:480 Recived 06 02 10 FF 39 00 05 00 0D 00 46 01 00 00 13 01 09 0A 19 91 
07-02-19 at 06:03:18:512 Send 06 
07-02-19 at 06:05:23:124 Send 05 
07-02-19 at 06:05:23:156 Recived 15 
07-02-19 at 06:05:23:156 Send 06 
07-02-19 at 06:05:23:187 Send 02 06 FF 39 1E 00 00 00 DE 
07-02-19 at 06:05:23:218 Recived 06 02 10 FF 39 00 05 00 0D 00 46 01 00 00 13 01 09 0A 19 91 
07-02-19 at 06:05:23:249 Send 06 
07-02-19 at 06:07:27:862 Send 05 
07-02-19 at 06:07:27:893 Recived 15 
07-02-19 at 06:07:27:893 Send 06 
07-02-19 at 06:07:27:924 Send 02 06 FF 39 1E 00 00 00 DE 
07-02-19 at 06:07:27:956 Recived 06 02 10 FF 39 00 05 00 0D 00 46 01 00 00 13 01 09 0A 19 91 
07-02-19 at 06:07:27:987 Send 06 
07-02-19 at 06:09:32:600 Send 05 
07-02-19 at 06:09:32:631 Recived 15 
07-02-19 at 06:09:32:631 Send 06 
07-02-19 at 06:09:32:662 Send 02 06 FF 39 1E 00 00 00 DE 
07-02-19 at 06:09:32:693 Recived 06 02 10 FF 39 00 05 00 0D 00 46 01 00 00 13 01 09 0A 19 91 
07-02-19 at 06:09:32:724 Send 06 
07-02-19 at 06:11:37:306 Send 05 
07-02-19 at 06:11:37:337 Recived 15 
07-02-19 at 06:11:37:337 Send 06 
07-02-19 at 06:11:37:368 Send 02 06 FF 39 1E 00 00 00 DE 
07-02-19 at 06:11:37:400 Recived 06 02 10 FF 39 00 05 00 0D 00 46 01 00 00 13 01 09 0A 19 91 
07-02-19 at 06:11:37:431 Send 06 
07-02-19 at 06:13:42:044 Send 05 
07-02-19 at 06:13:42:075 Recived 15 
07-02-19 at 06:13:42:075 Send 06 
07-02-19 at 06:13:42:106 Send 02 06 FF 39 1E 00 00 00 DE 
07-02-19 at 06:13:42:137 Recived 06 02 10 FF 39 00 05 00 0D 00 46 01 00 00 13 01 09 0A 19 91 
07-02-19 at 06:13:42:168 Send 06 
07-02-19 at 06:15:46:781 Send 05 
07-02-19 at 06:15:46:812 Recived 15 
07-02-19 at 06:15:46:812 Send 06 
07-02-19 at 06:15:46:844 Send 02 06 FF 39 1E 00 00 00 DE 
07-02-19 at 06:15:46:875 Recived 06 02 10 FF 39 00 05 00 0D 00 46 01 00 00 13 01 09 0A 19 91 
07-02-19 at 06:15:46:906 Send 06 
07-02-19 at 06:17:51:503 Send 05 
07-02-19 at 06:17:51:534 Recived 15 
07-02-19 at 06:17:51:534 Send 06 
07-02-19 at 06:17:51:566 Send 02 06 FF 39 1E 00 00 00 DE 
07-02-19 at 06:17:51:597 Recived 06 02 10 FF 39 00 02 00 0D 00 46 01 00 00 13 01 09 0A 19 96 
07-02-19 at 06:17:51:628 Send 06 
07-02-19 at 06:19:56:241 Send 05 
07-02-19 at 06:19:56:272 Recived 15 
07-02-19 at 06:19:56:272 Send 06 
07-02-19 at 06:19:56:303 Send 02 06 FF 39 1E 00 00 00 DE 
07-02-19 at 06:19:56:334 Recived 06 02 10 FF 39 00 05 00 0D 00 46 01 00 00 13 01 09 0A 19 91 
07-02-19 at 06:19:56:366 Send 06 
07-02-19 at 06:22:00:963 Send 05 
07-02-19 at 06:22:00:994 Recived 15 
07-02-19 at 06:22:00:994 Send 06 
07-02-19 at 06:22:01:025 Send 02 06 FF 39 1E 00 00 00 DE 
07-02-19 at 06:22:01:056 Recived 06 02 10 FF 39 00 05 00 0D 00 46 01 00 00 13 01 09 0A 19 91 
07-02-19 at 06:22:01:088 Send 06 
07-02-19 at 06:24:05:700 Send 05 
07-02-19 at 06:24:05:732 Recived 15 
07-02-19 at 06:24:05:732 Send 06 
07-02-19 at 06:24:05:763 Send 02 06 FF 39 1E 00 00 00 DE 
07-02-19 at 06:24:05:794 Recived 06 02 10 FF 39 00 05 00 0D 00 46 01 00 00 13 01 09 0A 19 91 
07-02-19 at 06:24:05:825 Send 06 
07-02-19 at 06:26:10:438 Send 05 
07-02-19 at 06:26:10:469 Recived 15 
07-02-19 at 06:26:10:469 Send 06 
07-02-19 at 06:26:10:500 Send 02 06 FF 39 1E 00 00 00 DE 
07-02-19 at 06:26:10:532 Recived 06 02 10 FF 39 00 05 00 0D 00 46 01 00 00 13 01 09 0A 19 91 
07-02-19 at 06:26:10:563 Send 06 
07-02-19 at 06:28:15:160 Send 05 
07-02-19 at 06:28:15:191 Recived 15 
07-02-19 at 06:28:15:191 Send 06 
07-02-19 at 06:28:15:222 Send 02 06 FF 39 1E 00 00 00 DE 
07-02-19 at 06:28:15:254 Recived 06 
07-02-19 at 06:28:15:285 Recived 02 10 FF 39 00 05 00 0D 00 46 01 00 00 13 01 09 0A 19 91 
07-02-19 at 06:28:15:316 Send 06 
07-02-19 at 06:30:19:929 Send 05 
07-02-19 at 06:30:19:960 Recived 15 
07-02-19 at 06:30:19:960 Send 06 
07-02-19 at 06:30:19:991 Send 02 06 FF 39 1E 00 00 00 DE 
07-02-19 at 06:30:20:022 Recived 06 02 10 FF 39 00 05 00 0D 00 46 01 00 00 13 01 09 0A 19 91 
07-02-19 at 06:30:20:054 Send 06 
07-02-19 at 06:32:24:651 Send 05 
07-02-19 at 06:32:24:682 Recived 15 
07-02-19 at 06:32:24:682 Send 06 
07-02-19 at 06:32:24:713 Send 02 06 FF 39 1E 00 00 00 DE 
07-02-19 at 06:32:24:744 Recived 06 02 10 FF 39 00 05 00 0D 00 46 01 00 00 13 01 09 0A 19 91 
07-02-19 at 06:32:24:776 Send 06 
07-02-19 at 06:34:29:388 Send 05 
07-02-19 at 06:34:29:420 Recived 15 
07-02-19 at 06:34:29:420 Send 06 
07-02-19 at 06:34:29:451 Send 02 06 FF 39 1E 00 00 00 DE 
07-02-19 at 06:34:29:482 Recived 06 02 10 FF 39 00 05 00 0D 00 46 01 00 00 13 01 09 0A 19 91 
07-02-19 at 06:34:29:513 Send 06 
07-02-19 at 06:36:34:126 Send 05 
07-02-19 at 06:36:34:157 Recived 15 
07-02-19 at 06:36:34:157 Send 06 
07-02-19 at 06:36:34:188 Send 02 06 FF 39 1E 00 00 00 DE 
07-02-19 at 06:36:34:220 Recived 06 02 10 FF 39 00 05 00 0D 00 46 01 00 00 13 01 09 0A 19 91 
07-02-19 at 06:36:34:251 Send 06 
07-02-19 at 06:38:38:832 Send 05 
07-02-19 at 06:38:38:864 Recived 15 
07-02-19 at 06:38:38:864 Send 06 
07-02-19 at 06:38:38:895 Send 02 06 FF 39 1E 00 00 00 DE 
07-02-19 at 06:38:38:926 Recived 06 02 10 FF 39 00 05 00 0D 00 46 01 00 00 13 01 09 0A 19 91 
07-02-19 at 06:38:38:957 Send 06 
07-02-19 at 06:40:43:570 Send 05 
07-02-19 at 06:40:43:601 Recived 15 
07-02-19 at 06:40:43:601 Send 06 
07-02-19 at 06:40:43:632 Send 02 06 FF 39 1E 00 00 00 DE 
07-02-19 at 06:40:43:664 Recived 06 02 10 FF 39 00 05 00 0D 00 46 01 00 00 13 01 09 0A 19 91 
07-02-19 at 06:40:43:695 Send 06 
07-02-19 at 06:42:48:276 Send 05 
07-02-19 at 06:42:48:308 Recived 15 
07-02-19 at 06:42:48:308 Send 06 
07-02-19 at 06:42:48:339 Send 02 06 FF 39 1E 00 00 00 DE 
07-02-19 at 06:42:48:370 Recived 06 02 10 FF 39 00 05 00 0D 00 46 01 00 00 13 01 09 0A 19 91 
07-02-19 at 06:42:48:401 Send 06 
07-02-19 at 06:44:53:014 Send 05 
07-02-19 at 06:44:53:045 Recived 15 
07-02-19 at 06:44:53:045 Send 06 
07-02-19 at 06:44:53:076 Send 02 06 FF 39 1E 00 00 00 DE 
07-02-19 at 06:44:53:108 Recived 06 02 10 FF 39 00 05 00 0D 00 46 01 00 00 13 01 09 0A 19 91 
07-02-19 at 06:44:53:139 Send 06 
07-02-19 at 06:46:57:752 Send 05 
07-02-19 at 06:46:57:783 Recived 15 
07-02-19 at 06:46:57:783 Send 06 
07-02-19 at 06:46:57:814 Send 02 06 FF 39 1E 00 00 00 DE 
07-02-19 at 06:46:57:845 Recived 06 02 10 FF 39 00 05 00 0D 00 46 01 00 00 13 01 09 0A 19 91 
07-02-19 at 06:46:57:876 Send 06 
07-02-19 at 06:49:02:474 Send 05 
07-02-19 at 06:49:02:505 Recived 15 
07-02-19 at 06:49:02:505 Send 06 
07-02-19 at 06:49:02:536 Send 02 06 FF 39 1E 00 00 00 DE 
07-02-19 at 06:49:02:567 Recived 06 02 10 FF 39 00 05 00 0D 00 46 01 00 00 13 01 09 0A 19 91 
07-02-19 at 06:49:02:598 Send 06 
07-02-19 at 06:51:07:211 Send 05 
07-02-19 at 06:51:07:242 Recived 15 
07-02-19 at 06:51:07:242 Send 06 
07-02-19 at 06:51:07:274 Send 02 06 FF 39 1E 00 00 00 DE 
07-02-19 at 06:51:07:305 Recived 06 
07-02-19 at 06:51:07:336 Recived 02 10 FF 39 00 05 00 0D 00 46 01 00 00 13 01 09 0A 19 91 
07-02-19 at 06:51:07:367 Send 06 
07-02-19 at 06:53:11:964 Send 05 
07-02-19 at 06:53:11:996 Recived 15 
07-02-19 at 06:53:11:996 Send 06 
07-02-19 at 06:53:12:027 Send 02 06 FF 39 1E 00 00 00 DE 
07-02-19 at 06:53:12:058 Recived 06 02 10 FF 39 00 05 00 0D 00 46 01 00 00 13 01 09 0A 19 91 
07-02-19 at 06:53:12:089 Send 06 
07-02-19 at 06:55:16:702 Send 05 
07-02-19 at 06:55:16:733 Recived 15 
07-02-19 at 06:55:16:733 Send 06 
07-02-19 at 06:55:16:764 Send 02 06 FF 39 1E 00 00 00 DE 
07-02-19 at 06:55:16:796 Recived 06 02 10 FF 39 00 05 00 0D 00 46 01 00 00 13 01 09 0A 19 91 
07-02-19 at 06:55:16:827 Send 06 
07-02-19 at 06:57:21:440 Send 05 
07-02-19 at 06:57:21:471 Recived 15 
07-02-19 at 06:57:21:471 Send 06 
07-02-19 at 06:57:21:502 Send 02 06 FF 39 1E 00 00 00 DE 
07-02-19 at 06:57:21:533 Recived 06 02 10 FF 39 00 05 00 0D 00 46 01 00 00 13 01 09 0A 19 91 
07-02-19 at 06:57:21:564 Send 06 
07-02-19 at 06:59:26:177 Send 05 
07-02-19 at 06:59:26:208 Recived 15 
07-02-19 at 06:59:26:208 Send 06 
07-02-19 at 06:59:26:240 Send 02 06 FF 39 1E 00 00 00 DE 
07-02-19 at 06:59:26:271 Recived 06 02 10 FF 39 00 05 00 0D 00 46 01 00 00 13 01 09 0A 19 91 
07-02-19 at 06:59:26:302 Send 06 
07-02-19 at 07:01:30:915 Send 05 
07-02-19 at 07:01:30:946 Recived 15 
07-02-19 at 07:01:30:946 Send 06 
07-02-19 at 07:01:30:977 Send 02 06 FF 39 1E 00 00 00 DE 
07-02-19 at 07:01:31:008 Recived 06 
07-02-19 at 07:01:31:040 Recived 02 10 FF 39 00 05 00 0D 00 46 01 00 00 13 01 09 0A 19 91 
07-02-19 at 07:01:31:071 Send 06 
07-02-19 at 07:03:35:668 Send 05 
07-02-19 at 07:03:35:699 Recived 15 
07-02-19 at 07:03:35:699 Send 06 
07-02-19 at 07:03:35:730 Send 02 06 FF 39 1E 00 00 00 DE 
07-02-19 at 07:03:35:762 Recived 06 02 10 FF 39 00 05 00 0D 00 46 01 00 00 13 01 09 0A 19 91 
07-02-19 at 07:03:35:793 Send 06 
07-02-19 at 07:05:40:374 Send 05 
07-02-19 at 07:05:40:406 Recived 15 
07-02-19 at 07:05:40:406 Send 06 
07-02-19 at 07:05:40:437 Send 02 06 FF 39 1E 00 00 00 DE 
07-02-19 at 07:05:40:468 Recived 06 02 10 FF 39 00 05 00 0D 00 46 01 00 00 13 01 09 0A 19 91 
07-02-19 at 07:05:40:499 Send 06 
07-02-19 at 07:07:45:096 Send 05 
07-02-19 at 07:07:45:128 Recived 15 
07-02-19 at 07:07:45:128 Send 06 
07-02-19 at 07:07:45:159 Send 02 06 FF 39 1E 00 00 00 DE 
07-02-19 at 07:07:45:190 Recived 06 02 10 FF 39 00 05 00 0D 00 46 01 00 00 13 01 09 0A 19 91 
07-02-19 at 07:07:45:221 Send 06 
07-02-19 at 07:09:49:834 Send 05 
07-02-19 at 07:09:49:865 Recived 15 
07-02-19 at 07:09:49:865 Send 06 
07-02-19 at 07:09:49:896 Send 02 06 FF 39 1E 00 00 00 DE 
07-02-19 at 07:09:49:928 Recived 06 02 10 FF 39 00 05 00 0D 00 46 01 00 00 13 01 09 0A 19 91 
07-02-19 at 07:09:49:959 Send 06 
07-02-19 at 07:11:54:540 Send 05 
07-02-19 at 07:11:54:572 Recived 15 
07-02-19 at 07:11:54:572 Send 06 
07-02-19 at 07:11:54:603 Send 02 06 FF 39 1E 00 00 00 DE 
07-02-19 at 07:11:54:634 Recived 06 02 10 FF 39 00 05 00 0D 00 46 01 00 00 13 01 09 0A 19 91 
07-02-19 at 07:11:54:665 Send 06 
07-02-19 at 07:13:59:309 Send 05 
07-02-19 at 07:13:59:340 Recived 15 
07-02-19 at 07:13:59:340 Send 06 
07-02-19 at 07:13:59:372 Send 02 06 FF 39 1E 00 00 00 DE 
07-02-19 at 07:13:59:403 Recived 06 02 10 FF 39 00 05 00 0D 00 46 01 00 00 13 01 09 0A 19 91 
07-02-19 at 07:13:59:434 Send 06 
07-02-19 at 07:16:04:047 Send 05 
07-02-19 at 07:16:04:078 Recived 15 
07-02-19 at 07:16:04:078 Send 06 
07-02-19 at 07:16:04:109 Send 02 06 FF 39 1E 00 00 00 DE 
07-02-19 at 07:16:04:140 Recived 06 02 10 FF 39 00 05 00 0D 00 46 01 00 00 13 01 09 0A 19 91 
07-02-19 at 07:16:04:172 Send 06 
07-02-19 at 07:18:08:769 Send 05 
07-02-19 at 07:18:08:800 Recived 15 
07-02-19 at 07:18:08:800 Send 06 
07-02-19 at 07:18:08:831 Send 02 06 FF 39 1E 00 00 00 DE 
07-02-19 at 07:18:08:862 Recived 06 02 10 FF 39 00 05 00 0D 00 46 01 00 00 13 01 09 0A 19 91 
07-02-19 at 07:18:08:894 Send 06 
07-02-19 at 07:20:13:506 Send 05 
07-02-19 at 07:20:13:538 Recived 15 
07-02-19 at 07:20:13:538 Send 06 
07-02-19 at 07:20:13:569 Send 02 06 FF 39 1E 00 00 00 DE 
07-02-19 at 07:20:13:600 Recived 06 02 10 FF 39 00 05 00 0D 00 46 01 00 00 13 01 09 0A 19 91 
07-02-19 at 07:20:13:631 Send 06 
07-02-19 at 07:22:18:244 Send 05 
07-02-19 at 07:22:18:275 Recived 15 
07-02-19 at 07:22:18:275 Send 06 
07-02-19 at 07:22:18:306 Send 02 06 FF 39 1E 00 00 00 DE 
07-02-19 at 07:22:18:338 Recived 06 02 10 FF 39 00 05 00 0D 00 46 01 00 00 13 01 09 0A 19 91 
07-02-19 at 07:22:18:369 Send 06 
07-02-19 at 07:24:22:966 Send 05 
07-02-19 at 07:24:22:997 Recived 15 
07-02-19 at 07:24:22:997 Send 06 
07-02-19 at 07:24:23:028 Send 02 06 FF 39 1E 00 00 00 DE 
07-02-19 at 07:24:23:060 Recived 06 02 10 FF 39 00 05 00 0D 00 46 01 00 00 13 01 09 0A 19 91 
07-02-19 at 07:24:23:091 Send 06 
07-02-19 at 07:26:27:704 Send 05 
07-02-19 at 07:26:27:735 Recived 15 
07-02-19 at 07:26:27:735 Send 06 
07-02-19 at 07:26:27:766 Send 02 06 FF 39 1E 00 00 00 DE 
07-02-19 at 07:26:27:797 Recived 06 02 10 FF 39 00 05 00 0D 00 46 01 00 00 13 01 09 0A 19 91 
07-02-19 at 07:26:27:828 Send 06 
07-02-19 at 07:28:32:426 Send 05 
07-02-19 at 07:28:32:457 Recived 15 
07-02-19 at 07:28:32:457 Send 06 
07-02-19 at 07:28:32:488 Send 02 06 FF 39 1E 00 00 00 DE 
07-02-19 at 07:28:32:519 Recived 06 02 10 FF 39 00 05 00 0D 00 46 01 00 00 13 01 09 0A 19 91 
07-02-19 at 07:28:32:550 Send 06 
07-02-19 at 07:30:37:163 Send 05 
07-02-19 at 07:30:37:194 Recived 15 
07-02-19 at 07:30:37:194 Send 06 
07-02-19 at 07:30:37:226 Send 02 06 FF 39 1E 00 00 00 DE 
07-02-19 at 07:30:37:257 Recived 06 02 10 FF 39 00 05 00 0D 00 46 01 00 00 13 01 09 0A 19 91 
07-02-19 at 07:30:37:288 Send 06 
07-02-19 at 07:32:41:901 Send 05 
07-02-19 at 07:32:41:932 Recived 15 
07-02-19 at 07:32:41:932 Send 06 
07-02-19 at 07:32:41:963 Send 02 06 FF 39 1E 00 00 00 DE 
07-02-19 at 07:32:41:994 Recived 06 02 10 FF 39 00 05 00 0D 00 46 01 00 00 13 01 09 0A 19 91 
07-02-19 at 07:32:42:026 Send 06 
07-02-19 at 07:34:46:638 Send 05 
07-02-19 at 07:34:46:670 Recived 15 
07-02-19 at 07:34:46:670 Send 06 
07-02-19 at 07:34:46:701 Send 02 06 FF 39 1E 00 00 00 DE 
07-02-19 at 07:34:46:732 Recived 06 
07-02-19 at 07:34:46:763 Recived 02 10 FF 39 00 05 00 0D 00 46 01 00 00 13 01 09 0A 19 91 
07-02-19 at 07:34:46:794 Send 06 
07-02-19 at 07:36:51:407 Send 05 
07-02-19 at 07:36:51:438 Recived 15 
07-02-19 at 07:36:51:438 Send 06 
07-02-19 at 07:36:51:470 Send 02 06 FF 39 1E 00 00 00 DE 
07-02-19 at 07:36:51:501 Recived 06 02 10 FF 39 00 05 00 0D 00 46 01 00 00 13 01 09 0A 19 91 
07-02-19 at 07:36:51:532 Send 06 
07-02-19 at 07:38:56:129 Send 05 
07-02-19 at 07:38:56:160 Recived 15 
07-02-19 at 07:38:56:160 Send 06 
07-02-19 at 07:38:56:192 Send 02 06 FF 39 1E 00 00 00 DE 
07-02-19 at 07:38:56:223 Recived 06 02 10 FF 39 00 05 00 0D 00 46 01 00 00 13 01 09 0A 19 91 
07-02-19 at 07:38:56:254 Send 06 
07-02-19 at 07:41:00:867 Send 05 
07-02-19 at 07:41:00:898 Recived 15 
07-02-19 at 07:41:00:898 Send 06 
07-02-19 at 07:41:00:929 Send 02 06 FF 39 1E 00 00 00 DE 
07-02-19 at 07:41:00:960 Recived 06 02 10 FF 39 00 05 00 0D 00 46 01 00 00 13 01 09 0A 19 91 
07-02-19 at 07:41:00:992 Send 06 
07-02-19 at 07:43:05:604 Send 05 
07-02-19 at 07:43:05:636 Recived 15 
07-02-19 at 07:43:05:636 Send 06 
07-02-19 at 07:43:05:667 Send 02 06 FF 39 1E 00 00 00 DE 
07-02-19 at 07:43:05:698 Recived 06 02 10 FF 39 00 05 00 0D 00 46 01 00 00 13 01 09 0A 19 91 
07-02-19 at 07:43:05:729 Send 06 
07-02-19 at 07:45:10:358 Send 05 
07-02-19 at 07:45:10:389 Recived 15 
07-02-19 at 07:45:10:389 Send 06 
07-02-19 at 07:45:10:420 Send 02 06 FF 39 1E 00 00 00 DE 
07-02-19 at 07:45:10:451 Recived 06 02 10 FF 39 00 05 00 0D 00 46 01 00 00 13 01 09 0A 19 91 
07-02-19 at 07:45:10:482 Send 06 
07-02-19 at 07:47:15:095 Send 05 
07-02-19 at 07:47:15:126 Recived 15 
07-02-19 at 07:47:15:126 Send 06 
07-02-19 at 07:47:15:158 Send 02 06 FF 39 1E 00 00 00 DE 
07-02-19 at 07:47:15:189 Recived 06 02 10 FF 39 00 05 00 0D 00 46 01 00 00 13 01 09 0A 19 91 
07-02-19 at 07:47:15:220 Send 06 
07-02-19 at 07:49:19:833 Send 05 
07-02-19 at 07:49:19:864 Recived 15 
07-02-19 at 07:49:19:864 Send 06 
07-02-19 at 07:49:19:895 Send 02 06 FF 39 1E 00 00 00 DE 
07-02-19 at 07:49:19:926 Recived 06 02 10 FF 39 00 02 00 0D 00 46 01 00 00 13 01 09 0A 19 96 
07-02-19 at 07:49:19:958 Send 06 
07-02-19 at 07:51:24:570 Send 05 
07-02-19 at 07:51:24:602 Recived 15 
07-02-19 at 07:51:24:602 Send 06 
07-02-19 at 07:51:24:633 Send 02 06 FF 39 1E 00 00 00 DE 
07-02-19 at 07:51:24:664 Recived 06 02 10 FF 39 00 05 00 0D 00 46 01 00 00 13 01 09 0A 19 91 
07-02-19 at 07:51:24:695 Send 06 
07-02-19 at 07:53:29:308 Send 05 
07-02-19 at 07:53:29:339 Recived 15 
07-02-19 at 07:53:29:339 Send 06 
07-02-19 at 07:53:29:370 Send 02 06 FF 39 1E 00 00 00 DE 
07-02-19 at 07:53:29:402 Recived 06 02 10 FF 39 00 05 00 0D 00 46 01 00 00 13 01 09 0A 19 91 
07-02-19 at 07:53:29:433 Send 06 
07-02-19 at 07:55:34:046 Send 05 
07-02-19 at 07:55:34:077 Recived 15 
07-02-19 at 07:55:34:077 Send 06 
07-02-19 at 07:55:34:108 Send 02 06 FF 39 1E 00 00 00 DE 
07-02-19 at 07:55:34:139 Recived 06 02 10 FF 39 00 05 00 0D 00 46 01 00 00 13 01 09 0A 19 91 
07-02-19 at 07:55:34:170 Send 06 
07-02-19 at 07:57:38:783 Send 05 
07-02-19 at 07:57:38:814 Recived 15 
07-02-19 at 07:57:38:814 Send 06 
07-02-19 at 07:57:38:846 Send 02 06 FF 39 1E 00 00 00 DE 
07-02-19 at 07:57:38:877 Recived 06 02 10 FF 39 00 05 00 0D 00 46 01 00 00 13 01 09 0A 19 91 
07-02-19 at 07:57:38:908 Send 06 
07-02-19 at 07:59:43:505 Send 05 
07-02-19 at 07:59:43:536 Recived 15 
07-02-19 at 07:59:43:536 Send 06 
07-02-19 at 07:59:43:568 Send 02 06 FF 39 1E 00 00 00 DE 
07-02-19 at 07:59:43:599 Recived 06 02 10 FF 39 00 05 00 0D 00 46 01 00 00 13 01 09 0A 19 91 
07-02-19 at 07:59:43:630 Send 06 
07-02-19 at 08:01:48:243 Send 05 
07-02-19 at 08:01:48:274 Recived 15 
07-02-19 at 08:01:48:274 Send 06 
07-02-19 at 08:01:48:305 Send 02 06 FF 39 1E 00 00 00 DE 
07-02-19 at 08:01:48:336 Recived 06 02 10 FF 39 00 02 00 0D 00 46 01 00 00 13 01 09 0A 19 96 
07-02-19 at 08:01:48:368 Send 06 
07-02-19 at 08:03:53:012 Send 05 
07-02-19 at 08:03:53:043 Recived 15 
07-02-19 at 08:03:53:043 Send 06 
07-02-19 at 08:03:53:074 Send 02 06 FF 39 1E 00 00 00 DE 
07-02-19 at 08:03:53:105 Recived 06 02 10 FF 39 00 05 00 0D 00 46 01 00 00 13 01 09 0A 19 91 
07-02-19 at 08:03:53:136 Send 06 
07-02-19 at 08:05:57:749 Send 05 
07-02-19 at 08:05:57:780 Recived 15 
07-02-19 at 08:05:57:780 Send 06 
07-02-19 at 08:05:57:812 Send 02 06 FF 39 1E 00 00 00 DE 
07-02-19 at 08:05:57:843 Recived 06 02 10 FF 39 00 05 00 0D 00 46 01 00 00 13 01 09 0A 19 91 
07-02-19 at 08:05:57:874 Send 06 
07-02-19 at 08:08:02:456 Send 05 
07-02-19 at 08:08:02:487 Recived 15 
07-02-19 at 08:08:02:487 Send 06 
07-02-19 at 08:08:02:518 Send 02 06 FF 39 1E 00 00 00 DE 
07-02-19 at 08:08:02:549 Recived 06 02 10 FF 39 00 05 00 0D 00 46 01 00 00 13 01 09 0A 19 91 
07-02-19 at 08:08:02:580 Send 06 
07-02-19 at 08:10:07:193 Send 05 
07-02-19 at 08:10:07:224 Recived 15 
07-02-19 at 08:10:07:224 Send 06 
07-02-19 at 08:10:07:256 Send 02 06 FF 39 1E 00 00 00 DE 
07-02-19 at 08:10:07:287 Recived 06 02 10 FF 39 00 05 00 0D 00 46 01 00 00 13 01 09 0A 19 91 
07-02-19 at 08:10:07:318 Send 06 
07-02-19 at 08:12:11:931 Send 05 
07-02-19 at 08:12:11:962 Recived 15 
07-02-19 at 08:12:11:962 Send 06 
07-02-19 at 08:12:11:993 Send 02 06 FF 39 1E 00 00 00 DE 
07-02-19 at 08:12:12:024 Recived 06 02 10 FF 39 00 05 00 0D 00 46 01 00 00 13 01 09 0A 19 91 
07-02-19 at 08:12:12:056 Send 06 
07-02-19 at 08:14:16:668 Send 05 
07-02-19 at 08:14:16:700 Recived 15 
07-02-19 at 08:14:16:700 Send 06 
07-02-19 at 08:14:16:731 Send 02 06 FF 39 1E 00 00 00 DE 
07-02-19 at 08:14:16:762 Recived 06 02 10 FF 39 00 05 00 0D 00 46 01 00 00 13 01 09 0A 19 91 
07-02-19 at 08:14:16:793 Send 06 
07-02-19 at 08:16:21:406 Send 05 
07-02-19 at 08:16:21:437 Recived 15 
07-02-19 at 08:16:21:437 Send 06 
07-02-19 at 08:16:21:468 Send 02 06 FF 39 1E 00 00 00 DE 
07-02-19 at 08:16:21:500 Recived 06 02 10 FF 39 00 05 00 0D 00 46 01 00 00 13 01 09 0A 19 91 
07-02-19 at 08:16:21:531 Send 06 
07-02-19 at 08:18:26:144 Send 05 
07-02-19 at 08:18:26:175 Recived 15 
07-02-19 at 08:18:26:175 Send 06 
07-02-19 at 08:18:26:206 Send 02 06 FF 39 1E 00 00 00 DE 
07-02-19 at 08:18:26:237 Recived 06 02 10 FF 39 00 05 00 0D 00 46 01 00 00 13 01 09 0A 19 91 
07-02-19 at 08:18:26:268 Send 06 
07-02-19 at 08:20:30:881 Send 05 
07-02-19 at 08:20:30:912 Recived 15 
07-02-19 at 08:20:30:912 Send 06 
07-02-19 at 08:20:30:944 Send 02 06 FF 39 1E 00 00 00 DE 
07-02-19 at 08:20:30:975 Recived 06 02 10 FF 39 00 05 00 0D 00 46 01 00 00 13 01 09 0A 19 91 
07-02-19 at 08:20:31:006 Send 06 
07-02-19 at 08:22:35:619 Send 05 
07-02-19 at 08:22:35:650 Recived 15 
07-02-19 at 08:22:35:650 Send 06 
07-02-19 at 08:22:35:681 Send 02 06 FF 39 1E 00 00 00 DE 
07-02-19 at 08:22:35:712 Recived 06 02 10 FF 39 00 02 00 0D 00 46 01 00 00 13 01 09 0A 19 96 
07-02-19 at 08:22:35:744 Send 06 
07-02-19 at 08:24:40:341 Send 05 
07-02-19 at 08:24:40:372 Recived 15 
07-02-19 at 08:24:40:372 Send 06 
07-02-19 at 08:24:40:403 Send 02 06 FF 39 1E 00 00 00 DE 
07-02-19 at 08:24:40:434 Recived 06 
07-02-19 at 08:24:40:497 Recived 02 10 FF 39 00 05 00 0D 00 46 01 00 00 13 01 09 0A 19 91 
07-02-19 at 08:24:40:528 Send 06 
07-02-19 at 08:26:45:141 Send 05 
07-02-19 at 08:26:45:172 Recived 15 
07-02-19 at 08:26:45:172 Send 06 
07-02-19 at 08:26:45:203 Send 02 06 FF 39 1E 00 00 00 DE 
07-02-19 at 08:26:45:234 Recived 06 02 10 FF 39 00 05 00 0D 00 46 01 00 00 13 01 09 0A 19 91 
07-02-19 at 08:26:45:266 Send 06 
07-02-19 at 08:28:49:878 Send 05 
07-02-19 at 08:28:49:910 Recived 15 
07-02-19 at 08:28:49:910 Send 06 
07-02-19 at 08:28:49:941 Send 02 06 FF 39 1E 00 00 00 DE 
07-02-19 at 08:28:49:972 Recived 06 02 10 FF 39 00 05 00 0D 00 46 01 00 00 13 01 09 0A 19 91 
07-02-19 at 08:28:50:003 Send 06 
07-02-19 at 08:30:54:600 Send 05 
07-02-19 at 08:30:54:632 Recived 15 
07-02-19 at 08:30:54:632 Send 06 
07-02-19 at 08:30:54:663 Send 02 06 FF 39 1E 00 00 00 DE 
07-02-19 at 08:30:54:694 Recived 06 02 10 FF 39 00 05 00 0D 00 46 01 00 00 13 01 09 0A 19 91 
07-02-19 at 08:30:54:725 Send 06 
07-02-19 at 08:32:59:338 Send 05 
07-02-19 at 08:32:59:369 Recived 15 
07-02-19 at 08:32:59:369 Send 06 
07-02-19 at 08:32:59:400 Send 02 06 FF 39 1E 00 00 00 DE 
07-02-19 at 08:32:59:432 Recived 06 02 10 FF 39 00 05 00 0D 00 46 01 00 00 13 01 09 0A 19 91 
07-02-19 at 08:32:59:463 Send 06 
07-02-19 at 08:35:04:091 Send 05 
07-02-19 at 08:35:04:122 Recived 15 
07-02-19 at 08:35:04:122 Send 06 
07-02-19 at 08:35:04:154 Send 02 06 FF 39 1E 00 00 00 DE 
07-02-19 at 08:35:04:185 Recived 06 02 10 FF 39 00 05 00 0D 00 46 01 00 00 13 01 09 0A 19 91 
07-02-19 at 08:35:04:216 Send 06 
07-02-19 at 08:37:08:829 Send 05 
07-02-19 at 08:37:08:860 Recived 15 
07-02-19 at 08:37:08:860 Send 06 
07-02-19 at 08:37:08:891 Send 02 06 FF 39 1E 00 00 00 DE 
07-02-19 at 08:37:08:922 Recived 06 02 10 FF 39 00 05 00 0D 00 46 01 00 00 13 01 09 0A 19 91 
07-02-19 at 08:37:08:954 Send 06 
07-02-19 at 08:39:13:566 Send 05 
07-02-19 at 08:39:13:598 Recived 15 
07-02-19 at 08:39:13:598 Send 06 
07-02-19 at 08:39:13:629 Send 02 06 FF 39 1E 00 00 00 DE 
07-02-19 at 08:39:13:660 Recived 06 02 10 FF 39 00 05 00 0D 00 46 01 00 00 13 01 09 0A 19 91 
07-02-19 at 08:39:13:691 Send 06 
07-02-19 at 08:41:18:335 Send 05 
07-02-19 at 08:41:18:366 Recived 15 
07-02-19 at 08:41:18:366 Send 06 
07-02-19 at 08:41:18:398 Send 02 06 FF 39 1E 00 00 00 DE 
07-02-19 at 08:41:18:429 Recived 06 02 10 FF 39 00 05 00 0D 00 46 01 00 00 13 01 09 0A 19 91 
07-02-19 at 08:41:18:460 Send 06 
07-02-19 at 08:43:23:073 Send 05 
07-02-19 at 08:43:23:104 Recived 15 
07-02-19 at 08:43:23:104 Send 06 
07-02-19 at 08:43:23:135 Send 02 06 FF 39 1E 00 00 00 DE 
07-02-19 at 08:43:23:166 Recived 06 02 10 FF 39 00 05 00 0D 00 46 01 00 00 13 01 09 0A 19 91 
07-02-19 at 08:43:23:198 Send 06 
07-02-19 at 08:45:27:795 Send 05 
07-02-19 at 08:45:27:826 Recived 15 
07-02-19 at 08:45:27:826 Send 06 
07-02-19 at 08:45:27:857 Send 02 06 FF 39 1E 00 00 00 DE 
07-02-19 at 08:45:27:888 Recived 06 02 10 FF 39 00 05 00 0D 00 46 01 00 00 13 01 09 0A 19 91 
07-02-19 at 08:45:27:920 Send 06 
07-02-19 at 08:47:32:532 Send 05 
07-02-19 at 08:47:32:564 Recived 15 
07-02-19 at 08:47:32:564 Send 06 
07-02-19 at 08:47:32:595 Send 02 06 FF 39 1E 00 00 00 DE 
07-02-19 at 08:47:32:626 Recived 06 02 10 FF 39 00 05 00 0D 00 46 01 00 00 13 01 09 0A 19 91 
07-02-19 at 08:47:32:657 Send 06 
07-02-19 at 08:49:37:270 Send 05 
07-02-19 at 08:49:37:301 Recived 15 
07-02-19 at 08:49:37:301 Send 06 
07-02-19 at 08:49:37:332 Send 02 06 FF 39 1E 00 00 00 DE 
07-02-19 at 08:49:37:364 Recived 06 02 10 FF 39 00 05 00 0D 00 46 01 00 00 13 01 09 0A 19 91 
07-02-19 at 08:49:37:395 Send 06 
07-02-19 at 08:51:41:976 Send 05 
07-02-19 at 08:51:42:008 Recived 15 
07-02-19 at 08:51:42:008 Send 06 
07-02-19 at 08:51:42:039 Send 02 06 FF 39 1E 00 00 00 DE 
07-02-19 at 08:51:42:070 Recived 06 02 10 FF 39 00 05 00 0D 00 46 01 00 00 13 01 09 0A 19 91 
07-02-19 at 08:51:42:101 Send 06 
07-02-19 at 08:53:46:657 Send 05 
07-02-19 at 08:53:46:688 Recived 15 
07-02-19 at 08:53:46:688 Send 06 
07-02-19 at 08:53:46:719 Send 02 06 FF 39 1E 00 00 00 DE 
07-02-19 at 08:53:46:751 Recived 06 
07-02-19 at 08:53:46:782 Recived 02 10 FF 39 00 05 00 0D 00 46 01 00 00 13 01 09 0A 19 91 
07-02-19 at 08:53:46:813 Send 06 
07-02-19 at 08:55:51:352 Send 05 
07-02-19 at 08:55:51:383 Recived 15 
07-02-19 at 08:55:51:383 Send 06 
07-02-19 at 08:55:51:414 Send 02 06 FF 39 1E 00 00 00 DE 
07-02-19 at 08:55:51:445 Recived 06 02 10 FF 39 00 05 00 0D 00 46 01 00 00 13 01 09 0A 19 91 
07-02-19 at 08:55:51:477 Send 06 
07-02-19 at 08:57:56:053 Send 05 
07-02-19 at 08:57:56:084 Recived 15 
07-02-19 at 08:57:56:084 Send 06 
07-02-19 at 08:57:56:115 Send 02 06 FF 39 1E 00 00 00 DE 
07-02-19 at 08:57:56:147 Recived 06 02 10 FF 39 00 05 00 0D 00 46 01 00 00 13 01 09 0A 19 91 
07-02-19 at 08:57:56:178 Send 06 
07-02-19 at 09:00:00:771 Send 05 
07-02-19 at 09:00:00:802 Recived 15 
07-02-19 at 09:00:00:802 Send 06 
07-02-19 at 09:00:00:833 Send 02 06 FF 39 1E 00 00 00 DE 
07-02-19 at 09:00:00:864 Recived 06 02 10 FF 39 00 05 00 0D 00 46 01 00 00 13 01 09 0A 19 91 
07-02-19 at 09:00:00:895 Send 06 
07-02-19 at 09:02:05:475 Send 05 
07-02-19 at 09:02:05:506 Recived 15 
07-02-19 at 09:02:05:506 Send 06 
07-02-19 at 09:02:05:537 Send 02 06 FF 39 1E 00 00 00 DE 
07-02-19 at 09:02:05:568 Recived 06 02 10 FF 39 00 05 00 0D 00 46 01 00 00 13 01 09 0A 19 91 
07-02-19 at 09:02:05:599 Send 06 
07-02-19 at 09:04:10:205 Send 05 
07-02-19 at 09:04:10:236 Recived 15 
07-02-19 at 09:04:10:236 Send 06 
07-02-19 at 09:04:10:267 Send 02 06 FF 39 1E 00 00 00 DE 
07-02-19 at 09:04:10:299 Recived 06 02 10 FF 39 00 02 00 0D 00 46 01 00 00 13 01 09 0A 19 96 
07-02-19 at 09:04:10:330 Send 06 
07-02-19 at 09:06:14:935 Send 05 
07-02-19 at 09:06:14:967 Recived 15 
07-02-19 at 09:06:14:967 Send 06 
07-02-19 at 09:06:14:998 Send 02 06 FF 39 1E 00 00 00 DE 
07-02-19 at 09:06:15:029 Recived 06 02 10 FF 39 00 05 00 0D 00 46 01 00 00 13 01 09 0A 19 91 
07-02-19 at 09:06:15:060 Send 06 
07-02-19 at 09:08:19:670 Send 05 
07-02-19 at 09:08:19:701 Recived 15 
07-02-19 at 09:08:19:701 Send 06 
07-02-19 at 09:08:19:733 Send 02 06 FF 39 1E 00 00 00 DE 
07-02-19 at 09:08:19:764 Recived 06 02 10 FF 39 00 05 00 0D 00 46 01 00 00 13 01 09 0A 19 91 
07-02-19 at 09:08:19:795 Send 06 
07-02-19 at 09:10:24:391 Send 05 
07-02-19 at 09:10:24:422 Recived 15 
07-02-19 at 09:10:24:422 Send 06 
07-02-19 at 09:10:24:453 Send 02 06 FF 39 1E 00 00 00 DE 
07-02-19 at 09:10:24:484 Recived 06 02 10 FF 39 00 05 00 0D 00 46 01 00 00 13 01 09 0A 19 91 
07-02-19 at 09:10:24:515 Send 06 
07-02-19 at 09:12:29:127 Send 05 
07-02-19 at 09:12:29:158 Recived 15 
07-02-19 at 09:12:29:158 Send 06 
07-02-19 at 09:12:29:190 Send 02 06 FF 39 1E 00 00 00 DE 
07-02-19 at 09:12:29:221 Recived 06 02 10 FF 39 00 05 00 0D 00 46 01 00 00 13 01 09 0A 19 91 
07-02-19 at 09:12:29:252 Send 06 
07-02-19 at 09:14:33:865 Send 05 
07-02-19 at 09:14:33:896 Recived 15 
07-02-19 at 09:14:33:896 Send 06 
07-02-19 at 09:14:33:927 Send 02 06 FF 39 1E 00 00 00 DE 
07-02-19 at 09:14:33:958 Recived 06 02 10 FF 39 00 05 00 0D 00 46 01 00 00 13 01 09 0A 19 91 
07-02-19 at 09:14:33:990 Send 06 
07-02-19 at 09:16:38:602 Send 05 
07-02-19 at 09:16:38:634 Recived 15 
07-02-19 at 09:16:38:634 Send 06 
07-02-19 at 09:16:38:665 Send 02 06 FF 39 1E 00 00 00 DE 
07-02-19 at 09:16:38:696 Recived 06 02 10 FF 39 00 05 00 0D 00 46 01 00 00 13 01 09 0A 19 91 
07-02-19 at 09:16:38:727 Send 06 
07-02-19 at 09:18:43:340 Send 05 
07-02-19 at 09:18:43:371 Recived 15 
07-02-19 at 09:18:43:371 Send 06 
07-02-19 at 09:18:43:402 Send 02 06 FF 39 1E 00 00 00 DE 
07-02-19 at 09:18:43:434 Recived 06 02 10 FF 39 00 05 00 0D 00 46 01 00 00 13 01 09 0A 19 91 
07-02-19 at 09:18:43:465 Send 06 
07-02-19 at 09:20:48:078 Send 05 
07-02-19 at 09:20:48:109 Recived 15 
07-02-19 at 09:20:48:109 Send 06 
07-02-19 at 09:20:48:140 Send 02 06 FF 39 1E 00 00 00 DE 
07-02-19 at 09:20:48:171 Recived 06 
07-02-19 at 09:20:48:202 Recived 02 10 FF 39 00 05 00 0D 00 46 01 00 00 13 01 09 0A 19 91 
07-02-19 at 09:20:48:234 Send 06 
07-02-19 at 09:22:52:846 Send 05 
07-02-19 at 09:22:52:878 Recived 15 
07-02-19 at 09:22:52:878 Send 06 
07-02-19 at 09:22:52:909 Send 02 06 FF 39 1E 00 00 00 DE 
07-02-19 at 09:22:52:940 Recived 06 02 10 FF 39 00 05 00 0D 00 46 01 00 00 13 01 09 0A 19 91 
07-02-19 at 09:22:52:971 Send 06 
07-02-19 at 09:24:57:553 Send 05 
07-02-19 at 09:24:57:584 Recived 15 
07-02-19 at 09:24:57:584 Send 06 
07-02-19 at 09:24:57:615 Send 02 06 FF 39 1E 00 00 00 DE 
07-02-19 at 09:24:57:646 Recived 06 02 10 FF 39 00 05 00 0D 00 46 01 00 00 13 01 09 0A 19 91 
07-02-19 at 09:24:57:678 Send 06 
07-02-19 at 09:27:02:275 Send 05 
07-02-19 at 09:27:02:306 Recived 15 
07-02-19 at 09:27:02:306 Send 06 
07-02-19 at 09:27:02:337 Send 02 06 FF 39 1E 00 00 00 DE 
07-02-19 at 09:27:02:368 Recived 06 02 10 FF 39 00 05 00 0D 00 46 01 00 00 13 01 09 0A 19 91 
07-02-19 at 09:27:02:400 Send 06 
07-02-19 at 09:29:07:012 Send 05 
07-02-19 at 09:29:07:044 Recived 15 
07-02-19 at 09:29:07:044 Send 06 
07-02-19 at 09:29:07:075 Send 02 06 FF 39 1E 00 00 00 DE 
07-02-19 at 09:29:07:106 Recived 06 02 10 FF 39 00 02 00 0D 00 46 01 00 00 13 01 09 0A 19 96 
07-02-19 at 09:29:07:137 Send 06 
07-02-19 at 09:31:11:750 Send 05 
07-02-19 at 09:31:11:781 Recived 15 
07-02-19 at 09:31:11:781 Send 06 
07-02-19 at 09:31:11:812 Send 02 06 FF 39 1E 00 00 00 DE 
07-02-19 at 09:31:11:844 Recived 06 02 10 FF 39 00 05 00 0D 00 46 01 00 00 13 01 09 0A 19 91 
07-02-19 at 09:31:11:875 Send 06 
07-02-19 at 09:33:16:488 Send 05 
07-02-19 at 09:33:16:519 Recived 15 
07-02-19 at 09:33:16:519 Send 06 
07-02-19 at 09:33:16:550 Send 02 06 FF 39 1E 00 00 00 DE 
07-02-19 at 09:33:16:581 Recived 06 02 10 FF 39 00 05 00 0D 00 46 01 00 00 13 01 09 0A 19 91 
07-02-19 at 09:33:16:612 Send 06 
07-02-19 at 09:35:21:225 Send 05 
07-02-19 at 09:35:21:256 Recived 15 
07-02-19 at 09:35:21:256 Send 06 
07-02-19 at 09:35:21:288 Send 02 06 FF 39 1E 00 00 00 DE 
07-02-19 at 09:35:21:319 Recived 06 02 10 FF 39 00 05 00 0D 00 46 01 00 00 13 01 09 0A 19 91 
07-02-19 at 09:35:21:350 Send 06 
07-02-19 at 09:37:25:947 Send 05 
07-02-19 at 09:37:25:978 Recived 15 
07-02-19 at 09:37:25:978 Send 06 
07-02-19 at 09:37:26:010 Send 02 06 FF 39 1E 00 00 00 DE 
07-02-19 at 09:37:26:041 Recived 06 02 10 FF 39 00 05 00 0D 00 46 01 00 00 13 01 09 0A 19 91 
07-02-19 at 09:37:26:072 Send 06 
07-02-19 at 09:39:30:685 Send 05 
07-02-19 at 09:39:30:716 Recived 15 
07-02-19 at 09:39:30:716 Send 06 
07-02-19 at 09:39:30:747 Send 02 06 FF 39 1E 00 00 00 DE 
07-02-19 at 09:39:30:778 Recived 06 02 10 FF 39 00 02 00 0D 00 46 01 00 00 13 01 09 0A 19 96 
07-02-19 at 09:39:30:810 Send 06 
07-02-19 at 09:41:35:422 Send 05 
07-02-19 at 09:41:35:454 Recived 15 
07-02-19 at 09:41:35:454 Send 06 
07-02-19 at 09:41:35:485 Send 02 06 FF 39 1E 00 00 00 DE 
07-02-19 at 09:41:35:516 Recived 06 02 10 FF 39 00 05 00 0D 00 46 01 00 00 13 01 09 0A 19 91 
07-02-19 at 09:41:35:547 Send 06 
07-02-19 at 09:43:40:160 Send 05 
07-02-19 at 09:43:40:191 Recived 15 
07-02-19 at 09:43:40:191 Send 06 
07-02-19 at 09:43:40:222 Send 02 06 FF 39 1E 00 00 00 DE 
07-02-19 at 09:43:40:254 Recived 06 02 10 FF 39 00 05 00 0D 00 46 01 00 00 13 01 09 0A 19 91 
07-02-19 at 09:43:40:285 Send 06 
07-02-19 at 09:45:44:898 Send 05 
07-02-19 at 09:45:44:929 Recived 15 
07-02-19 at 09:45:44:929 Send 06 
07-02-19 at 09:45:44:960 Send 02 06 FF 39 1E 00 00 00 DE 
07-02-19 at 09:45:44:991 Recived 06 02 10 FF 39 00 05 00 0D 00 46 01 00 00 13 01 09 0A 19 91 
07-02-19 at 09:45:45:022 Send 06 
07-02-19 at 09:47:49:606 Send 05 
07-02-19 at 09:47:49:637 Recived 15 
07-02-19 at 09:47:49:637 Send 06 
07-02-19 at 09:47:49:668 Send 02 06 FF 39 1E 00 00 00 DE 
07-02-19 at 09:47:49:699 Recived 06 02 10 FF 39 00 05 00 0D 00 46 01 00 00 13 01 09 0A 19 91 
07-02-19 at 09:47:49:730 Send 06 
07-02-19 at 09:49:54:343 Send 05 
07-02-19 at 09:49:54:374 Recived 15 
07-02-19 at 09:49:54:374 Send 06 
07-02-19 at 09:49:54:406 Send 02 06 FF 39 1E 00 00 00 DE 
07-02-19 at 09:49:54:437 Recived 06 02 10 FF 39 00 02 00 0D 00 46 01 00 00 13 01 09 0A 19 96 
07-02-19 at 09:49:54:468 Send 06 
07-02-19 at 09:51:59:081 Send 05 
07-02-19 at 09:51:59:112 Recived 15 
07-02-19 at 09:51:59:112 Send 06 
07-02-19 at 09:51:59:143 Send 02 06 FF 39 1E 00 00 00 DE 
07-02-19 at 09:51:59:174 Recived 06 02 10 FF 39 00 05 00 0D 00 46 01 00 00 13 01 09 0A 19 91 
07-02-19 at 09:51:59:206 Send 06 
07-02-19 at 09:54:03:818 Send 05 
07-02-19 at 09:54:03:850 Recived 15 
07-02-19 at 09:54:03:850 Send 06 
07-02-19 at 09:54:03:881 Send 02 06 FF 39 1E 00 00 00 DE 
07-02-19 at 09:54:03:912 Recived 06 02 10 FF 39 00 05 00 0D 00 46 01 00 00 13 01 09 0A 19 91 
07-02-19 at 09:54:03:943 Send 06 
07-02-19 at 09:56:08:556 Send 05 
07-02-19 at 09:56:08:587 Recived 15 
07-02-19 at 09:56:08:587 Send 06 
07-02-19 at 09:56:08:618 Send 02 06 FF 39 1E 00 00 00 DE 
07-02-19 at 09:56:08:665 Recived 06 02 10 FF 39 00 05 00 0D 00 46 01 00 00 13 01 09 0A 19 91 
07-02-19 at 09:56:08:696 Send 06 
07-02-19 at 09:58:13:278 Send 05 
07-02-19 at 09:58:13:309 Recived 15 
07-02-19 at 09:58:13:309 Send 06 
07-02-19 at 09:58:13:340 Send 02 06 FF 39 1E 00 00 00 DE 
07-02-19 at 09:58:13:372 Recived 06 02 10 FF 39 00 05 00 0D 00 46 01 00 00 13 01 09 0A 19 91 
07-02-19 at 09:58:13:403 Send 06 
07-02-19 at 10:00:18:016 Send 05 
07-02-19 at 10:00:18:047 Recived 15 
07-02-19 at 10:00:18:047 Send 06 
07-02-19 at 10:00:18:078 Send 02 06 FF 39 1E 00 00 00 DE 
07-02-19 at 10:00:18:109 Recived 06 02 10 FF 39 00 05 00 0D 00 46 01 00 00 13 01 09 0A 19 91 
07-02-19 at 10:00:18:140 Send 06 
07-02-19 at 10:02:22:753 Send 05 
07-02-19 at 10:02:22:784 Recived 15 
07-02-19 at 10:02:22:784 Send 06 
07-02-19 at 10:02:22:816 Send 02 06 FF 39 1E 00 00 00 DE 
07-02-19 at 10:02:22:847 Recived 06 02 10 FF 39 00 05 00 0D 00 46 01 00 00 13 01 09 0A 19 91 
07-02-19 at 10:02:22:878 Send 06 
07-02-19 at 10:04:27:491 Send 05 
07-02-19 at 10:04:27:522 Recived 15 
07-02-19 at 10:04:27:522 Send 06 
07-02-19 at 10:04:27:553 Send 02 06 FF 39 1E 00 00 00 DE 
07-02-19 at 10:04:27:584 Recived 06 02 10 FF 39 00 05 00 0D 00 46 01 00 00 13 01 09 0A 19 91 
07-02-19 at 10:04:27:616 Send 06 
07-02-19 at 10:06:32:228 Send 05 
07-02-19 at 10:06:32:260 Recived 15 
07-02-19 at 10:06:32:260 Send 06 
07-02-19 at 10:06:32:291 Send 02 06 FF 39 1E 00 00 00 DE 
07-02-19 at 10:06:32:322 Recived 06 02 10 FF 39 00 05 00 0D 00 46 01 00 00 13 01 09 0A 19 91 
07-02-19 at 10:06:32:353 Send 06 
07-02-19 at 10:08:36:966 Send 05 
07-02-19 at 10:08:36:997 Recived 15 
07-02-19 at 10:08:36:997 Send 06 
07-02-19 at 10:08:37:028 Send 02 06 FF 39 1E 00 00 00 DE 
07-02-19 at 10:08:37:060 Recived 06 02 10 FF 39 00 05 00 0D 00 46 01 00 00 13 01 09 0A 19 91 
07-02-19 at 10:08:37:091 Send 06 
07-02-19 at 10:10:41:704 Send 05 
07-02-19 at 10:10:41:735 Recived 15 
07-02-19 at 10:10:41:735 Send 06 
07-02-19 at 10:10:41:766 Send 02 06 FF 39 1E 00 00 00 DE 
07-02-19 at 10:10:41:797 Recived 06 02 10 FF 39 00 05 00 0D 00 46 01 00 00 13 01 09 0A 19 91 
07-02-19 at 10:10:41:828 Send 06 
07-02-19 at 10:12:46:459 Send 05 
07-02-19 at 10:12:46:490 Recived 15 
07-02-19 at 10:12:46:490 Send 06 
07-02-19 at 10:12:46:521 Send 02 06 FF 39 1E 00 00 00 DE 
07-02-19 at 10:12:46:552 Recived 06 02 10 FF 39 00 05 00 0D 00 46 01 00 00 13 01 09 0A 19 91 
07-02-19 at 10:12:46:583 Send 06 
07-02-19 at 10:14:51:196 Send 05 
07-02-19 at 10:14:51:227 Recived 15 
07-02-19 at 10:14:51:227 Send 06 
07-02-19 at 10:14:51:259 Send 02 06 FF 39 1E 00 00 00 DE 
07-02-19 at 10:14:51:290 Recived 06 02 10 FF 39 00 05 00 0D 00 46 01 00 00 13 01 09 0A 19 91 
07-02-19 at 10:14:51:321 Send 06 
07-02-19 at 10:15:59:296 total calculated
07-02-19 at 10:15:59:303 now show on display
07-02-19 at 10:15:59:303     29:        551.00
07-02-19 at 10:15:59:304 now clear port error ...
07-02-19 at 10:15:59:304 now write to port ...
07-02-19 at 10:15:59:321 ... done
07-02-19 at 10:15:59:323 total calculated
07-02-19 at 10:15:59:326 now show on display
07-02-19 at 10:15:59:327     29:        551.00
07-02-19 at 10:15:59:327 now clear port error ...
07-02-19 at 10:15:59:327 now write to port ...
07-02-19 at 10:15:59:344 ... done
07-02-19 at 10:15:59:348   
07-02-19 at 10:15:59:349   
