23-04-19 at 09:22:33:339 Запуск программы. Инициализация считана из файла
23-04-19 at 09:22:33:340 total calculated
23-04-19 at 09:22:33:340 now show on display
23-04-19 at 09:22:33:340                     Всего:          0.00
23-04-19 at 09:22:33:340 now open port for display
23-04-19 at 09:22:33:341 Com port opened
23-04-19 at 09:22:33:341 now clear port error ...
23-04-19 at 09:22:33:341 now write to port ...
23-04-19 at 09:22:33:582 ... done
23-04-19 at 09:22:33:583 Чек сжат
23-04-19 at 09:22:33:583 Сумма чека посчитана
23-04-19 at 09:22:33:584 Кардридер создан
23-04-19 at 09:22:33:584 Задание запуска модулей создано
23-04-19 at 09:22:33:584 Сканер создан
23-04-19 at 09:22:33:585 Запуск потока обмена COM-порта
23-04-19 at 09:22:33:585 Регистратор создан
23-04-19 at 09:22:33:598 Часы созданы
23-04-19 at 09:22:33:599 Регистратор запущен
23-04-19 at 09:22:33:599 Сканер запущен
23-04-19 at 09:22:33:599 Часы запущены
23-04-19 at 09:22:33:600 Кардридер запущен
23-04-19 at 09:22:33:600 Передача данных запущена
23-04-19 at 09:22:33:601 Вход в FRInit mstar
23-04-19 at 09:22:33:602 Вход в GetStatus
23-04-19 at 09:22:33:624 Send 05 
23-04-19 at 09:22:33:644 Recived 15 
23-04-19 at 09:22:33:644 Send 06 
23-04-19 at 09:22:33:664 Send 02 05 11 1E 00 00 00 0A 
23-04-19 at 09:22:33:684 Recived 06 02 30 11 00 1E 43 31 A5 EB 18 0A 12 01 22 00 92 02 03 00 00 4E 41 00 00 01 01 10 17 04 13 09 16 20 00 2E 5D 00 00 51 00 00 00 00 00 D2 E9 1E 42 01 00 D7 
23-04-19 at 09:22:33:704 Send 06 
23-04-19 at 09:22:33:709 KKMStatus 0000
23-04-19 at 09:22:33:724 Send 05 
23-04-19 at 09:22:33:744 Recived 15 
23-04-19 at 09:22:33:744 Send 06 
23-04-19 at 09:22:33:764 Send 02 05 11 1E 00 00 00 0A 
23-04-19 at 09:22:33:784 Recived 06 02 30 11 00 1E 43 31 A5 EB 18 0A 12 01 22 00 92 02 03 00 00 4E 41 00 00 01 01 10 17 04 13 09 16 20 00 2E 5D 00 00 51 00 00 00 00 00 D2 E9 1E 42 01 00 D7 
23-04-19 at 09:22:33:804 Send 06 
23-04-19 at 09:22:33:809 KKMStatus 0300
23-04-19 at 09:22:33:809 Номер ФР считан
23-04-19 at 09:22:33:998 СУБД подключена
23-04-19 at 09:22:34:028 Send 05 
23-04-19 at 09:22:34:048 Recived 15 
23-04-19 at 09:22:34:048 Send 06 
23-04-19 at 09:22:34:068 Send 02 18 1E 1E 00 00 00 05 03 00 01 CA 41 D0 D2 CE C9 20 56 49 53 41 2F 4D 43 00 9D 
23-04-19 at 09:22:34:089 Recived 06 02 02 1E 00 1C 
23-04-19 at 09:22:34:109 Send 06 
23-04-19 at 09:22:34:129 Send 05 
23-04-19 at 09:22:34:149 Recived 15 
23-04-19 at 09:22:34:149 Send 06 
23-04-19 at 09:22:34:169 Send 02 19 1E 1E 00 00 00 05 04 00 01 C4 D0 D3 C3 C8 CC C8 20 CA C0 D0 D2 C0 CC C8 00 3D 
23-04-19 at 09:22:34:190 Recived 06 02 02 1E 00 1C 
23-04-19 at 09:22:34:210 Send 06 
23-04-19 at 09:22:34:230 Send 05 
23-04-19 at 09:22:34:250 Recived 15 
23-04-19 at 09:22:34:250 Send 06 
23-04-19 at 09:22:34:270 Send 02 1E 1E 1E 00 00 00 05 0E 00 01 CF CE C4 C0 D0 CE D7 CD DB CC C8 20 CA C0 D0 D2 C0 CC C8 00 01 27 
23-04-19 at 09:22:34:293 Recived 06 02 02 1E 00 1C 
23-04-19 at 09:22:34:313 Send 06 
23-04-19 at 09:22:34:333 Send 05 
23-04-19 at 09:22:34:353 Recived 15 
23-04-19 at 09:22:34:353 Send 06 
23-04-19 at 09:22:34:373 Send 02 0B 1E 1E 00 00 00 01 01 00 01 01 00 0B 
23-04-19 at 09:22:34:393 Recived 06 02 02 1E 00 1C 
23-04-19 at 09:22:34:413 Send 06 
23-04-19 at 09:22:34:433 Send 05 
23-04-19 at 09:22:34:453 Recived 15 
23-04-19 at 09:22:34:453 Send 06 
23-04-19 at 09:22:34:473 Send 02 0B 1E 1E 00 00 00 01 01 00 05 02 00 0C 
23-04-19 at 09:22:34:493 Recived 06 02 02 1E 00 1C 
23-04-19 at 09:22:34:513 Send 06 
23-04-19 at 09:22:34:533 Send 05 
23-04-19 at 09:22:34:553 Recived 15 
23-04-19 at 09:22:34:553 Send 06 
23-04-19 at 09:22:34:573 Send 02 0B 1E 1E 00 00 00 01 01 00 23 01 00 29 
23-04-19 at 09:22:34:593 Recived 06 02 02 1E 00 1C 
23-04-19 at 09:22:34:613 Send 06 
23-04-19 at 09:22:34:633 Send 05 
23-04-19 at 09:22:34:653 Recived 15 
23-04-19 at 09:22:34:653 Send 06 
23-04-19 at 09:22:34:673 Send 02 0B 1E 1E 00 00 00 01 01 00 06 00 00 0D 
23-04-19 at 09:22:34:693 Recived 06 02 02 1E 00 1C 
23-04-19 at 09:22:34:713 Send 06 
23-04-19 at 09:22:34:733 Send 05 
23-04-19 at 09:22:34:753 Recived 15 
23-04-19 at 09:22:34:753 Send 06 
23-04-19 at 09:22:34:773 Send 02 0B 1E 1E 00 00 00 01 01 00 07 01 00 0D 
23-04-19 at 09:22:34:793 Recived 06 02 02 1E 00 1C 
23-04-19 at 09:22:34:813 Send 06 
23-04-19 at 09:22:34:833 Send 05 
23-04-19 at 09:22:34:853 Recived 15 
23-04-19 at 09:22:34:853 Send 06 
23-04-19 at 09:22:34:873 Send 02 0B 1E 1E 00 00 00 01 01 00 14 01 00 1E 
23-04-19 at 09:22:34:893 Recived 06 02 02 1E 00 1C 
23-04-19 at 09:22:34:913 Send 06 
23-04-19 at 09:22:34:933 Send 05 
23-04-19 at 09:22:34:953 Recived 15 
23-04-19 at 09:22:34:953 Send 06 
23-04-19 at 09:22:34:973 Send 02 0B 1E 1E 00 00 00 01 01 00 15 01 00 1F 
23-04-19 at 09:22:34:993 Recived 06 02 02 1E 00 1C 
23-04-19 at 09:22:35:013 Send 06 
23-04-19 at 09:22:35:033 Send 05 
23-04-19 at 09:22:35:053 Recived 15 
23-04-19 at 09:22:35:053 Send 06 
23-04-19 at 09:22:35:073 Send 02 0B 1E 1E 00 00 00 01 01 00 0F 00 00 04 
23-04-19 at 09:22:35:093 Recived 06 02 02 1E 00 1C 
23-04-19 at 09:22:35:113 Send 06 
23-04-19 at 09:22:35:133 Send 05 
23-04-19 at 09:22:35:153 Recived 15 
23-04-19 at 09:22:35:153 Send 06 
23-04-19 at 09:22:35:173 Send 02 0B 1E 1E 00 00 00 01 01 00 11 00 00 1A 
23-04-19 at 09:22:35:193 Recived 06 02 02 1E 00 1C 
23-04-19 at 09:22:35:213 Send 06 
23-04-19 at 09:22:35:233 Send 05 
23-04-19 at 09:22:35:253 Recived 15 
23-04-19 at 09:22:35:253 Send 06 
23-04-19 at 09:22:35:273 Send 02 0B 1E 1E 00 00 00 11 01 00 03 02 00 1A 
23-04-19 at 09:22:35:293 Recived 06 02 02 1E 00 1C 
23-04-19 at 09:22:35:313 Send 06 
23-04-19 at 09:22:35:333 Send 05 
23-04-19 at 09:22:35:353 Recived 15 
23-04-19 at 09:22:35:353 Send 06 
23-04-19 at 09:22:35:373 Send 02 0B 1E 1E 00 00 00 11 01 00 0C 00 00 17 
23-04-19 at 09:22:35:393 Recived 06 02 02 1E 00 1C 
23-04-19 at 09:22:35:413 Send 06 
23-04-19 at 09:22:35:433 Send 05 
23-04-19 at 09:22:35:453 Recived 15 
23-04-19 at 09:22:35:453 Send 06 
23-04-19 at 09:22:35:473 Send 02 0B 1E 1E 00 00 00 01 01 00 29 01 00 23 
23-04-19 at 09:22:35:493 Recived 06 02 02 1E 00 1C 
23-04-19 at 09:22:35:513 Send 06 
23-04-19 at 09:22:35:533 Send 05 
23-04-19 at 09:22:35:553 Recived 15 
23-04-19 at 09:22:35:553 Send 06 
23-04-19 at 09:22:35:573 Send 02 27 1E 1E 00 00 00 04 0C 00 01 20 20 20 20 20 20 20 20 20 20 20 C4 CE C1 D0 CE 20 CF CE C6 C0 CB CE C2 C0 D2 DC 21 00 00 D4 
23-04-19 at 09:22:35:596 Recived 06 02 02 1E 00 1C 
23-04-19 at 09:22:35:616 Send 06 
23-04-19 at 09:22:35:636 Send 05 
23-04-19 at 09:22:35:656 Recived 15 
23-04-19 at 09:22:35:656 Send 06 
23-04-19 at 09:22:35:676 Send 02 2A 1E 1E 00 00 00 04 0D 00 01 20 20 20 20 20 20 20 20 CE CE CE 20 CA EE EC EF E0 ED E8 FF 20 27 CA CE CB CE D0 CB CE CD 27 00 32 FA 
23-04-19 at 09:22:35:699 Recived 06 02 02 1E 00 1C 
23-04-19 at 09:22:35:719 Send 06 
23-04-19 at 09:22:35:739 Send 05 
23-04-19 at 09:22:35:759 Recived 15 
23-04-19 at 09:22:35:759 Send 06 
23-04-19 at 09:22:35:779 Send 02 2E 1E 1E 00 00 00 04 0E 00 01 20 20 20 20 20 CC E0 E3 E0 E7 E8 ED 20 27 C2 F1 E5 20 F2 EE E2 E0 F0 FB 20 E4 EB FF 20 E4 EE EC E0 27 20 00 26 FB 
23-04-19 at 09:22:35:803 Recived 06 02 02 1E 00 1C 
23-04-19 at 09:22:35:823 Send 06 
23-04-19 at 09:22:35:872 now clear port error ...
23-04-19 at 09:22:35:872 now write to port ...
23-04-19 at 09:22:36:113 ... done
23-04-19 at 09:22:36:163 Send 05 
23-04-19 at 09:22:36:183 Recived 15 
23-04-19 at 09:22:36:183 Send 06 
23-04-19 at 09:22:36:203 Send 02 06 1A 1E 00 00 00 C1 C3 
23-04-19 at 09:22:36:223 Recived 06 02 09 1A 00 1E 74 6C 01 00 00 00 14 
23-04-19 at 09:22:36:243 Send 06 
23-04-19 at 09:22:36:263 Send 05 
23-04-19 at 09:22:36:283 Recived 15 
23-04-19 at 09:22:36:283 Send 06 
23-04-19 at 09:22:36:303 Send 02 06 1A 1E 00 00 00 C1 C3 
23-04-19 at 09:22:36:323 Recived 06 02 09 1A 00 1E 74 6C 01 00 00 00 14 
23-04-19 at 09:22:36:343 Send 06 
23-04-19 at 09:22:36:363 Send 05 
23-04-19 at 09:22:36:383 Recived 15 
23-04-19 at 09:22:36:383 Send 06 
23-04-19 at 09:22:36:403 Send 02 06 1A 1E 00 00 00 C3 C1 
23-04-19 at 09:22:36:423 Recived 06 02 09 1A 00 1E 00 00 00 00 00 00 0D 
23-04-19 at 09:22:36:443 Send 06 
23-04-19 at 09:22:36:463 Send 05 
23-04-19 at 09:22:36:483 Recived 15 
23-04-19 at 09:22:36:483 Send 06 
23-04-19 at 09:22:36:503 Send 02 06 1A 1E 00 00 00 C3 C1 
23-04-19 at 09:22:36:523 Recived 06 02 09 1A 00 1E 00 00 00 00 00 00 0D 
23-04-19 at 09:22:36:543 Send 06 
23-04-19 at 09:22:36:563 Send 05 
23-04-19 at 09:22:36:583 Recived 15 
23-04-19 at 09:22:36:583 Send 06 
23-04-19 at 09:22:36:603 Send 02 06 1A 1E 00 00 00 C5 C7 
23-04-19 at 09:22:36:623 Recived 06 02 09 1A 00 1E 00 00 00 00 00 00 0D 
23-04-19 at 09:22:36:643 Send 06 
23-04-19 at 09:22:36:663 Send 05 
23-04-19 at 09:22:36:683 Recived 15 
23-04-19 at 09:22:36:683 Send 06 
23-04-19 at 09:22:36:703 Send 02 06 1A 1E 00 00 00 C5 C7 
23-04-19 at 09:22:36:723 Recived 06 02 09 1A 00 1E 00 00 00 00 00 00 0D 
23-04-19 at 09:22:36:743 Send 06 
23-04-19 at 09:22:36:763 Send 05 
23-04-19 at 09:22:36:783 Recived 15 
23-04-19 at 09:22:36:783 Send 06 
23-04-19 at 09:22:36:803 Send 02 06 1A 1E 00 00 00 C7 C5 
23-04-19 at 09:22:36:823 Recived 06 02 09 1A 00 1E 00 00 00 00 00 00 0D 
23-04-19 at 09:22:36:843 Send 06 
23-04-19 at 09:22:36:863 Send 05 
23-04-19 at 09:22:36:883 Recived 15 
23-04-19 at 09:22:36:883 Send 06 
23-04-19 at 09:22:36:903 Send 02 06 1A 1E 00 00 00 C7 C5 
23-04-19 at 09:22:36:923 Recived 06 02 09 1A 00 1E 00 00 00 00 00 00 0D 
23-04-19 at 09:22:36:943 Send 06 
23-04-19 at 09:22:36:963 Send 05 
23-04-19 at 09:22:36:983 Recived 15 
23-04-19 at 09:22:36:983 Send 06 
23-04-19 at 09:22:37:003 Send 02 06 1A 1E 00 00 00 C9 CB 
23-04-19 at 09:22:37:024 Recived 06 02 09 1A 00 1E 00 00 00 00 00 00 0D 
23-04-19 at 09:22:37:044 Send 06 
23-04-19 at 09:22:37:064 Send 05 
23-04-19 at 09:22:37:084 Recived 15 
23-04-19 at 09:22:37:084 Send 06 
23-04-19 at 09:22:37:104 Send 02 06 1A 1E 00 00 00 C9 CB 
23-04-19 at 09:22:37:124 Recived 06 02 09 1A 00 1E 00 00 00 00 00 00 0D 
23-04-19 at 09:22:37:144 Send 06 
23-04-19 at 09:22:37:164 Send 05 
23-04-19 at 09:22:37:184 Recived 15 
23-04-19 at 09:22:37:184 Send 06 
23-04-19 at 09:22:37:204 Send 02 06 1A 1E 00 00 00 CB C9 
23-04-19 at 09:22:37:224 Recived 06 02 09 1A 00 1E 00 00 00 00 00 00 0D 
23-04-19 at 09:22:37:244 Send 06 
23-04-19 at 09:22:37:264 Send 05 
23-04-19 at 09:22:37:284 Recived 15 
23-04-19 at 09:22:37:284 Send 06 
23-04-19 at 09:22:37:304 Send 02 06 1A 1E 00 00 00 CB C9 
23-04-19 at 09:22:37:324 Recived 06 02 09 1A 00 1E 00 00 00 00 00 00 0D 
23-04-19 at 09:22:37:344 Send 06 
23-04-19 at 09:22:37:364 Send 05 
23-04-19 at 09:22:37:384 Recived 15 
23-04-19 at 09:22:37:384 Send 06 
23-04-19 at 09:22:37:404 Send 02 06 1A 1E 00 00 00 CD CF 
23-04-19 at 09:22:37:424 Recived 06 02 09 1A 00 1E 00 00 00 00 00 00 0D 
23-04-19 at 09:22:37:444 Send 06 
23-04-19 at 09:22:37:464 Send 05 
23-04-19 at 09:22:37:484 Recived 15 
23-04-19 at 09:22:37:484 Send 06 
23-04-19 at 09:22:37:504 Send 02 06 1A 1E 00 00 00 CD CF 
23-04-19 at 09:22:37:524 Recived 06 02 09 1A 00 1E 00 00 00 00 00 00 0D 
23-04-19 at 09:22:37:544 Send 06 
23-04-19 at 09:22:37:564 Send 05 
23-04-19 at 09:22:37:584 Recived 15 
23-04-19 at 09:22:37:584 Send 06 
23-04-19 at 09:22:37:604 Send 02 06 1A 1E 00 00 00 CF CD 
23-04-19 at 09:22:37:624 Recived 06 02 09 1A 00 1E 00 00 00 00 00 00 0D 
23-04-19 at 09:22:37:644 Send 06 
23-04-19 at 09:22:37:664 Send 05 
23-04-19 at 09:22:37:684 Recived 15 
23-04-19 at 09:22:37:684 Send 06 
23-04-19 at 09:22:37:704 Send 02 06 1A 1E 00 00 00 CF CD 
23-04-19 at 09:22:37:724 Recived 06 02 09 1A 00 1E 00 00 00 00 00 00 0D 
23-04-19 at 09:22:37:744 Send 06 
23-04-19 at 09:22:37:764 Send 05 
23-04-19 at 09:22:37:784 Recived 15 
23-04-19 at 09:22:37:784 Send 06 
23-04-19 at 09:22:37:804 Send 02 07 1A 1E 00 00 00 54 10 47 
23-04-19 at 09:22:37:824 Recived 06 02 09 1A 00 1E 00 00 00 00 00 00 0D 
23-04-19 at 09:22:37:844 Send 06 
23-04-19 at 09:22:37:864 Send 05 
23-04-19 at 09:22:37:884 Recived 15 
23-04-19 at 09:22:37:884 Send 06 
23-04-19 at 09:22:37:904 Send 02 07 1A 1E 00 00 00 54 10 47 
23-04-19 at 09:22:37:924 Recived 06 02 09 1A 00 1E 00 00 00 00 00 00 0D 
23-04-19 at 09:22:37:944 Send 06 
23-04-19 at 09:22:37:964 Send 05 
23-04-19 at 09:22:37:984 Recived 15 
23-04-19 at 09:22:37:984 Send 06 
23-04-19 at 09:22:38:004 Send 02 07 1A 1E 00 00 00 56 10 45 
23-04-19 at 09:22:38:024 Recived 06 02 09 1A 00 1E 00 00 00 00 00 00 0D 
23-04-19 at 09:22:38:044 Send 06 
23-04-19 at 09:22:38:064 Send 05 
23-04-19 at 09:22:38:084 Recived 15 
23-04-19 at 09:22:38:084 Send 06 
23-04-19 at 09:22:38:104 Send 02 07 1A 1E 00 00 00 56 10 45 
23-04-19 at 09:22:38:124 Recived 06 02 09 1A 00 1E 00 00 00 00 00 00 0D 
23-04-19 at 09:22:38:144 Send 06 
23-04-19 at 09:22:38:533 Cardreader  Антонов Сергей 
23-04-19 at 09:22:38:546 Send 05 
23-04-19 at 09:22:38:568 Recived 15 
23-04-19 at 09:22:38:568 Send 06 
23-04-19 at 09:22:38:588 Send 02 1A 1E 1E 00 00 00 02 1E 00 02 C0 ED F2 EE ED EE E2 20 D1 E5 F0 E3 E5 E9 20 00 36 C9 
23-04-19 at 09:22:38:609 Recived 06 02 02 1E 00 1C 
23-04-19 at 09:22:38:629 Send 06 
23-04-19 at 09:22:38:635 now clear port error ...
23-04-19 at 09:22:38:635 now write to port ...
23-04-19 at 09:22:38:876 ... done
23-04-19 at 09:22:39:549 Send 05 
23-04-19 at 09:22:39:569 Recived 15 
23-04-19 at 09:22:39:569 Send 06 
23-04-19 at 09:22:39:589 Send 02 06 FF 39 1E 00 00 00 DE 
23-04-19 at 09:22:39:609 Recived 06 02 10 FF 39 00 00 00 00 00 00 00 00 00 00 00 00 00 00 D6 
23-04-19 at 09:22:39:629 Send 06 
23-04-19 at 09:22:43:137 114
23-04-19 at 09:22:43:137 014
23-04-19 at 09:22:43:137 114
23-04-19 at 09:22:43:138 014
23-04-19 at 09:22:43:138 114
23-04-19 at 09:22:43:138 014
23-04-19 at 09:22:43:140 114
23-04-19 at 09:22:43:140 014
23-04-19 at 09:22:43:140 114
23-04-19 at 09:22:43:141 014
23-04-19 at 09:22:43:141 114
23-04-19 at 09:22:43:141 014
23-04-19 at 09:22:43:142 114
23-04-19 at 09:22:43:142 014
23-04-19 at 09:22:43:142 114
23-04-19 at 09:22:43:143 014
23-04-19 at 09:22:43:143 114
23-04-19 at 09:22:43:143 014
23-04-19 at 09:22:43:144 114
23-04-19 at 09:22:43:144 014
23-04-19 at 09:22:43:144 114
23-04-19 at 09:22:43:145 014
23-04-19 at 09:22:43:145 114
23-04-19 at 09:22:43:145 014
23-04-19 at 09:22:43:146 114
23-04-19 at 09:22:43:146 014
23-04-19 at 09:22:43:146 114
23-04-19 at 09:22:43:146 014
23-04-19 at 09:22:43:147 114
23-04-19 at 09:22:43:147 014
23-04-19 at 09:22:47:170 Send 05 
23-04-19 at 09:22:47:190 Recived 15 
23-04-19 at 09:22:47:190 Send 06 
23-04-19 at 09:22:47:210 Send 02 06 1A 1E 00 00 00 C1 C3 
23-04-19 at 09:22:47:230 Recived 06 02 09 1A 00 1E 74 6C 01 00 00 00 14 
23-04-19 at 09:22:47:250 Send 06 
23-04-19 at 09:22:47:270 Send 05 
23-04-19 at 09:22:47:290 Recived 15 
23-04-19 at 09:22:47:290 Send 06 
23-04-19 at 09:22:47:310 Send 02 06 1A 1E 00 00 00 C1 C3 
23-04-19 at 09:22:47:330 Recived 06 02 09 1A 00 1E 74 6C 01 00 00 00 14 
23-04-19 at 09:22:47:350 Send 06 
23-04-19 at 09:22:47:370 Send 05 
23-04-19 at 09:22:47:390 Recived 15 
23-04-19 at 09:22:47:390 Send 06 
23-04-19 at 09:22:47:410 Send 02 06 1A 1E 00 00 00 C3 C1 
23-04-19 at 09:22:47:430 Recived 06 02 09 1A 00 1E 00 00 00 00 00 00 0D 
23-04-19 at 09:22:47:450 Send 06 
23-04-19 at 09:22:47:470 Send 05 
23-04-19 at 09:22:47:490 Recived 15 
23-04-19 at 09:22:47:490 Send 06 
23-04-19 at 09:22:47:510 Send 02 06 1A 1E 00 00 00 C3 C1 
23-04-19 at 09:22:47:530 Recived 06 02 09 1A 00 1E 00 00 00 00 00 00 0D 
23-04-19 at 09:22:47:550 Send 06 
23-04-19 at 09:22:47:570 Send 05 
23-04-19 at 09:22:47:590 Recived 15 
23-04-19 at 09:22:47:590 Send 06 
23-04-19 at 09:22:47:610 Send 02 06 1A 1E 00 00 00 C5 C7 
23-04-19 at 09:22:47:630 Recived 06 02 09 1A 00 1E 00 00 00 00 00 00 0D 
23-04-19 at 09:22:47:650 Send 06 
23-04-19 at 09:22:47:670 Send 05 
23-04-19 at 09:22:47:690 Recived 15 
23-04-19 at 09:22:47:690 Send 06 
23-04-19 at 09:22:47:710 Send 02 06 1A 1E 00 00 00 C5 C7 
23-04-19 at 09:22:47:730 Recived 06 02 09 1A 00 1E 00 00 00 00 00 00 0D 
23-04-19 at 09:22:47:750 Send 06 
23-04-19 at 09:22:47:770 Send 05 
23-04-19 at 09:22:47:790 Recived 15 
23-04-19 at 09:22:47:790 Send 06 
23-04-19 at 09:22:47:810 Send 02 06 1A 1E 00 00 00 C7 C5 
23-04-19 at 09:22:47:830 Recived 06 02 09 1A 00 1E 00 00 00 00 00 00 0D 
23-04-19 at 09:22:47:850 Send 06 
23-04-19 at 09:22:47:870 Send 05 
23-04-19 at 09:22:47:890 Recived 15 
23-04-19 at 09:22:47:890 Send 06 
23-04-19 at 09:22:47:910 Send 02 06 1A 1E 00 00 00 C7 C5 
23-04-19 at 09:22:47:930 Recived 06 02 09 1A 00 1E 00 00 00 00 00 00 0D 
23-04-19 at 09:22:47:950 Send 06 
23-04-19 at 09:22:47:970 Send 05 
23-04-19 at 09:22:47:990 Recived 15 
23-04-19 at 09:22:47:990 Send 06 
23-04-19 at 09:22:48:010 Send 02 06 1A 1E 00 00 00 C9 CB 
23-04-19 at 09:22:48:030 Recived 06 02 09 1A 00 1E 00 00 00 00 00 00 0D 
23-04-19 at 09:22:48:050 Send 06 
23-04-19 at 09:22:48:070 Send 05 
23-04-19 at 09:22:48:090 Recived 15 
23-04-19 at 09:22:48:090 Send 06 
23-04-19 at 09:22:48:110 Send 02 06 1A 1E 00 00 00 C9 CB 
23-04-19 at 09:22:48:130 Recived 06 02 09 1A 00 1E 00 00 00 00 00 00 0D 
23-04-19 at 09:22:48:150 Send 06 
23-04-19 at 09:22:48:170 Send 05 
23-04-19 at 09:22:48:190 Recived 15 
23-04-19 at 09:22:48:190 Send 06 
23-04-19 at 09:22:48:210 Send 02 06 1A 1E 00 00 00 CB C9 
23-04-19 at 09:22:48:230 Recived 06 02 09 1A 00 1E 00 00 00 00 00 00 0D 
23-04-19 at 09:22:48:250 Send 06 
23-04-19 at 09:22:48:270 Send 05 
23-04-19 at 09:22:48:290 Recived 15 
23-04-19 at 09:22:48:290 Send 06 
23-04-19 at 09:22:48:310 Send 02 06 1A 1E 00 00 00 CB C9 
23-04-19 at 09:22:48:330 Recived 06 02 09 1A 00 1E 00 00 00 00 00 00 0D 
23-04-19 at 09:22:48:350 Send 06 
23-04-19 at 09:22:48:370 Send 05 
23-04-19 at 09:22:48:390 Recived 15 
23-04-19 at 09:22:48:390 Send 06 
23-04-19 at 09:22:48:410 Send 02 06 1A 1E 00 00 00 CD CF 
23-04-19 at 09:22:48:430 Recived 06 02 09 1A 00 1E 00 00 00 00 00 00 0D 
23-04-19 at 09:22:48:450 Send 06 
23-04-19 at 09:22:48:470 Send 05 
23-04-19 at 09:22:48:490 Recived 15 
23-04-19 at 09:22:48:490 Send 06 
23-04-19 at 09:22:48:510 Send 02 06 1A 1E 00 00 00 CD CF 
23-04-19 at 09:22:48:530 Recived 06 02 09 1A 00 1E 00 00 00 00 00 00 0D 
23-04-19 at 09:22:48:550 Send 06 
23-04-19 at 09:22:48:570 Send 05 
23-04-19 at 09:22:48:590 Recived 15 
23-04-19 at 09:22:48:590 Send 06 
23-04-19 at 09:22:48:610 Send 02 06 1A 1E 00 00 00 CF CD 
23-04-19 at 09:22:48:630 Recived 06 02 09 1A 00 1E 00 00 00 00 00 00 0D 
23-04-19 at 09:22:48:650 Send 06 
23-04-19 at 09:22:48:670 Send 05 
23-04-19 at 09:22:48:690 Recived 15 
23-04-19 at 09:22:48:690 Send 06 
23-04-19 at 09:22:48:710 Send 02 06 1A 1E 00 00 00 CF CD 
23-04-19 at 09:22:48:730 Recived 06 02 09 1A 00 1E 00 00 00 00 00 00 0D 
23-04-19 at 09:22:48:750 Send 06 
23-04-19 at 09:22:48:770 Send 05 
23-04-19 at 09:22:48:790 Recived 15 
23-04-19 at 09:22:48:790 Send 06 
23-04-19 at 09:22:48:810 Send 02 07 1A 1E 00 00 00 54 10 47 
23-04-19 at 09:22:48:830 Recived 06 02 09 1A 00 1E 00 00 00 00 00 00 0D 
23-04-19 at 09:22:48:850 Send 06 
23-04-19 at 09:22:48:870 Send 05 
23-04-19 at 09:22:48:890 Recived 15 
23-04-19 at 09:22:48:890 Send 06 
23-04-19 at 09:22:48:910 Send 02 07 1A 1E 00 00 00 54 10 47 
23-04-19 at 09:22:48:930 Recived 06 02 09 1A 00 1E 00 00 00 00 00 00 0D 
23-04-19 at 09:22:48:950 Send 06 
23-04-19 at 09:22:48:970 Send 05 
23-04-19 at 09:22:48:990 Recived 15 
23-04-19 at 09:22:48:990 Send 06 
23-04-19 at 09:22:49:010 Send 02 07 1A 1E 00 00 00 56 10 45 
23-04-19 at 09:22:49:030 Recived 06 02 09 1A 00 1E 00 00 00 00 00 00 0D 
23-04-19 at 09:22:49:050 Send 06 
23-04-19 at 09:22:49:070 Send 05 
23-04-19 at 09:22:49:090 Recived 15 
23-04-19 at 09:22:49:090 Send 06 
23-04-19 at 09:22:49:110 Send 02 07 1A 1E 00 00 00 56 10 45 
23-04-19 at 09:22:49:130 Recived 06 02 09 1A 00 1E 00 00 00 00 00 00 0D 
23-04-19 at 09:22:49:150 Send 06 
23-04-19 at 09:22:49:975 Send 05 
23-04-19 at 09:22:49:995 Recived 15 
23-04-19 at 09:22:49:995 Send 06 
23-04-19 at 09:22:50:015 Send 02 2E 17 1E 00 00 00 03 20 20 CF EE E4 E0 F0 EE F7 ED FB E5 20 EA E0 F0 F2 FB 20 ED E5 20 EF F0 EE E4 E0 E2 E0 EB E8 F1 FC 00 00 00 00 00 00 00 39 
23-04-19 at 09:22:50:039 Recived 06 02 03 17 00 1E 0A 
23-04-19 at 09:22:50:059 Send 06 
23-04-19 at 09:22:50:079 Send 05 
23-04-19 at 09:22:50:099 Recived 15 
23-04-19 at 09:22:50:099 Send 06 
23-04-19 at 09:22:50:119 Send 02 2E 17 1E 00 00 00 03 2D 2D 2D 2D 2D 2D 2D 2D 2D 2D 2D 2D 2D 2D 2D 2D 2D 2D 2D 2D 2D 2D 2D 2D 2D 2D 2D 2D 2D 2D 2D 2D 2D 2D 2D 2D 2D 2D 2D 2D 24 
23-04-19 at 09:22:50:143 Recived 06 02 03 17 00 1E 0A 
23-04-19 at 09:22:50:163 Send 06 
23-04-19 at 09:22:50:203 Send 05 
23-04-19 at 09:22:50:223 Recived 15 
23-04-19 at 09:22:50:223 Send 06 
23-04-19 at 09:22:50:243 Send 02 06 1A 1E 00 00 00 C1 C3 
23-04-19 at 09:22:50:263 Recived 06 02 09 1A 00 1E 74 6C 01 00 00 00 14 
23-04-19 at 09:22:50:283 Send 06 
23-04-19 at 09:22:50:303 Send 05 
23-04-19 at 09:22:50:323 Recived 15 
23-04-19 at 09:22:50:323 Send 06 
23-04-19 at 09:22:50:343 Send 02 06 1A 1E 00 00 00 C1 C3 
23-04-19 at 09:22:50:363 Recived 06 02 09 1A 00 1E 74 6C 01 00 00 00 14 
23-04-19 at 09:22:50:383 Send 06 
23-04-19 at 09:22:50:403 Send 05 
23-04-19 at 09:22:50:423 Recived 15 
23-04-19 at 09:22:50:423 Send 06 
23-04-19 at 09:22:50:443 Send 02 06 1A 1E 00 00 00 C3 C1 
23-04-19 at 09:22:50:463 Recived 06 02 09 1A 00 1E 00 00 00 00 00 00 0D 
23-04-19 at 09:22:50:483 Send 06 
23-04-19 at 09:22:50:503 Send 05 
23-04-19 at 09:22:50:523 Recived 15 
23-04-19 at 09:22:50:523 Send 06 
23-04-19 at 09:22:50:543 Send 02 06 1A 1E 00 00 00 C3 C1 
23-04-19 at 09:22:50:563 Recived 06 02 09 1A 00 1E 00 00 00 00 00 00 0D 
23-04-19 at 09:22:50:583 Send 06 
23-04-19 at 09:22:50:603 Send 05 
23-04-19 at 09:22:50:623 Recived 15 
23-04-19 at 09:22:50:623 Send 06 
23-04-19 at 09:22:50:643 Send 02 06 1A 1E 00 00 00 C5 C7 
23-04-19 at 09:22:50:663 Recived 06 02 09 1A 00 1E 00 00 00 00 00 00 0D 
23-04-19 at 09:22:50:683 Send 06 
23-04-19 at 09:22:50:703 Send 05 
23-04-19 at 09:22:50:723 Recived 15 
23-04-19 at 09:22:50:723 Send 06 
23-04-19 at 09:22:50:743 Send 02 06 1A 1E 00 00 00 C5 C7 
23-04-19 at 09:22:50:763 Recived 06 02 09 1A 00 1E 00 00 00 00 00 00 0D 
23-04-19 at 09:22:50:783 Send 06 
23-04-19 at 09:22:50:803 Send 05 
23-04-19 at 09:22:50:823 Recived 15 
23-04-19 at 09:22:50:823 Send 06 
23-04-19 at 09:22:50:843 Send 02 06 1A 1E 00 00 00 C7 C5 
23-04-19 at 09:22:50:863 Recived 06 02 09 1A 00 1E 00 00 00 00 00 00 0D 
23-04-19 at 09:22:50:883 Send 06 
23-04-19 at 09:22:50:903 Send 05 
23-04-19 at 09:22:50:923 Recived 15 
23-04-19 at 09:22:50:923 Send 06 
23-04-19 at 09:22:50:943 Send 02 06 1A 1E 00 00 00 C7 C5 
23-04-19 at 09:22:50:963 Recived 06 02 09 1A 00 1E 00 00 00 00 00 00 0D 
23-04-19 at 09:22:50:983 Send 06 
23-04-19 at 09:22:51:003 Send 05 
23-04-19 at 09:22:51:023 Recived 15 
23-04-19 at 09:22:51:023 Send 06 
23-04-19 at 09:22:51:043 Send 02 06 1A 1E 00 00 00 C9 CB 
23-04-19 at 09:22:51:063 Recived 06 02 09 1A 00 1E 00 00 00 00 00 00 0D 
23-04-19 at 09:22:51:083 Send 06 
23-04-19 at 09:22:51:103 Send 05 
23-04-19 at 09:22:51:123 Recived 15 
23-04-19 at 09:22:51:123 Send 06 
23-04-19 at 09:22:51:143 Send 02 06 1A 1E 00 00 00 C9 CB 
23-04-19 at 09:22:51:163 Recived 06 02 09 1A 00 1E 00 00 00 00 00 00 0D 
23-04-19 at 09:22:51:183 Send 06 
23-04-19 at 09:22:51:203 Send 05 
23-04-19 at 09:22:51:223 Recived 15 
23-04-19 at 09:22:51:223 Send 06 
23-04-19 at 09:22:51:243 Send 02 06 1A 1E 00 00 00 CB C9 
23-04-19 at 09:22:51:263 Recived 06 02 09 1A 00 1E 00 00 00 00 00 00 0D 
23-04-19 at 09:22:51:283 Send 06 
23-04-19 at 09:22:51:303 Send 05 
23-04-19 at 09:22:51:323 Recived 15 
23-04-19 at 09:22:51:323 Send 06 
23-04-19 at 09:22:51:343 Send 02 06 1A 1E 00 00 00 CB C9 
23-04-19 at 09:22:51:363 Recived 06 02 09 1A 00 1E 00 00 00 00 00 00 0D 
23-04-19 at 09:22:51:383 Send 06 
23-04-19 at 09:22:51:403 Send 05 
23-04-19 at 09:22:51:423 Recived 15 
23-04-19 at 09:22:51:423 Send 06 
23-04-19 at 09:22:51:443 Send 02 06 1A 1E 00 00 00 CD CF 
23-04-19 at 09:22:51:463 Recived 06 02 09 1A 00 1E 00 00 00 00 00 00 0D 
23-04-19 at 09:22:51:483 Send 06 
23-04-19 at 09:22:51:503 Send 05 
23-04-19 at 09:22:51:523 Recived 15 
23-04-19 at 09:22:51:523 Send 06 
23-04-19 at 09:22:51:543 Send 02 06 1A 1E 00 00 00 CD CF 
23-04-19 at 09:22:51:563 Recived 06 02 09 1A 00 1E 00 00 00 00 00 00 0D 
23-04-19 at 09:22:51:583 Send 06 
23-04-19 at 09:22:51:603 Send 05 
23-04-19 at 09:22:51:623 Recived 15 
23-04-19 at 09:22:51:623 Send 06 
23-04-19 at 09:22:51:643 Send 02 06 1A 1E 00 00 00 CF CD 
23-04-19 at 09:22:51:663 Recived 06 02 09 1A 00 1E 00 00 00 00 00 00 0D 
23-04-19 at 09:22:51:683 Send 06 
23-04-19 at 09:22:51:703 Send 05 
23-04-19 at 09:22:51:723 Recived 15 
23-04-19 at 09:22:51:723 Send 06 
23-04-19 at 09:22:51:743 Send 02 06 1A 1E 00 00 00 CF CD 
23-04-19 at 09:22:51:763 Recived 06 02 09 1A 00 1E 00 00 00 00 00 00 0D 
23-04-19 at 09:22:51:783 Send 06 
23-04-19 at 09:22:51:803 Send 05 
23-04-19 at 09:22:51:823 Recived 15 
23-04-19 at 09:22:51:823 Send 06 
23-04-19 at 09:22:51:843 Send 02 07 1A 1E 00 00 00 54 10 47 
23-04-19 at 09:22:51:863 Recived 06 02 09 1A 00 1E 00 00 00 00 00 00 0D 
23-04-19 at 09:22:51:883 Send 06 
23-04-19 at 09:22:51:903 Send 05 
23-04-19 at 09:22:51:923 Recived 15 
23-04-19 at 09:22:51:923 Send 06 
23-04-19 at 09:22:51:943 Send 02 07 1A 1E 00 00 00 54 10 47 
23-04-19 at 09:22:51:963 Recived 06 02 09 1A 00 1E 00 00 00 00 00 00 0D 
23-04-19 at 09:22:51:983 Send 06 
23-04-19 at 09:22:52:003 Send 05 
23-04-19 at 09:22:52:023 Recived 15 
23-04-19 at 09:22:52:023 Send 06 
23-04-19 at 09:22:52:043 Send 02 07 1A 1E 00 00 00 56 10 45 
23-04-19 at 09:22:52:063 Recived 06 02 09 1A 00 1E 00 00 00 00 00 00 0D 
23-04-19 at 09:22:52:083 Send 06 
23-04-19 at 09:22:52:103 Send 05 
23-04-19 at 09:22:52:123 Recived 15 
23-04-19 at 09:22:52:123 Send 06 
23-04-19 at 09:22:52:143 Send 02 07 1A 1E 00 00 00 56 10 45 
23-04-19 at 09:22:52:163 Recived 06 02 09 1A 00 1E 00 00 00 00 00 00 0D 
23-04-19 at 09:22:52:183 Send 06 
23-04-19 at 09:22:52:203 Send 05 
23-04-19 at 09:22:52:223 Recived 15 
23-04-19 at 09:22:52:223 Send 06 
23-04-19 at 09:22:52:243 Send 02 2E 17 1E 00 00 00 03 CD E0 EB E8 F7 ED FB E5 3A 20 20 20 20 20 20 20 20 20 20 20 20 39 33 33 2E 30 30 00 00 00 00 00 00 00 00 00 00 00 00 00 23 
23-04-19 at 09:22:52:267 Recived 06 02 03 17 00 1E 0A 
23-04-19 at 09:22:52:287 Send 06 
23-04-19 at 09:22:52:307 Send 05 
23-04-19 at 09:22:52:327 Recived 15 
23-04-19 at 09:22:52:327 Send 06 
23-04-19 at 09:22:52:347 Send 02 2E 17 1E 00 00 00 03 C1 E0 ED EA EE E2 F1 EA E8 E5 20 EA E0 F0 F2 FB 3A 20 20 20 20 30 2E 30 30 00 00 00 00 00 00 00 00 00 00 00 00 00 00 00 EF 
23-04-19 at 09:22:52:371 Recived 06 02 03 17 00 1E 0A 
23-04-19 at 09:22:52:391 Send 06 
23-04-19 at 09:22:52:411 Send 05 
23-04-19 at 09:22:52:431 Recived 15 
23-04-19 at 09:22:52:431 Send 06 
23-04-19 at 09:22:52:451 Send 02 2E 17 1E 00 00 00 03 CF EE E4 E0 F0 EE F7 ED FB E5 20 EA E0 F0 F2 FB 3A 20 20 20 20 30 2E 30 30 00 00 00 00 00 00 00 00 00 00 00 00 00 00 00 EC 
23-04-19 at 09:22:52:475 Recived 06 02 03 17 00 1E 0A 
23-04-19 at 09:22:52:495 Send 06 
23-04-19 at 09:22:52:515 Send 05 
23-04-19 at 09:22:52:535 Recived 15 
23-04-19 at 09:22:52:535 Send 06 
23-04-19 at 09:22:52:555 Send 02 2E 17 1E 00 00 00 03 C2 EE E7 E2 F0 E0 F2 20 ED E0 EB E8 F7 ED FB E5 3A 20 20 20 20 30 2E 30 30 00 00 00 00 00 00 00 00 00 00 00 00 00 00 00 E1 
23-04-19 at 09:22:52:579 Recived 06 02 03 17 00 1E 0A 
23-04-19 at 09:22:52:599 Send 06 
23-04-19 at 09:22:52:619 Send 05 
23-04-19 at 09:22:52:639 Recived 15 
23-04-19 at 09:22:52:639 Send 06 
23-04-19 at 09:22:52:659 Send 02 2E 17 1E 00 00 00 03 C2 EE E7 E2 F0 E0 F2 20 C1 CA 3A 20 20 20 20 20 20 20 20 20 20 30 2E 30 30 00 00 00 00 00 00 00 00 00 00 00 00 00 00 00 E0 
23-04-19 at 09:22:52:683 Recived 06 02 03 17 00 1E 0A 
23-04-19 at 09:22:52:703 Send 06 
23-04-19 at 09:22:52:723 Send 05 
23-04-19 at 09:22:52:743 Recived 15 
23-04-19 at 09:22:52:743 Send 06 
23-04-19 at 09:22:52:763 Send 02 2E 17 1E 00 00 00 03 C2 EE E7 E2 F0 E0 F2 20 CF CA 3A 20 20 20 20 20 20 20 20 20 20 30 2E 30 30 00 00 00 00 00 00 00 00 00 00 00 00 00 00 00 EE 
23-04-19 at 09:22:52:787 Recived 06 02 03 17 00 1E 0A 
23-04-19 at 09:22:52:807 Send 06 
23-04-19 at 09:22:52:827 Send 05 
23-04-19 at 09:22:52:847 Recived 15 
23-04-19 at 09:22:52:847 Send 06 
23-04-19 at 09:22:52:867 Send 02 2E 17 1E 00 00 00 03 C8 D2 CE C3 3A 20 20 20 20 20 20 20 20 20 20 20 20 20 20 20 20 39 33 33 2E 30 30 00 00 00 00 00 00 00 00 00 00 00 00 00 1E 
23-04-19 at 09:22:52:891 Recived 06 02 03 17 00 1E 0A 
23-04-19 at 09:22:52:911 Send 06 
23-04-19 at 09:22:52:931 Send 05 
23-04-19 at 09:22:52:951 Recived 15 
23-04-19 at 09:22:52:951 Send 06 
23-04-19 at 09:22:52:971 Send 02 2E 17 1E 00 00 00 03 2D 2D 2D 2D 2D 2D 2D 2D 2D 2D 2D 2D 2D 2D 2D 2D 2D 2D 2D 2D 2D 2D 2D 2D 2D 2D 2D 2D 2D 2D 2D 2D 2D 2D 2D 2D 2D 2D 2D 2D 24 
23-04-19 at 09:22:52:995 Recived 06 02 03 17 00 1E 0A 
23-04-19 at 09:22:53:015 Send 06 
23-04-19 at 09:22:53:035 Send 05 
23-04-19 at 09:22:53:055 Recived 15 
23-04-19 at 09:22:53:055 Send 06 
23-04-19 at 09:22:53:075 Send 02 05 41 1E 00 00 00 5A 
23-04-19 at 09:22:53:095 Recived 06 
23-04-19 at 09:22:53:435 Recived 02 03 41 00 1E 5C 
23-04-19 at 09:22:53:455 Send 06 
23-04-19 at 09:22:53:459 111
23-04-19 at 09:22:58:598 Send 05 
23-04-19 at 09:22:58:618 Recived 15 
23-04-19 at 09:22:58:618 Send 06 
23-04-19 at 09:22:58:638 Send 02 08 21 1E 00 00 00 09 16 3A 12 
23-04-19 at 09:22:58:658 Recived 06 02 02 21 00 23 
23-04-19 at 09:22:58:678 Send 06 
23-04-19 at 09:22:58:698 Send 05 
23-04-19 at 09:22:58:718 Recived 15 
23-04-19 at 09:22:58:718 Send 06 
23-04-19 at 09:22:58:738 Send 02 0C 1E 1E 00 00 00 06 01 00 01 D0 07 00 DD 
23-04-19 at 09:22:58:758 Recived 06 02 02 1E 00 1C 
23-04-19 at 09:22:58:778 Send 06 
23-04-19 at 09:22:58:798 Send 05 
23-04-19 at 09:22:58:818 Recived 15 
23-04-19 at 09:22:58:818 Send 06 
23-04-19 at 09:22:58:838 Send 02 11 1E 1E 00 00 00 06 01 00 02 CD C4 D1 20 32 30 25 00 CB 
23-04-19 at 09:22:58:859 Recived 06 02 02 1E 00 1C 
23-04-19 at 09:22:58:879 Send 06 
23-04-19 at 09:22:58:899 Send 05 
23-04-19 at 09:22:58:919 Recived 15 
23-04-19 at 09:22:58:919 Send 06 
23-04-19 at 09:22:58:939 Send 02 0C 1E 1E 00 00 00 06 05 00 01 D0 07 00 D9 
23-04-19 at 09:22:58:959 Recived 06 02 02 1E 00 1C 
23-04-19 at 09:22:58:979 Send 06 
23-04-19 at 09:22:58:999 Send 05 
23-04-19 at 09:22:59:019 Recived 15 
23-04-19 at 09:22:59:019 Send 06 
23-04-19 at 09:22:59:039 Send 02 14 1E 1E 00 00 00 06 05 00 02 CD C4 D1 20 32 30 2F 31 32 30 00 F3 
23-04-19 at 09:22:59:060 Recived 06 02 02 1E 00 1C 
23-04-19 at 09:22:59:080 Send 06 
23-04-19 at 09:22:59:085 Вход в GetStatus
23-04-19 at 09:22:59:100 Send 05 
23-04-19 at 09:22:59:120 Recived 15 
23-04-19 at 09:22:59:120 Send 06 
23-04-19 at 09:22:59:140 Send 02 05 11 1E 00 00 00 0A 
23-04-19 at 09:22:59:160 Recived 06 02 30 11 00 1E 43 31 A5 EB 18 0A 12 01 23 00 92 02 04 00 00 4E 41 00 00 01 01 10 17 04 13 09 16 3A 00 2E 5D 00 00 52 00 00 00 00 00 D2 E9 1E 42 01 00 C8 
23-04-19 at 09:22:59:180 Send 06 
23-04-19 at 09:22:59:185 KKMStatus 0000
23-04-19 at 09:22:59:200 Send 05 
23-04-19 at 09:22:59:220 Recived 15 
23-04-19 at 09:22:59:220 Send 06 
23-04-19 at 09:22:59:240 Send 02 05 E0 1E 00 00 00 FB 
23-04-19 at 09:22:59:260 Recived 06 
23-04-19 at 09:23:00:460 Recived 02 03 E0 00 1E FD 
23-04-19 at 09:23:00:480 Send 06 
23-04-19 at 09:23:01:668 114
23-04-19 at 09:23:01:668 014
23-04-19 at 09:23:01:668 114
23-04-19 at 09:23:01:669 014
23-04-19 at 09:23:01:669 total calculated
23-04-19 at 09:23:01:669 now show on display
23-04-19 at 09:23:01:669                     Всего:          0.00
23-04-19 at 09:23:01:670 now clear port error ...
23-04-19 at 09:23:01:670 now write to port ...
23-04-19 at 09:23:01:911 ... done
23-04-19 at 09:23:01:912 114
23-04-19 at 09:23:01:912 014
23-04-19 at 09:23:01:912 114
23-04-19 at 09:23:01:912 014
23-04-19 at 09:23:01:913 114
23-04-19 at 09:23:01:913 014
23-04-19 at 09:23:01:913 114
23-04-19 at 09:23:01:913 014
23-04-19 at 09:23:01:914 114
23-04-19 at 09:23:01:914 014
23-04-19 at 09:23:01:914 114
23-04-19 at 09:23:01:915 014
23-04-19 at 09:23:01:915 114
23-04-19 at 09:23:01:915 014
23-04-19 at 09:23:01:915 114
23-04-19 at 09:23:01:916 014
23-04-19 at 09:23:01:916 114
23-04-19 at 09:23:01:916 014
23-04-19 at 09:23:01:916 114
23-04-19 at 09:23:01:917 014
23-04-19 at 09:23:01:917 114
23-04-19 at 09:23:01:917 014
23-04-19 at 09:23:01:917 114
23-04-19 at 09:23:01:918 014
23-04-19 at 09:23:01:918 114
23-04-19 at 09:23:01:918 014
23-04-19 at 09:23:01:918 114
23-04-19 at 09:23:01:919 014
23-04-19 at 09:23:01:948 Попытка очистки таблицы
23-04-19 at 09:23:01:949 Попытка очистки успешна
23-04-19 at 09:23:01:949 Попытка очистки таблицы
23-04-19 at 09:23:01:949 Попытка очистки успешна
23-04-19 at 09:23:01:955 total calculated
23-04-19 at 09:23:01:955 now show on display
23-04-19 at 09:23:01:956                     Всего:          0.00
23-04-19 at 09:23:01:956 now clear port error ...
23-04-19 at 09:23:01:956 now write to port ...
23-04-19 at 09:23:02:222 ... done
23-04-19 at 09:23:09:823 114
23-04-19 at 09:23:09:823 014
23-04-19 at 09:23:09:824 114
23-04-19 at 09:23:09:824 014
23-04-19 at 09:23:09:825 total calculated
23-04-19 at 09:23:09:825 now show on display
23-04-19 at 09:23:09:825                     Всего:          0.00
23-04-19 at 09:23:09:826 now clear port error ...
23-04-19 at 09:23:09:826 now write to port ...
23-04-19 at 09:23:10:067 ... done
23-04-19 at 09:23:10:068 114
23-04-19 at 09:23:10:068 014
23-04-19 at 09:23:10:069 114
23-04-19 at 09:23:10:069 014
23-04-19 at 09:23:10:069 114
23-04-19 at 09:23:10:070 014
23-04-19 at 09:23:10:070 114
23-04-19 at 09:23:10:071 014
23-04-19 at 09:23:10:071 114
23-04-19 at 09:23:10:071 014
23-04-19 at 09:23:10:072 114
23-04-19 at 09:23:10:072 014
23-04-19 at 09:23:10:073 114
23-04-19 at 09:23:10:073 014
23-04-19 at 09:23:10:073 114
23-04-19 at 09:23:10:074 014
23-04-19 at 09:23:10:074 114
23-04-19 at 09:23:10:075 014
23-04-19 at 09:23:10:075 114
23-04-19 at 09:23:10:075 014
23-04-19 at 09:23:10:076 114
23-04-19 at 09:23:10:076 014
23-04-19 at 09:23:10:077 114
23-04-19 at 09:23:10:077 014
23-04-19 at 09:23:10:077 114
23-04-19 at 09:23:10:078 014
23-04-19 at 09:23:10:078 114
23-04-19 at 09:23:10:078 014
23-04-19 at 09:23:10:415 total calculated
23-04-19 at 09:23:10:416 now show on display
23-04-19 at 09:23:10:417                     Всего:          0.00
23-04-19 at 09:23:10:417 now clear port error ...
23-04-19 at 09:23:10:417 now write to port ...
23-04-19 at 09:23:10:658 ... done
23-04-19 at 09:23:19:271 114
23-04-19 at 09:23:19:271 014
23-04-19 at 09:23:19:439 114
23-04-19 at 09:23:19:439 014
23-04-19 at 09:23:19:615 114
23-04-19 at 09:23:19:615 014
23-04-19 at 09:23:20:639 114
23-04-19 at 09:23:20:639 014
23-04-19 at 09:24:50:452 Send 05 
23-04-19 at 09:24:50:472 Recived 15 
23-04-19 at 09:24:50:472 Send 06 
23-04-19 at 09:24:50:492 Send 02 06 FF 39 1E 00 00 00 DE 
23-04-19 at 09:24:50:512 Recived 06 02 10 FF 39 00 00 00 00 00 00 00 00 00 00 00 00 00 00 D6 
23-04-19 at 09:24:50:532 Send 06 
23-04-19 at 09:26:51:684 Send 05 
23-04-19 at 09:26:51:704 Recived 15 
23-04-19 at 09:26:51:704 Send 06 
23-04-19 at 09:26:51:724 Send 02 06 FF 39 1E 00 00 00 DE 
23-04-19 at 09:26:51:744 Recived 06 02 10 FF 39 00 00 00 00 00 00 00 00 00 00 00 00 00 00 D6 
23-04-19 at 09:26:51:764 Send 06 
23-04-19 at 09:28:52:919 Send 05 
23-04-19 at 09:28:52:939 Recived 15 
23-04-19 at 09:28:52:939 Send 06 
23-04-19 at 09:28:52:959 Send 02 06 FF 39 1E 00 00 00 DE 
23-04-19 at 09:28:52:979 Recived 06 02 10 FF 39 00 00 00 00 00 00 00 00 00 00 00 00 00 00 D6 
23-04-19 at 09:28:52:999 Send 06 
23-04-19 at 09:30:54:151 Send 05 
23-04-19 at 09:30:54:171 Recived 15 
23-04-19 at 09:30:54:171 Send 06 
23-04-19 at 09:30:54:191 Send 02 06 FF 39 1E 00 00 00 DE 
23-04-19 at 09:30:54:211 Recived 06 02 10 FF 39 00 00 00 00 00 00 00 00 00 00 00 00 00 00 D6 
23-04-19 at 09:30:54:231 Send 06 
23-04-19 at 09:32:55:387 Send 05 
23-04-19 at 09:32:55:407 Recived 15 
23-04-19 at 09:32:55:407 Send 06 
23-04-19 at 09:32:55:427 Send 02 06 FF 39 1E 00 00 00 DE 
23-04-19 at 09:32:55:447 Recived 06 02 10 FF 39 00 00 00 00 00 00 00 00 00 00 00 00 00 00 D6 
23-04-19 at 09:32:55:467 Send 06 
23-04-19 at 09:34:56:619 Send 05 
23-04-19 at 09:34:56:639 Recived 15 
23-04-19 at 09:34:56:639 Send 06 
23-04-19 at 09:34:56:659 Send 02 06 FF 39 1E 00 00 00 DE 
23-04-19 at 09:34:56:679 Recived 06 02 10 FF 39 00 00 00 00 00 00 00 00 00 00 00 00 00 00 D6 
23-04-19 at 09:34:56:699 Send 06 
23-04-19 at 09:36:57:852 Send 05 
23-04-19 at 09:36:57:872 Recived 15 
23-04-19 at 09:36:57:872 Send 06 
23-04-19 at 09:36:57:892 Send 02 06 FF 39 1E 00 00 00 DE 
23-04-19 at 09:36:57:912 Recived 06 02 10 FF 39 00 00 00 00 00 00 00 00 00 00 00 00 00 00 D6 
23-04-19 at 09:36:57:932 Send 06 
23-04-19 at 09:38:59:069 Send 05 
23-04-19 at 09:38:59:089 Recived 15 
23-04-19 at 09:38:59:089 Send 06 
23-04-19 at 09:38:59:109 Send 02 06 FF 39 1E 00 00 00 DE 
23-04-19 at 09:38:59:129 Recived 06 02 10 FF 39 00 00 00 00 00 00 00 00 00 00 00 00 00 00 D6 
23-04-19 at 09:38:59:149 Send 06 
23-04-19 at 09:41:00:301 Send 05 
23-04-19 at 09:41:00:321 Recived 15 
23-04-19 at 09:41:00:321 Send 06 
23-04-19 at 09:41:00:341 Send 02 06 FF 39 1E 00 00 00 DE 
23-04-19 at 09:41:00:361 Recived 06 02 10 FF 39 00 00 00 00 00 00 00 00 00 00 00 00 00 00 D6 
23-04-19 at 09:41:00:381 Send 06 
23-04-19 at 09:43:01:525 Send 05 
23-04-19 at 09:43:01:545 Recived 15 
23-04-19 at 09:43:01:545 Send 06 
23-04-19 at 09:43:01:565 Send 02 06 FF 39 1E 00 00 00 DE 
23-04-19 at 09:43:01:585 Recived 06 02 10 FF 39 00 00 00 00 00 00 00 00 00 00 00 00 00 00 D6 
23-04-19 at 09:43:01:605 Send 06 
23-04-19 at 09:45:02:745 Send 05 
23-04-19 at 09:45:02:765 Recived 15 
23-04-19 at 09:45:02:765 Send 06 
23-04-19 at 09:45:02:785 Send 02 06 FF 39 1E 00 00 00 DE 
23-04-19 at 09:45:02:805 Recived 06 02 10 FF 39 00 00 00 00 00 00 00 00 00 00 00 00 00 00 D6 
23-04-19 at 09:45:02:825 Send 06 
23-04-19 at 09:47:03:977 Send 05 
23-04-19 at 09:47:03:997 Recived 15 
23-04-19 at 09:47:03:997 Send 06 
23-04-19 at 09:47:04:017 Send 02 06 FF 39 1E 00 00 00 DE 
23-04-19 at 09:47:04:037 Recived 06 02 10 FF 39 00 00 00 00 00 00 00 00 00 00 00 00 00 00 D6 
23-04-19 at 09:47:04:057 Send 06 
23-04-19 at 09:47:58:567 Попытка очистки таблицы
23-04-19 at 09:47:58:568 Попытка очистки успешна
23-04-19 at 09:47:58:568 Попытка очистки таблицы
23-04-19 at 09:47:58:568 Попытка очистки успешна
23-04-19 at 09:48:01:279 Попытка очистки таблицы
23-04-19 at 09:48:01:279 Попытка очистки успешна
23-04-19 at 09:48:01:280 Попытка очистки таблицы
23-04-19 at 09:48:01:281 Попытка очистки успешна
23-04-19 at 09:48:29:320 114
23-04-19 at 09:48:29:321 014
23-04-19 at 09:48:34:006 total calculated
23-04-19 at 09:48:34:007 now show on display
23-04-19 at 09:48:34:007                     Всего:          0.00
23-04-19 at 09:48:34:007 now clear port error ...
23-04-19 at 09:48:34:008 now write to port ...
23-04-19 at 09:48:34:249 ... done
23-04-19 at 09:48:34:249 total calculated
23-04-19 at 09:48:34:249 now show on display
23-04-19 at 09:48:34:250                     Всего:          0.00
23-04-19 at 09:48:34:250 now clear port error ...
23-04-19 at 09:48:34:250 now write to port ...
23-04-19 at 09:48:34:559 ... done
23-04-19 at 09:48:34:561 Удаление критической сессии
23-04-19 at 09:48:34:562 Выход из программы
